creating tables...
100000 of 30000000 tuples (0%) done (elapsed 0.06 s, remaining 17.61 s)
200000 of 30000000 tuples (0%) done (elapsed 0.12 s, remaining 18.14 s)
300000 of 30000000 tuples (1%) done (elapsed 0.18 s, remaining 18.22 s)
400000 of 30000000 tuples (1%) done (elapsed 0.24 s, remaining 17.85 s)
500000 of 30000000 tuples (1%) done (elapsed 0.30 s, remaining 17.90 s)
600000 of 30000000 tuples (2%) done (elapsed 0.37 s, remaining 17.92 s)
700000 of 30000000 tuples (2%) done (elapsed 0.42 s, remaining 17.68 s)
800000 of 30000000 tuples (2%) done (elapsed 0.48 s, remaining 17.69 s)
900000 of 30000000 tuples (3%) done (elapsed 0.55 s, remaining 17.68 s)
1000000 of 30000000 tuples (3%) done (elapsed 0.61 s, remaining 17.62 s)
1100000 of 30000000 tuples (3%) done (elapsed 0.67 s, remaining 17.64 s)
1200000 of 30000000 tuples (4%) done (elapsed 0.73 s, remaining 17.53 s)
1300000 of 30000000 tuples (4%) done (elapsed 0.79 s, remaining 17.54 s)
1400000 of 30000000 tuples (4%) done (elapsed 0.85 s, remaining 17.43 s)
1500000 of 30000000 tuples (5%) done (elapsed 0.92 s, remaining 17.42 s)
1600000 of 30000000 tuples (5%) done (elapsed 0.98 s, remaining 17.41 s)
1700000 of 30000000 tuples (5%) done (elapsed 1.04 s, remaining 17.31 s)
1800000 of 30000000 tuples (6%) done (elapsed 1.10 s, remaining 17.29 s)
1900000 of 30000000 tuples (6%) done (elapsed 1.17 s, remaining 17.26 s)
2000000 of 30000000 tuples (6%) done (elapsed 1.23 s, remaining 17.17 s)
2100000 of 30000000 tuples (7%) done (elapsed 1.29 s, remaining 17.14 s)
2200000 of 30000000 tuples (7%) done (elapsed 1.35 s, remaining 17.10 s)
2300000 of 30000000 tuples (7%) done (elapsed 1.41 s, remaining 17.01 s)
2400000 of 30000000 tuples (8%) done (elapsed 1.48 s, remaining 16.97 s)
2500000 of 30000000 tuples (8%) done (elapsed 1.54 s, remaining 16.94 s)
2600000 of 30000000 tuples (8%) done (elapsed 1.60 s, remaining 16.85 s)
2700000 of 30000000 tuples (9%) done (elapsed 1.66 s, remaining 16.81 s)
2800000 of 30000000 tuples (9%) done (elapsed 1.72 s, remaining 16.72 s)
2900000 of 30000000 tuples (9%) done (elapsed 1.78 s, remaining 16.67 s)
3000000 of 30000000 tuples (10%) done (elapsed 1.85 s, remaining 16.63 s)
3100000 of 30000000 tuples (10%) done (elapsed 1.91 s, remaining 16.54 s)
3200000 of 30000000 tuples (10%) done (elapsed 1.97 s, remaining 16.49 s)
3300000 of 30000000 tuples (11%) done (elapsed 2.03 s, remaining 16.44 s)
3400000 of 30000000 tuples (11%) done (elapsed 2.09 s, remaining 16.36 s)
3500000 of 30000000 tuples (11%) done (elapsed 2.15 s, remaining 16.31 s)
3600000 of 30000000 tuples (12%) done (elapsed 2.21 s, remaining 16.23 s)
3700000 of 30000000 tuples (12%) done (elapsed 2.28 s, remaining 16.18 s)
3800000 of 30000000 tuples (12%) done (elapsed 2.34 s, remaining 16.12 s)
3900000 of 30000000 tuples (13%) done (elapsed 2.40 s, remaining 16.04 s)
4000000 of 30000000 tuples (13%) done (elapsed 2.46 s, remaining 15.99 s)
4100000 of 30000000 tuples (13%) done (elapsed 2.52 s, remaining 15.91 s)
4200000 of 30000000 tuples (14%) done (elapsed 2.58 s, remaining 15.85 s)
4300000 of 30000000 tuples (14%) done (elapsed 2.64 s, remaining 15.80 s)
4400000 of 30000000 tuples (14%) done (elapsed 2.70 s, remaining 15.72 s)
4500000 of 30000000 tuples (15%) done (elapsed 2.76 s, remaining 15.67 s)
4600000 of 30000000 tuples (15%) done (elapsed 2.82 s, remaining 15.59 s)
4700000 of 30000000 tuples (15%) done (elapsed 2.89 s, remaining 15.53 s)
4800000 of 30000000 tuples (16%) done (elapsed 2.94 s, remaining 15.45 s)
4900000 of 30000000 tuples (16%) done (elapsed 3.01 s, remaining 15.40 s)
5000000 of 30000000 tuples (16%) done (elapsed 3.07 s, remaining 15.35 s)
5100000 of 30000000 tuples (17%) done (elapsed 3.13 s, remaining 15.27 s)
5200000 of 30000000 tuples (17%) done (elapsed 3.19 s, remaining 15.22 s)
5300000 of 30000000 tuples (17%) done (elapsed 3.25 s, remaining 15.14 s)
5400000 of 30000000 tuples (18%) done (elapsed 3.31 s, remaining 15.09 s)
5500000 of 30000000 tuples (18%) done (elapsed 3.38 s, remaining 15.04 s)
5600000 of 30000000 tuples (18%) done (elapsed 3.43 s, remaining 14.96 s)
5700000 of 30000000 tuples (19%) done (elapsed 3.50 s, remaining 14.91 s)
5800000 of 30000000 tuples (19%) done (elapsed 3.55 s, remaining 14.83 s)
5900000 of 30000000 tuples (19%) done (elapsed 3.62 s, remaining 14.78 s)
6000000 of 30000000 tuples (20%) done (elapsed 3.68 s, remaining 14.72 s)
6100000 of 30000000 tuples (20%) done (elapsed 3.74 s, remaining 14.65 s)
6200000 of 30000000 tuples (20%) done (elapsed 3.80 s, remaining 14.60 s)
6300000 of 30000000 tuples (21%) done (elapsed 3.87 s, remaining 14.54 s)
6400000 of 30000000 tuples (21%) done (elapsed 3.92 s, remaining 14.47 s)
6500000 of 30000000 tuples (21%) done (elapsed 3.99 s, remaining 14.41 s)
6600000 of 30000000 tuples (22%) done (elapsed 4.04 s, remaining 14.34 s)
6700000 of 30000000 tuples (22%) done (elapsed 4.11 s, remaining 14.28 s)
6800000 of 30000000 tuples (22%) done (elapsed 4.17 s, remaining 14.21 s)
6900000 of 30000000 tuples (23%) done (elapsed 4.23 s, remaining 14.15 s)
7000000 of 30000000 tuples (23%) done (elapsed 4.29 s, remaining 14.10 s)
7100000 of 30000000 tuples (23%) done (elapsed 4.35 s, remaining 14.03 s)
7200000 of 30000000 tuples (24%) done (elapsed 4.41 s, remaining 13.98 s)
7300000 of 30000000 tuples (24%) done (elapsed 4.47 s, remaining 13.90 s)
7400000 of 30000000 tuples (24%) done (elapsed 4.53 s, remaining 13.85 s)
7500000 of 30000000 tuples (25%) done (elapsed 4.60 s, remaining 13.79 s)
7600000 of 30000000 tuples (25%) done (elapsed 4.66 s, remaining 13.72 s)
7700000 of 30000000 tuples (25%) done (elapsed 4.72 s, remaining 13.66 s)
7800000 of 30000000 tuples (26%) done (elapsed 4.78 s, remaining 13.59 s)
7900000 of 30000000 tuples (26%) done (elapsed 4.84 s, remaining 13.54 s)
8000000 of 30000000 tuples (26%) done (elapsed 4.90 s, remaining 13.48 s)
8100000 of 30000000 tuples (27%) done (elapsed 4.96 s, remaining 13.41 s)
8200000 of 30000000 tuples (27%) done (elapsed 5.02 s, remaining 13.36 s)
8300000 of 30000000 tuples (27%) done (elapsed 5.08 s, remaining 13.29 s)
8400000 of 30000000 tuples (28%) done (elapsed 5.15 s, remaining 13.23 s)
8500000 of 30000000 tuples (28%) done (elapsed 5.21 s, remaining 13.17 s)
8600000 of 30000000 tuples (28%) done (elapsed 5.27 s, remaining 13.10 s)
8700000 of 30000000 tuples (29%) done (elapsed 5.33 s, remaining 13.05 s)
8800000 of 30000000 tuples (29%) done (elapsed 5.39 s, remaining 12.98 s)
8900000 of 30000000 tuples (29%) done (elapsed 5.45 s, remaining 12.92 s)
9000000 of 30000000 tuples (30%) done (elapsed 5.51 s, remaining 12.86 s)
9100000 of 30000000 tuples (30%) done (elapsed 5.57 s, remaining 12.80 s)
9200000 of 30000000 tuples (30%) done (elapsed 5.64 s, remaining 12.74 s)
9300000 of 30000000 tuples (31%) done (elapsed 5.69 s, remaining 12.67 s)
9400000 of 30000000 tuples (31%) done (elapsed 5.76 s, remaining 12.62 s)
9500000 of 30000000 tuples (31%) done (elapsed 5.82 s, remaining 12.56 s)
9600000 of 30000000 tuples (32%) done (elapsed 5.88 s, remaining 12.49 s)
9700000 of 30000000 tuples (32%) done (elapsed 5.94 s, remaining 12.43 s)
9800000 of 30000000 tuples (32%) done (elapsed 6.00 s, remaining 12.37 s)
9900000 of 30000000 tuples (33%) done (elapsed 6.06 s, remaining 12.31 s)
10000000 of 30000000 tuples (33%) done (elapsed 6.12 s, remaining 12.25 s)
10100000 of 30000000 tuples (33%) done (elapsed 6.18 s, remaining 12.18 s)
10200000 of 30000000 tuples (34%) done (elapsed 6.25 s, remaining 12.13 s)
10300000 of 30000000 tuples (34%) done (elapsed 6.31 s, remaining 12.07 s)
10400000 of 30000000 tuples (34%) done (elapsed 6.37 s, remaining 12.00 s)
10500000 of 30000000 tuples (35%) done (elapsed 6.43 s, remaining 11.95 s)
10600000 of 30000000 tuples (35%) done (elapsed 6.49 s, remaining 11.88 s)
10700000 of 30000000 tuples (35%) done (elapsed 6.56 s, remaining 11.83 s)
10800000 of 30000000 tuples (36%) done (elapsed 6.62 s, remaining 11.76 s)
10900000 of 30000000 tuples (36%) done (elapsed 6.68 s, remaining 11.70 s)
11000000 of 30000000 tuples (36%) done (elapsed 6.74 s, remaining 11.65 s)
11100000 of 30000000 tuples (37%) done (elapsed 6.80 s, remaining 11.59 s)
11200000 of 30000000 tuples (37%) done (elapsed 6.86 s, remaining 11.52 s)
11300000 of 30000000 tuples (37%) done (elapsed 6.93 s, remaining 11.46 s)
11400000 of 30000000 tuples (38%) done (elapsed 6.99 s, remaining 11.41 s)
11500000 of 30000000 tuples (38%) done (elapsed 7.05 s, remaining 11.34 s)
11600000 of 30000000 tuples (38%) done (elapsed 7.11 s, remaining 11.28 s)
11700000 of 30000000 tuples (39%) done (elapsed 7.17 s, remaining 11.22 s)
11800000 of 30000000 tuples (39%) done (elapsed 7.24 s, remaining 11.16 s)
11900000 of 30000000 tuples (39%) done (elapsed 7.30 s, remaining 11.10 s)
12000000 of 30000000 tuples (40%) done (elapsed 7.36 s, remaining 11.04 s)
12100000 of 30000000 tuples (40%) done (elapsed 7.42 s, remaining 10.98 s)
12200000 of 30000000 tuples (40%) done (elapsed 7.48 s, remaining 10.92 s)
12300000 of 30000000 tuples (41%) done (elapsed 7.55 s, remaining 10.86 s)
12400000 of 30000000 tuples (41%) done (elapsed 7.61 s, remaining 10.80 s)
12500000 of 30000000 tuples (41%) done (elapsed 7.67 s, remaining 10.73 s)
12600000 of 30000000 tuples (42%) done (elapsed 7.73 s, remaining 10.68 s)
12700000 of 30000000 tuples (42%) done (elapsed 7.79 s, remaining 10.61 s)
12800000 of 30000000 tuples (42%) done (elapsed 7.85 s, remaining 10.55 s)
12900000 of 30000000 tuples (43%) done (elapsed 7.92 s, remaining 10.49 s)
13000000 of 30000000 tuples (43%) done (elapsed 7.98 s, remaining 10.43 s)
13100000 of 30000000 tuples (43%) done (elapsed 8.04 s, remaining 10.37 s)
13200000 of 30000000 tuples (44%) done (elapsed 8.10 s, remaining 10.31 s)
13300000 of 30000000 tuples (44%) done (elapsed 8.16 s, remaining 10.25 s)
13400000 of 30000000 tuples (44%) done (elapsed 8.23 s, remaining 10.19 s)
13500000 of 30000000 tuples (45%) done (elapsed 8.29 s, remaining 10.13 s)
13600000 of 30000000 tuples (45%) done (elapsed 8.35 s, remaining 10.06 s)
13700000 of 30000000 tuples (45%) done (elapsed 8.41 s, remaining 10.01 s)
13800000 of 30000000 tuples (46%) done (elapsed 8.47 s, remaining 9.94 s)
13900000 of 30000000 tuples (46%) done (elapsed 8.53 s, remaining 9.88 s)
14000000 of 30000000 tuples (46%) done (elapsed 8.60 s, remaining 9.82 s)
14100000 of 30000000 tuples (47%) done (elapsed 8.66 s, remaining 9.76 s)
14200000 of 30000000 tuples (47%) done (elapsed 8.72 s, remaining 9.70 s)
14300000 of 30000000 tuples (47%) done (elapsed 8.78 s, remaining 9.64 s)
14400000 of 30000000 tuples (48%) done (elapsed 8.84 s, remaining 9.58 s)
14500000 of 30000000 tuples (48%) done (elapsed 8.90 s, remaining 9.52 s)
14600000 of 30000000 tuples (48%) done (elapsed 8.96 s, remaining 9.46 s)
14700000 of 30000000 tuples (49%) done (elapsed 9.03 s, remaining 9.40 s)
14800000 of 30000000 tuples (49%) done (elapsed 9.09 s, remaining 9.33 s)
14900000 of 30000000 tuples (49%) done (elapsed 9.15 s, remaining 9.27 s)
15000000 of 30000000 tuples (50%) done (elapsed 9.21 s, remaining 9.21 s)
15100000 of 30000000 tuples (50%) done (elapsed 9.27 s, remaining 9.15 s)
15200000 of 30000000 tuples (50%) done (elapsed 9.43 s, remaining 9.19 s)
15300000 of 30000000 tuples (51%) done (elapsed 9.52 s, remaining 9.14 s)
15400000 of 30000000 tuples (51%) done (elapsed 9.58 s, remaining 9.09 s)
15500000 of 30000000 tuples (51%) done (elapsed 9.65 s, remaining 9.03 s)
15600000 of 30000000 tuples (52%) done (elapsed 9.71 s, remaining 8.96 s)
15700000 of 30000000 tuples (52%) done (elapsed 9.77 s, remaining 8.90 s)
15800000 of 30000000 tuples (52%) done (elapsed 9.84 s, remaining 8.84 s)
15900000 of 30000000 tuples (53%) done (elapsed 9.89 s, remaining 8.77 s)
16000000 of 30000000 tuples (53%) done (elapsed 9.96 s, remaining 8.71 s)
16100000 of 30000000 tuples (53%) done (elapsed 10.02 s, remaining 8.65 s)
16200000 of 30000000 tuples (54%) done (elapsed 10.08 s, remaining 8.59 s)
16300000 of 30000000 tuples (54%) done (elapsed 10.14 s, remaining 8.53 s)
16400000 of 30000000 tuples (54%) done (elapsed 10.20 s, remaining 8.46 s)
16500000 of 30000000 tuples (55%) done (elapsed 10.27 s, remaining 8.40 s)
16600000 of 30000000 tuples (55%) done (elapsed 10.33 s, remaining 8.34 s)
16700000 of 30000000 tuples (55%) done (elapsed 10.39 s, remaining 8.28 s)
16800000 of 30000000 tuples (56%) done (elapsed 10.45 s, remaining 8.21 s)
16900000 of 30000000 tuples (56%) done (elapsed 10.51 s, remaining 8.15 s)
17000000 of 30000000 tuples (56%) done (elapsed 10.58 s, remaining 8.09 s)
17100000 of 30000000 tuples (57%) done (elapsed 10.64 s, remaining 8.03 s)
17200000 of 30000000 tuples (57%) done (elapsed 10.70 s, remaining 7.96 s)
17300000 of 30000000 tuples (57%) done (elapsed 10.76 s, remaining 7.90 s)
17400000 of 30000000 tuples (58%) done (elapsed 10.83 s, remaining 7.84 s)
17500000 of 30000000 tuples (58%) done (elapsed 10.89 s, remaining 7.78 s)
17600000 of 30000000 tuples (58%) done (elapsed 10.95 s, remaining 7.72 s)
17700000 of 30000000 tuples (59%) done (elapsed 11.01 s, remaining 7.65 s)
17800000 of 30000000 tuples (59%) done (elapsed 11.08 s, remaining 7.59 s)
17900000 of 30000000 tuples (59%) done (elapsed 11.13 s, remaining 7.53 s)
18000000 of 30000000 tuples (60%) done (elapsed 11.20 s, remaining 7.47 s)
18100000 of 30000000 tuples (60%) done (elapsed 11.26 s, remaining 7.40 s)
18200000 of 30000000 tuples (60%) done (elapsed 11.32 s, remaining 7.34 s)
18300000 of 30000000 tuples (61%) done (elapsed 11.38 s, remaining 7.28 s)
18400000 of 30000000 tuples (61%) done (elapsed 11.44 s, remaining 7.21 s)
18500000 of 30000000 tuples (61%) done (elapsed 11.51 s, remaining 7.15 s)
18600000 of 30000000 tuples (62%) done (elapsed 11.57 s, remaining 7.09 s)
18700000 of 30000000 tuples (62%) done (elapsed 11.63 s, remaining 7.03 s)
18800000 of 30000000 tuples (62%) done (elapsed 11.69 s, remaining 6.97 s)
18900000 of 30000000 tuples (63%) done (elapsed 11.76 s, remaining 6.90 s)
19000000 of 30000000 tuples (63%) done (elapsed 11.82 s, remaining 6.84 s)
19100000 of 30000000 tuples (63%) done (elapsed 11.88 s, remaining 6.78 s)
19200000 of 30000000 tuples (64%) done (elapsed 11.94 s, remaining 6.72 s)
19300000 of 30000000 tuples (64%) done (elapsed 12.00 s, remaining 6.65 s)
19400000 of 30000000 tuples (64%) done (elapsed 12.07 s, remaining 6.59 s)
19500000 of 30000000 tuples (65%) done (elapsed 12.13 s, remaining 6.53 s)
19600000 of 30000000 tuples (65%) done (elapsed 12.19 s, remaining 6.47 s)
19700000 of 30000000 tuples (65%) done (elapsed 12.25 s, remaining 6.41 s)
19800000 of 30000000 tuples (66%) done (elapsed 12.32 s, remaining 6.34 s)
19900000 of 30000000 tuples (66%) done (elapsed 12.37 s, remaining 6.28 s)
20000000 of 30000000 tuples (66%) done (elapsed 12.44 s, remaining 6.22 s)
20100000 of 30000000 tuples (67%) done (elapsed 12.50 s, remaining 6.16 s)
20200000 of 30000000 tuples (67%) done (elapsed 12.56 s, remaining 6.09 s)
20300000 of 30000000 tuples (67%) done (elapsed 12.63 s, remaining 6.03 s)
20400000 of 30000000 tuples (68%) done (elapsed 12.68 s, remaining 5.97 s)
20500000 of 30000000 tuples (68%) done (elapsed 12.75 s, remaining 5.91 s)
20600000 of 30000000 tuples (68%) done (elapsed 12.81 s, remaining 5.85 s)
20700000 of 30000000 tuples (69%) done (elapsed 12.87 s, remaining 5.78 s)
20800000 of 30000000 tuples (69%) done (elapsed 12.94 s, remaining 5.72 s)
20900000 of 30000000 tuples (69%) done (elapsed 13.00 s, remaining 5.66 s)
21000000 of 30000000 tuples (70%) done (elapsed 13.06 s, remaining 5.60 s)
21100000 of 30000000 tuples (70%) done (elapsed 13.12 s, remaining 5.53 s)
21200000 of 30000000 tuples (70%) done (elapsed 13.19 s, remaining 5.47 s)
21300000 of 30000000 tuples (71%) done (elapsed 13.25 s, remaining 5.41 s)
21400000 of 30000000 tuples (71%) done (elapsed 13.31 s, remaining 5.35 s)
21500000 of 30000000 tuples (71%) done (elapsed 13.37 s, remaining 5.29 s)
21600000 of 30000000 tuples (72%) done (elapsed 13.43 s, remaining 5.22 s)
21700000 of 30000000 tuples (72%) done (elapsed 13.49 s, remaining 5.16 s)
21800000 of 30000000 tuples (72%) done (elapsed 13.56 s, remaining 5.10 s)
21900000 of 30000000 tuples (73%) done (elapsed 13.62 s, remaining 5.04 s)
22000000 of 30000000 tuples (73%) done (elapsed 13.68 s, remaining 4.97 s)
22100000 of 30000000 tuples (73%) done (elapsed 13.74 s, remaining 4.91 s)
22200000 of 30000000 tuples (74%) done (elapsed 13.80 s, remaining 4.85 s)
22300000 of 30000000 tuples (74%) done (elapsed 13.87 s, remaining 4.79 s)
22400000 of 30000000 tuples (74%) done (elapsed 13.93 s, remaining 4.73 s)
22500000 of 30000000 tuples (75%) done (elapsed 13.99 s, remaining 4.66 s)
22600000 of 30000000 tuples (75%) done (elapsed 14.05 s, remaining 4.60 s)
22700000 of 30000000 tuples (75%) done (elapsed 14.12 s, remaining 4.54 s)
22800000 of 30000000 tuples (76%) done (elapsed 14.18 s, remaining 4.48 s)
22900000 of 30000000 tuples (76%) done (elapsed 14.24 s, remaining 4.41 s)
23000000 of 30000000 tuples (76%) done (elapsed 14.30 s, remaining 4.35 s)
23100000 of 30000000 tuples (77%) done (elapsed 14.49 s, remaining 4.33 s)
23200000 of 30000000 tuples (77%) done (elapsed 14.56 s, remaining 4.27 s)
23300000 of 30000000 tuples (77%) done (elapsed 14.63 s, remaining 4.21 s)
23400000 of 30000000 tuples (78%) done (elapsed 14.69 s, remaining 4.14 s)
23500000 of 30000000 tuples (78%) done (elapsed 14.75 s, remaining 4.08 s)
23600000 of 30000000 tuples (78%) done (elapsed 14.81 s, remaining 4.02 s)
23700000 of 30000000 tuples (79%) done (elapsed 14.88 s, remaining 3.95 s)
23800000 of 30000000 tuples (79%) done (elapsed 14.94 s, remaining 3.89 s)
23900000 of 30000000 tuples (79%) done (elapsed 15.00 s, remaining 3.83 s)
24000000 of 30000000 tuples (80%) done (elapsed 15.08 s, remaining 3.77 s)
24100000 of 30000000 tuples (80%) done (elapsed 15.16 s, remaining 3.71 s)
24200000 of 30000000 tuples (80%) done (elapsed 15.23 s, remaining 3.65 s)
24300000 of 30000000 tuples (81%) done (elapsed 15.29 s, remaining 3.59 s)
24400000 of 30000000 tuples (81%) done (elapsed 15.35 s, remaining 3.52 s)
24500000 of 30000000 tuples (81%) done (elapsed 15.42 s, remaining 3.46 s)
24600000 of 30000000 tuples (82%) done (elapsed 15.48 s, remaining 3.40 s)
24700000 of 30000000 tuples (82%) done (elapsed 15.54 s, remaining 3.34 s)
24800000 of 30000000 tuples (82%) done (elapsed 15.61 s, remaining 3.27 s)
24900000 of 30000000 tuples (83%) done (elapsed 15.67 s, remaining 3.21 s)
25000000 of 30000000 tuples (83%) done (elapsed 15.73 s, remaining 3.15 s)
25100000 of 30000000 tuples (83%) done (elapsed 15.80 s, remaining 3.08 s)
25200000 of 30000000 tuples (84%) done (elapsed 15.86 s, remaining 3.02 s)
25300000 of 30000000 tuples (84%) done (elapsed 15.92 s, remaining 2.96 s)
25400000 of 30000000 tuples (84%) done (elapsed 15.98 s, remaining 2.89 s)
25500000 of 30000000 tuples (85%) done (elapsed 16.04 s, remaining 2.83 s)
25600000 of 30000000 tuples (85%) done (elapsed 16.11 s, remaining 2.77 s)
25700000 of 30000000 tuples (85%) done (elapsed 16.17 s, remaining 2.71 s)
25800000 of 30000000 tuples (86%) done (elapsed 16.23 s, remaining 2.64 s)
25900000 of 30000000 tuples (86%) done (elapsed 16.30 s, remaining 2.58 s)
26000000 of 30000000 tuples (86%) done (elapsed 16.36 s, remaining 2.52 s)
26100000 of 30000000 tuples (87%) done (elapsed 16.42 s, remaining 2.45 s)
26200000 of 30000000 tuples (87%) done (elapsed 16.48 s, remaining 2.39 s)
26300000 of 30000000 tuples (87%) done (elapsed 16.55 s, remaining 2.33 s)
26400000 of 30000000 tuples (88%) done (elapsed 16.61 s, remaining 2.26 s)
26500000 of 30000000 tuples (88%) done (elapsed 16.68 s, remaining 2.20 s)
26600000 of 30000000 tuples (88%) done (elapsed 16.74 s, remaining 2.14 s)
26700000 of 30000000 tuples (89%) done (elapsed 16.80 s, remaining 2.08 s)
26800000 of 30000000 tuples (89%) done (elapsed 16.86 s, remaining 2.01 s)
26900000 of 30000000 tuples (89%) done (elapsed 16.93 s, remaining 1.95 s)
27000000 of 30000000 tuples (90%) done (elapsed 16.99 s, remaining 1.89 s)
27100000 of 30000000 tuples (90%) done (elapsed 17.05 s, remaining 1.82 s)
27200000 of 30000000 tuples (90%) done (elapsed 17.12 s, remaining 1.76 s)
27300000 of 30000000 tuples (91%) done (elapsed 17.18 s, remaining 1.70 s)
27400000 of 30000000 tuples (91%) done (elapsed 17.24 s, remaining 1.64 s)
27500000 of 30000000 tuples (91%) done (elapsed 17.31 s, remaining 1.57 s)
27600000 of 30000000 tuples (92%) done (elapsed 17.37 s, remaining 1.51 s)
27700000 of 30000000 tuples (92%) done (elapsed 17.43 s, remaining 1.45 s)
27800000 of 30000000 tuples (92%) done (elapsed 17.50 s, remaining 1.38 s)
27900000 of 30000000 tuples (93%) done (elapsed 17.56 s, remaining 1.32 s)
28000000 of 30000000 tuples (93%) done (elapsed 17.62 s, remaining 1.26 s)
28100000 of 30000000 tuples (93%) done (elapsed 17.69 s, remaining 1.20 s)
28200000 of 30000000 tuples (94%) done (elapsed 17.75 s, remaining 1.13 s)
28300000 of 30000000 tuples (94%) done (elapsed 17.81 s, remaining 1.07 s)
28400000 of 30000000 tuples (94%) done (elapsed 17.87 s, remaining 1.01 s)
28500000 of 30000000 tuples (95%) done (elapsed 17.94 s, remaining 0.94 s)
28600000 of 30000000 tuples (95%) done (elapsed 18.00 s, remaining 0.88 s)
28700000 of 30000000 tuples (95%) done (elapsed 18.06 s, remaining 0.82 s)
28800000 of 30000000 tuples (96%) done (elapsed 18.12 s, remaining 0.76 s)
28900000 of 30000000 tuples (96%) done (elapsed 18.19 s, remaining 0.69 s)
29000000 of 30000000 tuples (96%) done (elapsed 18.25 s, remaining 0.63 s)
29100000 of 30000000 tuples (97%) done (elapsed 18.31 s, remaining 0.57 s)
29200000 of 30000000 tuples (97%) done (elapsed 18.37 s, remaining 0.50 s)
29300000 of 30000000 tuples (97%) done (elapsed 18.44 s, remaining 0.44 s)
29400000 of 30000000 tuples (98%) done (elapsed 18.50 s, remaining 0.38 s)
29500000 of 30000000 tuples (98%) done (elapsed 18.56 s, remaining 0.31 s)
29600000 of 30000000 tuples (98%) done (elapsed 18.63 s, remaining 0.25 s)
29700000 of 30000000 tuples (99%) done (elapsed 18.69 s, remaining 0.19 s)
29800000 of 30000000 tuples (99%) done (elapsed 18.75 s, remaining 0.13 s)
29900000 of 30000000 tuples (99%) done (elapsed 18.81 s, remaining 0.06 s)
30000000 of 30000000 tuples (100%) done (elapsed 18.88 s, remaining 0.00 s)
vacuum...
set primary keys...
done.
starting vacuum...end.
transaction type: <builtin: TPC-B (sort of)>
scaling factor: 300
query mode: simple
number of clients: 32
number of threads: 4
duration: 60 s
number of transactions actually processed: 9691
latency average: 198.122 ms
tps = 160.357498 (including connections establishing)
tps = 160.362698 (excluding connections establishing)
script statistics:
 - statement latencies in milliseconds:
         0.002  \set aid random(1, 100000 * :scale)
         0.001  \set bid random(1, 1 * :scale)
         0.001  \set tid random(1, 10 * :scale)
         0.000  \set delta random(-5000, 5000)
         0.319  BEGIN;
         0.645  UPDATE pgbench_accounts SET abalance = abalance + :delta WHERE aid = :aid;
         0.350  SELECT abalance FROM pgbench_accounts WHERE aid = :aid;
         1.475  UPDATE pgbench_tellers SET tbalance = tbalance + :delta WHERE tid = :tid;
        10.653  UPDATE pgbench_branches SET bbalance = bbalance + :delta WHERE bid = :bid;
         0.219  INSERT INTO pgbench_history (tid, bid, aid, delta, mtime) VALUES (:tid, :bid, :aid, :delta, CURRENT_TIMESTAMP);
       185.454  END;
starting vacuum...end.
transaction type: <builtin: TPC-B (sort of)>
scaling factor: 300
query mode: simple
number of clients: 32
number of threads: 4
duration: 60 s
number of transactions actually processed: 7550
latency average: 254.305 ms
tps = 125.599939 (including connections establishing)
tps = 125.604016 (excluding connections establishing)
script statistics:
 - statement latencies in milliseconds:
         0.002  \set aid random(1, 100000 * :scale)
         0.001  \set bid random(1, 1 * :scale)
         0.001  \set tid random(1, 10 * :scale)
         0.001  \set delta random(-5000, 5000)
         0.156  BEGIN;
       110.853  UPDATE pgbench_accounts SET abalance = abalance + :delta WHERE aid = :aid;
         0.160  SELECT abalance FROM pgbench_accounts WHERE aid = :aid;
         0.919  UPDATE pgbench_tellers SET tbalance = tbalance + :delta WHERE tid = :tid;
         4.878  UPDATE pgbench_branches SET bbalance = bbalance + :delta WHERE bid = :bid;
         0.230  INSERT INTO pgbench_history (tid, bid, aid, delta, mtime) VALUES (:tid, :bid, :aid, :delta, CURRENT_TIMESTAMP);
       138.045  END;
starting vacuum...end.
transaction type: <builtin: TPC-B (sort of)>
scaling factor: 300
query mode: simple
number of clients: 32
number of threads: 4
duration: 900 s
number of transactions actually processed: 68281
latency average: 421.786 ms
tps = 75.824258 (including connections establishing)
tps = 75.824448 (excluding connections establishing)
script statistics:
 - statement latencies in milliseconds:
         0.002  \set aid random(1, 100000 * :scale)
         0.001  \set bid random(1, 1 * :scale)
         0.001  \set tid random(1, 10 * :scale)
         0.001  \set delta random(-5000, 5000)
         0.164  BEGIN;
       135.150  UPDATE pgbench_accounts SET abalance = abalance + :delta WHERE aid = :aid;
         0.159  SELECT abalance FROM pgbench_accounts WHERE aid = :aid;
         1.566  UPDATE pgbench_tellers SET tbalance = tbalance + :delta WHERE tid = :tid;
        11.209  UPDATE pgbench_branches SET bbalance = bbalance + :delta WHERE bid = :bid;
         0.147  INSERT INTO pgbench_history (tid, bid, aid, delta, mtime) VALUES (:tid, :bid, :aid, :delta, CURRENT_TIMESTAMP);
       274.170  END;
========================================================================
Testing 2012-10-02-REL9_3_0~1099
Start Time: 2016-07-30 01:37:46+00:00
Linux 3.16.0-4-amd64 (Debian-83-jessie-64-minimal) 	30.07.16 	_x86_64_	(8 CPU)

starting vacuum...end.
transaction type: <builtin: TPC-B (sort of)>
scaling factor: 300
query mode: simple
number of clients: 32
number of threads: 4
duration: 900 s
number of transactions actually processed: 93154
latency average: 309.165 ms
tps = 103.469818 (including connections establishing)
tps = 103.470036 (excluding connections establishing)
script statistics:
 - statement latencies in milliseconds:
         0.002  \set aid random(1, 100000 * :scale)
         0.001  \set bid random(1, 1 * :scale)
         0.001  \set tid random(1, 10 * :scale)
         0.001  \set delta random(-5000, 5000)
         0.207  BEGIN;
        49.829  UPDATE pgbench_accounts SET abalance = abalance + :delta WHERE aid = :aid;
         0.170  SELECT abalance FROM pgbench_accounts WHERE aid = :aid;
         1.533  UPDATE pgbench_tellers SET tbalance = tbalance + :delta WHERE tid = :tid;
        11.957  UPDATE pgbench_branches SET bbalance = bbalance + :delta WHERE bid = :bid;
         0.148  INSERT INTO pgbench_history (tid, bid, aid, delta, mtime) VALUES (:tid, :bid, :aid, :delta, CURRENT_TIMESTAMP);
       245.802  END;
avg-cpu:  %user   %nice %system %iowait  %steal   %idle
           1,11    0,00    0,39   39,31    0,00   59,18

Device:         rrqm/s   wrqm/s     r/s     w/s    rkB/s    wkB/s avgrq-sz avgqu-sz   await r_await w_await  svctm  %util
sdb               0,00     1,70   25,94  156,38   260,12  2828,84    33,88    85,41  467,72   83,50  531,46   4,31  78,57
sda               0,00     1,70   47,02  156,52   473,10  2829,90    32,46    66,79  328,10   69,53  405,78   4,02  81,90
md0               0,00     0,00    0,00    0,00     0,00     0,00     8,00     0,00    0,00    0,00    0,00   0,00   0,00
md1               0,00     0,00    0,00    0,00     0,00     0,00     0,00     0,00    0,00    0,00    0,00   0,00   0,00
md2               0,00     0,00   72,97  157,76   733,21  2830,04    30,89     0,00    0,00    0,00    0,00   0,00   0,00
md3               0,00     0,00    0,00    0,01     0,00     0,04     8,00     0,00    0,00    0,00    0,00   0,00   0,00

End Time: 2016-07-30 01:53:16+00:00
========================================================================
========================================================================
Testing 2012-10-02-REL9_3_0~1099
Start Time: 2016-08-05 23:47:25+00:00
Shared Buffers:  260000
Linux 3.16.0-4-amd64 (Debian-83-jessie-64-minimal) 	06.08.16 	_x86_64_	(8 CPU)

starting vacuum...end.
transaction type: <builtin: TPC-B (sort of)>
scaling factor: 300
query mode: simple
number of clients: 32
number of threads: 4
duration: 900 s
number of transactions actually processed: 191054
latency average: 150.743 ms
tps = 212.197819 (including connections establishing)
tps = 212.198372 (excluding connections establishing)
script statistics:
 - statement latencies in milliseconds:
         0.002  \set aid random(1, 100000 * :scale)
         0.001  \set bid random(1, 1 * :scale)
         0.001  \set tid random(1, 10 * :scale)
         0.001  \set delta random(-5000, 5000)
         0.217  BEGIN;
        10.085  UPDATE pgbench_accounts SET abalance = abalance + :delta WHERE aid = :aid;
         0.255  SELECT abalance FROM pgbench_accounts WHERE aid = :aid;
         0.902  UPDATE pgbench_tellers SET tbalance = tbalance + :delta WHERE tid = :tid;
         6.921  UPDATE pgbench_branches SET bbalance = bbalance + :delta WHERE bid = :bid;
         0.172  INSERT INTO pgbench_history (tid, bid, aid, delta, mtime) VALUES (:tid, :bid, :aid, :delta, CURRENT_TIMESTAMP);
       132.706  END;
avg-cpu:  %user   %nice %system %iowait  %steal   %idle
           2,20    0,00    0,68   20,10    0,00   77,01

Device:         rrqm/s   wrqm/s     r/s     w/s    rkB/s    wkB/s avgrq-sz avgqu-sz   await r_await w_await  svctm  %util
sdb               0,00     1,73   15,84  242,86   188,80  4961,70    39,82    55,40  214,13   45,06  225,15   2,60  67,29
sda               0,03     1,72   56,46  242,76   690,23  4960,77    37,77    45,79  152,86   39,93  179,12   2,98  89,18
md0               0,00     0,00    0,10    0,00     0,40     0,00     8,00     0,00    0,00    0,00    0,00   0,00   0,00
md1               0,00     0,00    0,00    0,00     0,00     0,00     0,00     0,00    0,00    0,00    0,00   0,00   0,00
md2               0,00     0,00   72,22  243,96   878,63  4960,43    36,93     0,00    0,00    0,00    0,00   0,00   0,00
md3               0,00     0,00    0,00    0,01     0,00     0,04     8,00     0,00    0,00    0,00    0,00   0,00   0,00

End Time: 2016-08-06 00:02:55+00:00
========================================================================
========================================================================
Testing 2012-10-02-REL9_3_0~1099
Start Time: 2016-08-08 10:45:36+00:00
Shared Buffers:  260000
starting vacuum...Linux 3.16.0-4-amd64 (Debian-83-jessie-64-minimal) 	08.08.16 	_x86_64_	(8 CPU)

end.
transaction type: <builtin: TPC-B (sort of)>
scaling factor: 300
query mode: simple
number of clients: 32
number of threads: 4
duration: 900 s
number of transactions actually processed: 222345
latency average: 129.528 ms
tps = 246.419006 (including connections establishing)
tps = 246.419585 (excluding connections establishing)
script statistics:
 - statement latencies in milliseconds:
         0.002  \set aid random(1, 100000 * :scale)
         0.001  \set bid random(1, 1 * :scale)
         0.001  \set tid random(1, 10 * :scale)
         0.001  \set delta random(-5000, 5000)
         0.259  BEGIN;
         1.762  UPDATE pgbench_accounts SET abalance = abalance + :delta WHERE aid = :aid;
         0.340  SELECT abalance FROM pgbench_accounts WHERE aid = :aid;
         1.014  UPDATE pgbench_tellers SET tbalance = tbalance + :delta WHERE tid = :tid;
         6.754  UPDATE pgbench_branches SET bbalance = bbalance + :delta WHERE bid = :bid;
         0.230  INSERT INTO pgbench_history (tid, bid, aid, delta, mtime) VALUES (:tid, :bid, :aid, :delta, CURRENT_TIMESTAMP);
       119.907  END;
avg-cpu:  %user   %nice %system %iowait  %steal   %idle
           2,40    0,00    0,67   10,65    0,00   86,27

Device:         rrqm/s   wrqm/s     r/s     w/s    rkB/s    wkB/s avgrq-sz avgqu-sz   await r_await w_await  svctm  %util
sdb               0,00     1,65    2,14  282,41    23,87  4974,54    35,13    64,39  226,26   56,52  227,55   2,53  71,86
sda               0,00     1,64   13,08  282,42   151,29  4974,54    34,69    61,60  208,43   35,55  216,44   2,85  84,27
md0               0,00     0,00    0,01    0,00     0,04     0,00     8,00     0,00    0,00    0,00    0,00   0,00   0,00
md1               0,00     0,00    0,00    0,00     0,00     0,00     0,00     0,00    0,00    0,00    0,00   0,00   0,00
md2               0,00     0,00   15,21  283,22   175,05  4972,40    34,50     0,00    0,00    0,00    0,00   0,00   0,00
md3               0,00     0,00    0,00    0,01     0,00     0,04     8,00     0,00    0,00    0,00    0,00   0,00   0,00

Control File Changes
--- /usr/local/oldpgsql/2012-10-02-REL9_3_0~1099/before.controldata	2016-08-08 12:45:36.832201178 +0200
+++ /usr/local/oldpgsql/2012-10-02-REL9_3_0~1099/after.controldata	2016-08-08 13:01:50.924306509 +0200
@@ -2,21 +2,21 @@
 Catalog version number:               201208271
 Database system identifier:           6255578047984330687
 Database cluster state:               in production
-pg_control last modified:             пн, 08-сер-2016 12:45:36 +0200
-Latest checkpoint location:           1/E871F8A0
-Prior checkpoint location:            1/E871F840
-Latest checkpoint's REDO location:    1/E871F8A0
-Latest checkpoint's REDO WAL file:    0000000100000001000000E8
+pg_control last modified:             пн, 08-сер-2016 13:01:50 +0200
+Latest checkpoint location:           2/78748960
+Prior checkpoint location:            2/78748900
+Latest checkpoint's REDO location:    2/78748960
+Latest checkpoint's REDO WAL file:    000000010000000200000078
 Latest checkpoint's TimeLineID:       1
 Latest checkpoint's full_page_writes: on
-Latest checkpoint's NextXID:          0/395720
-Latest checkpoint's NextOID:          16464
+Latest checkpoint's NextXID:          0/618106
+Latest checkpoint's NextOID:          24656
 Latest checkpoint's NextMultiXactId:  1
 Latest checkpoint's NextMultiOffset:  0
 Latest checkpoint's oldestXID:        699
 Latest checkpoint's oldestXID's DB:   1
 Latest checkpoint's oldestActiveXID:  0
-Time of latest checkpoint:            пн, 08-сер-2016 12:45:36 +0200
+Time of latest checkpoint:            пн, 08-сер-2016 13:01:06 +0200
 Minimum recovery ending location:     0/0
 Backup start location:                0/0
 Backup end location:                  0/0
End Time: 2016-08-08 11:01:50+00:00
========================================================================
========================================================================
Testing 2012-10-02-REL9_3_0~1099
Start Time: 2016-08-08 20:10:13+00:00
Shared Buffers:  260000
size before pgbench of pgbench_tellers: 8
size before pgbench of pgbench_branches: 8
size before pgbench of pgbench_accounts: 64
size before pgbench of pgbench_branches_pkey: 32
size before pgbench of pgbench_tellers_pkey: 152
size before pgbench of pgbench_accounts_pkey: 658092
size before pgbench of pgbench_history: 24
total size before pgbench: 658380
Linux 3.16.0-4-amd64 (Debian-83-jessie-64-minimal) 	08.08.16 	_x86_64_	(8 CPU)

starting vacuum...end.
transaction type: <builtin: select only>
scaling factor: 300
query mode: simple
number of clients: 32
number of threads: 4
duration: 60 s
number of transactions actually processed: 5404623
latency average: 0.355 ms
tps = 90050.324565 (including connections establishing)
tps = 90054.934900 (excluding connections establishing)
script statistics:
 - statement latencies in milliseconds:
         0.001  \set aid random(1, 100000 * :scale)
         0.355  SELECT abalance FROM pgbench_accounts WHERE aid = :aid;
avg-cpu:  %user   %nice %system %iowait  %steal   %idle
          52,30    0,00   10,21    3,51    0,00   33,98

Device:         rrqm/s   wrqm/s     r/s     w/s    rkB/s    wkB/s avgrq-sz avgqu-sz   await r_await w_await  svctm  %util
sdb               0,00     0,99   26,61    2,46   262,22    19,07    19,36     2,40   82,58   86,83   36,47   4,76  13,83
sda               0,00     0,99   27,97    2,46   272,93    19,07    19,20     2,37   77,92   78,17   75,08   5,29  16,10
md0               0,00     0,00    0,00    0,00     0,00     0,00     0,00     0,00    0,00    0,00    0,00   0,00   0,00
md1               0,00     0,00    0,00    0,00     0,00     0,00     0,00     0,00    0,00    0,00    0,00   0,00   0,00
md2               0,00     0,00   54,59    1,92   534,89    15,69    19,49     0,00    0,00    0,00    0,00   0,00   0,00
md3               0,00     0,00    0,00    0,10     0,00     0,40     8,00     0,00    0,00    0,00    0,00   0,00   0,00

Control File Changes
--- /usr/local/oldpgsql/2012-10-02-REL9_3_0~1099/before.controldata	2016-08-08 22:13:12.295072544 +0200
+++ /usr/local/oldpgsql/2012-10-02-REL9_3_0~1099/after.controldata	2016-08-08 22:14:42.680002393 +0200
@@ -5,4 +5,4 @@
-pg_control last modified:             Mon Aug  8 20:13:12 2016
-Latest checkpoint location:           2/CE8A35F8
-Prior checkpoint location:            2/CC9EA5C8
-Latest checkpoint's REDO location:    2/CE8A35F8
+pg_control last modified:             Mon Aug  8 20:14:42 2016
+Latest checkpoint location:           2/CE8C7450
+Prior checkpoint location:            2/CE8A35F8
+Latest checkpoint's REDO location:    2/CE8C7450
@@ -12,2 +12,2 @@
-Latest checkpoint's NextXID:          0/618106
-Latest checkpoint's NextOID:          16465
+Latest checkpoint's NextXID:          0/618107
+Latest checkpoint's NextOID:          24657
@@ -19 +19 @@
-Time of latest checkpoint:            Mon Aug  8 20:13:11 2016
+Time of latest checkpoint:            Mon Aug  8 20:14:42 2016
size after pgbench of pgbench_history: 0
size after pgbench of pgbench_tellers: 8
size after pgbench of pgbench_branches: 8
size after pgbench of pgbench_accounts: 64
size after pgbench of pgbench_branches_pkey: 32
size after pgbench of pgbench_tellers_pkey: 152
size after pgbench of pgbench_accounts_pkey: 658092
total size after pgbench: 658356
End Time: 2016-08-08 20:14:42+00:00
========================================================================
========================================================================
Testing 2012-10-02-REL9_3_0~1099
Start Time: 2016-08-10 14:41:21+00:00
Shared Buffers:  260000
size before pgbench of pgbench_history: 0
size before pgbench of pgbench_tellers: 8
size before pgbench of pgbench_branches: 8
size before pgbench of pgbench_accounts: 64
size before pgbench of pgbench_branches_pkey: 32
size before pgbench of pgbench_tellers_pkey: 152
size before pgbench of pgbench_accounts_pkey: 658092
total size before pgbench: 658356
Linux 3.16.0-4-amd64 (Debian-83-jessie-64-minimal) 	10.08.16 	_x86_64_	(8 CPU)

starting vacuum...end.
transaction type: <builtin: select only>
scaling factor: 300
query mode: simple
number of clients: 32
number of threads: 4
duration: 60 s
number of transactions actually processed: 5494661
latency average: 0.349 ms
tps = 91557.345395 (including connections establishing)
tps = 91560.560459 (excluding connections establishing)
script statistics:
 - statement latencies in milliseconds:
         0.001  \set aid random(1, 100000 * :scale)
         0.350  SELECT abalance FROM pgbench_accounts WHERE aid = :aid;
avg-cpu:  %user   %nice %system %iowait  %steal   %idle
          53,31    0,00   10,46    2,63    0,00   33,60

Device:         rrqm/s   wrqm/s     r/s     w/s    rkB/s    wkB/s avgrq-sz avgqu-sz   await r_await w_await  svctm  %util
sdb               0,00     0,74   24,87    2,27   242,40    12,80    18,81     2,64   97,13  103,81   23,88   4,24  11,49
sda               0,38     0,74   25,57    2,27   249,02    12,80    18,81     1,40   50,44   53,05   21,10   4,68  13,03
md0               0,00     0,00    0,67    0,00     2,67     0,00     8,00     0,00    0,00    0,00    0,00   0,00   0,00
md1               0,00     0,00    0,00    0,00     0,00     0,00     0,00     0,00    0,00    0,00    0,00   0,00   0,00
md2               0,00     0,00   50,14    1,46   488,76     9,42    19,31     0,00    0,00    0,00    0,00   0,00   0,00
md3               0,00     0,00    0,00    0,10     0,00     0,40     8,00     0,00    0,00    0,00    0,00   0,00   0,00

Control File Changes
--- /usr/local/oldpgsql/2012-10-02-REL9_3_0~1099/before.controldata	2016-08-10 16:42:35.138528177 +0200
+++ /usr/local/oldpgsql/2012-10-02-REL9_3_0~1099/after.controldata	2016-08-10 16:44:05.482493110 +0200
@@ -5,4 +5,4 @@
-pg_control last modified:             Wed Aug 10 14:42:35 2016
-Latest checkpoint location:           2/CE8C7510
-Prior checkpoint location:            2/CE8C74B0
-Latest checkpoint's REDO location:    2/CE8C7510
+pg_control last modified:             Wed Aug 10 14:44:05 2016
+Latest checkpoint location:           2/CE8C8B08
+Prior checkpoint location:            2/CE8C7510
+Latest checkpoint's REDO location:    2/CE8C8B08
@@ -12,2 +12,2 @@
-Latest checkpoint's NextXID:          0/618107
-Latest checkpoint's NextOID:          16466
+Latest checkpoint's NextXID:          0/618108
+Latest checkpoint's NextOID:          24658
@@ -19 +19 @@
-Time of latest checkpoint:            Wed Aug 10 14:42:34 2016
+Time of latest checkpoint:            Wed Aug 10 14:44:05 2016
size after pgbench of pgbench_tellers: 8
size after pgbench of pgbench_branches: 8
size after pgbench of pgbench_accounts: 64
size after pgbench of pgbench_branches_pkey: 32
size after pgbench of pgbench_tellers_pkey: 152
size after pgbench of pgbench_accounts_pkey: 658092
size after pgbench of pgbench_history: 0
total size after pgbench: 658356
End Time: 2016-08-10 14:44:05+00:00
========================================================================
========================================================================
Testing 2012-10-02-REL9_3_0~1099
Start Time: 2016-08-10 22:55:15+00:00
Shared Buffers:  260000
size before pgbench of pgbench_tellers: 8
size before pgbench of pgbench_branches: 8
size before pgbench of pgbench_accounts: 64
size before pgbench of pgbench_branches_pkey: 32
size before pgbench of pgbench_tellers_pkey: 152
size before pgbench of pgbench_accounts_pkey: 658092
size before pgbench of pgbench_history: 0
total size before pgbench: 658356
Linux 3.16.0-4-amd64 (Debian-83-jessie-64-minimal) 	11.08.16 	_x86_64_	(8 CPU)

starting vacuum...end.
transaction type: <builtin: select only>
scaling factor: 300
query mode: simple
number of clients: 32
number of threads: 4
duration: 60 s
number of transactions actually processed: 5443575
latency average: 0.353 ms
tps = 90690.031424 (including connections establishing)
tps = 90693.333705 (excluding connections establishing)
script statistics:
 - statement latencies in milliseconds:
         0.001  \set aid random(1, 100000 * :scale)
         0.353  SELECT abalance FROM pgbench_accounts WHERE aid = :aid;
avg-cpu:  %user   %nice %system %iowait  %steal   %idle
          53,12    0,00   10,32    2,59    0,00   33,96

Device:         rrqm/s   wrqm/s     r/s     w/s    rkB/s    wkB/s avgrq-sz avgqu-sz   await r_await w_await  svctm  %util
sdb               0,01     0,63   25,09    2,10   250,36    11,91    19,29     2,64   97,02  103,04   25,12   4,37  11,89
sda               0,58     0,63   25,19    2,10   241,91    11,91    18,60     1,66   60,94   63,65   28,44   4,88  13,31
md0               0,00     0,00    0,89    0,00     3,56     0,00     8,00     0,00    0,00    0,00    0,00   0,00   0,00
md1               0,00     0,00    0,00    0,00     0,00     0,00     0,00     0,00    0,00    0,00    0,00   0,00   0,00
md2               0,00     0,00   49,98    1,27   488,71     8,67    19,41     0,00    0,00    0,00    0,00   0,00   0,00
md3               0,00     0,00    0,00    0,10     0,00     0,40     8,00     0,00    0,00    0,00    0,00   0,00   0,00

Control File Changes
--- /usr/local/oldpgsql/2012-10-02-REL9_3_0~1099/before.controldata	2016-08-11 00:56:29.455083742 +0200
+++ /usr/local/oldpgsql/2012-10-02-REL9_3_0~1099/after.controldata	2016-08-11 00:57:59.691271237 +0200
@@ -5,4 +5,4 @@
-pg_control last modified:             Wed Aug 10 22:56:29 2016
-Latest checkpoint location:           2/CE8C8BC8
-Prior checkpoint location:            2/CE8C8B68
-Latest checkpoint's REDO location:    2/CE8C8BC8
+pg_control last modified:             Wed Aug 10 22:57:59 2016
+Latest checkpoint location:           2/CE8CA268
+Prior checkpoint location:            2/CE8C8BC8
+Latest checkpoint's REDO location:    2/CE8CA268
@@ -12,2 +12,2 @@
-Latest checkpoint's NextXID:          0/618108
-Latest checkpoint's NextOID:          16467
+Latest checkpoint's NextXID:          0/618109
+Latest checkpoint's NextOID:          24659
@@ -19 +19 @@
-Time of latest checkpoint:            Wed Aug 10 22:56:29 2016
+Time of latest checkpoint:            Wed Aug 10 22:57:59 2016
size after pgbench of pgbench_tellers: 8
size after pgbench of pgbench_branches: 8
size after pgbench of pgbench_accounts: 64
size after pgbench of pgbench_branches_pkey: 32
size after pgbench of pgbench_tellers_pkey: 152
size after pgbench of pgbench_accounts_pkey: 658092
size after pgbench of pgbench_history: 0
total size after pgbench: 658356
End Time: 2016-08-10 22:57:59+00:00
========================================================================
========================================================================
Testing 2012-10-02-REL9_3_0~1099
Start Time: 2016-08-11 23:43:49+00:00
Shared Buffers:  260000
size before pgbench of pgbench_tellers: 8
size before pgbench of pgbench_branches: 8
size before pgbench of pgbench_accounts: 64
size before pgbench of pgbench_branches_pkey: 32
size before pgbench of pgbench_tellers_pkey: 152
size before pgbench of pgbench_accounts_pkey: 658092
size before pgbench of pgbench_history: 0
total size before pgbench: 658356
Linux 3.16.0-4-amd64 (Debian-83-jessie-64-minimal) 	12.08.16 	_x86_64_	(8 CPU)

starting vacuum...end.
transaction type: <builtin: select only>
scaling factor: 300
query mode: simple
number of clients: 32
number of threads: 4
duration: 60 s
number of transactions actually processed: 5479816
latency average: 0.350 ms
tps = 91299.115408 (including connections establishing)
tps = 91302.749968 (excluding connections establishing)
script statistics:
 - statement latencies in milliseconds:
         0.001  \set aid random(1, 100000 * :scale)
         0.351  SELECT abalance FROM pgbench_accounts WHERE aid = :aid;
avg-cpu:  %user   %nice %system %iowait  %steal   %idle
          53,27    0,00   10,39    2,66    0,00   33,68

Device:         rrqm/s   wrqm/s     r/s     w/s    rkB/s    wkB/s avgrq-sz avgqu-sz   await r_await w_await  svctm  %util
sdb               0,01     0,72   22,22    2,13   219,20    12,42    19,02     1,01   41,43   42,50   30,25   5,01  12,20
sda               0,99     0,72   28,32    2,13   278,80    12,42    19,12     3,12  102,48  107,89   30,67   4,24  12,91
md0               0,00     0,00    1,76    0,00     7,02     0,00     8,00     0,00    0,00    0,00    0,00   0,00   0,00
md1               0,00     0,00    0,00    0,00     0,00     0,00     0,00     0,00    0,00    0,00    0,00   0,00   0,00
md2               0,00     0,00   49,82    1,43   490,98     9,24    19,52     0,00    0,00    0,00    0,00   0,00   0,00
md3               0,00     0,00    0,00    0,10     0,00     0,40     8,00     0,00    0,00    0,00    0,00   0,00   0,00

Control File Changes
--- /usr/local/oldpgsql/2012-10-02-REL9_3_0~1099/before.controldata	2016-08-12 01:45:05.209868530 +0200
+++ /usr/local/oldpgsql/2012-10-02-REL9_3_0~1099/after.controldata	2016-08-12 01:46:35.558037715 +0200
@@ -5,4 +5,4 @@
-pg_control last modified:             Thu Aug 11 23:45:05 2016
-Latest checkpoint location:           2/CE8CA328
-Prior checkpoint location:            2/CE8CA2C8
-Latest checkpoint's REDO location:    2/CE8CA328
+pg_control last modified:             Thu Aug 11 23:46:35 2016
+Latest checkpoint location:           2/CE8CBA58
+Prior checkpoint location:            2/CE8CA328
+Latest checkpoint's REDO location:    2/CE8CBA58
@@ -12,2 +12,2 @@
-Latest checkpoint's NextXID:          0/618109
-Latest checkpoint's NextOID:          16468
+Latest checkpoint's NextXID:          0/618110
+Latest checkpoint's NextOID:          24660
@@ -19 +19 @@
-Time of latest checkpoint:            Thu Aug 11 23:45:04 2016
+Time of latest checkpoint:            Thu Aug 11 23:46:35 2016
size after pgbench of pgbench_tellers: 8
size after pgbench of pgbench_branches: 8
size after pgbench of pgbench_accounts: 64
size after pgbench of pgbench_branches_pkey: 32
size after pgbench of pgbench_tellers_pkey: 152
size after pgbench of pgbench_accounts_pkey: 658092
size after pgbench of pgbench_history: 0
total size after pgbench: 658356
End Time: 2016-08-11 23:46:35+00:00
========================================================================
========================================================================
Testing 2012-10-02-REL9_3_0~1099
Start Time: 2016-08-12 20:47:03+00:00
Shared Buffers:  260000
size before pgbench of pgbench_tellers: 8
size before pgbench of pgbench_branches: 8
size before pgbench of pgbench_accounts: 64
size before pgbench of pgbench_branches_pkey: 32
size before pgbench of pgbench_tellers_pkey: 152
size before pgbench of pgbench_accounts_pkey: 658092
size before pgbench of pgbench_history: 0
total size before pgbench: 658356
+ /usr/local/pgsql/bin/pgbench -T 60 -S -c 64 -j 4 -r
Linux 3.16.0-4-amd64 (Debian-83-jessie-64-minimal) 	12.08.16 	_x86_64_	(8 CPU)

starting vacuum...end.
transaction type: <builtin: select only>
scaling factor: 300
query mode: simple
number of clients: 64
number of threads: 4
duration: 60 s
number of transactions actually processed: 5094890
latency average: 0.754 ms
tps = 84831.288653 (including connections establishing)
tps = 84834.619461 (excluding connections establishing)
script statistics:
 - statement latencies in milliseconds:
         0.001  \set aid random(1, 100000 * :scale)
         0.755  SELECT abalance FROM pgbench_accounts WHERE aid = :aid;
avg-cpu:  %user   %nice %system %iowait  %steal   %idle
          51,45    0,00   10,70    3,64    0,00   34,20

Device:         rrqm/s   wrqm/s     r/s     w/s    rkB/s    wkB/s avgrq-sz avgqu-sz   await r_await w_await  svctm  %util
sdb               0,00     0,63   24,33    1,99   240,71    11,63    19,17     4,92  186,73  199,62   29,07   4,71  12,40
sda               0,00     0,63   25,32    1,99   248,04    11,63    19,02     3,90  142,86  151,67   30,70   5,08  13,88
md0               0,00     0,00    0,01    0,00     0,04     0,00     8,00     0,00    0,00    0,00    0,00   0,00   0,00
md1               0,00     0,00    0,00    0,00     0,00     0,00     0,00     0,00    0,00    0,00    0,00   0,00   0,00
md2               0,00     0,00   49,70    1,24   488,71     8,58    19,52     0,00    0,00    0,00    0,00   0,00   0,00
md3               0,00     0,00    0,00    0,10     0,00     0,40     8,00     0,00    0,00    0,00    0,00   0,00   0,00

Control File Changes
--- /usr/local/oldpgsql/2012-10-02-REL9_3_0~1099/before.controldata	2016-08-12 22:48:18.007281814 +0200
+++ /usr/local/oldpgsql/2012-10-02-REL9_3_0~1099/after.controldata	2016-08-12 22:49:48.251467618 +0200
@@ -5,4 +5,4 @@
-pg_control last modified:             Fri Aug 12 20:48:17 2016
-Latest checkpoint location:           2/CE8CBB18
-Prior checkpoint location:            2/CE8CBAB8
-Latest checkpoint's REDO location:    2/CE8CBB18
+pg_control last modified:             Fri Aug 12 20:49:48 2016
+Latest checkpoint location:           2/CE8CD308
+Prior checkpoint location:            2/CE8CBB18
+Latest checkpoint's REDO location:    2/CE8CD308
@@ -12,2 +12,2 @@
-Latest checkpoint's NextXID:          0/618110
-Latest checkpoint's NextOID:          16469
+Latest checkpoint's NextXID:          0/618111
+Latest checkpoint's NextOID:          24661
@@ -19 +19 @@
-Time of latest checkpoint:            Fri Aug 12 20:48:17 2016
+Time of latest checkpoint:            Fri Aug 12 20:49:48 2016
size after pgbench of pgbench_tellers: 8
size after pgbench of pgbench_branches: 8
size after pgbench of pgbench_accounts: 64
size after pgbench of pgbench_branches_pkey: 32
size after pgbench of pgbench_tellers_pkey: 152
size after pgbench of pgbench_accounts_pkey: 658092
size after pgbench of pgbench_history: 0
total size after pgbench: 658356
End Time: 2016-08-12 20:49:48+00:00
========================================================================
========================================================================
Testing 2012-10-02-REL9_3_0~1099
Start Time: 2016-08-13 02:15:19+00:00
Shared Buffers:  260000
size before pgbench of pgbench_tellers: 8
size before pgbench of pgbench_branches: 8
size before pgbench of pgbench_accounts: 64
size before pgbench of pgbench_branches_pkey: 32
size before pgbench of pgbench_tellers_pkey: 152
size before pgbench of pgbench_accounts_pkey: 658092
size before pgbench of pgbench_history: 0
total size before pgbench: 658356
Linux 3.16.0-4-amd64 (Debian-83-jessie-64-minimal) 	13.08.16 	_x86_64_	(8 CPU)

starting vacuum...end.
transaction type: <builtin: select only>
scaling factor: 300
query mode: simple
number of clients: 48
number of threads: 4
duration: 60 s
number of transactions actually processed: 5403868
latency average: 0.533 ms
tps = 90007.680821 (including connections establishing)
tps = 90011.135944 (excluding connections establishing)
script statistics:
 - statement latencies in milliseconds:
         0.001  \set aid random(1, 100000 * :scale)
         0.535  SELECT abalance FROM pgbench_accounts WHERE aid = :aid;
avg-cpu:  %user   %nice %system %iowait  %steal   %idle
          52,50    0,00   10,32    3,09    0,00   34,09

Device:         rrqm/s   wrqm/s     r/s     w/s    rkB/s    wkB/s avgrq-sz avgqu-sz   await r_await w_await  svctm  %util
sdb               0,00     0,71   24,46    2,08   237,07    12,15    18,79     3,65  137,65  146,60   32,26   4,61  12,22
sda               0,00     0,71   25,64    2,08   251,64    12,15    19,03     2,72   97,96  103,75   26,48   4,85  13,44
md0               0,00     0,00    0,00    0,00     0,00     0,00     0,00     0,00    0,00    0,00    0,00   0,00   0,00
md1               0,00     0,00    0,00    0,00     0,00     0,00     0,00     0,00    0,00    0,00    0,00   0,00   0,00
md2               0,00     0,00   50,13    1,33   488,71     8,93    19,34     0,00    0,00    0,00    0,00   0,00   0,00
md3               0,00     0,00    0,00    0,10     0,00     0,40     8,00     0,00    0,00    0,00    0,00   0,00   0,00

Control File Changes
--- /usr/local/oldpgsql/2012-10-02-REL9_3_0~1099/before.controldata	2016-08-13 04:16:33.545310278 +0200
+++ /usr/local/oldpgsql/2012-10-02-REL9_3_0~1099/after.controldata	2016-08-13 04:18:03.789496020 +0200
@@ -5,4 +5,4 @@
-pg_control last modified:             Sat Aug 13 02:16:33 2016
-Latest checkpoint location:           2/CE8CD3C8
-Prior checkpoint location:            2/CE8CD368
-Latest checkpoint's REDO location:    2/CE8CD3C8
+pg_control last modified:             Sat Aug 13 02:18:03 2016
+Latest checkpoint location:           2/CE8CEC60
+Prior checkpoint location:            2/CE8CD3C8
+Latest checkpoint's REDO location:    2/CE8CEC60
@@ -12,2 +12,2 @@
-Latest checkpoint's NextXID:          0/618111
-Latest checkpoint's NextOID:          16470
+Latest checkpoint's NextXID:          0/618112
+Latest checkpoint's NextOID:          24662
@@ -19 +19 @@
-Time of latest checkpoint:            Sat Aug 13 02:16:33 2016
+Time of latest checkpoint:            Sat Aug 13 02:18:03 2016
size after pgbench of pgbench_tellers: 8
size after pgbench of pgbench_branches: 8
size after pgbench of pgbench_accounts: 64
size after pgbench of pgbench_branches_pkey: 32
size after pgbench of pgbench_tellers_pkey: 152
size after pgbench of pgbench_accounts_pkey: 658092
size after pgbench of pgbench_history: 0
total size after pgbench: 658356
End Time: 2016-08-13 02:18:03+00:00
========================================================================
========================================================================
Testing 2012-10-02-REL9_3_0~1099
Start Time: 2016-08-13 14:24:14+00:00
Shared Buffers:  260000
size before pgbench of pgbench_tellers: 8
size before pgbench of pgbench_branches: 8
size before pgbench of pgbench_accounts: 64
size before pgbench of pgbench_branches_pkey: 32
size before pgbench of pgbench_tellers_pkey: 152
size before pgbench of pgbench_accounts_pkey: 658092
size before pgbench of pgbench_history: 0
total size before pgbench: 658356
Linux 3.16.0-4-amd64 (Debian-83-jessie-64-minimal) 	13.08.16 	_x86_64_	(8 CPU)

starting vacuum...end.
transaction type: <builtin: select only>
scaling factor: 300
query mode: simple
number of clients: 48
number of threads: 4
duration: 60 s
number of transactions actually processed: 5438086
latency average: 0.530 ms
tps = 90591.889525 (including connections establishing)
tps = 90595.807890 (excluding connections establishing)
script statistics:
 - statement latencies in milliseconds:
         0.001  \set aid random(1, 100000 * :scale)
         0.532  SELECT abalance FROM pgbench_accounts WHERE aid = :aid;
avg-cpu:  %user   %nice %system %iowait  %steal   %idle
          53,01    0,00   10,35    2,66    0,00   33,98

Device:         rrqm/s   wrqm/s     r/s     w/s    rkB/s    wkB/s avgrq-sz avgqu-sz   await r_await w_await  svctm  %util
sdb               0,00     0,66   23,92    2,10   235,51    12,00    19,02     3,02  116,23  124,10   26,62   4,49  11,68
sda               0,00     0,66   25,88    2,10   253,60    12,00    18,99     2,64   94,48  100,46   20,83   4,73  13,24
md0               0,00     0,00    0,00    0,00     0,00     0,00     0,00     0,00    0,00    0,00    0,00   0,00   0,00
md1               0,00     0,00    0,00    0,00     0,00     0,00     0,00     0,00    0,00    0,00    0,00   0,00   0,00
md2               0,00     0,00   49,81    1,29   488,71     8,76    19,47     0,00    0,00    0,00    0,00   0,00   0,00
md3               0,00     0,00    0,00    0,10     0,00     0,40     8,00     0,00    0,00    0,00    0,00   0,00   0,00

Control File Changes
--- /usr/local/oldpgsql/2012-10-02-REL9_3_0~1099/before.controldata	2016-08-13 16:25:28.123560993 +0200
+++ /usr/local/oldpgsql/2012-10-02-REL9_3_0~1099/after.controldata	2016-08-13 16:26:58.399373467 +0200
@@ -5,4 +5,4 @@
-pg_control last modified:             Sat Aug 13 14:25:27 2016
-Latest checkpoint location:           2/CE8CED20
-Prior checkpoint location:            2/CE8CECC0
-Latest checkpoint's REDO location:    2/CE8CED20
+pg_control last modified:             Sat Aug 13 14:26:58 2016
+Latest checkpoint location:           2/CE8D0660
+Prior checkpoint location:            2/CE8CED20
+Latest checkpoint's REDO location:    2/CE8D0660
@@ -12,2 +12,2 @@
-Latest checkpoint's NextXID:          0/618112
-Latest checkpoint's NextOID:          16471
+Latest checkpoint's NextXID:          0/618113
+Latest checkpoint's NextOID:          24663
@@ -19 +19 @@
-Time of latest checkpoint:            Sat Aug 13 14:25:27 2016
+Time of latest checkpoint:            Sat Aug 13 14:26:58 2016
size after pgbench of pgbench_tellers: 8
size after pgbench of pgbench_branches: 8
size after pgbench of pgbench_accounts: 64
size after pgbench of pgbench_branches_pkey: 32
size after pgbench of pgbench_tellers_pkey: 152
size after pgbench of pgbench_accounts_pkey: 658092
size after pgbench of pgbench_history: 0
total size after pgbench: 658356
End Time: 2016-08-13 14:26:58+00:00
========================================================================
========================================================================
Testing 2012-10-02-REL9_3_0~1099
Start Time: 2016-08-15 12:56:15+00:00
Shared Buffers:  260000
size before pgbench of pgbench_tellers: 8
size before pgbench of pgbench_branches: 8
size before pgbench of pgbench_accounts: 64
size before pgbench of pgbench_branches_pkey: 32
size before pgbench of pgbench_tellers_pkey: 152
size before pgbench of pgbench_accounts_pkey: 658092
size before pgbench of pgbench_history: 0
total size before pgbench: 658356
Linux 3.16.0-4-amd64 (Debian-83-jessie-64-minimal) 	15.08.16 	_x86_64_	(8 CPU)

starting vacuum...end.
transaction type: <builtin: TPC-B (sort of)>
scaling factor: 300
query mode: simple
number of clients: 32
number of threads: 4
duration: 900 s
number of transactions actually processed: 297221
latency average: 96.898 ms
tps = 329.461190 (including connections establishing)
tps = 329.461978 (excluding connections establishing)
script statistics:
 - statement latencies in milliseconds:
         0.001  \set aid random(1, 100000 * :scale)
         0.001  \set bid random(1, 1 * :scale)
         0.001  \set tid random(1, 10 * :scale)
         0.001  \set delta random(-5000, 5000)
         0.314  BEGIN;
         0.743  UPDATE pgbench_accounts SET abalance = abalance + :delta WHERE aid = :aid;
         0.397  SELECT abalance FROM pgbench_accounts WHERE aid = :aid;
         0.856  UPDATE pgbench_tellers SET tbalance = tbalance + :delta WHERE tid = :tid;
         5.176  UPDATE pgbench_branches SET bbalance = bbalance + :delta WHERE bid = :bid;
         0.241  INSERT INTO pgbench_history (tid, bid, aid, delta, mtime) VALUES (:tid, :bid, :aid, :delta, CURRENT_TIMESTAMP);
        89.680  END;
avg-cpu:  %user   %nice %system %iowait  %steal   %idle
           3,05    0,00    0,82    9,71    0,00   86,42

Device:         rrqm/s   wrqm/s     r/s     w/s    rkB/s    wkB/s avgrq-sz avgqu-sz   await r_await w_await  svctm  %util
sdb               0,00     1,90    0,42  354,40     4,40  6253,12    35,27    70,25  197,99   43,28  198,17   2,22  78,69
sda               0,02     1,90    3,41  354,40    34,43  6253,12    35,14    68,44  191,28   26,53  192,86   2,31  82,50
md0               0,00     0,00    0,07    0,00     0,28     0,00     8,00     0,00    0,00    0,00    0,00   0,00   0,00
md1               0,00     0,00    0,00    0,00     0,00     0,00     0,00     0,00    0,00    0,00    0,00   0,00   0,00
md2               0,00     0,00    3,78  355,43    38,54  6250,91    35,02     0,00    0,00    0,00    0,00   0,00   0,00
md3               0,00     0,00    0,00    0,01     0,00     0,04     8,00     0,00    0,00    0,00    0,00   0,00   0,00

Control File Changes
--- /usr/local/oldpgsql/2012-10-02-REL9_3_0~1099/before.controldata	2016-08-15 14:57:30.836328000 +0200
+++ /usr/local/oldpgsql/2012-10-02-REL9_3_0~1099/after.controldata	2016-08-15 15:13:50.534702291 +0200
@@ -5,5 +5,5 @@
-pg_control last modified:             Mon Aug 15 12:57:30 2016
-Latest checkpoint location:           2/CE8D0720
-Prior checkpoint location:            2/CE8D06C0
-Latest checkpoint's REDO location:    2/CE8D0720
-Latest checkpoint's REDO WAL file:    0000000100000002000000CE
+pg_control last modified:             Mon Aug 15 13:13:50 2016
+Latest checkpoint location:           3/7C0E7A68
+Prior checkpoint location:            3/7C0E7A08
+Latest checkpoint's REDO location:    3/7C0E7A68
+Latest checkpoint's REDO WAL file:    00000001000000030000007C
@@ -12,2 +12,2 @@
-Latest checkpoint's NextXID:          0/618113
-Latest checkpoint's NextOID:          16472
+Latest checkpoint's NextXID:          0/915376
+Latest checkpoint's NextOID:          24664
@@ -19 +19 @@
-Time of latest checkpoint:            Mon Aug 15 12:57:30 2016
+Time of latest checkpoint:            Mon Aug 15 13:13:00 2016
size after pgbench of pgbench_tellers: 8
size after pgbench of pgbench_branches: 8
size after pgbench of pgbench_accounts: 64
size after pgbench of pgbench_branches_pkey: 32
size after pgbench of pgbench_tellers_pkey: 152
size after pgbench of pgbench_accounts_pkey: 658092
size after pgbench of pgbench_history: 24
total size after pgbench: 658380
End Time: 2016-08-15 13:13:50+00:00
========================================================================
========================================================================
Testing 2012-10-02-REL9_3_0~1099
Start Time: 2016-08-18 20:35:27+00:00
Shared Buffers:  260000
size before pgbench of pgbench_tellers: 8
size before pgbench of pgbench_branches: 8
size before pgbench of pgbench_accounts: 64
size before pgbench of pgbench_branches_pkey: 32
size before pgbench of pgbench_tellers_pkey: 152
size before pgbench of pgbench_accounts_pkey: 658092
size before pgbench of pgbench_history: 24
total size before pgbench: 658380
Linux 4.6.0-1-amd64 (Debian-83-jessie-64-minimal) 	18.08.16 	_x86_64_	(8 CPU)

starting vacuum...end.
transaction type: <builtin: TPC-B (sort of)>
scaling factor: 300
query mode: simple
number of clients: 32
number of threads: 4
duration: 900 s
number of transactions actually processed: 374361
latency average: 76.931 ms
tps = 415.664238 (including connections establishing)
tps = 415.665269 (excluding connections establishing)
script statistics:
 - statement latencies in milliseconds:
         0.001  \set aid random(1, 100000 * :scale)
         0.001  \set bid random(1, 1 * :scale)
         0.001  \set tid random(1, 10 * :scale)
         0.001  \set delta random(-5000, 5000)
         0.357  BEGIN;
         0.702  UPDATE pgbench_accounts SET abalance = abalance + :delta WHERE aid = :aid;
         0.465  SELECT abalance FROM pgbench_accounts WHERE aid = :aid;
         0.822  UPDATE pgbench_tellers SET tbalance = tbalance + :delta WHERE tid = :tid;
         3.957  UPDATE pgbench_branches SET bbalance = bbalance + :delta WHERE bid = :bid;
         0.276  INSERT INTO pgbench_history (tid, bid, aid, delta, mtime) VALUES (:tid, :bid, :aid, :delta, CURRENT_TIMESTAMP);
        70.681  END;
avg-cpu:  %user   %nice %system %iowait  %steal   %idle
           3,99    0,00    1,05   20,82    0,00   74,14

Device:         rrqm/s   wrqm/s     r/s     w/s    rkB/s    wkB/s avgrq-sz avgqu-sz   await r_await w_await  svctm  %util
sdb               0,00     6,48    0,08  386,06     0,67  6777,78    35,11    55,41  143,42   33,30  143,44   2,09  80,77
sda               0,04     6,46    1,08  386,23     9,50  6778,92    35,05    51,46  132,86   21,74  133,17   1,98  76,88
md0               0,00     0,00    0,14    0,00     0,56     0,00     8,00     0,00    0,00    0,00    0,00   0,00   0,00
md1               0,00     0,00    0,00    0,00     0,00     0,00     0,00     0,00    0,00    0,00    0,00   0,00   0,00
md2               0,00     0,00    1,07  402,62     9,60  6865,81    34,06     0,00    0,00    0,00    0,00   0,00   0,00
md3               0,00     0,00    0,00    0,01     0,00     0,04     8,00     0,00    0,00    0,00    0,00   0,00   0,00

Control File Changes
--- /usr/local/oldpgsql/2012-10-02-REL9_3_0~1099/before.controldata	2016-08-18 22:38:04.824384702 +0200
+++ /usr/local/oldpgsql/2012-10-02-REL9_3_0~1099/after.controldata	2016-08-18 22:55:44.229719776 +0200
@@ -5,5 +5,5 @@
-pg_control last modified:             Thu Aug 18 20:38:04 2016
-Latest checkpoint location:           3/E76755E0
-Prior checkpoint location:            3/E7675580
-Latest checkpoint's REDO location:    3/E76755E0
-Latest checkpoint's REDO WAL file:    0000000100000003000000E7
+pg_control last modified:             Thu Aug 18 20:55:43 2016
+Latest checkpoint location:           4/AF2ED740
+Prior checkpoint location:            4/AF2ED6E0
+Latest checkpoint's REDO location:    4/AF2ED740
+Latest checkpoint's REDO WAL file:    0000000100000004000000AF
@@ -12,2 +12,2 @@
-Latest checkpoint's NextXID:          0/915376
-Latest checkpoint's NextOID:          16473
+Latest checkpoint's NextXID:          0/1289779
+Latest checkpoint's NextOID:          24665
@@ -19 +19 @@
-Time of latest checkpoint:            Thu Aug 18 20:38:04 2016
+Time of latest checkpoint:            Thu Aug 18 20:54:38 2016
size after pgbench of pgbench_tellers: 8
size after pgbench of pgbench_branches: 8
size after pgbench of pgbench_accounts: 64
size after pgbench of pgbench_branches_pkey: 32
size after pgbench of pgbench_tellers_pkey: 152
size after pgbench of pgbench_accounts_pkey: 658092
size after pgbench of pgbench_history: 24
total size after pgbench: 658380
End Time: 2016-08-18 20:55:44+00:00
========================================================================
========================================================================
Testing 2012-10-02-REL9_3_0~1099
Start Time: 2016-08-21 09:04:31+00:00
Shared Buffers:  260000
size before pgbench of pgbench_tellers: 8
size before pgbench of pgbench_branches: 8
size before pgbench of pgbench_accounts: 64
size before pgbench of pgbench_branches_pkey: 32
size before pgbench of pgbench_tellers_pkey: 152
size before pgbench of pgbench_accounts_pkey: 658092
size before pgbench of pgbench_history: 24
total size before pgbench: 658380
starting vacuum...Linux 4.6.0-1-amd64 (Debian-83-jessie-64-minimal) 	21.08.16 	_x86_64_	(8 CPU)

end.
transaction type: <builtin: TPC-B (sort of)>
scaling factor: 300
query mode: simple
number of clients: 32
number of threads: 4
duration: 900 s
number of transactions actually processed: 348943
latency average: 82.535 ms
tps = 387.573310 (including connections establishing)
tps = 387.574297 (excluding connections establishing)
script statistics:
 - statement latencies in milliseconds:
         0.002  \set aid random(1, 100000 * :scale)
         0.001  \set bid random(1, 1 * :scale)
         0.001  \set tid random(1, 10 * :scale)
         0.001  \set delta random(-5000, 5000)
         0.389  BEGIN;
         0.709  UPDATE pgbench_accounts SET abalance = abalance + :delta WHERE aid = :aid;
         0.511  SELECT abalance FROM pgbench_accounts WHERE aid = :aid;
         1.028  UPDATE pgbench_tellers SET tbalance = tbalance + :delta WHERE tid = :tid;
         4.402  UPDATE pgbench_branches SET bbalance = bbalance + :delta WHERE bid = :bid;
         0.307  INSERT INTO pgbench_history (tid, bid, aid, delta, mtime) VALUES (:tid, :bid, :aid, :delta, CURRENT_TIMESTAMP);
        75.499  END;
avg-cpu:  %user   %nice %system %iowait  %steal   %idle
           4,05    0,00    1,07   19,99    0,00   74,90

Device:         rrqm/s   wrqm/s     r/s     w/s    rkB/s    wkB/s avgrq-sz avgqu-sz   await r_await w_await  svctm  %util
sdb               0,01     2,05    0,04  351,84     0,42  5992,93    34,06    54,08  153,68   20,82  153,70   2,15  75,73
sda               0,06     2,05    0,29  351,76     2,62  5992,13    34,06    51,27  145,49   17,99  145,59   2,20  77,59
md0               0,00     0,00    0,15    0,00     0,61     0,00     8,00     0,00    0,00    0,00    0,00   0,00   0,00
md1               0,00     0,00    0,00    0,00     0,00     0,00     0,00     0,00    0,00    0,00    0,00   0,00   0,00
md2               0,00     0,00    0,25  354,10     2,42  5997,12    33,86     0,00    0,00    0,00    0,00   0,00   0,00
md3               0,00     0,00    0,00    0,01     0,00     0,04     8,00     0,00    0,00    0,00    0,00   0,00   0,00

Control File Changes
--- /usr/local/oldpgsql/2012-10-02-REL9_3_0~1099/before.controldata	2016-08-21 11:07:37.383771690 +0200
+++ /usr/local/oldpgsql/2012-10-02-REL9_3_0~1099/after.controldata	2016-08-21 11:24:12.073861540 +0200
@@ -5,5 +5,5 @@
-pg_control last modified:             Sun Aug 21 09:07:37 2016
-Latest checkpoint location:           5/2DB1DAE0
-Prior checkpoint location:            5/2C551708
-Latest checkpoint's REDO location:    5/2DB1DAE0
-Latest checkpoint's REDO WAL file:    00000001000000050000002D
+pg_control last modified:             Sun Aug 21 09:24:11 2016
+Latest checkpoint location:           5/DE899898
+Prior checkpoint location:            5/DE899838
+Latest checkpoint's REDO location:    5/DE899898
+Latest checkpoint's REDO WAL file:    0000000100000005000000DE
@@ -12,2 +12,2 @@
-Latest checkpoint's NextXID:          0/1289779
-Latest checkpoint's NextOID:          16474
+Latest checkpoint's NextXID:          0/1638765
+Latest checkpoint's NextOID:          24666
@@ -19 +19 @@
-Time of latest checkpoint:            Sun Aug 21 09:07:36 2016
+Time of latest checkpoint:            Sun Aug 21 09:23:26 2016
size after pgbench of pgbench_tellers: 8
size after pgbench of pgbench_branches: 8
size after pgbench of pgbench_accounts: 64
size after pgbench of pgbench_branches_pkey: 32
size after pgbench of pgbench_tellers_pkey: 152
size after pgbench of pgbench_accounts_pkey: 658092
size after pgbench of pgbench_history: 24
total size after pgbench: 658380
End Time: 2016-08-21 09:24:12+00:00
========================================================================
