creating tables...
100000 of 30000000 tuples (0%) done (elapsed 0.09 s, remaining 26.22 s)
200000 of 30000000 tuples (0%) done (elapsed 0.17 s, remaining 24.97 s)
300000 of 30000000 tuples (1%) done (elapsed 0.23 s, remaining 23.25 s)
400000 of 30000000 tuples (1%) done (elapsed 0.30 s, remaining 22.10 s)
500000 of 30000000 tuples (1%) done (elapsed 0.36 s, remaining 21.05 s)
600000 of 30000000 tuples (2%) done (elapsed 0.42 s, remaining 20.59 s)
700000 of 30000000 tuples (2%) done (elapsed 0.48 s, remaining 20.27 s)
800000 of 30000000 tuples (2%) done (elapsed 0.55 s, remaining 19.99 s)
900000 of 30000000 tuples (3%) done (elapsed 0.61 s, remaining 19.77 s)
1000000 of 30000000 tuples (3%) done (elapsed 0.68 s, remaining 19.64 s)
1100000 of 30000000 tuples (3%) done (elapsed 0.75 s, remaining 19.62 s)
1200000 of 30000000 tuples (4%) done (elapsed 0.82 s, remaining 19.59 s)
1300000 of 30000000 tuples (4%) done (elapsed 0.89 s, remaining 19.55 s)
1400000 of 30000000 tuples (4%) done (elapsed 0.95 s, remaining 19.51 s)
1500000 of 30000000 tuples (5%) done (elapsed 1.02 s, remaining 19.46 s)
1600000 of 30000000 tuples (5%) done (elapsed 1.09 s, remaining 19.42 s)
1700000 of 30000000 tuples (5%) done (elapsed 1.16 s, remaining 19.27 s)
1800000 of 30000000 tuples (6%) done (elapsed 1.23 s, remaining 19.22 s)
1900000 of 30000000 tuples (6%) done (elapsed 1.30 s, remaining 19.17 s)
2000000 of 30000000 tuples (6%) done (elapsed 1.37 s, remaining 19.12 s)
2100000 of 30000000 tuples (7%) done (elapsed 1.43 s, remaining 19.06 s)
2200000 of 30000000 tuples (7%) done (elapsed 1.50 s, remaining 19.01 s)
2300000 of 30000000 tuples (7%) done (elapsed 1.57 s, remaining 18.95 s)
2400000 of 30000000 tuples (8%) done (elapsed 1.64 s, remaining 18.89 s)
2500000 of 30000000 tuples (8%) done (elapsed 1.71 s, remaining 18.83 s)
2600000 of 30000000 tuples (8%) done (elapsed 1.78 s, remaining 18.77 s)
2700000 of 30000000 tuples (9%) done (elapsed 1.85 s, remaining 18.71 s)
2800000 of 30000000 tuples (9%) done (elapsed 1.92 s, remaining 18.65 s)
2900000 of 30000000 tuples (9%) done (elapsed 1.99 s, remaining 18.59 s)
3000000 of 30000000 tuples (10%) done (elapsed 2.06 s, remaining 18.53 s)
3100000 of 30000000 tuples (10%) done (elapsed 2.12 s, remaining 18.42 s)
3200000 of 30000000 tuples (10%) done (elapsed 2.19 s, remaining 18.36 s)
3300000 of 30000000 tuples (11%) done (elapsed 2.26 s, remaining 18.30 s)
3400000 of 30000000 tuples (11%) done (elapsed 2.33 s, remaining 18.24 s)
3500000 of 30000000 tuples (11%) done (elapsed 2.40 s, remaining 18.17 s)
3600000 of 30000000 tuples (12%) done (elapsed 2.47 s, remaining 18.11 s)
3700000 of 30000000 tuples (12%) done (elapsed 2.54 s, remaining 18.05 s)
3800000 of 30000000 tuples (12%) done (elapsed 2.61 s, remaining 17.98 s)
3900000 of 30000000 tuples (13%) done (elapsed 2.68 s, remaining 17.92 s)
4000000 of 30000000 tuples (13%) done (elapsed 2.75 s, remaining 17.85 s)
4100000 of 30000000 tuples (13%) done (elapsed 2.82 s, remaining 17.79 s)
4200000 of 30000000 tuples (14%) done (elapsed 2.88 s, remaining 17.72 s)
4300000 of 30000000 tuples (14%) done (elapsed 2.95 s, remaining 17.62 s)
4400000 of 30000000 tuples (14%) done (elapsed 3.02 s, remaining 17.55 s)
4500000 of 30000000 tuples (15%) done (elapsed 3.09 s, remaining 17.49 s)
4600000 of 30000000 tuples (15%) done (elapsed 3.15 s, remaining 17.42 s)
4700000 of 30000000 tuples (15%) done (elapsed 3.22 s, remaining 17.35 s)
4800000 of 30000000 tuples (16%) done (elapsed 3.29 s, remaining 17.29 s)
4900000 of 30000000 tuples (16%) done (elapsed 3.36 s, remaining 17.22 s)
5000000 of 30000000 tuples (16%) done (elapsed 3.43 s, remaining 17.16 s)
5100000 of 30000000 tuples (17%) done (elapsed 3.50 s, remaining 17.09 s)
5200000 of 30000000 tuples (17%) done (elapsed 3.57 s, remaining 17.02 s)
5300000 of 30000000 tuples (17%) done (elapsed 3.64 s, remaining 16.96 s)
5400000 of 30000000 tuples (18%) done (elapsed 3.71 s, remaining 16.89 s)
5500000 of 30000000 tuples (18%) done (elapsed 3.78 s, remaining 16.83 s)
5600000 of 30000000 tuples (18%) done (elapsed 3.84 s, remaining 16.74 s)
5700000 of 30000000 tuples (19%) done (elapsed 3.91 s, remaining 16.67 s)
5800000 of 30000000 tuples (19%) done (elapsed 3.98 s, remaining 16.61 s)
5900000 of 30000000 tuples (19%) done (elapsed 4.05 s, remaining 16.54 s)
6000000 of 30000000 tuples (20%) done (elapsed 4.12 s, remaining 16.48 s)
6100000 of 30000000 tuples (20%) done (elapsed 4.19 s, remaining 16.41 s)
6200000 of 30000000 tuples (20%) done (elapsed 4.26 s, remaining 16.34 s)
6300000 of 30000000 tuples (21%) done (elapsed 4.33 s, remaining 16.28 s)
6400000 of 30000000 tuples (21%) done (elapsed 4.40 s, remaining 16.21 s)
6500000 of 30000000 tuples (21%) done (elapsed 4.47 s, remaining 16.14 s)
6600000 of 30000000 tuples (22%) done (elapsed 4.54 s, remaining 16.08 s)
6700000 of 30000000 tuples (22%) done (elapsed 4.60 s, remaining 16.01 s)
6800000 of 30000000 tuples (22%) done (elapsed 4.67 s, remaining 15.93 s)
6900000 of 30000000 tuples (23%) done (elapsed 4.74 s, remaining 15.87 s)
7000000 of 30000000 tuples (23%) done (elapsed 4.81 s, remaining 15.80 s)
7100000 of 30000000 tuples (23%) done (elapsed 4.88 s, remaining 15.73 s)
7200000 of 30000000 tuples (24%) done (elapsed 4.95 s, remaining 15.67 s)
7300000 of 30000000 tuples (24%) done (elapsed 5.02 s, remaining 15.60 s)
7400000 of 30000000 tuples (24%) done (elapsed 5.08 s, remaining 15.52 s)
7500000 of 30000000 tuples (25%) done (elapsed 5.15 s, remaining 15.45 s)
7600000 of 30000000 tuples (25%) done (elapsed 5.22 s, remaining 15.39 s)
7700000 of 30000000 tuples (25%) done (elapsed 5.29 s, remaining 15.32 s)
7800000 of 30000000 tuples (26%) done (elapsed 5.36 s, remaining 15.25 s)
7900000 of 30000000 tuples (26%) done (elapsed 5.43 s, remaining 15.19 s)
8000000 of 30000000 tuples (26%) done (elapsed 5.50 s, remaining 15.12 s)
8100000 of 30000000 tuples (27%) done (elapsed 5.57 s, remaining 15.05 s)
8200000 of 30000000 tuples (27%) done (elapsed 5.64 s, remaining 14.99 s)
8300000 of 30000000 tuples (27%) done (elapsed 5.71 s, remaining 14.92 s)
8400000 of 30000000 tuples (28%) done (elapsed 5.78 s, remaining 14.85 s)
8500000 of 30000000 tuples (28%) done (elapsed 5.84 s, remaining 14.78 s)
8600000 of 30000000 tuples (28%) done (elapsed 5.91 s, remaining 14.70 s)
8700000 of 30000000 tuples (29%) done (elapsed 5.98 s, remaining 14.63 s)
8800000 of 30000000 tuples (29%) done (elapsed 6.05 s, remaining 14.57 s)
8900000 of 30000000 tuples (29%) done (elapsed 6.12 s, remaining 14.50 s)
9000000 of 30000000 tuples (30%) done (elapsed 6.18 s, remaining 14.43 s)
9100000 of 30000000 tuples (30%) done (elapsed 6.25 s, remaining 14.36 s)
9200000 of 30000000 tuples (30%) done (elapsed 6.32 s, remaining 14.30 s)
9300000 of 30000000 tuples (31%) done (elapsed 6.39 s, remaining 14.23 s)
9400000 of 30000000 tuples (31%) done (elapsed 6.46 s, remaining 14.16 s)
9500000 of 30000000 tuples (31%) done (elapsed 6.53 s, remaining 14.09 s)
9600000 of 30000000 tuples (32%) done (elapsed 6.60 s, remaining 14.03 s)
9700000 of 30000000 tuples (32%) done (elapsed 6.67 s, remaining 13.96 s)
9800000 of 30000000 tuples (32%) done (elapsed 6.73 s, remaining 13.88 s)
9900000 of 30000000 tuples (33%) done (elapsed 6.80 s, remaining 13.81 s)
10000000 of 30000000 tuples (33%) done (elapsed 6.87 s, remaining 13.74 s)
10100000 of 30000000 tuples (33%) done (elapsed 6.93 s, remaining 13.66 s)
10200000 of 30000000 tuples (34%) done (elapsed 7.00 s, remaining 13.59 s)
10300000 of 30000000 tuples (34%) done (elapsed 7.06 s, remaining 13.51 s)
10400000 of 30000000 tuples (34%) done (elapsed 7.13 s, remaining 13.44 s)
10500000 of 30000000 tuples (35%) done (elapsed 7.19 s, remaining 13.36 s)
10600000 of 30000000 tuples (35%) done (elapsed 7.26 s, remaining 13.28 s)
10700000 of 30000000 tuples (35%) done (elapsed 7.32 s, remaining 13.21 s)
10800000 of 30000000 tuples (36%) done (elapsed 7.38 s, remaining 13.13 s)
10900000 of 30000000 tuples (36%) done (elapsed 7.45 s, remaining 13.06 s)
11000000 of 30000000 tuples (36%) done (elapsed 7.51 s, remaining 12.98 s)
11100000 of 30000000 tuples (37%) done (elapsed 7.58 s, remaining 12.91 s)
11200000 of 30000000 tuples (37%) done (elapsed 7.64 s, remaining 12.83 s)
11300000 of 30000000 tuples (37%) done (elapsed 7.71 s, remaining 12.76 s)
11400000 of 30000000 tuples (38%) done (elapsed 7.77 s, remaining 12.68 s)
11500000 of 30000000 tuples (38%) done (elapsed 7.84 s, remaining 12.61 s)
11600000 of 30000000 tuples (38%) done (elapsed 7.90 s, remaining 12.53 s)
11700000 of 30000000 tuples (39%) done (elapsed 7.97 s, remaining 12.46 s)
11800000 of 30000000 tuples (39%) done (elapsed 8.03 s, remaining 12.38 s)
11900000 of 30000000 tuples (39%) done (elapsed 8.10 s, remaining 12.31 s)
12000000 of 30000000 tuples (40%) done (elapsed 8.16 s, remaining 12.24 s)
12100000 of 30000000 tuples (40%) done (elapsed 8.22 s, remaining 12.17 s)
12200000 of 30000000 tuples (40%) done (elapsed 8.29 s, remaining 12.09 s)
12300000 of 30000000 tuples (41%) done (elapsed 8.35 s, remaining 12.02 s)
12400000 of 30000000 tuples (41%) done (elapsed 8.42 s, remaining 11.94 s)
12500000 of 30000000 tuples (41%) done (elapsed 8.48 s, remaining 11.88 s)
12600000 of 30000000 tuples (42%) done (elapsed 8.54 s, remaining 11.80 s)
12700000 of 30000000 tuples (42%) done (elapsed 8.61 s, remaining 11.73 s)
12800000 of 30000000 tuples (42%) done (elapsed 8.67 s, remaining 11.66 s)
12900000 of 30000000 tuples (43%) done (elapsed 8.74 s, remaining 11.59 s)
13000000 of 30000000 tuples (43%) done (elapsed 8.80 s, remaining 11.51 s)
13100000 of 30000000 tuples (43%) done (elapsed 8.87 s, remaining 11.44 s)
13200000 of 30000000 tuples (44%) done (elapsed 8.93 s, remaining 11.37 s)
13300000 of 30000000 tuples (44%) done (elapsed 9.00 s, remaining 11.30 s)
13400000 of 30000000 tuples (44%) done (elapsed 9.06 s, remaining 11.22 s)
13500000 of 30000000 tuples (45%) done (elapsed 9.13 s, remaining 11.16 s)
13600000 of 30000000 tuples (45%) done (elapsed 9.19 s, remaining 11.08 s)
13700000 of 30000000 tuples (45%) done (elapsed 9.26 s, remaining 11.01 s)
13800000 of 30000000 tuples (46%) done (elapsed 9.32 s, remaining 10.94 s)
13900000 of 30000000 tuples (46%) done (elapsed 9.46 s, remaining 10.96 s)
14000000 of 30000000 tuples (46%) done (elapsed 9.55 s, remaining 10.91 s)
14100000 of 30000000 tuples (47%) done (elapsed 9.63 s, remaining 10.86 s)
14200000 of 30000000 tuples (47%) done (elapsed 9.69 s, remaining 10.78 s)
14300000 of 30000000 tuples (47%) done (elapsed 9.76 s, remaining 10.71 s)
14400000 of 30000000 tuples (48%) done (elapsed 9.82 s, remaining 10.64 s)
14500000 of 30000000 tuples (48%) done (elapsed 9.88 s, remaining 10.57 s)
14600000 of 30000000 tuples (48%) done (elapsed 9.95 s, remaining 10.50 s)
14700000 of 30000000 tuples (49%) done (elapsed 10.01 s, remaining 10.42 s)
14800000 of 30000000 tuples (49%) done (elapsed 10.08 s, remaining 10.35 s)
14900000 of 30000000 tuples (49%) done (elapsed 10.14 s, remaining 10.28 s)
15000000 of 30000000 tuples (50%) done (elapsed 10.21 s, remaining 10.21 s)
15100000 of 30000000 tuples (50%) done (elapsed 10.27 s, remaining 10.13 s)
15200000 of 30000000 tuples (50%) done (elapsed 10.34 s, remaining 10.07 s)
15300000 of 30000000 tuples (51%) done (elapsed 10.40 s, remaining 9.99 s)
15400000 of 30000000 tuples (51%) done (elapsed 10.47 s, remaining 9.92 s)
15500000 of 30000000 tuples (51%) done (elapsed 10.53 s, remaining 9.85 s)
15600000 of 30000000 tuples (52%) done (elapsed 10.60 s, remaining 9.78 s)
15700000 of 30000000 tuples (52%) done (elapsed 10.66 s, remaining 9.71 s)
15800000 of 30000000 tuples (52%) done (elapsed 10.72 s, remaining 9.64 s)
15900000 of 30000000 tuples (53%) done (elapsed 10.79 s, remaining 9.57 s)
16000000 of 30000000 tuples (53%) done (elapsed 10.85 s, remaining 9.50 s)
16100000 of 30000000 tuples (53%) done (elapsed 10.92 s, remaining 9.42 s)
16200000 of 30000000 tuples (54%) done (elapsed 10.98 s, remaining 9.35 s)
16300000 of 30000000 tuples (54%) done (elapsed 11.04 s, remaining 9.28 s)
16400000 of 30000000 tuples (54%) done (elapsed 11.11 s, remaining 9.21 s)
16500000 of 30000000 tuples (55%) done (elapsed 11.17 s, remaining 9.14 s)
16600000 of 30000000 tuples (55%) done (elapsed 11.24 s, remaining 9.07 s)
16700000 of 30000000 tuples (55%) done (elapsed 11.30 s, remaining 9.00 s)
16800000 of 30000000 tuples (56%) done (elapsed 11.37 s, remaining 8.93 s)
16900000 of 30000000 tuples (56%) done (elapsed 11.43 s, remaining 8.86 s)
17000000 of 30000000 tuples (56%) done (elapsed 11.50 s, remaining 8.79 s)
17100000 of 30000000 tuples (57%) done (elapsed 11.56 s, remaining 8.72 s)
17200000 of 30000000 tuples (57%) done (elapsed 11.62 s, remaining 8.65 s)
17300000 of 30000000 tuples (57%) done (elapsed 11.69 s, remaining 8.58 s)
17400000 of 30000000 tuples (58%) done (elapsed 11.75 s, remaining 8.51 s)
17500000 of 30000000 tuples (58%) done (elapsed 11.82 s, remaining 8.44 s)
17600000 of 30000000 tuples (58%) done (elapsed 11.88 s, remaining 8.37 s)
17700000 of 30000000 tuples (59%) done (elapsed 11.95 s, remaining 8.30 s)
17800000 of 30000000 tuples (59%) done (elapsed 12.01 s, remaining 8.23 s)
17900000 of 30000000 tuples (59%) done (elapsed 12.07 s, remaining 8.16 s)
18000000 of 30000000 tuples (60%) done (elapsed 12.14 s, remaining 8.09 s)
18100000 of 30000000 tuples (60%) done (elapsed 12.20 s, remaining 8.02 s)
18200000 of 30000000 tuples (60%) done (elapsed 12.27 s, remaining 7.95 s)
18300000 of 30000000 tuples (61%) done (elapsed 12.33 s, remaining 7.89 s)
18400000 of 30000000 tuples (61%) done (elapsed 12.40 s, remaining 7.81 s)
18500000 of 30000000 tuples (61%) done (elapsed 12.46 s, remaining 7.75 s)
18600000 of 30000000 tuples (62%) done (elapsed 12.52 s, remaining 7.68 s)
18700000 of 30000000 tuples (62%) done (elapsed 12.59 s, remaining 7.61 s)
18800000 of 30000000 tuples (62%) done (elapsed 12.65 s, remaining 7.54 s)
18900000 of 30000000 tuples (63%) done (elapsed 12.72 s, remaining 7.47 s)
19000000 of 30000000 tuples (63%) done (elapsed 12.78 s, remaining 7.40 s)
19100000 of 30000000 tuples (63%) done (elapsed 12.84 s, remaining 7.33 s)
19200000 of 30000000 tuples (64%) done (elapsed 12.91 s, remaining 7.26 s)
19300000 of 30000000 tuples (64%) done (elapsed 12.97 s, remaining 7.19 s)
19400000 of 30000000 tuples (64%) done (elapsed 13.04 s, remaining 7.12 s)
19500000 of 30000000 tuples (65%) done (elapsed 13.10 s, remaining 7.05 s)
19600000 of 30000000 tuples (65%) done (elapsed 13.17 s, remaining 6.99 s)
19700000 of 30000000 tuples (65%) done (elapsed 13.23 s, remaining 6.92 s)
19800000 of 30000000 tuples (66%) done (elapsed 13.30 s, remaining 6.85 s)
19900000 of 30000000 tuples (66%) done (elapsed 13.36 s, remaining 6.78 s)
20000000 of 30000000 tuples (66%) done (elapsed 13.43 s, remaining 6.71 s)
20100000 of 30000000 tuples (67%) done (elapsed 13.49 s, remaining 6.64 s)
20200000 of 30000000 tuples (67%) done (elapsed 13.56 s, remaining 6.58 s)
20300000 of 30000000 tuples (67%) done (elapsed 13.62 s, remaining 6.51 s)
20400000 of 30000000 tuples (68%) done (elapsed 13.68 s, remaining 6.44 s)
20500000 of 30000000 tuples (68%) done (elapsed 13.75 s, remaining 6.37 s)
20600000 of 30000000 tuples (68%) done (elapsed 13.81 s, remaining 6.30 s)
20700000 of 30000000 tuples (69%) done (elapsed 13.87 s, remaining 6.23 s)
20800000 of 30000000 tuples (69%) done (elapsed 13.94 s, remaining 6.17 s)
20900000 of 30000000 tuples (69%) done (elapsed 14.00 s, remaining 6.10 s)
21000000 of 30000000 tuples (70%) done (elapsed 14.07 s, remaining 6.03 s)
21100000 of 30000000 tuples (70%) done (elapsed 14.13 s, remaining 5.96 s)
21200000 of 30000000 tuples (70%) done (elapsed 14.20 s, remaining 5.89 s)
21300000 of 30000000 tuples (71%) done (elapsed 14.26 s, remaining 5.82 s)
21400000 of 30000000 tuples (71%) done (elapsed 14.33 s, remaining 5.76 s)
21500000 of 30000000 tuples (71%) done (elapsed 14.50 s, remaining 5.73 s)
21600000 of 30000000 tuples (72%) done (elapsed 14.58 s, remaining 5.67 s)
21700000 of 30000000 tuples (72%) done (elapsed 14.65 s, remaining 5.60 s)
21800000 of 30000000 tuples (72%) done (elapsed 14.71 s, remaining 5.53 s)
21900000 of 30000000 tuples (73%) done (elapsed 14.78 s, remaining 5.47 s)
22000000 of 30000000 tuples (73%) done (elapsed 14.84 s, remaining 5.40 s)
22100000 of 30000000 tuples (73%) done (elapsed 14.90 s, remaining 5.33 s)
22200000 of 30000000 tuples (74%) done (elapsed 14.97 s, remaining 5.26 s)
22300000 of 30000000 tuples (74%) done (elapsed 15.03 s, remaining 5.19 s)
22400000 of 30000000 tuples (74%) done (elapsed 15.10 s, remaining 5.12 s)
22500000 of 30000000 tuples (75%) done (elapsed 15.16 s, remaining 5.05 s)
22600000 of 30000000 tuples (75%) done (elapsed 15.23 s, remaining 4.99 s)
22700000 of 30000000 tuples (75%) done (elapsed 15.29 s, remaining 4.92 s)
22800000 of 30000000 tuples (76%) done (elapsed 15.36 s, remaining 4.85 s)
22900000 of 30000000 tuples (76%) done (elapsed 15.42 s, remaining 4.78 s)
23000000 of 30000000 tuples (76%) done (elapsed 15.49 s, remaining 4.71 s)
23100000 of 30000000 tuples (77%) done (elapsed 15.55 s, remaining 4.64 s)
23200000 of 30000000 tuples (77%) done (elapsed 15.62 s, remaining 4.58 s)
23300000 of 30000000 tuples (77%) done (elapsed 15.68 s, remaining 4.51 s)
23400000 of 30000000 tuples (78%) done (elapsed 15.74 s, remaining 4.44 s)
23500000 of 30000000 tuples (78%) done (elapsed 15.81 s, remaining 4.37 s)
23600000 of 30000000 tuples (78%) done (elapsed 15.87 s, remaining 4.30 s)
23700000 of 30000000 tuples (79%) done (elapsed 15.94 s, remaining 4.24 s)
23800000 of 30000000 tuples (79%) done (elapsed 16.00 s, remaining 4.17 s)
23900000 of 30000000 tuples (79%) done (elapsed 16.07 s, remaining 4.10 s)
24000000 of 30000000 tuples (80%) done (elapsed 16.14 s, remaining 4.03 s)
24100000 of 30000000 tuples (80%) done (elapsed 16.20 s, remaining 3.97 s)
24200000 of 30000000 tuples (80%) done (elapsed 16.27 s, remaining 3.90 s)
24300000 of 30000000 tuples (81%) done (elapsed 16.33 s, remaining 3.83 s)
24400000 of 30000000 tuples (81%) done (elapsed 16.40 s, remaining 3.76 s)
24500000 of 30000000 tuples (81%) done (elapsed 16.46 s, remaining 3.70 s)
24600000 of 30000000 tuples (82%) done (elapsed 16.52 s, remaining 3.63 s)
24700000 of 30000000 tuples (82%) done (elapsed 16.59 s, remaining 3.56 s)
24800000 of 30000000 tuples (82%) done (elapsed 16.65 s, remaining 3.49 s)
24900000 of 30000000 tuples (83%) done (elapsed 16.72 s, remaining 3.42 s)
25000000 of 30000000 tuples (83%) done (elapsed 16.79 s, remaining 3.36 s)
25100000 of 30000000 tuples (83%) done (elapsed 16.85 s, remaining 3.29 s)
25200000 of 30000000 tuples (84%) done (elapsed 16.91 s, remaining 3.22 s)
25300000 of 30000000 tuples (84%) done (elapsed 16.98 s, remaining 3.15 s)
25400000 of 30000000 tuples (84%) done (elapsed 17.05 s, remaining 3.09 s)
25500000 of 30000000 tuples (85%) done (elapsed 17.11 s, remaining 3.02 s)
25600000 of 30000000 tuples (85%) done (elapsed 17.18 s, remaining 2.95 s)
25700000 of 30000000 tuples (85%) done (elapsed 17.24 s, remaining 2.88 s)
25800000 of 30000000 tuples (86%) done (elapsed 17.31 s, remaining 2.82 s)
25900000 of 30000000 tuples (86%) done (elapsed 17.37 s, remaining 2.75 s)
26000000 of 30000000 tuples (86%) done (elapsed 17.43 s, remaining 2.68 s)
26100000 of 30000000 tuples (87%) done (elapsed 17.50 s, remaining 2.61 s)
26200000 of 30000000 tuples (87%) done (elapsed 17.57 s, remaining 2.55 s)
26300000 of 30000000 tuples (87%) done (elapsed 17.63 s, remaining 2.48 s)
26400000 of 30000000 tuples (88%) done (elapsed 17.69 s, remaining 2.41 s)
26500000 of 30000000 tuples (88%) done (elapsed 17.76 s, remaining 2.35 s)
26600000 of 30000000 tuples (88%) done (elapsed 17.82 s, remaining 2.28 s)
26700000 of 30000000 tuples (89%) done (elapsed 17.89 s, remaining 2.21 s)
26800000 of 30000000 tuples (89%) done (elapsed 17.95 s, remaining 2.14 s)
26900000 of 30000000 tuples (89%) done (elapsed 18.02 s, remaining 2.08 s)
27000000 of 30000000 tuples (90%) done (elapsed 18.08 s, remaining 2.01 s)
27100000 of 30000000 tuples (90%) done (elapsed 18.15 s, remaining 1.94 s)
27200000 of 30000000 tuples (90%) done (elapsed 18.21 s, remaining 1.87 s)
27300000 of 30000000 tuples (91%) done (elapsed 18.28 s, remaining 1.81 s)
27400000 of 30000000 tuples (91%) done (elapsed 18.34 s, remaining 1.74 s)
27500000 of 30000000 tuples (91%) done (elapsed 18.40 s, remaining 1.67 s)
27600000 of 30000000 tuples (92%) done (elapsed 18.47 s, remaining 1.61 s)
27700000 of 30000000 tuples (92%) done (elapsed 18.53 s, remaining 1.54 s)
27800000 of 30000000 tuples (92%) done (elapsed 18.60 s, remaining 1.47 s)
27900000 of 30000000 tuples (93%) done (elapsed 18.66 s, remaining 1.40 s)
28000000 of 30000000 tuples (93%) done (elapsed 18.72 s, remaining 1.34 s)
28100000 of 30000000 tuples (93%) done (elapsed 18.79 s, remaining 1.27 s)
28200000 of 30000000 tuples (94%) done (elapsed 18.85 s, remaining 1.20 s)
28300000 of 30000000 tuples (94%) done (elapsed 18.92 s, remaining 1.14 s)
28400000 of 30000000 tuples (94%) done (elapsed 18.98 s, remaining 1.07 s)
28500000 of 30000000 tuples (95%) done (elapsed 19.05 s, remaining 1.00 s)
28600000 of 30000000 tuples (95%) done (elapsed 19.11 s, remaining 0.94 s)
28700000 of 30000000 tuples (95%) done (elapsed 19.18 s, remaining 0.87 s)
28800000 of 30000000 tuples (96%) done (elapsed 19.24 s, remaining 0.80 s)
28900000 of 30000000 tuples (96%) done (elapsed 19.31 s, remaining 0.73 s)
29000000 of 30000000 tuples (96%) done (elapsed 19.44 s, remaining 0.67 s)
29100000 of 30000000 tuples (97%) done (elapsed 19.53 s, remaining 0.60 s)
29200000 of 30000000 tuples (97%) done (elapsed 19.59 s, remaining 0.54 s)
29300000 of 30000000 tuples (97%) done (elapsed 19.66 s, remaining 0.47 s)
29400000 of 30000000 tuples (98%) done (elapsed 19.72 s, remaining 0.40 s)
29500000 of 30000000 tuples (98%) done (elapsed 19.79 s, remaining 0.34 s)
29600000 of 30000000 tuples (98%) done (elapsed 19.85 s, remaining 0.27 s)
29700000 of 30000000 tuples (99%) done (elapsed 19.92 s, remaining 0.20 s)
29800000 of 30000000 tuples (99%) done (elapsed 19.98 s, remaining 0.13 s)
29900000 of 30000000 tuples (99%) done (elapsed 20.05 s, remaining 0.07 s)
30000000 of 30000000 tuples (100%) done (elapsed 20.11 s, remaining 0.00 s)
vacuum...
set primary keys...
NOTICE:  ALTER TABLE / ADD PRIMARY KEY will create implicit index "pgbench_branches_pkey" for table "pgbench_branches"
NOTICE:  ALTER TABLE / ADD PRIMARY KEY will create implicit index "pgbench_tellers_pkey" for table "pgbench_tellers"
NOTICE:  ALTER TABLE / ADD PRIMARY KEY will create implicit index "pgbench_accounts_pkey" for table "pgbench_accounts"
done.
starting vacuum...end.
transaction type: <builtin: TPC-B (sort of)>
scaling factor: 300
query mode: simple
number of clients: 32
number of threads: 4
duration: 60 s
number of transactions actually processed: 10920
latency average: 175.824 ms
tps = 180.042423 (including connections establishing)
tps = 180.048353 (excluding connections establishing)
script statistics:
 - statement latencies in milliseconds:
         0.002  \set aid random(1, 100000 * :scale)
         0.001  \set bid random(1, 1 * :scale)
         0.001  \set tid random(1, 10 * :scale)
         0.001  \set delta random(-5000, 5000)
         0.181  BEGIN;
         0.650  UPDATE pgbench_accounts SET abalance = abalance + :delta WHERE aid = :aid;
         0.300  SELECT abalance FROM pgbench_accounts WHERE aid = :aid;
         1.213  UPDATE pgbench_tellers SET tbalance = tbalance + :delta WHERE tid = :tid;
         9.720  UPDATE pgbench_branches SET bbalance = bbalance + :delta WHERE bid = :bid;
         0.236  INSERT INTO pgbench_history (tid, bid, aid, delta, mtime) VALUES (:tid, :bid, :aid, :delta, CURRENT_TIMESTAMP);
       165.539  END;
starting vacuum...end.
transaction type: <builtin: TPC-B (sort of)>
scaling factor: 300
query mode: simple
number of clients: 32
number of threads: 4
duration: 60 s
number of transactions actually processed: 7480
latency average: 256.684 ms
tps = 124.494553 (including connections establishing)
tps = 124.498504 (excluding connections establishing)
script statistics:
 - statement latencies in milliseconds:
         0.002  \set aid random(1, 100000 * :scale)
         0.001  \set bid random(1, 1 * :scale)
         0.001  \set tid random(1, 10 * :scale)
         0.001  \set delta random(-5000, 5000)
         0.128  BEGIN;
       103.988  UPDATE pgbench_accounts SET abalance = abalance + :delta WHERE aid = :aid;
         0.160  SELECT abalance FROM pgbench_accounts WHERE aid = :aid;
         0.682  UPDATE pgbench_tellers SET tbalance = tbalance + :delta WHERE tid = :tid;
         4.775  UPDATE pgbench_branches SET bbalance = bbalance + :delta WHERE bid = :bid;
         0.135  INSERT INTO pgbench_history (tid, bid, aid, delta, mtime) VALUES (:tid, :bid, :aid, :delta, CURRENT_TIMESTAMP);
       147.377  END;
starting vacuum...end.
transaction type: <builtin: TPC-B (sort of)>
scaling factor: 300
query mode: simple
number of clients: 32
number of threads: 4
duration: 900 s
number of transactions actually processed: 82049
latency average: 351.010 ms
tps = 91.106902 (including connections establishing)
tps = 91.107100 (excluding connections establishing)
script statistics:
 - statement latencies in milliseconds:
         0.002  \set aid random(1, 100000 * :scale)
         0.001  \set bid random(1, 1 * :scale)
         0.001  \set tid random(1, 10 * :scale)
         0.001  \set delta random(-5000, 5000)
         0.133  BEGIN;
       105.132  UPDATE pgbench_accounts SET abalance = abalance + :delta WHERE aid = :aid;
         0.157  SELECT abalance FROM pgbench_accounts WHERE aid = :aid;
         1.186  UPDATE pgbench_tellers SET tbalance = tbalance + :delta WHERE tid = :tid;
         9.705  UPDATE pgbench_branches SET bbalance = bbalance + :delta WHERE bid = :bid;
         0.155  INSERT INTO pgbench_history (tid, bid, aid, delta, mtime) VALUES (:tid, :bid, :aid, :delta, CURRENT_TIMESTAMP);
       234.911  END;
========================================================================
Testing 2011-05-16-REL9_1_0~382
Start Time: 2016-08-01 05:21:42+00:00
Linux 3.16.0-4-amd64 (Debian-83-jessie-64-minimal) 	01.08.16 	_x86_64_	(8 CPU)

starting vacuum...end.
transaction type: <builtin: TPC-B (sort of)>
scaling factor: 300
query mode: simple
number of clients: 32
number of threads: 4
duration: 900 s
number of transactions actually processed: 78534
latency average: 366.720 ms
tps = 87.213502 (including connections establishing)
tps = 87.213690 (excluding connections establishing)
script statistics:
 - statement latencies in milliseconds:
         0.002  \set aid random(1, 100000 * :scale)
         0.001  \set bid random(1, 1 * :scale)
         0.001  \set tid random(1, 10 * :scale)
         0.001  \set delta random(-5000, 5000)
         0.179  BEGIN;
        37.272  UPDATE pgbench_accounts SET abalance = abalance + :delta WHERE aid = :aid;
         0.187  SELECT abalance FROM pgbench_accounts WHERE aid = :aid;
         1.826  UPDATE pgbench_tellers SET tbalance = tbalance + :delta WHERE tid = :tid;
        15.539  UPDATE pgbench_branches SET bbalance = bbalance + :delta WHERE bid = :bid;
         0.150  INSERT INTO pgbench_history (tid, bid, aid, delta, mtime) VALUES (:tid, :bid, :aid, :delta, CURRENT_TIMESTAMP);
       312.121  END;
avg-cpu:  %user   %nice %system %iowait  %steal   %idle
           0,93    0,00    0,32   28,54    0,00   70,22

Device:         rrqm/s   wrqm/s     r/s     w/s    rkB/s    wkB/s avgrq-sz avgqu-sz   await r_await w_await  svctm  %util
sdb               0,00     1,48   16,62  143,94   155,81  2275,09    30,28    81,10  504,76   76,09  554,24   5,28  84,77
sda               0,00     1,48   40,17  144,06   373,73  2276,05    28,77    65,96  357,81   55,71  442,06   4,91  90,38
md0               0,00     0,00    0,10    0,00     0,39     0,00     8,00     0,00    0,00    0,00    0,00   0,00   0,00
md1               0,00     0,00    0,00    0,00     0,00     0,00     0,00     0,00    0,00    0,00    0,00   0,00   0,00
md2               0,00     0,00   56,70  145,39   529,12  2278,69    27,79     0,00    0,00    0,00    0,00   0,00   0,00
md3               0,00     0,00    0,00    0,01     0,00     0,04     8,00     0,00    0,00    0,00    0,00   0,00   0,00

End Time: 2016-08-01 05:37:12+00:00
========================================================================
========================================================================
Testing 2011-05-16-REL9_1_0~382
Start Time: 2016-08-05 02:16:42+00:00
Shared Buffers:  1048576
Linux 3.16.0-4-amd64 (Debian-83-jessie-64-minimal) 	05.08.16 	_x86_64_	(8 CPU)

starting vacuum...end.
transaction type: <builtin: TPC-B (sort of)>
scaling factor: 300
query mode: simple
number of clients: 32
number of threads: 4
duration: 900 s
number of transactions actually processed: 154193
latency average: 186.779 ms
tps = 171.305540 (including connections establishing)
tps = 171.305893 (excluding connections establishing)
script statistics:
 - statement latencies in milliseconds:
         0.002  \set aid random(1, 100000 * :scale)
         0.001  \set bid random(1, 1 * :scale)
         0.001  \set tid random(1, 10 * :scale)
         0.001  \set delta random(-5000, 5000)
         0.175  BEGIN;
        12.321  UPDATE pgbench_accounts SET abalance = abalance + :delta WHERE aid = :aid;
         0.227  SELECT abalance FROM pgbench_accounts WHERE aid = :aid;
         1.153  UPDATE pgbench_tellers SET tbalance = tbalance + :delta WHERE tid = :tid;
         8.606  UPDATE pgbench_branches SET bbalance = bbalance + :delta WHERE bid = :bid;
         0.162  INSERT INTO pgbench_history (tid, bid, aid, delta, mtime) VALUES (:tid, :bid, :aid, :delta, CURRENT_TIMESTAMP);
       164.473  END;
avg-cpu:  %user   %nice %system %iowait  %steal   %idle
           1,70    0,00    0,56   20,06    0,00   77,68

Device:         rrqm/s   wrqm/s     r/s     w/s    rkB/s    wkB/s avgrq-sz avgqu-sz   await r_await w_await  svctm  %util
sdb               0,00     1,56   14,22  213,92   138,03  4192,52    37,96    63,27  277,34   33,24  293,56   3,13  71,37
sda               0,00     1,55   57,87  213,93   548,37  4192,52    34,89    53,58  197,14   33,48  241,41   3,28  89,09
md0               0,00     0,00    0,05    0,00     0,21     0,00     8,00     0,00    0,00    0,00    0,00   0,00   0,00
md1               0,00     0,00    0,00    0,00     0,00     0,00     0,00     0,00    0,00    0,00    0,00   0,00   0,00
md2               0,00     0,00   72,04  214,75   686,12  4190,69    34,01     0,00    0,00    0,00    0,00   0,00   0,00
md3               0,00     0,00    0,00    0,01     0,00     0,04     8,00     0,00    0,00    0,00    0,00   0,00   0,00

End Time: 2016-08-05 02:32:12+00:00
========================================================================
========================================================================
Testing 2011-05-16-REL9_1_0~382
Start Time: 2016-08-07 06:56:36+00:00
Shared Buffers:  260000
Linux 3.16.0-4-amd64 (Debian-83-jessie-64-minimal) 	07.08.16 	_x86_64_	(8 CPU)

starting vacuum...end.
transaction type: <builtin: TPC-B (sort of)>
scaling factor: 300
query mode: simple
number of clients: 32
number of threads: 4
duration: 900 s
number of transactions actually processed: 157839
latency average: 182.464 ms
tps = 175.162199 (including connections establishing)
tps = 175.162591 (excluding connections establishing)
script statistics:
 - statement latencies in milliseconds:
         0.002  \set aid random(1, 100000 * :scale)
         0.001  \set bid random(1, 1 * :scale)
         0.001  \set tid random(1, 10 * :scale)
         0.001  \set delta random(-5000, 5000)
         0.169  BEGIN;
        12.999  UPDATE pgbench_accounts SET abalance = abalance + :delta WHERE aid = :aid;
         0.225  SELECT abalance FROM pgbench_accounts WHERE aid = :aid;
         1.152  UPDATE pgbench_tellers SET tbalance = tbalance + :delta WHERE tid = :tid;
         8.172  UPDATE pgbench_branches SET bbalance = bbalance + :delta WHERE bid = :bid;
         0.165  INSERT INTO pgbench_history (tid, bid, aid, delta, mtime) VALUES (:tid, :bid, :aid, :delta, CURRENT_TIMESTAMP);
       159.931  END;
avg-cpu:  %user   %nice %system %iowait  %steal   %idle
           1,73    0,00    0,56   21,37    0,00   76,34

Device:         rrqm/s   wrqm/s     r/s     w/s    rkB/s    wkB/s avgrq-sz avgqu-sz   await r_await w_await  svctm  %util
sdb               0,01     2,34   13,16  195,54   126,77  3675,51    36,44    59,10  283,02   37,97  299,51   3,48  72,59
sda               0,33     2,34   59,55  195,52   565,73  3675,29    33,25    47,58  186,36   34,91  232,48   3,45  88,07
md0               0,00     0,00    0,69    0,99     2,77     3,95     8,00     0,00    0,00    0,00    0,00   0,00   0,00
md1               0,00     0,00    0,00    0,00     0,00     0,00     0,00     0,00    0,00    0,00    0,00   0,00   0,00
md2               0,00     0,00   72,35  196,27   689,73  3671,73    32,47     0,00    0,00    0,00    0,00   0,00   0,00
md3               0,00     0,00    0,00    0,01     0,00     0,04     8,00     0,00    0,00    0,00    0,00   0,00   0,00

Control File Changes
--- /usr/local/oldpgsql/2011-05-16-REL9_1_0~382/before.controldata	2016-08-07 08:56:36.330207857 +0200
+++ /usr/local/oldpgsql/2011-05-16-REL9_1_0~382/after.controldata	2016-08-07 09:13:35.263563370 +0200
@@ -2,19 +2,19 @@
 Catalog version number:               201105131
 Database system identifier:           6255658325218228218
 Database cluster state:               in production
-pg_control last modified:             нд, 07-сер-2016 08:56:36 +0200
-Latest checkpoint location:           1/B8D1BB90
-Prior checkpoint location:            1/ACC92DB0
-Latest checkpoint's REDO location:    1/B8D1BB90
+pg_control last modified:             нд, 07-сер-2016 09:13:35 +0200
+Latest checkpoint location:           2/23CC10E8
+Prior checkpoint location:            2/23CC1090
+Latest checkpoint's REDO location:    2/23CC10E8
 Latest checkpoint's TimeLineID:       1
-Latest checkpoint's NextXID:          0/348205
-Latest checkpoint's NextOID:          16444
+Latest checkpoint's NextXID:          0/506088
+Latest checkpoint's NextOID:          24636
 Latest checkpoint's NextMultiXactId:  1
 Latest checkpoint's NextMultiOffset:  0
 Latest checkpoint's oldestXID:        695
 Latest checkpoint's oldestXID's DB:   1
 Latest checkpoint's oldestActiveXID:  0
-Time of latest checkpoint:            нд, 07-сер-2016 08:56:22 +0200
+Time of latest checkpoint:            нд, 07-сер-2016 09:12:49 +0200
 Minimum recovery ending location:     0/0
 Backup start location:                0/0
 Current wal_level setting:            minimal
End Time: 2016-08-07 07:13:35+00:00
========================================================================
========================================================================
Testing 2011-05-16-REL9_1_0~382
Start Time: 2016-08-09 06:05:01+00:00
Shared Buffers:  260000
size before pgbench of pgbench_history: 24
size before pgbench of pgbench_tellers: 8
size before pgbench of pgbench_branches: 8
size before pgbench of pgbench_accounts: 64
size before pgbench of pgbench_branches_pkey: 32
size before pgbench of pgbench_tellers_pkey: 152
size before pgbench of pgbench_accounts_pkey: 658092
total size before pgbench: 658380
Linux 3.16.0-4-amd64 (Debian-83-jessie-64-minimal) 	09.08.16 	_x86_64_	(8 CPU)

starting vacuum...end.
transaction type: <builtin: select only>
scaling factor: 300
query mode: simple
number of clients: 32
number of threads: 4
duration: 60 s
number of transactions actually processed: 63546
latency average: 30.214 ms
tps = 1057.377409 (including connections establishing)
tps = 1057.413418 (excluding connections establishing)
script statistics:
 - statement latencies in milliseconds:
         0.002  \set aid random(1, 100000 * :scale)
        30.227  SELECT abalance FROM pgbench_accounts WHERE aid = :aid;
avg-cpu:  %user   %nice %system %iowait  %steal   %idle
           1,13    0,00    0,64   29,56    0,00   68,67

Device:         rrqm/s   wrqm/s     r/s     w/s    rkB/s    wkB/s avgrq-sz avgqu-sz   await r_await w_await  svctm  %util
sdb               0,23     8,60  256,37    1,90  2376,58    44,94    18,75    20,54   79,54   44,51 4806,04   2,64  68,12
sda               0,08     8,58  256,20    1,92  2355,11    44,94    18,60    14,07   54,51   43,60 1508,51   2,66  68,73
md0               0,00     0,00    0,86    7,71     3,42    30,84     8,00     0,00    0,00    0,00    0,00   0,00   0,00
md1               0,00     0,00    0,00    0,00     0,00     0,00     0,00     0,00    0,00    0,00    0,00   0,00   0,00
md2               0,00     0,00  512,02    1,78  4728,27    11,78    18,45     0,00    0,00    0,00    0,00   0,00   0,00
md3               0,00     0,00    0,00    0,10     0,00     0,40     8,00     0,00    0,00    0,00    0,00   0,00   0,00

Control File Changes
--- /usr/local/oldpgsql/2011-05-16-REL9_1_0~382/before.controldata	2016-08-09 08:06:39.790563298 +0200
+++ /usr/local/oldpgsql/2011-05-16-REL9_1_0~382/after.controldata	2016-08-09 08:08:16.631707259 +0200
@@ -5,4 +5,4 @@
-pg_control last modified:             Tue Aug  9 06:06:39 2016
-Latest checkpoint location:           2/64901FC8
-Prior checkpoint location:            2/64901F70
-Latest checkpoint's REDO location:    2/64901FC8
+pg_control last modified:             Tue Aug  9 06:08:16 2016
+Latest checkpoint location:           2/6492DE58
+Prior checkpoint location:            2/64901FC8
+Latest checkpoint's REDO location:    2/6492DE58
@@ -10,2 +10,2 @@
-Latest checkpoint's NextXID:          0/506088
-Latest checkpoint's NextOID:          16445
+Latest checkpoint's NextXID:          0/506089
+Latest checkpoint's NextOID:          24637
@@ -17 +17 @@
-Time of latest checkpoint:            Tue Aug  9 06:06:38 2016
+Time of latest checkpoint:            Tue Aug  9 06:08:09 2016
size after pgbench of pgbench_history: 0
size after pgbench of pgbench_tellers: 8
size after pgbench of pgbench_branches: 8
size after pgbench of pgbench_accounts: 64
size after pgbench of pgbench_branches_pkey: 32
size after pgbench of pgbench_tellers_pkey: 152
size after pgbench of pgbench_accounts_pkey: 658092
total size after pgbench: 658356
End Time: 2016-08-09 06:08:16+00:00
========================================================================
========================================================================
Testing 2011-05-16-REL9_1_0~382
Start Time: 2016-08-09 15:11:30+00:00
Shared Buffers:  260000
size before pgbench of pgbench_history: 0
size before pgbench of pgbench_tellers: 8
size before pgbench of pgbench_branches: 8
size before pgbench of pgbench_accounts: 64
size before pgbench of pgbench_branches_pkey: 32
size before pgbench of pgbench_tellers_pkey: 152
size before pgbench of pgbench_accounts_pkey: 658092
total size before pgbench: 658356
Linux 3.16.0-4-amd64 (Debian-83-jessie-64-minimal) 	09.08.16 	_x86_64_	(8 CPU)

starting vacuum...end.
transaction type: <builtin: select only>
scaling factor: 300
query mode: simple
number of clients: 32
number of threads: 4
duration: 60 s
number of transactions actually processed: 70561
latency average: 27.210 ms
tps = 1174.554659 (including connections establishing)
tps = 1174.594669 (excluding connections establishing)
script statistics:
 - statement latencies in milliseconds:
         0.002  \set aid random(1, 100000 * :scale)
        27.220  SELECT abalance FROM pgbench_accounts WHERE aid = :aid;
avg-cpu:  %user   %nice %system %iowait  %steal   %idle
           1,23    0,00    0,70   28,99    0,00   69,07

Device:         rrqm/s   wrqm/s     r/s     w/s    rkB/s    wkB/s avgrq-sz avgqu-sz   await r_await w_await  svctm  %util
sdb               0,02     9,89  272,56    1,82  2538,49    49,29    18,86    15,69   57,17   44,25 1990,27   2,46  67,50
sda               0,04     9,89  271,94    1,82  2539,64    49,29    18,91    19,03   69,51   42,09 4160,98   2,47  67,63
md0               0,00     0,00    0,10    9,14     0,40    36,58     8,00     0,00    0,00    0,00    0,00   0,00   0,00
md1               0,00     0,00    0,00    0,00     0,00     0,00     0,00     0,00    0,00    0,00    0,00   0,00   0,00
md2               0,00     0,00  544,48    1,60  5077,73    10,40    18,64     0,00    0,00    0,00    0,00   0,00   0,00
md3               0,00     0,00    0,00    0,10     0,00     0,40     8,00     0,00    0,00    0,00    0,00   0,00   0,00

Control File Changes
--- /usr/local/oldpgsql/2011-05-16-REL9_1_0~382/before.controldata	2016-08-09 17:12:08.594972040 +0200
+++ /usr/local/oldpgsql/2011-05-16-REL9_1_0~382/after.controldata	2016-08-09 17:13:40.643198942 +0200
@@ -5,4 +5,4 @@
-pg_control last modified:             Tue Aug  9 15:12:08 2016
-Latest checkpoint location:           2/6492DF08
-Prior checkpoint location:            2/6492DEB0
-Latest checkpoint's REDO location:    2/6492DF08
+pg_control last modified:             Tue Aug  9 15:13:40 2016
+Latest checkpoint location:           2/64930078
+Prior checkpoint location:            2/6492DF08
+Latest checkpoint's REDO location:    2/64930078
@@ -10,2 +10,2 @@
-Latest checkpoint's NextXID:          0/506089
-Latest checkpoint's NextOID:          16446
+Latest checkpoint's NextXID:          0/506090
+Latest checkpoint's NextOID:          24638
@@ -17 +17 @@
-Time of latest checkpoint:            Tue Aug  9 15:12:08 2016
+Time of latest checkpoint:            Tue Aug  9 15:13:38 2016
size after pgbench of pgbench_history: 0
size after pgbench of pgbench_tellers: 8
size after pgbench of pgbench_branches: 8
size after pgbench of pgbench_accounts: 64
size after pgbench of pgbench_branches_pkey: 32
size after pgbench of pgbench_tellers_pkey: 152
size after pgbench of pgbench_accounts_pkey: 658092
total size after pgbench: 658356
End Time: 2016-08-09 15:13:40+00:00
========================================================================
========================================================================
Testing 2011-05-16-REL9_1_0~382
Start Time: 2016-08-10 05:02:27+00:00
Shared Buffers:  260000
size before pgbench of pgbench_history: 0
size before pgbench of pgbench_tellers: 8
size before pgbench of pgbench_branches: 8
size before pgbench of pgbench_accounts: 64
size before pgbench of pgbench_branches_pkey: 32
size before pgbench of pgbench_tellers_pkey: 152
size before pgbench of pgbench_accounts_pkey: 658092
total size before pgbench: 658356
Linux 3.16.0-4-amd64 (Debian-83-jessie-64-minimal) 	10.08.16 	_x86_64_	(8 CPU)

starting vacuum...end.
transaction type: <builtin: select only>
scaling factor: 300
query mode: simple
number of clients: 32
number of threads: 4
duration: 60 s
number of transactions actually processed: 69706
latency average: 27.544 ms
tps = 1159.257878 (including connections establishing)
tps = 1159.297056 (excluding connections establishing)
script statistics:
 - statement latencies in milliseconds:
         0.002  \set aid random(1, 100000 * :scale)
        27.565  SELECT abalance FROM pgbench_accounts WHERE aid = :aid;
avg-cpu:  %user   %nice %system %iowait  %steal   %idle
           1,17    0,00    0,75   28,63    0,00   69,46

Device:         rrqm/s   wrqm/s     r/s     w/s    rkB/s    wkB/s avgrq-sz avgqu-sz   await r_await w_await  svctm  %util
sdb               0,67     1,88  273,04    1,61  2542,04    16,73    18,63    14,12   51,42   42,88 1498,92   2,46  67,69
sda               0,54     1,88  273,36    1,61  2567,82    16,73    18,80    15,31   55,67   44,07 2024,44   2,47  68,02
md0               0,00     0,00    2,56    1,01    10,22     4,04     8,00     0,00    0,00    0,00    0,00   0,00   0,00
md1               0,00     0,00    0,00    0,00     0,00     0,00     0,00     0,00    0,00    0,00    0,00   0,00   0,00
md2               0,00     0,00  545,07    1,56  5099,38    10,44    18,70     0,00    0,00    0,00    0,00   0,00   0,00
md3               0,00     0,00    0,00    0,10     0,00     0,40     8,00     0,00    0,00    0,00    0,00   0,00   0,00

Control File Changes
--- /usr/local/oldpgsql/2011-05-16-REL9_1_0~382/before.controldata	2016-08-10 07:03:05.636514682 +0200
+++ /usr/local/oldpgsql/2011-05-16-REL9_1_0~382/after.controldata	2016-08-10 07:04:37.680698315 +0200
@@ -5,4 +5,4 @@
-pg_control last modified:             Wed Aug 10 05:03:05 2016
-Latest checkpoint location:           2/649320E0
-Prior checkpoint location:            2/64932088
-Latest checkpoint's REDO location:    2/649320E0
+pg_control last modified:             Wed Aug 10 05:04:37 2016
+Latest checkpoint location:           2/64934238
+Prior checkpoint location:            2/649320E0
+Latest checkpoint's REDO location:    2/64934238
@@ -10,2 +10,2 @@
-Latest checkpoint's NextXID:          0/506090
-Latest checkpoint's NextOID:          16447
+Latest checkpoint's NextXID:          0/506091
+Latest checkpoint's NextOID:          24639
@@ -17 +17 @@
-Time of latest checkpoint:            Wed Aug 10 05:03:05 2016
+Time of latest checkpoint:            Wed Aug 10 05:04:35 2016
size after pgbench of pgbench_history: 0
size after pgbench of pgbench_tellers: 8
size after pgbench of pgbench_branches: 8
size after pgbench of pgbench_accounts: 64
size after pgbench of pgbench_branches_pkey: 32
size after pgbench of pgbench_tellers_pkey: 152
size after pgbench of pgbench_accounts_pkey: 658092
total size after pgbench: 658356
End Time: 2016-08-10 05:04:37+00:00
========================================================================
========================================================================
Testing 2011-05-16-REL9_1_0~382
Start Time: 2016-08-11 05:15:39+00:00
Shared Buffers:  260000
size before pgbench of pgbench_history: 0
size before pgbench of pgbench_tellers: 8
size before pgbench of pgbench_branches: 8
size before pgbench of pgbench_accounts: 64
size before pgbench of pgbench_branches_pkey: 32
size before pgbench of pgbench_tellers_pkey: 152
size before pgbench of pgbench_accounts_pkey: 658092
total size before pgbench: 658356
Linux 3.16.0-4-amd64 (Debian-83-jessie-64-minimal) 	11.08.16 	_x86_64_	(8 CPU)

starting vacuum...end.
transaction type: <builtin: select only>
scaling factor: 300
query mode: simple
number of clients: 32
number of threads: 4
duration: 60 s
number of transactions actually processed: 68874
latency average: 27.877 ms
tps = 1146.578091 (including connections establishing)
tps = 1146.617575 (excluding connections establishing)
script statistics:
 - statement latencies in milliseconds:
         0.002  \set aid random(1, 100000 * :scale)
        27.894  SELECT abalance FROM pgbench_accounts WHERE aid = :aid;
avg-cpu:  %user   %nice %system %iowait  %steal   %idle
           1,19    0,00    0,71   28,07    0,00   70,03

Device:         rrqm/s   wrqm/s     r/s     w/s    rkB/s    wkB/s avgrq-sz avgqu-sz   await r_await w_await  svctm  %util
sdb               0,07     3,53  271,01    1,82  2518,00    23,63    18,63    16,96   62,17   45,96 2472,29   2,48  67,79
sda               0,03     3,53  268,94    1,82  2509,38    23,63    18,71    12,85   47,46   41,70  898,20   2,51  67,98
md0               0,00     0,00    0,12    2,56     0,49    10,22     8,00     0,00    0,00    0,00    0,00   0,00   0,00
md1               0,00     0,00    0,00    0,00     0,00     0,00     0,00     0,00    0,00    0,00    0,00   0,00   0,00
md2               0,00     0,00  539,93    1,78  5026,89    11,02    18,60     0,00    0,00    0,00    0,00   0,00   0,00
md3               0,00     0,00    0,00    0,10     0,00     0,40     8,00     0,00    0,00    0,00    0,00   0,00   0,00

Control File Changes
--- /usr/local/oldpgsql/2011-05-16-REL9_1_0~382/before.controldata	2016-08-11 07:16:17.214775993 +0200
+++ /usr/local/oldpgsql/2011-05-16-REL9_1_0~382/after.controldata	2016-08-11 07:17:49.131095374 +0200
@@ -5,4 +5,4 @@
-pg_control last modified:             Thu Aug 11 05:16:17 2016
-Latest checkpoint location:           2/649362A0
-Prior checkpoint location:            2/64936248
-Latest checkpoint's REDO location:    2/649362A0
+pg_control last modified:             Thu Aug 11 05:17:49 2016
+Latest checkpoint location:           2/649383F8
+Prior checkpoint location:            2/649362A0
+Latest checkpoint's REDO location:    2/649383F8
@@ -10,2 +10,2 @@
-Latest checkpoint's NextXID:          0/506091
-Latest checkpoint's NextOID:          16448
+Latest checkpoint's NextXID:          0/506092
+Latest checkpoint's NextOID:          24640
@@ -17 +17 @@
-Time of latest checkpoint:            Thu Aug 11 05:16:16 2016
+Time of latest checkpoint:            Thu Aug 11 05:17:47 2016
size after pgbench of pgbench_history: 0
size after pgbench of pgbench_tellers: 8
size after pgbench of pgbench_branches: 8
size after pgbench of pgbench_accounts: 64
size after pgbench of pgbench_branches_pkey: 32
size after pgbench of pgbench_tellers_pkey: 152
size after pgbench of pgbench_accounts_pkey: 658092
total size after pgbench: 658356
End Time: 2016-08-11 05:17:49+00:00
========================================================================
========================================================================
Testing 2011-05-16-REL9_1_0~382
Start Time: 2016-08-11 22:24:01+00:00
Shared Buffers:  260000
size before pgbench of pgbench_history: 0
size before pgbench of pgbench_tellers: 8
size before pgbench of pgbench_branches: 8
size before pgbench of pgbench_accounts: 64
size before pgbench of pgbench_branches_pkey: 32
size before pgbench of pgbench_tellers_pkey: 152
size before pgbench of pgbench_accounts_pkey: 658092
total size before pgbench: 658356
Linux 3.16.0-4-amd64 (Debian-83-jessie-64-minimal) 	12.08.16 	_x86_64_	(8 CPU)

starting vacuum...end.
transaction type: <builtin: select only>
scaling factor: 300
query mode: simple
number of clients: 32
number of threads: 4
duration: 60 s
number of transactions actually processed: 66693
latency average: 28.789 ms
tps = 1110.185046 (including connections establishing)
tps = 1110.223125 (excluding connections establishing)
script statistics:
 - statement latencies in milliseconds:
         0.002  \set aid random(1, 100000 * :scale)
        28.797  SELECT abalance FROM pgbench_accounts WHERE aid = :aid;
avg-cpu:  %user   %nice %system %iowait  %steal   %idle
           1,20    0,00    0,71   34,22    0,00   63,88

Device:         rrqm/s   wrqm/s     r/s     w/s    rkB/s    wkB/s avgrq-sz avgqu-sz   await r_await w_await  svctm  %util
sdb               0,46     4,26  262,43    1,62  2443,20    26,62    18,71    13,15   49,80   44,61  889,86   2,56  67,51
sda               1,94     4,27  265,72    1,61  2463,29    26,62    18,63    22,00   82,27   47,18 5869,13   2,53  67,68
md0               0,00     0,00    4,34    3,43    17,38    13,73     8,00     0,00    0,00    0,00    0,00   0,00   0,00
md1               0,00     0,00    0,00    0,00     0,00     0,00     0,00     0,00    0,00    0,00    0,00   0,00   0,00
md2               0,00     0,00  526,21    1,54  4889,11    10,71    18,57     0,00    0,00    0,00    0,00   0,00   0,00
md3               0,00     0,00    0,00    0,10     0,00     0,40     8,00     0,00    0,00    0,00    0,00   0,00   0,00

Control File Changes
--- /usr/local/oldpgsql/2011-05-16-REL9_1_0~382/before.controldata	2016-08-12 00:24:40.043501735 +0200
+++ /usr/local/oldpgsql/2011-05-16-REL9_1_0~382/after.controldata	2016-08-12 00:26:11.987777382 +0200
@@ -5,4 +5,4 @@
-pg_control last modified:             Thu Aug 11 22:24:39 2016
-Latest checkpoint location:           2/6493A460
-Prior checkpoint location:            2/6493A408
-Latest checkpoint's REDO location:    2/6493A460
+pg_control last modified:             Thu Aug 11 22:26:11 2016
+Latest checkpoint location:           2/6493C5B8
+Prior checkpoint location:            2/6493A460
+Latest checkpoint's REDO location:    2/6493C5B8
@@ -10,2 +10,2 @@
-Latest checkpoint's NextXID:          0/506092
-Latest checkpoint's NextOID:          16449
+Latest checkpoint's NextXID:          0/506093
+Latest checkpoint's NextOID:          24641
@@ -17 +17 @@
-Time of latest checkpoint:            Thu Aug 11 22:24:39 2016
+Time of latest checkpoint:            Thu Aug 11 22:26:10 2016
size after pgbench of pgbench_history: 0
size after pgbench of pgbench_tellers: 8
size after pgbench of pgbench_branches: 8
size after pgbench of pgbench_accounts: 64
size after pgbench of pgbench_branches_pkey: 32
size after pgbench of pgbench_tellers_pkey: 152
size after pgbench of pgbench_accounts_pkey: 658092
total size after pgbench: 658356
End Time: 2016-08-11 22:26:12+00:00
========================================================================
========================================================================
Testing 2011-05-16-REL9_1_0~382
Start Time: 2016-08-12 20:57:08+00:00
Shared Buffers:  260000
size before pgbench of pgbench_history: 0
size before pgbench of pgbench_tellers: 8
size before pgbench of pgbench_branches: 8
size before pgbench of pgbench_accounts: 64
size before pgbench of pgbench_branches_pkey: 32
size before pgbench of pgbench_tellers_pkey: 152
size before pgbench of pgbench_accounts_pkey: 658092
total size before pgbench: 658356
+ /usr/local/pgsql/bin/pgbench -T 60 -S -c 64 -j 4 -r
Linux 3.16.0-4-amd64 (Debian-83-jessie-64-minimal) 	12.08.16 	_x86_64_	(8 CPU)

starting vacuum...end.
transaction type: <builtin: select only>
scaling factor: 300
query mode: simple
number of clients: 64
number of threads: 4
duration: 60 s
number of transactions actually processed: 72535
latency average: 52.940 ms
tps = 1205.265876 (including connections establishing)
tps = 1205.304600 (excluding connections establishing)
script statistics:
 - statement latencies in milliseconds:
         0.002  \set aid random(1, 100000 * :scale)
        53.022  SELECT abalance FROM pgbench_accounts WHERE aid = :aid;
avg-cpu:  %user   %nice %system %iowait  %steal   %idle
           1,29    0,00    0,81   35,48    0,00   62,42

Device:         rrqm/s   wrqm/s     r/s     w/s    rkB/s    wkB/s avgrq-sz avgqu-sz   await r_await w_await  svctm  %util
sdb               0,00     3,84  280,69    1,62  2617,96    24,66    18,72    33,25  117,74   98,71 3410,96   2,40  67,64
sda               0,13     3,83  276,28    1,63  2569,64    24,66    18,67    27,43   98,70   71,55 4690,86   2,44  67,85
md0               0,00     0,00    0,13    2,76     0,53    11,02     8,00     0,00    0,00    0,00    0,00   0,00   0,00
md1               0,00     0,00    0,00    0,00     0,00     0,00     0,00     0,00    0,00    0,00    0,00   0,00   0,00
md2               0,00     0,00  557,00    1,69  5187,07    10,98    18,61     0,00    0,00    0,00    0,00   0,00   0,00
md3               0,00     0,00    0,00    0,21     0,00     0,84     8,00     0,00    0,00    0,00    0,00   0,00   0,00

Control File Changes
--- /usr/local/oldpgsql/2011-05-16-REL9_1_0~382/before.controldata	2016-08-12 22:57:47.100477872 +0200
+++ /usr/local/oldpgsql/2011-05-16-REL9_1_0~382/after.controldata	2016-08-12 22:59:19.168675168 +0200
@@ -5,4 +5,4 @@
-pg_control last modified:             Fri Aug 12 20:57:46 2016
-Latest checkpoint location:           2/6493E620
-Prior checkpoint location:            2/6493E5C8
-Latest checkpoint's REDO location:    2/6493E620
+pg_control last modified:             Fri Aug 12 20:59:19 2016
+Latest checkpoint location:           2/64940778
+Prior checkpoint location:            2/6493E620
+Latest checkpoint's REDO location:    2/64940778
@@ -10,2 +10,2 @@
-Latest checkpoint's NextXID:          0/506093
-Latest checkpoint's NextOID:          16450
+Latest checkpoint's NextXID:          0/506094
+Latest checkpoint's NextOID:          24642
@@ -17 +17 @@
-Time of latest checkpoint:            Fri Aug 12 20:57:46 2016
+Time of latest checkpoint:            Fri Aug 12 20:59:17 2016
size after pgbench of pgbench_history: 0
size after pgbench of pgbench_tellers: 8
size after pgbench of pgbench_branches: 8
size after pgbench of pgbench_accounts: 64
size after pgbench of pgbench_branches_pkey: 32
size after pgbench of pgbench_tellers_pkey: 152
size after pgbench of pgbench_accounts_pkey: 658092
total size after pgbench: 658356
End Time: 2016-08-12 20:59:19+00:00
========================================================================
========================================================================
Testing 2011-05-16-REL9_1_0~382
Start Time: 2016-08-13 05:18:39+00:00
Shared Buffers:  260000
size before pgbench of pgbench_history: 0
size before pgbench of pgbench_tellers: 8
size before pgbench of pgbench_branches: 8
size before pgbench of pgbench_accounts: 64
size before pgbench of pgbench_branches_pkey: 32
size before pgbench of pgbench_tellers_pkey: 152
size before pgbench of pgbench_accounts_pkey: 658092
total size before pgbench: 658356
Linux 3.16.0-4-amd64 (Debian-83-jessie-64-minimal) 	13.08.16 	_x86_64_	(8 CPU)

starting vacuum...end.
transaction type: <builtin: select only>
scaling factor: 300
query mode: simple
number of clients: 48
number of threads: 4
duration: 60 s
number of transactions actually processed: 74436
latency average: 38.691 ms
tps = 1238.034071 (including connections establishing)
tps = 1238.077293 (excluding connections establishing)
script statistics:
 - statement latencies in milliseconds:
         0.002  \set aid random(1, 100000 * :scale)
        38.688  SELECT abalance FROM pgbench_accounts WHERE aid = :aid;
avg-cpu:  %user   %nice %system %iowait  %steal   %idle
           1,27    0,00    0,81   33,29    0,00   64,63

Device:         rrqm/s   wrqm/s     r/s     w/s    rkB/s    wkB/s avgrq-sz avgqu-sz   await r_await w_await  svctm  %util
sdb               0,00     0,77  280,73    1,37  2628,53    11,61    18,72    25,64   90,88   66,78 5041,79   2,39  67,54
sda               0,09     0,77  286,14    1,37  2711,51    11,61    18,94    24,38   84,77   60,13 5244,39   2,36  67,84
md0               0,00     0,00    0,09    0,00     0,36     0,00     8,00     0,00    0,00    0,00    0,00   0,00   0,00
md1               0,00     0,00    0,00    0,00     0,00     0,00     0,00     0,00    0,00    0,00    0,00   0,00   0,00
md2               0,00     0,00  566,89    1,31  5339,69     9,47    18,83     0,00    0,00    0,00    0,00   0,00   0,00
md3               0,00     0,00    0,00    0,11     0,00     0,44     8,00     0,00    0,00    0,00    0,00   0,00   0,00

Control File Changes
--- /usr/local/oldpgsql/2011-05-16-REL9_1_0~382/before.controldata	2016-08-13 07:19:18.201156923 +0200
+++ /usr/local/oldpgsql/2011-05-16-REL9_1_0~382/after.controldata	2016-08-13 07:20:50.073423362 +0200
@@ -5,4 +5,4 @@
-pg_control last modified:             Sat Aug 13 05:19:18 2016
-Latest checkpoint location:           2/649427E0
-Prior checkpoint location:            2/64942788
-Latest checkpoint's REDO location:    2/649427E0
+pg_control last modified:             Sat Aug 13 05:20:49 2016
+Latest checkpoint location:           2/64944938
+Prior checkpoint location:            2/649427E0
+Latest checkpoint's REDO location:    2/64944938
@@ -10,2 +10,2 @@
-Latest checkpoint's NextXID:          0/506094
-Latest checkpoint's NextOID:          16451
+Latest checkpoint's NextXID:          0/506095
+Latest checkpoint's NextOID:          24643
@@ -17 +17 @@
-Time of latest checkpoint:            Sat Aug 13 05:19:17 2016
+Time of latest checkpoint:            Sat Aug 13 05:20:48 2016
size after pgbench of pgbench_history: 0
size after pgbench of pgbench_tellers: 8
size after pgbench of pgbench_branches: 8
size after pgbench of pgbench_accounts: 64
size after pgbench of pgbench_branches_pkey: 32
size after pgbench of pgbench_tellers_pkey: 152
size after pgbench of pgbench_accounts_pkey: 658092
total size after pgbench: 658356
End Time: 2016-08-13 05:20:50+00:00
========================================================================
========================================================================
Testing 2011-05-16-REL9_1_0~382
Start Time: 2016-08-13 12:28:17+00:00
Shared Buffers:  260000
size before pgbench of pgbench_history: 0
size before pgbench of pgbench_tellers: 8
size before pgbench of pgbench_branches: 8
size before pgbench of pgbench_accounts: 64
size before pgbench of pgbench_branches_pkey: 32
size before pgbench of pgbench_tellers_pkey: 152
size before pgbench of pgbench_accounts_pkey: 658092
total size before pgbench: 658356
Linux 3.16.0-4-amd64 (Debian-83-jessie-64-minimal) 	13.08.16 	_x86_64_	(8 CPU)

starting vacuum...end.
transaction type: <builtin: select only>
scaling factor: 300
query mode: simple
number of clients: 48
number of threads: 4
duration: 60 s
number of transactions actually processed: 70882
latency average: 40.631 ms
tps = 1178.782990 (including connections establishing)
tps = 1178.822149 (excluding connections establishing)
script statistics:
 - statement latencies in milliseconds:
         0.002  \set aid random(1, 100000 * :scale)
        40.671  SELECT abalance FROM pgbench_accounts WHERE aid = :aid;
avg-cpu:  %user   %nice %system %iowait  %steal   %idle
           1,27    0,00    0,74   31,52    0,00   66,47

Device:         rrqm/s   wrqm/s     r/s     w/s    rkB/s    wkB/s avgrq-sz avgqu-sz   await r_await w_await  svctm  %util
sdb               0,02     5,67  273,22    1,67  2556,18    32,22    18,83    26,35   95,85   66,01 4987,23   2,46  67,61
sda               0,00     5,67  274,99    1,67  2580,98    32,22    18,89    19,42   70,17   63,29 1206,00   2,44  67,60
md0               0,00     0,00    0,08    4,89     0,31    19,56     8,00     0,00    0,00    0,00    0,00   0,00   0,00
md1               0,00     0,00    0,00    0,00     0,00     0,00     0,00     0,00    0,00    0,00    0,00   0,00   0,00
md2               0,00     0,00  548,17    1,40  5136,84    10,13    18,73     0,00    0,00    0,00    0,00   0,00   0,00
md3               0,00     0,00    0,00    0,11     0,00     0,44     8,00     0,00    0,00    0,00    0,00   0,00   0,00

Control File Changes
--- /usr/local/oldpgsql/2011-05-16-REL9_1_0~382/before.controldata	2016-08-13 14:28:56.426443861 +0200
+++ /usr/local/oldpgsql/2011-05-16-REL9_1_0~382/after.controldata	2016-08-13 14:30:28.174594683 +0200
@@ -5,4 +5,4 @@
-pg_control last modified:             Sat Aug 13 12:28:56 2016
-Latest checkpoint location:           2/649469A0
-Prior checkpoint location:            2/64946948
-Latest checkpoint's REDO location:    2/649469A0
+pg_control last modified:             Sat Aug 13 12:30:28 2016
+Latest checkpoint location:           2/64948AF8
+Prior checkpoint location:            2/649469A0
+Latest checkpoint's REDO location:    2/64948AF8
@@ -10,2 +10,2 @@
-Latest checkpoint's NextXID:          0/506095
-Latest checkpoint's NextOID:          16452
+Latest checkpoint's NextXID:          0/506096
+Latest checkpoint's NextOID:          24644
@@ -17 +17 @@
-Time of latest checkpoint:            Sat Aug 13 12:28:56 2016
+Time of latest checkpoint:            Sat Aug 13 12:30:26 2016
size after pgbench of pgbench_history: 0
size after pgbench of pgbench_tellers: 8
size after pgbench of pgbench_branches: 8
size after pgbench of pgbench_accounts: 64
size after pgbench of pgbench_branches_pkey: 32
size after pgbench of pgbench_tellers_pkey: 152
size after pgbench of pgbench_accounts_pkey: 658092
total size after pgbench: 658356
End Time: 2016-08-13 12:30:28+00:00
========================================================================
========================================================================
Testing 2011-05-16-REL9_1_0~382
Start Time: 2016-08-14 19:41:43+00:00
Shared Buffers:  260000
size before pgbench of pgbench_history: 0
size before pgbench of pgbench_tellers: 8
size before pgbench of pgbench_branches: 8
size before pgbench of pgbench_accounts: 64
size before pgbench of pgbench_branches_pkey: 32
size before pgbench of pgbench_tellers_pkey: 152
size before pgbench of pgbench_accounts_pkey: 658092
total size before pgbench: 658356
Linux 3.16.0-4-amd64 (Debian-83-jessie-64-minimal) 	14.08.16 	_x86_64_	(8 CPU)

starting vacuum...end.
transaction type: <builtin: TPC-B (sort of)>
scaling factor: 300
query mode: simple
number of clients: 32
number of threads: 4
duration: 900 s
number of transactions actually processed: 177397
latency average: 162.348 ms
tps = 196.992264 (including connections establishing)
tps = 196.992727 (excluding connections establishing)
script statistics:
 - statement latencies in milliseconds:
         0.002  \set aid random(1, 100000 * :scale)
         0.001  \set bid random(1, 1 * :scale)
         0.001  \set tid random(1, 10 * :scale)
         0.001  \set delta random(-5000, 5000)
         0.167  BEGIN;
        10.906  UPDATE pgbench_accounts SET abalance = abalance + :delta WHERE aid = :aid;
         0.230  SELECT abalance FROM pgbench_accounts WHERE aid = :aid;
         0.925  UPDATE pgbench_tellers SET tbalance = tbalance + :delta WHERE tid = :tid;
         7.414  UPDATE pgbench_branches SET bbalance = bbalance + :delta WHERE bid = :bid;
         0.158  INSERT INTO pgbench_history (tid, bid, aid, delta, mtime) VALUES (:tid, :bid, :aid, :delta, CURRENT_TIMESTAMP);
       142.848  END;
avg-cpu:  %user   %nice %system %iowait  %steal   %idle
           1,91    0,00    0,62   19,97    0,00   77,51

Device:         rrqm/s   wrqm/s     r/s     w/s    rkB/s    wkB/s avgrq-sz avgqu-sz   await r_await w_await  svctm  %util
sdb               0,00     2,07   13,83  213,01   134,91  3910,53    35,67    59,27  261,28   32,34  276,15   3,11  70,65
sda               0,01     2,06   59,55  212,92   565,03  3909,73    32,85    44,22  162,10   33,47  198,08   3,28  89,28
md0               0,00     0,00    0,15    0,43     0,59     1,72     8,00     0,00    0,00    0,00    0,00   0,00   0,00
md1               0,00     0,00    0,00    0,00     0,00     0,00     0,00     0,00    0,00    0,00    0,00   0,00   0,00
md2               0,00     0,00   73,24  213,93   699,35  3907,29    32,08     0,00    0,00    0,00    0,00   0,00   0,00
md3               0,00     0,00    0,00    0,01     0,00     0,04     8,00     0,00    0,00    0,00    0,00   0,00   0,00

Control File Changes
--- /usr/local/oldpgsql/2011-05-16-REL9_1_0~382/before.controldata	2016-08-14 21:42:23.149372913 +0200
+++ /usr/local/oldpgsql/2011-05-16-REL9_1_0~382/after.controldata	2016-08-14 21:59:13.767820370 +0200
@@ -5,4 +5,4 @@
-pg_control last modified:             Sun Aug 14 19:42:23 2016
-Latest checkpoint location:           2/6494AB60
-Prior checkpoint location:            2/6494AB08
-Latest checkpoint's REDO location:    2/6494AB60
+pg_control last modified:             Sun Aug 14 19:59:13 2016
+Latest checkpoint location:           2/D2DA52B8
+Prior checkpoint location:            2/D2DA5260
+Latest checkpoint's REDO location:    2/D2DA52B8
@@ -10,2 +10,2 @@
-Latest checkpoint's NextXID:          0/506096
-Latest checkpoint's NextOID:          16453
+Latest checkpoint's NextXID:          0/683537
+Latest checkpoint's NextOID:          24645
@@ -17 +17 @@
-Time of latest checkpoint:            Sun Aug 14 19:42:22 2016
+Time of latest checkpoint:            Sun Aug 14 19:58:28 2016
size after pgbench of pgbench_history: 24
size after pgbench of pgbench_tellers: 8
size after pgbench of pgbench_branches: 8
size after pgbench of pgbench_accounts: 64
size after pgbench of pgbench_branches_pkey: 32
size after pgbench of pgbench_tellers_pkey: 152
size after pgbench of pgbench_accounts_pkey: 658092
total size after pgbench: 658380
End Time: 2016-08-14 19:59:13+00:00
========================================================================
========================================================================
Testing 2011-05-16-REL9_1_0~382
Start Time: 2016-08-18 16:15:14+00:00
Shared Buffers:  260000
size before pgbench of pgbench_history: 24
size before pgbench of pgbench_tellers: 8
size before pgbench of pgbench_branches: 8
size before pgbench of pgbench_accounts: 64
size before pgbench of pgbench_branches_pkey: 32
size before pgbench of pgbench_tellers_pkey: 152
size before pgbench of pgbench_accounts_pkey: 658092
total size before pgbench: 658380
Linux 4.6.0-1-amd64 (Debian-83-jessie-64-minimal) 	18.08.16 	_x86_64_	(8 CPU)

starting vacuum...end.
transaction type: <builtin: TPC-B (sort of)>
scaling factor: 300
query mode: simple
number of clients: 32
number of threads: 4
duration: 900 s
number of transactions actually processed: 184107
latency average: 156.431 ms
tps = 204.507344 (including connections establishing)
tps = 204.507798 (excluding connections establishing)
script statistics:
 - statement latencies in milliseconds:
         0.001  \set aid random(1, 100000 * :scale)
         0.001  \set bid random(1, 1 * :scale)
         0.001  \set tid random(1, 10 * :scale)
         0.000  \set delta random(-5000, 5000)
         0.149  BEGIN;
         9.383  UPDATE pgbench_accounts SET abalance = abalance + :delta WHERE aid = :aid;
         0.212  SELECT abalance FROM pgbench_accounts WHERE aid = :aid;
         0.916  UPDATE pgbench_tellers SET tbalance = tbalance + :delta WHERE tid = :tid;
         7.540  UPDATE pgbench_branches SET bbalance = bbalance + :delta WHERE bid = :bid;
         0.144  INSERT INTO pgbench_history (tid, bid, aid, delta, mtime) VALUES (:tid, :bid, :aid, :delta, CURRENT_TIMESTAMP);
       138.377  END;
avg-cpu:  %user   %nice %system %iowait  %steal   %idle
           1,56    0,00    0,51   30,84    0,00   67,09

Device:         rrqm/s   wrqm/s     r/s     w/s    rkB/s    wkB/s avgrq-sz avgqu-sz   await r_await w_await  svctm  %util
sdb               0,01     2,71   12,87  203,63   124,00  3577,33    34,19    52,12  240,42   29,34  253,76   3,16  68,34
sda               0,18     2,71   60,88  203,77   577,35  3578,48    31,41    43,74  165,27   29,71  205,77   3,22  85,25
md0               0,00     0,00    0,50    0,57     2,01     2,29     8,00     0,00    0,00    0,00    0,00   0,00   0,00
md1               0,00     0,00    0,00    0,00     0,00     0,00     0,00     0,00    0,00    0,00    0,00   0,00   0,00
md2               0,00     0,00   73,45  205,67   699,34  3576,47    30,64     0,00    0,00    0,00    0,00   0,00   0,00
md3               0,00     0,00    0,00    0,01     0,00     0,04     8,00     0,00    0,00    0,00    0,00   0,00   0,00

Control File Changes
--- /usr/local/oldpgsql/2011-05-16-REL9_1_0~382/before.controldata	2016-08-18 18:16:49.690090923 +0200
+++ /usr/local/oldpgsql/2011-05-16-REL9_1_0~382/after.controldata	2016-08-18 18:33:37.748301195 +0200
@@ -5,4 +5,4 @@
-pg_control last modified:             Thu Aug 18 16:16:49 2016
-Latest checkpoint location:           3/1B5BFB58
-Prior checkpoint location:            3/1B5BFB00
-Latest checkpoint's REDO location:    3/1B5BFB58
+pg_control last modified:             Thu Aug 18 16:33:37 2016
+Latest checkpoint location:           3/8630ABA8
+Prior checkpoint location:            3/8630AB50
+Latest checkpoint's REDO location:    3/8630ABA8
@@ -10,2 +10,2 @@
-Latest checkpoint's NextXID:          0/683537
-Latest checkpoint's NextOID:          16454
+Latest checkpoint's NextXID:          0/867687
+Latest checkpoint's NextOID:          24646
@@ -17 +17 @@
-Time of latest checkpoint:            Thu Aug 18 16:16:47 2016
+Time of latest checkpoint:            Thu Aug 18 16:32:56 2016
size after pgbench of pgbench_history: 24
size after pgbench of pgbench_tellers: 8
size after pgbench of pgbench_branches: 8
size after pgbench of pgbench_accounts: 64
size after pgbench of pgbench_branches_pkey: 32
size after pgbench of pgbench_tellers_pkey: 152
size after pgbench of pgbench_accounts_pkey: 658092
total size after pgbench: 658380
End Time: 2016-08-18 16:33:37+00:00
========================================================================
========================================================================
Testing 2011-05-16-REL9_1_0~382
Start Time: 2016-08-20 03:19:12+00:00
Shared Buffers:  260000
size before pgbench of pgbench_history: 24
size before pgbench of pgbench_tellers: 8
size before pgbench of pgbench_branches: 8
size before pgbench of pgbench_accounts: 64
size before pgbench of pgbench_branches_pkey: 32
size before pgbench of pgbench_tellers_pkey: 152
size before pgbench of pgbench_accounts_pkey: 658092
total size before pgbench: 658380
Linux 4.6.0-1-amd64 (Debian-83-jessie-64-minimal) 	20.08.16 	_x86_64_	(8 CPU)

starting vacuum...end.
avg-cpu:  %user   %nice %system %iowait  %steal   %idle
           1,40    0,00    0,45   32,69    0,00   65,46

Device:         rrqm/s   wrqm/s     r/s     w/s    rkB/s    wkB/s avgrq-sz avgqu-sz   await r_await w_await  svctm  %util
sdb               0,01     2,53   12,48  158,90   120,03  2860,50    34,78    53,64  312,96   35,98  334,72   4,02  68,95
sda               0,25     2,54   60,62  159,02   574,56  2861,65    31,29    40,70  185,29   35,75  242,30   3,90  85,60
md0               0,00     0,00    0,61    0,68     2,46     2,74     8,00     0,00    0,00    0,00    0,00   0,00   0,00
md1               0,00     0,00    0,00    0,00     0,00     0,00     0,00     0,00    0,00    0,00    0,00   0,00   0,00
md2               0,00     0,00   72,75  169,63   692,14  2935,97    29,94     0,00    0,00    0,00    0,00   0,00   0,00
md3               0,00     0,00    0,00    0,01     0,00     0,03     8,00     0,00    0,00    0,00    0,00   0,00   0,00

transaction type: <builtin: TPC-B (sort of)>
scaling factor: 300
query mode: simple
number of clients: 32
number of threads: 4
duration: 900 s
number of transactions actually processed: 164780
latency average: 174.778 ms
tps = 174.725734 (including connections establishing)
tps = 174.726106 (excluding connections establishing)
script statistics:
 - statement latencies in milliseconds:
         0.001  \set aid random(1, 100000 * :scale)
         0.001  \set bid random(1, 1 * :scale)
         0.001  \set tid random(1, 10 * :scale)
         0.000  \set delta random(-5000, 5000)
         0.146  BEGIN;
        12.509  UPDATE pgbench_accounts SET abalance = abalance + :delta WHERE aid = :aid;
         0.200  SELECT abalance FROM pgbench_accounts WHERE aid = :aid;
         1.255  UPDATE pgbench_tellers SET tbalance = tbalance + :delta WHERE tid = :tid;
         8.464  UPDATE pgbench_branches SET bbalance = bbalance + :delta WHERE bid = :bid;
         0.136  INSERT INTO pgbench_history (tid, bid, aid, delta, mtime) VALUES (:tid, :bid, :aid, :delta, CURRENT_TIMESTAMP);
       160.360  END;
Control File Changes
--- /usr/local/oldpgsql/2011-05-16-REL9_1_0~382/before.controldata	2016-08-20 05:20:49.567734622 +0200
+++ /usr/local/oldpgsql/2011-05-16-REL9_1_0~382/after.controldata	2016-08-20 05:38:29.454427240 +0200
@@ -5,4 +5,4 @@
-pg_control last modified:             Sat Aug 20 03:20:49 2016
-Latest checkpoint location:           3/CFCE48D0
-Prior checkpoint location:            3/CFCE4878
-Latest checkpoint's REDO location:    3/CFCE48D0
+pg_control last modified:             Sat Aug 20 03:38:29 2016
+Latest checkpoint location:           4/2C6D9A10
+Prior checkpoint location:            4/2C6D99B8
+Latest checkpoint's REDO location:    4/2C6D9A10
@@ -10,2 +10,2 @@
-Latest checkpoint's NextXID:          0/867687
-Latest checkpoint's NextOID:          16455
+Latest checkpoint's NextXID:          0/1032511
+Latest checkpoint's NextOID:          24647
@@ -17 +17 @@
-Time of latest checkpoint:            Sat Aug 20 03:20:45 2016
+Time of latest checkpoint:            Sat Aug 20 03:37:25 2016
size after pgbench of pgbench_history: 24
size after pgbench of pgbench_tellers: 8
size after pgbench of pgbench_branches: 8
size after pgbench of pgbench_accounts: 64
size after pgbench of pgbench_branches_pkey: 32
size after pgbench of pgbench_tellers_pkey: 152
size after pgbench of pgbench_accounts_pkey: 658092
total size after pgbench: 658380
End Time: 2016-08-20 03:38:29+00:00
========================================================================
