creating tables...
100000 of 30000000 tuples (0%) done (elapsed 0.10 s, remaining 30.02 s)
200000 of 30000000 tuples (0%) done (elapsed 0.18 s, remaining 27.36 s)
300000 of 30000000 tuples (1%) done (elapsed 0.25 s, remaining 25.17 s)
400000 of 30000000 tuples (1%) done (elapsed 0.32 s, remaining 23.75 s)
500000 of 30000000 tuples (1%) done (elapsed 0.39 s, remaining 22.89 s)
600000 of 30000000 tuples (2%) done (elapsed 0.45 s, remaining 22.28 s)
700000 of 30000000 tuples (2%) done (elapsed 0.52 s, remaining 21.83 s)
800000 of 30000000 tuples (2%) done (elapsed 0.58 s, remaining 21.26 s)
900000 of 30000000 tuples (3%) done (elapsed 0.65 s, remaining 20.99 s)
1000000 of 30000000 tuples (3%) done (elapsed 0.72 s, remaining 20.89 s)
1100000 of 30000000 tuples (3%) done (elapsed 0.79 s, remaining 20.75 s)
1200000 of 30000000 tuples (4%) done (elapsed 0.86 s, remaining 20.61 s)
1300000 of 30000000 tuples (4%) done (elapsed 0.93 s, remaining 20.48 s)
1400000 of 30000000 tuples (4%) done (elapsed 1.00 s, remaining 20.36 s)
1500000 of 30000000 tuples (5%) done (elapsed 1.07 s, remaining 20.24 s)
1600000 of 30000000 tuples (5%) done (elapsed 1.13 s, remaining 20.03 s)
1700000 of 30000000 tuples (5%) done (elapsed 1.20 s, remaining 19.93 s)
1800000 of 30000000 tuples (6%) done (elapsed 1.27 s, remaining 19.84 s)
1900000 of 30000000 tuples (6%) done (elapsed 1.34 s, remaining 19.74 s)
2000000 of 30000000 tuples (6%) done (elapsed 1.40 s, remaining 19.66 s)
2100000 of 30000000 tuples (7%) done (elapsed 1.47 s, remaining 19.57 s)
2200000 of 30000000 tuples (7%) done (elapsed 1.54 s, remaining 19.48 s)
2300000 of 30000000 tuples (7%) done (elapsed 1.61 s, remaining 19.40 s)
2400000 of 30000000 tuples (8%) done (elapsed 1.68 s, remaining 19.31 s)
2500000 of 30000000 tuples (8%) done (elapsed 1.75 s, remaining 19.22 s)
2600000 of 30000000 tuples (8%) done (elapsed 1.82 s, remaining 19.14 s)
2700000 of 30000000 tuples (9%) done (elapsed 1.88 s, remaining 19.06 s)
2800000 of 30000000 tuples (9%) done (elapsed 1.95 s, remaining 18.97 s)
2900000 of 30000000 tuples (9%) done (elapsed 2.02 s, remaining 18.84 s)
3000000 of 30000000 tuples (10%) done (elapsed 2.08 s, remaining 18.76 s)
3100000 of 30000000 tuples (10%) done (elapsed 2.15 s, remaining 18.69 s)
3200000 of 30000000 tuples (10%) done (elapsed 2.22 s, remaining 18.61 s)
3300000 of 30000000 tuples (11%) done (elapsed 2.29 s, remaining 18.53 s)
3400000 of 30000000 tuples (11%) done (elapsed 2.36 s, remaining 18.46 s)
3500000 of 30000000 tuples (11%) done (elapsed 2.43 s, remaining 18.38 s)
3600000 of 30000000 tuples (12%) done (elapsed 2.50 s, remaining 18.30 s)
3700000 of 30000000 tuples (12%) done (elapsed 2.56 s, remaining 18.23 s)
3800000 of 30000000 tuples (12%) done (elapsed 2.63 s, remaining 18.16 s)
3900000 of 30000000 tuples (13%) done (elapsed 2.70 s, remaining 18.08 s)
4000000 of 30000000 tuples (13%) done (elapsed 2.77 s, remaining 18.01 s)
4100000 of 30000000 tuples (13%) done (elapsed 2.84 s, remaining 17.93 s)
4200000 of 30000000 tuples (14%) done (elapsed 2.90 s, remaining 17.83 s)
4300000 of 30000000 tuples (14%) done (elapsed 2.97 s, remaining 17.76 s)
4400000 of 30000000 tuples (14%) done (elapsed 3.04 s, remaining 17.68 s)
4500000 of 30000000 tuples (15%) done (elapsed 3.11 s, remaining 17.61 s)
4600000 of 30000000 tuples (15%) done (elapsed 3.18 s, remaining 17.54 s)
4700000 of 30000000 tuples (15%) done (elapsed 3.24 s, remaining 17.47 s)
4800000 of 30000000 tuples (16%) done (elapsed 3.31 s, remaining 17.40 s)
4900000 of 30000000 tuples (16%) done (elapsed 3.38 s, remaining 17.32 s)
5000000 of 30000000 tuples (16%) done (elapsed 3.45 s, remaining 17.25 s)
5100000 of 30000000 tuples (17%) done (elapsed 3.52 s, remaining 17.18 s)
5200000 of 30000000 tuples (17%) done (elapsed 3.59 s, remaining 17.11 s)
5300000 of 30000000 tuples (17%) done (elapsed 3.66 s, remaining 17.04 s)
5400000 of 30000000 tuples (18%) done (elapsed 3.72 s, remaining 16.94 s)
5500000 of 30000000 tuples (18%) done (elapsed 3.79 s, remaining 16.87 s)
5600000 of 30000000 tuples (18%) done (elapsed 3.86 s, remaining 16.80 s)
5700000 of 30000000 tuples (19%) done (elapsed 3.93 s, remaining 16.73 s)
5800000 of 30000000 tuples (19%) done (elapsed 3.99 s, remaining 16.66 s)
5900000 of 30000000 tuples (19%) done (elapsed 4.06 s, remaining 16.60 s)
6000000 of 30000000 tuples (20%) done (elapsed 4.13 s, remaining 16.53 s)
6100000 of 30000000 tuples (20%) done (elapsed 4.20 s, remaining 16.46 s)
6200000 of 30000000 tuples (20%) done (elapsed 4.27 s, remaining 16.39 s)
6300000 of 30000000 tuples (21%) done (elapsed 4.34 s, remaining 16.32 s)
6400000 of 30000000 tuples (21%) done (elapsed 4.41 s, remaining 16.25 s)
6500000 of 30000000 tuples (21%) done (elapsed 4.47 s, remaining 16.18 s)
6600000 of 30000000 tuples (22%) done (elapsed 4.54 s, remaining 16.11 s)
6700000 of 30000000 tuples (22%) done (elapsed 4.61 s, remaining 16.04 s)
6800000 of 30000000 tuples (22%) done (elapsed 4.68 s, remaining 15.95 s)
6900000 of 30000000 tuples (23%) done (elapsed 4.74 s, remaining 15.88 s)
7000000 of 30000000 tuples (23%) done (elapsed 4.81 s, remaining 15.81 s)
7100000 of 30000000 tuples (23%) done (elapsed 4.88 s, remaining 15.74 s)
7200000 of 30000000 tuples (24%) done (elapsed 4.95 s, remaining 15.67 s)
7300000 of 30000000 tuples (24%) done (elapsed 5.02 s, remaining 15.61 s)
7400000 of 30000000 tuples (24%) done (elapsed 5.09 s, remaining 15.54 s)
7500000 of 30000000 tuples (25%) done (elapsed 5.16 s, remaining 15.47 s)
7600000 of 30000000 tuples (25%) done (elapsed 5.23 s, remaining 15.40 s)
7700000 of 30000000 tuples (25%) done (elapsed 5.29 s, remaining 15.33 s)
7800000 of 30000000 tuples (26%) done (elapsed 5.36 s, remaining 15.26 s)
7900000 of 30000000 tuples (26%) done (elapsed 5.43 s, remaining 15.19 s)
8000000 of 30000000 tuples (26%) done (elapsed 5.50 s, remaining 15.12 s)
8100000 of 30000000 tuples (27%) done (elapsed 5.56 s, remaining 15.04 s)
8200000 of 30000000 tuples (27%) done (elapsed 5.63 s, remaining 14.97 s)
8300000 of 30000000 tuples (27%) done (elapsed 5.70 s, remaining 14.90 s)
8400000 of 30000000 tuples (28%) done (elapsed 5.77 s, remaining 14.83 s)
8500000 of 30000000 tuples (28%) done (elapsed 5.84 s, remaining 14.76 s)
8600000 of 30000000 tuples (28%) done (elapsed 5.91 s, remaining 14.70 s)
8700000 of 30000000 tuples (29%) done (elapsed 5.97 s, remaining 14.63 s)
8800000 of 30000000 tuples (29%) done (elapsed 6.04 s, remaining 14.56 s)
8900000 of 30000000 tuples (29%) done (elapsed 6.11 s, remaining 14.49 s)
9000000 of 30000000 tuples (30%) done (elapsed 6.18 s, remaining 14.42 s)
9100000 of 30000000 tuples (30%) done (elapsed 6.25 s, remaining 14.35 s)
9200000 of 30000000 tuples (30%) done (elapsed 6.32 s, remaining 14.28 s)
9300000 of 30000000 tuples (31%) done (elapsed 6.39 s, remaining 14.21 s)
9400000 of 30000000 tuples (31%) done (elapsed 6.45 s, remaining 14.13 s)
9500000 of 30000000 tuples (31%) done (elapsed 6.52 s, remaining 14.07 s)
9600000 of 30000000 tuples (32%) done (elapsed 6.59 s, remaining 14.00 s)
9700000 of 30000000 tuples (32%) done (elapsed 6.66 s, remaining 13.93 s)
9800000 of 30000000 tuples (32%) done (elapsed 6.72 s, remaining 13.86 s)
9900000 of 30000000 tuples (33%) done (elapsed 6.79 s, remaining 13.79 s)
10000000 of 30000000 tuples (33%) done (elapsed 6.86 s, remaining 13.72 s)
10100000 of 30000000 tuples (33%) done (elapsed 6.93 s, remaining 13.65 s)
10200000 of 30000000 tuples (34%) done (elapsed 7.00 s, remaining 13.59 s)
10300000 of 30000000 tuples (34%) done (elapsed 7.07 s, remaining 13.52 s)
10400000 of 30000000 tuples (34%) done (elapsed 7.14 s, remaining 13.45 s)
10500000 of 30000000 tuples (35%) done (elapsed 7.21 s, remaining 13.39 s)
10600000 of 30000000 tuples (35%) done (elapsed 7.28 s, remaining 13.32 s)
10700000 of 30000000 tuples (35%) done (elapsed 7.34 s, remaining 13.24 s)
10800000 of 30000000 tuples (36%) done (elapsed 7.41 s, remaining 13.18 s)
10900000 of 30000000 tuples (36%) done (elapsed 7.48 s, remaining 13.11 s)
11000000 of 30000000 tuples (36%) done (elapsed 7.55 s, remaining 13.04 s)
11100000 of 30000000 tuples (37%) done (elapsed 7.62 s, remaining 12.98 s)
11200000 of 30000000 tuples (37%) done (elapsed 7.69 s, remaining 12.91 s)
11300000 of 30000000 tuples (37%) done (elapsed 7.76 s, remaining 12.84 s)
11400000 of 30000000 tuples (38%) done (elapsed 7.83 s, remaining 12.77 s)
11500000 of 30000000 tuples (38%) done (elapsed 7.89 s, remaining 12.70 s)
11600000 of 30000000 tuples (38%) done (elapsed 7.96 s, remaining 12.63 s)
11700000 of 30000000 tuples (39%) done (elapsed 8.03 s, remaining 12.57 s)
11800000 of 30000000 tuples (39%) done (elapsed 8.10 s, remaining 12.50 s)
11900000 of 30000000 tuples (39%) done (elapsed 8.17 s, remaining 12.43 s)
12000000 of 30000000 tuples (40%) done (elapsed 8.24 s, remaining 12.37 s)
12100000 of 30000000 tuples (40%) done (elapsed 8.31 s, remaining 12.29 s)
12200000 of 30000000 tuples (40%) done (elapsed 8.38 s, remaining 12.22 s)
12300000 of 30000000 tuples (41%) done (elapsed 8.45 s, remaining 12.16 s)
12400000 of 30000000 tuples (41%) done (elapsed 8.52 s, remaining 12.09 s)
12500000 of 30000000 tuples (41%) done (elapsed 8.59 s, remaining 12.02 s)
12600000 of 30000000 tuples (42%) done (elapsed 8.66 s, remaining 11.95 s)
12700000 of 30000000 tuples (42%) done (elapsed 8.73 s, remaining 11.89 s)
12800000 of 30000000 tuples (42%) done (elapsed 8.79 s, remaining 11.81 s)
12900000 of 30000000 tuples (43%) done (elapsed 8.86 s, remaining 11.74 s)
13000000 of 30000000 tuples (43%) done (elapsed 8.93 s, remaining 11.68 s)
13100000 of 30000000 tuples (43%) done (elapsed 9.00 s, remaining 11.61 s)
13200000 of 30000000 tuples (44%) done (elapsed 9.18 s, remaining 11.68 s)
13300000 of 30000000 tuples (44%) done (elapsed 9.27 s, remaining 11.65 s)
13400000 of 30000000 tuples (44%) done (elapsed 9.35 s, remaining 11.58 s)
13500000 of 30000000 tuples (45%) done (elapsed 9.42 s, remaining 11.51 s)
13600000 of 30000000 tuples (45%) done (elapsed 9.48 s, remaining 11.44 s)
13700000 of 30000000 tuples (45%) done (elapsed 9.55 s, remaining 11.37 s)
13800000 of 30000000 tuples (46%) done (elapsed 9.62 s, remaining 11.30 s)
13900000 of 30000000 tuples (46%) done (elapsed 9.69 s, remaining 11.23 s)
14000000 of 30000000 tuples (46%) done (elapsed 9.76 s, remaining 11.16 s)
14100000 of 30000000 tuples (47%) done (elapsed 9.83 s, remaining 11.09 s)
14200000 of 30000000 tuples (47%) done (elapsed 9.90 s, remaining 11.01 s)
14300000 of 30000000 tuples (47%) done (elapsed 9.96 s, remaining 10.94 s)
14400000 of 30000000 tuples (48%) done (elapsed 10.03 s, remaining 10.87 s)
14500000 of 30000000 tuples (48%) done (elapsed 10.10 s, remaining 10.80 s)
14600000 of 30000000 tuples (48%) done (elapsed 10.17 s, remaining 10.73 s)
14700000 of 30000000 tuples (49%) done (elapsed 10.24 s, remaining 10.66 s)
14800000 of 30000000 tuples (49%) done (elapsed 10.31 s, remaining 10.59 s)
14900000 of 30000000 tuples (49%) done (elapsed 10.38 s, remaining 10.52 s)
15000000 of 30000000 tuples (50%) done (elapsed 10.45 s, remaining 10.45 s)
15100000 of 30000000 tuples (50%) done (elapsed 10.51 s, remaining 10.38 s)
15200000 of 30000000 tuples (50%) done (elapsed 10.58 s, remaining 10.31 s)
15300000 of 30000000 tuples (51%) done (elapsed 10.65 s, remaining 10.24 s)
15400000 of 30000000 tuples (51%) done (elapsed 10.72 s, remaining 10.17 s)
15500000 of 30000000 tuples (51%) done (elapsed 10.79 s, remaining 10.10 s)
15600000 of 30000000 tuples (52%) done (elapsed 10.86 s, remaining 10.02 s)
15700000 of 30000000 tuples (52%) done (elapsed 10.93 s, remaining 9.95 s)
15800000 of 30000000 tuples (52%) done (elapsed 11.00 s, remaining 9.88 s)
15900000 of 30000000 tuples (53%) done (elapsed 11.06 s, remaining 9.81 s)
16000000 of 30000000 tuples (53%) done (elapsed 11.13 s, remaining 9.74 s)
16100000 of 30000000 tuples (53%) done (elapsed 11.20 s, remaining 9.67 s)
16200000 of 30000000 tuples (54%) done (elapsed 11.27 s, remaining 9.60 s)
16300000 of 30000000 tuples (54%) done (elapsed 11.34 s, remaining 9.53 s)
16400000 of 30000000 tuples (54%) done (elapsed 11.41 s, remaining 9.46 s)
16500000 of 30000000 tuples (55%) done (elapsed 11.48 s, remaining 9.39 s)
16600000 of 30000000 tuples (55%) done (elapsed 11.55 s, remaining 9.32 s)
16700000 of 30000000 tuples (55%) done (elapsed 11.62 s, remaining 9.25 s)
16800000 of 30000000 tuples (56%) done (elapsed 11.69 s, remaining 9.18 s)
16900000 of 30000000 tuples (56%) done (elapsed 11.76 s, remaining 9.11 s)
17000000 of 30000000 tuples (56%) done (elapsed 11.83 s, remaining 9.04 s)
17100000 of 30000000 tuples (57%) done (elapsed 11.89 s, remaining 8.97 s)
17200000 of 30000000 tuples (57%) done (elapsed 11.96 s, remaining 8.90 s)
17300000 of 30000000 tuples (57%) done (elapsed 12.03 s, remaining 8.83 s)
17400000 of 30000000 tuples (58%) done (elapsed 12.10 s, remaining 8.76 s)
17500000 of 30000000 tuples (58%) done (elapsed 12.17 s, remaining 8.69 s)
17600000 of 30000000 tuples (58%) done (elapsed 12.24 s, remaining 8.62 s)
17700000 of 30000000 tuples (59%) done (elapsed 12.31 s, remaining 8.55 s)
17800000 of 30000000 tuples (59%) done (elapsed 12.37 s, remaining 8.48 s)
17900000 of 30000000 tuples (59%) done (elapsed 12.44 s, remaining 8.41 s)
18000000 of 30000000 tuples (60%) done (elapsed 12.51 s, remaining 8.34 s)
18100000 of 30000000 tuples (60%) done (elapsed 12.58 s, remaining 8.27 s)
18200000 of 30000000 tuples (60%) done (elapsed 12.65 s, remaining 8.20 s)
18300000 of 30000000 tuples (61%) done (elapsed 12.72 s, remaining 8.13 s)
18400000 of 30000000 tuples (61%) done (elapsed 12.79 s, remaining 8.06 s)
18500000 of 30000000 tuples (61%) done (elapsed 12.86 s, remaining 7.99 s)
18600000 of 30000000 tuples (62%) done (elapsed 12.93 s, remaining 7.92 s)
18700000 of 30000000 tuples (62%) done (elapsed 13.00 s, remaining 7.85 s)
18800000 of 30000000 tuples (62%) done (elapsed 13.07 s, remaining 7.78 s)
18900000 of 30000000 tuples (63%) done (elapsed 13.14 s, remaining 7.71 s)
19000000 of 30000000 tuples (63%) done (elapsed 13.21 s, remaining 7.65 s)
19100000 of 30000000 tuples (63%) done (elapsed 13.28 s, remaining 7.58 s)
19200000 of 30000000 tuples (64%) done (elapsed 13.35 s, remaining 7.51 s)
19300000 of 30000000 tuples (64%) done (elapsed 13.41 s, remaining 7.43 s)
19400000 of 30000000 tuples (64%) done (elapsed 13.48 s, remaining 7.37 s)
19500000 of 30000000 tuples (65%) done (elapsed 13.55 s, remaining 7.30 s)
19600000 of 30000000 tuples (65%) done (elapsed 13.62 s, remaining 7.23 s)
19700000 of 30000000 tuples (65%) done (elapsed 13.69 s, remaining 7.16 s)
19800000 of 30000000 tuples (66%) done (elapsed 13.76 s, remaining 7.09 s)
19900000 of 30000000 tuples (66%) done (elapsed 13.83 s, remaining 7.02 s)
20000000 of 30000000 tuples (66%) done (elapsed 13.89 s, remaining 6.95 s)
20100000 of 30000000 tuples (67%) done (elapsed 13.96 s, remaining 6.88 s)
20200000 of 30000000 tuples (67%) done (elapsed 14.03 s, remaining 6.81 s)
20300000 of 30000000 tuples (67%) done (elapsed 14.17 s, remaining 6.77 s)
20400000 of 30000000 tuples (68%) done (elapsed 14.25 s, remaining 6.70 s)
20500000 of 30000000 tuples (68%) done (elapsed 14.32 s, remaining 6.63 s)
20600000 of 30000000 tuples (68%) done (elapsed 14.39 s, remaining 6.56 s)
20700000 of 30000000 tuples (69%) done (elapsed 14.45 s, remaining 6.49 s)
20800000 of 30000000 tuples (69%) done (elapsed 14.52 s, remaining 6.42 s)
20900000 of 30000000 tuples (69%) done (elapsed 14.59 s, remaining 6.35 s)
21000000 of 30000000 tuples (70%) done (elapsed 14.66 s, remaining 6.28 s)
21100000 of 30000000 tuples (70%) done (elapsed 14.73 s, remaining 6.21 s)
21200000 of 30000000 tuples (70%) done (elapsed 14.80 s, remaining 6.14 s)
21300000 of 30000000 tuples (71%) done (elapsed 14.87 s, remaining 6.07 s)
21400000 of 30000000 tuples (71%) done (elapsed 14.94 s, remaining 6.00 s)
21500000 of 30000000 tuples (71%) done (elapsed 15.01 s, remaining 5.93 s)
21600000 of 30000000 tuples (72%) done (elapsed 15.08 s, remaining 5.86 s)
21700000 of 30000000 tuples (72%) done (elapsed 15.15 s, remaining 5.79 s)
21800000 of 30000000 tuples (72%) done (elapsed 15.22 s, remaining 5.72 s)
21900000 of 30000000 tuples (73%) done (elapsed 15.29 s, remaining 5.65 s)
22000000 of 30000000 tuples (73%) done (elapsed 15.36 s, remaining 5.58 s)
22100000 of 30000000 tuples (73%) done (elapsed 15.43 s, remaining 5.51 s)
22200000 of 30000000 tuples (74%) done (elapsed 15.49 s, remaining 5.44 s)
22300000 of 30000000 tuples (74%) done (elapsed 15.56 s, remaining 5.37 s)
22400000 of 30000000 tuples (74%) done (elapsed 15.63 s, remaining 5.30 s)
22500000 of 30000000 tuples (75%) done (elapsed 15.70 s, remaining 5.23 s)
22600000 of 30000000 tuples (75%) done (elapsed 15.77 s, remaining 5.16 s)
22700000 of 30000000 tuples (75%) done (elapsed 15.84 s, remaining 5.09 s)
22800000 of 30000000 tuples (76%) done (elapsed 15.91 s, remaining 5.02 s)
22900000 of 30000000 tuples (76%) done (elapsed 15.97 s, remaining 4.95 s)
23000000 of 30000000 tuples (76%) done (elapsed 16.04 s, remaining 4.88 s)
23100000 of 30000000 tuples (77%) done (elapsed 16.11 s, remaining 4.81 s)
23200000 of 30000000 tuples (77%) done (elapsed 16.18 s, remaining 4.74 s)
23300000 of 30000000 tuples (77%) done (elapsed 16.25 s, remaining 4.67 s)
23400000 of 30000000 tuples (78%) done (elapsed 16.32 s, remaining 4.60 s)
23500000 of 30000000 tuples (78%) done (elapsed 16.39 s, remaining 4.53 s)
23600000 of 30000000 tuples (78%) done (elapsed 16.46 s, remaining 4.46 s)
23700000 of 30000000 tuples (79%) done (elapsed 16.53 s, remaining 4.39 s)
23800000 of 30000000 tuples (79%) done (elapsed 16.60 s, remaining 4.32 s)
23900000 of 30000000 tuples (79%) done (elapsed 16.67 s, remaining 4.25 s)
24000000 of 30000000 tuples (80%) done (elapsed 16.74 s, remaining 4.18 s)
24100000 of 30000000 tuples (80%) done (elapsed 16.81 s, remaining 4.12 s)
24200000 of 30000000 tuples (80%) done (elapsed 16.88 s, remaining 4.04 s)
24300000 of 30000000 tuples (81%) done (elapsed 16.95 s, remaining 3.98 s)
24400000 of 30000000 tuples (81%) done (elapsed 17.02 s, remaining 3.91 s)
24500000 of 30000000 tuples (81%) done (elapsed 17.09 s, remaining 3.84 s)
24600000 of 30000000 tuples (82%) done (elapsed 17.16 s, remaining 3.77 s)
24700000 of 30000000 tuples (82%) done (elapsed 17.22 s, remaining 3.70 s)
24800000 of 30000000 tuples (82%) done (elapsed 17.29 s, remaining 3.63 s)
24900000 of 30000000 tuples (83%) done (elapsed 17.36 s, remaining 3.56 s)
25000000 of 30000000 tuples (83%) done (elapsed 17.43 s, remaining 3.49 s)
25100000 of 30000000 tuples (83%) done (elapsed 17.50 s, remaining 3.42 s)
25200000 of 30000000 tuples (84%) done (elapsed 17.57 s, remaining 3.35 s)
25300000 of 30000000 tuples (84%) done (elapsed 17.64 s, remaining 3.28 s)
25400000 of 30000000 tuples (84%) done (elapsed 17.71 s, remaining 3.21 s)
25500000 of 30000000 tuples (85%) done (elapsed 17.78 s, remaining 3.14 s)
25600000 of 30000000 tuples (85%) done (elapsed 17.85 s, remaining 3.07 s)
25700000 of 30000000 tuples (85%) done (elapsed 17.92 s, remaining 3.00 s)
25800000 of 30000000 tuples (86%) done (elapsed 17.99 s, remaining 2.93 s)
25900000 of 30000000 tuples (86%) done (elapsed 18.06 s, remaining 2.86 s)
26000000 of 30000000 tuples (86%) done (elapsed 18.13 s, remaining 2.79 s)
26100000 of 30000000 tuples (87%) done (elapsed 18.20 s, remaining 2.72 s)
26200000 of 30000000 tuples (87%) done (elapsed 18.27 s, remaining 2.65 s)
26300000 of 30000000 tuples (87%) done (elapsed 18.34 s, remaining 2.58 s)
26400000 of 30000000 tuples (88%) done (elapsed 18.41 s, remaining 2.51 s)
26500000 of 30000000 tuples (88%) done (elapsed 18.48 s, remaining 2.44 s)
26600000 of 30000000 tuples (88%) done (elapsed 18.55 s, remaining 2.37 s)
26700000 of 30000000 tuples (89%) done (elapsed 18.62 s, remaining 2.30 s)
26800000 of 30000000 tuples (89%) done (elapsed 18.69 s, remaining 2.23 s)
26900000 of 30000000 tuples (89%) done (elapsed 18.76 s, remaining 2.16 s)
27000000 of 30000000 tuples (90%) done (elapsed 18.83 s, remaining 2.09 s)
27100000 of 30000000 tuples (90%) done (elapsed 18.90 s, remaining 2.02 s)
27200000 of 30000000 tuples (90%) done (elapsed 18.97 s, remaining 1.95 s)
27300000 of 30000000 tuples (91%) done (elapsed 19.04 s, remaining 1.88 s)
27400000 of 30000000 tuples (91%) done (elapsed 19.11 s, remaining 1.81 s)
27500000 of 30000000 tuples (91%) done (elapsed 19.35 s, remaining 1.76 s)
27600000 of 30000000 tuples (92%) done (elapsed 19.57 s, remaining 1.70 s)
27700000 of 30000000 tuples (92%) done (elapsed 19.68 s, remaining 1.63 s)
27800000 of 30000000 tuples (92%) done (elapsed 19.76 s, remaining 1.56 s)
27900000 of 30000000 tuples (93%) done (elapsed 19.83 s, remaining 1.49 s)
28000000 of 30000000 tuples (93%) done (elapsed 19.90 s, remaining 1.42 s)
28100000 of 30000000 tuples (93%) done (elapsed 19.97 s, remaining 1.35 s)
28200000 of 30000000 tuples (94%) done (elapsed 20.04 s, remaining 1.28 s)
28300000 of 30000000 tuples (94%) done (elapsed 20.11 s, remaining 1.21 s)
28400000 of 30000000 tuples (94%) done (elapsed 20.18 s, remaining 1.14 s)
28500000 of 30000000 tuples (95%) done (elapsed 20.25 s, remaining 1.07 s)
28600000 of 30000000 tuples (95%) done (elapsed 20.32 s, remaining 0.99 s)
28700000 of 30000000 tuples (95%) done (elapsed 20.39 s, remaining 0.92 s)
28800000 of 30000000 tuples (96%) done (elapsed 20.46 s, remaining 0.85 s)
28900000 of 30000000 tuples (96%) done (elapsed 20.53 s, remaining 0.78 s)
29000000 of 30000000 tuples (96%) done (elapsed 20.60 s, remaining 0.71 s)
29100000 of 30000000 tuples (97%) done (elapsed 20.67 s, remaining 0.64 s)
29200000 of 30000000 tuples (97%) done (elapsed 20.73 s, remaining 0.57 s)
29300000 of 30000000 tuples (97%) done (elapsed 20.80 s, remaining 0.50 s)
29400000 of 30000000 tuples (98%) done (elapsed 20.87 s, remaining 0.43 s)
29500000 of 30000000 tuples (98%) done (elapsed 20.94 s, remaining 0.35 s)
29600000 of 30000000 tuples (98%) done (elapsed 21.01 s, remaining 0.28 s)
29700000 of 30000000 tuples (99%) done (elapsed 21.09 s, remaining 0.21 s)
29800000 of 30000000 tuples (99%) done (elapsed 21.16 s, remaining 0.14 s)
29900000 of 30000000 tuples (99%) done (elapsed 21.23 s, remaining 0.07 s)
30000000 of 30000000 tuples (100%) done (elapsed 21.29 s, remaining 0.00 s)
vacuum...
set primary keys...
NOTICE:  ALTER TABLE / ADD PRIMARY KEY will create implicit index "pgbench_branches_pkey" for table "pgbench_branches"
NOTICE:  ALTER TABLE / ADD PRIMARY KEY will create implicit index "pgbench_tellers_pkey" for table "pgbench_tellers"
NOTICE:  ALTER TABLE / ADD PRIMARY KEY will create implicit index "pgbench_accounts_pkey" for table "pgbench_accounts"
done.
starting vacuum...end.
transaction type: <builtin: TPC-B (sort of)>
scaling factor: 300
query mode: simple
number of clients: 32
number of threads: 4
duration: 60 s
number of transactions actually processed: 2389
latency average: 803.684 ms
tps = 39.480245 (including connections establishing)
tps = 39.481517 (excluding connections establishing)
script statistics:
 - statement latencies in milliseconds:
         0.003  \set aid random(1, 100000 * :scale)
         0.001  \set bid random(1, 1 * :scale)
         0.001  \set tid random(1, 10 * :scale)
         0.001  \set delta random(-5000, 5000)
         0.111  BEGIN;
       316.737  UPDATE pgbench_accounts SET abalance = abalance + :delta WHERE aid = :aid;
         5.172  SELECT abalance FROM pgbench_accounts WHERE aid = :aid;
       179.166  UPDATE pgbench_tellers SET tbalance = tbalance + :delta WHERE tid = :tid;
       109.971  UPDATE pgbench_branches SET bbalance = bbalance + :delta WHERE bid = :bid;
        70.672  INSERT INTO pgbench_history (tid, bid, aid, delta, mtime) VALUES (:tid, :bid, :aid, :delta, CURRENT_TIMESTAMP);
       125.821  END;
starting vacuum...end.
transaction type: <builtin: TPC-B (sort of)>
scaling factor: 300
query mode: simple
number of clients: 32
number of threads: 4
duration: 60 s
number of transactions actually processed: 1804
latency average: 1064.302 ms
tps = 29.662157 (including connections establishing)
tps = 29.663022 (excluding connections establishing)
script statistics:
 - statement latencies in milliseconds:
         0.003  \set aid random(1, 100000 * :scale)
         0.001  \set bid random(1, 1 * :scale)
         0.001  \set tid random(1, 10 * :scale)
         0.001  \set delta random(-5000, 5000)
         0.125  BEGIN;
       604.703  UPDATE pgbench_accounts SET abalance = abalance + :delta WHERE aid = :aid;
         5.840  SELECT abalance FROM pgbench_accounts WHERE aid = :aid;
       155.656  UPDATE pgbench_tellers SET tbalance = tbalance + :delta WHERE tid = :tid;
        75.430  UPDATE pgbench_branches SET bbalance = bbalance + :delta WHERE bid = :bid;
        59.450  INSERT INTO pgbench_history (tid, bid, aid, delta, mtime) VALUES (:tid, :bid, :aid, :delta, CURRENT_TIMESTAMP);
       176.099  END;
starting vacuum...end.
transaction type: <builtin: TPC-B (sort of)>
scaling factor: 300
query mode: simple
number of clients: 32
number of threads: 4
duration: 900 s
number of transactions actually processed: 23789
latency average: 1210.644 ms
tps = 26.419259 (including connections establishing)
tps = 26.419315 (excluding connections establishing)
script statistics:
 - statement latencies in milliseconds:
         0.003  \set aid random(1, 100000 * :scale)
         0.001  \set bid random(1, 1 * :scale)
         0.001  \set tid random(1, 10 * :scale)
         0.001  \set delta random(-5000, 5000)
         0.135  BEGIN;
       659.315  UPDATE pgbench_accounts SET abalance = abalance + :delta WHERE aid = :aid;
         0.245  SELECT abalance FROM pgbench_accounts WHERE aid = :aid;
       179.867  UPDATE pgbench_tellers SET tbalance = tbalance + :delta WHERE tid = :tid;
       101.792  UPDATE pgbench_branches SET bbalance = bbalance + :delta WHERE bid = :bid;
        59.335  INSERT INTO pgbench_history (tid, bid, aid, delta, mtime) VALUES (:tid, :bid, :aid, :delta, CURRENT_TIMESTAMP);
       210.879  END;
starting vacuum...end.
transaction type: <builtin: TPC-B (sort of)>
scaling factor: 300
query mode: simple
number of clients: 32
number of threads: 4
duration: 900 s
number of transactions actually processed: 21175
latency average: 1360.094 ms
tps = 23.495701 (including connections establishing)
tps = 23.495752 (excluding connections establishing)
script statistics:
 - statement latencies in milliseconds:
         0.003  \set aid random(1, 100000 * :scale)
         0.001  \set bid random(1, 1 * :scale)
         0.001  \set tid random(1, 10 * :scale)
         0.001  \set delta random(-5000, 5000)
         0.127  BEGIN;
       698.438  UPDATE pgbench_accounts SET abalance = abalance + :delta WHERE aid = :aid;
         0.969  SELECT abalance FROM pgbench_accounts WHERE aid = :aid;
       210.013  UPDATE pgbench_tellers SET tbalance = tbalance + :delta WHERE tid = :tid;
       132.518  UPDATE pgbench_branches SET bbalance = bbalance + :delta WHERE bid = :bid;
        80.712  INSERT INTO pgbench_history (tid, bid, aid, delta, mtime) VALUES (:tid, :bid, :aid, :delta, CURRENT_TIMESTAMP);
       239.648  END;
========================================================================
Testing 2010-05-17-REL9_0_0~414
Start Time: 2016-08-01 10:39:46+00:00
Linux 3.16.0-4-amd64 (Debian-83-jessie-64-minimal) 	01.08.16 	_x86_64_	(8 CPU)

starting vacuum...end.
transaction type: <builtin: TPC-B (sort of)>
scaling factor: 300
query mode: simple
number of clients: 32
number of threads: 4
duration: 900 s
number of transactions actually processed: 24270
latency average: 1186.650 ms
tps = 26.881849 (including connections establishing)
tps = 26.881932 (excluding connections establishing)
script statistics:
 - statement latencies in milliseconds:
         0.003  \set aid random(1, 100000 * :scale)
         0.001  \set bid random(1, 1 * :scale)
         0.001  \set tid random(1, 10 * :scale)
         0.001  \set delta random(-5000, 5000)
         0.134  BEGIN;
       569.275  UPDATE pgbench_accounts SET abalance = abalance + :delta WHERE aid = :aid;
         0.631  SELECT abalance FROM pgbench_accounts WHERE aid = :aid;
       207.239  UPDATE pgbench_tellers SET tbalance = tbalance + :delta WHERE tid = :tid;
       124.362  UPDATE pgbench_branches SET bbalance = bbalance + :delta WHERE bid = :bid;
        73.203  INSERT INTO pgbench_history (tid, bid, aid, delta, mtime) VALUES (:tid, :bid, :aid, :delta, CURRENT_TIMESTAMP);
       215.461  END;
avg-cpu:  %user   %nice %system %iowait  %steal   %idle
           0,35    0,00    0,20    9,94    0,00   89,51

Device:         rrqm/s   wrqm/s     r/s     w/s    rkB/s    wkB/s avgrq-sz avgqu-sz   await r_await w_await  svctm  %util
sdb               0,01     1,36    2,49  120,84    20,75   821,93    13,67    21,37  173,07   31,29  175,99   5,09  62,78
sda               0,00     1,36   20,70  120,77   173,82   821,38    14,07     8,89   62,41   37,04   66,76   5,48  77,56
md0               0,00     0,00    0,04    0,00     0,17     0,00     8,00     0,00    0,00    0,00    0,00   0,00   0,00
md1               0,00     0,00    0,00    0,00     0,00     0,00     0,00     0,00    0,00    0,00    0,00   0,00   0,00
md2               0,00     0,00   23,16  121,76   194,40   820,94    14,01     0,00    0,00    0,00    0,00   0,00   0,00
md3               0,00     0,00    0,00    0,01     0,00     0,04     8,00     0,00    0,00    0,00    0,00   0,00   0,00

End Time: 2016-08-01 10:55:16+00:00
========================================================================
========================================================================
Testing 2010-05-17-REL9_0_0~414
Start Time: 2016-08-05 14:03:22+00:00
Shared Buffers:  260000
Linux 3.16.0-4-amd64 (Debian-83-jessie-64-minimal) 	05.08.16 	_x86_64_	(8 CPU)

starting vacuum...end.
transaction type: <builtin: TPC-B (sort of)>
scaling factor: 300
query mode: simple
number of clients: 32
number of threads: 4
duration: 900 s
number of transactions actually processed: 26133
latency average: 1102.055 ms
tps = 29.023440 (including connections establishing)
tps = 29.023522 (excluding connections establishing)
script statistics:
 - statement latencies in milliseconds:
         0.003  \set aid random(1, 100000 * :scale)
         0.001  \set bid random(1, 1 * :scale)
         0.001  \set tid random(1, 10 * :scale)
         0.001  \set delta random(-5000, 5000)
         0.131  BEGIN;
       512.707  UPDATE pgbench_accounts SET abalance = abalance + :delta WHERE aid = :aid;
         0.695  SELECT abalance FROM pgbench_accounts WHERE aid = :aid;
       183.592  UPDATE pgbench_tellers SET tbalance = tbalance + :delta WHERE tid = :tid;
       120.859  UPDATE pgbench_branches SET bbalance = bbalance + :delta WHERE bid = :bid;
        77.156  INSERT INTO pgbench_history (tid, bid, aid, delta, mtime) VALUES (:tid, :bid, :aid, :delta, CURRENT_TIMESTAMP);
       207.560  END;
avg-cpu:  %user   %nice %system %iowait  %steal   %idle
           0,38    0,00    0,22   10,29    0,00   89,10

Device:         rrqm/s   wrqm/s     r/s     w/s    rkB/s    wkB/s avgrq-sz avgqu-sz   await r_await w_await  svctm  %util
sdb               0,00     1,31    2,63  129,89    22,00   887,69    13,73    15,86  119,70   25,89  121,59   4,15  55,05
sda               0,00     1,30   22,11  129,89   185,43   887,69    14,12    13,16   86,60   37,59   94,94   5,61  85,30
md0               0,00     0,00    0,11    0,00     0,45     0,01     8,00     0,00    0,00    0,00    0,00   0,00   0,00
md1               0,00     0,00    0,00    0,00     0,00     0,00     0,00     0,00    0,00    0,00    0,00   0,00   0,00
md2               0,00     0,00   24,62  130,74   206,96   886,55    14,08     0,00    0,00    0,00    0,00   0,00   0,00
md3               0,00     0,00    0,00    0,01     0,00     0,04     8,00     0,00    0,00    0,00    0,00   0,00   0,00

End Time: 2016-08-05 14:18:52+00:00
========================================================================
========================================================================
Testing 2010-05-17-REL9_0_0~414
Start Time: 2016-08-08 14:28:01+00:00
Shared Buffers:  260000
Linux 3.16.0-4-amd64 (Debian-83-jessie-64-minimal) 	08.08.16 	_x86_64_	(8 CPU)

starting vacuum...end.
transaction type: <builtin: TPC-B (sort of)>
scaling factor: 300
query mode: simple
number of clients: 32
number of threads: 4
duration: 900 s
number of transactions actually processed: 24516
latency average: 1174.743 ms
tps = 27.230051 (including connections establishing)
tps = 27.230119 (excluding connections establishing)
script statistics:
 - statement latencies in milliseconds:
         0.003  \set aid random(1, 100000 * :scale)
         0.001  \set bid random(1, 1 * :scale)
         0.001  \set tid random(1, 10 * :scale)
         0.001  \set delta random(-5000, 5000)
         0.129  BEGIN;
       537.767  UPDATE pgbench_accounts SET abalance = abalance + :delta WHERE aid = :aid;
         1.285  SELECT abalance FROM pgbench_accounts WHERE aid = :aid;
       201.781  UPDATE pgbench_tellers SET tbalance = tbalance + :delta WHERE tid = :tid;
       130.265  UPDATE pgbench_branches SET bbalance = bbalance + :delta WHERE bid = :bid;
        77.320  INSERT INTO pgbench_history (tid, bid, aid, delta, mtime) VALUES (:tid, :bid, :aid, :delta, CURRENT_TIMESTAMP);
       226.595  END;
avg-cpu:  %user   %nice %system %iowait  %steal   %idle
           0,36    0,00    0,21   10,12    0,00   89,31

Device:         rrqm/s   wrqm/s     r/s     w/s    rkB/s    wkB/s avgrq-sz avgqu-sz   await r_await w_await  svctm  %util
sdb               0,02     1,34    2,32  119,38    19,48   811,75    13,66    14,31  117,61   25,25  119,40   4,66  56,71
sda               0,04     1,34   21,13  119,38   177,32   811,75    14,08    14,95  106,39   38,11  118,48   6,02  84,55
md0               0,00     0,00    0,13    0,00     0,53     0,00     8,00     0,00    0,00    0,00    0,00   0,00   0,00
md1               0,00     0,00    0,00    0,00     0,00     0,00     0,00     0,00    0,00    0,00    0,00   0,00   0,00
md2               0,00     0,00   23,38  120,28   196,27   810,63    14,02     0,00    0,00    0,00    0,00   0,00   0,00
md3               0,00     0,00    0,00    0,02     0,00     0,08     8,00     0,00    0,00    0,00    0,00   0,00   0,00

Control File Changes
--- /usr/local/oldpgsql/2010-05-17-REL9_0_0~414/before.controldata	2016-08-08 16:28:01.150400339 +0200
+++ /usr/local/oldpgsql/2010-05-17-REL9_0_0~414/after.controldata	2016-08-08 16:44:26.135318035 +0200
@@ -2,19 +2,19 @@
 Catalog version number:               201004261
 Database system identifier:           6255536378212069297
 Database cluster state:               in production
-pg_control last modified:             пн, 08-сер-2016 16:28:00 +0200
-Latest checkpoint location:           0/A1780690
-Prior checkpoint location:            0/9543C970
-Latest checkpoint's REDO location:    0/A1780690
+pg_control last modified:             пн, 08-сер-2016 16:44:25 +0200
+Latest checkpoint location:           0/B687C868
+Prior checkpoint location:            0/B687C810
+Latest checkpoint's REDO location:    0/B687C868
 Latest checkpoint's TimeLineID:       1
-Latest checkpoint's NextXID:          0/106342
-Latest checkpoint's NextOID:          16466
+Latest checkpoint's NextXID:          0/130903
+Latest checkpoint's NextOID:          24658
 Latest checkpoint's NextMultiXactId:  1
 Latest checkpoint's NextMultiOffset:  0
 Latest checkpoint's oldestXID:        654
 Latest checkpoint's oldestXID's DB:   1
 Latest checkpoint's oldestActiveXID:  0
-Time of latest checkpoint:            пн, 08-сер-2016 16:27:27 +0200
+Time of latest checkpoint:            пн, 08-сер-2016 16:44:10 +0200
 Minimum recovery ending location:     0/0
 Backup start location:                0/0
 Current wal_level setting:            minimal
End Time: 2016-08-08 14:44:26+00:00
========================================================================
========================================================================
Testing 2010-05-17-REL9_0_0~414
Start Time: 2016-08-09 02:15:49+00:00
Shared Buffers:  260000
size before pgbench of pgbench_tellers: 8
size before pgbench of pgbench_branches: 8
size before pgbench of pgbench_accounts: 64
size before pgbench of pgbench_branches_pkey: 32
size before pgbench of pgbench_tellers_pkey: 112
size before pgbench of pgbench_accounts_pkey: 658092
size before pgbench of pgbench_history: 24
total size before pgbench: 658340
Linux 3.16.0-4-amd64 (Debian-83-jessie-64-minimal) 	09.08.16 	_x86_64_	(8 CPU)

starting vacuum...end.
transaction type: <builtin: select only>
scaling factor: 300
query mode: simple
number of clients: 32
number of threads: 4
duration: 60 s
number of transactions actually processed: 68096
latency average: 28.195 ms
tps = 1132.798801 (including connections establishing)
tps = 1132.869786 (excluding connections establishing)
script statistics:
 - statement latencies in milliseconds:
         0.002  \set aid random(1, 100000 * :scale)
        28.210  SELECT abalance FROM pgbench_accounts WHERE aid = :aid;
avg-cpu:  %user   %nice %system %iowait  %steal   %idle
           1,13    0,00    0,72   26,68    0,00   71,47

Device:         rrqm/s   wrqm/s     r/s     w/s    rkB/s    wkB/s avgrq-sz avgqu-sz   await r_await w_await  svctm  %util
sdb               0,00     6,19  269,48    1,90  2507,82    32,33    18,72    12,98   47,81   41,34  965,78   2,50  67,85
sda               0,04     6,20  269,10    1,89  2509,11    32,33    18,76    20,94   77,28   46,14 4514,16   2,57  69,65
md0               0,00     0,00    0,08    5,38     0,31    21,51     8,00     0,00    0,00    0,00    0,00   0,00   0,00
md1               0,00     0,00    0,00    0,00     0,00     0,00     0,00     0,00    0,00    0,00    0,00   0,00   0,00
md2               0,00     0,00  538,57    1,68  5016,62     8,36    18,60     0,00    0,00    0,00    0,00   0,00   0,00
md3               0,00     0,00    0,00    0,10     0,00     0,40     8,00     0,00    0,00    0,00    0,00   0,00   0,00

Control File Changes
--- /usr/local/oldpgsql/2010-05-17-REL9_0_0~414/before.controldata	2016-08-09 04:21:34.007174487 +0200
+++ /usr/local/oldpgsql/2010-05-17-REL9_0_0~414/after.controldata	2016-08-09 04:23:07.135333431 +0200
@@ -5,4 +5,4 @@
-pg_control last modified:             Tue Aug  9 02:21:33 2016
-Latest checkpoint location:           0/C1FB55A8
-Prior checkpoint location:            0/B687C8C0
-Latest checkpoint's REDO location:    0/C1FB55A8
+pg_control last modified:             Tue Aug  9 02:23:06 2016
+Latest checkpoint location:           0/C1FB7788
+Prior checkpoint location:            0/C1FB55A8
+Latest checkpoint's REDO location:    0/C1FB7788
@@ -10,2 +10,2 @@
-Latest checkpoint's NextXID:          0/130903
-Latest checkpoint's NextOID:          16467
+Latest checkpoint's NextXID:          0/130904
+Latest checkpoint's NextOID:          24659
@@ -17 +17 @@
-Time of latest checkpoint:            Tue Aug  9 02:20:44 2016
+Time of latest checkpoint:            Tue Aug  9 02:23:04 2016
size after pgbench of pgbench_tellers: 8
size after pgbench of pgbench_branches: 8
size after pgbench of pgbench_accounts: 64
size after pgbench of pgbench_branches_pkey: 32
size after pgbench of pgbench_tellers_pkey: 112
size after pgbench of pgbench_accounts_pkey: 658092
size after pgbench of pgbench_history: 0
total size after pgbench: 658316
End Time: 2016-08-09 02:23:07+00:00
========================================================================
========================================================================
Testing 2010-05-17-REL9_0_0~414
Start Time: 2016-08-10 04:23:01+00:00
Shared Buffers:  260000
size before pgbench of pgbench_tellers: 8
size before pgbench of pgbench_branches: 8
size before pgbench of pgbench_accounts: 64
size before pgbench of pgbench_branches_pkey: 32
size before pgbench of pgbench_tellers_pkey: 112
size before pgbench of pgbench_accounts_pkey: 658092
size before pgbench of pgbench_history: 0
total size before pgbench: 658316
Linux 3.16.0-4-amd64 (Debian-83-jessie-64-minimal) 	10.08.16 	_x86_64_	(8 CPU)

starting vacuum...end.
transaction type: <builtin: select only>
scaling factor: 300
query mode: simple
number of clients: 32
number of threads: 4
duration: 60 s
number of transactions actually processed: 72946
latency average: 26.321 ms
tps = 1212.771949 (including connections establishing)
tps = 1212.817312 (excluding connections establishing)
script statistics:
 - statement latencies in milliseconds:
         0.002  \set aid random(1, 100000 * :scale)
        26.331  SELECT abalance FROM pgbench_accounts WHERE aid = :aid;
avg-cpu:  %user   %nice %system %iowait  %steal   %idle
           1,23    0,00    0,74   28,12    0,00   69,92

Device:         rrqm/s   wrqm/s     r/s     w/s    rkB/s    wkB/s avgrq-sz avgqu-sz   await r_await w_await  svctm  %util
sdb               0,44     5,36  281,58    1,69  2627,07    30,10    18,76    13,28   46,86   39,12 1337,87   2,39  67,79
sda               1,56     5,36  281,24    1,69  2633,82    30,10    18,83    22,92   81,02   46,33 5858,11   2,41  68,24
md0               0,00     0,00    3,62    4,26    14,49    17,02     8,00     0,00    0,00    0,00    0,00   0,00   0,00
md1               0,00     0,00    0,00    0,00     0,00     0,00     0,00     0,00    0,00    0,00    0,00   0,00   0,00
md2               0,00     0,00  561,20    1,89  5246,40    10,84    18,67     0,00    0,00    0,00    0,00   0,00   0,00
md3               0,00     0,00    0,00    0,10     0,00     0,40     8,00     0,00    0,00    0,00    0,00   0,00   0,00

Control File Changes
--- /usr/local/oldpgsql/2010-05-17-REL9_0_0~414/before.controldata	2016-08-10 06:23:38.823645023 +0200
+++ /usr/local/oldpgsql/2010-05-17-REL9_0_0~414/after.controldata	2016-08-10 06:25:09.999871866 +0200
@@ -5,4 +5,4 @@
-pg_control last modified:             Wed Aug 10 04:23:38 2016
-Latest checkpoint location:           0/C1FB7838
-Prior checkpoint location:            0/C1FB77E0
-Latest checkpoint's REDO location:    0/C1FB7838
+pg_control last modified:             Wed Aug 10 04:25:09 2016
+Latest checkpoint location:           0/C1FB9A18
+Prior checkpoint location:            0/C1FB7838
+Latest checkpoint's REDO location:    0/C1FB9A18
@@ -10,2 +10,2 @@
-Latest checkpoint's NextXID:          0/130904
-Latest checkpoint's NextOID:          16468
+Latest checkpoint's NextXID:          0/130905
+Latest checkpoint's NextOID:          24660
@@ -17 +17 @@
-Time of latest checkpoint:            Wed Aug 10 04:23:38 2016
+Time of latest checkpoint:            Wed Aug 10 04:25:08 2016
size after pgbench of pgbench_tellers: 8
size after pgbench of pgbench_branches: 8
size after pgbench of pgbench_accounts: 64
size after pgbench of pgbench_branches_pkey: 32
size after pgbench of pgbench_tellers_pkey: 112
size after pgbench of pgbench_accounts_pkey: 658092
size after pgbench of pgbench_history: 0
total size after pgbench: 658316
End Time: 2016-08-10 04:25:10+00:00
========================================================================
========================================================================
Testing 2010-05-17-REL9_0_0~414
Start Time: 2016-08-11 04:29:13+00:00
Shared Buffers:  260000
size before pgbench of pgbench_tellers: 8
size before pgbench of pgbench_branches: 8
size before pgbench of pgbench_accounts: 64
size before pgbench of pgbench_branches_pkey: 32
size before pgbench of pgbench_tellers_pkey: 112
size before pgbench of pgbench_accounts_pkey: 658092
size before pgbench of pgbench_history: 0
total size before pgbench: 658316
Linux 3.16.0-4-amd64 (Debian-83-jessie-64-minimal) 	11.08.16 	_x86_64_	(8 CPU)

starting vacuum...end.
transaction type: <builtin: select only>
scaling factor: 300
query mode: simple
number of clients: 32
number of threads: 4
duration: 60 s
number of transactions actually processed: 72295
latency average: 26.558 ms
tps = 1202.469781 (including connections establishing)
tps = 1202.513779 (excluding connections establishing)
script statistics:
 - statement latencies in milliseconds:
         0.002  \set aid random(1, 100000 * :scale)
        26.599  SELECT abalance FROM pgbench_accounts WHERE aid = :aid;
avg-cpu:  %user   %nice %system %iowait  %steal   %idle
           1,22    0,00    0,71   29,22    0,00   68,85

Device:         rrqm/s   wrqm/s     r/s     w/s    rkB/s    wkB/s avgrq-sz avgqu-sz   await r_await w_await  svctm  %util
sdb               0,00     4,62  277,24    1,72  2603,11    27,41    18,86    17,91   64,18   40,87 3817,83   2,42  67,44
sda               0,37     4,63  279,63    1,71  2640,53    27,41    18,97    14,56   51,75   45,73 1035,56   2,42  68,05
md0               0,00     0,00    1,07    3,53     4,27    14,13     8,00     0,00    0,00    0,00    0,00   0,00   0,00
md1               0,00     0,00    0,00    0,00     0,00     0,00     0,00     0,00    0,00    0,00    0,00   0,00   0,00
md2               0,00     0,00  556,18    1,87  5239,38    10,98    18,82     0,00    0,00    0,00    0,00   0,00   0,00
md3               0,00     0,00    0,00    0,10     0,00     0,40     8,00     0,00    0,00    0,00    0,00   0,00   0,00

Control File Changes
--- /usr/local/oldpgsql/2010-05-17-REL9_0_0~414/before.controldata	2016-08-11 06:29:51.243689217 +0200
+++ /usr/local/oldpgsql/2010-05-17-REL9_0_0~414/after.controldata	2016-08-11 06:31:22.495992418 +0200
@@ -5,4 +5,4 @@
-pg_control last modified:             Thu Aug 11 04:29:51 2016
-Latest checkpoint location:           0/C1FB9AC8
-Prior checkpoint location:            0/C1FB9A70
-Latest checkpoint's REDO location:    0/C1FB9AC8
+pg_control last modified:             Thu Aug 11 04:31:22 2016
+Latest checkpoint location:           0/C1FBBCA8
+Prior checkpoint location:            0/C1FB9AC8
+Latest checkpoint's REDO location:    0/C1FBBCA8
@@ -10,2 +10,2 @@
-Latest checkpoint's NextXID:          0/130905
-Latest checkpoint's NextOID:          16469
+Latest checkpoint's NextXID:          0/130906
+Latest checkpoint's NextOID:          24661
@@ -17 +17 @@
-Time of latest checkpoint:            Thu Aug 11 04:29:50 2016
+Time of latest checkpoint:            Thu Aug 11 04:31:21 2016
size after pgbench of pgbench_tellers: 8
size after pgbench of pgbench_branches: 8
size after pgbench of pgbench_accounts: 64
size after pgbench of pgbench_branches_pkey: 32
size after pgbench of pgbench_tellers_pkey: 112
size after pgbench of pgbench_accounts_pkey: 658092
size after pgbench of pgbench_history: 0
total size after pgbench: 658316
End Time: 2016-08-11 04:31:22+00:00
========================================================================
========================================================================
Testing 2010-05-17-REL9_0_0~414
Start Time: 2016-08-12 00:14:37+00:00
Shared Buffers:  260000
size before pgbench of pgbench_tellers: 8
size before pgbench of pgbench_branches: 8
size before pgbench of pgbench_accounts: 64
size before pgbench of pgbench_branches_pkey: 32
size before pgbench of pgbench_tellers_pkey: 112
size before pgbench of pgbench_accounts_pkey: 658092
size before pgbench of pgbench_history: 0
total size before pgbench: 658316
Linux 3.16.0-4-amd64 (Debian-83-jessie-64-minimal) 	12.08.16 	_x86_64_	(8 CPU)

starting vacuum...end.
transaction type: <builtin: select only>
scaling factor: 300
query mode: simple
number of clients: 32
number of threads: 4
duration: 60 s
number of transactions actually processed: 70097
latency average: 27.391 ms
tps = 1165.958606 (including connections establishing)
tps = 1165.997300 (excluding connections establishing)
script statistics:
 - statement latencies in milliseconds:
         0.002  \set aid random(1, 100000 * :scale)
        27.431  SELECT abalance FROM pgbench_accounts WHERE aid = :aid;
avg-cpu:  %user   %nice %system %iowait  %steal   %idle
           1,18    0,00    0,70   28,94    0,00   69,18

Device:         rrqm/s   wrqm/s     r/s     w/s    rkB/s    wkB/s avgrq-sz avgqu-sz   await r_await w_await  svctm  %util
sdb               0,49     4,54  270,57    1,69  2514,80    27,21    18,67    14,69   53,95   41,24 2089,50   2,47  67,24
sda               0,08     4,56  273,64    1,68  2554,76    27,21    18,76    15,70   57,02   46,09 1839,74   2,46  67,67
md0               0,00     0,00    0,83    3,62     3,33    14,49     8,00     0,00    0,00    0,00    0,00   0,00   0,00
md1               0,00     0,00    0,00    0,00     0,00     0,00     0,00     0,00    0,00    0,00    0,00   0,00   0,00
md2               0,00     0,00  543,93    1,68  5065,96    10,44    18,61     0,00    0,00    0,00    0,00   0,00   0,00
md3               0,00     0,00    0,00    0,10     0,00     0,40     8,00     0,00    0,00    0,00    0,00   0,00   0,00

Control File Changes
--- /usr/local/oldpgsql/2010-05-17-REL9_0_0~414/before.controldata	2016-08-12 02:15:14.791983126 +0200
+++ /usr/local/oldpgsql/2010-05-17-REL9_0_0~414/after.controldata	2016-08-12 02:16:45.928272206 +0200
@@ -5,4 +5,4 @@
-pg_control last modified:             Fri Aug 12 00:15:14 2016
-Latest checkpoint location:           0/C1FBBD58
-Prior checkpoint location:            0/C1FBBD00
-Latest checkpoint's REDO location:    0/C1FBBD58
+pg_control last modified:             Fri Aug 12 00:16:45 2016
+Latest checkpoint location:           0/C1FBDF38
+Prior checkpoint location:            0/C1FBBD58
+Latest checkpoint's REDO location:    0/C1FBDF38
@@ -10,2 +10,2 @@
-Latest checkpoint's NextXID:          0/130906
-Latest checkpoint's NextOID:          16470
+Latest checkpoint's NextXID:          0/130907
+Latest checkpoint's NextOID:          24662
@@ -17 +17 @@
-Time of latest checkpoint:            Fri Aug 12 00:15:14 2016
+Time of latest checkpoint:            Fri Aug 12 00:16:44 2016
size after pgbench of pgbench_tellers: 8
size after pgbench of pgbench_branches: 8
size after pgbench of pgbench_accounts: 64
size after pgbench of pgbench_branches_pkey: 32
size after pgbench of pgbench_tellers_pkey: 112
size after pgbench of pgbench_accounts_pkey: 658092
size after pgbench of pgbench_history: 0
total size after pgbench: 658316
End Time: 2016-08-12 00:16:46+00:00
========================================================================
========================================================================
Testing 2010-05-17-REL9_0_0~414
Start Time: 2016-08-12 21:24:31+00:00
Shared Buffers:  260000
size before pgbench of pgbench_tellers: 8
size before pgbench of pgbench_branches: 8
size before pgbench of pgbench_accounts: 64
size before pgbench of pgbench_branches_pkey: 32
size before pgbench of pgbench_tellers_pkey: 112
size before pgbench of pgbench_accounts_pkey: 658092
size before pgbench of pgbench_history: 0
total size before pgbench: 658316
+ /usr/local/pgsql/bin/pgbench -T 60 -S -c 64 -j 4 -r
Linux 3.16.0-4-amd64 (Debian-83-jessie-64-minimal) 	12.08.16 	_x86_64_	(8 CPU)

starting vacuum...end.
transaction type: <builtin: select only>
scaling factor: 300
query mode: simple
number of clients: 64
number of threads: 4
duration: 60 s
number of transactions actually processed: 73518
latency average: 52.232 ms
tps = 1221.786996 (including connections establishing)
tps = 1221.826790 (excluding connections establishing)
script statistics:
 - statement latencies in milliseconds:
         0.002  \set aid random(1, 100000 * :scale)
        52.277  SELECT abalance FROM pgbench_accounts WHERE aid = :aid;
avg-cpu:  %user   %nice %system %iowait  %steal   %idle
           1,26    0,00    0,82   36,36    0,00   61,56

Device:         rrqm/s   wrqm/s     r/s     w/s    rkB/s    wkB/s avgrq-sz avgqu-sz   await r_await w_await  svctm  %util
sdb               0,09     4,71  281,83    1,71  2636,18    27,26    18,79    35,31  124,52   83,84 6824,47   2,38  67,44
sda               0,04     4,71  282,27    1,71  2640,93    27,26    18,79    35,04  123,39   85,16 6428,57   2,38  67,72
md0               0,00     0,00    0,13    3,74     0,53    14,98     8,00     0,00    0,00    0,00    0,00   0,00   0,00
md1               0,00     0,00    0,00    0,00     0,00     0,00     0,00     0,00    0,00    0,00    0,00   0,00   0,00
md2               0,00     0,00  564,17    1,73  5276,58    10,00    18,68     0,00    0,00    0,00    0,00   0,00   0,00
md3               0,00     0,00    0,00    0,10     0,00     0,40     8,00     0,00    0,00    0,00    0,00   0,00   0,00

Control File Changes
--- /usr/local/oldpgsql/2010-05-17-REL9_0_0~414/before.controldata	2016-08-12 23:25:09.095632564 +0200
+++ /usr/local/oldpgsql/2010-05-17-REL9_0_0~414/after.controldata	2016-08-12 23:26:40.287820699 +0200
@@ -5,4 +5,4 @@
-pg_control last modified:             Fri Aug 12 21:25:08 2016
-Latest checkpoint location:           0/C1FBE010
-Prior checkpoint location:            0/C1FBDF90
-Latest checkpoint's REDO location:    0/C1FBE010
+pg_control last modified:             Fri Aug 12 21:26:40 2016
+Latest checkpoint location:           0/C1FC01F0
+Prior checkpoint location:            0/C1FBE010
+Latest checkpoint's REDO location:    0/C1FC01F0
@@ -10,2 +10,2 @@
-Latest checkpoint's NextXID:          0/130907
-Latest checkpoint's NextOID:          16471
+Latest checkpoint's NextXID:          0/130908
+Latest checkpoint's NextOID:          24663
@@ -17 +17 @@
-Time of latest checkpoint:            Fri Aug 12 21:25:08 2016
+Time of latest checkpoint:            Fri Aug 12 21:26:39 2016
size after pgbench of pgbench_tellers: 8
size after pgbench of pgbench_branches: 8
size after pgbench of pgbench_accounts: 64
size after pgbench of pgbench_branches_pkey: 32
size after pgbench of pgbench_tellers_pkey: 112
size after pgbench of pgbench_accounts_pkey: 658092
size after pgbench of pgbench_history: 0
total size after pgbench: 658316
End Time: 2016-08-12 21:26:40+00:00
========================================================================
========================================================================
Testing 2010-05-17-REL9_0_0~414
Start Time: 2016-08-13 04:45:21+00:00
Shared Buffers:  260000
size before pgbench of pgbench_tellers: 8
size before pgbench of pgbench_branches: 8
size before pgbench of pgbench_accounts: 64
size before pgbench of pgbench_branches_pkey: 32
size before pgbench of pgbench_tellers_pkey: 112
size before pgbench of pgbench_accounts_pkey: 658092
size before pgbench of pgbench_history: 0
total size before pgbench: 658316
Linux 3.16.0-4-amd64 (Debian-83-jessie-64-minimal) 	13.08.16 	_x86_64_	(8 CPU)

starting vacuum...end.
transaction type: <builtin: select only>
scaling factor: 300
query mode: simple
number of clients: 48
number of threads: 4
duration: 60 s
number of transactions actually processed: 77020
latency average: 37.393 ms
tps = 1281.381707 (including connections establishing)
tps = 1281.432808 (excluding connections establishing)
script statistics:
 - statement latencies in milliseconds:
         0.002  \set aid random(1, 100000 * :scale)
        37.396  SELECT abalance FROM pgbench_accounts WHERE aid = :aid;
avg-cpu:  %user   %nice %system %iowait  %steal   %idle
           1,26    0,00    0,80   31,64    0,00   66,30

Device:         rrqm/s   wrqm/s     r/s     w/s    rkB/s    wkB/s avgrq-sz avgqu-sz   await r_await w_await  svctm  %util
sdb               0,08     4,97  289,31    1,46  2701,16    27,46    18,77    27,40   94,20   59,52 6987,57   2,33  67,61
sda               0,03     4,97  289,77    1,46  2696,58    27,46    18,71    23,36   80,20   63,71 3363,79   2,33  67,76
md0               0,00     0,00    0,13    4,30     0,53    17,20     8,00     0,00    0,00    0,00    0,00   0,00   0,00
md1               0,00     0,00    0,00    0,00     0,00     0,00     0,00     0,00    0,00    0,00    0,00   0,00   0,00
md2               0,00     0,00  579,08    1,28  5397,20     8,18    18,63     0,00    0,00    0,00    0,00   0,00   0,00
md3               0,00     0,00    0,00    0,10     0,00     0,40     8,00     0,00    0,00    0,00    0,00   0,00   0,00

Control File Changes
--- /usr/local/oldpgsql/2010-05-17-REL9_0_0~414/before.controldata	2016-08-13 06:45:58.511190974 +0200
+++ /usr/local/oldpgsql/2010-05-17-REL9_0_0~414/after.controldata	2016-08-13 06:47:29.903485430 +0200
@@ -5,4 +5,4 @@
-pg_control last modified:             Sat Aug 13 04:45:58 2016
-Latest checkpoint location:           0/C1FC02A0
-Prior checkpoint location:            0/C1FC0248
-Latest checkpoint's REDO location:    0/C1FC02A0
+pg_control last modified:             Sat Aug 13 04:47:29 2016
+Latest checkpoint location:           0/C1FC2480
+Prior checkpoint location:            0/C1FC02A0
+Latest checkpoint's REDO location:    0/C1FC2480
@@ -10,2 +10,2 @@
-Latest checkpoint's NextXID:          0/130908
-Latest checkpoint's NextOID:          16472
+Latest checkpoint's NextXID:          0/130909
+Latest checkpoint's NextOID:          24664
@@ -17 +17 @@
-Time of latest checkpoint:            Sat Aug 13 04:45:58 2016
+Time of latest checkpoint:            Sat Aug 13 04:47:28 2016
size after pgbench of pgbench_tellers: 8
size after pgbench of pgbench_branches: 8
size after pgbench of pgbench_accounts: 64
size after pgbench of pgbench_branches_pkey: 32
size after pgbench of pgbench_tellers_pkey: 112
size after pgbench of pgbench_accounts_pkey: 658092
size after pgbench of pgbench_history: 0
total size after pgbench: 658316
End Time: 2016-08-13 04:47:29+00:00
========================================================================
========================================================================
Testing 2010-05-17-REL9_0_0~414
Start Time: 2016-08-13 07:41:08+00:00
Shared Buffers:  260000
size before pgbench of pgbench_tellers: 8
size before pgbench of pgbench_branches: 8
size before pgbench of pgbench_accounts: 64
size before pgbench of pgbench_branches_pkey: 32
size before pgbench of pgbench_tellers_pkey: 112
size before pgbench of pgbench_accounts_pkey: 658092
size before pgbench of pgbench_history: 0
total size before pgbench: 658316
Linux 3.16.0-4-amd64 (Debian-83-jessie-64-minimal) 	13.08.16 	_x86_64_	(8 CPU)

starting vacuum...end.
transaction type: <builtin: select only>
scaling factor: 300
query mode: simple
number of clients: 48
number of threads: 4
duration: 60 s
number of transactions actually processed: 77208
latency average: 37.302 ms
tps = 1284.434286 (including connections establishing)
tps = 1284.479124 (excluding connections establishing)
script statistics:
 - statement latencies in milliseconds:
         0.002  \set aid random(1, 100000 * :scale)
        37.341  SELECT abalance FROM pgbench_accounts WHERE aid = :aid;
avg-cpu:  %user   %nice %system %iowait  %steal   %idle
           1,27    0,00    0,79   31,62    0,00   66,32

Device:         rrqm/s   wrqm/s     r/s     w/s    rkB/s    wkB/s avgrq-sz avgqu-sz   await r_await w_await  svctm  %util
sdb               0,24     7,22  287,69    1,42  2692,18    36,52    18,88    20,97   72,53   62,96 2008,31   2,34  67,57
sda               1,34     7,21  293,19    1,43  2742,22    36,52    18,86    25,62   86,95   63,45 4894,70   2,30  67,72
md0               0,00     0,00    3,10    6,53    12,40    26,13     8,00     0,00    0,00    0,00    0,00   0,00   0,00
md1               0,00     0,00    0,00    0,00     0,00     0,00     0,00     0,00    0,00    0,00    0,00   0,00   0,00
md2               0,00     0,00  579,40    1,24  5422,00     8,27    18,70     0,00    0,00    0,00    0,00   0,00   0,00
md3               0,00     0,00    0,00    0,11     0,00     0,44     8,00     0,00    0,00    0,00    0,00   0,00   0,00

Control File Changes
--- /usr/local/oldpgsql/2010-05-17-REL9_0_0~414/before.controldata	2016-08-13 09:41:46.143033073 +0200
+++ /usr/local/oldpgsql/2010-05-17-REL9_0_0~414/after.controldata	2016-08-13 09:43:17.207213928 +0200
@@ -5,4 +5,4 @@
-pg_control last modified:             Sat Aug 13 07:41:46 2016
-Latest checkpoint location:           0/C1FC2530
-Prior checkpoint location:            0/C1FC24D8
-Latest checkpoint's REDO location:    0/C1FC2530
+pg_control last modified:             Sat Aug 13 07:43:17 2016
+Latest checkpoint location:           0/C1FC4710
+Prior checkpoint location:            0/C1FC2530
+Latest checkpoint's REDO location:    0/C1FC4710
@@ -10,2 +10,2 @@
-Latest checkpoint's NextXID:          0/130909
-Latest checkpoint's NextOID:          16473
+Latest checkpoint's NextXID:          0/130910
+Latest checkpoint's NextOID:          24665
@@ -17 +17 @@
-Time of latest checkpoint:            Sat Aug 13 07:41:45 2016
+Time of latest checkpoint:            Sat Aug 13 07:43:16 2016
size after pgbench of pgbench_tellers: 8
size after pgbench of pgbench_branches: 8
size after pgbench of pgbench_accounts: 64
size after pgbench of pgbench_branches_pkey: 32
size after pgbench of pgbench_tellers_pkey: 112
size after pgbench of pgbench_accounts_pkey: 658092
size after pgbench of pgbench_history: 0
total size after pgbench: 658316
End Time: 2016-08-13 07:43:17+00:00
========================================================================
========================================================================
Testing 2010-05-17-REL9_0_0~414
Start Time: 2016-08-14 12:19:56+00:00
Shared Buffers:  260000
size before pgbench of pgbench_tellers: 8
size before pgbench of pgbench_branches: 8
size before pgbench of pgbench_accounts: 64
size before pgbench of pgbench_branches_pkey: 32
size before pgbench of pgbench_tellers_pkey: 112
size before pgbench of pgbench_accounts_pkey: 658092
size before pgbench of pgbench_history: 0
total size before pgbench: 658316
Linux 3.16.0-4-amd64 (Debian-83-jessie-64-minimal) 	14.08.16 	_x86_64_	(8 CPU)

starting vacuum...end.
transaction type: <builtin: TPC-B (sort of)>
scaling factor: 300
query mode: simple
number of clients: 32
number of threads: 4
duration: 900 s
number of transactions actually processed: 26108
latency average: 1103.110 ms
tps = 28.992379 (including connections establishing)
tps = 28.992449 (excluding connections establishing)
script statistics:
 - statement latencies in milliseconds:
         0.003  \set aid random(1, 100000 * :scale)
         0.001  \set bid random(1, 1 * :scale)
         0.001  \set tid random(1, 10 * :scale)
         0.001  \set delta random(-5000, 5000)
         0.128  BEGIN;
       494.740  UPDATE pgbench_accounts SET abalance = abalance + :delta WHERE aid = :aid;
         1.088  SELECT abalance FROM pgbench_accounts WHERE aid = :aid;
       184.103  UPDATE pgbench_tellers SET tbalance = tbalance + :delta WHERE tid = :tid;
       125.707  UPDATE pgbench_branches SET bbalance = bbalance + :delta WHERE bid = :bid;
        78.229  INSERT INTO pgbench_history (tid, bid, aid, delta, mtime) VALUES (:tid, :bid, :aid, :delta, CURRENT_TIMESTAMP);
       219.986  END;
avg-cpu:  %user   %nice %system %iowait  %steal   %idle
           0,39    0,00    0,23   10,20    0,00   89,18

Device:         rrqm/s   wrqm/s     r/s     w/s    rkB/s    wkB/s avgrq-sz avgqu-sz   await r_await w_await  svctm  %util
sdb               0,00     1,39    2,52  122,90    21,51   838,98    13,72    11,75   93,69   25,23   95,09   4,39  55,03
sda               0,02     1,38   22,31  122,90   189,19   838,98    14,16    14,61  100,63   36,68  112,24   5,90  85,69
md0               0,00     0,00    0,10    0,00     0,40     0,00     8,00     0,00    0,00    0,00    0,00   0,00   0,00
md1               0,00     0,00    0,00    0,00     0,00     0,00     0,00     0,00    0,00    0,00    0,00   0,00   0,00
md2               0,00     0,00   24,75  123,84   210,30   837,86    14,11     0,00    0,00    0,00    0,00   0,00   0,00
md3               0,00     0,00    0,00    0,01     0,00     0,04     8,00     0,00    0,00    0,00    0,00   0,00   0,00

Control File Changes
--- /usr/local/oldpgsql/2010-05-17-REL9_0_0~414/before.controldata	2016-08-14 14:20:35.689002998 +0200
+++ /usr/local/oldpgsql/2010-05-17-REL9_0_0~414/after.controldata	2016-08-14 14:36:48.600485023 +0200
@@ -5,4 +5,4 @@
-pg_control last modified:             Sun Aug 14 12:20:35 2016
-Latest checkpoint location:           0/C1FC47C0
-Prior checkpoint location:            0/C1FC4768
-Latest checkpoint's REDO location:    0/C1FC47C0
+pg_control last modified:             Sun Aug 14 12:36:48 2016
+Latest checkpoint location:           0/D7F7A0B0
+Prior checkpoint location:            0/D7F7A058
+Latest checkpoint's REDO location:    0/D7F7A0B0
@@ -10,2 +10,2 @@
-Latest checkpoint's NextXID:          0/130910
-Latest checkpoint's NextOID:          16474
+Latest checkpoint's NextXID:          0/157063
+Latest checkpoint's NextOID:          24666
@@ -17 +17 @@
-Time of latest checkpoint:            Sun Aug 14 12:20:35 2016
+Time of latest checkpoint:            Sun Aug 14 12:36:47 2016
size after pgbench of pgbench_tellers: 8
size after pgbench of pgbench_branches: 8
size after pgbench of pgbench_accounts: 64
size after pgbench of pgbench_branches_pkey: 32
size after pgbench of pgbench_tellers_pkey: 112
size after pgbench of pgbench_accounts_pkey: 658092
size after pgbench of pgbench_history: 24
total size after pgbench: 658340
End Time: 2016-08-14 12:36:48+00:00
========================================================================
========================================================================
Testing 2010-05-17-REL9_0_0~414
Start Time: 2016-08-16 09:58:06+00:00
Shared Buffers:  260000
size before pgbench of pgbench_tellers: 8
size before pgbench of pgbench_branches: 8
size before pgbench of pgbench_accounts: 64
size before pgbench of pgbench_branches_pkey: 32
size before pgbench of pgbench_tellers_pkey: 112
size before pgbench of pgbench_accounts_pkey: 658092
size before pgbench of pgbench_history: 24
total size before pgbench: 658340
Linux 4.6.0-1-amd64 (Debian-83-jessie-64-minimal) 	16.08.16 	_x86_64_	(8 CPU)

starting vacuum...end.
transaction type: <builtin: TPC-B (sort of)>
scaling factor: 300
query mode: simple
number of clients: 32
number of threads: 4
duration: 900 s
number of transactions actually processed: 24217
latency average: 1189.247 ms
tps = 26.896763 (including connections establishing)
tps = 26.896834 (excluding connections establishing)
script statistics:
 - statement latencies in milliseconds:
         0.002  \set aid random(1, 100000 * :scale)
         0.001  \set bid random(1, 1 * :scale)
         0.001  \set tid random(1, 10 * :scale)
         0.001  \set delta random(-5000, 5000)
         0.124  BEGIN;
       554.146  UPDATE pgbench_accounts SET abalance = abalance + :delta WHERE aid = :aid;
         0.944  SELECT abalance FROM pgbench_accounts WHERE aid = :aid;
       209.971  UPDATE pgbench_tellers SET tbalance = tbalance + :delta WHERE tid = :tid;
       128.156  UPDATE pgbench_branches SET bbalance = bbalance + :delta WHERE bid = :bid;
        74.105  INSERT INTO pgbench_history (tid, bid, aid, delta, mtime) VALUES (:tid, :bid, :aid, :delta, CURRENT_TIMESTAMP);
       222.560  END;
avg-cpu:  %user   %nice %system %iowait  %steal   %idle
           0,34    0,00    0,23   20,69    0,00   78,75

Device:         rrqm/s   wrqm/s     r/s     w/s    rkB/s    wkB/s avgrq-sz avgqu-sz   await r_await w_await  svctm  %util
sdb               0,00     1,73    3,28  110,32    27,64   755,74    13,79    15,54  136,85   24,47  140,18   5,29  60,06
sda               0,03     1,73   19,84  110,32   166,17   755,74    14,17    15,65  120,25   39,59  134,75   6,50  84,62
md0               0,00     0,00    0,09    0,00     0,36     0,00     8,00     0,00    0,00    0,00    0,00   0,00   0,00
md1               0,00     0,00    0,00    0,00     0,00     0,00     0,00     0,00    0,00    0,00    0,00   0,00   0,00
md2               0,00     0,00   23,06  111,77   193,40   755,03    14,07     0,00    0,00    0,00    0,00   0,00   0,00
md3               0,00     0,00    0,00    0,01     0,00     0,04     8,00     0,00    0,00    0,00    0,00   0,00   0,00

Control File Changes
--- /usr/local/oldpgsql/2010-05-17-REL9_0_0~414/before.controldata	2016-08-16 12:03:25.136877239 +0200
+++ /usr/local/oldpgsql/2010-05-17-REL9_0_0~414/after.controldata	2016-08-16 12:19:35.556099113 +0200
@@ -5,4 +5,4 @@
-pg_control last modified:             Tue Aug 16 10:03:24 2016
-Latest checkpoint location:           0/E42B9478
-Prior checkpoint location:            0/D7F7A108
-Latest checkpoint's REDO location:    0/E42B9478
+pg_control last modified:             Tue Aug 16 10:19:35 2016
+Latest checkpoint location:           0/F83B66D0
+Prior checkpoint location:            0/F838CB50
+Latest checkpoint's REDO location:    0/F838CBA8
@@ -10,2 +10,2 @@
-Latest checkpoint's NextXID:          0/157064
-Latest checkpoint's NextOID:          16475
+Latest checkpoint's NextXID:          0/181323
+Latest checkpoint's NextOID:          24667
@@ -17 +17 @@
-Time of latest checkpoint:            Tue Aug 16 10:02:52 2016
+Time of latest checkpoint:            Tue Aug 16 10:19:25 2016
size after pgbench of pgbench_tellers: 8
size after pgbench of pgbench_branches: 8
size after pgbench of pgbench_accounts: 64
size after pgbench of pgbench_branches_pkey: 32
size after pgbench of pgbench_tellers_pkey: 112
size after pgbench of pgbench_accounts_pkey: 658092
size after pgbench of pgbench_history: 24
total size after pgbench: 658340
End Time: 2016-08-16 10:19:35+00:00
========================================================================
========================================================================
Testing 2010-05-17-REL9_0_0~414
Start Time: 2016-08-20 03:55:50+00:00
Shared Buffers:  260000
size before pgbench of pgbench_tellers: 8
size before pgbench of pgbench_branches: 8
size before pgbench of pgbench_accounts: 64
size before pgbench of pgbench_branches_pkey: 32
size before pgbench of pgbench_tellers_pkey: 112
size before pgbench of pgbench_accounts_pkey: 658092
size before pgbench of pgbench_history: 24
total size before pgbench: 658340
Linux 4.6.0-1-amd64 (Debian-83-jessie-64-minimal) 	20.08.16 	_x86_64_	(8 CPU)

starting vacuum...end.
transaction type: <builtin: TPC-B (sort of)>
scaling factor: 300
query mode: simple
number of clients: 32
number of threads: 4
duration: 900 s
number of transactions actually processed: 25575
latency average: 1126.100 ms
tps = 28.412767 (including connections establishing)
tps = 28.412882 (excluding connections establishing)
script statistics:
 - statement latencies in milliseconds:
         0.003  \set aid random(1, 100000 * :scale)
         0.001  \set bid random(1, 1 * :scale)
         0.001  \set tid random(1, 10 * :scale)
         0.001  \set delta random(-5000, 5000)
         0.119  BEGIN;
       495.936  UPDATE pgbench_accounts SET abalance = abalance + :delta WHERE aid = :aid;
         0.977  SELECT abalance FROM pgbench_accounts WHERE aid = :aid;
       198.190  UPDATE pgbench_tellers SET tbalance = tbalance + :delta WHERE tid = :tid;
       126.274  UPDATE pgbench_branches SET bbalance = bbalance + :delta WHERE bid = :bid;
        80.058  INSERT INTO pgbench_history (tid, bid, aid, delta, mtime) VALUES (:tid, :bid, :aid, :delta, CURRENT_TIMESTAMP);
       225.090  END;
avg-cpu:  %user   %nice %system %iowait  %steal   %idle
           0,36    0,00    0,24   21,07    0,00   78,32

Device:         rrqm/s   wrqm/s     r/s     w/s    rkB/s    wkB/s avgrq-sz avgqu-sz   await r_await w_await  svctm  %util
sdb               0,00     1,93    3,40  118,83    28,57   807,89    13,69    15,01  122,77   21,39  125,68   4,86  59,36
sda               0,07     1,94   20,92  118,82   176,47   807,89    14,09    14,34  102,64   38,03  114,02   5,90  82,47
md0               0,00     0,00    0,21    0,00     0,83     0,02     8,00     0,00    0,00    0,00    0,00   0,00   0,00
md1               0,00     0,00    0,00    0,00     0,00     0,00     0,00     0,00    0,00    0,00    0,00   0,00   0,00
md2               0,00     0,00   24,19  120,46   204,20   807,12    13,98     0,00    0,00    0,00    0,00   0,00   0,00
md3               0,00     0,00    0,00    0,01     0,00     0,04     8,00     0,00    0,00    0,00    0,00   0,00   0,00

Control File Changes
--- /usr/local/oldpgsql/2010-05-17-REL9_0_0~414/before.controldata	2016-08-20 06:01:08.682165997 +0200
+++ /usr/local/oldpgsql/2010-05-17-REL9_0_0~414/after.controldata	2016-08-20 06:17:43.908572018 +0200
@@ -5,4 +5,4 @@
-pg_control last modified:             Sat Aug 20 04:01:08 2016
-Latest checkpoint location:           1/48B0E20
-Prior checkpoint location:            0/F83B6728
-Latest checkpoint's REDO location:    1/48B0E20
+pg_control last modified:             Sat Aug 20 04:17:43 2016
+Latest checkpoint location:           1/195783F8
+Prior checkpoint location:            1/195783A0
+Latest checkpoint's REDO location:    1/195783F8
@@ -10,2 +10,2 @@
-Latest checkpoint's NextXID:          0/181323
-Latest checkpoint's NextOID:          16476
+Latest checkpoint's NextXID:          0/206941
+Latest checkpoint's NextOID:          24668
@@ -17 +17 @@
-Time of latest checkpoint:            Sat Aug 20 04:00:34 2016
+Time of latest checkpoint:            Sat Aug 20 04:17:21 2016
size after pgbench of pgbench_tellers: 8
size after pgbench of pgbench_branches: 8
size after pgbench of pgbench_accounts: 64
size after pgbench of pgbench_branches_pkey: 32
size after pgbench of pgbench_tellers_pkey: 112
size after pgbench of pgbench_accounts_pkey: 658092
size after pgbench of pgbench_history: 24
total size after pgbench: 658340
End Time: 2016-08-20 04:17:43+00:00
========================================================================
