creating tables...
100000 of 30000000 tuples (0%) done (elapsed 0.08 s, remaining 25.00 s)
200000 of 30000000 tuples (0%) done (elapsed 0.16 s, remaining 24.08 s)
300000 of 30000000 tuples (1%) done (elapsed 0.22 s, remaining 22.02 s)
400000 of 30000000 tuples (1%) done (elapsed 0.28 s, remaining 20.93 s)
500000 of 30000000 tuples (1%) done (elapsed 0.34 s, remaining 19.95 s)
600000 of 30000000 tuples (2%) done (elapsed 0.40 s, remaining 19.52 s)
700000 of 30000000 tuples (2%) done (elapsed 0.45 s, remaining 18.99 s)
800000 of 30000000 tuples (2%) done (elapsed 0.51 s, remaining 18.74 s)
900000 of 30000000 tuples (3%) done (elapsed 0.57 s, remaining 18.39 s)
1000000 of 30000000 tuples (3%) done (elapsed 0.63 s, remaining 18.20 s)
1100000 of 30000000 tuples (3%) done (elapsed 0.69 s, remaining 18.11 s)
1200000 of 30000000 tuples (4%) done (elapsed 0.75 s, remaining 17.92 s)
1300000 of 30000000 tuples (4%) done (elapsed 0.81 s, remaining 17.84 s)
1400000 of 30000000 tuples (4%) done (elapsed 0.87 s, remaining 17.68 s)
1500000 of 30000000 tuples (5%) done (elapsed 0.93 s, remaining 17.61 s)
1600000 of 30000000 tuples (5%) done (elapsed 0.98 s, remaining 17.47 s)
1700000 of 30000000 tuples (5%) done (elapsed 1.05 s, remaining 17.41 s)
1800000 of 30000000 tuples (6%) done (elapsed 1.10 s, remaining 17.28 s)
1900000 of 30000000 tuples (6%) done (elapsed 1.16 s, remaining 17.15 s)
2000000 of 30000000 tuples (6%) done (elapsed 1.22 s, remaining 17.10 s)
2100000 of 30000000 tuples (7%) done (elapsed 1.28 s, remaining 16.99 s)
2200000 of 30000000 tuples (7%) done (elapsed 1.34 s, remaining 16.94 s)
2300000 of 30000000 tuples (7%) done (elapsed 1.40 s, remaining 16.84 s)
2400000 of 30000000 tuples (8%) done (elapsed 1.46 s, remaining 16.73 s)
2500000 of 30000000 tuples (8%) done (elapsed 1.52 s, remaining 16.69 s)
2600000 of 30000000 tuples (8%) done (elapsed 1.57 s, remaining 16.59 s)
2700000 of 30000000 tuples (9%) done (elapsed 1.63 s, remaining 16.50 s)
2800000 of 30000000 tuples (9%) done (elapsed 1.69 s, remaining 16.45 s)
2900000 of 30000000 tuples (9%) done (elapsed 1.75 s, remaining 16.36 s)
3000000 of 30000000 tuples (10%) done (elapsed 1.81 s, remaining 16.27 s)
3100000 of 30000000 tuples (10%) done (elapsed 1.87 s, remaining 16.22 s)
3200000 of 30000000 tuples (10%) done (elapsed 1.93 s, remaining 16.14 s)
3300000 of 30000000 tuples (11%) done (elapsed 1.98 s, remaining 16.05 s)
3400000 of 30000000 tuples (11%) done (elapsed 2.05 s, remaining 16.01 s)
3500000 of 30000000 tuples (11%) done (elapsed 2.10 s, remaining 15.92 s)
3600000 of 30000000 tuples (12%) done (elapsed 2.17 s, remaining 15.88 s)
3700000 of 30000000 tuples (12%) done (elapsed 2.22 s, remaining 15.80 s)
3800000 of 30000000 tuples (12%) done (elapsed 2.28 s, remaining 15.72 s)
3900000 of 30000000 tuples (13%) done (elapsed 2.34 s, remaining 15.67 s)
4000000 of 30000000 tuples (13%) done (elapsed 2.40 s, remaining 15.59 s)
4100000 of 30000000 tuples (13%) done (elapsed 2.46 s, remaining 15.52 s)
4200000 of 30000000 tuples (14%) done (elapsed 2.52 s, remaining 15.47 s)
4300000 of 30000000 tuples (14%) done (elapsed 2.58 s, remaining 15.39 s)
4400000 of 30000000 tuples (14%) done (elapsed 2.63 s, remaining 15.31 s)
4500000 of 30000000 tuples (15%) done (elapsed 2.69 s, remaining 15.26 s)
4600000 of 30000000 tuples (15%) done (elapsed 2.75 s, remaining 15.19 s)
4700000 of 30000000 tuples (15%) done (elapsed 2.81 s, remaining 15.14 s)
4800000 of 30000000 tuples (16%) done (elapsed 2.87 s, remaining 15.07 s)
4900000 of 30000000 tuples (16%) done (elapsed 2.93 s, remaining 14.99 s)
5000000 of 30000000 tuples (16%) done (elapsed 2.99 s, remaining 14.94 s)
5100000 of 30000000 tuples (17%) done (elapsed 3.05 s, remaining 14.87 s)
5200000 of 30000000 tuples (17%) done (elapsed 3.10 s, remaining 14.80 s)
5300000 of 30000000 tuples (17%) done (elapsed 3.16 s, remaining 14.75 s)
5400000 of 30000000 tuples (18%) done (elapsed 3.22 s, remaining 14.68 s)
5500000 of 30000000 tuples (18%) done (elapsed 3.28 s, remaining 14.61 s)
5600000 of 30000000 tuples (18%) done (elapsed 3.34 s, remaining 14.54 s)
5700000 of 30000000 tuples (19%) done (elapsed 3.40 s, remaining 14.49 s)
5800000 of 30000000 tuples (19%) done (elapsed 3.46 s, remaining 14.43 s)
5900000 of 30000000 tuples (19%) done (elapsed 3.52 s, remaining 14.38 s)
6000000 of 30000000 tuples (20%) done (elapsed 3.58 s, remaining 14.31 s)
6100000 of 30000000 tuples (20%) done (elapsed 3.64 s, remaining 14.26 s)
6200000 of 30000000 tuples (20%) done (elapsed 3.70 s, remaining 14.19 s)
6300000 of 30000000 tuples (21%) done (elapsed 3.75 s, remaining 14.12 s)
6400000 of 30000000 tuples (21%) done (elapsed 3.82 s, remaining 14.07 s)
6500000 of 30000000 tuples (21%) done (elapsed 3.87 s, remaining 14.01 s)
6600000 of 30000000 tuples (22%) done (elapsed 3.93 s, remaining 13.94 s)
6700000 of 30000000 tuples (22%) done (elapsed 3.99 s, remaining 13.89 s)
6800000 of 30000000 tuples (22%) done (elapsed 4.05 s, remaining 13.82 s)
6900000 of 30000000 tuples (23%) done (elapsed 4.11 s, remaining 13.76 s)
7000000 of 30000000 tuples (23%) done (elapsed 4.17 s, remaining 13.69 s)
7100000 of 30000000 tuples (23%) done (elapsed 4.23 s, remaining 13.64 s)
7200000 of 30000000 tuples (24%) done (elapsed 4.29 s, remaining 13.57 s)
7300000 of 30000000 tuples (24%) done (elapsed 4.35 s, remaining 13.52 s)
7400000 of 30000000 tuples (24%) done (elapsed 4.41 s, remaining 13.45 s)
7500000 of 30000000 tuples (25%) done (elapsed 4.47 s, remaining 13.40 s)
7600000 of 30000000 tuples (25%) done (elapsed 4.52 s, remaining 13.33 s)
7700000 of 30000000 tuples (25%) done (elapsed 4.58 s, remaining 13.27 s)
7800000 of 30000000 tuples (26%) done (elapsed 4.64 s, remaining 13.21 s)
7900000 of 30000000 tuples (26%) done (elapsed 4.70 s, remaining 13.15 s)
8000000 of 30000000 tuples (26%) done (elapsed 4.76 s, remaining 13.09 s)
8100000 of 30000000 tuples (27%) done (elapsed 4.82 s, remaining 13.04 s)
8200000 of 30000000 tuples (27%) done (elapsed 4.88 s, remaining 12.97 s)
8300000 of 30000000 tuples (27%) done (elapsed 4.94 s, remaining 12.91 s)
8400000 of 30000000 tuples (28%) done (elapsed 4.99 s, remaining 12.84 s)
8500000 of 30000000 tuples (28%) done (elapsed 5.06 s, remaining 12.79 s)
8600000 of 30000000 tuples (28%) done (elapsed 5.11 s, remaining 12.72 s)
8700000 of 30000000 tuples (29%) done (elapsed 5.17 s, remaining 12.67 s)
8800000 of 30000000 tuples (29%) done (elapsed 5.23 s, remaining 12.60 s)
8900000 of 30000000 tuples (29%) done (elapsed 5.29 s, remaining 12.54 s)
9000000 of 30000000 tuples (30%) done (elapsed 5.35 s, remaining 12.48 s)
9100000 of 30000000 tuples (30%) done (elapsed 5.41 s, remaining 12.42 s)
9200000 of 30000000 tuples (30%) done (elapsed 5.47 s, remaining 12.37 s)
9300000 of 30000000 tuples (31%) done (elapsed 5.53 s, remaining 12.30 s)
9400000 of 30000000 tuples (31%) done (elapsed 5.58 s, remaining 12.24 s)
9500000 of 30000000 tuples (31%) done (elapsed 5.65 s, remaining 12.18 s)
9600000 of 30000000 tuples (32%) done (elapsed 5.70 s, remaining 12.12 s)
9700000 of 30000000 tuples (32%) done (elapsed 5.77 s, remaining 12.07 s)
9800000 of 30000000 tuples (32%) done (elapsed 5.82 s, remaining 12.00 s)
9900000 of 30000000 tuples (33%) done (elapsed 5.88 s, remaining 11.94 s)
10000000 of 30000000 tuples (33%) done (elapsed 5.94 s, remaining 11.88 s)
10100000 of 30000000 tuples (33%) done (elapsed 6.00 s, remaining 11.82 s)
10200000 of 30000000 tuples (34%) done (elapsed 6.06 s, remaining 11.77 s)
10300000 of 30000000 tuples (34%) done (elapsed 6.12 s, remaining 11.70 s)
10400000 of 30000000 tuples (34%) done (elapsed 6.18 s, remaining 11.64 s)
10500000 of 30000000 tuples (35%) done (elapsed 6.24 s, remaining 11.58 s)
10600000 of 30000000 tuples (35%) done (elapsed 6.30 s, remaining 11.53 s)
10700000 of 30000000 tuples (35%) done (elapsed 6.36 s, remaining 11.47 s)
10800000 of 30000000 tuples (36%) done (elapsed 6.42 s, remaining 11.40 s)
10900000 of 30000000 tuples (36%) done (elapsed 6.47 s, remaining 11.34 s)
11000000 of 30000000 tuples (36%) done (elapsed 6.54 s, remaining 11.29 s)
11100000 of 30000000 tuples (37%) done (elapsed 6.59 s, remaining 11.23 s)
11200000 of 30000000 tuples (37%) done (elapsed 6.65 s, remaining 11.17 s)
11300000 of 30000000 tuples (37%) done (elapsed 6.72 s, remaining 11.11 s)
11400000 of 30000000 tuples (38%) done (elapsed 6.77 s, remaining 11.05 s)
11500000 of 30000000 tuples (38%) done (elapsed 6.83 s, remaining 10.99 s)
11600000 of 30000000 tuples (38%) done (elapsed 6.89 s, remaining 10.93 s)
11700000 of 30000000 tuples (39%) done (elapsed 6.95 s, remaining 10.87 s)
11800000 of 30000000 tuples (39%) done (elapsed 7.01 s, remaining 10.81 s)
11900000 of 30000000 tuples (39%) done (elapsed 7.07 s, remaining 10.75 s)
12000000 of 30000000 tuples (40%) done (elapsed 7.13 s, remaining 10.69 s)
12100000 of 30000000 tuples (40%) done (elapsed 7.19 s, remaining 10.63 s)
12200000 of 30000000 tuples (40%) done (elapsed 7.25 s, remaining 10.58 s)
12300000 of 30000000 tuples (41%) done (elapsed 7.31 s, remaining 10.52 s)
12400000 of 30000000 tuples (41%) done (elapsed 7.37 s, remaining 10.46 s)
12500000 of 30000000 tuples (41%) done (elapsed 7.42 s, remaining 10.39 s)
12600000 of 30000000 tuples (42%) done (elapsed 7.49 s, remaining 10.34 s)
12700000 of 30000000 tuples (42%) done (elapsed 7.55 s, remaining 10.28 s)
12800000 of 30000000 tuples (42%) done (elapsed 7.60 s, remaining 10.22 s)
12900000 of 30000000 tuples (43%) done (elapsed 7.66 s, remaining 10.16 s)
13000000 of 30000000 tuples (43%) done (elapsed 7.73 s, remaining 10.10 s)
13100000 of 30000000 tuples (43%) done (elapsed 7.78 s, remaining 10.04 s)
13200000 of 30000000 tuples (44%) done (elapsed 7.84 s, remaining 9.98 s)
13300000 of 30000000 tuples (44%) done (elapsed 7.90 s, remaining 9.92 s)
13400000 of 30000000 tuples (44%) done (elapsed 7.96 s, remaining 9.86 s)
13500000 of 30000000 tuples (45%) done (elapsed 8.02 s, remaining 9.80 s)
13600000 of 30000000 tuples (45%) done (elapsed 8.08 s, remaining 9.74 s)
13700000 of 30000000 tuples (45%) done (elapsed 8.14 s, remaining 9.69 s)
13800000 of 30000000 tuples (46%) done (elapsed 8.20 s, remaining 9.63 s)
13900000 of 30000000 tuples (46%) done (elapsed 8.26 s, remaining 9.57 s)
14000000 of 30000000 tuples (46%) done (elapsed 8.32 s, remaining 9.51 s)
14100000 of 30000000 tuples (47%) done (elapsed 8.38 s, remaining 9.45 s)
14200000 of 30000000 tuples (47%) done (elapsed 8.44 s, remaining 9.39 s)
14300000 of 30000000 tuples (47%) done (elapsed 8.50 s, remaining 9.33 s)
14400000 of 30000000 tuples (48%) done (elapsed 8.56 s, remaining 9.27 s)
14500000 of 30000000 tuples (48%) done (elapsed 8.62 s, remaining 9.21 s)
14600000 of 30000000 tuples (48%) done (elapsed 8.68 s, remaining 9.15 s)
14700000 of 30000000 tuples (49%) done (elapsed 8.74 s, remaining 9.09 s)
14800000 of 30000000 tuples (49%) done (elapsed 8.79 s, remaining 9.03 s)
14900000 of 30000000 tuples (49%) done (elapsed 8.86 s, remaining 8.98 s)
15000000 of 30000000 tuples (50%) done (elapsed 8.91 s, remaining 8.91 s)
15100000 of 30000000 tuples (50%) done (elapsed 8.97 s, remaining 8.85 s)
15200000 of 30000000 tuples (50%) done (elapsed 9.03 s, remaining 8.79 s)
15300000 of 30000000 tuples (51%) done (elapsed 9.09 s, remaining 8.74 s)
15400000 of 30000000 tuples (51%) done (elapsed 9.15 s, remaining 8.68 s)
15500000 of 30000000 tuples (51%) done (elapsed 9.21 s, remaining 8.62 s)
15600000 of 30000000 tuples (52%) done (elapsed 9.27 s, remaining 8.56 s)
15700000 of 30000000 tuples (52%) done (elapsed 9.42 s, remaining 8.58 s)
15800000 of 30000000 tuples (52%) done (elapsed 9.48 s, remaining 8.52 s)
15900000 of 30000000 tuples (53%) done (elapsed 9.54 s, remaining 8.46 s)
16000000 of 30000000 tuples (53%) done (elapsed 9.60 s, remaining 8.40 s)
16100000 of 30000000 tuples (53%) done (elapsed 9.66 s, remaining 8.34 s)
16200000 of 30000000 tuples (54%) done (elapsed 9.72 s, remaining 8.28 s)
16300000 of 30000000 tuples (54%) done (elapsed 9.78 s, remaining 8.22 s)
16400000 of 30000000 tuples (54%) done (elapsed 9.84 s, remaining 8.16 s)
16500000 of 30000000 tuples (55%) done (elapsed 9.90 s, remaining 8.10 s)
16600000 of 30000000 tuples (55%) done (elapsed 9.96 s, remaining 8.04 s)
16700000 of 30000000 tuples (55%) done (elapsed 10.02 s, remaining 7.98 s)
16800000 of 30000000 tuples (56%) done (elapsed 10.07 s, remaining 7.92 s)
16900000 of 30000000 tuples (56%) done (elapsed 10.14 s, remaining 7.86 s)
17000000 of 30000000 tuples (56%) done (elapsed 10.20 s, remaining 7.80 s)
17100000 of 30000000 tuples (57%) done (elapsed 10.25 s, remaining 7.74 s)
17200000 of 30000000 tuples (57%) done (elapsed 10.31 s, remaining 7.67 s)
17300000 of 30000000 tuples (57%) done (elapsed 10.38 s, remaining 7.62 s)
17400000 of 30000000 tuples (58%) done (elapsed 10.43 s, remaining 7.56 s)
17500000 of 30000000 tuples (58%) done (elapsed 10.49 s, remaining 7.49 s)
17600000 of 30000000 tuples (58%) done (elapsed 10.55 s, remaining 7.43 s)
17700000 of 30000000 tuples (59%) done (elapsed 10.61 s, remaining 7.38 s)
17800000 of 30000000 tuples (59%) done (elapsed 10.67 s, remaining 7.31 s)
17900000 of 30000000 tuples (59%) done (elapsed 10.73 s, remaining 7.25 s)
18000000 of 30000000 tuples (60%) done (elapsed 10.79 s, remaining 7.19 s)
18100000 of 30000000 tuples (60%) done (elapsed 10.85 s, remaining 7.13 s)
18200000 of 30000000 tuples (60%) done (elapsed 10.91 s, remaining 7.07 s)
18300000 of 30000000 tuples (61%) done (elapsed 10.97 s, remaining 7.01 s)
18400000 of 30000000 tuples (61%) done (elapsed 11.03 s, remaining 6.95 s)
18500000 of 30000000 tuples (61%) done (elapsed 11.09 s, remaining 6.89 s)
18600000 of 30000000 tuples (62%) done (elapsed 11.15 s, remaining 6.83 s)
18700000 of 30000000 tuples (62%) done (elapsed 11.21 s, remaining 6.77 s)
18800000 of 30000000 tuples (62%) done (elapsed 11.27 s, remaining 6.71 s)
18900000 of 30000000 tuples (63%) done (elapsed 11.33 s, remaining 6.65 s)
19000000 of 30000000 tuples (63%) done (elapsed 11.39 s, remaining 6.59 s)
19100000 of 30000000 tuples (63%) done (elapsed 11.45 s, remaining 6.53 s)
19200000 of 30000000 tuples (64%) done (elapsed 11.51 s, remaining 6.47 s)
19300000 of 30000000 tuples (64%) done (elapsed 11.57 s, remaining 6.41 s)
19400000 of 30000000 tuples (64%) done (elapsed 11.63 s, remaining 6.35 s)
19500000 of 30000000 tuples (65%) done (elapsed 11.68 s, remaining 6.29 s)
19600000 of 30000000 tuples (65%) done (elapsed 11.75 s, remaining 6.23 s)
19700000 of 30000000 tuples (65%) done (elapsed 11.81 s, remaining 6.17 s)
19800000 of 30000000 tuples (66%) done (elapsed 11.86 s, remaining 6.11 s)
19900000 of 30000000 tuples (66%) done (elapsed 11.92 s, remaining 6.05 s)
20000000 of 30000000 tuples (66%) done (elapsed 11.98 s, remaining 5.99 s)
20100000 of 30000000 tuples (67%) done (elapsed 12.04 s, remaining 5.93 s)
20200000 of 30000000 tuples (67%) done (elapsed 12.10 s, remaining 5.87 s)
20300000 of 30000000 tuples (67%) done (elapsed 12.16 s, remaining 5.81 s)
20400000 of 30000000 tuples (68%) done (elapsed 12.22 s, remaining 5.75 s)
20500000 of 30000000 tuples (68%) done (elapsed 12.28 s, remaining 5.69 s)
20600000 of 30000000 tuples (68%) done (elapsed 12.34 s, remaining 5.63 s)
20700000 of 30000000 tuples (69%) done (elapsed 12.40 s, remaining 5.57 s)
20800000 of 30000000 tuples (69%) done (elapsed 12.46 s, remaining 5.51 s)
20900000 of 30000000 tuples (69%) done (elapsed 12.52 s, remaining 5.45 s)
21000000 of 30000000 tuples (70%) done (elapsed 12.58 s, remaining 5.39 s)
21100000 of 30000000 tuples (70%) done (elapsed 12.63 s, remaining 5.33 s)
21200000 of 30000000 tuples (70%) done (elapsed 12.70 s, remaining 5.27 s)
21300000 of 30000000 tuples (71%) done (elapsed 12.76 s, remaining 5.21 s)
21400000 of 30000000 tuples (71%) done (elapsed 12.81 s, remaining 5.15 s)
21500000 of 30000000 tuples (71%) done (elapsed 12.87 s, remaining 5.09 s)
21600000 of 30000000 tuples (72%) done (elapsed 12.94 s, remaining 5.03 s)
21700000 of 30000000 tuples (72%) done (elapsed 12.99 s, remaining 4.97 s)
21800000 of 30000000 tuples (72%) done (elapsed 13.05 s, remaining 4.91 s)
21900000 of 30000000 tuples (73%) done (elapsed 13.11 s, remaining 4.85 s)
22000000 of 30000000 tuples (73%) done (elapsed 13.18 s, remaining 4.79 s)
22100000 of 30000000 tuples (73%) done (elapsed 13.23 s, remaining 4.73 s)
22200000 of 30000000 tuples (74%) done (elapsed 13.29 s, remaining 4.67 s)
22300000 of 30000000 tuples (74%) done (elapsed 13.35 s, remaining 4.61 s)
22400000 of 30000000 tuples (74%) done (elapsed 13.41 s, remaining 4.55 s)
22500000 of 30000000 tuples (75%) done (elapsed 13.47 s, remaining 4.49 s)
22600000 of 30000000 tuples (75%) done (elapsed 13.53 s, remaining 4.43 s)
22700000 of 30000000 tuples (75%) done (elapsed 13.59 s, remaining 4.37 s)
22800000 of 30000000 tuples (76%) done (elapsed 13.65 s, remaining 4.31 s)
22900000 of 30000000 tuples (76%) done (elapsed 13.71 s, remaining 4.25 s)
23000000 of 30000000 tuples (76%) done (elapsed 13.77 s, remaining 4.19 s)
23100000 of 30000000 tuples (77%) done (elapsed 13.83 s, remaining 4.13 s)
23200000 of 30000000 tuples (77%) done (elapsed 13.89 s, remaining 4.07 s)
23300000 of 30000000 tuples (77%) done (elapsed 13.95 s, remaining 4.01 s)
23400000 of 30000000 tuples (78%) done (elapsed 14.01 s, remaining 3.95 s)
23500000 of 30000000 tuples (78%) done (elapsed 14.07 s, remaining 3.89 s)
23600000 of 30000000 tuples (78%) done (elapsed 14.13 s, remaining 3.83 s)
23700000 of 30000000 tuples (79%) done (elapsed 14.19 s, remaining 3.77 s)
23800000 of 30000000 tuples (79%) done (elapsed 14.25 s, remaining 3.71 s)
23900000 of 30000000 tuples (79%) done (elapsed 14.50 s, remaining 3.70 s)
24000000 of 30000000 tuples (80%) done (elapsed 14.58 s, remaining 3.65 s)
24100000 of 30000000 tuples (80%) done (elapsed 14.65 s, remaining 3.59 s)
24200000 of 30000000 tuples (80%) done (elapsed 14.71 s, remaining 3.53 s)
24300000 of 30000000 tuples (81%) done (elapsed 14.77 s, remaining 3.47 s)
24400000 of 30000000 tuples (81%) done (elapsed 14.83 s, remaining 3.40 s)
24500000 of 30000000 tuples (81%) done (elapsed 14.89 s, remaining 3.34 s)
24600000 of 30000000 tuples (82%) done (elapsed 14.95 s, remaining 3.28 s)
24700000 of 30000000 tuples (82%) done (elapsed 15.01 s, remaining 3.22 s)
24800000 of 30000000 tuples (82%) done (elapsed 15.07 s, remaining 3.16 s)
24900000 of 30000000 tuples (83%) done (elapsed 15.13 s, remaining 3.10 s)
25000000 of 30000000 tuples (83%) done (elapsed 15.19 s, remaining 3.04 s)
25100000 of 30000000 tuples (83%) done (elapsed 15.26 s, remaining 2.98 s)
25200000 of 30000000 tuples (84%) done (elapsed 15.32 s, remaining 2.92 s)
25300000 of 30000000 tuples (84%) done (elapsed 15.38 s, remaining 2.86 s)
25400000 of 30000000 tuples (84%) done (elapsed 15.44 s, remaining 2.80 s)
25500000 of 30000000 tuples (85%) done (elapsed 15.50 s, remaining 2.74 s)
25600000 of 30000000 tuples (85%) done (elapsed 15.56 s, remaining 2.67 s)
25700000 of 30000000 tuples (85%) done (elapsed 15.62 s, remaining 2.61 s)
25800000 of 30000000 tuples (86%) done (elapsed 15.69 s, remaining 2.55 s)
25900000 of 30000000 tuples (86%) done (elapsed 15.75 s, remaining 2.49 s)
26000000 of 30000000 tuples (86%) done (elapsed 15.82 s, remaining 2.43 s)
26100000 of 30000000 tuples (87%) done (elapsed 15.88 s, remaining 2.37 s)
26200000 of 30000000 tuples (87%) done (elapsed 15.93 s, remaining 2.31 s)
26300000 of 30000000 tuples (87%) done (elapsed 16.00 s, remaining 2.25 s)
26400000 of 30000000 tuples (88%) done (elapsed 16.06 s, remaining 2.19 s)
26500000 of 30000000 tuples (88%) done (elapsed 16.12 s, remaining 2.13 s)
26600000 of 30000000 tuples (88%) done (elapsed 16.19 s, remaining 2.07 s)
26700000 of 30000000 tuples (89%) done (elapsed 16.25 s, remaining 2.01 s)
26800000 of 30000000 tuples (89%) done (elapsed 16.30 s, remaining 1.95 s)
26900000 of 30000000 tuples (89%) done (elapsed 16.37 s, remaining 1.89 s)
27000000 of 30000000 tuples (90%) done (elapsed 16.43 s, remaining 1.83 s)
27100000 of 30000000 tuples (90%) done (elapsed 16.49 s, remaining 1.76 s)
27200000 of 30000000 tuples (90%) done (elapsed 16.55 s, remaining 1.70 s)
27300000 of 30000000 tuples (91%) done (elapsed 16.70 s, remaining 1.65 s)
27400000 of 30000000 tuples (91%) done (elapsed 16.80 s, remaining 1.59 s)
27500000 of 30000000 tuples (91%) done (elapsed 16.88 s, remaining 1.53 s)
27600000 of 30000000 tuples (92%) done (elapsed 16.95 s, remaining 1.47 s)
27700000 of 30000000 tuples (92%) done (elapsed 17.01 s, remaining 1.41 s)
27800000 of 30000000 tuples (92%) done (elapsed 17.07 s, remaining 1.35 s)
27900000 of 30000000 tuples (93%) done (elapsed 17.13 s, remaining 1.29 s)
28000000 of 30000000 tuples (93%) done (elapsed 17.19 s, remaining 1.23 s)
28100000 of 30000000 tuples (93%) done (elapsed 17.25 s, remaining 1.17 s)
28200000 of 30000000 tuples (94%) done (elapsed 17.31 s, remaining 1.10 s)
28300000 of 30000000 tuples (94%) done (elapsed 17.37 s, remaining 1.04 s)
28400000 of 30000000 tuples (94%) done (elapsed 17.43 s, remaining 0.98 s)
28500000 of 30000000 tuples (95%) done (elapsed 17.49 s, remaining 0.92 s)
28600000 of 30000000 tuples (95%) done (elapsed 17.55 s, remaining 0.86 s)
28700000 of 30000000 tuples (95%) done (elapsed 17.62 s, remaining 0.80 s)
28800000 of 30000000 tuples (96%) done (elapsed 17.68 s, remaining 0.74 s)
28900000 of 30000000 tuples (96%) done (elapsed 17.74 s, remaining 0.68 s)
29000000 of 30000000 tuples (96%) done (elapsed 17.80 s, remaining 0.61 s)
29100000 of 30000000 tuples (97%) done (elapsed 17.86 s, remaining 0.55 s)
29200000 of 30000000 tuples (97%) done (elapsed 17.92 s, remaining 0.49 s)
29300000 of 30000000 tuples (97%) done (elapsed 17.98 s, remaining 0.43 s)
29400000 of 30000000 tuples (98%) done (elapsed 18.04 s, remaining 0.37 s)
29500000 of 30000000 tuples (98%) done (elapsed 18.10 s, remaining 0.31 s)
29600000 of 30000000 tuples (98%) done (elapsed 18.16 s, remaining 0.25 s)
29700000 of 30000000 tuples (99%) done (elapsed 18.23 s, remaining 0.18 s)
29800000 of 30000000 tuples (99%) done (elapsed 18.29 s, remaining 0.12 s)
29900000 of 30000000 tuples (99%) done (elapsed 18.34 s, remaining 0.06 s)
30000000 of 30000000 tuples (100%) done (elapsed 18.41 s, remaining 0.00 s)
vacuum...
set primary keys...
done.
starting vacuum...end.
transaction type: <builtin: TPC-B (sort of)>
scaling factor: 300
query mode: simple
number of clients: 32
number of threads: 4
duration: 60 s
number of transactions actually processed: 11616
latency average: 165.289 ms
tps = 193.099858 (including connections establishing)
tps = 193.106784 (excluding connections establishing)
script statistics:
 - statement latencies in milliseconds:
         0.001  \set aid random(1, 100000 * :scale)
         0.001  \set bid random(1, 1 * :scale)
         0.000  \set tid random(1, 10 * :scale)
         0.001  \set delta random(-5000, 5000)
         0.287  BEGIN;
         0.850  UPDATE pgbench_accounts SET abalance = abalance + :delta WHERE aid = :aid;
         0.351  SELECT abalance FROM pgbench_accounts WHERE aid = :aid;
         1.046  UPDATE pgbench_tellers SET tbalance = tbalance + :delta WHERE tid = :tid;
         8.793  UPDATE pgbench_branches SET bbalance = bbalance + :delta WHERE bid = :bid;
         0.217  INSERT INTO pgbench_history (tid, bid, aid, delta, mtime) VALUES (:tid, :bid, :aid, :delta, CURRENT_TIMESTAMP);
       154.688  END;
starting vacuum...end.
transaction type: <builtin: TPC-B (sort of)>
scaling factor: 300
query mode: simple
number of clients: 32
number of threads: 4
duration: 60 s
number of transactions actually processed: 7485
latency average: 256.513 ms
tps = 124.425099 (including connections establishing)
tps = 124.429279 (excluding connections establishing)
script statistics:
 - statement latencies in milliseconds:
         0.002  \set aid random(1, 100000 * :scale)
         0.001  \set bid random(1, 1 * :scale)
         0.001  \set tid random(1, 10 * :scale)
         0.001  \set delta random(-5000, 5000)
         0.151  BEGIN;
       110.568  UPDATE pgbench_accounts SET abalance = abalance + :delta WHERE aid = :aid;
         0.160  SELECT abalance FROM pgbench_accounts WHERE aid = :aid;
         1.028  UPDATE pgbench_tellers SET tbalance = tbalance + :delta WHERE tid = :tid;
         4.464  UPDATE pgbench_branches SET bbalance = bbalance + :delta WHERE bid = :bid;
         0.238  INSERT INTO pgbench_history (tid, bid, aid, delta, mtime) VALUES (:tid, :bid, :aid, :delta, CURRENT_TIMESTAMP);
       140.616  END;
starting vacuum...end.
transaction type: <builtin: TPC-B (sort of)>
scaling factor: 300
query mode: simple
number of clients: 32
number of threads: 4
duration: 900 s
number of transactions actually processed: 88276
latency average: 326.249 ms
tps = 98.032983 (including connections establishing)
tps = 98.033193 (excluding connections establishing)
script statistics:
 - statement latencies in milliseconds:
         0.002  \set aid random(1, 100000 * :scale)
         0.001  \set bid random(1, 1 * :scale)
         0.001  \set tid random(1, 10 * :scale)
         0.001  \set delta random(-5000, 5000)
         0.159  BEGIN;
       101.960  UPDATE pgbench_accounts SET abalance = abalance + :delta WHERE aid = :aid;
         0.158  SELECT abalance FROM pgbench_accounts WHERE aid = :aid;
         1.089  UPDATE pgbench_tellers SET tbalance = tbalance + :delta WHERE tid = :tid;
         8.499  UPDATE pgbench_branches SET bbalance = bbalance + :delta WHERE bid = :bid;
         0.172  INSERT INTO pgbench_history (tid, bid, aid, delta, mtime) VALUES (:tid, :bid, :aid, :delta, CURRENT_TIMESTAMP);
       214.878  END;
========================================================================
Testing 2013-01-17-REL9_3_0~735
Start Time: 2016-07-30 16:57:02+00:00
Linux 3.16.0-4-amd64 (Debian-83-jessie-64-minimal) 	30.07.16 	_x86_64_	(8 CPU)

starting vacuum...end.
transaction type: <builtin: TPC-B (sort of)>
scaling factor: 300
query mode: simple
number of clients: 32
number of threads: 4
duration: 900 s
number of transactions actually processed: 76758
latency average: 375.205 ms
tps = 85.175266 (including connections establishing)
tps = 85.175488 (excluding connections establishing)
script statistics:
 - statement latencies in milliseconds:
         0.002  \set aid random(1, 100000 * :scale)
         0.001  \set bid random(1, 1 * :scale)
         0.001  \set tid random(1, 10 * :scale)
         0.001  \set delta random(-5000, 5000)
         0.212  BEGIN;
        46.085  UPDATE pgbench_accounts SET abalance = abalance + :delta WHERE aid = :aid;
         0.183  SELECT abalance FROM pgbench_accounts WHERE aid = :aid;
         1.807  UPDATE pgbench_tellers SET tbalance = tbalance + :delta WHERE tid = :tid;
        15.239  UPDATE pgbench_branches SET bbalance = bbalance + :delta WHERE bid = :bid;
         0.162  INSERT INTO pgbench_history (tid, bid, aid, delta, mtime) VALUES (:tid, :bid, :aid, :delta, CURRENT_TIMESTAMP);
       312.443  END;
avg-cpu:  %user   %nice %system %iowait  %steal   %idle
           0,92    0,00    0,31   31,97    0,00   66,80

Device:         rrqm/s   wrqm/s     r/s     w/s    rkB/s    wkB/s avgrq-sz avgqu-sz   await r_await w_await  svctm  %util
sdb               0,00     1,76   17,26  139,70   183,34  2204,22    30,42    82,95  526,96   91,27  580,80   5,35  84,01
sda               0,01     1,75   37,59  139,71   399,38  2204,23    29,37    76,92  432,74   72,25  529,73   5,14  91,19
md0               0,00     0,00    0,15    0,00     0,58     0,00     8,00     0,00    0,00    0,00    0,00   0,00   0,00
md1               0,00     0,00    0,00    0,00     0,00     0,00     0,00     0,00    0,00    0,00    0,00   0,00   0,00
md2               0,00     0,00   54,72  141,10   582,14  2205,31    28,47     0,00    0,00    0,00    0,00   0,00   0,00
md3               0,00     0,00    0,00    0,01     0,00     0,04     8,00     0,00    0,00    0,00    0,00   0,00   0,00

End Time: 2016-07-30 17:12:32+00:00
========================================================================
========================================================================
Testing 2013-01-17-REL9_3_0~735
Start Time: 2016-08-05 20:58:06+00:00
Shared Buffers:  260000
Linux 3.16.0-4-amd64 (Debian-83-jessie-64-minimal) 	05.08.16 	_x86_64_	(8 CPU)

starting vacuum...end.
transaction type: <builtin: TPC-B (sort of)>
scaling factor: 300
query mode: simple
number of clients: 32
number of threads: 4
duration: 900 s
number of transactions actually processed: 166766
latency average: 172.697 ms
tps = 185.282452 (including connections establishing)
tps = 185.282888 (excluding connections establishing)
script statistics:
 - statement latencies in milliseconds:
         0.002  \set aid random(1, 100000 * :scale)
         0.001  \set bid random(1, 1 * :scale)
         0.001  \set tid random(1, 10 * :scale)
         0.001  \set delta random(-5000, 5000)
         0.223  BEGIN;
        11.091  UPDATE pgbench_accounts SET abalance = abalance + :delta WHERE aid = :aid;
         0.255  SELECT abalance FROM pgbench_accounts WHERE aid = :aid;
         1.070  UPDATE pgbench_tellers SET tbalance = tbalance + :delta WHERE tid = :tid;
         8.129  UPDATE pgbench_branches SET bbalance = bbalance + :delta WHERE bid = :bid;
         0.189  INSERT INTO pgbench_history (tid, bid, aid, delta, mtime) VALUES (:tid, :bid, :aid, :delta, CURRENT_TIMESTAMP);
       152.388  END;
avg-cpu:  %user   %nice %system %iowait  %steal   %idle
           1,91    0,00    0,60   20,36    0,00   77,13

Device:         rrqm/s   wrqm/s     r/s     w/s    rkB/s    wkB/s avgrq-sz avgqu-sz   await r_await w_await  svctm  %util
sdb               0,00     1,76   13,54  208,99   160,25  4275,01    39,86    56,43  253,58   46,72  266,98   2,95  65,75
sda               0,05     1,74   50,53  209,01   616,48  4275,01    37,69    50,00  192,62   44,24  228,49   3,41  88,55
md0               0,00     0,00    0,12    0,00     0,48     0,00     8,00     0,00    0,00    0,00    0,00   0,00   0,00
md1               0,00     0,00    0,00    0,00     0,00     0,00     0,00     0,00    0,00    0,00    0,00   0,00   0,00
md2               0,00     0,00   64,00  210,05   776,24  4273,26    36,85     0,00    0,00    0,00    0,00   0,00   0,00
md3               0,00     0,00    0,00    0,01     0,00     0,04     8,00     0,00    0,00    0,00    0,00   0,00   0,00

End Time: 2016-08-05 21:13:36+00:00
========================================================================
========================================================================
Testing 2013-01-17-REL9_3_0~735
Start Time: 2016-08-08 04:14:55+00:00
Shared Buffers:  260000
Linux 3.16.0-4-amd64 (Debian-83-jessie-64-minimal) 	08.08.16 	_x86_64_	(8 CPU)

starting vacuum...end.
transaction type: <builtin: TPC-B (sort of)>
scaling factor: 300
query mode: simple
number of clients: 32
number of threads: 4
duration: 900 s
number of transactions actually processed: 230960
latency average: 124.697 ms
tps = 256.606562 (including connections establishing)
tps = 256.607191 (excluding connections establishing)
script statistics:
 - statement latencies in milliseconds:
         0.002  \set aid random(1, 100000 * :scale)
         0.001  \set bid random(1, 1 * :scale)
         0.001  \set tid random(1, 10 * :scale)
         0.001  \set delta random(-5000, 5000)
         0.251  BEGIN;
         1.860  UPDATE pgbench_accounts SET abalance = abalance + :delta WHERE aid = :aid;
         0.335  SELECT abalance FROM pgbench_accounts WHERE aid = :aid;
         0.969  UPDATE pgbench_tellers SET tbalance = tbalance + :delta WHERE tid = :tid;
         6.454  UPDATE pgbench_branches SET bbalance = bbalance + :delta WHERE bid = :bid;
         0.213  INSERT INTO pgbench_history (tid, bid, aid, delta, mtime) VALUES (:tid, :bid, :aid, :delta, CURRENT_TIMESTAMP);
       114.972  END;
avg-cpu:  %user   %nice %system %iowait  %steal   %idle
           2,47    0,00    0,70   11,04    0,00   85,80

Device:         rrqm/s   wrqm/s     r/s     w/s    rkB/s    wkB/s avgrq-sz avgqu-sz   await r_await w_await  svctm  %util
sdb               0,00     1,86    2,36  282,63    26,79  5261,11    37,11    71,14  249,62   54,09  251,25   2,53  72,23
sda               0,02     1,84   15,04  282,65   171,70  5261,11    36,50    57,54  193,31   34,04  201,78   2,78  82,63
md0               0,00     0,00    0,17    0,00     0,68     0,00     8,00     0,00    0,00    0,00    0,00   0,00   0,00
md1               0,00     0,00    0,00    0,00     0,00     0,00     0,00     0,00    0,00    0,00    0,00   0,00   0,00
md2               0,00     0,00   17,27  283,66   197,81  5259,04    36,27     0,00    0,00    0,00    0,00   0,00   0,00
md3               0,00     0,00    0,00    0,01     0,00     0,04     8,00     0,00    0,00    0,00    0,00   0,00   0,00

Control File Changes
--- /usr/local/oldpgsql/2013-01-17-REL9_3_0~735/before.controldata	2016-08-08 06:14:54.976240949 +0200
+++ /usr/local/oldpgsql/2013-01-17-REL9_3_0~735/after.controldata	2016-08-08 06:31:05.064888279 +0200
@@ -2,21 +2,21 @@
 Catalog version number:               201301171
 Database system identifier:           6255411652360908745
 Database cluster state:               in production
-pg_control last modified:             пн, 08-сер-2016 06:14:54 +0200
-Latest checkpoint location:           1/D643AA60
-Prior checkpoint location:            1/D643AA00
-Latest checkpoint's REDO location:    1/D643AA60
-Latest checkpoint's REDO WAL file:    0000000100000001000000D6
+pg_control last modified:             пн, 08-сер-2016 06:31:04 +0200
+Latest checkpoint location:           2/6CDABCD0
+Prior checkpoint location:            2/66E26628
+Latest checkpoint's REDO location:    2/6CDABCD0
+Latest checkpoint's REDO WAL file:    00000001000000020000006C
 Latest checkpoint's TimeLineID:       1
 Latest checkpoint's full_page_writes: on
-Latest checkpoint's NextXID:          0/378705
-Latest checkpoint's NextOID:          16464
+Latest checkpoint's NextXID:          0/609708
+Latest checkpoint's NextOID:          24656
 Latest checkpoint's NextMultiXactId:  1
 Latest checkpoint's NextMultiOffset:  0
 Latest checkpoint's oldestXID:        699
 Latest checkpoint's oldestXID's DB:   1
 Latest checkpoint's oldestActiveXID:  0
-Time of latest checkpoint:            пн, 08-сер-2016 06:14:54 +0200
+Time of latest checkpoint:            пн, 08-сер-2016 06:30:25 +0200
 Min recovery ending location:         0/0
 Min recovery ending loc's timeline:   0
 Backup start location:                0/0
End Time: 2016-08-08 04:31:05+00:00
========================================================================
========================================================================
Testing 2013-01-17-REL9_3_0~735
Start Time: 2016-08-09 02:33:26+00:00
Shared Buffers:  260000
size before pgbench of pgbench_tellers: 8
size before pgbench of pgbench_branches: 8
size before pgbench of pgbench_accounts: 64
size before pgbench of pgbench_branches_pkey: 32
size before pgbench of pgbench_tellers_pkey: 152
size before pgbench of pgbench_accounts_pkey: 658092
size before pgbench of pgbench_history: 24
total size before pgbench: 658380
starting vacuum...Linux 3.16.0-4-amd64 (Debian-83-jessie-64-minimal) 	09.08.16 	_x86_64_	(8 CPU)

end.
transaction type: <builtin: select only>
scaling factor: 300
query mode: simple
number of clients: 32
number of threads: 4
duration: 60 s
number of transactions actually processed: 5455469
latency average: 0.352 ms
tps = 90889.546906 (including connections establishing)
tps = 90892.742925 (excluding connections establishing)
script statistics:
 - statement latencies in milliseconds:
         0.001  \set aid random(1, 100000 * :scale)
         0.353  SELECT abalance FROM pgbench_accounts WHERE aid = :aid;
avg-cpu:  %user   %nice %system %iowait  %steal   %idle
          53,07    0,00   10,21    3,06    0,00   33,65

Device:         rrqm/s   wrqm/s     r/s     w/s    rkB/s    wkB/s avgrq-sz avgqu-sz   await r_await w_await  svctm  %util
sdb               0,00     0,88   27,30    2,19   269,07    13,65    19,17     2,61   88,51   92,95   33,22   4,61  13,60
sda               0,00     0,88   26,78    2,19   264,84    13,65    19,23     1,63   56,17   58,70   25,26   5,12  14,82
md0               0,00     0,00    0,00    0,00     0,00     0,00     0,00     0,00    0,00    0,00    0,00   0,00   0,00
md1               0,00     0,00    0,00    0,00     0,00     0,00     0,00     0,00    0,00    0,00    0,00   0,00   0,00
md2               0,00     0,00   54,09    1,62   533,91    10,09    19,53     0,00    0,00    0,00    0,00   0,00   0,00
md3               0,00     0,00    0,00    0,10     0,00     0,40     8,00     0,00    0,00    0,00    0,00   0,00   0,00

Control File Changes
--- /usr/local/oldpgsql/2013-01-17-REL9_3_0~735/before.controldata	2016-08-09 04:36:01.028748056 +0200
+++ /usr/local/oldpgsql/2013-01-17-REL9_3_0~735/after.controldata	2016-08-09 04:37:31.536928200 +0200
@@ -5,4 +5,4 @@
-pg_control last modified:             Tue Aug  9 02:36:00 2016
-Latest checkpoint location:           2/C589CC08
-Prior checkpoint location:            2/BD754620
-Latest checkpoint's REDO location:    2/C589CC08
+pg_control last modified:             Tue Aug  9 02:37:31 2016
+Latest checkpoint location:           2/C589E158
+Prior checkpoint location:            2/C589CC08
+Latest checkpoint's REDO location:    2/C589E158
@@ -12,2 +12,2 @@
-Latest checkpoint's NextXID:          0/609708
-Latest checkpoint's NextOID:          16465
+Latest checkpoint's NextXID:          0/609709
+Latest checkpoint's NextOID:          24657
@@ -19 +19 @@
-Time of latest checkpoint:            Tue Aug  9 02:36:00 2016
+Time of latest checkpoint:            Tue Aug  9 02:37:31 2016
size after pgbench of pgbench_history: 0
size after pgbench of pgbench_tellers: 8
size after pgbench of pgbench_branches: 8
size after pgbench of pgbench_accounts: 64
size after pgbench of pgbench_branches_pkey: 32
size after pgbench of pgbench_tellers_pkey: 152
size after pgbench of pgbench_accounts_pkey: 658092
total size after pgbench: 658356
End Time: 2016-08-09 02:37:31+00:00
========================================================================
========================================================================
Testing 2013-01-17-REL9_3_0~735
Start Time: 2016-08-09 15:51:17+00:00
Shared Buffers:  260000
size before pgbench of pgbench_history: 0
size before pgbench of pgbench_tellers: 8
size before pgbench of pgbench_branches: 8
size before pgbench of pgbench_accounts: 64
size before pgbench of pgbench_branches_pkey: 32
size before pgbench of pgbench_tellers_pkey: 152
size before pgbench of pgbench_accounts_pkey: 658092
total size before pgbench: 658356
Linux 3.16.0-4-amd64 (Debian-83-jessie-64-minimal) 	09.08.16 	_x86_64_	(8 CPU)

starting vacuum...end.
transaction type: <builtin: select only>
scaling factor: 300
query mode: simple
number of clients: 32
number of threads: 4
duration: 60 s
number of transactions actually processed: 5437731
latency average: 0.353 ms
tps = 90579.410248 (including connections establishing)
tps = 90582.672888 (excluding connections establishing)
script statistics:
 - statement latencies in milliseconds:
         0.001  \set aid random(1, 100000 * :scale)
         0.354  SELECT abalance FROM pgbench_accounts WHERE aid = :aid;
avg-cpu:  %user   %nice %system %iowait  %steal   %idle
          52,77    0,00   10,34    3,08    0,00   33,82

Device:         rrqm/s   wrqm/s     r/s     w/s    rkB/s    wkB/s avgrq-sz avgqu-sz   await r_await w_await  svctm  %util
sdb               0,30     0,71   24,40    2,00   242,31    11,66    19,24     1,96   74,13   77,97   27,40   4,81  12,71
sda               0,00     0,71   27,62    2,00   273,73    11,66    19,27     2,23   75,21   78,28   32,84   4,71  13,95
md0               0,00     0,00    0,00    0,00     0,00     0,00     0,00     0,00    0,00    0,00    0,00   0,00   0,00
md1               0,00     0,00    0,00    0,00     0,00     0,00     0,00     0,00    0,00    0,00    0,00   0,00   0,00
md2               0,00     0,00   52,33    1,34   515,78     8,58    19,54     0,00    0,00    0,00    0,00   0,00   0,00
md3               0,00     0,00    0,00    0,10     0,00     0,40     8,00     0,00    0,00    0,00    0,00   0,00   0,00

Control File Changes
--- /usr/local/oldpgsql/2013-01-17-REL9_3_0~735/before.controldata	2016-08-09 17:52:32.826774350 +0200
+++ /usr/local/oldpgsql/2013-01-17-REL9_3_0~735/after.controldata	2016-08-09 17:54:03.083100889 +0200
@@ -5,4 +5,4 @@
-pg_control last modified:             Tue Aug  9 15:52:32 2016
-Latest checkpoint location:           2/C589E218
-Prior checkpoint location:            2/C589E1B8
-Latest checkpoint's REDO location:    2/C589E218
+pg_control last modified:             Tue Aug  9 15:54:03 2016
+Latest checkpoint location:           2/C589F7F8
+Prior checkpoint location:            2/C589E218
+Latest checkpoint's REDO location:    2/C589F7F8
@@ -12,2 +12,2 @@
-Latest checkpoint's NextXID:          0/609709
-Latest checkpoint's NextOID:          16466
+Latest checkpoint's NextXID:          0/609710
+Latest checkpoint's NextOID:          24658
@@ -19 +19 @@
-Time of latest checkpoint:            Tue Aug  9 15:52:32 2016
+Time of latest checkpoint:            Tue Aug  9 15:54:02 2016
size after pgbench of pgbench_tellers: 8
size after pgbench of pgbench_branches: 8
size after pgbench of pgbench_accounts: 64
size after pgbench of pgbench_branches_pkey: 32
size after pgbench of pgbench_tellers_pkey: 152
size after pgbench of pgbench_accounts_pkey: 658092
size after pgbench of pgbench_history: 0
total size after pgbench: 658356
End Time: 2016-08-09 15:54:03+00:00
========================================================================
========================================================================
Testing 2013-01-17-REL9_3_0~735
Start Time: 2016-08-10 14:44:07+00:00
Shared Buffers:  260000
size before pgbench of pgbench_tellers: 8
size before pgbench of pgbench_branches: 8
size before pgbench of pgbench_accounts: 64
size before pgbench of pgbench_branches_pkey: 32
size before pgbench of pgbench_tellers_pkey: 152
size before pgbench of pgbench_accounts_pkey: 658092
size before pgbench of pgbench_history: 0
total size before pgbench: 658356
Linux 3.16.0-4-amd64 (Debian-83-jessie-64-minimal) 	10.08.16 	_x86_64_	(8 CPU)

starting vacuum...end.
transaction type: <builtin: select only>
scaling factor: 300
query mode: simple
number of clients: 32
number of threads: 4
duration: 60 s
number of transactions actually processed: 5389985
latency average: 0.356 ms
tps = 89796.397015 (including connections establishing)
tps = 89800.026774 (excluding connections establishing)
script statistics:
 - statement latencies in milliseconds:
         0.001  \set aid random(1, 100000 * :scale)
         0.356  SELECT abalance FROM pgbench_accounts WHERE aid = :aid;
avg-cpu:  %user   %nice %system %iowait  %steal   %idle
          52,02    0,00   10,25    3,74    0,00   33,99

Device:         rrqm/s   wrqm/s     r/s     w/s    rkB/s    wkB/s avgrq-sz avgqu-sz   await r_await w_await  svctm  %util
sdb               0,01     0,80   25,27    2,23   245,16    13,07    18,78     1,89   68,53   71,24   37,83   4,86  13,36
sda               0,00     0,80   27,06    2,23   269,29    13,07    19,28     3,21  109,54  115,21   40,86   5,14  15,05
md0               0,00     0,00    0,09    0,00     0,36     0,00     8,00     0,00    0,00    0,00    0,00   0,00   0,00
md1               0,00     0,00    0,00    0,00     0,00     0,00     0,00     0,00    0,00    0,00    0,00   0,00   0,00
md2               0,00     0,00   52,27    1,52   514,09     9,69    19,48     0,00    0,00    0,00    0,00   0,00   0,00
md3               0,00     0,00    0,00    0,10     0,00     0,40     8,00     0,00    0,00    0,00    0,00   0,00   0,00

Control File Changes
--- /usr/local/oldpgsql/2013-01-17-REL9_3_0~735/before.controldata	2016-08-10 16:45:24.010479052 +0200
+++ /usr/local/oldpgsql/2013-01-17-REL9_3_0~735/after.controldata	2016-08-10 16:46:54.282478738 +0200
@@ -5,4 +5,4 @@
-pg_control last modified:             Wed Aug 10 14:45:23 2016
-Latest checkpoint location:           2/C589F8B8
-Prior checkpoint location:            2/C589F858
-Latest checkpoint's REDO location:    2/C589F8B8
+pg_control last modified:             Wed Aug 10 14:46:54 2016
+Latest checkpoint location:           2/C58A0F58
+Prior checkpoint location:            2/C589F8B8
+Latest checkpoint's REDO location:    2/C58A0F58
@@ -12,2 +12,2 @@
-Latest checkpoint's NextXID:          0/609710
-Latest checkpoint's NextOID:          16467
+Latest checkpoint's NextXID:          0/609711
+Latest checkpoint's NextOID:          24659
@@ -19 +19 @@
-Time of latest checkpoint:            Wed Aug 10 14:45:23 2016
+Time of latest checkpoint:            Wed Aug 10 14:46:54 2016
size after pgbench of pgbench_tellers: 8
size after pgbench of pgbench_branches: 8
size after pgbench of pgbench_accounts: 64
size after pgbench of pgbench_branches_pkey: 32
size after pgbench of pgbench_tellers_pkey: 152
size after pgbench of pgbench_accounts_pkey: 658092
size after pgbench of pgbench_history: 0
total size after pgbench: 658356
End Time: 2016-08-10 14:46:54+00:00
========================================================================
========================================================================
Testing 2013-01-17-REL9_3_0~735
Start Time: 2016-08-10 23:16:12+00:00
Shared Buffers:  260000
size before pgbench of pgbench_tellers: 8
size before pgbench of pgbench_branches: 8
size before pgbench of pgbench_accounts: 64
size before pgbench of pgbench_branches_pkey: 32
size before pgbench of pgbench_tellers_pkey: 152
size before pgbench of pgbench_accounts_pkey: 658092
size before pgbench of pgbench_history: 0
total size before pgbench: 658356
Linux 3.16.0-4-amd64 (Debian-83-jessie-64-minimal) 	11.08.16 	_x86_64_	(8 CPU)

starting vacuum...end.
transaction type: <builtin: select only>
scaling factor: 300
query mode: simple
number of clients: 32
number of threads: 4
duration: 60 s
number of transactions actually processed: 5480383
latency average: 0.350 ms
tps = 91286.881341 (including connections establishing)
tps = 91290.265301 (excluding connections establishing)
script statistics:
 - statement latencies in milliseconds:
         0.001  \set aid random(1, 100000 * :scale)
         0.351  SELECT abalance FROM pgbench_accounts WHERE aid = :aid;
avg-cpu:  %user   %nice %system %iowait  %steal   %idle
          53,13    0,00   10,34    2,92    0,00   33,61

Device:         rrqm/s   wrqm/s     r/s     w/s    rkB/s    wkB/s avgrq-sz avgqu-sz   await r_await w_await  svctm  %util
sdb               0,00     0,68   23,23    1,97   232,44    11,95    19,40     1,10   43,55   44,67   30,28   4,80  12,10
sda               0,00     0,68   28,86    1,97   281,60    11,95    19,05     3,00   97,36  101,68   33,97   4,35  13,42
md0               0,00     0,00    0,00    0,00     0,00     0,00     0,00     0,00    0,00    0,00    0,00   0,00   0,00
md1               0,00     0,00    0,00    0,00     0,00     0,00     0,00     0,00    0,00    0,00    0,00   0,00   0,00
md2               0,00     0,00   52,14    1,32   514,04     8,89    19,56     0,00    0,00    0,00    0,00   0,00   0,00
md3               0,00     0,00    0,00    0,10     0,00     0,40     8,00     0,00    0,00    0,00    0,00   0,00   0,00

Control File Changes
--- /usr/local/oldpgsql/2013-01-17-REL9_3_0~735/before.controldata	2016-08-11 01:17:28.025598011 +0200
+++ /usr/local/oldpgsql/2013-01-17-REL9_3_0~735/after.controldata	2016-08-11 01:18:58.373760923 +0200
@@ -5,4 +5,4 @@
-pg_control last modified:             Wed Aug 10 23:17:27 2016
-Latest checkpoint location:           2/C58A1018
-Prior checkpoint location:            2/C58A0FB8
-Latest checkpoint's REDO location:    2/C58A1018
+pg_control last modified:             Wed Aug 10 23:18:58 2016
+Latest checkpoint location:           2/C58A2760
+Prior checkpoint location:            2/C58A1018
+Latest checkpoint's REDO location:    2/C58A2760
@@ -12,2 +12,2 @@
-Latest checkpoint's NextXID:          0/609711
-Latest checkpoint's NextOID:          16468
+Latest checkpoint's NextXID:          0/609712
+Latest checkpoint's NextOID:          24660
@@ -19 +19 @@
-Time of latest checkpoint:            Wed Aug 10 23:17:27 2016
+Time of latest checkpoint:            Wed Aug 10 23:18:58 2016
size after pgbench of pgbench_tellers: 8
size after pgbench of pgbench_branches: 8
size after pgbench of pgbench_accounts: 64
size after pgbench of pgbench_branches_pkey: 32
size after pgbench of pgbench_tellers_pkey: 152
size after pgbench of pgbench_accounts_pkey: 658092
size after pgbench of pgbench_history: 0
total size after pgbench: 658356
End Time: 2016-08-10 23:18:58+00:00
========================================================================
========================================================================
Testing 2013-01-17-REL9_3_0~735
Start Time: 2016-08-11 21:01:17+00:00
Shared Buffers:  260000
size before pgbench of pgbench_tellers: 8
size before pgbench of pgbench_branches: 8
size before pgbench of pgbench_accounts: 64
size before pgbench of pgbench_branches_pkey: 32
size before pgbench of pgbench_tellers_pkey: 152
size before pgbench of pgbench_accounts_pkey: 658092
size before pgbench of pgbench_history: 0
total size before pgbench: 658356
Linux 3.16.0-4-amd64 (Debian-83-jessie-64-minimal) 	11.08.16 	_x86_64_	(8 CPU)

starting vacuum...end.
transaction type: <builtin: select only>
scaling factor: 300
query mode: simple
number of clients: 32
number of threads: 4
duration: 60 s
number of transactions actually processed: 5453182
latency average: 0.352 ms
tps = 90859.511624 (including connections establishing)
tps = 90862.928574 (excluding connections establishing)
script statistics:
 - statement latencies in milliseconds:
         0.001  \set aid random(1, 100000 * :scale)
         0.353  SELECT abalance FROM pgbench_accounts WHERE aid = :aid;
avg-cpu:  %user   %nice %system %iowait  %steal   %idle
          52,50    0,00   10,18    3,35    0,00   33,97

Device:         rrqm/s   wrqm/s     r/s     w/s    rkB/s    wkB/s avgrq-sz avgqu-sz   await r_await w_await  svctm  %util
sdb               0,00     0,76   25,10    2,08   245,07    12,39    18,95     2,20   81,13   85,00   34,44   4,83  13,13
sda               0,00     0,76   26,73    2,08   268,98    12,39    19,53     2,58   89,52   93,55   37,71   4,83  13,90
md0               0,00     0,00    0,00    0,00     0,00     0,00     0,00     0,00    0,00    0,00    0,00   0,00   0,00
md1               0,00     0,00    0,00    0,00     0,00     0,00     0,00     0,00    0,00    0,00    0,00   0,00   0,00
md2               0,00     0,00   51,83    1,42   514,04     9,20    19,65     0,00    0,00    0,00    0,00   0,00   0,00
md3               0,00     0,00    0,00    0,10     0,00     0,40     8,00     0,00    0,00    0,00    0,00   0,00   0,00

Control File Changes
--- /usr/local/oldpgsql/2013-01-17-REL9_3_0~735/before.controldata	2016-08-11 23:02:33.060712413 +0200
+++ /usr/local/oldpgsql/2013-01-17-REL9_3_0~735/after.controldata	2016-08-11 23:04:03.397122499 +0200
@@ -5,4 +5,4 @@
-pg_control last modified:             Thu Aug 11 21:02:32 2016
-Latest checkpoint location:           2/C58A2820
-Prior checkpoint location:            2/C58A27C0
-Latest checkpoint's REDO location:    2/C58A2820
+pg_control last modified:             Thu Aug 11 21:04:03 2016
+Latest checkpoint location:           2/C58A3FF8
+Prior checkpoint location:            2/C58A2820
+Latest checkpoint's REDO location:    2/C58A3FF8
@@ -12,2 +12,2 @@
-Latest checkpoint's NextXID:          0/609712
-Latest checkpoint's NextOID:          16469
+Latest checkpoint's NextXID:          0/609713
+Latest checkpoint's NextOID:          24661
@@ -19 +19 @@
-Time of latest checkpoint:            Thu Aug 11 21:02:32 2016
+Time of latest checkpoint:            Thu Aug 11 21:04:03 2016
size after pgbench of pgbench_tellers: 8
size after pgbench of pgbench_branches: 8
size after pgbench of pgbench_accounts: 64
size after pgbench of pgbench_branches_pkey: 32
size after pgbench of pgbench_tellers_pkey: 152
size after pgbench of pgbench_accounts_pkey: 658092
size after pgbench of pgbench_history: 0
total size after pgbench: 658356
End Time: 2016-08-11 21:04:03+00:00
========================================================================
========================================================================
Testing 2013-01-17-REL9_3_0~735
Start Time: 2016-08-13 00:22:07+00:00
Shared Buffers:  260000
size before pgbench of pgbench_tellers: 8
size before pgbench of pgbench_branches: 8
size before pgbench of pgbench_accounts: 64
size before pgbench of pgbench_branches_pkey: 32
size before pgbench of pgbench_tellers_pkey: 152
size before pgbench of pgbench_accounts_pkey: 658092
size before pgbench of pgbench_history: 0
total size before pgbench: 658356
Linux 3.16.0-4-amd64 (Debian-83-jessie-64-minimal) 	13.08.16 	_x86_64_	(8 CPU)

+ /usr/local/pgsql/bin/pgbench -T 60 -S -c 64 -j 4 -r
starting vacuum...end.
transaction type: <builtin: select only>
scaling factor: 300
query mode: simple
number of clients: 64
number of threads: 4
duration: 60 s
number of transactions actually processed: 4963730
latency average: 0.774 ms
tps = 82668.807512 (including connections establishing)
tps = 82672.234436 (excluding connections establishing)
script statistics:
 - statement latencies in milliseconds:
         0.001  \set aid random(1, 100000 * :scale)
         0.775  SELECT abalance FROM pgbench_accounts WHERE aid = :aid;
avg-cpu:  %user   %nice %system %iowait  %steal   %idle
          51,32    0,00   10,45    4,08    0,00   34,14

Device:         rrqm/s   wrqm/s     r/s     w/s    rkB/s    wkB/s avgrq-sz avgqu-sz   await r_await w_await  svctm  %util
sdb               0,00     0,69   27,20    2,28   267,56    12,67    19,01     5,89  199,87  209,34   86,77   4,59  13,54
sda               0,00     0,69   25,10    2,28   246,49    12,67    18,93     2,65   96,63   98,21   79,22   5,55  15,19
md0               0,00     0,00    0,00    0,01     0,00     0,04     8,00     0,00    0,00    0,00    0,00   0,00   0,00
md1               0,00     0,00    0,00    0,00     0,00     0,00     0,00     0,00    0,00    0,00    0,00   0,00   0,00
md2               0,00     0,00   52,32    1,44   514,04     9,29    19,47     0,00    0,00    0,00    0,00   0,00   0,00
md3               0,00     0,00    0,00    0,10     0,00     0,40     8,00     0,00    0,00    0,00    0,00   0,00   0,00

Control File Changes
--- /usr/local/oldpgsql/2013-01-17-REL9_3_0~735/before.controldata	2016-08-13 02:23:22.018435807 +0200
+++ /usr/local/oldpgsql/2013-01-17-REL9_3_0~735/after.controldata	2016-08-13 02:24:52.374619271 +0200
@@ -5,4 +5,4 @@
-pg_control last modified:             Sat Aug 13 00:23:21 2016
-Latest checkpoint location:           2/C58A40D0
-Prior checkpoint location:            2/C58A4070
-Latest checkpoint's REDO location:    2/C58A40D0
+pg_control last modified:             Sat Aug 13 00:24:52 2016
+Latest checkpoint location:           2/C58A5950
+Prior checkpoint location:            2/C58A40D0
+Latest checkpoint's REDO location:    2/C58A5950
@@ -12,2 +12,2 @@
-Latest checkpoint's NextXID:          0/609713
-Latest checkpoint's NextOID:          16470
+Latest checkpoint's NextXID:          0/609714
+Latest checkpoint's NextOID:          24662
@@ -19 +19 @@
-Time of latest checkpoint:            Sat Aug 13 00:23:21 2016
+Time of latest checkpoint:            Sat Aug 13 00:24:52 2016
size after pgbench of pgbench_tellers: 8
size after pgbench of pgbench_branches: 8
size after pgbench of pgbench_accounts: 64
size after pgbench of pgbench_branches_pkey: 32
size after pgbench of pgbench_tellers_pkey: 152
size after pgbench of pgbench_accounts_pkey: 658092
size after pgbench of pgbench_history: 0
total size after pgbench: 658356
End Time: 2016-08-13 00:24:52+00:00
========================================================================
========================================================================
Testing 2013-01-17-REL9_3_0~735
Start Time: 2016-08-13 01:32:07+00:00
Shared Buffers:  260000
size before pgbench of pgbench_tellers: 8
size before pgbench of pgbench_branches: 8
size before pgbench of pgbench_accounts: 64
size before pgbench of pgbench_branches_pkey: 32
size before pgbench of pgbench_tellers_pkey: 152
size before pgbench of pgbench_accounts_pkey: 658092
size before pgbench of pgbench_history: 0
total size before pgbench: 658356
Linux 3.16.0-4-amd64 (Debian-83-jessie-64-minimal) 	13.08.16 	_x86_64_	(8 CPU)

starting vacuum...end.
transaction type: <builtin: select only>
scaling factor: 300
query mode: simple
number of clients: 48
number of threads: 4
duration: 60 s
number of transactions actually processed: 5354699
latency average: 0.538 ms
tps = 89196.447087 (including connections establishing)
tps = 89199.742122 (excluding connections establishing)
script statistics:
 - statement latencies in milliseconds:
         0.001  \set aid random(1, 100000 * :scale)
         0.541  SELECT abalance FROM pgbench_accounts WHERE aid = :aid;
avg-cpu:  %user   %nice %system %iowait  %steal   %idle
          52,23    0,00   10,16    3,77    0,00   33,85

Device:         rrqm/s   wrqm/s     r/s     w/s    rkB/s    wkB/s avgrq-sz avgqu-sz   await r_await w_await  svctm  %util
sdb               0,00     0,64   24,60    2,11   246,80    12,04    19,38     1,96   73,54   77,24   30,42   4,93  13,16
sda               0,00     0,64   26,66    2,11   267,64    12,04    19,45     4,91  170,76  181,56   34,36   5,05  14,54
md0               0,00     0,00    0,00    0,00     0,00     0,00     0,00     0,00    0,00    0,00    0,00   0,00   0,00
md1               0,00     0,00    0,00    0,00     0,00     0,00     0,00     0,00    0,00    0,00    0,00   0,00   0,00
md2               0,00     0,00   51,28    1,29   514,04     8,76    19,89     0,00    0,00    0,00    0,00   0,00   0,00
md3               0,00     0,00    0,00    0,10     0,00     0,40     8,00     0,00    0,00    0,00    0,00   0,00   0,00

Control File Changes
--- /usr/local/oldpgsql/2013-01-17-REL9_3_0~735/before.controldata	2016-08-13 03:33:22.395686753 +0200
+++ /usr/local/oldpgsql/2013-01-17-REL9_3_0~735/after.controldata	2016-08-13 03:34:52.755885150 +0200
@@ -5,4 +5,4 @@
-pg_control last modified:             Sat Aug 13 01:33:22 2016
-Latest checkpoint location:           2/C58A5A10
-Prior checkpoint location:            2/C58A59B0
-Latest checkpoint's REDO location:    2/C58A5A10
+pg_control last modified:             Sat Aug 13 01:34:52 2016
+Latest checkpoint location:           2/C58A7350
+Prior checkpoint location:            2/C58A5A10
+Latest checkpoint's REDO location:    2/C58A7350
@@ -12,2 +12,2 @@
-Latest checkpoint's NextXID:          0/609714
-Latest checkpoint's NextOID:          16471
+Latest checkpoint's NextXID:          0/609715
+Latest checkpoint's NextOID:          24663
@@ -19 +19 @@
-Time of latest checkpoint:            Sat Aug 13 01:33:21 2016
+Time of latest checkpoint:            Sat Aug 13 01:34:52 2016
size after pgbench of pgbench_tellers: 8
size after pgbench of pgbench_branches: 8
size after pgbench of pgbench_accounts: 64
size after pgbench of pgbench_branches_pkey: 32
size after pgbench of pgbench_tellers_pkey: 152
size after pgbench of pgbench_accounts_pkey: 658092
size after pgbench of pgbench_history: 0
total size after pgbench: 658356
End Time: 2016-08-13 01:34:52+00:00
========================================================================
========================================================================
Testing 2013-01-17-REL9_3_0~735
Start Time: 2016-08-13 10:29:07+00:00
Shared Buffers:  260000
size before pgbench of pgbench_tellers: 8
size before pgbench of pgbench_branches: 8
size before pgbench of pgbench_accounts: 64
size before pgbench of pgbench_branches_pkey: 32
size before pgbench of pgbench_tellers_pkey: 152
size before pgbench of pgbench_accounts_pkey: 658092
size before pgbench of pgbench_history: 0
total size before pgbench: 658356
Linux 3.16.0-4-amd64 (Debian-83-jessie-64-minimal) 	13.08.16 	_x86_64_	(8 CPU)

starting vacuum...end.
transaction type: <builtin: select only>
scaling factor: 300
query mode: simple
number of clients: 48
number of threads: 4
duration: 60 s
number of transactions actually processed: 5320931
latency average: 0.541 ms
tps = 88628.439048 (including connections establishing)
tps = 88631.429253 (excluding connections establishing)
script statistics:
 - statement latencies in milliseconds:
         0.001  \set aid random(1, 100000 * :scale)
         0.544  SELECT abalance FROM pgbench_accounts WHERE aid = :aid;
avg-cpu:  %user   %nice %system %iowait  %steal   %idle
          51,62    0,00   10,53    3,78    0,00   34,06

Device:         rrqm/s   wrqm/s     r/s     w/s    rkB/s    wkB/s avgrq-sz avgqu-sz   await r_await w_await  svctm  %util
sdb               0,00     0,64   26,41    2,00   261,29    11,84    19,23     3,62  127,52  125,10  159,58   4,65  13,20
sda               0,00     0,64   26,01    2,00   253,16    11,84    18,92     3,86  137,67  138,11  131,96   5,19  14,55
md0               0,00     0,00    0,00    0,00     0,00     0,00     0,00     0,00    0,00    0,00    0,00   0,00   0,00
md1               0,00     0,00    0,00    0,00     0,00     0,00     0,00     0,00    0,00    0,00    0,00   0,00   0,00
md2               0,00     0,00   52,46    1,28   514,04     8,71    19,46     0,00    0,00    0,00    0,00   0,00   0,00
md3               0,00     0,00    0,00    0,10     0,00     0,40     8,00     0,00    0,00    0,00    0,00   0,00   0,00

Control File Changes
--- /usr/local/oldpgsql/2013-01-17-REL9_3_0~735/before.controldata	2016-08-13 12:30:23.273007103 +0200
+++ /usr/local/oldpgsql/2013-01-17-REL9_3_0~735/after.controldata	2016-08-13 12:31:53.653183854 +0200
@@ -5,4 +5,4 @@
-pg_control last modified:             Sat Aug 13 10:30:23 2016
-Latest checkpoint location:           2/C58A7410
-Prior checkpoint location:            2/C58A73B0
-Latest checkpoint's REDO location:    2/C58A7410
+pg_control last modified:             Sat Aug 13 10:31:53 2016
+Latest checkpoint location:           2/C58A8DF8
+Prior checkpoint location:            2/C58A7410
+Latest checkpoint's REDO location:    2/C58A8DF8
@@ -12,2 +12,2 @@
-Latest checkpoint's NextXID:          0/609715
-Latest checkpoint's NextOID:          16472
+Latest checkpoint's NextXID:          0/609716
+Latest checkpoint's NextOID:          24664
@@ -19 +19 @@
-Time of latest checkpoint:            Sat Aug 13 10:30:22 2016
+Time of latest checkpoint:            Sat Aug 13 10:31:53 2016
size after pgbench of pgbench_tellers: 8
size after pgbench of pgbench_branches: 8
size after pgbench of pgbench_accounts: 64
size after pgbench of pgbench_branches_pkey: 32
size after pgbench of pgbench_tellers_pkey: 152
size after pgbench of pgbench_accounts_pkey: 658092
size after pgbench of pgbench_history: 0
total size after pgbench: 658356
End Time: 2016-08-13 10:31:53+00:00
========================================================================
========================================================================
Testing 2013-01-17-REL9_3_0~735
Start Time: 2016-08-15 04:53:48+00:00
Shared Buffers:  260000
size before pgbench of pgbench_tellers: 8
size before pgbench of pgbench_branches: 8
size before pgbench of pgbench_accounts: 64
size before pgbench of pgbench_branches_pkey: 32
size before pgbench of pgbench_tellers_pkey: 152
size before pgbench of pgbench_accounts_pkey: 658092
size before pgbench of pgbench_history: 0
total size before pgbench: 658356
Linux 3.16.0-4-amd64 (Debian-83-jessie-64-minimal) 	15.08.16 	_x86_64_	(8 CPU)

starting vacuum...end.
transaction type: <builtin: TPC-B (sort of)>
scaling factor: 300
query mode: simple
number of clients: 32
number of threads: 4
duration: 900 s
number of transactions actually processed: 336511
latency average: 85.584 ms
tps = 373.468251 (including connections establishing)
tps = 373.469110 (excluding connections establishing)
script statistics:
 - statement latencies in milliseconds:
         0.001  \set aid random(1, 100000 * :scale)
         0.001  \set bid random(1, 1 * :scale)
         0.001  \set tid random(1, 10 * :scale)
         0.001  \set delta random(-5000, 5000)
         0.303  BEGIN;
         0.721  UPDATE pgbench_accounts SET abalance = abalance + :delta WHERE aid = :aid;
         0.385  SELECT abalance FROM pgbench_accounts WHERE aid = :aid;
         0.771  UPDATE pgbench_tellers SET tbalance = tbalance + :delta WHERE tid = :tid;
         4.492  UPDATE pgbench_branches SET bbalance = bbalance + :delta WHERE bid = :bid;
         0.232  INSERT INTO pgbench_history (tid, bid, aid, delta, mtime) VALUES (:tid, :bid, :aid, :delta, CURRENT_TIMESTAMP);
        79.179  END;
avg-cpu:  %user   %nice %system %iowait  %steal   %idle
           3,33    0,00    0,89    9,53    0,00   86,25

Device:         rrqm/s   wrqm/s     r/s     w/s    rkB/s    wkB/s avgrq-sz avgqu-sz   await r_await w_await  svctm  %util
sdb               0,00     2,12    0,37  378,58     3,78  6876,70    36,31    66,35  175,10   44,63  175,22   2,04  77,48
sda               0,01     2,11    3,86  378,59    38,94  6876,70    36,16    70,02  183,07   25,11  184,68   2,23  85,33
md0               0,00     0,00    0,05    0,00     0,18     0,00     8,00     0,00    0,00    0,00    0,00   0,00   0,00
md1               0,00     0,00    0,00    0,00     0,00     0,00     0,00     0,00    0,00    0,00    0,00   0,00   0,00
md2               0,00     0,00    4,20  379,85    42,53  6874,55    36,02     0,00    0,00    0,00    0,00   0,00   0,00
md3               0,00     0,00    0,00    0,01     0,00     0,04     8,00     0,00    0,00    0,00    0,00   0,00   0,00

Control File Changes
--- /usr/local/oldpgsql/2013-01-17-REL9_3_0~735/before.controldata	2016-08-15 06:55:05.340281305 +0200
+++ /usr/local/oldpgsql/2013-01-17-REL9_3_0~735/after.controldata	2016-08-15 07:12:01.095071699 +0200
@@ -5,5 +5,5 @@
-pg_control last modified:             Mon Aug 15 04:55:05 2016
-Latest checkpoint location:           2/C58A8EB8
-Prior checkpoint location:            2/C58A8E58
-Latest checkpoint's REDO location:    2/C58A8EB8
-Latest checkpoint's REDO WAL file:    0000000100000002000000C5
+pg_control last modified:             Mon Aug 15 05:12:00 2016
+Latest checkpoint location:           3/8928D4A0
+Prior checkpoint location:            3/8928D440
+Latest checkpoint's REDO location:    3/8928D4A0
+Latest checkpoint's REDO WAL file:    000000010000000300000089
@@ -12,2 +12,2 @@
-Latest checkpoint's NextXID:          0/609716
-Latest checkpoint's NextOID:          16473
+Latest checkpoint's NextXID:          0/946269
+Latest checkpoint's NextOID:          24665
@@ -19 +19 @@
-Time of latest checkpoint:            Mon Aug 15 04:55:04 2016
+Time of latest checkpoint:            Mon Aug 15 05:11:25 2016
size after pgbench of pgbench_tellers: 8
size after pgbench of pgbench_branches: 8
size after pgbench of pgbench_accounts: 64
size after pgbench of pgbench_branches_pkey: 32
size after pgbench of pgbench_tellers_pkey: 152
size after pgbench of pgbench_accounts_pkey: 658092
size after pgbench of pgbench_history: 24
total size after pgbench: 658380
End Time: 2016-08-15 05:12:01+00:00
========================================================================
========================================================================
Testing 2013-01-17-REL9_3_0~735
Start Time: 2016-08-18 14:35:54+00:00
Shared Buffers:  260000
size before pgbench of pgbench_tellers: 8
size before pgbench of pgbench_branches: 8
size before pgbench of pgbench_accounts: 64
size before pgbench of pgbench_branches_pkey: 32
size before pgbench of pgbench_tellers_pkey: 152
size before pgbench of pgbench_accounts_pkey: 658092
size before pgbench of pgbench_history: 24
total size before pgbench: 658380
Linux 4.6.0-1-amd64 (Debian-83-jessie-64-minimal) 	18.08.16 	_x86_64_	(8 CPU)

starting vacuum...end.
transaction type: <builtin: TPC-B (sort of)>
scaling factor: 300
query mode: simple
number of clients: 32
number of threads: 4
duration: 900 s
number of transactions actually processed: 388763
latency average: 74.081 ms
tps = 431.618746 (including connections establishing)
tps = 431.619757 (excluding connections establishing)
script statistics:
 - statement latencies in milliseconds:
         0.001  \set aid random(1, 100000 * :scale)
         0.001  \set bid random(1, 1 * :scale)
         0.001  \set tid random(1, 10 * :scale)
         0.001  \set delta random(-5000, 5000)
         0.342  BEGIN;
         0.647  UPDATE pgbench_accounts SET abalance = abalance + :delta WHERE aid = :aid;
         0.448  SELECT abalance FROM pgbench_accounts WHERE aid = :aid;
         0.868  UPDATE pgbench_tellers SET tbalance = tbalance + :delta WHERE tid = :tid;
         4.207  UPDATE pgbench_branches SET bbalance = bbalance + :delta WHERE bid = :bid;
         0.267  INSERT INTO pgbench_history (tid, bid, aid, delta, mtime) VALUES (:tid, :bid, :aid, :delta, CURRENT_TIMESTAMP);
        67.750  END;
avg-cpu:  %user   %nice %system %iowait  %steal   %idle
           3,94    0,00    1,06   20,84    0,00   74,16

Device:         rrqm/s   wrqm/s     r/s     w/s    rkB/s    wkB/s avgrq-sz avgqu-sz   await r_await w_await  svctm  %util
sdb               0,00     8,89    0,08  419,88     1,01  7118,28    33,91    77,18  183,73   25,39  183,76   1,98  83,20
sda               0,07     8,79    0,84  420,08     7,49  7119,09    33,86    45,28  107,57   19,85  107,74   1,79  75,43
md0               0,00     0,00    0,14    0,00     0,55     0,00     8,00     0,00    0,00    0,00    0,00   0,00   0,00
md1               0,00     0,00    0,00    0,00     0,00     0,00     0,00     0,00    0,00    0,00    0,00   0,00   0,00
md2               0,00     0,00    0,85  429,07     7,96  7123,48    33,18     0,00    0,00    0,00    0,00   0,00   0,00
md3               0,00     0,00    0,00    0,01     0,00     0,04     8,00     0,00    0,00    0,00    0,00   0,00   0,00

Control File Changes
--- /usr/local/oldpgsql/2013-01-17-REL9_3_0~735/before.controldata	2016-08-18 16:38:37.873153729 +0200
+++ /usr/local/oldpgsql/2013-01-17-REL9_3_0~735/after.controldata	2016-08-18 16:55:22.607428335 +0200
@@ -5,5 +5,5 @@
-pg_control last modified:             Thu Aug 18 14:38:37 2016
-Latest checkpoint location:           3/FE8D1D08
-Prior checkpoint location:            3/FC2A7E68
-Latest checkpoint's REDO location:    3/FE8D1D08
-Latest checkpoint's REDO WAL file:    0000000100000003000000FE
+pg_control last modified:             Thu Aug 18 14:55:22 2016
+Latest checkpoint location:           4/CD0F3038
+Prior checkpoint location:            4/CD0F2FD8
+Latest checkpoint's REDO location:    4/CD0F3038
+Latest checkpoint's REDO WAL file:    0000000100000004000000CD
@@ -12,2 +12,2 @@
-Latest checkpoint's NextXID:          0/946269
-Latest checkpoint's NextOID:          16474
+Latest checkpoint's NextXID:          0/1335074
+Latest checkpoint's NextOID:          24666
@@ -19 +19 @@
-Time of latest checkpoint:            Thu Aug 18 14:38:37 2016
+Time of latest checkpoint:            Thu Aug 18 14:54:35 2016
size after pgbench of pgbench_tellers: 8
size after pgbench of pgbench_branches: 8
size after pgbench of pgbench_accounts: 64
size after pgbench of pgbench_branches_pkey: 32
size after pgbench of pgbench_tellers_pkey: 152
size after pgbench of pgbench_accounts_pkey: 658092
size after pgbench of pgbench_history: 24
total size after pgbench: 658380
End Time: 2016-08-18 14:55:22+00:00
========================================================================
========================================================================
Testing 2013-01-17-REL9_3_0~735
Start Time: 2016-08-20 07:28:01+00:00
Shared Buffers:  260000
size before pgbench of pgbench_tellers: 8
size before pgbench of pgbench_branches: 8
size before pgbench of pgbench_accounts: 64
size before pgbench of pgbench_branches_pkey: 32
size before pgbench of pgbench_tellers_pkey: 152
size before pgbench of pgbench_accounts_pkey: 658092
size before pgbench of pgbench_history: 24
total size before pgbench: 658380
Linux 4.6.0-1-amd64 (Debian-83-jessie-64-minimal) 	20.08.16 	_x86_64_	(8 CPU)

starting vacuum...end.
transaction type: <builtin: TPC-B (sort of)>
scaling factor: 300
query mode: simple
number of clients: 32
number of threads: 4
duration: 900 s
number of transactions actually processed: 299716
latency average: 96.091 ms
tps = 332.979523 (including connections establishing)
tps = 332.980297 (excluding connections establishing)
script statistics:
 - statement latencies in milliseconds:
         0.002  \set aid random(1, 100000 * :scale)
         0.001  \set bid random(1, 1 * :scale)
         0.001  \set tid random(1, 10 * :scale)
         0.001  \set delta random(-5000, 5000)
         0.389  BEGIN;
         0.711  UPDATE pgbench_accounts SET abalance = abalance + :delta WHERE aid = :aid;
         0.513  SELECT abalance FROM pgbench_accounts WHERE aid = :aid;
         1.020  UPDATE pgbench_tellers SET tbalance = tbalance + :delta WHERE tid = :tid;
         4.701  UPDATE pgbench_branches SET bbalance = bbalance + :delta WHERE bid = :bid;
         0.305  INSERT INTO pgbench_history (tid, bid, aid, delta, mtime) VALUES (:tid, :bid, :aid, :delta, CURRENT_TIMESTAMP);
        88.742  END;
avg-cpu:  %user   %nice %system %iowait  %steal   %idle
           3,47    0,00    0,92   20,69    0,00   74,92

Device:         rrqm/s   wrqm/s     r/s     w/s    rkB/s    wkB/s avgrq-sz avgqu-sz   await r_await w_await  svctm  %util
sdb               0,00     2,61    0,05  291,68     0,46  5294,06    36,30    55,36  189,78   31,81  189,80   2,55  74,44
sda               0,07     2,61    0,25  291,68     2,22  5294,06    36,28    54,24  185,81   28,95  185,94   2,63  76,88
md0               0,00     0,00    0,16    0,00     0,63     0,00     8,00     0,00    0,00    0,00    0,00   0,00   0,00
md1               0,00     0,00    0,00    0,00     0,00     0,00     0,00     0,00    0,00    0,00    0,00   0,00   0,00
md2               0,00     0,00    0,21  293,79     2,06  5292,83    36,02     0,00    0,00    0,00    0,00   0,00   0,00
md3               0,00     0,00    0,00    0,01     0,00     0,04     8,00     0,00    0,00    0,00    0,00   0,00   0,00

Control File Changes
--- /usr/local/oldpgsql/2013-01-17-REL9_3_0~735/before.controldata	2016-08-20 09:30:59.969942578 +0200
+++ /usr/local/oldpgsql/2013-01-17-REL9_3_0~735/after.controldata	2016-08-20 09:47:07.395206776 +0200
@@ -5,5 +5,5 @@
-pg_control last modified:             Sat Aug 20 07:30:59 2016
-Latest checkpoint location:           5/4ECDCF58
-Prior checkpoint location:            5/4ECDCEF8
-Latest checkpoint's REDO location:    5/4ECDCF58
-Latest checkpoint's REDO WAL file:    00000001000000050000004E
+pg_control last modified:             Sat Aug 20 07:47:07 2016
+Latest checkpoint location:           5/E66ADD68
+Prior checkpoint location:            5/DB947CF8
+Latest checkpoint's REDO location:    5/E66ADD68
+Latest checkpoint's REDO WAL file:    0000000100000005000000E6
@@ -12,2 +12,2 @@
-Latest checkpoint's NextXID:          0/1335074
-Latest checkpoint's NextOID:          16475
+Latest checkpoint's NextXID:          0/1634833
+Latest checkpoint's NextOID:          24667
@@ -19 +19 @@
-Time of latest checkpoint:            Sat Aug 20 07:30:59 2016
+Time of latest checkpoint:            Sat Aug 20 07:46:30 2016
size after pgbench of pgbench_tellers: 8
size after pgbench of pgbench_branches: 8
size after pgbench of pgbench_accounts: 64
size after pgbench of pgbench_branches_pkey: 32
size after pgbench of pgbench_tellers_pkey: 152
size after pgbench of pgbench_accounts_pkey: 658092
size after pgbench of pgbench_history: 24
total size after pgbench: 658380
End Time: 2016-08-20 07:47:07+00:00
========================================================================
