ERROR:  table "pgbench_history" does not exist
(ignoring this error and continuing anyway)
ERROR:  table "pgbench_tellers" does not exist
(ignoring this error and continuing anyway)
ERROR:  table "pgbench_accounts" does not exist
(ignoring this error and continuing anyway)
ERROR:  table "pgbench_branches" does not exist
(ignoring this error and continuing anyway)
creating tables...
100000 of 30000000 tuples (0%) done (elapsed 14.93 s, remaining 4465.12 s)
200000 of 30000000 tuples (0%) done (elapsed 32.57 s, remaining 4853.46 s)
300000 of 30000000 tuples (1%) done (elapsed 51.65 s, remaining 5113.13 s)
400000 of 30000000 tuples (1%) done (elapsed 71.73 s, remaining 5307.78 s)
500000 of 30000000 tuples (1%) done (elapsed 88.41 s, remaining 5216.41 s)
600000 of 30000000 tuples (2%) done (elapsed 106.50 s, remaining 5218.37 s)
700000 of 30000000 tuples (2%) done (elapsed 126.43 s, remaining 5292.15 s)
800000 of 30000000 tuples (2%) done (elapsed 143.38 s, remaining 5233.24 s)
900000 of 30000000 tuples (3%) done (elapsed 161.36 s, remaining 5217.23 s)
1000000 of 30000000 tuples (3%) done (elapsed 180.28 s, remaining 5228.13 s)
1100000 of 30000000 tuples (3%) done (elapsed 196.71 s, remaining 5168.00 s)
1200000 of 30000000 tuples (4%) done (elapsed 216.37 s, remaining 5192.83 s)
1300000 of 30000000 tuples (4%) done (elapsed 234.39 s, remaining 5174.59 s)
1400000 of 30000000 tuples (4%) done (elapsed 256.41 s, remaining 5238.01 s)
1500000 of 30000000 tuples (5%) done (elapsed 274.05 s, remaining 5207.04 s)
1600000 of 30000000 tuples (5%) done (elapsed 295.89 s, remaining 5251.99 s)
1700000 of 30000000 tuples (5%) done (elapsed 312.44 s, remaining 5201.24 s)
1800000 of 30000000 tuples (6%) done (elapsed 329.71 s, remaining 5165.49 s)
1900000 of 30000000 tuples (6%) done (elapsed 347.79 s, remaining 5143.56 s)
2000000 of 30000000 tuples (6%) done (elapsed 364.57 s, remaining 5103.95 s)
2100000 of 30000000 tuples (7%) done (elapsed 384.05 s, remaining 5102.39 s)
2200000 of 30000000 tuples (7%) done (elapsed 402.44 s, remaining 5085.39 s)
2300000 of 30000000 tuples (7%) done (elapsed 418.79 s, remaining 5043.73 s)
2400000 of 30000000 tuples (8%) done (elapsed 439.11 s, remaining 5049.80 s)
2500000 of 30000000 tuples (8%) done (elapsed 456.82 s, remaining 5025.06 s)
2600000 of 30000000 tuples (8%) done (elapsed 485.04 s, remaining 5111.59 s)
2700000 of 30000000 tuples (9%) done (elapsed 501.49 s, remaining 5070.66 s)
2800000 of 30000000 tuples (9%) done (elapsed 519.66 s, remaining 5048.10 s)
2900000 of 30000000 tuples (9%) done (elapsed 537.87 s, remaining 5026.29 s)
3000000 of 30000000 tuples (10%) done (elapsed 554.55 s, remaining 4990.93 s)
3100000 of 30000000 tuples (10%) done (elapsed 573.12 s, remaining 4973.17 s)
3200000 of 30000000 tuples (10%) done (elapsed 591.45 s, remaining 4953.41 s)
3300000 of 30000000 tuples (11%) done (elapsed 607.81 s, remaining 4917.74 s)
3400000 of 30000000 tuples (11%) done (elapsed 624.81 s, remaining 4888.21 s)
3500000 of 30000000 tuples (11%) done (elapsed 644.74 s, remaining 4881.61 s)
3600000 of 30000000 tuples (12%) done (elapsed 662.53 s, remaining 4858.58 s)
3700000 of 30000000 tuples (12%) done (elapsed 679.30 s, remaining 4828.52 s)
3800000 of 30000000 tuples (12%) done (elapsed 698.50 s, remaining 4815.95 s)
3900000 of 30000000 tuples (13%) done (elapsed 714.97 s, remaining 4784.78 s)
4000000 of 30000000 tuples (13%) done (elapsed 732.01 s, remaining 4758.07 s)
4100000 of 30000000 tuples (13%) done (elapsed 752.95 s, remaining 4756.44 s)
4200000 of 30000000 tuples (14%) done (elapsed 769.46 s, remaining 4726.68 s)
4300000 of 30000000 tuples (14%) done (elapsed 786.86 s, remaining 4702.87 s)
4400000 of 30000000 tuples (14%) done (elapsed 804.68 s, remaining 4681.78 s)
4500000 of 30000000 tuples (15%) done (elapsed 825.07 s, remaining 4675.39 s)
4600000 of 30000000 tuples (15%) done (elapsed 841.36 s, remaining 4645.78 s)
4700000 of 30000000 tuples (15%) done (elapsed 863.24 s, remaining 4646.78 s)
4800000 of 30000000 tuples (16%) done (elapsed 879.96 s, remaining 4619.78 s)
4900000 of 30000000 tuples (16%) done (elapsed 897.06 s, remaining 4595.13 s)
5000000 of 30000000 tuples (16%) done (elapsed 917.22 s, remaining 4586.10 s)
5100000 of 30000000 tuples (17%) done (elapsed 933.89 s, remaining 4559.59 s)
5200000 of 30000000 tuples (17%) done (elapsed 950.97 s, remaining 4535.40 s)
5300000 of 30000000 tuples (17%) done (elapsed 968.03 s, remaining 4511.41 s)
5400000 of 30000000 tuples (18%) done (elapsed 991.86 s, remaining 4518.48 s)
5500000 of 30000000 tuples (18%) done (elapsed 1009.88 s, remaining 4498.56 s)
5600000 of 30000000 tuples (18%) done (elapsed 1026.71 s, remaining 4473.50 s)
5700000 of 30000000 tuples (19%) done (elapsed 1044.86 s, remaining 4454.42 s)
5800000 of 30000000 tuples (19%) done (elapsed 1061.50 s, remaining 4429.00 s)
5900000 of 30000000 tuples (19%) done (elapsed 1078.50 s, remaining 4405.38 s)
6000000 of 30000000 tuples (20%) done (elapsed 1098.93 s, remaining 4395.70 s)
6100000 of 30000000 tuples (20%) done (elapsed 1115.38 s, remaining 4370.08 s)
6200000 of 30000000 tuples (20%) done (elapsed 1132.33 s, remaining 4346.68 s)
6300000 of 30000000 tuples (21%) done (elapsed 1152.76 s, remaining 4336.56 s)
6400000 of 30000000 tuples (21%) done (elapsed 1169.36 s, remaining 4312.00 s)
6500000 of 30000000 tuples (21%) done (elapsed 1187.69 s, remaining 4293.95 s)
6600000 of 30000000 tuples (22%) done (elapsed 1206.15 s, remaining 4276.34 s)
6700000 of 30000000 tuples (22%) done (elapsed 1222.61 s, remaining 4251.77 s)
6800000 of 30000000 tuples (22%) done (elapsed 1239.62 s, remaining 4229.31 s)
6900000 of 30000000 tuples (23%) done (elapsed 1259.68 s, remaining 4217.20 s)
7000000 of 30000000 tuples (23%) done (elapsed 1277.65 s, remaining 4197.99 s)
7100000 of 30000000 tuples (23%) done (elapsed 1294.61 s, remaining 4175.56 s)
7200000 of 30000000 tuples (24%) done (elapsed 1312.83 s, remaining 4157.30 s)
7300000 of 30000000 tuples (24%) done (elapsed 1334.61 s, remaining 4150.10 s)
7400000 of 30000000 tuples (24%) done (elapsed 1352.37 s, remaining 4130.21 s)
7500000 of 30000000 tuples (25%) done (elapsed 1372.35 s, remaining 4117.04 s)
7600000 of 30000000 tuples (25%) done (elapsed 1389.30 s, remaining 4094.78 s)
7700000 of 30000000 tuples (25%) done (elapsed 1406.10 s, remaining 4072.21 s)
7800000 of 30000000 tuples (26%) done (elapsed 1423.44 s, remaining 4051.33 s)
7900000 of 30000000 tuples (26%) done (elapsed 1444.87 s, remaining 4041.97 s)
8000000 of 30000000 tuples (26%) done (elapsed 1461.19 s, remaining 4018.26 s)
8100000 of 30000000 tuples (27%) done (elapsed 1478.33 s, remaining 3996.97 s)
8200000 of 30000000 tuples (27%) done (elapsed 1499.66 s, remaining 3986.91 s)
8300000 of 30000000 tuples (27%) done (elapsed 1515.95 s, remaining 3963.38 s)
8400000 of 30000000 tuples (28%) done (elapsed 1534.26 s, remaining 3945.25 s)
8500000 of 30000000 tuples (28%) done (elapsed 1552.83 s, remaining 3927.74 s)
8600000 of 30000000 tuples (28%) done (elapsed 1569.46 s, remaining 3905.39 s)
8700000 of 30000000 tuples (29%) done (elapsed 1586.70 s, remaining 3884.69 s)
8800000 of 30000000 tuples (29%) done (elapsed 1606.28 s, remaining 3869.68 s)
8900000 of 30000000 tuples (29%) done (elapsed 1624.64 s, remaining 3851.66 s)
9000000 of 30000000 tuples (30%) done (elapsed 1641.10 s, remaining 3829.24 s)
9100000 of 30000000 tuples (30%) done (elapsed 1659.50 s, remaining 3811.37 s)
9200000 of 30000000 tuples (30%) done (elapsed 1675.93 s, remaining 3789.06 s)
9300000 of 30000000 tuples (31%) done (elapsed 1692.76 s, remaining 3767.77 s)
9400000 of 30000000 tuples (31%) done (elapsed 1713.75 s, remaining 3755.67 s)
9500000 of 30000000 tuples (31%) done (elapsed 1731.07 s, remaining 3735.46 s)
9600000 of 30000000 tuples (32%) done (elapsed 1747.91 s, remaining 3714.32 s)
9700000 of 30000000 tuples (32%) done (elapsed 1765.53 s, remaining 3694.88 s)
9800000 of 30000000 tuples (32%) done (elapsed 1786.54 s, remaining 3682.45 s)
9900000 of 30000000 tuples (33%) done (elapsed 1804.48 s, remaining 3663.65 s)
10000000 of 30000000 tuples (33%) done (elapsed 1822.99 s, remaining 3645.98 s)
10100000 of 30000000 tuples (33%) done (elapsed 1844.52 s, remaining 3634.25 s)
10200000 of 30000000 tuples (34%) done (elapsed 1865.41 s, remaining 3621.09 s)
10300000 of 30000000 tuples (34%) done (elapsed 1881.72 s, remaining 3599.01 s)
10400000 of 30000000 tuples (34%) done (elapsed 1902.17 s, remaining 3584.85 s)
10500000 of 30000000 tuples (35%) done (elapsed 1918.51 s, remaining 3562.94 s)
10600000 of 30000000 tuples (35%) done (elapsed 1936.92 s, remaining 3544.93 s)
10700000 of 30000000 tuples (35%) done (elapsed 1955.68 s, remaining 3527.54 s)
10800000 of 30000000 tuples (36%) done (elapsed 1971.97 s, remaining 3505.73 s)
10900000 of 30000000 tuples (36%) done (elapsed 1990.13 s, remaining 3487.29 s)
11000000 of 30000000 tuples (36%) done (elapsed 2011.67 s, remaining 3474.70 s)
11100000 of 30000000 tuples (37%) done (elapsed 2034.31 s, remaining 3463.82 s)
11200000 of 30000000 tuples (37%) done (elapsed 2055.41 s, remaining 3450.16 s)
11300000 of 30000000 tuples (37%) done (elapsed 2078.77 s, remaining 3440.10 s)
11400000 of 30000000 tuples (38%) done (elapsed 2097.00 s, remaining 3421.41 s)
11500000 of 30000000 tuples (38%) done (elapsed 2114.39 s, remaining 3401.41 s)
11600000 of 30000000 tuples (38%) done (elapsed 2130.98 s, remaining 3380.18 s)
11700000 of 30000000 tuples (39%) done (elapsed 2150.56 s, remaining 3363.70 s)
11800000 of 30000000 tuples (39%) done (elapsed 2173.31 s, remaining 3352.05 s)
11900000 of 30000000 tuples (39%) done (elapsed 2195.37 s, remaining 3339.18 s)
12000000 of 30000000 tuples (40%) done (elapsed 2213.03 s, remaining 3319.54 s)
12100000 of 30000000 tuples (40%) done (elapsed 2232.37 s, remaining 3302.44 s)
12200000 of 30000000 tuples (40%) done (elapsed 2248.42 s, remaining 3280.48 s)
12300000 of 30000000 tuples (41%) done (elapsed 2268.68 s, remaining 3264.69 s)
12400000 of 30000000 tuples (41%) done (elapsed 2289.57 s, remaining 3249.72 s)
12500000 of 30000000 tuples (41%) done (elapsed 2306.99 s, remaining 3229.79 s)
12600000 of 30000000 tuples (42%) done (elapsed 2323.61 s, remaining 3208.80 s)
12700000 of 30000000 tuples (42%) done (elapsed 2344.45 s, remaining 3193.63 s)
12800000 of 30000000 tuples (42%) done (elapsed 2360.64 s, remaining 3172.11 s)
12900000 of 30000000 tuples (43%) done (elapsed 2378.43 s, remaining 3152.80 s)
13000000 of 30000000 tuples (43%) done (elapsed 2398.59 s, remaining 3136.62 s)
13100000 of 30000000 tuples (43%) done (elapsed 2416.21 s, remaining 3117.09 s)
13200000 of 30000000 tuples (44%) done (elapsed 2432.66 s, remaining 3096.11 s)
13300000 of 30000000 tuples (44%) done (elapsed 2452.34 s, remaining 3079.25 s)
13400000 of 30000000 tuples (44%) done (elapsed 2468.52 s, remaining 3058.02 s)
13500000 of 30000000 tuples (45%) done (elapsed 2486.21 s, remaining 3038.70 s)
13600000 of 30000000 tuples (45%) done (elapsed 2506.20 s, remaining 3022.18 s)
13700000 of 30000000 tuples (45%) done (elapsed 2525.49 s, remaining 3004.78 s)
13800000 of 30000000 tuples (46%) done (elapsed 2542.00 s, remaining 2984.09 s)
13900000 of 30000000 tuples (46%) done (elapsed 2562.00 s, remaining 2967.50 s)
14000000 of 30000000 tuples (46%) done (elapsed 2578.15 s, remaining 2946.46 s)
14100000 of 30000000 tuples (47%) done (elapsed 2595.83 s, remaining 2927.21 s)
14200000 of 30000000 tuples (47%) done (elapsed 2615.10 s, remaining 2909.76 s)
14300000 of 30000000 tuples (47%) done (elapsed 2635.01 s, remaining 2892.99 s)
14400000 of 30000000 tuples (48%) done (elapsed 2651.21 s, remaining 2872.15 s)
14500000 of 30000000 tuples (48%) done (elapsed 2670.18 s, remaining 2854.33 s)
14600000 of 30000000 tuples (48%) done (elapsed 2688.65 s, remaining 2835.97 s)
14700000 of 30000000 tuples (49%) done (elapsed 2706.24 s, remaining 2816.70 s)
14800000 of 30000000 tuples (49%) done (elapsed 2723.79 s, remaining 2797.41 s)
14900000 of 30000000 tuples (49%) done (elapsed 2743.85 s, remaining 2780.68 s)
15000000 of 30000000 tuples (50%) done (elapsed 2759.80 s, remaining 2759.80 s)
15100000 of 30000000 tuples (50%) done (elapsed 2777.94 s, remaining 2741.15 s)
15200000 of 30000000 tuples (50%) done (elapsed 2797.42 s, remaining 2723.80 s)
15300000 of 30000000 tuples (51%) done (elapsed 2814.85 s, remaining 2704.47 s)
15400000 of 30000000 tuples (51%) done (elapsed 2831.79 s, remaining 2684.68 s)
15500000 of 30000000 tuples (51%) done (elapsed 2854.05 s, remaining 2669.91 s)
15600000 of 30000000 tuples (52%) done (elapsed 2870.18 s, remaining 2649.39 s)
15700000 of 30000000 tuples (52%) done (elapsed 2886.79 s, remaining 2629.37 s)
15800000 of 30000000 tuples (52%) done (elapsed 2907.92 s, remaining 2613.45 s)
15900000 of 30000000 tuples (53%) done (elapsed 2924.13 s, remaining 2593.09 s)
16000000 of 30000000 tuples (53%) done (elapsed 2941.97 s, remaining 2574.22 s)
16100000 of 30000000 tuples (53%) done (elapsed 2960.92 s, remaining 2556.32 s)
16200000 of 30000000 tuples (54%) done (elapsed 2980.38 s, remaining 2538.85 s)
16300000 of 30000000 tuples (54%) done (elapsed 2996.38 s, remaining 2518.43 s)
16400000 of 30000000 tuples (54%) done (elapsed 3016.91 s, remaining 2501.83 s)
16500000 of 30000000 tuples (55%) done (elapsed 3035.45 s, remaining 2483.55 s)
16600000 of 30000000 tuples (55%) done (elapsed 3053.01 s, remaining 2464.48 s)
16700000 of 30000000 tuples (55%) done (elapsed 3072.03 s, remaining 2446.59 s)
16800000 of 30000000 tuples (56%) done (elapsed 3089.61 s, remaining 2427.55 s)
16900000 of 30000000 tuples (56%) done (elapsed 3106.89 s, remaining 2408.30 s)
17000000 of 30000000 tuples (56%) done (elapsed 3126.20 s, remaining 2390.62 s)
17100000 of 30000000 tuples (57%) done (elapsed 3142.97 s, remaining 2371.01 s)
17200000 of 30000000 tuples (57%) done (elapsed 3160.40 s, remaining 2351.93 s)
17300000 of 30000000 tuples (57%) done (elapsed 3177.49 s, remaining 2332.61 s)
17400000 of 30000000 tuples (58%) done (elapsed 3198.15 s, remaining 2315.90 s)
17500000 of 30000000 tuples (58%) done (elapsed 3214.36 s, remaining 2295.97 s)
17600000 of 30000000 tuples (58%) done (elapsed 3232.24 s, remaining 2277.26 s)
17700000 of 30000000 tuples (59%) done (elapsed 3250.96 s, remaining 2259.14 s)
17800000 of 30000000 tuples (59%) done (elapsed 3268.32 s, remaining 2240.09 s)
17900000 of 30000000 tuples (59%) done (elapsed 3284.66 s, remaining 2220.36 s)
18000000 of 30000000 tuples (60%) done (elapsed 3306.37 s, remaining 2204.25 s)
18100000 of 30000000 tuples (60%) done (elapsed 3322.61 s, remaining 2184.48 s)
18200000 of 30000000 tuples (60%) done (elapsed 3340.60 s, remaining 2165.88 s)
18300000 of 30000000 tuples (61%) done (elapsed 3360.49 s, remaining 2148.51 s)
18400000 of 30000000 tuples (61%) done (elapsed 3377.91 s, remaining 2129.55 s)
18500000 of 30000000 tuples (61%) done (elapsed 3394.38 s, remaining 2110.02 s)
18600000 of 30000000 tuples (62%) done (elapsed 3414.88 s, remaining 2092.99 s)
18700000 of 30000000 tuples (62%) done (elapsed 3431.25 s, remaining 2073.43 s)
18800000 of 30000000 tuples (62%) done (elapsed 3449.12 s, remaining 2054.79 s)
18900000 of 30000000 tuples (63%) done (elapsed 3467.13 s, remaining 2036.25 s)
19000000 of 30000000 tuples (63%) done (elapsed 3486.08 s, remaining 2018.26 s)
19100000 of 30000000 tuples (63%) done (elapsed 3502.17 s, remaining 1998.62 s)
19200000 of 30000000 tuples (64%) done (elapsed 3521.43 s, remaining 1980.80 s)
19300000 of 30000000 tuples (64%) done (elapsed 3538.41 s, remaining 1961.71 s)
19400000 of 30000000 tuples (64%) done (elapsed 3556.20 s, remaining 1943.08 s)
19500000 of 30000000 tuples (65%) done (elapsed 3574.27 s, remaining 1924.60 s)
19600000 of 30000000 tuples (65%) done (elapsed 3592.26 s, remaining 1906.10 s)
19700000 of 30000000 tuples (65%) done (elapsed 3608.74 s, remaining 1886.80 s)
19800000 of 30000000 tuples (66%) done (elapsed 3626.21 s, remaining 1868.05 s)
19900000 of 30000000 tuples (66%) done (elapsed 3645.20 s, remaining 1850.08 s)
20000000 of 30000000 tuples (66%) done (elapsed 3662.46 s, remaining 1831.23 s)
20100000 of 30000000 tuples (67%) done (elapsed 3679.10 s, remaining 1812.10 s)
20200000 of 30000000 tuples (67%) done (elapsed 3699.77 s, remaining 1794.94 s)
20300000 of 30000000 tuples (67%) done (elapsed 3715.87 s, remaining 1775.56 s)
20400000 of 30000000 tuples (68%) done (elapsed 3733.80 s, remaining 1757.08 s)
20500000 of 30000000 tuples (68%) done (elapsed 3751.76 s, remaining 1738.62 s)
20600000 of 30000000 tuples (68%) done (elapsed 3769.02 s, remaining 1719.84 s)
20700000 of 30000000 tuples (69%) done (elapsed 3785.83 s, remaining 1700.88 s)
20800000 of 30000000 tuples (69%) done (elapsed 3806.59 s, remaining 1683.68 s)
20900000 of 30000000 tuples (69%) done (elapsed 3822.79 s, remaining 1664.47 s)
21000000 of 30000000 tuples (70%) done (elapsed 3840.67 s, remaining 1646.00 s)
21100000 of 30000000 tuples (70%) done (elapsed 3860.87 s, remaining 1628.52 s)
21200000 of 30000000 tuples (70%) done (elapsed 3878.87 s, remaining 1610.10 s)
21300000 of 30000000 tuples (71%) done (elapsed 3895.15 s, remaining 1590.98 s)
21400000 of 30000000 tuples (71%) done (elapsed 3913.98 s, remaining 1572.91 s)
21500000 of 30000000 tuples (71%) done (elapsed 3932.84 s, remaining 1554.84 s)
21600000 of 30000000 tuples (72%) done (elapsed 3949.01 s, remaining 1535.73 s)
21700000 of 30000000 tuples (72%) done (elapsed 3967.71 s, remaining 1517.60 s)
21800000 of 30000000 tuples (72%) done (elapsed 3984.22 s, remaining 1498.65 s)
21900000 of 30000000 tuples (73%) done (elapsed 4001.92 s, remaining 1480.16 s)
22000000 of 30000000 tuples (73%) done (elapsed 4018.57 s, remaining 1461.30 s)
22100000 of 30000000 tuples (73%) done (elapsed 4041.07 s, remaining 1444.54 s)
22200000 of 30000000 tuples (74%) done (elapsed 4057.21 s, remaining 1425.51 s)
22300000 of 30000000 tuples (74%) done (elapsed 4075.19 s, remaining 1407.13 s)
22400000 of 30000000 tuples (74%) done (elapsed 4093.88 s, remaining 1388.99 s)
22500000 of 30000000 tuples (75%) done (elapsed 4111.15 s, remaining 1370.38 s)
22600000 of 30000000 tuples (75%) done (elapsed 4127.47 s, remaining 1351.47 s)
22700000 of 30000000 tuples (75%) done (elapsed 4147.37 s, remaining 1333.74 s)
22800000 of 30000000 tuples (76%) done (elapsed 4163.58 s, remaining 1314.81 s)
22900000 of 30000000 tuples (76%) done (elapsed 4181.64 s, remaining 1296.49 s)
23000000 of 30000000 tuples (76%) done (elapsed 4201.24 s, remaining 1278.64 s)
23100000 of 30000000 tuples (77%) done (elapsed 4218.91 s, remaining 1260.19 s)
23200000 of 30000000 tuples (77%) done (elapsed 4237.10 s, remaining 1241.91 s)
23300000 of 30000000 tuples (77%) done (elapsed 4255.81 s, remaining 1223.77 s)
23400000 of 30000000 tuples (78%) done (elapsed 4271.92 s, remaining 1204.90 s)
23500000 of 30000000 tuples (78%) done (elapsed 4289.80 s, remaining 1186.54 s)
23600000 of 30000000 tuples (78%) done (elapsed 4308.35 s, remaining 1168.37 s)
23700000 of 30000000 tuples (79%) done (elapsed 4325.81 s, remaining 1149.90 s)
23800000 of 30000000 tuples (79%) done (elapsed 4342.75 s, remaining 1131.30 s)
23900000 of 30000000 tuples (79%) done (elapsed 4361.50 s, remaining 1113.19 s)
24000000 of 30000000 tuples (80%) done (elapsed 4380.84 s, remaining 1095.21 s)
24100000 of 30000000 tuples (80%) done (elapsed 4398.28 s, remaining 1076.76 s)
24200000 of 30000000 tuples (80%) done (elapsed 4415.80 s, remaining 1058.33 s)
24300000 of 30000000 tuples (81%) done (elapsed 4433.57 s, remaining 1039.97 s)
24400000 of 30000000 tuples (81%) done (elapsed 4450.07 s, remaining 1021.33 s)
24500000 of 30000000 tuples (81%) done (elapsed 4467.56 s, remaining 1002.92 s)
24600000 of 30000000 tuples (82%) done (elapsed 4486.48 s, remaining 984.84 s)
24700000 of 30000000 tuples (82%) done (elapsed 4503.85 s, remaining 966.41 s)
24800000 of 30000000 tuples (82%) done (elapsed 4520.59 s, remaining 947.87 s)
24900000 of 30000000 tuples (83%) done (elapsed 4541.87 s, remaining 930.26 s)
25000000 of 30000000 tuples (83%) done (elapsed 4557.94 s, remaining 911.59 s)
25100000 of 30000000 tuples (83%) done (elapsed 4575.56 s, remaining 893.24 s)
25200000 of 30000000 tuples (84%) done (elapsed 4594.79 s, remaining 875.20 s)
25300000 of 30000000 tuples (84%) done (elapsed 4612.35 s, remaining 856.84 s)
25400000 of 30000000 tuples (84%) done (elapsed 4633.10 s, remaining 839.07 s)
25500000 of 30000000 tuples (85%) done (elapsed 4654.10 s, remaining 821.31 s)
25600000 of 30000000 tuples (85%) done (elapsed 4670.20 s, remaining 802.69 s)
25700000 of 30000000 tuples (85%) done (elapsed 4691.54 s, remaining 784.97 s)
25800000 of 30000000 tuples (86%) done (elapsed 4707.56 s, remaining 766.35 s)
25900000 of 30000000 tuples (86%) done (elapsed 4725.56 s, remaining 748.06 s)
26000000 of 30000000 tuples (86%) done (elapsed 4744.27 s, remaining 729.89 s)
26100000 of 30000000 tuples (87%) done (elapsed 4767.82 s, remaining 712.43 s)
26200000 of 30000000 tuples (87%) done (elapsed 4784.11 s, remaining 693.88 s)
26300000 of 30000000 tuples (87%) done (elapsed 4803.56 s, remaining 675.79 s)
26400000 of 30000000 tuples (88%) done (elapsed 4819.63 s, remaining 657.22 s)
26500000 of 30000000 tuples (88%) done (elapsed 4838.83 s, remaining 639.09 s)
26600000 of 30000000 tuples (88%) done (elapsed 4855.50 s, remaining 620.63 s)
26700000 of 30000000 tuples (89%) done (elapsed 4874.82 s, remaining 602.51 s)
26800000 of 30000000 tuples (89%) done (elapsed 4891.01 s, remaining 584.00 s)
26900000 of 30000000 tuples (89%) done (elapsed 4907.90 s, remaining 565.59 s)
27000000 of 30000000 tuples (90%) done (elapsed 4928.39 s, remaining 547.60 s)
27100000 of 30000000 tuples (90%) done (elapsed 4944.48 s, remaining 529.11 s)
27200000 of 30000000 tuples (90%) done (elapsed 4962.80 s, remaining 510.88 s)
27300000 of 30000000 tuples (91%) done (elapsed 4980.96 s, remaining 492.62 s)
27400000 of 30000000 tuples (91%) done (elapsed 4998.47 s, remaining 474.31 s)
27500000 of 30000000 tuples (91%) done (elapsed 5014.92 s, remaining 455.90 s)
27600000 of 30000000 tuples (92%) done (elapsed 5035.22 s, remaining 437.84 s)
27700000 of 30000000 tuples (92%) done (elapsed 5051.32 s, remaining 419.42 s)
27800000 of 30000000 tuples (92%) done (elapsed 5069.07 s, remaining 401.15 s)
27900000 of 30000000 tuples (93%) done (elapsed 5089.32 s, remaining 383.07 s)
28000000 of 30000000 tuples (93%) done (elapsed 5106.69 s, remaining 364.76 s)
28100000 of 30000000 tuples (93%) done (elapsed 5122.72 s, remaining 346.38 s)
28200000 of 30000000 tuples (94%) done (elapsed 5142.58 s, remaining 328.25 s)
28300000 of 30000000 tuples (94%) done (elapsed 5158.78 s, remaining 309.89 s)
28400000 of 30000000 tuples (94%) done (elapsed 5176.79 s, remaining 291.65 s)
28500000 of 30000000 tuples (95%) done (elapsed 5195.23 s, remaining 273.43 s)
28600000 of 30000000 tuples (95%) done (elapsed 5213.23 s, remaining 255.19 s)
28700000 of 30000000 tuples (95%) done (elapsed 5230.04 s, remaining 236.90 s)
28800000 of 30000000 tuples (96%) done (elapsed 5248.13 s, remaining 218.67 s)
28900000 of 30000000 tuples (96%) done (elapsed 5265.79 s, remaining 200.43 s)
29000000 of 30000000 tuples (96%) done (elapsed 5283.30 s, remaining 182.18 s)
29100000 of 30000000 tuples (97%) done (elapsed 5299.58 s, remaining 163.90 s)
29200000 of 30000000 tuples (97%) done (elapsed 5319.26 s, remaining 145.73 s)
29300000 of 30000000 tuples (97%) done (elapsed 5335.43 s, remaining 127.47 s)
29400000 of 30000000 tuples (98%) done (elapsed 5353.32 s, remaining 109.25 s)
29500000 of 30000000 tuples (98%) done (elapsed 5371.51 s, remaining 91.04 s)
29600000 of 30000000 tuples (98%) done (elapsed 5388.84 s, remaining 72.82 s)
29700000 of 30000000 tuples (99%) done (elapsed 5405.30 s, remaining 54.60 s)
29800000 of 30000000 tuples (99%) done (elapsed 5424.57 s, remaining 36.41 s)
29900000 of 30000000 tuples (99%) done (elapsed 5440.71 s, remaining 18.20 s)
30000000 of 30000000 tuples (100%) done (elapsed 5459.05 s, remaining 0.00 s)
vacuum...
set primary keys...
NOTICE:  ALTER TABLE / ADD PRIMARY KEY will create implicit index "pgbench_branches_pkey" for table "pgbench_branches"
NOTICE:  ALTER TABLE / ADD PRIMARY KEY will create implicit index "pgbench_tellers_pkey" for table "pgbench_tellers"
NOTICE:  ALTER TABLE / ADD PRIMARY KEY will create implicit index "pgbench_accounts_pkey" for table "pgbench_accounts"
done.
starting vacuum...end.
transaction type: <builtin: TPC-B (sort of)>
scaling factor: 300
query mode: simple
number of clients: 32
number of threads: 4
duration: 60 s
number of transactions actually processed: 2040
latency average: 941.176 ms
tps = 33.687178 (including connections establishing)
tps = 33.689081 (excluding connections establishing)
script statistics:
 - statement latencies in milliseconds:
         0.003  \set aid random(1, 100000 * :scale)
         0.001  \set bid random(1, 1 * :scale)
         0.001  \set tid random(1, 10 * :scale)
         0.001  \set delta random(-5000, 5000)
         0.128  BEGIN;
       306.314  UPDATE pgbench_accounts SET abalance = abalance + :delta WHERE aid = :aid;
         8.746  SELECT abalance FROM pgbench_accounts WHERE aid = :aid;
       239.142  UPDATE pgbench_tellers SET tbalance = tbalance + :delta WHERE tid = :tid;
       160.451  UPDATE pgbench_branches SET bbalance = bbalance + :delta WHERE bid = :bid;
        76.554  INSERT INTO pgbench_history (tid, bid, aid, delta, mtime) VALUES (:tid, :bid, :aid, :delta, CURRENT_TIMESTAMP);
       158.152  END;
starting vacuum...end.
transaction type: <builtin: TPC-B (sort of)>
scaling factor: 300
query mode: simple
number of clients: 32
number of threads: 4
duration: 60 s
number of transactions actually processed: 1453
latency average: 1321.404 ms
tps = 24.078001 (including connections establishing)
tps = 24.078784 (excluding connections establishing)
script statistics:
 - statement latencies in milliseconds:
         0.002  \set aid random(1, 100000 * :scale)
         0.001  \set bid random(1, 1 * :scale)
         0.001  \set tid random(1, 10 * :scale)
         0.001  \set delta random(-5000, 5000)
         0.123  BEGIN;
       761.081  UPDATE pgbench_accounts SET abalance = abalance + :delta WHERE aid = :aid;
        11.936  SELECT abalance FROM pgbench_accounts WHERE aid = :aid;
       241.163  UPDATE pgbench_tellers SET tbalance = tbalance + :delta WHERE tid = :tid;
        96.460  UPDATE pgbench_branches SET bbalance = bbalance + :delta WHERE bid = :bid;
        33.997  INSERT INTO pgbench_history (tid, bid, aid, delta, mtime) VALUES (:tid, :bid, :aid, :delta, CURRENT_TIMESTAMP);
       185.117  END;
starting vacuum...end.
transaction type: <builtin: TPC-B (sort of)>
scaling factor: 300
query mode: simple
number of clients: 32
number of threads: 4
duration: 900 s
number of transactions actually processed: 20320
latency average: 1417.323 ms
tps = 22.566025 (including connections establishing)
tps = 22.566074 (excluding connections establishing)
script statistics:
 - statement latencies in milliseconds:
         0.002  \set aid random(1, 100000 * :scale)
         0.001  \set bid random(1, 1 * :scale)
         0.001  \set tid random(1, 10 * :scale)
         0.001  \set delta random(-5000, 5000)
         0.163  BEGIN;
       749.093  UPDATE pgbench_accounts SET abalance = abalance + :delta WHERE aid = :aid;
         3.110  SELECT abalance FROM pgbench_accounts WHERE aid = :aid;
       283.661  UPDATE pgbench_tellers SET tbalance = tbalance + :delta WHERE tid = :tid;
       131.901  UPDATE pgbench_branches SET bbalance = bbalance + :delta WHERE bid = :bid;
        65.315  INSERT INTO pgbench_history (tid, bid, aid, delta, mtime) VALUES (:tid, :bid, :aid, :delta, CURRENT_TIMESTAMP);
       185.372  END;
========================================================================
Testing 2003-10-02-REL7_4~350
Start Time: 2016-07-30 18:49:59+00:00
Linux 3.16.0-4-amd64 (Debian-83-jessie-64-minimal) 	30.07.16 	_x86_64_	(8 CPU)

starting vacuum...end.
transaction type: <builtin: TPC-B (sort of)>
scaling factor: 300
query mode: simple
number of clients: 32
number of threads: 4
duration: 900 s
number of transactions actually processed: 20057
latency average: 1435.908 ms
tps = 22.277003 (including connections establishing)
tps = 22.277076 (excluding connections establishing)
script statistics:
 - statement latencies in milliseconds:
         0.003  \set aid random(1, 100000 * :scale)
         0.001  \set bid random(1, 1 * :scale)
         0.001  \set tid random(1, 10 * :scale)
         0.001  \set delta random(-5000, 5000)
         0.139  BEGIN;
       638.769  UPDATE pgbench_accounts SET abalance = abalance + :delta WHERE aid = :aid;
         2.606  SELECT abalance FROM pgbench_accounts WHERE aid = :aid;
       296.010  UPDATE pgbench_tellers SET tbalance = tbalance + :delta WHERE tid = :tid;
       189.515  UPDATE pgbench_branches SET bbalance = bbalance + :delta WHERE bid = :bid;
        98.853  INSERT INTO pgbench_history (tid, bid, aid, delta, mtime) VALUES (:tid, :bid, :aid, :delta, CURRENT_TIMESTAMP);
       210.939  END;
avg-cpu:  %user   %nice %system %iowait  %steal   %idle
           0,32    0,00    0,22    6,26    0,00   93,19

Device:         rrqm/s   wrqm/s     r/s     w/s    rkB/s    wkB/s avgrq-sz avgqu-sz   await r_await w_await  svctm  %util
sdb               0,00     0,70    4,12  153,41    34,06   767,04    10,17    11,74   74,53   28,43   75,77   4,02  63,32
sda               0,10     0,70   15,75  153,41   130,94   767,04    10,62    10,07   59,51   28,43   62,71   4,75  80,44
md0               0,00     0,00    0,16    0,00     0,66     0,00     8,00     0,00    0,00    0,00    0,00   0,00   0,00
md1               0,00     0,00    0,00    0,00     0,00     0,00     0,00     0,00    0,00    0,00    0,00   0,00   0,00
md2               0,00     0,00   19,80  153,72   164,28   766,09    10,72     0,00    0,00    0,00    0,00   0,00   0,00
md3               0,00     0,00    0,00    0,02     0,00     0,04     5,71     0,00    0,00    0,00    0,00   0,00   0,00

End Time: 2016-07-30 19:05:29+00:00
========================================================================
========================================================================
Testing 2003-10-02-REL7_4~350
Start Time: 2016-08-06 02:29:19+00:00
Shared Buffers:  260000
Linux 3.16.0-4-amd64 (Debian-83-jessie-64-minimal) 	06.08.16 	_x86_64_	(8 CPU)

starting vacuum...end.
transaction type: <builtin: TPC-B (sort of)>
scaling factor: 300
query mode: simple
number of clients: 32
number of threads: 4
duration: 900 s
number of transactions actually processed: 23104
latency average: 1246.537 ms
tps = 25.654147 (including connections establishing)
tps = 25.654384 (excluding connections establishing)
script statistics:
 - statement latencies in milliseconds:
         0.003  \set aid random(1, 100000 * :scale)
         0.001  \set bid random(1, 1 * :scale)
         0.001  \set tid random(1, 10 * :scale)
         0.001  \set delta random(-5000, 5000)
         0.093  BEGIN;
       540.567  UPDATE pgbench_accounts SET abalance = abalance + :delta WHERE aid = :aid;
         0.683  SELECT abalance FROM pgbench_accounts WHERE aid = :aid;
       255.672  UPDATE pgbench_tellers SET tbalance = tbalance + :delta WHERE tid = :tid;
       170.224  UPDATE pgbench_branches SET bbalance = bbalance + :delta WHERE bid = :bid;
        86.251  INSERT INTO pgbench_history (tid, bid, aid, delta, mtime) VALUES (:tid, :bid, :aid, :delta, CURRENT_TIMESTAMP);
       193.578  END;
avg-cpu:  %user   %nice %system %iowait  %steal   %idle
           0,55    0,00    0,26    6,96    0,00   92,22

Device:         rrqm/s   wrqm/s     r/s     w/s    rkB/s    wkB/s avgrq-sz avgqu-sz   await r_await w_await  svctm  %util
sdb               0,00     0,78    3,10  176,99    26,15   902,32    10,31     8,70   48,33   20,62   48,81   3,21  57,73
sda               0,01     0,77   19,36  176,86   161,35   901,25    10,83     7,76   39,34   26,74   40,72   4,55  89,21
md0               0,00     0,00    0,15    0,00     0,60     0,00     8,00     0,00    0,00    0,00    0,00   0,00   0,00
md1               0,00     0,00    0,00    0,00     0,00     0,00     0,00     0,00    0,00    0,00    0,00   0,00   0,00
md2               0,00     0,00   22,31  177,93   186,89   905,78    10,91     0,00    0,00    0,00    0,00   0,00   0,00
md3               0,00     0,00    0,00    0,02     0,00     0,04     5,71     0,00    0,00    0,00    0,00   0,00   0,00

End Time: 2016-08-06 02:44:49+00:00
========================================================================
========================================================================
Testing 2003-10-02-REL7_4~350
Start Time: 2016-08-06 16:22:25+00:00
Shared Buffers:  260000
Linux 3.16.0-4-amd64 (Debian-83-jessie-64-minimal) 	06.08.16 	_x86_64_	(8 CPU)

starting vacuum...end.
transaction type: <builtin: TPC-B (sort of)>
scaling factor: 300
query mode: simple
number of clients: 32
number of threads: 4
duration: 900 s
number of transactions actually processed: 19662
latency average: 1464.754 ms
tps = 21.836601 (including connections establishing)
tps = 21.836833 (excluding connections establishing)
script statistics:
 - statement latencies in milliseconds:
         0.003  \set aid random(1, 100000 * :scale)
         0.001  \set bid random(1, 1 * :scale)
         0.001  \set tid random(1, 10 * :scale)
         0.001  \set delta random(-5000, 5000)
         0.096  BEGIN;
       631.250  UPDATE pgbench_accounts SET abalance = abalance + :delta WHERE aid = :aid;
         2.032  SELECT abalance FROM pgbench_accounts WHERE aid = :aid;
       301.923  UPDATE pgbench_tellers SET tbalance = tbalance + :delta WHERE tid = :tid;
       205.275  UPDATE pgbench_branches SET bbalance = bbalance + :delta WHERE bid = :bid;
       107.757  INSERT INTO pgbench_history (tid, bid, aid, delta, mtime) VALUES (:tid, :bid, :aid, :delta, CURRENT_TIMESTAMP);
       217.092  END;
avg-cpu:  %user   %nice %system %iowait  %steal   %idle
           0,47    0,00    0,22    6,60    0,00   92,71

Device:         rrqm/s   wrqm/s     r/s     w/s    rkB/s    wkB/s avgrq-sz avgqu-sz   await r_await w_await  svctm  %util
sdb               0,00     0,61    2,67  148,05    22,22   734,06    10,04     8,77   58,16   22,70   58,80   3,67  55,34
sda               0,05     0,60   16,94  148,05   139,88   734,06    10,59    11,51   69,79   27,22   74,66   5,13  84,66
md0               0,00     0,00    0,18    0,00     0,74     0,00     8,00     0,00    0,00    0,00    0,00   0,00   0,00
md1               0,00     0,00    0,00    0,00     0,00     0,00     0,00     0,00    0,00    0,00    0,00   0,00   0,00
md2               0,00     0,00   19,47  148,33   161,36   733,27    10,66     0,00    0,00    0,00    0,00   0,00   0,00
md3               0,00     0,00    0,00    0,02     0,00     0,04     5,71     0,00    0,00    0,00    0,00   0,00   0,00

Control File Changes
--- /usr/local/oldpgsql/2003-10-02-REL7_4~350/before.controldata	2016-08-06 18:22:25.463262691 +0200
+++ /usr/local/oldpgsql/2003-10-02-REL7_4~350/after.controldata	2016-08-06 18:38:28.220660272 +0200
@@ -3,15 +3,15 @@
 Database cluster state:               in production
 pg_control last modified:             
 Current log file ID:                  1
-Next log file segment:                154
-Latest checkpoint location:           1/9980B2D8
-Prior checkpoint location:            1/9980B290
-Latest checkpoint's REDO location:    1/9980B2D8
+Next log file segment:                174
+Latest checkpoint location:           1/ADF7A470
+Prior checkpoint location:            1/A8778F50
+Latest checkpoint's REDO location:    1/ADF7A470
 Latest checkpoint's UNDO location:    0/0
-Latest checkpoint's StartUpID:        91
-Latest checkpoint's NextXID:          68789
-Latest checkpoint's NextOID:          31573127
-Time of latest checkpoint:            ˜ý·b2
+Latest checkpoint's StartUpID:        92
+Latest checkpoint's NextXID:          88524
+Latest checkpoint's NextOID:          31597703
+Time of latest checkpoint:            ˜Ý§ÛC
 Database block size:                  8192
 Blocks per segment of large relation: 131072
 Maximum length of identifiers:        64
End Time: 2016-08-06 16:38:28+00:00
========================================================================
========================================================================
Testing 2003-10-02-REL7_4~350
Start Time: 2016-08-08 21:08:20+00:00
Shared Buffers:  260000
size before pgbench of pgbench_branches_pkey: 732
size before pgbench of pgbench_branches: 1896
size before pgbench of pgbench_tellers_pkey: 756
size before pgbench of pgbench_tellers: 2136
size before pgbench of pgbench_accounts_pkey: 658092
size before pgbench of pgbench_accounts: 1004804
size before pgbench of pgbench_history: 1288
total size before pgbench: 1669704
Linux 3.16.0-4-amd64 (Debian-83-jessie-64-minimal) 	08.08.16 	_x86_64_	(8 CPU)

starting vacuum...end.
transaction type: <builtin: select only>
scaling factor: 300
query mode: simple
number of clients: 32
number of threads: 4
duration: 60 s
number of transactions actually processed: 64463
latency average: 29.785 ms
tps = 1073.032368 (including connections establishing)
tps = 1073.198798 (excluding connections establishing)
script statistics:
 - statement latencies in milliseconds:
         0.001  \set aid random(1, 100000 * :scale)
        29.760  SELECT abalance FROM pgbench_accounts WHERE aid = :aid;
avg-cpu:  %user   %nice %system %iowait  %steal   %idle
           4,13    0,00    0,46   33,49    0,00   61,93

Device:         rrqm/s   wrqm/s     r/s     w/s    rkB/s    wkB/s avgrq-sz avgqu-sz   await r_await w_await  svctm  %util
sdb               0,00     0,87  257,69   13,76  2361,96    57,28    17,82    22,08   81,35   42,24  813,98   2,81  76,24
sda               0,00     0,87  258,74   13,76  2376,44    57,28    17,86    19,42   71,28   45,49  556,40   2,73  74,28
md0               0,00     0,00    0,09    0,00     0,36     0,00     8,00     0,00    0,00    0,00    0,00   0,00   0,00
md1               0,00     0,00    0,00    0,00     0,00     0,00     0,00     0,00    0,00    0,00    0,00   0,00   0,00
md2               0,00     0,00  516,36   13,73  4737,78    55,07    18,08     0,00    0,00    0,00    0,00   0,00   0,00
md3               0,00     0,00    0,00    0,10     0,00     0,40     8,00     0,00    0,00    0,00    0,00   0,00   0,00

Control File Changes
--- /usr/local/oldpgsql/2003-10-02-REL7_4~350/before.controldata	2016-08-08 23:09:40.655221942 +0200
+++ /usr/local/oldpgsql/2003-10-02-REL7_4~350/after.controldata	2016-08-08 23:11:14.259303676 +0200
@@ -4 +4 @@
-pg_control last modified:             Mon Aug  8 21:08:20 2016
+pg_control last modified:             Mon Aug  8 21:11:14 2016
@@ -6,4 +6,4 @@
-Next log file segment:                174
-Latest checkpoint location:           1/ADF7A4B8
-Prior checkpoint location:            1/ADF7A470
-Latest checkpoint's REDO location:    1/ADF7A4B8
+Next log file segment:                175
+Latest checkpoint location:           1/AE3CA970
+Prior checkpoint location:            1/ADF7A4B8
+Latest checkpoint's REDO location:    1/AE3CA970
@@ -11,4 +11,4 @@
-Latest checkpoint's StartUpID:        92
-Latest checkpoint's NextXID:          88524
-Latest checkpoint's NextOID:          31592791
-Time of latest checkpoint:            Sat Aug  6 16:38:29 2016
+Latest checkpoint's StartUpID:        93
+Latest checkpoint's NextXID:          153062
+Latest checkpoint's NextOID:          31600983
+Time of latest checkpoint:            Mon Aug  8 21:11:10 2016
size after pgbench of pgbench_branches_pkey: 732
size after pgbench of pgbench_branches: 1896
size after pgbench of pgbench_tellers_pkey: 756
size after pgbench of pgbench_tellers: 2136
size after pgbench of pgbench_accounts_pkey: 658092
size after pgbench of pgbench_accounts: 1004804
size after pgbench of pgbench_history: 0
total size after pgbench: 1668416
End Time: 2016-08-08 21:11:14+00:00
========================================================================
========================================================================
Testing 2003-10-02-REL7_4~350
Start Time: 2016-08-09 14:54:46+00:00
Shared Buffers:  260000
size before pgbench of pgbench_branches_pkey: 732
size before pgbench of pgbench_branches: 1896
size before pgbench of pgbench_tellers_pkey: 756
size before pgbench of pgbench_tellers: 2136
size before pgbench of pgbench_accounts_pkey: 658092
size before pgbench of pgbench_accounts: 1004804
size before pgbench of pgbench_history: 0
total size before pgbench: 1668416
Linux 3.16.0-4-amd64 (Debian-83-jessie-64-minimal) 	09.08.16 	_x86_64_	(8 CPU)

starting vacuum...end.
transaction type: <builtin: select only>
scaling factor: 300
query mode: simple
number of clients: 32
number of threads: 4
duration: 60 s
number of transactions actually processed: 65322
latency average: 29.393 ms
tps = 1087.173681 (including connections establishing)
tps = 1087.342487 (excluding connections establishing)
script statistics:
 - statement latencies in milliseconds:
         0.001  \set aid random(1, 100000 * :scale)
        29.386  SELECT abalance FROM pgbench_accounts WHERE aid = :aid;
avg-cpu:  %user   %nice %system %iowait  %steal   %idle
           4,08    0,00    0,50   31,27    0,00   64,15

Device:         rrqm/s   wrqm/s     r/s     w/s    rkB/s    wkB/s avgrq-sz avgqu-sz   await r_await w_await  svctm  %util
sdb               0,00     0,91  265,52    2,27  2454,09    11,34    18,41    15,49   57,85   43,75 1709,53   2,53  67,87
sda               0,36     0,91  259,62    2,27  2396,98    11,34    18,39    18,33   70,01   45,28 2902,22   2,61  68,33
md0               0,00     0,00    1,17    0,00     4,67     0,00     8,00     0,00    0,00    0,00    0,00   0,00   0,00
md1               0,00     0,00    0,00    0,00     0,00     0,00     0,00     0,00    0,00    0,00    0,00   0,00   0,00
md2               0,00     0,00  524,32    2,19  4846,13     8,89    18,44     0,00    0,00    0,00    0,00   0,00   0,00
md3               0,00     0,00    0,00    0,10     0,00     0,40     8,00     0,00    0,00    0,00    0,00   0,00   0,00

Control File Changes
--- /usr/local/oldpgsql/2003-10-02-REL7_4~350/before.controldata	2016-08-09 16:55:29.920589848 +0200
+++ /usr/local/oldpgsql/2003-10-02-REL7_4~350/after.controldata	2016-08-09 16:57:02.948781882 +0200
@@ -4 +4 @@
-pg_control last modified:             Tue Aug  9 14:54:46 2016
+pg_control last modified:             Tue Aug  9 14:57:02 2016
@@ -7,3 +7,3 @@
-Latest checkpoint location:           1/AE3CA9B8
-Prior checkpoint location:            1/AE3CA970
-Latest checkpoint's REDO location:    1/AE3CA9B8
+Latest checkpoint location:           1/AE3EA6D8
+Prior checkpoint location:            1/AE3CA9B8
+Latest checkpoint's REDO location:    1/AE3EA6D8
@@ -11,4 +11,4 @@
-Latest checkpoint's StartUpID:        93
-Latest checkpoint's NextXID:          153064
-Latest checkpoint's NextOID:          31592793
-Time of latest checkpoint:            Mon Aug  8 21:11:15 2016
+Latest checkpoint's StartUpID:        94
+Latest checkpoint's NextXID:          218461
+Latest checkpoint's NextOID:          31600985
+Time of latest checkpoint:            Tue Aug  9 14:57:00 2016
size after pgbench of pgbench_branches_pkey: 732
size after pgbench of pgbench_branches: 1896
size after pgbench of pgbench_tellers_pkey: 756
size after pgbench of pgbench_tellers: 2136
size after pgbench of pgbench_accounts_pkey: 658092
size after pgbench of pgbench_accounts: 1004804
size after pgbench of pgbench_history: 0
total size after pgbench: 1668416
End Time: 2016-08-09 14:57:03+00:00
========================================================================
========================================================================
Testing 2003-10-02-REL7_4~350
Start Time: 2016-08-10 18:37:03+00:00
Shared Buffers:  260000
size before pgbench of pgbench_branches_pkey: 732
size before pgbench of pgbench_branches: 1896
size before pgbench of pgbench_tellers_pkey: 756
size before pgbench of pgbench_tellers: 2136
size before pgbench of pgbench_accounts_pkey: 658092
size before pgbench of pgbench_accounts: 1004804
size before pgbench of pgbench_history: 0
total size before pgbench: 1668416
Linux 3.16.0-4-amd64 (Debian-83-jessie-64-minimal) 	10.08.16 	_x86_64_	(8 CPU)

starting vacuum...end.
transaction type: <builtin: select only>
scaling factor: 300
query mode: simple
number of clients: 32
number of threads: 4
duration: 60 s
number of transactions actually processed: 65388
latency average: 29.363 ms
tps = 1088.234955 (including connections establishing)
tps = 1088.402597 (excluding connections establishing)
script statistics:
 - statement latencies in milliseconds:
         0.001  \set aid random(1, 100000 * :scale)
        29.342  SELECT abalance FROM pgbench_accounts WHERE aid = :aid;
avg-cpu:  %user   %nice %system %iowait  %steal   %idle
           4,21    0,00    0,50   31,17    0,00   64,13

Device:         rrqm/s   wrqm/s     r/s     w/s    rkB/s    wkB/s avgrq-sz avgqu-sz   await r_await w_await  svctm  %util
sdb               0,00     0,62  261,70    2,01  2408,22     8,87    18,33    17,44   66,11   44,36 2896,93   2,56  67,44
sda               0,02     0,62  259,23    2,01  2391,20     8,87    18,37    18,33   70,15   43,48 3508,13   2,57  67,20
md0               0,00     0,00    0,03    0,01     0,13     0,04     8,00     0,00    0,00    0,00    0,00   0,00   0,00
md1               0,00     0,00    0,00    0,00     0,00     0,00     0,00     0,00    0,00    0,00    0,00   0,00   0,00
md2               0,00     0,00  520,92    1,56  4799,29     6,31    18,40     0,00    0,00    0,00    0,00   0,00   0,00
md3               0,00     0,00    0,00    0,11     0,00     0,44     8,00     0,00    0,00    0,00    0,00   0,00   0,00

Control File Changes
--- /usr/local/oldpgsql/2003-10-02-REL7_4~350/before.controldata	2016-08-10 20:37:46.330953209 +0200
+++ /usr/local/oldpgsql/2003-10-02-REL7_4~350/after.controldata	2016-08-10 20:39:19.271126454 +0200
@@ -4 +4 @@
-pg_control last modified:             Wed Aug 10 18:37:03 2016
+pg_control last modified:             Wed Aug 10 18:39:19 2016
@@ -7,3 +7,3 @@
-Latest checkpoint location:           1/AE3EA720
-Prior checkpoint location:            1/AE3EA6D8
-Latest checkpoint's REDO location:    1/AE3EA720
+Latest checkpoint location:           1/AE40A438
+Prior checkpoint location:            1/AE3EA720
+Latest checkpoint's REDO location:    1/AE40A438
@@ -11,4 +11,4 @@
-Latest checkpoint's StartUpID:        94
-Latest checkpoint's NextXID:          218463
-Latest checkpoint's NextOID:          31592795
-Time of latest checkpoint:            Tue Aug  9 14:57:04 2016
+Latest checkpoint's StartUpID:        95
+Latest checkpoint's NextXID:          283926
+Latest checkpoint's NextOID:          31600987
+Time of latest checkpoint:            Wed Aug 10 18:39:16 2016
size after pgbench of pgbench_branches_pkey: 732
size after pgbench of pgbench_branches: 1896
size after pgbench of pgbench_tellers_pkey: 756
size after pgbench of pgbench_tellers: 2136
size after pgbench of pgbench_accounts_pkey: 658092
size after pgbench of pgbench_accounts: 1004804
size after pgbench of pgbench_history: 0
total size after pgbench: 1668416
End Time: 2016-08-10 18:39:19+00:00
========================================================================
========================================================================
Testing 2003-10-02-REL7_4~350
Start Time: 2016-08-11 04:33:39+00:00
Shared Buffers:  260000
size before pgbench of pgbench_branches_pkey: 732
size before pgbench of pgbench_branches: 1896
size before pgbench of pgbench_tellers_pkey: 756
size before pgbench of pgbench_tellers: 2136
size before pgbench of pgbench_accounts_pkey: 658092
size before pgbench of pgbench_accounts: 1004804
size before pgbench of pgbench_history: 0
total size before pgbench: 1668416
Linux 3.16.0-4-amd64 (Debian-83-jessie-64-minimal) 	11.08.16 	_x86_64_	(8 CPU)

starting vacuum...end.
transaction type: <builtin: select only>
scaling factor: 300
query mode: simple
number of clients: 32
number of threads: 4
duration: 60 s
number of transactions actually processed: 64766
latency average: 29.645 ms
tps = 1077.835406 (including connections establishing)
tps = 1077.984080 (excluding connections establishing)
script statistics:
 - statement latencies in milliseconds:
         0.001  \set aid random(1, 100000 * :scale)
        29.636  SELECT abalance FROM pgbench_accounts WHERE aid = :aid;
avg-cpu:  %user   %nice %system %iowait  %steal   %idle
           4,11    0,00    0,46   30,81    0,00   64,61

Device:         rrqm/s   wrqm/s     r/s     w/s    rkB/s    wkB/s avgrq-sz avgqu-sz   await r_await w_await  svctm  %util
sdb               0,17     0,73  259,33    2,02  2383,96     9,55    18,32    16,49   63,09   44,43 2456,09   2,57  67,15
sda               1,63     0,73  259,83    2,01  2395,11     9,55    18,37    15,66   59,81   44,71 2009,75   2,59  67,77
md0               0,00     0,00    3,18    0,00    12,71     0,00     8,00     0,00    0,00    0,00    0,00   0,00   0,00
md1               0,00     0,00    0,00    0,00     0,00     0,00     0,00     0,00    0,00    0,00    0,00   0,00   0,00
md2               0,00     0,00  517,79    1,76  4766,09     7,11    18,37     0,00    0,00    0,00    0,00   0,00   0,00
md3               0,00     0,00    0,00    0,10     0,00     0,40     8,00     0,00    0,00    0,00    0,00   0,00   0,00

Control File Changes
--- /usr/local/oldpgsql/2003-10-02-REL7_4~350/before.controldata	2016-08-11 06:34:21.644577574 +0200
+++ /usr/local/oldpgsql/2003-10-02-REL7_4~350/after.controldata	2016-08-11 06:35:54.764875044 +0200
@@ -4 +4 @@
-pg_control last modified:             Thu Aug 11 04:33:40 2016
+pg_control last modified:             Thu Aug 11 04:35:54 2016
@@ -7,3 +7,3 @@
-Latest checkpoint location:           1/AE40A480
-Prior checkpoint location:            1/AE40A438
-Latest checkpoint's REDO location:    1/AE40A480
+Latest checkpoint location:           1/AE42A1A8
+Prior checkpoint location:            1/AE40A480
+Latest checkpoint's REDO location:    1/AE42A1A8
@@ -11,4 +11,4 @@
-Latest checkpoint's StartUpID:        95
-Latest checkpoint's NextXID:          283928
-Latest checkpoint's NextOID:          31592797
-Time of latest checkpoint:            Wed Aug 10 18:39:20 2016
+Latest checkpoint's StartUpID:        96
+Latest checkpoint's NextXID:          348769
+Latest checkpoint's NextOID:          31600989
+Time of latest checkpoint:            Thu Aug 11 04:35:51 2016
size after pgbench of pgbench_branches_pkey: 732
size after pgbench of pgbench_branches: 1896
size after pgbench of pgbench_tellers_pkey: 756
size after pgbench of pgbench_tellers: 2136
size after pgbench of pgbench_accounts_pkey: 658092
size after pgbench of pgbench_accounts: 1004804
size after pgbench of pgbench_history: 0
total size after pgbench: 1668416
End Time: 2016-08-11 04:35:54+00:00
========================================================================
========================================================================
Testing 2003-10-02-REL7_4~350
Start Time: 2016-08-11 19:47:04+00:00
Shared Buffers:  260000
size before pgbench of pgbench_branches_pkey: 732
size before pgbench of pgbench_branches: 1896
size before pgbench of pgbench_tellers_pkey: 756
size before pgbench of pgbench_tellers: 2136
size before pgbench of pgbench_accounts_pkey: 658092
size before pgbench of pgbench_accounts: 1004804
size before pgbench of pgbench_history: 0
total size before pgbench: 1668416
Linux 3.16.0-4-amd64 (Debian-83-jessie-64-minimal) 	11.08.16 	_x86_64_	(8 CPU)

starting vacuum...end.
transaction type: <builtin: select only>
scaling factor: 300
query mode: simple
number of clients: 32
number of threads: 4
duration: 60 s
number of transactions actually processed: 67238
latency average: 28.555 ms
tps = 1117.952818 (including connections establishing)
tps = 1118.119284 (excluding connections establishing)
script statistics:
 - statement latencies in milliseconds:
         0.001  \set aid random(1, 100000 * :scale)
        28.548  SELECT abalance FROM pgbench_accounts WHERE aid = :aid;
avg-cpu:  %user   %nice %system %iowait  %steal   %idle
           4,25    0,00    0,47   34,26    0,00   61,01

Device:         rrqm/s   wrqm/s     r/s     w/s    rkB/s    wkB/s avgrq-sz avgqu-sz   await r_await w_await  svctm  %util
sdb               0,03     0,66  262,96    1,94  2424,18     9,14    18,37    23,24   87,50   40,99 6376,41   2,55  67,58
sda               0,74     0,66  267,83    1,94  2470,53     9,14    18,38    23,57   87,15   44,47 5965,85   2,51  67,80
md0               0,00     0,00    1,03    0,00     4,13     0,00     8,00     0,00    0,00    0,00    0,00   0,00   0,00
md1               0,00     0,00    0,00    0,00     0,00     0,00     0,00     0,00    0,00    0,00    0,00   0,00   0,00
md2               0,00     0,00  530,52    1,67  4890,31     6,80    18,40     0,00    0,00    0,00    0,00   0,00   0,00
md3               0,00     0,00    0,00    0,10     0,00     0,40     8,00     0,00    0,00    0,00    0,00   0,00   0,00

Control File Changes
--- /usr/local/oldpgsql/2003-10-02-REL7_4~350/before.controldata	2016-08-11 21:47:47.410148557 +0200
+++ /usr/local/oldpgsql/2003-10-02-REL7_4~350/after.controldata	2016-08-11 21:49:20.522399803 +0200
@@ -4 +4 @@
-pg_control last modified:             Thu Aug 11 19:47:04 2016
+pg_control last modified:             Thu Aug 11 19:49:20 2016
@@ -7,3 +7,3 @@
-Latest checkpoint location:           1/AE42A1F0
-Prior checkpoint location:            1/AE42A1A8
-Latest checkpoint's REDO location:    1/AE42A1F0
+Latest checkpoint location:           1/AE44DE28
+Prior checkpoint location:            1/AE42A1F0
+Latest checkpoint's REDO location:    1/AE44DE28
@@ -11,4 +11,4 @@
-Latest checkpoint's StartUpID:        96
-Latest checkpoint's NextXID:          348771
-Latest checkpoint's NextOID:          31592799
-Time of latest checkpoint:            Thu Aug 11 04:35:56 2016
+Latest checkpoint's StartUpID:        97
+Latest checkpoint's NextXID:          416084
+Latest checkpoint's NextOID:          31600991
+Time of latest checkpoint:            Thu Aug 11 19:49:17 2016
size after pgbench of pgbench_branches_pkey: 732
size after pgbench of pgbench_branches: 1896
size after pgbench of pgbench_tellers_pkey: 756
size after pgbench of pgbench_tellers: 2136
size after pgbench of pgbench_accounts_pkey: 658092
size after pgbench of pgbench_accounts: 1004804
size after pgbench of pgbench_history: 0
total size after pgbench: 1668416
End Time: 2016-08-11 19:49:20+00:00
========================================================================
========================================================================
Testing 2003-10-02-REL7_4~350
Start Time: 2016-08-12 21:45:43+00:00
Shared Buffers:  260000
size before pgbench of pgbench_branches_pkey: 732
size before pgbench of pgbench_branches: 1896
size before pgbench of pgbench_tellers_pkey: 756
size before pgbench of pgbench_tellers: 2136
size before pgbench of pgbench_accounts_pkey: 658092
size before pgbench of pgbench_accounts: 1004804
size before pgbench of pgbench_history: 0
total size before pgbench: 1668416
+ /usr/local/pgsql/bin/pgbench -T 60 -S -c 64 -j 4 -r
Linux 3.16.0-4-amd64 (Debian-83-jessie-64-minimal) 	12.08.16 	_x86_64_	(8 CPU)

starting vacuum...end.
transaction type: <builtin: select only>
scaling factor: 300
query mode: simple
number of clients: 64
number of threads: 4
duration: 60 s
number of transactions actually processed: 70913
latency average: 54.151 ms
tps = 1173.159659 (including connections establishing)
tps = 1173.345595 (excluding connections establishing)
script statistics:
 - statement latencies in milliseconds:
         0.001  \set aid random(1, 100000 * :scale)
        54.129  SELECT abalance FROM pgbench_accounts WHERE aid = :aid;
avg-cpu:  %user   %nice %system %iowait  %steal   %idle
           4,22    0,00    0,52   31,04    0,00   64,21

Device:         rrqm/s   wrqm/s     r/s     w/s    rkB/s    wkB/s avgrq-sz avgqu-sz   await r_await w_await  svctm  %util
sdb               0,00     0,67  275,46    1,89  2536,58     9,24    18,36    33,48  120,71   85,21 5296,35   2,44  67,72
sda               0,07     0,67  276,96    1,89  2544,36     9,24    18,32    24,07   86,31   81,82  744,59   2,43  67,65
md0               0,00     0,00    0,14    0,01     0,58     0,04     8,00     0,00    0,00    0,00    0,00   0,00   0,00
md1               0,00     0,00    0,00    0,00     0,00     0,00     0,00     0,00    0,00    0,00    0,00   0,00   0,00
md2               0,00     0,00  552,37    1,71  5080,36     7,11    18,36     0,00    0,00    0,00    0,00   0,00   0,00
md3               0,00     0,00    0,00    0,10     0,00     0,40     8,00     0,00    0,00    0,00    0,00   0,00   0,00

Control File Changes
--- /usr/local/oldpgsql/2003-10-02-REL7_4~350/before.controldata	2016-08-12 23:46:26.170591366 +0200
+++ /usr/local/oldpgsql/2003-10-02-REL7_4~350/after.controldata	2016-08-12 23:47:59.354806881 +0200
@@ -4 +4 @@
-pg_control last modified:             Fri Aug 12 21:45:43 2016
+pg_control last modified:             Fri Aug 12 21:47:59 2016
@@ -7,3 +7,3 @@
-Latest checkpoint location:           1/AE44DE70
-Prior checkpoint location:            1/AE44DE28
-Latest checkpoint's REDO location:    1/AE44DE70
+Latest checkpoint location:           1/AE46BC58
+Prior checkpoint location:            1/AE44DE70
+Latest checkpoint's REDO location:    1/AE46BC58
@@ -11,4 +11,4 @@
-Latest checkpoint's StartUpID:        97
-Latest checkpoint's NextXID:          416086
-Latest checkpoint's NextOID:          31592801
-Time of latest checkpoint:            Thu Aug 11 19:49:21 2016
+Latest checkpoint's StartUpID:        98
+Latest checkpoint's NextXID:          487106
+Latest checkpoint's NextOID:          31600993
+Time of latest checkpoint:            Fri Aug 12 21:47:56 2016
size after pgbench of pgbench_branches_pkey: 732
size after pgbench of pgbench_branches: 1896
size after pgbench of pgbench_tellers_pkey: 756
size after pgbench of pgbench_tellers: 2136
size after pgbench of pgbench_accounts_pkey: 658092
size after pgbench of pgbench_accounts: 1004804
size after pgbench of pgbench_history: 0
total size after pgbench: 1668416
End Time: 2016-08-12 21:47:59+00:00
========================================================================
========================================================================
Testing 2003-10-02-REL7_4~350
Start Time: 2016-08-13 02:59:51+00:00
Shared Buffers:  260000
size before pgbench of pgbench_branches_pkey: 732
size before pgbench of pgbench_branches: 1896
size before pgbench of pgbench_tellers_pkey: 756
size before pgbench of pgbench_tellers: 2136
size before pgbench of pgbench_accounts_pkey: 658092
size before pgbench of pgbench_accounts: 1004804
size before pgbench of pgbench_history: 0
total size before pgbench: 1668416
Linux 3.16.0-4-amd64 (Debian-83-jessie-64-minimal) 	13.08.16 	_x86_64_	(8 CPU)

starting vacuum...end.
transaction type: <builtin: select only>
scaling factor: 300
query mode: simple
number of clients: 48
number of threads: 4
duration: 60 s
number of transactions actually processed: 70882
latency average: 40.631 ms
tps = 1179.143078 (including connections establishing)
tps = 1179.322699 (excluding connections establishing)
script statistics:
 - statement latencies in milliseconds:
         0.001  \set aid random(1, 100000 * :scale)
        40.589  SELECT abalance FROM pgbench_accounts WHERE aid = :aid;
avg-cpu:  %user   %nice %system %iowait  %steal   %idle
           4,27    0,00    0,50   31,38    0,00   63,85

Device:         rrqm/s   wrqm/s     r/s     w/s    rkB/s    wkB/s avgrq-sz avgqu-sz   await r_await w_await  svctm  %util
sdb               0,00     0,62  272,34    1,74  2525,96     8,44    18,49    22,03   80,39   63,29 2750,32   2,46  67,34
sda               0,03     0,62  277,86    1,74  2556,71     8,44    18,35    22,68   81,11   63,05 2957,55   2,42  67,70
md0               0,00     0,00    0,04    0,00     0,18     0,00     8,00     0,00    0,00    0,00    0,00   0,00   0,00
md1               0,00     0,00    0,00    0,00     0,00     0,00     0,00     0,00    0,00    0,00    0,00   0,00   0,00
md2               0,00     0,00  550,26    1,56  5082,49     6,36    18,44     0,00    0,00    0,00    0,00   0,00   0,00
md3               0,00     0,00    0,00    0,10     0,00     0,40     8,00     0,00    0,00    0,00    0,00   0,00   0,00

Control File Changes
--- /usr/local/oldpgsql/2003-10-02-REL7_4~350/before.controldata	2016-08-13 05:00:34.450810205 +0200
+++ /usr/local/oldpgsql/2003-10-02-REL7_4~350/after.controldata	2016-08-13 05:02:07.534961331 +0200
@@ -4 +4 @@
-pg_control last modified:             Sat Aug 13 02:59:51 2016
+pg_control last modified:             Sat Aug 13 03:02:07 2016
@@ -7,3 +7,3 @@
-Latest checkpoint location:           1/AE46BCA0
-Prior checkpoint location:            1/AE46BC58
-Latest checkpoint's REDO location:    1/AE46BCA0
+Latest checkpoint location:           1/AE48B9E8
+Prior checkpoint location:            1/AE46BCA0
+Latest checkpoint's REDO location:    1/AE48B9E8
@@ -11,4 +11,4 @@
-Latest checkpoint's StartUpID:        98
-Latest checkpoint's NextXID:          487108
-Latest checkpoint's NextOID:          31592803
-Time of latest checkpoint:            Fri Aug 12 21:48:00 2016
+Latest checkpoint's StartUpID:        99
+Latest checkpoint's NextXID:          558081
+Latest checkpoint's NextOID:          31600995
+Time of latest checkpoint:            Sat Aug 13 03:02:04 2016
size after pgbench of pgbench_branches_pkey: 732
size after pgbench of pgbench_branches: 1896
size after pgbench of pgbench_tellers_pkey: 756
size after pgbench of pgbench_tellers: 2136
size after pgbench of pgbench_accounts_pkey: 658092
size after pgbench of pgbench_accounts: 1004804
size after pgbench of pgbench_history: 0
total size after pgbench: 1668416
End Time: 2016-08-13 03:02:07+00:00
========================================================================
========================================================================
Testing 2003-10-02-REL7_4~350
Start Time: 2016-08-13 09:20:17+00:00
Shared Buffers:  260000
size before pgbench of pgbench_branches_pkey: 732
size before pgbench of pgbench_branches: 1896
size before pgbench of pgbench_tellers_pkey: 756
size before pgbench of pgbench_tellers: 2136
size before pgbench of pgbench_accounts_pkey: 658092
size before pgbench of pgbench_accounts: 1004804
size before pgbench of pgbench_history: 0
total size before pgbench: 1668416
Linux 3.16.0-4-amd64 (Debian-83-jessie-64-minimal) 	13.08.16 	_x86_64_	(8 CPU)

starting vacuum...end.
transaction type: <builtin: select only>
scaling factor: 300
query mode: simple
number of clients: 48
number of threads: 4
duration: 60 s
number of transactions actually processed: 70897
latency average: 40.622 ms
tps = 1179.257680 (including connections establishing)
tps = 1179.420324 (excluding connections establishing)
script statistics:
 - statement latencies in milliseconds:
         0.001  \set aid random(1, 100000 * :scale)
        40.602  SELECT abalance FROM pgbench_accounts WHERE aid = :aid;
avg-cpu:  %user   %nice %system %iowait  %steal   %idle
           4,23    0,00    0,48   29,73    0,00   65,56

Device:         rrqm/s   wrqm/s     r/s     w/s    rkB/s    wkB/s avgrq-sz avgqu-sz   await r_await w_await  svctm  %util
sdb               0,00     0,60  276,90    1,58  2578,22     7,70    18,57    22,84   82,02   66,67 2775,04   2,42  67,30
sda               0,02     0,60  271,31    1,58  2508,98     7,70    18,44    19,29   70,69   61,80 1599,18   2,47  67,51
md0               0,00     0,00    0,03    0,00     0,13     0,00     8,00     0,00    0,00    0,00    0,00   0,00   0,00
md1               0,00     0,00    0,00    0,00     0,00     0,00     0,00     0,00    0,00    0,00    0,00   0,00   0,00
md2               0,00     0,00  548,20    1,38  5087,07     5,64    18,53     0,00    0,00    0,00    0,00   0,00   0,00
md3               0,00     0,00    0,00    0,10     0,00     0,40     8,00     0,00    0,00    0,00    0,00   0,00   0,00

Control File Changes
--- /usr/local/oldpgsql/2003-10-02-REL7_4~350/before.controldata	2016-08-13 11:20:59.272544322 +0200
+++ /usr/local/oldpgsql/2003-10-02-REL7_4~350/after.controldata	2016-08-13 11:22:32.396759845 +0200
@@ -4 +4 @@
-pg_control last modified:             Sat Aug 13 09:20:17 2016
+pg_control last modified:             Sat Aug 13 09:22:32 2016
@@ -7,3 +7,3 @@
-Latest checkpoint location:           1/AE48BA30
-Prior checkpoint location:            1/AE48B9E8
-Latest checkpoint's REDO location:    1/AE48BA30
+Latest checkpoint location:           1/AE4AB750
+Prior checkpoint location:            1/AE48BA30
+Latest checkpoint's REDO location:    1/AE4AB750
@@ -11,4 +11,4 @@
-Latest checkpoint's StartUpID:        99
-Latest checkpoint's NextXID:          558083
-Latest checkpoint's NextOID:          31592805
-Time of latest checkpoint:            Sat Aug 13 03:02:08 2016
+Latest checkpoint's StartUpID:        100
+Latest checkpoint's NextXID:          629071
+Latest checkpoint's NextOID:          31600997
+Time of latest checkpoint:            Sat Aug 13 09:22:29 2016
size after pgbench of pgbench_branches_pkey: 732
size after pgbench of pgbench_branches: 1896
size after pgbench of pgbench_tellers_pkey: 756
size after pgbench of pgbench_tellers: 2136
size after pgbench of pgbench_accounts_pkey: 658092
size after pgbench of pgbench_accounts: 1004804
size after pgbench of pgbench_history: 0
total size after pgbench: 1668416
End Time: 2016-08-13 09:22:32+00:00
========================================================================
========================================================================
Testing 2003-10-02-REL7_4~350
Start Time: 2016-08-14 01:11:31+00:00
Shared Buffers:  260000
size before pgbench of pgbench_branches_pkey: 732
size before pgbench of pgbench_branches: 1896
size before pgbench of pgbench_tellers_pkey: 756
size before pgbench of pgbench_tellers: 2136
size before pgbench of pgbench_accounts_pkey: 658092
size before pgbench of pgbench_accounts: 1004804
size before pgbench of pgbench_history: 0
total size before pgbench: 1668416
Linux 3.16.0-4-amd64 (Debian-83-jessie-64-minimal) 	14.08.16 	_x86_64_	(8 CPU)

starting vacuum...end.
transaction type: <builtin: TPC-B (sort of)>
scaling factor: 300
query mode: simple
number of clients: 32
number of threads: 4
duration: 900 s
number of transactions actually processed: 22215
latency average: 1296.421 ms
tps = 24.676369 (including connections establishing)
tps = 24.676600 (excluding connections establishing)
script statistics:
 - statement latencies in milliseconds:
         0.003  \set aid random(1, 100000 * :scale)
         0.001  \set bid random(1, 1 * :scale)
         0.001  \set tid random(1, 10 * :scale)
         0.001  \set delta random(-5000, 5000)
         0.090  BEGIN;
       550.733  UPDATE pgbench_accounts SET abalance = abalance + :delta WHERE aid = :aid;
         1.993  SELECT abalance FROM pgbench_accounts WHERE aid = :aid;
       265.672  UPDATE pgbench_tellers SET tbalance = tbalance + :delta WHERE tid = :tid;
       184.483  UPDATE pgbench_branches SET bbalance = bbalance + :delta WHERE bid = :bid;
        95.442  INSERT INTO pgbench_history (tid, bid, aid, delta, mtime) VALUES (:tid, :bid, :aid, :delta, CURRENT_TIMESTAMP);
       198.147  END;
avg-cpu:  %user   %nice %system %iowait  %steal   %idle
           0,54    0,00    0,25    6,55    0,00   92,66

Device:         rrqm/s   wrqm/s     r/s     w/s    rkB/s    wkB/s avgrq-sz avgqu-sz   await r_await w_await  svctm  %util
sdb               0,00     0,58    2,81  165,75    23,19   816,39     9,96     6,14   36,31   21,08   36,57   3,27  55,06
sda               0,02     0,58   18,93  165,83   156,93   817,07    10,54     6,42   34,73   26,14   35,71   4,74  87,56
md0               0,00     0,00    0,08    0,00     0,34     0,00     8,00     0,00    0,00    0,00    0,00   0,00   0,00
md1               0,00     0,00    0,00    0,00     0,00     0,00     0,00     0,00    0,00    0,00    0,00   0,00   0,00
md2               0,00     0,00   21,67  166,20   179,78   817,50    10,62     0,00    0,00    0,00    0,00   0,00   0,00
md3               0,00     0,00    0,00    0,02     0,00     0,05     5,87     0,00    0,00    0,00    0,00   0,00   0,00

Control File Changes
--- /usr/local/oldpgsql/2003-10-02-REL7_4~350/before.controldata	2016-08-14 03:12:18.811862760 +0200
+++ /usr/local/oldpgsql/2003-10-02-REL7_4~350/after.controldata	2016-08-14 03:28:11.009717252 +0200
@@ -4 +4 @@
-pg_control last modified:             Sun Aug 14 01:11:32 2016
+pg_control last modified:             Sun Aug 14 01:28:10 2016
@@ -6,4 +6,4 @@
-Next log file segment:                175
-Latest checkpoint location:           1/AE4AB798
-Prior checkpoint location:            1/AE4AB750
-Latest checkpoint's REDO location:    1/AE4AB798
+Next log file segment:                198
+Latest checkpoint location:           1/C5329F80
+Prior checkpoint location:            1/BDD04220
+Latest checkpoint's REDO location:    1/C5329F80
@@ -11,4 +11,4 @@
-Latest checkpoint's StartUpID:        100
-Latest checkpoint's NextXID:          629073
-Latest checkpoint's NextOID:          31592807
-Time of latest checkpoint:            Sat Aug 13 09:22:33 2016
+Latest checkpoint's StartUpID:        101
+Latest checkpoint's NextXID:          651361
+Latest checkpoint's NextOID:          31617383
+Time of latest checkpoint:            Sun Aug 14 01:27:46 2016
size after pgbench of pgbench_branches_pkey: 732
size after pgbench of pgbench_branches: 1896
size after pgbench of pgbench_tellers_pkey: 756
size after pgbench of pgbench_tellers: 2136
size after pgbench of pgbench_accounts_pkey: 658092
size after pgbench of pgbench_accounts: 1007948
size after pgbench of pgbench_history: 1512
total size after pgbench: 1673072
End Time: 2016-08-14 01:28:11+00:00
========================================================================
========================================================================
Testing 2003-10-02-REL7_4~350
Start Time: 2016-08-15 22:21:40+00:00
Shared Buffers:  260000
size before pgbench of pgbench_branches_pkey: 732
size before pgbench of pgbench_branches: 1896
size before pgbench of pgbench_tellers_pkey: 756
size before pgbench of pgbench_tellers: 2136
size before pgbench of pgbench_accounts_pkey: 658092
size before pgbench of pgbench_accounts: 1007948
size before pgbench of pgbench_history: 1512
total size before pgbench: 1673072
Linux 4.6.0-1-amd64 (Debian-83-jessie-64-minimal) 	16.08.16 	_x86_64_	(8 CPU)

starting vacuum...end.
transaction type: <builtin: TPC-B (sort of)>
scaling factor: 300
query mode: simple
number of clients: 32
number of threads: 4
duration: 900 s
number of transactions actually processed: 18890
latency average: 1524.616 ms
tps = 20.980867 (including connections establishing)
tps = 20.981082 (excluding connections establishing)
script statistics:
 - statement latencies in milliseconds:
         0.003  \set aid random(1, 100000 * :scale)
         0.001  \set bid random(1, 1 * :scale)
         0.001  \set tid random(1, 10 * :scale)
         0.001  \set delta random(-5000, 5000)
         0.109  BEGIN;
       651.195  UPDATE pgbench_accounts SET abalance = abalance + :delta WHERE aid = :aid;
         1.918  SELECT abalance FROM pgbench_accounts WHERE aid = :aid;
       308.012  UPDATE pgbench_tellers SET tbalance = tbalance + :delta WHERE tid = :tid;
       224.484  UPDATE pgbench_branches SET bbalance = bbalance + :delta WHERE bid = :bid;
       113.997  INSERT INTO pgbench_history (tid, bid, aid, delta, mtime) VALUES (:tid, :bid, :aid, :delta, CURRENT_TIMESTAMP);
       226.054  END;
avg-cpu:  %user   %nice %system %iowait  %steal   %idle
           0,45    0,00    0,24   18,64    0,00   80,68

Device:         rrqm/s   wrqm/s     r/s     w/s    rkB/s    wkB/s avgrq-sz avgqu-sz   await r_await w_await  svctm  %util
sdb               0,00     0,57    1,89  143,25    16,06   700,43     9,87     7,02   48,36   20,35   48,73   3,75  54,38
sda               0,02     0,57   16,96  143,25   140,55   700,43    10,50    10,43   65,12   27,34   69,60   5,31  85,14
md0               0,00     0,00    0,08    0,00     0,31     0,00     8,00     0,00    0,00    0,00    0,00   0,00   0,00
md1               0,00     0,00    0,00    0,00     0,00     0,00     0,00     0,00    0,00    0,00    0,00   0,00   0,00
md2               0,00     0,00   18,79  143,59   156,27   699,90    10,55     0,00    0,00    0,00    0,00   0,00   0,00
md3               0,00     0,00    0,00    0,01     0,00     0,04     5,54     0,00    0,00    0,00    0,00   0,00   0,00

Control File Changes
--- /usr/local/oldpgsql/2003-10-02-REL7_4~350/before.controldata	2016-08-16 00:23:06.044269130 +0200
+++ /usr/local/oldpgsql/2003-10-02-REL7_4~350/after.controldata	2016-08-16 00:39:25.730243557 +0200
@@ -4 +4 @@
-pg_control last modified:             Mon Aug 15 22:23:05 2016
+pg_control last modified:             Mon Aug 15 22:39:25 2016
@@ -6,4 +6,4 @@
-Next log file segment:                198
-Latest checkpoint location:           1/C532A028
-Prior checkpoint location:            1/C5329FC8
-Latest checkpoint's REDO location:    1/C532A028
+Next log file segment:                217
+Latest checkpoint location:           1/D8E3F9A8
+Prior checkpoint location:            1/D27FD2A0
+Latest checkpoint's REDO location:    1/D8E3F9A8
@@ -12,3 +12,3 @@
-Latest checkpoint's NextXID:          651397
-Latest checkpoint's NextOID:          31615024
-Time of latest checkpoint:            Mon Aug 15 22:23:03 2016
+Latest checkpoint's NextXID:          670330
+Latest checkpoint's NextOID:          31639600
+Time of latest checkpoint:            Mon Aug 15 22:38:36 2016
size after pgbench of pgbench_branches_pkey: 732
size after pgbench of pgbench_branches: 1896
size after pgbench of pgbench_tellers_pkey: 756
size after pgbench of pgbench_tellers: 2136
size after pgbench of pgbench_accounts_pkey: 658092
size after pgbench of pgbench_accounts: 1010756
size after pgbench of pgbench_history: 1288
total size after pgbench: 1675656
End Time: 2016-08-15 22:39:25+00:00
========================================================================
========================================================================
Testing 2003-10-02-REL7_4~350
Start Time: 2016-08-19 22:50:18+00:00
Shared Buffers:  260000
size before pgbench of pgbench_branches_pkey: 732
size before pgbench of pgbench_branches: 1896
size before pgbench of pgbench_tellers_pkey: 756
size before pgbench of pgbench_tellers: 2136
size before pgbench of pgbench_accounts_pkey: 658092
size before pgbench of pgbench_accounts: 1010756
size before pgbench of pgbench_history: 1288
total size before pgbench: 1675656
Linux 4.6.0-1-amd64 (Debian-83-jessie-64-minimal) 	20.08.16 	_x86_64_	(8 CPU)

starting vacuum...end.
transaction type: <builtin: TPC-B (sort of)>
scaling factor: 300
query mode: simple
number of clients: 32
number of threads: 4
duration: 900 s
number of transactions actually processed: 21807
latency average: 1320.677 ms
tps = 24.210952 (including connections establishing)
tps = 24.211231 (excluding connections establishing)
script statistics:
 - statement latencies in milliseconds:
         0.003  \set aid random(1, 100000 * :scale)
         0.001  \set bid random(1, 1 * :scale)
         0.001  \set tid random(1, 10 * :scale)
         0.001  \set delta random(-5000, 5000)
         0.105  BEGIN;
       564.817  UPDATE pgbench_accounts SET abalance = abalance + :delta WHERE aid = :aid;
         1.316  SELECT abalance FROM pgbench_accounts WHERE aid = :aid;
       271.058  UPDATE pgbench_tellers SET tbalance = tbalance + :delta WHERE tid = :tid;
       186.024  UPDATE pgbench_branches SET bbalance = bbalance + :delta WHERE bid = :bid;
        94.606  INSERT INTO pgbench_history (tid, bid, aid, delta, mtime) VALUES (:tid, :bid, :aid, :delta, CURRENT_TIMESTAMP);
       203.924  END;
avg-cpu:  %user   %nice %system %iowait  %steal   %idle
           0,52    0,00    0,27   18,45    0,00   80,76

Device:         rrqm/s   wrqm/s     r/s     w/s    rkB/s    wkB/s avgrq-sz avgqu-sz   await r_await w_await  svctm  %util
sdb               0,00     0,58    2,73  167,15    22,55   845,35    10,22     7,82   45,80   20,87   46,21   3,40  57,81
sda               0,12     0,58   18,71  167,14   155,61   845,22    10,77    10,01   53,59   27,04   56,56   4,71  87,47
md0               0,00     0,00    0,24    0,00     0,95     0,00     8,00     0,00    0,00    0,00    0,00   0,00   0,00
md1               0,00     0,00    0,00    0,00     0,00     0,00     0,00     0,00    0,00    0,00    0,00   0,00   0,00
md2               0,00     0,00   21,32  176,10   177,20   920,12    11,12     0,00    0,00    0,00    0,00   0,00   0,00
md3               0,00     0,00    0,00    0,02     0,00     0,04     5,71     0,00    0,00    0,00    0,00   0,00   0,00

Control File Changes
--- /usr/local/oldpgsql/2003-10-02-REL7_4~350/before.controldata	2016-08-20 00:51:38.061387085 +0200
+++ /usr/local/oldpgsql/2003-10-02-REL7_4~350/after.controldata	2016-08-20 01:07:28.534239736 +0200
@@ -4 +4 @@
-pg_control last modified:             Fri Aug 19 22:50:18 2016
+pg_control last modified:             Fri Aug 19 23:07:28 2016
@@ -6,4 +6,4 @@
-Next log file segment:                217
-Latest checkpoint location:           1/D8E3F9F0
-Prior checkpoint location:            1/D8E3F9A8
-Latest checkpoint's REDO location:    1/D8E3F9F0
+Next log file segment:                240
+Latest checkpoint location:           1/EF7DAAB0
+Prior checkpoint location:            1/EF7DAA68
+Latest checkpoint's REDO location:    1/EF7DAAB0
@@ -11,4 +11,4 @@
-Latest checkpoint's StartUpID:        102
-Latest checkpoint's NextXID:          670332
-Latest checkpoint's NextOID:          31633916
-Time of latest checkpoint:            Mon Aug 15 22:39:27 2016
+Latest checkpoint's StartUpID:        103
+Latest checkpoint's NextXID:          692214
+Latest checkpoint's NextOID:          31658492
+Time of latest checkpoint:            Fri Aug 19 23:07:26 2016
size after pgbench of pgbench_branches_pkey: 740
size after pgbench of pgbench_branches: 1896
size after pgbench of pgbench_tellers_pkey: 780
size after pgbench of pgbench_tellers: 2136
size after pgbench of pgbench_accounts_pkey: 658092
size after pgbench of pgbench_accounts: 1013828
size after pgbench of pgbench_history: 1376
total size after pgbench: 1678848
End Time: 2016-08-19 23:07:28+00:00
========================================================================
