creating tables...
100000 of 30000000 tuples (0%) done (elapsed 0.11 s, remaining 32.54 s)
200000 of 30000000 tuples (0%) done (elapsed 0.19 s, remaining 28.51 s)
300000 of 30000000 tuples (1%) done (elapsed 0.25 s, remaining 25.16 s)
400000 of 30000000 tuples (1%) done (elapsed 0.32 s, remaining 23.59 s)
500000 of 30000000 tuples (1%) done (elapsed 0.39 s, remaining 22.74 s)
600000 of 30000000 tuples (2%) done (elapsed 0.45 s, remaining 22.05 s)
700000 of 30000000 tuples (2%) done (elapsed 0.51 s, remaining 21.54 s)
800000 of 30000000 tuples (2%) done (elapsed 0.58 s, remaining 21.21 s)
900000 of 30000000 tuples (3%) done (elapsed 0.65 s, remaining 20.90 s)
1000000 of 30000000 tuples (3%) done (elapsed 0.72 s, remaining 20.76 s)
1100000 of 30000000 tuples (3%) done (elapsed 0.78 s, remaining 20.57 s)
1200000 of 30000000 tuples (4%) done (elapsed 0.85 s, remaining 20.41 s)
1300000 of 30000000 tuples (4%) done (elapsed 0.91 s, remaining 20.15 s)
1400000 of 30000000 tuples (4%) done (elapsed 0.98 s, remaining 20.02 s)
1500000 of 30000000 tuples (5%) done (elapsed 1.05 s, remaining 19.89 s)
1600000 of 30000000 tuples (5%) done (elapsed 1.11 s, remaining 19.78 s)
1700000 of 30000000 tuples (5%) done (elapsed 1.18 s, remaining 19.67 s)
1800000 of 30000000 tuples (6%) done (elapsed 1.25 s, remaining 19.56 s)
1900000 of 30000000 tuples (6%) done (elapsed 1.32 s, remaining 19.45 s)
2000000 of 30000000 tuples (6%) done (elapsed 1.38 s, remaining 19.35 s)
2100000 of 30000000 tuples (7%) done (elapsed 1.45 s, remaining 19.23 s)
2200000 of 30000000 tuples (7%) done (elapsed 1.51 s, remaining 19.12 s)
2300000 of 30000000 tuples (7%) done (elapsed 1.58 s, remaining 19.01 s)
2400000 of 30000000 tuples (8%) done (elapsed 1.64 s, remaining 18.84 s)
2500000 of 30000000 tuples (8%) done (elapsed 1.70 s, remaining 18.74 s)
2600000 of 30000000 tuples (8%) done (elapsed 1.77 s, remaining 18.65 s)
2700000 of 30000000 tuples (9%) done (elapsed 1.83 s, remaining 18.55 s)
2800000 of 30000000 tuples (9%) done (elapsed 1.90 s, remaining 18.47 s)
2900000 of 30000000 tuples (9%) done (elapsed 1.97 s, remaining 18.38 s)
3000000 of 30000000 tuples (10%) done (elapsed 2.03 s, remaining 18.29 s)
3100000 of 30000000 tuples (10%) done (elapsed 2.10 s, remaining 18.19 s)
3200000 of 30000000 tuples (10%) done (elapsed 2.16 s, remaining 18.11 s)
3300000 of 30000000 tuples (11%) done (elapsed 2.23 s, remaining 18.02 s)
3400000 of 30000000 tuples (11%) done (elapsed 2.29 s, remaining 17.93 s)
3500000 of 30000000 tuples (11%) done (elapsed 2.35 s, remaining 17.81 s)
3600000 of 30000000 tuples (12%) done (elapsed 2.42 s, remaining 17.73 s)
3700000 of 30000000 tuples (12%) done (elapsed 2.48 s, remaining 17.65 s)
3800000 of 30000000 tuples (12%) done (elapsed 2.55 s, remaining 17.58 s)
3900000 of 30000000 tuples (13%) done (elapsed 2.61 s, remaining 17.50 s)
4000000 of 30000000 tuples (13%) done (elapsed 2.68 s, remaining 17.42 s)
4100000 of 30000000 tuples (13%) done (elapsed 2.75 s, remaining 17.35 s)
4200000 of 30000000 tuples (14%) done (elapsed 2.81 s, remaining 17.27 s)
4300000 of 30000000 tuples (14%) done (elapsed 2.88 s, remaining 17.20 s)
4400000 of 30000000 tuples (14%) done (elapsed 2.94 s, remaining 17.13 s)
4500000 of 30000000 tuples (15%) done (elapsed 3.01 s, remaining 17.06 s)
4600000 of 30000000 tuples (15%) done (elapsed 3.07 s, remaining 16.96 s)
4700000 of 30000000 tuples (15%) done (elapsed 3.14 s, remaining 16.88 s)
4800000 of 30000000 tuples (16%) done (elapsed 3.20 s, remaining 16.80 s)
4900000 of 30000000 tuples (16%) done (elapsed 3.27 s, remaining 16.73 s)
5000000 of 30000000 tuples (16%) done (elapsed 3.33 s, remaining 16.66 s)
5100000 of 30000000 tuples (17%) done (elapsed 3.40 s, remaining 16.58 s)
5200000 of 30000000 tuples (17%) done (elapsed 3.46 s, remaining 16.51 s)
5300000 of 30000000 tuples (17%) done (elapsed 3.53 s, remaining 16.44 s)
5400000 of 30000000 tuples (18%) done (elapsed 3.59 s, remaining 16.37 s)
5500000 of 30000000 tuples (18%) done (elapsed 3.66 s, remaining 16.30 s)
5600000 of 30000000 tuples (18%) done (elapsed 3.72 s, remaining 16.21 s)
5700000 of 30000000 tuples (19%) done (elapsed 3.79 s, remaining 16.15 s)
5800000 of 30000000 tuples (19%) done (elapsed 3.85 s, remaining 16.08 s)
5900000 of 30000000 tuples (19%) done (elapsed 3.92 s, remaining 16.01 s)
6000000 of 30000000 tuples (20%) done (elapsed 3.99 s, remaining 15.95 s)
6100000 of 30000000 tuples (20%) done (elapsed 4.05 s, remaining 15.86 s)
6200000 of 30000000 tuples (20%) done (elapsed 4.11 s, remaining 15.79 s)
6300000 of 30000000 tuples (21%) done (elapsed 4.18 s, remaining 15.73 s)
6400000 of 30000000 tuples (21%) done (elapsed 4.25 s, remaining 15.66 s)
6500000 of 30000000 tuples (21%) done (elapsed 4.31 s, remaining 15.59 s)
6600000 of 30000000 tuples (22%) done (elapsed 4.38 s, remaining 15.52 s)
6700000 of 30000000 tuples (22%) done (elapsed 4.44 s, remaining 15.46 s)
6800000 of 30000000 tuples (22%) done (elapsed 4.50 s, remaining 15.37 s)
6900000 of 30000000 tuples (23%) done (elapsed 4.57 s, remaining 15.30 s)
7000000 of 30000000 tuples (23%) done (elapsed 4.64 s, remaining 15.24 s)
7100000 of 30000000 tuples (23%) done (elapsed 4.70 s, remaining 15.17 s)
7200000 of 30000000 tuples (24%) done (elapsed 4.77 s, remaining 15.10 s)
7300000 of 30000000 tuples (24%) done (elapsed 4.83 s, remaining 15.03 s)
7400000 of 30000000 tuples (24%) done (elapsed 4.90 s, remaining 14.96 s)
7500000 of 30000000 tuples (25%) done (elapsed 4.96 s, remaining 14.89 s)
7600000 of 30000000 tuples (25%) done (elapsed 5.03 s, remaining 14.83 s)
7700000 of 30000000 tuples (25%) done (elapsed 5.10 s, remaining 14.76 s)
7800000 of 30000000 tuples (26%) done (elapsed 5.16 s, remaining 14.69 s)
7900000 of 30000000 tuples (26%) done (elapsed 5.22 s, remaining 14.61 s)
8000000 of 30000000 tuples (26%) done (elapsed 5.29 s, remaining 14.54 s)
8100000 of 30000000 tuples (27%) done (elapsed 5.36 s, remaining 14.48 s)
8200000 of 30000000 tuples (27%) done (elapsed 5.42 s, remaining 14.42 s)
8300000 of 30000000 tuples (27%) done (elapsed 5.49 s, remaining 14.35 s)
8400000 of 30000000 tuples (28%) done (elapsed 5.55 s, remaining 14.28 s)
8500000 of 30000000 tuples (28%) done (elapsed 5.62 s, remaining 14.22 s)
8600000 of 30000000 tuples (28%) done (elapsed 5.69 s, remaining 14.15 s)
8700000 of 30000000 tuples (29%) done (elapsed 5.75 s, remaining 14.09 s)
8800000 of 30000000 tuples (29%) done (elapsed 5.82 s, remaining 14.02 s)
8900000 of 30000000 tuples (29%) done (elapsed 5.89 s, remaining 13.95 s)
9000000 of 30000000 tuples (30%) done (elapsed 5.95 s, remaining 13.89 s)
9100000 of 30000000 tuples (30%) done (elapsed 6.01 s, remaining 13.81 s)
9200000 of 30000000 tuples (30%) done (elapsed 6.08 s, remaining 13.75 s)
9300000 of 30000000 tuples (31%) done (elapsed 6.15 s, remaining 13.68 s)
9400000 of 30000000 tuples (31%) done (elapsed 6.21 s, remaining 13.61 s)
9500000 of 30000000 tuples (31%) done (elapsed 6.28 s, remaining 13.55 s)
9600000 of 30000000 tuples (32%) done (elapsed 6.34 s, remaining 13.48 s)
9700000 of 30000000 tuples (32%) done (elapsed 6.41 s, remaining 13.42 s)
9800000 of 30000000 tuples (32%) done (elapsed 6.48 s, remaining 13.35 s)
9900000 of 30000000 tuples (33%) done (elapsed 6.54 s, remaining 13.29 s)
10000000 of 30000000 tuples (33%) done (elapsed 6.61 s, remaining 13.22 s)
10100000 of 30000000 tuples (33%) done (elapsed 6.68 s, remaining 13.16 s)
10200000 of 30000000 tuples (34%) done (elapsed 6.74 s, remaining 13.09 s)
10300000 of 30000000 tuples (34%) done (elapsed 6.81 s, remaining 13.02 s)
10400000 of 30000000 tuples (34%) done (elapsed 6.88 s, remaining 12.96 s)
10500000 of 30000000 tuples (35%) done (elapsed 6.94 s, remaining 12.90 s)
10600000 of 30000000 tuples (35%) done (elapsed 7.01 s, remaining 12.83 s)
10700000 of 30000000 tuples (35%) done (elapsed 7.08 s, remaining 12.76 s)
10800000 of 30000000 tuples (36%) done (elapsed 7.14 s, remaining 12.70 s)
10900000 of 30000000 tuples (36%) done (elapsed 7.21 s, remaining 12.63 s)
11000000 of 30000000 tuples (36%) done (elapsed 7.27 s, remaining 12.56 s)
11100000 of 30000000 tuples (37%) done (elapsed 7.34 s, remaining 12.50 s)
11200000 of 30000000 tuples (37%) done (elapsed 7.41 s, remaining 12.44 s)
11300000 of 30000000 tuples (37%) done (elapsed 7.48 s, remaining 12.37 s)
11400000 of 30000000 tuples (38%) done (elapsed 7.54 s, remaining 12.31 s)
11500000 of 30000000 tuples (38%) done (elapsed 7.61 s, remaining 12.24 s)
11600000 of 30000000 tuples (38%) done (elapsed 7.67 s, remaining 12.17 s)
11700000 of 30000000 tuples (39%) done (elapsed 7.74 s, remaining 12.11 s)
11800000 of 30000000 tuples (39%) done (elapsed 7.81 s, remaining 12.05 s)
11900000 of 30000000 tuples (39%) done (elapsed 7.88 s, remaining 11.98 s)
12000000 of 30000000 tuples (40%) done (elapsed 7.94 s, remaining 11.92 s)
12100000 of 30000000 tuples (40%) done (elapsed 8.01 s, remaining 11.84 s)
12200000 of 30000000 tuples (40%) done (elapsed 8.07 s, remaining 11.78 s)
12300000 of 30000000 tuples (41%) done (elapsed 8.14 s, remaining 11.72 s)
12400000 of 30000000 tuples (41%) done (elapsed 8.21 s, remaining 11.65 s)
12500000 of 30000000 tuples (41%) done (elapsed 8.28 s, remaining 11.59 s)
12600000 of 30000000 tuples (42%) done (elapsed 8.34 s, remaining 11.52 s)
12700000 of 30000000 tuples (42%) done (elapsed 8.41 s, remaining 11.46 s)
12800000 of 30000000 tuples (42%) done (elapsed 8.47 s, remaining 11.39 s)
12900000 of 30000000 tuples (43%) done (elapsed 8.54 s, remaining 11.32 s)
13000000 of 30000000 tuples (43%) done (elapsed 8.61 s, remaining 11.26 s)
13100000 of 30000000 tuples (43%) done (elapsed 8.68 s, remaining 11.19 s)
13200000 of 30000000 tuples (44%) done (elapsed 8.74 s, remaining 11.13 s)
13300000 of 30000000 tuples (44%) done (elapsed 8.81 s, remaining 11.06 s)
13400000 of 30000000 tuples (44%) done (elapsed 8.88 s, remaining 11.00 s)
13500000 of 30000000 tuples (45%) done (elapsed 8.94 s, remaining 10.93 s)
13600000 of 30000000 tuples (45%) done (elapsed 9.01 s, remaining 10.86 s)
13700000 of 30000000 tuples (45%) done (elapsed 9.08 s, remaining 10.80 s)
13800000 of 30000000 tuples (46%) done (elapsed 9.21 s, remaining 10.81 s)
13900000 of 30000000 tuples (46%) done (elapsed 9.29 s, remaining 10.76 s)
14000000 of 30000000 tuples (46%) done (elapsed 9.35 s, remaining 10.69 s)
14100000 of 30000000 tuples (47%) done (elapsed 9.42 s, remaining 10.62 s)
14200000 of 30000000 tuples (47%) done (elapsed 9.48 s, remaining 10.55 s)
14300000 of 30000000 tuples (47%) done (elapsed 9.55 s, remaining 10.49 s)
14400000 of 30000000 tuples (48%) done (elapsed 9.62 s, remaining 10.42 s)
14500000 of 30000000 tuples (48%) done (elapsed 9.69 s, remaining 10.35 s)
14600000 of 30000000 tuples (48%) done (elapsed 9.75 s, remaining 10.29 s)
14700000 of 30000000 tuples (49%) done (elapsed 9.82 s, remaining 10.22 s)
14800000 of 30000000 tuples (49%) done (elapsed 9.88 s, remaining 10.15 s)
14900000 of 30000000 tuples (49%) done (elapsed 9.95 s, remaining 10.08 s)
15000000 of 30000000 tuples (50%) done (elapsed 10.02 s, remaining 10.02 s)
15100000 of 30000000 tuples (50%) done (elapsed 10.09 s, remaining 9.95 s)
15200000 of 30000000 tuples (50%) done (elapsed 10.15 s, remaining 9.89 s)
15300000 of 30000000 tuples (51%) done (elapsed 10.22 s, remaining 9.81 s)
15400000 of 30000000 tuples (51%) done (elapsed 10.28 s, remaining 9.75 s)
15500000 of 30000000 tuples (51%) done (elapsed 10.35 s, remaining 9.68 s)
15600000 of 30000000 tuples (52%) done (elapsed 10.42 s, remaining 9.62 s)
15700000 of 30000000 tuples (52%) done (elapsed 10.48 s, remaining 9.55 s)
15800000 of 30000000 tuples (52%) done (elapsed 10.55 s, remaining 9.48 s)
15900000 of 30000000 tuples (53%) done (elapsed 10.61 s, remaining 9.41 s)
16000000 of 30000000 tuples (53%) done (elapsed 10.68 s, remaining 9.35 s)
16100000 of 30000000 tuples (53%) done (elapsed 10.75 s, remaining 9.28 s)
16200000 of 30000000 tuples (54%) done (elapsed 10.82 s, remaining 9.21 s)
16300000 of 30000000 tuples (54%) done (elapsed 10.88 s, remaining 9.15 s)
16400000 of 30000000 tuples (54%) done (elapsed 10.95 s, remaining 9.08 s)
16500000 of 30000000 tuples (55%) done (elapsed 11.01 s, remaining 9.01 s)
16600000 of 30000000 tuples (55%) done (elapsed 11.08 s, remaining 8.94 s)
16700000 of 30000000 tuples (55%) done (elapsed 11.15 s, remaining 8.88 s)
16800000 of 30000000 tuples (56%) done (elapsed 11.21 s, remaining 8.81 s)
16900000 of 30000000 tuples (56%) done (elapsed 11.28 s, remaining 8.74 s)
17000000 of 30000000 tuples (56%) done (elapsed 11.34 s, remaining 8.67 s)
17100000 of 30000000 tuples (57%) done (elapsed 11.41 s, remaining 8.61 s)
17200000 of 30000000 tuples (57%) done (elapsed 11.48 s, remaining 8.54 s)
17300000 of 30000000 tuples (57%) done (elapsed 11.55 s, remaining 8.48 s)
17400000 of 30000000 tuples (58%) done (elapsed 11.61 s, remaining 8.41 s)
17500000 of 30000000 tuples (58%) done (elapsed 11.68 s, remaining 8.34 s)
17600000 of 30000000 tuples (58%) done (elapsed 11.74 s, remaining 8.27 s)
17700000 of 30000000 tuples (59%) done (elapsed 11.81 s, remaining 8.20 s)
17800000 of 30000000 tuples (59%) done (elapsed 11.87 s, remaining 8.14 s)
17900000 of 30000000 tuples (59%) done (elapsed 11.94 s, remaining 8.07 s)
18000000 of 30000000 tuples (60%) done (elapsed 12.00 s, remaining 8.00 s)
18100000 of 30000000 tuples (60%) done (elapsed 12.07 s, remaining 7.94 s)
18200000 of 30000000 tuples (60%) done (elapsed 12.14 s, remaining 7.87 s)
18300000 of 30000000 tuples (61%) done (elapsed 12.20 s, remaining 7.80 s)
18400000 of 30000000 tuples (61%) done (elapsed 12.27 s, remaining 7.73 s)
18500000 of 30000000 tuples (61%) done (elapsed 12.34 s, remaining 7.67 s)
18600000 of 30000000 tuples (62%) done (elapsed 12.40 s, remaining 7.60 s)
18700000 of 30000000 tuples (62%) done (elapsed 12.46 s, remaining 7.53 s)
18800000 of 30000000 tuples (62%) done (elapsed 12.53 s, remaining 7.47 s)
18900000 of 30000000 tuples (63%) done (elapsed 12.60 s, remaining 7.40 s)
19000000 of 30000000 tuples (63%) done (elapsed 12.66 s, remaining 7.33 s)
19100000 of 30000000 tuples (63%) done (elapsed 12.73 s, remaining 7.26 s)
19200000 of 30000000 tuples (64%) done (elapsed 12.80 s, remaining 7.20 s)
19300000 of 30000000 tuples (64%) done (elapsed 12.86 s, remaining 7.13 s)
19400000 of 30000000 tuples (64%) done (elapsed 12.92 s, remaining 7.06 s)
19500000 of 30000000 tuples (65%) done (elapsed 12.99 s, remaining 6.99 s)
19600000 of 30000000 tuples (65%) done (elapsed 13.06 s, remaining 6.93 s)
19700000 of 30000000 tuples (65%) done (elapsed 13.12 s, remaining 6.86 s)
19800000 of 30000000 tuples (66%) done (elapsed 13.19 s, remaining 6.79 s)
19900000 of 30000000 tuples (66%) done (elapsed 13.25 s, remaining 6.73 s)
20000000 of 30000000 tuples (66%) done (elapsed 13.32 s, remaining 6.66 s)
20100000 of 30000000 tuples (67%) done (elapsed 13.39 s, remaining 6.59 s)
20200000 of 30000000 tuples (67%) done (elapsed 13.45 s, remaining 6.53 s)
20300000 of 30000000 tuples (67%) done (elapsed 13.52 s, remaining 6.46 s)
20400000 of 30000000 tuples (68%) done (elapsed 13.58 s, remaining 6.39 s)
20500000 of 30000000 tuples (68%) done (elapsed 13.65 s, remaining 6.33 s)
20600000 of 30000000 tuples (68%) done (elapsed 13.72 s, remaining 6.26 s)
20700000 of 30000000 tuples (69%) done (elapsed 13.78 s, remaining 6.19 s)
20800000 of 30000000 tuples (69%) done (elapsed 13.85 s, remaining 6.13 s)
20900000 of 30000000 tuples (69%) done (elapsed 13.92 s, remaining 6.06 s)
21000000 of 30000000 tuples (70%) done (elapsed 13.98 s, remaining 5.99 s)
21100000 of 30000000 tuples (70%) done (elapsed 14.05 s, remaining 5.93 s)
21200000 of 30000000 tuples (70%) done (elapsed 14.11 s, remaining 5.86 s)
21300000 of 30000000 tuples (71%) done (elapsed 14.22 s, remaining 5.81 s)
21400000 of 30000000 tuples (71%) done (elapsed 14.29 s, remaining 5.74 s)
21500000 of 30000000 tuples (71%) done (elapsed 14.36 s, remaining 5.68 s)
21600000 of 30000000 tuples (72%) done (elapsed 14.43 s, remaining 5.61 s)
21700000 of 30000000 tuples (72%) done (elapsed 14.49 s, remaining 5.54 s)
21800000 of 30000000 tuples (72%) done (elapsed 14.55 s, remaining 5.47 s)
21900000 of 30000000 tuples (73%) done (elapsed 14.62 s, remaining 5.41 s)
22000000 of 30000000 tuples (73%) done (elapsed 14.69 s, remaining 5.34 s)
22100000 of 30000000 tuples (73%) done (elapsed 14.76 s, remaining 5.28 s)
22200000 of 30000000 tuples (74%) done (elapsed 14.82 s, remaining 5.21 s)
22300000 of 30000000 tuples (74%) done (elapsed 14.89 s, remaining 5.14 s)
22400000 of 30000000 tuples (74%) done (elapsed 14.95 s, remaining 5.07 s)
22500000 of 30000000 tuples (75%) done (elapsed 15.02 s, remaining 5.01 s)
22600000 of 30000000 tuples (75%) done (elapsed 15.09 s, remaining 4.94 s)
22700000 of 30000000 tuples (75%) done (elapsed 15.15 s, remaining 4.87 s)
22800000 of 30000000 tuples (76%) done (elapsed 15.22 s, remaining 4.81 s)
22900000 of 30000000 tuples (76%) done (elapsed 15.29 s, remaining 4.74 s)
23000000 of 30000000 tuples (76%) done (elapsed 15.35 s, remaining 4.67 s)
23100000 of 30000000 tuples (77%) done (elapsed 15.42 s, remaining 4.61 s)
23200000 of 30000000 tuples (77%) done (elapsed 15.48 s, remaining 4.54 s)
23300000 of 30000000 tuples (77%) done (elapsed 15.55 s, remaining 4.47 s)
23400000 of 30000000 tuples (78%) done (elapsed 15.61 s, remaining 4.40 s)
23500000 of 30000000 tuples (78%) done (elapsed 15.68 s, remaining 4.34 s)
23600000 of 30000000 tuples (78%) done (elapsed 15.75 s, remaining 4.27 s)
23700000 of 30000000 tuples (79%) done (elapsed 15.82 s, remaining 4.20 s)
23800000 of 30000000 tuples (79%) done (elapsed 15.88 s, remaining 4.14 s)
23900000 of 30000000 tuples (79%) done (elapsed 15.95 s, remaining 4.07 s)
24000000 of 30000000 tuples (80%) done (elapsed 16.01 s, remaining 4.00 s)
24100000 of 30000000 tuples (80%) done (elapsed 16.08 s, remaining 3.94 s)
24200000 of 30000000 tuples (80%) done (elapsed 16.14 s, remaining 3.87 s)
24300000 of 30000000 tuples (81%) done (elapsed 16.21 s, remaining 3.80 s)
24400000 of 30000000 tuples (81%) done (elapsed 16.28 s, remaining 3.74 s)
24500000 of 30000000 tuples (81%) done (elapsed 16.34 s, remaining 3.67 s)
24600000 of 30000000 tuples (82%) done (elapsed 16.41 s, remaining 3.60 s)
24700000 of 30000000 tuples (82%) done (elapsed 16.48 s, remaining 3.54 s)
24800000 of 30000000 tuples (82%) done (elapsed 16.54 s, remaining 3.47 s)
24900000 of 30000000 tuples (83%) done (elapsed 16.61 s, remaining 3.40 s)
25000000 of 30000000 tuples (83%) done (elapsed 16.68 s, remaining 3.34 s)
25100000 of 30000000 tuples (83%) done (elapsed 16.74 s, remaining 3.27 s)
25200000 of 30000000 tuples (84%) done (elapsed 16.81 s, remaining 3.20 s)
25300000 of 30000000 tuples (84%) done (elapsed 16.87 s, remaining 3.13 s)
25400000 of 30000000 tuples (84%) done (elapsed 16.94 s, remaining 3.07 s)
25500000 of 30000000 tuples (85%) done (elapsed 17.01 s, remaining 3.00 s)
25600000 of 30000000 tuples (85%) done (elapsed 17.07 s, remaining 2.93 s)
25700000 of 30000000 tuples (85%) done (elapsed 17.17 s, remaining 2.87 s)
25800000 of 30000000 tuples (86%) done (elapsed 17.23 s, remaining 2.80 s)
25900000 of 30000000 tuples (86%) done (elapsed 17.30 s, remaining 2.74 s)
26000000 of 30000000 tuples (86%) done (elapsed 17.36 s, remaining 2.67 s)
26100000 of 30000000 tuples (87%) done (elapsed 17.43 s, remaining 2.60 s)
26200000 of 30000000 tuples (87%) done (elapsed 17.49 s, remaining 2.54 s)
26300000 of 30000000 tuples (87%) done (elapsed 17.56 s, remaining 2.47 s)
26400000 of 30000000 tuples (88%) done (elapsed 17.63 s, remaining 2.40 s)
26500000 of 30000000 tuples (88%) done (elapsed 17.69 s, remaining 2.34 s)
26600000 of 30000000 tuples (88%) done (elapsed 17.76 s, remaining 2.27 s)
26700000 of 30000000 tuples (89%) done (elapsed 17.83 s, remaining 2.20 s)
26800000 of 30000000 tuples (89%) done (elapsed 17.89 s, remaining 2.14 s)
26900000 of 30000000 tuples (89%) done (elapsed 17.96 s, remaining 2.07 s)
27000000 of 30000000 tuples (90%) done (elapsed 18.02 s, remaining 2.00 s)
27100000 of 30000000 tuples (90%) done (elapsed 18.09 s, remaining 1.94 s)
27200000 of 30000000 tuples (90%) done (elapsed 18.15 s, remaining 1.87 s)
27300000 of 30000000 tuples (91%) done (elapsed 18.22 s, remaining 1.80 s)
27400000 of 30000000 tuples (91%) done (elapsed 18.28 s, remaining 1.73 s)
27500000 of 30000000 tuples (91%) done (elapsed 18.35 s, remaining 1.67 s)
27600000 of 30000000 tuples (92%) done (elapsed 18.42 s, remaining 1.60 s)
27700000 of 30000000 tuples (92%) done (elapsed 18.48 s, remaining 1.53 s)
27800000 of 30000000 tuples (92%) done (elapsed 18.65 s, remaining 1.48 s)
27900000 of 30000000 tuples (93%) done (elapsed 18.72 s, remaining 1.41 s)
28000000 of 30000000 tuples (93%) done (elapsed 18.78 s, remaining 1.34 s)
28100000 of 30000000 tuples (93%) done (elapsed 18.85 s, remaining 1.27 s)
28200000 of 30000000 tuples (94%) done (elapsed 18.91 s, remaining 1.21 s)
28300000 of 30000000 tuples (94%) done (elapsed 18.98 s, remaining 1.14 s)
28400000 of 30000000 tuples (94%) done (elapsed 19.05 s, remaining 1.07 s)
28500000 of 30000000 tuples (95%) done (elapsed 19.33 s, remaining 1.02 s)
28600000 of 30000000 tuples (95%) done (elapsed 19.42 s, remaining 0.95 s)
28700000 of 30000000 tuples (95%) done (elapsed 19.49 s, remaining 0.88 s)
28800000 of 30000000 tuples (96%) done (elapsed 19.55 s, remaining 0.81 s)
28900000 of 30000000 tuples (96%) done (elapsed 19.62 s, remaining 0.75 s)
29000000 of 30000000 tuples (96%) done (elapsed 19.69 s, remaining 0.68 s)
29100000 of 30000000 tuples (97%) done (elapsed 19.76 s, remaining 0.61 s)
29200000 of 30000000 tuples (97%) done (elapsed 19.82 s, remaining 0.54 s)
29300000 of 30000000 tuples (97%) done (elapsed 19.89 s, remaining 0.48 s)
29400000 of 30000000 tuples (98%) done (elapsed 19.95 s, remaining 0.41 s)
29500000 of 30000000 tuples (98%) done (elapsed 20.02 s, remaining 0.34 s)
29600000 of 30000000 tuples (98%) done (elapsed 20.09 s, remaining 0.27 s)
29700000 of 30000000 tuples (99%) done (elapsed 20.15 s, remaining 0.20 s)
29800000 of 30000000 tuples (99%) done (elapsed 20.22 s, remaining 0.14 s)
29900000 of 30000000 tuples (99%) done (elapsed 20.29 s, remaining 0.07 s)
30000000 of 30000000 tuples (100%) done (elapsed 20.36 s, remaining 0.00 s)
vacuum...
set primary keys...
NOTICE:  ALTER TABLE / ADD PRIMARY KEY will create implicit index "pgbench_branches_pkey" for table "pgbench_branches"
NOTICE:  ALTER TABLE / ADD PRIMARY KEY will create implicit index "pgbench_tellers_pkey" for table "pgbench_tellers"
NOTICE:  ALTER TABLE / ADD PRIMARY KEY will create implicit index "pgbench_accounts_pkey" for table "pgbench_accounts"
done.
starting vacuum...end.
transaction type: <builtin: TPC-B (sort of)>
scaling factor: 300
query mode: simple
number of clients: 32
number of threads: 4
duration: 60 s
number of transactions actually processed: 2993
latency average: 641.497 ms
tps = 49.661800 (including connections establishing)
tps = 49.663568 (excluding connections establishing)
script statistics:
 - statement latencies in milliseconds:
         0.003  \set aid random(1, 100000 * :scale)
         0.001  \set bid random(1, 1 * :scale)
         0.001  \set tid random(1, 10 * :scale)
         0.001  \set delta random(-5000, 5000)
         0.106  BEGIN;
       243.261  UPDATE pgbench_accounts SET abalance = abalance + :delta WHERE aid = :aid;
         2.767  SELECT abalance FROM pgbench_accounts WHERE aid = :aid;
       140.383  UPDATE pgbench_tellers SET tbalance = tbalance + :delta WHERE tid = :tid;
        93.567  UPDATE pgbench_branches SET bbalance = bbalance + :delta WHERE bid = :bid;
        59.015  INSERT INTO pgbench_history (tid, bid, aid, delta, mtime) VALUES (:tid, :bid, :aid, :delta, CURRENT_TIMESTAMP);
       104.197  END;
starting vacuum...end.
transaction type: <builtin: TPC-B (sort of)>
scaling factor: 300
query mode: simple
number of clients: 32
number of threads: 4
duration: 60 s
number of transactions actually processed: 1837
latency average: 1045.182 ms
tps = 30.487876 (including connections establishing)
tps = 30.488992 (excluding connections establishing)
script statistics:
 - statement latencies in milliseconds:
         0.003  \set aid random(1, 100000 * :scale)
         0.001  \set bid random(1, 1 * :scale)
         0.001  \set tid random(1, 10 * :scale)
         0.001  \set delta random(-5000, 5000)
         0.110  BEGIN;
       563.880  UPDATE pgbench_accounts SET abalance = abalance + :delta WHERE aid = :aid;
         3.311  SELECT abalance FROM pgbench_accounts WHERE aid = :aid;
       159.951  UPDATE pgbench_tellers SET tbalance = tbalance + :delta WHERE tid = :tid;
        80.817  UPDATE pgbench_branches SET bbalance = bbalance + :delta WHERE bid = :bid;
        57.436  INSERT INTO pgbench_history (tid, bid, aid, delta, mtime) VALUES (:tid, :bid, :aid, :delta, CURRENT_TIMESTAMP);
       183.102  END;
starting vacuum...end.
transaction type: <builtin: TPC-B (sort of)>
scaling factor: 300
query mode: simple
number of clients: 32
number of threads: 4
duration: 60 s
number of transactions actually processed: 1933
latency average: 993.275 ms
tps = 31.929574 (including connections establishing)
tps = 31.930447 (excluding connections establishing)
script statistics:
 - statement latencies in milliseconds:
         0.003  \set aid random(1, 100000 * :scale)
         0.001  \set bid random(1, 1 * :scale)
         0.001  \set tid random(1, 10 * :scale)
         0.001  \set delta random(-5000, 5000)
         0.142  BEGIN;
       544.062  UPDATE pgbench_accounts SET abalance = abalance + :delta WHERE aid = :aid;
         0.621  SELECT abalance FROM pgbench_accounts WHERE aid = :aid;
       145.773  UPDATE pgbench_tellers SET tbalance = tbalance + :delta WHERE tid = :tid;
        75.398  UPDATE pgbench_branches SET bbalance = bbalance + :delta WHERE bid = :bid;
        59.190  INSERT INTO pgbench_history (tid, bid, aid, delta, mtime) VALUES (:tid, :bid, :aid, :delta, CURRENT_TIMESTAMP);
       175.308  END;
starting vacuum...end.
transaction type: <builtin: TPC-B (sort of)>
scaling factor: 300
query mode: simple
number of clients: 32
number of threads: 4
duration: 900 s
number of transactions actually processed: 25153
latency average: 1144.993 ms
tps = 27.662961 (including connections establishing)
tps = 27.663009 (excluding connections establishing)
script statistics:
 - statement latencies in milliseconds:
         0.003  \set aid random(1, 100000 * :scale)
         0.001  \set bid random(1, 1 * :scale)
         0.001  \set tid random(1, 10 * :scale)
         0.001  \set delta random(-5000, 5000)
         0.140  BEGIN;
       615.394  UPDATE pgbench_accounts SET abalance = abalance + :delta WHERE aid = :aid;
         1.846  SELECT abalance FROM pgbench_accounts WHERE aid = :aid;
       183.234  UPDATE pgbench_tellers SET tbalance = tbalance + :delta WHERE tid = :tid;
        94.660  UPDATE pgbench_branches SET bbalance = bbalance + :delta WHERE bid = :bid;
        62.850  INSERT INTO pgbench_history (tid, bid, aid, delta, mtime) VALUES (:tid, :bid, :aid, :delta, CURRENT_TIMESTAMP);
       195.945  END;
starting vacuum...end.
transaction type: <builtin: TPC-B (sort of)>
scaling factor: 300
query mode: simple
number of clients: 32
number of threads: 4
duration: 900 s
number of transactions actually processed: 25722
latency average: 1119.664 ms
tps = 28.570583 (including connections establishing)
tps = 28.570633 (excluding connections establishing)
script statistics:
 - statement latencies in milliseconds:
         0.003  \set aid random(1, 100000 * :scale)
         0.001  \set bid random(1, 1 * :scale)
         0.001  \set tid random(1, 10 * :scale)
         0.001  \set delta random(-5000, 5000)
         0.136  BEGIN;
       599.528  UPDATE pgbench_accounts SET abalance = abalance + :delta WHERE aid = :aid;
         1.437  SELECT abalance FROM pgbench_accounts WHERE aid = :aid;
       177.582  UPDATE pgbench_tellers SET tbalance = tbalance + :delta WHERE tid = :tid;
        95.180  UPDATE pgbench_branches SET bbalance = bbalance + :delta WHERE bid = :bid;
        59.213  INSERT INTO pgbench_history (tid, bid, aid, delta, mtime) VALUES (:tid, :bid, :aid, :delta, CURRENT_TIMESTAMP);
       187.241  END;
========================================================================
Testing 2008-12-08-REL8_4_0~856
Start Time: 2016-07-30 17:57:05+00:00
Linux 3.16.0-4-amd64 (Debian-83-jessie-64-minimal) 	30.07.16 	_x86_64_	(8 CPU)

starting vacuum...end.
transaction type: <builtin: TPC-B (sort of)>
scaling factor: 300
query mode: simple
number of clients: 32
number of threads: 4
duration: 900 s
number of transactions actually processed: 26832
latency average: 1073.345 ms
tps = 29.753932 (including connections establishing)
tps = 29.753984 (excluding connections establishing)
script statistics:
 - statement latencies in milliseconds:
         0.003  \set aid random(1, 100000 * :scale)
         0.001  \set bid random(1, 1 * :scale)
         0.001  \set tid random(1, 10 * :scale)
         0.001  \set delta random(-5000, 5000)
         0.136  BEGIN;
       508.156  UPDATE pgbench_accounts SET abalance = abalance + :delta WHERE aid = :aid;
         0.620  SELECT abalance FROM pgbench_accounts WHERE aid = :aid;
       192.044  UPDATE pgbench_tellers SET tbalance = tbalance + :delta WHERE tid = :tid;
       112.387  UPDATE pgbench_branches SET bbalance = bbalance + :delta WHERE bid = :bid;
        72.185  INSERT INTO pgbench_history (tid, bid, aid, delta, mtime) VALUES (:tid, :bid, :aid, :delta, CURRENT_TIMESTAMP);
       189.819  END;
avg-cpu:  %user   %nice %system %iowait  %steal   %idle
           0,38    0,00    0,23    9,24    0,00   90,15

Device:         rrqm/s   wrqm/s     r/s     w/s    rkB/s    wkB/s avgrq-sz avgqu-sz   await r_await w_await  svctm  %util
sdb               0,00     1,63    4,94  140,25    41,77   968,88    13,92    20,20  139,11   26,65  143,07   4,31  62,59
sda               0,01     1,63   20,40  140,25   173,80   968,88    14,23    13,02   81,07   30,21   88,47   4,99  80,14
md0               0,00     0,00    0,06    0,00     0,23     0,00     8,00     0,00    0,00    0,00    0,00   0,00   0,00
md1               0,00     0,00    0,00    0,00     0,00     0,00     0,00     0,00    0,00    0,00    0,00   0,00   0,00
md2               0,00     0,00   25,29  141,37   215,34   967,60    14,20     0,00    0,00    0,00    0,00   0,00   0,00
md3               0,00     0,00    0,00    0,01     0,00     0,04     8,00     0,00    0,00    0,00    0,00   0,00   0,00

End Time: 2016-07-30 18:12:35+00:00
========================================================================
========================================================================
Testing 2008-12-08-REL8_4_0~856
Start Time: 2016-08-06 00:09:04+00:00
Shared Buffers:  260000
Linux 3.16.0-4-amd64 (Debian-83-jessie-64-minimal) 	06.08.16 	_x86_64_	(8 CPU)

starting vacuum...end.
transaction type: <builtin: TPC-B (sort of)>
scaling factor: 300
query mode: simple
number of clients: 32
number of threads: 4
duration: 900 s
number of transactions actually processed: 29945
latency average: 961.763 ms
tps = 33.025113 (including connections establishing)
tps = 33.025171 (excluding connections establishing)
script statistics:
 - statement latencies in milliseconds:
         0.003  \set aid random(1, 100000 * :scale)
         0.001  \set bid random(1, 1 * :scale)
         0.001  \set tid random(1, 10 * :scale)
         0.001  \set delta random(-5000, 5000)
         0.136  BEGIN;
       461.581  UPDATE pgbench_accounts SET abalance = abalance + :delta WHERE aid = :aid;
         0.659  SELECT abalance FROM pgbench_accounts WHERE aid = :aid;
       170.277  UPDATE pgbench_tellers SET tbalance = tbalance + :delta WHERE tid = :tid;
        97.678  UPDATE pgbench_branches SET bbalance = bbalance + :delta WHERE bid = :bid;
        59.096  INSERT INTO pgbench_history (tid, bid, aid, delta, mtime) VALUES (:tid, :bid, :aid, :delta, CURRENT_TIMESTAMP);
       177.895  END;
avg-cpu:  %user   %nice %system %iowait  %steal   %idle
           0,43    0,00    0,26    9,26    0,00   90,05

Device:         rrqm/s   wrqm/s     r/s     w/s    rkB/s    wkB/s avgrq-sz avgqu-sz   await r_await w_await  svctm  %util
sdb               0,00     1,54    5,45  145,42    46,24   979,28    13,59    14,92   98,87   23,74  101,68   4,07  61,39
sda               0,03     1,53   22,25  145,42   190,30   979,28    13,95    15,16   90,41   30,56   99,56   5,06  84,91
md0               0,00     0,00    0,02    0,02     0,07     0,07     8,00     0,00    0,00    0,00    0,00   0,00   0,00
md1               0,00     0,00    0,00    0,00     0,00     0,00     0,00     0,00    0,00    0,00    0,00   0,00   0,00
md2               0,00     0,00   27,71  146,49   236,47   978,09    13,94     0,00    0,00    0,00    0,00   0,00   0,00
md3               0,00     0,00    0,00    0,01     0,00     0,04     8,00     0,00    0,00    0,00    0,00   0,00   0,00

End Time: 2016-08-06 00:24:34+00:00
========================================================================
========================================================================
Testing 2008-12-08-REL8_4_0~856
Start Time: 2016-08-06 20:29:23+00:00
Shared Buffers:  260000
Linux 3.16.0-4-amd64 (Debian-83-jessie-64-minimal) 	06.08.16 	_x86_64_	(8 CPU)

starting vacuum...end.
transaction type: <builtin: TPC-B (sort of)>
scaling factor: 300
query mode: simple
number of clients: 32
number of threads: 4
duration: 900 s
number of transactions actually processed: 28071
latency average: 1025.970 ms
tps = 31.183593 (including connections establishing)
tps = 31.183646 (excluding connections establishing)
script statistics:
 - statement latencies in milliseconds:
         0.003  \set aid random(1, 100000 * :scale)
         0.001  \set bid random(1, 1 * :scale)
         0.001  \set tid random(1, 10 * :scale)
         0.001  \set delta random(-5000, 5000)
         0.134  BEGIN;
       477.879  UPDATE pgbench_accounts SET abalance = abalance + :delta WHERE aid = :aid;
         0.757  SELECT abalance FROM pgbench_accounts WHERE aid = :aid;
       178.982  UPDATE pgbench_tellers SET tbalance = tbalance + :delta WHERE tid = :tid;
       108.841  UPDATE pgbench_branches SET bbalance = bbalance + :delta WHERE bid = :bid;
        66.397  INSERT INTO pgbench_history (tid, bid, aid, delta, mtime) VALUES (:tid, :bid, :aid, :delta, CURRENT_TIMESTAMP);
       193.354  END;
avg-cpu:  %user   %nice %system %iowait  %steal   %idle
           0,41    0,00    0,23    9,37    0,00   89,99

Device:         rrqm/s   wrqm/s     r/s     w/s    rkB/s    wkB/s avgrq-sz avgqu-sz   await r_await w_await  svctm  %util
sdb               0,04     1,73    4,76  133,92    40,59   915,15    13,78    15,81  113,99   24,42  117,18   4,43  61,50
sda               0,10     1,74   21,79  133,92   184,63   915,15    14,13    15,51   99,60   30,85  110,79   5,33  83,06
md0               0,00     0,00    0,36    0,09     1,44     0,37     8,00     0,00    0,00    0,00    0,00   0,00   0,00
md1               0,00     0,00    0,00    0,00     0,00     0,00     0,00     0,00    0,00    0,00    0,00   0,00   0,00
md2               0,00     0,00   26,33  135,11   223,78   913,66    14,09     0,00    0,00    0,00    0,00   0,00   0,00
md3               0,00     0,00    0,00    0,01     0,00     0,04     8,00     0,00    0,00    0,00    0,00   0,00   0,00

Control File Changes
--- /usr/local/oldpgsql/2008-12-08-REL8_4_0~856/before.controldata	2016-08-06 22:29:23.847956217 +0200
+++ /usr/local/oldpgsql/2008-12-08-REL8_4_0~856/after.controldata	2016-08-06 22:45:45.936670090 +0200
@@ -2,16 +2,16 @@
 Catalog version number:               200812041
 Database system identifier:           6255437843071485879
 Database cluster state:               in production
-pg_control last modified:             сб, 06-сер-2016 22:29:23 +0200
-Latest checkpoint location:           0/B46BE588
-Prior checkpoint location:            0/A67C4388
-Latest checkpoint's REDO location:    0/B46BE588
+pg_control last modified:             сб, 06-сер-2016 22:45:45 +0200
+Latest checkpoint location:           0/CC310010
+Prior checkpoint location:            0/CC2E64F0
+Latest checkpoint's REDO location:    0/CC2E6538
 Latest checkpoint's TimeLineID:       1
-Latest checkpoint's NextXID:          0/121346
-Latest checkpoint's NextOID:          16466
+Latest checkpoint's NextXID:          0/149460
+Latest checkpoint's NextOID:          24658
 Latest checkpoint's NextMultiXactId:  1
 Latest checkpoint's NextMultiOffset:  0
-Time of latest checkpoint:            сб, 06-сер-2016 22:28:53 +0200
+Time of latest checkpoint:            сб, 06-сер-2016 22:45:27 +0200
 Minimum recovery ending location:     0/0
 Maximum data alignment:               8
 Database block size:                  8192
End Time: 2016-08-06 20:45:45+00:00
========================================================================
========================================================================
Testing 2008-12-08-REL8_4_0~856
Start Time: 2016-08-09 01:27:45+00:00
Shared Buffers:  260000
size before pgbench of pgbench_tellers: 8
size before pgbench of pgbench_branches: 8
size before pgbench of pgbench_accounts: 64
size before pgbench of pgbench_branches_pkey: 32
size before pgbench of pgbench_tellers_pkey: 88
size before pgbench of pgbench_accounts_pkey: 658092
size before pgbench of pgbench_history: 24
total size before pgbench: 658316
Linux 3.16.0-4-amd64 (Debian-83-jessie-64-minimal) 	09.08.16 	_x86_64_	(8 CPU)

starting vacuum...end.
transaction type: <builtin: select only>
scaling factor: 300
query mode: simple
number of clients: 32
number of threads: 4
duration: 60 s
number of transactions actually processed: 66408
latency average: 28.912 ms
tps = 1103.411625 (including connections establishing)
tps = 1103.441110 (excluding connections establishing)
script statistics:
 - statement latencies in milliseconds:
         0.002  \set aid random(1, 100000 * :scale)
        28.971  SELECT abalance FROM pgbench_accounts WHERE aid = :aid;
avg-cpu:  %user   %nice %system %iowait  %steal   %idle
           1,09    0,00    0,69   25,55    0,00   72,68

Device:         rrqm/s   wrqm/s     r/s     w/s    rkB/s    wkB/s avgrq-sz avgqu-sz   await r_await w_await  svctm  %util
sdb               0,03     6,77  263,46    1,98  2466,71    35,08    18,85    19,36   72,92   39,91 4470,04   2,56  67,92
sda               0,81     6,74  265,13    2,00  2481,42    35,08    18,84    21,92   82,05   49,01 4461,73   2,56  68,28
md0               0,00     0,00    1,78    5,92     7,11    23,69     8,00     0,00    0,00    0,00    0,00   0,00   0,00
md1               0,00     0,00    0,00    0,00     0,00     0,00     0,00     0,00    0,00    0,00    0,00   0,00   0,00
md2               0,00     0,00  527,67    1,78  4940,76     8,98    18,70     0,00    0,00    0,00    0,00   0,00   0,00
md3               0,00     0,00    0,00    0,11     0,00     0,44     8,00     0,00    0,00    0,00    0,00   0,00   0,00

Control File Changes
--- /usr/local/oldpgsql/2008-12-08-REL8_4_0~856/before.controldata	2016-08-09 03:33:32.575953017 +0200
+++ /usr/local/oldpgsql/2008-12-08-REL8_4_0~856/after.controldata	2016-08-09 03:35:04.423155784 +0200
@@ -5,4 +5,4 @@
-pg_control last modified:             Tue Aug  9 01:33:32 2016
-Latest checkpoint location:           0/D94D55E0
-Prior checkpoint location:            0/D94D5598
-Latest checkpoint's REDO location:    0/D94D55E0
+pg_control last modified:             Tue Aug  9 01:35:04 2016
+Latest checkpoint location:           0/D94D6EF8
+Prior checkpoint location:            0/D94D55E0
+Latest checkpoint's REDO location:    0/D94D6EF8
@@ -10,2 +10,2 @@
-Latest checkpoint's NextXID:          0/149460
-Latest checkpoint's NextOID:          16467
+Latest checkpoint's NextXID:          0/149461
+Latest checkpoint's NextOID:          24659
@@ -14 +14 @@
-Time of latest checkpoint:            Tue Aug  9 01:33:32 2016
+Time of latest checkpoint:            Tue Aug  9 01:35:02 2016
size after pgbench of pgbench_tellers: 8
size after pgbench of pgbench_branches: 8
size after pgbench of pgbench_accounts: 64
size after pgbench of pgbench_branches_pkey: 32
size after pgbench of pgbench_tellers_pkey: 88
size after pgbench of pgbench_accounts_pkey: 658092
size after pgbench of pgbench_history: 0
total size after pgbench: 658292
End Time: 2016-08-09 01:35:04+00:00
========================================================================
========================================================================
Testing 2008-12-08-REL8_4_0~856
Start Time: 2016-08-09 16:40:23+00:00
Shared Buffers:  260000
size before pgbench of pgbench_tellers: 8
size before pgbench of pgbench_branches: 8
size before pgbench of pgbench_accounts: 64
size before pgbench of pgbench_branches_pkey: 32
size before pgbench of pgbench_tellers_pkey: 88
size before pgbench of pgbench_accounts_pkey: 658092
size before pgbench of pgbench_history: 0
total size before pgbench: 658292
Linux 3.16.0-4-amd64 (Debian-83-jessie-64-minimal) 	09.08.16 	_x86_64_	(8 CPU)

starting vacuum...end.
transaction type: <builtin: select only>
scaling factor: 300
query mode: simple
number of clients: 32
number of threads: 4
duration: 60 s
number of transactions actually processed: 67626
latency average: 28.391 ms
tps = 1124.972490 (including connections establishing)
tps = 1125.016610 (excluding connections establishing)
script statistics:
 - statement latencies in milliseconds:
         0.002  \set aid random(1, 100000 * :scale)
        28.407  SELECT abalance FROM pgbench_accounts WHERE aid = :aid;
avg-cpu:  %user   %nice %system %iowait  %steal   %idle
           1,12    0,00    0,70   26,54    0,00   71,63

Device:         rrqm/s   wrqm/s     r/s     w/s    rkB/s    wkB/s avgrq-sz avgqu-sz   await r_await w_await  svctm  %util
sdb               0,00     6,14  268,82    2,06  2492,31    34,04    18,65    17,69   65,30   40,82 3266,77   2,49  67,55
sda               0,44     6,14  264,59    2,06  2457,87    34,04    18,69    24,33   91,25   48,10 5645,23   2,54  67,65
md0               0,00     0,00    0,56    5,36     2,22    21,42     8,00     0,00    0,00    0,00    0,00   0,00   0,00
md1               0,00     0,00    0,00    0,00     0,00     0,00     0,00     0,00    0,00    0,00    0,00   0,00   0,00
md2               0,00     0,00  533,29    1,60  4947,91     9,56    18,54     0,00    0,00    0,00    0,00   0,00   0,00
md3               0,00     0,00    0,01    0,20     0,04     0,80     8,00     0,00    0,00    0,00    0,00   0,00   0,00

Control File Changes
--- /usr/local/oldpgsql/2008-12-08-REL8_4_0~856/before.controldata	2016-08-09 18:41:01.375686743 +0200
+++ /usr/local/oldpgsql/2008-12-08-REL8_4_0~856/after.controldata	2016-08-09 18:42:32.719954915 +0200
@@ -5,4 +5,4 @@
-pg_control last modified:             Tue Aug  9 16:41:01 2016
-Latest checkpoint location:           0/D94D6F88
-Prior checkpoint location:            0/D94D6F40
-Latest checkpoint's REDO location:    0/D94D6F88
+pg_control last modified:             Tue Aug  9 16:42:32 2016
+Latest checkpoint location:           0/D94D87C0
+Prior checkpoint location:            0/D94D6F88
+Latest checkpoint's REDO location:    0/D94D87C0
@@ -10,2 +10,2 @@
-Latest checkpoint's NextXID:          0/149461
-Latest checkpoint's NextOID:          16468
+Latest checkpoint's NextXID:          0/149462
+Latest checkpoint's NextOID:          24660
@@ -14 +14 @@
-Time of latest checkpoint:            Tue Aug  9 16:41:00 2016
+Time of latest checkpoint:            Tue Aug  9 16:42:31 2016
size after pgbench of pgbench_tellers: 8
size after pgbench of pgbench_branches: 8
size after pgbench of pgbench_accounts: 64
size after pgbench of pgbench_branches_pkey: 32
size after pgbench of pgbench_tellers_pkey: 88
size after pgbench of pgbench_accounts_pkey: 658092
size after pgbench of pgbench_history: 0
total size after pgbench: 658292
End Time: 2016-08-09 16:42:32+00:00
========================================================================
========================================================================
Testing 2008-12-08-REL8_4_0~856
Start Time: 2016-08-10 13:10:15+00:00
Shared Buffers:  260000
size before pgbench of pgbench_tellers: 8
size before pgbench of pgbench_branches: 8
size before pgbench of pgbench_accounts: 64
size before pgbench of pgbench_branches_pkey: 32
size before pgbench of pgbench_tellers_pkey: 88
size before pgbench of pgbench_accounts_pkey: 658092
size before pgbench of pgbench_history: 0
total size before pgbench: 658292
Linux 3.16.0-4-amd64 (Debian-83-jessie-64-minimal) 	10.08.16 	_x86_64_	(8 CPU)

starting vacuum...end.
transaction type: <builtin: select only>
scaling factor: 300
query mode: simple
number of clients: 32
number of threads: 4
duration: 60 s
number of transactions actually processed: 69655
latency average: 27.564 ms
tps = 1158.927291 (including connections establishing)
tps = 1158.958396 (excluding connections establishing)
script statistics:
 - statement latencies in milliseconds:
         0.002  \set aid random(1, 100000 * :scale)
        27.578  SELECT abalance FROM pgbench_accounts WHERE aid = :aid;
avg-cpu:  %user   %nice %system %iowait  %steal   %idle
           1,16    0,00    0,74   29,72    0,00   68,38

Device:         rrqm/s   wrqm/s     r/s     w/s    rkB/s    wkB/s avgrq-sz avgqu-sz   await r_await w_await  svctm  %util
sdb               0,00     6,71  274,36    1,88  2548,36    36,02    18,71    21,57   78,08   39,68 5688,31   2,44  67,52
sda               0,47     6,71  270,03    1,88  2509,78    36,02    18,73    20,65   75,94   47,33 4189,61   2,50  67,94
md0               0,00     0,00    0,62    5,62     2,49    22,49     8,00     0,00    0,00    0,00    0,00   0,00   0,00
md1               0,00     0,00    0,00    0,00     0,00     0,00     0,00     0,00    0,00    0,00    0,00   0,00   0,00
md2               0,00     0,00  544,22    1,93  5055,20    11,11    18,55     0,00    0,00    0,00    0,00   0,00   0,00
md3               0,00     0,00    0,00    0,11     0,00     0,44     8,00     0,00    0,00    0,00    0,00   0,00   0,00

Control File Changes
--- /usr/local/oldpgsql/2008-12-08-REL8_4_0~856/before.controldata	2016-08-10 15:10:54.181736136 +0200
+++ /usr/local/oldpgsql/2008-12-08-REL8_4_0~856/after.controldata	2016-08-10 15:12:25.230038558 +0200
@@ -5,4 +5,4 @@
-pg_control last modified:             Wed Aug 10 13:10:54 2016
-Latest checkpoint location:           0/D94D8850
-Prior checkpoint location:            0/D94D8808
-Latest checkpoint's REDO location:    0/D94D8850
+pg_control last modified:             Wed Aug 10 13:12:25 2016
+Latest checkpoint location:           0/D94DA030
+Prior checkpoint location:            0/D94D8850
+Latest checkpoint's REDO location:    0/D94DA030
@@ -10,2 +10,2 @@
-Latest checkpoint's NextXID:          0/149462
-Latest checkpoint's NextOID:          16469
+Latest checkpoint's NextXID:          0/149463
+Latest checkpoint's NextOID:          24661
@@ -14 +14 @@
-Time of latest checkpoint:            Wed Aug 10 13:10:53 2016
+Time of latest checkpoint:            Wed Aug 10 13:12:24 2016
size after pgbench of pgbench_tellers: 8
size after pgbench of pgbench_branches: 8
size after pgbench of pgbench_accounts: 64
size after pgbench of pgbench_branches_pkey: 32
size after pgbench of pgbench_tellers_pkey: 88
size after pgbench of pgbench_accounts_pkey: 658092
size after pgbench of pgbench_history: 0
total size after pgbench: 658292
End Time: 2016-08-10 13:12:25+00:00
========================================================================
========================================================================
Testing 2008-12-08-REL8_4_0~856
Start Time: 2016-08-11 01:32:26+00:00
Shared Buffers:  260000
size before pgbench of pgbench_tellers: 8
size before pgbench of pgbench_branches: 8
size before pgbench of pgbench_accounts: 64
size before pgbench of pgbench_branches_pkey: 32
size before pgbench of pgbench_tellers_pkey: 88
size before pgbench of pgbench_accounts_pkey: 658092
size before pgbench of pgbench_history: 0
total size before pgbench: 658292
Linux 3.16.0-4-amd64 (Debian-83-jessie-64-minimal) 	11.08.16 	_x86_64_	(8 CPU)

starting vacuum...end.
transaction type: <builtin: select only>
scaling factor: 300
query mode: simple
number of clients: 32
number of threads: 4
duration: 60 s
number of transactions actually processed: 68223
latency average: 28.143 ms
tps = 1135.827244 (including connections establishing)
tps = 1135.858929 (excluding connections establishing)
script statistics:
 - statement latencies in milliseconds:
         0.002  \set aid random(1, 100000 * :scale)
        28.149  SELECT abalance FROM pgbench_accounts WHERE aid = :aid;
avg-cpu:  %user   %nice %system %iowait  %steal   %idle
           1,10    0,00    0,69   30,13    0,00   68,09

Device:         rrqm/s   wrqm/s     r/s     w/s    rkB/s    wkB/s avgrq-sz avgqu-sz   await r_await w_await  svctm  %util
sdb               0,00     5,82  268,86    1,72  2476,80    31,98    18,54    12,14   44,85   40,19  772,62   2,49  67,50
sda               0,13     5,83  268,40    1,71  2488,04    31,98    18,66    20,38   75,45   47,89 4398,39   2,51  67,68
md0               0,00     0,00    0,17    4,96     0,67    19,82     8,00     0,00    0,00    0,00    0,00   0,00   0,00
md1               0,00     0,00    0,00    0,00     0,00     0,00     0,00     0,00    0,00    0,00    0,00   0,00   0,00
md2               0,00     0,00  537,24    1,58  4964,18     9,82    18,46     0,00    0,00    0,00    0,00   0,00   0,00
md3               0,00     0,00    0,00    0,10     0,00     0,40     8,00     0,00    0,00    0,00    0,00   0,00   0,00

Control File Changes
--- /usr/local/oldpgsql/2008-12-08-REL8_4_0~856/before.controldata	2016-08-11 03:33:04.937316984 +0200
+++ /usr/local/oldpgsql/2008-12-08-REL8_4_0~856/after.controldata	2016-08-11 03:34:36.205498060 +0200
@@ -5,4 +5,4 @@
-pg_control last modified:             Thu Aug 11 01:33:04 2016
-Latest checkpoint location:           0/D94DA0C0
-Prior checkpoint location:            0/D94DA078
-Latest checkpoint's REDO location:    0/D94DA0C0
+pg_control last modified:             Thu Aug 11 01:34:36 2016
+Latest checkpoint location:           0/D94DB938
+Prior checkpoint location:            0/D94DA0C0
+Latest checkpoint's REDO location:    0/D94DB938
@@ -10,2 +10,2 @@
-Latest checkpoint's NextXID:          0/149463
-Latest checkpoint's NextOID:          16470
+Latest checkpoint's NextXID:          0/149464
+Latest checkpoint's NextOID:          24662
@@ -14 +14 @@
-Time of latest checkpoint:            Thu Aug 11 01:33:04 2016
+Time of latest checkpoint:            Thu Aug 11 01:34:35 2016
size after pgbench of pgbench_tellers: 8
size after pgbench of pgbench_branches: 8
size after pgbench of pgbench_accounts: 64
size after pgbench of pgbench_branches_pkey: 32
size after pgbench of pgbench_tellers_pkey: 88
size after pgbench of pgbench_accounts_pkey: 658092
size after pgbench of pgbench_history: 0
total size after pgbench: 658292
End Time: 2016-08-11 01:34:36+00:00
========================================================================
========================================================================
Testing 2008-12-08-REL8_4_0~856
Start Time: 2016-08-12 00:23:34+00:00
Shared Buffers:  260000
size before pgbench of pgbench_tellers: 8
size before pgbench of pgbench_branches: 8
size before pgbench of pgbench_accounts: 64
size before pgbench of pgbench_branches_pkey: 32
size before pgbench of pgbench_tellers_pkey: 88
size before pgbench of pgbench_accounts_pkey: 658092
size before pgbench of pgbench_history: 0
total size before pgbench: 658292
Linux 3.16.0-4-amd64 (Debian-83-jessie-64-minimal) 	12.08.16 	_x86_64_	(8 CPU)

starting vacuum...end.
transaction type: <builtin: select only>
scaling factor: 300
query mode: simple
number of clients: 32
number of threads: 4
duration: 60 s
number of transactions actually processed: 67716
latency average: 28.354 ms
tps = 1127.344946 (including connections establishing)
tps = 1127.375200 (excluding connections establishing)
script statistics:
 - statement latencies in milliseconds:
         0.002  \set aid random(1, 100000 * :scale)
        28.372  SELECT abalance FROM pgbench_accounts WHERE aid = :aid;
avg-cpu:  %user   %nice %system %iowait  %steal   %idle
           1,13    0,00    0,69   29,55    0,00   68,64

Device:         rrqm/s   wrqm/s     r/s     w/s    rkB/s    wkB/s avgrq-sz avgqu-sz   await r_await w_await  svctm  %util
sdb               0,06     4,99  269,04    1,89  2501,56    29,57    18,68    12,59   46,46   41,74  718,99   2,50  67,62
sda               0,93     4,99  263,87    1,89  2442,53    29,57    18,60    16,26   61,17   47,14 2020,49   2,55  67,77
md0               0,00     0,00    1,93    3,69     7,73    14,76     8,00     0,00    0,00    0,00    0,00   0,00   0,00
md1               0,00     0,00    0,00    0,00     0,00     0,00     0,00     0,00    0,00    0,00    0,00   0,00   0,00
md2               0,00     0,00  531,97    2,23  4936,36    12,53    18,53     0,00    0,00    0,00    0,00   0,00   0,00
md3               0,00     0,00    0,00    0,10     0,00     0,40     8,00     0,00    0,00    0,00    0,00   0,00   0,00

Control File Changes
--- /usr/local/oldpgsql/2008-12-08-REL8_4_0~856/before.controldata	2016-08-12 02:24:12.625586299 +0200
+++ /usr/local/oldpgsql/2008-12-08-REL8_4_0~856/after.controldata	2016-08-12 02:25:43.873840790 +0200
@@ -5,4 +5,4 @@
-pg_control last modified:             Fri Aug 12 00:24:12 2016
-Latest checkpoint location:           0/D94DB9C8
-Prior checkpoint location:            0/D94DB980
-Latest checkpoint's REDO location:    0/D94DB9C8
+pg_control last modified:             Fri Aug 12 00:25:43 2016
+Latest checkpoint location:           0/D94DD2F8
+Prior checkpoint location:            0/D94DB9C8
+Latest checkpoint's REDO location:    0/D94DD2F8
@@ -10,2 +10,2 @@
-Latest checkpoint's NextXID:          0/149464
-Latest checkpoint's NextOID:          16471
+Latest checkpoint's NextXID:          0/149465
+Latest checkpoint's NextOID:          24663
@@ -14 +14 @@
-Time of latest checkpoint:            Fri Aug 12 00:24:12 2016
+Time of latest checkpoint:            Fri Aug 12 00:25:42 2016
size after pgbench of pgbench_tellers: 8
size after pgbench of pgbench_branches: 8
size after pgbench of pgbench_accounts: 64
size after pgbench of pgbench_branches_pkey: 32
size after pgbench of pgbench_tellers_pkey: 88
size after pgbench of pgbench_accounts_pkey: 658092
size after pgbench of pgbench_history: 0
total size after pgbench: 658292
End Time: 2016-08-12 00:25:43+00:00
========================================================================
========================================================================
Testing 2008-12-08-REL8_4_0~856
Start Time: 2016-08-12 03:35:57+00:00
Shared Buffers:  260000
size before pgbench of pgbench_tellers: 8
size before pgbench of pgbench_branches: 8
size before pgbench of pgbench_accounts: 64
size before pgbench of pgbench_branches_pkey: 32
size before pgbench of pgbench_tellers_pkey: 88
size before pgbench of pgbench_accounts_pkey: 658092
size before pgbench of pgbench_history: 0
total size before pgbench: 658292
Linux 3.16.0-4-amd64 (Debian-83-jessie-64-minimal) 	12.08.16 	_x86_64_	(8 CPU)

starting vacuum...end.
transaction type: <builtin: select only>
scaling factor: 300
query mode: simple
number of clients: 64
number of threads: 4
duration: 60 s
number of transactions actually processed: 73616
latency average: 52.163 ms
tps = 1219.591595 (including connections establishing)
tps = 1219.623777 (excluding connections establishing)
script statistics:
 - statement latencies in milliseconds:
         0.002  \set aid random(1, 100000 * :scale)
        52.374  SELECT abalance FROM pgbench_accounts WHERE aid = :aid;
avg-cpu:  %user   %nice %system %iowait  %steal   %idle
           1,23    0,00    0,82   34,43    0,00   63,52

Device:         rrqm/s   wrqm/s     r/s     w/s    rkB/s    wkB/s avgrq-sz avgqu-sz   await r_await w_await  svctm  %util
sdb               0,00     4,27  283,93    1,43  2654,13    24,64    18,77    30,47  106,75   81,41 5128,34   2,36  67,32
sda               0,64     4,27  278,82    1,43  2620,44    24,64    18,88    31,07  110,85   89,22 4318,11   2,42  67,74
md0               0,00     0,00    0,91    3,54     3,64    14,18     8,00     0,00    0,00    0,00    0,00   0,00   0,00
md1               0,00     0,00    0,00    0,00     0,00     0,00     0,00     0,00    0,00    0,00    0,00   0,00   0,00
md2               0,00     0,00  562,60    1,30  5270,93     8,36    18,72     0,00    0,00    0,00    0,00   0,00   0,00
md3               0,00     0,00    0,00    0,10     0,00     0,40     8,00     0,00    0,00    0,00    0,00   0,00   0,00

Control File Changes
--- /usr/local/oldpgsql/2008-12-08-REL8_4_0~856/before.controldata	2016-08-12 05:36:34.991955390 +0200
+++ /usr/local/oldpgsql/2008-12-08-REL8_4_0~856/after.controldata	2016-08-12 05:38:06.136475796 +0200
@@ -5,4 +5,4 @@
-pg_control last modified:             Fri Aug 12 03:36:34 2016
-Latest checkpoint location:           0/D94DD388
-Prior checkpoint location:            0/D94DD340
-Latest checkpoint's REDO location:    0/D94DD388
+pg_control last modified:             Fri Aug 12 03:38:05 2016
+Latest checkpoint location:           0/D94DED58
+Prior checkpoint location:            0/D94DD388
+Latest checkpoint's REDO location:    0/D94DED58
@@ -10,2 +10,2 @@
-Latest checkpoint's NextXID:          0/149465
-Latest checkpoint's NextOID:          16472
+Latest checkpoint's NextXID:          0/149466
+Latest checkpoint's NextOID:          24664
@@ -14 +14 @@
-Time of latest checkpoint:            Fri Aug 12 03:36:34 2016
+Time of latest checkpoint:            Fri Aug 12 03:38:05 2016
size after pgbench of pgbench_tellers: 8
size after pgbench of pgbench_branches: 8
size after pgbench of pgbench_accounts: 64
size after pgbench of pgbench_branches_pkey: 32
size after pgbench of pgbench_tellers_pkey: 88
size after pgbench of pgbench_accounts_pkey: 658092
size after pgbench of pgbench_history: 0
total size after pgbench: 658292
End Time: 2016-08-12 03:38:06+00:00
========================================================================
========================================================================
Testing 2008-12-08-REL8_4_0~856
Start Time: 2016-08-12 18:01:54+00:00
Shared Buffers:  260000
size before pgbench of pgbench_tellers: 8
size before pgbench of pgbench_branches: 8
size before pgbench of pgbench_accounts: 64
size before pgbench of pgbench_branches_pkey: 32
size before pgbench of pgbench_tellers_pkey: 88
size before pgbench of pgbench_accounts_pkey: 658092
size before pgbench of pgbench_history: 0
total size before pgbench: 658292
+ /usr/local/pgsql/bin/pgbench -T 60 -S -c 64 -j 4 -r
Linux 3.16.0-4-amd64 (Debian-83-jessie-64-minimal) 	12.08.16 	_x86_64_	(8 CPU)

starting vacuum...end.
transaction type: <builtin: select only>
scaling factor: 300
query mode: simple
number of clients: 64
number of threads: 4
duration: 60 s
number of transactions actually processed: 73475
latency average: 52.263 ms
tps = 1220.570302 (including connections establishing)
tps = 1220.600939 (excluding connections establishing)
script statistics:
 - statement latencies in milliseconds:
         0.002  \set aid random(1, 100000 * :scale)
        52.325  SELECT abalance FROM pgbench_accounts WHERE aid = :aid;
avg-cpu:  %user   %nice %system %iowait  %steal   %idle
           1,26    0,00    0,78   33,08    0,00   64,88

Device:         rrqm/s   wrqm/s     r/s     w/s    rkB/s    wkB/s avgrq-sz avgqu-sz   await r_await w_await  svctm  %util
sdb               0,00     5,21  281,38    1,77  2634,13    29,54    18,81    25,68   90,66   79,85 1812,23   2,40  67,84
sda               0,08     5,21  279,27    1,77  2615,42    29,54    18,82    34,09  121,28   89,98 5069,76   2,42  67,98
md0               0,00     0,00    0,33    4,56     1,33    18,22     8,00     0,00    0,00    0,00    0,00   0,00   0,00
md1               0,00     0,00    0,00    0,00     0,00     0,00     0,00     0,00    0,00    0,00    0,00   0,00   0,00
md2               0,00     0,00  560,46    1,38  5247,96     8,89    18,71     0,00    0,00    0,00    0,00   0,00   0,00
md3               0,00     0,00    0,00    0,10     0,00     0,40     8,00     0,00    0,00    0,00    0,00   0,00   0,00

Control File Changes
--- /usr/local/oldpgsql/2008-12-08-REL8_4_0~856/before.controldata	2016-08-12 20:02:32.928107670 +0200
+++ /usr/local/oldpgsql/2008-12-08-REL8_4_0~856/after.controldata	2016-08-12 20:04:04.201147890 +0200
@@ -5,4 +5,4 @@
-pg_control last modified:             Fri Aug 12 18:02:32 2016
-Latest checkpoint location:           0/D94DEDE8
-Prior checkpoint location:            0/D94DEDA0
-Latest checkpoint's REDO location:    0/D94DEDE8
+pg_control last modified:             Fri Aug 12 18:04:04 2016
+Latest checkpoint location:           0/D94E0860
+Prior checkpoint location:            0/D94DEDE8
+Latest checkpoint's REDO location:    0/D94E0860
@@ -10,2 +10,2 @@
-Latest checkpoint's NextXID:          0/149466
-Latest checkpoint's NextOID:          16473
+Latest checkpoint's NextXID:          0/149467
+Latest checkpoint's NextOID:          24665
@@ -14 +14 @@
-Time of latest checkpoint:            Fri Aug 12 18:02:32 2016
+Time of latest checkpoint:            Fri Aug 12 18:04:03 2016
size after pgbench of pgbench_tellers: 8
size after pgbench of pgbench_branches: 8
size after pgbench of pgbench_accounts: 64
size after pgbench of pgbench_branches_pkey: 32
size after pgbench of pgbench_tellers_pkey: 88
size after pgbench of pgbench_accounts_pkey: 658092
size after pgbench of pgbench_history: 0
total size after pgbench: 658292
End Time: 2016-08-12 18:04:04+00:00
========================================================================
========================================================================
Testing 2008-12-08-REL8_4_0~856
Start Time: 2016-08-13 03:30:52+00:00
Shared Buffers:  260000
size before pgbench of pgbench_tellers: 8
size before pgbench of pgbench_branches: 8
size before pgbench of pgbench_accounts: 64
size before pgbench of pgbench_branches_pkey: 32
size before pgbench of pgbench_tellers_pkey: 88
size before pgbench of pgbench_accounts_pkey: 658092
size before pgbench of pgbench_history: 0
total size before pgbench: 658292
Linux 3.16.0-4-amd64 (Debian-83-jessie-64-minimal) 	13.08.16 	_x86_64_	(8 CPU)

starting vacuum...end.
transaction type: <builtin: select only>
scaling factor: 300
query mode: simple
number of clients: 48
number of threads: 4
duration: 60 s
number of transactions actually processed: 76722
latency average: 37.538 ms
tps = 1274.705773 (including connections establishing)
tps = 1274.742678 (excluding connections establishing)
script statistics:
 - statement latencies in milliseconds:
         0.002  \set aid random(1, 100000 * :scale)
        37.559  SELECT abalance FROM pgbench_accounts WHERE aid = :aid;
avg-cpu:  %user   %nice %system %iowait  %steal   %idle
           1,29    0,00    0,81   32,06    0,00   65,84

Device:         rrqm/s   wrqm/s     r/s     w/s    rkB/s    wkB/s avgrq-sz avgqu-sz   await r_await w_await  svctm  %util
sdb               0,54     7,43  287,33    1,57  2701,73    37,28    18,96    32,62  112,84   54,46 10819,21   2,34  67,71
sda               0,19     7,46  290,43    1,54  2721,56    37,28    18,90    41,28  141,38   71,97 13194,68   2,33  67,90
md0               0,00     0,00    1,50    6,67     6,00    26,67     8,00     0,00    0,00    0,00    0,00   0,00   0,00
md1               0,00     0,00    0,00    0,00     0,00     0,00     0,00     0,00    0,00    0,00    0,00   0,00   0,00
md2               0,00     0,00  577,03    1,52  5417,29     8,58    18,76     0,00    0,00    0,00    0,00   0,00   0,00
md3               0,00     0,00    0,00    0,11     0,00     0,44     8,00     0,00    0,00    0,00    0,00   0,00   0,00

Control File Changes
--- /usr/local/oldpgsql/2008-12-08-REL8_4_0~856/before.controldata	2016-08-13 05:31:30.698666716 +0200
+++ /usr/local/oldpgsql/2008-12-08-REL8_4_0~856/after.controldata	2016-08-13 05:33:01.854859059 +0200
@@ -5,4 +5,4 @@
-pg_control last modified:             Sat Aug 13 03:31:30 2016
-Latest checkpoint location:           0/D94E08F0
-Prior checkpoint location:            0/D94E08A8
-Latest checkpoint's REDO location:    0/D94E08F0
+pg_control last modified:             Sat Aug 13 03:33:01 2016
+Latest checkpoint location:           0/D94E2408
+Prior checkpoint location:            0/D94E08F0
+Latest checkpoint's REDO location:    0/D94E2408
@@ -10,2 +10,2 @@
-Latest checkpoint's NextXID:          0/149467
-Latest checkpoint's NextOID:          16474
+Latest checkpoint's NextXID:          0/149468
+Latest checkpoint's NextOID:          24666
@@ -14 +14 @@
-Time of latest checkpoint:            Sat Aug 13 03:31:30 2016
+Time of latest checkpoint:            Sat Aug 13 03:33:00 2016
size after pgbench of pgbench_tellers: 8
size after pgbench of pgbench_branches: 8
size after pgbench of pgbench_accounts: 64
size after pgbench of pgbench_branches_pkey: 32
size after pgbench of pgbench_tellers_pkey: 88
size after pgbench of pgbench_accounts_pkey: 658092
size after pgbench of pgbench_history: 0
total size after pgbench: 658292
End Time: 2016-08-13 03:33:01+00:00
========================================================================
========================================================================
Testing 2008-12-08-REL8_4_0~856
Start Time: 2016-08-13 12:12:02+00:00
Shared Buffers:  260000
size before pgbench of pgbench_tellers: 8
size before pgbench of pgbench_branches: 8
size before pgbench of pgbench_accounts: 64
size before pgbench of pgbench_branches_pkey: 32
size before pgbench of pgbench_tellers_pkey: 88
size before pgbench of pgbench_accounts_pkey: 658092
size before pgbench of pgbench_history: 0
total size before pgbench: 658292
Linux 3.16.0-4-amd64 (Debian-83-jessie-64-minimal) 	13.08.16 	_x86_64_	(8 CPU)

starting vacuum...end.
transaction type: <builtin: select only>
scaling factor: 300
query mode: simple
number of clients: 48
number of threads: 4
duration: 60 s
number of transactions actually processed: 71850
latency average: 40.084 ms
tps = 1194.994475 (including connections establishing)
tps = 1195.028993 (excluding connections establishing)
script statistics:
 - statement latencies in milliseconds:
         0.002  \set aid random(1, 100000 * :scale)
        40.066  SELECT abalance FROM pgbench_accounts WHERE aid = :aid;
avg-cpu:  %user   %nice %system %iowait  %steal   %idle
           1,22    0,00    0,73   30,98    0,00   67,07

Device:         rrqm/s   wrqm/s     r/s     w/s    rkB/s    wkB/s avgrq-sz avgqu-sz   await r_await w_await  svctm  %util
sdb               0,00     6,13  276,98    1,70  2594,80    32,76    18,86    16,96   60,83   54,27 1129,75   2,43  67,60
sda               0,20     6,12  278,38    1,71  2595,73    32,76    18,77    22,77   81,29   73,60 1333,17   2,41  67,47
md0               0,00     0,00    0,23    5,44     0,93    21,78     8,00     0,00    0,00    0,00    0,00   0,00   0,00
md1               0,00     0,00    0,00    0,00     0,00     0,00     0,00     0,00    0,00    0,00    0,00   0,00   0,00
md2               0,00     0,00  555,33    1,33  5189,60     8,49    18,68     0,00    0,00    0,00    0,00   0,00   0,00
md3               0,00     0,00    0,00    0,10     0,00     0,40     8,00     0,00    0,00    0,00    0,00   0,00   0,00

Control File Changes
--- /usr/local/oldpgsql/2008-12-08-REL8_4_0~856/before.controldata	2016-08-13 14:12:40.448422524 +0200
+++ /usr/local/oldpgsql/2008-12-08-REL8_4_0~856/after.controldata	2016-08-13 14:14:11.716635510 +0200
@@ -5,4 +5,4 @@
-pg_control last modified:             Sat Aug 13 12:12:40 2016
-Latest checkpoint location:           0/D94E2498
-Prior checkpoint location:            0/D94E2450
-Latest checkpoint's REDO location:    0/D94E2498
+pg_control last modified:             Sat Aug 13 12:14:11 2016
+Latest checkpoint location:           0/D94E4050
+Prior checkpoint location:            0/D94E2498
+Latest checkpoint's REDO location:    0/D94E4050
@@ -10,2 +10,2 @@
-Latest checkpoint's NextXID:          0/149468
-Latest checkpoint's NextOID:          16475
+Latest checkpoint's NextXID:          0/149469
+Latest checkpoint's NextOID:          24667
@@ -14 +14 @@
-Time of latest checkpoint:            Sat Aug 13 12:12:40 2016
+Time of latest checkpoint:            Sat Aug 13 12:14:10 2016
size after pgbench of pgbench_tellers: 8
size after pgbench of pgbench_branches: 8
size after pgbench of pgbench_accounts: 64
size after pgbench of pgbench_branches_pkey: 32
size after pgbench of pgbench_tellers_pkey: 88
size after pgbench of pgbench_accounts_pkey: 658092
size after pgbench of pgbench_history: 0
total size after pgbench: 658292
End Time: 2016-08-13 12:14:11+00:00
========================================================================
========================================================================
Testing 2008-12-08-REL8_4_0~856
Start Time: 2016-08-15 11:28:43+00:00
Shared Buffers:  260000
size before pgbench of pgbench_tellers: 8
size before pgbench of pgbench_branches: 8
size before pgbench of pgbench_accounts: 64
size before pgbench of pgbench_branches_pkey: 32
size before pgbench of pgbench_tellers_pkey: 88
size before pgbench of pgbench_accounts_pkey: 658092
size before pgbench of pgbench_history: 0
total size before pgbench: 658292
Linux 3.16.0-4-amd64 (Debian-83-jessie-64-minimal) 	15.08.16 	_x86_64_	(8 CPU)

starting vacuum...end.
transaction type: <builtin: TPC-B (sort of)>
scaling factor: 300
query mode: simple
number of clients: 32
number of threads: 4
duration: 900 s
number of transactions actually processed: 28721
latency average: 1002.751 ms
tps = 31.893174 (including connections establishing)
tps = 31.893236 (excluding connections establishing)
script statistics:
 - statement latencies in milliseconds:
         0.003  \set aid random(1, 100000 * :scale)
         0.001  \set bid random(1, 1 * :scale)
         0.001  \set tid random(1, 10 * :scale)
         0.001  \set delta random(-5000, 5000)
         0.130  BEGIN;
       448.169  UPDATE pgbench_accounts SET abalance = abalance + :delta WHERE aid = :aid;
         1.013  SELECT abalance FROM pgbench_accounts WHERE aid = :aid;
       181.456  UPDATE pgbench_tellers SET tbalance = tbalance + :delta WHERE tid = :tid;
       111.813  UPDATE pgbench_branches SET bbalance = bbalance + :delta WHERE bid = :bid;
        72.595  INSERT INTO pgbench_history (tid, bid, aid, delta, mtime) VALUES (:tid, :bid, :aid, :delta, CURRENT_TIMESTAMP);
       188.108  END;
avg-cpu:  %user   %nice %system %iowait  %steal   %idle
           0,41    0,00    0,25    9,28    0,00   90,06

Device:         rrqm/s   wrqm/s     r/s     w/s    rkB/s    wkB/s avgrq-sz avgqu-sz   await r_await w_await  svctm  %util
sdb               0,00     1,57    4,99  133,13    42,80   909,81    13,79    12,70   91,93   24,53   94,46   4,38  60,46
sda               0,01     1,57   21,81  133,13   186,23   909,81    14,15    15,70  101,34   30,23  112,98   5,38  83,44
md0               0,00     0,00    0,07    0,00     0,28     0,00     8,00     0,00    0,00    0,00    0,00   0,00   0,00
md1               0,00     0,00    0,00    0,00     0,00     0,00     0,00     0,00    0,00    0,00    0,00   0,00   0,00
md2               0,00     0,00   26,75  134,25   228,75   908,68    14,13     0,00    0,00    0,00    0,00   0,00   0,00
md3               0,00     0,00    0,00    0,01     0,00     0,04     8,00     0,00    0,00    0,00    0,00   0,00   0,00

Control File Changes
--- /usr/local/oldpgsql/2008-12-08-REL8_4_0~856/before.controldata	2016-08-15 13:29:22.966335716 +0200
+++ /usr/local/oldpgsql/2008-12-08-REL8_4_0~856/after.controldata	2016-08-15 13:45:42.573505836 +0200
@@ -5,4 +5,4 @@
-pg_control last modified:             Mon Aug 15 11:29:22 2016
-Latest checkpoint location:           0/D94E40E0
-Prior checkpoint location:            0/D94E4098
-Latest checkpoint's REDO location:    0/D94E40E0
+pg_control last modified:             Mon Aug 15 11:45:42 2016
+Latest checkpoint location:           0/F101ACA8
+Prior checkpoint location:            0/F101AC60
+Latest checkpoint's REDO location:    0/F101ACA8
@@ -10,2 +10,2 @@
-Latest checkpoint's NextXID:          0/149469
-Latest checkpoint's NextOID:          16476
+Latest checkpoint's NextXID:          0/178232
+Latest checkpoint's NextOID:          24668
@@ -14 +14 @@
-Time of latest checkpoint:            Mon Aug 15 11:29:22 2016
+Time of latest checkpoint:            Mon Aug 15 11:45:41 2016
size after pgbench of pgbench_tellers: 8
size after pgbench of pgbench_branches: 8
size after pgbench of pgbench_accounts: 64
size after pgbench of pgbench_branches_pkey: 32
size after pgbench of pgbench_tellers_pkey: 88
size after pgbench of pgbench_accounts_pkey: 658092
size after pgbench of pgbench_history: 24
total size after pgbench: 658316
End Time: 2016-08-15 11:45:42+00:00
========================================================================
========================================================================
Testing 2008-12-08-REL8_4_0~856
Start Time: 2016-08-18 19:55:49+00:00
Shared Buffers:  260000
size before pgbench of pgbench_tellers: 8
size before pgbench of pgbench_branches: 8
size before pgbench of pgbench_accounts: 64
size before pgbench of pgbench_branches_pkey: 32
size before pgbench of pgbench_tellers_pkey: 88
size before pgbench of pgbench_accounts_pkey: 658092
size before pgbench of pgbench_history: 24
total size before pgbench: 658316
Linux 4.6.0-1-amd64 (Debian-83-jessie-64-minimal) 	18.08.16 	_x86_64_	(8 CPU)

starting vacuum...end.
transaction type: <builtin: TPC-B (sort of)>
scaling factor: 300
query mode: simple
number of clients: 32
number of threads: 4
duration: 900 s
number of transactions actually processed: 31059
latency average: 927.267 ms
tps = 34.504889 (including connections establishing)
tps = 34.504952 (excluding connections establishing)
script statistics:
 - statement latencies in milliseconds:
         0.002  \set aid random(1, 100000 * :scale)
         0.001  \set bid random(1, 1 * :scale)
         0.001  \set tid random(1, 10 * :scale)
         0.001  \set delta random(-5000, 5000)
         0.124  BEGIN;
       417.015  UPDATE pgbench_accounts SET abalance = abalance + :delta WHERE aid = :aid;
         0.640  SELECT abalance FROM pgbench_accounts WHERE aid = :aid;
       169.854  UPDATE pgbench_tellers SET tbalance = tbalance + :delta WHERE tid = :tid;
       100.781  UPDATE pgbench_branches SET bbalance = bbalance + :delta WHERE bid = :bid;
        64.577  INSERT INTO pgbench_history (tid, bid, aid, delta, mtime) VALUES (:tid, :bid, :aid, :delta, CURRENT_TIMESTAMP);
       174.474  END;
avg-cpu:  %user   %nice %system %iowait  %steal   %idle
           0,42    0,00    0,28   20,48    0,00   78,83

Device:         rrqm/s   wrqm/s     r/s     w/s    rkB/s    wkB/s avgrq-sz avgqu-sz   await r_await w_await  svctm  %util
sdb               0,00     1,93    6,51  142,16    55,48   975,60    13,87    16,58  111,53   23,42  115,56   4,22  62,79
sda               0,02     1,94   22,23  142,15   189,45   975,60    14,18    14,56   88,60   30,23   97,73   5,08  83,47
md0               0,00     0,00    0,11    0,00     0,44     0,00     8,00     0,00    0,00    0,00    0,00   0,00   0,00
md1               0,00     0,00    0,00    0,00     0,00     0,00     0,00     0,00    0,00    0,00    0,00   0,00   0,00
md2               0,00     0,00   28,65  143,79   244,48   974,85    14,14     0,00    0,00    0,00    0,00   0,00   0,00
md3               0,00     0,00    0,00    0,01     0,00     0,04     8,00     0,00    0,00    0,00    0,00   0,00   0,00

Control File Changes
--- /usr/local/oldpgsql/2008-12-08-REL8_4_0~856/before.controldata	2016-08-18 22:01:08.220365787 +0200
+++ /usr/local/oldpgsql/2008-12-08-REL8_4_0~856/after.controldata	2016-08-18 22:17:59.875914150 +0200
@@ -5,4 +5,4 @@
-pg_control last modified:             Thu Aug 18 20:01:08 2016
-Latest checkpoint location:           0/FE616D78
-Prior checkpoint location:            0/F101ACF0
-Latest checkpoint's REDO location:    0/FE616D78
+pg_control last modified:             Thu Aug 18 20:17:59 2016
+Latest checkpoint location:           1/187CB350
+Prior checkpoint location:            1/187CB308
+Latest checkpoint's REDO location:    1/187CB350
@@ -10,2 +10,2 @@
-Latest checkpoint's NextXID:          0/178233
-Latest checkpoint's NextOID:          16477
+Latest checkpoint's NextXID:          0/209333
+Latest checkpoint's NextOID:          24669
@@ -14 +14 @@
-Time of latest checkpoint:            Thu Aug 18 20:00:42 2016
+Time of latest checkpoint:            Thu Aug 18 20:17:36 2016
size after pgbench of pgbench_tellers: 8
size after pgbench of pgbench_branches: 8
size after pgbench of pgbench_accounts: 64
size after pgbench of pgbench_branches_pkey: 32
size after pgbench of pgbench_tellers_pkey: 88
size after pgbench of pgbench_accounts_pkey: 658092
size after pgbench of pgbench_history: 24
total size after pgbench: 658316
End Time: 2016-08-18 20:17:59+00:00
========================================================================
========================================================================
Testing 2008-12-08-REL8_4_0~856
Start Time: 2016-08-22 02:06:54+00:00
Shared Buffers:  260000
size before pgbench of pgbench_tellers: 8
size before pgbench of pgbench_branches: 8
size before pgbench of pgbench_accounts: 64
size before pgbench of pgbench_branches_pkey: 32
size before pgbench of pgbench_tellers_pkey: 88
size before pgbench of pgbench_accounts_pkey: 658092
size before pgbench of pgbench_history: 24
total size before pgbench: 658316
Linux 4.6.0-1-amd64 (Debian-83-jessie-64-minimal) 	22.08.16 	_x86_64_	(8 CPU)

starting vacuum...end.
transaction type: <builtin: TPC-B (sort of)>
scaling factor: 300
query mode: simple
number of clients: 32
number of threads: 4
duration: 900 s
number of transactions actually processed: 29820
latency average: 965.795 ms
tps = 33.115769 (including connections establishing)
tps = 33.115829 (excluding connections establishing)
script statistics:
 - statement latencies in milliseconds:
         0.002  \set aid random(1, 100000 * :scale)
         0.001  \set bid random(1, 1 * :scale)
         0.001  \set tid random(1, 10 * :scale)
         0.001  \set delta random(-5000, 5000)
         0.130  BEGIN;
       437.057  UPDATE pgbench_accounts SET abalance = abalance + :delta WHERE aid = :aid;
         0.921  SELECT abalance FROM pgbench_accounts WHERE aid = :aid;
       180.720  UPDATE pgbench_tellers SET tbalance = tbalance + :delta WHERE tid = :tid;
       107.213  UPDATE pgbench_branches SET bbalance = bbalance + :delta WHERE bid = :bid;
        64.200  INSERT INTO pgbench_history (tid, bid, aid, delta, mtime) VALUES (:tid, :bid, :aid, :delta, CURRENT_TIMESTAMP);
       176.298  END;
avg-cpu:  %user   %nice %system %iowait  %steal   %idle
           0,40    0,00    0,27   20,62    0,00   78,72

Device:         rrqm/s   wrqm/s     r/s     w/s    rkB/s    wkB/s avgrq-sz avgqu-sz   await r_await w_await  svctm  %util
sdb               0,00     1,88    6,25  131,08    53,38   888,38    13,72    15,10  109,99   24,60  114,06   4,63  63,62
sda               0,03     1,88   21,45  131,08   184,63   888,38    14,07    17,30  113,43   31,47  126,85   5,37  81,86
md0               0,00     0,00    0,12    0,00     0,49     0,00     8,00     0,00    0,00    0,00    0,00   0,00   0,00
md1               0,00     0,00    0,00    0,00     0,00     0,00     0,00     0,00    0,00    0,00    0,00   0,00   0,00
md2               0,00     0,00   27,61  132,66   237,51   887,61    14,04     0,00    0,00    0,00    0,00   0,00   0,00
md3               0,00     0,00    0,00    0,02     0,01     0,08     8,00     0,00    0,00    0,00    0,00   0,00   0,00

Control File Changes
--- /usr/local/oldpgsql/2008-12-08-REL8_4_0~856/before.controldata	2016-08-22 04:12:42.795564196 +0200
+++ /usr/local/oldpgsql/2008-12-08-REL8_4_0~856/after.controldata	2016-08-22 04:29:03.628966979 +0200
@@ -5,4 +5,4 @@
-pg_control last modified:             Mon Aug 22 02:12:42 2016
-Latest checkpoint location:           1/26F7E200
-Prior checkpoint location:            1/26F7E1B8
-Latest checkpoint's REDO location:    1/26F7E200
+pg_control last modified:             Mon Aug 22 02:29:03 2016
+Latest checkpoint location:           1/3E89CC48
+Prior checkpoint location:            1/3E89CC00
+Latest checkpoint's REDO location:    1/3E89CC48
@@ -10,2 +10,2 @@
-Latest checkpoint's NextXID:          0/209333
-Latest checkpoint's NextOID:          16478
+Latest checkpoint's NextXID:          0/239196
+Latest checkpoint's NextOID:          24670
@@ -14 +14 @@
-Time of latest checkpoint:            Mon Aug 22 02:12:42 2016
+Time of latest checkpoint:            Mon Aug 22 02:29:02 2016
size after pgbench of pgbench_tellers: 8
size after pgbench of pgbench_branches: 8
size after pgbench of pgbench_accounts: 64
size after pgbench of pgbench_branches_pkey: 32
size after pgbench of pgbench_tellers_pkey: 88
size after pgbench of pgbench_accounts_pkey: 658092
size after pgbench of pgbench_history: 24
total size after pgbench: 658316
End Time: 2016-08-22 02:29:03+00:00
========================================================================
