ERROR:  table "pgbench_history" does not exist
(ignoring this error and continuing anyway)
ERROR:  table "pgbench_tellers" does not exist
(ignoring this error and continuing anyway)
ERROR:  table "pgbench_accounts" does not exist
(ignoring this error and continuing anyway)
ERROR:  table "pgbench_branches" does not exist
(ignoring this error and continuing anyway)
creating tables...
100000 of 30000000 tuples (0%) done (elapsed 16.36 s, remaining 4893.07 s)
200000 of 30000000 tuples (0%) done (elapsed 34.20 s, remaining 5095.78 s)
300000 of 30000000 tuples (1%) done (elapsed 52.50 s, remaining 5197.25 s)
400000 of 30000000 tuples (1%) done (elapsed 70.27 s, remaining 5200.21 s)
500000 of 30000000 tuples (1%) done (elapsed 87.35 s, remaining 5153.48 s)
600000 of 30000000 tuples (2%) done (elapsed 105.08 s, remaining 5148.94 s)
700000 of 30000000 tuples (2%) done (elapsed 122.97 s, remaining 5147.13 s)
800000 of 30000000 tuples (2%) done (elapsed 140.23 s, remaining 5118.39 s)
900000 of 30000000 tuples (3%) done (elapsed 156.97 s, remaining 5075.23 s)
1000000 of 30000000 tuples (3%) done (elapsed 174.13 s, remaining 5049.64 s)
1100000 of 30000000 tuples (3%) done (elapsed 191.19 s, remaining 5023.10 s)
1200000 of 30000000 tuples (4%) done (elapsed 209.45 s, remaining 5026.74 s)
1300000 of 30000000 tuples (4%) done (elapsed 227.65 s, remaining 5025.78 s)
1400000 of 30000000 tuples (4%) done (elapsed 244.05 s, remaining 4985.65 s)
1500000 of 30000000 tuples (5%) done (elapsed 261.06 s, remaining 4960.09 s)
1600000 of 30000000 tuples (5%) done (elapsed 280.54 s, remaining 4979.59 s)
1700000 of 30000000 tuples (5%) done (elapsed 297.12 s, remaining 4946.13 s)
1800000 of 30000000 tuples (6%) done (elapsed 314.47 s, remaining 4926.64 s)
1900000 of 30000000 tuples (6%) done (elapsed 332.45 s, remaining 4916.80 s)
2000000 of 30000000 tuples (6%) done (elapsed 348.83 s, remaining 4883.62 s)
2100000 of 30000000 tuples (7%) done (elapsed 366.90 s, remaining 4874.47 s)
2200000 of 30000000 tuples (7%) done (elapsed 384.86 s, remaining 4863.27 s)
2300000 of 30000000 tuples (7%) done (elapsed 401.26 s, remaining 4832.58 s)
2400000 of 30000000 tuples (8%) done (elapsed 419.26 s, remaining 4821.51 s)
2500000 of 30000000 tuples (8%) done (elapsed 437.18 s, remaining 4808.93 s)
2600000 of 30000000 tuples (8%) done (elapsed 455.28 s, remaining 4797.92 s)
2700000 of 30000000 tuples (9%) done (elapsed 472.07 s, remaining 4773.18 s)
2800000 of 30000000 tuples (9%) done (elapsed 491.22 s, remaining 4771.85 s)
2900000 of 30000000 tuples (9%) done (elapsed 508.18 s, remaining 4748.85 s)
3000000 of 30000000 tuples (10%) done (elapsed 525.19 s, remaining 4726.70 s)
3100000 of 30000000 tuples (10%) done (elapsed 544.20 s, remaining 4722.28 s)
3200000 of 30000000 tuples (10%) done (elapsed 561.20 s, remaining 4700.07 s)
3300000 of 30000000 tuples (11%) done (elapsed 577.46 s, remaining 4672.21 s)
3400000 of 30000000 tuples (11%) done (elapsed 594.41 s, remaining 4650.41 s)
3500000 of 30000000 tuples (11%) done (elapsed 613.57 s, remaining 4645.58 s)
3600000 of 30000000 tuples (12%) done (elapsed 632.81 s, remaining 4640.61 s)
3700000 of 30000000 tuples (12%) done (elapsed 649.47 s, remaining 4616.47 s)
3800000 of 30000000 tuples (12%) done (elapsed 668.32 s, remaining 4607.92 s)
3900000 of 30000000 tuples (13%) done (elapsed 684.76 s, remaining 4582.62 s)
4000000 of 30000000 tuples (13%) done (elapsed 701.74 s, remaining 4561.33 s)
4100000 of 30000000 tuples (13%) done (elapsed 720.82 s, remaining 4553.50 s)
4200000 of 30000000 tuples (14%) done (elapsed 737.86 s, remaining 4532.56 s)
4300000 of 30000000 tuples (14%) done (elapsed 755.66 s, remaining 4516.38 s)
4400000 of 30000000 tuples (14%) done (elapsed 774.09 s, remaining 4503.79 s)
4500000 of 30000000 tuples (15%) done (elapsed 792.23 s, remaining 4489.31 s)
4600000 of 30000000 tuples (15%) done (elapsed 808.95 s, remaining 4466.81 s)
4700000 of 30000000 tuples (15%) done (elapsed 827.00 s, remaining 4451.73 s)
4800000 of 30000000 tuples (16%) done (elapsed 843.93 s, remaining 4430.61 s)
4900000 of 30000000 tuples (16%) done (elapsed 860.90 s, remaining 4409.93 s)
5000000 of 30000000 tuples (16%) done (elapsed 880.89 s, remaining 4404.45 s)
5100000 of 30000000 tuples (17%) done (elapsed 897.65 s, remaining 4382.65 s)
5200000 of 30000000 tuples (17%) done (elapsed 915.01 s, remaining 4363.90 s)
5300000 of 30000000 tuples (17%) done (elapsed 932.43 s, remaining 4345.49 s)
5400000 of 30000000 tuples (18%) done (elapsed 949.37 s, remaining 4324.91 s)
5500000 of 30000000 tuples (18%) done (elapsed 967.30 s, remaining 4308.87 s)
5600000 of 30000000 tuples (18%) done (elapsed 984.10 s, remaining 4287.87 s)
5700000 of 30000000 tuples (19%) done (elapsed 1001.79 s, remaining 4270.79 s)
5800000 of 30000000 tuples (19%) done (elapsed 1018.39 s, remaining 4249.15 s)
5900000 of 30000000 tuples (19%) done (elapsed 1035.53 s, remaining 4229.89 s)
6000000 of 30000000 tuples (20%) done (elapsed 1054.28 s, remaining 4217.12 s)
6100000 of 30000000 tuples (20%) done (elapsed 1070.63 s, remaining 4194.77 s)
6200000 of 30000000 tuples (20%) done (elapsed 1087.52 s, remaining 4174.67 s)
6300000 of 30000000 tuples (21%) done (elapsed 1105.30 s, remaining 4158.02 s)
6400000 of 30000000 tuples (21%) done (elapsed 1121.87 s, remaining 4136.90 s)
6500000 of 30000000 tuples (21%) done (elapsed 1140.08 s, remaining 4121.84 s)
6600000 of 30000000 tuples (22%) done (elapsed 1157.94 s, remaining 4105.43 s)
6700000 of 30000000 tuples (22%) done (elapsed 1174.39 s, remaining 4084.08 s)
6800000 of 30000000 tuples (22%) done (elapsed 1192.57 s, remaining 4068.76 s)
6900000 of 30000000 tuples (23%) done (elapsed 1210.55 s, remaining 4052.71 s)
7000000 of 30000000 tuples (23%) done (elapsed 1228.42 s, remaining 4036.25 s)
7100000 of 30000000 tuples (23%) done (elapsed 1246.71 s, remaining 4021.09 s)
7200000 of 30000000 tuples (24%) done (elapsed 1264.44 s, remaining 4004.06 s)
7300000 of 30000000 tuples (24%) done (elapsed 1281.11 s, remaining 3983.72 s)
7400000 of 30000000 tuples (24%) done (elapsed 1299.27 s, remaining 3968.05 s)
7500000 of 30000000 tuples (25%) done (elapsed 1318.02 s, remaining 3954.06 s)
7600000 of 30000000 tuples (25%) done (elapsed 1334.77 s, remaining 3934.07 s)
7700000 of 30000000 tuples (25%) done (elapsed 1351.69 s, remaining 3914.63 s)
7800000 of 30000000 tuples (26%) done (elapsed 1369.14 s, remaining 3896.79 s)
7900000 of 30000000 tuples (26%) done (elapsed 1387.57 s, remaining 3881.69 s)
8000000 of 30000000 tuples (26%) done (elapsed 1404.15 s, remaining 3861.40 s)
8100000 of 30000000 tuples (27%) done (elapsed 1421.16 s, remaining 3842.40 s)
8200000 of 30000000 tuples (27%) done (elapsed 1439.81 s, remaining 3827.79 s)
8300000 of 30000000 tuples (27%) done (elapsed 1456.19 s, remaining 3807.13 s)
8400000 of 30000000 tuples (28%) done (elapsed 1475.04 s, remaining 3792.95 s)
8500000 of 30000000 tuples (28%) done (elapsed 1493.35 s, remaining 3777.30 s)
8600000 of 30000000 tuples (28%) done (elapsed 1509.92 s, remaining 3757.25 s)
8700000 of 30000000 tuples (29%) done (elapsed 1527.62 s, remaining 3740.02 s)
8800000 of 30000000 tuples (29%) done (elapsed 1548.13 s, remaining 3729.59 s)
8900000 of 30000000 tuples (29%) done (elapsed 1565.99 s, remaining 3712.62 s)
9000000 of 30000000 tuples (30%) done (elapsed 1583.21 s, remaining 3694.16 s)
9100000 of 30000000 tuples (30%) done (elapsed 1602.05 s, remaining 3679.44 s)
9200000 of 30000000 tuples (30%) done (elapsed 1618.59 s, remaining 3659.42 s)
9300000 of 30000000 tuples (31%) done (elapsed 1635.94 s, remaining 3641.30 s)
9400000 of 30000000 tuples (31%) done (elapsed 1656.15 s, remaining 3629.44 s)
9500000 of 30000000 tuples (31%) done (elapsed 1672.66 s, remaining 3609.43 s)
9600000 of 30000000 tuples (32%) done (elapsed 1689.35 s, remaining 3589.87 s)
9700000 of 30000000 tuples (32%) done (elapsed 1707.83 s, remaining 3574.12 s)
9800000 of 30000000 tuples (32%) done (elapsed 1724.29 s, remaining 3554.16 s)
9900000 of 30000000 tuples (33%) done (elapsed 1742.42 s, remaining 3537.63 s)
10000000 of 30000000 tuples (33%) done (elapsed 1761.04 s, remaining 3522.07 s)
10100000 of 30000000 tuples (33%) done (elapsed 1777.36 s, remaining 3501.92 s)
10200000 of 30000000 tuples (34%) done (elapsed 1796.73 s, remaining 3487.77 s)
10300000 of 30000000 tuples (34%) done (elapsed 1813.24 s, remaining 3468.04 s)
10400000 of 30000000 tuples (34%) done (elapsed 1832.77 s, remaining 3454.06 s)
10500000 of 30000000 tuples (35%) done (elapsed 1849.02 s, remaining 3433.90 s)
10600000 of 30000000 tuples (35%) done (elapsed 1866.49 s, remaining 3416.03 s)
10700000 of 30000000 tuples (35%) done (elapsed 1884.09 s, remaining 3398.40 s)
10800000 of 30000000 tuples (36%) done (elapsed 1900.31 s, remaining 3378.32 s)
10900000 of 30000000 tuples (36%) done (elapsed 1918.46 s, remaining 3361.70 s)
11000000 of 30000000 tuples (36%) done (elapsed 1936.46 s, remaining 3344.79 s)
11100000 of 30000000 tuples (37%) done (elapsed 1954.10 s, remaining 3327.25 s)
11200000 of 30000000 tuples (37%) done (elapsed 1970.84 s, remaining 3308.20 s)
11300000 of 30000000 tuples (37%) done (elapsed 1991.17 s, remaining 3295.12 s)
11400000 of 30000000 tuples (38%) done (elapsed 2007.40 s, remaining 3275.23 s)
11500000 of 30000000 tuples (38%) done (elapsed 2025.20 s, remaining 3257.93 s)
11600000 of 30000000 tuples (38%) done (elapsed 2043.56 s, remaining 3241.51 s)
11700000 of 30000000 tuples (39%) done (elapsed 2060.96 s, remaining 3223.56 s)
11800000 of 30000000 tuples (39%) done (elapsed 2077.53 s, remaining 3204.33 s)
11900000 of 30000000 tuples (39%) done (elapsed 2096.79 s, remaining 3189.23 s)
12000000 of 30000000 tuples (40%) done (elapsed 2112.92 s, remaining 3169.37 s)
12100000 of 30000000 tuples (40%) done (elapsed 2131.11 s, remaining 3152.63 s)
12200000 of 30000000 tuples (40%) done (elapsed 2148.62 s, remaining 3134.88 s)
12300000 of 30000000 tuples (41%) done (elapsed 2166.05 s, remaining 3117.00 s)
12400000 of 30000000 tuples (41%) done (elapsed 2182.54 s, remaining 3097.79 s)
12500000 of 30000000 tuples (41%) done (elapsed 2201.28 s, remaining 3081.80 s)
12600000 of 30000000 tuples (42%) done (elapsed 2218.18 s, remaining 3063.19 s)
12700000 of 30000000 tuples (42%) done (elapsed 2235.57 s, remaining 3045.31 s)
12800000 of 30000000 tuples (42%) done (elapsed 2253.23 s, remaining 3027.77 s)
12900000 of 30000000 tuples (43%) done (elapsed 2272.06 s, remaining 3011.80 s)
13000000 of 30000000 tuples (43%) done (elapsed 2288.16 s, remaining 2992.21 s)
13100000 of 30000000 tuples (43%) done (elapsed 2305.93 s, remaining 2974.82 s)
13200000 of 30000000 tuples (44%) done (elapsed 2324.55 s, remaining 2958.52 s)
13300000 of 30000000 tuples (44%) done (elapsed 2342.25 s, remaining 2941.02 s)
13400000 of 30000000 tuples (44%) done (elapsed 2358.90 s, remaining 2922.22 s)
13500000 of 30000000 tuples (45%) done (elapsed 2378.50 s, remaining 2907.05 s)
13600000 of 30000000 tuples (45%) done (elapsed 2394.82 s, remaining 2887.88 s)
13700000 of 30000000 tuples (45%) done (elapsed 2412.57 s, remaining 2870.42 s)
13800000 of 30000000 tuples (46%) done (elapsed 2430.56 s, remaining 2853.26 s)
13900000 of 30000000 tuples (46%) done (elapsed 2447.92 s, remaining 2835.36 s)
14000000 of 30000000 tuples (46%) done (elapsed 2466.62 s, remaining 2819.00 s)
14100000 of 30000000 tuples (47%) done (elapsed 2487.29 s, remaining 2804.81 s)
14200000 of 30000000 tuples (47%) done (elapsed 2503.40 s, remaining 2785.47 s)
14300000 of 30000000 tuples (47%) done (elapsed 2521.50 s, remaining 2768.36 s)
14400000 of 30000000 tuples (48%) done (elapsed 2539.17 s, remaining 2750.77 s)
14500000 of 30000000 tuples (48%) done (elapsed 2556.47 s, remaining 2732.77 s)
14600000 of 30000000 tuples (48%) done (elapsed 2574.13 s, remaining 2715.18 s)
14700000 of 30000000 tuples (49%) done (elapsed 2593.31 s, remaining 2699.16 s)
14800000 of 30000000 tuples (49%) done (elapsed 2609.65 s, remaining 2680.18 s)
14900000 of 30000000 tuples (49%) done (elapsed 2627.96 s, remaining 2663.24 s)
15000000 of 30000000 tuples (50%) done (elapsed 2644.15 s, remaining 2644.15 s)
15100000 of 30000000 tuples (50%) done (elapsed 2664.14 s, remaining 2628.85 s)
15200000 of 30000000 tuples (50%) done (elapsed 2680.26 s, remaining 2609.73 s)
15300000 of 30000000 tuples (51%) done (elapsed 2698.52 s, remaining 2592.70 s)
15400000 of 30000000 tuples (51%) done (elapsed 2716.19 s, remaining 2575.09 s)
15500000 of 30000000 tuples (51%) done (elapsed 2734.01 s, remaining 2557.63 s)
15600000 of 30000000 tuples (52%) done (elapsed 2750.35 s, remaining 2538.78 s)
15700000 of 30000000 tuples (52%) done (elapsed 2770.04 s, remaining 2523.03 s)
15800000 of 30000000 tuples (52%) done (elapsed 2786.11 s, remaining 2503.97 s)
15900000 of 30000000 tuples (53%) done (elapsed 2803.78 s, remaining 2486.37 s)
16000000 of 30000000 tuples (53%) done (elapsed 2821.52 s, remaining 2468.83 s)
16100000 of 30000000 tuples (53%) done (elapsed 2839.02 s, remaining 2451.08 s)
16200000 of 30000000 tuples (54%) done (elapsed 2855.53 s, remaining 2432.49 s)
16300000 of 30000000 tuples (54%) done (elapsed 2875.28 s, remaining 2416.65 s)
16400000 of 30000000 tuples (54%) done (elapsed 2891.61 s, remaining 2397.92 s)
16500000 of 30000000 tuples (55%) done (elapsed 2910.93 s, remaining 2381.67 s)
16600000 of 30000000 tuples (55%) done (elapsed 2930.88 s, remaining 2365.89 s)
16700000 of 30000000 tuples (55%) done (elapsed 2948.74 s, remaining 2348.40 s)
16800000 of 30000000 tuples (56%) done (elapsed 2965.39 s, remaining 2329.95 s)
16900000 of 30000000 tuples (56%) done (elapsed 2984.51 s, remaining 2313.44 s)
17000000 of 30000000 tuples (56%) done (elapsed 3000.81 s, remaining 2294.74 s)
17100000 of 30000000 tuples (57%) done (elapsed 3017.64 s, remaining 2276.47 s)
17200000 of 30000000 tuples (57%) done (elapsed 3035.59 s, remaining 2259.04 s)
17300000 of 30000000 tuples (57%) done (elapsed 3051.98 s, remaining 2240.47 s)
17400000 of 30000000 tuples (58%) done (elapsed 3069.60 s, remaining 2222.82 s)
17500000 of 30000000 tuples (58%) done (elapsed 3086.07 s, remaining 2204.34 s)
17600000 of 30000000 tuples (58%) done (elapsed 3104.79 s, remaining 2187.47 s)
17700000 of 30000000 tuples (59%) done (elapsed 3121.00 s, remaining 2168.83 s)
17800000 of 30000000 tuples (59%) done (elapsed 3140.38 s, remaining 2152.40 s)
17900000 of 30000000 tuples (59%) done (elapsed 3158.55 s, remaining 2135.11 s)
18000000 of 30000000 tuples (60%) done (elapsed 3176.02 s, remaining 2117.35 s)
18100000 of 30000000 tuples (60%) done (elapsed 3193.24 s, remaining 2099.42 s)
18200000 of 30000000 tuples (60%) done (elapsed 3212.80 s, remaining 2083.03 s)
18300000 of 30000000 tuples (61%) done (elapsed 3228.95 s, remaining 2064.41 s)
18400000 of 30000000 tuples (61%) done (elapsed 3246.63 s, remaining 2046.79 s)
18500000 of 30000000 tuples (61%) done (elapsed 3264.36 s, remaining 2029.20 s)
18600000 of 30000000 tuples (62%) done (elapsed 3281.79 s, remaining 2011.42 s)
18700000 of 30000000 tuples (62%) done (elapsed 3298.59 s, remaining 1993.27 s)
18800000 of 30000000 tuples (62%) done (elapsed 3317.48 s, remaining 1976.37 s)
18900000 of 30000000 tuples (63%) done (elapsed 3333.78 s, remaining 1957.94 s)
19000000 of 30000000 tuples (63%) done (elapsed 3351.73 s, remaining 1940.47 s)
19100000 of 30000000 tuples (63%) done (elapsed 3369.50 s, remaining 1922.91 s)
19200000 of 30000000 tuples (64%) done (elapsed 3386.76 s, remaining 1905.05 s)
19300000 of 30000000 tuples (64%) done (elapsed 3403.65 s, remaining 1887.00 s)
19400000 of 30000000 tuples (64%) done (elapsed 3422.55 s, remaining 1870.05 s)
19500000 of 30000000 tuples (65%) done (elapsed 3438.92 s, remaining 1851.72 s)
19600000 of 30000000 tuples (65%) done (elapsed 3457.17 s, remaining 1834.42 s)
19700000 of 30000000 tuples (65%) done (elapsed 3473.17 s, remaining 1815.92 s)
19800000 of 30000000 tuples (66%) done (elapsed 3492.57 s, remaining 1799.20 s)
19900000 of 30000000 tuples (66%) done (elapsed 3508.92 s, remaining 1780.91 s)
20000000 of 30000000 tuples (66%) done (elapsed 3527.37 s, remaining 1763.68 s)
20100000 of 30000000 tuples (67%) done (elapsed 3544.88 s, remaining 1745.99 s)
20200000 of 30000000 tuples (67%) done (elapsed 3562.52 s, remaining 1728.35 s)
20300000 of 30000000 tuples (67%) done (elapsed 3579.19 s, remaining 1710.25 s)
20400000 of 30000000 tuples (68%) done (elapsed 3597.83 s, remaining 1693.10 s)
20500000 of 30000000 tuples (68%) done (elapsed 3614.12 s, remaining 1674.84 s)
20600000 of 30000000 tuples (68%) done (elapsed 3633.67 s, remaining 1658.08 s)
20700000 of 30000000 tuples (69%) done (elapsed 3651.23 s, remaining 1640.41 s)
20800000 of 30000000 tuples (69%) done (elapsed 3668.52 s, remaining 1622.61 s)
20900000 of 30000000 tuples (69%) done (elapsed 3685.12 s, remaining 1604.53 s)
21000000 of 30000000 tuples (70%) done (elapsed 3704.71 s, remaining 1587.73 s)
21100000 of 30000000 tuples (70%) done (elapsed 3721.04 s, remaining 1569.54 s)
21200000 of 30000000 tuples (70%) done (elapsed 3739.43 s, remaining 1552.22 s)
21300000 of 30000000 tuples (71%) done (elapsed 3757.27 s, remaining 1534.66 s)
21400000 of 30000000 tuples (71%) done (elapsed 3774.76 s, remaining 1516.96 s)
21500000 of 30000000 tuples (71%) done (elapsed 3791.09 s, remaining 1498.80 s)
21600000 of 30000000 tuples (72%) done (elapsed 3810.44 s, remaining 1481.84 s)
21700000 of 30000000 tuples (72%) done (elapsed 3826.63 s, remaining 1463.64 s)
21800000 of 30000000 tuples (72%) done (elapsed 3845.93 s, remaining 1446.63 s)
21900000 of 30000000 tuples (73%) done (elapsed 3863.79 s, remaining 1429.07 s)
22000000 of 30000000 tuples (73%) done (elapsed 3882.66 s, remaining 1411.88 s)
22100000 of 30000000 tuples (73%) done (elapsed 3900.26 s, remaining 1394.21 s)
22200000 of 30000000 tuples (74%) done (elapsed 3918.01 s, remaining 1376.60 s)
22300000 of 30000000 tuples (74%) done (elapsed 3936.23 s, remaining 1359.15 s)
22400000 of 30000000 tuples (74%) done (elapsed 3953.81 s, remaining 1341.47 s)
22500000 of 30000000 tuples (75%) done (elapsed 3970.20 s, remaining 1323.40 s)
22600000 of 30000000 tuples (75%) done (elapsed 3998.41 s, remaining 1309.21 s)
22700000 of 30000000 tuples (75%) done (elapsed 4015.96 s, remaining 1291.48 s)
22800000 of 30000000 tuples (76%) done (elapsed 4033.43 s, remaining 1273.71 s)
22900000 of 30000000 tuples (76%) done (elapsed 4052.86 s, remaining 1256.56 s)
23000000 of 30000000 tuples (76%) done (elapsed 4070.14 s, remaining 1238.74 s)
23100000 of 30000000 tuples (77%) done (elapsed 4086.52 s, remaining 1220.65 s)
23200000 of 30000000 tuples (77%) done (elapsed 4105.33 s, remaining 1203.29 s)
23300000 of 30000000 tuples (77%) done (elapsed 4122.79 s, remaining 1185.52 s)
23400000 of 30000000 tuples (78%) done (elapsed 4139.62 s, remaining 1167.58 s)
23500000 of 30000000 tuples (78%) done (elapsed 4158.57 s, remaining 1150.24 s)
23600000 of 30000000 tuples (78%) done (elapsed 4174.88 s, remaining 1132.17 s)
23700000 of 30000000 tuples (79%) done (elapsed 4192.72 s, remaining 1114.52 s)
23800000 of 30000000 tuples (79%) done (elapsed 4210.72 s, remaining 1096.91 s)
23900000 of 30000000 tuples (79%) done (elapsed 4228.12 s, remaining 1079.14 s)
24000000 of 30000000 tuples (80%) done (elapsed 4245.18 s, remaining 1061.30 s)
24100000 of 30000000 tuples (80%) done (elapsed 4264.18 s, remaining 1043.93 s)
24200000 of 30000000 tuples (80%) done (elapsed 4280.55 s, remaining 1025.92 s)
24300000 of 30000000 tuples (81%) done (elapsed 4298.16 s, remaining 1008.21 s)
24400000 of 30000000 tuples (81%) done (elapsed 4314.40 s, remaining 990.19 s)
24500000 of 30000000 tuples (81%) done (elapsed 4333.81 s, remaining 972.90 s)
24600000 of 30000000 tuples (82%) done (elapsed 4349.83 s, remaining 954.84 s)
24700000 of 30000000 tuples (82%) done (elapsed 4367.92 s, remaining 937.25 s)
24800000 of 30000000 tuples (82%) done (elapsed 4386.71 s, remaining 919.79 s)
24900000 of 30000000 tuples (83%) done (elapsed 4403.99 s, remaining 902.02 s)
25000000 of 30000000 tuples (83%) done (elapsed 4422.65 s, remaining 884.53 s)
25100000 of 30000000 tuples (83%) done (elapsed 4441.24 s, remaining 867.02 s)
25200000 of 30000000 tuples (84%) done (elapsed 4457.32 s, remaining 849.01 s)
25300000 of 30000000 tuples (84%) done (elapsed 4475.21 s, remaining 831.36 s)
25400000 of 30000000 tuples (84%) done (elapsed 4492.59 s, remaining 813.62 s)
25500000 of 30000000 tuples (85%) done (elapsed 4509.94 s, remaining 795.87 s)
25600000 of 30000000 tuples (85%) done (elapsed 4527.61 s, remaining 778.18 s)
25700000 of 30000000 tuples (85%) done (elapsed 4548.09 s, remaining 760.96 s)
25800000 of 30000000 tuples (86%) done (elapsed 4564.11 s, remaining 742.99 s)
25900000 of 30000000 tuples (86%) done (elapsed 4581.85 s, remaining 725.31 s)
26000000 of 30000000 tuples (86%) done (elapsed 4599.54 s, remaining 707.62 s)
26100000 of 30000000 tuples (87%) done (elapsed 4617.09 s, remaining 689.91 s)
26200000 of 30000000 tuples (87%) done (elapsed 4633.55 s, remaining 672.04 s)
26300000 of 30000000 tuples (87%) done (elapsed 4653.40 s, remaining 654.66 s)
26400000 of 30000000 tuples (88%) done (elapsed 4669.51 s, remaining 636.75 s)
26500000 of 30000000 tuples (88%) done (elapsed 4687.59 s, remaining 619.12 s)
26600000 of 30000000 tuples (88%) done (elapsed 4704.44 s, remaining 601.32 s)
26700000 of 30000000 tuples (89%) done (elapsed 4722.26 s, remaining 583.65 s)
26800000 of 30000000 tuples (89%) done (elapsed 4738.18 s, remaining 565.75 s)
26900000 of 30000000 tuples (89%) done (elapsed 4756.01 s, remaining 548.09 s)
27000000 of 30000000 tuples (90%) done (elapsed 4773.83 s, remaining 530.43 s)
27100000 of 30000000 tuples (90%) done (elapsed 4791.18 s, remaining 512.71 s)
27200000 of 30000000 tuples (90%) done (elapsed 4809.92 s, remaining 495.14 s)
27300000 of 30000000 tuples (91%) done (elapsed 4829.27 s, remaining 477.62 s)
27400000 of 30000000 tuples (91%) done (elapsed 4845.41 s, remaining 459.78 s)
27500000 of 30000000 tuples (91%) done (elapsed 4863.28 s, remaining 442.12 s)
27600000 of 30000000 tuples (92%) done (elapsed 4881.77 s, remaining 424.50 s)
27700000 of 30000000 tuples (92%) done (elapsed 4899.20 s, remaining 406.79 s)
27800000 of 30000000 tuples (92%) done (elapsed 4916.65 s, remaining 389.09 s)
27900000 of 30000000 tuples (93%) done (elapsed 4935.51 s, remaining 371.49 s)
28000000 of 30000000 tuples (93%) done (elapsed 4952.00 s, remaining 353.71 s)
28100000 of 30000000 tuples (93%) done (elapsed 4969.59 s, remaining 336.02 s)
28200000 of 30000000 tuples (94%) done (elapsed 4987.56 s, remaining 318.35 s)
28300000 of 30000000 tuples (94%) done (elapsed 5005.06 s, remaining 300.66 s)
28400000 of 30000000 tuples (94%) done (elapsed 5022.45 s, remaining 282.95 s)
28500000 of 30000000 tuples (95%) done (elapsed 5041.83 s, remaining 265.36 s)
28600000 of 30000000 tuples (95%) done (elapsed 5058.25 s, remaining 247.61 s)
28700000 of 30000000 tuples (95%) done (elapsed 5077.18 s, remaining 229.98 s)
28800000 of 30000000 tuples (96%) done (elapsed 5095.56 s, remaining 212.31 s)
28900000 of 30000000 tuples (96%) done (elapsed 5112.95 s, remaining 194.61 s)
29000000 of 30000000 tuples (96%) done (elapsed 5129.49 s, remaining 176.88 s)
29100000 of 30000000 tuples (97%) done (elapsed 5148.35 s, remaining 159.23 s)
29200000 of 30000000 tuples (97%) done (elapsed 5165.38 s, remaining 141.52 s)
29300000 of 30000000 tuples (97%) done (elapsed 5183.55 s, remaining 123.84 s)
29400000 of 30000000 tuples (98%) done (elapsed 5199.84 s, remaining 106.12 s)
29500000 of 30000000 tuples (98%) done (elapsed 5218.27 s, remaining 88.45 s)
29600000 of 30000000 tuples (98%) done (elapsed 5235.70 s, remaining 70.75 s)
29700000 of 30000000 tuples (99%) done (elapsed 5253.36 s, remaining 53.06 s)
29800000 of 30000000 tuples (99%) done (elapsed 5271.85 s, remaining 35.38 s)
29900000 of 30000000 tuples (99%) done (elapsed 5287.96 s, remaining 17.69 s)
30000000 of 30000000 tuples (100%) done (elapsed 5306.16 s, remaining 0.00 s)
vacuum...
set primary keys...
NOTICE:  ALTER TABLE / ADD PRIMARY KEY will create implicit index "pgbench_branches_pkey" for table "pgbench_branches"
NOTICE:  ALTER TABLE / ADD PRIMARY KEY will create implicit index "pgbench_tellers_pkey" for table "pgbench_tellers"
NOTICE:  ALTER TABLE / ADD PRIMARY KEY will create implicit index "pgbench_accounts_pkey" for table "pgbench_accounts"
done.
starting vacuum...end.
transaction type: <builtin: TPC-B (sort of)>
scaling factor: 300
query mode: simple
number of clients: 32
number of threads: 4
duration: 60 s
number of transactions actually processed: 2057
latency average: 933.398 ms
tps = 34.062169 (including connections establishing)
tps = 34.063573 (excluding connections establishing)
script statistics:
 - statement latencies in milliseconds:
         0.002  \set aid random(1, 100000 * :scale)
         0.001  \set bid random(1, 1 * :scale)
         0.001  \set tid random(1, 10 * :scale)
         0.001  \set delta random(-5000, 5000)
         0.152  BEGIN;
       345.438  UPDATE pgbench_accounts SET abalance = abalance + :delta WHERE aid = :aid;
         2.896  SELECT abalance FROM pgbench_accounts WHERE aid = :aid;
       245.992  UPDATE pgbench_tellers SET tbalance = tbalance + :delta WHERE tid = :tid;
       156.577  UPDATE pgbench_branches SET bbalance = bbalance + :delta WHERE bid = :bid;
        68.650  INSERT INTO pgbench_history (tid, bid, aid, delta, mtime) VALUES (:tid, :bid, :aid, :delta, CURRENT_TIMESTAMP);
       119.688  END;
starting vacuum...end.
transaction type: <builtin: TPC-B (sort of)>
scaling factor: 300
query mode: simple
number of clients: 32
number of threads: 4
duration: 60 s
number of transactions actually processed: 1628
latency average: 1179.361 ms
tps = 26.901304 (including connections establishing)
tps = 26.902420 (excluding connections establishing)
script statistics:
 - statement latencies in milliseconds:
         0.002  \set aid random(1, 100000 * :scale)
         0.001  \set bid random(1, 1 * :scale)
         0.001  \set tid random(1, 10 * :scale)
         0.001  \set delta random(-5000, 5000)
         0.125  BEGIN;
       663.975  UPDATE pgbench_accounts SET abalance = abalance + :delta WHERE aid = :aid;
         7.806  SELECT abalance FROM pgbench_accounts WHERE aid = :aid;
       214.619  UPDATE pgbench_tellers SET tbalance = tbalance + :delta WHERE tid = :tid;
        95.367  UPDATE pgbench_branches SET bbalance = bbalance + :delta WHERE bid = :bid;
        54.920  INSERT INTO pgbench_history (tid, bid, aid, delta, mtime) VALUES (:tid, :bid, :aid, :delta, CURRENT_TIMESTAMP);
       152.170  END;
starting vacuum...end.
transaction type: <builtin: TPC-B (sort of)>
scaling factor: 300
query mode: simple
number of clients: 32
number of threads: 4
duration: 60 s
number of transactions actually processed: 1381
latency average: 1390.297 ms
tps = 22.889309 (including connections establishing)
tps = 22.890041 (excluding connections establishing)
script statistics:
 - statement latencies in milliseconds:
         0.003  \set aid random(1, 100000 * :scale)
         0.001  \set bid random(1, 1 * :scale)
         0.001  \set tid random(1, 10 * :scale)
         0.001  \set delta random(-5000, 5000)
         0.126  BEGIN;
       672.928  UPDATE pgbench_accounts SET abalance = abalance + :delta WHERE aid = :aid;
         0.890  SELECT abalance FROM pgbench_accounts WHERE aid = :aid;
       259.311  UPDATE pgbench_tellers SET tbalance = tbalance + :delta WHERE tid = :tid;
       168.315  UPDATE pgbench_branches SET bbalance = bbalance + :delta WHERE bid = :bid;
        90.333  INSERT INTO pgbench_history (tid, bid, aid, delta, mtime) VALUES (:tid, :bid, :aid, :delta, CURRENT_TIMESTAMP);
       204.858  END;
starting vacuum...end.
transaction type: <builtin: TPC-B (sort of)>
scaling factor: 300
query mode: simple
number of clients: 32
number of threads: 4
duration: 900 s
number of transactions actually processed: 23244
latency average: 1239.029 ms
tps = 25.816100 (including connections establishing)
tps = 25.816175 (excluding connections establishing)
script statistics:
 - statement latencies in milliseconds:
         0.002  \set aid random(1, 100000 * :scale)
         0.001  \set bid random(1, 1 * :scale)
         0.001  \set tid random(1, 10 * :scale)
         0.001  \set delta random(-5000, 5000)
         0.142  BEGIN;
       629.822  UPDATE pgbench_accounts SET abalance = abalance + :delta WHERE aid = :aid;
         0.427  SELECT abalance FROM pgbench_accounts WHERE aid = :aid;
       250.294  UPDATE pgbench_tellers SET tbalance = tbalance + :delta WHERE tid = :tid;
       124.270  UPDATE pgbench_branches SET bbalance = bbalance + :delta WHERE bid = :bid;
        64.231  INSERT INTO pgbench_history (tid, bid, aid, delta, mtime) VALUES (:tid, :bid, :aid, :delta, CURRENT_TIMESTAMP);
       170.660  END;
starting vacuum...end.
transaction type: <builtin: TPC-B (sort of)>
scaling factor: 300
query mode: simple
number of clients: 32
number of threads: 4
duration: 900 s
number of transactions actually processed: 22894
latency average: 1257.972 ms
tps = 25.423384 (including connections establishing)
tps = 25.423455 (excluding connections establishing)
script statistics:
 - statement latencies in milliseconds:
         0.003  \set aid random(1, 100000 * :scale)
         0.001  \set bid random(1, 1 * :scale)
         0.001  \set tid random(1, 10 * :scale)
         0.001  \set delta random(-5000, 5000)
         0.134  BEGIN;
       629.454  UPDATE pgbench_accounts SET abalance = abalance + :delta WHERE aid = :aid;
         1.629  SELECT abalance FROM pgbench_accounts WHERE aid = :aid;
       242.637  UPDATE pgbench_tellers SET tbalance = tbalance + :delta WHERE tid = :tid;
       133.859  UPDATE pgbench_branches SET bbalance = bbalance + :delta WHERE bid = :bid;
        72.709  INSERT INTO pgbench_history (tid, bid, aid, delta, mtime) VALUES (:tid, :bid, :aid, :delta, CURRENT_TIMESTAMP);
       178.952  END;
========================================================================
Testing 2003-11-15-REL8_0_0~2934
Start Time: 2016-07-30 02:14:45+00:00
Linux 3.16.0-4-amd64 (Debian-83-jessie-64-minimal) 	30.07.16 	_x86_64_	(8 CPU)

starting vacuum...end.
transaction type: <builtin: TPC-B (sort of)>
scaling factor: 300
query mode: simple
number of clients: 32
number of threads: 4
duration: 900 s
number of transactions actually processed: 21635
latency average: 1331.176 ms
tps = 24.034280 (including connections establishing)
tps = 24.034331 (excluding connections establishing)
script statistics:
 - statement latencies in milliseconds:
         0.003  \set aid random(1, 100000 * :scale)
         0.001  \set bid random(1, 1 * :scale)
         0.001  \set tid random(1, 10 * :scale)
         0.001  \set delta random(-5000, 5000)
         0.137  BEGIN;
       542.657  UPDATE pgbench_accounts SET abalance = abalance + :delta WHERE aid = :aid;
         0.921  SELECT abalance FROM pgbench_accounts WHERE aid = :aid;
       283.974  UPDATE pgbench_tellers SET tbalance = tbalance + :delta WHERE tid = :tid;
       198.640  UPDATE pgbench_branches SET bbalance = bbalance + :delta WHERE bid = :bid;
       115.808  INSERT INTO pgbench_history (tid, bid, aid, delta, mtime) VALUES (:tid, :bid, :aid, :delta, CURRENT_TIMESTAMP);
       189.772  END;
avg-cpu:  %user   %nice %system %iowait  %steal   %idle
           0,35    0,00    0,24    6,46    0,00   92,95

Device:         rrqm/s   wrqm/s     r/s     w/s    rkB/s    wkB/s avgrq-sz avgqu-sz   await r_await w_await  svctm  %util
sdb               0,00     0,59    4,04  166,11    33,54   833,83    10,19    11,20   65,33   27,88   66,24   3,55  60,43
sda               0,00     0,58   17,10  166,12   143,29   833,90    10,67     7,29   39,34   27,79   40,53   4,68  85,77
md0               0,00     0,00    0,00    0,00     0,00     0,00     8,00     0,00    0,00    0,00    0,00   0,00   0,00
md1               0,00     0,00    0,00    0,00     0,00     0,00     0,00     0,00    0,00    0,00    0,00   0,00   0,00
md2               0,00     0,00   21,15  166,75   176,83   836,33    10,78     0,00    0,00    0,00    0,00   0,00   0,00
md3               0,00     0,00    0,00    0,02     0,00     0,05     6,00     0,00    0,00    0,00    0,00   0,00   0,00

End Time: 2016-07-30 02:30:15+00:00
========================================================================
========================================================================
Testing 2003-11-15-REL8_0_0~2934
Start Time: 2016-08-08 22:54:43+00:00
========================================================================
Testing 2003-11-15-REL8_0_0~2934
Start Time: 2016-08-10 13:59:42+00:00
========================================================================
Testing 2003-11-15-REL8_0_0~2934
Start Time: 2016-08-11 00:02:24+00:00
========================================================================
Testing 2003-11-15-REL8_0_0~2934
Start Time: 2016-08-11 19:13:37+00:00
========================================================================
Testing 2003-11-15-REL8_0_0~2934
Start Time: 2016-08-12 03:57:42+00:00
========================================================================
Testing 2003-11-15-REL8_0_0~2934
Start Time: 2016-08-12 21:52:59+00:00
========================================================================
Testing 2003-11-15-REL8_0_0~2934
Start Time: 2016-08-13 07:28:45+00:00
========================================================================
Testing 2003-11-15-REL8_0_0~2934
Start Time: 2016-08-13 09:00:31+00:00
========================================================================
Testing 2003-11-15-REL8_0_0~2934
Start Time: 2016-08-14 01:46:39+00:00
========================================================================
Testing 2003-11-15-REL8_0_0~2934
Start Time: 2016-08-18 19:02:35+00:00
========================================================================
Testing 2003-11-15-REL8_0_0~2934
Start Time: 2016-08-20 15:49:11+00:00
========================================================================
Testing 2003-11-15-REL8_0_0~2934
Start Time: 2016-08-22 20:29:50+00:00
========================================================================
Testing 2003-11-15-REL8_0_0~2934
Start Time: 2016-08-23 10:17:38+00:00
========================================================================
Testing 2003-11-15-REL8_0_0~2934
Start Time: 2016-08-23 16:28:01+00:00
========================================================================
Testing 2003-11-15-REL8_0_0~2934
Start Time: 2016-08-24 00:23:24+00:00
========================================================================
Testing 2003-11-15-REL8_0_0~2934
Start Time: 2016-08-24 06:48:45+00:00
========================================================================
Testing 2003-11-15-REL8_0_0~2934
Start Time: 2016-08-24 16:11:17+00:00
========================================================================
Testing 2003-11-15-REL8_0_0~2934
Start Time: 2016-08-25 02:14:54+00:00
========================================================================
Testing 2003-11-15-REL8_0_0~2934
Start Time: 2016-08-25 09:12:55+00:00
========================================================================
Testing 2003-11-15-REL8_0_0~2934
Start Time: 2016-08-25 10:28:19+00:00
========================================================================
Testing 2003-11-15-REL8_0_0~2934
Start Time: 2016-08-25 22:40:28+00:00
========================================================================
Testing 2003-11-15-REL8_0_0~2934
Start Time: 2016-08-26 01:31:26+00:00
========================================================================
Testing 2003-11-15-REL8_0_0~2934
Start Time: 2016-08-26 15:21:35+00:00
========================================================================
Testing 2003-11-15-REL8_0_0~2934
Start Time: 2016-08-26 20:31:10+00:00
========================================================================
Testing 2003-11-15-REL8_0_0~2934
Start Time: 2016-08-27 06:51:38+00:00
========================================================================
Testing 2003-11-15-REL8_0_0~2934
Start Time: 2016-08-27 20:20:21+00:00
========================================================================
Testing 2003-11-15-REL8_0_0~2934
Start Time: 2016-08-28 05:52:28+00:00
========================================================================
Testing 2003-11-15-REL8_0_0~2934
Start Time: 2016-08-28 08:42:04+00:00
========================================================================
Testing 2003-11-15-REL8_0_0~2934
Start Time: 2016-08-28 15:49:16+00:00
========================================================================
Testing 2003-11-15-REL8_0_0~2934
Start Time: 2016-08-29 03:38:15+00:00
========================================================================
Testing 2003-11-15-REL8_0_0~2934
Start Time: 2016-08-29 10:10:28+00:00
========================================================================
Testing 2003-11-15-REL8_0_0~2934
Start Time: 2016-08-29 17:30:16+00:00
========================================================================
Testing 2003-11-15-REL8_0_0~2934
Start Time: 2016-08-30 01:49:51+00:00
========================================================================
Testing 2003-11-15-REL8_0_0~2934
Start Time: 2016-08-30 06:36:14+00:00
========================================================================
Testing 2003-11-15-REL8_0_0~2934
Start Time: 2016-08-30 17:02:56+00:00
========================================================================
Testing 2003-11-15-REL8_0_0~2934
Start Time: 2016-08-30 17:48:23+00:00
========================================================================
Testing 2003-11-15-REL8_0_0~2934
Start Time: 2016-08-31 03:36:16+00:00
========================================================================
Testing 2003-11-15-REL8_0_0~2934
Start Time: 2016-08-31 10:17:53+00:00
========================================================================
Testing 2003-11-15-REL8_0_0~2934
Start Time: 2016-08-31 20:28:39+00:00
========================================================================
Testing 2003-11-15-REL8_0_0~2934
Start Time: 2016-09-01 00:02:10+00:00
========================================================================
Testing 2003-11-15-REL8_0_0~2934
Start Time: 2016-09-01 11:08:25+00:00
========================================================================
Testing 2003-11-15-REL8_0_0~2934
Start Time: 2016-09-01 21:22:55+00:00
========================================================================
Testing 2003-11-15-REL8_0_0~2934
Start Time: 2016-09-02 02:28:37+00:00
========================================================================
Testing 2003-11-15-REL8_0_0~2934
Start Time: 2016-09-02 16:15:39+00:00
========================================================================
Testing 2003-11-15-REL8_0_0~2934
Start Time: 2016-09-02 18:29:31+00:00
