creating tables...
100000 of 30000000 tuples (0%) done (elapsed 6.12 s, remaining 1830.78 s)
200000 of 30000000 tuples (0%) done (elapsed 12.94 s, remaining 1928.67 s)
300000 of 30000000 tuples (1%) done (elapsed 22.86 s, remaining 2263.37 s)
400000 of 30000000 tuples (1%) done (elapsed 32.20 s, remaining 2382.65 s)
500000 of 30000000 tuples (1%) done (elapsed 41.33 s, remaining 2438.41 s)
600000 of 30000000 tuples (2%) done (elapsed 51.00 s, remaining 2498.87 s)
700000 of 30000000 tuples (2%) done (elapsed 58.56 s, remaining 2451.24 s)
800000 of 30000000 tuples (2%) done (elapsed 63.12 s, remaining 2303.87 s)
900000 of 30000000 tuples (3%) done (elapsed 67.57 s, remaining 2184.64 s)
1000000 of 30000000 tuples (3%) done (elapsed 71.97 s, remaining 2087.24 s)
1100000 of 30000000 tuples (3%) done (elapsed 76.30 s, remaining 2004.55 s)
1200000 of 30000000 tuples (4%) done (elapsed 80.90 s, remaining 1941.72 s)
1300000 of 30000000 tuples (4%) done (elapsed 86.04 s, remaining 1899.40 s)
1400000 of 30000000 tuples (4%) done (elapsed 90.52 s, remaining 1849.25 s)
1500000 of 30000000 tuples (5%) done (elapsed 94.78 s, remaining 1800.84 s)
1600000 of 30000000 tuples (5%) done (elapsed 99.83 s, remaining 1772.00 s)
1700000 of 30000000 tuples (5%) done (elapsed 104.01 s, remaining 1731.38 s)
1800000 of 30000000 tuples (6%) done (elapsed 108.39 s, remaining 1698.07 s)
1900000 of 30000000 tuples (6%) done (elapsed 113.71 s, remaining 1681.76 s)
2000000 of 30000000 tuples (6%) done (elapsed 117.91 s, remaining 1650.69 s)
2100000 of 30000000 tuples (7%) done (elapsed 122.68 s, remaining 1629.87 s)
2200000 of 30000000 tuples (7%) done (elapsed 127.46 s, remaining 1610.67 s)
2300000 of 30000000 tuples (7%) done (elapsed 131.74 s, remaining 1586.64 s)
2400000 of 30000000 tuples (8%) done (elapsed 135.95 s, remaining 1563.47 s)
2500000 of 30000000 tuples (8%) done (elapsed 141.05 s, remaining 1551.56 s)
2600000 of 30000000 tuples (8%) done (elapsed 145.79 s, remaining 1536.42 s)
2700000 of 30000000 tuples (9%) done (elapsed 150.72 s, remaining 1523.98 s)
2800000 of 30000000 tuples (9%) done (elapsed 156.45 s, remaining 1519.78 s)
2900000 of 30000000 tuples (9%) done (elapsed 160.84 s, remaining 1503.04 s)
3000000 of 30000000 tuples (10%) done (elapsed 165.10 s, remaining 1485.92 s)
3100000 of 30000000 tuples (10%) done (elapsed 170.21 s, remaining 1477.00 s)
3200000 of 30000000 tuples (10%) done (elapsed 174.49 s, remaining 1461.36 s)
3300000 of 30000000 tuples (11%) done (elapsed 178.69 s, remaining 1445.80 s)
3400000 of 30000000 tuples (11%) done (elapsed 183.23 s, remaining 1433.52 s)
3500000 of 30000000 tuples (11%) done (elapsed 187.96 s, remaining 1423.12 s)
3600000 of 30000000 tuples (12%) done (elapsed 192.96 s, remaining 1415.05 s)
3700000 of 30000000 tuples (12%) done (elapsed 197.18 s, remaining 1401.58 s)
3800000 of 30000000 tuples (12%) done (elapsed 201.96 s, remaining 1392.48 s)
3900000 of 30000000 tuples (13%) done (elapsed 206.29 s, remaining 1380.53 s)
4000000 of 30000000 tuples (13%) done (elapsed 210.75 s, remaining 1369.86 s)
4100000 of 30000000 tuples (13%) done (elapsed 217.52 s, remaining 1374.06 s)
4200000 of 30000000 tuples (14%) done (elapsed 222.79 s, remaining 1368.54 s)
4300000 of 30000000 tuples (14%) done (elapsed 227.25 s, remaining 1358.20 s)
4400000 of 30000000 tuples (14%) done (elapsed 232.14 s, remaining 1350.61 s)
4500000 of 30000000 tuples (15%) done (elapsed 236.69 s, remaining 1341.23 s)
4600000 of 30000000 tuples (15%) done (elapsed 241.13 s, remaining 1331.46 s)
4700000 of 30000000 tuples (15%) done (elapsed 245.94 s, remaining 1323.91 s)
4800000 of 30000000 tuples (16%) done (elapsed 250.41 s, remaining 1314.66 s)
4900000 of 30000000 tuples (16%) done (elapsed 254.71 s, remaining 1304.72 s)
5000000 of 30000000 tuples (16%) done (elapsed 260.56 s, remaining 1302.81 s)
5100000 of 30000000 tuples (17%) done (elapsed 266.64 s, remaining 1301.82 s)
5200000 of 30000000 tuples (17%) done (elapsed 270.90 s, remaining 1291.97 s)
5300000 of 30000000 tuples (17%) done (elapsed 275.77 s, remaining 1285.20 s)
5400000 of 30000000 tuples (18%) done (elapsed 280.76 s, remaining 1279.00 s)
5500000 of 30000000 tuples (18%) done (elapsed 285.44 s, remaining 1271.51 s)
5600000 of 30000000 tuples (18%) done (elapsed 290.05 s, remaining 1263.80 s)
5700000 of 30000000 tuples (19%) done (elapsed 294.43 s, remaining 1255.20 s)
5800000 of 30000000 tuples (19%) done (elapsed 298.72 s, remaining 1246.40 s)
5900000 of 30000000 tuples (19%) done (elapsed 303.13 s, remaining 1238.21 s)
6000000 of 30000000 tuples (20%) done (elapsed 308.48 s, remaining 1233.90 s)
6100000 of 30000000 tuples (20%) done (elapsed 312.87 s, remaining 1225.82 s)
6200000 of 30000000 tuples (20%) done (elapsed 317.11 s, remaining 1217.27 s)
6300000 of 30000000 tuples (21%) done (elapsed 322.49 s, remaining 1213.16 s)
6400000 of 30000000 tuples (21%) done (elapsed 326.80 s, remaining 1205.07 s)
6500000 of 30000000 tuples (21%) done (elapsed 331.60 s, remaining 1198.87 s)
6600000 of 30000000 tuples (22%) done (elapsed 337.18 s, remaining 1195.45 s)
6700000 of 30000000 tuples (22%) done (elapsed 341.63 s, remaining 1188.04 s)
6800000 of 30000000 tuples (22%) done (elapsed 345.79 s, remaining 1179.77 s)
6900000 of 30000000 tuples (23%) done (elapsed 350.52 s, remaining 1173.48 s)
7000000 of 30000000 tuples (23%) done (elapsed 355.09 s, remaining 1166.72 s)
7100000 of 30000000 tuples (23%) done (elapsed 359.44 s, remaining 1159.31 s)
7200000 of 30000000 tuples (24%) done (elapsed 364.44 s, remaining 1154.06 s)
7300000 of 30000000 tuples (24%) done (elapsed 368.83 s, remaining 1146.92 s)
7400000 of 30000000 tuples (24%) done (elapsed 373.66 s, remaining 1141.16 s)
7500000 of 30000000 tuples (25%) done (elapsed 378.65 s, remaining 1135.96 s)
7600000 of 30000000 tuples (25%) done (elapsed 383.21 s, remaining 1129.46 s)
7700000 of 30000000 tuples (25%) done (elapsed 387.43 s, remaining 1122.04 s)
7800000 of 30000000 tuples (26%) done (elapsed 392.38 s, remaining 1116.78 s)
7900000 of 30000000 tuples (26%) done (elapsed 397.08 s, remaining 1110.83 s)
8000000 of 30000000 tuples (26%) done (elapsed 401.73 s, remaining 1104.77 s)
8100000 of 30000000 tuples (27%) done (elapsed 406.47 s, remaining 1098.97 s)
8200000 of 30000000 tuples (27%) done (elapsed 411.28 s, remaining 1093.40 s)
8300000 of 30000000 tuples (27%) done (elapsed 415.85 s, remaining 1087.23 s)
8400000 of 30000000 tuples (28%) done (elapsed 420.62 s, remaining 1081.60 s)
8500000 of 30000000 tuples (28%) done (elapsed 427.04 s, remaining 1080.16 s)
8600000 of 30000000 tuples (28%) done (elapsed 432.27 s, remaining 1075.65 s)
8700000 of 30000000 tuples (29%) done (elapsed 436.84 s, remaining 1069.51 s)
8800000 of 30000000 tuples (29%) done (elapsed 441.67 s, remaining 1064.01 s)
8900000 of 30000000 tuples (29%) done (elapsed 446.18 s, remaining 1057.79 s)
9000000 of 30000000 tuples (30%) done (elapsed 450.61 s, remaining 1051.41 s)
9100000 of 30000000 tuples (30%) done (elapsed 455.59 s, remaining 1046.36 s)
9200000 of 30000000 tuples (30%) done (elapsed 459.99 s, remaining 1039.97 s)
9300000 of 30000000 tuples (31%) done (elapsed 464.25 s, remaining 1033.33 s)
9400000 of 30000000 tuples (31%) done (elapsed 469.18 s, remaining 1028.20 s)
9500000 of 30000000 tuples (31%) done (elapsed 473.84 s, remaining 1022.50 s)
9600000 of 30000000 tuples (32%) done (elapsed 478.12 s, remaining 1016.00 s)
9700000 of 30000000 tuples (32%) done (elapsed 483.72 s, remaining 1012.32 s)
9800000 of 30000000 tuples (32%) done (elapsed 488.19 s, remaining 1006.27 s)
9900000 of 30000000 tuples (33%) done (elapsed 493.50 s, remaining 1001.96 s)
10000000 of 30000000 tuples (33%) done (elapsed 498.76 s, remaining 997.52 s)
10100000 of 30000000 tuples (33%) done (elapsed 502.93 s, remaining 990.92 s)
10200000 of 30000000 tuples (34%) done (elapsed 507.53 s, remaining 985.20 s)
10300000 of 30000000 tuples (34%) done (elapsed 512.23 s, remaining 979.70 s)
10400000 of 30000000 tuples (34%) done (elapsed 516.96 s, remaining 974.27 s)
10500000 of 30000000 tuples (35%) done (elapsed 521.29 s, remaining 968.11 s)
10600000 of 30000000 tuples (35%) done (elapsed 525.74 s, remaining 962.21 s)
10700000 of 30000000 tuples (35%) done (elapsed 530.48 s, remaining 956.85 s)
10800000 of 30000000 tuples (36%) done (elapsed 534.62 s, remaining 950.43 s)
10900000 of 30000000 tuples (36%) done (elapsed 539.19 s, remaining 944.82 s)
11000000 of 30000000 tuples (36%) done (elapsed 544.05 s, remaining 939.73 s)
11100000 of 30000000 tuples (37%) done (elapsed 548.91 s, remaining 934.64 s)
11200000 of 30000000 tuples (37%) done (elapsed 553.11 s, remaining 928.44 s)
11300000 of 30000000 tuples (37%) done (elapsed 558.17 s, remaining 923.70 s)
11400000 of 30000000 tuples (38%) done (elapsed 562.61 s, remaining 917.94 s)
11500000 of 30000000 tuples (38%) done (elapsed 567.01 s, remaining 912.15 s)
11600000 of 30000000 tuples (38%) done (elapsed 572.39 s, remaining 907.93 s)
11700000 of 30000000 tuples (39%) done (elapsed 577.07 s, remaining 902.59 s)
11800000 of 30000000 tuples (39%) done (elapsed 581.64 s, remaining 897.11 s)
11900000 of 30000000 tuples (39%) done (elapsed 586.59 s, remaining 892.21 s)
12000000 of 30000000 tuples (40%) done (elapsed 590.72 s, remaining 886.08 s)
12100000 of 30000000 tuples (40%) done (elapsed 595.23 s, remaining 880.54 s)
12200000 of 30000000 tuples (40%) done (elapsed 600.32 s, remaining 875.88 s)
12300000 of 30000000 tuples (41%) done (elapsed 604.85 s, remaining 870.39 s)
12400000 of 30000000 tuples (41%) done (elapsed 609.00 s, remaining 864.38 s)
12500000 of 30000000 tuples (41%) done (elapsed 614.19 s, remaining 859.87 s)
12600000 of 30000000 tuples (42%) done (elapsed 618.38 s, remaining 853.95 s)
12700000 of 30000000 tuples (42%) done (elapsed 622.99 s, remaining 848.64 s)
12800000 of 30000000 tuples (42%) done (elapsed 627.27 s, remaining 842.90 s)
12900000 of 30000000 tuples (43%) done (elapsed 632.31 s, remaining 838.18 s)
13000000 of 30000000 tuples (43%) done (elapsed 636.44 s, remaining 832.26 s)
13100000 of 30000000 tuples (43%) done (elapsed 641.23 s, remaining 827.24 s)
13200000 of 30000000 tuples (44%) done (elapsed 645.72 s, remaining 821.83 s)
13300000 of 30000000 tuples (44%) done (elapsed 650.47 s, remaining 816.76 s)
13400000 of 30000000 tuples (44%) done (elapsed 654.86 s, remaining 811.24 s)
13500000 of 30000000 tuples (45%) done (elapsed 659.97 s, remaining 806.64 s)
13600000 of 30000000 tuples (45%) done (elapsed 664.14 s, remaining 800.88 s)
13700000 of 30000000 tuples (45%) done (elapsed 668.56 s, remaining 795.44 s)
13800000 of 30000000 tuples (46%) done (elapsed 673.48 s, remaining 790.61 s)
13900000 of 30000000 tuples (46%) done (elapsed 678.15 s, remaining 785.49 s)
14000000 of 30000000 tuples (46%) done (elapsed 682.65 s, remaining 780.17 s)
14100000 of 30000000 tuples (47%) done (elapsed 687.92 s, remaining 775.75 s)
14200000 of 30000000 tuples (47%) done (elapsed 692.38 s, remaining 770.40 s)
14300000 of 30000000 tuples (47%) done (elapsed 696.79 s, remaining 765.01 s)
14400000 of 30000000 tuples (48%) done (elapsed 702.09 s, remaining 760.60 s)
14500000 of 30000000 tuples (48%) done (elapsed 706.96 s, remaining 755.72 s)
14600000 of 30000000 tuples (48%) done (elapsed 711.17 s, remaining 750.13 s)
14700000 of 30000000 tuples (49%) done (elapsed 716.83 s, remaining 746.09 s)
14800000 of 30000000 tuples (49%) done (elapsed 721.34 s, remaining 740.84 s)
14900000 of 30000000 tuples (49%) done (elapsed 725.91 s, remaining 735.66 s)
15000000 of 30000000 tuples (50%) done (elapsed 730.38 s, remaining 730.38 s)
15100000 of 30000000 tuples (50%) done (elapsed 735.47 s, remaining 725.73 s)
15200000 of 30000000 tuples (50%) done (elapsed 739.91 s, remaining 720.44 s)
15300000 of 30000000 tuples (51%) done (elapsed 744.37 s, remaining 715.17 s)
15400000 of 30000000 tuples (51%) done (elapsed 749.18 s, remaining 710.26 s)
15500000 of 30000000 tuples (51%) done (elapsed 753.90 s, remaining 705.27 s)
15600000 of 30000000 tuples (52%) done (elapsed 758.17 s, remaining 699.85 s)
15700000 of 30000000 tuples (52%) done (elapsed 764.06 s, remaining 695.93 s)
15800000 of 30000000 tuples (52%) done (elapsed 768.48 s, remaining 690.66 s)
15900000 of 30000000 tuples (53%) done (elapsed 773.22 s, remaining 685.68 s)
16000000 of 30000000 tuples (53%) done (elapsed 777.86 s, remaining 680.63 s)
16100000 of 30000000 tuples (53%) done (elapsed 782.47 s, remaining 675.55 s)
16200000 of 30000000 tuples (54%) done (elapsed 786.86 s, remaining 670.29 s)
16300000 of 30000000 tuples (54%) done (elapsed 792.11 s, remaining 665.76 s)
16400000 of 30000000 tuples (54%) done (elapsed 796.39 s, remaining 660.42 s)
16500000 of 30000000 tuples (55%) done (elapsed 801.33 s, remaining 655.64 s)
16600000 of 30000000 tuples (55%) done (elapsed 806.29 s, remaining 650.86 s)
16700000 of 30000000 tuples (55%) done (elapsed 810.89 s, remaining 645.80 s)
16800000 of 30000000 tuples (56%) done (elapsed 815.29 s, remaining 640.58 s)
16900000 of 30000000 tuples (56%) done (elapsed 820.54 s, remaining 636.04 s)
17000000 of 30000000 tuples (56%) done (elapsed 824.89 s, remaining 630.79 s)
17100000 of 30000000 tuples (57%) done (elapsed 829.20 s, remaining 625.54 s)
17200000 of 30000000 tuples (57%) done (elapsed 834.41 s, remaining 620.96 s)
17300000 of 30000000 tuples (57%) done (elapsed 838.68 s, remaining 615.68 s)
17400000 of 30000000 tuples (58%) done (elapsed 843.35 s, remaining 610.70 s)
17500000 of 30000000 tuples (58%) done (elapsed 847.55 s, remaining 605.39 s)
17600000 of 30000000 tuples (58%) done (elapsed 853.47 s, remaining 601.31 s)
17700000 of 30000000 tuples (59%) done (elapsed 857.91 s, remaining 596.18 s)
17800000 of 30000000 tuples (59%) done (elapsed 862.87 s, remaining 591.40 s)
17900000 of 30000000 tuples (59%) done (elapsed 867.71 s, remaining 586.55 s)
18000000 of 30000000 tuples (60%) done (elapsed 872.22 s, remaining 581.48 s)
18100000 of 30000000 tuples (60%) done (elapsed 876.63 s, remaining 576.35 s)
18200000 of 30000000 tuples (60%) done (elapsed 882.04 s, remaining 571.87 s)
18300000 of 30000000 tuples (61%) done (elapsed 886.45 s, remaining 566.75 s)
18400000 of 30000000 tuples (61%) done (elapsed 891.20 s, remaining 561.84 s)
18500000 of 30000000 tuples (61%) done (elapsed 898.17 s, remaining 558.32 s)
18600000 of 30000000 tuples (62%) done (elapsed 903.19 s, remaining 553.57 s)
18700000 of 30000000 tuples (62%) done (elapsed 907.43 s, remaining 548.34 s)
18800000 of 30000000 tuples (62%) done (elapsed 912.58 s, remaining 543.67 s)
18900000 of 30000000 tuples (63%) done (elapsed 916.71 s, remaining 538.39 s)
19000000 of 30000000 tuples (63%) done (elapsed 921.19 s, remaining 533.32 s)
19100000 of 30000000 tuples (63%) done (elapsed 926.15 s, remaining 528.54 s)
19200000 of 30000000 tuples (64%) done (elapsed 930.96 s, remaining 523.67 s)
19300000 of 30000000 tuples (64%) done (elapsed 935.28 s, remaining 518.52 s)
19400000 of 30000000 tuples (64%) done (elapsed 940.36 s, remaining 513.81 s)
19500000 of 30000000 tuples (65%) done (elapsed 946.84 s, remaining 509.84 s)
19600000 of 30000000 tuples (65%) done (elapsed 951.82 s, remaining 505.05 s)
19700000 of 30000000 tuples (65%) done (elapsed 956.29 s, remaining 499.99 s)
19800000 of 30000000 tuples (66%) done (elapsed 961.74 s, remaining 495.44 s)
19900000 of 30000000 tuples (66%) done (elapsed 966.07 s, remaining 490.32 s)
20000000 of 30000000 tuples (66%) done (elapsed 970.62 s, remaining 485.31 s)
20100000 of 30000000 tuples (67%) done (elapsed 975.25 s, remaining 480.34 s)
20200000 of 30000000 tuples (67%) done (elapsed 980.00 s, remaining 475.45 s)
20300000 of 30000000 tuples (67%) done (elapsed 984.47 s, remaining 470.41 s)
20400000 of 30000000 tuples (68%) done (elapsed 990.25 s, remaining 466.00 s)
20500000 of 30000000 tuples (68%) done (elapsed 994.50 s, remaining 460.86 s)
20600000 of 30000000 tuples (68%) done (elapsed 999.36 s, remaining 456.02 s)
20700000 of 30000000 tuples (69%) done (elapsed 1004.04 s, remaining 451.09 s)
20800000 of 30000000 tuples (69%) done (elapsed 1008.49 s, remaining 446.06 s)
20900000 of 30000000 tuples (69%) done (elapsed 1012.65 s, remaining 440.92 s)
21000000 of 30000000 tuples (70%) done (elapsed 1017.98 s, remaining 436.28 s)
21100000 of 30000000 tuples (70%) done (elapsed 1022.27 s, remaining 431.19 s)
21200000 of 30000000 tuples (70%) done (elapsed 1026.65 s, remaining 426.16 s)
21300000 of 30000000 tuples (71%) done (elapsed 1032.14 s, remaining 421.58 s)
21400000 of 30000000 tuples (71%) done (elapsed 1037.55 s, remaining 416.96 s)
21500000 of 30000000 tuples (71%) done (elapsed 1041.89 s, remaining 411.91 s)
21600000 of 30000000 tuples (72%) done (elapsed 1048.35 s, remaining 407.69 s)
21700000 of 30000000 tuples (72%) done (elapsed 1053.00 s, remaining 402.76 s)
21800000 of 30000000 tuples (72%) done (elapsed 1057.52 s, remaining 397.78 s)
21900000 of 30000000 tuples (73%) done (elapsed 1062.28 s, remaining 392.90 s)
22000000 of 30000000 tuples (73%) done (elapsed 1067.41 s, remaining 388.15 s)
22100000 of 30000000 tuples (73%) done (elapsed 1071.70 s, remaining 383.09 s)
22200000 of 30000000 tuples (74%) done (elapsed 1076.53 s, remaining 378.24 s)
22300000 of 30000000 tuples (74%) done (elapsed 1082.19 s, remaining 373.67 s)
22400000 of 30000000 tuples (74%) done (elapsed 1086.90 s, remaining 368.77 s)
22500000 of 30000000 tuples (75%) done (elapsed 1091.06 s, remaining 363.69 s)
22600000 of 30000000 tuples (75%) done (elapsed 1095.99 s, remaining 358.86 s)
22700000 of 30000000 tuples (75%) done (elapsed 1100.21 s, remaining 353.81 s)
22800000 of 30000000 tuples (76%) done (elapsed 1105.18 s, remaining 349.00 s)
22900000 of 30000000 tuples (76%) done (elapsed 1111.88 s, remaining 344.73 s)
23000000 of 30000000 tuples (76%) done (elapsed 1116.51 s, remaining 339.81 s)
23100000 of 30000000 tuples (77%) done (elapsed 1120.82 s, remaining 334.79 s)
23200000 of 30000000 tuples (77%) done (elapsed 1126.01 s, remaining 330.04 s)
23300000 of 30000000 tuples (77%) done (elapsed 1130.60 s, remaining 325.11 s)
23400000 of 30000000 tuples (78%) done (elapsed 1134.75 s, remaining 320.06 s)
23500000 of 30000000 tuples (78%) done (elapsed 1139.89 s, remaining 315.29 s)
23600000 of 30000000 tuples (78%) done (elapsed 1144.13 s, remaining 310.27 s)
23700000 of 30000000 tuples (79%) done (elapsed 1148.86 s, remaining 305.39 s)
23800000 of 30000000 tuples (79%) done (elapsed 1153.52 s, remaining 300.50 s)
23900000 of 30000000 tuples (79%) done (elapsed 1157.96 s, remaining 295.55 s)
24000000 of 30000000 tuples (80%) done (elapsed 1162.36 s, remaining 290.59 s)
24100000 of 30000000 tuples (80%) done (elapsed 1167.89 s, remaining 285.92 s)
24200000 of 30000000 tuples (80%) done (elapsed 1174.61 s, remaining 281.52 s)
24300000 of 30000000 tuples (81%) done (elapsed 1179.39 s, remaining 276.65 s)
24400000 of 30000000 tuples (81%) done (elapsed 1183.41 s, remaining 271.60 s)
24500000 of 30000000 tuples (81%) done (elapsed 1188.38 s, remaining 266.78 s)
24600000 of 30000000 tuples (82%) done (elapsed 1192.69 s, remaining 261.81 s)
24700000 of 30000000 tuples (82%) done (elapsed 1197.13 s, remaining 256.87 s)
24800000 of 30000000 tuples (82%) done (elapsed 1201.94 s, remaining 252.02 s)
24900000 of 30000000 tuples (83%) done (elapsed 1206.85 s, remaining 247.19 s)
25000000 of 30000000 tuples (83%) done (elapsed 1211.26 s, remaining 242.25 s)
25100000 of 30000000 tuples (83%) done (elapsed 1216.56 s, remaining 237.50 s)
25200000 of 30000000 tuples (84%) done (elapsed 1220.66 s, remaining 232.51 s)
25300000 of 30000000 tuples (84%) done (elapsed 1225.09 s, remaining 227.59 s)
25400000 of 30000000 tuples (84%) done (elapsed 1229.85 s, remaining 222.73 s)
25500000 of 30000000 tuples (85%) done (elapsed 1234.68 s, remaining 217.88 s)
25600000 of 30000000 tuples (85%) done (elapsed 1240.75 s, remaining 213.25 s)
25700000 of 30000000 tuples (85%) done (elapsed 1246.77 s, remaining 208.60 s)
25800000 of 30000000 tuples (86%) done (elapsed 1251.96 s, remaining 203.81 s)
25900000 of 30000000 tuples (86%) done (elapsed 1256.74 s, remaining 198.94 s)
26000000 of 30000000 tuples (86%) done (elapsed 1262.18 s, remaining 194.18 s)
26100000 of 30000000 tuples (87%) done (elapsed 1267.76 s, remaining 189.44 s)
26200000 of 30000000 tuples (87%) done (elapsed 1272.56 s, remaining 184.57 s)
26300000 of 30000000 tuples (87%) done (elapsed 1277.80 s, remaining 179.77 s)
26400000 of 30000000 tuples (88%) done (elapsed 1282.34 s, remaining 174.86 s)
26500000 of 30000000 tuples (88%) done (elapsed 1287.01 s, remaining 169.98 s)
26600000 of 30000000 tuples (88%) done (elapsed 1291.79 s, remaining 165.12 s)
26700000 of 30000000 tuples (89%) done (elapsed 1297.59 s, remaining 160.38 s)
26800000 of 30000000 tuples (89%) done (elapsed 1301.66 s, remaining 155.42 s)
26900000 of 30000000 tuples (89%) done (elapsed 1306.27 s, remaining 150.54 s)
27000000 of 30000000 tuples (90%) done (elapsed 1311.70 s, remaining 145.74 s)
27100000 of 30000000 tuples (90%) done (elapsed 1316.55 s, remaining 140.89 s)
27200000 of 30000000 tuples (90%) done (elapsed 1320.91 s, remaining 135.98 s)
27300000 of 30000000 tuples (91%) done (elapsed 1327.08 s, remaining 131.25 s)
27400000 of 30000000 tuples (91%) done (elapsed 1331.47 s, remaining 126.34 s)
27500000 of 30000000 tuples (91%) done (elapsed 1336.12 s, remaining 121.47 s)
27600000 of 30000000 tuples (92%) done (elapsed 1341.11 s, remaining 116.62 s)
27700000 of 30000000 tuples (92%) done (elapsed 1345.51 s, remaining 111.72 s)
27800000 of 30000000 tuples (92%) done (elapsed 1350.04 s, remaining 106.84 s)
27900000 of 30000000 tuples (93%) done (elapsed 1356.21 s, remaining 102.08 s)
28000000 of 30000000 tuples (93%) done (elapsed 1361.49 s, remaining 97.25 s)
28100000 of 30000000 tuples (93%) done (elapsed 1366.02 s, remaining 92.36 s)
28200000 of 30000000 tuples (94%) done (elapsed 1371.72 s, remaining 87.56 s)
28300000 of 30000000 tuples (94%) done (elapsed 1376.28 s, remaining 82.67 s)
28400000 of 30000000 tuples (94%) done (elapsed 1380.56 s, remaining 77.78 s)
28500000 of 30000000 tuples (95%) done (elapsed 1386.24 s, remaining 72.96 s)
28600000 of 30000000 tuples (95%) done (elapsed 1390.61 s, remaining 68.07 s)
28700000 of 30000000 tuples (95%) done (elapsed 1395.08 s, remaining 63.19 s)
28800000 of 30000000 tuples (96%) done (elapsed 1400.05 s, remaining 58.34 s)
28900000 of 30000000 tuples (96%) done (elapsed 1406.04 s, remaining 53.52 s)
29000000 of 30000000 tuples (96%) done (elapsed 1410.24 s, remaining 48.63 s)
29100000 of 30000000 tuples (97%) done (elapsed 1415.37 s, remaining 43.77 s)
29200000 of 30000000 tuples (97%) done (elapsed 1420.71 s, remaining 38.92 s)
29300000 of 30000000 tuples (97%) done (elapsed 1425.72 s, remaining 34.06 s)
29400000 of 30000000 tuples (98%) done (elapsed 1429.95 s, remaining 29.18 s)
29500000 of 30000000 tuples (98%) done (elapsed 1436.48 s, remaining 24.35 s)
29600000 of 30000000 tuples (98%) done (elapsed 1440.93 s, remaining 19.47 s)
29700000 of 30000000 tuples (99%) done (elapsed 1445.13 s, remaining 14.60 s)
29800000 of 30000000 tuples (99%) done (elapsed 1450.26 s, remaining 9.73 s)
29900000 of 30000000 tuples (99%) done (elapsed 1454.53 s, remaining 4.86 s)
30000000 of 30000000 tuples (100%) done (elapsed 1459.20 s, remaining 0.00 s)
vacuum...
set primary keys...
NOTICE:  ALTER TABLE / ADD PRIMARY KEY will create implicit index "pgbench_branches_pkey" for table "pgbench_branches"
NOTICE:  ALTER TABLE / ADD PRIMARY KEY will create implicit index "pgbench_tellers_pkey" for table "pgbench_tellers"
NOTICE:  ALTER TABLE / ADD PRIMARY KEY will create implicit index "pgbench_accounts_pkey" for table "pgbench_accounts"
done.
starting vacuum...end.
transaction type: <builtin: TPC-B (sort of)>
scaling factor: 300
query mode: simple
number of clients: 32
number of threads: 4
duration: 60 s
number of transactions actually processed: 2446
latency average: 784.955 ms
tps = 40.348553 (including connections establishing)
tps = 40.349846 (excluding connections establishing)
script statistics:
 - statement latencies in milliseconds:
         0.003  \set aid random(1, 100000 * :scale)
         0.001  \set bid random(1, 1 * :scale)
         0.001  \set tid random(1, 10 * :scale)
         0.001  \set delta random(-5000, 5000)
         0.100  BEGIN;
       286.500  UPDATE pgbench_accounts SET abalance = abalance + :delta WHERE aid = :aid;
         1.748  SELECT abalance FROM pgbench_accounts WHERE aid = :aid;
       170.474  UPDATE pgbench_tellers SET tbalance = tbalance + :delta WHERE tid = :tid;
       133.543  UPDATE pgbench_branches SET bbalance = bbalance + :delta WHERE bid = :bid;
        64.216  INSERT INTO pgbench_history (tid, bid, aid, delta, mtime) VALUES (:tid, :bid, :aid, :delta, CURRENT_TIMESTAMP);
       136.266  END;
starting vacuum...end.
transaction type: <builtin: TPC-B (sort of)>
scaling factor: 300
query mode: simple
number of clients: 32
number of threads: 4
duration: 60 s
number of transactions actually processed: 1878
latency average: 1022.364 ms
tps = 30.922247 (including connections establishing)
tps = 30.922991 (excluding connections establishing)
script statistics:
 - statement latencies in milliseconds:
         0.002  \set aid random(1, 100000 * :scale)
         0.001  \set bid random(1, 1 * :scale)
         0.001  \set tid random(1, 10 * :scale)
         0.001  \set delta random(-5000, 5000)
         0.119  BEGIN;
       529.593  UPDATE pgbench_accounts SET abalance = abalance + :delta WHERE aid = :aid;
         1.894  SELECT abalance FROM pgbench_accounts WHERE aid = :aid;
       178.378  UPDATE pgbench_tellers SET tbalance = tbalance + :delta WHERE tid = :tid;
       122.372  UPDATE pgbench_branches SET bbalance = bbalance + :delta WHERE bid = :bid;
        49.835  INSERT INTO pgbench_history (tid, bid, aid, delta, mtime) VALUES (:tid, :bid, :aid, :delta, CURRENT_TIMESTAMP);
       151.975  END;
starting vacuum...end.
transaction type: <builtin: TPC-B (sort of)>
scaling factor: 300
query mode: simple
number of clients: 32
number of threads: 4
duration: 900 s
number of transactions actually processed: 29275
latency average: 983.775 ms
tps = 31.971421 (including connections establishing)
tps = 31.971472 (excluding connections establishing)
script statistics:
 - statement latencies in milliseconds:
         0.002  \set aid random(1, 100000 * :scale)
         0.001  \set bid random(1, 1 * :scale)
         0.001  \set tid random(1, 10 * :scale)
         0.001  \set delta random(-5000, 5000)
         0.137  BEGIN;
       550.430  UPDATE pgbench_accounts SET abalance = abalance + :delta WHERE aid = :aid;
         0.847  SELECT abalance FROM pgbench_accounts WHERE aid = :aid;
       169.072  UPDATE pgbench_tellers SET tbalance = tbalance + :delta WHERE tid = :tid;
        82.339  UPDATE pgbench_branches SET bbalance = bbalance + :delta WHERE bid = :bid;
        32.643  INSERT INTO pgbench_history (tid, bid, aid, delta, mtime) VALUES (:tid, :bid, :aid, :delta, CURRENT_TIMESTAMP);
       159.542  END;
========================================================================
Testing 2006-08-18-REL8_2_0~672
Start Time: 2016-07-30 17:32:59+00:00
Linux 3.16.0-4-amd64 (Debian-83-jessie-64-minimal) 	30.07.16 	_x86_64_	(8 CPU)

starting vacuum...end.
transaction type: <builtin: TPC-B (sort of)>
scaling factor: 300
query mode: simple
number of clients: 32
number of threads: 4
duration: 900 s
number of transactions actually processed: 31367
latency average: 918.162 ms
tps = 34.835548 (including connections establishing)
tps = 34.835604 (excluding connections establishing)
script statistics:
 - statement latencies in milliseconds:
         0.002  \set aid random(1, 100000 * :scale)
         0.001  \set bid random(1, 1 * :scale)
         0.001  \set tid random(1, 10 * :scale)
         0.001  \set delta random(-5000, 5000)
         0.130  BEGIN;
       439.994  UPDATE pgbench_accounts SET abalance = abalance + :delta WHERE aid = :aid;
         0.687  SELECT abalance FROM pgbench_accounts WHERE aid = :aid;
       173.981  UPDATE pgbench_tellers SET tbalance = tbalance + :delta WHERE tid = :tid;
       103.359  UPDATE pgbench_branches SET bbalance = bbalance + :delta WHERE bid = :bid;
        44.517  INSERT INTO pgbench_history (tid, bid, aid, delta, mtime) VALUES (:tid, :bid, :aid, :delta, CURRENT_TIMESTAMP);
       156.453  END;
avg-cpu:  %user   %nice %system %iowait  %steal   %idle
           0,42    0,00    0,23    9,82    0,00   89,52

Device:         rrqm/s   wrqm/s     r/s     w/s    rkB/s    wkB/s avgrq-sz avgqu-sz   await r_await w_await  svctm  %util
sdb               0,00     1,78    6,29  150,40    53,70  1239,43    16,51    20,99  133,97   23,98  138,58   4,04  63,38
sda               0,01     1,77   22,51  150,40   193,13  1239,43    16,57    13,88   80,26   29,50   87,86   4,63  79,98
md0               0,00     0,00    0,11    0,00     0,44     0,00     8,00     0,00    0,00    0,00    0,00   0,00   0,00
md1               0,00     0,00    0,00    0,00     0,00     0,00     0,00     0,00    0,00    0,00    0,00   0,00   0,00
md2               0,00     0,00   28,70  151,39   246,39  1237,48    16,48     0,00    0,00    0,00    0,00   0,00   0,00
md3               0,00     0,00    0,00    0,01     0,00     0,04     8,00     0,00    0,00    0,00    0,00   0,00   0,00

End Time: 2016-07-30 17:48:29+00:00
========================================================================
========================================================================
Testing 2006-08-18-REL8_2_0~672
Start Time: 2016-08-04 21:18:31+00:00
Shared Buffers:  1048576
starting vacuum...Linux 3.16.0-4-amd64 (Debian-83-jessie-64-minimal) 	04.08.16 	_x86_64_	(8 CPU)

end.
transaction type: <builtin: TPC-B (sort of)>
scaling factor: 300
query mode: simple
number of clients: 32
number of threads: 4
duration: 900 s
number of transactions actually processed: 30621
latency average: 940.531 ms
tps = 34.006193 (including connections establishing)
tps = 34.006254 (excluding connections establishing)
script statistics:
 - statement latencies in milliseconds:
         0.002  \set aid random(1, 100000 * :scale)
         0.001  \set bid random(1, 1 * :scale)
         0.001  \set tid random(1, 10 * :scale)
         0.001  \set delta random(-5000, 5000)
         0.112  BEGIN;
       434.065  UPDATE pgbench_accounts SET abalance = abalance + :delta WHERE aid = :aid;
         0.417  SELECT abalance FROM pgbench_accounts WHERE aid = :aid;
       172.370  UPDATE pgbench_tellers SET tbalance = tbalance + :delta WHERE tid = :tid;
       118.875  UPDATE pgbench_branches SET bbalance = bbalance + :delta WHERE bid = :bid;
        50.220  INSERT INTO pgbench_history (tid, bid, aid, delta, mtime) VALUES (:tid, :bid, :aid, :delta, CURRENT_TIMESTAMP);
       165.404  END;
avg-cpu:  %user   %nice %system %iowait  %steal   %idle
           0,43    0,00    0,24    9,98    0,00   89,36

Device:         rrqm/s   wrqm/s     r/s     w/s    rkB/s    wkB/s avgrq-sz avgqu-sz   await r_await w_await  svctm  %util
sdb               0,00     1,00    5,18  149,16    43,78  1222,87    16,41    20,17  130,68   22,43  134,44   3,95  60,90
sda               0,00     1,00   22,81  149,16   195,17  1222,87    16,49    19,30  112,20   29,67  124,83   4,82  82,92
md0               0,00     0,00    0,00    0,05     0,02     0,19     8,00     0,00    0,00    0,00    0,00   0,00   0,00
md1               0,00     0,00    0,00    0,00     0,00     0,00     0,00     0,00    0,00    0,00    0,00   0,00   0,00
md2               0,00     0,00   27,98  149,56   238,93  1221,34    16,45     0,00    0,00    0,00    0,00   0,00   0,00
md3               0,00     0,00    0,00    0,01     0,00     0,04     8,00     0,00    0,00    0,00    0,00   0,00   0,00

End Time: 2016-08-04 21:34:01+00:00
========================================================================
========================================================================
Testing 2006-08-18-REL8_2_0~672
Start Time: 2016-08-07 09:42:16+00:00
Shared Buffers:  260000
Linux 3.16.0-4-amd64 (Debian-83-jessie-64-minimal) 	07.08.16 	_x86_64_	(8 CPU)

starting vacuum...end.
transaction type: <builtin: TPC-B (sort of)>
scaling factor: 300
query mode: simple
number of clients: 32
number of threads: 4
duration: 900 s
number of transactions actually processed: 26636
latency average: 1081.243 ms
tps = 29.422927 (including connections establishing)
tps = 29.422977 (excluding connections establishing)
script statistics:
 - statement latencies in milliseconds:
         0.002  \set aid random(1, 100000 * :scale)
         0.001  \set bid random(1, 1 * :scale)
         0.001  \set tid random(1, 10 * :scale)
         0.001  \set delta random(-5000, 5000)
         0.119  BEGIN;
       534.442  UPDATE pgbench_accounts SET abalance = abalance + :delta WHERE aid = :aid;
         0.392  SELECT abalance FROM pgbench_accounts WHERE aid = :aid;
       198.889  UPDATE pgbench_tellers SET tbalance = tbalance + :delta WHERE tid = :tid;
       116.032  UPDATE pgbench_branches SET bbalance = bbalance + :delta WHERE bid = :bid;
        46.459  INSERT INTO pgbench_history (tid, bid, aid, delta, mtime) VALUES (:tid, :bid, :aid, :delta, CURRENT_TIMESTAMP);
       190.074  END;
avg-cpu:  %user   %nice %system %iowait  %steal   %idle
           0,36    0,00    0,21   10,00    0,00   89,43

Device:         rrqm/s   wrqm/s     r/s     w/s    rkB/s    wkB/s avgrq-sz avgqu-sz   await r_await w_await  svctm  %util
sdb               0,00     1,50    4,95  132,38    41,49  1065,77    16,13    17,78  129,49   28,84  133,25   4,90  67,24
sda               0,01     1,50   20,25  132,38   169,83  1065,77    16,19    24,41  159,90   32,08  179,45   5,52  84,30
md0               0,00     0,00    0,11    0,00     0,44     0,00     8,00     0,00    0,00    0,00    0,00   0,00   0,00
md1               0,00     0,00    0,00    0,00     0,00     0,00     0,00     0,00    0,00    0,00    0,00   0,00   0,00
md2               0,00     0,00   25,10  133,21   210,88  1064,06    16,11     0,00    0,00    0,00    0,00   0,00   0,00
md3               0,00     0,00    0,00    0,01     0,00     0,04     8,00     0,00    0,00    0,00    0,00   0,00   0,00

Control File Changes
--- /usr/local/oldpgsql/2006-08-18-REL8_2_0~672/before.controldata	2016-08-07 11:42:16.077988083 +0200
+++ /usr/local/oldpgsql/2006-08-18-REL8_2_0~672/after.controldata	2016-08-07 11:57:47.906303450 +0200
@@ -2,19 +2,19 @@
 Catalog version number:               200608171
 Database system identifier:           6255422935239999100
 Database cluster state:               in production
-pg_control last modified:             нд, 07-сер-2016 11:42:16 +0200
+pg_control last modified:             нд, 07-сер-2016 11:57:47 +0200
 Current log file ID:                  3
-Next log file segment:                107
-Latest checkpoint location:           3/6AA81570
-Prior checkpoint location:            3/6AA81520
-Latest checkpoint's REDO location:    3/6AA81570
+Next log file segment:                133
+Latest checkpoint location:           3/84156C68
+Prior checkpoint location:            3/84156C18
+Latest checkpoint's REDO location:    3/84156C68
 Latest checkpoint's UNDO location:    0/0
 Latest checkpoint's TimeLineID:       1
-Latest checkpoint's NextXID:          100918
-Latest checkpoint's NextOID:          16451
+Latest checkpoint's NextXID:          127597
+Latest checkpoint's NextOID:          24643
 Latest checkpoint's NextMultiXactId:  1
 Latest checkpoint's NextMultiOffset:  0
-Time of latest checkpoint:            нд, 07-сер-2016 11:42:15 +0200
+Time of latest checkpoint:            нд, 07-сер-2016 11:57:46 +0200
 Minimum recovery ending location:     0/0
 Maximum data alignment:               8
 Database block size:                  8192
End Time: 2016-08-07 09:57:47+00:00
========================================================================
========================================================================
Testing 2006-08-18-REL8_2_0~672
Start Time: 2016-08-08 22:42:36+00:00
Shared Buffers:  260000
size before pgbench of pgbench_tellers: 1992
size before pgbench of pgbench_branches: 1448
size before pgbench of pgbench_accounts: 1009772
size before pgbench of pgbench_branches_pkey: 40
size before pgbench of pgbench_tellers_pkey: 168
size before pgbench of pgbench_accounts_pkey: 658092
size before pgbench of pgbench_history: 1752
total size before pgbench: 1673264
Linux 3.16.0-4-amd64 (Debian-83-jessie-64-minimal) 	09.08.16 	_x86_64_	(8 CPU)

starting vacuum...end.
transaction type: <builtin: select only>
scaling factor: 300
query mode: simple
number of clients: 32
number of threads: 4
duration: 60 s
number of transactions actually processed: 67456
latency average: 28.463 ms
tps = 1122.757587 (including connections establishing)
tps = 1122.785797 (excluding connections establishing)
script statistics:
 - statement latencies in milliseconds:
         0.002  \set aid random(1, 100000 * :scale)
        28.479  SELECT abalance FROM pgbench_accounts WHERE aid = :aid;
avg-cpu:  %user   %nice %system %iowait  %steal   %idle
           1,11    0,00    0,62   26,60    0,00   71,66

Device:         rrqm/s   wrqm/s     r/s     w/s    rkB/s    wkB/s avgrq-sz avgqu-sz   await r_await w_await  svctm  %util
sdb               1,01     0,80  263,56   10,76  2440,04    96,71    18,50    12,77   46,54   41,76  163,76   2,60  71,20
sda               1,17     0,81  270,31   10,74  2507,69    96,71    18,53    42,41  150,89   41,62 2899,84   2,58  72,59
md0               0,00     0,00    3,59    0,00    14,36     0,00     8,00     0,00    0,00    0,00    0,00   0,00   0,00
md1               0,00     0,00    0,00    0,00     0,00     0,00     0,00     0,00    0,00    0,00    0,00   0,00   0,00
md2               0,00     0,00  532,46   10,53  4933,38    94,27    18,52     0,00    0,00    0,00    0,00   0,00   0,00
md3               0,00     0,00    0,00    0,11     0,00     0,44     8,00     0,00    0,00    0,00    0,00   0,00   0,00

Control File Changes
--- /usr/local/oldpgsql/2006-08-18-REL8_2_0~672/before.controldata	2016-08-09 00:43:54.060110213 +0200
+++ /usr/local/oldpgsql/2006-08-18-REL8_2_0~672/after.controldata	2016-08-09 00:45:24.396346958 +0200
@@ -5 +5 @@
-pg_control last modified:             Mon Aug  8 22:43:53 2016
+pg_control last modified:             Mon Aug  8 22:45:24 2016
@@ -8,3 +8,3 @@
-Latest checkpoint location:           3/84156D08
-Prior checkpoint location:            3/84156CB8
-Latest checkpoint's REDO location:    3/84156D08
+Latest checkpoint location:           3/841D9CA0
+Prior checkpoint location:            3/84156D08
+Latest checkpoint's REDO location:    3/841D9CA0
@@ -13,2 +13,2 @@
-Latest checkpoint's NextXID:          127629
-Latest checkpoint's NextOID:          16452
+Latest checkpoint's NextXID:          195128
+Latest checkpoint's NextOID:          24644
@@ -17 +17 @@
-Time of latest checkpoint:            Mon Aug  8 22:43:53 2016
+Time of latest checkpoint:            Mon Aug  8 22:45:24 2016
size after pgbench of pgbench_tellers: 1992
size after pgbench of pgbench_branches: 1448
size after pgbench of pgbench_accounts: 1009772
size after pgbench of pgbench_branches_pkey: 40
size after pgbench of pgbench_tellers_pkey: 168
size after pgbench of pgbench_accounts_pkey: 658092
size after pgbench of pgbench_history: 0
total size after pgbench: 1671512
End Time: 2016-08-08 22:45:24+00:00
========================================================================
========================================================================
Testing 2006-08-18-REL8_2_0~672
Start Time: 2016-08-09 15:36:14+00:00
Shared Buffers:  260000
size before pgbench of pgbench_tellers: 1992
size before pgbench of pgbench_branches: 1448
size before pgbench of pgbench_accounts: 1009772
size before pgbench of pgbench_branches_pkey: 40
size before pgbench of pgbench_tellers_pkey: 168
size before pgbench of pgbench_accounts_pkey: 658092
size before pgbench of pgbench_history: 0
total size before pgbench: 1671512
Linux 3.16.0-4-amd64 (Debian-83-jessie-64-minimal) 	09.08.16 	_x86_64_	(8 CPU)

starting vacuum...end.
transaction type: <builtin: select only>
scaling factor: 300
query mode: simple
number of clients: 32
number of threads: 4
duration: 60 s
number of transactions actually processed: 66053
latency average: 29.068 ms
tps = 1099.128867 (including connections establishing)
tps = 1099.165461 (excluding connections establishing)
script statistics:
 - statement latencies in milliseconds:
         0.002  \set aid random(1, 100000 * :scale)
        29.095  SELECT abalance FROM pgbench_accounts WHERE aid = :aid;
avg-cpu:  %user   %nice %system %iowait  %steal   %idle
           1,11    0,00    0,62   23,29    0,00   74,98

Device:         rrqm/s   wrqm/s     r/s     w/s    rkB/s    wkB/s avgrq-sz avgqu-sz   await r_await w_await  svctm  %util
sdb               0,06     0,49  260,90    3,11  2435,33    18,34    18,59    18,65   70,62   43,32 2360,30   2,55  67,45
sda               0,49     0,49  265,61    3,11  2473,69    18,34    18,55    20,82   77,48   46,00 2765,86   2,52  67,64
md0               0,00     0,00    0,82    0,00     3,29     0,00     8,00     0,00    0,00    0,00    0,00   0,00   0,00
md1               0,00     0,00    0,00    0,00     0,00     0,00     0,00     0,00    0,00    0,00    0,00   0,00   0,00
md2               0,00     0,00  526,26    2,50  4905,73    15,69    18,62     0,00    0,00    0,00    0,00   0,00   0,00
md3               0,00     0,00    0,00    0,10     0,00     0,40     8,00     0,00    0,00    0,00    0,00   0,00   0,00

Control File Changes
--- /usr/local/oldpgsql/2006-08-18-REL8_2_0~672/before.controldata	2016-08-09 17:36:53.882343366 +0200
+++ /usr/local/oldpgsql/2006-08-18-REL8_2_0~672/after.controldata	2016-08-09 17:38:24.722664808 +0200
@@ -5 +5 @@
-pg_control last modified:             Tue Aug  9 15:36:53 2016
+pg_control last modified:             Tue Aug  9 15:38:24 2016
@@ -8,3 +8,3 @@
-Latest checkpoint location:           3/841D9D40
-Prior checkpoint location:            3/841D9CF0
-Latest checkpoint's REDO location:    3/841D9D40
+Latest checkpoint location:           3/841DF1D0
+Prior checkpoint location:            3/841D9D40
+Latest checkpoint's REDO location:    3/841DF1D0
@@ -13,2 +13,2 @@
-Latest checkpoint's NextXID:          195162
-Latest checkpoint's NextOID:          16453
+Latest checkpoint's NextXID:          261258
+Latest checkpoint's NextOID:          24645
@@ -17 +17 @@
-Time of latest checkpoint:            Tue Aug  9 15:36:53 2016
+Time of latest checkpoint:            Tue Aug  9 15:38:23 2016
size after pgbench of pgbench_tellers: 1992
size after pgbench of pgbench_branches: 1448
size after pgbench of pgbench_accounts: 1009772
size after pgbench of pgbench_branches_pkey: 40
size after pgbench of pgbench_tellers_pkey: 168
size after pgbench of pgbench_accounts_pkey: 658092
size after pgbench of pgbench_history: 0
total size after pgbench: 1671512
End Time: 2016-08-09 15:38:24+00:00
========================================================================
========================================================================
Testing 2006-08-18-REL8_2_0~672
Start Time: 2016-08-10 07:50:51+00:00
Shared Buffers:  260000
size before pgbench of pgbench_tellers: 1992
size before pgbench of pgbench_branches: 1448
size before pgbench of pgbench_accounts: 1009772
size before pgbench of pgbench_branches_pkey: 40
size before pgbench of pgbench_tellers_pkey: 168
size before pgbench of pgbench_accounts_pkey: 658092
size before pgbench of pgbench_history: 0
total size before pgbench: 1671512
Linux 3.16.0-4-amd64 (Debian-83-jessie-64-minimal) 	10.08.16 	_x86_64_	(8 CPU)

starting vacuum...end.
transaction type: <builtin: select only>
scaling factor: 300
query mode: simple
number of clients: 32
number of threads: 4
duration: 60 s
number of transactions actually processed: 66506
latency average: 28.870 ms
tps = 1106.818946 (including connections establishing)
tps = 1106.844607 (excluding connections establishing)
script statistics:
 - statement latencies in milliseconds:
         0.002  \set aid random(1, 100000 * :scale)
        28.908  SELECT abalance FROM pgbench_accounts WHERE aid = :aid;
avg-cpu:  %user   %nice %system %iowait  %steal   %idle
           1,09    0,00    0,64   24,50    0,00   73,77

Device:         rrqm/s   wrqm/s     r/s     w/s    rkB/s    wkB/s avgrq-sz avgqu-sz   await r_await w_await  svctm  %util
sdb               0,00     0,51  257,82    3,30  2380,09    20,84    18,39    29,94  114,68   43,38 5684,77   2,57  67,19
sda               0,08     0,52  266,79    3,29  2470,80    20,84    18,45    36,36  134,63   45,29 7382,09   2,50  67,43
md0               0,00     0,00    0,09    0,01     0,36     0,04     8,00     0,00    0,00    0,00    0,00   0,00   0,00
md1               0,00     0,00    0,00    0,00     0,00     0,00     0,00     0,00    0,00    0,00    0,00   0,00   0,00
md2               0,00     0,00  524,62    2,77  4850,53    18,00    18,46     0,00    0,00    0,00    0,00   0,00   0,00
md3               0,00     0,00    0,00    0,12     0,00     0,49     8,00     0,00    0,00    0,00    0,00   0,00   0,00

Control File Changes
--- /usr/local/oldpgsql/2006-08-18-REL8_2_0~672/before.controldata	2016-08-10 09:51:32.232467075 +0200
+++ /usr/local/oldpgsql/2006-08-18-REL8_2_0~672/after.controldata	2016-08-10 09:53:03.272659252 +0200
@@ -5 +5 @@
-pg_control last modified:             Wed Aug 10 07:51:32 2016
+pg_control last modified:             Wed Aug 10 07:53:03 2016
@@ -8,3 +8,3 @@
-Latest checkpoint location:           3/841DF270
-Prior checkpoint location:            3/841DF220
-Latest checkpoint's REDO location:    3/841DF270
+Latest checkpoint location:           3/841E4840
+Prior checkpoint location:            3/841DF270
+Latest checkpoint's REDO location:    3/841E4840
@@ -13,2 +13,2 @@
-Latest checkpoint's NextXID:          261292
-Latest checkpoint's NextOID:          16454
+Latest checkpoint's NextXID:          327841
+Latest checkpoint's NextOID:          24646
@@ -17 +17 @@
-Time of latest checkpoint:            Wed Aug 10 07:51:31 2016
+Time of latest checkpoint:            Wed Aug 10 07:53:02 2016
size after pgbench of pgbench_tellers: 1992
size after pgbench of pgbench_branches: 1448
size after pgbench of pgbench_accounts: 1009772
size after pgbench of pgbench_branches_pkey: 40
size after pgbench of pgbench_tellers_pkey: 168
size after pgbench of pgbench_accounts_pkey: 658092
size after pgbench of pgbench_history: 0
total size after pgbench: 1671512
End Time: 2016-08-10 07:53:03+00:00
========================================================================
========================================================================
Testing 2006-08-18-REL8_2_0~672
Start Time: 2016-08-11 01:46:48+00:00
Shared Buffers:  260000
size before pgbench of pgbench_tellers: 1992
size before pgbench of pgbench_branches: 1448
size before pgbench of pgbench_accounts: 1009772
size before pgbench of pgbench_branches_pkey: 40
size before pgbench of pgbench_tellers_pkey: 168
size before pgbench of pgbench_accounts_pkey: 658092
size before pgbench of pgbench_history: 0
total size before pgbench: 1671512
Linux 3.16.0-4-amd64 (Debian-83-jessie-64-minimal) 	11.08.16 	_x86_64_	(8 CPU)

starting vacuum...end.
transaction type: <builtin: select only>
scaling factor: 300
query mode: simple
number of clients: 32
number of threads: 4
duration: 60 s
number of transactions actually processed: 66799
latency average: 28.743 ms
tps = 1111.430292 (including connections establishing)
tps = 1111.456272 (excluding connections establishing)
script statistics:
 - statement latencies in milliseconds:
         0.002  \set aid random(1, 100000 * :scale)
        28.779  SELECT abalance FROM pgbench_accounts WHERE aid = :aid;
avg-cpu:  %user   %nice %system %iowait  %steal   %idle
           1,10    0,00    0,63   23,49    0,00   74,78

Device:         rrqm/s   wrqm/s     r/s     w/s    rkB/s    wkB/s avgrq-sz avgqu-sz   await r_await w_await  svctm  %util
sdb               0,00     0,46  262,86    2,72  2439,64    15,48    18,49    24,81   93,42   44,43 4824,20   2,54  67,42
sda               0,03     0,46  263,74    2,72  2436,93    15,48    18,41    29,90  112,20   44,28 6693,50   2,53  67,49
md0               0,00     0,00    0,04    0,02     0,18     0,09     8,00     0,00    0,00    0,00    0,00   0,00   0,00
md1               0,00     0,00    0,00    0,00     0,00     0,00     0,00     0,00    0,00    0,00    0,00   0,00   0,00
md2               0,00     0,00  526,59    2,10  4876,40    12,84    18,50     0,00    0,00    0,00    0,00   0,00   0,00
md3               0,00     0,00    0,00    0,11     0,00     0,44     8,00     0,00    0,00    0,00    0,00   0,00   0,00

Control File Changes
--- /usr/local/oldpgsql/2006-08-18-REL8_2_0~672/before.controldata	2016-08-11 03:47:27.791087154 +0200
+++ /usr/local/oldpgsql/2006-08-18-REL8_2_0~672/after.controldata	2016-08-11 03:48:58.523361052 +0200
@@ -5 +5 @@
-pg_control last modified:             Thu Aug 11 01:47:27 2016
+pg_control last modified:             Thu Aug 11 01:48:58 2016
@@ -8,3 +8,3 @@
-Latest checkpoint location:           3/841E48E0
-Prior checkpoint location:            3/841E4890
-Latest checkpoint's REDO location:    3/841E48E0
+Latest checkpoint location:           3/841E9F98
+Prior checkpoint location:            3/841E48E0
+Latest checkpoint's REDO location:    3/841E9F98
@@ -13,2 +13,2 @@
-Latest checkpoint's NextXID:          327875
-Latest checkpoint's NextOID:          16455
+Latest checkpoint's NextXID:          394717
+Latest checkpoint's NextOID:          24647
@@ -17 +17 @@
-Time of latest checkpoint:            Thu Aug 11 01:47:27 2016
+Time of latest checkpoint:            Thu Aug 11 01:48:57 2016
size after pgbench of pgbench_tellers: 1992
size after pgbench of pgbench_branches: 1448
size after pgbench of pgbench_accounts: 1009772
size after pgbench of pgbench_branches_pkey: 40
size after pgbench of pgbench_tellers_pkey: 168
size after pgbench of pgbench_accounts_pkey: 658092
size after pgbench of pgbench_history: 0
total size after pgbench: 1671512
End Time: 2016-08-11 01:48:58+00:00
========================================================================
========================================================================
Testing 2006-08-18-REL8_2_0~672
Start Time: 2016-08-12 00:59:27+00:00
Shared Buffers:  260000
size before pgbench of pgbench_tellers: 1992
size before pgbench of pgbench_branches: 1448
size before pgbench of pgbench_accounts: 1009772
size before pgbench of pgbench_branches_pkey: 40
size before pgbench of pgbench_tellers_pkey: 168
size before pgbench of pgbench_accounts_pkey: 658092
size before pgbench of pgbench_history: 0
total size before pgbench: 1671512
Linux 3.16.0-4-amd64 (Debian-83-jessie-64-minimal) 	12.08.16 	_x86_64_	(8 CPU)

starting vacuum...end.
transaction type: <builtin: select only>
scaling factor: 300
query mode: simple
number of clients: 32
number of threads: 4
duration: 60 s
number of transactions actually processed: 66258
latency average: 28.978 ms
tps = 1103.088882 (including connections establishing)
tps = 1103.114722 (excluding connections establishing)
script statistics:
 - statement latencies in milliseconds:
         0.002  \set aid random(1, 100000 * :scale)
        29.003  SELECT abalance FROM pgbench_accounts WHERE aid = :aid;
avg-cpu:  %user   %nice %system %iowait  %steal   %idle
           1,07    0,00    0,61   23,24    0,00   75,08

Device:         rrqm/s   wrqm/s     r/s     w/s    rkB/s    wkB/s avgrq-sz avgqu-sz   await r_await w_await  svctm  %util
sdb               0,00     0,46  257,42    2,80  2372,76    16,54    18,36    14,58   56,03   42,92 1260,81   2,58  67,09
sda               0,02     0,46  268,46    2,80  2497,56    16,54    18,54    33,23  122,50   46,09 7448,08   2,49  67,44
md0               0,00     0,00    0,04    0,00     0,18     0,00     8,00     0,00    0,00    0,00    0,00   0,00   0,00
md1               0,00     0,00    0,00    0,00     0,00     0,00     0,00     0,00    0,00    0,00    0,00   0,00   0,00
md2               0,00     0,00  525,87    2,26  4870,13    14,09    18,50     0,00    0,00    0,00    0,00   0,00   0,00
md3               0,00     0,00    0,00    0,10     0,00     0,40     8,00     0,00    0,00    0,00    0,00   0,00   0,00

Control File Changes
--- /usr/local/oldpgsql/2006-08-18-REL8_2_0~672/before.controldata	2016-08-12 03:00:07.580410048 +0200
+++ /usr/local/oldpgsql/2006-08-18-REL8_2_0~672/after.controldata	2016-08-12 03:01:38.420585575 +0200
@@ -5 +5 @@
-pg_control last modified:             Fri Aug 12 01:00:07 2016
+pg_control last modified:             Fri Aug 12 01:01:38 2016
@@ -8,3 +8,3 @@
-Latest checkpoint location:           3/841EA060
-Prior checkpoint location:            3/841EA010
-Latest checkpoint's REDO location:    3/841EA060
+Latest checkpoint location:           3/841EF830
+Prior checkpoint location:            3/841EA060
+Latest checkpoint's REDO location:    3/841EF830
@@ -13,2 +13,2 @@
-Latest checkpoint's NextXID:          394751
-Latest checkpoint's NextOID:          16456
+Latest checkpoint's NextXID:          461052
+Latest checkpoint's NextOID:          24648
@@ -17 +17 @@
-Time of latest checkpoint:            Fri Aug 12 01:00:07 2016
+Time of latest checkpoint:            Fri Aug 12 01:01:37 2016
size after pgbench of pgbench_tellers: 1992
size after pgbench of pgbench_branches: 1448
size after pgbench of pgbench_accounts: 1009772
size after pgbench of pgbench_branches_pkey: 40
size after pgbench of pgbench_tellers_pkey: 168
size after pgbench of pgbench_accounts_pkey: 658092
size after pgbench of pgbench_history: 0
total size after pgbench: 1671512
End Time: 2016-08-12 01:01:38+00:00
========================================================================
========================================================================
Testing 2006-08-18-REL8_2_0~672
Start Time: 2016-08-12 20:37:25+00:00
Shared Buffers:  260000
size before pgbench of pgbench_tellers: 1992
size before pgbench of pgbench_branches: 1448
size before pgbench of pgbench_accounts: 1009772
size before pgbench of pgbench_branches_pkey: 40
size before pgbench of pgbench_tellers_pkey: 168
size before pgbench of pgbench_accounts_pkey: 658092
size before pgbench of pgbench_history: 0
total size before pgbench: 1671512
+ /usr/local/pgsql/bin/pgbench -T 60 -S -c 64 -j 4 -r
Linux 3.16.0-4-amd64 (Debian-83-jessie-64-minimal) 	12.08.16 	_x86_64_	(8 CPU)

starting vacuum...end.
transaction type: <builtin: select only>
scaling factor: 300
query mode: simple
number of clients: 64
number of threads: 4
duration: 60 s
number of transactions actually processed: 72158
latency average: 53.217 ms
tps = 1198.419690 (including connections establishing)
tps = 1198.445387 (excluding connections establishing)
script statistics:
 - statement latencies in milliseconds:
         0.002  \set aid random(1, 100000 * :scale)
        53.292  SELECT abalance FROM pgbench_accounts WHERE aid = :aid;
avg-cpu:  %user   %nice %system %iowait  %steal   %idle
           1,22    0,00    0,74   29,68    0,00   68,35

Device:         rrqm/s   wrqm/s     r/s     w/s    rkB/s    wkB/s avgrq-sz avgqu-sz   await r_await w_await  svctm  %util
sdb               0,00     0,46  277,00    2,67  2598,31    16,02    18,70    45,52  162,76   94,69 7232,63   2,41  67,47
sda               0,00     0,46  277,10    2,67  2583,96    16,02    18,59    53,07  189,70   76,41 11962,27   2,41  67,36
md0               0,00     0,00    0,00    0,00     0,00     0,00     0,00     0,00    0,00    0,00    0,00   0,00   0,00
md1               0,00     0,00    0,00    0,00     0,00     0,00     0,00     0,00    0,00    0,00    0,00   0,00   0,00
md2               0,00     0,00  554,18    2,19  5182,27    13,73    18,68     0,00    0,00    0,00    0,00   0,00   0,00
md3               0,00     0,00    0,00    0,10     0,00     0,40     8,00     0,00    0,00    0,00    0,00   0,00   0,00

Control File Changes
--- /usr/local/oldpgsql/2006-08-18-REL8_2_0~672/before.controldata	2016-08-12 22:38:05.374105237 +0200
+++ /usr/local/oldpgsql/2006-08-18-REL8_2_0~672/after.controldata	2016-08-12 22:39:36.334266222 +0200
@@ -5 +5 @@
-pg_control last modified:             Fri Aug 12 20:38:05 2016
+pg_control last modified:             Fri Aug 12 20:39:36 2016
@@ -8,3 +8,3 @@
-Latest checkpoint location:           3/841EF8D0
-Prior checkpoint location:            3/841EF880
-Latest checkpoint's REDO location:    3/841EF8D0
+Latest checkpoint location:           3/841F51D8
+Prior checkpoint location:            3/841EF8D0
+Latest checkpoint's REDO location:    3/841F51D8
@@ -13,2 +13,2 @@
-Latest checkpoint's NextXID:          461086
-Latest checkpoint's NextOID:          16457
+Latest checkpoint's NextXID:          533319
+Latest checkpoint's NextOID:          24649
@@ -17 +17 @@
-Time of latest checkpoint:            Fri Aug 12 20:38:04 2016
+Time of latest checkpoint:            Fri Aug 12 20:39:35 2016
size after pgbench of pgbench_tellers: 1992
size after pgbench of pgbench_branches: 1448
size after pgbench of pgbench_accounts: 1009772
size after pgbench of pgbench_branches_pkey: 40
size after pgbench of pgbench_tellers_pkey: 168
size after pgbench of pgbench_accounts_pkey: 658092
size after pgbench of pgbench_history: 0
total size after pgbench: 1671512
End Time: 2016-08-12 20:39:36+00:00
========================================================================
========================================================================
Testing 2006-08-18-REL8_2_0~672
Start Time: 2016-08-13 06:12:56+00:00
Shared Buffers:  260000
size before pgbench of pgbench_tellers: 1992
size before pgbench of pgbench_branches: 1448
size before pgbench of pgbench_accounts: 1009772
size before pgbench of pgbench_branches_pkey: 40
size before pgbench of pgbench_tellers_pkey: 168
size before pgbench of pgbench_accounts_pkey: 658092
size before pgbench of pgbench_history: 0
total size before pgbench: 1671512
Linux 3.16.0-4-amd64 (Debian-83-jessie-64-minimal) 	13.08.16 	_x86_64_	(8 CPU)

starting vacuum...end.
transaction type: <builtin: select only>
scaling factor: 300
query mode: simple
number of clients: 48
number of threads: 4
duration: 60 s
number of transactions actually processed: 71314
latency average: 40.385 ms
tps = 1186.283545 (including connections establishing)
tps = 1186.313087 (excluding connections establishing)
script statistics:
 - statement latencies in milliseconds:
         0.002  \set aid random(1, 100000 * :scale)
        40.436  SELECT abalance FROM pgbench_accounts WHERE aid = :aid;
avg-cpu:  %user   %nice %system %iowait  %steal   %idle
           1,18    0,00    0,71   26,56    0,00   71,55

Device:         rrqm/s   wrqm/s     r/s     w/s    rkB/s    wkB/s avgrq-sz avgqu-sz   await r_await w_await  svctm  %util
sdb               0,03     0,59  272,24    2,59  2544,67    16,19    18,64    33,34  121,28   68,11 5713,06   2,45  67,32
sda               0,86     0,59  279,18    2,59  2614,49    16,19    18,67    33,65  119,39   61,64 6346,83   2,40  67,51
md0               0,00     0,00    1,96    0,01     7,82     0,04     8,00     0,00    0,00    0,00    0,00   0,00   0,00
md1               0,00     0,00    0,00    0,00     0,00     0,00     0,00     0,00    0,00    0,00    0,00   0,00   0,00
md2               0,00     0,00  550,44    2,20  5151,33    13,56    18,69     0,00    0,00    0,00    0,00   0,00   0,00
md3               0,00     0,00    0,00    0,20     0,00     0,80     8,00     0,00    0,00    0,00    0,00   0,00   0,00

Control File Changes
--- /usr/local/oldpgsql/2006-08-18-REL8_2_0~672/before.controldata	2016-08-13 08:13:36.418152050 +0200
+++ /usr/local/oldpgsql/2006-08-18-REL8_2_0~672/after.controldata	2016-08-13 08:15:07.466247593 +0200
@@ -5 +5 @@
-pg_control last modified:             Sat Aug 13 06:13:36 2016
+pg_control last modified:             Sat Aug 13 06:15:07 2016
@@ -8,3 +8,3 @@
-Latest checkpoint location:           3/841F5278
-Prior checkpoint location:            3/841F5228
-Latest checkpoint's REDO location:    3/841F5278
+Latest checkpoint location:           3/841FAC90
+Prior checkpoint location:            3/841F5278
+Latest checkpoint's REDO location:    3/841FAC90
@@ -13,2 +13,2 @@
-Latest checkpoint's NextXID:          533353
-Latest checkpoint's NextOID:          16458
+Latest checkpoint's NextXID:          604726
+Latest checkpoint's NextOID:          24650
@@ -17 +17 @@
-Time of latest checkpoint:            Sat Aug 13 06:13:36 2016
+Time of latest checkpoint:            Sat Aug 13 06:15:06 2016
size after pgbench of pgbench_tellers: 1992
size after pgbench of pgbench_branches: 1448
size after pgbench of pgbench_accounts: 1009772
size after pgbench of pgbench_branches_pkey: 40
size after pgbench of pgbench_tellers_pkey: 168
size after pgbench of pgbench_accounts_pkey: 658092
size after pgbench of pgbench_history: 0
total size after pgbench: 1671512
End Time: 2016-08-13 06:15:07+00:00
========================================================================
========================================================================
Testing 2006-08-18-REL8_2_0~672
Start Time: 2016-08-13 11:58:04+00:00
Shared Buffers:  260000
size before pgbench of pgbench_tellers: 1992
size before pgbench of pgbench_branches: 1448
size before pgbench of pgbench_accounts: 1009772
size before pgbench of pgbench_branches_pkey: 40
size before pgbench of pgbench_tellers_pkey: 168
size before pgbench of pgbench_accounts_pkey: 658092
size before pgbench of pgbench_history: 0
total size before pgbench: 1671512
Linux 3.16.0-4-amd64 (Debian-83-jessie-64-minimal) 	13.08.16 	_x86_64_	(8 CPU)

starting vacuum...end.
transaction type: <builtin: select only>
scaling factor: 300
query mode: simple
number of clients: 48
number of threads: 4
duration: 60 s
number of transactions actually processed: 67835
latency average: 42.456 ms
tps = 1128.404197 (including connections establishing)
tps = 1128.430428 (excluding connections establishing)
script statistics:
 - statement latencies in milliseconds:
         0.002  \set aid random(1, 100000 * :scale)
        42.488  SELECT abalance FROM pgbench_accounts WHERE aid = :aid;
avg-cpu:  %user   %nice %system %iowait  %steal   %idle
           1,10    0,00    0,68   27,56    0,00   70,67

Device:         rrqm/s   wrqm/s     r/s     w/s    rkB/s    wkB/s avgrq-sz avgqu-sz   await r_await w_await  svctm  %util
sdb               0,01     0,42  265,24    2,89  2460,44    16,33    18,47    23,73   88,51   70,15 1774,22   2,51  67,21
sda               0,11     0,42  267,99    2,89  2479,47    16,33    18,43    33,27  122,82   62,10 5755,66   2,49  67,42
md0               0,00     0,00    0,14    0,03     0,58     0,13     8,00     0,00    0,00    0,00    0,00   0,00   0,00
md1               0,00     0,00    0,00    0,00     0,00     0,00     0,00     0,00    0,00    0,00    0,00   0,00   0,00
md2               0,00     0,00  533,29    2,14  4939,07    13,56    18,50     0,00    0,00    0,00    0,00   0,00   0,00
md3               0,00     0,00    0,00    0,10     0,00     0,40     8,00     0,00    0,00    0,00    0,00   0,00   0,00

Control File Changes
--- /usr/local/oldpgsql/2006-08-18-REL8_2_0~672/before.controldata	2016-08-13 13:58:43.650491519 +0200
+++ /usr/local/oldpgsql/2006-08-18-REL8_2_0~672/after.controldata	2016-08-13 14:00:14.510698087 +0200
@@ -5 +5 @@
-pg_control last modified:             Sat Aug 13 11:58:43 2016
+pg_control last modified:             Sat Aug 13 12:00:14 2016
@@ -8,3 +8,3 @@
-Latest checkpoint location:           3/841FAD30
-Prior checkpoint location:            3/841FACE0
-Latest checkpoint's REDO location:    3/841FAD30
+Latest checkpoint location:           3/84200870
+Prior checkpoint location:            3/841FAD30
+Latest checkpoint's REDO location:    3/84200870
@@ -13,2 +13,2 @@
-Latest checkpoint's NextXID:          604760
-Latest checkpoint's NextOID:          16459
+Latest checkpoint's NextXID:          672654
+Latest checkpoint's NextOID:          24651
@@ -17 +17 @@
-Time of latest checkpoint:            Sat Aug 13 11:58:43 2016
+Time of latest checkpoint:            Sat Aug 13 12:00:13 2016
size after pgbench of pgbench_tellers: 1992
size after pgbench of pgbench_branches: 1448
size after pgbench of pgbench_accounts: 1009772
size after pgbench of pgbench_branches_pkey: 40
size after pgbench of pgbench_tellers_pkey: 168
size after pgbench of pgbench_accounts_pkey: 658092
size after pgbench of pgbench_history: 0
total size after pgbench: 1671512
End Time: 2016-08-13 12:00:14+00:00
========================================================================
========================================================================
Testing 2006-08-18-REL8_2_0~672
Start Time: 2016-08-13 15:09:26+00:00
Shared Buffers:  260000
size before pgbench of pgbench_tellers: 1992
size before pgbench of pgbench_branches: 1448
size before pgbench of pgbench_accounts: 1009772
size before pgbench of pgbench_branches_pkey: 40
size before pgbench of pgbench_tellers_pkey: 168
size before pgbench of pgbench_accounts_pkey: 658092
size before pgbench of pgbench_history: 0
total size before pgbench: 1671512
Linux 3.16.0-4-amd64 (Debian-83-jessie-64-minimal) 	13.08.16 	_x86_64_	(8 CPU)

starting vacuum...end.
transaction type: <builtin: select only>
scaling factor: 300
query mode: simple
number of clients: 48
number of threads: 4
duration: 60 s
number of transactions actually processed: 71160
latency average: 40.472 ms
tps = 1182.811004 (including connections establishing)
tps = 1182.837915 (excluding connections establishing)
script statistics:
 - statement latencies in milliseconds:
         0.002  \set aid random(1, 100000 * :scale)
        40.524  SELECT abalance FROM pgbench_accounts WHERE aid = :aid;
avg-cpu:  %user   %nice %system %iowait  %steal   %idle
           1,15    0,00    0,75   28,69    0,00   69,41

Device:         rrqm/s   wrqm/s     r/s     w/s    rkB/s    wkB/s avgrq-sz avgqu-sz   await r_await w_await  svctm  %util
sdb               0,00     0,53  272,19    3,70  2526,49    22,46    18,48    29,71  107,70   67,38 3074,40   2,46  67,96
sda               0,00     0,53  277,16    3,70  2574,44    22,46    18,49    26,10   92,94   61,82 2424,23   2,41  67,71
md0               0,00     0,00    0,01    0,00     0,04     0,00     8,00     0,00    0,00    0,00    0,00   0,00   0,00
md1               0,00     0,00    0,00    0,00     0,00     0,00     0,00     0,00    0,00    0,00    0,00   0,00   0,00
md2               0,00     0,00  549,36    3,01  5100,89    19,60    18,54     0,00    0,00    0,00    0,00   0,00   0,00
md3               0,00     0,00    0,00    0,10     0,00     0,40     8,00     0,00    0,00    0,00    0,00   0,00   0,00

Control File Changes
--- /usr/local/oldpgsql/2006-08-18-REL8_2_0~672/before.controldata	2016-08-13 17:10:06.245999395 +0200
+++ /usr/local/oldpgsql/2006-08-18-REL8_2_0~672/after.controldata	2016-08-13 17:11:36.993810953 +0200
@@ -5 +5 @@
-pg_control last modified:             Sat Aug 13 15:10:06 2016
+pg_control last modified:             Sat Aug 13 15:11:36 2016
@@ -8,3 +8,3 @@
-Latest checkpoint location:           3/84200910
-Prior checkpoint location:            3/842008C0
-Latest checkpoint's REDO location:    3/84200910
+Latest checkpoint location:           3/84206560
+Prior checkpoint location:            3/84200910
+Latest checkpoint's REDO location:    3/84206560
@@ -13,2 +13,2 @@
-Latest checkpoint's NextXID:          672688
-Latest checkpoint's NextOID:          16460
+Latest checkpoint's NextXID:          743907
+Latest checkpoint's NextOID:          24652
@@ -17 +17 @@
-Time of latest checkpoint:            Sat Aug 13 15:10:05 2016
+Time of latest checkpoint:            Sat Aug 13 15:11:36 2016
size after pgbench of pgbench_tellers: 1992
size after pgbench of pgbench_branches: 1448
size after pgbench of pgbench_accounts: 1009772
size after pgbench of pgbench_branches_pkey: 40
size after pgbench of pgbench_tellers_pkey: 168
size after pgbench of pgbench_accounts_pkey: 658092
size after pgbench of pgbench_history: 0
total size after pgbench: 1671512
End Time: 2016-08-13 15:11:37+00:00
========================================================================
========================================================================
Testing 2006-08-18-REL8_2_0~672
Start Time: 2016-08-14 01:49:41+00:00
Shared Buffers:  260000
size before pgbench of pgbench_tellers: 1992
size before pgbench of pgbench_branches: 1448
size before pgbench of pgbench_accounts: 1009772
size before pgbench of pgbench_branches_pkey: 40
size before pgbench of pgbench_tellers_pkey: 168
size before pgbench of pgbench_accounts_pkey: 658092
size before pgbench of pgbench_history: 0
total size before pgbench: 1671512
Linux 3.16.0-4-amd64 (Debian-83-jessie-64-minimal) 	14.08.16 	_x86_64_	(8 CPU)

starting vacuum...end.
transaction type: <builtin: TPC-B (sort of)>
scaling factor: 300
query mode: simple
number of clients: 32
number of threads: 4
duration: 900 s
number of transactions actually processed: 31773
latency average: 906.430 ms
tps = 35.287608 (including connections establishing)
tps = 35.287657 (excluding connections establishing)
script statistics:
 - statement latencies in milliseconds:
         0.002  \set aid random(1, 100000 * :scale)
         0.001  \set bid random(1, 1 * :scale)
         0.001  \set tid random(1, 10 * :scale)
         0.001  \set delta random(-5000, 5000)
         0.110  BEGIN;
       415.233  UPDATE pgbench_accounts SET abalance = abalance + :delta WHERE aid = :aid;
         0.348  SELECT abalance FROM pgbench_accounts WHERE aid = :aid;
       156.073  UPDATE pgbench_tellers SET tbalance = tbalance + :delta WHERE tid = :tid;
       116.378  UPDATE pgbench_branches SET bbalance = bbalance + :delta WHERE bid = :bid;
        48.680  INSERT INTO pgbench_history (tid, bid, aid, delta, mtime) VALUES (:tid, :bid, :aid, :delta, CURRENT_TIMESTAMP);
       170.539  END;
avg-cpu:  %user   %nice %system %iowait  %steal   %idle
           0,43    0,00    0,24    9,75    0,00   89,58

Device:         rrqm/s   wrqm/s     r/s     w/s    rkB/s    wkB/s avgrq-sz avgqu-sz   await r_await w_await  svctm  %util
sdb               0,00     1,59    5,29  155,29    44,56  1290,46    16,63    13,41   83,49   22,11   85,58   3,76  60,34
sda               0,01     1,58   23,79  155,29   204,79  1290,46    16,70    14,64   81,74   29,83   89,70   4,75  85,04
md0               0,00     0,00    0,10    0,00     0,39     0,00     8,00     0,00    0,00    0,00    0,00   0,00   0,00
md1               0,00     0,00    0,00    0,00     0,00     0,00     0,00     0,00    0,00    0,00    0,00   0,00   0,00
md2               0,00     0,00   28,99  156,14   248,82  1288,61    16,61     0,00    0,00    0,00    0,00   0,00   0,00
md3               0,00     0,00    0,00    0,01     0,00     0,04     8,00     0,00    0,00    0,00    0,00   0,00   0,00

Control File Changes
--- /usr/local/oldpgsql/2006-08-18-REL8_2_0~672/before.controldata	2016-08-14 03:50:21.703837188 +0200
+++ /usr/local/oldpgsql/2006-08-18-REL8_2_0~672/after.controldata	2016-08-14 04:05:52.368532735 +0200
@@ -5 +5 @@
-pg_control last modified:             Sun Aug 14 01:50:21 2016
+pg_control last modified:             Sun Aug 14 02:05:52 2016
@@ -7,4 +7,4 @@
-Next log file segment:                133
-Latest checkpoint location:           3/84206600
-Prior checkpoint location:            3/842065B0
-Latest checkpoint's REDO location:    3/84206600
+Next log file segment:                163
+Latest checkpoint location:           3/A23E4338
+Prior checkpoint location:            3/A23E42E8
+Latest checkpoint's REDO location:    3/A23E4338
@@ -13,2 +13,2 @@
-Latest checkpoint's NextXID:          743941
-Latest checkpoint's NextOID:          16461
+Latest checkpoint's NextXID:          775757
+Latest checkpoint's NextOID:          24653
@@ -17 +17 @@
-Time of latest checkpoint:            Sun Aug 14 01:50:21 2016
+Time of latest checkpoint:            Sun Aug 14 02:05:51 2016
size after pgbench of pgbench_tellers: 1992
size after pgbench of pgbench_branches: 1448
size after pgbench of pgbench_accounts: 1014276
size after pgbench of pgbench_branches_pkey: 40
size after pgbench of pgbench_tellers_pkey: 168
size after pgbench of pgbench_accounts_pkey: 658092
size after pgbench of pgbench_history: 2056
total size after pgbench: 1678072
End Time: 2016-08-14 02:05:52+00:00
========================================================================
========================================================================
Testing 2006-08-18-REL8_2_0~672
Start Time: 2016-08-16 03:20:56+00:00
Shared Buffers:  260000
size before pgbench of pgbench_tellers: 1992
size before pgbench of pgbench_branches: 1448
size before pgbench of pgbench_accounts: 1014276
size before pgbench of pgbench_branches_pkey: 40
size before pgbench of pgbench_tellers_pkey: 168
size before pgbench of pgbench_accounts_pkey: 658092
size before pgbench of pgbench_history: 2056
total size before pgbench: 1678072
Linux 4.6.0-1-amd64 (Debian-83-jessie-64-minimal) 	16.08.16 	_x86_64_	(8 CPU)

starting vacuum...end.
transaction type: <builtin: TPC-B (sort of)>
scaling factor: 300
query mode: simple
number of clients: 32
number of threads: 4
duration: 900 s
number of transactions actually processed: 26980
latency average: 1067.457 ms
tps = 29.615862 (including connections establishing)
tps = 29.615911 (excluding connections establishing)
script statistics:
 - statement latencies in milliseconds:
         0.002  \set aid random(1, 100000 * :scale)
         0.001  \set bid random(1, 1 * :scale)
         0.001  \set tid random(1, 10 * :scale)
         0.001  \set delta random(-5000, 5000)
         0.125  BEGIN;
       528.191  UPDATE pgbench_accounts SET abalance = abalance + :delta WHERE aid = :aid;
         0.702  SELECT abalance FROM pgbench_accounts WHERE aid = :aid;
       208.072  UPDATE pgbench_tellers SET tbalance = tbalance + :delta WHERE tid = :tid;
       116.812  UPDATE pgbench_branches SET bbalance = bbalance + :delta WHERE bid = :bid;
        50.934  INSERT INTO pgbench_history (tid, bid, aid, delta, mtime) VALUES (:tid, :bid, :aid, :delta, CURRENT_TIMESTAMP);
       172.005  END;
avg-cpu:  %user   %nice %system %iowait  %steal   %idle
           0,36    0,00    0,22   21,02    0,00   78,39

Device:         rrqm/s   wrqm/s     r/s     w/s    rkB/s    wkB/s avgrq-sz avgqu-sz   await r_await w_await  svctm  %util
sdb               0,00     1,56    5,67  130,66    47,87  1062,09    16,28    16,96  124,40   26,61  128,64   4,79  65,25
sda               0,02     1,56   19,66  130,52   166,16  1060,91    16,34    22,99  152,98   33,90  170,91   5,49  82,48
md0               0,00     0,00    0,09    0,00     0,36     0,00     8,00     0,00    0,00    0,00    0,00   0,00   0,00
md1               0,00     0,00    0,00    0,00     0,00     0,00     0,00     0,00    0,00    0,00    0,00   0,00   0,00
md2               0,00     0,00   25,25  132,84   213,67  1068,53    16,22     0,00    0,00    0,00    0,00   0,00   0,00
md3               0,00     0,00    0,00    0,01     0,00     0,04     8,00     0,00    0,00    0,00    0,00   0,00   0,00

Control File Changes
--- /usr/local/oldpgsql/2006-08-18-REL8_2_0~672/before.controldata	2016-08-16 05:22:17.566389009 +0200
+++ /usr/local/oldpgsql/2006-08-18-REL8_2_0~672/after.controldata	2016-08-16 05:37:51.454999100 +0200
@@ -5 +5 @@
-pg_control last modified:             Tue Aug 16 03:22:17 2016
+pg_control last modified:             Tue Aug 16 03:37:51 2016
@@ -7,4 +7,4 @@
-Next log file segment:                163
-Latest checkpoint location:           3/A23E43D8
-Prior checkpoint location:            3/A23E4388
-Latest checkpoint's REDO location:    3/A23E43D8
+Next log file segment:                189
+Latest checkpoint location:           3/BC026208
+Prior checkpoint location:            3/BC0261B8
+Latest checkpoint's REDO location:    3/BC026208
@@ -13,2 +13,2 @@
-Latest checkpoint's NextXID:          775791
-Latest checkpoint's NextOID:          16462
+Latest checkpoint's NextXID:          802814
+Latest checkpoint's NextOID:          24654
@@ -17 +17 @@
-Time of latest checkpoint:            Tue Aug 16 03:22:16 2016
+Time of latest checkpoint:            Tue Aug 16 03:37:49 2016
size after pgbench of pgbench_tellers: 1992
size after pgbench of pgbench_branches: 1448
size after pgbench of pgbench_accounts: 1018116
size after pgbench of pgbench_branches_pkey: 40
size after pgbench of pgbench_tellers_pkey: 168
size after pgbench of pgbench_accounts_pkey: 658092
size after pgbench of pgbench_history: 1800
total size after pgbench: 1681656
End Time: 2016-08-16 03:37:51+00:00
========================================================================
========================================================================
Testing 2006-08-18-REL8_2_0~672
Start Time: 2016-08-19 18:24:28+00:00
Shared Buffers:  260000
size before pgbench of pgbench_tellers: 1992
size before pgbench of pgbench_branches: 1448
size before pgbench of pgbench_accounts: 1018116
size before pgbench of pgbench_branches_pkey: 40
size before pgbench of pgbench_tellers_pkey: 168
size before pgbench of pgbench_accounts_pkey: 658092
size before pgbench of pgbench_history: 1800
total size before pgbench: 1681656
Linux 4.6.0-1-amd64 (Debian-83-jessie-64-minimal) 	19.08.16 	_x86_64_	(8 CPU)

starting vacuum...end.
transaction type: <builtin: TPC-B (sort of)>
scaling factor: 300
query mode: simple
number of clients: 32
number of threads: 4
duration: 900 s
number of transactions actually processed: 33159
latency average: 868.542 ms
tps = 35.730850 (including connections establishing)
tps = 35.730910 (excluding connections establishing)
script statistics:
 - statement latencies in milliseconds:
         0.002  \set aid random(1, 100000 * :scale)
         0.001  \set bid random(1, 1 * :scale)
         0.001  \set tid random(1, 10 * :scale)
         0.001  \set delta random(-5000, 5000)
         0.120  BEGIN;
       431.136  UPDATE pgbench_accounts SET abalance = abalance + :delta WHERE aid = :aid;
         0.396  SELECT abalance FROM pgbench_accounts WHERE aid = :aid;
       167.602  UPDATE pgbench_tellers SET tbalance = tbalance + :delta WHERE tid = :tid;
       104.152  UPDATE pgbench_branches SET bbalance = bbalance + :delta WHERE bid = :bid;
        41.893  INSERT INTO pgbench_history (tid, bid, aid, delta, mtime) VALUES (:tid, :bid, :aid, :delta, CURRENT_TIMESTAMP);
       149.136  END;
avg-cpu:  %user   %nice %system %iowait  %steal   %idle
           0,42    0,00    0,26   21,61    0,00   77,71

Device:         rrqm/s   wrqm/s     r/s     w/s    rkB/s    wkB/s avgrq-sz avgqu-sz   await r_await w_await  svctm  %util
sdb               0,10     1,62    6,62  148,57    57,59  1208,84    16,32    19,79  126,84   23,46  131,45   4,21  65,36
sda               0,23     1,61   24,02  148,73   207,74  1210,08    16,41    13,86   80,24   32,33   87,98   4,71  81,43
md0               0,00     0,00    0,39    0,00     1,56     0,00     8,00     0,00    0,00    0,00    0,00   0,00   0,00
md1               0,00     0,00    0,00    0,00     0,00     0,00     0,00     0,00    0,00    0,00    0,00   0,00   0,00
md2               0,00     0,00   30,59  151,33   263,73  1219,47    16,31     0,00    0,00    0,00    0,00   0,00   0,00
md3               0,00     0,00    0,00    0,01     0,00     0,02     8,00     0,00    0,00    0,00    0,00   0,00   0,00

Control File Changes
--- /usr/local/oldpgsql/2006-08-18-REL8_2_0~672/before.controldata	2016-08-19 20:25:45.147347447 +0200
+++ /usr/local/oldpgsql/2006-08-18-REL8_2_0~672/after.controldata	2016-08-19 20:41:51.518314473 +0200
@@ -5 +5 @@
-pg_control last modified:             Fri Aug 19 18:25:45 2016
+pg_control last modified:             Fri Aug 19 18:41:51 2016
@@ -7,4 +7,4 @@
-Next log file segment:                189
-Latest checkpoint location:           3/BC0262A8
-Prior checkpoint location:            3/BC026258
-Latest checkpoint's REDO location:    3/BC0262A8
+Next log file segment:                220
+Latest checkpoint location:           3/DB6CA788
+Prior checkpoint location:            3/DB6CA738
+Latest checkpoint's REDO location:    3/DB6CA788
@@ -13,2 +13,2 @@
-Latest checkpoint's NextXID:          802848
-Latest checkpoint's NextOID:          16463
+Latest checkpoint's NextXID:          836050
+Latest checkpoint's NextOID:          24655
@@ -17 +17 @@
-Time of latest checkpoint:            Fri Aug 19 18:25:44 2016
+Time of latest checkpoint:            Fri Aug 19 18:41:50 2016
size after pgbench of pgbench_tellers: 1992
size after pgbench of pgbench_branches: 1544
size after pgbench of pgbench_accounts: 1022772
size after pgbench of pgbench_branches_pkey: 40
size after pgbench of pgbench_tellers_pkey: 168
size after pgbench of pgbench_accounts_pkey: 658092
size after pgbench of pgbench_history: 2056
total size after pgbench: 1686664
End Time: 2016-08-19 18:41:51+00:00
========================================================================
