creating tables...
100000 of 30000000 tuples (0%) done (elapsed 0.06 s, remaining 17.95 s)
200000 of 30000000 tuples (0%) done (elapsed 0.12 s, remaining 18.31 s)
300000 of 30000000 tuples (1%) done (elapsed 0.18 s, remaining 17.64 s)
400000 of 30000000 tuples (1%) done (elapsed 0.24 s, remaining 17.66 s)
500000 of 30000000 tuples (1%) done (elapsed 0.30 s, remaining 17.66 s)
600000 of 30000000 tuples (2%) done (elapsed 0.36 s, remaining 17.63 s)
700000 of 30000000 tuples (2%) done (elapsed 0.42 s, remaining 17.37 s)
800000 of 30000000 tuples (2%) done (elapsed 0.48 s, remaining 17.35 s)
900000 of 30000000 tuples (3%) done (elapsed 0.54 s, remaining 17.33 s)
1000000 of 30000000 tuples (3%) done (elapsed 0.60 s, remaining 17.27 s)
1100000 of 30000000 tuples (3%) done (elapsed 0.65 s, remaining 17.16 s)
1200000 of 30000000 tuples (4%) done (elapsed 0.72 s, remaining 17.18 s)
1300000 of 30000000 tuples (4%) done (elapsed 0.78 s, remaining 17.18 s)
1400000 of 30000000 tuples (4%) done (elapsed 0.84 s, remaining 17.08 s)
1500000 of 30000000 tuples (5%) done (elapsed 0.90 s, remaining 17.07 s)
1600000 of 30000000 tuples (5%) done (elapsed 0.96 s, remaining 16.97 s)
1700000 of 30000000 tuples (5%) done (elapsed 1.02 s, remaining 16.96 s)
1800000 of 30000000 tuples (6%) done (elapsed 1.08 s, remaining 16.86 s)
1900000 of 30000000 tuples (6%) done (elapsed 1.14 s, remaining 16.84 s)
2000000 of 30000000 tuples (6%) done (elapsed 1.20 s, remaining 16.82 s)
2100000 of 30000000 tuples (7%) done (elapsed 1.26 s, remaining 16.73 s)
2200000 of 30000000 tuples (7%) done (elapsed 1.32 s, remaining 16.70 s)
2300000 of 30000000 tuples (7%) done (elapsed 1.38 s, remaining 16.61 s)
2400000 of 30000000 tuples (8%) done (elapsed 1.44 s, remaining 16.58 s)
2500000 of 30000000 tuples (8%) done (elapsed 1.50 s, remaining 16.55 s)
2600000 of 30000000 tuples (8%) done (elapsed 1.56 s, remaining 16.46 s)
2700000 of 30000000 tuples (9%) done (elapsed 1.62 s, remaining 16.42 s)
2800000 of 30000000 tuples (9%) done (elapsed 1.68 s, remaining 16.34 s)
2900000 of 30000000 tuples (9%) done (elapsed 1.74 s, remaining 16.30 s)
3000000 of 30000000 tuples (10%) done (elapsed 1.81 s, remaining 16.26 s)
3100000 of 30000000 tuples (10%) done (elapsed 1.86 s, remaining 16.17 s)
3200000 of 30000000 tuples (10%) done (elapsed 1.93 s, remaining 16.13 s)
3300000 of 30000000 tuples (11%) done (elapsed 1.98 s, remaining 16.05 s)
3400000 of 30000000 tuples (11%) done (elapsed 2.05 s, remaining 16.00 s)
3500000 of 30000000 tuples (11%) done (elapsed 2.11 s, remaining 15.96 s)
3600000 of 30000000 tuples (12%) done (elapsed 2.16 s, remaining 15.88 s)
3700000 of 30000000 tuples (12%) done (elapsed 2.23 s, remaining 15.83 s)
3800000 of 30000000 tuples (12%) done (elapsed 2.28 s, remaining 15.75 s)
3900000 of 30000000 tuples (13%) done (elapsed 2.35 s, remaining 15.70 s)
4000000 of 30000000 tuples (13%) done (elapsed 2.40 s, remaining 15.63 s)
4100000 of 30000000 tuples (13%) done (elapsed 2.47 s, remaining 15.58 s)
4200000 of 30000000 tuples (14%) done (elapsed 2.53 s, remaining 15.53 s)
4300000 of 30000000 tuples (14%) done (elapsed 2.59 s, remaining 15.45 s)
4400000 of 30000000 tuples (14%) done (elapsed 2.65 s, remaining 15.41 s)
4500000 of 30000000 tuples (15%) done (elapsed 2.71 s, remaining 15.33 s)
4600000 of 30000000 tuples (15%) done (elapsed 2.77 s, remaining 15.28 s)
4700000 of 30000000 tuples (15%) done (elapsed 2.83 s, remaining 15.23 s)
4800000 of 30000000 tuples (16%) done (elapsed 2.89 s, remaining 15.16 s)
4900000 of 30000000 tuples (16%) done (elapsed 2.95 s, remaining 15.11 s)
5000000 of 30000000 tuples (16%) done (elapsed 3.01 s, remaining 15.03 s)
5100000 of 30000000 tuples (17%) done (elapsed 3.07 s, remaining 14.98 s)
5200000 of 30000000 tuples (17%) done (elapsed 3.13 s, remaining 14.93 s)
5300000 of 30000000 tuples (17%) done (elapsed 3.19 s, remaining 14.85 s)
5400000 of 30000000 tuples (18%) done (elapsed 3.25 s, remaining 14.80 s)
5500000 of 30000000 tuples (18%) done (elapsed 3.31 s, remaining 14.73 s)
5600000 of 30000000 tuples (18%) done (elapsed 3.37 s, remaining 14.68 s)
5700000 of 30000000 tuples (19%) done (elapsed 3.43 s, remaining 14.61 s)
5800000 of 30000000 tuples (19%) done (elapsed 3.49 s, remaining 14.56 s)
5900000 of 30000000 tuples (19%) done (elapsed 3.55 s, remaining 14.50 s)
6000000 of 30000000 tuples (20%) done (elapsed 3.61 s, remaining 14.43 s)
6100000 of 30000000 tuples (20%) done (elapsed 3.67 s, remaining 14.38 s)
6200000 of 30000000 tuples (20%) done (elapsed 3.73 s, remaining 14.31 s)
6300000 of 30000000 tuples (21%) done (elapsed 3.79 s, remaining 14.26 s)
6400000 of 30000000 tuples (21%) done (elapsed 3.85 s, remaining 14.21 s)
6500000 of 30000000 tuples (21%) done (elapsed 3.91 s, remaining 14.14 s)
6600000 of 30000000 tuples (22%) done (elapsed 3.97 s, remaining 14.09 s)
6700000 of 30000000 tuples (22%) done (elapsed 4.03 s, remaining 14.02 s)
6800000 of 30000000 tuples (22%) done (elapsed 4.09 s, remaining 13.97 s)
6900000 of 30000000 tuples (23%) done (elapsed 4.16 s, remaining 13.91 s)
7000000 of 30000000 tuples (23%) done (elapsed 4.21 s, remaining 13.84 s)
7100000 of 30000000 tuples (23%) done (elapsed 4.28 s, remaining 13.79 s)
7200000 of 30000000 tuples (24%) done (elapsed 4.33 s, remaining 13.72 s)
7300000 of 30000000 tuples (24%) done (elapsed 4.40 s, remaining 13.67 s)
7400000 of 30000000 tuples (24%) done (elapsed 4.45 s, remaining 13.60 s)
7500000 of 30000000 tuples (25%) done (elapsed 4.52 s, remaining 13.55 s)
7600000 of 30000000 tuples (25%) done (elapsed 4.58 s, remaining 13.49 s)
7700000 of 30000000 tuples (25%) done (elapsed 4.64 s, remaining 13.43 s)
7800000 of 30000000 tuples (26%) done (elapsed 4.70 s, remaining 13.37 s)
7900000 of 30000000 tuples (26%) done (elapsed 4.76 s, remaining 13.31 s)
8000000 of 30000000 tuples (26%) done (elapsed 4.82 s, remaining 13.25 s)
8100000 of 30000000 tuples (27%) done (elapsed 4.88 s, remaining 13.20 s)
8200000 of 30000000 tuples (27%) done (elapsed 4.94 s, remaining 13.13 s)
8300000 of 30000000 tuples (27%) done (elapsed 5.00 s, remaining 13.08 s)
8400000 of 30000000 tuples (28%) done (elapsed 5.06 s, remaining 13.01 s)
8500000 of 30000000 tuples (28%) done (elapsed 5.12 s, remaining 12.95 s)
8600000 of 30000000 tuples (28%) done (elapsed 5.18 s, remaining 12.90 s)
8700000 of 30000000 tuples (29%) done (elapsed 5.24 s, remaining 12.83 s)
8800000 of 30000000 tuples (29%) done (elapsed 5.30 s, remaining 12.78 s)
8900000 of 30000000 tuples (29%) done (elapsed 5.36 s, remaining 12.71 s)
9000000 of 30000000 tuples (30%) done (elapsed 5.42 s, remaining 12.66 s)
9100000 of 30000000 tuples (30%) done (elapsed 5.48 s, remaining 12.59 s)
9200000 of 30000000 tuples (30%) done (elapsed 5.54 s, remaining 12.53 s)
9300000 of 30000000 tuples (31%) done (elapsed 5.61 s, remaining 12.48 s)
9400000 of 30000000 tuples (31%) done (elapsed 5.66 s, remaining 12.41 s)
9500000 of 30000000 tuples (31%) done (elapsed 5.73 s, remaining 12.36 s)
9600000 of 30000000 tuples (32%) done (elapsed 5.78 s, remaining 12.29 s)
9700000 of 30000000 tuples (32%) done (elapsed 5.85 s, remaining 12.23 s)
9800000 of 30000000 tuples (32%) done (elapsed 5.91 s, remaining 12.18 s)
9900000 of 30000000 tuples (33%) done (elapsed 5.97 s, remaining 12.11 s)
10000000 of 30000000 tuples (33%) done (elapsed 6.03 s, remaining 12.05 s)
10100000 of 30000000 tuples (33%) done (elapsed 6.09 s, remaining 11.99 s)
10200000 of 30000000 tuples (34%) done (elapsed 6.15 s, remaining 11.94 s)
10300000 of 30000000 tuples (34%) done (elapsed 6.21 s, remaining 11.88 s)
10400000 of 30000000 tuples (34%) done (elapsed 6.27 s, remaining 11.82 s)
10500000 of 30000000 tuples (35%) done (elapsed 6.33 s, remaining 11.76 s)
10600000 of 30000000 tuples (35%) done (elapsed 6.39 s, remaining 11.70 s)
10700000 of 30000000 tuples (35%) done (elapsed 6.45 s, remaining 11.64 s)
10800000 of 30000000 tuples (36%) done (elapsed 6.51 s, remaining 11.58 s)
10900000 of 30000000 tuples (36%) done (elapsed 6.57 s, remaining 11.52 s)
11000000 of 30000000 tuples (36%) done (elapsed 6.64 s, remaining 11.46 s)
11100000 of 30000000 tuples (37%) done (elapsed 6.70 s, remaining 11.40 s)
11200000 of 30000000 tuples (37%) done (elapsed 6.76 s, remaining 11.34 s)
11300000 of 30000000 tuples (37%) done (elapsed 6.82 s, remaining 11.29 s)
11400000 of 30000000 tuples (38%) done (elapsed 6.88 s, remaining 11.23 s)
11500000 of 30000000 tuples (38%) done (elapsed 6.94 s, remaining 11.16 s)
11600000 of 30000000 tuples (38%) done (elapsed 7.00 s, remaining 11.10 s)
11700000 of 30000000 tuples (39%) done (elapsed 7.06 s, remaining 11.05 s)
11800000 of 30000000 tuples (39%) done (elapsed 7.12 s, remaining 10.99 s)
11900000 of 30000000 tuples (39%) done (elapsed 7.18 s, remaining 10.93 s)
12000000 of 30000000 tuples (40%) done (elapsed 7.24 s, remaining 10.86 s)
12100000 of 30000000 tuples (40%) done (elapsed 7.31 s, remaining 10.81 s)
12200000 of 30000000 tuples (40%) done (elapsed 7.37 s, remaining 10.75 s)
12300000 of 30000000 tuples (41%) done (elapsed 7.43 s, remaining 10.69 s)
12400000 of 30000000 tuples (41%) done (elapsed 7.49 s, remaining 10.63 s)
12500000 of 30000000 tuples (41%) done (elapsed 7.55 s, remaining 10.57 s)
12600000 of 30000000 tuples (42%) done (elapsed 7.61 s, remaining 10.51 s)
12700000 of 30000000 tuples (42%) done (elapsed 7.67 s, remaining 10.45 s)
12800000 of 30000000 tuples (42%) done (elapsed 7.73 s, remaining 10.39 s)
12900000 of 30000000 tuples (43%) done (elapsed 7.79 s, remaining 10.33 s)
13000000 of 30000000 tuples (43%) done (elapsed 7.85 s, remaining 10.27 s)
13100000 of 30000000 tuples (43%) done (elapsed 7.91 s, remaining 10.21 s)
13200000 of 30000000 tuples (44%) done (elapsed 7.97 s, remaining 10.15 s)
13300000 of 30000000 tuples (44%) done (elapsed 8.04 s, remaining 10.09 s)
13400000 of 30000000 tuples (44%) done (elapsed 8.10 s, remaining 10.03 s)
13500000 of 30000000 tuples (45%) done (elapsed 8.15 s, remaining 9.97 s)
13600000 of 30000000 tuples (45%) done (elapsed 8.21 s, remaining 9.91 s)
13700000 of 30000000 tuples (45%) done (elapsed 8.28 s, remaining 9.85 s)
13800000 of 30000000 tuples (46%) done (elapsed 8.34 s, remaining 9.79 s)
13900000 of 30000000 tuples (46%) done (elapsed 8.40 s, remaining 9.73 s)
14000000 of 30000000 tuples (46%) done (elapsed 8.46 s, remaining 9.66 s)
14100000 of 30000000 tuples (47%) done (elapsed 8.52 s, remaining 9.61 s)
14200000 of 30000000 tuples (47%) done (elapsed 8.58 s, remaining 9.55 s)
14300000 of 30000000 tuples (47%) done (elapsed 8.64 s, remaining 9.49 s)
14400000 of 30000000 tuples (48%) done (elapsed 8.70 s, remaining 9.42 s)
14500000 of 30000000 tuples (48%) done (elapsed 8.76 s, remaining 9.37 s)
14600000 of 30000000 tuples (48%) done (elapsed 8.82 s, remaining 9.31 s)
14700000 of 30000000 tuples (49%) done (elapsed 8.88 s, remaining 9.24 s)
14800000 of 30000000 tuples (49%) done (elapsed 8.94 s, remaining 9.18 s)
14900000 of 30000000 tuples (49%) done (elapsed 9.01 s, remaining 9.13 s)
15000000 of 30000000 tuples (50%) done (elapsed 9.07 s, remaining 9.07 s)
15100000 of 30000000 tuples (50%) done (elapsed 9.12 s, remaining 9.00 s)
15200000 of 30000000 tuples (50%) done (elapsed 9.19 s, remaining 8.95 s)
15300000 of 30000000 tuples (51%) done (elapsed 9.25 s, remaining 8.89 s)
15400000 of 30000000 tuples (51%) done (elapsed 9.43 s, remaining 8.94 s)
15500000 of 30000000 tuples (51%) done (elapsed 9.51 s, remaining 8.89 s)
15600000 of 30000000 tuples (52%) done (elapsed 9.57 s, remaining 8.84 s)
15700000 of 30000000 tuples (52%) done (elapsed 9.63 s, remaining 8.77 s)
15800000 of 30000000 tuples (52%) done (elapsed 9.69 s, remaining 8.71 s)
15900000 of 30000000 tuples (53%) done (elapsed 9.75 s, remaining 8.65 s)
16000000 of 30000000 tuples (53%) done (elapsed 9.82 s, remaining 8.59 s)
16100000 of 30000000 tuples (53%) done (elapsed 9.88 s, remaining 8.53 s)
16200000 of 30000000 tuples (54%) done (elapsed 9.94 s, remaining 8.46 s)
16300000 of 30000000 tuples (54%) done (elapsed 10.00 s, remaining 8.40 s)
16400000 of 30000000 tuples (54%) done (elapsed 10.06 s, remaining 8.34 s)
16500000 of 30000000 tuples (55%) done (elapsed 10.12 s, remaining 8.28 s)
16600000 of 30000000 tuples (55%) done (elapsed 10.18 s, remaining 8.22 s)
16700000 of 30000000 tuples (55%) done (elapsed 10.24 s, remaining 8.16 s)
16800000 of 30000000 tuples (56%) done (elapsed 10.30 s, remaining 8.10 s)
16900000 of 30000000 tuples (56%) done (elapsed 10.36 s, remaining 8.03 s)
17000000 of 30000000 tuples (56%) done (elapsed 10.42 s, remaining 7.97 s)
17100000 of 30000000 tuples (57%) done (elapsed 10.49 s, remaining 7.91 s)
17200000 of 30000000 tuples (57%) done (elapsed 10.55 s, remaining 7.85 s)
17300000 of 30000000 tuples (57%) done (elapsed 10.61 s, remaining 7.79 s)
17400000 of 30000000 tuples (58%) done (elapsed 10.67 s, remaining 7.73 s)
17500000 of 30000000 tuples (58%) done (elapsed 10.73 s, remaining 7.67 s)
17600000 of 30000000 tuples (58%) done (elapsed 10.79 s, remaining 7.60 s)
17700000 of 30000000 tuples (59%) done (elapsed 10.85 s, remaining 7.54 s)
17800000 of 30000000 tuples (59%) done (elapsed 10.91 s, remaining 7.48 s)
17900000 of 30000000 tuples (59%) done (elapsed 10.98 s, remaining 7.42 s)
18000000 of 30000000 tuples (60%) done (elapsed 11.04 s, remaining 7.36 s)
18100000 of 30000000 tuples (60%) done (elapsed 11.10 s, remaining 7.30 s)
18200000 of 30000000 tuples (60%) done (elapsed 11.16 s, remaining 7.23 s)
18300000 of 30000000 tuples (61%) done (elapsed 11.22 s, remaining 7.17 s)
18400000 of 30000000 tuples (61%) done (elapsed 11.28 s, remaining 7.11 s)
18500000 of 30000000 tuples (61%) done (elapsed 11.34 s, remaining 7.05 s)
18600000 of 30000000 tuples (62%) done (elapsed 11.40 s, remaining 6.99 s)
18700000 of 30000000 tuples (62%) done (elapsed 11.46 s, remaining 6.93 s)
18800000 of 30000000 tuples (62%) done (elapsed 11.52 s, remaining 6.87 s)
18900000 of 30000000 tuples (63%) done (elapsed 11.58 s, remaining 6.80 s)
19000000 of 30000000 tuples (63%) done (elapsed 11.64 s, remaining 6.74 s)
19100000 of 30000000 tuples (63%) done (elapsed 11.71 s, remaining 6.68 s)
19200000 of 30000000 tuples (64%) done (elapsed 11.77 s, remaining 6.62 s)
19300000 of 30000000 tuples (64%) done (elapsed 11.83 s, remaining 6.56 s)
19400000 of 30000000 tuples (64%) done (elapsed 11.89 s, remaining 6.50 s)
19500000 of 30000000 tuples (65%) done (elapsed 11.95 s, remaining 6.44 s)
19600000 of 30000000 tuples (65%) done (elapsed 12.01 s, remaining 6.37 s)
19700000 of 30000000 tuples (65%) done (elapsed 12.07 s, remaining 6.31 s)
19800000 of 30000000 tuples (66%) done (elapsed 12.13 s, remaining 6.25 s)
19900000 of 30000000 tuples (66%) done (elapsed 12.20 s, remaining 6.19 s)
20000000 of 30000000 tuples (66%) done (elapsed 12.26 s, remaining 6.13 s)
20100000 of 30000000 tuples (67%) done (elapsed 12.32 s, remaining 6.07 s)
20200000 of 30000000 tuples (67%) done (elapsed 12.38 s, remaining 6.00 s)
20300000 of 30000000 tuples (67%) done (elapsed 12.44 s, remaining 5.94 s)
20400000 of 30000000 tuples (68%) done (elapsed 12.50 s, remaining 5.88 s)
20500000 of 30000000 tuples (68%) done (elapsed 12.56 s, remaining 5.82 s)
20600000 of 30000000 tuples (68%) done (elapsed 12.62 s, remaining 5.76 s)
20700000 of 30000000 tuples (69%) done (elapsed 12.68 s, remaining 5.70 s)
20800000 of 30000000 tuples (69%) done (elapsed 12.74 s, remaining 5.64 s)
20900000 of 30000000 tuples (69%) done (elapsed 12.80 s, remaining 5.57 s)
21000000 of 30000000 tuples (70%) done (elapsed 12.87 s, remaining 5.51 s)
21100000 of 30000000 tuples (70%) done (elapsed 12.93 s, remaining 5.45 s)
21200000 of 30000000 tuples (70%) done (elapsed 12.99 s, remaining 5.39 s)
21300000 of 30000000 tuples (71%) done (elapsed 13.04 s, remaining 5.33 s)
21400000 of 30000000 tuples (71%) done (elapsed 13.11 s, remaining 5.27 s)
21500000 of 30000000 tuples (71%) done (elapsed 13.17 s, remaining 5.21 s)
21600000 of 30000000 tuples (72%) done (elapsed 13.23 s, remaining 5.14 s)
21700000 of 30000000 tuples (72%) done (elapsed 13.29 s, remaining 5.08 s)
21800000 of 30000000 tuples (72%) done (elapsed 13.35 s, remaining 5.02 s)
21900000 of 30000000 tuples (73%) done (elapsed 13.41 s, remaining 4.96 s)
22000000 of 30000000 tuples (73%) done (elapsed 13.47 s, remaining 4.90 s)
22100000 of 30000000 tuples (73%) done (elapsed 13.54 s, remaining 4.84 s)
22200000 of 30000000 tuples (74%) done (elapsed 13.60 s, remaining 4.78 s)
22300000 of 30000000 tuples (74%) done (elapsed 13.66 s, remaining 4.72 s)
22400000 of 30000000 tuples (74%) done (elapsed 13.72 s, remaining 4.65 s)
22500000 of 30000000 tuples (75%) done (elapsed 13.78 s, remaining 4.59 s)
22600000 of 30000000 tuples (75%) done (elapsed 13.84 s, remaining 4.53 s)
22700000 of 30000000 tuples (75%) done (elapsed 13.90 s, remaining 4.47 s)
22800000 of 30000000 tuples (76%) done (elapsed 13.96 s, remaining 4.41 s)
22900000 of 30000000 tuples (76%) done (elapsed 14.02 s, remaining 4.35 s)
23000000 of 30000000 tuples (76%) done (elapsed 14.08 s, remaining 4.29 s)
23100000 of 30000000 tuples (77%) done (elapsed 14.14 s, remaining 4.22 s)
23200000 of 30000000 tuples (77%) done (elapsed 14.20 s, remaining 4.16 s)
23300000 of 30000000 tuples (77%) done (elapsed 14.27 s, remaining 4.10 s)
23400000 of 30000000 tuples (78%) done (elapsed 14.42 s, remaining 4.07 s)
23500000 of 30000000 tuples (78%) done (elapsed 14.49 s, remaining 4.01 s)
23600000 of 30000000 tuples (78%) done (elapsed 14.56 s, remaining 3.95 s)
23700000 of 30000000 tuples (79%) done (elapsed 14.62 s, remaining 3.89 s)
23800000 of 30000000 tuples (79%) done (elapsed 14.68 s, remaining 3.82 s)
23900000 of 30000000 tuples (79%) done (elapsed 14.74 s, remaining 3.76 s)
24000000 of 30000000 tuples (80%) done (elapsed 14.80 s, remaining 3.70 s)
24100000 of 30000000 tuples (80%) done (elapsed 14.86 s, remaining 3.64 s)
24200000 of 30000000 tuples (80%) done (elapsed 14.92 s, remaining 3.58 s)
24300000 of 30000000 tuples (81%) done (elapsed 14.98 s, remaining 3.51 s)
24400000 of 30000000 tuples (81%) done (elapsed 15.05 s, remaining 3.45 s)
24500000 of 30000000 tuples (81%) done (elapsed 15.11 s, remaining 3.39 s)
24600000 of 30000000 tuples (82%) done (elapsed 15.17 s, remaining 3.33 s)
24700000 of 30000000 tuples (82%) done (elapsed 15.23 s, remaining 3.27 s)
24800000 of 30000000 tuples (82%) done (elapsed 15.29 s, remaining 3.21 s)
24900000 of 30000000 tuples (83%) done (elapsed 15.35 s, remaining 3.14 s)
25000000 of 30000000 tuples (83%) done (elapsed 15.41 s, remaining 3.08 s)
25100000 of 30000000 tuples (83%) done (elapsed 15.47 s, remaining 3.02 s)
25200000 of 30000000 tuples (84%) done (elapsed 15.54 s, remaining 2.96 s)
25300000 of 30000000 tuples (84%) done (elapsed 15.60 s, remaining 2.90 s)
25400000 of 30000000 tuples (84%) done (elapsed 15.66 s, remaining 2.84 s)
25500000 of 30000000 tuples (85%) done (elapsed 15.72 s, remaining 2.77 s)
25600000 of 30000000 tuples (85%) done (elapsed 15.78 s, remaining 2.71 s)
25700000 of 30000000 tuples (85%) done (elapsed 15.84 s, remaining 2.65 s)
25800000 of 30000000 tuples (86%) done (elapsed 15.90 s, remaining 2.59 s)
25900000 of 30000000 tuples (86%) done (elapsed 15.97 s, remaining 2.53 s)
26000000 of 30000000 tuples (86%) done (elapsed 16.03 s, remaining 2.47 s)
26100000 of 30000000 tuples (87%) done (elapsed 16.09 s, remaining 2.40 s)
26200000 of 30000000 tuples (87%) done (elapsed 16.16 s, remaining 2.34 s)
26300000 of 30000000 tuples (87%) done (elapsed 16.22 s, remaining 2.28 s)
26400000 of 30000000 tuples (88%) done (elapsed 16.28 s, remaining 2.22 s)
26500000 of 30000000 tuples (88%) done (elapsed 16.34 s, remaining 2.16 s)
26600000 of 30000000 tuples (88%) done (elapsed 16.41 s, remaining 2.10 s)
26700000 of 30000000 tuples (89%) done (elapsed 16.47 s, remaining 2.04 s)
26800000 of 30000000 tuples (89%) done (elapsed 16.52 s, remaining 1.97 s)
26900000 of 30000000 tuples (89%) done (elapsed 16.59 s, remaining 1.91 s)
27000000 of 30000000 tuples (90%) done (elapsed 16.65 s, remaining 1.85 s)
27100000 of 30000000 tuples (90%) done (elapsed 16.71 s, remaining 1.79 s)
27200000 of 30000000 tuples (90%) done (elapsed 16.77 s, remaining 1.73 s)
27300000 of 30000000 tuples (91%) done (elapsed 16.83 s, remaining 1.66 s)
27400000 of 30000000 tuples (91%) done (elapsed 16.89 s, remaining 1.60 s)
27500000 of 30000000 tuples (91%) done (elapsed 16.95 s, remaining 1.54 s)
27600000 of 30000000 tuples (92%) done (elapsed 17.01 s, remaining 1.48 s)
27700000 of 30000000 tuples (92%) done (elapsed 17.08 s, remaining 1.42 s)
27800000 of 30000000 tuples (92%) done (elapsed 17.14 s, remaining 1.36 s)
27900000 of 30000000 tuples (93%) done (elapsed 17.20 s, remaining 1.29 s)
28000000 of 30000000 tuples (93%) done (elapsed 17.26 s, remaining 1.23 s)
28100000 of 30000000 tuples (93%) done (elapsed 17.33 s, remaining 1.17 s)
28200000 of 30000000 tuples (94%) done (elapsed 17.39 s, remaining 1.11 s)
28300000 of 30000000 tuples (94%) done (elapsed 17.45 s, remaining 1.05 s)
28400000 of 30000000 tuples (94%) done (elapsed 17.51 s, remaining 0.99 s)
28500000 of 30000000 tuples (95%) done (elapsed 17.57 s, remaining 0.92 s)
28600000 of 30000000 tuples (95%) done (elapsed 17.63 s, remaining 0.86 s)
28700000 of 30000000 tuples (95%) done (elapsed 17.69 s, remaining 0.80 s)
28800000 of 30000000 tuples (96%) done (elapsed 17.76 s, remaining 0.74 s)
28900000 of 30000000 tuples (96%) done (elapsed 17.82 s, remaining 0.68 s)
29000000 of 30000000 tuples (96%) done (elapsed 17.88 s, remaining 0.62 s)
29100000 of 30000000 tuples (97%) done (elapsed 17.94 s, remaining 0.55 s)
29200000 of 30000000 tuples (97%) done (elapsed 18.00 s, remaining 0.49 s)
29300000 of 30000000 tuples (97%) done (elapsed 18.06 s, remaining 0.43 s)
29400000 of 30000000 tuples (98%) done (elapsed 18.12 s, remaining 0.37 s)
29500000 of 30000000 tuples (98%) done (elapsed 18.18 s, remaining 0.31 s)
29600000 of 30000000 tuples (98%) done (elapsed 18.25 s, remaining 0.25 s)
29700000 of 30000000 tuples (99%) done (elapsed 18.31 s, remaining 0.18 s)
29800000 of 30000000 tuples (99%) done (elapsed 18.37 s, remaining 0.12 s)
29900000 of 30000000 tuples (99%) done (elapsed 18.43 s, remaining 0.06 s)
30000000 of 30000000 tuples (100%) done (elapsed 18.49 s, remaining 0.00 s)
vacuum...
set primary keys...
done.
starting vacuum...end.
transaction type: <builtin: TPC-B (sort of)>
scaling factor: 300
query mode: simple
number of clients: 32
number of threads: 4
duration: 60 s
number of transactions actually processed: 35344
latency average: 54.323 ms
tps = 581.329739 (including connections establishing)
tps = 581.348904 (excluding connections establishing)
script statistics:
 - statement latencies in milliseconds:
         0.001  \set aid random(1, 100000 * :scale)
         0.001  \set bid random(1, 1 * :scale)
         0.000  \set tid random(1, 10 * :scale)
         0.000  \set delta random(-5000, 5000)
         0.221  BEGIN;
         0.449  UPDATE pgbench_accounts SET abalance = abalance + :delta WHERE aid = :aid;
         0.288  SELECT abalance FROM pgbench_accounts WHERE aid = :aid;
         0.575  UPDATE pgbench_tellers SET tbalance = tbalance + :delta WHERE tid = :tid;
         2.706  UPDATE pgbench_branches SET bbalance = bbalance + :delta WHERE bid = :bid;
         0.185  INSERT INTO pgbench_history (tid, bid, aid, delta, mtime) VALUES (:tid, :bid, :aid, :delta, CURRENT_TIMESTAMP);
        50.417  END;
starting vacuum...end.
transaction type: <builtin: TPC-B (sort of)>
scaling factor: 300
query mode: simple
number of clients: 32
number of threads: 4
duration: 60 s
number of transactions actually processed: 8906
latency average: 215.585 ms
tps = 148.099795 (including connections establishing)
tps = 148.104812 (excluding connections establishing)
script statistics:
 - statement latencies in milliseconds:
         0.002  \set aid random(1, 100000 * :scale)
         0.001  \set bid random(1, 1 * :scale)
         0.001  \set tid random(1, 10 * :scale)
         0.001  \set delta random(-5000, 5000)
         0.164  BEGIN;
        90.321  UPDATE pgbench_accounts SET abalance = abalance + :delta WHERE aid = :aid;
         0.185  SELECT abalance FROM pgbench_accounts WHERE aid = :aid;
         0.548  UPDATE pgbench_tellers SET tbalance = tbalance + :delta WHERE tid = :tid;
         4.446  UPDATE pgbench_branches SET bbalance = bbalance + :delta WHERE bid = :bid;
         0.891  INSERT INTO pgbench_history (tid, bid, aid, delta, mtime) VALUES (:tid, :bid, :aid, :delta, CURRENT_TIMESTAMP);
       119.920  END;
starting vacuum...end.
transaction type: <builtin: TPC-B (sort of)>
scaling factor: 300
query mode: simple
number of clients: 32
number of threads: 4
duration: 900 s
number of transactions actually processed: 83424
latency average: 345.224 ms
tps = 92.649963 (including connections establishing)
tps = 92.650145 (excluding connections establishing)
script statistics:
 - statement latencies in milliseconds:
         0.002  \set aid random(1, 100000 * :scale)
         0.001  \set bid random(1, 1 * :scale)
         0.001  \set tid random(1, 10 * :scale)
         0.001  \set delta random(-5000, 5000)
         0.184  BEGIN;
       102.452  UPDATE pgbench_accounts SET abalance = abalance + :delta WHERE aid = :aid;
         0.185  SELECT abalance FROM pgbench_accounts WHERE aid = :aid;
         1.067  UPDATE pgbench_tellers SET tbalance = tbalance + :delta WHERE tid = :tid;
         9.731  UPDATE pgbench_branches SET bbalance = bbalance + :delta WHERE bid = :bid;
         0.420  INSERT INTO pgbench_history (tid, bid, aid, delta, mtime) VALUES (:tid, :bid, :aid, :delta, CURRENT_TIMESTAMP);
       232.316  END;
starting vacuum...end.
transaction type: <builtin: TPC-B (sort of)>
scaling factor: 300
query mode: simple
number of clients: 32
number of threads: 4
duration: 900 s
number of transactions actually processed: 78891
latency average: 365.061 ms
tps = 87.626783 (including connections establishing)
tps = 87.626996 (excluding connections establishing)
script statistics:
 - statement latencies in milliseconds:
         0.002  \set aid random(1, 100000 * :scale)
         0.001  \set bid random(1, 1 * :scale)
         0.001  \set tid random(1, 10 * :scale)
         0.001  \set delta random(-5000, 5000)
         0.182  BEGIN;
       110.868  UPDATE pgbench_accounts SET abalance = abalance + :delta WHERE aid = :aid;
         0.185  SELECT abalance FROM pgbench_accounts WHERE aid = :aid;
         1.179  UPDATE pgbench_tellers SET tbalance = tbalance + :delta WHERE tid = :tid;
        10.164  UPDATE pgbench_branches SET bbalance = bbalance + :delta WHERE bid = :bid;
         0.157  INSERT INTO pgbench_history (tid, bid, aid, delta, mtime) VALUES (:tid, :bid, :aid, :delta, CURRENT_TIMESTAMP);
       243.528  END;
========================================================================
Testing 2016-01-30-REL9_5_ALPHA1-972-g7dc09c1
Start Time: 2016-07-30 08:35:28+00:00
Linux 3.16.0-4-amd64 (Debian-83-jessie-64-minimal) 	30.07.16 	_x86_64_	(8 CPU)

starting vacuum...end.
transaction type: <builtin: TPC-B (sort of)>
scaling factor: 300
query mode: simple
number of clients: 32
number of threads: 4
duration: 900 s
number of transactions actually processed: 109424
latency average: 263.196 ms
tps = 121.464536 (including connections establishing)
tps = 121.464824 (excluding connections establishing)
script statistics:
 - statement latencies in milliseconds:
         0.002  \set aid random(1, 100000 * :scale)
         0.001  \set bid random(1, 1 * :scale)
         0.001  \set tid random(1, 10 * :scale)
         0.001  \set delta random(-5000, 5000)
         0.229  BEGIN;
        12.589  UPDATE pgbench_accounts SET abalance = abalance + :delta WHERE aid = :aid;
         0.280  SELECT abalance FROM pgbench_accounts WHERE aid = :aid;
         1.442  UPDATE pgbench_tellers SET tbalance = tbalance + :delta WHERE tid = :tid;
        12.435  UPDATE pgbench_branches SET bbalance = bbalance + :delta WHERE bid = :bid;
         0.222  INSERT INTO pgbench_history (tid, bid, aid, delta, mtime) VALUES (:tid, :bid, :aid, :delta, CURRENT_TIMESTAMP);
       237.623  END;
avg-cpu:  %user   %nice %system %iowait  %steal   %idle
           1,31    0,00    0,43   20,48    0,00   77,78

Device:         rrqm/s   wrqm/s     r/s     w/s    rkB/s    wkB/s avgrq-sz avgqu-sz   await r_await w_await  svctm  %util
sdb               0,00     2,47   14,31  181,13   175,96  2897,77    31,45    80,85  413,63   67,55  440,97   4,16  81,35
sda               0,01     2,47   23,77  181,13   292,04  2897,77    31,14    66,72  325,59   51,08  361,61   3,92  80,40
md0               0,00     0,00    0,05    0,00     0,20     0,00     8,00     0,00    0,00    0,00    0,00   0,00   0,00
md1               0,00     0,00    0,00    0,00     0,00     0,00     0,00     0,00    0,00    0,00    0,00   0,00   0,00
md2               0,00     0,00   38,04  182,79   467,79  2895,73    30,46     0,00    0,00    0,00    0,00   0,00   0,00
md3               0,00     0,00    0,00    0,01     0,00     0,04     8,00     0,00    0,00    0,00    0,00   0,00   0,00

End Time: 2016-07-30 08:50:58+00:00
========================================================================
========================================================================
Testing 2016-01-30-REL9_5_ALPHA1-972-g7dc09c1
Start Time: 2016-08-05 10:23:54+00:00
Shared Buffers:  1048576
Linux 3.16.0-4-amd64 (Debian-83-jessie-64-minimal) 	05.08.16 	_x86_64_	(8 CPU)

starting vacuum...end.
transaction type: <builtin: TPC-B (sort of)>
scaling factor: 300
query mode: simple
number of clients: 32
number of threads: 4
duration: 900 s
number of transactions actually processed: 327852
latency average: 87.845 ms
tps = 363.481468 (including connections establishing)
tps = 363.482421 (excluding connections establishing)
script statistics:
 - statement latencies in milliseconds:
         0.001  \set aid random(1, 100000 * :scale)
         0.001  \set bid random(1, 1 * :scale)
         0.001  \set tid random(1, 10 * :scale)
         0.001  \set delta random(-5000, 5000)
         0.188  BEGIN;
         1.559  UPDATE pgbench_accounts SET abalance = abalance + :delta WHERE aid = :aid;
         0.284  SELECT abalance FROM pgbench_accounts WHERE aid = :aid;
         0.727  UPDATE pgbench_tellers SET tbalance = tbalance + :delta WHERE tid = :tid;
         4.541  UPDATE pgbench_branches SET bbalance = bbalance + :delta WHERE bid = :bid;
         0.183  INSERT INTO pgbench_history (tid, bid, aid, delta, mtime) VALUES (:tid, :bid, :aid, :delta, CURRENT_TIMESTAMP);
        80.950  END;
avg-cpu:  %user   %nice %system %iowait  %steal   %idle
           3,23    0,00    0,98   12,80    0,00   82,99

Device:         rrqm/s   wrqm/s     r/s     w/s    rkB/s    wkB/s avgrq-sz avgqu-sz   await r_await w_await  svctm  %util
sdb               0,00     2,57    3,65  437,62    41,69  7749,18    35,31    79,82  180,89   34,77  182,11   1,54  68,13
sda               0,01     2,53   24,44  437,65   282,10  7749,18    34,76    60,90  131,79   26,19  137,69   1,85  85,39
md0               0,00     0,00    0,08    0,00     0,33     0,00     8,00     0,00    0,00    0,00    0,00   0,00   0,00
md1               0,00     0,00    0,00    0,00     0,00     0,00     0,00     0,00    0,00    0,00    0,00   0,00   0,00
md2               0,00     0,00   28,01  439,43   323,46  7747,26    34,53     0,00    0,00    0,00    0,00   0,00   0,00
md3               0,00     0,00    0,00    0,01     0,00     0,04     8,00     0,00    0,00    0,00    0,00   0,00   0,00

End Time: 2016-08-05 10:39:24+00:00
========================================================================
========================================================================
Testing 2016-01-30-REL9_5_ALPHA1-972-g7dc09c1
Start Time: 2016-08-08 11:42:07+00:00
Shared Buffers:  260000
Linux 3.16.0-4-amd64 (Debian-83-jessie-64-minimal) 	08.08.16 	_x86_64_	(8 CPU)

starting vacuum...end.
transaction type: <builtin: TPC-B (sort of)>
scaling factor: 300
query mode: simple
number of clients: 32
number of threads: 4
duration: 900 s
number of transactions actually processed: 310866
latency average: 92.644 ms
tps = 344.893466 (including connections establishing)
tps = 344.894307 (excluding connections establishing)
script statistics:
 - statement latencies in milliseconds:
         0.002  \set aid random(1, 100000 * :scale)
         0.001  \set bid random(1, 1 * :scale)
         0.001  \set tid random(1, 10 * :scale)
         0.001  \set delta random(-5000, 5000)
         0.263  BEGIN;
         0.625  UPDATE pgbench_accounts SET abalance = abalance + :delta WHERE aid = :aid;
         0.371  SELECT abalance FROM pgbench_accounts WHERE aid = :aid;
         0.821  UPDATE pgbench_tellers SET tbalance = tbalance + :delta WHERE tid = :tid;
         4.885  UPDATE pgbench_branches SET bbalance = bbalance + :delta WHERE bid = :bid;
         0.235  INSERT INTO pgbench_history (tid, bid, aid, delta, mtime) VALUES (:tid, :bid, :aid, :delta, CURRENT_TIMESTAMP);
        86.168  END;
avg-cpu:  %user   %nice %system %iowait  %steal   %idle
           3,23    0,00    0,93   10,50    0,00   85,34

Device:         rrqm/s   wrqm/s     r/s     w/s    rkB/s    wkB/s avgrq-sz avgqu-sz   await r_await w_await  svctm  %util
sdb               0,00     2,36    0,33  361,76     3,03  6128,20    33,87    76,40  210,89   42,87  211,04   2,20  79,75
sda               0,11     2,34    2,83  361,81    27,64  6128,45    33,77    66,51  182,31   23,37  183,55   2,21  80,59
md0               0,00     0,00    0,27    0,00     1,06     0,00     8,00     0,00    0,00    0,00    0,00   0,00   0,00
md1               0,00     0,00    0,00    0,00     0,00     0,00     0,00     0,00    0,00    0,00    0,00   0,00   0,00
md2               0,00     0,00    3,02  363,62    29,61  6129,32    33,60     0,00    0,00    0,00    0,00   0,00   0,00
md3               0,00     0,00    0,00    0,01     0,00     0,04     8,00     0,00    0,00    0,00    0,00   0,00   0,00

Control File Changes
--- /usr/local/oldpgsql/2016-01-30-REL9_5_ALPHA1-972-g7dc09c1/before.controldata	2016-08-08 13:42:07.067222370 +0200
+++ /usr/local/oldpgsql/2016-01-30-REL9_5_ALPHA1-972-g7dc09c1/after.controldata	2016-08-08 13:59:04.288783652 +0200
@@ -2,16 +2,16 @@
 Catalog version number:               201601281
 Database system identifier:           6255469218030803154
 Database cluster state:               in production
-pg_control last modified:             пн, 08-сер-2016 13:42:06 +0200
-Latest checkpoint location:           3/10F538E0
-Prior checkpoint location:            3/10F53870
-Latest checkpoint's REDO location:    3/10F538E0
-Latest checkpoint's REDO WAL file:    000000010000000300000010
+pg_control last modified:             пн, 08-сер-2016 13:59:04 +0200
+Latest checkpoint location:           3/C35EFD50
+Prior checkpoint location:            3/C35BFFD0
+Latest checkpoint's REDO location:    3/C35C0058
+Latest checkpoint's REDO WAL file:    0000000100000003000000C3
 Latest checkpoint's TimeLineID:       1
 Latest checkpoint's PrevTimeLineID:   1
 Latest checkpoint's full_page_writes: on
-Latest checkpoint's NextXID:          0/714014
-Latest checkpoint's NextOID:          16466
+Latest checkpoint's NextXID:          0/1024922
+Latest checkpoint's NextOID:          24658
 Latest checkpoint's NextMultiXactId:  1
 Latest checkpoint's NextMultiOffset:  0
 Latest checkpoint's oldestXID:        560
@@ -21,7 +21,7 @@
 Latest checkpoint's oldestMulti's DB: 16384
 Latest checkpoint's oldestCommitTsXid:0
 Latest checkpoint's newestCommitTsXid:0
-Time of latest checkpoint:            пн, 08-сер-2016 13:42:06 +0200
+Time of latest checkpoint:            пн, 08-сер-2016 13:58:23 +0200
 Fake LSN counter for unlogged rels:   0/1
 Minimum recovery ending location:     0/0
 Min recovery ending loc's timeline:   0
End Time: 2016-08-08 11:59:04+00:00
========================================================================
========================================================================
Testing 2016-01-30-REL9_5_ALPHA1-972-g7dc09c1
Start Time: 2016-08-09 02:04:45+00:00
Shared Buffers:  260000
size before pgbench of pgbench_tellers: 8
size before pgbench of pgbench_branches: 8
size before pgbench of pgbench_accounts: 64
size before pgbench of pgbench_branches_pkey: 32
size before pgbench of pgbench_tellers_pkey: 152
size before pgbench of pgbench_accounts_pkey: 658092
size before pgbench of pgbench_history: 24
total size before pgbench: 658380
Linux 3.16.0-4-amd64 (Debian-83-jessie-64-minimal) 	09.08.16 	_x86_64_	(8 CPU)

starting vacuum...end.
transaction type: <builtin: select only>
scaling factor: 300
query mode: simple
number of clients: 32
number of threads: 4
duration: 60 s
number of transactions actually processed: 5367060
latency average: 0.358 ms
tps = 89427.386699 (including connections establishing)
tps = 89430.520318 (excluding connections establishing)
script statistics:
 - statement latencies in milliseconds:
         0.001  \set aid random(1, 100000 * :scale)
         0.358  SELECT abalance FROM pgbench_accounts WHERE aid = :aid;
avg-cpu:  %user   %nice %system %iowait  %steal   %idle
          55,68    0,00   11,14    0,16    0,00   33,02

Device:         rrqm/s   wrqm/s     r/s     w/s    rkB/s    wkB/s avgrq-sz avgqu-sz   await r_await w_await  svctm  %util
sdb               0,00     1,42    3,41    3,28    31,02    16,78    14,29     0,26   38,95   46,54   31,05  13,54   9,06
sda               0,00     1,42    6,11    3,28    55,51    16,78    15,40     0,33   34,67   33,14   37,51  12,65  11,88
md0               0,00     0,00    0,00    0,00     0,00     0,00     0,00     0,00    0,00    0,00    0,00   0,00   0,00
md1               0,00     0,00    0,00    0,00     0,00     0,00     0,00     0,00    0,00    0,00    0,00   0,00   0,00
md2               0,00     0,00    9,51    2,92    86,27    12,89    15,95     0,00    0,00    0,00    0,00   0,00   0,00
md3               0,00     0,00    0,00    0,10     0,00     0,40     8,00     0,00    0,00    0,00    0,00   0,00   0,00

Control File Changes
--- /usr/local/oldpgsql/2016-01-30-REL9_5_ALPHA1-972-g7dc09c1/before.controldata	2016-08-09 04:07:56.477830720 +0200
+++ /usr/local/oldpgsql/2016-01-30-REL9_5_ALPHA1-972-g7dc09c1/after.controldata	2016-08-09 04:09:26.973971919 +0200
@@ -5,4 +5,4 @@
-pg_control last modified:             Tue Aug  9 02:07:56 2016
-Latest checkpoint location:           4/31EDD850
-Prior checkpoint location:            4/31EDD7E0
-Latest checkpoint's REDO location:    4/31EDD850
+pg_control last modified:             Tue Aug  9 02:09:26 2016
+Latest checkpoint location:           4/31EE1720
+Prior checkpoint location:            4/31EDD850
+Latest checkpoint's REDO location:    4/31EE1720
@@ -13,2 +13,2 @@
-Latest checkpoint's NextXID:          0/1024924
-Latest checkpoint's NextOID:          16467
+Latest checkpoint's NextXID:          0/1024925
+Latest checkpoint's NextOID:          24659
@@ -24 +24 @@
-Time of latest checkpoint:            Tue Aug  9 02:07:55 2016
+Time of latest checkpoint:            Tue Aug  9 02:09:26 2016
size after pgbench of pgbench_tellers: 8
size after pgbench of pgbench_branches: 8
size after pgbench of pgbench_accounts: 64
size after pgbench of pgbench_branches_pkey: 32
size after pgbench of pgbench_tellers_pkey: 152
size after pgbench of pgbench_accounts_pkey: 658092
size after pgbench of pgbench_history: 0
total size after pgbench: 658356
End Time: 2016-08-09 02:09:27+00:00
========================================================================
========================================================================
Testing 2016-01-30-REL9_5_ALPHA1-972-g7dc09c1
Start Time: 2016-08-10 16:54:56+00:00
Shared Buffers:  260000
size before pgbench of pgbench_tellers: 8
size before pgbench of pgbench_branches: 8
size before pgbench of pgbench_accounts: 64
size before pgbench of pgbench_branches_pkey: 32
size before pgbench of pgbench_tellers_pkey: 152
size before pgbench of pgbench_accounts_pkey: 658092
size before pgbench of pgbench_history: 0
total size before pgbench: 658356
Linux 3.16.0-4-amd64 (Debian-83-jessie-64-minimal) 	10.08.16 	_x86_64_	(8 CPU)

starting vacuum...end.
transaction type: <builtin: select only>
scaling factor: 300
query mode: simple
number of clients: 32
number of threads: 4
duration: 60 s
number of transactions actually processed: 5413608
latency average: 0.355 ms
tps = 90186.548240 (including connections establishing)
tps = 90190.080706 (excluding connections establishing)
script statistics:
 - statement latencies in milliseconds:
         0.001  \set aid random(1, 100000 * :scale)
         0.355  SELECT abalance FROM pgbench_accounts WHERE aid = :aid;
avg-cpu:  %user   %nice %system %iowait  %steal   %idle
          55,70    0,00   11,18    0,09    0,00   33,03

Device:         rrqm/s   wrqm/s     r/s     w/s    rkB/s    wkB/s avgrq-sz avgqu-sz   await r_await w_await  svctm  %util
sdb               0,00     1,27    2,96    2,60    26,27    13,64    14,37     0,12   21,68   29,20   13,13   8,59   4,77
sda               0,46     1,27    5,23    2,60    47,60    13,64    15,64     0,17   22,25   26,18   14,34   8,22   6,44
md0               0,00     0,00    0,84    0,00     3,38     0,00     8,00     0,00    0,00    0,00    0,00   0,00   0,00
md1               0,00     0,00    0,00    0,00     0,00     0,00     0,00     0,00    0,00    0,00    0,00   0,00   0,00
md2               0,00     0,00    7,80    2,28    70,49    10,09    15,99     0,00    0,00    0,00    0,00   0,00   0,00
md3               0,00     0,00    0,00    0,10     0,00     0,40     8,00     0,00    0,00    0,00    0,00   0,00   0,00

Control File Changes
--- /usr/local/oldpgsql/2016-01-30-REL9_5_ALPHA1-972-g7dc09c1/before.controldata	2016-08-10 18:56:13.139667920 +0200
+++ /usr/local/oldpgsql/2016-01-30-REL9_5_ALPHA1-972-g7dc09c1/after.controldata	2016-08-10 18:57:43.384093256 +0200
@@ -5,4 +5,4 @@
-pg_control last modified:             Wed Aug 10 16:56:12 2016
-Latest checkpoint location:           4/31EE1800
-Prior checkpoint location:            4/31EE1790
-Latest checkpoint's REDO location:    4/31EE1800
+pg_control last modified:             Wed Aug 10 16:57:43 2016
+Latest checkpoint location:           4/31EE57C0
+Prior checkpoint location:            4/31EE1800
+Latest checkpoint's REDO location:    4/31EE57C0
@@ -13,2 +13,2 @@
-Latest checkpoint's NextXID:          0/1024925
-Latest checkpoint's NextOID:          16468
+Latest checkpoint's NextXID:          0/1024926
+Latest checkpoint's NextOID:          24660
@@ -24 +24 @@
-Time of latest checkpoint:            Wed Aug 10 16:56:12 2016
+Time of latest checkpoint:            Wed Aug 10 16:57:43 2016
size after pgbench of pgbench_tellers: 8
size after pgbench of pgbench_branches: 8
size after pgbench of pgbench_accounts: 64
size after pgbench of pgbench_branches_pkey: 32
size after pgbench of pgbench_tellers_pkey: 152
size after pgbench of pgbench_accounts_pkey: 658092
size after pgbench of pgbench_history: 0
total size after pgbench: 658356
End Time: 2016-08-10 16:57:43+00:00
========================================================================
========================================================================
Testing 2016-01-30-REL9_5_ALPHA1-972-g7dc09c1
Start Time: 2016-08-11 01:00:31+00:00
Shared Buffers:  260000
size before pgbench of pgbench_tellers: 8
size before pgbench of pgbench_branches: 8
size before pgbench of pgbench_accounts: 64
size before pgbench of pgbench_branches_pkey: 32
size before pgbench of pgbench_tellers_pkey: 152
size before pgbench of pgbench_accounts_pkey: 658092
size before pgbench of pgbench_history: 0
total size before pgbench: 658356
Linux 3.16.0-4-amd64 (Debian-83-jessie-64-minimal) 	11.08.16 	_x86_64_	(8 CPU)

starting vacuum...end.
transaction type: <builtin: select only>
scaling factor: 300
query mode: simple
number of clients: 32
number of threads: 4
duration: 60 s
number of transactions actually processed: 5396077
latency average: 0.356 ms
tps = 89913.061509 (including connections establishing)
tps = 89916.308020 (excluding connections establishing)
script statistics:
 - statement latencies in milliseconds:
         0.001  \set aid random(1, 100000 * :scale)
         0.356  SELECT abalance FROM pgbench_accounts WHERE aid = :aid;
avg-cpu:  %user   %nice %system %iowait  %steal   %idle
          55,62    0,00   11,31    0,04    0,00   33,03

Device:         rrqm/s   wrqm/s     r/s     w/s    rkB/s    wkB/s avgrq-sz avgqu-sz   await r_await w_await  svctm  %util
sdb               0,00     1,12    2,83    2,32    25,51    12,36    14,69     0,12   23,65   32,28   13,11   8,86   4,57
sda               0,00     1,12    4,96    2,32    44,98    12,36    15,76     0,12   16,34   17,05   14,83   8,14   5,92
md0               0,00     0,00    0,00    0,00     0,00     0,00     0,00     0,00    0,00    0,00    0,00   0,00   0,00
md1               0,00     0,00    0,00    0,00     0,00     0,00     0,00     0,00    0,00    0,00    0,00   0,00   0,00
md2               0,00     0,00    7,79    2,01    70,49     9,07    16,24     0,00    0,00    0,00    0,00   0,00   0,00
md3               0,00     0,00    0,00    0,10     0,00     0,40     8,00     0,00    0,00    0,00    0,00   0,00   0,00

Control File Changes
--- /usr/local/oldpgsql/2016-01-30-REL9_5_ALPHA1-972-g7dc09c1/before.controldata	2016-08-11 03:01:47.593577479 +0200
+++ /usr/local/oldpgsql/2016-01-30-REL9_5_ALPHA1-972-g7dc09c1/after.controldata	2016-08-11 03:03:17.937759556 +0200
@@ -5,4 +5,4 @@
-pg_control last modified:             Thu Aug 11 01:01:47 2016
-Latest checkpoint location:           4/31EE58A0
-Prior checkpoint location:            4/31EE5830
-Latest checkpoint's REDO location:    4/31EE58A0
+pg_control last modified:             Thu Aug 11 01:03:17 2016
+Latest checkpoint location:           4/31EE9958
+Prior checkpoint location:            4/31EE58A0
+Latest checkpoint's REDO location:    4/31EE9958
@@ -13,2 +13,2 @@
-Latest checkpoint's NextXID:          0/1024926
-Latest checkpoint's NextOID:          16469
+Latest checkpoint's NextXID:          0/1024927
+Latest checkpoint's NextOID:          24661
@@ -24 +24 @@
-Time of latest checkpoint:            Thu Aug 11 01:01:47 2016
+Time of latest checkpoint:            Thu Aug 11 01:03:17 2016
size after pgbench of pgbench_tellers: 8
size after pgbench of pgbench_branches: 8
size after pgbench of pgbench_accounts: 64
size after pgbench of pgbench_branches_pkey: 32
size after pgbench of pgbench_tellers_pkey: 152
size after pgbench of pgbench_accounts_pkey: 658092
size after pgbench of pgbench_history: 0
total size after pgbench: 658356
End Time: 2016-08-11 01:03:17+00:00
========================================================================
========================================================================
Testing 2016-01-30-REL9_5_ALPHA1-972-g7dc09c1
Start Time: 2016-08-11 20:50:57+00:00
Shared Buffers:  260000
size before pgbench of pgbench_tellers: 8
size before pgbench of pgbench_branches: 8
size before pgbench of pgbench_accounts: 64
size before pgbench of pgbench_branches_pkey: 32
size before pgbench of pgbench_tellers_pkey: 152
size before pgbench of pgbench_accounts_pkey: 658092
size before pgbench of pgbench_history: 0
total size before pgbench: 658356
Linux 3.16.0-4-amd64 (Debian-83-jessie-64-minimal) 	11.08.16 	_x86_64_	(8 CPU)

starting vacuum...end.
transaction type: <builtin: select only>
scaling factor: 300
query mode: simple
number of clients: 32
number of threads: 4
duration: 60 s
number of transactions actually processed: 5398289
latency average: 0.356 ms
tps = 89950.195120 (including connections establishing)
tps = 89953.639108 (excluding connections establishing)
script statistics:
 - statement latencies in milliseconds:
         0.001  \set aid random(1, 100000 * :scale)
         0.356  SELECT abalance FROM pgbench_accounts WHERE aid = :aid;
avg-cpu:  %user   %nice %system %iowait  %steal   %idle
          55,74    0,00   11,18    0,03    0,00   33,05

Device:         rrqm/s   wrqm/s     r/s     w/s    rkB/s    wkB/s avgrq-sz avgqu-sz   await r_await w_await  svctm  %util
sdb               0,00     1,27    2,72    2,36    24,71    13,11    14,90     0,06   12,38   11,44   13,45   9,20   4,67
sda               0,00     1,27    5,08    2,36    45,77    13,11    15,84     0,10   13,54   14,64   11,17   7,87   5,85
md0               0,00     0,00    0,00    0,00     0,00     0,00     0,00     0,00    0,00    0,00    0,00   0,00   0,00
md1               0,00     0,00    0,00    0,00     0,00     0,00     0,00     0,00    0,00    0,00    0,00   0,00   0,00
md2               0,00     0,00    7,80    2,24    70,48     9,95    16,02     0,00    0,00    0,00    0,00   0,00   0,00
md3               0,00     0,00    0,00    0,10     0,00     0,40     8,00     0,00    0,00    0,00    0,00   0,00   0,00

Control File Changes
--- /usr/local/oldpgsql/2016-01-30-REL9_5_ALPHA1-972-g7dc09c1/before.controldata	2016-08-11 22:52:13.405783029 +0200
+++ /usr/local/oldpgsql/2016-01-30-REL9_5_ALPHA1-972-g7dc09c1/after.controldata	2016-08-11 22:53:43.750228782 +0200
@@ -5,4 +5,4 @@
-pg_control last modified:             Thu Aug 11 20:52:13 2016
-Latest checkpoint location:           4/31EE9A38
-Prior checkpoint location:            4/31EE99C8
-Latest checkpoint's REDO location:    4/31EE9A38
+pg_control last modified:             Thu Aug 11 20:53:43 2016
+Latest checkpoint location:           4/31EEDBE0
+Prior checkpoint location:            4/31EE9A38
+Latest checkpoint's REDO location:    4/31EEDBE0
@@ -13,2 +13,2 @@
-Latest checkpoint's NextXID:          0/1024927
-Latest checkpoint's NextOID:          16470
+Latest checkpoint's NextXID:          0/1024928
+Latest checkpoint's NextOID:          24662
@@ -24 +24 @@
-Time of latest checkpoint:            Thu Aug 11 20:52:12 2016
+Time of latest checkpoint:            Thu Aug 11 20:53:43 2016
size after pgbench of pgbench_tellers: 8
size after pgbench of pgbench_branches: 8
size after pgbench of pgbench_accounts: 64
size after pgbench of pgbench_branches_pkey: 32
size after pgbench of pgbench_tellers_pkey: 152
size after pgbench of pgbench_accounts_pkey: 658092
size after pgbench of pgbench_history: 0
total size after pgbench: 658356
End Time: 2016-08-11 20:53:43+00:00
========================================================================
========================================================================
Testing 2016-01-30-REL9_5_ALPHA1-972-g7dc09c1
Start Time: 2016-08-13 00:16:59+00:00
Shared Buffers:  260000
size before pgbench of pgbench_tellers: 8
size before pgbench of pgbench_branches: 8
size before pgbench of pgbench_accounts: 64
size before pgbench of pgbench_branches_pkey: 32
size before pgbench of pgbench_tellers_pkey: 152
size before pgbench of pgbench_accounts_pkey: 658092
size before pgbench of pgbench_history: 0
total size before pgbench: 658356
Linux 3.16.0-4-amd64 (Debian-83-jessie-64-minimal) 	13.08.16 	_x86_64_	(8 CPU)

+ /usr/local/pgsql/bin/pgbench -T 60 -S -c 64 -j 4 -r
starting vacuum...end.
transaction type: <builtin: select only>
scaling factor: 300
query mode: simple
number of clients: 64
number of threads: 4
duration: 60 s
number of transactions actually processed: 5095727
latency average: 0.754 ms
tps = 84867.818536 (including connections establishing)
tps = 84871.134991 (excluding connections establishing)
script statistics:
 - statement latencies in milliseconds:
         0.001  \set aid random(1, 100000 * :scale)
         0.756  SELECT abalance FROM pgbench_accounts WHERE aid = :aid;
avg-cpu:  %user   %nice %system %iowait  %steal   %idle
          55,50    0,00   10,88    0,04    0,00   33,58

Device:         rrqm/s   wrqm/s     r/s     w/s    rkB/s    wkB/s avgrq-sz avgqu-sz   await r_await w_await  svctm  %util
sdb               0,32     1,20    3,06    2,47    27,11    13,03    14,54     0,15   27,86   40,65   12,02   8,60   4,75
sda               1,29     1,20    5,84    2,47    59,56    13,03    17,47     0,11   13,28   12,76   14,52   7,84   6,52
md0               0,00     0,00    2,46    0,00     9,82     0,00     8,00     0,00    0,00    0,00    0,00   0,00   0,00
md1               0,00     0,00    0,00    0,00     0,00     0,00     0,00     0,00    0,00    0,00    0,00   0,00   0,00
md2               0,00     0,00    8,06    2,19    76,84     9,73    16,90     0,00    0,00    0,00    0,00   0,00   0,00
md3               0,00     0,00    0,00    0,10     0,00     0,40     8,00     0,00    0,00    0,00    0,00   0,00   0,00

Control File Changes
--- /usr/local/oldpgsql/2016-01-30-REL9_5_ALPHA1-972-g7dc09c1/before.controldata	2016-08-13 02:18:14.761816608 +0200
+++ /usr/local/oldpgsql/2016-01-30-REL9_5_ALPHA1-972-g7dc09c1/after.controldata	2016-08-13 02:19:45.001997554 +0200
@@ -5,4 +5,4 @@
-pg_control last modified:             Sat Aug 13 00:18:14 2016
-Latest checkpoint location:           4/31EEDCC0
-Prior checkpoint location:            4/31EEDC50
-Latest checkpoint's REDO location:    4/31EEDCC0
+pg_control last modified:             Sat Aug 13 00:19:44 2016
+Latest checkpoint location:           4/31EF1F60
+Prior checkpoint location:            4/31EEDCC0
+Latest checkpoint's REDO location:    4/31EF1F60
@@ -13,2 +13,2 @@
-Latest checkpoint's NextXID:          0/1024928
-Latest checkpoint's NextOID:          16471
+Latest checkpoint's NextXID:          0/1024929
+Latest checkpoint's NextOID:          24663
@@ -24 +24 @@
-Time of latest checkpoint:            Sat Aug 13 00:18:14 2016
+Time of latest checkpoint:            Sat Aug 13 00:19:44 2016
size after pgbench of pgbench_tellers: 8
size after pgbench of pgbench_branches: 8
size after pgbench of pgbench_accounts: 64
size after pgbench of pgbench_branches_pkey: 32
size after pgbench of pgbench_tellers_pkey: 152
size after pgbench of pgbench_accounts_pkey: 658092
size after pgbench of pgbench_history: 0
total size after pgbench: 658356
End Time: 2016-08-13 00:19:45+00:00
========================================================================
========================================================================
Testing 2016-01-30-REL9_5_ALPHA1-972-g7dc09c1
Start Time: 2016-08-13 01:53:34+00:00
Shared Buffers:  260000
size before pgbench of pgbench_tellers: 8
size before pgbench of pgbench_branches: 8
size before pgbench of pgbench_accounts: 64
size before pgbench of pgbench_branches_pkey: 32
size before pgbench of pgbench_tellers_pkey: 152
size before pgbench of pgbench_accounts_pkey: 658092
size before pgbench of pgbench_history: 0
total size before pgbench: 658356
Linux 3.16.0-4-amd64 (Debian-83-jessie-64-minimal) 	13.08.16 	_x86_64_	(8 CPU)

starting vacuum...end.
transaction type: <builtin: select only>
scaling factor: 300
query mode: simple
number of clients: 48
number of threads: 4
duration: 60 s
number of transactions actually processed: 5464954
latency average: 0.527 ms
tps = 91037.594095 (including connections establishing)
tps = 91041.218906 (excluding connections establishing)
script statistics:
 - statement latencies in milliseconds:
         0.001  \set aid random(1, 100000 * :scale)
         0.530  SELECT abalance FROM pgbench_accounts WHERE aid = :aid;
avg-cpu:  %user   %nice %system %iowait  %steal   %idle
          55,66    0,00   10,95    0,04    0,00   33,35

Device:         rrqm/s   wrqm/s     r/s     w/s    rkB/s    wkB/s avgrq-sz avgqu-sz   await r_await w_await  svctm  %util
sdb               0,03     1,18    3,09    2,54    27,38    13,44    14,49     0,13   23,72   32,53   13,03   8,93   5,03
sda               0,36     1,18    5,84    2,54    49,47    13,44    15,00     0,10   11,91   11,54   12,75   7,57   6,35
md0               0,00     0,00    1,42    0,00     5,69     0,00     8,00     0,00    0,00    0,00    0,00   0,00   0,00
md1               0,00     0,00    0,00    0,00     0,00     0,00     0,00     0,00    0,00    0,00    0,00   0,00   0,00
md2               0,00     0,00    7,90    2,27    71,16    10,13    15,99     0,00    0,00    0,00    0,00   0,00   0,00
md3               0,00     0,00    0,00    0,10     0,00     0,40     8,00     0,00    0,00    0,00    0,00   0,00   0,00

Control File Changes
--- /usr/local/oldpgsql/2016-01-30-REL9_5_ALPHA1-972-g7dc09c1/before.controldata	2016-08-13 03:54:50.090537920 +0200
+++ /usr/local/oldpgsql/2016-01-30-REL9_5_ALPHA1-972-g7dc09c1/after.controldata	2016-08-13 03:56:20.330724589 +0200
@@ -5,4 +5,4 @@
-pg_control last modified:             Sat Aug 13 01:54:50 2016
-Latest checkpoint location:           4/31EF2058
-Prior checkpoint location:            4/31EF1FD0
-Latest checkpoint's REDO location:    4/31EF2058
+pg_control last modified:             Sat Aug 13 01:56:20 2016
+Latest checkpoint location:           4/31EF63E8
+Prior checkpoint location:            4/31EF2058
+Latest checkpoint's REDO location:    4/31EF63E8
@@ -13,2 +13,2 @@
-Latest checkpoint's NextXID:          0/1024929
-Latest checkpoint's NextOID:          16472
+Latest checkpoint's NextXID:          0/1024930
+Latest checkpoint's NextOID:          24664
@@ -24 +24 @@
-Time of latest checkpoint:            Sat Aug 13 01:54:49 2016
+Time of latest checkpoint:            Sat Aug 13 01:56:20 2016
size after pgbench of pgbench_tellers: 8
size after pgbench of pgbench_branches: 8
size after pgbench of pgbench_accounts: 64
size after pgbench of pgbench_branches_pkey: 32
size after pgbench of pgbench_tellers_pkey: 152
size after pgbench of pgbench_accounts_pkey: 658092
size after pgbench of pgbench_history: 0
total size after pgbench: 658356
End Time: 2016-08-13 01:56:20+00:00
========================================================================
========================================================================
Testing 2016-01-30-REL9_5_ALPHA1-972-g7dc09c1
Start Time: 2016-08-13 09:03:37+00:00
Shared Buffers:  260000
size before pgbench of pgbench_tellers: 8
size before pgbench of pgbench_branches: 8
size before pgbench of pgbench_accounts: 64
size before pgbench of pgbench_branches_pkey: 32
size before pgbench of pgbench_tellers_pkey: 152
size before pgbench of pgbench_accounts_pkey: 658092
size before pgbench of pgbench_history: 0
total size before pgbench: 658356
Linux 3.16.0-4-amd64 (Debian-83-jessie-64-minimal) 	13.08.16 	_x86_64_	(8 CPU)

starting vacuum...end.
transaction type: <builtin: select only>
scaling factor: 300
query mode: simple
number of clients: 48
number of threads: 4
duration: 60 s
number of transactions actually processed: 5424144
latency average: 0.531 ms
tps = 90338.032646 (including connections establishing)
tps = 90341.548505 (excluding connections establishing)
script statistics:
 - statement latencies in milliseconds:
         0.001  \set aid random(1, 100000 * :scale)
         0.534  SELECT abalance FROM pgbench_accounts WHERE aid = :aid;
avg-cpu:  %user   %nice %system %iowait  %steal   %idle
          55,65    0,00   10,97    0,05    0,00   33,33

Device:         rrqm/s   wrqm/s     r/s     w/s    rkB/s    wkB/s avgrq-sz avgqu-sz   await r_await w_await  svctm  %util
sdb               0,07     1,23    2,83    2,70    28,53    14,08    15,40     0,08   13,62   14,43   12,77   8,78   4,86
sda               1,19     1,23    6,33    2,70    57,64    14,08    15,88     0,14   16,01   17,45   12,64   7,34   6,63
md0               0,00     0,00    2,31    0,00     9,24     0,00     8,00     0,00    0,00    0,00    0,00   0,00   0,00
md1               0,00     0,00    0,00    0,00     0,00     0,00     0,00     0,00    0,00    0,00    0,00   0,00   0,00
md2               0,00     0,00    8,11    2,36    76,93    10,53    16,71     0,00    0,00    0,00    0,00   0,00   0,00
md3               0,00     0,00    0,00    0,10     0,00     0,40     8,00     0,00    0,00    0,00    0,00   0,00   0,00

Control File Changes
--- /usr/local/oldpgsql/2016-01-30-REL9_5_ALPHA1-972-g7dc09c1/before.controldata	2016-08-13 11:04:52.490641089 +0200
+++ /usr/local/oldpgsql/2016-01-30-REL9_5_ALPHA1-972-g7dc09c1/after.controldata	2016-08-13 11:06:22.830819722 +0200
@@ -5,4 +5,4 @@
-pg_control last modified:             Sat Aug 13 09:04:52 2016
-Latest checkpoint location:           4/31EF64C8
-Prior checkpoint location:            4/31EF6458
-Latest checkpoint's REDO location:    4/31EF64C8
+pg_control last modified:             Sat Aug 13 09:06:22 2016
+Latest checkpoint location:           4/31EFA950
+Prior checkpoint location:            4/31EF64C8
+Latest checkpoint's REDO location:    4/31EFA950
@@ -13,2 +13,2 @@
-Latest checkpoint's NextXID:          0/1024930
-Latest checkpoint's NextOID:          16473
+Latest checkpoint's NextXID:          0/1024931
+Latest checkpoint's NextOID:          24665
@@ -24 +24 @@
-Time of latest checkpoint:            Sat Aug 13 09:04:52 2016
+Time of latest checkpoint:            Sat Aug 13 09:06:22 2016
size after pgbench of pgbench_tellers: 8
size after pgbench of pgbench_branches: 8
size after pgbench of pgbench_accounts: 64
size after pgbench of pgbench_branches_pkey: 32
size after pgbench of pgbench_tellers_pkey: 152
size after pgbench of pgbench_accounts_pkey: 658092
size after pgbench of pgbench_history: 0
total size after pgbench: 658356
End Time: 2016-08-13 09:06:22+00:00
========================================================================
========================================================================
Testing 2016-01-30-REL9_5_ALPHA1-972-g7dc09c1
Start Time: 2016-08-15 02:03:28+00:00
Shared Buffers:  260000
size before pgbench of pgbench_tellers: 8
size before pgbench of pgbench_branches: 8
size before pgbench of pgbench_accounts: 64
size before pgbench of pgbench_branches_pkey: 32
size before pgbench of pgbench_tellers_pkey: 152
size before pgbench of pgbench_accounts_pkey: 658092
size before pgbench of pgbench_history: 0
total size before pgbench: 658356
Linux 3.16.0-4-amd64 (Debian-83-jessie-64-minimal) 	15.08.16 	_x86_64_	(8 CPU)

starting vacuum...end.
transaction type: <builtin: TPC-B (sort of)>
scaling factor: 300
query mode: simple
number of clients: 32
number of threads: 4
duration: 900 s
number of transactions actually processed: 304747
latency average: 94.505 ms
tps = 338.208542 (including connections establishing)
tps = 338.209373 (excluding connections establishing)
script statistics:
 - statement latencies in milliseconds:
         0.002  \set aid random(1, 100000 * :scale)
         0.001  \set bid random(1, 1 * :scale)
         0.001  \set tid random(1, 10 * :scale)
         0.001  \set delta random(-5000, 5000)
         0.276  BEGIN;
         0.542  UPDATE pgbench_accounts SET abalance = abalance + :delta WHERE aid = :aid;
         0.378  SELECT abalance FROM pgbench_accounts WHERE aid = :aid;
         0.807  UPDATE pgbench_tellers SET tbalance = tbalance + :delta WHERE tid = :tid;
         5.107  UPDATE pgbench_branches SET bbalance = bbalance + :delta WHERE bid = :bid;
         0.238  INSERT INTO pgbench_history (tid, bid, aid, delta, mtime) VALUES (:tid, :bid, :aid, :delta, CURRENT_TIMESTAMP);
        87.745  END;
avg-cpu:  %user   %nice %system %iowait  %steal   %idle
           3,13    0,00    0,89   10,35    0,00   85,63

Device:         rrqm/s   wrqm/s     r/s     w/s    rkB/s    wkB/s avgrq-sz avgqu-sz   await r_await w_await  svctm  %util
sdb               0,00     2,53    0,19  341,20     1,61  5682,61    33,30    71,00  207,97   23,21  208,08   2,33  79,67
sda               0,06     2,52    0,73  341,21     6,15  5682,61    33,27    73,24  214,20   22,85  214,61   2,37  80,91
md0               0,00     0,00    0,11    0,00     0,43     0,00     8,00     0,00    0,00    0,00    0,00   0,00   0,00
md1               0,00     0,00    0,00    0,00     0,00     0,00     0,00     0,00    0,00    0,00    0,00   0,00   0,00
md2               0,00     0,00    0,88  342,76     7,31  5680,19    33,10     0,00    0,00    0,00    0,00   0,00   0,00
md3               0,00     0,00    0,00    0,01     0,00     0,04     8,00     0,00    0,00    0,00    0,00   0,00   0,00

Control File Changes
--- /usr/local/oldpgsql/2016-01-30-REL9_5_ALPHA1-972-g7dc09c1/before.controldata	2016-08-15 04:04:47.860065689 +0200
+++ /usr/local/oldpgsql/2016-01-30-REL9_5_ALPHA1-972-g7dc09c1/after.controldata	2016-08-15 04:21:03.493802809 +0200
@@ -5,5 +5,5 @@
-pg_control last modified:             Mon Aug 15 02:04:47 2016
-Latest checkpoint location:           4/31EFAA30
-Prior checkpoint location:            4/31EFA9C0
-Latest checkpoint's REDO location:    4/31EFAA30
-Latest checkpoint's REDO WAL file:    000000010000000400000031
+pg_control last modified:             Mon Aug 15 02:21:03 2016
+Latest checkpoint location:           4/D44E2F20
+Prior checkpoint location:            4/D44DBC20
+Latest checkpoint's REDO location:    4/D44E2F20
+Latest checkpoint's REDO WAL file:    0000000100000004000000D4
@@ -13,2 +13,2 @@
-Latest checkpoint's NextXID:          0/1024931
-Latest checkpoint's NextOID:          16474
+Latest checkpoint's NextXID:          0/1329721
+Latest checkpoint's NextOID:          24666
@@ -24 +24 @@
-Time of latest checkpoint:            Mon Aug 15 02:04:47 2016
+Time of latest checkpoint:            Mon Aug 15 02:20:17 2016
size after pgbench of pgbench_tellers: 8
size after pgbench of pgbench_branches: 8
size after pgbench of pgbench_accounts: 64
size after pgbench of pgbench_branches_pkey: 32
size after pgbench of pgbench_tellers_pkey: 152
size after pgbench of pgbench_accounts_pkey: 658092
size after pgbench of pgbench_history: 24
total size after pgbench: 658380
End Time: 2016-08-15 02:21:03+00:00
========================================================================
========================================================================
Testing 2016-01-30-REL9_5_ALPHA1-972-g7dc09c1
Start Time: 2016-08-16 02:04:27+00:00
Shared Buffers:  260000
size before pgbench of pgbench_tellers: 8
size before pgbench of pgbench_branches: 8
size before pgbench of pgbench_accounts: 64
size before pgbench of pgbench_branches_pkey: 32
size before pgbench of pgbench_tellers_pkey: 152
size before pgbench of pgbench_accounts_pkey: 658092
size before pgbench of pgbench_history: 24
total size before pgbench: 658380
Linux 4.6.0-1-amd64 (Debian-83-jessie-64-minimal) 	16.08.16 	_x86_64_	(8 CPU)

starting vacuum...end.
transaction type: <builtin: TPC-B (sort of)>
scaling factor: 300
query mode: simple
number of clients: 32
number of threads: 4
duration: 900 s
number of transactions actually processed: 321030
latency average: 89.711 ms
tps = 348.379767 (including connections establishing)
tps = 348.380518 (excluding connections establishing)
script statistics:
 - statement latencies in milliseconds:
         0.002  \set aid random(1, 100000 * :scale)
         0.001  \set bid random(1, 1 * :scale)
         0.001  \set tid random(1, 10 * :scale)
         0.001  \set delta random(-5000, 5000)
         0.329  BEGIN;
         0.601  UPDATE pgbench_accounts SET abalance = abalance + :delta WHERE aid = :aid;
         0.454  SELECT abalance FROM pgbench_accounts WHERE aid = :aid;
         0.884  UPDATE pgbench_tellers SET tbalance = tbalance + :delta WHERE tid = :tid;
         4.829  UPDATE pgbench_branches SET bbalance = bbalance + :delta WHERE bid = :bid;
         0.282  INSERT INTO pgbench_history (tid, bid, aid, delta, mtime) VALUES (:tid, :bid, :aid, :delta, CURRENT_TIMESTAMP);
        85.037  END;
avg-cpu:  %user   %nice %system %iowait  %steal   %idle
           3,70    0,00    1,07   20,69    0,00   74,54

Device:         rrqm/s   wrqm/s     r/s     w/s    rkB/s    wkB/s avgrq-sz avgqu-sz   await r_await w_await  svctm  %util
sdb               0,00     3,30    0,04  341,58     0,43  5755,35    33,70    67,15  196,57   29,78  196,59   2,42  82,72
sda               0,03     3,29    0,33  341,59     2,58  5755,35    33,68    57,99  169,60   15,36  169,75   2,29  78,32
md0               0,00     0,00    0,14    0,00     0,57     0,00     8,00     0,00    0,00    0,00    0,00   0,00   0,00
md1               0,00     0,00    0,00    0,00     0,00     0,00     0,00     0,00    0,00    0,00    0,00   0,00   0,00
md2               0,00     0,00    0,26  344,32     2,43  5753,90    33,41     0,00    0,00    0,00    0,00   0,00   0,00
md3               0,00     0,00    0,00    0,01     0,00     0,04     8,00     0,00    0,00    0,00    0,00   0,00   0,00

Control File Changes
--- /usr/local/oldpgsql/2016-01-30-REL9_5_ALPHA1-972-g7dc09c1/before.controldata	2016-08-16 04:07:40.570738710 +0200
+++ /usr/local/oldpgsql/2016-01-30-REL9_5_ALPHA1-972-g7dc09c1/after.controldata	2016-08-16 04:23:53.019458055 +0200
@@ -5,5 +5,5 @@
-pg_control last modified:             Tue Aug 16 02:07:40 2016
-Latest checkpoint location:           5/41702F70
-Prior checkpoint location:            5/41702F00
-Latest checkpoint's REDO location:    5/41702F70
-Latest checkpoint's REDO WAL file:    000000010000000500000041
+pg_control last modified:             Tue Aug 16 02:23:52 2016
+Latest checkpoint location:           5/E4EAFFC8
+Prior checkpoint location:            5/E4EA9B30
+Latest checkpoint's REDO location:    5/E4EAFFC8
+Latest checkpoint's REDO WAL file:    0000000100000005000000E4
@@ -13,2 +13,2 @@
-Latest checkpoint's NextXID:          0/1329721
-Latest checkpoint's NextOID:          16475
+Latest checkpoint's NextXID:          0/1650793
+Latest checkpoint's NextOID:          24667
@@ -24 +24 @@
-Time of latest checkpoint:            Tue Aug 16 02:07:40 2016
+Time of latest checkpoint:            Tue Aug 16 02:23:10 2016
size after pgbench of pgbench_tellers: 8
size after pgbench of pgbench_branches: 8
size after pgbench of pgbench_accounts: 64
size after pgbench of pgbench_branches_pkey: 32
size after pgbench of pgbench_tellers_pkey: 152
size after pgbench of pgbench_accounts_pkey: 658092
size after pgbench of pgbench_history: 24
total size after pgbench: 658380
End Time: 2016-08-16 02:23:53+00:00
========================================================================
========================================================================
Testing 2016-01-30-REL9_5_ALPHA1-972-g7dc09c1
Start Time: 2016-08-22 01:48:08+00:00
Shared Buffers:  260000
size before pgbench of pgbench_tellers: 8
size before pgbench of pgbench_branches: 8
size before pgbench of pgbench_accounts: 64
size before pgbench of pgbench_branches_pkey: 32
size before pgbench of pgbench_tellers_pkey: 152
size before pgbench of pgbench_accounts_pkey: 658092
size before pgbench of pgbench_history: 24
total size before pgbench: 658380
Linux 4.6.0-1-amd64 (Debian-83-jessie-64-minimal) 	22.08.16 	_x86_64_	(8 CPU)

starting vacuum...end.
transaction type: <builtin: TPC-B (sort of)>
scaling factor: 300
query mode: simple
number of clients: 32
number of threads: 4
duration: 900 s
number of transactions actually processed: 381423
latency average: 75.507 ms
tps = 423.737895 (including connections establishing)
tps = 423.738973 (excluding connections establishing)
script statistics:
 - statement latencies in milliseconds:
         0.002  \set aid random(1, 100000 * :scale)
         0.001  \set bid random(1, 1 * :scale)
         0.001  \set tid random(1, 10 * :scale)
         0.001  \set delta random(-5000, 5000)
         0.328  BEGIN;
         0.581  UPDATE pgbench_accounts SET abalance = abalance + :delta WHERE aid = :aid;
         0.451  SELECT abalance FROM pgbench_accounts WHERE aid = :aid;
         0.944  UPDATE pgbench_tellers SET tbalance = tbalance + :delta WHERE tid = :tid;
         4.222  UPDATE pgbench_branches SET bbalance = bbalance + :delta WHERE bid = :bid;
         0.280  INSERT INTO pgbench_history (tid, bid, aid, delta, mtime) VALUES (:tid, :bid, :aid, :delta, CURRENT_TIMESTAMP);
        69.365  END;
avg-cpu:  %user   %nice %system %iowait  %steal   %idle
           4,32    0,00    1,22   20,24    0,00   74,22

Device:         rrqm/s   wrqm/s     r/s     w/s    rkB/s    wkB/s avgrq-sz avgqu-sz   await r_await w_await  svctm  %util
sdb               0,01     3,87    0,04  394,56     0,40  6580,64    33,36    62,51  158,41   10,22  158,42   2,04  80,64
sda               0,05     3,86    0,20  394,58     1,45  6580,64    33,35    46,70  118,30   14,43  118,35   1,91  75,46
md0               0,00     0,00    0,18    0,00     0,70     0,00     8,00     0,00    0,00    0,00    0,00   0,00   0,00
md1               0,00     0,00    0,00    0,00     0,00     0,00     0,00     0,00    0,00    0,00    0,00   0,00   0,00
md2               0,00     0,00    0,12  397,86     1,15  6579,17    33,07     0,00    0,00    0,00    0,00   0,00   0,00
md3               0,00     0,00    0,00    0,01     0,00     0,04     8,00     0,00    0,00    0,00    0,00   0,00   0,00

Control File Changes
--- /usr/local/oldpgsql/2016-01-30-REL9_5_ALPHA1-972-g7dc09c1/before.controldata	2016-08-22 03:50:46.125676626 +0200
+++ /usr/local/oldpgsql/2016-01-30-REL9_5_ALPHA1-972-g7dc09c1/after.controldata	2016-08-22 04:06:51.595061634 +0200
@@ -5,5 +5,5 @@
-pg_control last modified:             Mon Aug 22 01:50:46 2016
-Latest checkpoint location:           6/56701E78
-Prior checkpoint location:            6/56701E08
-Latest checkpoint's REDO location:    6/56701E78
-Latest checkpoint's REDO WAL file:    000000010000000600000056
+pg_control last modified:             Mon Aug 22 02:06:51 2016
+Latest checkpoint location:           7/1327B2D0
+Prior checkpoint location:            7/1327B260
+Latest checkpoint's REDO location:    7/1327B2D0
+Latest checkpoint's REDO WAL file:    000000010000000700000013
@@ -13,2 +13,2 @@
-Latest checkpoint's NextXID:          0/1650793
-Latest checkpoint's NextOID:          16476
+Latest checkpoint's NextXID:          0/2032260
+Latest checkpoint's NextOID:          24668
@@ -24 +24 @@
-Time of latest checkpoint:            Mon Aug 22 01:50:46 2016
+Time of latest checkpoint:            Mon Aug 22 02:06:16 2016
size after pgbench of pgbench_tellers: 8
size after pgbench of pgbench_branches: 8
size after pgbench of pgbench_accounts: 64
size after pgbench of pgbench_branches_pkey: 32
size after pgbench of pgbench_tellers_pkey: 152
size after pgbench of pgbench_accounts_pkey: 658092
size after pgbench of pgbench_history: 24
total size after pgbench: 658380
End Time: 2016-08-22 02:06:51+00:00
========================================================================
