ERROR:  table "pgbench_history" does not exist
(ignoring this error and continuing anyway)
ERROR:  table "pgbench_tellers" does not exist
(ignoring this error and continuing anyway)
ERROR:  table "pgbench_accounts" does not exist
(ignoring this error and continuing anyway)
ERROR:  table "pgbench_branches" does not exist
(ignoring this error and continuing anyway)
creating tables...
100000 of 30000000 tuples (0%) done (elapsed 22.08 s, remaining 6603.30 s)
200000 of 30000000 tuples (0%) done (elapsed 40.58 s, remaining 6046.76 s)
300000 of 30000000 tuples (1%) done (elapsed 58.25 s, remaining 5766.56 s)
400000 of 30000000 tuples (1%) done (elapsed 75.21 s, remaining 5565.37 s)
500000 of 30000000 tuples (1%) done (elapsed 92.58 s, remaining 5462.17 s)
600000 of 30000000 tuples (2%) done (elapsed 110.38 s, remaining 5408.45 s)
700000 of 30000000 tuples (2%) done (elapsed 127.11 s, remaining 5320.49 s)
800000 of 30000000 tuples (2%) done (elapsed 144.25 s, remaining 5265.03 s)
900000 of 30000000 tuples (3%) done (elapsed 161.64 s, remaining 5226.50 s)
1000000 of 30000000 tuples (3%) done (elapsed 177.56 s, remaining 5149.25 s)
1100000 of 30000000 tuples (3%) done (elapsed 194.72 s, remaining 5115.79 s)
1200000 of 30000000 tuples (4%) done (elapsed 212.67 s, remaining 5104.13 s)
1300000 of 30000000 tuples (4%) done (elapsed 229.68 s, remaining 5070.63 s)
1400000 of 30000000 tuples (4%) done (elapsed 246.31 s, remaining 5031.85 s)
1500000 of 30000000 tuples (5%) done (elapsed 263.22 s, remaining 5001.09 s)
1600000 of 30000000 tuples (5%) done (elapsed 281.58 s, remaining 4998.11 s)
1700000 of 30000000 tuples (5%) done (elapsed 298.33 s, remaining 4966.26 s)
1800000 of 30000000 tuples (6%) done (elapsed 315.24 s, remaining 4938.73 s)
1900000 of 30000000 tuples (6%) done (elapsed 332.10 s, remaining 4911.60 s)
2000000 of 30000000 tuples (6%) done (elapsed 348.60 s, remaining 4880.41 s)
2100000 of 30000000 tuples (7%) done (elapsed 366.87 s, remaining 4874.14 s)
2200000 of 30000000 tuples (7%) done (elapsed 383.84 s, remaining 4850.29 s)
2300000 of 30000000 tuples (7%) done (elapsed 400.55 s, remaining 4823.98 s)
2400000 of 30000000 tuples (8%) done (elapsed 417.09 s, remaining 4796.49 s)
2500000 of 30000000 tuples (8%) done (elapsed 434.36 s, remaining 4777.93 s)
2600000 of 30000000 tuples (8%) done (elapsed 452.30 s, remaining 4766.55 s)
2700000 of 30000000 tuples (9%) done (elapsed 468.89 s, remaining 4741.02 s)
2800000 of 30000000 tuples (9%) done (elapsed 486.01 s, remaining 4721.27 s)
2900000 of 30000000 tuples (9%) done (elapsed 502.58 s, remaining 4696.50 s)
3000000 of 30000000 tuples (10%) done (elapsed 519.26 s, remaining 4673.34 s)
3100000 of 30000000 tuples (10%) done (elapsed 537.84 s, remaining 4667.06 s)
3200000 of 30000000 tuples (10%) done (elapsed 554.30 s, remaining 4642.24 s)
3300000 of 30000000 tuples (11%) done (elapsed 571.02 s, remaining 4620.09 s)
3400000 of 30000000 tuples (11%) done (elapsed 588.39 s, remaining 4603.32 s)
3500000 of 30000000 tuples (11%) done (elapsed 606.59 s, remaining 4592.72 s)
3600000 of 30000000 tuples (12%) done (elapsed 624.49 s, remaining 4579.62 s)
3700000 of 30000000 tuples (12%) done (elapsed 641.91 s, remaining 4562.75 s)
3800000 of 30000000 tuples (12%) done (elapsed 658.90 s, remaining 4542.93 s)
3900000 of 30000000 tuples (13%) done (elapsed 675.66 s, remaining 4521.74 s)
4000000 of 30000000 tuples (13%) done (elapsed 692.09 s, remaining 4498.57 s)
4100000 of 30000000 tuples (13%) done (elapsed 710.59 s, remaining 4488.82 s)
4200000 of 30000000 tuples (14%) done (elapsed 727.55 s, remaining 4469.26 s)
4300000 of 30000000 tuples (14%) done (elapsed 746.21 s, remaining 4459.89 s)
4400000 of 30000000 tuples (14%) done (elapsed 763.27 s, remaining 4440.82 s)
4500000 of 30000000 tuples (15%) done (elapsed 781.46 s, remaining 4428.26 s)
4600000 of 30000000 tuples (15%) done (elapsed 799.05 s, remaining 4412.14 s)
4700000 of 30000000 tuples (15%) done (elapsed 816.33 s, remaining 4394.29 s)
4800000 of 30000000 tuples (16%) done (elapsed 833.34 s, remaining 4375.04 s)
4900000 of 30000000 tuples (16%) done (elapsed 850.48 s, remaining 4356.53 s)
5000000 of 30000000 tuples (16%) done (elapsed 869.63 s, remaining 4348.13 s)
5100000 of 30000000 tuples (17%) done (elapsed 886.44 s, remaining 4327.92 s)
5200000 of 30000000 tuples (17%) done (elapsed 903.44 s, remaining 4308.70 s)
5300000 of 30000000 tuples (17%) done (elapsed 920.30 s, remaining 4288.97 s)
5400000 of 30000000 tuples (18%) done (elapsed 937.22 s, remaining 4269.55 s)
5500000 of 30000000 tuples (18%) done (elapsed 954.97 s, remaining 4253.98 s)
5600000 of 30000000 tuples (18%) done (elapsed 972.33 s, remaining 4236.57 s)
5700000 of 30000000 tuples (19%) done (elapsed 988.96 s, remaining 4216.08 s)
5800000 of 30000000 tuples (19%) done (elapsed 1005.80 s, remaining 4196.60 s)
5900000 of 30000000 tuples (19%) done (elapsed 1022.74 s, remaining 4177.62 s)
6000000 of 30000000 tuples (20%) done (elapsed 1041.20 s, remaining 4164.81 s)
6100000 of 30000000 tuples (20%) done (elapsed 1058.07 s, remaining 4145.56 s)
6200000 of 30000000 tuples (20%) done (elapsed 1074.95 s, remaining 4126.44 s)
6300000 of 30000000 tuples (21%) done (elapsed 1091.81 s, remaining 4107.27 s)
6400000 of 30000000 tuples (21%) done (elapsed 1108.85 s, remaining 4088.88 s)
6500000 of 30000000 tuples (21%) done (elapsed 1126.96 s, remaining 4074.40 s)
6600000 of 30000000 tuples (22%) done (elapsed 1143.84 s, remaining 4055.42 s)
6700000 of 30000000 tuples (22%) done (elapsed 1160.93 s, remaining 4037.27 s)
6800000 of 30000000 tuples (22%) done (elapsed 1177.43 s, remaining 4017.11 s)
6900000 of 30000000 tuples (23%) done (elapsed 1194.65 s, remaining 3999.49 s)
7000000 of 30000000 tuples (23%) done (elapsed 1212.54 s, remaining 3984.07 s)
7100000 of 30000000 tuples (23%) done (elapsed 1229.23 s, remaining 3964.71 s)
7200000 of 30000000 tuples (24%) done (elapsed 1246.05 s, remaining 3945.82 s)
7300000 of 30000000 tuples (24%) done (elapsed 1262.87 s, remaining 3927.02 s)
7400000 of 30000000 tuples (24%) done (elapsed 1280.74 s, remaining 3911.45 s)
7500000 of 30000000 tuples (25%) done (elapsed 1297.96 s, remaining 3893.88 s)
7600000 of 30000000 tuples (25%) done (elapsed 1314.61 s, remaining 3874.65 s)
7700000 of 30000000 tuples (25%) done (elapsed 1331.42 s, remaining 3855.92 s)
7800000 of 30000000 tuples (26%) done (elapsed 1348.39 s, remaining 3837.72 s)
7900000 of 30000000 tuples (26%) done (elapsed 1366.33 s, remaining 3822.28 s)
8000000 of 30000000 tuples (26%) done (elapsed 1383.26 s, remaining 3803.96 s)
8100000 of 30000000 tuples (27%) done (elapsed 1400.45 s, remaining 3786.40 s)
8200000 of 30000000 tuples (27%) done (elapsed 1417.44 s, remaining 3768.31 s)
8300000 of 30000000 tuples (27%) done (elapsed 1434.12 s, remaining 3749.45 s)
8400000 of 30000000 tuples (28%) done (elapsed 1452.23 s, remaining 3734.30 s)
8500000 of 30000000 tuples (28%) done (elapsed 1469.62 s, remaining 3717.26 s)
8600000 of 30000000 tuples (28%) done (elapsed 1486.48 s, remaining 3698.91 s)
8700000 of 30000000 tuples (29%) done (elapsed 1503.40 s, remaining 3680.73 s)
8800000 of 30000000 tuples (29%) done (elapsed 1520.19 s, remaining 3662.26 s)
8900000 of 30000000 tuples (29%) done (elapsed 1538.71 s, remaining 3647.95 s)
9000000 of 30000000 tuples (30%) done (elapsed 1555.36 s, remaining 3629.17 s)
9100000 of 30000000 tuples (30%) done (elapsed 1572.27 s, remaining 3611.03 s)
9200000 of 30000000 tuples (30%) done (elapsed 1588.85 s, remaining 3592.19 s)
9300000 of 30000000 tuples (31%) done (elapsed 1606.31 s, remaining 3575.33 s)
9400000 of 30000000 tuples (31%) done (elapsed 1625.42 s, remaining 3562.09 s)
9500000 of 30000000 tuples (31%) done (elapsed 1642.17 s, remaining 3543.63 s)
9600000 of 30000000 tuples (32%) done (elapsed 1659.23 s, remaining 3525.86 s)
9700000 of 30000000 tuples (32%) done (elapsed 1676.47 s, remaining 3508.50 s)
9800000 of 30000000 tuples (32%) done (elapsed 1693.13 s, remaining 3489.91 s)
9900000 of 30000000 tuples (33%) done (elapsed 1711.50 s, remaining 3474.86 s)
10000000 of 30000000 tuples (33%) done (elapsed 1728.91 s, remaining 3457.82 s)
10100000 of 30000000 tuples (33%) done (elapsed 1745.59 s, remaining 3439.33 s)
10200000 of 30000000 tuples (34%) done (elapsed 1763.22 s, remaining 3422.71 s)
10300000 of 30000000 tuples (34%) done (elapsed 1781.14 s, remaining 3406.64 s)
10400000 of 30000000 tuples (34%) done (elapsed 1798.88 s, remaining 3390.19 s)
10500000 of 30000000 tuples (35%) done (elapsed 1815.44 s, remaining 3371.53 s)
10600000 of 30000000 tuples (35%) done (elapsed 1833.18 s, remaining 3355.07 s)
10700000 of 30000000 tuples (35%) done (elapsed 1850.60 s, remaining 3338.00 s)
10800000 of 30000000 tuples (36%) done (elapsed 1867.17 s, remaining 3319.42 s)
10900000 of 30000000 tuples (36%) done (elapsed 1885.63 s, remaining 3304.18 s)
11000000 of 30000000 tuples (36%) done (elapsed 1902.33 s, remaining 3285.85 s)
11100000 of 30000000 tuples (37%) done (elapsed 1920.19 s, remaining 3269.52 s)
11200000 of 30000000 tuples (37%) done (elapsed 1936.66 s, remaining 3250.82 s)
11300000 of 30000000 tuples (37%) done (elapsed 1955.05 s, remaining 3235.35 s)
11400000 of 30000000 tuples (38%) done (elapsed 1971.17 s, remaining 3216.12 s)
11500000 of 30000000 tuples (38%) done (elapsed 1988.79 s, remaining 3199.37 s)
11600000 of 30000000 tuples (38%) done (elapsed 2005.48 s, remaining 3181.11 s)
11700000 of 30000000 tuples (39%) done (elapsed 2023.20 s, remaining 3164.49 s)
11800000 of 30000000 tuples (39%) done (elapsed 2039.45 s, remaining 3145.60 s)
11900000 of 30000000 tuples (39%) done (elapsed 2058.01 s, remaining 3130.26 s)
12000000 of 30000000 tuples (40%) done (elapsed 2074.25 s, remaining 3111.38 s)
12100000 of 30000000 tuples (40%) done (elapsed 2091.91 s, remaining 3094.64 s)
12200000 of 30000000 tuples (40%) done (elapsed 2108.47 s, remaining 3076.30 s)
12300000 of 30000000 tuples (41%) done (elapsed 2125.83 s, remaining 3059.12 s)
12400000 of 30000000 tuples (41%) done (elapsed 2142.16 s, remaining 3040.48 s)
12500000 of 30000000 tuples (41%) done (elapsed 2159.93 s, remaining 3023.90 s)
12600000 of 30000000 tuples (42%) done (elapsed 2176.25 s, remaining 3005.30 s)
12700000 of 30000000 tuples (42%) done (elapsed 2194.03 s, remaining 2988.71 s)
12800000 of 30000000 tuples (42%) done (elapsed 2209.99 s, remaining 2969.67 s)
12900000 of 30000000 tuples (43%) done (elapsed 2228.34 s, remaining 2953.84 s)
13000000 of 30000000 tuples (43%) done (elapsed 2244.66 s, remaining 2935.32 s)
13100000 of 30000000 tuples (43%) done (elapsed 2262.50 s, remaining 2918.79 s)
13200000 of 30000000 tuples (44%) done (elapsed 2279.27 s, remaining 2900.89 s)
13300000 of 30000000 tuples (44%) done (elapsed 2297.06 s, remaining 2884.27 s)
13400000 of 30000000 tuples (44%) done (elapsed 2313.17 s, remaining 2865.56 s)
13500000 of 30000000 tuples (45%) done (elapsed 2331.50 s, remaining 2849.61 s)
13600000 of 30000000 tuples (45%) done (elapsed 2347.84 s, remaining 2831.21 s)
13700000 of 30000000 tuples (45%) done (elapsed 2365.28 s, remaining 2814.17 s)
13800000 of 30000000 tuples (46%) done (elapsed 2382.20 s, remaining 2796.49 s)
13900000 of 30000000 tuples (46%) done (elapsed 2399.79 s, remaining 2779.61 s)
14000000 of 30000000 tuples (46%) done (elapsed 2416.58 s, remaining 2761.80 s)
14100000 of 30000000 tuples (47%) done (elapsed 2434.60 s, remaining 2745.40 s)
14200000 of 30000000 tuples (47%) done (elapsed 2450.97 s, remaining 2727.13 s)
14300000 of 30000000 tuples (47%) done (elapsed 2468.53 s, remaining 2710.20 s)
14400000 of 30000000 tuples (48%) done (elapsed 2485.26 s, remaining 2692.36 s)
14500000 of 30000000 tuples (48%) done (elapsed 2503.04 s, remaining 2675.66 s)
14600000 of 30000000 tuples (48%) done (elapsed 2519.45 s, remaining 2657.51 s)
14700000 of 30000000 tuples (49%) done (elapsed 2537.34 s, remaining 2640.90 s)
14800000 of 30000000 tuples (49%) done (elapsed 2553.67 s, remaining 2622.69 s)
14900000 of 30000000 tuples (49%) done (elapsed 2571.19 s, remaining 2605.70 s)
15000000 of 30000000 tuples (50%) done (elapsed 2588.30 s, remaining 2588.30 s)
15100000 of 30000000 tuples (50%) done (elapsed 2605.92 s, remaining 2571.40 s)
15200000 of 30000000 tuples (50%) done (elapsed 2622.48 s, remaining 2553.47 s)
15300000 of 30000000 tuples (51%) done (elapsed 2640.07 s, remaining 2536.53 s)
15400000 of 30000000 tuples (51%) done (elapsed 2656.78 s, remaining 2518.77 s)
15500000 of 30000000 tuples (51%) done (elapsed 2675.01 s, remaining 2502.43 s)
15600000 of 30000000 tuples (52%) done (elapsed 2691.49 s, remaining 2484.45 s)
15700000 of 30000000 tuples (52%) done (elapsed 2709.39 s, remaining 2467.79 s)
15800000 of 30000000 tuples (52%) done (elapsed 2726.27 s, remaining 2450.20 s)
15900000 of 30000000 tuples (53%) done (elapsed 2744.11 s, remaining 2433.45 s)
16000000 of 30000000 tuples (53%) done (elapsed 2760.99 s, remaining 2415.86 s)
16100000 of 30000000 tuples (53%) done (elapsed 2779.22 s, remaining 2399.45 s)
16200000 of 30000000 tuples (54%) done (elapsed 2795.66 s, remaining 2381.49 s)
16300000 of 30000000 tuples (54%) done (elapsed 2813.72 s, remaining 2364.91 s)
16400000 of 30000000 tuples (54%) done (elapsed 2830.00 s, remaining 2346.83 s)
16500000 of 30000000 tuples (55%) done (elapsed 2847.73 s, remaining 2329.96 s)
16600000 of 30000000 tuples (55%) done (elapsed 2865.07 s, remaining 2312.77 s)
16700000 of 30000000 tuples (55%) done (elapsed 2883.41 s, remaining 2296.37 s)
16800000 of 30000000 tuples (56%) done (elapsed 2899.69 s, remaining 2278.33 s)
16900000 of 30000000 tuples (56%) done (elapsed 2917.75 s, remaining 2261.69 s)
17000000 of 30000000 tuples (56%) done (elapsed 2934.35 s, remaining 2243.91 s)
17100000 of 30000000 tuples (57%) done (elapsed 2951.98 s, remaining 2226.93 s)
17200000 of 30000000 tuples (57%) done (elapsed 2970.04 s, remaining 2210.26 s)
17300000 of 30000000 tuples (57%) done (elapsed 2986.62 s, remaining 2192.49 s)
17400000 of 30000000 tuples (58%) done (elapsed 3004.54 s, remaining 2175.70 s)
17500000 of 30000000 tuples (58%) done (elapsed 3020.98 s, remaining 2157.84 s)
17600000 of 30000000 tuples (58%) done (elapsed 3039.38 s, remaining 2141.38 s)
17700000 of 30000000 tuples (59%) done (elapsed 3055.93 s, remaining 2123.61 s)
17800000 of 30000000 tuples (59%) done (elapsed 3073.94 s, remaining 2106.86 s)
17900000 of 30000000 tuples (59%) done (elapsed 3090.73 s, remaining 2089.27 s)
18000000 of 30000000 tuples (60%) done (elapsed 3108.35 s, remaining 2072.23 s)
18100000 of 30000000 tuples (60%) done (elapsed 3124.82 s, remaining 2054.44 s)
18200000 of 30000000 tuples (60%) done (elapsed 3142.81 s, remaining 2037.65 s)
18300000 of 30000000 tuples (61%) done (elapsed 3159.64 s, remaining 2020.10 s)
18400000 of 30000000 tuples (61%) done (elapsed 3177.44 s, remaining 2003.17 s)
18500000 of 30000000 tuples (61%) done (elapsed 3194.78 s, remaining 1985.95 s)
18600000 of 30000000 tuples (62%) done (elapsed 3212.16 s, remaining 1968.74 s)
18700000 of 30000000 tuples (62%) done (elapsed 3228.53 s, remaining 1950.93 s)
18800000 of 30000000 tuples (62%) done (elapsed 3247.37 s, remaining 1934.60 s)
18900000 of 30000000 tuples (63%) done (elapsed 3263.93 s, remaining 1916.91 s)
19000000 of 30000000 tuples (63%) done (elapsed 3281.62 s, remaining 1899.89 s)
19100000 of 30000000 tuples (63%) done (elapsed 3298.52 s, remaining 1882.40 s)
19200000 of 30000000 tuples (64%) done (elapsed 3316.09 s, remaining 1865.30 s)
19300000 of 30000000 tuples (64%) done (elapsed 3333.05 s, remaining 1847.86 s)
19400000 of 30000000 tuples (64%) done (elapsed 3351.71 s, remaining 1831.35 s)
19500000 of 30000000 tuples (65%) done (elapsed 3367.91 s, remaining 1813.49 s)
19600000 of 30000000 tuples (65%) done (elapsed 3385.51 s, remaining 1796.39 s)
19700000 of 30000000 tuples (65%) done (elapsed 3402.61 s, remaining 1779.03 s)
19800000 of 30000000 tuples (66%) done (elapsed 3420.45 s, remaining 1762.05 s)
19900000 of 30000000 tuples (66%) done (elapsed 3436.87 s, remaining 1744.34 s)
20000000 of 30000000 tuples (66%) done (elapsed 3454.79 s, remaining 1727.39 s)
20100000 of 30000000 tuples (67%) done (elapsed 3471.79 s, remaining 1709.99 s)
20200000 of 30000000 tuples (67%) done (elapsed 3490.64 s, remaining 1693.48 s)
20300000 of 30000000 tuples (67%) done (elapsed 3506.86 s, remaining 1675.69 s)
20400000 of 30000000 tuples (68%) done (elapsed 3525.46 s, remaining 1659.04 s)
20500000 of 30000000 tuples (68%) done (elapsed 3541.76 s, remaining 1641.30 s)
20600000 of 30000000 tuples (68%) done (elapsed 3559.77 s, remaining 1624.36 s)
20700000 of 30000000 tuples (69%) done (elapsed 3576.75 s, remaining 1606.94 s)
20800000 of 30000000 tuples (69%) done (elapsed 3594.27 s, remaining 1589.77 s)
20900000 of 30000000 tuples (69%) done (elapsed 3611.13 s, remaining 1572.31 s)
21000000 of 30000000 tuples (70%) done (elapsed 3628.73 s, remaining 1555.17 s)
21100000 of 30000000 tuples (70%) done (elapsed 3645.30 s, remaining 1537.59 s)
21200000 of 30000000 tuples (70%) done (elapsed 3663.07 s, remaining 1520.52 s)
21300000 of 30000000 tuples (71%) done (elapsed 3680.05 s, remaining 1503.12 s)
21400000 of 30000000 tuples (71%) done (elapsed 3697.68 s, remaining 1485.98 s)
21500000 of 30000000 tuples (71%) done (elapsed 3714.34 s, remaining 1468.46 s)
21600000 of 30000000 tuples (72%) done (elapsed 3732.49 s, remaining 1451.52 s)
21700000 of 30000000 tuples (72%) done (elapsed 3749.14 s, remaining 1434.00 s)
21800000 of 30000000 tuples (72%) done (elapsed 3767.30 s, remaining 1417.06 s)
21900000 of 30000000 tuples (73%) done (elapsed 3784.52 s, remaining 1399.75 s)
22000000 of 30000000 tuples (73%) done (elapsed 3801.88 s, remaining 1382.50 s)
22100000 of 30000000 tuples (73%) done (elapsed 3818.83 s, remaining 1365.10 s)
22200000 of 30000000 tuples (74%) done (elapsed 3837.11 s, remaining 1348.17 s)
22300000 of 30000000 tuples (74%) done (elapsed 3853.63 s, remaining 1330.63 s)
22400000 of 30000000 tuples (74%) done (elapsed 3871.34 s, remaining 1313.49 s)
22500000 of 30000000 tuples (75%) done (elapsed 3887.85 s, remaining 1295.95 s)
22600000 of 30000000 tuples (75%) done (elapsed 3904.52 s, remaining 1278.47 s)
22700000 of 30000000 tuples (75%) done (elapsed 3922.36 s, remaining 1261.37 s)
22800000 of 30000000 tuples (76%) done (elapsed 3938.59 s, remaining 1243.77 s)
22900000 of 30000000 tuples (76%) done (elapsed 3956.48 s, remaining 1226.68 s)
23000000 of 30000000 tuples (76%) done (elapsed 3973.12 s, remaining 1209.21 s)
23100000 of 30000000 tuples (77%) done (elapsed 3992.25 s, remaining 1192.49 s)
23200000 of 30000000 tuples (77%) done (elapsed 4019.10 s, remaining 1178.01 s)
23300000 of 30000000 tuples (77%) done (elapsed 4037.36 s, remaining 1160.96 s)
23400000 of 30000000 tuples (78%) done (elapsed 4053.56 s, remaining 1143.31 s)
23500000 of 30000000 tuples (78%) done (elapsed 4071.68 s, remaining 1126.21 s)
23600000 of 30000000 tuples (78%) done (elapsed 4087.96 s, remaining 1108.60 s)
23700000 of 30000000 tuples (79%) done (elapsed 4106.15 s, remaining 1091.51 s)
23800000 of 30000000 tuples (79%) done (elapsed 4122.91 s, remaining 1074.04 s)
23900000 of 30000000 tuples (79%) done (elapsed 4140.48 s, remaining 1056.77 s)
24000000 of 30000000 tuples (80%) done (elapsed 4157.48 s, remaining 1039.37 s)
24100000 of 30000000 tuples (80%) done (elapsed 4175.44 s, remaining 1022.20 s)
24200000 of 30000000 tuples (80%) done (elapsed 4191.82 s, remaining 1004.65 s)
24300000 of 30000000 tuples (81%) done (elapsed 4209.55 s, remaining 987.43 s)
24400000 of 30000000 tuples (81%) done (elapsed 4226.43 s, remaining 970.00 s)
24500000 of 30000000 tuples (81%) done (elapsed 4244.15 s, remaining 952.77 s)
24600000 of 30000000 tuples (82%) done (elapsed 4260.65 s, remaining 935.26 s)
24700000 of 30000000 tuples (82%) done (elapsed 4278.37 s, remaining 918.03 s)
24800000 of 30000000 tuples (82%) done (elapsed 4295.01 s, remaining 900.57 s)
24900000 of 30000000 tuples (83%) done (elapsed 4312.57 s, remaining 883.30 s)
25000000 of 30000000 tuples (83%) done (elapsed 4329.05 s, remaining 865.81 s)
25100000 of 30000000 tuples (83%) done (elapsed 4347.16 s, remaining 848.65 s)
25200000 of 30000000 tuples (84%) done (elapsed 4363.61 s, remaining 831.16 s)
25300000 of 30000000 tuples (84%) done (elapsed 4381.28 s, remaining 813.91 s)
25400000 of 30000000 tuples (84%) done (elapsed 4398.66 s, remaining 796.61 s)
25500000 of 30000000 tuples (85%) done (elapsed 4416.46 s, remaining 779.37 s)
25600000 of 30000000 tuples (85%) done (elapsed 4432.87 s, remaining 761.90 s)
25700000 of 30000000 tuples (85%) done (elapsed 4451.28 s, remaining 744.77 s)
25800000 of 30000000 tuples (86%) done (elapsed 4467.70 s, remaining 727.30 s)
25900000 of 30000000 tuples (86%) done (elapsed 4485.56 s, remaining 710.07 s)
26000000 of 30000000 tuples (86%) done (elapsed 4502.26 s, remaining 692.66 s)
26100000 of 30000000 tuples (87%) done (elapsed 4520.52 s, remaining 675.48 s)
26200000 of 30000000 tuples (87%) done (elapsed 4539.22 s, remaining 658.36 s)
26300000 of 30000000 tuples (87%) done (elapsed 4558.08 s, remaining 641.25 s)
26400000 of 30000000 tuples (88%) done (elapsed 4574.96 s, remaining 623.86 s)
26500000 of 30000000 tuples (88%) done (elapsed 4592.68 s, remaining 606.58 s)
26600000 of 30000000 tuples (88%) done (elapsed 4609.44 s, remaining 589.18 s)
26700000 of 30000000 tuples (89%) done (elapsed 4626.95 s, remaining 571.87 s)
26800000 of 30000000 tuples (89%) done (elapsed 4643.55 s, remaining 554.45 s)
26900000 of 30000000 tuples (89%) done (elapsed 4661.33 s, remaining 537.18 s)
27000000 of 30000000 tuples (90%) done (elapsed 4677.95 s, remaining 519.77 s)
27100000 of 30000000 tuples (90%) done (elapsed 4695.56 s, remaining 502.48 s)
27200000 of 30000000 tuples (90%) done (elapsed 4712.18 s, remaining 485.08 s)
27300000 of 30000000 tuples (91%) done (elapsed 4730.23 s, remaining 467.82 s)
27400000 of 30000000 tuples (91%) done (elapsed 4746.49 s, remaining 450.40 s)
27500000 of 30000000 tuples (91%) done (elapsed 4764.98 s, remaining 433.18 s)
27600000 of 30000000 tuples (92%) done (elapsed 4781.44 s, remaining 415.78 s)
27700000 of 30000000 tuples (92%) done (elapsed 4799.46 s, remaining 398.51 s)
27800000 of 30000000 tuples (92%) done (elapsed 4815.95 s, remaining 381.12 s)
27900000 of 30000000 tuples (93%) done (elapsed 4834.38 s, remaining 363.88 s)
28000000 of 30000000 tuples (93%) done (elapsed 4850.53 s, remaining 346.47 s)
28100000 of 30000000 tuples (93%) done (elapsed 4868.30 s, remaining 329.17 s)
28200000 of 30000000 tuples (94%) done (elapsed 4885.16 s, remaining 311.82 s)
28300000 of 30000000 tuples (94%) done (elapsed 4902.80 s, remaining 294.51 s)
28400000 of 30000000 tuples (94%) done (elapsed 4919.60 s, remaining 277.16 s)
28500000 of 30000000 tuples (95%) done (elapsed 4937.87 s, remaining 259.89 s)
28600000 of 30000000 tuples (95%) done (elapsed 4954.07 s, remaining 242.51 s)
28700000 of 30000000 tuples (95%) done (elapsed 4971.78 s, remaining 225.20 s)
28800000 of 30000000 tuples (96%) done (elapsed 4988.65 s, remaining 207.86 s)
28900000 of 30000000 tuples (96%) done (elapsed 5005.07 s, remaining 190.50 s)
29000000 of 30000000 tuples (96%) done (elapsed 5022.73 s, remaining 173.20 s)
29100000 of 30000000 tuples (97%) done (elapsed 5039.64 s, remaining 155.87 s)
29200000 of 30000000 tuples (97%) done (elapsed 5057.23 s, remaining 138.55 s)
29300000 of 30000000 tuples (97%) done (elapsed 5073.87 s, remaining 121.22 s)
29400000 of 30000000 tuples (98%) done (elapsed 5091.76 s, remaining 103.91 s)
29500000 of 30000000 tuples (98%) done (elapsed 5109.04 s, remaining 86.59 s)
29600000 of 30000000 tuples (98%) done (elapsed 5127.05 s, remaining 69.28 s)
29700000 of 30000000 tuples (99%) done (elapsed 5144.10 s, remaining 51.96 s)
29800000 of 30000000 tuples (99%) done (elapsed 5162.24 s, remaining 34.65 s)
29900000 of 30000000 tuples (99%) done (elapsed 5178.89 s, remaining 17.32 s)
30000000 of 30000000 tuples (100%) done (elapsed 5196.80 s, remaining 0.00 s)
vacuum...
set primary keys...
NOTICE:  ALTER TABLE / ADD PRIMARY KEY will create implicit index "pgbench_branches_pkey" for table "pgbench_branches"
NOTICE:  ALTER TABLE / ADD PRIMARY KEY will create implicit index "pgbench_tellers_pkey" for table "pgbench_tellers"
NOTICE:  ALTER TABLE / ADD PRIMARY KEY will create implicit index "pgbench_accounts_pkey" for table "pgbench_accounts"
done.
starting vacuum...end.
transaction type: <builtin: TPC-B (sort of)>
scaling factor: 300
query mode: simple
number of clients: 32
number of threads: 4
duration: 60 s
number of transactions actually processed: 1766
latency average: 1087.203 ms
tps = 29.240789 (including connections establishing)
tps = 29.243931 (excluding connections establishing)
script statistics:
 - statement latencies in milliseconds:
         0.003  \set aid random(1, 100000 * :scale)
         0.001  \set bid random(1, 1 * :scale)
         0.001  \set tid random(1, 10 * :scale)
         0.001  \set delta random(-5000, 5000)
         0.181  BEGIN;
       363.697  UPDATE pgbench_accounts SET abalance = abalance + :delta WHERE aid = :aid;
         8.823  SELECT abalance FROM pgbench_accounts WHERE aid = :aid;
       253.694  UPDATE pgbench_tellers SET tbalance = tbalance + :delta WHERE tid = :tid;
       231.978  UPDATE pgbench_branches SET bbalance = bbalance + :delta WHERE bid = :bid;
        96.699  INSERT INTO pgbench_history (tid, bid, aid, delta, mtime) VALUES (:tid, :bid, :aid, :delta, CURRENT_TIMESTAMP);
       136.797  END;
starting vacuum...end.
transaction type: <builtin: TPC-B (sort of)>
scaling factor: 300
query mode: simple
number of clients: 32
number of threads: 4
duration: 60 s
number of transactions actually processed: 1681
latency average: 1142.177 ms
tps = 27.845499 (including connections establishing)
tps = 27.847101 (excluding connections establishing)
script statistics:
 - statement latencies in milliseconds:
         0.003  \set aid random(1, 100000 * :scale)
         0.001  \set bid random(1, 1 * :scale)
         0.001  \set tid random(1, 10 * :scale)
         0.001  \set delta random(-5000, 5000)
         0.340  BEGIN;
       390.291  UPDATE pgbench_accounts SET abalance = abalance + :delta WHERE aid = :aid;
         0.593  SELECT abalance FROM pgbench_accounts WHERE aid = :aid;
       262.111  UPDATE pgbench_tellers SET tbalance = tbalance + :delta WHERE tid = :tid;
       217.024  UPDATE pgbench_branches SET bbalance = bbalance + :delta WHERE bid = :bid;
       119.878  INSERT INTO pgbench_history (tid, bid, aid, delta, mtime) VALUES (:tid, :bid, :aid, :delta, CURRENT_TIMESTAMP);
       157.308  END;
starting vacuum...end.
transaction type: <builtin: TPC-B (sort of)>
scaling factor: 300
query mode: simple
number of clients: 32
number of threads: 4
duration: 60 s
number of transactions actually processed: 1466
latency average: 1309.686 ms
tps = 24.131345 (including connections establishing)
tps = 24.132767 (excluding connections establishing)
script statistics:
 - statement latencies in milliseconds:
         0.003  \set aid random(1, 100000 * :scale)
         0.001  \set bid random(1, 1 * :scale)
         0.001  \set tid random(1, 10 * :scale)
         0.001  \set delta random(-5000, 5000)
         0.299  BEGIN;
       601.912  UPDATE pgbench_accounts SET abalance = abalance + :delta WHERE aid = :aid;
         0.381  SELECT abalance FROM pgbench_accounts WHERE aid = :aid;
       263.959  UPDATE pgbench_tellers SET tbalance = tbalance + :delta WHERE tid = :tid;
       192.495  UPDATE pgbench_branches SET bbalance = bbalance + :delta WHERE bid = :bid;
        97.004  INSERT INTO pgbench_history (tid, bid, aid, delta, mtime) VALUES (:tid, :bid, :aid, :delta, CURRENT_TIMESTAMP);
       169.384  END;
starting vacuum...end.
transaction type: <builtin: TPC-B (sort of)>
scaling factor: 300
query mode: simple
number of clients: 32
number of threads: 4
duration: 900 s
number of transactions actually processed: 19926
latency average: 1445.348 ms
tps = 21.511897 (including connections establishing)
tps = 21.511974 (excluding connections establishing)
script statistics:
 - statement latencies in milliseconds:
         0.003  \set aid random(1, 100000 * :scale)
         0.001  \set bid random(1, 1 * :scale)
         0.001  \set tid random(1, 10 * :scale)
         0.001  \set delta random(-5000, 5000)
         0.417  BEGIN;
       714.338  UPDATE pgbench_accounts SET abalance = abalance + :delta WHERE aid = :aid;
         0.671  SELECT abalance FROM pgbench_accounts WHERE aid = :aid;
       300.018  UPDATE pgbench_tellers SET tbalance = tbalance + :delta WHERE tid = :tid;
       181.510  UPDATE pgbench_branches SET bbalance = bbalance + :delta WHERE bid = :bid;
        87.284  INSERT INTO pgbench_history (tid, bid, aid, delta, mtime) VALUES (:tid, :bid, :aid, :delta, CURRENT_TIMESTAMP);
       198.491  END;
========================================================================
Testing 2004-08-16-REL8_0_0~1189
Start Time: 2016-08-01 08:48:20+00:00
Linux 3.16.0-4-amd64 (Debian-83-jessie-64-minimal) 	01.08.16 	_x86_64_	(8 CPU)

starting vacuum...end.
transaction type: <builtin: TPC-B (sort of)>
scaling factor: 300
query mode: simple
number of clients: 32
number of threads: 4
duration: 900 s
number of transactions actually processed: 18998
latency average: 1515.949 ms
tps = 21.088931 (including connections establishing)
tps = 21.089028 (excluding connections establishing)
script statistics:
 - statement latencies in milliseconds:
         0.003  \set aid random(1, 100000 * :scale)
         0.001  \set bid random(1, 1 * :scale)
         0.001  \set tid random(1, 10 * :scale)
         0.001  \set delta random(-5000, 5000)
         0.435  BEGIN;
       639.893  UPDATE pgbench_accounts SET abalance = abalance + :delta WHERE aid = :aid;
         0.857  SELECT abalance FROM pgbench_accounts WHERE aid = :aid;
       334.319  UPDATE pgbench_tellers SET tbalance = tbalance + :delta WHERE tid = :tid;
       212.333  UPDATE pgbench_branches SET bbalance = bbalance + :delta WHERE bid = :bid;
       110.385  INSERT INTO pgbench_history (tid, bid, aid, delta, mtime) VALUES (:tid, :bid, :aid, :delta, CURRENT_TIMESTAMP);
       219.554  END;
avg-cpu:  %user   %nice %system %iowait  %steal   %idle
           0,33    0,00    0,22    6,97    0,00   92,49

Device:         rrqm/s   wrqm/s     r/s     w/s    rkB/s    wkB/s avgrq-sz avgqu-sz   await r_await w_await  svctm  %util
sdb               0,00     1,33    4,01  155,85    33,09   883,70    11,47    17,00  106,26   30,08  108,22   4,22  67,53
sda               0,00     1,31   14,82  155,87   122,26   883,70    11,79     9,54   55,81   29,37   58,32   4,43  75,66
md0               0,00     0,00    0,03    0,00     0,13     0,00     8,00     0,00    0,00    0,00    0,00   0,00   0,00
md1               0,00     0,00    0,00    0,00     0,00     0,00     0,00     0,00    0,00    0,00    0,00   0,00   0,00
md2               0,00     0,00   18,80  156,74   155,22   883,54    11,84     0,00    0,00    0,00    0,00   0,00   0,00
md3               0,00     0,00    0,00    0,01     0,00     0,04     8,00     0,00    0,00    0,00    0,00   0,00   0,00

End Time: 2016-08-01 09:03:51+00:00
========================================================================
========================================================================
Testing 2004-08-16-REL8_0_0~1189
Start Time: 2016-08-06 18:51:05+00:00
Shared Buffers:  260000
Linux 3.16.0-4-amd64 (Debian-83-jessie-64-minimal) 	06.08.16 	_x86_64_	(8 CPU)

starting vacuum...end.
transaction type: <builtin: TPC-B (sort of)>
scaling factor: 300
query mode: simple
number of clients: 32
number of threads: 4
duration: 900 s
number of transactions actually processed: 20401
latency average: 1411.696 ms
tps = 22.643590 (including connections establishing)
tps = 22.643954 (excluding connections establishing)
script statistics:
 - statement latencies in milliseconds:
         0.003  \set aid random(1, 100000 * :scale)
         0.001  \set bid random(1, 1 * :scale)
         0.001  \set tid random(1, 10 * :scale)
         0.001  \set delta random(-5000, 5000)
         0.628  BEGIN;
       598.610  UPDATE pgbench_accounts SET abalance = abalance + :delta WHERE aid = :aid;
         1.697  SELECT abalance FROM pgbench_accounts WHERE aid = :aid;
       307.513  UPDATE pgbench_tellers SET tbalance = tbalance + :delta WHERE tid = :tid;
       205.162  UPDATE pgbench_branches SET bbalance = bbalance + :delta WHERE bid = :bid;
        93.450  INSERT INTO pgbench_history (tid, bid, aid, delta, mtime) VALUES (:tid, :bid, :aid, :delta, CURRENT_TIMESTAMP);
       206.032  END;
avg-cpu:  %user   %nice %system %iowait  %steal   %idle
           0,64    0,00    0,25    6,49    0,00   92,62

Device:         rrqm/s   wrqm/s     r/s     w/s    rkB/s    wkB/s avgrq-sz avgqu-sz   await r_await w_await  svctm  %util
sdb               0,00     1,48    3,09  167,36    25,38   945,60    11,39    10,95   64,24   22,56   65,01   3,59  61,15
sda               0,08     1,48   17,08  167,36   142,23   945,60    11,80     8,67   47,01   26,86   49,06   4,51  83,20
md0               0,00     0,00    0,15    0,00     0,62     0,00     8,00     0,00    0,00    0,00    0,00   0,00   0,00
md1               0,00     0,00    0,00    0,00     0,00     0,00     0,00     0,00    0,00    0,00    0,00   0,00   0,00
md2               0,00     0,00   20,09  168,23   167,00   944,07    11,80     0,00    0,00    0,00    0,00   0,00   0,00
md3               0,00     0,00    0,00    0,01     0,00     0,04     8,00     0,00    0,00    0,00    0,00   0,00   0,00

Control File Changes
--- /usr/local/oldpgsql/2004-08-16-REL8_0_0~1189/before.controldata	2016-08-06 20:51:05.575100129 +0200
+++ /usr/local/oldpgsql/2004-08-16-REL8_0_0~1189/after.controldata	2016-08-06 21:06:36.913731235 +0200
@@ -2,17 +2,17 @@
 Catalog version number:               200408031
 Database system identifier:           6255457578446225383
 Database cluster state:               in production
-pg_control last modified:             сб, 06-сер-2016 20:51:05 +0200
+pg_control last modified:             сб, 06-сер-2016 21:06:36 +0200
 Current log file ID:                  1
-Next log file segment:                91
-Latest checkpoint location:           1/5A30FB68
-Prior checkpoint location:            1/5A30FB20
-Latest checkpoint's REDO location:    1/5A30FB68
+Next log file segment:                112
+Latest checkpoint location:           1/6F5AB598
+Prior checkpoint location:            1/6F5AB550
+Latest checkpoint's REDO location:    1/6F5AB598
 Latest checkpoint's UNDO location:    0/0
 Latest checkpoint's TimeLineID:       1
-Latest checkpoint's NextXID:          45725
-Latest checkpoint's NextOID:          31550073
-Time of latest checkpoint:            сб, 06-сер-2016 20:51:05 +0200
+Latest checkpoint's NextXID:          66169
+Latest checkpoint's NextOID:          31574649
+Time of latest checkpoint:            сб, 06-сер-2016 21:06:35 +0200
 Database block size:                  8192
 Blocks per segment of large relation: 131072
 Bytes per WAL segment:                16777216
End Time: 2016-08-06 19:06:36+00:00
========================================================================
========================================================================
Testing 2004-08-16-REL8_0_0~1189
Start Time: 2016-08-09 09:15:08+00:00
Shared Buffers:  260000
size before pgbench of pgbench_branches_pkey: 660
size before pgbench of pgbench_branches: 1016
size before pgbench of pgbench_tellers_pkey: 608
size before pgbench of pgbench_tellers: 1296
size before pgbench of pgbench_accounts_pkey: 658092
size before pgbench of pgbench_accounts: 1001516
size before pgbench of pgbench_history: 1288
total size before pgbench: 1664476
Linux 3.16.0-4-amd64 (Debian-83-jessie-64-minimal) 	09.08.16 	_x86_64_	(8 CPU)

starting vacuum...end.
transaction type: <builtin: select only>
scaling factor: 300
query mode: simple
number of clients: 32
number of threads: 4
duration: 60 s
number of transactions actually processed: 51368
latency average: 37.377 ms
tps = 854.428933 (including connections establishing)
tps = 854.595264 (excluding connections establishing)
script statistics:
 - statement latencies in milliseconds:
         0.001  \set aid random(1, 100000 * :scale)
        37.339  SELECT abalance FROM pgbench_accounts WHERE aid = :aid;
avg-cpu:  %user   %nice %system %iowait  %steal   %idle
           3,95    0,00    0,49   44,43    0,00   51,14

Device:         rrqm/s   wrqm/s     r/s     w/s    rkB/s    wkB/s avgrq-sz avgqu-sz   await r_await w_await  svctm  %util
sdb               0,00     1,96  210,86   18,70  1889,02   118,67    17,49     9,91   43,15   38,88   91,30   3,60  82,62
sda               0,00     1,96  228,24   18,70  2054,09   118,67    17,60    14,19   57,47   55,97   75,75   3,25  80,28
md0               0,00     0,00    0,03    0,00     0,13     0,00     8,00     0,00    0,00    0,00    0,00   0,00   0,00
md1               0,00     0,00    0,00    0,00     0,00     0,00     0,00     0,00    0,00    0,00    0,00   0,00   0,00
md2               0,00     0,00  439,07   18,80  3942,98   114,89    17,73     0,00    0,00    0,00    0,00   0,00   0,00
md3               0,00     0,00    0,00    0,10     0,00     0,40     8,00     0,00    0,00    0,00    0,00   0,00   0,00

Control File Changes
--- /usr/local/oldpgsql/2004-08-16-REL8_0_0~1189/before.controldata	2016-08-09 11:16:47.023095939 +0200
+++ /usr/local/oldpgsql/2004-08-16-REL8_0_0~1189/after.controldata	2016-08-09 11:18:17.491407728 +0200
@@ -5 +5 @@
-pg_control last modified:             Tue Aug  9 09:16:46 2016
+pg_control last modified:             Tue Aug  9 09:18:17 2016
@@ -8,3 +8,3 @@
-Latest checkpoint location:           1/6F5AB628
-Prior checkpoint location:            1/6F5AB5E0
-Latest checkpoint's REDO location:    1/6F5AB628
+Latest checkpoint location:           1/6F932380
+Prior checkpoint location:            1/6F5AB628
+Latest checkpoint's REDO location:    1/6F932380
@@ -13,3 +13,3 @@
-Latest checkpoint's NextXID:          66201
-Latest checkpoint's NextOID:          31570475
-Time of latest checkpoint:            Tue Aug  9 09:16:46 2016
+Latest checkpoint's NextXID:          117612
+Latest checkpoint's NextOID:          31578667
+Time of latest checkpoint:            Tue Aug  9 09:18:17 2016
size after pgbench of pgbench_branches_pkey: 660
size after pgbench of pgbench_branches: 1016
size after pgbench of pgbench_tellers_pkey: 608
size after pgbench of pgbench_tellers: 1296
size after pgbench of pgbench_accounts_pkey: 658092
size after pgbench of pgbench_accounts: 1001516
size after pgbench of pgbench_history: 0
total size after pgbench: 1663188
End Time: 2016-08-09 09:18:17+00:00
========================================================================
========================================================================
Testing 2004-08-16-REL8_0_0~1189
Start Time: 2016-08-10 04:09:21+00:00
Shared Buffers:  260000
size before pgbench of pgbench_branches_pkey: 660
size before pgbench of pgbench_branches: 1016
size before pgbench of pgbench_tellers_pkey: 608
size before pgbench of pgbench_tellers: 1296
size before pgbench of pgbench_accounts_pkey: 658092
size before pgbench of pgbench_accounts: 1001516
size before pgbench of pgbench_history: 0
total size before pgbench: 1663188
Linux 3.16.0-4-amd64 (Debian-83-jessie-64-minimal) 	10.08.16 	_x86_64_	(8 CPU)

starting vacuum...end.
transaction type: <builtin: select only>
scaling factor: 300
query mode: simple
number of clients: 32
number of threads: 4
duration: 60 s
number of transactions actually processed: 54909
latency average: 34.967 ms
tps = 913.750028 (including connections establishing)
tps = 913.942774 (excluding connections establishing)
script statistics:
 - statement latencies in milliseconds:
         0.001  \set aid random(1, 100000 * :scale)
        34.933  SELECT abalance FROM pgbench_accounts WHERE aid = :aid;
avg-cpu:  %user   %nice %system %iowait  %steal   %idle
           4,00    0,00    0,50   44,39    0,00   51,11

Device:         rrqm/s   wrqm/s     r/s     w/s    rkB/s    wkB/s avgrq-sz avgqu-sz   await r_await w_await  svctm  %util
sdb               0,00     1,61  231,56    3,82  2091,29    32,90    18,05    13,43   57,05   45,31  768,17   2,84  66,84
sda               0,04     1,61  229,98    3,82  2081,87    32,90    18,09    13,40   57,34   46,96  681,50   2,85  66,65
md0               0,00     0,00    0,08    0,00     0,31     0,00     8,00     0,00    0,00    0,00    0,00   0,00   0,00
md1               0,00     0,00    0,00    0,00     0,00     0,00     0,00     0,00    0,00    0,00    0,00   0,00   0,00
md2               0,00     0,00  461,50    3,67  4172,58    29,16    18,07     0,00    0,00    0,00    0,00   0,00   0,00
md3               0,00     0,00    0,00    0,10     0,00     0,40     8,00     0,00    0,00    0,00    0,00   0,00   0,00

Control File Changes
--- /usr/local/oldpgsql/2004-08-16-REL8_0_0~1189/before.controldata	2016-08-10 06:10:05.541170032 +0200
+++ /usr/local/oldpgsql/2004-08-16-REL8_0_0~1189/after.controldata	2016-08-10 06:11:35.885511410 +0200
@@ -5 +5 @@
-pg_control last modified:             Wed Aug 10 04:10:05 2016
+pg_control last modified:             Wed Aug 10 04:11:35 2016
@@ -8,3 +8,3 @@
-Latest checkpoint location:           1/6F932410
-Prior checkpoint location:            1/6F9323C8
-Latest checkpoint's REDO location:    1/6F932410
+Latest checkpoint location:           1/6F938AB8
+Prior checkpoint location:            1/6F932410
+Latest checkpoint's REDO location:    1/6F938AB8
@@ -13,3 +13,3 @@
-Latest checkpoint's NextXID:          117646
-Latest checkpoint's NextOID:          31570476
-Time of latest checkpoint:            Wed Aug 10 04:10:05 2016
+Latest checkpoint's NextXID:          172598
+Latest checkpoint's NextOID:          31578668
+Time of latest checkpoint:            Wed Aug 10 04:11:35 2016
size after pgbench of pgbench_branches_pkey: 660
size after pgbench of pgbench_branches: 1016
size after pgbench of pgbench_tellers_pkey: 608
size after pgbench of pgbench_tellers: 1296
size after pgbench of pgbench_accounts_pkey: 658092
size after pgbench of pgbench_accounts: 1001516
size after pgbench of pgbench_history: 0
total size after pgbench: 1663188
End Time: 2016-08-10 04:11:35+00:00
========================================================================
========================================================================
Testing 2004-08-16-REL8_0_0~1189
Start Time: 2016-08-11 00:53:52+00:00
Shared Buffers:  260000
size before pgbench of pgbench_branches_pkey: 660
size before pgbench of pgbench_branches: 1016
size before pgbench of pgbench_tellers_pkey: 608
size before pgbench of pgbench_tellers: 1296
size before pgbench of pgbench_accounts_pkey: 658092
size before pgbench of pgbench_accounts: 1001516
size before pgbench of pgbench_history: 0
total size before pgbench: 1663188
Linux 3.16.0-4-amd64 (Debian-83-jessie-64-minimal) 	11.08.16 	_x86_64_	(8 CPU)

starting vacuum...end.
transaction type: <builtin: select only>
scaling factor: 300
query mode: simple
number of clients: 32
number of threads: 4
duration: 60 s
number of transactions actually processed: 51220
latency average: 37.485 ms
tps = 851.988151 (including connections establishing)
tps = 852.154093 (excluding connections establishing)
script statistics:
 - statement latencies in milliseconds:
         0.001  \set aid random(1, 100000 * :scale)
        37.448  SELECT abalance FROM pgbench_accounts WHERE aid = :aid;
avg-cpu:  %user   %nice %system %iowait  %steal   %idle
           3,86    0,00    0,46   40,16    0,00   55,52

Device:         rrqm/s   wrqm/s     r/s     w/s    rkB/s    wkB/s avgrq-sz avgqu-sz   await r_await w_await  svctm  %util
sdb               0,20     1,73  213,66    4,56  1924,00    35,45    17,96     9,87   45,23   42,02  195,62   3,04  66,36
sda               1,40     1,73  224,34    4,56  2021,96    35,45    17,98    13,94   60,89   54,09  395,97   2,92  66,84
md0               0,00     0,00    3,02    0,01    12,09     0,04     8,00     0,00    0,00    0,00    0,00   0,00   0,00
md1               0,00     0,00    0,00    0,00     0,00     0,00     0,00     0,00    0,00    0,00    0,00   0,00   0,00
md2               0,00     0,00  436,62    4,17  3933,87    31,07    17,99     0,00    0,00    0,00    0,00   0,00   0,00
md3               0,00     0,00    0,00    0,10     0,00     0,40     8,00     0,00    0,00    0,00    0,00   0,00   0,00

Control File Changes
--- /usr/local/oldpgsql/2004-08-16-REL8_0_0~1189/before.controldata	2016-08-11 02:54:36.616698446 +0200
+++ /usr/local/oldpgsql/2004-08-16-REL8_0_0~1189/after.controldata	2016-08-11 02:56:06.988884609 +0200
@@ -5 +5 @@
-pg_control last modified:             Thu Aug 11 00:54:36 2016
+pg_control last modified:             Thu Aug 11 00:56:06 2016
@@ -8,3 +8,3 @@
-Latest checkpoint location:           1/6F938B48
-Prior checkpoint location:            1/6F938B00
-Latest checkpoint's REDO location:    1/6F938B48
+Latest checkpoint location:           1/6F93F178
+Prior checkpoint location:            1/6F938B48
+Latest checkpoint's REDO location:    1/6F93F178
@@ -13,3 +13,3 @@
-Latest checkpoint's NextXID:          172632
-Latest checkpoint's NextOID:          31570477
-Time of latest checkpoint:            Thu Aug 11 00:54:36 2016
+Latest checkpoint's NextXID:          223895
+Latest checkpoint's NextOID:          31578669
+Time of latest checkpoint:            Thu Aug 11 00:56:06 2016
size after pgbench of pgbench_branches_pkey: 660
size after pgbench of pgbench_branches: 1016
size after pgbench of pgbench_tellers_pkey: 608
size after pgbench of pgbench_tellers: 1296
size after pgbench of pgbench_accounts_pkey: 658092
size after pgbench of pgbench_accounts: 1001516
size after pgbench of pgbench_history: 0
total size after pgbench: 1663188
End Time: 2016-08-11 00:56:07+00:00
========================================================================
========================================================================
Testing 2004-08-16-REL8_0_0~1189
Start Time: 2016-08-11 23:41:33+00:00
Shared Buffers:  260000
size before pgbench of pgbench_branches_pkey: 660
size before pgbench of pgbench_branches: 1016
size before pgbench of pgbench_tellers_pkey: 608
size before pgbench of pgbench_tellers: 1296
size before pgbench of pgbench_accounts_pkey: 658092
size before pgbench of pgbench_accounts: 1001516
size before pgbench of pgbench_history: 0
total size before pgbench: 1663188
Linux 3.16.0-4-amd64 (Debian-83-jessie-64-minimal) 	12.08.16 	_x86_64_	(8 CPU)

starting vacuum...end.
transaction type: <builtin: select only>
scaling factor: 300
query mode: simple
number of clients: 32
number of threads: 4
duration: 60 s
number of transactions actually processed: 51001
latency average: 37.646 ms
tps = 848.316386 (including connections establishing)
tps = 848.510798 (excluding connections establishing)
script statistics:
 - statement latencies in milliseconds:
         0.001  \set aid random(1, 100000 * :scale)
        37.599  SELECT abalance FROM pgbench_accounts WHERE aid = :aid;
avg-cpu:  %user   %nice %system %iowait  %steal   %idle
           3,70    0,00    0,47   39,47    0,00   56,35

Device:         rrqm/s   wrqm/s     r/s     w/s    rkB/s    wkB/s avgrq-sz avgqu-sz   await r_await w_await  svctm  %util
sdb               0,00     1,50  218,40    3,79  1969,20    31,51    18,01    10,17   45,77   44,65  110,73   2,99  66,46
sda               0,50     1,50  217,13    3,79  1939,60    31,51    17,84    11,82   53,51   52,29  123,13   3,01  66,52
md0               0,00     0,00    0,67    0,00     2,67     0,00     8,00     0,00    0,00    0,00    0,00   0,00   0,00
md1               0,00     0,00    0,00    0,00     0,00     0,00     0,00     0,00    0,00    0,00    0,00   0,00   0,00
md2               0,00     0,00  435,39    3,24  3906,13    27,38    17,94     0,00    0,00    0,00    0,00   0,00   0,00
md3               0,00     0,00    0,00    0,10     0,00     0,40     8,00     0,00    0,00    0,00    0,00   0,00   0,00

Control File Changes
--- /usr/local/oldpgsql/2004-08-16-REL8_0_0~1189/before.controldata	2016-08-12 01:42:16.669552741 +0200
+++ /usr/local/oldpgsql/2004-08-16-REL8_0_0~1189/after.controldata	2016-08-12 01:43:47.033722104 +0200
@@ -5 +5 @@
-pg_control last modified:             Thu Aug 11 23:42:16 2016
+pg_control last modified:             Thu Aug 11 23:43:46 2016
@@ -8,3 +8,3 @@
-Latest checkpoint location:           1/6F93F208
-Prior checkpoint location:            1/6F93F1C0
-Latest checkpoint's REDO location:    1/6F93F208
+Latest checkpoint location:           1/6F945860
+Prior checkpoint location:            1/6F93F208
+Latest checkpoint's REDO location:    1/6F945860
@@ -13,3 +13,3 @@
-Latest checkpoint's NextXID:          223929
-Latest checkpoint's NextOID:          31570478
-Time of latest checkpoint:            Thu Aug 11 23:42:16 2016
+Latest checkpoint's NextXID:          274973
+Latest checkpoint's NextOID:          31578670
+Time of latest checkpoint:            Thu Aug 11 23:43:46 2016
size after pgbench of pgbench_branches_pkey: 660
size after pgbench of pgbench_branches: 1016
size after pgbench of pgbench_tellers_pkey: 608
size after pgbench of pgbench_tellers: 1296
size after pgbench of pgbench_accounts_pkey: 658092
size after pgbench of pgbench_accounts: 1001516
size after pgbench of pgbench_history: 0
total size after pgbench: 1663188
End Time: 2016-08-11 23:43:47+00:00
========================================================================
========================================================================
Testing 2004-08-16-REL8_0_0~1189
Start Time: 2016-08-12 05:32:39+00:00
Shared Buffers:  260000
size before pgbench of pgbench_branches_pkey: 660
size before pgbench of pgbench_branches: 1016
size before pgbench of pgbench_tellers_pkey: 608
size before pgbench of pgbench_tellers: 1296
size before pgbench of pgbench_accounts_pkey: 658092
size before pgbench of pgbench_accounts: 1001516
size before pgbench of pgbench_history: 0
total size before pgbench: 1663188
Linux 3.16.0-4-amd64 (Debian-83-jessie-64-minimal) 	12.08.16 	_x86_64_	(8 CPU)

starting vacuum...end.
transaction type: <builtin: select only>
scaling factor: 300
query mode: simple
number of clients: 64
number of threads: 4
duration: 60 s
number of transactions actually processed: 56920
latency average: 67.463 ms
tps = 945.013873 (including connections establishing)
tps = 945.268152 (excluding connections establishing)
script statistics:
 - statement latencies in milliseconds:
         0.001  \set aid random(1, 100000 * :scale)
        67.304  SELECT abalance FROM pgbench_accounts WHERE aid = :aid;
avg-cpu:  %user   %nice %system %iowait  %steal   %idle
           3,85    0,00    0,52   43,47    0,00   52,16

Device:         rrqm/s   wrqm/s     r/s     w/s    rkB/s    wkB/s avgrq-sz avgqu-sz   await r_await w_await  svctm  %util
sdb               0,47     1,47  229,28    3,94  2073,07    33,03    18,06    22,86   98,02   73,92 1498,75   2,84  66,23
sda               1,33     1,47  241,78    3,94  2194,62    33,03    18,13    30,66  124,77  101,15 1572,85   2,73  67,02
md0               0,00     0,00    3,17    0,00    12,67     0,00     8,00     0,00    0,00    0,00    0,00   0,00   0,00
md1               0,00     0,00    0,00    0,00     0,00     0,00     0,00     0,00    0,00    0,00    0,00   0,00   0,00
md2               0,00     0,00  469,77    3,57  4255,02    29,20    18,10     0,00    0,00    0,00    0,00   0,00   0,00
md3               0,00     0,00    0,00    0,11     0,00     0,44     8,00     0,00    0,00    0,00    0,00   0,00   0,00

Control File Changes
--- /usr/local/oldpgsql/2004-08-16-REL8_0_0~1189/before.controldata	2016-08-12 07:33:24.209722972 +0200
+++ /usr/local/oldpgsql/2004-08-16-REL8_0_0~1189/after.controldata	2016-08-12 07:34:54.673902067 +0200
@@ -5 +5 @@
-pg_control last modified:             Fri Aug 12 05:33:24 2016
+pg_control last modified:             Fri Aug 12 05:34:54 2016
@@ -8,3 +8,3 @@
-Latest checkpoint location:           1/6F9458F0
-Prior checkpoint location:            1/6F9458A8
-Latest checkpoint's REDO location:    1/6F9458F0
+Latest checkpoint location:           1/6F94BFC0
+Prior checkpoint location:            1/6F9458F0
+Latest checkpoint's REDO location:    1/6F94BFC0
@@ -13,3 +13,3 @@
-Latest checkpoint's NextXID:          275007
-Latest checkpoint's NextOID:          31570479
-Time of latest checkpoint:            Fri Aug 12 05:33:23 2016
+Latest checkpoint's NextXID:          332002
+Latest checkpoint's NextOID:          31578671
+Time of latest checkpoint:            Fri Aug 12 05:34:54 2016
size after pgbench of pgbench_branches_pkey: 660
size after pgbench of pgbench_branches: 1016
size after pgbench of pgbench_tellers_pkey: 608
size after pgbench of pgbench_tellers: 1296
size after pgbench of pgbench_accounts_pkey: 658092
size after pgbench of pgbench_accounts: 1001516
size after pgbench of pgbench_history: 0
total size after pgbench: 1663188
End Time: 2016-08-12 05:34:54+00:00
========================================================================
========================================================================
Testing 2004-08-16-REL8_0_0~1189
Start Time: 2016-08-12 17:40:39+00:00
Shared Buffers:  260000
size before pgbench of pgbench_branches_pkey: 660
size before pgbench of pgbench_branches: 1016
size before pgbench of pgbench_tellers_pkey: 608
size before pgbench of pgbench_tellers: 1296
size before pgbench of pgbench_accounts_pkey: 658092
size before pgbench of pgbench_accounts: 1001516
size before pgbench of pgbench_history: 0
total size before pgbench: 1663188
+ /usr/local/pgsql/bin/pgbench -T 60 -S -c 64 -j 4 -r
Linux 3.16.0-4-amd64 (Debian-83-jessie-64-minimal) 	12.08.16 	_x86_64_	(8 CPU)

starting vacuum...end.
transaction type: <builtin: select only>
scaling factor: 300
query mode: simple
number of clients: 64
number of threads: 4
duration: 60 s
number of transactions actually processed: 53633
latency average: 71.598 ms
tps = 891.277105 (including connections establishing)
tps = 891.515973 (excluding connections establishing)
script statistics:
 - statement latencies in milliseconds:
         0.001  \set aid random(1, 100000 * :scale)
        71.379  SELECT abalance FROM pgbench_accounts WHERE aid = :aid;
avg-cpu:  %user   %nice %system %iowait  %steal   %idle
           3,65    0,00    0,45   42,97    0,00   52,93

Device:         rrqm/s   wrqm/s     r/s     w/s    rkB/s    wkB/s avgrq-sz avgqu-sz   await r_await w_await  svctm  %util
sdb               0,00     1,58  223,61    3,91  2027,51    32,94    18,11    16,96   74,55   73,49  135,01   2,88  65,44
sda               0,13     1,58  232,54    3,90  2101,33    32,89    18,05    26,48  111,96  108,02  347,01   2,81  66,36
md0               0,00     0,00    0,20    0,00     0,80     0,00     8,00     0,00    0,00    0,00    0,00   0,00   0,00
md1               0,00     0,00    0,00    0,00     0,00     0,00     0,00     0,00    0,00    0,00    0,00   0,00   0,00
md2               0,00     0,00  456,16    3,53  4128,04    28,98    18,09     0,00    0,00    0,00    0,00   0,00   0,00
md3               0,00     0,00    0,00    0,10     0,00     0,40     8,00     0,00    0,00    0,00    0,00   0,00   0,00

Control File Changes
--- /usr/local/oldpgsql/2004-08-16-REL8_0_0~1189/before.controldata	2016-08-12 19:41:22.634543103 +0200
+++ /usr/local/oldpgsql/2004-08-16-REL8_0_0~1189/after.controldata	2016-08-12 19:42:52.998658309 +0200
@@ -5 +5 @@
-pg_control last modified:             Fri Aug 12 17:41:22 2016
+pg_control last modified:             Fri Aug 12 17:42:52 2016
@@ -8,3 +8,3 @@
-Latest checkpoint location:           1/6F94C068
-Prior checkpoint location:            1/6F94C020
-Latest checkpoint's REDO location:    1/6F94C068
+Latest checkpoint location:           1/6F9526C0
+Prior checkpoint location:            1/6F94C068
+Latest checkpoint's REDO location:    1/6F9526C0
@@ -13,3 +13,3 @@
-Latest checkpoint's NextXID:          332036
-Latest checkpoint's NextOID:          31570480
-Time of latest checkpoint:            Fri Aug 12 17:41:22 2016
+Latest checkpoint's NextXID:          385744
+Latest checkpoint's NextOID:          31578672
+Time of latest checkpoint:            Fri Aug 12 17:42:52 2016
size after pgbench of pgbench_branches_pkey: 660
size after pgbench of pgbench_branches: 1016
size after pgbench of pgbench_tellers_pkey: 608
size after pgbench of pgbench_tellers: 1296
size after pgbench of pgbench_accounts_pkey: 658092
size after pgbench of pgbench_accounts: 1001516
size after pgbench of pgbench_history: 0
total size after pgbench: 1663188
End Time: 2016-08-12 17:42:53+00:00
========================================================================
========================================================================
Testing 2004-08-16-REL8_0_0~1189
Start Time: 2016-08-13 03:51:28+00:00
Shared Buffers:  260000
size before pgbench of pgbench_branches_pkey: 660
size before pgbench of pgbench_branches: 1016
size before pgbench of pgbench_tellers_pkey: 608
size before pgbench of pgbench_tellers: 1296
size before pgbench of pgbench_accounts_pkey: 658092
size before pgbench of pgbench_accounts: 1001516
size before pgbench of pgbench_history: 0
total size before pgbench: 1663188
Linux 3.16.0-4-amd64 (Debian-83-jessie-64-minimal) 	13.08.16 	_x86_64_	(8 CPU)

starting vacuum...end.
transaction type: <builtin: select only>
scaling factor: 300
query mode: simple
number of clients: 48
number of threads: 4
duration: 60 s
number of transactions actually processed: 56559
latency average: 50.920 ms
tps = 939.705136 (including connections establishing)
tps = 939.978631 (excluding connections establishing)
script statistics:
 - statement latencies in milliseconds:
         0.001  \set aid random(1, 100000 * :scale)
        50.825  SELECT abalance FROM pgbench_accounts WHERE aid = :aid;
avg-cpu:  %user   %nice %system %iowait  %steal   %idle
           3,72    0,00    0,49   43,10    0,00   52,69

Device:         rrqm/s   wrqm/s     r/s     w/s    rkB/s    wkB/s avgrq-sz avgqu-sz   await r_await w_await  svctm  %util
sdb               0,00     1,63  227,89    3,97  2053,87    33,91    18,01    12,69   54,72   50,78  281,03   2,84  65,78
sda               0,31     1,66  240,88    3,94  2172,71    33,91    18,03    20,87   85,24   81,63  305,59   2,73  66,72
md0               0,00     0,00    0,17    0,03     0,67     0,13     8,00     0,00    0,00    0,00    0,00   0,00   0,00
md1               0,00     0,00    0,00    0,00     0,00     0,00     0,00     0,00    0,00    0,00    0,00   0,00   0,00
md2               0,00     0,00  468,93    3,88  4225,91    30,22    18,00     0,00    0,00    0,00    0,00   0,00   0,00
md3               0,00     0,00    0,00    0,11     0,00     0,44     8,00     0,00    0,00    0,00    0,00   0,00   0,00

Control File Changes
--- /usr/local/oldpgsql/2004-08-16-REL8_0_0~1189/before.controldata	2016-08-13 05:52:12.873302689 +0200
+++ /usr/local/oldpgsql/2004-08-16-REL8_0_0~1189/after.controldata	2016-08-13 05:53:43.233539929 +0200
@@ -5 +5 @@
-pg_control last modified:             Sat Aug 13 03:52:12 2016
+pg_control last modified:             Sat Aug 13 03:53:43 2016
@@ -8,3 +8,3 @@
-Latest checkpoint location:           1/6F952750
-Prior checkpoint location:            1/6F952708
-Latest checkpoint's REDO location:    1/6F952750
+Latest checkpoint location:           1/6F958E20
+Prior checkpoint location:            1/6F952750
+Latest checkpoint's REDO location:    1/6F958E20
@@ -13,3 +13,3 @@
-Latest checkpoint's NextXID:          385778
-Latest checkpoint's NextOID:          31570481
-Time of latest checkpoint:            Sat Aug 13 03:52:12 2016
+Latest checkpoint's NextXID:          442396
+Latest checkpoint's NextOID:          31578673
+Time of latest checkpoint:            Sat Aug 13 03:53:42 2016
size after pgbench of pgbench_branches_pkey: 660
size after pgbench of pgbench_branches: 1016
size after pgbench of pgbench_tellers_pkey: 608
size after pgbench of pgbench_tellers: 1296
size after pgbench of pgbench_accounts_pkey: 658092
size after pgbench of pgbench_accounts: 1001516
size after pgbench of pgbench_history: 0
total size after pgbench: 1663188
End Time: 2016-08-13 03:53:43+00:00
========================================================================
========================================================================
Testing 2004-08-16-REL8_0_0~1189
Start Time: 2016-08-13 08:53:12+00:00
Shared Buffers:  260000
size before pgbench of pgbench_branches_pkey: 660
size before pgbench of pgbench_branches: 1016
size before pgbench of pgbench_tellers_pkey: 608
size before pgbench of pgbench_tellers: 1296
size before pgbench of pgbench_accounts_pkey: 658092
size before pgbench of pgbench_accounts: 1001516
size before pgbench of pgbench_history: 0
total size before pgbench: 1663188
Linux 3.16.0-4-amd64 (Debian-83-jessie-64-minimal) 	13.08.16 	_x86_64_	(8 CPU)

starting vacuum...end.
transaction type: <builtin: select only>
scaling factor: 300
query mode: simple
number of clients: 48
number of threads: 4
duration: 60 s
number of transactions actually processed: 52913
latency average: 54.429 ms
tps = 880.288646 (including connections establishing)
tps = 880.512225 (excluding connections establishing)
script statistics:
 - statement latencies in milliseconds:
         0.001  \set aid random(1, 100000 * :scale)
        54.294  SELECT abalance FROM pgbench_accounts WHERE aid = :aid;
avg-cpu:  %user   %nice %system %iowait  %steal   %idle
           3,72    0,00    0,52   41,92    0,00   53,84

Device:         rrqm/s   wrqm/s     r/s     w/s    rkB/s    wkB/s avgrq-sz avgqu-sz   await r_await w_await  svctm  %util
sdb               0,17     1,61  219,82    3,99  1993,56    32,96    18,11    13,48   60,23   59,01  127,45   2,97  66,49
sda               0,81     1,58  229,21    4,02  2081,64    32,96    18,13    19,36   83,00   81,25  182,57   2,87  66,84
md0               0,00     0,00    1,94    0,00     7,78     0,00     8,00     0,00    0,00    0,00    0,00   0,00   0,00
md1               0,00     0,00    0,00    0,00     0,00     0,00     0,00     0,00    0,00    0,00    0,00   0,00   0,00
md2               0,00     0,00  448,13    3,54  4067,16    28,76    18,14     0,00    0,00    0,00    0,00   0,00   0,00
md3               0,00     0,00    0,00    0,10     0,00     0,40     8,00     0,00    0,00    0,00    0,00   0,00   0,00

Control File Changes
--- /usr/local/oldpgsql/2004-08-16-REL8_0_0~1189/before.controldata	2016-08-13 10:53:56.497368090 +0200
+++ /usr/local/oldpgsql/2004-08-16-REL8_0_0~1189/after.controldata	2016-08-13 10:55:26.865576153 +0200
@@ -5 +5 @@
-pg_control last modified:             Sat Aug 13 08:53:56 2016
+pg_control last modified:             Sat Aug 13 08:55:26 2016
@@ -8,3 +8,3 @@
-Latest checkpoint location:           1/6F958EB0
-Prior checkpoint location:            1/6F958E68
-Latest checkpoint's REDO location:    1/6F958EB0
+Latest checkpoint location:           1/6F95F508
+Prior checkpoint location:            1/6F958EB0
+Latest checkpoint's REDO location:    1/6F95F508
@@ -13,3 +13,3 @@
-Latest checkpoint's NextXID:          442430
-Latest checkpoint's NextOID:          31570482
-Time of latest checkpoint:            Sat Aug 13 08:53:56 2016
+Latest checkpoint's NextXID:          495402
+Latest checkpoint's NextOID:          31578674
+Time of latest checkpoint:            Sat Aug 13 08:55:26 2016
size after pgbench of pgbench_branches_pkey: 660
size after pgbench of pgbench_branches: 1016
size after pgbench of pgbench_tellers_pkey: 608
size after pgbench of pgbench_tellers: 1296
size after pgbench of pgbench_accounts_pkey: 658092
size after pgbench of pgbench_accounts: 1001516
size after pgbench of pgbench_history: 0
total size after pgbench: 1663188
End Time: 2016-08-13 08:55:26+00:00
========================================================================
========================================================================
Testing 2004-08-16-REL8_0_0~1189
Start Time: 2016-08-14 06:07:02+00:00
Shared Buffers:  260000
size before pgbench of pgbench_branches_pkey: 660
size before pgbench of pgbench_branches: 1016
size before pgbench of pgbench_tellers_pkey: 608
size before pgbench of pgbench_tellers: 1296
size before pgbench of pgbench_accounts_pkey: 658092
size before pgbench of pgbench_accounts: 1001516
size before pgbench of pgbench_history: 0
total size before pgbench: 1663188
Linux 3.16.0-4-amd64 (Debian-83-jessie-64-minimal) 	14.08.16 	_x86_64_	(8 CPU)

starting vacuum...end.
transaction type: <builtin: TPC-B (sort of)>
scaling factor: 300
query mode: simple
number of clients: 32
number of threads: 4
duration: 900 s
number of transactions actually processed: 21625
latency average: 1331.792 ms
tps = 24.010157 (including connections establishing)
tps = 24.010493 (excluding connections establishing)
script statistics:
 - statement latencies in milliseconds:
         0.003  \set aid random(1, 100000 * :scale)
         0.001  \set bid random(1, 1 * :scale)
         0.001  \set tid random(1, 10 * :scale)
         0.001  \set delta random(-5000, 5000)
         0.535  BEGIN;
       594.814  UPDATE pgbench_accounts SET abalance = abalance + :delta WHERE aid = :aid;
         1.326  SELECT abalance FROM pgbench_accounts WHERE aid = :aid;
       276.911  UPDATE pgbench_tellers SET tbalance = tbalance + :delta WHERE tid = :tid;
       170.583  UPDATE pgbench_branches SET bbalance = bbalance + :delta WHERE bid = :bid;
        82.446  INSERT INTO pgbench_history (tid, bid, aid, delta, mtime) VALUES (:tid, :bid, :aid, :delta, CURRENT_TIMESTAMP);
       205.686  END;
avg-cpu:  %user   %nice %system %iowait  %steal   %idle
           0,66    0,00    0,26    6,75    0,00   92,33

Device:         rrqm/s   wrqm/s     r/s     w/s    rkB/s    wkB/s avgrq-sz avgqu-sz   await r_await w_await  svctm  %util
sdb               0,00     1,70    3,83  173,06    31,89   997,59    11,64    12,36   69,87   24,14   70,88   3,31  58,63
sda               0,02     1,70   17,35  173,07   143,34   997,59    11,98    10,73   56,36   27,13   59,29   4,54  86,41
md0               0,00     0,00    0,16    0,00     0,64     0,00     8,00     0,00    0,00    0,00    0,00   0,00   0,00
md1               0,00     0,00    0,00    0,00     0,00     0,00     0,00     0,00    0,00    0,00    0,00   0,00   0,00
md2               0,00     0,00   21,04  174,15   174,59   996,03    11,99     0,00    0,00    0,00    0,00   0,00   0,00
md3               0,00     0,00    0,00    0,01     0,00     0,04     8,00     0,00    0,00    0,00    0,00   0,00   0,00

Control File Changes
--- /usr/local/oldpgsql/2004-08-16-REL8_0_0~1189/before.controldata	2016-08-14 08:07:46.666579680 +0200
+++ /usr/local/oldpgsql/2004-08-16-REL8_0_0~1189/after.controldata	2016-08-14 08:23:16.914788173 +0200
@@ -5 +5 @@
-pg_control last modified:             Sun Aug 14 06:07:46 2016
+pg_control last modified:             Sun Aug 14 06:23:16 2016
@@ -7,4 +7,4 @@
-Next log file segment:                112
-Latest checkpoint location:           1/6F95F598
-Prior checkpoint location:            1/6F95F550
-Latest checkpoint's REDO location:    1/6F95F598
+Next log file segment:                134
+Latest checkpoint location:           1/85C644F8
+Prior checkpoint location:            1/85C644B0
+Latest checkpoint's REDO location:    1/85C644F8
@@ -13,3 +13,3 @@
-Latest checkpoint's NextXID:          495436
-Latest checkpoint's NextOID:          31570483
-Time of latest checkpoint:            Sun Aug 14 06:07:46 2016
+Latest checkpoint's NextXID:          517104
+Latest checkpoint's NextOID:          31595059
+Time of latest checkpoint:            Sun Aug 14 06:23:16 2016
size after pgbench of pgbench_branches_pkey: 676
size after pgbench of pgbench_branches: 1016
size after pgbench of pgbench_tellers_pkey: 672
size after pgbench of pgbench_tellers: 1296
size after pgbench of pgbench_accounts_pkey: 658092
size after pgbench of pgbench_accounts: 1004588
size after pgbench of pgbench_history: 1320
total size after pgbench: 1667660
End Time: 2016-08-14 06:23:16+00:00
========================================================================
========================================================================
Testing 2004-08-16-REL8_0_0~1189
Start Time: 2016-08-15 21:06:23+00:00
Shared Buffers:  260000
size before pgbench of pgbench_branches_pkey: 676
size before pgbench of pgbench_branches: 1016
size before pgbench of pgbench_tellers_pkey: 672
size before pgbench of pgbench_tellers: 1296
size before pgbench of pgbench_accounts_pkey: 658092
size before pgbench of pgbench_accounts: 1004588
size before pgbench of pgbench_history: 1320
total size before pgbench: 1667660
Linux 4.6.0-1-amd64 (Debian-83-jessie-64-minimal) 	15.08.16 	_x86_64_	(8 CPU)

starting vacuum...end.
transaction type: <builtin: TPC-B (sort of)>
scaling factor: 300
query mode: simple
number of clients: 32
number of threads: 4
duration: 900 s
number of transactions actually processed: 19155
latency average: 1503.524 ms
tps = 20.869421 (including connections establishing)
tps = 20.869783 (excluding connections establishing)
script statistics:
 - statement latencies in milliseconds:
         0.003  \set aid random(1, 100000 * :scale)
         0.001  \set bid random(1, 1 * :scale)
         0.001  \set tid random(1, 10 * :scale)
         0.001  \set delta random(-5000, 5000)
         0.829  BEGIN;
       668.670  UPDATE pgbench_accounts SET abalance = abalance + :delta WHERE aid = :aid;
         1.204  SELECT abalance FROM pgbench_accounts WHERE aid = :aid;
       317.877  UPDATE pgbench_tellers SET tbalance = tbalance + :delta WHERE tid = :tid;
       209.705  UPDATE pgbench_branches SET bbalance = bbalance + :delta WHERE bid = :bid;
        95.294  INSERT INTO pgbench_history (tid, bid, aid, delta, mtime) VALUES (:tid, :bid, :aid, :delta, CURRENT_TIMESTAMP);
       235.943  END;
avg-cpu:  %user   %nice %system %iowait  %steal   %idle
           0,59    0,00    0,25   18,06    0,00   81,10

Device:         rrqm/s   wrqm/s     r/s     w/s    rkB/s    wkB/s avgrq-sz avgqu-sz   await r_await w_await  svctm  %util
sdb               0,00     2,63    3,08  154,81    25,42   888,88    11,58    11,31   71,66   25,22   72,58   4,09  64,51
sda               0,09     2,63   15,96  154,81   131,49   888,88    11,95    12,48   73,10   28,88   77,66   5,04  86,00
md0               0,00     0,00    0,20    0,00     0,80     0,00     8,00     0,00    0,00    0,00    0,00   0,00   0,00
md1               0,00     0,00    0,00    0,00     0,00     0,00     0,00     0,00    0,00    0,00    0,00   0,00   0,00
md2               0,00     0,00   18,93  157,16   156,10   888,15    11,86     0,00    0,00    0,00    0,00   0,00   0,00
md3               0,00     0,00    0,00    0,01     0,00     0,03     8,00     0,00    0,00    0,00    0,00   0,00   0,00

Control File Changes
--- /usr/local/oldpgsql/2004-08-16-REL8_0_0~1189/before.controldata	2016-08-15 23:07:44.071757406 +0200
+++ /usr/local/oldpgsql/2004-08-16-REL8_0_0~1189/after.controldata	2016-08-15 23:23:15.739038685 +0200
@@ -5 +5 @@
-pg_control last modified:             Mon Aug 15 21:07:43 2016
+pg_control last modified:             Mon Aug 15 21:23:15 2016
@@ -7,4 +7,4 @@
-Next log file segment:                134
-Latest checkpoint location:           1/85C64588
-Prior checkpoint location:            1/85C64540
-Latest checkpoint's REDO location:    1/85C64588
+Next log file segment:                154
+Latest checkpoint location:           1/99A6DE88
+Prior checkpoint location:            1/99A57610
+Latest checkpoint's REDO location:    1/99A6DE88
@@ -13,3 +13,3 @@
-Latest checkpoint's NextXID:          517138
-Latest checkpoint's NextOID:          31592109
-Time of latest checkpoint:            Mon Aug 15 21:07:43 2016
+Latest checkpoint's NextXID:          536336
+Latest checkpoint's NextOID:          31616685
+Time of latest checkpoint:            Mon Aug 15 21:23:14 2016
size after pgbench of pgbench_branches_pkey: 676
size after pgbench of pgbench_branches: 1016
size after pgbench of pgbench_tellers_pkey: 672
size after pgbench of pgbench_tellers: 1296
size after pgbench of pgbench_accounts_pkey: 658092
size after pgbench of pgbench_accounts: 1007404
size after pgbench of pgbench_history: 1288
total size after pgbench: 1670444
End Time: 2016-08-15 21:23:15+00:00
========================================================================
========================================================================
Testing 2004-08-16-REL8_0_0~1189
Start Time: 2016-08-20 02:39:49+00:00
Shared Buffers:  260000
size before pgbench of pgbench_branches_pkey: 676
size before pgbench of pgbench_branches: 1016
size before pgbench of pgbench_tellers_pkey: 672
size before pgbench of pgbench_tellers: 1296
size before pgbench of pgbench_accounts_pkey: 658092
size before pgbench of pgbench_accounts: 1007404
size before pgbench of pgbench_history: 1288
total size before pgbench: 1670444
Linux 4.6.0-1-amd64 (Debian-83-jessie-64-minimal) 	20.08.16 	_x86_64_	(8 CPU)

starting vacuum...end.
transaction type: <builtin: TPC-B (sort of)>
scaling factor: 300
query mode: simple
number of clients: 32
number of threads: 4
duration: 900 s
number of transactions actually processed: 21816
latency average: 1320.132 ms
tps = 23.736196 (including connections establishing)
tps = 23.736572 (excluding connections establishing)
script statistics:
 - statement latencies in milliseconds:
         0.003  \set aid random(1, 100000 * :scale)
         0.001  \set bid random(1, 1 * :scale)
         0.001  \set tid random(1, 10 * :scale)
         0.001  \set delta random(-5000, 5000)
         0.417  BEGIN;
       619.323  UPDATE pgbench_accounts SET abalance = abalance + :delta WHERE aid = :aid;
         1.098  SELECT abalance FROM pgbench_accounts WHERE aid = :aid;
       279.121  UPDATE pgbench_tellers SET tbalance = tbalance + :delta WHERE tid = :tid;
       160.858  UPDATE pgbench_branches SET bbalance = bbalance + :delta WHERE bid = :bid;
        72.385  INSERT INTO pgbench_history (tid, bid, aid, delta, mtime) VALUES (:tid, :bid, :aid, :delta, CURRENT_TIMESTAMP);
       212.610  END;
avg-cpu:  %user   %nice %system %iowait  %steal   %idle
           0,64    0,00    0,28   18,25    0,00   80,84

Device:         rrqm/s   wrqm/s     r/s     w/s    rkB/s    wkB/s avgrq-sz avgqu-sz   await r_await w_await  svctm  %util
sdb               0,00     2,93    3,72  172,93    31,20  1005,29    11,74    11,37   64,36   23,91   65,23   3,48  61,49
sda               0,01     2,93   17,62  172,94   146,55  1005,29    12,09    11,38   59,73   28,33   62,93   4,40  83,82
md0               0,00     0,00    0,13    0,00     0,51     0,00     8,00     0,00    0,00    0,00    0,00   0,00   0,00
md1               0,00     0,00    0,00    0,00     0,00     0,00     0,00     0,00    0,00    0,00    0,00   0,00   0,00
md2               0,00     0,00   21,23  175,57   177,24  1004,53    12,01     0,00    0,00    0,00    0,00   0,00   0,00
md3               0,00     0,00    0,00    0,01     0,00     0,03     8,00     0,00    0,00    0,00    0,00   0,00   0,00

Control File Changes
--- /usr/local/oldpgsql/2004-08-16-REL8_0_0~1189/before.controldata	2016-08-20 04:41:08.659148779 +0200
+++ /usr/local/oldpgsql/2004-08-16-REL8_0_0~1189/after.controldata	2016-08-20 04:56:39.708761377 +0200
@@ -5 +5 @@
-pg_control last modified:             Sat Aug 20 02:41:08 2016
+pg_control last modified:             Sat Aug 20 02:56:39 2016
@@ -7,4 +7,4 @@
-Next log file segment:                154
-Latest checkpoint location:           1/99A6DF18
-Prior checkpoint location:            1/99A6DED0
-Latest checkpoint's REDO location:    1/99A6DF18
+Next log file segment:                177
+Latest checkpoint location:           1/B02E88F0
+Prior checkpoint location:            1/B02C38D0
+Latest checkpoint's REDO location:    1/B02E88F0
@@ -13,3 +13,3 @@
-Latest checkpoint's NextXID:          536370
-Latest checkpoint's NextOID:          31611265
-Time of latest checkpoint:            Sat Aug 20 02:41:08 2016
+Latest checkpoint's NextXID:          558229
+Latest checkpoint's NextOID:          31635841
+Time of latest checkpoint:            Sat Aug 20 02:56:38 2016
size after pgbench of pgbench_branches_pkey: 676
size after pgbench of pgbench_branches: 1016
size after pgbench of pgbench_tellers_pkey: 732
size after pgbench of pgbench_tellers: 1296
size after pgbench of pgbench_accounts_pkey: 658092
size after pgbench of pgbench_accounts: 1010476
size after pgbench of pgbench_history: 1384
total size after pgbench: 1673672
End Time: 2016-08-20 02:56:39+00:00
========================================================================
