creating tables...
100000 of 30000000 tuples (0%) done (elapsed 0.06 s, remaining 18.65 s)
200000 of 30000000 tuples (0%) done (elapsed 0.13 s, remaining 18.88 s)
300000 of 30000000 tuples (1%) done (elapsed 0.18 s, remaining 17.99 s)
400000 of 30000000 tuples (1%) done (elapsed 0.24 s, remaining 17.88 s)
500000 of 30000000 tuples (1%) done (elapsed 0.30 s, remaining 17.50 s)
600000 of 30000000 tuples (2%) done (elapsed 0.36 s, remaining 17.47 s)
700000 of 30000000 tuples (2%) done (elapsed 0.41 s, remaining 17.22 s)
800000 of 30000000 tuples (2%) done (elapsed 0.47 s, remaining 17.20 s)
900000 of 30000000 tuples (3%) done (elapsed 0.53 s, remaining 17.18 s)
1000000 of 30000000 tuples (3%) done (elapsed 0.58 s, remaining 16.96 s)
1100000 of 30000000 tuples (3%) done (elapsed 0.64 s, remaining 16.94 s)
1200000 of 30000000 tuples (4%) done (elapsed 0.70 s, remaining 16.80 s)
1300000 of 30000000 tuples (4%) done (elapsed 0.76 s, remaining 16.68 s)
1400000 of 30000000 tuples (4%) done (elapsed 0.81 s, remaining 16.65 s)
1500000 of 30000000 tuples (5%) done (elapsed 0.87 s, remaining 16.53 s)
1600000 of 30000000 tuples (5%) done (elapsed 0.93 s, remaining 16.42 s)
1700000 of 30000000 tuples (5%) done (elapsed 0.98 s, remaining 16.39 s)
1800000 of 30000000 tuples (6%) done (elapsed 1.04 s, remaining 16.29 s)
1900000 of 30000000 tuples (6%) done (elapsed 1.09 s, remaining 16.19 s)
2000000 of 30000000 tuples (6%) done (elapsed 1.15 s, remaining 16.10 s)
2100000 of 30000000 tuples (7%) done (elapsed 1.21 s, remaining 16.07 s)
2200000 of 30000000 tuples (7%) done (elapsed 1.26 s, remaining 15.98 s)
2300000 of 30000000 tuples (7%) done (elapsed 1.32 s, remaining 15.90 s)
2400000 of 30000000 tuples (8%) done (elapsed 1.38 s, remaining 15.86 s)
2500000 of 30000000 tuples (8%) done (elapsed 1.43 s, remaining 15.78 s)
2600000 of 30000000 tuples (8%) done (elapsed 1.49 s, remaining 15.70 s)
2700000 of 30000000 tuples (9%) done (elapsed 1.54 s, remaining 15.62 s)
2800000 of 30000000 tuples (9%) done (elapsed 1.60 s, remaining 15.58 s)
2900000 of 30000000 tuples (9%) done (elapsed 1.66 s, remaining 15.51 s)
3000000 of 30000000 tuples (10%) done (elapsed 1.71 s, remaining 15.43 s)
3100000 of 30000000 tuples (10%) done (elapsed 1.77 s, remaining 15.39 s)
3200000 of 30000000 tuples (10%) done (elapsed 1.83 s, remaining 15.32 s)
3300000 of 30000000 tuples (11%) done (elapsed 1.88 s, remaining 15.24 s)
3400000 of 30000000 tuples (11%) done (elapsed 1.94 s, remaining 15.17 s)
3500000 of 30000000 tuples (11%) done (elapsed 2.00 s, remaining 15.13 s)
3600000 of 30000000 tuples (12%) done (elapsed 2.05 s, remaining 15.06 s)
3700000 of 30000000 tuples (12%) done (elapsed 2.11 s, remaining 14.99 s)
3800000 of 30000000 tuples (12%) done (elapsed 2.16 s, remaining 14.92 s)
3900000 of 30000000 tuples (13%) done (elapsed 2.22 s, remaining 14.88 s)
4000000 of 30000000 tuples (13%) done (elapsed 2.28 s, remaining 14.81 s)
4100000 of 30000000 tuples (13%) done (elapsed 2.33 s, remaining 14.74 s)
4200000 of 30000000 tuples (14%) done (elapsed 2.39 s, remaining 14.67 s)
4300000 of 30000000 tuples (14%) done (elapsed 2.45 s, remaining 14.63 s)
4400000 of 30000000 tuples (14%) done (elapsed 2.50 s, remaining 14.56 s)
4500000 of 30000000 tuples (15%) done (elapsed 2.56 s, remaining 14.49 s)
4600000 of 30000000 tuples (15%) done (elapsed 2.62 s, remaining 14.45 s)
4700000 of 30000000 tuples (15%) done (elapsed 2.67 s, remaining 14.39 s)
4800000 of 30000000 tuples (16%) done (elapsed 2.73 s, remaining 14.32 s)
4900000 of 30000000 tuples (16%) done (elapsed 2.78 s, remaining 14.25 s)
5000000 of 30000000 tuples (16%) done (elapsed 2.84 s, remaining 14.21 s)
5100000 of 30000000 tuples (17%) done (elapsed 2.90 s, remaining 14.15 s)
5200000 of 30000000 tuples (17%) done (elapsed 2.95 s, remaining 14.08 s)
5300000 of 30000000 tuples (17%) done (elapsed 3.01 s, remaining 14.02 s)
5400000 of 30000000 tuples (18%) done (elapsed 3.07 s, remaining 13.97 s)
5500000 of 30000000 tuples (18%) done (elapsed 3.12 s, remaining 13.91 s)
5600000 of 30000000 tuples (18%) done (elapsed 3.18 s, remaining 13.84 s)
5700000 of 30000000 tuples (19%) done (elapsed 3.24 s, remaining 13.80 s)
5800000 of 30000000 tuples (19%) done (elapsed 3.29 s, remaining 13.74 s)
5900000 of 30000000 tuples (19%) done (elapsed 3.35 s, remaining 13.67 s)
6000000 of 30000000 tuples (20%) done (elapsed 3.40 s, remaining 13.61 s)
6100000 of 30000000 tuples (20%) done (elapsed 3.46 s, remaining 13.57 s)
6200000 of 30000000 tuples (20%) done (elapsed 3.52 s, remaining 13.50 s)
6300000 of 30000000 tuples (21%) done (elapsed 3.57 s, remaining 13.44 s)
6400000 of 30000000 tuples (21%) done (elapsed 3.63 s, remaining 13.40 s)
6500000 of 30000000 tuples (21%) done (elapsed 3.69 s, remaining 13.33 s)
6600000 of 30000000 tuples (22%) done (elapsed 3.74 s, remaining 13.27 s)
6700000 of 30000000 tuples (22%) done (elapsed 3.80 s, remaining 13.22 s)
6800000 of 30000000 tuples (22%) done (elapsed 3.86 s, remaining 13.16 s)
6900000 of 30000000 tuples (23%) done (elapsed 3.91 s, remaining 13.10 s)
7000000 of 30000000 tuples (23%) done (elapsed 3.97 s, remaining 13.04 s)
7100000 of 30000000 tuples (23%) done (elapsed 4.03 s, remaining 12.99 s)
7200000 of 30000000 tuples (24%) done (elapsed 4.08 s, remaining 12.93 s)
7300000 of 30000000 tuples (24%) done (elapsed 4.14 s, remaining 12.87 s)
7400000 of 30000000 tuples (24%) done (elapsed 4.20 s, remaining 12.82 s)
7500000 of 30000000 tuples (25%) done (elapsed 4.25 s, remaining 12.76 s)
7600000 of 30000000 tuples (25%) done (elapsed 4.31 s, remaining 12.70 s)
7700000 of 30000000 tuples (25%) done (elapsed 4.36 s, remaining 12.64 s)
7800000 of 30000000 tuples (26%) done (elapsed 4.42 s, remaining 12.59 s)
7900000 of 30000000 tuples (26%) done (elapsed 4.48 s, remaining 12.53 s)
8000000 of 30000000 tuples (26%) done (elapsed 4.53 s, remaining 12.47 s)
8100000 of 30000000 tuples (27%) done (elapsed 4.59 s, remaining 12.41 s)
8200000 of 30000000 tuples (27%) done (elapsed 4.65 s, remaining 12.36 s)
8300000 of 30000000 tuples (27%) done (elapsed 4.71 s, remaining 12.30 s)
8400000 of 30000000 tuples (28%) done (elapsed 4.76 s, remaining 12.24 s)
8500000 of 30000000 tuples (28%) done (elapsed 4.82 s, remaining 12.18 s)
8600000 of 30000000 tuples (28%) done (elapsed 4.87 s, remaining 12.13 s)
8700000 of 30000000 tuples (29%) done (elapsed 4.93 s, remaining 12.07 s)
8800000 of 30000000 tuples (29%) done (elapsed 4.99 s, remaining 12.01 s)
8900000 of 30000000 tuples (29%) done (elapsed 5.04 s, remaining 11.96 s)
9000000 of 30000000 tuples (30%) done (elapsed 5.10 s, remaining 11.90 s)
9100000 of 30000000 tuples (30%) done (elapsed 5.16 s, remaining 11.84 s)
9200000 of 30000000 tuples (30%) done (elapsed 5.21 s, remaining 11.78 s)
9300000 of 30000000 tuples (31%) done (elapsed 5.27 s, remaining 11.73 s)
9400000 of 30000000 tuples (31%) done (elapsed 5.33 s, remaining 11.67 s)
9500000 of 30000000 tuples (31%) done (elapsed 5.38 s, remaining 11.61 s)
9600000 of 30000000 tuples (32%) done (elapsed 5.44 s, remaining 11.55 s)
9700000 of 30000000 tuples (32%) done (elapsed 5.50 s, remaining 11.50 s)
9800000 of 30000000 tuples (32%) done (elapsed 5.55 s, remaining 11.44 s)
9900000 of 30000000 tuples (33%) done (elapsed 5.61 s, remaining 11.38 s)
10000000 of 30000000 tuples (33%) done (elapsed 5.67 s, remaining 11.33 s)
10100000 of 30000000 tuples (33%) done (elapsed 5.72 s, remaining 11.27 s)
10200000 of 30000000 tuples (34%) done (elapsed 5.78 s, remaining 11.22 s)
10300000 of 30000000 tuples (34%) done (elapsed 5.84 s, remaining 11.16 s)
10400000 of 30000000 tuples (34%) done (elapsed 5.89 s, remaining 11.10 s)
10500000 of 30000000 tuples (35%) done (elapsed 5.95 s, remaining 11.05 s)
10600000 of 30000000 tuples (35%) done (elapsed 6.01 s, remaining 11.00 s)
10700000 of 30000000 tuples (35%) done (elapsed 6.07 s, remaining 10.94 s)
10800000 of 30000000 tuples (36%) done (elapsed 6.12 s, remaining 10.88 s)
10900000 of 30000000 tuples (36%) done (elapsed 6.18 s, remaining 10.83 s)
11000000 of 30000000 tuples (36%) done (elapsed 6.24 s, remaining 10.77 s)
11100000 of 30000000 tuples (37%) done (elapsed 6.29 s, remaining 10.71 s)
11200000 of 30000000 tuples (37%) done (elapsed 6.35 s, remaining 10.66 s)
11300000 of 30000000 tuples (37%) done (elapsed 6.41 s, remaining 10.60 s)
11400000 of 30000000 tuples (38%) done (elapsed 6.47 s, remaining 10.55 s)
11500000 of 30000000 tuples (38%) done (elapsed 6.52 s, remaining 10.49 s)
11600000 of 30000000 tuples (38%) done (elapsed 6.58 s, remaining 10.44 s)
11700000 of 30000000 tuples (39%) done (elapsed 6.64 s, remaining 10.38 s)
11800000 of 30000000 tuples (39%) done (elapsed 6.69 s, remaining 10.32 s)
11900000 of 30000000 tuples (39%) done (elapsed 6.75 s, remaining 10.27 s)
12000000 of 30000000 tuples (40%) done (elapsed 6.81 s, remaining 10.21 s)
12100000 of 30000000 tuples (40%) done (elapsed 6.86 s, remaining 10.15 s)
12200000 of 30000000 tuples (40%) done (elapsed 6.92 s, remaining 10.10 s)
12300000 of 30000000 tuples (41%) done (elapsed 6.98 s, remaining 10.04 s)
12400000 of 30000000 tuples (41%) done (elapsed 7.04 s, remaining 9.99 s)
12500000 of 30000000 tuples (41%) done (elapsed 7.09 s, remaining 9.93 s)
12600000 of 30000000 tuples (42%) done (elapsed 7.15 s, remaining 9.87 s)
12700000 of 30000000 tuples (42%) done (elapsed 7.21 s, remaining 9.82 s)
12800000 of 30000000 tuples (42%) done (elapsed 7.26 s, remaining 9.76 s)
12900000 of 30000000 tuples (43%) done (elapsed 7.32 s, remaining 9.70 s)
13000000 of 30000000 tuples (43%) done (elapsed 7.38 s, remaining 9.65 s)
13100000 of 30000000 tuples (43%) done (elapsed 7.43 s, remaining 9.59 s)
13200000 of 30000000 tuples (44%) done (elapsed 7.49 s, remaining 9.53 s)
13300000 of 30000000 tuples (44%) done (elapsed 7.55 s, remaining 9.48 s)
13400000 of 30000000 tuples (44%) done (elapsed 7.61 s, remaining 9.43 s)
13500000 of 30000000 tuples (45%) done (elapsed 7.66 s, remaining 9.37 s)
13600000 of 30000000 tuples (45%) done (elapsed 7.72 s, remaining 9.31 s)
13700000 of 30000000 tuples (45%) done (elapsed 7.78 s, remaining 9.25 s)
13800000 of 30000000 tuples (46%) done (elapsed 7.83 s, remaining 9.20 s)
13900000 of 30000000 tuples (46%) done (elapsed 7.89 s, remaining 9.14 s)
14000000 of 30000000 tuples (46%) done (elapsed 7.95 s, remaining 9.08 s)
14100000 of 30000000 tuples (47%) done (elapsed 8.00 s, remaining 9.03 s)
14200000 of 30000000 tuples (47%) done (elapsed 8.06 s, remaining 8.97 s)
14300000 of 30000000 tuples (47%) done (elapsed 8.12 s, remaining 8.92 s)
14400000 of 30000000 tuples (48%) done (elapsed 8.18 s, remaining 8.86 s)
14500000 of 30000000 tuples (48%) done (elapsed 8.24 s, remaining 8.80 s)
14600000 of 30000000 tuples (48%) done (elapsed 8.29 s, remaining 8.75 s)
14700000 of 30000000 tuples (49%) done (elapsed 8.35 s, remaining 8.69 s)
14800000 of 30000000 tuples (49%) done (elapsed 8.41 s, remaining 8.63 s)
14900000 of 30000000 tuples (49%) done (elapsed 8.46 s, remaining 8.58 s)
15000000 of 30000000 tuples (50%) done (elapsed 8.52 s, remaining 8.52 s)
15100000 of 30000000 tuples (50%) done (elapsed 8.58 s, remaining 8.47 s)
15200000 of 30000000 tuples (50%) done (elapsed 8.64 s, remaining 8.41 s)
15300000 of 30000000 tuples (51%) done (elapsed 8.69 s, remaining 8.35 s)
15400000 of 30000000 tuples (51%) done (elapsed 8.75 s, remaining 8.29 s)
15500000 of 30000000 tuples (51%) done (elapsed 8.81 s, remaining 8.24 s)
15600000 of 30000000 tuples (52%) done (elapsed 8.86 s, remaining 8.18 s)
15700000 of 30000000 tuples (52%) done (elapsed 8.92 s, remaining 8.12 s)
15800000 of 30000000 tuples (52%) done (elapsed 8.98 s, remaining 8.07 s)
15900000 of 30000000 tuples (53%) done (elapsed 9.03 s, remaining 8.01 s)
16000000 of 30000000 tuples (53%) done (elapsed 9.09 s, remaining 7.96 s)
16100000 of 30000000 tuples (53%) done (elapsed 9.15 s, remaining 7.90 s)
16200000 of 30000000 tuples (54%) done (elapsed 9.21 s, remaining 7.84 s)
16300000 of 30000000 tuples (54%) done (elapsed 9.26 s, remaining 7.79 s)
16400000 of 30000000 tuples (54%) done (elapsed 9.32 s, remaining 7.73 s)
16500000 of 30000000 tuples (55%) done (elapsed 9.38 s, remaining 7.67 s)
16600000 of 30000000 tuples (55%) done (elapsed 9.43 s, remaining 7.62 s)
16700000 of 30000000 tuples (55%) done (elapsed 9.49 s, remaining 7.56 s)
16800000 of 30000000 tuples (56%) done (elapsed 9.55 s, remaining 7.50 s)
16900000 of 30000000 tuples (56%) done (elapsed 9.61 s, remaining 7.45 s)
17000000 of 30000000 tuples (56%) done (elapsed 9.66 s, remaining 7.39 s)
17100000 of 30000000 tuples (57%) done (elapsed 9.72 s, remaining 7.33 s)
17200000 of 30000000 tuples (57%) done (elapsed 9.78 s, remaining 7.28 s)
17300000 of 30000000 tuples (57%) done (elapsed 9.83 s, remaining 7.22 s)
17400000 of 30000000 tuples (58%) done (elapsed 9.89 s, remaining 7.16 s)
17500000 of 30000000 tuples (58%) done (elapsed 9.95 s, remaining 7.11 s)
17600000 of 30000000 tuples (58%) done (elapsed 10.01 s, remaining 7.05 s)
17700000 of 30000000 tuples (59%) done (elapsed 10.07 s, remaining 6.99 s)
17800000 of 30000000 tuples (59%) done (elapsed 10.12 s, remaining 6.94 s)
17900000 of 30000000 tuples (59%) done (elapsed 10.18 s, remaining 6.88 s)
18000000 of 30000000 tuples (60%) done (elapsed 10.24 s, remaining 6.82 s)
18100000 of 30000000 tuples (60%) done (elapsed 10.30 s, remaining 6.77 s)
18200000 of 30000000 tuples (60%) done (elapsed 10.35 s, remaining 6.71 s)
18300000 of 30000000 tuples (61%) done (elapsed 10.41 s, remaining 6.66 s)
18400000 of 30000000 tuples (61%) done (elapsed 10.47 s, remaining 6.60 s)
18500000 of 30000000 tuples (61%) done (elapsed 10.52 s, remaining 6.54 s)
18600000 of 30000000 tuples (62%) done (elapsed 10.58 s, remaining 6.49 s)
18700000 of 30000000 tuples (62%) done (elapsed 10.64 s, remaining 6.43 s)
18800000 of 30000000 tuples (62%) done (elapsed 10.69 s, remaining 6.37 s)
18900000 of 30000000 tuples (63%) done (elapsed 10.75 s, remaining 6.31 s)
19000000 of 30000000 tuples (63%) done (elapsed 10.81 s, remaining 6.26 s)
19100000 of 30000000 tuples (63%) done (elapsed 10.87 s, remaining 6.20 s)
19200000 of 30000000 tuples (64%) done (elapsed 10.93 s, remaining 6.15 s)
19300000 of 30000000 tuples (64%) done (elapsed 10.98 s, remaining 6.09 s)
19400000 of 30000000 tuples (64%) done (elapsed 11.04 s, remaining 6.03 s)
19500000 of 30000000 tuples (65%) done (elapsed 11.10 s, remaining 5.97 s)
19600000 of 30000000 tuples (65%) done (elapsed 11.15 s, remaining 5.92 s)
19700000 of 30000000 tuples (65%) done (elapsed 11.21 s, remaining 5.86 s)
19800000 of 30000000 tuples (66%) done (elapsed 11.27 s, remaining 5.81 s)
19900000 of 30000000 tuples (66%) done (elapsed 11.33 s, remaining 5.75 s)
20000000 of 30000000 tuples (66%) done (elapsed 11.38 s, remaining 5.69 s)
20100000 of 30000000 tuples (67%) done (elapsed 11.44 s, remaining 5.63 s)
20200000 of 30000000 tuples (67%) done (elapsed 11.50 s, remaining 5.58 s)
20300000 of 30000000 tuples (67%) done (elapsed 11.55 s, remaining 5.52 s)
20400000 of 30000000 tuples (68%) done (elapsed 11.61 s, remaining 5.46 s)
20500000 of 30000000 tuples (68%) done (elapsed 11.67 s, remaining 5.41 s)
20600000 of 30000000 tuples (68%) done (elapsed 11.73 s, remaining 5.35 s)
20700000 of 30000000 tuples (69%) done (elapsed 11.78 s, remaining 5.29 s)
20800000 of 30000000 tuples (69%) done (elapsed 11.84 s, remaining 5.24 s)
20900000 of 30000000 tuples (69%) done (elapsed 11.90 s, remaining 5.18 s)
21000000 of 30000000 tuples (70%) done (elapsed 11.95 s, remaining 5.12 s)
21100000 of 30000000 tuples (70%) done (elapsed 12.01 s, remaining 5.07 s)
21200000 of 30000000 tuples (70%) done (elapsed 12.07 s, remaining 5.01 s)
21300000 of 30000000 tuples (71%) done (elapsed 12.13 s, remaining 4.95 s)
21400000 of 30000000 tuples (71%) done (elapsed 12.19 s, remaining 4.90 s)
21500000 of 30000000 tuples (71%) done (elapsed 12.24 s, remaining 4.84 s)
21600000 of 30000000 tuples (72%) done (elapsed 12.30 s, remaining 4.78 s)
21700000 of 30000000 tuples (72%) done (elapsed 12.36 s, remaining 4.73 s)
21800000 of 30000000 tuples (72%) done (elapsed 12.41 s, remaining 4.67 s)
21900000 of 30000000 tuples (73%) done (elapsed 12.47 s, remaining 4.61 s)
22000000 of 30000000 tuples (73%) done (elapsed 12.53 s, remaining 4.56 s)
22100000 of 30000000 tuples (73%) done (elapsed 12.59 s, remaining 4.50 s)
22200000 of 30000000 tuples (74%) done (elapsed 12.64 s, remaining 4.44 s)
22300000 of 30000000 tuples (74%) done (elapsed 12.70 s, remaining 4.39 s)
22400000 of 30000000 tuples (74%) done (elapsed 12.76 s, remaining 4.33 s)
22500000 of 30000000 tuples (75%) done (elapsed 12.81 s, remaining 4.27 s)
22600000 of 30000000 tuples (75%) done (elapsed 12.87 s, remaining 4.22 s)
22700000 of 30000000 tuples (75%) done (elapsed 12.93 s, remaining 4.16 s)
22800000 of 30000000 tuples (76%) done (elapsed 12.99 s, remaining 4.10 s)
22900000 of 30000000 tuples (76%) done (elapsed 13.04 s, remaining 4.04 s)
23000000 of 30000000 tuples (76%) done (elapsed 13.10 s, remaining 3.99 s)
23100000 of 30000000 tuples (77%) done (elapsed 13.16 s, remaining 3.93 s)
23200000 of 30000000 tuples (77%) done (elapsed 13.22 s, remaining 3.87 s)
23300000 of 30000000 tuples (77%) done (elapsed 13.28 s, remaining 3.82 s)
23400000 of 30000000 tuples (78%) done (elapsed 13.33 s, remaining 3.76 s)
23500000 of 30000000 tuples (78%) done (elapsed 13.39 s, remaining 3.70 s)
23600000 of 30000000 tuples (78%) done (elapsed 13.45 s, remaining 3.65 s)
23700000 of 30000000 tuples (79%) done (elapsed 13.50 s, remaining 3.59 s)
23800000 of 30000000 tuples (79%) done (elapsed 13.56 s, remaining 3.53 s)
23900000 of 30000000 tuples (79%) done (elapsed 13.62 s, remaining 3.48 s)
24000000 of 30000000 tuples (80%) done (elapsed 13.68 s, remaining 3.42 s)
24100000 of 30000000 tuples (80%) done (elapsed 13.73 s, remaining 3.36 s)
24200000 of 30000000 tuples (80%) done (elapsed 13.79 s, remaining 3.31 s)
24300000 of 30000000 tuples (81%) done (elapsed 13.85 s, remaining 3.25 s)
24400000 of 30000000 tuples (81%) done (elapsed 13.91 s, remaining 3.19 s)
24500000 of 30000000 tuples (81%) done (elapsed 13.96 s, remaining 3.13 s)
24600000 of 30000000 tuples (82%) done (elapsed 14.02 s, remaining 3.08 s)
24700000 of 30000000 tuples (82%) done (elapsed 14.08 s, remaining 3.02 s)
24800000 of 30000000 tuples (82%) done (elapsed 14.14 s, remaining 2.96 s)
24900000 of 30000000 tuples (83%) done (elapsed 14.20 s, remaining 2.91 s)
25000000 of 30000000 tuples (83%) done (elapsed 14.25 s, remaining 2.85 s)
25100000 of 30000000 tuples (83%) done (elapsed 14.31 s, remaining 2.79 s)
25200000 of 30000000 tuples (84%) done (elapsed 14.37 s, remaining 2.74 s)
25300000 of 30000000 tuples (84%) done (elapsed 14.43 s, remaining 2.68 s)
25400000 of 30000000 tuples (84%) done (elapsed 14.62 s, remaining 2.65 s)
25500000 of 30000000 tuples (85%) done (elapsed 14.70 s, remaining 2.59 s)
25600000 of 30000000 tuples (85%) done (elapsed 14.78 s, remaining 2.54 s)
25700000 of 30000000 tuples (85%) done (elapsed 14.86 s, remaining 2.49 s)
25800000 of 30000000 tuples (86%) done (elapsed 14.93 s, remaining 2.43 s)
25900000 of 30000000 tuples (86%) done (elapsed 15.01 s, remaining 2.38 s)
26000000 of 30000000 tuples (86%) done (elapsed 15.08 s, remaining 2.32 s)
26100000 of 30000000 tuples (87%) done (elapsed 15.16 s, remaining 2.27 s)
26200000 of 30000000 tuples (87%) done (elapsed 15.23 s, remaining 2.21 s)
26300000 of 30000000 tuples (87%) done (elapsed 15.31 s, remaining 2.15 s)
26400000 of 30000000 tuples (88%) done (elapsed 15.39 s, remaining 2.10 s)
26500000 of 30000000 tuples (88%) done (elapsed 15.46 s, remaining 2.04 s)
26600000 of 30000000 tuples (88%) done (elapsed 15.54 s, remaining 1.99 s)
26700000 of 30000000 tuples (89%) done (elapsed 15.60 s, remaining 1.93 s)
26800000 of 30000000 tuples (89%) done (elapsed 15.66 s, remaining 1.87 s)
26900000 of 30000000 tuples (89%) done (elapsed 15.72 s, remaining 1.81 s)
27000000 of 30000000 tuples (90%) done (elapsed 15.78 s, remaining 1.75 s)
27100000 of 30000000 tuples (90%) done (elapsed 15.84 s, remaining 1.70 s)
27200000 of 30000000 tuples (90%) done (elapsed 15.90 s, remaining 1.64 s)
27300000 of 30000000 tuples (91%) done (elapsed 15.96 s, remaining 1.58 s)
27400000 of 30000000 tuples (91%) done (elapsed 16.02 s, remaining 1.52 s)
27500000 of 30000000 tuples (91%) done (elapsed 16.08 s, remaining 1.46 s)
27600000 of 30000000 tuples (92%) done (elapsed 16.15 s, remaining 1.40 s)
27700000 of 30000000 tuples (92%) done (elapsed 16.20 s, remaining 1.35 s)
27800000 of 30000000 tuples (92%) done (elapsed 16.26 s, remaining 1.29 s)
27900000 of 30000000 tuples (93%) done (elapsed 16.32 s, remaining 1.23 s)
28000000 of 30000000 tuples (93%) done (elapsed 16.38 s, remaining 1.17 s)
28100000 of 30000000 tuples (93%) done (elapsed 16.44 s, remaining 1.11 s)
28200000 of 30000000 tuples (94%) done (elapsed 16.50 s, remaining 1.05 s)
28300000 of 30000000 tuples (94%) done (elapsed 16.56 s, remaining 0.99 s)
28400000 of 30000000 tuples (94%) done (elapsed 16.62 s, remaining 0.94 s)
28500000 of 30000000 tuples (95%) done (elapsed 16.67 s, remaining 0.88 s)
28600000 of 30000000 tuples (95%) done (elapsed 16.73 s, remaining 0.82 s)
28700000 of 30000000 tuples (95%) done (elapsed 16.79 s, remaining 0.76 s)
28800000 of 30000000 tuples (96%) done (elapsed 16.85 s, remaining 0.70 s)
28900000 of 30000000 tuples (96%) done (elapsed 16.90 s, remaining 0.64 s)
29000000 of 30000000 tuples (96%) done (elapsed 16.97 s, remaining 0.59 s)
29100000 of 30000000 tuples (97%) done (elapsed 17.02 s, remaining 0.53 s)
29200000 of 30000000 tuples (97%) done (elapsed 17.08 s, remaining 0.47 s)
29300000 of 30000000 tuples (97%) done (elapsed 17.14 s, remaining 0.41 s)
29400000 of 30000000 tuples (98%) done (elapsed 17.20 s, remaining 0.35 s)
29500000 of 30000000 tuples (98%) done (elapsed 17.25 s, remaining 0.29 s)
29600000 of 30000000 tuples (98%) done (elapsed 17.31 s, remaining 0.23 s)
29700000 of 30000000 tuples (99%) done (elapsed 17.37 s, remaining 0.18 s)
29800000 of 30000000 tuples (99%) done (elapsed 17.43 s, remaining 0.12 s)
29900000 of 30000000 tuples (99%) done (elapsed 17.49 s, remaining 0.06 s)
30000000 of 30000000 tuples (100%) done (elapsed 17.54 s, remaining 0.00 s)
vacuum...
set primary keys...
NOTICE:  ALTER TABLE / ADD PRIMARY KEY will create implicit index "pgbench_branches_pkey" for table "pgbench_branches"
NOTICE:  ALTER TABLE / ADD PRIMARY KEY will create implicit index "pgbench_tellers_pkey" for table "pgbench_tellers"
NOTICE:  ALTER TABLE / ADD PRIMARY KEY will create implicit index "pgbench_accounts_pkey" for table "pgbench_accounts"
done.
starting vacuum...end.
transaction type: <builtin: TPC-B (sort of)>
scaling factor: 300
query mode: simple
number of clients: 32
number of threads: 4
duration: 60 s
number of transactions actually processed: 9824
latency average: 195.440 ms
tps = 161.413955 (including connections establishing)
tps = 161.420515 (excluding connections establishing)
script statistics:
 - statement latencies in milliseconds:
         0.002  \set aid random(1, 100000 * :scale)
         0.001  \set bid random(1, 1 * :scale)
         0.001  \set tid random(1, 10 * :scale)
         0.001  \set delta random(-5000, 5000)
         0.415  BEGIN;
         0.838  UPDATE pgbench_accounts SET abalance = abalance + :delta WHERE aid = :aid;
         0.406  SELECT abalance FROM pgbench_accounts WHERE aid = :aid;
         1.641  UPDATE pgbench_tellers SET tbalance = tbalance + :delta WHERE tid = :tid;
        10.053  UPDATE pgbench_branches SET bbalance = bbalance + :delta WHERE bid = :bid;
         0.288  INSERT INTO pgbench_history (tid, bid, aid, delta, mtime) VALUES (:tid, :bid, :aid, :delta, CURRENT_TIMESTAMP);
       183.875  END;
starting vacuum...end.
transaction type: <builtin: TPC-B (sort of)>
scaling factor: 300
query mode: simple
number of clients: 32
number of threads: 4
duration: 60 s
number of transactions actually processed: 8072
latency average: 237.859 ms
tps = 134.199378 (including connections establishing)
tps = 134.203537 (excluding connections establishing)
script statistics:
 - statement latencies in milliseconds:
         0.002  \set aid random(1, 100000 * :scale)
         0.001  \set bid random(1, 1 * :scale)
         0.001  \set tid random(1, 10 * :scale)
         0.001  \set delta random(-5000, 5000)
         0.165  BEGIN;
        98.497  UPDATE pgbench_accounts SET abalance = abalance + :delta WHERE aid = :aid;
         0.159  SELECT abalance FROM pgbench_accounts WHERE aid = :aid;
         0.773  UPDATE pgbench_tellers SET tbalance = tbalance + :delta WHERE tid = :tid;
         5.013  UPDATE pgbench_branches SET bbalance = bbalance + :delta WHERE bid = :bid;
         0.146  INSERT INTO pgbench_history (tid, bid, aid, delta, mtime) VALUES (:tid, :bid, :aid, :delta, CURRENT_TIMESTAMP);
       133.992  END;
starting vacuum...end.
transaction type: <builtin: TPC-B (sort of)>
scaling factor: 300
query mode: simple
number of clients: 32
number of threads: 4
duration: 60 s
number of transactions actually processed: 8161
latency average: 235.265 ms
tps = 135.752063 (including connections establishing)
tps = 135.756370 (excluding connections establishing)
script statistics:
 - statement latencies in milliseconds:
         0.002  \set aid random(1, 100000 * :scale)
         0.001  \set bid random(1, 1 * :scale)
         0.001  \set tid random(1, 10 * :scale)
         0.001  \set delta random(-5000, 5000)
         0.171  BEGIN;
        94.133  UPDATE pgbench_accounts SET abalance = abalance + :delta WHERE aid = :aid;
         0.158  SELECT abalance FROM pgbench_accounts WHERE aid = :aid;
         1.520  UPDATE pgbench_tellers SET tbalance = tbalance + :delta WHERE tid = :tid;
         5.279  UPDATE pgbench_branches SET bbalance = bbalance + :delta WHERE bid = :bid;
         0.294  INSERT INTO pgbench_history (tid, bid, aid, delta, mtime) VALUES (:tid, :bid, :aid, :delta, CURRENT_TIMESTAMP);
       134.301  END;
starting vacuum...end.
transaction type: <builtin: TPC-B (sort of)>
scaling factor: 300
query mode: simple
number of clients: 32
number of threads: 4
duration: 900 s
number of transactions actually processed: 81819
latency average: 351.996 ms
tps = 90.866007 (including connections establishing)
tps = 90.866207 (excluding connections establishing)
script statistics:
 - statement latencies in milliseconds:
         0.002  \set aid random(1, 100000 * :scale)
         0.001  \set bid random(1, 1 * :scale)
         0.001  \set tid random(1, 10 * :scale)
         0.001  \set delta random(-5000, 5000)
         0.172  BEGIN;
       103.581  UPDATE pgbench_accounts SET abalance = abalance + :delta WHERE aid = :aid;
         0.159  SELECT abalance FROM pgbench_accounts WHERE aid = :aid;
         1.341  UPDATE pgbench_tellers SET tbalance = tbalance + :delta WHERE tid = :tid;
        10.007  UPDATE pgbench_branches SET bbalance = bbalance + :delta WHERE bid = :bid;
         0.139  INSERT INTO pgbench_history (tid, bid, aid, delta, mtime) VALUES (:tid, :bid, :aid, :delta, CURRENT_TIMESTAMP);
       237.167  END;
starting vacuum...end.
transaction type: <builtin: TPC-B (sort of)>
scaling factor: 300
query mode: simple
number of clients: 32
number of threads: 4
duration: 900 s
number of transactions actually processed: 84896
latency average: 339.239 ms
tps = 94.310145 (including connections establishing)
tps = 94.310345 (excluding connections establishing)
script statistics:
 - statement latencies in milliseconds:
         0.002  \set aid random(1, 100000 * :scale)
         0.001  \set bid random(1, 1 * :scale)
         0.001  \set tid random(1, 10 * :scale)
         0.001  \set delta random(-5000, 5000)
         0.189  BEGIN;
        64.869  UPDATE pgbench_accounts SET abalance = abalance + :delta WHERE aid = :aid;
         0.162  SELECT abalance FROM pgbench_accounts WHERE aid = :aid;
         1.418  UPDATE pgbench_tellers SET tbalance = tbalance + :delta WHERE tid = :tid;
        12.283  UPDATE pgbench_branches SET bbalance = bbalance + :delta WHERE bid = :bid;
         0.617  INSERT INTO pgbench_history (tid, bid, aid, delta, mtime) VALUES (:tid, :bid, :aid, :delta, CURRENT_TIMESTAMP);
       260.338  END;
starting vacuum...end.
transaction type: <builtin: TPC-B (sort of)>
scaling factor: 300
query mode: simple
number of clients: 32
number of threads: 4
duration: 900 s
number of transactions actually processed: 86816
latency average: 331.736 ms
tps = 96.324133 (including connections establishing)
tps = 96.324351 (excluding connections establishing)
script statistics:
 - statement latencies in milliseconds:
         0.002  \set aid random(1, 100000 * :scale)
         0.001  \set bid random(1, 1 * :scale)
         0.001  \set tid random(1, 10 * :scale)
         0.001  \set delta random(-5000, 5000)
         0.190  BEGIN;
        63.678  UPDATE pgbench_accounts SET abalance = abalance + :delta WHERE aid = :aid;
         0.162  SELECT abalance FROM pgbench_accounts WHERE aid = :aid;
         1.414  UPDATE pgbench_tellers SET tbalance = tbalance + :delta WHERE tid = :tid;
        11.798  UPDATE pgbench_branches SET bbalance = bbalance + :delta WHERE bid = :bid;
         0.136  INSERT INTO pgbench_history (tid, bid, aid, delta, mtime) VALUES (:tid, :bid, :aid, :delta, CURRENT_TIMESTAMP);
       255.268  END;
========================================================================
Testing 2012-02-15-REL9_2_0~767
Start Time: 2016-08-01 03:47:58+00:00
starting vacuum...Linux 3.16.0-4-amd64 (Debian-83-jessie-64-minimal) 	01.08.16 	_x86_64_	(8 CPU)

end.
transaction type: <builtin: TPC-B (sort of)>
scaling factor: 300
query mode: simple
number of clients: 32
number of threads: 4
duration: 900 s
number of transactions actually processed: 108289
latency average: 265.955 ms
tps = 120.216473 (including connections establishing)
tps = 120.216743 (excluding connections establishing)
script statistics:
 - statement latencies in milliseconds:
         0.002  \set aid random(1, 100000 * :scale)
         0.001  \set bid random(1, 1 * :scale)
         0.001  \set tid random(1, 10 * :scale)
         0.001  \set delta random(-5000, 5000)
         0.269  BEGIN;
         6.275  UPDATE pgbench_accounts SET abalance = abalance + :delta WHERE aid = :aid;
         0.328  SELECT abalance FROM pgbench_accounts WHERE aid = :aid;
         1.615  UPDATE pgbench_tellers SET tbalance = tbalance + :delta WHERE tid = :tid;
        13.247  UPDATE pgbench_branches SET bbalance = bbalance + :delta WHERE bid = :bid;
         0.215  INSERT INTO pgbench_history (tid, bid, aid, delta, mtime) VALUES (:tid, :bid, :aid, :delta, CURRENT_TIMESTAMP);
       244.935  END;
avg-cpu:  %user   %nice %system %iowait  %steal   %idle
           1,32    0,00    0,39   14,73    0,00   83,56

Device:         rrqm/s   wrqm/s     r/s     w/s    rkB/s    wkB/s avgrq-sz avgqu-sz   await r_await w_await  svctm  %util
sdb               0,00     2,18    6,01  175,51    74,41  2751,27    31,13    71,50  393,75   77,33  404,58   4,48  81,39
sda               0,01     2,18   13,87  175,50   168,62  2751,17    30,84    72,97  385,15   53,66  411,35   4,51  85,40
md0               0,00     0,00    0,10    0,00     0,42     0,00     8,00     0,00    0,00    0,00    0,00   0,00   0,00
md1               0,00     0,00    0,00    0,00     0,00     0,00     0,00     0,00    0,00    0,00    0,00   0,00   0,00
md2               0,00     0,00   19,78  177,02   242,56  2750,52    30,42     0,00    0,00    0,00    0,00   0,00   0,00
md3               0,00     0,00    0,00    0,01     0,00     0,04     8,00     0,00    0,00    0,00    0,00   0,00   0,00

End Time: 2016-08-01 04:03:28+00:00
========================================================================
========================================================================
Testing 2012-02-15-REL9_2_0~767
Start Time: 2016-08-06 17:01:25+00:00
Shared Buffers:  260000
Linux 3.16.0-4-amd64 (Debian-83-jessie-64-minimal) 	06.08.16 	_x86_64_	(8 CPU)

starting vacuum...end.
transaction type: <builtin: TPC-B (sort of)>
scaling factor: 300
query mode: simple
number of clients: 32
number of threads: 4
duration: 900 s
number of transactions actually processed: 270316
latency average: 106.542 ms
tps = 300.114758 (including connections establishing)
tps = 300.115359 (excluding connections establishing)
script statistics:
 - statement latencies in milliseconds:
         0.001  \set aid random(1, 100000 * :scale)
         0.001  \set bid random(1, 1 * :scale)
         0.001  \set tid random(1, 10 * :scale)
         0.000  \set delta random(-5000, 5000)
         0.258  BEGIN;
         1.223  UPDATE pgbench_accounts SET abalance = abalance + :delta WHERE aid = :aid;
         0.333  SELECT abalance FROM pgbench_accounts WHERE aid = :aid;
         0.858  UPDATE pgbench_tellers SET tbalance = tbalance + :delta WHERE tid = :tid;
         5.859  UPDATE pgbench_branches SET bbalance = bbalance + :delta WHERE bid = :bid;
         0.204  INSERT INTO pgbench_history (tid, bid, aid, delta, mtime) VALUES (:tid, :bid, :aid, :delta, CURRENT_TIMESTAMP);
        98.307  END;
avg-cpu:  %user   %nice %system %iowait  %steal   %idle
           2,65    0,00    0,74   10,27    0,00   86,35

Device:         rrqm/s   wrqm/s     r/s     w/s    rkB/s    wkB/s avgrq-sz avgqu-sz   await r_await w_await  svctm  %util
sdb               0,00     2,22    1,82  336,56    20,57  6093,05    36,14    69,66  205,88   43,50  206,75   2,24  75,74
sda               0,02     2,20   12,52  336,58   140,34  6093,05    35,71    60,38  172,94   27,23  178,36   2,44  85,16
md0               0,00     0,00    0,08    0,00     0,32     0,00     8,00     0,00    0,00    0,00    0,00   0,00   0,00
md1               0,00     0,00    0,00    0,00     0,00     0,00     0,00     0,00    0,00    0,00    0,00   0,00   0,00
md2               0,00     0,00   14,28  337,83   160,59  6090,66    35,51     0,00    0,00    0,00    0,00   0,00   0,00
md3               0,00     0,00    0,00    0,01     0,00     0,04     8,00     0,00    0,00    0,00    0,00   0,00   0,00

Control File Changes
--- /usr/local/oldpgsql/2012-02-15-REL9_2_0~767/before.controldata	2016-08-06 19:01:25.644965035 +0200
+++ /usr/local/oldpgsql/2012-02-15-REL9_2_0~767/after.controldata	2016-08-06 19:18:51.531631455 +0200
@@ -2,20 +2,20 @@
 Catalog version number:               201202141
 Database system identifier:           6255469741793606871
 Database cluster state:               in production
-pg_control last modified:             сб, 06-сер-2016 19:01:25 +0200
-Latest checkpoint location:           1/F3860048
-Prior checkpoint location:            1/F2C80D98
-Latest checkpoint's REDO location:    1/F3860048
+pg_control last modified:             сб, 06-сер-2016 19:18:51 +0200
+Latest checkpoint location:           2/9FFA85E8
+Prior checkpoint location:            2/9FFA8588
+Latest checkpoint's REDO location:    2/9FFA85E8
 Latest checkpoint's TimeLineID:       1
 Latest checkpoint's full_page_writes: on
-Latest checkpoint's NextXID:          0/415746
-Latest checkpoint's NextOID:          16466
+Latest checkpoint's NextXID:          0/686106
+Latest checkpoint's NextOID:          24658
 Latest checkpoint's NextMultiXactId:  1
 Latest checkpoint's NextMultiOffset:  0
 Latest checkpoint's oldestXID:        698
 Latest checkpoint's oldestXID's DB:   1
 Latest checkpoint's oldestActiveXID:  0
-Time of latest checkpoint:            сб, 06-сер-2016 19:01:25 +0200
+Time of latest checkpoint:            сб, 06-сер-2016 19:17:47 +0200
 Minimum recovery ending location:     0/0
 Backup start location:                0/0
 Backup end location:                  0/0
End Time: 2016-08-06 17:18:51+00:00
========================================================================
========================================================================
Testing 2012-02-15-REL9_2_0~767
Start Time: 2016-08-08 20:05:20+00:00
Shared Buffers:  260000
size before pgbench of pgbench_history: 24
size before pgbench of pgbench_tellers: 8
size before pgbench of pgbench_branches: 8
size before pgbench of pgbench_accounts: 64
size before pgbench of pgbench_branches_pkey: 32
size before pgbench of pgbench_tellers_pkey: 152
size before pgbench of pgbench_accounts_pkey: 658092
total size before pgbench: 658380
Linux 3.16.0-4-amd64 (Debian-83-jessie-64-minimal) 	08.08.16 	_x86_64_	(8 CPU)

starting vacuum...end.
transaction type: <builtin: select only>
scaling factor: 300
query mode: simple
number of clients: 32
number of threads: 4
duration: 60 s
number of transactions actually processed: 5589216
latency average: 0.344 ms
tps = 93102.908570 (including connections establishing)
tps = 93105.848241 (excluding connections establishing)
script statistics:
 - statement latencies in milliseconds:
         0.001  \set aid random(1, 100000 * :scale)
         0.344  SELECT abalance FROM pgbench_accounts WHERE aid = :aid;
avg-cpu:  %user   %nice %system %iowait  %steal   %idle
          54,19    0,00   11,35    1,06    0,00   33,39

Device:         rrqm/s   wrqm/s     r/s     w/s    rkB/s    wkB/s avgrq-sz avgqu-sz   await r_await w_await  svctm  %util
sdb               0,04     1,46   17,88    2,32   171,33    16,05    18,55     0,77   37,91   37,14   43,85   5,71  11,54
sda               0,38     1,46   20,22    2,32   192,93    16,05    18,54     1,12   49,57   49,47   50,39   6,06  13,67
md0               0,00     0,00    0,78    0,00     3,11     0,00     8,00     0,00    0,00    0,00    0,00   0,00   0,00
md1               0,00     0,00    0,00    0,00     0,00     0,00     0,00     0,00    0,00    0,00    0,00   0,00   0,00
md2               0,00     0,00   37,74    2,43   361,16    12,98    18,62     0,00    0,00    0,00    0,00   0,00   0,00
md3               0,00     0,00    0,00    0,10     0,00     0,40     8,00     0,00    0,00    0,00    0,00   0,00   0,00

Control File Changes
--- /usr/local/oldpgsql/2012-02-15-REL9_2_0~767/before.controldata	2016-08-08 22:08:29.027380555 +0200
+++ /usr/local/oldpgsql/2012-02-15-REL9_2_0~767/after.controldata	2016-08-08 22:09:59.808690816 +0200
@@ -5,4 +5,4 @@
-pg_control last modified:             Mon Aug  8 20:08:28 2016
-Latest checkpoint location:           3/501E5A8
-Prior checkpoint location:            3/501E548
-Latest checkpoint's REDO location:    3/501E5A8
+pg_control last modified:             Mon Aug  8 20:09:59 2016
+Latest checkpoint location:           3/50205B8
+Prior checkpoint location:            3/501E5A8
+Latest checkpoint's REDO location:    3/50205B8
@@ -11,2 +11,2 @@
-Latest checkpoint's NextXID:          0/686106
-Latest checkpoint's NextOID:          16467
+Latest checkpoint's NextXID:          0/686107
+Latest checkpoint's NextOID:          24659
@@ -18 +18 @@
-Time of latest checkpoint:            Mon Aug  8 20:08:28 2016
+Time of latest checkpoint:            Mon Aug  8 20:09:59 2016
size after pgbench of pgbench_history: 0
size after pgbench of pgbench_tellers: 8
size after pgbench of pgbench_branches: 8
size after pgbench of pgbench_accounts: 64
size after pgbench of pgbench_branches_pkey: 32
size after pgbench of pgbench_tellers_pkey: 152
size after pgbench of pgbench_accounts_pkey: 658092
total size after pgbench: 658356
End Time: 2016-08-08 20:09:59+00:00
========================================================================
========================================================================
Testing 2012-02-15-REL9_2_0~767
Start Time: 2016-08-10 18:34:11+00:00
Shared Buffers:  260000
size before pgbench of pgbench_history: 0
size before pgbench of pgbench_tellers: 8
size before pgbench of pgbench_branches: 8
size before pgbench of pgbench_accounts: 64
size before pgbench of pgbench_branches_pkey: 32
size before pgbench of pgbench_tellers_pkey: 152
size before pgbench of pgbench_accounts_pkey: 658092
total size before pgbench: 658356
Linux 3.16.0-4-amd64 (Debian-83-jessie-64-minimal) 	10.08.16 	_x86_64_	(8 CPU)

starting vacuum...end.
transaction type: <builtin: select only>
scaling factor: 300
query mode: simple
number of clients: 32
number of threads: 4
duration: 60 s
number of transactions actually processed: 5579815
latency average: 0.344 ms
tps = 92925.105694 (including connections establishing)
tps = 92928.717684 (excluding connections establishing)
script statistics:
 - statement latencies in milliseconds:
         0.001  \set aid random(1, 100000 * :scale)
         0.344  SELECT abalance FROM pgbench_accounts WHERE aid = :aid;
avg-cpu:  %user   %nice %system %iowait  %steal   %idle
          54,18    0,00   11,35    1,16    0,00   33,30

Device:         rrqm/s   wrqm/s     r/s     w/s    rkB/s    wkB/s avgrq-sz avgqu-sz   await r_await w_await  svctm  %util
sdb               0,03     0,88   16,18    2,09   155,11    13,04    18,41     1,00   54,78   58,60   25,13   4,71   8,60
sda               0,08     0,88   18,56    2,09   178,22    13,04    18,53     0,82   39,75   40,76   30,70   4,93  10,17
md0               0,00     0,00    0,19    0,00     0,76     0,00     8,00     0,00    0,00    0,00    0,00   0,00   0,00
md1               0,00     0,00    0,00    0,00     0,00     0,00     0,00     0,00    0,00    0,00    0,00   0,00   0,00
md2               0,00     0,00   34,67    1,57   332,31     9,87    18,89     0,00    0,00    0,00    0,00   0,00   0,00
md3               0,00     0,00    0,00    0,11     0,00     0,44     8,00     0,00    0,00    0,00    0,00   0,00   0,00

Control File Changes
--- /usr/local/oldpgsql/2012-02-15-REL9_2_0~767/before.controldata	2016-08-10 20:35:30.642699692 +0200
+++ /usr/local/oldpgsql/2012-02-15-REL9_2_0~767/after.controldata	2016-08-10 20:37:00.902868417 +0200
@@ -5,4 +5,4 @@
-pg_control last modified:             Wed Aug 10 18:35:30 2016
-Latest checkpoint location:           3/5020678
-Prior checkpoint location:            3/5020618
-Latest checkpoint's REDO location:    3/5020678
+pg_control last modified:             Wed Aug 10 18:37:00 2016
+Latest checkpoint location:           3/5022688
+Prior checkpoint location:            3/5020678
+Latest checkpoint's REDO location:    3/5022688
@@ -11,2 +11,2 @@
-Latest checkpoint's NextXID:          0/686107
-Latest checkpoint's NextOID:          16468
+Latest checkpoint's NextXID:          0/686108
+Latest checkpoint's NextOID:          24660
@@ -18 +18 @@
-Time of latest checkpoint:            Wed Aug 10 18:35:30 2016
+Time of latest checkpoint:            Wed Aug 10 18:37:00 2016
size after pgbench of pgbench_history: 0
size after pgbench of pgbench_tellers: 8
size after pgbench of pgbench_branches: 8
size after pgbench of pgbench_accounts: 64
size after pgbench of pgbench_branches_pkey: 32
size after pgbench of pgbench_tellers_pkey: 152
size after pgbench of pgbench_accounts_pkey: 658092
total size after pgbench: 658356
End Time: 2016-08-10 18:37:00+00:00
========================================================================
========================================================================
Testing 2012-02-15-REL9_2_0~767
Start Time: 2016-08-11 03:22:47+00:00
Shared Buffers:  260000
size before pgbench of pgbench_history: 0
size before pgbench of pgbench_tellers: 8
size before pgbench of pgbench_branches: 8
size before pgbench of pgbench_accounts: 64
size before pgbench of pgbench_branches_pkey: 32
size before pgbench of pgbench_tellers_pkey: 152
size before pgbench of pgbench_accounts_pkey: 658092
total size before pgbench: 658356
Linux 3.16.0-4-amd64 (Debian-83-jessie-64-minimal) 	11.08.16 	_x86_64_	(8 CPU)

starting vacuum...end.
transaction type: <builtin: select only>
scaling factor: 300
query mode: simple
number of clients: 32
number of threads: 4
duration: 60 s
number of transactions actually processed: 5596636
latency average: 0.343 ms
tps = 93238.690712 (including connections establishing)
tps = 93242.666401 (excluding connections establishing)
script statistics:
 - statement latencies in milliseconds:
         0.001  \set aid random(1, 100000 * :scale)
         0.343  SELECT abalance FROM pgbench_accounts WHERE aid = :aid;
avg-cpu:  %user   %nice %system %iowait  %steal   %idle
          54,34    0,00   11,44    0,85    0,00   33,37

Device:         rrqm/s   wrqm/s     r/s     w/s    rkB/s    wkB/s avgrq-sz avgqu-sz   await r_await w_await  svctm  %util
sdb               0,27     0,99   16,48    2,94   158,27    15,81    17,93     0,92   47,50   52,10   21,75   4,97   9,65
sda               1,49     0,99   20,02    2,94   189,16    15,81    17,85     0,78   33,97   35,56   23,18   4,85  11,13
md0               0,00     0,00    3,64    0,00    14,58     0,00     8,00     0,00    0,00    0,00    0,00   0,00   0,00
md1               0,00     0,00    0,00    0,00     0,00     0,00     0,00     0,00    0,00    0,00    0,00   0,00   0,00
md2               0,00     0,00   34,62    2,04   332,58    11,78    18,78     0,00    0,00    0,00    0,00   0,00   0,00
md3               0,00     0,00    0,00    0,10     0,00     0,40     8,00     0,00    0,00    0,00    0,00   0,00   0,00

Control File Changes
--- /usr/local/oldpgsql/2012-02-15-REL9_2_0~767/before.controldata	2016-08-11 05:24:06.074840434 +0200
+++ /usr/local/oldpgsql/2012-02-15-REL9_2_0~767/after.controldata	2016-08-11 05:25:36.443018158 +0200
@@ -5,4 +5,4 @@
-pg_control last modified:             Thu Aug 11 03:24:05 2016
-Latest checkpoint location:           3/5022748
-Prior checkpoint location:            3/50226E8
-Latest checkpoint's REDO location:    3/5022748
+pg_control last modified:             Thu Aug 11 03:25:36 2016
+Latest checkpoint location:           3/5024758
+Prior checkpoint location:            3/5022748
+Latest checkpoint's REDO location:    3/5024758
@@ -11,2 +11,2 @@
-Latest checkpoint's NextXID:          0/686108
-Latest checkpoint's NextOID:          16469
+Latest checkpoint's NextXID:          0/686109
+Latest checkpoint's NextOID:          24661
@@ -18 +18 @@
-Time of latest checkpoint:            Thu Aug 11 03:24:05 2016
+Time of latest checkpoint:            Thu Aug 11 03:25:36 2016
size after pgbench of pgbench_history: 0
size after pgbench of pgbench_tellers: 8
size after pgbench of pgbench_branches: 8
size after pgbench of pgbench_accounts: 64
size after pgbench of pgbench_branches_pkey: 32
size after pgbench of pgbench_tellers_pkey: 152
size after pgbench of pgbench_accounts_pkey: 658092
total size after pgbench: 658356
End Time: 2016-08-11 03:25:36+00:00
========================================================================
========================================================================
Testing 2012-02-15-REL9_2_0~767
Start Time: 2016-08-12 00:27:58+00:00
Shared Buffers:  260000
size before pgbench of pgbench_history: 0
size before pgbench of pgbench_tellers: 8
size before pgbench of pgbench_branches: 8
size before pgbench of pgbench_accounts: 64
size before pgbench of pgbench_branches_pkey: 32
size before pgbench of pgbench_tellers_pkey: 152
size before pgbench of pgbench_accounts_pkey: 658092
total size before pgbench: 658356
Linux 3.16.0-4-amd64 (Debian-83-jessie-64-minimal) 	12.08.16 	_x86_64_	(8 CPU)

starting vacuum...end.
transaction type: <builtin: select only>
scaling factor: 300
query mode: simple
number of clients: 32
number of threads: 4
duration: 60 s
number of transactions actually processed: 5584404
latency average: 0.344 ms
tps = 93057.777150 (including connections establishing)
tps = 93061.785695 (excluding connections establishing)
script statistics:
 - statement latencies in milliseconds:
         0.001  \set aid random(1, 100000 * :scale)
         0.344  SELECT abalance FROM pgbench_accounts WHERE aid = :aid;
avg-cpu:  %user   %nice %system %iowait  %steal   %idle
          54,09    0,00   11,42    1,13    0,00   33,36

Device:         rrqm/s   wrqm/s     r/s     w/s    rkB/s    wkB/s avgrq-sz avgqu-sz   await r_await w_await  svctm  %util
sdb               0,04     0,87   15,61    2,18   151,07    13,17    18,46     0,64   35,84   37,15   26,49   5,19   9,23
sda               0,18     0,87   19,78    2,18   199,56    13,17    19,38     1,32   59,95   62,98   32,43   4,67  10,24
md0               0,00     0,00    0,41    0,00     1,64     0,00     8,00     0,00    0,00    0,00    0,00   0,00   0,00
md1               0,00     0,00    0,00    0,00     0,00     0,00     0,00     0,00    0,00    0,00    0,00   0,00   0,00
md2               0,00     0,00   35,21    1,56   348,98     9,82    19,52     0,00    0,00    0,00    0,00   0,00   0,00
md3               0,00     0,00    0,00    0,10     0,00     0,40     8,00     0,00    0,00    0,00    0,00   0,00   0,00

Control File Changes
--- /usr/local/oldpgsql/2012-02-15-REL9_2_0~767/before.controldata	2016-08-12 02:29:16.958424048 +0200
+++ /usr/local/oldpgsql/2012-02-15-REL9_2_0~767/after.controldata	2016-08-12 02:30:47.298667712 +0200
@@ -5,4 +5,4 @@
-pg_control last modified:             Fri Aug 12 00:29:16 2016
-Latest checkpoint location:           3/5024818
-Prior checkpoint location:            3/50247B8
-Latest checkpoint's REDO location:    3/5024818
+pg_control last modified:             Fri Aug 12 00:30:47 2016
+Latest checkpoint location:           3/5026828
+Prior checkpoint location:            3/5024818
+Latest checkpoint's REDO location:    3/5026828
@@ -11,2 +11,2 @@
-Latest checkpoint's NextXID:          0/686109
-Latest checkpoint's NextOID:          16470
+Latest checkpoint's NextXID:          0/686110
+Latest checkpoint's NextOID:          24662
@@ -18 +18 @@
-Time of latest checkpoint:            Fri Aug 12 00:29:16 2016
+Time of latest checkpoint:            Fri Aug 12 00:30:46 2016
size after pgbench of pgbench_history: 0
size after pgbench of pgbench_tellers: 8
size after pgbench of pgbench_branches: 8
size after pgbench of pgbench_accounts: 64
size after pgbench of pgbench_branches_pkey: 32
size after pgbench of pgbench_tellers_pkey: 152
size after pgbench of pgbench_accounts_pkey: 658092
total size after pgbench: 658356
End Time: 2016-08-12 00:30:47+00:00
========================================================================
========================================================================
Testing 2012-02-15-REL9_2_0~767
Start Time: 2016-08-12 04:12:53+00:00
Shared Buffers:  260000
size before pgbench of pgbench_history: 0
size before pgbench of pgbench_tellers: 8
size before pgbench of pgbench_branches: 8
size before pgbench of pgbench_accounts: 64
size before pgbench of pgbench_branches_pkey: 32
size before pgbench of pgbench_tellers_pkey: 152
size before pgbench of pgbench_accounts_pkey: 658092
total size before pgbench: 658356
Linux 3.16.0-4-amd64 (Debian-83-jessie-64-minimal) 	12.08.16 	_x86_64_	(8 CPU)

starting vacuum...end.
transaction type: <builtin: select only>
scaling factor: 300
query mode: simple
number of clients: 64
number of threads: 4
duration: 60 s
number of transactions actually processed: 5224137
latency average: 0.735 ms
tps = 87029.153019 (including connections establishing)
tps = 87032.054098 (excluding connections establishing)
script statistics:
 - statement latencies in milliseconds:
         0.001  \set aid random(1, 100000 * :scale)
         0.735  SELECT abalance FROM pgbench_accounts WHERE aid = :aid;
avg-cpu:  %user   %nice %system %iowait  %steal   %idle
          52,50    0,00   11,66    1,58    0,00   34,27

Device:         rrqm/s   wrqm/s     r/s     w/s    rkB/s    wkB/s avgrq-sz avgqu-sz   await r_await w_await  svctm  %util
sdb               0,60     0,88   17,28    2,27   164,27    13,52    18,19     2,57  131,37  144,69   29,80   5,01   9,80
sda               0,66     0,88   18,83    2,27   179,96    13,52    18,34     1,67   78,97   85,34   26,04   5,04  10,64
md0               0,00     0,00    2,10    0,00     8,40     0,00     8,00     0,00    0,00    0,00    0,00   0,00   0,00
md1               0,00     0,00    0,00    0,00     0,00     0,00     0,00     0,00    0,00    0,00    0,00   0,00   0,00
md2               0,00     0,00   35,31    1,64   335,82    10,18    18,73     0,00    0,00    0,00    0,00   0,00   0,00
md3               0,00     0,00    0,00    0,11     0,00     0,44     8,00     0,00    0,00    0,00    0,00   0,00   0,00

Control File Changes
--- /usr/local/oldpgsql/2012-02-15-REL9_2_0~767/before.controldata	2016-08-12 06:14:11.507506317 +0200
+++ /usr/local/oldpgsql/2012-02-15-REL9_2_0~767/after.controldata	2016-08-12 06:15:41.751388475 +0200
@@ -5,4 +5,4 @@
-pg_control last modified:             Fri Aug 12 04:14:11 2016
-Latest checkpoint location:           3/50268E8
-Prior checkpoint location:            3/5026888
-Latest checkpoint's REDO location:    3/50268E8
+pg_control last modified:             Fri Aug 12 04:15:41 2016
+Latest checkpoint location:           3/50288F8
+Prior checkpoint location:            3/50268E8
+Latest checkpoint's REDO location:    3/50288F8
@@ -11,2 +11,2 @@
-Latest checkpoint's NextXID:          0/686110
-Latest checkpoint's NextOID:          16471
+Latest checkpoint's NextXID:          0/686111
+Latest checkpoint's NextOID:          24663
@@ -18 +18 @@
-Time of latest checkpoint:            Fri Aug 12 04:14:11 2016
+Time of latest checkpoint:            Fri Aug 12 04:15:41 2016
size after pgbench of pgbench_history: 0
size after pgbench of pgbench_tellers: 8
size after pgbench of pgbench_branches: 8
size after pgbench of pgbench_accounts: 64
size after pgbench of pgbench_branches_pkey: 32
size after pgbench of pgbench_tellers_pkey: 152
size after pgbench of pgbench_accounts_pkey: 658092
total size after pgbench: 658356
End Time: 2016-08-12 04:15:41+00:00
========================================================================
========================================================================
Testing 2012-02-15-REL9_2_0~767
Start Time: 2016-08-12 20:44:11+00:00
Shared Buffers:  260000
size before pgbench of pgbench_history: 0
size before pgbench of pgbench_tellers: 8
size before pgbench of pgbench_branches: 8
size before pgbench of pgbench_accounts: 64
size before pgbench of pgbench_branches_pkey: 32
size before pgbench of pgbench_tellers_pkey: 152
size before pgbench of pgbench_accounts_pkey: 658092
total size before pgbench: 658356
+ /usr/local/pgsql/bin/pgbench -T 60 -S -c 64 -j 4 -r
Linux 3.16.0-4-amd64 (Debian-83-jessie-64-minimal) 	12.08.16 	_x86_64_	(8 CPU)

starting vacuum...end.
transaction type: <builtin: select only>
scaling factor: 300
query mode: simple
number of clients: 64
number of threads: 4
duration: 60 s
number of transactions actually processed: 5165581
latency average: 0.743 ms
tps = 86026.969461 (including connections establishing)
tps = 86030.166052 (excluding connections establishing)
script statistics:
 - statement latencies in milliseconds:
         0.001  \set aid random(1, 100000 * :scale)
         0.746  SELECT abalance FROM pgbench_accounts WHERE aid = :aid;
avg-cpu:  %user   %nice %system %iowait  %steal   %idle
          52,94    0,00   11,46    1,44    0,00   34,16

Device:         rrqm/s   wrqm/s     r/s     w/s    rkB/s    wkB/s avgrq-sz avgqu-sz   await r_await w_await  svctm  %util
sdb               0,03     0,70   16,66    2,03   159,47    12,09    18,36     1,56   83,40   89,33   34,84   4,69   8,77
sda               0,09     0,70   18,32    2,03   173,16    12,09    18,20     2,17  106,78  114,80   34,56   5,09  10,36
md0               0,00     0,00    0,18    0,00     0,71     0,00     8,00     0,00    0,00    0,00    0,00   0,00   0,00
md1               0,00     0,00    0,00    0,00     0,00     0,00     0,00     0,00    0,00    0,00    0,00   0,00   0,00
md2               0,00     0,00   34,92    1,33   331,91     8,93    18,80     0,00    0,00    0,00    0,00   0,00   0,00
md3               0,00     0,00    0,00    0,10     0,00     0,40     8,00     0,00    0,00    0,00    0,00   0,00   0,00

Control File Changes
--- /usr/local/oldpgsql/2012-02-15-REL9_2_0~767/before.controldata	2016-08-12 22:45:31.174944365 +0200
+++ /usr/local/oldpgsql/2012-02-15-REL9_2_0~767/after.controldata	2016-08-12 22:47:01.423125824 +0200
@@ -5,4 +5,4 @@
-pg_control last modified:             Fri Aug 12 20:45:31 2016
-Latest checkpoint location:           3/50289B8
-Prior checkpoint location:            3/5028958
-Latest checkpoint's REDO location:    3/50289B8
+pg_control last modified:             Fri Aug 12 20:47:01 2016
+Latest checkpoint location:           3/502A9C8
+Prior checkpoint location:            3/50289B8
+Latest checkpoint's REDO location:    3/502A9C8
@@ -11,2 +11,2 @@
-Latest checkpoint's NextXID:          0/686111
-Latest checkpoint's NextOID:          16472
+Latest checkpoint's NextXID:          0/686112
+Latest checkpoint's NextOID:          24664
@@ -18 +18 @@
-Time of latest checkpoint:            Fri Aug 12 20:45:30 2016
+Time of latest checkpoint:            Fri Aug 12 20:47:01 2016
size after pgbench of pgbench_history: 0
size after pgbench of pgbench_tellers: 8
size after pgbench of pgbench_branches: 8
size after pgbench of pgbench_accounts: 64
size after pgbench of pgbench_branches_pkey: 32
size after pgbench of pgbench_tellers_pkey: 152
size after pgbench of pgbench_accounts_pkey: 658092
total size after pgbench: 658356
End Time: 2016-08-12 20:47:01+00:00
========================================================================
========================================================================
Testing 2012-02-15-REL9_2_0~767
Start Time: 2016-08-13 05:28:47+00:00
Shared Buffers:  260000
size before pgbench of pgbench_history: 0
size before pgbench of pgbench_tellers: 8
size before pgbench of pgbench_branches: 8
size before pgbench of pgbench_accounts: 64
size before pgbench of pgbench_branches_pkey: 32
size before pgbench of pgbench_tellers_pkey: 152
size before pgbench of pgbench_accounts_pkey: 658092
total size before pgbench: 658356
Linux 3.16.0-4-amd64 (Debian-83-jessie-64-minimal) 	13.08.16 	_x86_64_	(8 CPU)

starting vacuum...end.
transaction type: <builtin: select only>
scaling factor: 300
query mode: simple
number of clients: 48
number of threads: 4
duration: 60 s
number of transactions actually processed: 5515327
latency average: 0.522 ms
tps = 91869.645319 (including connections establishing)
tps = 91873.173753 (excluding connections establishing)
script statistics:
 - statement latencies in milliseconds:
         0.001  \set aid random(1, 100000 * :scale)
         0.524  SELECT abalance FROM pgbench_accounts WHERE aid = :aid;
avg-cpu:  %user   %nice %system %iowait  %steal   %idle
          53,71    0,00   11,20    1,28    0,00   33,81

Device:         rrqm/s   wrqm/s     r/s     w/s    rkB/s    wkB/s avgrq-sz avgqu-sz   await r_await w_await  svctm  %util
sdb               0,00     0,89   17,51    2,02   168,09    12,84    18,53     1,92   98,12  105,65   32,88   4,52   8,83
sda               0,10     0,89   17,24    2,02   165,20    12,84    18,48     1,01   52,24   55,11   27,85   5,21  10,04
md0               0,00     0,00    0,18    0,00     0,71     0,00     8,00     0,00    0,00    0,00    0,00   0,00   0,00
md1               0,00     0,00    0,00    0,00     0,00     0,00     0,00     0,00    0,00    0,00    0,00   0,00   0,00
md2               0,00     0,00   34,68    1,52   332,31     9,69    18,90     0,00    0,00    0,00    0,00   0,00   0,00
md3               0,00     0,00    0,00    0,11     0,00     0,44     8,00     0,00    0,00    0,00    0,00   0,00   0,00

Control File Changes
--- /usr/local/oldpgsql/2012-02-15-REL9_2_0~767/before.controldata	2016-08-13 07:30:06.643787104 +0200
+++ /usr/local/oldpgsql/2012-02-15-REL9_2_0~767/after.controldata	2016-08-13 07:31:37.007402400 +0200
@@ -5,4 +5,4 @@
-pg_control last modified:             Sat Aug 13 05:30:06 2016
-Latest checkpoint location:           3/502AA88
-Prior checkpoint location:            3/502AA28
-Latest checkpoint's REDO location:    3/502AA88
+pg_control last modified:             Sat Aug 13 05:31:36 2016
+Latest checkpoint location:           3/502CA98
+Prior checkpoint location:            3/502AA88
+Latest checkpoint's REDO location:    3/502CA98
@@ -11,2 +11,2 @@
-Latest checkpoint's NextXID:          0/686112
-Latest checkpoint's NextOID:          16473
+Latest checkpoint's NextXID:          0/686113
+Latest checkpoint's NextOID:          24665
@@ -18 +18 @@
-Time of latest checkpoint:            Sat Aug 13 05:30:06 2016
+Time of latest checkpoint:            Sat Aug 13 05:31:36 2016
size after pgbench of pgbench_history: 0
size after pgbench of pgbench_tellers: 8
size after pgbench of pgbench_branches: 8
size after pgbench of pgbench_accounts: 64
size after pgbench of pgbench_branches_pkey: 32
size after pgbench of pgbench_tellers_pkey: 152
size after pgbench of pgbench_accounts_pkey: 658092
total size after pgbench: 658356
End Time: 2016-08-13 05:31:37+00:00
========================================================================
========================================================================
Testing 2012-02-15-REL9_2_0~767
Start Time: 2016-08-13 12:55:49+00:00
Shared Buffers:  260000
size before pgbench of pgbench_history: 0
size before pgbench of pgbench_tellers: 8
size before pgbench of pgbench_branches: 8
size before pgbench of pgbench_accounts: 64
size before pgbench of pgbench_branches_pkey: 32
size before pgbench of pgbench_tellers_pkey: 152
size before pgbench of pgbench_accounts_pkey: 658092
total size before pgbench: 658356
Linux 3.16.0-4-amd64 (Debian-83-jessie-64-minimal) 	13.08.16 	_x86_64_	(8 CPU)

starting vacuum...end.
transaction type: <builtin: select only>
scaling factor: 300
query mode: simple
number of clients: 48
number of threads: 4
duration: 60 s
number of transactions actually processed: 5477368
latency average: 0.526 ms
tps = 91241.978258 (including connections establishing)
tps = 91245.609559 (excluding connections establishing)
script statistics:
 - statement latencies in milliseconds:
         0.001  \set aid random(1, 100000 * :scale)
         0.527  SELECT abalance FROM pgbench_accounts WHERE aid = :aid;
avg-cpu:  %user   %nice %system %iowait  %steal   %idle
          53,51    0,00   11,37    1,33    0,00   33,78

Device:         rrqm/s   wrqm/s     r/s     w/s    rkB/s    wkB/s avgrq-sz avgqu-sz   await r_await w_await  svctm  %util
sdb               0,04     0,89   16,14    2,22   154,76    13,31    18,30     1,21   65,67   71,53   23,08   5,05   9,27
sda               0,28     0,89   18,97    2,22   181,91    13,31    18,43     1,67   78,85   85,58   21,48   4,96  10,52
md0               0,00     0,00    0,63    0,00     2,53     0,00     8,00     0,00    0,00    0,00    0,00   0,00   0,00
md1               0,00     0,00    0,00    0,00     0,00     0,00     0,00     0,00    0,00    0,00    0,00   0,00   0,00
md2               0,00     0,00   34,83    1,57   334,13     9,87    18,90     0,00    0,00    0,00    0,00   0,00   0,00
md3               0,00     0,00    0,00    0,10     0,00     0,40     8,00     0,00    0,00    0,00    0,00   0,00   0,00

Control File Changes
--- /usr/local/oldpgsql/2012-02-15-REL9_2_0~767/before.controldata	2016-08-13 14:57:08.337824784 +0200
+++ /usr/local/oldpgsql/2012-02-15-REL9_2_0~767/after.controldata	2016-08-13 14:58:38.589655470 +0200
@@ -5,4 +5,4 @@
-pg_control last modified:             Sat Aug 13 12:57:08 2016
-Latest checkpoint location:           3/502CB58
-Prior checkpoint location:            3/502CAF8
-Latest checkpoint's REDO location:    3/502CB58
+pg_control last modified:             Sat Aug 13 12:58:38 2016
+Latest checkpoint location:           3/502EB68
+Prior checkpoint location:            3/502CB58
+Latest checkpoint's REDO location:    3/502EB68
@@ -11,2 +11,2 @@
-Latest checkpoint's NextXID:          0/686113
-Latest checkpoint's NextOID:          16474
+Latest checkpoint's NextXID:          0/686114
+Latest checkpoint's NextOID:          24666
@@ -18 +18 @@
-Time of latest checkpoint:            Sat Aug 13 12:57:07 2016
+Time of latest checkpoint:            Sat Aug 13 12:58:38 2016
size after pgbench of pgbench_history: 0
size after pgbench of pgbench_tellers: 8
size after pgbench of pgbench_branches: 8
size after pgbench of pgbench_accounts: 64
size after pgbench of pgbench_branches_pkey: 32
size after pgbench of pgbench_tellers_pkey: 152
size after pgbench of pgbench_accounts_pkey: 658092
total size after pgbench: 658356
End Time: 2016-08-13 12:58:38+00:00
========================================================================
========================================================================
Testing 2012-02-15-REL9_2_0~767
Start Time: 2016-08-13 17:47:50+00:00
Shared Buffers:  260000
size before pgbench of pgbench_history: 0
size before pgbench of pgbench_tellers: 8
size before pgbench of pgbench_branches: 8
size before pgbench of pgbench_accounts: 64
size before pgbench of pgbench_branches_pkey: 32
size before pgbench of pgbench_tellers_pkey: 152
size before pgbench of pgbench_accounts_pkey: 658092
total size before pgbench: 658356
Linux 3.16.0-4-amd64 (Debian-83-jessie-64-minimal) 	13.08.16 	_x86_64_	(8 CPU)

starting vacuum...end.
transaction type: <builtin: TPC-B (sort of)>
scaling factor: 300
query mode: simple
number of clients: 32
number of threads: 4
duration: 900 s
number of transactions actually processed: 347705
latency average: 82.829 ms
tps = 386.308769 (including connections establishing)
tps = 386.309656 (excluding connections establishing)
script statistics:
 - statement latencies in milliseconds:
         0.001  \set aid random(1, 100000 * :scale)
         0.001  \set bid random(1, 1 * :scale)
         0.001  \set tid random(1, 10 * :scale)
         0.000  \set delta random(-5000, 5000)
         0.295  BEGIN;
         0.627  UPDATE pgbench_accounts SET abalance = abalance + :delta WHERE aid = :aid;
         0.367  SELECT abalance FROM pgbench_accounts WHERE aid = :aid;
         0.762  UPDATE pgbench_tellers SET tbalance = tbalance + :delta WHERE tid = :tid;
         4.313  UPDATE pgbench_branches SET bbalance = bbalance + :delta WHERE bid = :bid;
         0.224  INSERT INTO pgbench_history (tid, bid, aid, delta, mtime) VALUES (:tid, :bid, :aid, :delta, CURRENT_TIMESTAMP);
        76.712  END;
avg-cpu:  %user   %nice %system %iowait  %steal   %idle
           3,17    0,00    0,83    9,34    0,00   86,66

Device:         rrqm/s   wrqm/s     r/s     w/s    rkB/s    wkB/s avgrq-sz avgqu-sz   await r_await w_await  svctm  %util
sdb               0,00     2,50    0,28  372,22     2,55  6767,97    36,35    70,87  190,18   32,55  190,30   2,16  80,27
sda               0,01     2,49    2,64  372,21    25,47  6767,90    36,25    67,42  179,77   22,20  180,88   2,24  84,00
md0               0,00     0,00    0,07    0,00     0,29     0,00     8,00     0,00    0,00    0,00    0,00   0,00   0,00
md1               0,00     0,00    0,00    0,00     0,00     0,00     0,00     0,00    0,00    0,00    0,00   0,00   0,00
md2               0,00     0,00    2,86  373,94    27,73  6767,45    36,07     0,00    0,00    0,00    0,00   0,00   0,00
md3               0,00     0,00    0,00    0,01     0,00     0,04     8,00     0,00    0,00    0,00    0,00   0,00   0,00

Control File Changes
--- /usr/local/oldpgsql/2012-02-15-REL9_2_0~767/before.controldata	2016-08-13 19:49:09.956875354 +0200
+++ /usr/local/oldpgsql/2012-02-15-REL9_2_0~767/after.controldata	2016-08-13 20:06:15.825762620 +0200
@@ -5,4 +5,4 @@
-pg_control last modified:             Sat Aug 13 17:49:09 2016
-Latest checkpoint location:           3/502EC28
-Prior checkpoint location:            3/502EBC8
-Latest checkpoint's REDO location:    3/502EC28
+pg_control last modified:             Sat Aug 13 18:06:15 2016
+Latest checkpoint location:           3/C9EED980
+Prior checkpoint location:            3/C9EED920
+Latest checkpoint's REDO location:    3/C9EED980
@@ -11,2 +11,2 @@
-Latest checkpoint's NextXID:          0/686114
-Latest checkpoint's NextOID:          16475
+Latest checkpoint's NextXID:          0/1033862
+Latest checkpoint's NextOID:          24667
@@ -18 +18 @@
-Time of latest checkpoint:            Sat Aug 13 17:49:09 2016
+Time of latest checkpoint:            Sat Aug 13 18:05:31 2016
size after pgbench of pgbench_history: 24
size after pgbench of pgbench_tellers: 8
size after pgbench of pgbench_branches: 8
size after pgbench of pgbench_accounts: 64
size after pgbench of pgbench_branches_pkey: 32
size after pgbench of pgbench_tellers_pkey: 152
size after pgbench of pgbench_accounts_pkey: 658092
total size after pgbench: 658380
End Time: 2016-08-13 18:06:15+00:00
========================================================================
========================================================================
Testing 2012-02-15-REL9_2_0~767
Start Time: 2016-08-18 10:09:47+00:00
Shared Buffers:  260000
size before pgbench of pgbench_history: 24
size before pgbench of pgbench_tellers: 8
size before pgbench of pgbench_branches: 8
size before pgbench of pgbench_accounts: 64
size before pgbench of pgbench_branches_pkey: 32
size before pgbench of pgbench_tellers_pkey: 152
size before pgbench of pgbench_accounts_pkey: 658092
total size before pgbench: 658380
Linux 4.6.0-1-amd64 (Debian-83-jessie-64-minimal) 	18.08.16 	_x86_64_	(8 CPU)

starting vacuum...end.
transaction type: <builtin: TPC-B (sort of)>
scaling factor: 300
query mode: simple
number of clients: 32
number of threads: 4
duration: 900 s
number of transactions actually processed: 429314
latency average: 67.084 ms
tps = 476.953690 (including connections establishing)
tps = 476.954700 (excluding connections establishing)
script statistics:
 - statement latencies in milliseconds:
         0.001  \set aid random(1, 100000 * :scale)
         0.001  \set bid random(1, 1 * :scale)
         0.001  \set tid random(1, 10 * :scale)
         0.001  \set delta random(-5000, 5000)
         0.340  BEGIN;
         0.634  UPDATE pgbench_accounts SET abalance = abalance + :delta WHERE aid = :aid;
         0.442  SELECT abalance FROM pgbench_accounts WHERE aid = :aid;
         0.729  UPDATE pgbench_tellers SET tbalance = tbalance + :delta WHERE tid = :tid;
         3.662  UPDATE pgbench_branches SET bbalance = bbalance + :delta WHERE bid = :bid;
         0.268  INSERT INTO pgbench_history (tid, bid, aid, delta, mtime) VALUES (:tid, :bid, :aid, :delta, CURRENT_TIMESTAMP);
        61.289  END;
avg-cpu:  %user   %nice %system %iowait  %steal   %idle
           4,30    0,00    1,13   20,53    0,00   74,04

Device:         rrqm/s   wrqm/s     r/s     w/s    rkB/s    wkB/s avgrq-sz avgqu-sz   await r_await w_await  svctm  %util
sdb               0,00     3,24    0,09  429,25     0,86  7474,01    34,82    67,74  157,78   34,35  157,81   1,90  81,73
sda               0,05     3,23    0,80  429,25     6,43  7474,01    34,79    40,94   95,17   17,37   95,32   1,76  75,68
md0               0,00     0,00    0,26    0,00     1,05     0,00     8,00     0,00    0,00    0,00    0,00   0,00   0,00
md1               0,00     0,00    0,00    0,00     0,00     0,00     0,00     0,00    0,00    0,00    0,00   0,00   0,00
md2               0,00     0,00    0,65  431,84     6,10  7472,36    34,58     0,00    0,00    0,00    0,00   0,00   0,00
md3               0,00     0,00    0,00    0,02     0,00     0,10     8,76     0,00    0,00    0,00    0,00   0,00   0,00

Control File Changes
--- /usr/local/oldpgsql/2012-02-15-REL9_2_0~767/before.controldata	2016-08-18 12:12:15.954885781 +0200
+++ /usr/local/oldpgsql/2012-02-15-REL9_2_0~767/after.controldata	2016-08-18 12:28:22.536895518 +0200
@@ -5,4 +5,4 @@
-pg_control last modified:             Thu Aug 18 10:12:15 2016
-Latest checkpoint location:           4/42EF53D8
-Prior checkpoint location:            4/42EF5378
-Latest checkpoint's REDO location:    4/42EF53D8
+pg_control last modified:             Thu Aug 18 10:28:22 2016
+Latest checkpoint location:           5/233F4790
+Prior checkpoint location:            5/233F4730
+Latest checkpoint's REDO location:    5/233F4790
@@ -11,2 +11,2 @@
-Latest checkpoint's NextXID:          0/1033862
-Latest checkpoint's NextOID:          16476
+Latest checkpoint's NextXID:          0/1463220
+Latest checkpoint's NextOID:          24668
@@ -18 +18 @@
-Time of latest checkpoint:            Thu Aug 18 10:12:15 2016
+Time of latest checkpoint:            Thu Aug 18 10:28:20 2016
size after pgbench of pgbench_history: 24
size after pgbench of pgbench_tellers: 8
size after pgbench of pgbench_branches: 8
size after pgbench of pgbench_accounts: 64
size after pgbench of pgbench_branches_pkey: 32
size after pgbench of pgbench_tellers_pkey: 152
size after pgbench of pgbench_accounts_pkey: 658092
total size after pgbench: 658380
End Time: 2016-08-18 10:28:22+00:00
========================================================================
========================================================================
Testing 2012-02-15-REL9_2_0~767
Start Time: 2016-08-19 20:18:21+00:00
Shared Buffers:  260000
size before pgbench of pgbench_history: 24
size before pgbench of pgbench_tellers: 8
size before pgbench of pgbench_branches: 8
size before pgbench of pgbench_accounts: 64
size before pgbench of pgbench_branches_pkey: 32
size before pgbench of pgbench_tellers_pkey: 152
size before pgbench of pgbench_accounts_pkey: 658092
total size before pgbench: 658380
Linux 4.6.0-1-amd64 (Debian-83-jessie-64-minimal) 	19.08.16 	_x86_64_	(8 CPU)

starting vacuum...end.
transaction type: <builtin: TPC-B (sort of)>
scaling factor: 300
query mode: simple
number of clients: 32
number of threads: 4
duration: 900 s
number of transactions actually processed: 283468
latency average: 101.599 ms
tps = 309.362099 (including connections establishing)
tps = 309.362744 (excluding connections establishing)
script statistics:
 - statement latencies in milliseconds:
         0.002  \set aid random(1, 100000 * :scale)
         0.001  \set bid random(1, 1 * :scale)
         0.001  \set tid random(1, 10 * :scale)
         0.001  \set delta random(-5000, 5000)
         0.404  BEGIN;
         0.873  UPDATE pgbench_accounts SET abalance = abalance + :delta WHERE aid = :aid;
         0.525  SELECT abalance FROM pgbench_accounts WHERE aid = :aid;
         0.926  UPDATE pgbench_tellers SET tbalance = tbalance + :delta WHERE tid = :tid;
         5.474  UPDATE pgbench_branches SET bbalance = bbalance + :delta WHERE bid = :bid;
         0.320  INSERT INTO pgbench_history (tid, bid, aid, delta, mtime) VALUES (:tid, :bid, :aid, :delta, CURRENT_TIMESTAMP);
        93.825  END;
avg-cpu:  %user   %nice %system %iowait  %steal   %idle
           3,38    0,00    0,89   21,06    0,00   74,67

Device:         rrqm/s   wrqm/s     r/s     w/s    rkB/s    wkB/s avgrq-sz avgqu-sz   await r_await w_await  svctm  %util
sdb               0,07    12,91    0,06  281,41     1,26  4830,36    34,33    69,77  247,66   22,31  247,70   2,83  79,53
sda               0,03    12,86    0,22  281,61     1,97  4831,56    34,30    35,85  127,19   18,49  127,28   2,55  71,78
md0               0,00     0,00    0,12    0,00     0,50     0,00     8,00     0,00    0,00    0,00    0,00   0,00   0,00
md1               0,00     0,00    0,00    0,00     0,00     0,00     0,00     0,00    0,00    0,00    0,00   0,00   0,00
md2               0,00     0,00    0,25  297,22     2,73  4856,85    32,67     0,00    0,00    0,00    0,00   0,00   0,00
md3               0,00     0,00    0,00    0,01     0,00     0,04     8,00     0,00    0,00    0,00    0,00   0,00   0,00

Control File Changes
--- /usr/local/oldpgsql/2012-02-15-REL9_2_0~767/before.controldata	2016-08-19 22:21:13.977154457 +0200
+++ /usr/local/oldpgsql/2012-02-15-REL9_2_0~767/after.controldata	2016-08-19 22:38:15.256213808 +0200
@@ -5,4 +5,4 @@
-pg_control last modified:             Fri Aug 19 20:21:13 2016
-Latest checkpoint location:           5/AD7D3CD8
-Prior checkpoint location:            5/AD7D3C78
-Latest checkpoint's REDO location:    5/AD7D3CD8
+pg_control last modified:             Fri Aug 19 20:38:15 2016
+Latest checkpoint location:           6/3C3DAAC0
+Prior checkpoint location:            6/3C3DAA60
+Latest checkpoint's REDO location:    6/3C3DAAC0
@@ -11,2 +11,2 @@
-Latest checkpoint's NextXID:          0/1463220
-Latest checkpoint's NextOID:          16477
+Latest checkpoint's NextXID:          0/1746730
+Latest checkpoint's NextOID:          24669
@@ -18 +18 @@
-Time of latest checkpoint:            Fri Aug 19 20:21:13 2016
+Time of latest checkpoint:            Fri Aug 19 20:37:34 2016
size after pgbench of pgbench_history: 24
size after pgbench of pgbench_tellers: 8
size after pgbench of pgbench_branches: 8
size after pgbench of pgbench_accounts: 64
size after pgbench of pgbench_branches_pkey: 32
size after pgbench of pgbench_tellers_pkey: 152
size after pgbench of pgbench_accounts_pkey: 658092
total size after pgbench: 658380
End Time: 2016-08-19 20:38:15+00:00
========================================================================
