creating tables...
100000 of 30000000 tuples (0%) done (elapsed 0.06 s, remaining 18.05 s)
200000 of 30000000 tuples (0%) done (elapsed 0.12 s, remaining 18.39 s)
300000 of 30000000 tuples (1%) done (elapsed 0.18 s, remaining 17.73 s)
400000 of 30000000 tuples (1%) done (elapsed 0.24 s, remaining 17.75 s)
500000 of 30000000 tuples (1%) done (elapsed 0.29 s, remaining 17.40 s)
600000 of 30000000 tuples (2%) done (elapsed 0.35 s, remaining 17.17 s)
700000 of 30000000 tuples (2%) done (elapsed 0.41 s, remaining 17.20 s)
800000 of 30000000 tuples (2%) done (elapsed 0.47 s, remaining 17.01 s)
900000 of 30000000 tuples (3%) done (elapsed 0.53 s, remaining 17.02 s)
1000000 of 30000000 tuples (3%) done (elapsed 0.59 s, remaining 16.97 s)
1100000 of 30000000 tuples (3%) done (elapsed 0.64 s, remaining 16.87 s)
1200000 of 30000000 tuples (4%) done (elapsed 0.70 s, remaining 16.88 s)
1300000 of 30000000 tuples (4%) done (elapsed 0.76 s, remaining 16.79 s)
1400000 of 30000000 tuples (4%) done (elapsed 0.82 s, remaining 16.80 s)
1500000 of 30000000 tuples (5%) done (elapsed 0.88 s, remaining 16.71 s)
1600000 of 30000000 tuples (5%) done (elapsed 0.94 s, remaining 16.70 s)
1700000 of 30000000 tuples (5%) done (elapsed 1.00 s, remaining 16.61 s)
1800000 of 30000000 tuples (6%) done (elapsed 1.06 s, remaining 16.61 s)
1900000 of 30000000 tuples (6%) done (elapsed 1.12 s, remaining 16.53 s)
2000000 of 30000000 tuples (6%) done (elapsed 1.18 s, remaining 16.51 s)
2100000 of 30000000 tuples (7%) done (elapsed 1.24 s, remaining 16.42 s)
2200000 of 30000000 tuples (7%) done (elapsed 1.30 s, remaining 16.40 s)
2300000 of 30000000 tuples (7%) done (elapsed 1.35 s, remaining 16.32 s)
2400000 of 30000000 tuples (8%) done (elapsed 1.41 s, remaining 16.24 s)
2500000 of 30000000 tuples (8%) done (elapsed 1.47 s, remaining 16.21 s)
2600000 of 30000000 tuples (8%) done (elapsed 1.53 s, remaining 16.18 s)
2700000 of 30000000 tuples (9%) done (elapsed 1.59 s, remaining 16.09 s)
2800000 of 30000000 tuples (9%) done (elapsed 1.65 s, remaining 16.06 s)
2900000 of 30000000 tuples (9%) done (elapsed 1.71 s, remaining 15.98 s)
3000000 of 30000000 tuples (10%) done (elapsed 1.77 s, remaining 15.94 s)
3100000 of 30000000 tuples (10%) done (elapsed 1.83 s, remaining 15.87 s)
3200000 of 30000000 tuples (10%) done (elapsed 1.89 s, remaining 15.83 s)
3300000 of 30000000 tuples (11%) done (elapsed 1.95 s, remaining 15.75 s)
3400000 of 30000000 tuples (11%) done (elapsed 2.01 s, remaining 15.71 s)
3500000 of 30000000 tuples (11%) done (elapsed 2.07 s, remaining 15.64 s)
3600000 of 30000000 tuples (12%) done (elapsed 2.12 s, remaining 15.57 s)
3700000 of 30000000 tuples (12%) done (elapsed 2.18 s, remaining 15.53 s)
3800000 of 30000000 tuples (12%) done (elapsed 2.24 s, remaining 15.46 s)
3900000 of 30000000 tuples (13%) done (elapsed 2.30 s, remaining 15.39 s)
4000000 of 30000000 tuples (13%) done (elapsed 2.36 s, remaining 15.35 s)
4100000 of 30000000 tuples (13%) done (elapsed 2.42 s, remaining 15.28 s)
4200000 of 30000000 tuples (14%) done (elapsed 2.48 s, remaining 15.24 s)
4300000 of 30000000 tuples (14%) done (elapsed 2.54 s, remaining 15.16 s)
4400000 of 30000000 tuples (14%) done (elapsed 2.59 s, remaining 15.10 s)
4500000 of 30000000 tuples (15%) done (elapsed 2.66 s, remaining 15.05 s)
4600000 of 30000000 tuples (15%) done (elapsed 2.71 s, remaining 14.98 s)
4700000 of 30000000 tuples (15%) done (elapsed 2.77 s, remaining 14.92 s)
4800000 of 30000000 tuples (16%) done (elapsed 2.83 s, remaining 14.87 s)
4900000 of 30000000 tuples (16%) done (elapsed 2.89 s, remaining 14.80 s)
5000000 of 30000000 tuples (16%) done (elapsed 2.95 s, remaining 14.73 s)
5100000 of 30000000 tuples (17%) done (elapsed 3.01 s, remaining 14.69 s)
5200000 of 30000000 tuples (17%) done (elapsed 3.07 s, remaining 14.62 s)
5300000 of 30000000 tuples (17%) done (elapsed 3.13 s, remaining 14.57 s)
5400000 of 30000000 tuples (18%) done (elapsed 3.18 s, remaining 14.51 s)
5500000 of 30000000 tuples (18%) done (elapsed 3.24 s, remaining 14.44 s)
5600000 of 30000000 tuples (18%) done (elapsed 3.30 s, remaining 14.39 s)
5700000 of 30000000 tuples (19%) done (elapsed 3.36 s, remaining 14.33 s)
5800000 of 30000000 tuples (19%) done (elapsed 3.42 s, remaining 14.26 s)
5900000 of 30000000 tuples (19%) done (elapsed 3.48 s, remaining 14.21 s)
6000000 of 30000000 tuples (20%) done (elapsed 3.54 s, remaining 14.15 s)
6100000 of 30000000 tuples (20%) done (elapsed 3.60 s, remaining 14.10 s)
6200000 of 30000000 tuples (20%) done (elapsed 3.66 s, remaining 14.03 s)
6300000 of 30000000 tuples (21%) done (elapsed 3.72 s, remaining 13.98 s)
6400000 of 30000000 tuples (21%) done (elapsed 3.77 s, remaining 13.92 s)
6500000 of 30000000 tuples (21%) done (elapsed 3.84 s, remaining 13.87 s)
6600000 of 30000000 tuples (22%) done (elapsed 3.89 s, remaining 13.80 s)
6700000 of 30000000 tuples (22%) done (elapsed 3.95 s, remaining 13.74 s)
6800000 of 30000000 tuples (22%) done (elapsed 4.01 s, remaining 13.69 s)
6900000 of 30000000 tuples (23%) done (elapsed 4.07 s, remaining 13.62 s)
7000000 of 30000000 tuples (23%) done (elapsed 4.13 s, remaining 13.57 s)
7100000 of 30000000 tuples (23%) done (elapsed 4.19 s, remaining 13.51 s)
7200000 of 30000000 tuples (24%) done (elapsed 4.25 s, remaining 13.44 s)
7300000 of 30000000 tuples (24%) done (elapsed 4.31 s, remaining 13.39 s)
7400000 of 30000000 tuples (24%) done (elapsed 4.36 s, remaining 13.33 s)
7500000 of 30000000 tuples (25%) done (elapsed 4.43 s, remaining 13.28 s)
7600000 of 30000000 tuples (25%) done (elapsed 4.48 s, remaining 13.21 s)
7700000 of 30000000 tuples (25%) done (elapsed 4.55 s, remaining 13.16 s)
7800000 of 30000000 tuples (26%) done (elapsed 4.60 s, remaining 13.10 s)
7900000 of 30000000 tuples (26%) done (elapsed 4.66 s, remaining 13.03 s)
8000000 of 30000000 tuples (26%) done (elapsed 4.72 s, remaining 12.98 s)
8100000 of 30000000 tuples (27%) done (elapsed 4.78 s, remaining 12.92 s)
8200000 of 30000000 tuples (27%) done (elapsed 4.84 s, remaining 12.87 s)
8300000 of 30000000 tuples (27%) done (elapsed 4.90 s, remaining 12.80 s)
8400000 of 30000000 tuples (28%) done (elapsed 4.95 s, remaining 12.74 s)
8500000 of 30000000 tuples (28%) done (elapsed 5.02 s, remaining 12.69 s)
8600000 of 30000000 tuples (28%) done (elapsed 5.07 s, remaining 12.63 s)
8700000 of 30000000 tuples (29%) done (elapsed 5.14 s, remaining 12.57 s)
8800000 of 30000000 tuples (29%) done (elapsed 5.19 s, remaining 12.51 s)
8900000 of 30000000 tuples (29%) done (elapsed 5.25 s, remaining 12.46 s)
9000000 of 30000000 tuples (30%) done (elapsed 5.31 s, remaining 12.39 s)
9100000 of 30000000 tuples (30%) done (elapsed 5.37 s, remaining 12.33 s)
9200000 of 30000000 tuples (30%) done (elapsed 5.43 s, remaining 12.28 s)
9300000 of 30000000 tuples (31%) done (elapsed 5.49 s, remaining 12.21 s)
9400000 of 30000000 tuples (31%) done (elapsed 5.55 s, remaining 12.16 s)
9500000 of 30000000 tuples (31%) done (elapsed 5.61 s, remaining 12.10 s)
9600000 of 30000000 tuples (32%) done (elapsed 5.67 s, remaining 12.05 s)
9700000 of 30000000 tuples (32%) done (elapsed 5.73 s, remaining 11.98 s)
9800000 of 30000000 tuples (32%) done (elapsed 5.78 s, remaining 11.92 s)
9900000 of 30000000 tuples (33%) done (elapsed 5.84 s, remaining 11.87 s)
10000000 of 30000000 tuples (33%) done (elapsed 5.90 s, remaining 11.81 s)
10100000 of 30000000 tuples (33%) done (elapsed 5.96 s, remaining 11.75 s)
10200000 of 30000000 tuples (34%) done (elapsed 6.02 s, remaining 11.69 s)
10300000 of 30000000 tuples (34%) done (elapsed 6.08 s, remaining 11.64 s)
10400000 of 30000000 tuples (34%) done (elapsed 6.14 s, remaining 11.58 s)
10500000 of 30000000 tuples (35%) done (elapsed 6.20 s, remaining 11.52 s)
10600000 of 30000000 tuples (35%) done (elapsed 6.26 s, remaining 11.46 s)
10700000 of 30000000 tuples (35%) done (elapsed 6.32 s, remaining 11.40 s)
10800000 of 30000000 tuples (36%) done (elapsed 6.38 s, remaining 11.34 s)
10900000 of 30000000 tuples (36%) done (elapsed 6.44 s, remaining 11.28 s)
11000000 of 30000000 tuples (36%) done (elapsed 6.50 s, remaining 11.22 s)
11100000 of 30000000 tuples (37%) done (elapsed 6.56 s, remaining 11.17 s)
11200000 of 30000000 tuples (37%) done (elapsed 6.62 s, remaining 11.11 s)
11300000 of 30000000 tuples (37%) done (elapsed 6.68 s, remaining 11.05 s)
11400000 of 30000000 tuples (38%) done (elapsed 6.74 s, remaining 10.99 s)
11500000 of 30000000 tuples (38%) done (elapsed 6.80 s, remaining 10.94 s)
11600000 of 30000000 tuples (38%) done (elapsed 6.86 s, remaining 10.88 s)
11700000 of 30000000 tuples (39%) done (elapsed 6.91 s, remaining 10.82 s)
11800000 of 30000000 tuples (39%) done (elapsed 6.97 s, remaining 10.76 s)
11900000 of 30000000 tuples (39%) done (elapsed 7.04 s, remaining 10.70 s)
12000000 of 30000000 tuples (40%) done (elapsed 7.09 s, remaining 10.64 s)
12100000 of 30000000 tuples (40%) done (elapsed 7.15 s, remaining 10.58 s)
12200000 of 30000000 tuples (40%) done (elapsed 7.21 s, remaining 10.52 s)
12300000 of 30000000 tuples (41%) done (elapsed 7.27 s, remaining 10.47 s)
12400000 of 30000000 tuples (41%) done (elapsed 7.33 s, remaining 10.41 s)
12500000 of 30000000 tuples (41%) done (elapsed 7.39 s, remaining 10.35 s)
12600000 of 30000000 tuples (42%) done (elapsed 7.45 s, remaining 10.29 s)
12700000 of 30000000 tuples (42%) done (elapsed 7.51 s, remaining 10.23 s)
12800000 of 30000000 tuples (42%) done (elapsed 7.57 s, remaining 10.17 s)
12900000 of 30000000 tuples (43%) done (elapsed 7.63 s, remaining 10.11 s)
13000000 of 30000000 tuples (43%) done (elapsed 7.69 s, remaining 10.05 s)
13100000 of 30000000 tuples (43%) done (elapsed 7.75 s, remaining 10.00 s)
13200000 of 30000000 tuples (44%) done (elapsed 7.81 s, remaining 9.94 s)
13300000 of 30000000 tuples (44%) done (elapsed 7.87 s, remaining 9.88 s)
13400000 of 30000000 tuples (44%) done (elapsed 7.93 s, remaining 9.82 s)
13500000 of 30000000 tuples (45%) done (elapsed 7.99 s, remaining 9.76 s)
13600000 of 30000000 tuples (45%) done (elapsed 8.05 s, remaining 9.70 s)
13700000 of 30000000 tuples (45%) done (elapsed 8.10 s, remaining 9.64 s)
13800000 of 30000000 tuples (46%) done (elapsed 8.17 s, remaining 9.59 s)
13900000 of 30000000 tuples (46%) done (elapsed 8.23 s, remaining 9.53 s)
14000000 of 30000000 tuples (46%) done (elapsed 8.28 s, remaining 9.47 s)
14100000 of 30000000 tuples (47%) done (elapsed 8.34 s, remaining 9.41 s)
14200000 of 30000000 tuples (47%) done (elapsed 8.41 s, remaining 9.35 s)
14300000 of 30000000 tuples (47%) done (elapsed 8.46 s, remaining 9.29 s)
14400000 of 30000000 tuples (48%) done (elapsed 8.52 s, remaining 9.23 s)
14500000 of 30000000 tuples (48%) done (elapsed 8.58 s, remaining 9.17 s)
14600000 of 30000000 tuples (48%) done (elapsed 8.64 s, remaining 9.12 s)
14700000 of 30000000 tuples (49%) done (elapsed 8.70 s, remaining 9.06 s)
14800000 of 30000000 tuples (49%) done (elapsed 8.76 s, remaining 9.00 s)
14900000 of 30000000 tuples (49%) done (elapsed 8.82 s, remaining 8.94 s)
15000000 of 30000000 tuples (50%) done (elapsed 8.88 s, remaining 8.88 s)
15100000 of 30000000 tuples (50%) done (elapsed 8.94 s, remaining 8.82 s)
15200000 of 30000000 tuples (50%) done (elapsed 9.00 s, remaining 8.76 s)
15300000 of 30000000 tuples (51%) done (elapsed 9.06 s, remaining 8.71 s)
15400000 of 30000000 tuples (51%) done (elapsed 9.12 s, remaining 8.65 s)
15500000 of 30000000 tuples (51%) done (elapsed 9.18 s, remaining 8.59 s)
15600000 of 30000000 tuples (52%) done (elapsed 9.24 s, remaining 8.53 s)
15700000 of 30000000 tuples (52%) done (elapsed 9.30 s, remaining 8.47 s)
15800000 of 30000000 tuples (52%) done (elapsed 9.44 s, remaining 8.48 s)
15900000 of 30000000 tuples (53%) done (elapsed 9.51 s, remaining 8.44 s)
16000000 of 30000000 tuples (53%) done (elapsed 9.57 s, remaining 8.38 s)
16100000 of 30000000 tuples (53%) done (elapsed 9.63 s, remaining 8.32 s)
16200000 of 30000000 tuples (54%) done (elapsed 9.69 s, remaining 8.26 s)
16300000 of 30000000 tuples (54%) done (elapsed 9.75 s, remaining 8.20 s)
16400000 of 30000000 tuples (54%) done (elapsed 9.81 s, remaining 8.14 s)
16500000 of 30000000 tuples (55%) done (elapsed 9.87 s, remaining 8.08 s)
16600000 of 30000000 tuples (55%) done (elapsed 9.93 s, remaining 8.02 s)
16700000 of 30000000 tuples (55%) done (elapsed 9.99 s, remaining 7.96 s)
16800000 of 30000000 tuples (56%) done (elapsed 10.05 s, remaining 7.90 s)
16900000 of 30000000 tuples (56%) done (elapsed 10.11 s, remaining 7.84 s)
17000000 of 30000000 tuples (56%) done (elapsed 10.17 s, remaining 7.78 s)
17100000 of 30000000 tuples (57%) done (elapsed 10.23 s, remaining 7.72 s)
17200000 of 30000000 tuples (57%) done (elapsed 10.29 s, remaining 7.66 s)
17300000 of 30000000 tuples (57%) done (elapsed 10.35 s, remaining 7.60 s)
17400000 of 30000000 tuples (58%) done (elapsed 10.41 s, remaining 7.54 s)
17500000 of 30000000 tuples (58%) done (elapsed 10.47 s, remaining 7.48 s)
17600000 of 30000000 tuples (58%) done (elapsed 10.53 s, remaining 7.42 s)
17700000 of 30000000 tuples (59%) done (elapsed 10.59 s, remaining 7.36 s)
17800000 of 30000000 tuples (59%) done (elapsed 10.65 s, remaining 7.30 s)
17900000 of 30000000 tuples (59%) done (elapsed 10.71 s, remaining 7.24 s)
18000000 of 30000000 tuples (60%) done (elapsed 10.76 s, remaining 7.18 s)
18100000 of 30000000 tuples (60%) done (elapsed 10.82 s, remaining 7.12 s)
18200000 of 30000000 tuples (60%) done (elapsed 10.89 s, remaining 7.06 s)
18300000 of 30000000 tuples (61%) done (elapsed 10.94 s, remaining 7.00 s)
18400000 of 30000000 tuples (61%) done (elapsed 11.00 s, remaining 6.94 s)
18500000 of 30000000 tuples (61%) done (elapsed 11.06 s, remaining 6.88 s)
18600000 of 30000000 tuples (62%) done (elapsed 11.12 s, remaining 6.82 s)
18700000 of 30000000 tuples (62%) done (elapsed 11.18 s, remaining 6.76 s)
18800000 of 30000000 tuples (62%) done (elapsed 11.24 s, remaining 6.70 s)
18900000 of 30000000 tuples (63%) done (elapsed 11.30 s, remaining 6.64 s)
19000000 of 30000000 tuples (63%) done (elapsed 11.36 s, remaining 6.58 s)
19100000 of 30000000 tuples (63%) done (elapsed 11.42 s, remaining 6.52 s)
19200000 of 30000000 tuples (64%) done (elapsed 11.48 s, remaining 6.46 s)
19300000 of 30000000 tuples (64%) done (elapsed 11.54 s, remaining 6.40 s)
19400000 of 30000000 tuples (64%) done (elapsed 11.60 s, remaining 6.34 s)
19500000 of 30000000 tuples (65%) done (elapsed 11.66 s, remaining 6.28 s)
19600000 of 30000000 tuples (65%) done (elapsed 11.71 s, remaining 6.22 s)
19700000 of 30000000 tuples (65%) done (elapsed 11.78 s, remaining 6.16 s)
19800000 of 30000000 tuples (66%) done (elapsed 11.84 s, remaining 6.10 s)
19900000 of 30000000 tuples (66%) done (elapsed 11.89 s, remaining 6.04 s)
20000000 of 30000000 tuples (66%) done (elapsed 11.95 s, remaining 5.98 s)
20100000 of 30000000 tuples (67%) done (elapsed 12.02 s, remaining 5.92 s)
20200000 of 30000000 tuples (67%) done (elapsed 12.07 s, remaining 5.86 s)
20300000 of 30000000 tuples (67%) done (elapsed 12.13 s, remaining 5.80 s)
20400000 of 30000000 tuples (68%) done (elapsed 12.19 s, remaining 5.74 s)
20500000 of 30000000 tuples (68%) done (elapsed 12.25 s, remaining 5.68 s)
20600000 of 30000000 tuples (68%) done (elapsed 12.31 s, remaining 5.62 s)
20700000 of 30000000 tuples (69%) done (elapsed 12.37 s, remaining 5.56 s)
20800000 of 30000000 tuples (69%) done (elapsed 12.43 s, remaining 5.50 s)
20900000 of 30000000 tuples (69%) done (elapsed 12.49 s, remaining 5.44 s)
21000000 of 30000000 tuples (70%) done (elapsed 12.55 s, remaining 5.38 s)
21100000 of 30000000 tuples (70%) done (elapsed 12.61 s, remaining 5.32 s)
21200000 of 30000000 tuples (70%) done (elapsed 12.67 s, remaining 5.26 s)
21300000 of 30000000 tuples (71%) done (elapsed 12.73 s, remaining 5.20 s)
21400000 of 30000000 tuples (71%) done (elapsed 12.79 s, remaining 5.14 s)
21500000 of 30000000 tuples (71%) done (elapsed 12.85 s, remaining 5.08 s)
21600000 of 30000000 tuples (72%) done (elapsed 12.91 s, remaining 5.02 s)
21700000 of 30000000 tuples (72%) done (elapsed 12.97 s, remaining 4.96 s)
21800000 of 30000000 tuples (72%) done (elapsed 13.03 s, remaining 4.90 s)
21900000 of 30000000 tuples (73%) done (elapsed 13.09 s, remaining 4.84 s)
22000000 of 30000000 tuples (73%) done (elapsed 13.14 s, remaining 4.78 s)
22100000 of 30000000 tuples (73%) done (elapsed 13.21 s, remaining 4.72 s)
22200000 of 30000000 tuples (74%) done (elapsed 13.26 s, remaining 4.66 s)
22300000 of 30000000 tuples (74%) done (elapsed 13.32 s, remaining 4.60 s)
22400000 of 30000000 tuples (74%) done (elapsed 13.38 s, remaining 4.54 s)
22500000 of 30000000 tuples (75%) done (elapsed 13.44 s, remaining 4.48 s)
22600000 of 30000000 tuples (75%) done (elapsed 13.50 s, remaining 4.42 s)
22700000 of 30000000 tuples (75%) done (elapsed 13.57 s, remaining 4.36 s)
22800000 of 30000000 tuples (76%) done (elapsed 13.62 s, remaining 4.30 s)
22900000 of 30000000 tuples (76%) done (elapsed 13.68 s, remaining 4.24 s)
23000000 of 30000000 tuples (76%) done (elapsed 13.74 s, remaining 4.18 s)
23100000 of 30000000 tuples (77%) done (elapsed 13.80 s, remaining 4.12 s)
23200000 of 30000000 tuples (77%) done (elapsed 13.86 s, remaining 4.06 s)
23300000 of 30000000 tuples (77%) done (elapsed 13.92 s, remaining 4.00 s)
23400000 of 30000000 tuples (78%) done (elapsed 13.98 s, remaining 3.94 s)
23500000 of 30000000 tuples (78%) done (elapsed 14.04 s, remaining 3.88 s)
23600000 of 30000000 tuples (78%) done (elapsed 14.10 s, remaining 3.82 s)
23700000 of 30000000 tuples (79%) done (elapsed 14.16 s, remaining 3.76 s)
23800000 of 30000000 tuples (79%) done (elapsed 14.22 s, remaining 3.70 s)
23900000 of 30000000 tuples (79%) done (elapsed 14.28 s, remaining 3.64 s)
24000000 of 30000000 tuples (80%) done (elapsed 14.52 s, remaining 3.63 s)
24100000 of 30000000 tuples (80%) done (elapsed 14.60 s, remaining 3.57 s)
24200000 of 30000000 tuples (80%) done (elapsed 14.66 s, remaining 3.51 s)
24300000 of 30000000 tuples (81%) done (elapsed 14.72 s, remaining 3.45 s)
24400000 of 30000000 tuples (81%) done (elapsed 14.79 s, remaining 3.39 s)
24500000 of 30000000 tuples (81%) done (elapsed 14.85 s, remaining 3.33 s)
24600000 of 30000000 tuples (82%) done (elapsed 14.91 s, remaining 3.27 s)
24700000 of 30000000 tuples (82%) done (elapsed 14.97 s, remaining 3.21 s)
24800000 of 30000000 tuples (82%) done (elapsed 15.03 s, remaining 3.15 s)
24900000 of 30000000 tuples (83%) done (elapsed 15.09 s, remaining 3.09 s)
25000000 of 30000000 tuples (83%) done (elapsed 15.15 s, remaining 3.03 s)
25100000 of 30000000 tuples (83%) done (elapsed 15.21 s, remaining 2.97 s)
25200000 of 30000000 tuples (84%) done (elapsed 15.27 s, remaining 2.91 s)
25300000 of 30000000 tuples (84%) done (elapsed 15.33 s, remaining 2.85 s)
25400000 of 30000000 tuples (84%) done (elapsed 15.39 s, remaining 2.79 s)
25500000 of 30000000 tuples (85%) done (elapsed 15.45 s, remaining 2.73 s)
25600000 of 30000000 tuples (85%) done (elapsed 15.51 s, remaining 2.67 s)
25700000 of 30000000 tuples (85%) done (elapsed 15.57 s, remaining 2.61 s)
25800000 of 30000000 tuples (86%) done (elapsed 15.64 s, remaining 2.55 s)
25900000 of 30000000 tuples (86%) done (elapsed 15.69 s, remaining 2.48 s)
26000000 of 30000000 tuples (86%) done (elapsed 15.75 s, remaining 2.42 s)
26100000 of 30000000 tuples (87%) done (elapsed 15.81 s, remaining 2.36 s)
26200000 of 30000000 tuples (87%) done (elapsed 15.88 s, remaining 2.30 s)
26300000 of 30000000 tuples (87%) done (elapsed 15.94 s, remaining 2.24 s)
26400000 of 30000000 tuples (88%) done (elapsed 16.00 s, remaining 2.18 s)
26500000 of 30000000 tuples (88%) done (elapsed 16.06 s, remaining 2.12 s)
26600000 of 30000000 tuples (88%) done (elapsed 16.12 s, remaining 2.06 s)
26700000 of 30000000 tuples (89%) done (elapsed 16.18 s, remaining 2.00 s)
26800000 of 30000000 tuples (89%) done (elapsed 16.24 s, remaining 1.94 s)
26900000 of 30000000 tuples (89%) done (elapsed 16.30 s, remaining 1.88 s)
27000000 of 30000000 tuples (90%) done (elapsed 16.36 s, remaining 1.82 s)
27100000 of 30000000 tuples (90%) done (elapsed 16.42 s, remaining 1.76 s)
27200000 of 30000000 tuples (90%) done (elapsed 16.48 s, remaining 1.70 s)
27300000 of 30000000 tuples (91%) done (elapsed 16.54 s, remaining 1.64 s)
27400000 of 30000000 tuples (91%) done (elapsed 16.60 s, remaining 1.58 s)
27500000 of 30000000 tuples (91%) done (elapsed 16.66 s, remaining 1.51 s)
27600000 of 30000000 tuples (92%) done (elapsed 16.72 s, remaining 1.45 s)
27700000 of 30000000 tuples (92%) done (elapsed 16.78 s, remaining 1.39 s)
27800000 of 30000000 tuples (92%) done (elapsed 16.84 s, remaining 1.33 s)
27900000 of 30000000 tuples (93%) done (elapsed 16.91 s, remaining 1.27 s)
28000000 of 30000000 tuples (93%) done (elapsed 16.96 s, remaining 1.21 s)
28100000 of 30000000 tuples (93%) done (elapsed 17.03 s, remaining 1.15 s)
28200000 of 30000000 tuples (94%) done (elapsed 17.09 s, remaining 1.09 s)
28300000 of 30000000 tuples (94%) done (elapsed 17.15 s, remaining 1.03 s)
28400000 of 30000000 tuples (94%) done (elapsed 17.21 s, remaining 0.97 s)
28500000 of 30000000 tuples (95%) done (elapsed 17.27 s, remaining 0.91 s)
28600000 of 30000000 tuples (95%) done (elapsed 17.33 s, remaining 0.85 s)
28700000 of 30000000 tuples (95%) done (elapsed 17.39 s, remaining 0.79 s)
28800000 of 30000000 tuples (96%) done (elapsed 17.45 s, remaining 0.73 s)
28900000 of 30000000 tuples (96%) done (elapsed 17.67 s, remaining 0.67 s)
29000000 of 30000000 tuples (96%) done (elapsed 17.74 s, remaining 0.61 s)
29100000 of 30000000 tuples (97%) done (elapsed 17.80 s, remaining 0.55 s)
29200000 of 30000000 tuples (97%) done (elapsed 17.86 s, remaining 0.49 s)
29300000 of 30000000 tuples (97%) done (elapsed 17.93 s, remaining 0.43 s)
29400000 of 30000000 tuples (98%) done (elapsed 17.98 s, remaining 0.37 s)
29500000 of 30000000 tuples (98%) done (elapsed 18.04 s, remaining 0.31 s)
29600000 of 30000000 tuples (98%) done (elapsed 18.11 s, remaining 0.24 s)
29700000 of 30000000 tuples (99%) done (elapsed 18.17 s, remaining 0.18 s)
29800000 of 30000000 tuples (99%) done (elapsed 18.22 s, remaining 0.12 s)
29900000 of 30000000 tuples (99%) done (elapsed 18.28 s, remaining 0.06 s)
30000000 of 30000000 tuples (100%) done (elapsed 18.35 s, remaining 0.00 s)
vacuum...
set primary keys...
done.
starting vacuum...end.
transaction type: <builtin: TPC-B (sort of)>
scaling factor: 300
query mode: simple
number of clients: 32
number of threads: 4
duration: 60 s
number of transactions actually processed: 33623
latency average: 57.104 ms
tps = 556.102447 (including connections establishing)
tps = 556.117980 (excluding connections establishing)
script statistics:
 - statement latencies in milliseconds:
         0.001  \set aid random(1, 100000 * :scale)
         0.001  \set bid random(1, 1 * :scale)
         0.000  \set tid random(1, 10 * :scale)
         0.000  \set delta random(-5000, 5000)
         0.284  BEGIN;
         0.539  UPDATE pgbench_accounts SET abalance = abalance + :delta WHERE aid = :aid;
         0.360  SELECT abalance FROM pgbench_accounts WHERE aid = :aid;
         0.602  UPDATE pgbench_tellers SET tbalance = tbalance + :delta WHERE tid = :tid;
         3.083  UPDATE pgbench_branches SET bbalance = bbalance + :delta WHERE bid = :bid;
         0.221  INSERT INTO pgbench_history (tid, bid, aid, delta, mtime) VALUES (:tid, :bid, :aid, :delta, CURRENT_TIMESTAMP);
        52.530  END;
starting vacuum...end.
transaction type: <builtin: TPC-B (sort of)>
scaling factor: 300
query mode: simple
number of clients: 32
number of threads: 4
duration: 60 s
number of transactions actually processed: 7985
latency average: 240.451 ms
tps = 132.917632 (including connections establishing)
tps = 132.922220 (excluding connections establishing)
script statistics:
 - statement latencies in milliseconds:
         0.002  \set aid random(1, 100000 * :scale)
         0.001  \set bid random(1, 1 * :scale)
         0.001  \set tid random(1, 10 * :scale)
         0.001  \set delta random(-5000, 5000)
         0.174  BEGIN;
       103.049  UPDATE pgbench_accounts SET abalance = abalance + :delta WHERE aid = :aid;
         0.188  SELECT abalance FROM pgbench_accounts WHERE aid = :aid;
         0.656  UPDATE pgbench_tellers SET tbalance = tbalance + :delta WHERE tid = :tid;
         4.495  UPDATE pgbench_branches SET bbalance = bbalance + :delta WHERE bid = :bid;
         0.276  INSERT INTO pgbench_history (tid, bid, aid, delta, mtime) VALUES (:tid, :bid, :aid, :delta, CURRENT_TIMESTAMP);
       132.375  END;
starting vacuum...end.
transaction type: <builtin: TPC-B (sort of)>
scaling factor: 300
query mode: simple
number of clients: 32
number of threads: 4
duration: 900 s
number of transactions actually processed: 78414
latency average: 367.281 ms
tps = 87.094174 (including connections establishing)
tps = 87.094363 (excluding connections establishing)
script statistics:
 - statement latencies in milliseconds:
         0.002  \set aid random(1, 100000 * :scale)
         0.001  \set bid random(1, 1 * :scale)
         0.001  \set tid random(1, 10 * :scale)
         0.001  \set delta random(-5000, 5000)
         0.183  BEGIN;
       107.812  UPDATE pgbench_accounts SET abalance = abalance + :delta WHERE aid = :aid;
         0.186  SELECT abalance FROM pgbench_accounts WHERE aid = :aid;
         1.211  UPDATE pgbench_tellers SET tbalance = tbalance + :delta WHERE tid = :tid;
        10.148  UPDATE pgbench_branches SET bbalance = bbalance + :delta WHERE bid = :bid;
         0.170  INSERT INTO pgbench_history (tid, bid, aid, delta, mtime) VALUES (:tid, :bid, :aid, :delta, CURRENT_TIMESTAMP);
       248.882  END;
========================================================================
Testing 2016-02-25-REL9_5_ALPHA1-1114-g57a6a72
Start Time: 2016-08-01 11:16:31+00:00
Linux 3.16.0-4-amd64 (Debian-83-jessie-64-minimal) 	01.08.16 	_x86_64_	(8 CPU)

starting vacuum...end.
transaction type: <builtin: TPC-B (sort of)>
scaling factor: 300
query mode: simple
number of clients: 32
number of threads: 4
duration: 900 s
number of transactions actually processed: 90815
latency average: 317.128 ms
tps = 100.878295 (including connections establishing)
tps = 100.878544 (excluding connections establishing)
script statistics:
 - statement latencies in milliseconds:
         0.002  \set aid random(1, 100000 * :scale)
         0.001  \set bid random(1, 1 * :scale)
         0.001  \set tid random(1, 10 * :scale)
         0.001  \set delta random(-5000, 5000)
         0.220  BEGIN;
        37.551  UPDATE pgbench_accounts SET abalance = abalance + :delta WHERE aid = :aid;
         0.212  SELECT abalance FROM pgbench_accounts WHERE aid = :aid;
         1.611  UPDATE pgbench_tellers SET tbalance = tbalance + :delta WHERE tid = :tid;
        13.178  UPDATE pgbench_branches SET bbalance = bbalance + :delta WHERE bid = :bid;
         0.219  INSERT INTO pgbench_history (tid, bid, aid, delta, mtime) VALUES (:tid, :bid, :aid, :delta, CURRENT_TIMESTAMP);
       265.246  END;
avg-cpu:  %user   %nice %system %iowait  %steal   %idle
           1,10    0,00    0,39   34,40    0,00   64,11

Device:         rrqm/s   wrqm/s     r/s     w/s    rkB/s    wkB/s avgrq-sz avgqu-sz   await r_await w_await  svctm  %util
sdb               0,00     2,03   22,00  157,26   243,27  2602,74    31,75    88,81  495,37   80,04  553,47   4,45  79,77
sda               0,01     2,02   38,48  157,13   426,90  2601,57    30,96    73,01  372,05   65,68  447,09   4,17  81,64
md0               0,00     0,00    0,05    0,00     0,22     0,00     8,00     0,00    0,00    0,00    0,00   0,00   0,00
md1               0,00     0,00    0,00    0,00     0,00     0,00     0,00     0,00    0,00    0,00    0,00   0,00   0,00
md2               0,00     0,00   60,44  158,78   669,93  2602,37    29,85     0,00    0,00    0,00    0,00   0,00   0,00
md3               0,00     0,00    0,00    0,01     0,00     0,04     8,00     0,00    0,00    0,00    0,00   0,00   0,00

End Time: 2016-08-01 11:32:01+00:00
========================================================================
========================================================================
Testing 2016-02-25-REL9_5_ALPHA1-1114-g57a6a72
Start Time: 2016-08-05 22:12:02+00:00
Shared Buffers:  260000
Linux 3.16.0-4-amd64 (Debian-83-jessie-64-minimal) 	06.08.16 	_x86_64_	(8 CPU)

starting vacuum...end.
transaction type: <builtin: TPC-B (sort of)>
scaling factor: 300
query mode: simple
number of clients: 32
number of threads: 4
duration: 900 s
number of transactions actually processed: 205862
latency average: 139.900 ms
tps = 228.700396 (including connections establishing)
tps = 228.701043 (excluding connections establishing)
script statistics:
 - statement latencies in milliseconds:
         0.002  \set aid random(1, 100000 * :scale)
         0.001  \set bid random(1, 1 * :scale)
         0.001  \set tid random(1, 10 * :scale)
         0.001  \set delta random(-5000, 5000)
         0.203  BEGIN;
         6.164  UPDATE pgbench_accounts SET abalance = abalance + :delta WHERE aid = :aid;
         0.278  SELECT abalance FROM pgbench_accounts WHERE aid = :aid;
         0.994  UPDATE pgbench_tellers SET tbalance = tbalance + :delta WHERE tid = :tid;
         6.947  UPDATE pgbench_branches SET bbalance = bbalance + :delta WHERE bid = :bid;
         0.185  INSERT INTO pgbench_history (tid, bid, aid, delta, mtime) VALUES (:tid, :bid, :aid, :delta, CURRENT_TIMESTAMP);
       125.728  END;
avg-cpu:  %user   %nice %system %iowait  %steal   %idle
           2,29    0,00    0,75   17,17    0,00   79,80

Device:         rrqm/s   wrqm/s     r/s     w/s    rkB/s    wkB/s avgrq-sz avgqu-sz   await r_await w_await  svctm  %util
sdb               0,01     2,12   13,89  275,58   164,54  5108,95    36,44    52,95  182,92   39,40  190,16   2,27  65,80
sda               0,09     2,11   44,57  275,59   540,57  5108,95    35,29    71,49  223,31   33,93  253,93   2,66  85,29
md0               0,00     0,00    0,39    0,00     1,56     0,00     8,00     0,00    0,00    0,00    0,00   0,00   0,00
md1               0,00     0,00    0,00    0,00     0,00     0,00     0,00     0,00    0,00    0,00    0,00   0,00   0,00
md2               0,00     0,00   58,17  276,93   703,54  5107,04    34,68     0,00    0,00    0,00    0,00   0,00   0,00
md3               0,00     0,00    0,00    0,01     0,00     0,04     8,00     0,00    0,00    0,00    0,00   0,00   0,00

End Time: 2016-08-05 22:27:32+00:00
========================================================================
========================================================================
Testing 2016-02-25-REL9_5_ALPHA1-1114-g57a6a72
Start Time: 2016-08-06 16:04:53+00:00
Shared Buffers:  260000
Linux 3.16.0-4-amd64 (Debian-83-jessie-64-minimal) 	06.08.16 	_x86_64_	(8 CPU)

starting vacuum...end.
transaction type: <builtin: TPC-B (sort of)>
scaling factor: 300
query mode: simple
number of clients: 32
number of threads: 4
duration: 900 s
number of transactions actually processed: 273072
latency average: 105.467 ms
tps = 303.386976 (including connections establishing)
tps = 303.387649 (excluding connections establishing)
script statistics:
 - statement latencies in milliseconds:
         0.002  \set aid random(1, 100000 * :scale)
         0.001  \set bid random(1, 1 * :scale)
         0.001  \set tid random(1, 10 * :scale)
         0.001  \set delta random(-5000, 5000)
         0.211  BEGIN;
         1.051  UPDATE pgbench_accounts SET abalance = abalance + :delta WHERE aid = :aid;
         0.312  SELECT abalance FROM pgbench_accounts WHERE aid = :aid;
         0.806  UPDATE pgbench_tellers SET tbalance = tbalance + :delta WHERE tid = :tid;
         5.521  UPDATE pgbench_branches SET bbalance = bbalance + :delta WHERE bid = :bid;
         0.206  INSERT INTO pgbench_history (tid, bid, aid, delta, mtime) VALUES (:tid, :bid, :aid, :delta, CURRENT_TIMESTAMP);
        98.111  END;
avg-cpu:  %user   %nice %system %iowait  %steal   %idle
           2,74    0,00    0,81   11,80    0,00   84,66

Device:         rrqm/s   wrqm/s     r/s     w/s    rkB/s    wkB/s avgrq-sz avgqu-sz   await r_await w_await  svctm  %util
sdb               0,03     2,02    1,51  337,05    16,70  5880,88    34,84    85,19  251,61   54,73  252,49   2,24  75,89
sda               0,03     1,99   10,34  337,09   112,88  5880,88    34,50    53,86  155,02   26,46  158,96   2,23  77,59
md0               0,00     0,00    0,15    0,00     0,60     0,00     8,00     0,00    0,00    0,00    0,00   0,00   0,00
md1               0,00     0,00    0,00    0,00     0,00     0,00     0,00     0,00    0,00    0,00    0,00   0,00   0,00
md2               0,00     0,00   11,76  338,22   128,98  5878,77    34,33     0,00    0,00    0,00    0,00   0,00   0,00
md3               0,00     0,00    0,00    0,01     0,00     0,04     8,00     0,00    0,00    0,00    0,00   0,00   0,00

Control File Changes
--- /usr/local/oldpgsql/2016-02-25-REL9_5_ALPHA1-1114-g57a6a72/before.controldata	2016-08-06 18:04:53.880430257 +0200
+++ /usr/local/oldpgsql/2016-02-25-REL9_5_ALPHA1-1114-g57a6a72/after.controldata	2016-08-06 18:21:03.247890639 +0200
@@ -2,16 +2,16 @@
 Catalog version number:               201602221
 Database system identifier:           6255689106670370002
 Database cluster state:               in production
-pg_control last modified:             сб, 06-сер-2016 18:04:53 +0200
-Latest checkpoint location:           2/337D1C08
-Prior checkpoint location:            2/337D1B98
-Latest checkpoint's REDO location:    2/337D1C08
-Latest checkpoint's REDO WAL file:    000000010000000200000033
+pg_control last modified:             сб, 06-сер-2016 18:21:03 +0200
+Latest checkpoint location:           2/DF66C458
+Prior checkpoint location:            2/D654E2F0
+Latest checkpoint's REDO location:    2/DF66C458
+Latest checkpoint's REDO WAL file:    0000000100000002000000DF
 Latest checkpoint's TimeLineID:       1
 Latest checkpoint's PrevTimeLineID:   1
 Latest checkpoint's full_page_writes: on
-Latest checkpoint's NextXID:          0:481172
-Latest checkpoint's NextOID:          16465
+Latest checkpoint's NextXID:          0:754289
+Latest checkpoint's NextOID:          24657
 Latest checkpoint's NextMultiXactId:  1
 Latest checkpoint's NextMultiOffset:  0
 Latest checkpoint's oldestXID:        562
@@ -21,7 +21,7 @@
 Latest checkpoint's oldestMulti's DB: 16384
 Latest checkpoint's oldestCommitTsXid:0
 Latest checkpoint's newestCommitTsXid:0
-Time of latest checkpoint:            сб, 06-сер-2016 18:04:53 +0200
+Time of latest checkpoint:            сб, 06-сер-2016 18:20:23 +0200
 Fake LSN counter for unlogged rels:   0/1
 Minimum recovery ending location:     0/0
 Min recovery ending loc's timeline:   0
End Time: 2016-08-06 16:21:03+00:00
========================================================================
========================================================================
Testing 2016-02-25-REL9_5_ALPHA1-1114-g57a6a72
Start Time: 2016-08-09 05:43:24+00:00
Shared Buffers:  260000
size before pgbench of pgbench_tellers: 8
size before pgbench of pgbench_branches: 8
size before pgbench of pgbench_accounts: 64
size before pgbench of pgbench_branches_pkey: 32
size before pgbench of pgbench_tellers_pkey: 152
size before pgbench of pgbench_accounts_pkey: 658092
size before pgbench of pgbench_history: 24
total size before pgbench: 658380
Linux 3.16.0-4-amd64 (Debian-83-jessie-64-minimal) 	09.08.16 	_x86_64_	(8 CPU)

starting vacuum...end.
transaction type: <builtin: select only>
scaling factor: 300
query mode: simple
number of clients: 32
number of threads: 4
duration: 60 s
number of transactions actually processed: 5335648
latency average: 0.360 ms
tps = 88906.920277 (including connections establishing)
tps = 88911.167999 (excluding connections establishing)
script statistics:
 - statement latencies in milliseconds:
         0.001  \set aid random(1, 100000 * :scale)
         0.361  SELECT abalance FROM pgbench_accounts WHERE aid = :aid;
avg-cpu:  %user   %nice %system %iowait  %steal   %idle
          55,00    0,00   11,00    0,93    0,00   33,07

Device:         rrqm/s   wrqm/s     r/s     w/s    rkB/s    wkB/s avgrq-sz avgqu-sz   await r_await w_await  svctm  %util
sdb               0,00     1,20   13,78    2,36   129,24    12,29    17,55     0,74   45,77   50,49   18,13   5,93   9,56
sda               0,00     1,20   17,07    2,36   158,18    12,29    17,55     0,77   39,49   42,25   19,47   5,70  11,06
md0               0,00     0,00    0,00    0,00     0,00     0,00     0,00     0,00    0,00    0,00    0,00   0,00   0,00
md1               0,00     0,00    0,00    0,00     0,00     0,00     0,00     0,00    0,00    0,00    0,00   0,00   0,00
md2               0,00     0,00   30,84    2,04   287,42     8,93    18,02     0,00    0,00    0,00    0,00   0,00   0,00
md3               0,00     0,00    0,00    0,10     0,00     0,40     8,00     0,00    0,00    0,00    0,00   0,00   0,00

Control File Changes
--- /usr/local/oldpgsql/2016-02-25-REL9_5_ALPHA1-1114-g57a6a72/before.controldata	2016-08-09 07:46:14.364756337 +0200
+++ /usr/local/oldpgsql/2016-02-25-REL9_5_ALPHA1-1114-g57a6a72/after.controldata	2016-08-09 07:47:44.652679623 +0200
@@ -5,4 +5,4 @@
-pg_control last modified:             Tue Aug  9 05:46:14 2016
-Latest checkpoint location:           3/43FC77C0
-Prior checkpoint location:            3/43FC7750
-Latest checkpoint's REDO location:    3/43FC77C0
+pg_control last modified:             Tue Aug  9 05:47:44 2016
+Latest checkpoint location:           3/43FCB5B0
+Prior checkpoint location:            3/43FC77C0
+Latest checkpoint's REDO location:    3/43FCB5B0
@@ -13,2 +13,2 @@
-Latest checkpoint's NextXID:          0:754289
-Latest checkpoint's NextOID:          16466
+Latest checkpoint's NextXID:          0:754290
+Latest checkpoint's NextOID:          24658
@@ -24 +24 @@
-Time of latest checkpoint:            Tue Aug  9 05:46:13 2016
+Time of latest checkpoint:            Tue Aug  9 05:47:44 2016
size after pgbench of pgbench_tellers: 8
size after pgbench of pgbench_branches: 8
size after pgbench of pgbench_accounts: 64
size after pgbench of pgbench_branches_pkey: 32
size after pgbench of pgbench_tellers_pkey: 152
size after pgbench of pgbench_accounts_pkey: 658092
size after pgbench of pgbench_history: 0
total size after pgbench: 658356
End Time: 2016-08-09 05:47:44+00:00
========================================================================
========================================================================
Testing 2016-02-25-REL9_5_ALPHA1-1114-g57a6a72
Start Time: 2016-08-09 14:39:43+00:00
Shared Buffers:  260000
size before pgbench of pgbench_tellers: 8
size before pgbench of pgbench_branches: 8
size before pgbench of pgbench_accounts: 64
size before pgbench of pgbench_branches_pkey: 32
size before pgbench of pgbench_tellers_pkey: 152
size before pgbench of pgbench_accounts_pkey: 658092
size before pgbench of pgbench_history: 0
total size before pgbench: 658356
Linux 3.16.0-4-amd64 (Debian-83-jessie-64-minimal) 	09.08.16 	_x86_64_	(8 CPU)

starting vacuum...end.
transaction type: <builtin: select only>
scaling factor: 300
query mode: simple
number of clients: 32
number of threads: 4
duration: 60 s
number of transactions actually processed: 5346904
latency average: 0.359 ms
tps = 89114.477026 (including connections establishing)
tps = 89117.451440 (excluding connections establishing)
script statistics:
 - statement latencies in milliseconds:
         0.001  \set aid random(1, 100000 * :scale)
         0.360  SELECT abalance FROM pgbench_accounts WHERE aid = :aid;
avg-cpu:  %user   %nice %system %iowait  %steal   %idle
          55,10    0,00   10,91    0,90    0,00   33,09

Device:         rrqm/s   wrqm/s     r/s     w/s    rkB/s    wkB/s avgrq-sz avgqu-sz   await r_await w_await  svctm  %util
sdb               0,00     0,81   13,17    2,21   123,20    10,74    17,42     0,55   35,73   38,78   17,53   5,39   8,29
sda               0,00     0,81   15,89    2,21   148,18    10,74    17,56     1,01   55,78   59,62   28,14   5,42   9,81
md0               0,00     0,00    0,00    0,00     0,00     0,00     0,00     0,00    0,00    0,00    0,00   0,00   0,00
md1               0,00     0,00    0,00    0,00     0,00     0,00     0,00     0,00    0,00    0,00    0,00   0,00   0,00
md2               0,00     0,00   29,06    1,62   271,38     7,51    18,18     0,00    0,00    0,00    0,00   0,00   0,00
md3               0,00     0,00    0,00    0,10     0,00     0,40     8,00     0,00    0,00    0,00    0,00   0,00   0,00

Control File Changes
--- /usr/local/oldpgsql/2016-02-25-REL9_5_ALPHA1-1114-g57a6a72/before.controldata	2016-08-09 16:40:59.738833017 +0200
+++ /usr/local/oldpgsql/2016-02-25-REL9_5_ALPHA1-1114-g57a6a72/after.controldata	2016-08-09 16:42:29.991012649 +0200
@@ -5,4 +5,4 @@
-pg_control last modified:             Tue Aug  9 14:40:59 2016
-Latest checkpoint location:           3/43FCB690
-Prior checkpoint location:            3/43FCB620
-Latest checkpoint's REDO location:    3/43FCB690
+pg_control last modified:             Tue Aug  9 14:42:29 2016
+Latest checkpoint location:           3/43FCF570
+Prior checkpoint location:            3/43FCB690
+Latest checkpoint's REDO location:    3/43FCF570
@@ -13,2 +13,2 @@
-Latest checkpoint's NextXID:          0:754290
-Latest checkpoint's NextOID:          16467
+Latest checkpoint's NextXID:          0:754291
+Latest checkpoint's NextOID:          24659
@@ -24 +24 @@
-Time of latest checkpoint:            Tue Aug  9 14:40:59 2016
+Time of latest checkpoint:            Tue Aug  9 14:42:29 2016
size after pgbench of pgbench_tellers: 8
size after pgbench of pgbench_branches: 8
size after pgbench of pgbench_accounts: 64
size after pgbench of pgbench_branches_pkey: 32
size after pgbench of pgbench_tellers_pkey: 152
size after pgbench of pgbench_accounts_pkey: 658092
size after pgbench of pgbench_history: 0
total size after pgbench: 658356
End Time: 2016-08-09 14:42:30+00:00
========================================================================
========================================================================
Testing 2016-02-25-REL9_5_ALPHA1-1114-g57a6a72
Start Time: 2016-08-10 13:40:01+00:00
Shared Buffers:  260000
size before pgbench of pgbench_tellers: 8
size before pgbench of pgbench_branches: 8
size before pgbench of pgbench_accounts: 64
size before pgbench of pgbench_branches_pkey: 32
size before pgbench of pgbench_tellers_pkey: 152
size before pgbench of pgbench_accounts_pkey: 658092
size before pgbench of pgbench_history: 0
total size before pgbench: 658356
Linux 3.16.0-4-amd64 (Debian-83-jessie-64-minimal) 	10.08.16 	_x86_64_	(8 CPU)

starting vacuum...end.
transaction type: <builtin: select only>
scaling factor: 300
query mode: simple
number of clients: 32
number of threads: 4
duration: 60 s
number of transactions actually processed: 5343084
latency average: 0.359 ms
tps = 89038.858877 (including connections establishing)
tps = 89042.496585 (excluding connections establishing)
script statistics:
 - statement latencies in milliseconds:
         0.001  \set aid random(1, 100000 * :scale)
         0.360  SELECT abalance FROM pgbench_accounts WHERE aid = :aid;
avg-cpu:  %user   %nice %system %iowait  %steal   %idle
          54,98    0,00   11,10    0,86    0,00   33,06

Device:         rrqm/s   wrqm/s     r/s     w/s    rkB/s    wkB/s avgrq-sz avgqu-sz   await r_await w_await  svctm  %util
sdb               0,00     1,03   14,04    2,09   131,78    11,16    17,72     0,85   52,95   58,29   17,04   5,10   8,23
sda               0,13     1,03   15,21    2,09   147,91    11,16    18,39     0,60   34,60   37,08   16,53   5,63   9,75
md0               0,00     0,00    0,43    0,00     1,73     0,00     8,00     0,00    0,00    0,00    0,00   0,00   0,00
md1               0,00     0,00    0,00    0,00     0,00     0,00     0,00     0,00    0,00    0,00    0,00   0,00   0,00
md2               0,00     0,00   28,96    1,80   277,96     8,18    18,61     0,00    0,00    0,00    0,00   0,00   0,00
md3               0,00     0,00    0,00    0,11     0,00     0,44     8,00     0,00    0,00    0,00    0,00   0,00   0,00

Control File Changes
--- /usr/local/oldpgsql/2016-02-25-REL9_5_ALPHA1-1114-g57a6a72/before.controldata	2016-08-10 15:41:16.557965848 +0200
+++ /usr/local/oldpgsql/2016-02-25-REL9_5_ALPHA1-1114-g57a6a72/after.controldata	2016-08-10 15:42:46.802030967 +0200
@@ -5,4 +5,4 @@
-pg_control last modified:             Wed Aug 10 13:41:16 2016
-Latest checkpoint location:           3/43FCF650
-Prior checkpoint location:            3/43FCF5E0
-Latest checkpoint's REDO location:    3/43FCF650
+pg_control last modified:             Wed Aug 10 13:42:46 2016
+Latest checkpoint location:           3/43FD3628
+Prior checkpoint location:            3/43FCF650
+Latest checkpoint's REDO location:    3/43FD3628
@@ -13,2 +13,2 @@
-Latest checkpoint's NextXID:          0:754291
-Latest checkpoint's NextOID:          16468
+Latest checkpoint's NextXID:          0:754292
+Latest checkpoint's NextOID:          24660
@@ -24 +24 @@
-Time of latest checkpoint:            Wed Aug 10 13:41:16 2016
+Time of latest checkpoint:            Wed Aug 10 13:42:46 2016
size after pgbench of pgbench_tellers: 8
size after pgbench of pgbench_branches: 8
size after pgbench of pgbench_accounts: 64
size after pgbench of pgbench_branches_pkey: 32
size after pgbench of pgbench_tellers_pkey: 152
size after pgbench of pgbench_accounts_pkey: 658092
size after pgbench of pgbench_history: 0
total size after pgbench: 658356
End Time: 2016-08-10 13:42:46+00:00
========================================================================
========================================================================
Testing 2016-02-25-REL9_5_ALPHA1-1114-g57a6a72
Start Time: 2016-08-11 05:24:59+00:00
Shared Buffers:  260000
size before pgbench of pgbench_tellers: 8
size before pgbench of pgbench_branches: 8
size before pgbench of pgbench_accounts: 64
size before pgbench of pgbench_branches_pkey: 32
size before pgbench of pgbench_tellers_pkey: 152
size before pgbench of pgbench_accounts_pkey: 658092
size before pgbench of pgbench_history: 0
total size before pgbench: 658356
Linux 3.16.0-4-amd64 (Debian-83-jessie-64-minimal) 	11.08.16 	_x86_64_	(8 CPU)

starting vacuum...end.
transaction type: <builtin: select only>
scaling factor: 300
query mode: simple
number of clients: 32
number of threads: 4
duration: 60 s
number of transactions actually processed: 5349249
latency average: 0.359 ms
tps = 89130.423481 (including connections establishing)
tps = 89133.734429 (excluding connections establishing)
script statistics:
 - statement latencies in milliseconds:
         0.001  \set aid random(1, 100000 * :scale)
         0.360  SELECT abalance FROM pgbench_accounts WHERE aid = :aid;
avg-cpu:  %user   %nice %system %iowait  %steal   %idle
          55,10    0,00   10,84    0,95    0,00   33,11

Device:         rrqm/s   wrqm/s     r/s     w/s    rkB/s    wkB/s avgrq-sz avgqu-sz   await r_await w_await  svctm  %util
sdb               0,00     0,91   13,12    2,17   127,91    10,92    18,16     0,47   30,51   33,27   13,78   5,53   8,45
sda               0,00     0,91   15,61    2,17   144,18    10,92    17,45     1,13   63,78   69,84   20,12   5,50   9,78
md0               0,00     0,00    0,00    0,00     0,00     0,00     0,00     0,00    0,00    0,00    0,00   0,00   0,00
md1               0,00     0,00    0,00    0,00     0,00     0,00     0,00     0,00    0,00    0,00    0,00   0,00   0,00
md2               0,00     0,00   28,72    1,69   271,82     7,78    18,39     0,00    0,00    0,00    0,00   0,00   0,00
md3               0,00     0,00    0,00    0,10     0,00     0,40     8,00     0,00    0,00    0,00    0,00   0,00   0,00

Control File Changes
--- /usr/local/oldpgsql/2016-02-25-REL9_5_ALPHA1-1114-g57a6a72/before.controldata	2016-08-11 07:26:15.152421050 +0200
+++ /usr/local/oldpgsql/2016-02-25-REL9_5_ALPHA1-1114-g57a6a72/after.controldata	2016-08-11 07:27:45.520608458 +0200
@@ -5,4 +5,4 @@
-pg_control last modified:             Thu Aug 11 05:26:15 2016
-Latest checkpoint location:           3/43FD3708
-Prior checkpoint location:            3/43FD3698
-Latest checkpoint's REDO location:    3/43FD3708
+pg_control last modified:             Thu Aug 11 05:27:45 2016
+Latest checkpoint location:           3/43FD77D0
+Prior checkpoint location:            3/43FD3708
+Latest checkpoint's REDO location:    3/43FD77D0
@@ -13,2 +13,2 @@
-Latest checkpoint's NextXID:          0:754292
-Latest checkpoint's NextOID:          16469
+Latest checkpoint's NextXID:          0:754293
+Latest checkpoint's NextOID:          24661
@@ -24 +24 @@
-Time of latest checkpoint:            Thu Aug 11 05:26:14 2016
+Time of latest checkpoint:            Thu Aug 11 05:27:45 2016
size after pgbench of pgbench_tellers: 8
size after pgbench of pgbench_branches: 8
size after pgbench of pgbench_accounts: 64
size after pgbench of pgbench_branches_pkey: 32
size after pgbench of pgbench_tellers_pkey: 152
size after pgbench of pgbench_accounts_pkey: 658092
size after pgbench of pgbench_history: 0
total size after pgbench: 658356
End Time: 2016-08-11 05:27:45+00:00
========================================================================
========================================================================
Testing 2016-02-25-REL9_5_ALPHA1-1114-g57a6a72
Start Time: 2016-08-11 22:01:07+00:00
Shared Buffers:  260000
size before pgbench of pgbench_tellers: 8
size before pgbench of pgbench_branches: 8
size before pgbench of pgbench_accounts: 64
size before pgbench of pgbench_branches_pkey: 32
size before pgbench of pgbench_tellers_pkey: 152
size before pgbench of pgbench_accounts_pkey: 658092
size before pgbench of pgbench_history: 0
total size before pgbench: 658356
Linux 3.16.0-4-amd64 (Debian-83-jessie-64-minimal) 	12.08.16 	_x86_64_	(8 CPU)

starting vacuum...end.
transaction type: <builtin: select only>
scaling factor: 300
query mode: simple
number of clients: 32
number of threads: 4
duration: 60 s
number of transactions actually processed: 5313138
latency average: 0.361 ms
tps = 88526.084476 (including connections establishing)
tps = 88529.528269 (excluding connections establishing)
script statistics:
 - statement latencies in milliseconds:
         0.001  \set aid random(1, 100000 * :scale)
         0.362  SELECT abalance FROM pgbench_accounts WHERE aid = :aid;
avg-cpu:  %user   %nice %system %iowait  %steal   %idle
          54,88    0,00   11,06    1,05    0,00   33,02

Device:         rrqm/s   wrqm/s     r/s     w/s    rkB/s    wkB/s avgrq-sz avgqu-sz   await r_await w_await  svctm  %util
sdb               0,01     1,20   14,62    2,92   134,80    14,09    16,97     0,94   53,62   60,37   19,83   5,80  10,18
sda               0,81     1,20   17,69    2,92   157,78    14,09    16,68     0,59   28,67   30,72   16,29   5,59  11,53
md0               0,00     0,00    2,64    0,00    10,58     0,00     8,00     0,00    0,00    0,00    0,00   0,00   0,00
md1               0,00     0,00    0,00    0,00     0,00     0,00     0,00     0,00    0,00    0,00    0,00   0,00   0,00
md2               0,00     0,00   30,49    2,30   282,00    10,22    17,82     0,00    0,00    0,00    0,00   0,00   0,00
md3               0,00     0,00    0,00    0,10     0,00     0,40     8,00     0,00    0,00    0,00    0,00   0,00   0,00

Control File Changes
--- /usr/local/oldpgsql/2016-02-25-REL9_5_ALPHA1-1114-g57a6a72/before.controldata	2016-08-12 00:02:24.003966382 +0200
+++ /usr/local/oldpgsql/2016-02-25-REL9_5_ALPHA1-1114-g57a6a72/after.controldata	2016-08-12 00:03:54.252155769 +0200
@@ -5,4 +5,4 @@
-pg_control last modified:             Thu Aug 11 22:02:23 2016
-Latest checkpoint location:           3/43FD78B0
-Prior checkpoint location:            3/43FD7840
-Latest checkpoint's REDO location:    3/43FD78B0
+pg_control last modified:             Thu Aug 11 22:03:54 2016
+Latest checkpoint location:           3/43FDBA70
+Prior checkpoint location:            3/43FD78B0
+Latest checkpoint's REDO location:    3/43FDBA70
@@ -13,2 +13,2 @@
-Latest checkpoint's NextXID:          0:754293
-Latest checkpoint's NextOID:          16470
+Latest checkpoint's NextXID:          0:754294
+Latest checkpoint's NextOID:          24662
@@ -24 +24 @@
-Time of latest checkpoint:            Thu Aug 11 22:02:23 2016
+Time of latest checkpoint:            Thu Aug 11 22:03:54 2016
size after pgbench of pgbench_tellers: 8
size after pgbench of pgbench_branches: 8
size after pgbench of pgbench_accounts: 64
size after pgbench of pgbench_branches_pkey: 32
size after pgbench of pgbench_tellers_pkey: 152
size after pgbench of pgbench_accounts_pkey: 658092
size after pgbench of pgbench_history: 0
total size after pgbench: 658356
End Time: 2016-08-11 22:03:54+00:00
========================================================================
========================================================================
Testing 2016-02-25-REL9_5_ALPHA1-1114-g57a6a72
Start Time: 2016-08-12 02:14:24+00:00
Shared Buffers:  260000
size before pgbench of pgbench_tellers: 8
size before pgbench of pgbench_branches: 8
size before pgbench of pgbench_accounts: 64
size before pgbench of pgbench_branches_pkey: 32
size before pgbench of pgbench_tellers_pkey: 152
size before pgbench of pgbench_accounts_pkey: 658092
size before pgbench of pgbench_history: 0
total size before pgbench: 658356
Linux 3.16.0-4-amd64 (Debian-83-jessie-64-minimal) 	12.08.16 	_x86_64_	(8 CPU)

starting vacuum...end.
transaction type: <builtin: select only>
scaling factor: 300
query mode: simple
number of clients: 64
number of threads: 4
duration: 60 s
number of transactions actually processed: 5166980
latency average: 0.743 ms
tps = 86013.993883 (including connections establishing)
tps = 86017.240755 (excluding connections establishing)
script statistics:
 - statement latencies in milliseconds:
         0.001  \set aid random(1, 100000 * :scale)
         0.746  SELECT abalance FROM pgbench_accounts WHERE aid = :aid;
avg-cpu:  %user   %nice %system %iowait  %steal   %idle
          54,42    0,00   10,87    1,19    0,00   33,52

Device:         rrqm/s   wrqm/s     r/s     w/s    rkB/s    wkB/s avgrq-sz avgqu-sz   await r_await w_await  svctm  %util
sdb               0,00     0,87   13,71    2,17   129,60    10,68    17,67     2,06  129,53  146,83   20,04   5,62   8,92
sda               0,00     0,87   15,01    2,17   141,78    10,68    17,75     1,25   73,05   81,24   16,35   5,57   9,57
md0               0,00     0,00    0,00    0,00     0,00     0,00     0,00     0,00    0,00    0,00    0,00   0,00   0,00
md1               0,00     0,00    0,00    0,00     0,00     0,00     0,00     0,00    0,00    0,00    0,00   0,00   0,00
md2               0,00     0,00   28,72    1,66   271,38     7,60    18,37     0,00    0,00    0,00    0,00   0,00   0,00
md3               0,00     0,00    0,00    0,11     0,00     0,44     8,00     0,00    0,00    0,00    0,00   0,00   0,00

Control File Changes
--- /usr/local/oldpgsql/2016-02-25-REL9_5_ALPHA1-1114-g57a6a72/before.controldata	2016-08-12 04:15:41.577258488 +0200
+++ /usr/local/oldpgsql/2016-02-25-REL9_5_ALPHA1-1114-g57a6a72/after.controldata	2016-08-12 04:17:11.821398721 +0200
@@ -5,4 +5,4 @@
-pg_control last modified:             Fri Aug 12 02:15:41 2016
-Latest checkpoint location:           3/43FDBB50
-Prior checkpoint location:            3/43FDBAE0
-Latest checkpoint's REDO location:    3/43FDBB50
+pg_control last modified:             Fri Aug 12 02:17:11 2016
+Latest checkpoint location:           3/43FDFE00
+Prior checkpoint location:            3/43FDBB50
+Latest checkpoint's REDO location:    3/43FDFE00
@@ -13,2 +13,2 @@
-Latest checkpoint's NextXID:          0:754294
-Latest checkpoint's NextOID:          16471
+Latest checkpoint's NextXID:          0:754295
+Latest checkpoint's NextOID:          24663
@@ -24 +24 @@
-Time of latest checkpoint:            Fri Aug 12 02:15:41 2016
+Time of latest checkpoint:            Fri Aug 12 02:17:11 2016
size after pgbench of pgbench_tellers: 8
size after pgbench of pgbench_branches: 8
size after pgbench of pgbench_accounts: 64
size after pgbench of pgbench_branches_pkey: 32
size after pgbench of pgbench_tellers_pkey: 152
size after pgbench of pgbench_accounts_pkey: 658092
size after pgbench of pgbench_history: 0
total size after pgbench: 658356
End Time: 2016-08-12 02:17:11+00:00
========================================================================
========================================================================
Testing 2016-02-25-REL9_5_ALPHA1-1114-g57a6a72
Start Time: 2016-08-12 23:02:35+00:00
Shared Buffers:  260000
size before pgbench of pgbench_tellers: 8
size before pgbench of pgbench_branches: 8
size before pgbench of pgbench_accounts: 64
size before pgbench of pgbench_branches_pkey: 32
size before pgbench of pgbench_tellers_pkey: 152
size before pgbench of pgbench_accounts_pkey: 658092
size before pgbench of pgbench_history: 0
total size before pgbench: 658356
+ /usr/local/pgsql/bin/pgbench -T 60 -S -c 64 -j 4 -r
Linux 3.16.0-4-amd64 (Debian-83-jessie-64-minimal) 	13.08.16 	_x86_64_	(8 CPU)

starting vacuum...end.
transaction type: <builtin: select only>
scaling factor: 300
query mode: simple
number of clients: 64
number of threads: 4
duration: 60 s
number of transactions actually processed: 5142541
latency average: 0.747 ms
tps = 85653.758572 (including connections establishing)
tps = 85657.342603 (excluding connections establishing)
script statistics:
 - statement latencies in milliseconds:
         0.001  \set aid random(1, 100000 * :scale)
         0.749  SELECT abalance FROM pgbench_accounts WHERE aid = :aid;
avg-cpu:  %user   %nice %system %iowait  %steal   %idle
          54,36    0,00   10,87    1,21    0,00   33,56

Device:         rrqm/s   wrqm/s     r/s     w/s    rkB/s    wkB/s avgrq-sz avgqu-sz   await r_await w_await  svctm  %util
sdb               0,02     1,21   13,06    2,31   125,07    12,66    17,92     1,47   95,56  108,89   20,23   5,61   8,61
sda               1,41     1,21   16,52    2,31   159,24    12,66    18,25     2,17  115,02  128,31   20,00   5,50  10,36
md0               0,00     0,00    2,51    0,00    10,04     0,00     8,00     0,00    0,00    0,00    0,00   0,00   0,00
md1               0,00     0,00    0,00    0,00     0,00     0,00     0,00     0,00    0,00    0,00    0,00   0,00   0,00
md2               0,00     0,00   28,52    1,99   274,00     9,07    18,55     0,00    0,00    0,00    0,00   0,00   0,00
md3               0,00     0,00    0,00    0,19     0,00     0,76     8,00     0,00    0,00    0,00    0,00   0,00   0,00

Control File Changes
--- /usr/local/oldpgsql/2016-02-25-REL9_5_ALPHA1-1114-g57a6a72/before.controldata	2016-08-13 01:03:53.552456203 +0200
+++ /usr/local/oldpgsql/2016-02-25-REL9_5_ALPHA1-1114-g57a6a72/after.controldata	2016-08-13 01:05:23.836639820 +0200
@@ -5,4 +5,4 @@
-pg_control last modified:             Fri Aug 12 23:03:53 2016
-Latest checkpoint location:           3/43FDFEE0
-Prior checkpoint location:            3/43FDFE70
-Latest checkpoint's REDO location:    3/43FDFEE0
+pg_control last modified:             Fri Aug 12 23:05:23 2016
+Latest checkpoint location:           3/43FE42A0
+Prior checkpoint location:            3/43FDFEE0
+Latest checkpoint's REDO location:    3/43FE42A0
@@ -13,2 +13,2 @@
-Latest checkpoint's NextXID:          0:754295
-Latest checkpoint's NextOID:          16472
+Latest checkpoint's NextXID:          0:754296
+Latest checkpoint's NextOID:          24664
@@ -24 +24 @@
-Time of latest checkpoint:            Fri Aug 12 23:03:53 2016
+Time of latest checkpoint:            Fri Aug 12 23:05:23 2016
size after pgbench of pgbench_tellers: 8
size after pgbench of pgbench_branches: 8
size after pgbench of pgbench_accounts: 64
size after pgbench of pgbench_branches_pkey: 32
size after pgbench of pgbench_tellers_pkey: 152
size after pgbench of pgbench_accounts_pkey: 658092
size after pgbench of pgbench_history: 0
total size after pgbench: 658356
End Time: 2016-08-12 23:05:23+00:00
========================================================================
========================================================================
Testing 2016-02-25-REL9_5_ALPHA1-1114-g57a6a72
Start Time: 2016-08-13 00:53:36+00:00
Shared Buffers:  260000
size before pgbench of pgbench_tellers: 8
size before pgbench of pgbench_branches: 8
size before pgbench of pgbench_accounts: 64
size before pgbench of pgbench_branches_pkey: 32
size before pgbench of pgbench_tellers_pkey: 152
size before pgbench of pgbench_accounts_pkey: 658092
size before pgbench of pgbench_history: 0
total size before pgbench: 658356
Linux 3.16.0-4-amd64 (Debian-83-jessie-64-minimal) 	13.08.16 	_x86_64_	(8 CPU)

starting vacuum...end.
transaction type: <builtin: select only>
scaling factor: 300
query mode: simple
number of clients: 48
number of threads: 4
duration: 60 s
number of transactions actually processed: 5341619
latency average: 0.539 ms
tps = 88978.229196 (including connections establishing)
tps = 88981.659536 (excluding connections establishing)
script statistics:
 - statement latencies in milliseconds:
         0.001  \set aid random(1, 100000 * :scale)
         0.542  SELECT abalance FROM pgbench_accounts WHERE aid = :aid;
avg-cpu:  %user   %nice %system %iowait  %steal   %idle
          54,86    0,00   10,68    1,10    0,00   33,37

Device:         rrqm/s   wrqm/s     r/s     w/s    rkB/s    wkB/s avgrq-sz avgqu-sz   await r_await w_await  svctm  %util
sdb               0,00     0,87   13,87    2,27   128,98    11,18    17,38     1,10   67,90   76,43   15,73   5,60   9,03
sda               0,96     0,87   16,83    2,27   154,53    11,18    17,35     1,21   63,54   70,03   15,31   5,44  10,38
md0               0,00     0,00    1,90    0,00     7,60     0,00     8,00     0,00    0,00    0,00    0,00   0,00   0,00
md1               0,00     0,00    0,00    0,00     0,00     0,00     0,00     0,00    0,00    0,00    0,00   0,00   0,00
md2               0,00     0,00   29,76    1,74   275,64     8,04    18,01     0,00    0,00    0,00    0,00   0,00   0,00
md3               0,00     0,00    0,00    0,10     0,00     0,40     8,00     0,00    0,00    0,00    0,00   0,00   0,00

Control File Changes
--- /usr/local/oldpgsql/2016-02-25-REL9_5_ALPHA1-1114-g57a6a72/before.controldata	2016-08-13 02:54:52.162315158 +0200
+++ /usr/local/oldpgsql/2016-02-25-REL9_5_ALPHA1-1114-g57a6a72/after.controldata	2016-08-13 02:56:22.430501157 +0200
@@ -5,4 +5,4 @@
-pg_control last modified:             Sat Aug 13 00:54:52 2016
-Latest checkpoint location:           3/43FE4380
-Prior checkpoint location:            3/43FE4310
-Latest checkpoint's REDO location:    3/43FE4380
+pg_control last modified:             Sat Aug 13 00:56:22 2016
+Latest checkpoint location:           3/43FE8818
+Prior checkpoint location:            3/43FE4380
+Latest checkpoint's REDO location:    3/43FE8818
@@ -13,2 +13,2 @@
-Latest checkpoint's NextXID:          0:754296
-Latest checkpoint's NextOID:          16473
+Latest checkpoint's NextXID:          0:754297
+Latest checkpoint's NextOID:          24665
@@ -24 +24 @@
-Time of latest checkpoint:            Sat Aug 13 00:54:51 2016
+Time of latest checkpoint:            Sat Aug 13 00:56:22 2016
size after pgbench of pgbench_tellers: 8
size after pgbench of pgbench_branches: 8
size after pgbench of pgbench_accounts: 64
size after pgbench of pgbench_branches_pkey: 32
size after pgbench of pgbench_tellers_pkey: 152
size after pgbench of pgbench_accounts_pkey: 658092
size after pgbench of pgbench_history: 0
total size after pgbench: 658356
End Time: 2016-08-13 00:56:22+00:00
========================================================================
========================================================================
Testing 2016-02-25-REL9_5_ALPHA1-1114-g57a6a72
Start Time: 2016-08-13 10:34:16+00:00
Shared Buffers:  260000
size before pgbench of pgbench_tellers: 8
size before pgbench of pgbench_branches: 8
size before pgbench of pgbench_accounts: 64
size before pgbench of pgbench_branches_pkey: 32
size before pgbench of pgbench_tellers_pkey: 152
size before pgbench of pgbench_accounts_pkey: 658092
size before pgbench of pgbench_history: 0
total size before pgbench: 658356
Linux 3.16.0-4-amd64 (Debian-83-jessie-64-minimal) 	13.08.16 	_x86_64_	(8 CPU)

starting vacuum...end.
transaction type: <builtin: select only>
scaling factor: 300
query mode: simple
number of clients: 48
number of threads: 4
duration: 60 s
number of transactions actually processed: 5356639
latency average: 0.538 ms
tps = 89229.060104 (including connections establishing)
tps = 89233.643893 (excluding connections establishing)
script statistics:
 - statement latencies in milliseconds:
         0.001  \set aid random(1, 100000 * :scale)
         0.541  SELECT abalance FROM pgbench_accounts WHERE aid = :aid;
avg-cpu:  %user   %nice %system %iowait  %steal   %idle
          54,92    0,00   10,65    1,06    0,00   33,38

Device:         rrqm/s   wrqm/s     r/s     w/s    rkB/s    wkB/s avgrq-sz avgqu-sz   await r_await w_await  svctm  %util
sdb               0,00     0,94   13,30    2,21   128,31    11,20    17,99     0,99   64,12   72,22   15,40   5,60   8,69
sda               0,00     0,94   15,31    2,21   143,16    11,20    17,62     1,48   84,62   94,23   18,09   5,53   9,68
md0               0,00     0,00    0,02    0,00     0,09     0,00     8,00     0,00    0,00    0,00    0,00   0,00   0,00
md1               0,00     0,00    0,00    0,00     0,00     0,00     0,00     0,00    0,00    0,00    0,00   0,00   0,00
md2               0,00     0,00   28,60    1,74   271,38     8,04    18,42     0,00    0,00    0,00    0,00   0,00   0,00
md3               0,00     0,00    0,00    0,10     0,00     0,40     8,00     0,00    0,00    0,00    0,00   0,00   0,00

Control File Changes
--- /usr/local/oldpgsql/2016-02-25-REL9_5_ALPHA1-1114-g57a6a72/before.controldata	2016-08-13 12:35:32.793617696 +0200
+++ /usr/local/oldpgsql/2016-02-25-REL9_5_ALPHA1-1114-g57a6a72/after.controldata	2016-08-13 12:37:03.041797991 +0200
@@ -5,4 +5,4 @@
-pg_control last modified:             Sat Aug 13 10:35:32 2016
-Latest checkpoint location:           3/43FE88F8
-Prior checkpoint location:            3/43FE8888
-Latest checkpoint's REDO location:    3/43FE88F8
+pg_control last modified:             Sat Aug 13 10:37:02 2016
+Latest checkpoint location:           3/43FECE90
+Prior checkpoint location:            3/43FE88F8
+Latest checkpoint's REDO location:    3/43FECE90
@@ -13,2 +13,2 @@
-Latest checkpoint's NextXID:          0:754297
-Latest checkpoint's NextOID:          16474
+Latest checkpoint's NextXID:          0:754298
+Latest checkpoint's NextOID:          24666
@@ -24 +24 @@
-Time of latest checkpoint:            Sat Aug 13 10:35:32 2016
+Time of latest checkpoint:            Sat Aug 13 10:37:02 2016
size after pgbench of pgbench_tellers: 8
size after pgbench of pgbench_branches: 8
size after pgbench of pgbench_accounts: 64
size after pgbench of pgbench_branches_pkey: 32
size after pgbench of pgbench_tellers_pkey: 152
size after pgbench of pgbench_accounts_pkey: 658092
size after pgbench of pgbench_history: 0
total size after pgbench: 658356
End Time: 2016-08-13 10:37:03+00:00
========================================================================
========================================================================
Testing 2016-02-25-REL9_5_ALPHA1-1114-g57a6a72
Start Time: 2016-08-14 08:05:52+00:00
Shared Buffers:  260000
size before pgbench of pgbench_tellers: 8
size before pgbench of pgbench_branches: 8
size before pgbench of pgbench_accounts: 64
size before pgbench of pgbench_branches_pkey: 32
size before pgbench of pgbench_tellers_pkey: 152
size before pgbench of pgbench_accounts_pkey: 658092
size before pgbench of pgbench_history: 0
total size before pgbench: 658356
Linux 3.16.0-4-amd64 (Debian-83-jessie-64-minimal) 	14.08.16 	_x86_64_	(8 CPU)

starting vacuum...end.
transaction type: <builtin: TPC-B (sort of)>
scaling factor: 300
query mode: simple
number of clients: 32
number of threads: 4
duration: 900 s
number of transactions actually processed: 365449
latency average: 78.807 ms
tps = 406.028929 (including connections establishing)
tps = 406.030044 (excluding connections establishing)
script statistics:
 - statement latencies in milliseconds:
         0.001  \set aid random(1, 100000 * :scale)
         0.001  \set bid random(1, 1 * :scale)
         0.001  \set tid random(1, 10 * :scale)
         0.001  \set delta random(-5000, 5000)
         0.243  BEGIN;
         0.546  UPDATE pgbench_accounts SET abalance = abalance + :delta WHERE aid = :aid;
         0.337  SELECT abalance FROM pgbench_accounts WHERE aid = :aid;
         0.706  UPDATE pgbench_tellers SET tbalance = tbalance + :delta WHERE tid = :tid;
         4.102  UPDATE pgbench_branches SET bbalance = bbalance + :delta WHERE bid = :bid;
         0.220  INSERT INTO pgbench_history (tid, bid, aid, delta, mtime) VALUES (:tid, :bid, :aid, :delta, CURRENT_TIMESTAMP);
        73.317  END;
avg-cpu:  %user   %nice %system %iowait  %steal   %idle
           3,49    0,00    1,00   11,27    0,00   84,24

Device:         rrqm/s   wrqm/s     r/s     w/s    rkB/s    wkB/s avgrq-sz avgqu-sz   await r_await w_await  svctm  %util
sdb               0,00     2,32    0,22  420,94     2,03  7137,95    33,91    74,76  177,44   42,91  177,50   1,92  80,66
sda               0,07     2,29    2,32  421,04    21,54  7138,51    33,82    72,64  171,57   21,53  172,39   1,93  81,73
md0               0,00     0,00    0,18    0,00     0,74     0,00     8,00     0,00    0,00    0,00    0,00   0,00   0,00
md1               0,00     0,00    0,00    0,00     0,00     0,00     0,00     0,00    0,00    0,00    0,00   0,00   0,00
md2               0,00     0,00    2,43  422,80    22,83  7138,86    33,68     0,00    0,00    0,00    0,00   0,00   0,00
md3               0,00     0,00    0,00    0,01     0,00     0,04     8,00     0,00    0,00    0,00    0,00   0,00   0,00

Control File Changes
--- /usr/local/oldpgsql/2016-02-25-REL9_5_ALPHA1-1114-g57a6a72/before.controldata	2016-08-14 10:07:10.779104124 +0200
+++ /usr/local/oldpgsql/2016-02-25-REL9_5_ALPHA1-1114-g57a6a72/after.controldata	2016-08-14 10:24:04.745794203 +0200
@@ -5,5 +5,5 @@
-pg_control last modified:             Sun Aug 14 08:07:10 2016
-Latest checkpoint location:           3/43FECF70
-Prior checkpoint location:            3/43FECF00
-Latest checkpoint's REDO location:    3/43FECF70
-Latest checkpoint's REDO WAL file:    000000010000000300000043
+pg_control last modified:             Sun Aug 14 08:24:04 2016
+Latest checkpoint location:           4/11BB5A48
+Prior checkpoint location:            4/11BB59D8
+Latest checkpoint's REDO location:    4/11BB5A48
+Latest checkpoint's REDO WAL file:    000000010000000400000011
@@ -13,2 +13,2 @@
-Latest checkpoint's NextXID:          0:754298
-Latest checkpoint's NextOID:          16475
+Latest checkpoint's NextXID:          0:1119791
+Latest checkpoint's NextOID:          24667
@@ -24 +24 @@
-Time of latest checkpoint:            Sun Aug 14 08:07:10 2016
+Time of latest checkpoint:            Sun Aug 14 08:23:25 2016
size after pgbench of pgbench_tellers: 8
size after pgbench of pgbench_branches: 8
size after pgbench of pgbench_accounts: 64
size after pgbench of pgbench_branches_pkey: 32
size after pgbench of pgbench_tellers_pkey: 152
size after pgbench of pgbench_accounts_pkey: 658092
size after pgbench of pgbench_history: 24
total size after pgbench: 658380
End Time: 2016-08-14 08:24:04+00:00
========================================================================
========================================================================
Testing 2016-02-25-REL9_5_ALPHA1-1114-g57a6a72
Start Time: 2016-08-15 23:33:51+00:00
Shared Buffers:  260000
size before pgbench of pgbench_tellers: 8
size before pgbench of pgbench_branches: 8
size before pgbench of pgbench_accounts: 64
size before pgbench of pgbench_branches_pkey: 32
size before pgbench of pgbench_tellers_pkey: 152
size before pgbench of pgbench_accounts_pkey: 658092
size before pgbench of pgbench_history: 24
total size before pgbench: 658380
Linux 4.6.0-1-amd64 (Debian-83-jessie-64-minimal) 	16.08.16 	_x86_64_	(8 CPU)

starting vacuum...end.
transaction type: <builtin: TPC-B (sort of)>
scaling factor: 300
query mode: simple
number of clients: 32
number of threads: 4
duration: 900 s
number of transactions actually processed: 349955
latency average: 82.296 ms
tps = 388.777687 (including connections establishing)
tps = 388.778542 (excluding connections establishing)
script statistics:
 - statement latencies in milliseconds:
         0.002  \set aid random(1, 100000 * :scale)
         0.001  \set bid random(1, 1 * :scale)
         0.001  \set tid random(1, 10 * :scale)
         0.001  \set delta random(-5000, 5000)
         0.319  BEGIN;
         0.596  UPDATE pgbench_accounts SET abalance = abalance + :delta WHERE aid = :aid;
         0.447  SELECT abalance FROM pgbench_accounts WHERE aid = :aid;
         0.872  UPDATE pgbench_tellers SET tbalance = tbalance + :delta WHERE tid = :tid;
         4.519  UPDATE pgbench_branches SET bbalance = bbalance + :delta WHERE bid = :bid;
         0.280  INSERT INTO pgbench_history (tid, bid, aid, delta, mtime) VALUES (:tid, :bid, :aid, :delta, CURRENT_TIMESTAMP);
        76.008  END;
avg-cpu:  %user   %nice %system %iowait  %steal   %idle
           4,01    0,00    1,15   20,76    0,00   74,08

Device:         rrqm/s   wrqm/s     r/s     w/s    rkB/s    wkB/s avgrq-sz avgqu-sz   await r_await w_await  svctm  %util
sdb               0,00     2,85    0,06  359,07     0,66  6291,86    35,04    62,31  173,42   23,23  173,45   2,25  80,72
sda               0,00     2,84    0,42  359,22     3,68  6293,08    35,02    51,94  144,43   22,54  144,57   2,16  77,84
md0               0,00     0,00    0,01    0,00     0,04     0,00     8,00     0,00    0,00    0,00    0,00   0,00   0,00
md1               0,00     0,00    0,00    0,00     0,00     0,00     0,00     0,00    0,00    0,00    0,00   0,00   0,00
md2               0,00     0,00    0,48  376,90     4,31  6421,49    34,06     0,00    0,00    0,00    0,00   0,00   0,00
md3               0,00     0,00    0,00    0,01     0,00     0,04     8,00     0,00    0,00    0,00    0,00   0,00   0,00

Control File Changes
--- /usr/local/oldpgsql/2016-02-25-REL9_5_ALPHA1-1114-g57a6a72/before.controldata	2016-08-16 01:37:01.249176673 +0200
+++ /usr/local/oldpgsql/2016-02-25-REL9_5_ALPHA1-1114-g57a6a72/after.controldata	2016-08-16 01:54:51.207322934 +0200
@@ -5,5 +5,5 @@
-pg_control last modified:             Mon Aug 15 23:37:01 2016
-Latest checkpoint location:           4/8E032588
-Prior checkpoint location:            4/8E032518
-Latest checkpoint's REDO location:    4/8E032588
-Latest checkpoint's REDO WAL file:    00000001000000040000008E
+pg_control last modified:             Mon Aug 15 23:54:51 2016
+Latest checkpoint location:           5/44B2ABC8
+Prior checkpoint location:            5/44B2AB58
+Latest checkpoint's REDO location:    5/44B2ABC8
+Latest checkpoint's REDO WAL file:    000000010000000500000044
@@ -13,2 +13,2 @@
-Latest checkpoint's NextXID:          0:1119791
-Latest checkpoint's NextOID:          16476
+Latest checkpoint's NextXID:          0:1469790
+Latest checkpoint's NextOID:          24668
@@ -24 +24 @@
-Time of latest checkpoint:            Mon Aug 15 23:37:00 2016
+Time of latest checkpoint:            Mon Aug 15 23:53:58 2016
size after pgbench of pgbench_tellers: 8
size after pgbench of pgbench_branches: 8
size after pgbench of pgbench_accounts: 64
size after pgbench of pgbench_branches_pkey: 32
size after pgbench of pgbench_tellers_pkey: 152
size after pgbench of pgbench_accounts_pkey: 658092
size after pgbench of pgbench_history: 24
total size after pgbench: 658380
End Time: 2016-08-15 23:54:51+00:00
========================================================================
========================================================================
Testing 2016-02-25-REL9_5_ALPHA1-1114-g57a6a72
Start Time: 2016-08-20 14:52:48+00:00
Shared Buffers:  260000
size before pgbench of pgbench_tellers: 8
size before pgbench of pgbench_branches: 8
size before pgbench of pgbench_accounts: 64
size before pgbench of pgbench_branches_pkey: 32
size before pgbench of pgbench_tellers_pkey: 152
size before pgbench of pgbench_accounts_pkey: 658092
size before pgbench of pgbench_history: 24
total size before pgbench: 658380
Linux 4.6.0-1-amd64 (Debian-83-jessie-64-minimal) 	20.08.16 	_x86_64_	(8 CPU)

starting vacuum...end.
transaction type: <builtin: TPC-B (sort of)>
scaling factor: 300
query mode: simple
number of clients: 32
number of threads: 4
duration: 900 s
number of transactions actually processed: 322615
latency average: 89.270 ms
tps = 358.317664 (including connections establishing)
tps = 358.318742 (excluding connections establishing)
script statistics:
 - statement latencies in milliseconds:
         0.002  \set aid random(1, 100000 * :scale)
         0.001  \set bid random(1, 1 * :scale)
         0.001  \set tid random(1, 10 * :scale)
         0.001  \set delta random(-5000, 5000)
         0.337  BEGIN;
         0.595  UPDATE pgbench_accounts SET abalance = abalance + :delta WHERE aid = :aid;
         0.459  SELECT abalance FROM pgbench_accounts WHERE aid = :aid;
         0.943  UPDATE pgbench_tellers SET tbalance = tbalance + :delta WHERE tid = :tid;
         4.848  UPDATE pgbench_branches SET bbalance = bbalance + :delta WHERE bid = :bid;
         0.290  INSERT INTO pgbench_history (tid, bid, aid, delta, mtime) VALUES (:tid, :bid, :aid, :delta, CURRENT_TIMESTAMP);
        82.126  END;
avg-cpu:  %user   %nice %system %iowait  %steal   %idle
           3,77    0,00    1,06   20,60    0,00   74,56

Device:         rrqm/s   wrqm/s     r/s     w/s    rkB/s    wkB/s avgrq-sz avgqu-sz   await r_await w_await  svctm  %util
sdb               0,04     3,08    0,03  337,99     0,36  5689,27    33,66    72,36  214,01   35,83  214,03   2,43  82,21
sda               0,08     3,07    0,30  338,05     2,38  5689,70    33,65    51,15  151,15   22,04  151,26   2,24  75,71
md0               0,00     0,00    0,19    0,00     0,78     0,00     8,00     0,00    0,00    0,00    0,00   0,00   0,00
md1               0,00     0,00    0,00    0,00     0,00     0,00     0,00     0,00    0,00    0,00    0,00   0,00   0,00
md2               0,00     0,00    0,26  341,41     1,96  5695,62    33,35     0,00    0,00    0,00    0,00   0,00   0,00
md3               0,00     0,00    0,00    0,01     0,00     0,04     8,00     0,00    0,00    0,00    0,00   0,00   0,00

Control File Changes
--- /usr/local/oldpgsql/2016-02-25-REL9_5_ALPHA1-1114-g57a6a72/before.controldata	2016-08-20 16:55:46.370086618 +0200
+++ /usr/local/oldpgsql/2016-02-25-REL9_5_ALPHA1-1114-g57a6a72/after.controldata	2016-08-20 17:12:27.452015772 +0200
@@ -5,5 +5,5 @@
-pg_control last modified:             Sat Aug 20 14:55:46 2016
-Latest checkpoint location:           5/BD4A3538
-Prior checkpoint location:            5/BD4A34C8
-Latest checkpoint's REDO location:    5/BD4A3538
-Latest checkpoint's REDO WAL file:    0000000100000005000000BD
+pg_control last modified:             Sat Aug 20 15:12:27 2016
+Latest checkpoint location:           6/5F4294E0
+Prior checkpoint location:            6/5F418608
+Latest checkpoint's REDO location:    6/5F419F78
+Latest checkpoint's REDO WAL file:    00000001000000060000005F
@@ -13,2 +13,2 @@
-Latest checkpoint's NextXID:          0:1469790
-Latest checkpoint's NextOID:          16477
+Latest checkpoint's NextXID:          0:1792447
+Latest checkpoint's NextOID:          24669
@@ -24 +24 @@
-Time of latest checkpoint:            Sat Aug 20 14:55:46 2016
+Time of latest checkpoint:            Sat Aug 20 15:11:33 2016
size after pgbench of pgbench_tellers: 8
size after pgbench of pgbench_branches: 8
size after pgbench of pgbench_accounts: 64
size after pgbench of pgbench_branches_pkey: 32
size after pgbench of pgbench_tellers_pkey: 152
size after pgbench of pgbench_accounts_pkey: 658092
size after pgbench of pgbench_history: 24
total size after pgbench: 658380
End Time: 2016-08-20 15:12:27+00:00
========================================================================
