creating tables...
100000 of 30000000 tuples (0%) done (elapsed 0.06 s, remaining 17.05 s)
200000 of 30000000 tuples (0%) done (elapsed 0.12 s, remaining 17.55 s)
300000 of 30000000 tuples (1%) done (elapsed 0.17 s, remaining 17.15 s)
400000 of 30000000 tuples (1%) done (elapsed 0.23 s, remaining 17.29 s)
500000 of 30000000 tuples (1%) done (elapsed 0.29 s, remaining 17.03 s)
600000 of 30000000 tuples (2%) done (elapsed 0.35 s, remaining 17.10 s)
700000 of 30000000 tuples (2%) done (elapsed 0.40 s, remaining 16.92 s)
800000 of 30000000 tuples (2%) done (elapsed 0.46 s, remaining 16.77 s)
900000 of 30000000 tuples (3%) done (elapsed 0.52 s, remaining 16.81 s)
1000000 of 30000000 tuples (3%) done (elapsed 0.58 s, remaining 16.74 s)
1100000 of 30000000 tuples (3%) done (elapsed 0.63 s, remaining 16.62 s)
1200000 of 30000000 tuples (4%) done (elapsed 0.69 s, remaining 16.51 s)
1300000 of 30000000 tuples (4%) done (elapsed 0.75 s, remaining 16.50 s)
1400000 of 30000000 tuples (4%) done (elapsed 0.80 s, remaining 16.40 s)
1500000 of 30000000 tuples (5%) done (elapsed 0.86 s, remaining 16.31 s)
1600000 of 30000000 tuples (5%) done (elapsed 0.92 s, remaining 16.30 s)
1700000 of 30000000 tuples (5%) done (elapsed 0.97 s, remaining 16.21 s)
1800000 of 30000000 tuples (6%) done (elapsed 1.03 s, remaining 16.13 s)
1900000 of 30000000 tuples (6%) done (elapsed 1.09 s, remaining 16.11 s)
2000000 of 30000000 tuples (6%) done (elapsed 1.14 s, remaining 16.03 s)
2100000 of 30000000 tuples (7%) done (elapsed 1.20 s, remaining 15.94 s)
2200000 of 30000000 tuples (7%) done (elapsed 1.26 s, remaining 15.92 s)
2300000 of 30000000 tuples (7%) done (elapsed 1.32 s, remaining 15.84 s)
2400000 of 30000000 tuples (8%) done (elapsed 1.37 s, remaining 15.75 s)
2500000 of 30000000 tuples (8%) done (elapsed 1.43 s, remaining 15.68 s)
2600000 of 30000000 tuples (8%) done (elapsed 1.48 s, remaining 15.65 s)
2700000 of 30000000 tuples (9%) done (elapsed 1.54 s, remaining 15.57 s)
2800000 of 30000000 tuples (9%) done (elapsed 1.60 s, remaining 15.50 s)
2900000 of 30000000 tuples (9%) done (elapsed 1.66 s, remaining 15.47 s)
3000000 of 30000000 tuples (10%) done (elapsed 1.71 s, remaining 15.40 s)
3100000 of 30000000 tuples (10%) done (elapsed 1.77 s, remaining 15.33 s)
3200000 of 30000000 tuples (10%) done (elapsed 1.83 s, remaining 15.29 s)
3300000 of 30000000 tuples (11%) done (elapsed 1.88 s, remaining 15.22 s)
3400000 of 30000000 tuples (11%) done (elapsed 1.94 s, remaining 15.15 s)
3500000 of 30000000 tuples (11%) done (elapsed 1.99 s, remaining 15.08 s)
3600000 of 30000000 tuples (12%) done (elapsed 2.05 s, remaining 15.05 s)
3700000 of 30000000 tuples (12%) done (elapsed 2.11 s, remaining 14.98 s)
3800000 of 30000000 tuples (12%) done (elapsed 2.16 s, remaining 14.91 s)
3900000 of 30000000 tuples (13%) done (elapsed 2.22 s, remaining 14.87 s)
4000000 of 30000000 tuples (13%) done (elapsed 2.28 s, remaining 14.81 s)
4100000 of 30000000 tuples (13%) done (elapsed 2.33 s, remaining 14.74 s)
4200000 of 30000000 tuples (14%) done (elapsed 2.39 s, remaining 14.67 s)
4300000 of 30000000 tuples (14%) done (elapsed 2.45 s, remaining 14.63 s)
4400000 of 30000000 tuples (14%) done (elapsed 2.50 s, remaining 14.56 s)
4500000 of 30000000 tuples (15%) done (elapsed 2.56 s, remaining 14.50 s)
4600000 of 30000000 tuples (15%) done (elapsed 2.62 s, remaining 14.46 s)
4700000 of 30000000 tuples (15%) done (elapsed 2.67 s, remaining 14.39 s)
4800000 of 30000000 tuples (16%) done (elapsed 2.73 s, remaining 14.32 s)
4900000 of 30000000 tuples (16%) done (elapsed 2.78 s, remaining 14.26 s)
5000000 of 30000000 tuples (16%) done (elapsed 2.84 s, remaining 14.22 s)
5100000 of 30000000 tuples (17%) done (elapsed 2.90 s, remaining 14.15 s)
5200000 of 30000000 tuples (17%) done (elapsed 2.95 s, remaining 14.09 s)
5300000 of 30000000 tuples (17%) done (elapsed 3.01 s, remaining 14.02 s)
5400000 of 30000000 tuples (18%) done (elapsed 3.07 s, remaining 13.98 s)
5500000 of 30000000 tuples (18%) done (elapsed 3.12 s, remaining 13.91 s)
5600000 of 30000000 tuples (18%) done (elapsed 3.18 s, remaining 13.85 s)
5700000 of 30000000 tuples (19%) done (elapsed 3.24 s, remaining 13.80 s)
5800000 of 30000000 tuples (19%) done (elapsed 3.29 s, remaining 13.74 s)
5900000 of 30000000 tuples (19%) done (elapsed 3.35 s, remaining 13.68 s)
6000000 of 30000000 tuples (20%) done (elapsed 3.40 s, remaining 13.62 s)
6100000 of 30000000 tuples (20%) done (elapsed 3.46 s, remaining 13.57 s)
6200000 of 30000000 tuples (20%) done (elapsed 3.52 s, remaining 13.51 s)
6300000 of 30000000 tuples (21%) done (elapsed 3.57 s, remaining 13.45 s)
6400000 of 30000000 tuples (21%) done (elapsed 3.63 s, remaining 13.40 s)
6500000 of 30000000 tuples (21%) done (elapsed 3.69 s, remaining 13.34 s)
6600000 of 30000000 tuples (22%) done (elapsed 3.74 s, remaining 13.28 s)
6700000 of 30000000 tuples (22%) done (elapsed 3.80 s, remaining 13.22 s)
6800000 of 30000000 tuples (22%) done (elapsed 3.86 s, remaining 13.17 s)
6900000 of 30000000 tuples (23%) done (elapsed 3.92 s, remaining 13.11 s)
7000000 of 30000000 tuples (23%) done (elapsed 3.97 s, remaining 13.05 s)
7100000 of 30000000 tuples (23%) done (elapsed 4.03 s, remaining 13.00 s)
7200000 of 30000000 tuples (24%) done (elapsed 4.09 s, remaining 12.94 s)
7300000 of 30000000 tuples (24%) done (elapsed 4.14 s, remaining 12.88 s)
7400000 of 30000000 tuples (24%) done (elapsed 4.20 s, remaining 12.82 s)
7500000 of 30000000 tuples (25%) done (elapsed 4.26 s, remaining 12.77 s)
7600000 of 30000000 tuples (25%) done (elapsed 4.31 s, remaining 12.71 s)
7700000 of 30000000 tuples (25%) done (elapsed 4.37 s, remaining 12.65 s)
7800000 of 30000000 tuples (26%) done (elapsed 4.43 s, remaining 12.60 s)
7900000 of 30000000 tuples (26%) done (elapsed 4.48 s, remaining 12.54 s)
8000000 of 30000000 tuples (26%) done (elapsed 4.54 s, remaining 12.48 s)
8100000 of 30000000 tuples (27%) done (elapsed 4.59 s, remaining 12.42 s)
8200000 of 30000000 tuples (27%) done (elapsed 4.65 s, remaining 12.37 s)
8300000 of 30000000 tuples (27%) done (elapsed 4.71 s, remaining 12.31 s)
8400000 of 30000000 tuples (28%) done (elapsed 4.76 s, remaining 12.25 s)
8500000 of 30000000 tuples (28%) done (elapsed 4.82 s, remaining 12.19 s)
8600000 of 30000000 tuples (28%) done (elapsed 4.88 s, remaining 12.14 s)
8700000 of 30000000 tuples (29%) done (elapsed 4.93 s, remaining 12.08 s)
8800000 of 30000000 tuples (29%) done (elapsed 4.99 s, remaining 12.02 s)
8900000 of 30000000 tuples (29%) done (elapsed 5.05 s, remaining 11.97 s)
9000000 of 30000000 tuples (30%) done (elapsed 5.10 s, remaining 11.91 s)
9100000 of 30000000 tuples (30%) done (elapsed 5.16 s, remaining 11.85 s)
9200000 of 30000000 tuples (30%) done (elapsed 5.21 s, remaining 11.79 s)
9300000 of 30000000 tuples (31%) done (elapsed 5.27 s, remaining 11.74 s)
9400000 of 30000000 tuples (31%) done (elapsed 5.33 s, remaining 11.68 s)
9500000 of 30000000 tuples (31%) done (elapsed 5.39 s, remaining 11.62 s)
9600000 of 30000000 tuples (32%) done (elapsed 5.44 s, remaining 11.56 s)
9700000 of 30000000 tuples (32%) done (elapsed 5.50 s, remaining 11.51 s)
9800000 of 30000000 tuples (32%) done (elapsed 5.56 s, remaining 11.45 s)
9900000 of 30000000 tuples (33%) done (elapsed 5.61 s, remaining 11.39 s)
10000000 of 30000000 tuples (33%) done (elapsed 5.67 s, remaining 11.34 s)
10100000 of 30000000 tuples (33%) done (elapsed 5.73 s, remaining 11.28 s)
10200000 of 30000000 tuples (34%) done (elapsed 5.78 s, remaining 11.23 s)
10300000 of 30000000 tuples (34%) done (elapsed 5.84 s, remaining 11.17 s)
10400000 of 30000000 tuples (34%) done (elapsed 5.90 s, remaining 11.11 s)
10500000 of 30000000 tuples (35%) done (elapsed 5.95 s, remaining 11.05 s)
10600000 of 30000000 tuples (35%) done (elapsed 6.01 s, remaining 11.00 s)
10700000 of 30000000 tuples (35%) done (elapsed 6.07 s, remaining 10.94 s)
10800000 of 30000000 tuples (36%) done (elapsed 6.12 s, remaining 10.88 s)
10900000 of 30000000 tuples (36%) done (elapsed 6.18 s, remaining 10.83 s)
11000000 of 30000000 tuples (36%) done (elapsed 6.24 s, remaining 10.77 s)
11100000 of 30000000 tuples (37%) done (elapsed 6.29 s, remaining 10.71 s)
11200000 of 30000000 tuples (37%) done (elapsed 6.35 s, remaining 10.66 s)
11300000 of 30000000 tuples (37%) done (elapsed 6.41 s, remaining 10.60 s)
11400000 of 30000000 tuples (38%) done (elapsed 6.47 s, remaining 10.55 s)
11500000 of 30000000 tuples (38%) done (elapsed 6.52 s, remaining 10.49 s)
11600000 of 30000000 tuples (38%) done (elapsed 6.58 s, remaining 10.44 s)
11700000 of 30000000 tuples (39%) done (elapsed 6.64 s, remaining 10.38 s)
11800000 of 30000000 tuples (39%) done (elapsed 6.69 s, remaining 10.32 s)
11900000 of 30000000 tuples (39%) done (elapsed 6.75 s, remaining 10.26 s)
12000000 of 30000000 tuples (40%) done (elapsed 6.81 s, remaining 10.21 s)
12100000 of 30000000 tuples (40%) done (elapsed 6.86 s, remaining 10.15 s)
12200000 of 30000000 tuples (40%) done (elapsed 6.92 s, remaining 10.09 s)
12300000 of 30000000 tuples (41%) done (elapsed 6.97 s, remaining 10.04 s)
12400000 of 30000000 tuples (41%) done (elapsed 7.03 s, remaining 9.98 s)
12500000 of 30000000 tuples (41%) done (elapsed 7.09 s, remaining 9.92 s)
12600000 of 30000000 tuples (42%) done (elapsed 7.14 s, remaining 9.87 s)
12700000 of 30000000 tuples (42%) done (elapsed 7.20 s, remaining 9.81 s)
12800000 of 30000000 tuples (42%) done (elapsed 7.26 s, remaining 9.75 s)
12900000 of 30000000 tuples (43%) done (elapsed 7.31 s, remaining 9.70 s)
13000000 of 30000000 tuples (43%) done (elapsed 7.37 s, remaining 9.64 s)
13100000 of 30000000 tuples (43%) done (elapsed 7.43 s, remaining 9.58 s)
13200000 of 30000000 tuples (44%) done (elapsed 7.48 s, remaining 9.53 s)
13300000 of 30000000 tuples (44%) done (elapsed 7.54 s, remaining 9.47 s)
13400000 of 30000000 tuples (44%) done (elapsed 7.60 s, remaining 9.42 s)
13500000 of 30000000 tuples (45%) done (elapsed 7.66 s, remaining 9.36 s)
13600000 of 30000000 tuples (45%) done (elapsed 7.71 s, remaining 9.30 s)
13700000 of 30000000 tuples (45%) done (elapsed 7.77 s, remaining 9.25 s)
13800000 of 30000000 tuples (46%) done (elapsed 7.83 s, remaining 9.19 s)
13900000 of 30000000 tuples (46%) done (elapsed 7.88 s, remaining 9.13 s)
14000000 of 30000000 tuples (46%) done (elapsed 7.94 s, remaining 9.08 s)
14100000 of 30000000 tuples (47%) done (elapsed 8.00 s, remaining 9.02 s)
14200000 of 30000000 tuples (47%) done (elapsed 8.05 s, remaining 8.96 s)
14300000 of 30000000 tuples (47%) done (elapsed 8.11 s, remaining 8.90 s)
14400000 of 30000000 tuples (48%) done (elapsed 8.17 s, remaining 8.85 s)
14500000 of 30000000 tuples (48%) done (elapsed 8.22 s, remaining 8.79 s)
14600000 of 30000000 tuples (48%) done (elapsed 8.28 s, remaining 8.74 s)
14700000 of 30000000 tuples (49%) done (elapsed 8.34 s, remaining 8.68 s)
14800000 of 30000000 tuples (49%) done (elapsed 8.40 s, remaining 8.62 s)
14900000 of 30000000 tuples (49%) done (elapsed 8.45 s, remaining 8.57 s)
15000000 of 30000000 tuples (50%) done (elapsed 8.51 s, remaining 8.51 s)
15100000 of 30000000 tuples (50%) done (elapsed 8.57 s, remaining 8.45 s)
15200000 of 30000000 tuples (50%) done (elapsed 8.62 s, remaining 8.40 s)
15300000 of 30000000 tuples (51%) done (elapsed 8.68 s, remaining 8.34 s)
15400000 of 30000000 tuples (51%) done (elapsed 8.74 s, remaining 8.29 s)
15500000 of 30000000 tuples (51%) done (elapsed 8.80 s, remaining 8.23 s)
15600000 of 30000000 tuples (52%) done (elapsed 8.85 s, remaining 8.17 s)
15700000 of 30000000 tuples (52%) done (elapsed 8.91 s, remaining 8.11 s)
15800000 of 30000000 tuples (52%) done (elapsed 8.97 s, remaining 8.06 s)
15900000 of 30000000 tuples (53%) done (elapsed 9.02 s, remaining 8.00 s)
16000000 of 30000000 tuples (53%) done (elapsed 9.08 s, remaining 7.94 s)
16100000 of 30000000 tuples (53%) done (elapsed 9.13 s, remaining 7.89 s)
16200000 of 30000000 tuples (54%) done (elapsed 9.20 s, remaining 7.83 s)
16300000 of 30000000 tuples (54%) done (elapsed 9.25 s, remaining 7.78 s)
16400000 of 30000000 tuples (54%) done (elapsed 9.31 s, remaining 7.72 s)
16500000 of 30000000 tuples (55%) done (elapsed 9.37 s, remaining 7.66 s)
16600000 of 30000000 tuples (55%) done (elapsed 9.43 s, remaining 7.62 s)
16700000 of 30000000 tuples (55%) done (elapsed 9.49 s, remaining 7.56 s)
16800000 of 30000000 tuples (56%) done (elapsed 9.55 s, remaining 7.50 s)
16900000 of 30000000 tuples (56%) done (elapsed 9.61 s, remaining 7.45 s)
17000000 of 30000000 tuples (56%) done (elapsed 9.66 s, remaining 7.39 s)
17100000 of 30000000 tuples (57%) done (elapsed 9.72 s, remaining 7.33 s)
17200000 of 30000000 tuples (57%) done (elapsed 9.78 s, remaining 7.28 s)
17300000 of 30000000 tuples (57%) done (elapsed 9.83 s, remaining 7.22 s)
17400000 of 30000000 tuples (58%) done (elapsed 9.89 s, remaining 7.16 s)
17500000 of 30000000 tuples (58%) done (elapsed 9.95 s, remaining 7.11 s)
17600000 of 30000000 tuples (58%) done (elapsed 10.00 s, remaining 7.05 s)
17700000 of 30000000 tuples (59%) done (elapsed 10.06 s, remaining 6.99 s)
17800000 of 30000000 tuples (59%) done (elapsed 10.12 s, remaining 6.93 s)
17900000 of 30000000 tuples (59%) done (elapsed 10.17 s, remaining 6.88 s)
18000000 of 30000000 tuples (60%) done (elapsed 10.23 s, remaining 6.82 s)
18100000 of 30000000 tuples (60%) done (elapsed 10.29 s, remaining 6.77 s)
18200000 of 30000000 tuples (60%) done (elapsed 10.35 s, remaining 6.71 s)
18300000 of 30000000 tuples (61%) done (elapsed 10.40 s, remaining 6.65 s)
18400000 of 30000000 tuples (61%) done (elapsed 10.46 s, remaining 6.59 s)
18500000 of 30000000 tuples (61%) done (elapsed 10.52 s, remaining 6.54 s)
18600000 of 30000000 tuples (62%) done (elapsed 10.57 s, remaining 6.48 s)
18700000 of 30000000 tuples (62%) done (elapsed 10.63 s, remaining 6.42 s)
18800000 of 30000000 tuples (62%) done (elapsed 10.69 s, remaining 6.37 s)
18900000 of 30000000 tuples (63%) done (elapsed 10.75 s, remaining 6.31 s)
19000000 of 30000000 tuples (63%) done (elapsed 10.80 s, remaining 6.25 s)
19100000 of 30000000 tuples (63%) done (elapsed 10.86 s, remaining 6.20 s)
19200000 of 30000000 tuples (64%) done (elapsed 10.92 s, remaining 6.14 s)
19300000 of 30000000 tuples (64%) done (elapsed 10.97 s, remaining 6.08 s)
19400000 of 30000000 tuples (64%) done (elapsed 11.03 s, remaining 6.03 s)
19500000 of 30000000 tuples (65%) done (elapsed 11.09 s, remaining 5.97 s)
19600000 of 30000000 tuples (65%) done (elapsed 11.14 s, remaining 5.91 s)
19700000 of 30000000 tuples (65%) done (elapsed 11.20 s, remaining 5.86 s)
19800000 of 30000000 tuples (66%) done (elapsed 11.26 s, remaining 5.80 s)
19900000 of 30000000 tuples (66%) done (elapsed 11.32 s, remaining 5.74 s)
20000000 of 30000000 tuples (66%) done (elapsed 11.37 s, remaining 5.69 s)
20100000 of 30000000 tuples (67%) done (elapsed 11.43 s, remaining 5.63 s)
20200000 of 30000000 tuples (67%) done (elapsed 11.49 s, remaining 5.57 s)
20300000 of 30000000 tuples (67%) done (elapsed 11.55 s, remaining 5.52 s)
20400000 of 30000000 tuples (68%) done (elapsed 11.60 s, remaining 5.46 s)
20500000 of 30000000 tuples (68%) done (elapsed 11.66 s, remaining 5.40 s)
20600000 of 30000000 tuples (68%) done (elapsed 11.72 s, remaining 5.35 s)
20700000 of 30000000 tuples (69%) done (elapsed 11.77 s, remaining 5.29 s)
20800000 of 30000000 tuples (69%) done (elapsed 11.83 s, remaining 5.23 s)
20900000 of 30000000 tuples (69%) done (elapsed 11.89 s, remaining 5.18 s)
21000000 of 30000000 tuples (70%) done (elapsed 11.94 s, remaining 5.12 s)
21100000 of 30000000 tuples (70%) done (elapsed 12.00 s, remaining 5.06 s)
21200000 of 30000000 tuples (70%) done (elapsed 12.06 s, remaining 5.00 s)
21300000 of 30000000 tuples (71%) done (elapsed 12.11 s, remaining 4.95 s)
21400000 of 30000000 tuples (71%) done (elapsed 12.17 s, remaining 4.89 s)
21500000 of 30000000 tuples (71%) done (elapsed 12.23 s, remaining 4.83 s)
21600000 of 30000000 tuples (72%) done (elapsed 12.28 s, remaining 4.78 s)
21700000 of 30000000 tuples (72%) done (elapsed 12.34 s, remaining 4.72 s)
21800000 of 30000000 tuples (72%) done (elapsed 12.40 s, remaining 4.66 s)
21900000 of 30000000 tuples (73%) done (elapsed 12.46 s, remaining 4.61 s)
22000000 of 30000000 tuples (73%) done (elapsed 12.51 s, remaining 4.55 s)
22100000 of 30000000 tuples (73%) done (elapsed 12.57 s, remaining 4.49 s)
22200000 of 30000000 tuples (74%) done (elapsed 12.63 s, remaining 4.44 s)
22300000 of 30000000 tuples (74%) done (elapsed 12.68 s, remaining 4.38 s)
22400000 of 30000000 tuples (74%) done (elapsed 12.74 s, remaining 4.32 s)
22500000 of 30000000 tuples (75%) done (elapsed 12.80 s, remaining 4.27 s)
22600000 of 30000000 tuples (75%) done (elapsed 12.85 s, remaining 4.21 s)
22700000 of 30000000 tuples (75%) done (elapsed 12.91 s, remaining 4.15 s)
22800000 of 30000000 tuples (76%) done (elapsed 12.97 s, remaining 4.09 s)
22900000 of 30000000 tuples (76%) done (elapsed 13.02 s, remaining 4.04 s)
23000000 of 30000000 tuples (76%) done (elapsed 13.08 s, remaining 3.98 s)
23100000 of 30000000 tuples (77%) done (elapsed 13.13 s, remaining 3.92 s)
23200000 of 30000000 tuples (77%) done (elapsed 13.19 s, remaining 3.87 s)
23300000 of 30000000 tuples (77%) done (elapsed 13.25 s, remaining 3.81 s)
23400000 of 30000000 tuples (78%) done (elapsed 13.31 s, remaining 3.75 s)
23500000 of 30000000 tuples (78%) done (elapsed 13.37 s, remaining 3.70 s)
23600000 of 30000000 tuples (78%) done (elapsed 13.42 s, remaining 3.64 s)
23700000 of 30000000 tuples (79%) done (elapsed 13.48 s, remaining 3.58 s)
23800000 of 30000000 tuples (79%) done (elapsed 13.54 s, remaining 3.53 s)
23900000 of 30000000 tuples (79%) done (elapsed 13.59 s, remaining 3.47 s)
24000000 of 30000000 tuples (80%) done (elapsed 13.65 s, remaining 3.41 s)
24100000 of 30000000 tuples (80%) done (elapsed 13.71 s, remaining 3.36 s)
24200000 of 30000000 tuples (80%) done (elapsed 13.77 s, remaining 3.30 s)
24300000 of 30000000 tuples (81%) done (elapsed 13.82 s, remaining 3.24 s)
24400000 of 30000000 tuples (81%) done (elapsed 13.88 s, remaining 3.19 s)
24500000 of 30000000 tuples (81%) done (elapsed 13.94 s, remaining 3.13 s)
24600000 of 30000000 tuples (82%) done (elapsed 14.00 s, remaining 3.07 s)
24700000 of 30000000 tuples (82%) done (elapsed 14.05 s, remaining 3.02 s)
24800000 of 30000000 tuples (82%) done (elapsed 14.11 s, remaining 2.96 s)
24900000 of 30000000 tuples (83%) done (elapsed 14.17 s, remaining 2.90 s)
25000000 of 30000000 tuples (83%) done (elapsed 14.22 s, remaining 2.84 s)
25100000 of 30000000 tuples (83%) done (elapsed 14.28 s, remaining 2.79 s)
25200000 of 30000000 tuples (84%) done (elapsed 14.34 s, remaining 2.73 s)
25300000 of 30000000 tuples (84%) done (elapsed 14.62 s, remaining 2.72 s)
25400000 of 30000000 tuples (84%) done (elapsed 14.69 s, remaining 2.66 s)
25500000 of 30000000 tuples (85%) done (elapsed 14.77 s, remaining 2.61 s)
25600000 of 30000000 tuples (85%) done (elapsed 14.84 s, remaining 2.55 s)
25700000 of 30000000 tuples (85%) done (elapsed 14.92 s, remaining 2.50 s)
25800000 of 30000000 tuples (86%) done (elapsed 15.00 s, remaining 2.44 s)
25900000 of 30000000 tuples (86%) done (elapsed 15.07 s, remaining 2.39 s)
26000000 of 30000000 tuples (86%) done (elapsed 15.19 s, remaining 2.34 s)
26100000 of 30000000 tuples (87%) done (elapsed 15.24 s, remaining 2.28 s)
26200000 of 30000000 tuples (87%) done (elapsed 15.32 s, remaining 2.22 s)
26300000 of 30000000 tuples (87%) done (elapsed 15.38 s, remaining 2.16 s)
26400000 of 30000000 tuples (88%) done (elapsed 15.44 s, remaining 2.10 s)
26500000 of 30000000 tuples (88%) done (elapsed 15.49 s, remaining 2.05 s)
26600000 of 30000000 tuples (88%) done (elapsed 15.55 s, remaining 1.99 s)
26700000 of 30000000 tuples (89%) done (elapsed 15.61 s, remaining 1.93 s)
26800000 of 30000000 tuples (89%) done (elapsed 15.66 s, remaining 1.87 s)
26900000 of 30000000 tuples (89%) done (elapsed 15.72 s, remaining 1.81 s)
27000000 of 30000000 tuples (90%) done (elapsed 15.78 s, remaining 1.75 s)
27100000 of 30000000 tuples (90%) done (elapsed 15.83 s, remaining 1.69 s)
27200000 of 30000000 tuples (90%) done (elapsed 15.89 s, remaining 1.64 s)
27300000 of 30000000 tuples (91%) done (elapsed 15.95 s, remaining 1.58 s)
27400000 of 30000000 tuples (91%) done (elapsed 16.01 s, remaining 1.52 s)
27500000 of 30000000 tuples (91%) done (elapsed 16.06 s, remaining 1.46 s)
27600000 of 30000000 tuples (92%) done (elapsed 16.12 s, remaining 1.40 s)
27700000 of 30000000 tuples (92%) done (elapsed 16.18 s, remaining 1.34 s)
27800000 of 30000000 tuples (92%) done (elapsed 16.23 s, remaining 1.28 s)
27900000 of 30000000 tuples (93%) done (elapsed 16.29 s, remaining 1.23 s)
28000000 of 30000000 tuples (93%) done (elapsed 16.35 s, remaining 1.17 s)
28100000 of 30000000 tuples (93%) done (elapsed 16.41 s, remaining 1.11 s)
28200000 of 30000000 tuples (94%) done (elapsed 16.46 s, remaining 1.05 s)
28300000 of 30000000 tuples (94%) done (elapsed 16.52 s, remaining 0.99 s)
28400000 of 30000000 tuples (94%) done (elapsed 16.58 s, remaining 0.93 s)
28500000 of 30000000 tuples (95%) done (elapsed 16.64 s, remaining 0.88 s)
28600000 of 30000000 tuples (95%) done (elapsed 16.69 s, remaining 0.82 s)
28700000 of 30000000 tuples (95%) done (elapsed 16.75 s, remaining 0.76 s)
28800000 of 30000000 tuples (96%) done (elapsed 16.81 s, remaining 0.70 s)
28900000 of 30000000 tuples (96%) done (elapsed 16.86 s, remaining 0.64 s)
29000000 of 30000000 tuples (96%) done (elapsed 16.92 s, remaining 0.58 s)
29100000 of 30000000 tuples (97%) done (elapsed 16.98 s, remaining 0.53 s)
29200000 of 30000000 tuples (97%) done (elapsed 17.04 s, remaining 0.47 s)
29300000 of 30000000 tuples (97%) done (elapsed 17.10 s, remaining 0.41 s)
29400000 of 30000000 tuples (98%) done (elapsed 17.15 s, remaining 0.35 s)
29500000 of 30000000 tuples (98%) done (elapsed 17.21 s, remaining 0.29 s)
29600000 of 30000000 tuples (98%) done (elapsed 17.26 s, remaining 0.23 s)
29700000 of 30000000 tuples (99%) done (elapsed 17.32 s, remaining 0.17 s)
29800000 of 30000000 tuples (99%) done (elapsed 17.38 s, remaining 0.12 s)
29900000 of 30000000 tuples (99%) done (elapsed 17.44 s, remaining 0.06 s)
30000000 of 30000000 tuples (100%) done (elapsed 17.50 s, remaining 0.00 s)
vacuum...
set primary keys...
NOTICE:  ALTER TABLE / ADD PRIMARY KEY will create implicit index "pgbench_branches_pkey" for table "pgbench_branches"
NOTICE:  ALTER TABLE / ADD PRIMARY KEY will create implicit index "pgbench_tellers_pkey" for table "pgbench_tellers"
NOTICE:  ALTER TABLE / ADD PRIMARY KEY will create implicit index "pgbench_accounts_pkey" for table "pgbench_accounts"
done.
starting vacuum...end.
transaction type: <builtin: TPC-B (sort of)>
scaling factor: 300
query mode: simple
number of clients: 32
number of threads: 4
duration: 60 s
number of transactions actually processed: 9746
latency average: 197.004 ms
tps = 159.812242 (including connections establishing)
tps = 159.817829 (excluding connections establishing)
script statistics:
 - statement latencies in milliseconds:
         0.002  \set aid random(1, 100000 * :scale)
         0.001  \set bid random(1, 1 * :scale)
         0.001  \set tid random(1, 10 * :scale)
         0.000  \set delta random(-5000, 5000)
         0.171  BEGIN;
         0.526  UPDATE pgbench_accounts SET abalance = abalance + :delta WHERE aid = :aid;
         0.271  SELECT abalance FROM pgbench_accounts WHERE aid = :aid;
         1.541  UPDATE pgbench_tellers SET tbalance = tbalance + :delta WHERE tid = :tid;
        10.385  UPDATE pgbench_branches SET bbalance = bbalance + :delta WHERE bid = :bid;
         0.196  INSERT INTO pgbench_history (tid, bid, aid, delta, mtime) VALUES (:tid, :bid, :aid, :delta, CURRENT_TIMESTAMP);
       186.515  END;
starting vacuum...end.
transaction type: <builtin: TPC-B (sort of)>
scaling factor: 300
query mode: simple
number of clients: 32
number of threads: 4
duration: 60 s
number of transactions actually processed: 7816
latency average: 245.650 ms
tps = 129.971836 (including connections establishing)
tps = 129.976222 (excluding connections establishing)
script statistics:
 - statement latencies in milliseconds:
         0.002  \set aid random(1, 100000 * :scale)
         0.001  \set bid random(1, 1 * :scale)
         0.001  \set tid random(1, 10 * :scale)
         0.001  \set delta random(-5000, 5000)
         0.128  BEGIN;
        95.259  UPDATE pgbench_accounts SET abalance = abalance + :delta WHERE aid = :aid;
         0.156  SELECT abalance FROM pgbench_accounts WHERE aid = :aid;
         0.782  UPDATE pgbench_tellers SET tbalance = tbalance + :delta WHERE tid = :tid;
         5.174  UPDATE pgbench_branches SET bbalance = bbalance + :delta WHERE bid = :bid;
         0.142  INSERT INTO pgbench_history (tid, bid, aid, delta, mtime) VALUES (:tid, :bid, :aid, :delta, CURRENT_TIMESTAMP);
       144.345  END;
starting vacuum...end.
transaction type: <builtin: TPC-B (sort of)>
scaling factor: 300
query mode: simple
number of clients: 32
number of threads: 4
duration: 60 s
number of transactions actually processed: 8619
latency average: 222.764 ms
tps = 143.444669 (including connections establishing)
tps = 143.449384 (excluding connections establishing)
script statistics:
 - statement latencies in milliseconds:
         0.002  \set aid random(1, 100000 * :scale)
         0.001  \set bid random(1, 1 * :scale)
         0.001  \set tid random(1, 10 * :scale)
         0.001  \set delta random(-5000, 5000)
         0.140  BEGIN;
        77.968  UPDATE pgbench_accounts SET abalance = abalance + :delta WHERE aid = :aid;
         0.153  SELECT abalance FROM pgbench_accounts WHERE aid = :aid;
         0.686  UPDATE pgbench_tellers SET tbalance = tbalance + :delta WHERE tid = :tid;
         5.413  UPDATE pgbench_branches SET bbalance = bbalance + :delta WHERE bid = :bid;
         0.131  INSERT INTO pgbench_history (tid, bid, aid, delta, mtime) VALUES (:tid, :bid, :aid, :delta, CURRENT_TIMESTAMP);
       138.508  END;
starting vacuum...end.
transaction type: <builtin: TPC-B (sort of)>
scaling factor: 300
query mode: simple
number of clients: 32
number of threads: 4
duration: 900 s
number of transactions actually processed: 73527
latency average: 391.693 ms
tps = 81.656309 (including connections establishing)
tps = 81.656484 (excluding connections establishing)
script statistics:
 - statement latencies in milliseconds:
         0.002  \set aid random(1, 100000 * :scale)
         0.001  \set bid random(1, 1 * :scale)
         0.001  \set tid random(1, 10 * :scale)
         0.001  \set delta random(-5000, 5000)
         0.137  BEGIN;
       102.255  UPDATE pgbench_accounts SET abalance = abalance + :delta WHERE aid = :aid;
         0.156  SELECT abalance FROM pgbench_accounts WHERE aid = :aid;
         1.359  UPDATE pgbench_tellers SET tbalance = tbalance + :delta WHERE tid = :tid;
        11.723  UPDATE pgbench_branches SET bbalance = bbalance + :delta WHERE bid = :bid;
         0.148  INSERT INTO pgbench_history (tid, bid, aid, delta, mtime) VALUES (:tid, :bid, :aid, :delta, CURRENT_TIMESTAMP);
       276.482  END;
========================================================================
Testing 2012-01-02-REL9_2_0~984
Start Time: 2016-07-31 10:28:45+00:00
Linux 3.16.0-4-amd64 (Debian-83-jessie-64-minimal) 	31.07.16 	_x86_64_	(8 CPU)

starting vacuum...end.
transaction type: <builtin: TPC-B (sort of)>
scaling factor: 300
query mode: simple
number of clients: 32
number of threads: 4
duration: 900 s
number of transactions actually processed: 75988
latency average: 379.007 ms
tps = 84.405183 (including connections establishing)
tps = 84.405376 (excluding connections establishing)
script statistics:
 - statement latencies in milliseconds:
         0.002  \set aid random(1, 100000 * :scale)
         0.001  \set bid random(1, 1 * :scale)
         0.001  \set tid random(1, 10 * :scale)
         0.001  \set delta random(-5000, 5000)
         0.171  BEGIN;
        44.559  UPDATE pgbench_accounts SET abalance = abalance + :delta WHERE aid = :aid;
         0.173  SELECT abalance FROM pgbench_accounts WHERE aid = :aid;
         1.947  UPDATE pgbench_tellers SET tbalance = tbalance + :delta WHERE tid = :tid;
        15.548  UPDATE pgbench_branches SET bbalance = bbalance + :delta WHERE bid = :bid;
         0.171  INSERT INTO pgbench_history (tid, bid, aid, delta, mtime) VALUES (:tid, :bid, :aid, :delta, CURRENT_TIMESTAMP);
       316.751  END;
avg-cpu:  %user   %nice %system %iowait  %steal   %idle
           0,89    0,00    0,32   32,86    0,00   65,94

Device:         rrqm/s   wrqm/s     r/s     w/s    rkB/s    wkB/s avgrq-sz avgqu-sz   await r_await w_await  svctm  %util
sdb               0,00     1,81   21,02  139,55   220,36  2342,79    31,93    86,45  537,98   85,28  606,16   5,16  82,89
sda               0,01     1,80   36,21  139,41   377,14  2341,54    30,96    59,42  337,65   61,27  409,43   4,78  83,93
md0               0,00     0,00    0,11    0,00     0,42     0,00     8,00     0,00    0,00    0,00    0,00   0,00   0,00
md1               0,00     0,00    0,00    0,00     0,00     0,00     0,00     0,00    0,00    0,00    0,00   0,00   0,00
md2               0,00     0,00   57,13  140,81   597,08  2341,98    29,70     0,00    0,00    0,00    0,00   0,00   0,00
md3               0,00     0,00    0,00    0,01     0,00     0,04     8,00     0,00    0,00    0,00    0,00   0,00   0,00

End Time: 2016-07-31 10:44:15+00:00
========================================================================
========================================================================
Testing 2012-01-02-REL9_2_0~984
Start Time: 2016-08-05 11:34:27+00:00
Shared Buffers:  1048576
Linux 3.16.0-4-amd64 (Debian-83-jessie-64-minimal) 	05.08.16 	_x86_64_	(8 CPU)

starting vacuum...end.
transaction type: <builtin: TPC-B (sort of)>
scaling factor: 300
query mode: simple
number of clients: 32
number of threads: 4
duration: 900 s
number of transactions actually processed: 152012
latency average: 189.459 ms
tps = 168.891871 (including connections establishing)
tps = 168.892203 (excluding connections establishing)
script statistics:
 - statement latencies in milliseconds:
         0.002  \set aid random(1, 100000 * :scale)
         0.001  \set bid random(1, 1 * :scale)
         0.001  \set tid random(1, 10 * :scale)
         0.001  \set delta random(-5000, 5000)
         0.181  BEGIN;
        10.323  UPDATE pgbench_accounts SET abalance = abalance + :delta WHERE aid = :aid;
         0.234  SELECT abalance FROM pgbench_accounts WHERE aid = :aid;
         1.083  UPDATE pgbench_tellers SET tbalance = tbalance + :delta WHERE tid = :tid;
         8.893  UPDATE pgbench_branches SET bbalance = bbalance + :delta WHERE bid = :bid;
         0.162  INSERT INTO pgbench_history (tid, bid, aid, delta, mtime) VALUES (:tid, :bid, :aid, :delta, CURRENT_TIMESTAMP);
       168.788  END;
avg-cpu:  %user   %nice %system %iowait  %steal   %idle
           1,71    0,00    0,55   18,64    0,00   79,10

Device:         rrqm/s   wrqm/s     r/s     w/s    rkB/s    wkB/s avgrq-sz avgqu-sz   await r_await w_await  svctm  %util
sdb               0,00     1,75   14,77  206,52   171,20  4174,31    39,27    60,56  273,66   43,02  290,16   3,13  69,21
sda               0,00     1,73   48,51  206,54   587,07  4174,31    37,34    51,30  201,11   35,11  240,09   3,40  86,61
md0               0,00     0,00    0,08    0,16     0,34     0,65     8,00     0,00    0,00    0,00    0,00   0,00   0,00
md1               0,00     0,00    0,00    0,00     0,00     0,00     0,00     0,00    0,00    0,00    0,00   0,00   0,00
md2               0,00     0,00   63,19  207,39   757,93  4172,02    36,44     0,00    0,00    0,00    0,00   0,00   0,00
md3               0,00     0,00    0,00    0,01     0,00     0,04     8,00     0,00    0,00    0,00    0,00   0,00   0,00

End Time: 2016-08-05 11:49:57+00:00
========================================================================
========================================================================
Testing 2012-01-02-REL9_2_0~984
Start Time: 2016-08-05 23:09:09+00:00
Shared Buffers:  260000
Linux 3.16.0-4-amd64 (Debian-83-jessie-64-minimal) 	06.08.16 	_x86_64_	(8 CPU)

starting vacuum...end.
transaction type: <builtin: TPC-B (sort of)>
scaling factor: 300
query mode: simple
number of clients: 32
number of threads: 4
duration: 900 s
number of transactions actually processed: 209046
latency average: 137.769 ms
tps = 232.097747 (including connections establishing)
tps = 232.098264 (excluding connections establishing)
script statistics:
 - statement latencies in milliseconds:
         0.002  \set aid random(1, 100000 * :scale)
         0.001  \set bid random(1, 1 * :scale)
         0.001  \set tid random(1, 10 * :scale)
         0.001  \set delta random(-5000, 5000)
         0.176  BEGIN;
         1.821  UPDATE pgbench_accounts SET abalance = abalance + :delta WHERE aid = :aid;
         0.287  SELECT abalance FROM pgbench_accounts WHERE aid = :aid;
         1.027  UPDATE pgbench_tellers SET tbalance = tbalance + :delta WHERE tid = :tid;
         6.853  UPDATE pgbench_branches SET bbalance = bbalance + :delta WHERE bid = :bid;
         0.215  INSERT INTO pgbench_history (tid, bid, aid, delta, mtime) VALUES (:tid, :bid, :aid, :delta, CURRENT_TIMESTAMP);
       127.613  END;
avg-cpu:  %user   %nice %system %iowait  %steal   %idle
           2,29    0,00    0,65   10,30    0,00   86,76

Device:         rrqm/s   wrqm/s     r/s     w/s    rkB/s    wkB/s avgrq-sz avgqu-sz   await r_await w_await  svctm  %util
sdb               0,00     1,72    4,26  260,59    50,31  4867,95    37,14    56,27  212,03   37,38  214,89   2,74  72,59
sda               0,01     1,70   16,71  260,74   196,73  4869,00    36,52    58,24  209,93   27,36  221,63   3,05  84,67
md0               0,00     0,00    0,07    0,00     0,27     0,00     8,00     0,00    0,00    0,00    0,00   0,00   0,00
md1               0,00     0,00    0,00    0,00     0,00     0,00     0,00     0,00    0,00    0,00    0,00   0,00   0,00
md2               0,00     0,00   20,91  261,68   246,77  4867,10    36,19     0,00    0,00    0,00    0,00   0,00   0,00
md3               0,00     0,00    0,00    0,01     0,00     0,04     8,00     0,00    0,00    0,00    0,00   0,00   0,00

End Time: 2016-08-05 23:24:40+00:00
========================================================================
========================================================================
Testing 2012-01-02-REL9_2_0~984
Start Time: 2016-08-08 09:34:43+00:00
Shared Buffers:  260000
Linux 3.16.0-4-amd64 (Debian-83-jessie-64-minimal) 	08.08.16 	_x86_64_	(8 CPU)

starting vacuum...end.
transaction type: <builtin: TPC-B (sort of)>
scaling factor: 300
query mode: simple
number of clients: 32
number of threads: 4
duration: 900 s
number of transactions actually processed: 231445
latency average: 124.436 ms
tps = 256.950108 (including connections establishing)
tps = 256.950628 (excluding connections establishing)
script statistics:
 - statement latencies in milliseconds:
         0.002  \set aid random(1, 100000 * :scale)
         0.001  \set bid random(1, 1 * :scale)
         0.001  \set tid random(1, 10 * :scale)
         0.001  \set delta random(-5000, 5000)
         0.176  BEGIN;
         0.738  UPDATE pgbench_accounts SET abalance = abalance + :delta WHERE aid = :aid;
         0.303  SELECT abalance FROM pgbench_accounts WHERE aid = :aid;
         1.022  UPDATE pgbench_tellers SET tbalance = tbalance + :delta WHERE tid = :tid;
         6.383  UPDATE pgbench_branches SET bbalance = bbalance + :delta WHERE bid = :bid;
         0.199  INSERT INTO pgbench_history (tid, bid, aid, delta, mtime) VALUES (:tid, :bid, :aid, :delta, CURRENT_TIMESTAMP);
       115.884  END;
avg-cpu:  %user   %nice %system %iowait  %steal   %idle
           2,53    0,00    0,72    9,27    0,00   87,48

Device:         rrqm/s   wrqm/s     r/s     w/s    rkB/s    wkB/s avgrq-sz avgqu-sz   await r_await w_await  svctm  %util
sdb               0,00     1,73    0,91  282,87     9,50  4764,59    33,65    65,04  227,94   31,63  228,57   2,75  77,94
sda               0,05     1,72    4,06  283,05    41,05  4765,93    33,49    62,24  216,69   23,50  219,46   2,83  81,32
md0               0,00     0,00    0,15    0,00     0,61     0,00     8,00     0,00    0,00    0,00    0,00   0,00   0,00
md1               0,00     0,00    0,00    0,00     0,00     0,00     0,00     0,00    0,00    0,00    0,00   0,00   0,00
md2               0,00     0,00    4,87  286,60    49,94  4785,87    33,18     0,00    0,00    0,00    0,00   0,00   0,00
md3               0,00     0,00    0,00    0,01     0,00     0,04     8,00     0,00    0,00    0,00    0,00   0,00   0,00

Control File Changes
--- /usr/local/oldpgsql/2012-01-02-REL9_2_0~984/before.controldata	2016-08-08 11:34:43.359538349 +0200
+++ /usr/local/oldpgsql/2012-01-02-REL9_2_0~984/after.controldata	2016-08-08 11:51:29.376779494 +0200
@@ -2,19 +2,19 @@
 Catalog version number:               201112241
 Database system identifier:           6255687187398327134
 Database cluster state:               in production
-pg_control last modified:             пн, 08-сер-2016 11:34:43 +0200
-Latest checkpoint location:           2/9A7FA288
-Prior checkpoint location:            2/9A7FA230
-Latest checkpoint's REDO location:    2/9A7FA288
+pg_control last modified:             пн, 08-сер-2016 11:51:29 +0200
+Latest checkpoint location:           3/26B830A0
+Prior checkpoint location:            3/26B83048
+Latest checkpoint's REDO location:    3/26B830A0
 Latest checkpoint's TimeLineID:       1
-Latest checkpoint's NextXID:          0/562367
-Latest checkpoint's NextOID:          16466
+Latest checkpoint's NextXID:          0/793855
+Latest checkpoint's NextOID:          24658
 Latest checkpoint's NextMultiXactId:  1
 Latest checkpoint's NextMultiOffset:  0
 Latest checkpoint's oldestXID:        698
 Latest checkpoint's oldestXID's DB:   1
 Latest checkpoint's oldestActiveXID:  0
-Time of latest checkpoint:            пн, 08-сер-2016 11:34:42 +0200
+Time of latest checkpoint:            пн, 08-сер-2016 11:50:34 +0200
 Minimum recovery ending location:     0/0
 Backup start location:                0/0
 End-of-backup record required:        no
End Time: 2016-08-08 09:51:29+00:00
========================================================================
========================================================================
Testing 2012-01-02-REL9_2_0~984
Start Time: 2016-08-09 03:30:12+00:00
Shared Buffers:  260000
size before pgbench of pgbench_history: 24
size before pgbench of pgbench_tellers: 8
size before pgbench of pgbench_branches: 8
size before pgbench of pgbench_accounts: 64
size before pgbench of pgbench_branches_pkey: 32
size before pgbench of pgbench_tellers_pkey: 152
size before pgbench of pgbench_accounts_pkey: 658092
total size before pgbench: 658380
Linux 3.16.0-4-amd64 (Debian-83-jessie-64-minimal) 	09.08.16 	_x86_64_	(8 CPU)

starting vacuum...end.
transaction type: <builtin: select only>
scaling factor: 300
query mode: simple
number of clients: 32
number of threads: 4
duration: 60 s
number of transactions actually processed: 5680442
latency average: 0.338 ms
tps = 94649.205269 (including connections establishing)
tps = 94652.616700 (excluding connections establishing)
script statistics:
 - statement latencies in milliseconds:
         0.001  \set aid random(1, 100000 * :scale)
         0.339  SELECT abalance FROM pgbench_accounts WHERE aid = :aid;
avg-cpu:  %user   %nice %system %iowait  %steal   %idle
          54,46    0,00   11,39    0,86    0,00   33,29

Device:         rrqm/s   wrqm/s     r/s     w/s    rkB/s    wkB/s avgrq-sz avgqu-sz   await r_await w_await  svctm  %util
sdb               0,00     0,96    9,51    2,08    87,91    13,44    17,49     0,52   45,12   48,07   31,59   7,54   8,74
sda               0,00     0,96   12,03    2,08   113,24    13,44    17,96     0,89   63,02   68,42   31,72   7,35  10,37
md0               0,00     0,00    0,00    0,00     0,00     0,00     0,00     0,00    0,00    0,00    0,00   0,00   0,00
md1               0,00     0,00    0,00    0,00     0,00     0,00     0,00     0,00    0,00    0,00    0,00   0,00   0,00
md2               0,00     0,00   21,53    1,59   200,76    10,22    18,25     0,00    0,00    0,00    0,00   0,00   0,00
md3               0,00     0,00    0,00    0,10     0,00     0,40     8,00     0,00    0,00    0,00    0,00   0,00   0,00

Control File Changes
--- /usr/local/oldpgsql/2012-01-02-REL9_2_0~984/before.controldata	2016-08-09 05:33:11.339969486 +0200
+++ /usr/local/oldpgsql/2012-01-02-REL9_2_0~984/after.controldata	2016-08-09 05:34:41.860201724 +0200
@@ -5,4 +5,4 @@
-pg_control last modified:             Tue Aug  9 03:33:11 2016
-Latest checkpoint location:           3/7F812120
-Prior checkpoint location:            3/799337B8
-Latest checkpoint's REDO location:    3/7F812120
+pg_control last modified:             Tue Aug  9 03:34:41 2016
+Latest checkpoint location:           3/7F814128
+Prior checkpoint location:            3/7F812120
+Latest checkpoint's REDO location:    3/7F814128
@@ -10,2 +10,2 @@
-Latest checkpoint's NextXID:          0/793855
-Latest checkpoint's NextOID:          16467
+Latest checkpoint's NextXID:          0/793856
+Latest checkpoint's NextOID:          24659
@@ -17 +17 @@
-Time of latest checkpoint:            Tue Aug  9 03:33:10 2016
+Time of latest checkpoint:            Tue Aug  9 03:34:41 2016
size after pgbench of pgbench_history: 0
size after pgbench of pgbench_tellers: 8
size after pgbench of pgbench_branches: 8
size after pgbench of pgbench_accounts: 64
size after pgbench of pgbench_branches_pkey: 32
size after pgbench of pgbench_tellers_pkey: 152
size after pgbench of pgbench_accounts_pkey: 658092
total size after pgbench: 658356
End Time: 2016-08-09 03:34:41+00:00
========================================================================
========================================================================
Testing 2012-01-02-REL9_2_0~984
Start Time: 2016-08-10 04:49:11+00:00
Shared Buffers:  260000
size before pgbench of pgbench_history: 0
size before pgbench of pgbench_tellers: 8
size before pgbench of pgbench_branches: 8
size before pgbench of pgbench_accounts: 64
size before pgbench of pgbench_branches_pkey: 32
size before pgbench of pgbench_tellers_pkey: 152
size before pgbench of pgbench_accounts_pkey: 658092
total size before pgbench: 658356
Linux 3.16.0-4-amd64 (Debian-83-jessie-64-minimal) 	10.08.16 	_x86_64_	(8 CPU)

starting vacuum...end.
transaction type: <builtin: select only>
scaling factor: 300
query mode: simple
number of clients: 32
number of threads: 4
duration: 60 s
number of transactions actually processed: 5659312
latency average: 0.339 ms
tps = 94273.374014 (including connections establishing)
tps = 94276.640787 (excluding connections establishing)
script statistics:
 - statement latencies in milliseconds:
         0.001  \set aid random(1, 100000 * :scale)
         0.339  SELECT abalance FROM pgbench_accounts WHERE aid = :aid;
avg-cpu:  %user   %nice %system %iowait  %steal   %idle
          54,59    0,00   11,44    0,64    0,00   33,33

Device:         rrqm/s   wrqm/s     r/s     w/s    rkB/s    wkB/s avgrq-sz avgqu-sz   await r_await w_await  svctm  %util
sdb               0,00     0,71    8,49    1,98    77,69    11,36    17,02     0,61   58,12   67,60   17,46   7,41   7,76
sda               0,00     0,71   11,41    1,98   106,13    11,36    17,55     0,52   38,59   42,32   17,03   6,68   8,94
md0               0,00     0,00    0,00    0,00     0,00     0,00     0,00     0,00    0,00    0,00    0,00   0,00   0,00
md1               0,00     0,00    0,00    0,00     0,00     0,00     0,00     0,00    0,00    0,00    0,00   0,00   0,00
md2               0,00     0,00   19,90    1,31   183,82     8,22    18,11     0,00    0,00    0,00    0,00   0,00   0,00
md3               0,00     0,00    0,00    0,10     0,00     0,40     8,00     0,00    0,00    0,00    0,00   0,00   0,00

Control File Changes
--- /usr/local/oldpgsql/2012-01-02-REL9_2_0~984/before.controldata	2016-08-10 06:50:22.395052923 +0200
+++ /usr/local/oldpgsql/2012-01-02-REL9_2_0~984/after.controldata	2016-08-10 06:51:52.763216857 +0200
@@ -5,4 +5,4 @@
-pg_control last modified:             Wed Aug 10 04:50:22 2016
-Latest checkpoint location:           3/7F8141D8
-Prior checkpoint location:            3/7F814180
-Latest checkpoint's REDO location:    3/7F8141D8
+pg_control last modified:             Wed Aug 10 04:51:52 2016
+Latest checkpoint location:           3/7F8161E0
+Prior checkpoint location:            3/7F8141D8
+Latest checkpoint's REDO location:    3/7F8161E0
@@ -10,2 +10,2 @@
-Latest checkpoint's NextXID:          0/793856
-Latest checkpoint's NextOID:          16468
+Latest checkpoint's NextXID:          0/793857
+Latest checkpoint's NextOID:          24660
@@ -17 +17 @@
-Time of latest checkpoint:            Wed Aug 10 04:50:22 2016
+Time of latest checkpoint:            Wed Aug 10 04:51:52 2016
size after pgbench of pgbench_history: 0
size after pgbench of pgbench_tellers: 8
size after pgbench of pgbench_branches: 8
size after pgbench of pgbench_accounts: 64
size after pgbench of pgbench_branches_pkey: 32
size after pgbench of pgbench_tellers_pkey: 152
size after pgbench of pgbench_accounts_pkey: 658092
total size after pgbench: 658356
End Time: 2016-08-10 04:51:52+00:00
========================================================================
========================================================================
Testing 2012-01-02-REL9_2_0~984
Start Time: 2016-08-11 02:56:44+00:00
Shared Buffers:  260000
size before pgbench of pgbench_history: 0
size before pgbench of pgbench_tellers: 8
size before pgbench of pgbench_branches: 8
size before pgbench of pgbench_accounts: 64
size before pgbench of pgbench_branches_pkey: 32
size before pgbench of pgbench_tellers_pkey: 152
size before pgbench of pgbench_accounts_pkey: 658092
total size before pgbench: 658356
Linux 3.16.0-4-amd64 (Debian-83-jessie-64-minimal) 	11.08.16 	_x86_64_	(8 CPU)

starting vacuum...end.
transaction type: <builtin: select only>
scaling factor: 300
query mode: simple
number of clients: 32
number of threads: 4
duration: 60 s
number of transactions actually processed: 5735348
latency average: 0.335 ms
tps = 95547.191301 (including connections establishing)
tps = 95550.682296 (excluding connections establishing)
script statistics:
 - statement latencies in milliseconds:
         0.001  \set aid random(1, 100000 * :scale)
         0.335  SELECT abalance FROM pgbench_accounts WHERE aid = :aid;
avg-cpu:  %user   %nice %system %iowait  %steal   %idle
          54,46    0,00   11,64    0,55    0,00   33,35

Device:         rrqm/s   wrqm/s     r/s     w/s    rkB/s    wkB/s avgrq-sz avgqu-sz   await r_await w_await  svctm  %util
sdb               0,00     0,70    9,37    2,17    85,29    12,31    16,92     0,53   45,54   52,63   14,89   6,66   7,68
sda               0,04     0,70   11,02    2,18   100,53    12,34    17,10     0,49   37,25   41,62   15,14   7,01   9,25
md0               0,00     0,00    0,50    0,00     2,00     0,00     8,00     0,00    0,00    0,00    0,00   0,00   0,00
md1               0,00     0,00    0,00    0,00     0,00     0,00     0,00     0,00    0,00    0,00    0,00   0,00   0,00
md2               0,00     0,00   19,93    1,31   183,82     8,84    18,14     0,00    0,00    0,00    0,00   0,00   0,00
md3               0,00     0,00    0,00    0,10     0,00     0,40     8,00     0,00    0,00    0,00    0,00   0,00   0,00

Control File Changes
--- /usr/local/oldpgsql/2012-01-02-REL9_2_0~984/before.controldata	2016-08-11 04:57:56.767834586 +0200
+++ /usr/local/oldpgsql/2012-01-02-REL9_2_0~984/after.controldata	2016-08-11 04:59:27.111997205 +0200
@@ -5,4 +5,4 @@
-pg_control last modified:             Thu Aug 11 02:57:56 2016
-Latest checkpoint location:           3/7F816290
-Prior checkpoint location:            3/7F816238
-Latest checkpoint's REDO location:    3/7F816290
+pg_control last modified:             Thu Aug 11 02:59:26 2016
+Latest checkpoint location:           3/7F818298
+Prior checkpoint location:            3/7F816290
+Latest checkpoint's REDO location:    3/7F818298
@@ -10,2 +10,2 @@
-Latest checkpoint's NextXID:          0/793857
-Latest checkpoint's NextOID:          16469
+Latest checkpoint's NextXID:          0/793858
+Latest checkpoint's NextOID:          24661
@@ -17 +17 @@
-Time of latest checkpoint:            Thu Aug 11 02:57:56 2016
+Time of latest checkpoint:            Thu Aug 11 02:59:26 2016
size after pgbench of pgbench_history: 0
size after pgbench of pgbench_tellers: 8
size after pgbench of pgbench_branches: 8
size after pgbench of pgbench_accounts: 64
size after pgbench of pgbench_branches_pkey: 32
size after pgbench of pgbench_tellers_pkey: 152
size after pgbench of pgbench_accounts_pkey: 658092
total size after pgbench: 658356
End Time: 2016-08-11 02:59:27+00:00
========================================================================
========================================================================
Testing 2012-01-02-REL9_2_0~984
Start Time: 2016-08-12 01:06:05+00:00
Shared Buffers:  260000
size before pgbench of pgbench_history: 0
size before pgbench of pgbench_tellers: 8
size before pgbench of pgbench_branches: 8
size before pgbench of pgbench_accounts: 64
size before pgbench of pgbench_branches_pkey: 32
size before pgbench of pgbench_tellers_pkey: 152
size before pgbench of pgbench_accounts_pkey: 658092
total size before pgbench: 658356
Linux 3.16.0-4-amd64 (Debian-83-jessie-64-minimal) 	12.08.16 	_x86_64_	(8 CPU)

starting vacuum...end.
transaction type: <builtin: select only>
scaling factor: 300
query mode: simple
number of clients: 32
number of threads: 4
duration: 60 s
number of transactions actually processed: 5719323
latency average: 0.336 ms
tps = 95300.410453 (including connections establishing)
tps = 95303.834509 (excluding connections establishing)
script statistics:
 - statement latencies in milliseconds:
         0.001  \set aid random(1, 100000 * :scale)
         0.336  SELECT abalance FROM pgbench_accounts WHERE aid = :aid;
avg-cpu:  %user   %nice %system %iowait  %steal   %idle
          54,67    0,00   11,52    0,53    0,00   33,28

Device:         rrqm/s   wrqm/s     r/s     w/s    rkB/s    wkB/s avgrq-sz avgqu-sz   await r_await w_await  svctm  %util
sdb               0,00     0,69    8,78    2,36    83,20    12,96    17,27     0,44   39,36   45,80   15,38   7,05   7,85
sda               0,00     0,69   10,83    2,36   100,62    12,96    17,22     0,50   38,23   43,88   12,25   6,53   8,62
md0               0,00     0,00    0,00    0,00     0,00     0,00     0,00     0,00    0,00    0,00    0,00   0,00   0,00
md1               0,00     0,00    0,00    0,00     0,00     0,00     0,00     0,00    0,00    0,00    0,00   0,00   0,00
md2               0,00     0,00   19,61    1,48   183,82     9,51    18,34     0,00    0,00    0,00    0,00   0,00   0,00
md3               0,00     0,00    0,00    0,10     0,00     0,40     8,00     0,00    0,00    0,00    0,00   0,00   0,00

Control File Changes
--- /usr/local/oldpgsql/2012-01-02-REL9_2_0~984/before.controldata	2016-08-12 03:07:17.497308649 +0200
+++ /usr/local/oldpgsql/2012-01-02-REL9_2_0~984/after.controldata	2016-08-12 03:08:47.845628125 +0200
@@ -5,4 +5,4 @@
-pg_control last modified:             Fri Aug 12 01:07:17 2016
-Latest checkpoint location:           3/7F818348
-Prior checkpoint location:            3/7F8182F0
-Latest checkpoint's REDO location:    3/7F818348
+pg_control last modified:             Fri Aug 12 01:08:47 2016
+Latest checkpoint location:           3/7F81A350
+Prior checkpoint location:            3/7F818348
+Latest checkpoint's REDO location:    3/7F81A350
@@ -10,2 +10,2 @@
-Latest checkpoint's NextXID:          0/793858
-Latest checkpoint's NextOID:          16470
+Latest checkpoint's NextXID:          0/793859
+Latest checkpoint's NextOID:          24662
@@ -17 +17 @@
-Time of latest checkpoint:            Fri Aug 12 01:07:17 2016
+Time of latest checkpoint:            Fri Aug 12 01:08:47 2016
size after pgbench of pgbench_history: 0
size after pgbench of pgbench_tellers: 8
size after pgbench of pgbench_branches: 8
size after pgbench of pgbench_accounts: 64
size after pgbench of pgbench_branches_pkey: 32
size after pgbench of pgbench_tellers_pkey: 152
size after pgbench of pgbench_accounts_pkey: 658092
total size after pgbench: 658356
End Time: 2016-08-12 01:08:47+00:00
========================================================================
========================================================================
Testing 2012-01-02-REL9_2_0~984
Start Time: 2016-08-12 02:21:35+00:00
Shared Buffers:  260000
size before pgbench of pgbench_history: 0
size before pgbench of pgbench_tellers: 8
size before pgbench of pgbench_branches: 8
size before pgbench of pgbench_accounts: 64
size before pgbench of pgbench_branches_pkey: 32
size before pgbench of pgbench_tellers_pkey: 152
size before pgbench of pgbench_accounts_pkey: 658092
total size before pgbench: 658356
Linux 3.16.0-4-amd64 (Debian-83-jessie-64-minimal) 	12.08.16 	_x86_64_	(8 CPU)

starting vacuum...end.
transaction type: <builtin: select only>
scaling factor: 300
query mode: simple
number of clients: 64
number of threads: 4
duration: 60 s
number of transactions actually processed: 5350223
latency average: 0.718 ms
tps = 89085.953606 (including connections establishing)
tps = 89089.495802 (excluding connections establishing)
script statistics:
 - statement latencies in milliseconds:
         0.001  \set aid random(1, 100000 * :scale)
         0.719  SELECT abalance FROM pgbench_accounts WHERE aid = :aid;
avg-cpu:  %user   %nice %system %iowait  %steal   %idle
          53,30    0,00   11,66    0,74    0,00   34,30

Device:         rrqm/s   wrqm/s     r/s     w/s    rkB/s    wkB/s avgrq-sz avgqu-sz   await r_await w_await  svctm  %util
sdb               0,00     0,63    9,21    2,42    86,67    12,96    17,13     1,63  139,85  171,14   20,86   7,12   8,28
sda               0,20     0,63   10,84    2,42    99,16    12,96    16,90     0,98   73,93   86,42   17,98   6,97   9,25
md0               0,00     0,00    0,33    0,00     1,33     0,00     8,00     0,00    0,00    0,00    0,00   0,00   0,00
md1               0,00     0,00    0,00    0,00     0,00     0,00     0,00     0,00    0,00    0,00    0,00   0,00   0,00
md2               0,00     0,00   19,93    1,49   184,49     9,56    18,12     0,00    0,00    0,00    0,00   0,00   0,00
md3               0,00     0,00    0,00    0,11     0,00     0,44     8,00     0,00    0,00    0,00    0,00   0,00   0,00

Control File Changes
--- /usr/local/oldpgsql/2012-01-02-REL9_2_0~984/before.controldata	2016-08-12 04:22:47.585960048 +0200
+++ /usr/local/oldpgsql/2012-01-02-REL9_2_0~984/after.controldata	2016-08-12 04:24:17.930118690 +0200
@@ -5,4 +5,4 @@
-pg_control last modified:             Fri Aug 12 02:22:47 2016
-Latest checkpoint location:           3/7F81A400
-Prior checkpoint location:            3/7F81A3A8
-Latest checkpoint's REDO location:    3/7F81A400
+pg_control last modified:             Fri Aug 12 02:24:17 2016
+Latest checkpoint location:           3/7F81C408
+Prior checkpoint location:            3/7F81A400
+Latest checkpoint's REDO location:    3/7F81C408
@@ -10,2 +10,2 @@
-Latest checkpoint's NextXID:          0/793859
-Latest checkpoint's NextOID:          16471
+Latest checkpoint's NextXID:          0/793860
+Latest checkpoint's NextOID:          24663
@@ -17 +17 @@
-Time of latest checkpoint:            Fri Aug 12 02:22:47 2016
+Time of latest checkpoint:            Fri Aug 12 02:24:17 2016
size after pgbench of pgbench_history: 0
size after pgbench of pgbench_tellers: 8
size after pgbench of pgbench_branches: 8
size after pgbench of pgbench_accounts: 64
size after pgbench of pgbench_branches_pkey: 32
size after pgbench of pgbench_tellers_pkey: 152
size after pgbench of pgbench_accounts_pkey: 658092
total size after pgbench: 658356
End Time: 2016-08-12 02:24:18+00:00
========================================================================
========================================================================
Testing 2012-01-02-REL9_2_0~984
Start Time: 2016-08-12 18:11:30+00:00
Shared Buffers:  260000
size before pgbench of pgbench_history: 0
size before pgbench of pgbench_tellers: 8
size before pgbench of pgbench_branches: 8
size before pgbench of pgbench_accounts: 64
size before pgbench of pgbench_branches_pkey: 32
size before pgbench of pgbench_tellers_pkey: 152
size before pgbench of pgbench_accounts_pkey: 658092
total size before pgbench: 658356
+ /usr/local/pgsql/bin/pgbench -T 60 -S -c 64 -j 4 -r
Linux 3.16.0-4-amd64 (Debian-83-jessie-64-minimal) 	12.08.16 	_x86_64_	(8 CPU)

starting vacuum...end.
transaction type: <builtin: select only>
scaling factor: 300
query mode: simple
number of clients: 64
number of threads: 4
duration: 60 s
number of transactions actually processed: 5211995
latency average: 0.737 ms
tps = 86791.275990 (including connections establishing)
tps = 86794.640928 (excluding connections establishing)
script statistics:
 - statement latencies in milliseconds:
         0.001  \set aid random(1, 100000 * :scale)
         0.738  SELECT abalance FROM pgbench_accounts WHERE aid = :aid;
avg-cpu:  %user   %nice %system %iowait  %steal   %idle
          53,32    0,00   11,44    0,89    0,00   34,34

Device:         rrqm/s   wrqm/s     r/s     w/s    rkB/s    wkB/s avgrq-sz avgqu-sz   await r_await w_await  svctm  %util
sdb               0,00     0,67    9,00    1,96    84,89    11,69    17,63     1,23  112,58  133,25   17,43   6,91   7,57
sda               0,00     0,67   10,76    1,96    98,98    11,69    17,41     1,22   95,97  110,32   17,02   7,21   9,16
md0               0,00     0,00    0,01    0,01     0,04     0,04     8,00     0,00    0,00    0,00    0,00   0,00   0,00
md1               0,00     0,00    0,00    0,00     0,00     0,00     0,00     0,00    0,00    0,00    0,00   0,00   0,00
md2               0,00     0,00   19,76    1,27   183,82     8,67    18,31     0,00    0,00    0,00    0,00   0,00   0,00
md3               0,00     0,00    0,00    0,10     0,00     0,40     8,00     0,00    0,00    0,00    0,00   0,00   0,00

Control File Changes
--- /usr/local/oldpgsql/2012-01-02-REL9_2_0~984/before.controldata	2016-08-12 20:12:42.125539307 +0200
+++ /usr/local/oldpgsql/2012-01-02-REL9_2_0~984/after.controldata	2016-08-12 20:14:12.382137408 +0200
@@ -5,4 +5,4 @@
-pg_control last modified:             Fri Aug 12 18:12:42 2016
-Latest checkpoint location:           3/7F81C4B8
-Prior checkpoint location:            3/7F81C460
-Latest checkpoint's REDO location:    3/7F81C4B8
+pg_control last modified:             Fri Aug 12 18:14:12 2016
+Latest checkpoint location:           3/7F81E4C0
+Prior checkpoint location:            3/7F81C4B8
+Latest checkpoint's REDO location:    3/7F81E4C0
@@ -10,2 +10,2 @@
-Latest checkpoint's NextXID:          0/793860
-Latest checkpoint's NextOID:          16472
+Latest checkpoint's NextXID:          0/793861
+Latest checkpoint's NextOID:          24664
@@ -17 +17 @@
-Time of latest checkpoint:            Fri Aug 12 18:12:41 2016
+Time of latest checkpoint:            Fri Aug 12 18:14:12 2016
size after pgbench of pgbench_history: 0
size after pgbench of pgbench_tellers: 8
size after pgbench of pgbench_branches: 8
size after pgbench of pgbench_accounts: 64
size after pgbench of pgbench_branches_pkey: 32
size after pgbench of pgbench_tellers_pkey: 152
size after pgbench of pgbench_accounts_pkey: 658092
total size after pgbench: 658356
End Time: 2016-08-12 18:14:12+00:00
========================================================================
========================================================================
Testing 2012-01-02-REL9_2_0~984
Start Time: 2016-08-13 05:08:52+00:00
Shared Buffers:  260000
size before pgbench of pgbench_history: 0
size before pgbench of pgbench_tellers: 8
size before pgbench of pgbench_branches: 8
size before pgbench of pgbench_accounts: 64
size before pgbench of pgbench_branches_pkey: 32
size before pgbench of pgbench_tellers_pkey: 152
size before pgbench of pgbench_accounts_pkey: 658092
total size before pgbench: 658356
Linux 3.16.0-4-amd64 (Debian-83-jessie-64-minimal) 	13.08.16 	_x86_64_	(8 CPU)

starting vacuum...end.
transaction type: <builtin: select only>
scaling factor: 300
query mode: simple
number of clients: 48
number of threads: 4
duration: 60 s
number of transactions actually processed: 5655430
latency average: 0.509 ms
tps = 94198.648896 (including connections establishing)
tps = 94202.338322 (excluding connections establishing)
script statistics:
 - statement latencies in milliseconds:
         0.000  \set aid random(1, 100000 * :scale)
         0.510  SELECT abalance FROM pgbench_accounts WHERE aid = :aid;
avg-cpu:  %user   %nice %system %iowait  %steal   %idle
          54,05    0,00   11,44    0,73    0,00   33,79

Device:         rrqm/s   wrqm/s     r/s     w/s    rkB/s    wkB/s avgrq-sz avgqu-sz   await r_await w_await  svctm  %util
sdb               0,00     0,73    9,42    2,18    87,47    12,16    17,18     0,90   77,57   92,42   13,31   6,35   7,36
sda               0,06     0,73   10,34    2,18    96,67    12,16    17,38     0,75   59,88   69,35   14,86   6,97   8,73
md0               0,00     0,00    0,08    0,00     0,31     0,00     8,00     0,00    0,00    0,00    0,00   0,00   0,00
md1               0,00     0,00    0,00    0,00     0,00     0,00     0,00     0,00    0,00    0,00    0,00   0,00   0,00
md2               0,00     0,00   19,74    1,49   183,82     8,93    18,16     0,00    0,00    0,00    0,00   0,00   0,00
md3               0,00     0,00    0,00    0,10     0,00     0,40     8,00     0,00    0,00    0,00    0,00   0,00   0,00

Control File Changes
--- /usr/local/oldpgsql/2012-01-02-REL9_2_0~984/before.controldata	2016-08-13 07:10:02.455541619 +0200
+++ /usr/local/oldpgsql/2012-01-02-REL9_2_0~984/after.controldata	2016-08-13 07:11:32.691804478 +0200
@@ -5,4 +5,4 @@
-pg_control last modified:             Sat Aug 13 05:10:02 2016
-Latest checkpoint location:           3/7F81E570
-Prior checkpoint location:            3/7F81E518
-Latest checkpoint's REDO location:    3/7F81E570
+pg_control last modified:             Sat Aug 13 05:11:32 2016
+Latest checkpoint location:           3/7F820578
+Prior checkpoint location:            3/7F81E570
+Latest checkpoint's REDO location:    3/7F820578
@@ -10,2 +10,2 @@
-Latest checkpoint's NextXID:          0/793861
-Latest checkpoint's NextOID:          16473
+Latest checkpoint's NextXID:          0/793862
+Latest checkpoint's NextOID:          24665
@@ -17 +17 @@
-Time of latest checkpoint:            Sat Aug 13 05:10:02 2016
+Time of latest checkpoint:            Sat Aug 13 05:11:32 2016
size after pgbench of pgbench_history: 0
size after pgbench of pgbench_tellers: 8
size after pgbench of pgbench_branches: 8
size after pgbench of pgbench_accounts: 64
size after pgbench of pgbench_branches_pkey: 32
size after pgbench of pgbench_tellers_pkey: 152
size after pgbench of pgbench_accounts_pkey: 658092
total size after pgbench: 658356
End Time: 2016-08-13 05:11:32+00:00
========================================================================
========================================================================
Testing 2012-01-02-REL9_2_0~984
Start Time: 2016-08-13 10:59:48+00:00
Shared Buffers:  260000
size before pgbench of pgbench_history: 0
size before pgbench of pgbench_tellers: 8
size before pgbench of pgbench_branches: 8
size before pgbench of pgbench_accounts: 64
size before pgbench of pgbench_branches_pkey: 32
size before pgbench of pgbench_tellers_pkey: 152
size before pgbench of pgbench_accounts_pkey: 658092
total size before pgbench: 658356
Linux 3.16.0-4-amd64 (Debian-83-jessie-64-minimal) 	13.08.16 	_x86_64_	(8 CPU)

starting vacuum...end.
transaction type: <builtin: select only>
scaling factor: 300
query mode: simple
number of clients: 48
number of threads: 4
duration: 60 s
number of transactions actually processed: 5669603
latency average: 0.508 ms
tps = 94445.788952 (including connections establishing)
tps = 94449.000895 (excluding connections establishing)
script statistics:
 - statement latencies in milliseconds:
         0.001  \set aid random(1, 100000 * :scale)
         0.509  SELECT abalance FROM pgbench_accounts WHERE aid = :aid;
avg-cpu:  %user   %nice %system %iowait  %steal   %idle
          54,16    0,00   11,39    0,64    0,00   33,80

Device:         rrqm/s   wrqm/s     r/s     w/s    rkB/s    wkB/s avgrq-sz avgqu-sz   await r_await w_await  svctm  %util
sdb               0,41     0,67    9,28    2,02    86,09    11,94    17,35     0,87   76,62   90,90   11,10   6,32   7,15
sda               1,09     0,67   11,60    2,02   108,71    11,94    17,71     0,72   53,05   60,11   12,59   6,35   8,65
md0               0,00     0,00    2,42    0,00     9,69     0,00     8,00     0,00    0,00    0,00    0,00   0,00   0,00
md1               0,00     0,00    0,00    0,00     0,00     0,00     0,00     0,00    0,00    0,00    0,00   0,00   0,00
md2               0,00     0,00   19,96    1,30   185,11     8,80    18,25     0,00    0,00    0,00    0,00   0,00   0,00
md3               0,00     0,00    0,00    0,10     0,00     0,40     8,00     0,00    0,00    0,00    0,00   0,00   0,00

Control File Changes
--- /usr/local/oldpgsql/2012-01-02-REL9_2_0~984/before.controldata	2016-08-13 13:00:59.795776739 +0200
+++ /usr/local/oldpgsql/2012-01-02-REL9_2_0~984/after.controldata	2016-08-13 13:02:30.044076937 +0200
@@ -5,4 +5,4 @@
-pg_control last modified:             Sat Aug 13 11:00:59 2016
-Latest checkpoint location:           3/7F820628
-Prior checkpoint location:            3/7F8205D0
-Latest checkpoint's REDO location:    3/7F820628
+pg_control last modified:             Sat Aug 13 11:02:29 2016
+Latest checkpoint location:           3/7F822630
+Prior checkpoint location:            3/7F820628
+Latest checkpoint's REDO location:    3/7F822630
@@ -10,2 +10,2 @@
-Latest checkpoint's NextXID:          0/793862
-Latest checkpoint's NextOID:          16474
+Latest checkpoint's NextXID:          0/793863
+Latest checkpoint's NextOID:          24666
@@ -17 +17 @@
-Time of latest checkpoint:            Sat Aug 13 11:00:59 2016
+Time of latest checkpoint:            Sat Aug 13 11:02:29 2016
size after pgbench of pgbench_history: 0
size after pgbench of pgbench_tellers: 8
size after pgbench of pgbench_branches: 8
size after pgbench of pgbench_accounts: 64
size after pgbench of pgbench_branches_pkey: 32
size after pgbench of pgbench_tellers_pkey: 152
size after pgbench of pgbench_accounts_pkey: 658092
total size after pgbench: 658356
End Time: 2016-08-13 11:02:30+00:00
========================================================================
========================================================================
Testing 2012-01-02-REL9_2_0~984
Start Time: 2016-08-13 23:44:40+00:00
Shared Buffers:  260000
size before pgbench of pgbench_history: 0
size before pgbench of pgbench_tellers: 8
size before pgbench of pgbench_branches: 8
size before pgbench of pgbench_accounts: 64
size before pgbench of pgbench_branches_pkey: 32
size before pgbench of pgbench_tellers_pkey: 152
size before pgbench of pgbench_accounts_pkey: 658092
total size before pgbench: 658356
Linux 3.16.0-4-amd64 (Debian-83-jessie-64-minimal) 	14.08.16 	_x86_64_	(8 CPU)

starting vacuum...end.
transaction type: <builtin: TPC-B (sort of)>
scaling factor: 300
query mode: simple
number of clients: 32
number of threads: 4
duration: 900 s
number of transactions actually processed: 308908
latency average: 93.232 ms
tps = 342.810841 (including connections establishing)
tps = 342.811530 (excluding connections establishing)
script statistics:
 - statement latencies in milliseconds:
         0.002  \set aid random(1, 100000 * :scale)
         0.001  \set bid random(1, 1 * :scale)
         0.001  \set tid random(1, 10 * :scale)
         0.001  \set delta random(-5000, 5000)
         0.150  BEGIN;
         0.461  UPDATE pgbench_accounts SET abalance = abalance + :delta WHERE aid = :aid;
         0.259  SELECT abalance FROM pgbench_accounts WHERE aid = :aid;
         0.755  UPDATE pgbench_tellers SET tbalance = tbalance + :delta WHERE tid = :tid;
         4.961  UPDATE pgbench_branches SET bbalance = bbalance + :delta WHERE bid = :bid;
         0.175  INSERT INTO pgbench_history (tid, bid, aid, delta, mtime) VALUES (:tid, :bid, :aid, :delta, CURRENT_TIMESTAMP);
        86.648  END;
avg-cpu:  %user   %nice %system %iowait  %steal   %idle
           2,90    0,00    0,82    9,17    0,00   87,12

Device:         rrqm/s   wrqm/s     r/s     w/s    rkB/s    wkB/s avgrq-sz avgqu-sz   await r_await w_await  svctm  %util
sdb               0,00     2,04    0,20  360,15     2,02  6212,13    34,49    66,33  184,06   31,28  184,14   2,25  80,98
sda               0,12     2,03    1,44  360,16    13,82  6212,13    34,44    67,04  185,38   18,61  186,05   2,27  82,24
md0               0,00     0,00    0,22    0,00     0,87     0,00     8,00     0,00    0,00    0,00    0,00   0,00   0,00
md1               0,00     0,00    0,00    0,00     0,00     0,00     0,00     0,00    0,00    0,00    0,00   0,00   0,00
md2               0,00     0,00    1,55  361,20    14,97  6209,64    34,32     0,00    0,00    0,00    0,00   0,00   0,00
md3               0,00     0,00    0,00    0,01     0,00     0,04     8,00     0,00    0,00    0,00    0,00   0,00   0,00

Control File Changes
--- /usr/local/oldpgsql/2012-01-02-REL9_2_0~984/before.controldata	2016-08-14 01:45:52.114950472 +0200
+++ /usr/local/oldpgsql/2012-01-02-REL9_2_0~984/after.controldata	2016-08-14 02:02:07.803723324 +0200
@@ -5,4 +5,4 @@
-pg_control last modified:             Sat Aug 13 23:45:52 2016
-Latest checkpoint location:           3/7F8226E0
-Prior checkpoint location:            3/7F822688
-Latest checkpoint's REDO location:    3/7F8226E0
+pg_control last modified:             Sun Aug 14 00:02:07 2016
+Latest checkpoint location:           4/2B5168D8
+Prior checkpoint location:            4/2B516358
+Latest checkpoint's REDO location:    4/2B5168D8
@@ -10,2 +10,2 @@
-Latest checkpoint's NextXID:          0/793863
-Latest checkpoint's NextOID:          16475
+Latest checkpoint's NextXID:          0/1102814
+Latest checkpoint's NextOID:          24667
@@ -17 +17 @@
-Time of latest checkpoint:            Sat Aug 13 23:45:51 2016
+Time of latest checkpoint:            Sun Aug 14 00:01:22 2016
size after pgbench of pgbench_history: 24
size after pgbench of pgbench_tellers: 8
size after pgbench of pgbench_branches: 8
size after pgbench of pgbench_accounts: 64
size after pgbench of pgbench_branches_pkey: 32
size after pgbench of pgbench_tellers_pkey: 152
size after pgbench of pgbench_accounts_pkey: 658092
total size after pgbench: 658380
End Time: 2016-08-14 00:02:07+00:00
========================================================================
========================================================================
Testing 2012-01-02-REL9_2_0~984
Start Time: 2016-08-19 05:13:37+00:00
Shared Buffers:  260000
size before pgbench of pgbench_history: 24
size before pgbench of pgbench_tellers: 8
size before pgbench of pgbench_branches: 8
size before pgbench of pgbench_accounts: 64
size before pgbench of pgbench_branches_pkey: 32
size before pgbench of pgbench_tellers_pkey: 152
size before pgbench of pgbench_accounts_pkey: 658092
total size before pgbench: 658380
starting vacuum...Linux 4.6.0-1-amd64 (Debian-83-jessie-64-minimal) 	19.08.16 	_x86_64_	(8 CPU)

end.
transaction type: <builtin: TPC-B (sort of)>
scaling factor: 300
query mode: simple
number of clients: 32
number of threads: 4
duration: 900 s
number of transactions actually processed: 339136
latency average: 84.922 ms
tps = 376.394118 (including connections establishing)
tps = 376.394857 (excluding connections establishing)
script statistics:
 - statement latencies in milliseconds:
         0.002  \set aid random(1, 100000 * :scale)
         0.001  \set bid random(1, 1 * :scale)
         0.001  \set tid random(1, 10 * :scale)
         0.001  \set delta random(-5000, 5000)
         0.196  BEGIN;
         0.484  UPDATE pgbench_accounts SET abalance = abalance + :delta WHERE aid = :aid;
         0.329  SELECT abalance FROM pgbench_accounts WHERE aid = :aid;
         0.806  UPDATE pgbench_tellers SET tbalance = tbalance + :delta WHERE tid = :tid;
         4.445  UPDATE pgbench_branches SET bbalance = bbalance + :delta WHERE bid = :bid;
         0.204  INSERT INTO pgbench_history (tid, bid, aid, delta, mtime) VALUES (:tid, :bid, :aid, :delta, CURRENT_TIMESTAMP);
        78.694  END;
avg-cpu:  %user   %nice %system %iowait  %steal   %idle
           3,65    0,00    1,03   21,10    0,00   74,23

Device:         rrqm/s   wrqm/s     r/s     w/s    rkB/s    wkB/s avgrq-sz avgqu-sz   await r_await w_await  svctm  %util
sdb               0,01     6,76    0,07  360,02     0,86  6076,27    33,75    77,49  215,18   37,27  215,22   2,36  84,95
sda               0,03     6,75    0,48  360,04     4,53  6076,27    33,73    49,72  137,91   18,45  138,07   2,16  77,80
md0               0,00     0,00    0,11    0,00     0,43     0,00     8,00     0,00    0,00    0,00    0,00   0,00   0,00
md1               0,00     0,00    0,00    0,00     0,00     0,00     0,00     0,00    0,00    0,00    0,00   0,00   0,00
md2               0,00     0,00    0,50  366,25     4,95  6074,88    33,16     0,00    0,00    0,00    0,00   0,00   0,00
md3               0,00     0,00    0,00    0,01     0,00     0,04     8,00     0,00    0,00    0,00    0,00   0,00   0,00

Control File Changes
--- /usr/local/oldpgsql/2012-01-02-REL9_2_0~984/before.controldata	2016-08-19 07:16:15.706519456 +0200
+++ /usr/local/oldpgsql/2012-01-02-REL9_2_0~984/after.controldata	2016-08-19 07:32:26.155551220 +0200
@@ -5,4 +5,4 @@
-pg_control last modified:             Fri Aug 19 05:16:15 2016
-Latest checkpoint location:           4/99ECC528
-Prior checkpoint location:            4/99ECC4D0
-Latest checkpoint's REDO location:    4/99ECC528
+pg_control last modified:             Fri Aug 19 05:32:26 2016
+Latest checkpoint location:           5/4AD8C1F8
+Prior checkpoint location:            5/4AD4E658
+Latest checkpoint's REDO location:    5/4AD4E6B0
@@ -10,2 +10,2 @@
-Latest checkpoint's NextXID:          0/1102814
-Latest checkpoint's NextOID:          16476
+Latest checkpoint's NextXID:          0/1441991
+Latest checkpoint's NextOID:          24668
@@ -17 +17 @@
-Time of latest checkpoint:            Fri Aug 19 05:16:15 2016
+Time of latest checkpoint:            Fri Aug 19 05:31:45 2016
size after pgbench of pgbench_history: 24
size after pgbench of pgbench_tellers: 8
size after pgbench of pgbench_branches: 8
size after pgbench of pgbench_accounts: 64
size after pgbench of pgbench_branches_pkey: 32
size after pgbench of pgbench_tellers_pkey: 152
size after pgbench of pgbench_accounts_pkey: 658092
total size after pgbench: 658380
End Time: 2016-08-19 05:32:26+00:00
========================================================================
========================================================================
Testing 2012-01-02-REL9_2_0~984
Start Time: 2016-08-21 13:33:13+00:00
Shared Buffers:  260000
size before pgbench of pgbench_history: 24
size before pgbench of pgbench_tellers: 8
size before pgbench of pgbench_branches: 8
size before pgbench of pgbench_accounts: 64
size before pgbench of pgbench_branches_pkey: 32
size before pgbench of pgbench_tellers_pkey: 152
size before pgbench of pgbench_accounts_pkey: 658092
total size before pgbench: 658380
starting vacuum...Linux 4.6.0-1-amd64 (Debian-83-jessie-64-minimal) 	21.08.16 	_x86_64_	(8 CPU)

end.
transaction type: <builtin: TPC-B (sort of)>
scaling factor: 300
query mode: simple
number of clients: 32
number of threads: 4
duration: 900 s
number of transactions actually processed: 289635
latency average: 99.435 ms
tps = 320.677897 (including connections establishing)
tps = 320.678636 (excluding connections establishing)
script statistics:
 - statement latencies in milliseconds:
         0.002  \set aid random(1, 100000 * :scale)
         0.001  \set bid random(1, 1 * :scale)
         0.001  \set tid random(1, 10 * :scale)
         0.001  \set delta random(-5000, 5000)
         0.205  BEGIN;
         0.504  UPDATE pgbench_accounts SET abalance = abalance + :delta WHERE aid = :aid;
         0.343  SELECT abalance FROM pgbench_accounts WHERE aid = :aid;
         0.988  UPDATE pgbench_tellers SET tbalance = tbalance + :delta WHERE tid = :tid;
         5.688  UPDATE pgbench_branches SET bbalance = bbalance + :delta WHERE bid = :bid;
         0.219  INSERT INTO pgbench_history (tid, bid, aid, delta, mtime) VALUES (:tid, :bid, :aid, :delta, CURRENT_TIMESTAMP);
        91.968  END;
avg-cpu:  %user   %nice %system %iowait  %steal   %idle
           3,28    0,00    0,94   21,21    0,00   74,57

Device:         rrqm/s   wrqm/s     r/s     w/s    rkB/s    wkB/s avgrq-sz avgqu-sz   await r_await w_await  svctm  %util
sdb               0,00     5,86    0,02  292,07     0,36  4896,39    33,53    58,71  201,01   30,60  201,03   2,70  78,88
sda               0,03     5,85    0,28  292,07     2,28  4896,42    33,51    44,26  151,41   20,76  151,53   2,64  77,20
md0               0,00     0,00    0,16    0,00     0,63     0,00     8,00     0,00    0,00    0,00    0,00   0,00   0,00
md1               0,00     0,00    0,00    0,00     0,00     0,00     0,00     0,00    0,00    0,00    0,00   0,00   0,00
md2               0,00     0,00    0,18  297,47     2,00  4895,24    32,91     0,00    0,00    0,00    0,00   0,00   0,00
md3               0,00     0,00    0,00    0,01     0,00     0,04     8,00     0,00    0,00    0,00    0,00   0,00   0,00

Control File Changes
--- /usr/local/oldpgsql/2012-01-02-REL9_2_0~984/before.controldata	2016-08-21 15:35:56.857540195 +0200
+++ /usr/local/oldpgsql/2012-01-02-REL9_2_0~984/after.controldata	2016-08-21 15:52:11.243550271 +0200
@@ -5,4 +5,4 @@
-pg_control last modified:             Sun Aug 21 13:35:56 2016
-Latest checkpoint location:           5/C0FAF4F8
-Prior checkpoint location:            5/BE7F0280
-Latest checkpoint's REDO location:    5/C0FAF4F8
+pg_control last modified:             Sun Aug 21 13:52:10 2016
+Latest checkpoint location:           6/531CD498
+Prior checkpoint location:            6/5318F948
+Latest checkpoint's REDO location:    6/5318F9A0
@@ -10,2 +10,2 @@
-Latest checkpoint's NextXID:          0/1441993
-Latest checkpoint's NextOID:          16477
+Latest checkpoint's NextXID:          0/1731668
+Latest checkpoint's NextOID:          24669
@@ -17 +17 @@
-Time of latest checkpoint:            Sun Aug 21 13:35:56 2016
+Time of latest checkpoint:            Sun Aug 21 13:51:26 2016
size after pgbench of pgbench_history: 24
size after pgbench of pgbench_tellers: 8
size after pgbench of pgbench_branches: 8
size after pgbench of pgbench_accounts: 64
size after pgbench of pgbench_branches_pkey: 32
size after pgbench of pgbench_tellers_pkey: 152
size after pgbench of pgbench_accounts_pkey: 658092
total size after pgbench: 658380
End Time: 2016-08-21 13:52:11+00:00
========================================================================
