creating tables...
100000 of 30000000 tuples (0%) done (elapsed 0.06 s, remaining 18.80 s)
200000 of 30000000 tuples (0%) done (elapsed 0.13 s, remaining 19.13 s)
300000 of 30000000 tuples (1%) done (elapsed 0.19 s, remaining 18.87 s)
400000 of 30000000 tuples (1%) done (elapsed 0.25 s, remaining 18.32 s)
500000 of 30000000 tuples (1%) done (elapsed 0.31 s, remaining 18.28 s)
600000 of 30000000 tuples (2%) done (elapsed 0.37 s, remaining 18.22 s)
700000 of 30000000 tuples (2%) done (elapsed 0.43 s, remaining 17.91 s)
800000 of 30000000 tuples (2%) done (elapsed 0.49 s, remaining 17.86 s)
900000 of 30000000 tuples (3%) done (elapsed 0.55 s, remaining 17.81 s)
1000000 of 30000000 tuples (3%) done (elapsed 0.61 s, remaining 17.73 s)
1100000 of 30000000 tuples (3%) done (elapsed 0.67 s, remaining 17.73 s)
1200000 of 30000000 tuples (4%) done (elapsed 0.73 s, remaining 17.59 s)
1300000 of 30000000 tuples (4%) done (elapsed 0.80 s, remaining 17.58 s)
1400000 of 30000000 tuples (4%) done (elapsed 0.86 s, remaining 17.55 s)
1500000 of 30000000 tuples (5%) done (elapsed 0.92 s, remaining 17.43 s)
1600000 of 30000000 tuples (5%) done (elapsed 0.98 s, remaining 17.40 s)
1700000 of 30000000 tuples (5%) done (elapsed 1.04 s, remaining 17.38 s)
1800000 of 30000000 tuples (6%) done (elapsed 1.10 s, remaining 17.26 s)
1900000 of 30000000 tuples (6%) done (elapsed 1.16 s, remaining 17.23 s)
2000000 of 30000000 tuples (6%) done (elapsed 1.23 s, remaining 17.20 s)
2100000 of 30000000 tuples (7%) done (elapsed 1.29 s, remaining 17.10 s)
2200000 of 30000000 tuples (7%) done (elapsed 1.35 s, remaining 17.06 s)
2300000 of 30000000 tuples (7%) done (elapsed 1.41 s, remaining 17.02 s)
2400000 of 30000000 tuples (8%) done (elapsed 1.47 s, remaining 16.92 s)
2500000 of 30000000 tuples (8%) done (elapsed 1.53 s, remaining 16.88 s)
2600000 of 30000000 tuples (8%) done (elapsed 1.60 s, remaining 16.84 s)
2700000 of 30000000 tuples (9%) done (elapsed 1.66 s, remaining 16.79 s)
2800000 of 30000000 tuples (9%) done (elapsed 1.72 s, remaining 16.70 s)
2900000 of 30000000 tuples (9%) done (elapsed 1.78 s, remaining 16.66 s)
3000000 of 30000000 tuples (10%) done (elapsed 1.85 s, remaining 16.61 s)
3100000 of 30000000 tuples (10%) done (elapsed 1.90 s, remaining 16.52 s)
3200000 of 30000000 tuples (10%) done (elapsed 1.97 s, remaining 16.48 s)
3300000 of 30000000 tuples (11%) done (elapsed 2.03 s, remaining 16.43 s)
3400000 of 30000000 tuples (11%) done (elapsed 2.09 s, remaining 16.34 s)
3500000 of 30000000 tuples (11%) done (elapsed 2.15 s, remaining 16.29 s)
3600000 of 30000000 tuples (12%) done (elapsed 2.22 s, remaining 16.25 s)
3700000 of 30000000 tuples (12%) done (elapsed 2.27 s, remaining 16.16 s)
3800000 of 30000000 tuples (12%) done (elapsed 2.34 s, remaining 16.11 s)
3900000 of 30000000 tuples (13%) done (elapsed 2.40 s, remaining 16.03 s)
4000000 of 30000000 tuples (13%) done (elapsed 2.46 s, remaining 15.98 s)
4100000 of 30000000 tuples (13%) done (elapsed 2.52 s, remaining 15.93 s)
4200000 of 30000000 tuples (14%) done (elapsed 2.58 s, remaining 15.85 s)
4300000 of 30000000 tuples (14%) done (elapsed 2.64 s, remaining 15.80 s)
4400000 of 30000000 tuples (14%) done (elapsed 2.70 s, remaining 15.72 s)
4500000 of 30000000 tuples (15%) done (elapsed 2.76 s, remaining 15.66 s)
4600000 of 30000000 tuples (15%) done (elapsed 2.83 s, remaining 15.61 s)
4700000 of 30000000 tuples (15%) done (elapsed 2.89 s, remaining 15.53 s)
4800000 of 30000000 tuples (16%) done (elapsed 2.95 s, remaining 15.48 s)
4900000 of 30000000 tuples (16%) done (elapsed 3.01 s, remaining 15.43 s)
5000000 of 30000000 tuples (16%) done (elapsed 3.07 s, remaining 15.35 s)
5100000 of 30000000 tuples (17%) done (elapsed 3.13 s, remaining 15.30 s)
5200000 of 30000000 tuples (17%) done (elapsed 3.19 s, remaining 15.22 s)
5300000 of 30000000 tuples (17%) done (elapsed 3.25 s, remaining 15.17 s)
5400000 of 30000000 tuples (18%) done (elapsed 3.32 s, remaining 15.12 s)
5500000 of 30000000 tuples (18%) done (elapsed 3.38 s, remaining 15.04 s)
5600000 of 30000000 tuples (18%) done (elapsed 3.44 s, remaining 14.99 s)
5700000 of 30000000 tuples (19%) done (elapsed 3.50 s, remaining 14.91 s)
5800000 of 30000000 tuples (19%) done (elapsed 3.56 s, remaining 14.86 s)
5900000 of 30000000 tuples (19%) done (elapsed 3.62 s, remaining 14.81 s)
6000000 of 30000000 tuples (20%) done (elapsed 3.68 s, remaining 14.73 s)
6100000 of 30000000 tuples (20%) done (elapsed 3.75 s, remaining 14.68 s)
6200000 of 30000000 tuples (20%) done (elapsed 3.81 s, remaining 14.61 s)
6300000 of 30000000 tuples (21%) done (elapsed 3.87 s, remaining 14.55 s)
6400000 of 30000000 tuples (21%) done (elapsed 3.93 s, remaining 14.50 s)
6500000 of 30000000 tuples (21%) done (elapsed 3.99 s, remaining 14.43 s)
6600000 of 30000000 tuples (22%) done (elapsed 4.05 s, remaining 14.37 s)
6700000 of 30000000 tuples (22%) done (elapsed 4.12 s, remaining 14.32 s)
6800000 of 30000000 tuples (22%) done (elapsed 4.17 s, remaining 14.24 s)
6900000 of 30000000 tuples (23%) done (elapsed 4.24 s, remaining 14.19 s)
7000000 of 30000000 tuples (23%) done (elapsed 4.30 s, remaining 14.12 s)
7100000 of 30000000 tuples (23%) done (elapsed 4.36 s, remaining 14.06 s)
7200000 of 30000000 tuples (24%) done (elapsed 4.42 s, remaining 14.01 s)
7300000 of 30000000 tuples (24%) done (elapsed 4.48 s, remaining 13.94 s)
7400000 of 30000000 tuples (24%) done (elapsed 4.55 s, remaining 13.88 s)
7500000 of 30000000 tuples (25%) done (elapsed 4.61 s, remaining 13.83 s)
7600000 of 30000000 tuples (25%) done (elapsed 4.67 s, remaining 13.76 s)
7700000 of 30000000 tuples (25%) done (elapsed 4.73 s, remaining 13.70 s)
7800000 of 30000000 tuples (26%) done (elapsed 4.79 s, remaining 13.65 s)
7900000 of 30000000 tuples (26%) done (elapsed 4.85 s, remaining 13.58 s)
8000000 of 30000000 tuples (26%) done (elapsed 4.92 s, remaining 13.52 s)
8100000 of 30000000 tuples (27%) done (elapsed 4.98 s, remaining 13.46 s)
8200000 of 30000000 tuples (27%) done (elapsed 5.04 s, remaining 13.39 s)
8300000 of 30000000 tuples (27%) done (elapsed 5.10 s, remaining 13.34 s)
8400000 of 30000000 tuples (28%) done (elapsed 5.16 s, remaining 13.28 s)
8500000 of 30000000 tuples (28%) done (elapsed 5.22 s, remaining 13.21 s)
8600000 of 30000000 tuples (28%) done (elapsed 5.29 s, remaining 13.15 s)
8700000 of 30000000 tuples (29%) done (elapsed 5.34 s, remaining 13.09 s)
8800000 of 30000000 tuples (29%) done (elapsed 5.41 s, remaining 13.03 s)
8900000 of 30000000 tuples (29%) done (elapsed 5.47 s, remaining 12.97 s)
9000000 of 30000000 tuples (30%) done (elapsed 5.53 s, remaining 12.91 s)
9100000 of 30000000 tuples (30%) done (elapsed 5.59 s, remaining 12.85 s)
9200000 of 30000000 tuples (30%) done (elapsed 5.65 s, remaining 12.78 s)
9300000 of 30000000 tuples (31%) done (elapsed 5.72 s, remaining 12.72 s)
9400000 of 30000000 tuples (31%) done (elapsed 5.78 s, remaining 12.67 s)
9500000 of 30000000 tuples (31%) done (elapsed 5.84 s, remaining 12.60 s)
9600000 of 30000000 tuples (32%) done (elapsed 5.90 s, remaining 12.55 s)
9700000 of 30000000 tuples (32%) done (elapsed 5.96 s, remaining 12.48 s)
9800000 of 30000000 tuples (32%) done (elapsed 6.03 s, remaining 12.42 s)
9900000 of 30000000 tuples (33%) done (elapsed 6.08 s, remaining 12.35 s)
10000000 of 30000000 tuples (33%) done (elapsed 6.15 s, remaining 12.29 s)
10100000 of 30000000 tuples (33%) done (elapsed 6.21 s, remaining 12.24 s)
10200000 of 30000000 tuples (34%) done (elapsed 6.27 s, remaining 12.17 s)
10300000 of 30000000 tuples (34%) done (elapsed 6.33 s, remaining 12.11 s)
10400000 of 30000000 tuples (34%) done (elapsed 6.40 s, remaining 12.05 s)
10500000 of 30000000 tuples (35%) done (elapsed 6.46 s, remaining 11.99 s)
10600000 of 30000000 tuples (35%) done (elapsed 6.52 s, remaining 11.93 s)
10700000 of 30000000 tuples (35%) done (elapsed 6.58 s, remaining 11.87 s)
10800000 of 30000000 tuples (36%) done (elapsed 6.64 s, remaining 11.81 s)
10900000 of 30000000 tuples (36%) done (elapsed 6.70 s, remaining 11.74 s)
11000000 of 30000000 tuples (36%) done (elapsed 6.76 s, remaining 11.68 s)
11100000 of 30000000 tuples (37%) done (elapsed 6.83 s, remaining 11.62 s)
11200000 of 30000000 tuples (37%) done (elapsed 6.88 s, remaining 11.56 s)
11300000 of 30000000 tuples (37%) done (elapsed 6.95 s, remaining 11.50 s)
11400000 of 30000000 tuples (38%) done (elapsed 7.01 s, remaining 11.44 s)
11500000 of 30000000 tuples (38%) done (elapsed 7.07 s, remaining 11.37 s)
11600000 of 30000000 tuples (38%) done (elapsed 7.13 s, remaining 11.32 s)
11700000 of 30000000 tuples (39%) done (elapsed 7.19 s, remaining 11.25 s)
11800000 of 30000000 tuples (39%) done (elapsed 7.25 s, remaining 11.19 s)
11900000 of 30000000 tuples (39%) done (elapsed 7.32 s, remaining 11.13 s)
12000000 of 30000000 tuples (40%) done (elapsed 7.38 s, remaining 11.07 s)
12100000 of 30000000 tuples (40%) done (elapsed 7.44 s, remaining 11.01 s)
12200000 of 30000000 tuples (40%) done (elapsed 7.50 s, remaining 10.95 s)
12300000 of 30000000 tuples (41%) done (elapsed 7.56 s, remaining 10.89 s)
12400000 of 30000000 tuples (41%) done (elapsed 7.62 s, remaining 10.82 s)
12500000 of 30000000 tuples (41%) done (elapsed 7.69 s, remaining 10.76 s)
12600000 of 30000000 tuples (42%) done (elapsed 7.75 s, remaining 10.70 s)
12700000 of 30000000 tuples (42%) done (elapsed 7.81 s, remaining 10.64 s)
12800000 of 30000000 tuples (42%) done (elapsed 7.87 s, remaining 10.58 s)
12900000 of 30000000 tuples (43%) done (elapsed 7.93 s, remaining 10.52 s)
13000000 of 30000000 tuples (43%) done (elapsed 7.99 s, remaining 10.45 s)
13100000 of 30000000 tuples (43%) done (elapsed 8.06 s, remaining 10.40 s)
13200000 of 30000000 tuples (44%) done (elapsed 8.12 s, remaining 10.33 s)
13300000 of 30000000 tuples (44%) done (elapsed 8.18 s, remaining 10.27 s)
13400000 of 30000000 tuples (44%) done (elapsed 8.24 s, remaining 10.21 s)
13500000 of 30000000 tuples (45%) done (elapsed 8.30 s, remaining 10.15 s)
13600000 of 30000000 tuples (45%) done (elapsed 8.36 s, remaining 10.09 s)
13700000 of 30000000 tuples (45%) done (elapsed 8.43 s, remaining 10.03 s)
13800000 of 30000000 tuples (46%) done (elapsed 8.49 s, remaining 9.96 s)
13900000 of 30000000 tuples (46%) done (elapsed 8.55 s, remaining 9.90 s)
14000000 of 30000000 tuples (46%) done (elapsed 8.61 s, remaining 9.84 s)
14100000 of 30000000 tuples (47%) done (elapsed 8.67 s, remaining 9.78 s)
14200000 of 30000000 tuples (47%) done (elapsed 8.73 s, remaining 9.72 s)
14300000 of 30000000 tuples (47%) done (elapsed 8.80 s, remaining 9.66 s)
14400000 of 30000000 tuples (48%) done (elapsed 8.86 s, remaining 9.60 s)
14500000 of 30000000 tuples (48%) done (elapsed 8.92 s, remaining 9.53 s)
14600000 of 30000000 tuples (48%) done (elapsed 8.98 s, remaining 9.47 s)
14700000 of 30000000 tuples (49%) done (elapsed 9.04 s, remaining 9.41 s)
14800000 of 30000000 tuples (49%) done (elapsed 9.10 s, remaining 9.35 s)
14900000 of 30000000 tuples (49%) done (elapsed 9.16 s, remaining 9.29 s)
15000000 of 30000000 tuples (50%) done (elapsed 9.23 s, remaining 9.23 s)
15100000 of 30000000 tuples (50%) done (elapsed 9.29 s, remaining 9.16 s)
15200000 of 30000000 tuples (50%) done (elapsed 9.35 s, remaining 9.10 s)
15300000 of 30000000 tuples (51%) done (elapsed 9.41 s, remaining 9.04 s)
15400000 of 30000000 tuples (51%) done (elapsed 9.49 s, remaining 9.00 s)
15500000 of 30000000 tuples (51%) done (elapsed 9.55 s, remaining 8.94 s)
15600000 of 30000000 tuples (52%) done (elapsed 9.61 s, remaining 8.87 s)
15700000 of 30000000 tuples (52%) done (elapsed 9.67 s, remaining 8.81 s)
15800000 of 30000000 tuples (52%) done (elapsed 9.74 s, remaining 8.75 s)
15900000 of 30000000 tuples (53%) done (elapsed 9.80 s, remaining 8.69 s)
16000000 of 30000000 tuples (53%) done (elapsed 9.86 s, remaining 8.63 s)
16100000 of 30000000 tuples (53%) done (elapsed 9.92 s, remaining 8.57 s)
16200000 of 30000000 tuples (54%) done (elapsed 9.98 s, remaining 8.51 s)
16300000 of 30000000 tuples (54%) done (elapsed 10.04 s, remaining 8.44 s)
16400000 of 30000000 tuples (54%) done (elapsed 10.11 s, remaining 8.38 s)
16500000 of 30000000 tuples (55%) done (elapsed 10.17 s, remaining 8.32 s)
16600000 of 30000000 tuples (55%) done (elapsed 10.23 s, remaining 8.26 s)
16700000 of 30000000 tuples (55%) done (elapsed 10.29 s, remaining 8.19 s)
16800000 of 30000000 tuples (56%) done (elapsed 10.35 s, remaining 8.14 s)
16900000 of 30000000 tuples (56%) done (elapsed 10.41 s, remaining 8.07 s)
17000000 of 30000000 tuples (56%) done (elapsed 10.47 s, remaining 8.01 s)
17100000 of 30000000 tuples (57%) done (elapsed 10.54 s, remaining 7.95 s)
17200000 of 30000000 tuples (57%) done (elapsed 10.60 s, remaining 7.89 s)
17300000 of 30000000 tuples (57%) done (elapsed 10.66 s, remaining 7.82 s)
17400000 of 30000000 tuples (58%) done (elapsed 10.72 s, remaining 7.76 s)
17500000 of 30000000 tuples (58%) done (elapsed 10.78 s, remaining 7.70 s)
17600000 of 30000000 tuples (58%) done (elapsed 10.84 s, remaining 7.64 s)
17700000 of 30000000 tuples (59%) done (elapsed 10.90 s, remaining 7.58 s)
17800000 of 30000000 tuples (59%) done (elapsed 10.96 s, remaining 7.51 s)
17900000 of 30000000 tuples (59%) done (elapsed 11.03 s, remaining 7.45 s)
18000000 of 30000000 tuples (60%) done (elapsed 11.09 s, remaining 7.39 s)
18100000 of 30000000 tuples (60%) done (elapsed 11.15 s, remaining 7.33 s)
18200000 of 30000000 tuples (60%) done (elapsed 11.21 s, remaining 7.27 s)
18300000 of 30000000 tuples (61%) done (elapsed 11.27 s, remaining 7.21 s)
18400000 of 30000000 tuples (61%) done (elapsed 11.33 s, remaining 7.14 s)
18500000 of 30000000 tuples (61%) done (elapsed 11.40 s, remaining 7.09 s)
18600000 of 30000000 tuples (62%) done (elapsed 11.46 s, remaining 7.02 s)
18700000 of 30000000 tuples (62%) done (elapsed 11.52 s, remaining 6.96 s)
18800000 of 30000000 tuples (62%) done (elapsed 11.58 s, remaining 6.90 s)
18900000 of 30000000 tuples (63%) done (elapsed 11.64 s, remaining 6.84 s)
19000000 of 30000000 tuples (63%) done (elapsed 11.70 s, remaining 6.78 s)
19100000 of 30000000 tuples (63%) done (elapsed 11.76 s, remaining 6.71 s)
19200000 of 30000000 tuples (64%) done (elapsed 11.83 s, remaining 6.65 s)
19300000 of 30000000 tuples (64%) done (elapsed 11.89 s, remaining 6.59 s)
19400000 of 30000000 tuples (64%) done (elapsed 11.95 s, remaining 6.53 s)
19500000 of 30000000 tuples (65%) done (elapsed 12.01 s, remaining 6.47 s)
19600000 of 30000000 tuples (65%) done (elapsed 12.07 s, remaining 6.41 s)
19700000 of 30000000 tuples (65%) done (elapsed 12.13 s, remaining 6.34 s)
19800000 of 30000000 tuples (66%) done (elapsed 12.20 s, remaining 6.28 s)
19900000 of 30000000 tuples (66%) done (elapsed 12.26 s, remaining 6.22 s)
20000000 of 30000000 tuples (66%) done (elapsed 12.32 s, remaining 6.16 s)
20100000 of 30000000 tuples (67%) done (elapsed 12.38 s, remaining 6.10 s)
20200000 of 30000000 tuples (67%) done (elapsed 12.44 s, remaining 6.04 s)
20300000 of 30000000 tuples (67%) done (elapsed 12.51 s, remaining 5.98 s)
20400000 of 30000000 tuples (68%) done (elapsed 12.57 s, remaining 5.91 s)
20500000 of 30000000 tuples (68%) done (elapsed 12.63 s, remaining 5.85 s)
20600000 of 30000000 tuples (68%) done (elapsed 12.69 s, remaining 5.79 s)
20700000 of 30000000 tuples (69%) done (elapsed 12.75 s, remaining 5.73 s)
20800000 of 30000000 tuples (69%) done (elapsed 12.81 s, remaining 5.67 s)
20900000 of 30000000 tuples (69%) done (elapsed 12.88 s, remaining 5.61 s)
21000000 of 30000000 tuples (70%) done (elapsed 12.94 s, remaining 5.54 s)
21100000 of 30000000 tuples (70%) done (elapsed 13.00 s, remaining 5.48 s)
21200000 of 30000000 tuples (70%) done (elapsed 13.06 s, remaining 5.42 s)
21300000 of 30000000 tuples (71%) done (elapsed 13.12 s, remaining 5.36 s)
21400000 of 30000000 tuples (71%) done (elapsed 13.19 s, remaining 5.30 s)
21500000 of 30000000 tuples (71%) done (elapsed 13.25 s, remaining 5.24 s)
21600000 of 30000000 tuples (72%) done (elapsed 13.31 s, remaining 5.17 s)
21700000 of 30000000 tuples (72%) done (elapsed 13.37 s, remaining 5.11 s)
21800000 of 30000000 tuples (72%) done (elapsed 13.43 s, remaining 5.05 s)
21900000 of 30000000 tuples (73%) done (elapsed 13.49 s, remaining 4.99 s)
22000000 of 30000000 tuples (73%) done (elapsed 13.55 s, remaining 4.93 s)
22100000 of 30000000 tuples (73%) done (elapsed 13.61 s, remaining 4.87 s)
22200000 of 30000000 tuples (74%) done (elapsed 13.68 s, remaining 4.81 s)
22300000 of 30000000 tuples (74%) done (elapsed 13.74 s, remaining 4.74 s)
22400000 of 30000000 tuples (74%) done (elapsed 13.80 s, remaining 4.68 s)
22500000 of 30000000 tuples (75%) done (elapsed 13.86 s, remaining 4.62 s)
22600000 of 30000000 tuples (75%) done (elapsed 13.92 s, remaining 4.56 s)
22700000 of 30000000 tuples (75%) done (elapsed 13.98 s, remaining 4.50 s)
22800000 of 30000000 tuples (76%) done (elapsed 14.05 s, remaining 4.44 s)
22900000 of 30000000 tuples (76%) done (elapsed 14.11 s, remaining 4.37 s)
23000000 of 30000000 tuples (76%) done (elapsed 14.17 s, remaining 4.31 s)
23100000 of 30000000 tuples (77%) done (elapsed 14.23 s, remaining 4.25 s)
23200000 of 30000000 tuples (77%) done (elapsed 14.29 s, remaining 4.19 s)
23300000 of 30000000 tuples (77%) done (elapsed 14.35 s, remaining 4.13 s)
23400000 of 30000000 tuples (78%) done (elapsed 14.41 s, remaining 4.07 s)
23500000 of 30000000 tuples (78%) done (elapsed 14.50 s, remaining 4.01 s)
23600000 of 30000000 tuples (78%) done (elapsed 14.56 s, remaining 3.95 s)
23700000 of 30000000 tuples (79%) done (elapsed 14.62 s, remaining 3.89 s)
23800000 of 30000000 tuples (79%) done (elapsed 14.68 s, remaining 3.83 s)
23900000 of 30000000 tuples (79%) done (elapsed 14.74 s, remaining 3.76 s)
24000000 of 30000000 tuples (80%) done (elapsed 14.81 s, remaining 3.70 s)
24100000 of 30000000 tuples (80%) done (elapsed 14.87 s, remaining 3.64 s)
24200000 of 30000000 tuples (80%) done (elapsed 14.93 s, remaining 3.58 s)
24300000 of 30000000 tuples (81%) done (elapsed 15.00 s, remaining 3.52 s)
24400000 of 30000000 tuples (81%) done (elapsed 15.06 s, remaining 3.46 s)
24500000 of 30000000 tuples (81%) done (elapsed 15.12 s, remaining 3.39 s)
24600000 of 30000000 tuples (82%) done (elapsed 15.18 s, remaining 3.33 s)
24700000 of 30000000 tuples (82%) done (elapsed 15.24 s, remaining 3.27 s)
24800000 of 30000000 tuples (82%) done (elapsed 15.30 s, remaining 3.21 s)
24900000 of 30000000 tuples (83%) done (elapsed 15.37 s, remaining 3.15 s)
25000000 of 30000000 tuples (83%) done (elapsed 15.43 s, remaining 3.09 s)
25100000 of 30000000 tuples (83%) done (elapsed 15.49 s, remaining 3.02 s)
25200000 of 30000000 tuples (84%) done (elapsed 15.55 s, remaining 2.96 s)
25300000 of 30000000 tuples (84%) done (elapsed 15.62 s, remaining 2.90 s)
25400000 of 30000000 tuples (84%) done (elapsed 15.68 s, remaining 2.84 s)
25500000 of 30000000 tuples (85%) done (elapsed 15.75 s, remaining 2.78 s)
25600000 of 30000000 tuples (85%) done (elapsed 15.81 s, remaining 2.72 s)
25700000 of 30000000 tuples (85%) done (elapsed 15.87 s, remaining 2.66 s)
25800000 of 30000000 tuples (86%) done (elapsed 15.94 s, remaining 2.59 s)
25900000 of 30000000 tuples (86%) done (elapsed 16.00 s, remaining 2.53 s)
26000000 of 30000000 tuples (86%) done (elapsed 16.07 s, remaining 2.47 s)
26100000 of 30000000 tuples (87%) done (elapsed 16.13 s, remaining 2.41 s)
26200000 of 30000000 tuples (87%) done (elapsed 16.19 s, remaining 2.35 s)
26300000 of 30000000 tuples (87%) done (elapsed 16.26 s, remaining 2.29 s)
26400000 of 30000000 tuples (88%) done (elapsed 16.32 s, remaining 2.23 s)
26500000 of 30000000 tuples (88%) done (elapsed 16.38 s, remaining 2.16 s)
26600000 of 30000000 tuples (88%) done (elapsed 16.45 s, remaining 2.10 s)
26700000 of 30000000 tuples (89%) done (elapsed 16.51 s, remaining 2.04 s)
26800000 of 30000000 tuples (89%) done (elapsed 16.57 s, remaining 1.98 s)
26900000 of 30000000 tuples (89%) done (elapsed 16.64 s, remaining 1.92 s)
27000000 of 30000000 tuples (90%) done (elapsed 16.70 s, remaining 1.86 s)
27100000 of 30000000 tuples (90%) done (elapsed 16.76 s, remaining 1.79 s)
27200000 of 30000000 tuples (90%) done (elapsed 16.82 s, remaining 1.73 s)
27300000 of 30000000 tuples (91%) done (elapsed 16.89 s, remaining 1.67 s)
27400000 of 30000000 tuples (91%) done (elapsed 16.95 s, remaining 1.61 s)
27500000 of 30000000 tuples (91%) done (elapsed 17.02 s, remaining 1.55 s)
27600000 of 30000000 tuples (92%) done (elapsed 17.08 s, remaining 1.48 s)
27700000 of 30000000 tuples (92%) done (elapsed 17.14 s, remaining 1.42 s)
27800000 of 30000000 tuples (92%) done (elapsed 17.20 s, remaining 1.36 s)
27900000 of 30000000 tuples (93%) done (elapsed 17.26 s, remaining 1.30 s)
28000000 of 30000000 tuples (93%) done (elapsed 17.33 s, remaining 1.24 s)
28100000 of 30000000 tuples (93%) done (elapsed 17.39 s, remaining 1.18 s)
28200000 of 30000000 tuples (94%) done (elapsed 17.45 s, remaining 1.11 s)
28300000 of 30000000 tuples (94%) done (elapsed 17.51 s, remaining 1.05 s)
28400000 of 30000000 tuples (94%) done (elapsed 17.58 s, remaining 0.99 s)
28500000 of 30000000 tuples (95%) done (elapsed 17.64 s, remaining 0.93 s)
28600000 of 30000000 tuples (95%) done (elapsed 17.70 s, remaining 0.87 s)
28700000 of 30000000 tuples (95%) done (elapsed 17.76 s, remaining 0.80 s)
28800000 of 30000000 tuples (96%) done (elapsed 17.83 s, remaining 0.74 s)
28900000 of 30000000 tuples (96%) done (elapsed 17.89 s, remaining 0.68 s)
29000000 of 30000000 tuples (96%) done (elapsed 17.96 s, remaining 0.62 s)
29100000 of 30000000 tuples (97%) done (elapsed 18.02 s, remaining 0.56 s)
29200000 of 30000000 tuples (97%) done (elapsed 18.08 s, remaining 0.50 s)
29300000 of 30000000 tuples (97%) done (elapsed 18.14 s, remaining 0.43 s)
29400000 of 30000000 tuples (98%) done (elapsed 18.21 s, remaining 0.37 s)
29500000 of 30000000 tuples (98%) done (elapsed 18.27 s, remaining 0.31 s)
29600000 of 30000000 tuples (98%) done (elapsed 18.33 s, remaining 0.25 s)
29700000 of 30000000 tuples (99%) done (elapsed 18.39 s, remaining 0.19 s)
29800000 of 30000000 tuples (99%) done (elapsed 18.45 s, remaining 0.12 s)
29900000 of 30000000 tuples (99%) done (elapsed 18.52 s, remaining 0.06 s)
30000000 of 30000000 tuples (100%) done (elapsed 18.58 s, remaining 0.00 s)
vacuum...
set primary keys...
done.
starting vacuum...end.
transaction type: <builtin: TPC-B (sort of)>
scaling factor: 300
query mode: simple
number of clients: 32
number of threads: 4
duration: 60 s
number of transactions actually processed: 11780
latency average: 162.988 ms
tps = 190.144295 (including connections establishing)
tps = 190.152111 (excluding connections establishing)
script statistics:
 - statement latencies in milliseconds:
         0.001  \set aid random(1, 100000 * :scale)
         0.001  \set bid random(1, 1 * :scale)
         0.000  \set tid random(1, 10 * :scale)
         0.000  \set delta random(-5000, 5000)
         0.292  BEGIN;
         0.647  UPDATE pgbench_accounts SET abalance = abalance + :delta WHERE aid = :aid;
         0.349  SELECT abalance FROM pgbench_accounts WHERE aid = :aid;
         2.114  UPDATE pgbench_tellers SET tbalance = tbalance + :delta WHERE tid = :tid;
         9.708  UPDATE pgbench_branches SET bbalance = bbalance + :delta WHERE bid = :bid;
         0.226  INSERT INTO pgbench_history (tid, bid, aid, delta, mtime) VALUES (:tid, :bid, :aid, :delta, CURRENT_TIMESTAMP);
       151.969  END;
starting vacuum...end.
transaction type: <builtin: TPC-B (sort of)>
scaling factor: 300
query mode: simple
number of clients: 32
number of threads: 4
duration: 60 s
number of transactions actually processed: 8149
latency average: 235.612 ms
tps = 135.435697 (including connections establishing)
tps = 135.440885 (excluding connections establishing)
script statistics:
 - statement latencies in milliseconds:
         0.002  \set aid random(1, 100000 * :scale)
         0.001  \set bid random(1, 1 * :scale)
         0.001  \set tid random(1, 10 * :scale)
         0.001  \set delta random(-5000, 5000)
         0.156  BEGIN;
        99.696  UPDATE pgbench_accounts SET abalance = abalance + :delta WHERE aid = :aid;
         0.161  SELECT abalance FROM pgbench_accounts WHERE aid = :aid;
         0.695  UPDATE pgbench_tellers SET tbalance = tbalance + :delta WHERE tid = :tid;
         4.485  UPDATE pgbench_branches SET bbalance = bbalance + :delta WHERE bid = :bid;
         0.140  INSERT INTO pgbench_history (tid, bid, aid, delta, mtime) VALUES (:tid, :bid, :aid, :delta, CURRENT_TIMESTAMP);
       131.066  END;
starting vacuum...end.
transaction type: <builtin: TPC-B (sort of)>
scaling factor: 300
query mode: simple
number of clients: 32
number of threads: 4
duration: 900 s
number of transactions actually processed: 79224
latency average: 363.526 ms
tps = 87.904211 (including connections establishing)
tps = 87.904418 (excluding connections establishing)
script statistics:
 - statement latencies in milliseconds:
         0.002  \set aid random(1, 100000 * :scale)
         0.001  \set bid random(1, 1 * :scale)
         0.001  \set tid random(1, 10 * :scale)
         0.001  \set delta random(-5000, 5000)
         0.168  BEGIN;
       106.541  UPDATE pgbench_accounts SET abalance = abalance + :delta WHERE aid = :aid;
         0.161  SELECT abalance FROM pgbench_accounts WHERE aid = :aid;
         1.195  UPDATE pgbench_tellers SET tbalance = tbalance + :delta WHERE tid = :tid;
        10.018  UPDATE pgbench_branches SET bbalance = bbalance + :delta WHERE bid = :bid;
         0.164  INSERT INTO pgbench_history (tid, bid, aid, delta, mtime) VALUES (:tid, :bid, :aid, :delta, CURRENT_TIMESTAMP);
       246.360  END;
========================================================================
Testing 2014-05-17-REL9_4_0~462
Start Time: 2016-07-31 05:11:47+00:00
Linux 3.16.0-4-amd64 (Debian-83-jessie-64-minimal) 	31.07.16 	_x86_64_	(8 CPU)

starting vacuum...end.
transaction type: <builtin: TPC-B (sort of)>
scaling factor: 300
query mode: simple
number of clients: 32
number of threads: 4
duration: 900 s
number of transactions actually processed: 96410
latency average: 298.724 ms
tps = 107.087324 (including connections establishing)
tps = 107.087584 (excluding connections establishing)
script statistics:
 - statement latencies in milliseconds:
         0.002  \set aid random(1, 100000 * :scale)
         0.001  \set bid random(1, 1 * :scale)
         0.001  \set tid random(1, 10 * :scale)
         0.001  \set delta random(-5000, 5000)
         0.220  BEGIN;
        41.982  UPDATE pgbench_accounts SET abalance = abalance + :delta WHERE aid = :aid;
         0.183  SELECT abalance FROM pgbench_accounts WHERE aid = :aid;
         1.500  UPDATE pgbench_tellers SET tbalance = tbalance + :delta WHERE tid = :tid;
        11.877  UPDATE pgbench_branches SET bbalance = bbalance + :delta WHERE bid = :bid;
         0.350  INSERT INTO pgbench_history (tid, bid, aid, delta, mtime) VALUES (:tid, :bid, :aid, :delta, CURRENT_TIMESTAMP);
       243.221  END;
avg-cpu:  %user   %nice %system %iowait  %steal   %idle
           1,15    0,00    0,40   35,84    0,00   62,61

Device:         rrqm/s   wrqm/s     r/s     w/s    rkB/s    wkB/s avgrq-sz avgqu-sz   await r_await w_await  svctm  %util
sdb               0,00     1,79   28,82  169,01   301,75  2806,98    31,43    90,14  455,49   77,54  519,93   4,19  82,99
sda               0,00     1,78   42,25  169,02   440,90  2806,98    30,75    64,11  303,31   62,85  363,42   3,86  81,48
md0               0,00     0,00    0,10    0,00     0,42     0,00     8,00     0,00    0,00    0,00    0,00   0,00   0,00
md1               0,00     0,00    0,00    0,00     0,00     0,00     0,00     0,00    0,00    0,00    0,00   0,00   0,00
md2               0,00     0,00   70,97  170,53   742,23  2808,90    29,41     0,00    0,00    0,00    0,00   0,00   0,00
md3               0,00     0,00    0,00    0,01     0,00     0,04     8,00     0,00    0,00    0,00    0,00   0,00   0,00

End Time: 2016-07-31 05:27:17+00:00
========================================================================
========================================================================
Testing 2014-05-17-REL9_4_0~462
Start Time: 2016-08-05 18:43:57+00:00
Shared Buffers:  260000
Linux 3.16.0-4-amd64 (Debian-83-jessie-64-minimal) 	05.08.16 	_x86_64_	(8 CPU)

starting vacuum...end.
transaction type: <builtin: TPC-B (sort of)>
scaling factor: 300
query mode: simple
number of clients: 32
number of threads: 4
duration: 900 s
number of transactions actually processed: 193224
latency average: 149.050 ms
tps = 214.637117 (including connections establishing)
tps = 214.637593 (excluding connections establishing)
script statistics:
 - statement latencies in milliseconds:
         0.002  \set aid random(1, 100000 * :scale)
         0.001  \set bid random(1, 1 * :scale)
         0.001  \set tid random(1, 10 * :scale)
         0.001  \set delta random(-5000, 5000)
         0.218  BEGIN;
         7.992  UPDATE pgbench_accounts SET abalance = abalance + :delta WHERE aid = :aid;
         0.267  SELECT abalance FROM pgbench_accounts WHERE aid = :aid;
         1.067  UPDATE pgbench_tellers SET tbalance = tbalance + :delta WHERE tid = :tid;
         7.054  UPDATE pgbench_branches SET bbalance = bbalance + :delta WHERE bid = :bid;
         0.179  INSERT INTO pgbench_history (tid, bid, aid, delta, mtime) VALUES (:tid, :bid, :aid, :delta, CURRENT_TIMESTAMP);
       132.807  END;
avg-cpu:  %user   %nice %system %iowait  %steal   %idle
           2,15    0,00    0,64   18,95    0,00   78,25

Device:         rrqm/s   wrqm/s     r/s     w/s    rkB/s    wkB/s avgrq-sz avgqu-sz   await r_await w_await  svctm  %util
sdb               0,04     1,91   14,73  245,59   179,12  4924,83    39,21    57,76  221,84   44,88  232,45   2,73  71,08
sda               0,05     1,91   47,19  245,49   573,03  4923,95    37,56    60,72  207,36   37,30  240,05   3,08  90,26
md0               0,00     0,00    0,18    0,03     0,71     0,10     8,00     0,00    0,00    0,00    0,00   0,00   0,00
md1               0,00     0,00    0,00    0,00     0,00     0,00     0,00     0,00    0,00    0,00    0,00   0,00   0,00
md2               0,00     0,00   61,84  246,75   751,44  4923,70    36,78     0,00    0,00    0,00    0,00   0,00   0,00
md3               0,00     0,00    0,00    0,01     0,00     0,04     8,00     0,00    0,00    0,00    0,00   0,00   0,00

End Time: 2016-08-05 18:59:27+00:00
========================================================================
========================================================================
Testing 2014-05-17-REL9_4_0~462
Start Time: 2016-08-07 23:16:57+00:00
Shared Buffers:  260000
Linux 3.16.0-4-amd64 (Debian-83-jessie-64-minimal) 	08.08.16 	_x86_64_	(8 CPU)

starting vacuum...end.
transaction type: <builtin: TPC-B (sort of)>
scaling factor: 300
query mode: simple
number of clients: 32
number of threads: 4
duration: 900 s
number of transactions actually processed: 259402
latency average: 111.025 ms
tps = 287.942532 (including connections establishing)
tps = 287.943136 (excluding connections establishing)
script statistics:
 - statement latencies in milliseconds:
         0.001  \set aid random(1, 100000 * :scale)
         0.001  \set bid random(1, 1 * :scale)
         0.001  \set tid random(1, 10 * :scale)
         0.001  \set delta random(-5000, 5000)
         0.276  BEGIN;
         1.373  UPDATE pgbench_accounts SET abalance = abalance + :delta WHERE aid = :aid;
         0.365  SELECT abalance FROM pgbench_accounts WHERE aid = :aid;
         0.979  UPDATE pgbench_tellers SET tbalance = tbalance + :delta WHERE tid = :tid;
         5.659  UPDATE pgbench_branches SET bbalance = bbalance + :delta WHERE bid = :bid;
         0.221  INSERT INTO pgbench_history (tid, bid, aid, delta, mtime) VALUES (:tid, :bid, :aid, :delta, CURRENT_TIMESTAMP);
       102.666  END;
avg-cpu:  %user   %nice %system %iowait  %steal   %idle
           2,70    0,00    0,74   10,77    0,00   85,79

Device:         rrqm/s   wrqm/s     r/s     w/s    rkB/s    wkB/s avgrq-sz avgqu-sz   await r_await w_await  svctm  %util
sdb               0,00     1,86    2,02  310,57    22,19  5544,46    35,62    68,97  220,56   51,96  221,65   2,41  75,39
sda               0,05     1,85   12,31  310,56   136,85  5544,18    35,19    61,09  189,10   29,06  195,45   2,61  84,17
md0               0,00     0,00    0,13    0,00     0,53     0,00     8,00     0,00    0,00    0,00    0,00   0,00   0,00
md1               0,00     0,00    0,00    0,00     0,00     0,00     0,00     0,00    0,00    0,00    0,00   0,00   0,00
md2               0,00     0,00   14,24  311,95   158,48  5545,52    34,97     0,00    0,00    0,00    0,00   0,00   0,00
md3               0,00     0,00    0,00    0,01     0,00     0,04     8,00     0,00    0,00    0,00    0,00   0,00   0,00

Control File Changes
--- /usr/local/oldpgsql/2014-05-17-REL9_4_0~462/before.controldata	2016-08-08 01:16:57.030581262 +0200
+++ /usr/local/oldpgsql/2014-05-17-REL9_4_0~462/after.controldata	2016-08-08 01:33:48.985465683 +0200
@@ -2,16 +2,16 @@
 Catalog version number:               201405111
 Database system identifier:           6255615230522377829
 Database cluster state:               in production
-pg_control last modified:             пн, 08-сер-2016 01:16:56 +0200
-Latest checkpoint location:           1/F10F40F0
-Prior checkpoint location:            1/F10F4088
-Latest checkpoint's REDO location:    1/F10F40F0
-Latest checkpoint's REDO WAL file:    0000000100000001000000F1
+pg_control last modified:             пн, 08-сер-2016 01:33:48 +0200
+Latest checkpoint location:           2/9616E520
+Prior checkpoint location:            2/9616E4B8
+Latest checkpoint's REDO location:    2/9616E520
+Latest checkpoint's REDO WAL file:    000000010000000200000096
 Latest checkpoint's TimeLineID:       1
 Latest checkpoint's PrevTimeLineID:   1
 Latest checkpoint's full_page_writes: on
-Latest checkpoint's NextXID:          0/404739
-Latest checkpoint's NextOID:          16444
+Latest checkpoint's NextXID:          0/664185
+Latest checkpoint's NextOID:          24636
 Latest checkpoint's NextMultiXactId:  1
 Latest checkpoint's NextMultiOffset:  0
 Latest checkpoint's oldestXID:        700
@@ -19,7 +19,7 @@
 Latest checkpoint's oldestActiveXID:  0
 Latest checkpoint's oldestMultiXid:   1
 Latest checkpoint's oldestMulti's DB: 1
-Time of latest checkpoint:            пн, 08-сер-2016 01:16:56 +0200
+Time of latest checkpoint:            пн, 08-сер-2016 01:33:12 +0200
 Fake LSN counter for unlogged rels:   0/1
 Minimum recovery ending location:     0/0
 Min recovery ending loc's timeline:   0
End Time: 2016-08-07 23:33:48+00:00
========================================================================
========================================================================
Testing 2014-05-17-REL9_4_0~462
Start Time: 2016-08-09 05:07:41+00:00
Shared Buffers:  260000
size before pgbench of pgbench_tellers: 8
size before pgbench of pgbench_history: 24
size before pgbench of pgbench_branches: 8
size before pgbench of pgbench_accounts: 64
size before pgbench of pgbench_branches_pkey: 32
size before pgbench of pgbench_tellers_pkey: 152
size before pgbench of pgbench_accounts_pkey: 658092
total size before pgbench: 658380
Linux 3.16.0-4-amd64 (Debian-83-jessie-64-minimal) 	09.08.16 	_x86_64_	(8 CPU)

starting vacuum...end.
transaction type: <builtin: select only>
scaling factor: 300
query mode: simple
number of clients: 32
number of threads: 4
duration: 60 s
number of transactions actually processed: 5521105
latency average: 0.348 ms
tps = 91969.623716 (including connections establishing)
tps = 91972.937247 (excluding connections establishing)
script statistics:
 - statement latencies in milliseconds:
         0.001  \set aid random(1, 100000 * :scale)
         0.347  SELECT abalance FROM pgbench_accounts WHERE aid = :aid;
avg-cpu:  %user   %nice %system %iowait  %steal   %idle
          54,82    0,00   10,56    1,19    0,00   33,43

Device:         rrqm/s   wrqm/s     r/s     w/s    rkB/s    wkB/s avgrq-sz avgqu-sz   await r_await w_await  svctm  %util
sdb               0,00     1,53   18,51    2,99   178,49    16,19    18,11     1,12   52,01   56,72   22,84   5,06  10,88
sda               0,00     1,53   20,10    2,99   190,67    16,19    17,92     0,93   40,02   42,21   25,26   5,40  12,46
md0               0,00     0,00    0,00    0,00     0,00     0,00     0,00     0,00    0,00    0,00    0,00   0,00   0,00
md1               0,00     0,00    0,00    0,00     0,00     0,00     0,00     0,00    0,00    0,00    0,00   0,00   0,00
md2               0,00     0,00   38,61    2,89   369,16    12,62    18,40     0,00    0,00    0,00    0,00   0,00   0,00
md3               0,00     0,00    0,00    0,10     0,00     0,40     8,00     0,00    0,00    0,00    0,00   0,00   0,00

Control File Changes
--- /usr/local/oldpgsql/2014-05-17-REL9_4_0~462/before.controldata	2016-08-09 07:10:27.158524454 +0200
+++ /usr/local/oldpgsql/2014-05-17-REL9_4_0~462/after.controldata	2016-08-09 07:11:57.539197499 +0200
@@ -5,4 +5,4 @@
-pg_control last modified:             Tue Aug  9 05:10:26 2016
-Latest checkpoint location:           2/F70DA718
-Prior checkpoint location:            2/F70DA6B0
-Latest checkpoint's REDO location:    2/F70DA718
+pg_control last modified:             Tue Aug  9 05:11:57 2016
+Latest checkpoint location:           2/F70DE490
+Prior checkpoint location:            2/F70DA718
+Latest checkpoint's REDO location:    2/F70DE490
@@ -13,2 +13,2 @@
-Latest checkpoint's NextXID:          0/664185
-Latest checkpoint's NextOID:          16445
+Latest checkpoint's NextXID:          0/664186
+Latest checkpoint's NextOID:          24637
@@ -22 +22 @@
-Time of latest checkpoint:            Tue Aug  9 05:10:26 2016
+Time of latest checkpoint:            Tue Aug  9 05:11:57 2016
size after pgbench of pgbench_tellers: 8
size after pgbench of pgbench_history: 0
size after pgbench of pgbench_branches: 8
size after pgbench of pgbench_accounts: 64
size after pgbench of pgbench_branches_pkey: 32
size after pgbench of pgbench_tellers_pkey: 152
size after pgbench of pgbench_accounts_pkey: 658092
total size after pgbench: 658356
End Time: 2016-08-09 05:11:57+00:00
========================================================================
========================================================================
Testing 2014-05-17-REL9_4_0~462
Start Time: 2016-08-09 17:04:28+00:00
========================================================================
Testing 2014-05-17-REL9_4_0~462
Start Time: 2016-08-10 05:27:09+00:00
Shared Buffers:  260000
size before pgbench of pgbench_tellers: 8
size before pgbench of pgbench_history: 0
size before pgbench of pgbench_branches: 8
size before pgbench of pgbench_accounts: 64
size before pgbench of pgbench_branches_pkey: 32
size before pgbench of pgbench_tellers_pkey: 152
size before pgbench of pgbench_accounts_pkey: 658092
total size before pgbench: 658356
starting vacuum...Linux 3.16.0-4-amd64 (Debian-83-jessie-64-minimal) 	10.08.16 	_x86_64_	(8 CPU)

end.
transaction type: <builtin: select only>
scaling factor: 300
query mode: simple
number of clients: 32
number of threads: 4
duration: 60 s
number of transactions actually processed: 5560038
latency average: 0.345 ms
tps = 92640.809361 (including connections establishing)
tps = 92644.546596 (excluding connections establishing)
script statistics:
 - statement latencies in milliseconds:
         0.001  \set aid random(1, 100000 * :scale)
         0.346  SELECT abalance FROM pgbench_accounts WHERE aid = :aid;
avg-cpu:  %user   %nice %system %iowait  %steal   %idle
          54,98    0,00   10,55    1,13    0,00   33,34

Device:         rrqm/s   wrqm/s     r/s     w/s    rkB/s    wkB/s avgrq-sz avgqu-sz   await r_await w_await  svctm  %util
sdb               0,08     0,96   16,74    2,31   160,22    11,58    18,03     0,76   40,10   43,86   12,87   4,81   9,17
sda               0,86     0,96   20,66    2,31   217,82    11,58    19,98     1,06   46,20   49,81   13,96   4,72  10,85
md0               0,00     0,00    1,72    0,00     6,89     0,00     8,00     0,00    0,00    0,00    0,00   0,00   0,00
md1               0,00     0,00    0,00    0,00     0,00     0,00     0,00     0,00    0,00    0,00    0,00   0,00   0,00
md2               0,00     0,00   36,61    1,76   371,16     7,91    19,76     0,00    0,00    0,00    0,00   0,00   0,00
md3               0,00     0,00    0,00    0,10     0,00     0,40     8,00     0,00    0,00    0,00    0,00   0,00   0,00

Control File Changes
--- /usr/local/oldpgsql/2014-05-17-REL9_4_0~462/before.controldata	2016-08-10 07:28:16.891405861 +0200
+++ /usr/local/oldpgsql/2014-05-17-REL9_4_0~462/after.controldata	2016-08-10 07:29:47.283576354 +0200
@@ -5,4 +5,4 @@
-pg_control last modified:             Wed Aug 10 05:28:16 2016
-Latest checkpoint location:           2/F70DE5C8
-Prior checkpoint location:            2/F70DE560
-Latest checkpoint's REDO location:    2/F70DE5C8
+pg_control last modified:             Wed Aug 10 05:29:47 2016
+Latest checkpoint location:           2/F70E2388
+Prior checkpoint location:            2/F70DE5C8
+Latest checkpoint's REDO location:    2/F70E2388
@@ -13,2 +13,2 @@
-Latest checkpoint's NextXID:          0/664186
-Latest checkpoint's NextOID:          16446
+Latest checkpoint's NextXID:          0/664187
+Latest checkpoint's NextOID:          24638
@@ -22 +22 @@
-Time of latest checkpoint:            Wed Aug 10 05:28:16 2016
+Time of latest checkpoint:            Wed Aug 10 05:29:46 2016
size after pgbench of pgbench_tellers: 8
size after pgbench of pgbench_history: 0
size after pgbench of pgbench_branches: 8
size after pgbench of pgbench_accounts: 64
size after pgbench of pgbench_branches_pkey: 32
size after pgbench of pgbench_tellers_pkey: 152
size after pgbench of pgbench_accounts_pkey: 658092
total size after pgbench: 658356
End Time: 2016-08-10 05:29:47+00:00
========================================================================
========================================================================
Testing 2014-05-17-REL9_4_0~462
Start Time: 2016-08-11 05:10:44+00:00
Shared Buffers:  260000
size before pgbench of pgbench_tellers: 8
size before pgbench of pgbench_history: 0
size before pgbench of pgbench_branches: 8
size before pgbench of pgbench_accounts: 64
size before pgbench of pgbench_branches_pkey: 32
size before pgbench of pgbench_tellers_pkey: 152
size before pgbench of pgbench_accounts_pkey: 658092
total size before pgbench: 658356
Linux 3.16.0-4-amd64 (Debian-83-jessie-64-minimal) 	11.08.16 	_x86_64_	(8 CPU)

starting vacuum...end.
transaction type: <builtin: select only>
scaling factor: 300
query mode: simple
number of clients: 32
number of threads: 4
duration: 60 s
number of transactions actually processed: 5564337
latency average: 0.345 ms
tps = 92703.058466 (including connections establishing)
tps = 92705.884853 (excluding connections establishing)
script statistics:
 - statement latencies in milliseconds:
         0.001  \set aid random(1, 100000 * :scale)
         0.346  SELECT abalance FROM pgbench_accounts WHERE aid = :aid;
avg-cpu:  %user   %nice %system %iowait  %steal   %idle
          54,94    0,00   10,59    1,24    0,00   33,24

Device:         rrqm/s   wrqm/s     r/s     w/s    rkB/s    wkB/s avgrq-sz avgqu-sz   await r_await w_await  svctm  %util
sdb               0,00     0,81   17,43    2,37   168,44    11,27    18,15     1,18   59,78   65,25   19,42   4,68   9,27
sda               0,00     0,81   19,10    2,37   179,56    11,27    17,78     0,88   41,11   44,11   16,83   4,96  10,66
md0               0,00     0,00    0,00    0,00     0,00     0,00     0,00     0,00    0,00    0,00    0,00   0,00   0,00
md1               0,00     0,00    0,00    0,00     0,00     0,00     0,00     0,00    0,00    0,00    0,00   0,00   0,00
md2               0,00     0,00   36,56    1,70   348,00     7,91    18,61     0,00    0,00    0,00    0,00   0,00   0,00
md3               0,00     0,00    0,00    0,10     0,00     0,40     8,00     0,00    0,00    0,00    0,00   0,00   0,00

Control File Changes
--- /usr/local/oldpgsql/2014-05-17-REL9_4_0~462/before.controldata	2016-08-11 07:11:53.897631413 +0200
+++ /usr/local/oldpgsql/2014-05-17-REL9_4_0~462/after.controldata	2016-08-11 07:13:24.134068405 +0200
@@ -5,4 +5,4 @@
-pg_control last modified:             Thu Aug 11 05:11:53 2016
-Latest checkpoint location:           2/F70E2458
-Prior checkpoint location:            2/F70E23F0
-Latest checkpoint's REDO location:    2/F70E2458
+pg_control last modified:             Thu Aug 11 05:13:24 2016
+Latest checkpoint location:           2/F70E6270
+Prior checkpoint location:            2/F70E2458
+Latest checkpoint's REDO location:    2/F70E6270
@@ -13,2 +13,2 @@
-Latest checkpoint's NextXID:          0/664187
-Latest checkpoint's NextOID:          16447
+Latest checkpoint's NextXID:          0/664188
+Latest checkpoint's NextOID:          24639
@@ -22 +22 @@
-Time of latest checkpoint:            Thu Aug 11 05:11:53 2016
+Time of latest checkpoint:            Thu Aug 11 05:13:23 2016
size after pgbench of pgbench_tellers: 8
size after pgbench of pgbench_history: 0
size after pgbench of pgbench_branches: 8
size after pgbench of pgbench_accounts: 64
size after pgbench of pgbench_branches_pkey: 32
size after pgbench of pgbench_tellers_pkey: 152
size after pgbench of pgbench_accounts_pkey: 658092
total size after pgbench: 658356
End Time: 2016-08-11 05:13:24+00:00
========================================================================
========================================================================
Testing 2014-05-17-REL9_4_0~462
Start Time: 2016-08-12 00:33:01+00:00
Shared Buffers:  260000
size before pgbench of pgbench_tellers: 8
size before pgbench of pgbench_history: 0
size before pgbench of pgbench_branches: 8
size before pgbench of pgbench_accounts: 64
size before pgbench of pgbench_branches_pkey: 32
size before pgbench of pgbench_tellers_pkey: 152
size before pgbench of pgbench_accounts_pkey: 658092
total size before pgbench: 658356
Linux 3.16.0-4-amd64 (Debian-83-jessie-64-minimal) 	12.08.16 	_x86_64_	(8 CPU)

starting vacuum...end.
transaction type: <builtin: select only>
scaling factor: 300
query mode: simple
number of clients: 32
number of threads: 4
duration: 60 s
number of transactions actually processed: 5526019
latency average: 0.347 ms
tps = 92050.676805 (including connections establishing)
tps = 92054.356324 (excluding connections establishing)
script statistics:
 - statement latencies in milliseconds:
         0.001  \set aid random(1, 100000 * :scale)
         0.348  SELECT abalance FROM pgbench_accounts WHERE aid = :aid;
avg-cpu:  %user   %nice %system %iowait  %steal   %idle
          54,80    0,00   10,59    1,16    0,00   33,45

Device:         rrqm/s   wrqm/s     r/s     w/s    rkB/s    wkB/s avgrq-sz avgqu-sz   await r_await w_await  svctm  %util
sdb               0,00     1,10   17,49    2,86   169,16    13,97    18,00     1,06   51,87   57,73   15,95   5,19  10,56
sda               0,79     1,10   19,72    2,86   189,33    13,97    18,01     0,85   37,70   41,09   14,32   5,06  11,42
md0               0,00     0,00    1,67    0,00     6,67     0,00     8,00     0,00    0,00    0,00    0,00   0,00   0,00
md1               0,00     0,00    0,00    0,00     0,00     0,00     0,00     0,00    0,00    0,00    0,00   0,00   0,00
md2               0,00     0,00   36,32    2,28   351,42    10,22    18,74     0,00    0,00    0,00    0,00   0,00   0,00
md3               0,00     0,00    0,00    0,10     0,00     0,40     8,00     0,00    0,00    0,00    0,00   0,00   0,00

Control File Changes
--- /usr/local/oldpgsql/2014-05-17-REL9_4_0~462/before.controldata	2016-08-12 02:34:09.770815429 +0200
+++ /usr/local/oldpgsql/2014-05-17-REL9_4_0~462/after.controldata	2016-08-12 02:35:40.170723670 +0200
@@ -5,4 +5,4 @@
-pg_control last modified:             Fri Aug 12 00:34:09 2016
-Latest checkpoint location:           2/F70E6340
-Prior checkpoint location:            2/F70E62D8
-Latest checkpoint's REDO location:    2/F70E6340
+pg_control last modified:             Fri Aug 12 00:35:40 2016
+Latest checkpoint location:           2/F70EA1A0
+Prior checkpoint location:            2/F70E6340
+Latest checkpoint's REDO location:    2/F70EA1A0
@@ -13,2 +13,2 @@
-Latest checkpoint's NextXID:          0/664188
-Latest checkpoint's NextOID:          16448
+Latest checkpoint's NextXID:          0/664189
+Latest checkpoint's NextOID:          24640
@@ -22 +22 @@
-Time of latest checkpoint:            Fri Aug 12 00:34:09 2016
+Time of latest checkpoint:            Fri Aug 12 00:35:39 2016
size after pgbench of pgbench_tellers: 8
size after pgbench of pgbench_history: 0
size after pgbench of pgbench_branches: 8
size after pgbench of pgbench_accounts: 64
size after pgbench of pgbench_branches_pkey: 32
size after pgbench of pgbench_tellers_pkey: 152
size after pgbench of pgbench_accounts_pkey: 658092
total size after pgbench: 658356
End Time: 2016-08-12 00:35:40+00:00
========================================================================
========================================================================
Testing 2014-05-17-REL9_4_0~462
Start Time: 2016-08-12 04:47:10+00:00
Shared Buffers:  260000
size before pgbench of pgbench_tellers: 8
size before pgbench of pgbench_history: 0
size before pgbench of pgbench_branches: 8
size before pgbench of pgbench_accounts: 64
size before pgbench of pgbench_branches_pkey: 32
size before pgbench of pgbench_tellers_pkey: 152
size before pgbench of pgbench_accounts_pkey: 658092
total size before pgbench: 658356
Linux 3.16.0-4-amd64 (Debian-83-jessie-64-minimal) 	12.08.16 	_x86_64_	(8 CPU)

starting vacuum...end.
transaction type: <builtin: select only>
scaling factor: 300
query mode: simple
number of clients: 64
number of threads: 4
duration: 60 s
number of transactions actually processed: 5201866
latency average: 0.738 ms
tps = 86631.467605 (including connections establishing)
tps = 86634.709909 (excluding connections establishing)
script statistics:
 - statement latencies in milliseconds:
         0.001  \set aid random(1, 100000 * :scale)
         0.741  SELECT abalance FROM pgbench_accounts WHERE aid = :aid;
avg-cpu:  %user   %nice %system %iowait  %steal   %idle
          53,42    0,00   10,90    1,61    0,00   34,07

Device:         rrqm/s   wrqm/s     r/s     w/s    rkB/s    wkB/s avgrq-sz avgqu-sz   await r_await w_await  svctm  %util
sdb               0,00     0,94   16,67    2,36   159,47    11,56    17,98     1,47   77,13   85,61   17,13   5,31  10,11
sda               0,11     0,94   19,98    2,36   189,33    11,56    17,99     2,77  123,84  136,75   14,40   5,07  11,33
md0               0,00     0,00    0,18    0,00     0,71     0,00     8,00     0,00    0,00    0,00    0,00   0,00   0,00
md1               0,00     0,00    0,00    0,00     0,00     0,00     0,00     0,00    0,00    0,00    0,00   0,00   0,00
md2               0,00     0,00   36,59    1,76   348,09     8,09    18,58     0,00    0,00    0,00    0,00   0,00   0,00
md3               0,00     0,00    0,00    0,10     0,00     0,40     8,00     0,00    0,00    0,00    0,00   0,00   0,00

Control File Changes
--- /usr/local/oldpgsql/2014-05-17-REL9_4_0~462/before.controldata	2016-08-12 06:48:19.123210739 +0200
+++ /usr/local/oldpgsql/2014-05-17-REL9_4_0~462/after.controldata	2016-08-12 06:49:49.391410062 +0200
@@ -5,4 +5,4 @@
-pg_control last modified:             Fri Aug 12 04:48:19 2016
-Latest checkpoint location:           2/F70EA270
-Prior checkpoint location:            2/F70EA208
-Latest checkpoint's REDO location:    2/F70EA270
+pg_control last modified:             Fri Aug 12 04:49:49 2016
+Latest checkpoint location:           2/F70EE128
+Prior checkpoint location:            2/F70EA270
+Latest checkpoint's REDO location:    2/F70EE128
@@ -13,2 +13,2 @@
-Latest checkpoint's NextXID:          0/664189
-Latest checkpoint's NextOID:          16449
+Latest checkpoint's NextXID:          0/664190
+Latest checkpoint's NextOID:          24641
@@ -22 +22 @@
-Time of latest checkpoint:            Fri Aug 12 04:48:18 2016
+Time of latest checkpoint:            Fri Aug 12 04:49:49 2016
size after pgbench of pgbench_tellers: 8
size after pgbench of pgbench_history: 0
size after pgbench of pgbench_branches: 8
size after pgbench of pgbench_accounts: 64
size after pgbench of pgbench_branches_pkey: 32
size after pgbench of pgbench_tellers_pkey: 152
size after pgbench of pgbench_accounts_pkey: 658092
total size after pgbench: 658356
End Time: 2016-08-12 04:49:49+00:00
========================================================================
========================================================================
Testing 2014-05-17-REL9_4_0~462
Start Time: 2016-08-12 21:56:02+00:00
Shared Buffers:  260000
size before pgbench of pgbench_tellers: 8
size before pgbench of pgbench_history: 0
size before pgbench of pgbench_branches: 8
size before pgbench of pgbench_accounts: 64
size before pgbench of pgbench_branches_pkey: 32
size before pgbench of pgbench_tellers_pkey: 152
size before pgbench of pgbench_accounts_pkey: 658092
total size before pgbench: 658356
+ /usr/local/pgsql/bin/pgbench -T 60 -S -c 64 -j 4 -r
Linux 3.16.0-4-amd64 (Debian-83-jessie-64-minimal) 	12.08.16 	_x86_64_	(8 CPU)

starting vacuum...end.
transaction type: <builtin: select only>
scaling factor: 300
query mode: simple
number of clients: 64
number of threads: 4
duration: 60 s
number of transactions actually processed: 5186801
latency average: 0.740 ms
tps = 86380.656839 (including connections establishing)
tps = 86384.225559 (excluding connections establishing)
script statistics:
 - statement latencies in milliseconds:
         0.001  \set aid random(1, 100000 * :scale)
         0.740  SELECT abalance FROM pgbench_accounts WHERE aid = :aid;
avg-cpu:  %user   %nice %system %iowait  %steal   %idle
          53,23    0,00   10,98    1,69    0,00   34,10

Device:         rrqm/s   wrqm/s     r/s     w/s    rkB/s    wkB/s avgrq-sz avgqu-sz   await r_await w_await  svctm  %util
sdb               0,00     0,86   18,26    2,33   175,87    11,09    18,16     2,07  100,43  111,07   17,16   4,73   9,73
sda               0,57     0,86   18,42    2,33   175,51    11,09    17,98     1,93   93,06  102,85   15,79   5,37  11,16
md0               0,00     0,00    0,74    0,00     2,98     0,00     8,00     0,00    0,00    0,00    0,00   0,00   0,00
md1               0,00     0,00    0,00    0,00     0,00     0,00     0,00     0,00    0,00    0,00    0,00   0,00   0,00
md2               0,00     0,00   36,49    1,67   348,00     7,73    18,65     0,00    0,00    0,00    0,00   0,00   0,00
md3               0,00     0,00    0,00    0,10     0,00     0,40     8,00     0,00    0,00    0,00    0,00   0,00   0,00

Control File Changes
--- /usr/local/oldpgsql/2014-05-17-REL9_4_0~462/before.controldata	2016-08-12 23:57:10.624067071 +0200
+++ /usr/local/oldpgsql/2014-05-17-REL9_4_0~462/after.controldata	2016-08-12 23:58:40.924269019 +0200
@@ -5,4 +5,4 @@
-pg_control last modified:             Fri Aug 12 21:57:10 2016
-Latest checkpoint location:           2/F70EE1F8
-Prior checkpoint location:            2/F70EE190
-Latest checkpoint's REDO location:    2/F70EE1F8
+pg_control last modified:             Fri Aug 12 21:58:40 2016
+Latest checkpoint location:           2/F70F20F8
+Prior checkpoint location:            2/F70EE1F8
+Latest checkpoint's REDO location:    2/F70F20F8
@@ -13,2 +13,2 @@
-Latest checkpoint's NextXID:          0/664190
-Latest checkpoint's NextOID:          16450
+Latest checkpoint's NextXID:          0/664191
+Latest checkpoint's NextOID:          24642
@@ -22 +22 @@
-Time of latest checkpoint:            Fri Aug 12 21:57:10 2016
+Time of latest checkpoint:            Fri Aug 12 21:58:40 2016
size after pgbench of pgbench_tellers: 8
size after pgbench of pgbench_history: 0
size after pgbench of pgbench_branches: 8
size after pgbench of pgbench_accounts: 64
size after pgbench of pgbench_branches_pkey: 32
size after pgbench of pgbench_tellers_pkey: 152
size after pgbench of pgbench_accounts_pkey: 658092
total size after pgbench: 658356
End Time: 2016-08-12 21:58:41+00:00
========================================================================
========================================================================
Testing 2014-05-17-REL9_4_0~462
Start Time: 2016-08-13 01:34:55+00:00
Shared Buffers:  260000
size before pgbench of pgbench_tellers: 8
size before pgbench of pgbench_history: 0
size before pgbench of pgbench_branches: 8
size before pgbench of pgbench_accounts: 64
size before pgbench of pgbench_branches_pkey: 32
size before pgbench of pgbench_tellers_pkey: 152
size before pgbench of pgbench_accounts_pkey: 658092
total size before pgbench: 658356
Linux 3.16.0-4-amd64 (Debian-83-jessie-64-minimal) 	13.08.16 	_x86_64_	(8 CPU)

starting vacuum...end.
transaction type: <builtin: select only>
scaling factor: 300
query mode: simple
number of clients: 48
number of threads: 4
duration: 60 s
number of transactions actually processed: 5481838
latency average: 0.525 ms
tps = 91315.651555 (including connections establishing)
tps = 91319.690663 (excluding connections establishing)
script statistics:
 - statement latencies in milliseconds:
         0.001  \set aid random(1, 100000 * :scale)
         0.528  SELECT abalance FROM pgbench_accounts WHERE aid = :aid;
avg-cpu:  %user   %nice %system %iowait  %steal   %idle
          54,49    0,00   10,44    1,42    0,00   33,65

Device:         rrqm/s   wrqm/s     r/s     w/s    rkB/s    wkB/s avgrq-sz avgqu-sz   await r_await w_await  svctm  %util
sdb               0,00     1,18   17,70    2,70   170,58    13,67    18,06     1,62   79,41   89,36   14,22   4,75   9,70
sda               0,00     1,18   18,40    2,70   177,42    13,67    18,11     1,27   60,34   67,06   14,58   5,23  11,04
md0               0,00     0,00    0,00    0,00     0,00     0,00     0,00     0,00    0,00    0,00    0,00   0,00   0,00
md1               0,00     0,00    0,00    0,00     0,00     0,00     0,00     0,00    0,00    0,00    0,00   0,00   0,00
md2               0,00     0,00   36,10    2,23   348,00    10,00    18,68     0,00    0,00    0,00    0,00   0,00   0,00
md3               0,00     0,00    0,00    0,10     0,00     0,40     8,00     0,00    0,00    0,00    0,00   0,00   0,00

Control File Changes
--- /usr/local/oldpgsql/2014-05-17-REL9_4_0~462/before.controldata	2016-08-13 03:36:03.864044331 +0200
+++ /usr/local/oldpgsql/2014-05-17-REL9_4_0~462/after.controldata	2016-08-13 03:37:34.120245504 +0200
@@ -5,4 +5,4 @@
-pg_control last modified:             Sat Aug 13 01:36:03 2016
-Latest checkpoint location:           2/F70F21C8
-Prior checkpoint location:            2/F70F2160
-Latest checkpoint's REDO location:    2/F70F21C8
+pg_control last modified:             Sat Aug 13 01:37:34 2016
+Latest checkpoint location:           2/F70F6120
+Prior checkpoint location:            2/F70F21C8
+Latest checkpoint's REDO location:    2/F70F6120
@@ -13,2 +13,2 @@
-Latest checkpoint's NextXID:          0/664191
-Latest checkpoint's NextOID:          16451
+Latest checkpoint's NextXID:          0/664192
+Latest checkpoint's NextOID:          24643
@@ -22 +22 @@
-Time of latest checkpoint:            Sat Aug 13 01:36:03 2016
+Time of latest checkpoint:            Sat Aug 13 01:37:33 2016
size after pgbench of pgbench_tellers: 8
size after pgbench of pgbench_history: 0
size after pgbench of pgbench_branches: 8
size after pgbench of pgbench_accounts: 64
size after pgbench of pgbench_branches_pkey: 32
size after pgbench of pgbench_tellers_pkey: 152
size after pgbench of pgbench_accounts_pkey: 658092
total size after pgbench: 658356
End Time: 2016-08-13 01:37:34+00:00
========================================================================
========================================================================
Testing 2014-05-17-REL9_4_0~462
Start Time: 2016-08-13 14:14:23+00:00
Shared Buffers:  260000
size before pgbench of pgbench_tellers: 8
size before pgbench of pgbench_history: 0
size before pgbench of pgbench_branches: 8
size before pgbench of pgbench_accounts: 64
size before pgbench of pgbench_branches_pkey: 32
size before pgbench of pgbench_tellers_pkey: 152
size before pgbench of pgbench_accounts_pkey: 658092
total size before pgbench: 658356
Linux 3.16.0-4-amd64 (Debian-83-jessie-64-minimal) 	13.08.16 	_x86_64_	(8 CPU)

starting vacuum...end.
transaction type: <builtin: select only>
scaling factor: 300
query mode: simple
number of clients: 48
number of threads: 4
duration: 60 s
number of transactions actually processed: 5421246
latency average: 0.531 ms
tps = 90302.260482 (including connections establishing)
tps = 90305.911480 (excluding connections establishing)
script statistics:
 - statement latencies in milliseconds:
         0.001  \set aid random(1, 100000 * :scale)
         0.534  SELECT abalance FROM pgbench_accounts WHERE aid = :aid;
avg-cpu:  %user   %nice %system %iowait  %steal   %idle
          54,52    0,00   10,42    1,33    0,00   33,73

Device:         rrqm/s   wrqm/s     r/s     w/s    rkB/s    wkB/s avgrq-sz avgqu-sz   await r_await w_await  svctm  %util
sdb               0,00     0,90   16,56    2,32   157,07    11,31    17,84     1,38   73,09   81,37   14,11   4,78   9,02
sda               0,00     0,90   19,82    2,32   190,93    11,31    18,27     1,59   71,99   78,85   13,42   4,68  10,36
md0               0,00     0,00    0,00    0,00     0,00     0,00     0,00     0,00    0,00    0,00    0,00   0,00   0,00
md1               0,00     0,00    0,00    0,00     0,00     0,00     0,00     0,00    0,00    0,00    0,00   0,00   0,00
md2               0,00     0,00   36,38    1,72   348,00     7,96    18,69     0,00    0,00    0,00    0,00   0,00   0,00
md3               0,00     0,00    0,00    0,10     0,00     0,40     8,00     0,00    0,00    0,00    0,00   0,00   0,00

Control File Changes
--- /usr/local/oldpgsql/2014-05-17-REL9_4_0~462/before.controldata	2016-08-13 16:15:31.740800327 +0200
+++ /usr/local/oldpgsql/2014-05-17-REL9_4_0~462/after.controldata	2016-08-13 16:17:02.000612667 +0200
@@ -5,4 +5,4 @@
-pg_control last modified:             Sat Aug 13 14:15:31 2016
-Latest checkpoint location:           2/F70F61F0
-Prior checkpoint location:            2/F70F6188
-Latest checkpoint's REDO location:    2/F70F61F0
+pg_control last modified:             Sat Aug 13 14:17:01 2016
+Latest checkpoint location:           2/F70FA190
+Prior checkpoint location:            2/F70F61F0
+Latest checkpoint's REDO location:    2/F70FA190
@@ -13,2 +13,2 @@
-Latest checkpoint's NextXID:          0/664192
-Latest checkpoint's NextOID:          16452
+Latest checkpoint's NextXID:          0/664193
+Latest checkpoint's NextOID:          24644
@@ -22 +22 @@
-Time of latest checkpoint:            Sat Aug 13 14:15:31 2016
+Time of latest checkpoint:            Sat Aug 13 14:17:01 2016
size after pgbench of pgbench_tellers: 8
size after pgbench of pgbench_history: 0
size after pgbench of pgbench_branches: 8
size after pgbench of pgbench_accounts: 64
size after pgbench of pgbench_branches_pkey: 32
size after pgbench of pgbench_tellers_pkey: 152
size after pgbench of pgbench_accounts_pkey: 658092
total size after pgbench: 658356
End Time: 2016-08-13 14:17:02+00:00
========================================================================
========================================================================
Testing 2014-05-17-REL9_4_0~462
Start Time: 2016-08-13 19:50:34+00:00
Shared Buffers:  260000
size before pgbench of pgbench_tellers: 8
size before pgbench of pgbench_history: 0
size before pgbench of pgbench_branches: 8
size before pgbench of pgbench_accounts: 64
size before pgbench of pgbench_branches_pkey: 32
size before pgbench of pgbench_tellers_pkey: 152
size before pgbench of pgbench_accounts_pkey: 658092
total size before pgbench: 658356
Linux 3.16.0-4-amd64 (Debian-83-jessie-64-minimal) 	13.08.16 	_x86_64_	(8 CPU)

starting vacuum...end.
transaction type: <builtin: TPC-B (sort of)>
scaling factor: 300
query mode: simple
number of clients: 32
number of threads: 4
duration: 900 s
number of transactions actually processed: 361955
latency average: 79.568 ms
tps = 401.963602 (including connections establishing)
tps = 401.964455 (excluding connections establishing)
script statistics:
 - statement latencies in milliseconds:
         0.001  \set aid random(1, 100000 * :scale)
         0.001  \set bid random(1, 1 * :scale)
         0.001  \set tid random(1, 10 * :scale)
         0.000  \set delta random(-5000, 5000)
         0.304  BEGIN;
         0.619  UPDATE pgbench_accounts SET abalance = abalance + :delta WHERE aid = :aid;
         0.372  SELECT abalance FROM pgbench_accounts WHERE aid = :aid;
         0.748  UPDATE pgbench_tellers SET tbalance = tbalance + :delta WHERE tid = :tid;
         4.271  UPDATE pgbench_branches SET bbalance = bbalance + :delta WHERE bid = :bid;
         0.225  INSERT INTO pgbench_history (tid, bid, aid, delta, mtime) VALUES (:tid, :bid, :aid, :delta, CURRENT_TIMESTAMP);
        73.335  END;
avg-cpu:  %user   %nice %system %iowait  %steal   %idle
           3,40    0,00    0,92    8,99    0,00   86,70

Device:         rrqm/s   wrqm/s     r/s     w/s    rkB/s    wkB/s avgrq-sz avgqu-sz   await r_await w_await  svctm  %util
sdb               0,00     2,06    0,26  418,34     2,52  7347,66    35,12    68,98  164,79   33,53  164,87   1,93  80,65
sda               0,02     2,05    2,79  418,34    27,30  7347,66    35,02    68,29  162,16   21,42  163,10   2,05  86,37
md0               0,00     0,00    0,10    0,00     0,40     0,00     8,00     0,00    0,00    0,00    0,00   0,00   0,00
md1               0,00     0,00    0,00    0,00     0,00     0,00     0,00     0,00    0,00    0,00    0,00   0,00   0,00
md2               0,00     0,00    2,98  419,34    29,42  7345,00    34,92     0,00    0,00    0,00    0,00   0,00   0,00
md3               0,00     0,00    0,00    0,01     0,00     0,04     8,00     0,00    0,00    0,00    0,00   0,00   0,00

Control File Changes
--- /usr/local/oldpgsql/2014-05-17-REL9_4_0~462/before.controldata	2016-08-13 21:51:43.221636397 +0200
+++ /usr/local/oldpgsql/2014-05-17-REL9_4_0~462/after.controldata	2016-08-13 22:08:33.008109144 +0200
@@ -5,5 +5,5 @@
-pg_control last modified:             Sat Aug 13 19:51:43 2016
-Latest checkpoint location:           2/F70FA260
-Prior checkpoint location:            2/F70FA1F8
-Latest checkpoint's REDO location:    2/F70FA260
-Latest checkpoint's REDO WAL file:    0000000100000002000000F7
+pg_control last modified:             Sat Aug 13 20:08:32 2016
+Latest checkpoint location:           3/C4C273E8
+Prior checkpoint location:            3/C4C27380
+Latest checkpoint's REDO location:    3/C4C273E8
+Latest checkpoint's REDO WAL file:    0000000100000003000000C4
@@ -13,2 +13,2 @@
-Latest checkpoint's NextXID:          0/664193
-Latest checkpoint's NextOID:          16453
+Latest checkpoint's NextXID:          0/1026192
+Latest checkpoint's NextOID:          24645
@@ -22 +22 @@
-Time of latest checkpoint:            Sat Aug 13 19:51:42 2016
+Time of latest checkpoint:            Sat Aug 13 20:07:48 2016
size after pgbench of pgbench_tellers: 8
size after pgbench of pgbench_history: 24
size after pgbench of pgbench_branches: 8
size after pgbench of pgbench_accounts: 64
size after pgbench of pgbench_branches_pkey: 32
size after pgbench of pgbench_tellers_pkey: 152
size after pgbench of pgbench_accounts_pkey: 658092
total size after pgbench: 658380
End Time: 2016-08-13 20:08:33+00:00
========================================================================
========================================================================
Testing 2014-05-17-REL9_4_0~462
Start Time: 2016-08-16 03:37:53+00:00
Shared Buffers:  260000
size before pgbench of pgbench_tellers: 8
size before pgbench of pgbench_history: 24
size before pgbench of pgbench_branches: 8
size before pgbench of pgbench_accounts: 64
size before pgbench of pgbench_branches_pkey: 32
size before pgbench of pgbench_tellers_pkey: 152
size before pgbench of pgbench_accounts_pkey: 658092
total size before pgbench: 658380
Linux 4.6.0-1-amd64 (Debian-83-jessie-64-minimal) 	16.08.16 	_x86_64_	(8 CPU)

starting vacuum...end.
transaction type: <builtin: TPC-B (sort of)>
scaling factor: 300
query mode: simple
number of clients: 32
number of threads: 4
duration: 900 s
number of transactions actually processed: 334591
latency average: 86.075 ms
tps = 371.504342 (including connections establishing)
tps = 371.505262 (excluding connections establishing)
script statistics:
 - statement latencies in milliseconds:
         0.002  \set aid random(1, 100000 * :scale)
         0.001  \set bid random(1, 1 * :scale)
         0.001  \set tid random(1, 10 * :scale)
         0.001  \set delta random(-5000, 5000)
         0.394  BEGIN;
         0.716  UPDATE pgbench_accounts SET abalance = abalance + :delta WHERE aid = :aid;
         0.510  SELECT abalance FROM pgbench_accounts WHERE aid = :aid;
         1.004  UPDATE pgbench_tellers SET tbalance = tbalance + :delta WHERE tid = :tid;
         4.388  UPDATE pgbench_branches SET bbalance = bbalance + :delta WHERE bid = :bid;
         0.304  INSERT INTO pgbench_history (tid, bid, aid, delta, mtime) VALUES (:tid, :bid, :aid, :delta, CURRENT_TIMESTAMP);
        79.154  END;
avg-cpu:  %user   %nice %system %iowait  %steal   %idle
           3,92    0,00    1,02   21,02    0,00   74,03

Device:         rrqm/s   wrqm/s     r/s     w/s    rkB/s    wkB/s avgrq-sz avgqu-sz   await r_await w_await  svctm  %util
sdb               0,00     2,48    0,05  344,81     0,64  5911,81    34,29    53,88  156,23   40,24  156,25   2,23  77,00
sda               0,04     2,48    0,63  344,51     5,42  5909,28    34,27    55,61  159,55   21,50  159,80   2,30  79,51
md0               0,00     0,00    0,13    0,00     0,50     0,00     8,00     0,00    0,00    0,00    0,00   0,00   0,00
md1               0,00     0,00    0,00    0,00     0,00     0,00     0,00     0,00    0,00    0,00    0,00   0,00   0,00
md2               0,00     0,00    0,60  354,54     5,56  5979,55    33,71     0,00    0,00    0,00    0,00   0,00   0,00
md3               0,00     0,00    0,00    0,01     0,00     0,04     8,00     0,00    0,00    0,00    0,00   0,00   0,00

Control File Changes
--- /usr/local/oldpgsql/2014-05-17-REL9_4_0~462/before.controldata	2016-08-16 05:40:29.330771661 +0200
+++ /usr/local/oldpgsql/2014-05-17-REL9_4_0~462/after.controldata	2016-08-16 05:57:23.317913773 +0200
@@ -5,5 +5,5 @@
-pg_control last modified:             Tue Aug 16 03:40:29 2016
-Latest checkpoint location:           4/4057F160
-Prior checkpoint location:            4/36C781D0
-Latest checkpoint's REDO location:    4/4057F160
-Latest checkpoint's REDO WAL file:    000000010000000400000040
+pg_control last modified:             Tue Aug 16 03:57:23 2016
+Latest checkpoint location:           4/F00D2C38
+Prior checkpoint location:            4/F00D2720
+Latest checkpoint's REDO location:    4/F00D2C38
+Latest checkpoint's REDO WAL file:    0000000100000004000000F0
@@ -13,2 +13,2 @@
-Latest checkpoint's NextXID:          0/1026192
-Latest checkpoint's NextOID:          16454
+Latest checkpoint's NextXID:          0/1360827
+Latest checkpoint's NextOID:          24646
@@ -22 +22 @@
-Time of latest checkpoint:            Tue Aug 16 03:40:28 2016
+Time of latest checkpoint:            Tue Aug 16 03:56:31 2016
size after pgbench of pgbench_tellers: 8
size after pgbench of pgbench_history: 24
size after pgbench of pgbench_branches: 8
size after pgbench of pgbench_accounts: 64
size after pgbench of pgbench_branches_pkey: 32
size after pgbench of pgbench_tellers_pkey: 152
size after pgbench of pgbench_accounts_pkey: 658092
total size after pgbench: 658380
End Time: 2016-08-16 03:57:23+00:00
========================================================================
========================================================================
Testing 2014-05-17-REL9_4_0~462
Start Time: 2016-08-21 04:49:07+00:00
Shared Buffers:  260000
size before pgbench of pgbench_tellers: 8
size before pgbench of pgbench_history: 24
size before pgbench of pgbench_branches: 8
size before pgbench of pgbench_accounts: 64
size before pgbench of pgbench_branches_pkey: 32
size before pgbench of pgbench_tellers_pkey: 152
size before pgbench of pgbench_accounts_pkey: 658092
total size before pgbench: 658380
Linux 4.6.0-1-amd64 (Debian-83-jessie-64-minimal) 	21.08.16 	_x86_64_	(8 CPU)

starting vacuum...end.
transaction type: <builtin: TPC-B (sort of)>
scaling factor: 300
query mode: simple
number of clients: 32
number of threads: 4
duration: 900 s
number of transactions actually processed: 402451
latency average: 71.562 ms
tps = 446.872058 (including connections establishing)
tps = 446.873096 (excluding connections establishing)
script statistics:
 - statement latencies in milliseconds:
         0.002  \set aid random(1, 100000 * :scale)
         0.001  \set bid random(1, 1 * :scale)
         0.001  \set tid random(1, 10 * :scale)
         0.001  \set delta random(-5000, 5000)
         0.370  BEGIN;
         0.663  UPDATE pgbench_accounts SET abalance = abalance + :delta WHERE aid = :aid;
         0.489  SELECT abalance FROM pgbench_accounts WHERE aid = :aid;
         0.761  UPDATE pgbench_tellers SET tbalance = tbalance + :delta WHERE tid = :tid;
         3.794  UPDATE pgbench_branches SET bbalance = bbalance + :delta WHERE bid = :bid;
         0.289  INSERT INTO pgbench_history (tid, bid, aid, delta, mtime) VALUES (:tid, :bid, :aid, :delta, CURRENT_TIMESTAMP);
        65.349  END;
avg-cpu:  %user   %nice %system %iowait  %steal   %idle
           4,50    0,00    1,19   20,34    0,00   73,97

Device:         rrqm/s   wrqm/s     r/s     w/s    rkB/s    wkB/s avgrq-sz avgqu-sz   await r_await w_await  svctm  %util
sdb               0,00     8,12    0,03  392,96     0,26  6750,02    34,35    63,05  160,42   20,50  160,43   2,12  83,29
sda               0,02     8,07    0,26  392,94     2,28  6749,35    34,34    46,13  117,28   15,95  117,35   2,03  79,94
md0               0,00     0,00    0,08    0,00     0,33     0,00     8,00     0,00    0,00    0,00    0,00   0,00   0,00
md1               0,00     0,00    0,00    0,00     0,00     0,00     0,00     0,00    0,00    0,00    0,00   0,00   0,00
md2               0,00     0,00    0,23  409,52     2,21  6826,14    33,33     0,00    0,00    0,00    0,00   0,00   0,00
md3               0,00     0,00    0,00    0,01     0,00     0,04     8,00     0,00    0,00    0,00    0,00   0,00   0,00

Control File Changes
--- /usr/local/oldpgsql/2014-05-17-REL9_4_0~462/before.controldata	2016-08-21 06:51:51.795853925 +0200
+++ /usr/local/oldpgsql/2014-05-17-REL9_4_0~462/after.controldata	2016-08-21 07:09:11.309372079 +0200
@@ -5,5 +5,5 @@
-pg_control last modified:             Sun Aug 21 04:51:51 2016
-Latest checkpoint location:           5/65587A30
-Prior checkpoint location:            5/64BC7808
-Latest checkpoint's REDO location:    5/65587A30
-Latest checkpoint's REDO WAL file:    000000010000000500000065
+pg_control last modified:             Sun Aug 21 05:09:10 2016
+Latest checkpoint location:           6/2F075FE8
+Prior checkpoint location:            6/2F075F80
+Latest checkpoint's REDO location:    6/2F075FE8
+Latest checkpoint's REDO WAL file:    00000001000000060000002F
@@ -13,2 +13,2 @@
-Latest checkpoint's NextXID:          0/1360827
-Latest checkpoint's NextOID:          16455
+Latest checkpoint's NextXID:          0/1763321
+Latest checkpoint's NextOID:          24647
@@ -22 +22 @@
-Time of latest checkpoint:            Sun Aug 21 04:51:51 2016
+Time of latest checkpoint:            Sun Aug 21 05:08:16 2016
size after pgbench of pgbench_tellers: 8
size after pgbench of pgbench_history: 24
size after pgbench of pgbench_branches: 8
size after pgbench of pgbench_accounts: 64
size after pgbench of pgbench_branches_pkey: 32
size after pgbench of pgbench_tellers_pkey: 152
size after pgbench of pgbench_accounts_pkey: 658092
total size after pgbench: 658380
End Time: 2016-08-21 05:09:11+00:00
========================================================================
