creating tables...
100000 of 30000000 tuples (0%) done (elapsed 6.27 s, remaining 1875.24 s)
200000 of 30000000 tuples (0%) done (elapsed 12.84 s, remaining 1912.54 s)
300000 of 30000000 tuples (1%) done (elapsed 20.49 s, remaining 2028.44 s)
400000 of 30000000 tuples (1%) done (elapsed 26.94 s, remaining 1993.72 s)
500000 of 30000000 tuples (1%) done (elapsed 33.72 s, remaining 1989.21 s)
600000 of 30000000 tuples (2%) done (elapsed 39.35 s, remaining 1928.08 s)
700000 of 30000000 tuples (2%) done (elapsed 44.63 s, remaining 1868.15 s)
800000 of 30000000 tuples (2%) done (elapsed 49.40 s, remaining 1803.09 s)
900000 of 30000000 tuples (3%) done (elapsed 54.55 s, remaining 1763.84 s)
1000000 of 30000000 tuples (3%) done (elapsed 58.60 s, remaining 1699.29 s)
1100000 of 30000000 tuples (3%) done (elapsed 62.81 s, remaining 1650.26 s)
1200000 of 30000000 tuples (4%) done (elapsed 68.06 s, remaining 1633.33 s)
1300000 of 30000000 tuples (4%) done (elapsed 72.45 s, remaining 1599.42 s)
1400000 of 30000000 tuples (4%) done (elapsed 76.63 s, remaining 1565.38 s)
1500000 of 30000000 tuples (5%) done (elapsed 80.73 s, remaining 1533.93 s)
1600000 of 30000000 tuples (5%) done (elapsed 85.71 s, remaining 1521.40 s)
1700000 of 30000000 tuples (5%) done (elapsed 90.37 s, remaining 1504.34 s)
1800000 of 30000000 tuples (6%) done (elapsed 94.54 s, remaining 1481.16 s)
1900000 of 30000000 tuples (6%) done (elapsed 99.57 s, remaining 1472.63 s)
2000000 of 30000000 tuples (6%) done (elapsed 103.79 s, remaining 1453.08 s)
2100000 of 30000000 tuples (7%) done (elapsed 108.46 s, remaining 1440.97 s)
2200000 of 30000000 tuples (7%) done (elapsed 113.82 s, remaining 1438.29 s)
2300000 of 30000000 tuples (7%) done (elapsed 118.14 s, remaining 1422.80 s)
2400000 of 30000000 tuples (8%) done (elapsed 122.38 s, remaining 1407.35 s)
2500000 of 30000000 tuples (8%) done (elapsed 127.05 s, remaining 1397.59 s)
2600000 of 30000000 tuples (8%) done (elapsed 131.55 s, remaining 1386.34 s)
2700000 of 30000000 tuples (9%) done (elapsed 136.08 s, remaining 1375.97 s)
2800000 of 30000000 tuples (9%) done (elapsed 141.25 s, remaining 1372.14 s)
2900000 of 30000000 tuples (9%) done (elapsed 145.42 s, remaining 1358.93 s)
3000000 of 30000000 tuples (10%) done (elapsed 149.58 s, remaining 1346.26 s)
3100000 of 30000000 tuples (10%) done (elapsed 154.47 s, remaining 1340.42 s)
3200000 of 30000000 tuples (10%) done (elapsed 158.64 s, remaining 1328.64 s)
3300000 of 30000000 tuples (11%) done (elapsed 162.87 s, remaining 1317.73 s)
3400000 of 30000000 tuples (11%) done (elapsed 167.73 s, remaining 1312.24 s)
3500000 of 30000000 tuples (11%) done (elapsed 172.50 s, remaining 1306.06 s)
3600000 of 30000000 tuples (12%) done (elapsed 177.02 s, remaining 1298.16 s)
3700000 of 30000000 tuples (12%) done (elapsed 181.63 s, remaining 1291.03 s)
3800000 of 30000000 tuples (12%) done (elapsed 185.94 s, remaining 1282.04 s)
3900000 of 30000000 tuples (13%) done (elapsed 190.18 s, remaining 1272.75 s)
4000000 of 30000000 tuples (13%) done (elapsed 195.32 s, remaining 1269.57 s)
4100000 of 30000000 tuples (13%) done (elapsed 200.33 s, remaining 1265.53 s)
4200000 of 30000000 tuples (14%) done (elapsed 204.82 s, remaining 1258.16 s)
4300000 of 30000000 tuples (14%) done (elapsed 209.01 s, remaining 1249.22 s)
4400000 of 30000000 tuples (14%) done (elapsed 214.15 s, remaining 1245.95 s)
4500000 of 30000000 tuples (15%) done (elapsed 218.81 s, remaining 1239.93 s)
4600000 of 30000000 tuples (15%) done (elapsed 222.99 s, remaining 1231.32 s)
4700000 of 30000000 tuples (15%) done (elapsed 228.01 s, remaining 1227.40 s)
4800000 of 30000000 tuples (16%) done (elapsed 232.42 s, remaining 1220.19 s)
4900000 of 30000000 tuples (16%) done (elapsed 237.34 s, remaining 1215.78 s)
5000000 of 30000000 tuples (16%) done (elapsed 243.47 s, remaining 1217.37 s)
5100000 of 30000000 tuples (17%) done (elapsed 248.32 s, remaining 1212.41 s)
5200000 of 30000000 tuples (17%) done (elapsed 253.17 s, remaining 1207.42 s)
5300000 of 30000000 tuples (17%) done (elapsed 258.17 s, remaining 1203.16 s)
5400000 of 30000000 tuples (18%) done (elapsed 262.45 s, remaining 1195.63 s)
5500000 of 30000000 tuples (18%) done (elapsed 267.19 s, remaining 1190.20 s)
5600000 of 30000000 tuples (18%) done (elapsed 272.11 s, remaining 1185.64 s)
5700000 of 30000000 tuples (19%) done (elapsed 276.86 s, remaining 1180.29 s)
5800000 of 30000000 tuples (19%) done (elapsed 281.09 s, remaining 1172.83 s)
5900000 of 30000000 tuples (19%) done (elapsed 286.68 s, remaining 1171.00 s)
6000000 of 30000000 tuples (20%) done (elapsed 291.26 s, remaining 1165.06 s)
6100000 of 30000000 tuples (20%) done (elapsed 295.51 s, remaining 1157.81 s)
6200000 of 30000000 tuples (20%) done (elapsed 299.68 s, remaining 1150.37 s)
6300000 of 30000000 tuples (21%) done (elapsed 305.06 s, remaining 1147.61 s)
6400000 of 30000000 tuples (21%) done (elapsed 309.40 s, remaining 1140.91 s)
6500000 of 30000000 tuples (21%) done (elapsed 314.42 s, remaining 1136.75 s)
6600000 of 30000000 tuples (22%) done (elapsed 319.55 s, remaining 1132.95 s)
6700000 of 30000000 tuples (22%) done (elapsed 323.85 s, remaining 1126.24 s)
6800000 of 30000000 tuples (22%) done (elapsed 329.41 s, remaining 1123.87 s)
6900000 of 30000000 tuples (23%) done (elapsed 334.45 s, remaining 1119.68 s)
7000000 of 30000000 tuples (23%) done (elapsed 339.04 s, remaining 1114.00 s)
7100000 of 30000000 tuples (23%) done (elapsed 343.85 s, remaining 1109.04 s)
7200000 of 30000000 tuples (24%) done (elapsed 349.93 s, remaining 1108.11 s)
7300000 of 30000000 tuples (24%) done (elapsed 354.46 s, remaining 1102.22 s)
7400000 of 30000000 tuples (24%) done (elapsed 359.01 s, remaining 1096.45 s)
7500000 of 30000000 tuples (25%) done (elapsed 363.63 s, remaining 1090.89 s)
7600000 of 30000000 tuples (25%) done (elapsed 368.02 s, remaining 1084.68 s)
7700000 of 30000000 tuples (25%) done (elapsed 372.51 s, remaining 1078.83 s)
7800000 of 30000000 tuples (26%) done (elapsed 377.34 s, remaining 1073.96 s)
7900000 of 30000000 tuples (26%) done (elapsed 382.13 s, remaining 1068.99 s)
8000000 of 30000000 tuples (26%) done (elapsed 386.48 s, remaining 1062.82 s)
8100000 of 30000000 tuples (27%) done (elapsed 391.27 s, remaining 1057.87 s)
8200000 of 30000000 tuples (27%) done (elapsed 395.67 s, remaining 1051.89 s)
8300000 of 30000000 tuples (27%) done (elapsed 400.19 s, remaining 1046.29 s)
8400000 of 30000000 tuples (28%) done (elapsed 405.29 s, remaining 1042.17 s)
8500000 of 30000000 tuples (28%) done (elapsed 409.47 s, remaining 1035.72 s)
8600000 of 30000000 tuples (28%) done (elapsed 413.73 s, remaining 1029.52 s)
8700000 of 30000000 tuples (29%) done (elapsed 418.13 s, remaining 1023.69 s)
8800000 of 30000000 tuples (29%) done (elapsed 423.19 s, remaining 1019.51 s)
8900000 of 30000000 tuples (29%) done (elapsed 427.94 s, remaining 1014.55 s)
9000000 of 30000000 tuples (30%) done (elapsed 432.67 s, remaining 1009.57 s)
9100000 of 30000000 tuples (30%) done (elapsed 437.38 s, remaining 1004.54 s)
9200000 of 30000000 tuples (30%) done (elapsed 441.75 s, remaining 998.73 s)
9300000 of 30000000 tuples (31%) done (elapsed 446.18 s, remaining 993.12 s)
9400000 of 30000000 tuples (31%) done (elapsed 451.57 s, remaining 989.60 s)
9500000 of 30000000 tuples (31%) done (elapsed 455.78 s, remaining 983.52 s)
9600000 of 30000000 tuples (32%) done (elapsed 460.47 s, remaining 978.49 s)
9700000 of 30000000 tuples (32%) done (elapsed 466.00 s, remaining 975.24 s)
9800000 of 30000000 tuples (32%) done (elapsed 470.35 s, remaining 969.49 s)
9900000 of 30000000 tuples (33%) done (elapsed 475.14 s, remaining 964.67 s)
10000000 of 30000000 tuples (33%) done (elapsed 480.14 s, remaining 960.29 s)
10100000 of 30000000 tuples (33%) done (elapsed 484.52 s, remaining 954.66 s)
10200000 of 30000000 tuples (34%) done (elapsed 489.12 s, remaining 949.48 s)
10300000 of 30000000 tuples (34%) done (elapsed 494.50 s, remaining 945.79 s)
10400000 of 30000000 tuples (34%) done (elapsed 499.26 s, remaining 940.92 s)
10500000 of 30000000 tuples (35%) done (elapsed 503.70 s, remaining 935.44 s)
10600000 of 30000000 tuples (35%) done (elapsed 508.58 s, remaining 930.81 s)
10700000 of 30000000 tuples (35%) done (elapsed 512.79 s, remaining 924.95 s)
10800000 of 30000000 tuples (36%) done (elapsed 516.97 s, remaining 919.05 s)
10900000 of 30000000 tuples (36%) done (elapsed 521.88 s, remaining 914.49 s)
11000000 of 30000000 tuples (36%) done (elapsed 526.54 s, remaining 909.47 s)
11100000 of 30000000 tuples (37%) done (elapsed 531.24 s, remaining 904.55 s)
11200000 of 30000000 tuples (37%) done (elapsed 535.36 s, remaining 898.65 s)
11300000 of 30000000 tuples (37%) done (elapsed 540.58 s, remaining 894.58 s)
11400000 of 30000000 tuples (38%) done (elapsed 544.86 s, remaining 888.98 s)
11500000 of 30000000 tuples (38%) done (elapsed 549.53 s, remaining 884.03 s)
11600000 of 30000000 tuples (38%) done (elapsed 554.20 s, remaining 879.08 s)
11700000 of 30000000 tuples (39%) done (elapsed 558.88 s, remaining 874.15 s)
11800000 of 30000000 tuples (39%) done (elapsed 562.99 s, remaining 868.33 s)
11900000 of 30000000 tuples (39%) done (elapsed 568.00 s, remaining 863.93 s)
12000000 of 30000000 tuples (40%) done (elapsed 572.20 s, remaining 858.29 s)
12100000 of 30000000 tuples (40%) done (elapsed 576.72 s, remaining 853.16 s)
12200000 of 30000000 tuples (40%) done (elapsed 581.47 s, remaining 848.37 s)
12300000 of 30000000 tuples (41%) done (elapsed 586.02 s, remaining 843.29 s)
12400000 of 30000000 tuples (41%) done (elapsed 590.11 s, remaining 837.57 s)
12500000 of 30000000 tuples (41%) done (elapsed 595.36 s, remaining 833.50 s)
12600000 of 30000000 tuples (42%) done (elapsed 599.82 s, remaining 828.33 s)
12700000 of 30000000 tuples (42%) done (elapsed 604.27 s, remaining 823.13 s)
12800000 of 30000000 tuples (42%) done (elapsed 609.01 s, remaining 818.36 s)
12900000 of 30000000 tuples (43%) done (elapsed 613.94 s, remaining 813.82 s)
13000000 of 30000000 tuples (43%) done (elapsed 618.84 s, remaining 809.25 s)
13100000 of 30000000 tuples (43%) done (elapsed 624.01 s, remaining 805.02 s)
13200000 of 30000000 tuples (44%) done (elapsed 628.32 s, remaining 799.69 s)
13300000 of 30000000 tuples (44%) done (elapsed 632.96 s, remaining 794.78 s)
13400000 of 30000000 tuples (44%) done (elapsed 637.12 s, remaining 789.27 s)
13500000 of 30000000 tuples (45%) done (elapsed 642.22 s, remaining 784.94 s)
13600000 of 30000000 tuples (45%) done (elapsed 646.68 s, remaining 779.82 s)
13700000 of 30000000 tuples (45%) done (elapsed 652.04 s, remaining 775.79 s)
13800000 of 30000000 tuples (46%) done (elapsed 657.03 s, remaining 771.30 s)
13900000 of 30000000 tuples (46%) done (elapsed 661.93 s, remaining 766.70 s)
14000000 of 30000000 tuples (46%) done (elapsed 666.11 s, remaining 761.27 s)
14100000 of 30000000 tuples (47%) done (elapsed 671.29 s, remaining 756.99 s)
14200000 of 30000000 tuples (47%) done (elapsed 675.42 s, remaining 751.52 s)
14300000 of 30000000 tuples (47%) done (elapsed 680.39 s, remaining 747.00 s)
14400000 of 30000000 tuples (48%) done (elapsed 685.29 s, remaining 742.39 s)
14500000 of 30000000 tuples (48%) done (elapsed 689.78 s, remaining 737.35 s)
14600000 of 30000000 tuples (48%) done (elapsed 694.10 s, remaining 732.13 s)
14700000 of 30000000 tuples (49%) done (elapsed 699.53 s, remaining 728.09 s)
14800000 of 30000000 tuples (49%) done (elapsed 703.67 s, remaining 722.69 s)
14900000 of 30000000 tuples (49%) done (elapsed 708.40 s, remaining 717.91 s)
15000000 of 30000000 tuples (50%) done (elapsed 713.49 s, remaining 713.49 s)
15100000 of 30000000 tuples (50%) done (elapsed 718.31 s, remaining 708.80 s)
15200000 of 30000000 tuples (50%) done (elapsed 722.66 s, remaining 703.64 s)
15300000 of 30000000 tuples (51%) done (elapsed 727.67 s, remaining 699.13 s)
15400000 of 30000000 tuples (51%) done (elapsed 731.86 s, remaining 693.84 s)
15500000 of 30000000 tuples (51%) done (elapsed 736.44 s, remaining 688.93 s)
15600000 of 30000000 tuples (52%) done (elapsed 740.46 s, remaining 683.50 s)
15700000 of 30000000 tuples (52%) done (elapsed 745.64 s, remaining 679.15 s)
15800000 of 30000000 tuples (52%) done (elapsed 749.73 s, remaining 673.80 s)
15900000 of 30000000 tuples (53%) done (elapsed 754.25 s, remaining 668.87 s)
16000000 of 30000000 tuples (53%) done (elapsed 758.97 s, remaining 664.10 s)
16100000 of 30000000 tuples (53%) done (elapsed 763.75 s, remaining 659.39 s)
16200000 of 30000000 tuples (54%) done (elapsed 768.04 s, remaining 654.26 s)
16300000 of 30000000 tuples (54%) done (elapsed 773.60 s, remaining 650.20 s)
16400000 of 30000000 tuples (54%) done (elapsed 777.92 s, remaining 645.10 s)
16500000 of 30000000 tuples (55%) done (elapsed 782.75 s, remaining 640.43 s)
16600000 of 30000000 tuples (55%) done (elapsed 787.48 s, remaining 635.68 s)
16700000 of 30000000 tuples (55%) done (elapsed 791.88 s, remaining 630.66 s)
16800000 of 30000000 tuples (56%) done (elapsed 796.09 s, remaining 625.50 s)
16900000 of 30000000 tuples (56%) done (elapsed 801.22 s, remaining 621.06 s)
17000000 of 30000000 tuples (56%) done (elapsed 805.64 s, remaining 616.08 s)
17100000 of 30000000 tuples (57%) done (elapsed 810.00 s, remaining 611.05 s)
17200000 of 30000000 tuples (57%) done (elapsed 814.98 s, remaining 606.50 s)
17300000 of 30000000 tuples (57%) done (elapsed 819.23 s, remaining 601.40 s)
17400000 of 30000000 tuples (58%) done (elapsed 823.90 s, remaining 596.62 s)
17500000 of 30000000 tuples (58%) done (elapsed 828.47 s, remaining 591.76 s)
17600000 of 30000000 tuples (58%) done (elapsed 832.97 s, remaining 586.86 s)
17700000 of 30000000 tuples (59%) done (elapsed 837.31 s, remaining 581.86 s)
17800000 of 30000000 tuples (59%) done (elapsed 842.20 s, remaining 577.24 s)
17900000 of 30000000 tuples (59%) done (elapsed 846.36 s, remaining 572.12 s)
18000000 of 30000000 tuples (60%) done (elapsed 851.15 s, remaining 567.43 s)
18100000 of 30000000 tuples (60%) done (elapsed 855.25 s, remaining 562.29 s)
18200000 of 30000000 tuples (60%) done (elapsed 860.43 s, remaining 557.86 s)
18300000 of 30000000 tuples (61%) done (elapsed 864.59 s, remaining 552.77 s)
18400000 of 30000000 tuples (61%) done (elapsed 869.23 s, remaining 547.99 s)
18500000 of 30000000 tuples (61%) done (elapsed 874.17 s, remaining 543.40 s)
18600000 of 30000000 tuples (62%) done (elapsed 878.95 s, remaining 538.71 s)
18700000 of 30000000 tuples (62%) done (elapsed 883.23 s, remaining 533.71 s)
18800000 of 30000000 tuples (62%) done (elapsed 888.25 s, remaining 529.17 s)
18900000 of 30000000 tuples (63%) done (elapsed 892.31 s, remaining 524.06 s)
19000000 of 30000000 tuples (63%) done (elapsed 896.80 s, remaining 519.20 s)
19100000 of 30000000 tuples (63%) done (elapsed 901.62 s, remaining 514.54 s)
19200000 of 30000000 tuples (64%) done (elapsed 906.68 s, remaining 510.00 s)
19300000 of 30000000 tuples (64%) done (elapsed 910.97 s, remaining 505.05 s)
19400000 of 30000000 tuples (64%) done (elapsed 916.45 s, remaining 500.74 s)
19500000 of 30000000 tuples (65%) done (elapsed 920.63 s, remaining 495.73 s)
19600000 of 30000000 tuples (65%) done (elapsed 925.06 s, remaining 490.85 s)
19700000 of 30000000 tuples (65%) done (elapsed 929.88 s, remaining 486.18 s)
19800000 of 30000000 tuples (66%) done (elapsed 934.53 s, remaining 481.42 s)
19900000 of 30000000 tuples (66%) done (elapsed 938.60 s, remaining 476.37 s)
20000000 of 30000000 tuples (66%) done (elapsed 944.38 s, remaining 472.19 s)
20100000 of 30000000 tuples (67%) done (elapsed 948.69 s, remaining 467.27 s)
20200000 of 30000000 tuples (67%) done (elapsed 953.25 s, remaining 462.47 s)
20300000 of 30000000 tuples (67%) done (elapsed 957.46 s, remaining 457.51 s)
20400000 of 30000000 tuples (68%) done (elapsed 962.44 s, remaining 452.91 s)
20500000 of 30000000 tuples (68%) done (elapsed 966.72 s, remaining 447.99 s)
20600000 of 30000000 tuples (68%) done (elapsed 971.43 s, remaining 443.27 s)
20700000 of 30000000 tuples (69%) done (elapsed 976.16 s, remaining 438.57 s)
20800000 of 30000000 tuples (69%) done (elapsed 980.85 s, remaining 433.84 s)
20900000 of 30000000 tuples (69%) done (elapsed 985.05 s, remaining 428.90 s)
21000000 of 30000000 tuples (70%) done (elapsed 989.86 s, remaining 424.22 s)
21100000 of 30000000 tuples (70%) done (elapsed 994.26 s, remaining 419.38 s)
21200000 of 30000000 tuples (70%) done (elapsed 998.76 s, remaining 414.58 s)
21300000 of 30000000 tuples (71%) done (elapsed 1003.43 s, remaining 409.85 s)
21400000 of 30000000 tuples (71%) done (elapsed 1008.22 s, remaining 405.17 s)
21500000 of 30000000 tuples (71%) done (elapsed 1012.75 s, remaining 400.39 s)
21600000 of 30000000 tuples (72%) done (elapsed 1018.21 s, remaining 395.97 s)
21700000 of 30000000 tuples (72%) done (elapsed 1022.63 s, remaining 391.15 s)
21800000 of 30000000 tuples (72%) done (elapsed 1027.12 s, remaining 386.35 s)
21900000 of 30000000 tuples (73%) done (elapsed 1031.82 s, remaining 381.63 s)
22000000 of 30000000 tuples (73%) done (elapsed 1036.40 s, remaining 376.87 s)
22100000 of 30000000 tuples (73%) done (elapsed 1040.85 s, remaining 372.07 s)
22200000 of 30000000 tuples (74%) done (elapsed 1045.84 s, remaining 367.46 s)
22300000 of 30000000 tuples (74%) done (elapsed 1050.23 s, remaining 362.64 s)
22400000 of 30000000 tuples (74%) done (elapsed 1054.76 s, remaining 357.87 s)
22500000 of 30000000 tuples (75%) done (elapsed 1059.54 s, remaining 353.18 s)
22600000 of 30000000 tuples (75%) done (elapsed 1063.56 s, remaining 348.25 s)
22700000 of 30000000 tuples (75%) done (elapsed 1068.31 s, remaining 343.55 s)
22800000 of 30000000 tuples (76%) done (elapsed 1072.76 s, remaining 338.77 s)
22900000 of 30000000 tuples (76%) done (elapsed 1078.45 s, remaining 334.37 s)
23000000 of 30000000 tuples (76%) done (elapsed 1082.85 s, remaining 329.56 s)
23100000 of 30000000 tuples (77%) done (elapsed 1087.90 s, remaining 324.96 s)
23200000 of 30000000 tuples (77%) done (elapsed 1093.04 s, remaining 320.37 s)
23300000 of 30000000 tuples (77%) done (elapsed 1097.73 s, remaining 315.66 s)
23400000 of 30000000 tuples (78%) done (elapsed 1102.12 s, remaining 310.85 s)
23500000 of 30000000 tuples (78%) done (elapsed 1107.15 s, remaining 306.23 s)
23600000 of 30000000 tuples (78%) done (elapsed 1111.49 s, remaining 301.42 s)
23700000 of 30000000 tuples (79%) done (elapsed 1115.94 s, remaining 296.64 s)
23800000 of 30000000 tuples (79%) done (elapsed 1121.01 s, remaining 292.03 s)
23900000 of 30000000 tuples (79%) done (elapsed 1125.66 s, remaining 287.30 s)
24000000 of 30000000 tuples (80%) done (elapsed 1129.81 s, remaining 282.45 s)
24100000 of 30000000 tuples (80%) done (elapsed 1134.98 s, remaining 277.86 s)
24200000 of 30000000 tuples (80%) done (elapsed 1139.14 s, remaining 273.02 s)
24300000 of 30000000 tuples (81%) done (elapsed 1143.67 s, remaining 268.27 s)
24400000 of 30000000 tuples (81%) done (elapsed 1148.55 s, remaining 263.60 s)
24500000 of 30000000 tuples (81%) done (elapsed 1153.32 s, remaining 258.91 s)
24600000 of 30000000 tuples (82%) done (elapsed 1157.51 s, remaining 254.09 s)
24700000 of 30000000 tuples (82%) done (elapsed 1162.67 s, remaining 249.48 s)
24800000 of 30000000 tuples (82%) done (elapsed 1166.93 s, remaining 244.68 s)
24900000 of 30000000 tuples (83%) done (elapsed 1171.82 s, remaining 240.01 s)
25000000 of 30000000 tuples (83%) done (elapsed 1175.97 s, remaining 235.19 s)
25100000 of 30000000 tuples (83%) done (elapsed 1181.08 s, remaining 230.57 s)
25200000 of 30000000 tuples (84%) done (elapsed 1185.88 s, remaining 225.88 s)
25300000 of 30000000 tuples (84%) done (elapsed 1190.66 s, remaining 221.19 s)
25400000 of 30000000 tuples (84%) done (elapsed 1195.53 s, remaining 216.51 s)
25500000 of 30000000 tuples (85%) done (elapsed 1200.28 s, remaining 211.81 s)
25600000 of 30000000 tuples (85%) done (elapsed 1204.70 s, remaining 207.06 s)
25700000 of 30000000 tuples (85%) done (elapsed 1209.79 s, remaining 202.42 s)
25800000 of 30000000 tuples (86%) done (elapsed 1214.01 s, remaining 197.63 s)
25900000 of 30000000 tuples (86%) done (elapsed 1218.43 s, remaining 192.88 s)
26000000 of 30000000 tuples (86%) done (elapsed 1223.27 s, remaining 188.20 s)
26100000 of 30000000 tuples (87%) done (elapsed 1227.83 s, remaining 183.47 s)
26200000 of 30000000 tuples (87%) done (elapsed 1232.35 s, remaining 178.74 s)
26300000 of 30000000 tuples (87%) done (elapsed 1237.76 s, remaining 174.13 s)
26400000 of 30000000 tuples (88%) done (elapsed 1241.94 s, remaining 169.36 s)
26500000 of 30000000 tuples (88%) done (elapsed 1246.48 s, remaining 164.63 s)
26600000 of 30000000 tuples (88%) done (elapsed 1251.02 s, remaining 159.91 s)
26700000 of 30000000 tuples (89%) done (elapsed 1255.52 s, remaining 155.18 s)
26800000 of 30000000 tuples (89%) done (elapsed 1260.60 s, remaining 150.52 s)
26900000 of 30000000 tuples (89%) done (elapsed 1265.52 s, remaining 145.84 s)
27000000 of 30000000 tuples (90%) done (elapsed 1269.87 s, remaining 141.10 s)
27100000 of 30000000 tuples (90%) done (elapsed 1274.37 s, remaining 136.37 s)
27200000 of 30000000 tuples (90%) done (elapsed 1279.11 s, remaining 131.67 s)
27300000 of 30000000 tuples (91%) done (elapsed 1283.57 s, remaining 126.95 s)
27400000 of 30000000 tuples (91%) done (elapsed 1287.73 s, remaining 122.19 s)
27500000 of 30000000 tuples (91%) done (elapsed 1292.42 s, remaining 117.49 s)
27600000 of 30000000 tuples (92%) done (elapsed 1297.33 s, remaining 112.81 s)
27700000 of 30000000 tuples (92%) done (elapsed 1301.89 s, remaining 108.10 s)
27800000 of 30000000 tuples (92%) done (elapsed 1305.99 s, remaining 103.35 s)
27900000 of 30000000 tuples (93%) done (elapsed 1311.38 s, remaining 98.71 s)
28000000 of 30000000 tuples (93%) done (elapsed 1315.56 s, remaining 93.97 s)
28100000 of 30000000 tuples (93%) done (elapsed 1320.43 s, remaining 89.28 s)
28200000 of 30000000 tuples (94%) done (elapsed 1325.29 s, remaining 84.59 s)
28300000 of 30000000 tuples (94%) done (elapsed 1329.82 s, remaining 79.88 s)
28400000 of 30000000 tuples (94%) done (elapsed 1334.12 s, remaining 75.16 s)
28500000 of 30000000 tuples (95%) done (elapsed 1339.43 s, remaining 70.50 s)
28600000 of 30000000 tuples (95%) done (elapsed 1343.61 s, remaining 65.77 s)
28700000 of 30000000 tuples (95%) done (elapsed 1348.21 s, remaining 61.07 s)
28800000 of 30000000 tuples (96%) done (elapsed 1352.84 s, remaining 56.37 s)
28900000 of 30000000 tuples (96%) done (elapsed 1357.05 s, remaining 51.65 s)
29000000 of 30000000 tuples (96%) done (elapsed 1361.51 s, remaining 46.95 s)
29100000 of 30000000 tuples (97%) done (elapsed 1366.22 s, remaining 42.25 s)
29200000 of 30000000 tuples (97%) done (elapsed 1370.67 s, remaining 37.55 s)
29300000 of 30000000 tuples (97%) done (elapsed 1374.99 s, remaining 32.85 s)
29400000 of 30000000 tuples (98%) done (elapsed 1380.29 s, remaining 28.17 s)
29500000 of 30000000 tuples (98%) done (elapsed 1385.49 s, remaining 23.48 s)
29600000 of 30000000 tuples (98%) done (elapsed 1389.87 s, remaining 18.78 s)
29700000 of 30000000 tuples (99%) done (elapsed 1393.92 s, remaining 14.08 s)
29800000 of 30000000 tuples (99%) done (elapsed 1398.94 s, remaining 9.39 s)
29900000 of 30000000 tuples (99%) done (elapsed 1403.32 s, remaining 4.69 s)
30000000 of 30000000 tuples (100%) done (elapsed 1407.98 s, remaining 0.00 s)
vacuum...
set primary keys...
NOTICE:  ALTER TABLE / ADD PRIMARY KEY will create implicit index "pgbench_branches_pkey" for table "pgbench_branches"
NOTICE:  ALTER TABLE / ADD PRIMARY KEY will create implicit index "pgbench_tellers_pkey" for table "pgbench_tellers"
NOTICE:  ALTER TABLE / ADD PRIMARY KEY will create implicit index "pgbench_accounts_pkey" for table "pgbench_accounts"
done.
starting vacuum...end.
transaction type: <builtin: TPC-B (sort of)>
scaling factor: 300
query mode: simple
number of clients: 32
number of threads: 4
duration: 60 s
number of transactions actually processed: 3301
latency average: 581.642 ms
tps = 52.802215 (including connections establishing)
tps = 52.803869 (excluding connections establishing)
script statistics:
 - statement latencies in milliseconds:
         0.002  \set aid random(1, 100000 * :scale)
         0.001  \set bid random(1, 1 * :scale)
         0.001  \set tid random(1, 10 * :scale)
         0.001  \set delta random(-5000, 5000)
         0.126  BEGIN;
       235.781  UPDATE pgbench_accounts SET abalance = abalance + :delta WHERE aid = :aid;
         1.795  SELECT abalance FROM pgbench_accounts WHERE aid = :aid;
       134.860  UPDATE pgbench_tellers SET tbalance = tbalance + :delta WHERE tid = :tid;
       101.544  UPDATE pgbench_branches SET bbalance = bbalance + :delta WHERE bid = :bid;
        36.384  INSERT INTO pgbench_history (tid, bid, aid, delta, mtime) VALUES (:tid, :bid, :aid, :delta, CURRENT_TIMESTAMP);
        93.512  END;
starting vacuum...end.
transaction type: <builtin: TPC-B (sort of)>
scaling factor: 300
query mode: simple
number of clients: 32
number of threads: 4
duration: 60 s
number of transactions actually processed: 2205
latency average: 870.748 ms
tps = 36.370512 (including connections establishing)
tps = 36.371340 (excluding connections establishing)
script statistics:
 - statement latencies in milliseconds:
         0.003  \set aid random(1, 100000 * :scale)
         0.001  \set bid random(1, 1 * :scale)
         0.001  \set tid random(1, 10 * :scale)
         0.001  \set delta random(-5000, 5000)
         0.124  BEGIN;
       409.440  UPDATE pgbench_accounts SET abalance = abalance + :delta WHERE aid = :aid;
         0.762  SELECT abalance FROM pgbench_accounts WHERE aid = :aid;
       152.174  UPDATE pgbench_tellers SET tbalance = tbalance + :delta WHERE tid = :tid;
       110.860  UPDATE pgbench_branches SET bbalance = bbalance + :delta WHERE bid = :bid;
        42.471  INSERT INTO pgbench_history (tid, bid, aid, delta, mtime) VALUES (:tid, :bid, :aid, :delta, CURRENT_TIMESTAMP);
       161.354  END;
starting vacuum...end.
transaction type: <builtin: TPC-B (sort of)>
scaling factor: 300
query mode: simple
number of clients: 32
number of threads: 4
duration: 900 s
number of transactions actually processed: 31200
latency average: 923.077 ms
tps = 34.654466 (including connections establishing)
tps = 34.654520 (excluding connections establishing)
script statistics:
 - statement latencies in milliseconds:
         0.002  \set aid random(1, 100000 * :scale)
         0.001  \set bid random(1, 1 * :scale)
         0.001  \set tid random(1, 10 * :scale)
         0.001  \set delta random(-5000, 5000)
         0.119  BEGIN;
       497.100  UPDATE pgbench_accounts SET abalance = abalance + :delta WHERE aid = :aid;
         0.381  SELECT abalance FROM pgbench_accounts WHERE aid = :aid;
       157.294  UPDATE pgbench_tellers SET tbalance = tbalance + :delta WHERE tid = :tid;
        84.702  UPDATE pgbench_branches SET bbalance = bbalance + :delta WHERE bid = :bid;
        35.862  INSERT INTO pgbench_history (tid, bid, aid, delta, mtime) VALUES (:tid, :bid, :aid, :delta, CURRENT_TIMESTAMP);
       148.475  END;
========================================================================
Testing 2006-11-16-REL8_2_0~119
Start Time: 2016-07-30 15:25:52+00:00
Linux 3.16.0-4-amd64 (Debian-83-jessie-64-minimal) 	30.07.16 	_x86_64_	(8 CPU)

starting vacuum...end.
transaction type: <builtin: TPC-B (sort of)>
scaling factor: 300
query mode: simple
number of clients: 32
number of threads: 4
duration: 900 s
number of transactions actually processed: 31713
latency average: 908.145 ms
tps = 35.226944 (including connections establishing)
tps = 35.227000 (excluding connections establishing)
script statistics:
 - statement latencies in milliseconds:
         0.002  \set aid random(1, 100000 * :scale)
         0.001  \set bid random(1, 1 * :scale)
         0.001  \set tid random(1, 10 * :scale)
         0.001  \set delta random(-5000, 5000)
         0.108  BEGIN;
       418.149  UPDATE pgbench_accounts SET abalance = abalance + :delta WHERE aid = :aid;
         0.380  SELECT abalance FROM pgbench_accounts WHERE aid = :aid;
       159.439  UPDATE pgbench_tellers SET tbalance = tbalance + :delta WHERE tid = :tid;
       116.022  UPDATE pgbench_branches SET bbalance = bbalance + :delta WHERE bid = :bid;
        49.146  INSERT INTO pgbench_history (tid, bid, aid, delta, mtime) VALUES (:tid, :bid, :aid, :delta, CURRENT_TIMESTAMP);
       165.296  END;
avg-cpu:  %user   %nice %system %iowait  %steal   %idle
           0,43    0,00    0,23    9,60    0,00   89,73

Device:         rrqm/s   wrqm/s     r/s     w/s    rkB/s    wkB/s avgrq-sz avgqu-sz   await r_await w_await  svctm  %util
sdb               0,00     0,76    5,38  153,77    45,82  1263,97    16,46    22,63  142,17   22,61  146,35   4,10  65,28
sda               0,00     0,75   23,69  153,78   203,37  1263,97    16,54    11,96   67,42   26,55   73,71   4,48  79,53
md0               0,00     0,00    0,05    0,00     0,20     0,00     8,00     0,00    0,00    0,00    0,00   0,00   0,00
md1               0,00     0,00    0,00    0,00     0,00     0,00     0,00     0,00    0,00    0,00    0,00   0,00   0,00
md2               0,00     0,00   29,02  153,78   248,94  1262,10    16,53     0,00    0,00    0,00    0,00   0,00   0,00
md3               0,00     0,00    0,00    0,01     0,00     0,04     8,00     0,00    0,00    0,00    0,00   0,00   0,00

End Time: 2016-07-30 15:41:22+00:00
========================================================================
========================================================================
Testing 2006-11-16-REL8_2_0~119
Start Time: 2016-08-05 04:50:16+00:00
Shared Buffers:  1048576
Linux 3.16.0-4-amd64 (Debian-83-jessie-64-minimal) 	05.08.16 	_x86_64_	(8 CPU)

starting vacuum...end.
transaction type: <builtin: TPC-B (sort of)>
scaling factor: 300
query mode: simple
number of clients: 32
number of threads: 4
duration: 900 s
number of transactions actually processed: 31085
latency average: 926.492 ms
tps = 34.334324 (including connections establishing)
tps = 34.334380 (excluding connections establishing)
script statistics:
 - statement latencies in milliseconds:
         0.002  \set aid random(1, 100000 * :scale)
         0.001  \set bid random(1, 1 * :scale)
         0.001  \set tid random(1, 10 * :scale)
         0.001  \set delta random(-5000, 5000)
         0.113  BEGIN;
       423.088  UPDATE pgbench_accounts SET abalance = abalance + :delta WHERE aid = :aid;
         0.375  SELECT abalance FROM pgbench_accounts WHERE aid = :aid;
       163.524  UPDATE pgbench_tellers SET tbalance = tbalance + :delta WHERE tid = :tid;
       128.142  UPDATE pgbench_branches SET bbalance = bbalance + :delta WHERE bid = :bid;
        48.031  INSERT INTO pgbench_history (tid, bid, aid, delta, mtime) VALUES (:tid, :bid, :aid, :delta, CURRENT_TIMESTAMP);
       168.896  END;
avg-cpu:  %user   %nice %system %iowait  %steal   %idle
           0,43    0,00    0,24    9,53    0,00   89,80

Device:         rrqm/s   wrqm/s     r/s     w/s    rkB/s    wkB/s avgrq-sz avgqu-sz   await r_await w_await  svctm  %util
sdb               0,00     0,72    4,93  151,41    41,60  1260,11    16,65    17,32  110,76   20,54  113,70   3,86  60,38
sda               0,01     0,71   23,59  151,42   202,49  1260,11    16,71    17,55  100,27   27,80  111,57   4,74  82,94
md0               0,00     0,00    0,07    0,00     0,27     0,00     8,00     0,00    0,00    0,00    0,00   0,00   0,00
md1               0,00     0,00    0,00    0,00     0,00     0,00     0,00     0,00    0,00    0,00    0,00   0,00   0,00
md2               0,00     0,00   28,47  151,64   243,83  1258,88    16,69     0,00    0,00    0,00    0,00   0,00   0,00
md3               0,00     0,00    0,00    0,01     0,00     0,04     8,00     0,00    0,00    0,00    0,00   0,00   0,00

End Time: 2016-08-05 05:05:46+00:00
========================================================================
========================================================================
Testing 2006-11-16-REL8_2_0~119
Start Time: 2016-08-06 21:25:19+00:00
Shared Buffers:  260000
Linux 3.16.0-4-amd64 (Debian-83-jessie-64-minimal) 	06.08.16 	_x86_64_	(8 CPU)

starting vacuum...end.
transaction type: <builtin: TPC-B (sort of)>
scaling factor: 300
query mode: simple
number of clients: 32
number of threads: 4
duration: 900 s
number of transactions actually processed: 27449
latency average: 1049.219 ms
tps = 30.469158 (including connections establishing)
tps = 30.469209 (excluding connections establishing)
script statistics:
 - statement latencies in milliseconds:
         0.002  \set aid random(1, 100000 * :scale)
         0.001  \set bid random(1, 1 * :scale)
         0.001  \set tid random(1, 10 * :scale)
         0.001  \set delta random(-5000, 5000)
         0.106  BEGIN;
       488.877  UPDATE pgbench_accounts SET abalance = abalance + :delta WHERE aid = :aid;
         0.467  SELECT abalance FROM pgbench_accounts WHERE aid = :aid;
       202.230  UPDATE pgbench_tellers SET tbalance = tbalance + :delta WHERE tid = :tid;
       126.066  UPDATE pgbench_branches SET bbalance = bbalance + :delta WHERE bid = :bid;
        50.018  INSERT INTO pgbench_history (tid, bid, aid, delta, mtime) VALUES (:tid, :bid, :aid, :delta, CURRENT_TIMESTAMP);
       182.769  END;
avg-cpu:  %user   %nice %system %iowait  %steal   %idle
           0,37    0,00    0,20    9,79    0,00   89,63

Device:         rrqm/s   wrqm/s     r/s     w/s    rkB/s    wkB/s avgrq-sz avgqu-sz   await r_await w_await  svctm  %util
sdb               0,00     0,70    4,54  133,79    38,51  1098,56    16,44    21,49  155,37   24,90  159,79   4,80  66,43
sda               0,01     0,70   21,05  133,79   178,90  1098,56    16,50    25,03  161,64   29,86  182,38   5,40  83,58
md0               0,00     0,00    0,03    0,00     0,11     0,00     8,00     0,00    0,00    0,00    0,00   0,00   0,00
md1               0,00     0,00    0,00    0,00     0,00     0,00     0,00     0,00    0,00    0,00    0,00   0,00   0,00
md2               0,00     0,00   25,57  133,85   217,26  1096,94    16,49     0,00    0,00    0,00    0,00   0,00   0,00
md3               0,00     0,00    0,00    0,02     0,00     0,08     8,00     0,00    0,00    0,00    0,00   0,00   0,00

Control File Changes
--- /usr/local/oldpgsql/2006-11-16-REL8_2_0~119/before.controldata	2016-08-06 23:25:19.683927376 +0200
+++ /usr/local/oldpgsql/2006-11-16-REL8_2_0~119/after.controldata	2016-08-06 23:40:51.518158919 +0200
@@ -2,19 +2,19 @@
 Catalog version number:               200611051
 Database system identifier:           6255606755545576831
 Database cluster state:               in production
-pg_control last modified:             сб, 06-сер-2016 23:25:19 +0200
+pg_control last modified:             сб, 06-сер-2016 23:40:51 +0200
 Current log file ID:                  3
-Next log file segment:                220
-Latest checkpoint location:           3/DB771370
-Prior checkpoint location:            3/DB771320
-Latest checkpoint's REDO location:    3/DB771370
+Next log file segment:                246
+Latest checkpoint location:           3/F598FE48
+Prior checkpoint location:            3/F598FDF8
+Latest checkpoint's REDO location:    3/F598FE48
 Latest checkpoint's UNDO location:    0/0
 Latest checkpoint's TimeLineID:       1
-Latest checkpoint's NextXID:          0/108415
-Latest checkpoint's NextOID:          16448
+Latest checkpoint's NextXID:          0/135907
+Latest checkpoint's NextOID:          24640
 Latest checkpoint's NextMultiXactId:  1
 Latest checkpoint's NextMultiOffset:  0
-Time of latest checkpoint:            сб, 06-сер-2016 23:25:19 +0200
+Time of latest checkpoint:            сб, 06-сер-2016 23:40:49 +0200
 Minimum recovery ending location:     0/0
 Maximum data alignment:               8
 Database block size:                  8192
End Time: 2016-08-06 21:40:51+00:00
========================================================================
size before pgbench of pgbench_tellers: 1920
size before pgbench of pgbench_branches: 1512
size before pgbench of pgbench_accounts: 1010372
size before pgbench of pgbench_branches_pkey: 40
size before pgbench of pgbench_tellers_pkey: 160
size before pgbench of pgbench_accounts_pkey: 658092
size before pgbench of pgbench_history: 1800
size before pgbench of : 4976588
total size before pgbench: 0
========================================================================
Testing 2006-11-16-REL8_2_0~119
Start Time: 2016-08-08 19:06:45+00:00
Shared Buffers:  260000
Linux 3.16.0-4-amd64 (Debian-83-jessie-64-minimal) 	08.08.16 	_x86_64_	(8 CPU)

starting vacuum...end.
transaction type: <builtin: select only>
scaling factor: 300
query mode: simple
number of clients: 32
number of threads: 4
duration: 60 s
number of transactions actually processed: 64658
latency average: 29.695 ms
tps = 1075.572071 (including connections establishing)
tps = 1075.595433 (excluding connections establishing)
script statistics:
 - statement latencies in milliseconds:
         0.002  \set aid random(1, 100000 * :scale)
        29.728  SELECT abalance FROM pgbench_accounts WHERE aid = :aid;
avg-cpu:  %user   %nice %system %iowait  %steal   %idle
           1,07    0,00    0,63   22,52    0,00   75,78

Device:         rrqm/s   wrqm/s     r/s     w/s    rkB/s    wkB/s avgrq-sz avgqu-sz   await r_await w_await  svctm  %util
sdb               0,00     0,49  257,19    8,73  2374,40    79,24    18,45    14,00   52,61   38,77  460,08   2,66  70,66
sda               0,01     0,49  258,84    8,73  2372,98    79,24    18,33    15,71   58,71   49,44  333,33   2,65  70,84
md0               0,00     0,00    0,02    0,06     0,09     0,22     8,00     0,00    0,00    0,00    0,00   0,00   0,00
md1               0,00     0,00    0,00    0,00     0,00     0,00     0,00     0,00    0,00    0,00    0,00   0,00   0,00
md2               0,00     0,00  516,04    7,92  4747,29    76,13    18,41     0,00    0,00    0,00    0,00   0,00   0,00
md3               0,00     0,00    0,00    0,11     0,00     0,44     8,00     0,00    0,00    0,00    0,00   0,00   0,00

Control File Changes
--- /usr/local/oldpgsql/2006-11-16-REL8_2_0~119/before.controldata	2016-08-08 21:06:45.048206481 +0200
+++ /usr/local/oldpgsql/2006-11-16-REL8_2_0~119/after.controldata	2016-08-08 21:08:16.192364665 +0200
@@ -5 +5 @@
-pg_control last modified:             Mon Aug  8 19:06:44 2016
+pg_control last modified:             Mon Aug  8 19:08:16 2016
@@ -8,3 +8,3 @@
-Latest checkpoint location:           3/F598FEE8
-Prior checkpoint location:            3/F598FE98
-Latest checkpoint's REDO location:    3/F598FEE8
+Latest checkpoint location:           3/F5A14D88
+Prior checkpoint location:            3/F598FEE8
+Latest checkpoint's REDO location:    3/F5A14D88
@@ -13,2 +13,2 @@
-Latest checkpoint's NextXID:          0/135939
-Latest checkpoint's NextOID:          16449
+Latest checkpoint's NextXID:          0/200640
+Latest checkpoint's NextOID:          24641
@@ -17 +17 @@
-Time of latest checkpoint:            Mon Aug  8 19:06:44 2016
+Time of latest checkpoint:            Mon Aug  8 19:08:15 2016
size after pgbench of pgbench_tellers: 1920
size after pgbench of pgbench_branches: 1512
size after pgbench of pgbench_accounts: 1010372
size after pgbench of pgbench_branches_pkey: 40
size after pgbench of pgbench_tellers_pkey: 160
size after pgbench of pgbench_accounts_pkey: 658092
size after pgbench of pgbench_history: 0
size after pgbench of : 4974788
total size after pgbench: 0
End Time: 2016-08-08 19:08:16+00:00
========================================================================
========================================================================
Testing 2006-11-16-REL8_2_0~119
Start Time: 2016-08-09 05:54:17+00:00
Shared Buffers:  260000
size before pgbench of pgbench_tellers: 1920
size before pgbench of pgbench_branches: 1512
size before pgbench of pgbench_accounts: 1010372
size before pgbench of pgbench_branches_pkey: 40
size before pgbench of pgbench_tellers_pkey: 160
size before pgbench of pgbench_accounts_pkey: 658092
size before pgbench of pgbench_history: 0
total size before pgbench: 1672096
starting vacuum...Linux 3.16.0-4-amd64 (Debian-83-jessie-64-minimal) 	09.08.16 	_x86_64_	(8 CPU)

end.
transaction type: <builtin: select only>
scaling factor: 300
query mode: simple
number of clients: 32
number of threads: 4
duration: 60 s
number of transactions actually processed: 66613
latency average: 28.823 ms
tps = 1107.249809 (including connections establishing)
tps = 1107.277689 (excluding connections establishing)
script statistics:
 - statement latencies in milliseconds:
         0.002  \set aid random(1, 100000 * :scale)
        28.849  SELECT abalance FROM pgbench_accounts WHERE aid = :aid;
avg-cpu:  %user   %nice %system %iowait  %steal   %idle
           1,08    0,00    0,65   26,68    0,00   71,59

Device:         rrqm/s   wrqm/s     r/s     w/s    rkB/s    wkB/s avgrq-sz avgqu-sz   await r_await w_await  svctm  %util
sdb               0,00     0,48  264,00    2,72  2436,18    15,66    18,38    47,88  179,44   39,15 13785,22   2,53  67,37
sda               0,80     0,48  264,39    2,72  2447,60    15,66    18,44    53,65  200,84   48,71 14975,62   2,53  67,70
md0               0,00     0,00    1,62    0,02     6,49     0,09     8,00     0,00    0,00    0,00    0,00   0,00   0,00
md1               0,00     0,00    0,00    0,00     0,00     0,00     0,00     0,00    0,00    0,00    0,00   0,00   0,00
md2               0,00     0,00  527,57    2,14  4877,20    13,16    18,46     0,00    0,00    0,00    0,00   0,00   0,00
md3               0,00     0,00    0,00    0,10     0,00     0,40     8,00     0,00    0,00    0,00    0,00   0,00   0,00

Control File Changes
--- /usr/local/oldpgsql/2006-11-16-REL8_2_0~119/before.controldata	2016-08-09 07:54:56.756687138 +0200
+++ /usr/local/oldpgsql/2006-11-16-REL8_2_0~119/after.controldata	2016-08-09 07:56:27.968741936 +0200
@@ -5 +5 @@
-pg_control last modified:             Tue Aug  9 05:54:56 2016
+pg_control last modified:             Tue Aug  9 05:56:27 2016
@@ -8,3 +8,3 @@
-Latest checkpoint location:           3/F5A14E28
-Prior checkpoint location:            3/F5A14DD8
-Latest checkpoint's REDO location:    3/F5A14E28
+Latest checkpoint location:           3/F5A19A20
+Prior checkpoint location:            3/F5A14E28
+Latest checkpoint's REDO location:    3/F5A19A20
@@ -13,2 +13,2 @@
-Latest checkpoint's NextXID:          0/200674
-Latest checkpoint's NextOID:          16450
+Latest checkpoint's NextXID:          0/267330
+Latest checkpoint's NextOID:          24642
@@ -17 +17 @@
-Time of latest checkpoint:            Tue Aug  9 05:54:56 2016
+Time of latest checkpoint:            Tue Aug  9 05:56:26 2016
size after pgbench of pgbench_tellers: 1920
size after pgbench of pgbench_branches: 1512
size after pgbench of pgbench_accounts: 1010372
size after pgbench of pgbench_branches_pkey: 40
size after pgbench of pgbench_tellers_pkey: 160
size after pgbench of pgbench_accounts_pkey: 658092
size after pgbench of pgbench_history: 0
total size after pgbench: 1672096
End Time: 2016-08-09 05:56:28+00:00
========================================================================
========================================================================
Testing 2006-11-16-REL8_2_0~119
Start Time: 2016-08-10 15:01:27+00:00
Shared Buffers:  260000
size before pgbench of pgbench_tellers: 1920
size before pgbench of pgbench_branches: 1512
size before pgbench of pgbench_accounts: 1010372
size before pgbench of pgbench_branches_pkey: 40
size before pgbench of pgbench_tellers_pkey: 160
size before pgbench of pgbench_accounts_pkey: 658092
size before pgbench of pgbench_history: 0
total size before pgbench: 1672096
Linux 3.16.0-4-amd64 (Debian-83-jessie-64-minimal) 	10.08.16 	_x86_64_	(8 CPU)

starting vacuum...end.
transaction type: <builtin: select only>
scaling factor: 300
query mode: simple
number of clients: 32
number of threads: 4
duration: 60 s
number of transactions actually processed: 70333
latency average: 27.299 ms
tps = 1170.959037 (including connections establishing)
tps = 1170.987672 (excluding connections establishing)
script statistics:
 - statement latencies in milliseconds:
         0.002  \set aid random(1, 100000 * :scale)
        27.331  SELECT abalance FROM pgbench_accounts WHERE aid = :aid;
avg-cpu:  %user   %nice %system %iowait  %steal   %idle
           1,12    0,00    0,65   23,86    0,00   74,37

Device:         rrqm/s   wrqm/s     r/s     w/s    rkB/s    wkB/s avgrq-sz avgqu-sz   await r_await w_await  svctm  %util
sdb               0,01     0,43  274,94    2,46  2549,73    15,11    18,49    46,19  166,50   39,57 14378,86   2,42  67,12
sda               0,00     0,43  272,91    2,46  2543,38    15,11    18,58    48,90  177,56   45,93 14807,06   2,45  67,49
md0               0,00     0,00    0,13    0,04     0,53     0,18     8,00     0,00    0,00    0,00    0,00   0,00   0,00
md1               0,00     0,00    0,00    0,00     0,00     0,00     0,00     0,00    0,00    0,00    0,00   0,00   0,00
md2               0,00     0,00  547,76    1,94  5092,13    12,71    18,57     0,00    0,00    0,00    0,00   0,00   0,00
md3               0,00     0,00    0,00    0,10     0,00     0,40     8,00     0,00    0,00    0,00    0,00   0,00   0,00

Control File Changes
--- /usr/local/oldpgsql/2006-11-16-REL8_2_0~119/before.controldata	2016-08-10 17:02:07.322990732 +0200
+++ /usr/local/oldpgsql/2006-11-16-REL8_2_0~119/after.controldata	2016-08-10 17:03:38.395067382 +0200
@@ -5 +5 @@
-pg_control last modified:             Wed Aug 10 15:02:07 2016
+pg_control last modified:             Wed Aug 10 15:03:38 2016
@@ -8,3 +8,3 @@
-Latest checkpoint location:           3/F5A19AC0
-Prior checkpoint location:            3/F5A19A70
-Latest checkpoint's REDO location:    3/F5A19AC0
+Latest checkpoint location:           3/F5A1E7E0
+Prior checkpoint location:            3/F5A19AC0
+Latest checkpoint's REDO location:    3/F5A1E7E0
@@ -13,2 +13,2 @@
-Latest checkpoint's NextXID:          0/267364
-Latest checkpoint's NextOID:          16451
+Latest checkpoint's NextXID:          0/337740
+Latest checkpoint's NextOID:          24643
@@ -17 +17 @@
-Time of latest checkpoint:            Wed Aug 10 15:02:07 2016
+Time of latest checkpoint:            Wed Aug 10 15:03:37 2016
size after pgbench of pgbench_tellers: 1920
size after pgbench of pgbench_branches: 1512
size after pgbench of pgbench_accounts: 1010372
size after pgbench of pgbench_branches_pkey: 40
size after pgbench of pgbench_tellers_pkey: 160
size after pgbench of pgbench_accounts_pkey: 658092
size after pgbench of pgbench_history: 0
total size after pgbench: 1672096
End Time: 2016-08-10 15:03:38+00:00
========================================================================
========================================================================
Testing 2006-11-16-REL8_2_0~119
Start Time: 2016-08-10 22:32:32+00:00
Shared Buffers:  260000
size before pgbench of pgbench_tellers: 1920
size before pgbench of pgbench_branches: 1512
size before pgbench of pgbench_accounts: 1010372
size before pgbench of pgbench_branches_pkey: 40
size before pgbench of pgbench_tellers_pkey: 160
size before pgbench of pgbench_accounts_pkey: 658092
size before pgbench of pgbench_history: 0
total size before pgbench: 1672096
Linux 3.16.0-4-amd64 (Debian-83-jessie-64-minimal) 	11.08.16 	_x86_64_	(8 CPU)

starting vacuum...end.
transaction type: <builtin: select only>
scaling factor: 300
query mode: simple
number of clients: 32
number of threads: 4
duration: 60 s
number of transactions actually processed: 65840
latency average: 29.162 ms
tps = 1095.920126 (including connections establishing)
tps = 1095.946088 (excluding connections establishing)
script statistics:
 - statement latencies in milliseconds:
         0.002  \set aid random(1, 100000 * :scale)
        29.184  SELECT abalance FROM pgbench_accounts WHERE aid = :aid;
avg-cpu:  %user   %nice %system %iowait  %steal   %idle
           1,10    0,00    0,62   23,06    0,00   75,21

Device:         rrqm/s   wrqm/s     r/s     w/s    rkB/s    wkB/s avgrq-sz avgqu-sz   await r_await w_await  svctm  %util
sdb               0,00     0,39  262,03    3,53  2425,47    20,24    18,42    15,67   59,02   43,79 1188,47   2,55  67,72
sda               0,03     0,40  259,70    3,52  2400,00    20,24    18,39    13,01   49,41   45,69  323,65   2,56  67,40
md0               0,00     0,00    0,04    0,03     0,18     0,13     8,00     0,00    0,00    0,00    0,00   0,00   0,00
md1               0,00     0,00    0,00    0,00     0,00     0,00     0,00     0,00    0,00    0,00    0,00   0,00   0,00
md2               0,00     0,00  521,71    2,53  4824,84    16,98    18,47     0,00    0,00    0,00    0,00   0,00   0,00
md3               0,00     0,00    0,00    0,11     0,00     0,44     8,00     0,00    0,00    0,00    0,00   0,00   0,00

Control File Changes
--- /usr/local/oldpgsql/2006-11-16-REL8_2_0~119/before.controldata	2016-08-11 00:33:12.168197389 +0200
+++ /usr/local/oldpgsql/2006-11-16-REL8_2_0~119/after.controldata	2016-08-11 00:34:43.012382862 +0200
@@ -5 +5 @@
-pg_control last modified:             Wed Aug 10 22:33:12 2016
+pg_control last modified:             Wed Aug 10 22:34:42 2016
@@ -8,3 +8,3 @@
-Latest checkpoint location:           3/F5A1E880
-Prior checkpoint location:            3/F5A1E830
-Latest checkpoint's REDO location:    3/F5A1E880
+Latest checkpoint location:           3/F5A236A0
+Prior checkpoint location:            3/F5A1E880
+Latest checkpoint's REDO location:    3/F5A236A0
@@ -13,2 +13,2 @@
-Latest checkpoint's NextXID:          0/337774
-Latest checkpoint's NextOID:          16452
+Latest checkpoint's NextXID:          0/403657
+Latest checkpoint's NextOID:          24644
@@ -17 +17 @@
-Time of latest checkpoint:            Wed Aug 10 22:33:11 2016
+Time of latest checkpoint:            Wed Aug 10 22:34:42 2016
size after pgbench of pgbench_tellers: 1920
size after pgbench of pgbench_branches: 1512
size after pgbench of pgbench_accounts: 1010372
size after pgbench of pgbench_branches_pkey: 40
size after pgbench of pgbench_tellers_pkey: 160
size after pgbench of pgbench_accounts_pkey: 658092
size after pgbench of pgbench_history: 0
total size after pgbench: 1672096
End Time: 2016-08-10 22:34:43+00:00
========================================================================
========================================================================
Testing 2006-11-16-REL8_2_0~119
Start Time: 2016-08-11 21:06:17+00:00
Shared Buffers:  260000
size before pgbench of pgbench_tellers: 1920
size before pgbench of pgbench_branches: 1512
size before pgbench of pgbench_accounts: 1010372
size before pgbench of pgbench_branches_pkey: 40
size before pgbench of pgbench_tellers_pkey: 160
size before pgbench of pgbench_accounts_pkey: 658092
size before pgbench of pgbench_history: 0
total size before pgbench: 1672096
Linux 3.16.0-4-amd64 (Debian-83-jessie-64-minimal) 	11.08.16 	_x86_64_	(8 CPU)

starting vacuum...end.
transaction type: <builtin: select only>
scaling factor: 300
query mode: simple
number of clients: 32
number of threads: 4
duration: 60 s
number of transactions actually processed: 70476
latency average: 27.243 ms
tps = 1173.361302 (including connections establishing)
tps = 1173.388087 (excluding connections establishing)
script statistics:
 - statement latencies in milliseconds:
         0.002  \set aid random(1, 100000 * :scale)
        27.267  SELECT abalance FROM pgbench_accounts WHERE aid = :aid;
avg-cpu:  %user   %nice %system %iowait  %steal   %idle
           1,15    0,00    0,66   26,92    0,00   71,27

Device:         rrqm/s   wrqm/s     r/s     w/s    rkB/s    wkB/s avgrq-sz avgqu-sz   await r_await w_await  svctm  %util
sdb               0,01     0,49  271,86    4,94  2510,58    34,34    18,39    14,82   53,54   41,25  729,58   2,45  67,87
sda               0,67     0,49  273,27    4,94  2522,13    34,34    18,38    20,36   73,18   44,85 1639,16   2,45  68,19
md0               0,00     0,00    0,71    0,00     2,84     0,00     8,00     0,00    0,00    0,00    0,00   0,00   0,00
md1               0,00     0,00    0,00    0,00     0,00     0,00     0,00     0,00    0,00    0,00    0,00   0,00   0,00
md2               0,00     0,00  545,10    4,47  5029,87    31,96    18,42     0,00    0,00    0,00    0,00   0,00   0,00
md3               0,00     0,00    0,00    0,10     0,00     0,40     8,00     0,00    0,00    0,00    0,00   0,00   0,00

Control File Changes
--- /usr/local/oldpgsql/2006-11-16-REL8_2_0~119/before.controldata	2016-08-11 23:06:57.885907973 +0200
+++ /usr/local/oldpgsql/2006-11-16-REL8_2_0~119/after.controldata	2016-08-11 23:08:28.428495999 +0200
@@ -5 +5 @@
-pg_control last modified:             Thu Aug 11 21:06:57 2016
+pg_control last modified:             Thu Aug 11 21:08:28 2016
@@ -8,3 +8,3 @@
-Latest checkpoint location:           3/F5A23740
-Prior checkpoint location:            3/F5A236F0
-Latest checkpoint's REDO location:    3/F5A23740
+Latest checkpoint location:           3/F5A28688
+Prior checkpoint location:            3/F5A23740
+Latest checkpoint's REDO location:    3/F5A28688
@@ -13,2 +13,2 @@
-Latest checkpoint's NextXID:          0/403691
-Latest checkpoint's NextOID:          16453
+Latest checkpoint's NextXID:          0/474210
+Latest checkpoint's NextOID:          24645
@@ -17 +17 @@
-Time of latest checkpoint:            Thu Aug 11 21:06:57 2016
+Time of latest checkpoint:            Thu Aug 11 21:08:27 2016
size after pgbench of pgbench_tellers: 1920
size after pgbench of pgbench_branches: 1512
size after pgbench of pgbench_accounts: 1010372
size after pgbench of pgbench_branches_pkey: 40
size after pgbench of pgbench_tellers_pkey: 160
size after pgbench of pgbench_accounts_pkey: 658092
size after pgbench of pgbench_history: 0
total size after pgbench: 1672096
End Time: 2016-08-11 21:08:28+00:00
========================================================================
========================================================================
Testing 2006-11-16-REL8_2_0~119
Start Time: 2016-08-12 23:44:13+00:00
Shared Buffers:  260000
size before pgbench of pgbench_tellers: 1920
size before pgbench of pgbench_branches: 1512
size before pgbench of pgbench_accounts: 1010372
size before pgbench of pgbench_branches_pkey: 40
size before pgbench of pgbench_tellers_pkey: 160
size before pgbench of pgbench_accounts_pkey: 658092
size before pgbench of pgbench_history: 0
total size before pgbench: 1672096
Linux 3.16.0-4-amd64 (Debian-83-jessie-64-minimal) 	13.08.16 	_x86_64_	(8 CPU)

+ /usr/local/pgsql/bin/pgbench -T 60 -S -c 64 -j 4 -r
starting vacuum...end.
transaction type: <builtin: select only>
scaling factor: 300
query mode: simple
number of clients: 64
number of threads: 4
duration: 60 s
number of transactions actually processed: 76373
latency average: 50.280 ms
tps = 1269.115752 (including connections establishing)
tps = 1269.147723 (excluding connections establishing)
script statistics:
 - statement latencies in milliseconds:
         0.002  \set aid random(1, 100000 * :scale)
        50.357  SELECT abalance FROM pgbench_accounts WHERE aid = :aid;
avg-cpu:  %user   %nice %system %iowait  %steal   %idle
           1,23    0,00    0,79   33,26    0,00   64,71

Device:         rrqm/s   wrqm/s     r/s     w/s    rkB/s    wkB/s avgrq-sz avgqu-sz   await r_await w_await  svctm  %util
sdb               0,01     0,58  285,99    3,47  2686,18    23,52    18,72    25,34   87,54   83,80  396,29   2,35  67,91
sda               1,56     0,58  287,81    3,47  2695,91    23,52    18,67    33,40  114,68   82,37 2796,64   2,35  68,44
md0               0,00     0,00    2,01    0,00     8,04     0,00     8,00     0,00    0,00    0,00    0,00   0,00   0,00
md1               0,00     0,00    0,00    0,00     0,00     0,00     0,00     0,00    0,00    0,00    0,00   0,00   0,00
md2               0,00     0,00  573,49    3,22  5374,04    21,42    18,71     0,00    0,00    0,00    0,00   0,00   0,00
md3               0,00     0,00    0,00    0,10     0,00     0,40     8,00     0,00    0,00    0,00    0,00   0,00   0,00

Control File Changes
--- /usr/local/oldpgsql/2006-11-16-REL8_2_0~119/before.controldata	2016-08-13 01:44:55.326200960 +0200
+++ /usr/local/oldpgsql/2006-11-16-REL8_2_0~119/after.controldata	2016-08-13 01:46:26.078405109 +0200
@@ -5 +5 @@
-pg_control last modified:             Fri Aug 12 23:44:55 2016
+pg_control last modified:             Fri Aug 12 23:46:25 2016
@@ -8,3 +8,3 @@
-Latest checkpoint location:           3/F5A28728
-Prior checkpoint location:            3/F5A286D8
-Latest checkpoint's REDO location:    3/F5A28728
+Latest checkpoint location:           3/F5A2D770
+Prior checkpoint location:            3/F5A28728
+Latest checkpoint's REDO location:    3/F5A2D770
@@ -13,2 +13,2 @@
-Latest checkpoint's NextXID:          0/474244
-Latest checkpoint's NextOID:          16454
+Latest checkpoint's NextXID:          0/550692
+Latest checkpoint's NextOID:          24646
@@ -17 +17 @@
-Time of latest checkpoint:            Fri Aug 12 23:44:54 2016
+Time of latest checkpoint:            Fri Aug 12 23:46:25 2016
size after pgbench of pgbench_tellers: 1920
size after pgbench of pgbench_branches: 1512
size after pgbench of pgbench_accounts: 1010372
size after pgbench of pgbench_branches_pkey: 40
size after pgbench of pgbench_tellers_pkey: 160
size after pgbench of pgbench_accounts_pkey: 658092
size after pgbench of pgbench_history: 0
total size after pgbench: 1672096
End Time: 2016-08-12 23:46:26+00:00
========================================================================
========================================================================
Testing 2006-11-16-REL8_2_0~119
Start Time: 2016-08-13 00:36:28+00:00
Shared Buffers:  260000
size before pgbench of pgbench_tellers: 1920
size before pgbench of pgbench_branches: 1512
size before pgbench of pgbench_accounts: 1010372
size before pgbench of pgbench_branches_pkey: 40
size before pgbench of pgbench_tellers_pkey: 160
size before pgbench of pgbench_accounts_pkey: 658092
size before pgbench of pgbench_history: 0
total size before pgbench: 1672096
Linux 3.16.0-4-amd64 (Debian-83-jessie-64-minimal) 	13.08.16 	_x86_64_	(8 CPU)

starting vacuum...end.
transaction type: <builtin: select only>
scaling factor: 300
query mode: simple
number of clients: 48
number of threads: 4
duration: 60 s
number of transactions actually processed: 71711
latency average: 40.161 ms
tps = 1192.330801 (including connections establishing)
tps = 1192.358900 (excluding connections establishing)
script statistics:
 - statement latencies in milliseconds:
         0.002  \set aid random(1, 100000 * :scale)
        40.207  SELECT abalance FROM pgbench_accounts WHERE aid = :aid;
avg-cpu:  %user   %nice %system %iowait  %steal   %idle
           1,20    0,00    0,72   27,54    0,00   70,54

Device:         rrqm/s   wrqm/s     r/s     w/s    rkB/s    wkB/s avgrq-sz avgqu-sz   await r_await w_await  svctm  %util
sdb               0,00     0,46  278,27    2,64  2608,98    16,69    18,69    61,48  218,85   61,59 16766,92   2,40  67,28
sda               0,00     0,41  275,41    2,69  2569,56    16,69    18,60    23,93   86,05   68,06 1929,32   2,42  67,35
md0               0,00     0,00    0,00    0,11     0,00     0,44     8,00     0,00    0,00    0,00    0,00   0,00   0,00
md1               0,00     0,00    0,00    0,00     0,00     0,00     0,00     0,00    0,00    0,00    0,00   0,00   0,00
md2               0,00     0,00  553,77    2,09  5178,53    14,00    18,68     0,00    0,00    0,00    0,00   0,00   0,00
md3               0,00     0,00    0,00    0,11     0,00     0,44     8,00     0,00    0,00    0,00    0,00   0,00   0,00

Control File Changes
--- /usr/local/oldpgsql/2006-11-16-REL8_2_0~119/before.controldata	2016-08-13 02:37:08.612125877 +0200
+++ /usr/local/oldpgsql/2006-11-16-REL8_2_0~119/after.controldata	2016-08-13 02:38:39.584312847 +0200
@@ -5 +5 @@
-pg_control last modified:             Sat Aug 13 00:37:08 2016
+pg_control last modified:             Sat Aug 13 00:38:39 2016
@@ -8,3 +8,3 @@
-Latest checkpoint location:           3/F5A2D810
-Prior checkpoint location:            3/F5A2D7C0
-Latest checkpoint's REDO location:    3/F5A2D810
+Latest checkpoint location:           3/F5A32980
+Prior checkpoint location:            3/F5A2D810
+Latest checkpoint's REDO location:    3/F5A32980
@@ -13,2 +13,2 @@
-Latest checkpoint's NextXID:          0/550726
-Latest checkpoint's NextOID:          16455
+Latest checkpoint's NextXID:          0/622496
+Latest checkpoint's NextOID:          24647
@@ -17 +17 @@
-Time of latest checkpoint:            Sat Aug 13 00:37:08 2016
+Time of latest checkpoint:            Sat Aug 13 00:38:38 2016
size after pgbench of pgbench_tellers: 1920
size after pgbench of pgbench_branches: 1512
size after pgbench of pgbench_accounts: 1010372
size after pgbench of pgbench_branches_pkey: 40
size after pgbench of pgbench_tellers_pkey: 160
size after pgbench of pgbench_accounts_pkey: 658092
size after pgbench of pgbench_history: 0
total size after pgbench: 1672096
End Time: 2016-08-13 00:38:39+00:00
========================================================================
========================================================================
Testing 2006-11-16-REL8_2_0~119
Start Time: 2016-08-13 13:05:51+00:00
Shared Buffers:  260000
size before pgbench of pgbench_tellers: 1920
size before pgbench of pgbench_branches: 1512
size before pgbench of pgbench_accounts: 1010372
size before pgbench of pgbench_branches_pkey: 40
size before pgbench of pgbench_tellers_pkey: 160
size before pgbench of pgbench_accounts_pkey: 658092
size before pgbench of pgbench_history: 0
total size before pgbench: 1672096
Linux 3.16.0-4-amd64 (Debian-83-jessie-64-minimal) 	13.08.16 	_x86_64_	(8 CPU)

starting vacuum...end.
transaction type: <builtin: select only>
scaling factor: 300
query mode: simple
number of clients: 48
number of threads: 4
duration: 60 s
number of transactions actually processed: 72653
latency average: 39.640 ms
tps = 1206.567041 (including connections establishing)
tps = 1206.597486 (excluding connections establishing)
script statistics:
 - statement latencies in milliseconds:
         0.002  \set aid random(1, 100000 * :scale)
        39.699  SELECT abalance FROM pgbench_accounts WHERE aid = :aid;
avg-cpu:  %user   %nice %system %iowait  %steal   %idle
           1,20    0,00    0,70   26,96    0,00   71,14

Device:         rrqm/s   wrqm/s     r/s     w/s    rkB/s    wkB/s avgrq-sz avgqu-sz   await r_await w_await  svctm  %util
sdb               0,00     0,51  275,89    3,28  2580,71    20,12    18,63    46,48  166,51   60,77 9066,79   2,42  67,65
sda               0,00     0,51  281,02    3,28  2623,33    20,12    18,60    48,51  170,62   64,83 9241,19   2,40  68,11
md0               0,00     0,00    0,00    0,11     0,00     0,44     8,00     0,00    0,00    0,00    0,00   0,00   0,00
md1               0,00     0,00    0,00    0,00     0,00     0,00     0,00     0,00    0,00    0,00    0,00   0,00   0,00
md2               0,00     0,00  556,96    2,53  5204,04    17,02    18,66     0,00    0,00    0,00    0,00   0,00   0,00
md3               0,00     0,00    0,00    0,10     0,00     0,40     8,00     0,00    0,00    0,00    0,00   0,00   0,00

Control File Changes
--- /usr/local/oldpgsql/2006-11-16-REL8_2_0~119/before.controldata	2016-08-13 15:06:31.389871078 +0200
+++ /usr/local/oldpgsql/2006-11-16-REL8_2_0~119/after.controldata	2016-08-13 15:08:02.232954307 +0200
@@ -5 +5 @@
-pg_control last modified:             Sat Aug 13 13:06:31 2016
+pg_control last modified:             Sat Aug 13 13:08:02 2016
@@ -8,3 +8,3 @@
-Latest checkpoint location:           3/F5A32A20
-Prior checkpoint location:            3/F5A329D0
-Latest checkpoint's REDO location:    3/F5A32A20
+Latest checkpoint location:           3/F5A37CB8
+Prior checkpoint location:            3/F5A32A20
+Latest checkpoint's REDO location:    3/F5A37CB8
@@ -13,2 +13,2 @@
-Latest checkpoint's NextXID:          0/622530
-Latest checkpoint's NextOID:          16456
+Latest checkpoint's NextXID:          0/695242
+Latest checkpoint's NextOID:          24648
@@ -17 +17 @@
-Time of latest checkpoint:            Sat Aug 13 13:06:30 2016
+Time of latest checkpoint:            Sat Aug 13 13:08:01 2016
size after pgbench of pgbench_tellers: 1920
size after pgbench of pgbench_branches: 1512
size after pgbench of pgbench_accounts: 1010372
size after pgbench of pgbench_branches_pkey: 40
size after pgbench of pgbench_tellers_pkey: 160
size after pgbench of pgbench_accounts_pkey: 658092
size after pgbench of pgbench_history: 0
total size after pgbench: 1672096
End Time: 2016-08-13 13:08:02+00:00
========================================================================
========================================================================
Testing 2006-11-16-REL8_2_0~119
Start Time: 2016-08-13 15:39:54+00:00
Shared Buffers:  260000
size before pgbench of pgbench_tellers: 1920
size before pgbench of pgbench_branches: 1512
size before pgbench of pgbench_accounts: 1010372
size before pgbench of pgbench_branches_pkey: 40
size before pgbench of pgbench_tellers_pkey: 160
size before pgbench of pgbench_accounts_pkey: 658092
size before pgbench of pgbench_history: 0
total size before pgbench: 1672096
Linux 3.16.0-4-amd64 (Debian-83-jessie-64-minimal) 	13.08.16 	_x86_64_	(8 CPU)

starting vacuum...end.
transaction type: <builtin: select only>
scaling factor: 300
query mode: simple
number of clients: 48
number of threads: 4
duration: 60 s
number of transactions actually processed: 73826
latency average: 39.011 ms
tps = 1227.518366 (including connections establishing)
tps = 1227.548589 (excluding connections establishing)
script statistics:
 - statement latencies in milliseconds:
         0.002  \set aid random(1, 100000 * :scale)
        39.054  SELECT abalance FROM pgbench_accounts WHERE aid = :aid;
avg-cpu:  %user   %nice %system %iowait  %steal   %idle
           1,21    0,00    0,73   27,06    0,00   70,99

Device:         rrqm/s   wrqm/s     r/s     w/s    rkB/s    wkB/s avgrq-sz avgqu-sz   await r_await w_await  svctm  %util
sdb               0,00     0,42  280,97    3,10  2609,78    19,46    18,51    43,23  152,19   62,11 8316,53   2,38  67,68
sda               0,04     0,41  281,00    3,11  2613,16    19,46    18,53    30,00  105,60   64,71 3799,07   2,38  67,62
md0               0,00     0,00    0,08    0,04     0,31     0,18     8,00     0,00    0,00    0,00    0,00   0,00   0,00
md1               0,00     0,00    0,00    0,00     0,00     0,00     0,00     0,00    0,00    0,00    0,00   0,00   0,00
md2               0,00     0,00  561,97    2,44  5222,58    16,76    18,57     0,00    0,00    0,00    0,00   0,00   0,00
md3               0,00     0,00    0,01    0,10     0,04     0,40     8,00     0,00    0,00    0,00    0,00   0,00   0,00

Control File Changes
--- /usr/local/oldpgsql/2006-11-16-REL8_2_0~119/before.controldata	2016-08-13 17:40:33.593162732 +0200
+++ /usr/local/oldpgsql/2006-11-16-REL8_2_0~119/after.controldata	2016-08-13 17:42:04.434492110 +0200
@@ -5 +5 @@
-pg_control last modified:             Sat Aug 13 15:40:33 2016
+pg_control last modified:             Sat Aug 13 15:42:04 2016
@@ -8,3 +8,3 @@
-Latest checkpoint location:           3/F5A37D58
-Prior checkpoint location:            3/F5A37D08
-Latest checkpoint's REDO location:    3/F5A37D58
+Latest checkpoint location:           3/F5A3D0F0
+Prior checkpoint location:            3/F5A37D58
+Latest checkpoint's REDO location:    3/F5A3D0F0
@@ -13,2 +13,2 @@
-Latest checkpoint's NextXID:          0/695276
-Latest checkpoint's NextOID:          16457
+Latest checkpoint's NextXID:          0/769161
+Latest checkpoint's NextOID:          24649
@@ -17 +17 @@
-Time of latest checkpoint:            Sat Aug 13 15:40:33 2016
+Time of latest checkpoint:            Sat Aug 13 15:42:03 2016
size after pgbench of pgbench_tellers: 1920
size after pgbench of pgbench_branches: 1512
size after pgbench of pgbench_accounts: 1010372
size after pgbench of pgbench_branches_pkey: 40
size after pgbench of pgbench_tellers_pkey: 160
size after pgbench of pgbench_accounts_pkey: 658092
size after pgbench of pgbench_history: 0
total size after pgbench: 1672096
End Time: 2016-08-13 15:42:04+00:00
========================================================================
========================================================================
Testing 2006-11-16-REL8_2_0~119
Start Time: 2016-08-15 07:14:14+00:00
Shared Buffers:  260000
size before pgbench of pgbench_tellers: 1920
size before pgbench of pgbench_branches: 1512
size before pgbench of pgbench_accounts: 1010372
size before pgbench of pgbench_branches_pkey: 40
size before pgbench of pgbench_tellers_pkey: 160
size before pgbench of pgbench_accounts_pkey: 658092
size before pgbench of pgbench_history: 0
total size before pgbench: 1672096
Linux 3.16.0-4-amd64 (Debian-83-jessie-64-minimal) 	15.08.16 	_x86_64_	(8 CPU)

starting vacuum...end.
transaction type: <builtin: TPC-B (sort of)>
scaling factor: 300
query mode: simple
number of clients: 32
number of threads: 4
duration: 900 s
number of transactions actually processed: 31410
latency average: 916.905 ms
tps = 34.804614 (including connections establishing)
tps = 34.804670 (excluding connections establishing)
script statistics:
 - statement latencies in milliseconds:
         0.002  \set aid random(1, 100000 * :scale)
         0.001  \set bid random(1, 1 * :scale)
         0.001  \set tid random(1, 10 * :scale)
         0.001  \set delta random(-5000, 5000)
         0.105  BEGIN;
       422.581  UPDATE pgbench_accounts SET abalance = abalance + :delta WHERE aid = :aid;
         0.341  SELECT abalance FROM pgbench_accounts WHERE aid = :aid;
       164.957  UPDATE pgbench_tellers SET tbalance = tbalance + :delta WHERE tid = :tid;
       122.345  UPDATE pgbench_branches SET bbalance = bbalance + :delta WHERE bid = :bid;
        49.005  INSERT INTO pgbench_history (tid, bid, aid, delta, mtime) VALUES (:tid, :bid, :aid, :delta, CURRENT_TIMESTAMP);
       160.434  END;
avg-cpu:  %user   %nice %system %iowait  %steal   %idle
           0,44    0,00    0,24    9,79    0,00   89,54

Device:         rrqm/s   wrqm/s     r/s     w/s    rkB/s    wkB/s avgrq-sz avgqu-sz   await r_await w_await  svctm  %util
sdb               0,00     0,73    5,12  150,57    43,48  1230,59    16,37    15,04   96,54   20,66   99,12   4,03  62,78
sda               0,02     0,73   23,66  150,63   203,11  1231,07    16,46    20,74  119,00   27,61  133,36   4,84  84,43
md0               0,00     0,00    0,09    0,00     0,35     0,01     8,00     0,00    0,00    0,00    0,00   0,00   0,00
md1               0,00     0,00    0,00    0,00     0,00     0,00     0,00     0,00    0,00    0,00    0,00   0,00   0,00
md2               0,00     0,00   28,72  153,33   246,20  1252,46    16,46     0,00    0,00    0,00    0,00   0,00   0,00
md3               0,00     0,00    0,00    0,01     0,00     0,04     8,00     0,00    0,00    0,00    0,00   0,00   0,00

Control File Changes
--- /usr/local/oldpgsql/2006-11-16-REL8_2_0~119/before.controldata	2016-08-15 09:14:55.896146439 +0200
+++ /usr/local/oldpgsql/2006-11-16-REL8_2_0~119/after.controldata	2016-08-15 09:30:29.104958260 +0200
@@ -5,6 +5,6 @@
-pg_control last modified:             Mon Aug 15 07:14:55 2016
-Current log file ID:                  3
-Next log file segment:                246
-Latest checkpoint location:           3/F5A3D190
-Prior checkpoint location:            3/F5A3D140
-Latest checkpoint's REDO location:    3/F5A3D190
+pg_control last modified:             Mon Aug 15 07:30:28 2016
+Current log file ID:                  4
+Next log file segment:                21
+Latest checkpoint location:           4/14699168
+Prior checkpoint location:            4/14699118
+Latest checkpoint's REDO location:    4/14699168
@@ -13,2 +13,2 @@
-Latest checkpoint's NextXID:          0/769195
-Latest checkpoint's NextOID:          16458
+Latest checkpoint's NextXID:          0/800648
+Latest checkpoint's NextOID:          24650
@@ -17 +17 @@
-Time of latest checkpoint:            Mon Aug 15 07:14:55 2016
+Time of latest checkpoint:            Mon Aug 15 07:30:28 2016
size after pgbench of pgbench_tellers: 1920
size after pgbench of pgbench_branches: 1512
size after pgbench of pgbench_accounts: 1014804
size after pgbench of pgbench_branches_pkey: 40
size after pgbench of pgbench_tellers_pkey: 160
size after pgbench of pgbench_accounts_pkey: 658092
size after pgbench of pgbench_history: 2048
total size after pgbench: 1678576
End Time: 2016-08-15 07:30:29+00:00
========================================================================
========================================================================
Testing 2006-11-16-REL8_2_0~119
Start Time: 2016-08-15 17:19:03+00:00
Shared Buffers:  260000
size before pgbench of pgbench_tellers: 1920
size before pgbench of pgbench_branches: 1512
size before pgbench of pgbench_accounts: 1014804
size before pgbench of pgbench_branches_pkey: 40
size before pgbench of pgbench_tellers_pkey: 160
size before pgbench of pgbench_accounts_pkey: 658092
size before pgbench of pgbench_history: 2048
total size before pgbench: 1678576
Linux 3.16.0-4-amd64 (Debian-83-jessie-64-minimal) 	15.08.16 	_x86_64_	(8 CPU)

starting vacuum...end.
transaction type: <builtin: TPC-B (sort of)>
scaling factor: 300
query mode: simple
number of clients: 32
number of threads: 4
duration: 900 s
number of transactions actually processed: 26913
latency average: 1070.115 ms
tps = 29.790835 (including connections establishing)
tps = 29.790883 (excluding connections establishing)
script statistics:
 - statement latencies in milliseconds:
         0.002  \set aid random(1, 100000 * :scale)
         0.001  \set bid random(1, 1 * :scale)
         0.001  \set tid random(1, 10 * :scale)
         0.001  \set delta random(-5000, 5000)
         0.119  BEGIN;
       496.449  UPDATE pgbench_accounts SET abalance = abalance + :delta WHERE aid = :aid;
         0.745  SELECT abalance FROM pgbench_accounts WHERE aid = :aid;
       203.063  UPDATE pgbench_tellers SET tbalance = tbalance + :delta WHERE tid = :tid;
       131.328  UPDATE pgbench_branches SET bbalance = bbalance + :delta WHERE bid = :bid;
        58.681  INSERT INTO pgbench_history (tid, bid, aid, delta, mtime) VALUES (:tid, :bid, :aid, :delta, CURRENT_TIMESTAMP);
       184.726  END;
avg-cpu:  %user   %nice %system %iowait  %steal   %idle
           0,37    0,00    0,21    9,76    0,00   89,66

Device:         rrqm/s   wrqm/s     r/s     w/s    rkB/s    wkB/s avgrq-sz avgqu-sz   await r_await w_await  svctm  %util
sdb               0,00     0,69    4,66  131,82    39,64  1080,66    16,42    22,13  162,14   22,27  167,08   4,83  65,96
sda               0,04     0,68   20,83  131,83   176,82  1080,66    16,47    15,62  102,29   31,08  113,54   5,39  82,31
md0               0,00     0,00    0,17    0,00     0,70     0,00     8,00     0,00    0,00    0,00    0,00   0,00   0,00
md1               0,00     0,00    0,00    0,00     0,00     0,00     0,00     0,00    0,00    0,00    0,00   0,00   0,00
md2               0,00     0,00   25,35  131,81   215,76  1078,88    16,47     0,00    0,00    0,00    0,00   0,00   0,00
md3               0,00     0,00    0,00    0,01     0,00     0,04     8,00     0,00    0,00    0,00    0,00   0,00   0,00

Control File Changes
--- /usr/local/oldpgsql/2006-11-16-REL8_2_0~119/before.controldata	2016-08-15 19:20:36.695451739 +0200
+++ /usr/local/oldpgsql/2006-11-16-REL8_2_0~119/after.controldata	2016-08-15 19:36:08.072486897 +0200
@@ -5 +5 @@
-pg_control last modified:             Mon Aug 15 17:20:36 2016
+pg_control last modified:             Mon Aug 15 17:36:07 2016
@@ -7,4 +7,4 @@
-Next log file segment:                21
-Latest checkpoint location:           4/14699208
-Prior checkpoint location:            4/146991B8
-Latest checkpoint's REDO location:    4/14699208
+Next log file segment:                47
+Latest checkpoint location:           4/2E268CA8
+Prior checkpoint location:            4/2E268C58
+Latest checkpoint's REDO location:    4/2E268CA8
@@ -13,2 +13,2 @@
-Latest checkpoint's NextXID:          0/800682
-Latest checkpoint's NextOID:          16459
+Latest checkpoint's NextXID:          0/827638
+Latest checkpoint's NextOID:          24651
@@ -17 +17 @@
-Time of latest checkpoint:            Mon Aug 15 17:20:35 2016
+Time of latest checkpoint:            Mon Aug 15 17:36:06 2016
size after pgbench of pgbench_tellers: 1920
size after pgbench of pgbench_branches: 1512
size after pgbench of pgbench_accounts: 1018644
size after pgbench of pgbench_branches_pkey: 40
size after pgbench of pgbench_tellers_pkey: 160
size after pgbench of pgbench_accounts_pkey: 658092
size after pgbench of pgbench_history: 1800
total size after pgbench: 1682168
End Time: 2016-08-15 17:36:08+00:00
========================================================================
========================================================================
Testing 2006-11-16-REL8_2_0~119
Start Time: 2016-08-19 15:58:28+00:00
Shared Buffers:  260000
size before pgbench of pgbench_tellers: 1920
size before pgbench of pgbench_branches: 1512
size before pgbench of pgbench_accounts: 1018644
size before pgbench of pgbench_branches_pkey: 40
size before pgbench of pgbench_tellers_pkey: 160
size before pgbench of pgbench_accounts_pkey: 658092
size before pgbench of pgbench_history: 1800
total size before pgbench: 1682168
Linux 4.6.0-1-amd64 (Debian-83-jessie-64-minimal) 	19.08.16 	_x86_64_	(8 CPU)

starting vacuum...end.
transaction type: <builtin: TPC-B (sort of)>
scaling factor: 300
query mode: simple
number of clients: 32
number of threads: 4
duration: 900 s
number of transactions actually processed: 35671
latency average: 807.379 ms
tps = 39.372953 (including connections establishing)
tps = 39.373014 (excluding connections establishing)
script statistics:
 - statement latencies in milliseconds:
         0.002  \set aid random(1, 100000 * :scale)
         0.001  \set bid random(1, 1 * :scale)
         0.001  \set tid random(1, 10 * :scale)
         0.001  \set delta random(-5000, 5000)
         0.115  BEGIN;
       393.920  UPDATE pgbench_accounts SET abalance = abalance + :delta WHERE aid = :aid;
         0.347  SELECT abalance FROM pgbench_accounts WHERE aid = :aid;
       149.469  UPDATE pgbench_tellers SET tbalance = tbalance + :delta WHERE tid = :tid;
        89.869  UPDATE pgbench_branches SET bbalance = bbalance + :delta WHERE bid = :bid;
        35.937  INSERT INTO pgbench_history (tid, bid, aid, delta, mtime) VALUES (:tid, :bid, :aid, :delta, CURRENT_TIMESTAMP);
       141.544  END;
avg-cpu:  %user   %nice %system %iowait  %steal   %idle
           0,44    0,00    0,29   21,05    0,00   78,21

Device:         rrqm/s   wrqm/s     r/s     w/s    rkB/s    wkB/s avgrq-sz avgqu-sz   await r_await w_await  svctm  %util
sdb               0,01     0,85    7,07  158,84    61,11  1301,46    16,43    20,91  126,03   22,16  130,65   3,96  65,68
sda               0,04     0,85   24,97  158,70   216,84  1300,24    16,52    18,06   97,83   29,58  108,57   4,55  83,52
md0               0,00     0,00    0,13    0,00     0,51     0,01     8,00     0,00    0,00    0,00    0,00   0,00   0,00
md1               0,00     0,00    0,00    0,00     0,00     0,00     0,00     0,00    0,00    0,00    0,00   0,00   0,00
md2               0,00     0,00   31,96  171,76   277,44  1407,68    16,54     0,00    0,00    0,00    0,00   0,00   0,00
md3               0,00     0,00    0,00    0,01     0,00     0,04     8,00     0,00    0,00    0,00    0,00   0,00   0,00

Control File Changes
--- /usr/local/oldpgsql/2006-11-16-REL8_2_0~119/before.controldata	2016-08-19 17:59:36.031492668 +0200
+++ /usr/local/oldpgsql/2006-11-16-REL8_2_0~119/after.controldata	2016-08-19 18:15:44.430039751 +0200
@@ -5 +5 @@
-pg_control last modified:             Fri Aug 19 15:59:35 2016
+pg_control last modified:             Fri Aug 19 16:15:44 2016
@@ -7,4 +7,4 @@
-Next log file segment:                47
-Latest checkpoint location:           4/2E268D48
-Prior checkpoint location:            4/2E268CF8
-Latest checkpoint's REDO location:    4/2E268D48
+Next log file segment:                80
+Latest checkpoint location:           4/4FDFFF78
+Prior checkpoint location:            4/4FDFFF28
+Latest checkpoint's REDO location:    4/4FDFFF78
@@ -13,2 +13,2 @@
-Latest checkpoint's NextXID:          0/827672
-Latest checkpoint's NextOID:          16460
+Latest checkpoint's NextXID:          0/863386
+Latest checkpoint's NextOID:          24652
@@ -17 +17 @@
-Time of latest checkpoint:            Fri Aug 19 15:59:35 2016
+Time of latest checkpoint:            Fri Aug 19 16:15:41 2016
size after pgbench of pgbench_tellers: 2176
size after pgbench of pgbench_branches: 1772
size after pgbench of pgbench_accounts: 1023724
size after pgbench of pgbench_branches_pkey: 40
size after pgbench of pgbench_tellers_pkey: 160
size after pgbench of pgbench_accounts_pkey: 658092
size after pgbench of pgbench_history: 2312
total size after pgbench: 1688276
End Time: 2016-08-19 16:15:44+00:00
========================================================================
========================================================================
Testing 2006-11-16-REL8_2_0~119
Start Time: 2016-08-19 19:04:53+00:00
Shared Buffers:  260000
size before pgbench of pgbench_tellers: 2176
size before pgbench of pgbench_branches: 1772
size before pgbench of pgbench_accounts: 1023724
size before pgbench of pgbench_branches_pkey: 40
size before pgbench of pgbench_tellers_pkey: 160
size before pgbench of pgbench_accounts_pkey: 658092
size before pgbench of pgbench_history: 2312
total size before pgbench: 1688276
Linux 4.6.0-1-amd64 (Debian-83-jessie-64-minimal) 	19.08.16 	_x86_64_	(8 CPU)

starting vacuum...end.
transaction type: <builtin: TPC-B (sort of)>
scaling factor: 300
query mode: simple
number of clients: 32
number of threads: 4
duration: 900 s
number of transactions actually processed: 30889
latency average: 932.371 ms
tps = 34.069257 (including connections establishing)
tps = 34.069312 (excluding connections establishing)
script statistics:
 - statement latencies in milliseconds:
         0.002  \set aid random(1, 100000 * :scale)
         0.001  \set bid random(1, 1 * :scale)
         0.001  \set tid random(1, 10 * :scale)
         0.001  \set delta random(-5000, 5000)
         0.119  BEGIN;
       445.218  UPDATE pgbench_accounts SET abalance = abalance + :delta WHERE aid = :aid;
         0.837  SELECT abalance FROM pgbench_accounts WHERE aid = :aid;
       174.210  UPDATE pgbench_tellers SET tbalance = tbalance + :delta WHERE tid = :tid;
       107.558  UPDATE pgbench_branches SET bbalance = bbalance + :delta WHERE bid = :bid;
        44.432  INSERT INTO pgbench_history (tid, bid, aid, delta, mtime) VALUES (:tid, :bid, :aid, :delta, CURRENT_TIMESTAMP);
       166.953  END;
avg-cpu:  %user   %nice %system %iowait  %steal   %idle
           0,39    0,00    0,25   21,17    0,00   78,19

Device:         rrqm/s   wrqm/s     r/s     w/s    rkB/s    wkB/s avgrq-sz avgqu-sz   await r_await w_await  svctm  %util
sdb               0,00     0,83    6,18  145,66    52,24  1175,04    16,17    18,33  120,63   22,75  124,78   4,21  63,87
sda               0,00     0,83   22,12  145,78   188,73  1176,20    16,26    27,55  164,07   30,55  184,32   5,01  84,20
md0               0,00     0,00    0,03    0,00     0,13     0,00     8,00     0,00    0,00    0,00    0,00   0,00   0,00
md1               0,00     0,00    0,00    0,00     0,00     0,00     0,00     0,00    0,00    0,00    0,00   0,00   0,00
md2               0,00     0,00   28,27  150,66   240,84  1213,28    16,25     0,00    0,00    0,00    0,00   0,00   0,00
md3               0,00     0,00    0,00    0,01     0,00     0,04     8,00     0,00    0,00    0,00    0,00   0,00   0,00

Control File Changes
--- /usr/local/oldpgsql/2006-11-16-REL8_2_0~119/before.controldata	2016-08-19 21:06:20.425540500 +0200
+++ /usr/local/oldpgsql/2006-11-16-REL8_2_0~119/after.controldata	2016-08-19 21:21:55.871586955 +0200
@@ -5 +5 @@
-pg_control last modified:             Fri Aug 19 19:06:20 2016
+pg_control last modified:             Fri Aug 19 19:21:55 2016
@@ -7,4 +7,4 @@
-Next log file segment:                80
-Latest checkpoint location:           4/4FE00030
-Prior checkpoint location:            4/4FDFFFC8
-Latest checkpoint's REDO location:    4/4FE00030
+Next log file segment:                110
+Latest checkpoint location:           4/6D3FD550
+Prior checkpoint location:            4/6D3FD500
+Latest checkpoint's REDO location:    4/6D3FD550
@@ -13,2 +13,2 @@
-Latest checkpoint's NextXID:          0/863420
-Latest checkpoint's NextOID:          16461
+Latest checkpoint's NextXID:          0/894352
+Latest checkpoint's NextOID:          24653
@@ -17 +17 @@
-Time of latest checkpoint:            Fri Aug 19 19:06:19 2016
+Time of latest checkpoint:            Fri Aug 19 19:21:53 2016
size after pgbench of pgbench_tellers: 2176
size after pgbench of pgbench_branches: 1772
size after pgbench of pgbench_accounts: 1028076
size after pgbench of pgbench_branches_pkey: 40
size after pgbench of pgbench_tellers_pkey: 160
size after pgbench of pgbench_accounts_pkey: 658092
size after pgbench of pgbench_history: 2016
total size after pgbench: 1692332
End Time: 2016-08-19 19:21:55+00:00
========================================================================
