creating tables...
100000 of 30000000 tuples (0%) done (elapsed 0.06 s, remaining 18.70 s)
200000 of 30000000 tuples (0%) done (elapsed 0.13 s, remaining 18.86 s)
300000 of 30000000 tuples (1%) done (elapsed 0.18 s, remaining 17.95 s)
400000 of 30000000 tuples (1%) done (elapsed 0.24 s, remaining 17.87 s)
500000 of 30000000 tuples (1%) done (elapsed 0.30 s, remaining 17.76 s)
600000 of 30000000 tuples (2%) done (elapsed 0.36 s, remaining 17.43 s)
700000 of 30000000 tuples (2%) done (elapsed 0.42 s, remaining 17.39 s)
800000 of 30000000 tuples (2%) done (elapsed 0.48 s, remaining 17.35 s)
900000 of 30000000 tuples (3%) done (elapsed 0.53 s, remaining 17.14 s)
1000000 of 30000000 tuples (3%) done (elapsed 0.59 s, remaining 17.09 s)
1100000 of 30000000 tuples (3%) done (elapsed 0.65 s, remaining 17.10 s)
1200000 of 30000000 tuples (4%) done (elapsed 0.71 s, remaining 16.99 s)
1300000 of 30000000 tuples (4%) done (elapsed 0.77 s, remaining 16.99 s)
1400000 of 30000000 tuples (4%) done (elapsed 0.83 s, remaining 16.97 s)
1500000 of 30000000 tuples (5%) done (elapsed 0.89 s, remaining 16.87 s)
1600000 of 30000000 tuples (5%) done (elapsed 0.95 s, remaining 16.85 s)
1700000 of 30000000 tuples (5%) done (elapsed 1.01 s, remaining 16.75 s)
1800000 of 30000000 tuples (6%) done (elapsed 1.07 s, remaining 16.73 s)
1900000 of 30000000 tuples (6%) done (elapsed 1.12 s, remaining 16.63 s)
2000000 of 30000000 tuples (6%) done (elapsed 1.19 s, remaining 16.61 s)
2100000 of 30000000 tuples (7%) done (elapsed 1.25 s, remaining 16.58 s)
2200000 of 30000000 tuples (7%) done (elapsed 1.31 s, remaining 16.49 s)
2300000 of 30000000 tuples (7%) done (elapsed 1.37 s, remaining 16.46 s)
2400000 of 30000000 tuples (8%) done (elapsed 1.42 s, remaining 16.37 s)
2500000 of 30000000 tuples (8%) done (elapsed 1.49 s, remaining 16.34 s)
2600000 of 30000000 tuples (8%) done (elapsed 1.54 s, remaining 16.26 s)
2700000 of 30000000 tuples (9%) done (elapsed 1.60 s, remaining 16.22 s)
2800000 of 30000000 tuples (9%) done (elapsed 1.66 s, remaining 16.14 s)
2900000 of 30000000 tuples (9%) done (elapsed 1.72 s, remaining 16.06 s)
3000000 of 30000000 tuples (10%) done (elapsed 1.78 s, remaining 16.02 s)
3100000 of 30000000 tuples (10%) done (elapsed 1.84 s, remaining 15.95 s)
3200000 of 30000000 tuples (10%) done (elapsed 1.90 s, remaining 15.91 s)
3300000 of 30000000 tuples (11%) done (elapsed 1.96 s, remaining 15.83 s)
3400000 of 30000000 tuples (11%) done (elapsed 2.02 s, remaining 15.78 s)
3500000 of 30000000 tuples (11%) done (elapsed 2.07 s, remaining 15.70 s)
3600000 of 30000000 tuples (12%) done (elapsed 2.14 s, remaining 15.66 s)
3700000 of 30000000 tuples (12%) done (elapsed 2.19 s, remaining 15.59 s)
3800000 of 30000000 tuples (12%) done (elapsed 2.25 s, remaining 15.55 s)
3900000 of 30000000 tuples (13%) done (elapsed 2.31 s, remaining 15.47 s)
4000000 of 30000000 tuples (13%) done (elapsed 2.37 s, remaining 15.43 s)
4100000 of 30000000 tuples (13%) done (elapsed 2.43 s, remaining 15.35 s)
4200000 of 30000000 tuples (14%) done (elapsed 2.49 s, remaining 15.31 s)
4300000 of 30000000 tuples (14%) done (elapsed 2.55 s, remaining 15.23 s)
4400000 of 30000000 tuples (14%) done (elapsed 2.61 s, remaining 15.19 s)
4500000 of 30000000 tuples (15%) done (elapsed 2.67 s, remaining 15.12 s)
4600000 of 30000000 tuples (15%) done (elapsed 2.73 s, remaining 15.07 s)
4700000 of 30000000 tuples (15%) done (elapsed 2.79 s, remaining 15.00 s)
4800000 of 30000000 tuples (16%) done (elapsed 2.84 s, remaining 14.93 s)
4900000 of 30000000 tuples (16%) done (elapsed 2.91 s, remaining 14.88 s)
5000000 of 30000000 tuples (16%) done (elapsed 2.96 s, remaining 14.81 s)
5100000 of 30000000 tuples (17%) done (elapsed 3.02 s, remaining 14.75 s)
5200000 of 30000000 tuples (17%) done (elapsed 3.08 s, remaining 14.70 s)
5300000 of 30000000 tuples (17%) done (elapsed 3.14 s, remaining 14.63 s)
5400000 of 30000000 tuples (18%) done (elapsed 3.20 s, remaining 14.58 s)
5500000 of 30000000 tuples (18%) done (elapsed 3.26 s, remaining 14.51 s)
5600000 of 30000000 tuples (18%) done (elapsed 3.32 s, remaining 14.47 s)
5700000 of 30000000 tuples (19%) done (elapsed 3.38 s, remaining 14.40 s)
5800000 of 30000000 tuples (19%) done (elapsed 3.44 s, remaining 14.35 s)
5900000 of 30000000 tuples (19%) done (elapsed 3.50 s, remaining 14.28 s)
6000000 of 30000000 tuples (20%) done (elapsed 3.56 s, remaining 14.23 s)
6100000 of 30000000 tuples (20%) done (elapsed 3.61 s, remaining 14.16 s)
6200000 of 30000000 tuples (20%) done (elapsed 3.68 s, remaining 14.11 s)
6300000 of 30000000 tuples (21%) done (elapsed 3.73 s, remaining 14.04 s)
6400000 of 30000000 tuples (21%) done (elapsed 3.79 s, remaining 13.99 s)
6500000 of 30000000 tuples (21%) done (elapsed 3.85 s, remaining 13.93 s)
6600000 of 30000000 tuples (22%) done (elapsed 3.91 s, remaining 13.87 s)
6700000 of 30000000 tuples (22%) done (elapsed 3.97 s, remaining 13.81 s)
6800000 of 30000000 tuples (22%) done (elapsed 4.03 s, remaining 13.76 s)
6900000 of 30000000 tuples (23%) done (elapsed 4.09 s, remaining 13.69 s)
7000000 of 30000000 tuples (23%) done (elapsed 4.15 s, remaining 13.64 s)
7100000 of 30000000 tuples (23%) done (elapsed 4.21 s, remaining 13.57 s)
7200000 of 30000000 tuples (24%) done (elapsed 4.27 s, remaining 13.52 s)
7300000 of 30000000 tuples (24%) done (elapsed 4.33 s, remaining 13.45 s)
7400000 of 30000000 tuples (24%) done (elapsed 4.39 s, remaining 13.40 s)
7500000 of 30000000 tuples (25%) done (elapsed 4.44 s, remaining 13.33 s)
7600000 of 30000000 tuples (25%) done (elapsed 4.51 s, remaining 13.28 s)
7700000 of 30000000 tuples (25%) done (elapsed 4.56 s, remaining 13.21 s)
7800000 of 30000000 tuples (26%) done (elapsed 4.62 s, remaining 13.16 s)
7900000 of 30000000 tuples (26%) done (elapsed 4.68 s, remaining 13.10 s)
8000000 of 30000000 tuples (26%) done (elapsed 4.74 s, remaining 13.04 s)
8100000 of 30000000 tuples (27%) done (elapsed 4.80 s, remaining 12.98 s)
8200000 of 30000000 tuples (27%) done (elapsed 4.86 s, remaining 12.92 s)
8300000 of 30000000 tuples (27%) done (elapsed 4.92 s, remaining 12.86 s)
8400000 of 30000000 tuples (28%) done (elapsed 4.98 s, remaining 12.81 s)
8500000 of 30000000 tuples (28%) done (elapsed 5.04 s, remaining 12.74 s)
8600000 of 30000000 tuples (28%) done (elapsed 5.10 s, remaining 12.69 s)
8700000 of 30000000 tuples (29%) done (elapsed 5.16 s, remaining 12.62 s)
8800000 of 30000000 tuples (29%) done (elapsed 5.22 s, remaining 12.57 s)
8900000 of 30000000 tuples (29%) done (elapsed 5.28 s, remaining 12.52 s)
9000000 of 30000000 tuples (30%) done (elapsed 5.34 s, remaining 12.45 s)
9100000 of 30000000 tuples (30%) done (elapsed 5.40 s, remaining 12.40 s)
9200000 of 30000000 tuples (30%) done (elapsed 5.45 s, remaining 12.33 s)
9300000 of 30000000 tuples (31%) done (elapsed 5.52 s, remaining 12.28 s)
9400000 of 30000000 tuples (31%) done (elapsed 5.57 s, remaining 12.21 s)
9500000 of 30000000 tuples (31%) done (elapsed 5.63 s, remaining 12.16 s)
9600000 of 30000000 tuples (32%) done (elapsed 5.69 s, remaining 12.09 s)
9700000 of 30000000 tuples (32%) done (elapsed 5.75 s, remaining 12.04 s)
9800000 of 30000000 tuples (32%) done (elapsed 5.81 s, remaining 11.98 s)
9900000 of 30000000 tuples (33%) done (elapsed 5.87 s, remaining 11.92 s)
10000000 of 30000000 tuples (33%) done (elapsed 5.93 s, remaining 11.86 s)
10100000 of 30000000 tuples (33%) done (elapsed 5.99 s, remaining 11.80 s)
10200000 of 30000000 tuples (34%) done (elapsed 6.05 s, remaining 11.75 s)
10300000 of 30000000 tuples (34%) done (elapsed 6.11 s, remaining 11.69 s)
10400000 of 30000000 tuples (34%) done (elapsed 6.17 s, remaining 11.63 s)
10500000 of 30000000 tuples (35%) done (elapsed 6.23 s, remaining 11.57 s)
10600000 of 30000000 tuples (35%) done (elapsed 6.29 s, remaining 11.52 s)
10700000 of 30000000 tuples (35%) done (elapsed 6.35 s, remaining 11.46 s)
10800000 of 30000000 tuples (36%) done (elapsed 6.41 s, remaining 11.40 s)
10900000 of 30000000 tuples (36%) done (elapsed 6.47 s, remaining 11.34 s)
11000000 of 30000000 tuples (36%) done (elapsed 6.53 s, remaining 11.28 s)
11100000 of 30000000 tuples (37%) done (elapsed 6.59 s, remaining 11.22 s)
11200000 of 30000000 tuples (37%) done (elapsed 6.65 s, remaining 11.16 s)
11300000 of 30000000 tuples (37%) done (elapsed 6.71 s, remaining 11.10 s)
11400000 of 30000000 tuples (38%) done (elapsed 6.77 s, remaining 11.05 s)
11500000 of 30000000 tuples (38%) done (elapsed 6.83 s, remaining 10.99 s)
11600000 of 30000000 tuples (38%) done (elapsed 6.89 s, remaining 10.93 s)
11700000 of 30000000 tuples (39%) done (elapsed 6.95 s, remaining 10.87 s)
11800000 of 30000000 tuples (39%) done (elapsed 7.01 s, remaining 10.82 s)
11900000 of 30000000 tuples (39%) done (elapsed 7.07 s, remaining 10.76 s)
12000000 of 30000000 tuples (40%) done (elapsed 7.13 s, remaining 10.70 s)
12100000 of 30000000 tuples (40%) done (elapsed 7.19 s, remaining 10.64 s)
12200000 of 30000000 tuples (40%) done (elapsed 7.25 s, remaining 10.58 s)
12300000 of 30000000 tuples (41%) done (elapsed 7.31 s, remaining 10.52 s)
12400000 of 30000000 tuples (41%) done (elapsed 7.37 s, remaining 10.46 s)
12500000 of 30000000 tuples (41%) done (elapsed 7.43 s, remaining 10.40 s)
12600000 of 30000000 tuples (42%) done (elapsed 7.49 s, remaining 10.35 s)
12700000 of 30000000 tuples (42%) done (elapsed 7.55 s, remaining 10.29 s)
12800000 of 30000000 tuples (42%) done (elapsed 7.61 s, remaining 10.23 s)
12900000 of 30000000 tuples (43%) done (elapsed 7.67 s, remaining 10.17 s)
13000000 of 30000000 tuples (43%) done (elapsed 7.73 s, remaining 10.11 s)
13100000 of 30000000 tuples (43%) done (elapsed 7.79 s, remaining 10.05 s)
13200000 of 30000000 tuples (44%) done (elapsed 7.85 s, remaining 9.99 s)
13300000 of 30000000 tuples (44%) done (elapsed 7.91 s, remaining 9.94 s)
13400000 of 30000000 tuples (44%) done (elapsed 7.97 s, remaining 9.88 s)
13500000 of 30000000 tuples (45%) done (elapsed 8.03 s, remaining 9.82 s)
13600000 of 30000000 tuples (45%) done (elapsed 8.09 s, remaining 9.76 s)
13700000 of 30000000 tuples (45%) done (elapsed 8.15 s, remaining 9.70 s)
13800000 of 30000000 tuples (46%) done (elapsed 8.21 s, remaining 9.64 s)
13900000 of 30000000 tuples (46%) done (elapsed 8.27 s, remaining 9.58 s)
14000000 of 30000000 tuples (46%) done (elapsed 8.33 s, remaining 9.52 s)
14100000 of 30000000 tuples (47%) done (elapsed 8.39 s, remaining 9.47 s)
14200000 of 30000000 tuples (47%) done (elapsed 8.45 s, remaining 9.41 s)
14300000 of 30000000 tuples (47%) done (elapsed 8.51 s, remaining 9.35 s)
14400000 of 30000000 tuples (48%) done (elapsed 8.57 s, remaining 9.29 s)
14500000 of 30000000 tuples (48%) done (elapsed 8.63 s, remaining 9.23 s)
14600000 of 30000000 tuples (48%) done (elapsed 8.69 s, remaining 9.17 s)
14700000 of 30000000 tuples (49%) done (elapsed 8.75 s, remaining 9.11 s)
14800000 of 30000000 tuples (49%) done (elapsed 8.81 s, remaining 9.05 s)
14900000 of 30000000 tuples (49%) done (elapsed 8.87 s, remaining 8.99 s)
15000000 of 30000000 tuples (50%) done (elapsed 8.93 s, remaining 8.93 s)
15100000 of 30000000 tuples (50%) done (elapsed 8.99 s, remaining 8.87 s)
15200000 of 30000000 tuples (50%) done (elapsed 9.05 s, remaining 8.81 s)
15300000 of 30000000 tuples (51%) done (elapsed 9.12 s, remaining 8.76 s)
15400000 of 30000000 tuples (51%) done (elapsed 9.17 s, remaining 8.70 s)
15500000 of 30000000 tuples (51%) done (elapsed 9.23 s, remaining 8.64 s)
15600000 of 30000000 tuples (52%) done (elapsed 9.29 s, remaining 8.58 s)
15700000 of 30000000 tuples (52%) done (elapsed 9.35 s, remaining 8.52 s)
15800000 of 30000000 tuples (52%) done (elapsed 9.47 s, remaining 8.51 s)
15900000 of 30000000 tuples (53%) done (elapsed 9.54 s, remaining 8.46 s)
16000000 of 30000000 tuples (53%) done (elapsed 9.60 s, remaining 8.40 s)
16100000 of 30000000 tuples (53%) done (elapsed 9.66 s, remaining 8.34 s)
16200000 of 30000000 tuples (54%) done (elapsed 9.72 s, remaining 8.28 s)
16300000 of 30000000 tuples (54%) done (elapsed 9.78 s, remaining 8.22 s)
16400000 of 30000000 tuples (54%) done (elapsed 9.84 s, remaining 8.16 s)
16500000 of 30000000 tuples (55%) done (elapsed 9.90 s, remaining 8.10 s)
16600000 of 30000000 tuples (55%) done (elapsed 9.96 s, remaining 8.04 s)
16700000 of 30000000 tuples (55%) done (elapsed 10.02 s, remaining 7.98 s)
16800000 of 30000000 tuples (56%) done (elapsed 10.08 s, remaining 7.92 s)
16900000 of 30000000 tuples (56%) done (elapsed 10.14 s, remaining 7.86 s)
17000000 of 30000000 tuples (56%) done (elapsed 10.20 s, remaining 7.80 s)
17100000 of 30000000 tuples (57%) done (elapsed 10.26 s, remaining 7.74 s)
17200000 of 30000000 tuples (57%) done (elapsed 10.32 s, remaining 7.68 s)
17300000 of 30000000 tuples (57%) done (elapsed 10.38 s, remaining 7.62 s)
17400000 of 30000000 tuples (58%) done (elapsed 10.44 s, remaining 7.56 s)
17500000 of 30000000 tuples (58%) done (elapsed 10.50 s, remaining 7.50 s)
17600000 of 30000000 tuples (58%) done (elapsed 10.56 s, remaining 7.44 s)
17700000 of 30000000 tuples (59%) done (elapsed 10.62 s, remaining 7.38 s)
17800000 of 30000000 tuples (59%) done (elapsed 10.68 s, remaining 7.32 s)
17900000 of 30000000 tuples (59%) done (elapsed 10.74 s, remaining 7.26 s)
18000000 of 30000000 tuples (60%) done (elapsed 10.80 s, remaining 7.20 s)
18100000 of 30000000 tuples (60%) done (elapsed 10.86 s, remaining 7.14 s)
18200000 of 30000000 tuples (60%) done (elapsed 10.92 s, remaining 7.08 s)
18300000 of 30000000 tuples (61%) done (elapsed 10.98 s, remaining 7.02 s)
18400000 of 30000000 tuples (61%) done (elapsed 11.04 s, remaining 6.96 s)
18500000 of 30000000 tuples (61%) done (elapsed 11.10 s, remaining 6.90 s)
18600000 of 30000000 tuples (62%) done (elapsed 11.16 s, remaining 6.84 s)
18700000 of 30000000 tuples (62%) done (elapsed 11.22 s, remaining 6.78 s)
18800000 of 30000000 tuples (62%) done (elapsed 11.28 s, remaining 6.72 s)
18900000 of 30000000 tuples (63%) done (elapsed 11.34 s, remaining 6.66 s)
19000000 of 30000000 tuples (63%) done (elapsed 11.40 s, remaining 6.60 s)
19100000 of 30000000 tuples (63%) done (elapsed 11.46 s, remaining 6.54 s)
19200000 of 30000000 tuples (64%) done (elapsed 11.52 s, remaining 6.48 s)
19300000 of 30000000 tuples (64%) done (elapsed 11.58 s, remaining 6.42 s)
19400000 of 30000000 tuples (64%) done (elapsed 11.64 s, remaining 6.36 s)
19500000 of 30000000 tuples (65%) done (elapsed 11.70 s, remaining 6.30 s)
19600000 of 30000000 tuples (65%) done (elapsed 11.76 s, remaining 6.24 s)
19700000 of 30000000 tuples (65%) done (elapsed 11.82 s, remaining 6.18 s)
19800000 of 30000000 tuples (66%) done (elapsed 11.88 s, remaining 6.12 s)
19900000 of 30000000 tuples (66%) done (elapsed 11.94 s, remaining 6.06 s)
20000000 of 30000000 tuples (66%) done (elapsed 12.00 s, remaining 6.00 s)
20100000 of 30000000 tuples (67%) done (elapsed 12.06 s, remaining 5.94 s)
20200000 of 30000000 tuples (67%) done (elapsed 12.12 s, remaining 5.88 s)
20300000 of 30000000 tuples (67%) done (elapsed 12.18 s, remaining 5.82 s)
20400000 of 30000000 tuples (68%) done (elapsed 12.24 s, remaining 5.76 s)
20500000 of 30000000 tuples (68%) done (elapsed 12.30 s, remaining 5.70 s)
20600000 of 30000000 tuples (68%) done (elapsed 12.35 s, remaining 5.64 s)
20700000 of 30000000 tuples (69%) done (elapsed 12.42 s, remaining 5.58 s)
20800000 of 30000000 tuples (69%) done (elapsed 12.48 s, remaining 5.52 s)
20900000 of 30000000 tuples (69%) done (elapsed 12.53 s, remaining 5.46 s)
21000000 of 30000000 tuples (70%) done (elapsed 12.59 s, remaining 5.40 s)
21100000 of 30000000 tuples (70%) done (elapsed 12.66 s, remaining 5.34 s)
21200000 of 30000000 tuples (70%) done (elapsed 12.71 s, remaining 5.28 s)
21300000 of 30000000 tuples (71%) done (elapsed 12.77 s, remaining 5.22 s)
21400000 of 30000000 tuples (71%) done (elapsed 12.83 s, remaining 5.16 s)
21500000 of 30000000 tuples (71%) done (elapsed 12.90 s, remaining 5.10 s)
21600000 of 30000000 tuples (72%) done (elapsed 12.95 s, remaining 5.04 s)
21700000 of 30000000 tuples (72%) done (elapsed 13.01 s, remaining 4.98 s)
21800000 of 30000000 tuples (72%) done (elapsed 13.07 s, remaining 4.92 s)
21900000 of 30000000 tuples (73%) done (elapsed 13.13 s, remaining 4.86 s)
22000000 of 30000000 tuples (73%) done (elapsed 13.19 s, remaining 4.80 s)
22100000 of 30000000 tuples (73%) done (elapsed 13.25 s, remaining 4.74 s)
22200000 of 30000000 tuples (74%) done (elapsed 13.31 s, remaining 4.68 s)
22300000 of 30000000 tuples (74%) done (elapsed 13.37 s, remaining 4.62 s)
22400000 of 30000000 tuples (74%) done (elapsed 13.43 s, remaining 4.56 s)
22500000 of 30000000 tuples (75%) done (elapsed 13.49 s, remaining 4.50 s)
22600000 of 30000000 tuples (75%) done (elapsed 13.55 s, remaining 4.44 s)
22700000 of 30000000 tuples (75%) done (elapsed 13.62 s, remaining 4.38 s)
22800000 of 30000000 tuples (76%) done (elapsed 13.67 s, remaining 4.32 s)
22900000 of 30000000 tuples (76%) done (elapsed 13.73 s, remaining 4.26 s)
23000000 of 30000000 tuples (76%) done (elapsed 13.80 s, remaining 4.20 s)
23100000 of 30000000 tuples (77%) done (elapsed 13.86 s, remaining 4.14 s)
23200000 of 30000000 tuples (77%) done (elapsed 13.91 s, remaining 4.08 s)
23300000 of 30000000 tuples (77%) done (elapsed 13.97 s, remaining 4.02 s)
23400000 of 30000000 tuples (78%) done (elapsed 14.04 s, remaining 3.96 s)
23500000 of 30000000 tuples (78%) done (elapsed 14.10 s, remaining 3.90 s)
23600000 of 30000000 tuples (78%) done (elapsed 14.16 s, remaining 3.84 s)
23700000 of 30000000 tuples (79%) done (elapsed 14.21 s, remaining 3.78 s)
23800000 of 30000000 tuples (79%) done (elapsed 14.28 s, remaining 3.72 s)
23900000 of 30000000 tuples (79%) done (elapsed 14.34 s, remaining 3.66 s)
24000000 of 30000000 tuples (80%) done (elapsed 14.61 s, remaining 3.65 s)
24100000 of 30000000 tuples (80%) done (elapsed 14.71 s, remaining 3.60 s)
24200000 of 30000000 tuples (80%) done (elapsed 14.79 s, remaining 3.54 s)
24300000 of 30000000 tuples (81%) done (elapsed 14.85 s, remaining 3.48 s)
24400000 of 30000000 tuples (81%) done (elapsed 14.91 s, remaining 3.42 s)
24500000 of 30000000 tuples (81%) done (elapsed 14.98 s, remaining 3.36 s)
24600000 of 30000000 tuples (82%) done (elapsed 15.03 s, remaining 3.30 s)
24700000 of 30000000 tuples (82%) done (elapsed 15.09 s, remaining 3.24 s)
24800000 of 30000000 tuples (82%) done (elapsed 15.15 s, remaining 3.18 s)
24900000 of 30000000 tuples (83%) done (elapsed 15.22 s, remaining 3.12 s)
25000000 of 30000000 tuples (83%) done (elapsed 15.28 s, remaining 3.06 s)
25100000 of 30000000 tuples (83%) done (elapsed 15.33 s, remaining 2.99 s)
25200000 of 30000000 tuples (84%) done (elapsed 15.40 s, remaining 2.93 s)
25300000 of 30000000 tuples (84%) done (elapsed 15.46 s, remaining 2.87 s)
25400000 of 30000000 tuples (84%) done (elapsed 15.52 s, remaining 2.81 s)
25500000 of 30000000 tuples (85%) done (elapsed 15.58 s, remaining 2.75 s)
25600000 of 30000000 tuples (85%) done (elapsed 15.64 s, remaining 2.69 s)
25700000 of 30000000 tuples (85%) done (elapsed 15.70 s, remaining 2.63 s)
25800000 of 30000000 tuples (86%) done (elapsed 15.76 s, remaining 2.57 s)
25900000 of 30000000 tuples (86%) done (elapsed 15.83 s, remaining 2.51 s)
26000000 of 30000000 tuples (86%) done (elapsed 15.89 s, remaining 2.44 s)
26100000 of 30000000 tuples (87%) done (elapsed 15.95 s, remaining 2.38 s)
26200000 of 30000000 tuples (87%) done (elapsed 16.02 s, remaining 2.32 s)
26300000 of 30000000 tuples (87%) done (elapsed 16.08 s, remaining 2.26 s)
26400000 of 30000000 tuples (88%) done (elapsed 16.14 s, remaining 2.20 s)
26500000 of 30000000 tuples (88%) done (elapsed 16.20 s, remaining 2.14 s)
26600000 of 30000000 tuples (88%) done (elapsed 16.26 s, remaining 2.08 s)
26700000 of 30000000 tuples (89%) done (elapsed 16.32 s, remaining 2.02 s)
26800000 of 30000000 tuples (89%) done (elapsed 16.38 s, remaining 1.96 s)
26900000 of 30000000 tuples (89%) done (elapsed 16.44 s, remaining 1.89 s)
27000000 of 30000000 tuples (90%) done (elapsed 16.50 s, remaining 1.83 s)
27100000 of 30000000 tuples (90%) done (elapsed 16.57 s, remaining 1.77 s)
27200000 of 30000000 tuples (90%) done (elapsed 16.63 s, remaining 1.71 s)
27300000 of 30000000 tuples (91%) done (elapsed 16.68 s, remaining 1.65 s)
27400000 of 30000000 tuples (91%) done (elapsed 16.74 s, remaining 1.59 s)
27500000 of 30000000 tuples (91%) done (elapsed 16.81 s, remaining 1.53 s)
27600000 of 30000000 tuples (92%) done (elapsed 16.87 s, remaining 1.47 s)
27700000 of 30000000 tuples (92%) done (elapsed 16.93 s, remaining 1.41 s)
27800000 of 30000000 tuples (92%) done (elapsed 16.99 s, remaining 1.34 s)
27900000 of 30000000 tuples (93%) done (elapsed 17.05 s, remaining 1.28 s)
28000000 of 30000000 tuples (93%) done (elapsed 17.11 s, remaining 1.22 s)
28100000 of 30000000 tuples (93%) done (elapsed 17.17 s, remaining 1.16 s)
28200000 of 30000000 tuples (94%) done (elapsed 17.24 s, remaining 1.10 s)
28300000 of 30000000 tuples (94%) done (elapsed 17.30 s, remaining 1.04 s)
28400000 of 30000000 tuples (94%) done (elapsed 17.36 s, remaining 0.98 s)
28500000 of 30000000 tuples (95%) done (elapsed 17.42 s, remaining 0.92 s)
28600000 of 30000000 tuples (95%) done (elapsed 17.49 s, remaining 0.86 s)
28700000 of 30000000 tuples (95%) done (elapsed 17.56 s, remaining 0.80 s)
28800000 of 30000000 tuples (96%) done (elapsed 17.62 s, remaining 0.73 s)
28900000 of 30000000 tuples (96%) done (elapsed 17.68 s, remaining 0.67 s)
29000000 of 30000000 tuples (96%) done (elapsed 17.74 s, remaining 0.61 s)
29100000 of 30000000 tuples (97%) done (elapsed 17.80 s, remaining 0.55 s)
29200000 of 30000000 tuples (97%) done (elapsed 17.86 s, remaining 0.49 s)
29300000 of 30000000 tuples (97%) done (elapsed 17.92 s, remaining 0.43 s)
29400000 of 30000000 tuples (98%) done (elapsed 17.99 s, remaining 0.37 s)
29500000 of 30000000 tuples (98%) done (elapsed 18.05 s, remaining 0.31 s)
29600000 of 30000000 tuples (98%) done (elapsed 18.11 s, remaining 0.24 s)
29700000 of 30000000 tuples (99%) done (elapsed 18.17 s, remaining 0.18 s)
29800000 of 30000000 tuples (99%) done (elapsed 18.23 s, remaining 0.12 s)
29900000 of 30000000 tuples (99%) done (elapsed 18.29 s, remaining 0.06 s)
30000000 of 30000000 tuples (100%) done (elapsed 18.36 s, remaining 0.00 s)
vacuum...
set primary keys...
done.
starting vacuum...end.
transaction type: <builtin: TPC-B (sort of)>
scaling factor: 300
query mode: simple
number of clients: 32
number of threads: 4
duration: 60 s
number of transactions actually processed: 12545
latency average: 153.049 ms
tps = 206.506925 (including connections establishing)
tps = 206.513866 (excluding connections establishing)
script statistics:
 - statement latencies in milliseconds:
         0.002  \set aid random(1, 100000 * :scale)
         0.001  \set bid random(1, 1 * :scale)
         0.001  \set tid random(1, 10 * :scale)
         0.000  \set delta random(-5000, 5000)
         0.339  BEGIN;
         0.648  UPDATE pgbench_accounts SET abalance = abalance + :delta WHERE aid = :aid;
         0.362  SELECT abalance FROM pgbench_accounts WHERE aid = :aid;
         0.978  UPDATE pgbench_tellers SET tbalance = tbalance + :delta WHERE tid = :tid;
         7.166  UPDATE pgbench_branches SET bbalance = bbalance + :delta WHERE bid = :bid;
         0.226  INSERT INTO pgbench_history (tid, bid, aid, delta, mtime) VALUES (:tid, :bid, :aid, :delta, CURRENT_TIMESTAMP);
       144.027  END;
starting vacuum...end.
transaction type: <builtin: TPC-B (sort of)>
scaling factor: 300
query mode: simple
number of clients: 32
number of threads: 4
duration: 60 s
number of transactions actually processed: 7931
latency average: 242.088 ms
tps = 131.869552 (including connections establishing)
tps = 131.873893 (excluding connections establishing)
script statistics:
 - statement latencies in milliseconds:
         0.002  \set aid random(1, 100000 * :scale)
         0.001  \set bid random(1, 1 * :scale)
         0.001  \set tid random(1, 10 * :scale)
         0.001  \set delta random(-5000, 5000)
         0.160  BEGIN;
        99.026  UPDATE pgbench_accounts SET abalance = abalance + :delta WHERE aid = :aid;
         0.160  SELECT abalance FROM pgbench_accounts WHERE aid = :aid;
         0.674  UPDATE pgbench_tellers SET tbalance = tbalance + :delta WHERE tid = :tid;
         5.266  UPDATE pgbench_branches SET bbalance = bbalance + :delta WHERE bid = :bid;
         0.170  INSERT INTO pgbench_history (tid, bid, aid, delta, mtime) VALUES (:tid, :bid, :aid, :delta, CURRENT_TIMESTAMP);
       137.343  END;
starting vacuum...end.
transaction type: <builtin: TPC-B (sort of)>
scaling factor: 300
query mode: simple
number of clients: 32
number of threads: 4
duration: 900 s
number of transactions actually processed: 69657
latency average: 413.454 ms
tps = 77.359324 (including connections establishing)
tps = 77.359499 (excluding connections establishing)
script statistics:
 - statement latencies in milliseconds:
         0.002  \set aid random(1, 100000 * :scale)
         0.001  \set bid random(1, 1 * :scale)
         0.001  \set tid random(1, 10 * :scale)
         0.001  \set delta random(-5000, 5000)
         0.168  BEGIN;
       121.404  UPDATE pgbench_accounts SET abalance = abalance + :delta WHERE aid = :aid;
         0.161  SELECT abalance FROM pgbench_accounts WHERE aid = :aid;
         1.574  UPDATE pgbench_tellers SET tbalance = tbalance + :delta WHERE tid = :tid;
        11.805  UPDATE pgbench_branches SET bbalance = bbalance + :delta WHERE bid = :bid;
         0.184  INSERT INTO pgbench_history (tid, bid, aid, delta, mtime) VALUES (:tid, :bid, :aid, :delta, CURRENT_TIMESTAMP);
       279.015  END;
========================================================================
Testing 2013-04-01-REL9_3_0~390
Start Time: 2016-07-31 10:47:27+00:00
Linux 3.16.0-4-amd64 (Debian-83-jessie-64-minimal) 	31.07.16 	_x86_64_	(8 CPU)

starting vacuum...end.
transaction type: <builtin: TPC-B (sort of)>
scaling factor: 300
query mode: simple
number of clients: 32
number of threads: 4
duration: 900 s
number of transactions actually processed: 88120
latency average: 326.827 ms
tps = 97.839924 (including connections establishing)
tps = 97.840157 (excluding connections establishing)
script statistics:
 - statement latencies in milliseconds:
         0.002  \set aid random(1, 100000 * :scale)
         0.001  \set bid random(1, 1 * :scale)
         0.001  \set tid random(1, 10 * :scale)
         0.001  \set delta random(-5000, 5000)
         0.208  BEGIN;
        48.185  UPDATE pgbench_accounts SET abalance = abalance + :delta WHERE aid = :aid;
         0.171  SELECT abalance FROM pgbench_accounts WHERE aid = :aid;
         1.657  UPDATE pgbench_tellers SET tbalance = tbalance + :delta WHERE tid = :tid;
        12.614  UPDATE pgbench_branches SET bbalance = bbalance + :delta WHERE bid = :bid;
         0.238  INSERT INTO pgbench_history (tid, bid, aid, delta, mtime) VALUES (:tid, :bid, :aid, :delta, CURRENT_TIMESTAMP);
       264.384  END;
avg-cpu:  %user   %nice %system %iowait  %steal   %idle
           1,02    0,00    0,36   36,80    0,00   61,82

Device:         rrqm/s   wrqm/s     r/s     w/s    rkB/s    wkB/s avgrq-sz avgqu-sz   await r_await w_await  svctm  %util
sdb               0,00     1,83   25,33  157,84   259,38  2616,36    31,40    84,13  458,76   84,63  518,79   4,55  83,43
sda               0,00     1,82   43,30  158,00   437,16  2617,63    30,35    74,11  368,07   65,86  450,89   4,27  86,04
md0               0,00     0,00    0,08    0,00     0,32     0,00     8,00     0,00    0,00    0,00    0,00   0,00   0,00
md1               0,00     0,00    0,00    0,00     0,00     0,00     0,00     0,00    0,00    0,00    0,00   0,00   0,00
md2               0,00     0,00   68,55  159,29   696,21  2617,32    29,09     0,00    0,00    0,00    0,00   0,00   0,00
md3               0,00     0,00    0,00    0,01     0,00     0,04     8,00     0,00    0,00    0,00    0,00   0,00   0,00

End Time: 2016-07-31 11:02:57+00:00
========================================================================
========================================================================
Testing 2013-04-01-REL9_3_0~390
Start Time: 2016-08-07 04:46:49+00:00
Shared Buffers:  260000
Linux 3.16.0-4-amd64 (Debian-83-jessie-64-minimal) 	07.08.16 	_x86_64_	(8 CPU)

starting vacuum...end.
transaction type: <builtin: TPC-B (sort of)>
scaling factor: 300
query mode: simple
number of clients: 32
number of threads: 4
duration: 900 s
number of transactions actually processed: 194757
latency average: 147.877 ms
tps = 216.277877 (including connections establishing)
tps = 216.278444 (excluding connections establishing)
script statistics:
 - statement latencies in milliseconds:
         0.002  \set aid random(1, 100000 * :scale)
         0.001  \set bid random(1, 1 * :scale)
         0.001  \set tid random(1, 10 * :scale)
         0.001  \set delta random(-5000, 5000)
         0.210  BEGIN;
         9.472  UPDATE pgbench_accounts SET abalance = abalance + :delta WHERE aid = :aid;
         0.245  SELECT abalance FROM pgbench_accounts WHERE aid = :aid;
         0.941  UPDATE pgbench_tellers SET tbalance = tbalance + :delta WHERE tid = :tid;
         6.815  UPDATE pgbench_branches SET bbalance = bbalance + :delta WHERE bid = :bid;
         0.168  INSERT INTO pgbench_history (tid, bid, aid, delta, mtime) VALUES (:tid, :bid, :aid, :delta, CURRENT_TIMESTAMP);
       130.595  END;
avg-cpu:  %user   %nice %system %iowait  %steal   %idle
           2,16    0,00    0,67   20,18    0,00   76,99

Device:         rrqm/s   wrqm/s     r/s     w/s    rkB/s    wkB/s avgrq-sz avgqu-sz   await r_await w_await  svctm  %util
sdb               0,00     2,11   17,15  251,72   203,37  5123,51    39,62    58,31  216,80   42,10  228,71   2,67  71,88
sda               0,06     2,10   56,45  251,84   682,54  5124,49    37,67    55,58  180,22   37,07  212,31   2,90  89,47
md0               0,00     0,00    0,19    0,10     0,78     0,38     8,00     0,00    0,00    0,00    0,00   0,00   0,00
md1               0,00     0,00    0,00    0,00     0,00     0,00     0,00     0,00    0,00    0,00    0,00   0,00   0,00
md2               0,00     0,00   73,47  253,11   885,13  5122,60    36,79     0,00    0,00    0,00    0,00   0,00   0,00
md3               0,00     0,00    0,00    0,01     0,00     0,04     8,00     0,00    0,00    0,00    0,00   0,00   0,00

Control File Changes
--- /usr/local/oldpgsql/2013-04-01-REL9_3_0~390/before.controldata	2016-08-07 06:46:49.000914040 +0200
+++ /usr/local/oldpgsql/2013-04-01-REL9_3_0~390/after.controldata	2016-08-07 07:03:47.074591267 +0200
@@ -2,16 +2,16 @@
 Catalog version number:               201303291
 Database system identifier:           6255530670200380552
 Database cluster state:               in production
-pg_control last modified:             нд, 07-сер-2016 06:46:48 +0200
-Latest checkpoint location:           1/13EF7180
-Prior checkpoint location:            1/13EF7118
-Latest checkpoint's REDO location:    1/13EF7180
-Latest checkpoint's REDO WAL file:    000000010000000100000013
+pg_control last modified:             нд, 07-сер-2016 07:03:46 +0200
+Latest checkpoint location:           1/A14FD580
+Prior checkpoint location:            1/A14FD518
+Latest checkpoint's REDO location:    1/A14FD580
+Latest checkpoint's REDO WAL file:    0000000100000001000000A1
 Latest checkpoint's TimeLineID:       1
 Latest checkpoint's PrevTimeLineID:   1
 Latest checkpoint's full_page_writes: on
-Latest checkpoint's NextXID:          0/206118
-Latest checkpoint's NextOID:          16463
+Latest checkpoint's NextXID:          0/400920
+Latest checkpoint's NextOID:          24655
 Latest checkpoint's NextMultiXactId:  1
 Latest checkpoint's NextMultiOffset:  0
 Latest checkpoint's oldestXID:        699
@@ -19,7 +19,7 @@
 Latest checkpoint's oldestActiveXID:  0
 Latest checkpoint's oldestMultiXid:   1
 Latest checkpoint's oldestMulti's DB: 1
-Time of latest checkpoint:            нд, 07-сер-2016 06:46:42 +0200
+Time of latest checkpoint:            нд, 07-сер-2016 07:03:04 +0200
 Fake LSN counter for unlogged rels:   0/1
 Minimum recovery ending location:     0/0
 Min recovery ending loc's timeline:   0
End Time: 2016-08-07 05:03:47+00:00
========================================================================
========================================================================
Testing 2013-04-01-REL9_3_0~390
Start Time: 2016-08-09 03:52:14+00:00
Shared Buffers:  260000
size before pgbench of pgbench_branches_pkey: 32
size before pgbench of pgbench_tellers_pkey: 152
size before pgbench of pgbench_tellers: 8
size before pgbench of pgbench_branches: 8
size before pgbench of pgbench_accounts: 64
size before pgbench of pgbench_accounts_pkey: 658092
size before pgbench of pgbench_history: 24
total size before pgbench: 658380
Linux 3.16.0-4-amd64 (Debian-83-jessie-64-minimal) 	09.08.16 	_x86_64_	(8 CPU)

starting vacuum...end.
transaction type: <builtin: select only>
scaling factor: 300
query mode: simple
number of clients: 32
number of threads: 4
duration: 60 s
number of transactions actually processed: 4126169
latency average: 0.465 ms
tps = 68747.224128 (including connections establishing)
tps = 68749.453896 (excluding connections establishing)
script statistics:
 - statement latencies in milliseconds:
         0.001  \set aid random(1, 100000 * :scale)
         0.467  SELECT abalance FROM pgbench_accounts WHERE aid = :aid;
avg-cpu:  %user   %nice %system %iowait  %steal   %idle
          39,26    0,00    8,06   15,18    0,00   37,50

Device:         rrqm/s   wrqm/s     r/s     w/s    rkB/s    wkB/s avgrq-sz avgqu-sz   await r_await w_await  svctm  %util
sdb               0,03     1,43  109,13    2,88  1191,29    15,17    21,54     8,49   75,76   72,95  182,56   2,81  31,48
sda               0,00     1,43  108,03    2,88  1173,96    15,17    21,44     7,99   72,07   71,80   81,95   2,93  32,51
md0               0,00     0,00    0,12    0,00     0,49     0,00     8,00     0,00    0,00    0,00    0,00   0,00   0,00
md1               0,00     0,00    0,00    0,00     0,00     0,00     0,00     0,00    0,00    0,00    0,00   0,00   0,00
md2               0,00     0,00  217,17    2,68  2364,76    11,56    21,62     0,00    0,00    0,00    0,00   0,00   0,00
md3               0,00     0,00    0,00    0,10     0,00     0,40     8,00     0,00    0,00    0,00    0,00   0,00   0,00

Control File Changes
--- /usr/local/oldpgsql/2013-04-01-REL9_3_0~390/before.controldata	2016-08-09 05:55:08.912005731 +0200
+++ /usr/local/oldpgsql/2013-04-01-REL9_3_0~390/after.controldata	2016-08-09 05:56:39.384261748 +0200
@@ -5,4 +5,4 @@
-pg_control last modified:             Tue Aug  9 03:55:08 2016
-Latest checkpoint location:           1/EECF66B0
-Prior checkpoint location:            1/EECF6648
-Latest checkpoint's REDO location:    1/EECF66B0
+pg_control last modified:             Tue Aug  9 03:56:39 2016
+Latest checkpoint location:           1/EECF84A0
+Prior checkpoint location:            1/EECF66B0
+Latest checkpoint's REDO location:    1/EECF84A0
@@ -13,2 +13,2 @@
-Latest checkpoint's NextXID:          0/400920
-Latest checkpoint's NextOID:          16464
+Latest checkpoint's NextXID:          0/400921
+Latest checkpoint's NextOID:          24656
@@ -22 +22 @@
-Time of latest checkpoint:            Tue Aug  9 03:55:07 2016
+Time of latest checkpoint:            Tue Aug  9 03:56:38 2016
size after pgbench of pgbench_branches_pkey: 32
size after pgbench of pgbench_tellers_pkey: 152
size after pgbench of pgbench_tellers: 8
size after pgbench of pgbench_branches: 8
size after pgbench of pgbench_accounts: 64
size after pgbench of pgbench_accounts_pkey: 658092
size after pgbench of pgbench_history: 0
total size after pgbench: 658356
End Time: 2016-08-09 03:56:39+00:00
========================================================================
========================================================================
Testing 2013-04-01-REL9_3_0~390
Start Time: 2016-08-09 16:37:35+00:00
Shared Buffers:  260000
size before pgbench of pgbench_branches_pkey: 32
size before pgbench of pgbench_tellers_pkey: 152
size before pgbench of pgbench_tellers: 8
size before pgbench of pgbench_branches: 8
size before pgbench of pgbench_accounts: 64
size before pgbench of pgbench_accounts_pkey: 658092
size before pgbench of pgbench_history: 0
total size before pgbench: 658356
Linux 3.16.0-4-amd64 (Debian-83-jessie-64-minimal) 	09.08.16 	_x86_64_	(8 CPU)

starting vacuum...end.
transaction type: <builtin: select only>
scaling factor: 300
query mode: simple
number of clients: 32
number of threads: 4
duration: 60 s
number of transactions actually processed: 4262006
latency average: 0.450 ms
tps = 71006.006080 (including connections establishing)
tps = 71008.515336 (excluding connections establishing)
script statistics:
 - statement latencies in milliseconds:
         0.001  \set aid random(1, 100000 * :scale)
         0.453  SELECT abalance FROM pgbench_accounts WHERE aid = :aid;
avg-cpu:  %user   %nice %system %iowait  %steal   %idle
          40,51    0,00    8,27   15,65    0,00   35,57

Device:         rrqm/s   wrqm/s     r/s     w/s    rkB/s    wkB/s avgrq-sz avgqu-sz   await r_await w_await  svctm  %util
sdb               0,01     0,98  103,69    2,57  1143,96    12,33    21,76    10,49   98,70   77,94  937,28   2,65  28,17
sda               0,60     0,94  101,03    2,60  1109,02    12,33    21,64     8,29   80,03   71,58  408,63   2,82  29,23
md0               0,00     0,00    0,89    0,02     3,56     0,09     8,00     0,00    0,00    0,00    0,00   0,00   0,00
md1               0,00     0,00    0,00    0,00     0,00     0,00     0,00     0,00    0,00    0,00    0,00   0,00   0,00
md2               0,00     0,00  204,49    2,02  2249,42     8,93    21,87     0,00    0,00    0,00    0,00   0,00   0,00
md3               0,00     0,00    0,00    0,10     0,00     0,40     8,00     0,00    0,00    0,00    0,00   0,00   0,00

Control File Changes
--- /usr/local/oldpgsql/2013-04-01-REL9_3_0~390/before.controldata	2016-08-09 18:38:50.615302797 +0200
+++ /usr/local/oldpgsql/2013-04-01-REL9_3_0~390/after.controldata	2016-08-09 18:40:21.055568360 +0200
@@ -5,4 +5,4 @@
-pg_control last modified:             Tue Aug  9 16:38:50 2016
-Latest checkpoint location:           1/EECF8570
-Prior checkpoint location:            1/EECF8508
-Latest checkpoint's REDO location:    1/EECF8570
+pg_control last modified:             Tue Aug  9 16:40:20 2016
+Latest checkpoint location:           1/EECFA458
+Prior checkpoint location:            1/EECF8570
+Latest checkpoint's REDO location:    1/EECFA458
@@ -13,2 +13,2 @@
-Latest checkpoint's NextXID:          0/400921
-Latest checkpoint's NextOID:          16465
+Latest checkpoint's NextXID:          0/400922
+Latest checkpoint's NextOID:          24657
@@ -22 +22 @@
-Time of latest checkpoint:            Tue Aug  9 16:38:50 2016
+Time of latest checkpoint:            Tue Aug  9 16:40:20 2016
size after pgbench of pgbench_branches_pkey: 32
size after pgbench of pgbench_tellers_pkey: 152
size after pgbench of pgbench_tellers: 8
size after pgbench of pgbench_branches: 8
size after pgbench of pgbench_accounts: 64
size after pgbench of pgbench_accounts_pkey: 658092
size after pgbench of pgbench_history: 0
total size after pgbench: 658356
End Time: 2016-08-09 16:40:21+00:00
========================================================================
========================================================================
Testing 2013-04-01-REL9_3_0~390
Start Time: 2016-08-10 07:53:05+00:00
Shared Buffers:  260000
size before pgbench of pgbench_branches_pkey: 32
size before pgbench of pgbench_tellers_pkey: 152
size before pgbench of pgbench_tellers: 8
size before pgbench of pgbench_branches: 8
size before pgbench of pgbench_accounts: 64
size before pgbench of pgbench_accounts_pkey: 658092
size before pgbench of pgbench_history: 0
total size before pgbench: 658356
Linux 3.16.0-4-amd64 (Debian-83-jessie-64-minimal) 	10.08.16 	_x86_64_	(8 CPU)

starting vacuum...end.
transaction type: <builtin: select only>
scaling factor: 300
query mode: simple
number of clients: 32
number of threads: 4
duration: 60 s
number of transactions actually processed: 4248577
latency average: 0.452 ms
tps = 70780.869017 (including connections establishing)
tps = 70783.292176 (excluding connections establishing)
script statistics:
 - statement latencies in milliseconds:
         0.001  \set aid random(1, 100000 * :scale)
         0.454  SELECT abalance FROM pgbench_accounts WHERE aid = :aid;
avg-cpu:  %user   %nice %system %iowait  %steal   %idle
          40,51    0,00    8,29   15,12    0,00   36,07

Device:         rrqm/s   wrqm/s     r/s     w/s    rkB/s    wkB/s avgrq-sz avgqu-sz   await r_await w_await  svctm  %util
sdb               0,42     1,19  103,53    2,43  1123,24    12,52    21,44     7,74   72,99   72,23  105,48   2,67  28,33
sda               1,16     1,19  104,61    2,43  1138,53    12,52    21,51     7,51   70,15   68,31  149,32   2,77  29,63
md0               0,00     0,00    2,96    0,00    11,82     0,00     8,00     0,00    0,00    0,00    0,00   0,00   0,00
md1               0,00     0,00    0,00    0,00     0,00     0,00     0,00     0,00    0,00    0,00    0,00   0,00   0,00
md2               0,00     0,00  206,79    2,10  2249,96     9,16    21,63     0,00    0,00    0,00    0,00   0,00   0,00
md3               0,00     0,00    0,00    0,11     0,00     0,44     8,00     0,00    0,00    0,00    0,00   0,00   0,00

Control File Changes
--- /usr/local/oldpgsql/2013-04-01-REL9_3_0~390/before.controldata	2016-08-10 09:54:19.756820119 +0200
+++ /usr/local/oldpgsql/2013-04-01-REL9_3_0~390/after.controldata	2016-08-10 09:55:49.993009036 +0200
@@ -5,4 +5,4 @@
-pg_control last modified:             Wed Aug 10 07:54:19 2016
-Latest checkpoint location:           1/EECFA528
-Prior checkpoint location:            1/EECFA4C0
-Latest checkpoint's REDO location:    1/EECFA528
+pg_control last modified:             Wed Aug 10 07:55:49 2016
+Latest checkpoint location:           1/EECFBF88
+Prior checkpoint location:            1/EECFA528
+Latest checkpoint's REDO location:    1/EECFBF88
@@ -13,2 +13,2 @@
-Latest checkpoint's NextXID:          0/400922
-Latest checkpoint's NextOID:          16466
+Latest checkpoint's NextXID:          0/400923
+Latest checkpoint's NextOID:          24658
@@ -22 +22 @@
-Time of latest checkpoint:            Wed Aug 10 07:54:19 2016
+Time of latest checkpoint:            Wed Aug 10 07:55:49 2016
size after pgbench of pgbench_branches_pkey: 32
size after pgbench of pgbench_tellers_pkey: 152
size after pgbench of pgbench_tellers: 8
size after pgbench of pgbench_branches: 8
size after pgbench of pgbench_accounts: 64
size after pgbench of pgbench_accounts_pkey: 658092
size after pgbench of pgbench_history: 0
total size after pgbench: 658356
End Time: 2016-08-10 07:55:50+00:00
========================================================================
========================================================================
Testing 2013-04-01-REL9_3_0~390
Start Time: 2016-08-11 04:08:13+00:00
Shared Buffers:  260000
size before pgbench of pgbench_branches_pkey: 32
size before pgbench of pgbench_tellers_pkey: 152
size before pgbench of pgbench_tellers: 8
size before pgbench of pgbench_branches: 8
size before pgbench of pgbench_accounts: 64
size before pgbench of pgbench_accounts_pkey: 658092
size before pgbench of pgbench_history: 0
total size before pgbench: 658356
Linux 3.16.0-4-amd64 (Debian-83-jessie-64-minimal) 	11.08.16 	_x86_64_	(8 CPU)

starting vacuum...end.
transaction type: <builtin: select only>
scaling factor: 300
query mode: simple
number of clients: 32
number of threads: 4
duration: 60 s
number of transactions actually processed: 4192802
latency average: 0.458 ms
tps = 69859.945106 (including connections establishing)
tps = 69862.288821 (excluding connections establishing)
script statistics:
 - statement latencies in milliseconds:
         0.001  \set aid random(1, 100000 * :scale)
         0.460  SELECT abalance FROM pgbench_accounts WHERE aid = :aid;
avg-cpu:  %user   %nice %system %iowait  %steal   %idle
          40,33    0,00    8,16   15,19    0,00   36,32

Device:         rrqm/s   wrqm/s     r/s     w/s    rkB/s    wkB/s avgrq-sz avgqu-sz   await r_await w_await  svctm  %util
sdb               0,00     0,87  100,70    2,24  1126,49    10,64    22,09     7,27   70,65   71,38   37,64   2,71  27,87
sda               0,00     0,87  103,50    2,24  1122,98    10,64    21,44     8,46   79,97   79,57   98,69   2,78  29,45
md0               0,00     0,00    0,01    0,00     0,04     0,00     8,00     0,00    0,00    0,00    0,00   0,00   0,00
md1               0,00     0,00    0,00    0,00     0,00     0,00     0,00     0,00    0,00    0,00    0,00   0,00   0,00
md2               0,00     0,00  204,21    1,66  2249,42     7,38    21,92     0,00    0,00    0,00    0,00   0,00   0,00
md3               0,00     0,00    0,00    0,10     0,00     0,40     8,00     0,00    0,00    0,00    0,00   0,00   0,00

Control File Changes
--- /usr/local/oldpgsql/2013-04-01-REL9_3_0~390/before.controldata	2016-08-11 06:09:26.370416351 +0200
+++ /usr/local/oldpgsql/2013-04-01-REL9_3_0~390/after.controldata	2016-08-11 06:10:56.714966343 +0200
@@ -5,4 +5,4 @@
-pg_control last modified:             Thu Aug 11 04:09:26 2016
-Latest checkpoint location:           1/EECFC070
-Prior checkpoint location:            1/EECFBFF0
-Latest checkpoint's REDO location:    1/EECFC070
+pg_control last modified:             Thu Aug 11 04:10:56 2016
+Latest checkpoint location:           1/EECFDB78
+Prior checkpoint location:            1/EECFC070
+Latest checkpoint's REDO location:    1/EECFDB78
@@ -13,2 +13,2 @@
-Latest checkpoint's NextXID:          0/400923
-Latest checkpoint's NextOID:          16467
+Latest checkpoint's NextXID:          0/400924
+Latest checkpoint's NextOID:          24659
@@ -22 +22 @@
-Time of latest checkpoint:            Thu Aug 11 04:09:26 2016
+Time of latest checkpoint:            Thu Aug 11 04:10:56 2016
size after pgbench of pgbench_branches_pkey: 32
size after pgbench of pgbench_tellers_pkey: 152
size after pgbench of pgbench_tellers: 8
size after pgbench of pgbench_branches: 8
size after pgbench of pgbench_accounts: 64
size after pgbench of pgbench_accounts_pkey: 658092
size after pgbench of pgbench_history: 0
total size after pgbench: 658356
End Time: 2016-08-11 04:10:56+00:00
========================================================================
========================================================================
Testing 2013-04-01-REL9_3_0~390
Start Time: 2016-08-11 19:54:29+00:00
Shared Buffers:  260000
size before pgbench of pgbench_branches_pkey: 32
size before pgbench of pgbench_tellers_pkey: 152
size before pgbench of pgbench_tellers: 8
size before pgbench of pgbench_branches: 8
size before pgbench of pgbench_accounts: 64
size before pgbench of pgbench_accounts_pkey: 658092
size before pgbench of pgbench_history: 0
total size before pgbench: 658356
Linux 3.16.0-4-amd64 (Debian-83-jessie-64-minimal) 	11.08.16 	_x86_64_	(8 CPU)

starting vacuum...end.
transaction type: <builtin: select only>
scaling factor: 300
query mode: simple
number of clients: 32
number of threads: 4
duration: 60 s
number of transactions actually processed: 4270350
latency average: 0.450 ms
tps = 71155.470124 (including connections establishing)
tps = 71158.045392 (excluding connections establishing)
script statistics:
 - statement latencies in milliseconds:
         0.001  \set aid random(1, 100000 * :scale)
         0.451  SELECT abalance FROM pgbench_accounts WHERE aid = :aid;
avg-cpu:  %user   %nice %system %iowait  %steal   %idle
          41,04    0,00    8,32   14,58    0,00   36,07

Device:         rrqm/s   wrqm/s     r/s     w/s    rkB/s    wkB/s avgrq-sz avgqu-sz   await r_await w_await  svctm  %util
sdb               0,00     1,06  101,37    2,52  1112,09    12,23    21,64     8,97   86,35   82,06  258,91   2,70  28,08
sda               0,00     1,06  102,87    2,52  1137,38    12,23    21,82     6,29   59,64   60,51   24,23   2,74  28,84
md0               0,00     0,00    0,01    0,00     0,04     0,00     8,00     0,00    0,00    0,00    0,00   0,00   0,00
md1               0,00     0,00    0,00    0,00     0,00     0,00     0,00     0,00    0,00    0,00    0,00   0,00   0,00
md2               0,00     0,00  204,26    1,97  2249,42     8,71    21,90     0,00    0,00    0,00    0,00   0,00   0,00
md3               0,00     0,00    0,00    0,10     0,00     0,40     8,00     0,00    0,00    0,00    0,00   0,00   0,00

Control File Changes
--- /usr/local/oldpgsql/2013-04-01-REL9_3_0~390/before.controldata	2016-08-11 21:55:43.071395633 +0200
+++ /usr/local/oldpgsql/2013-04-01-REL9_3_0~390/after.controldata	2016-08-11 21:57:13.411624986 +0200
@@ -5,4 +5,4 @@
-pg_control last modified:             Thu Aug 11 19:55:42 2016
-Latest checkpoint location:           1/EECFDC48
-Prior checkpoint location:            1/EECFDBE0
-Latest checkpoint's REDO location:    1/EECFDC48
+pg_control last modified:             Thu Aug 11 19:57:13 2016
+Latest checkpoint location:           1/EECFF810
+Prior checkpoint location:            1/EECFDC48
+Latest checkpoint's REDO location:    1/EECFF810
@@ -13,2 +13,2 @@
-Latest checkpoint's NextXID:          0/400924
-Latest checkpoint's NextOID:          16468
+Latest checkpoint's NextXID:          0/400925
+Latest checkpoint's NextOID:          24660
@@ -22 +22 @@
-Time of latest checkpoint:            Thu Aug 11 19:55:42 2016
+Time of latest checkpoint:            Thu Aug 11 19:57:13 2016
size after pgbench of pgbench_branches_pkey: 32
size after pgbench of pgbench_tellers_pkey: 152
size after pgbench of pgbench_tellers: 8
size after pgbench of pgbench_branches: 8
size after pgbench of pgbench_accounts: 64
size after pgbench of pgbench_accounts_pkey: 658092
size after pgbench of pgbench_history: 0
total size after pgbench: 658356
End Time: 2016-08-11 19:57:13+00:00
========================================================================
========================================================================
Testing 2013-04-01-REL9_3_0~390
Start Time: 2016-08-12 20:25:33+00:00
Shared Buffers:  260000
size before pgbench of pgbench_branches_pkey: 32
size before pgbench of pgbench_tellers_pkey: 152
size before pgbench of pgbench_tellers: 8
size before pgbench of pgbench_branches: 8
size before pgbench of pgbench_accounts: 64
size before pgbench of pgbench_accounts_pkey: 658092
size before pgbench of pgbench_history: 0
total size before pgbench: 658356
+ /usr/local/pgsql/bin/pgbench -T 60 -S -c 64 -j 4 -r
Linux 3.16.0-4-amd64 (Debian-83-jessie-64-minimal) 	12.08.16 	_x86_64_	(8 CPU)

starting vacuum...end.
transaction type: <builtin: select only>
scaling factor: 300
query mode: simple
number of clients: 64
number of threads: 4
duration: 60 s
number of transactions actually processed: 3914591
latency average: 0.981 ms
tps = 65177.895721 (including connections establishing)
tps = 65180.408269 (excluding connections establishing)
script statistics:
 - statement latencies in milliseconds:
         0.001  \set aid random(1, 100000 * :scale)
         0.984  SELECT abalance FROM pgbench_accounts WHERE aid = :aid;
avg-cpu:  %user   %nice %system %iowait  %steal   %idle
          39,70    0,00    8,80   15,73    0,00   35,77

Device:         rrqm/s   wrqm/s     r/s     w/s    rkB/s    wkB/s avgrq-sz avgqu-sz   await r_await w_await  svctm  %util
sdb               0,00     1,17  102,82    2,28  1116,13    12,24    21,47    14,79  140,72  137,14  302,05   2,70  28,38
sda               0,40     1,17  105,82    2,28  1138,04    12,24    21,28    15,02  138,90  139,67  103,30   2,80  30,26
md0               0,00     0,00    0,64    0,00     2,58     0,00     8,00     0,00    0,00    0,00    0,00   0,00   0,00
md1               0,00     0,00    0,00    0,00     0,00     0,00     0,00     0,00    0,00    0,00    0,00   0,00   0,00
md2               0,00     0,00  208,56    1,98  2251,60     8,76    21,47     0,00    0,00    0,00    0,00   0,00   0,00
md3               0,00     0,00    0,00    0,20     0,00     0,80     8,00     0,00    0,00    0,00    0,00   0,00   0,00

Control File Changes
--- /usr/local/oldpgsql/2013-04-01-REL9_3_0~390/before.controldata	2016-08-12 22:26:48.093141250 +0200
+++ /usr/local/oldpgsql/2013-04-01-REL9_3_0~390/after.controldata	2016-08-12 22:28:18.365320104 +0200
@@ -5,4 +5,4 @@
-pg_control last modified:             Fri Aug 12 20:26:47 2016
-Latest checkpoint location:           1/EECFF8E0
-Prior checkpoint location:            1/EECFF878
-Latest checkpoint's REDO location:    1/EECFF8E0
+pg_control last modified:             Fri Aug 12 20:28:18 2016
+Latest checkpoint location:           1/EED01550
+Prior checkpoint location:            1/EECFF8E0
+Latest checkpoint's REDO location:    1/EED01550
@@ -13,2 +13,2 @@
-Latest checkpoint's NextXID:          0/400925
-Latest checkpoint's NextOID:          16469
+Latest checkpoint's NextXID:          0/400926
+Latest checkpoint's NextOID:          24661
@@ -22 +22 @@
-Time of latest checkpoint:            Fri Aug 12 20:26:47 2016
+Time of latest checkpoint:            Fri Aug 12 20:28:18 2016
size after pgbench of pgbench_branches_pkey: 32
size after pgbench of pgbench_tellers_pkey: 152
size after pgbench of pgbench_tellers: 8
size after pgbench of pgbench_branches: 8
size after pgbench of pgbench_accounts: 64
size after pgbench of pgbench_accounts_pkey: 658092
size after pgbench of pgbench_history: 0
total size after pgbench: 658356
End Time: 2016-08-12 20:28:18+00:00
========================================================================
========================================================================
Testing 2013-04-01-REL9_3_0~390
Start Time: 2016-08-13 04:01:14+00:00
Shared Buffers:  260000
size before pgbench of pgbench_branches_pkey: 32
size before pgbench of pgbench_tellers_pkey: 152
size before pgbench of pgbench_tellers: 8
size before pgbench of pgbench_branches: 8
size before pgbench of pgbench_accounts: 64
size before pgbench of pgbench_accounts_pkey: 658092
size before pgbench of pgbench_history: 0
total size before pgbench: 658356
Linux 3.16.0-4-amd64 (Debian-83-jessie-64-minimal) 	13.08.16 	_x86_64_	(8 CPU)

starting vacuum...end.
transaction type: <builtin: select only>
scaling factor: 300
query mode: simple
number of clients: 48
number of threads: 4
duration: 60 s
number of transactions actually processed: 4248062
latency average: 0.678 ms
tps = 70757.728424 (including connections establishing)
tps = 70760.155511 (excluding connections establishing)
script statistics:
 - statement latencies in milliseconds:
         0.001  \set aid random(1, 100000 * :scale)
         0.683  SELECT abalance FROM pgbench_accounts WHERE aid = :aid;
avg-cpu:  %user   %nice %system %iowait  %steal   %idle
          40,81    0,00    8,38   13,59    0,00   37,22

Device:         rrqm/s   wrqm/s     r/s     w/s    rkB/s    wkB/s avgrq-sz avgqu-sz   await r_await w_await  svctm  %util
sdb               0,00     0,91  101,47    2,18  1116,53    10,73    21,75    11,58  111,72  112,05   96,47   2,66  27,57
sda               0,06     0,91  103,81    2,18  1133,24    10,73    21,59    11,56  109,08  102,24  435,53   2,71  28,68
md0               0,00     0,00    0,09    0,00     0,36     0,00     8,00     0,00    0,00    0,00    0,00   0,00   0,00
md1               0,00     0,00    0,00    0,00     0,00     0,00     0,00     0,00    0,00    0,00    0,00   0,00   0,00
md2               0,00     0,00  205,34    1,72  2249,42     7,73    21,80     0,00    0,00    0,00    0,00   0,00   0,00
md3               0,00     0,00    0,00    0,11     0,00     0,44     8,00     0,00    0,00    0,00    0,00   0,00   0,00

Control File Changes
--- /usr/local/oldpgsql/2013-04-01-REL9_3_0~390/before.controldata	2016-08-13 06:02:28.598820534 +0200
+++ /usr/local/oldpgsql/2013-04-01-REL9_3_0~390/after.controldata	2016-08-13 06:03:58.835029819 +0200
@@ -5,4 +5,4 @@
-pg_control last modified:             Sat Aug 13 04:02:28 2016
-Latest checkpoint location:           1/EED01620
-Prior checkpoint location:            1/EED015B8
-Latest checkpoint's REDO location:    1/EED01620
+pg_control last modified:             Sat Aug 13 04:03:58 2016
+Latest checkpoint location:           1/EED03338
+Prior checkpoint location:            1/EED01620
+Latest checkpoint's REDO location:    1/EED03338
@@ -13,2 +13,2 @@
-Latest checkpoint's NextXID:          0/400926
-Latest checkpoint's NextOID:          16470
+Latest checkpoint's NextXID:          0/400927
+Latest checkpoint's NextOID:          24662
@@ -22 +22 @@
-Time of latest checkpoint:            Sat Aug 13 04:02:28 2016
+Time of latest checkpoint:            Sat Aug 13 04:03:58 2016
size after pgbench of pgbench_branches_pkey: 32
size after pgbench of pgbench_tellers_pkey: 152
size after pgbench of pgbench_tellers: 8
size after pgbench of pgbench_branches: 8
size after pgbench of pgbench_accounts: 64
size after pgbench of pgbench_accounts_pkey: 658092
size after pgbench of pgbench_history: 0
total size after pgbench: 658356
End Time: 2016-08-13 04:03:58+00:00
========================================================================
========================================================================
Testing 2013-04-01-REL9_3_0~390
Start Time: 2016-08-13 09:41:06+00:00
Shared Buffers:  260000
size before pgbench of pgbench_branches_pkey: 32
size before pgbench of pgbench_tellers_pkey: 152
size before pgbench of pgbench_tellers: 8
size before pgbench of pgbench_branches: 8
size before pgbench of pgbench_accounts: 64
size before pgbench of pgbench_accounts_pkey: 658092
size before pgbench of pgbench_history: 0
total size before pgbench: 658356
Linux 3.16.0-4-amd64 (Debian-83-jessie-64-minimal) 	13.08.16 	_x86_64_	(8 CPU)

starting vacuum...end.
transaction type: <builtin: select only>
scaling factor: 300
query mode: simple
number of clients: 48
number of threads: 4
duration: 60 s
number of transactions actually processed: 4182640
latency average: 0.689 ms
tps = 69690.904649 (including connections establishing)
tps = 69693.317193 (excluding connections establishing)
script statistics:
 - statement latencies in milliseconds:
         0.001  \set aid random(1, 100000 * :scale)
         0.692  SELECT abalance FROM pgbench_accounts WHERE aid = :aid;
avg-cpu:  %user   %nice %system %iowait  %steal   %idle
          39,88    0,00    8,44   14,80    0,00   36,88

Device:         rrqm/s   wrqm/s     r/s     w/s    rkB/s    wkB/s avgrq-sz avgqu-sz   await r_await w_await  svctm  %util
sdb               0,00     0,96   97,64    2,24  1071,11    11,10    21,67     8,30   83,11   82,66  102,73   2,85  28,44
sda               0,13     0,96  107,63    2,24  1179,02    11,10    21,66    15,57  141,66  138,49  293,62   2,70  29,62
md0               0,00     0,00    0,18    0,00     0,71     0,00     8,00     0,00    0,00    0,00    0,00   0,00   0,00
md1               0,00     0,00    0,00    0,00     0,00     0,00     0,00     0,00    0,00    0,00    0,00   0,00   0,00
md2               0,00     0,00  205,31    1,76  2249,42     7,87    21,80     0,00    0,00    0,00    0,00   0,00   0,00
md3               0,00     0,00    0,00    0,10     0,00     0,40     8,00     0,00    0,00    0,00    0,00   0,00   0,00

Control File Changes
--- /usr/local/oldpgsql/2013-04-01-REL9_3_0~390/before.controldata	2016-08-13 11:42:20.031466983 +0200
+++ /usr/local/oldpgsql/2013-04-01-REL9_3_0~390/after.controldata	2016-08-13 11:43:50.267678852 +0200
@@ -5,4 +5,4 @@
-pg_control last modified:             Sat Aug 13 09:42:19 2016
-Latest checkpoint location:           1/EED03408
-Prior checkpoint location:            1/EED033A0
-Latest checkpoint's REDO location:    1/EED03408
+pg_control last modified:             Sat Aug 13 09:43:50 2016
+Latest checkpoint location:           1/EED051C8
+Prior checkpoint location:            1/EED03408
+Latest checkpoint's REDO location:    1/EED051C8
@@ -13,2 +13,2 @@
-Latest checkpoint's NextXID:          0/400927
-Latest checkpoint's NextOID:          16471
+Latest checkpoint's NextXID:          0/400928
+Latest checkpoint's NextOID:          24663
@@ -22 +22 @@
-Time of latest checkpoint:            Sat Aug 13 09:42:19 2016
+Time of latest checkpoint:            Sat Aug 13 09:43:50 2016
size after pgbench of pgbench_branches_pkey: 32
size after pgbench of pgbench_tellers_pkey: 152
size after pgbench of pgbench_tellers: 8
size after pgbench of pgbench_branches: 8
size after pgbench of pgbench_accounts: 64
size after pgbench of pgbench_accounts_pkey: 658092
size after pgbench of pgbench_history: 0
total size after pgbench: 658356
End Time: 2016-08-13 09:43:50+00:00
========================================================================
========================================================================
Testing 2013-04-01-REL9_3_0~390
Start Time: 2016-08-15 01:27:55+00:00
Shared Buffers:  260000
size before pgbench of pgbench_branches_pkey: 32
size before pgbench of pgbench_tellers_pkey: 152
size before pgbench of pgbench_tellers: 8
size before pgbench of pgbench_branches: 8
size before pgbench of pgbench_accounts: 64
size before pgbench of pgbench_accounts_pkey: 658092
size before pgbench of pgbench_history: 0
total size before pgbench: 658356
Linux 3.16.0-4-amd64 (Debian-83-jessie-64-minimal) 	15.08.16 	_x86_64_	(8 CPU)

starting vacuum...end.
transaction type: <builtin: TPC-B (sort of)>
scaling factor: 300
query mode: simple
number of clients: 32
number of threads: 4
duration: 900 s
number of transactions actually processed: 271508
latency average: 106.074 ms
tps = 301.455932 (including connections establishing)
tps = 301.456758 (excluding connections establishing)
script statistics:
 - statement latencies in milliseconds:
         0.001  \set aid random(1, 100000 * :scale)
         0.001  \set bid random(1, 1 * :scale)
         0.001  \set tid random(1, 10 * :scale)
         0.001  \set delta random(-5000, 5000)
         0.258  BEGIN;
         1.388  UPDATE pgbench_accounts SET abalance = abalance + :delta WHERE aid = :aid;
         0.342  SELECT abalance FROM pgbench_accounts WHERE aid = :aid;
         0.934  UPDATE pgbench_tellers SET tbalance = tbalance + :delta WHERE tid = :tid;
         5.368  UPDATE pgbench_branches SET bbalance = bbalance + :delta WHERE bid = :bid;
         0.213  INSERT INTO pgbench_history (tid, bid, aid, delta, mtime) VALUES (:tid, :bid, :aid, :delta, CURRENT_TIMESTAMP);
        98.080  END;
avg-cpu:  %user   %nice %system %iowait  %steal   %idle
           2,86    0,00    0,80    9,75    0,00   86,59

Device:         rrqm/s   wrqm/s     r/s     w/s    rkB/s    wkB/s avgrq-sz avgqu-sz   await r_await w_await  svctm  %util
sdb               0,00     2,07    2,21  338,04    24,14  6199,17    36,58    57,65  169,31   41,34  170,14   2,16  73,53
sda               0,01     2,07   13,43  338,06   152,66  6199,35    36,14    65,84  187,23   31,39  193,42   2,48  87,11
md0               0,00     0,00    0,09    0,00     0,37     0,00     8,00     0,00    0,00    0,00    0,00   0,00   0,00
md1               0,00     0,00    0,00    0,00     0,00     0,00     0,00     0,00    0,00    0,00    0,00   0,00   0,00
md2               0,00     0,00   15,56  339,37   176,43  6198,36    35,92     0,00    0,00    0,00    0,00   0,00   0,00
md3               0,00     0,00    0,00    0,01     0,00     0,04     8,00     0,00    0,00    0,00    0,00   0,00   0,00

Control File Changes
--- /usr/local/oldpgsql/2013-04-01-REL9_3_0~390/before.controldata	2016-08-15 03:29:19.100502702 +0200
+++ /usr/local/oldpgsql/2013-04-01-REL9_3_0~390/after.controldata	2016-08-15 03:46:09.727991190 +0200
@@ -5,5 +5,5 @@
-pg_control last modified:             Mon Aug 15 01:29:18 2016
-Latest checkpoint location:           1/EED05298
-Prior checkpoint location:            1/EED05230
-Latest checkpoint's REDO location:    1/EED05298
-Latest checkpoint's REDO WAL file:    0000000100000001000000EE
+pg_control last modified:             Mon Aug 15 01:46:09 2016
+Latest checkpoint location:           2/9C9433A8
+Prior checkpoint location:            2/9C943340
+Latest checkpoint's REDO location:    2/9C9433A8
+Latest checkpoint's REDO WAL file:    00000001000000020000009C
@@ -13,2 +13,2 @@
-Latest checkpoint's NextXID:          0/400928
-Latest checkpoint's NextOID:          16472
+Latest checkpoint's NextXID:          0/672478
+Latest checkpoint's NextOID:          24664
@@ -22 +22 @@
-Time of latest checkpoint:            Mon Aug 15 01:29:18 2016
+Time of latest checkpoint:            Mon Aug 15 01:45:20 2016
size after pgbench of pgbench_branches_pkey: 32
size after pgbench of pgbench_tellers_pkey: 152
size after pgbench of pgbench_tellers: 8
size after pgbench of pgbench_branches: 8
size after pgbench of pgbench_accounts: 64
size after pgbench of pgbench_accounts_pkey: 658092
size after pgbench of pgbench_history: 24
total size after pgbench: 658380
End Time: 2016-08-15 01:46:09+00:00
========================================================================
========================================================================
Testing 2013-04-01-REL9_3_0~390
Start Time: 2016-08-15 19:14:17+00:00
Shared Buffers:  260000
size before pgbench of pgbench_branches_pkey: 32
size before pgbench of pgbench_tellers_pkey: 152
size before pgbench of pgbench_tellers: 8
size before pgbench of pgbench_branches: 8
size before pgbench of pgbench_accounts: 64
size before pgbench of pgbench_accounts_pkey: 658092
size before pgbench of pgbench_history: 24
total size before pgbench: 658380
Linux 4.6.0-1-amd64 (Debian-83-jessie-64-minimal) 	15.08.16 	_x86_64_	(8 CPU)

starting vacuum...end.
transaction type: <builtin: TPC-B (sort of)>
scaling factor: 300
query mode: simple
number of clients: 32
number of threads: 4
duration: 900 s
number of transactions actually processed: 280719
latency average: 102.594 ms
tps = 311.888278 (including connections establishing)
tps = 311.888941 (excluding connections establishing)
script statistics:
 - statement latencies in milliseconds:
         0.002  \set aid random(1, 100000 * :scale)
         0.001  \set bid random(1, 1 * :scale)
         0.001  \set tid random(1, 10 * :scale)
         0.001  \set delta random(-5000, 5000)
         0.346  BEGIN;
         0.814  UPDATE pgbench_accounts SET abalance = abalance + :delta WHERE aid = :aid;
         0.463  SELECT abalance FROM pgbench_accounts WHERE aid = :aid;
         1.019  UPDATE pgbench_tellers SET tbalance = tbalance + :delta WHERE tid = :tid;
         5.646  UPDATE pgbench_branches SET bbalance = bbalance + :delta WHERE bid = :bid;
         0.279  INSERT INTO pgbench_history (tid, bid, aid, delta, mtime) VALUES (:tid, :bid, :aid, :delta, CURRENT_TIMESTAMP);
        94.308  END;
avg-cpu:  %user   %nice %system %iowait  %steal   %idle
           3,24    0,00    0,88   21,31    0,00   74,58

Device:         rrqm/s   wrqm/s     r/s     w/s    rkB/s    wkB/s avgrq-sz avgqu-sz   await r_await w_await  svctm  %util
sdb               0,00     3,99    0,32  296,42     3,26  5518,41    37,22    67,23  226,55   49,75  226,74   2,60  77,08
sda               0,00     4,03    2,70  296,36    26,48  5518,41    37,08    52,76  176,41   26,78  177,78   2,61  78,11
md0               0,00     0,00    0,00    0,00     0,00     0,00     0,00     0,00    0,00    0,00    0,00   0,00   0,00
md1               0,00     0,00    0,00    0,00     0,00     0,00     0,00     0,00    0,00    0,00    0,00   0,00   0,00
md2               0,00     0,00    3,02  299,93    29,74  5517,15    36,62     0,00    0,00    0,00    0,00   0,00   0,00
md3               0,00     0,00    0,00    0,01     0,00     0,04     8,00     0,00    0,00    0,00    0,00   0,00   0,00

Control File Changes
--- /usr/local/oldpgsql/2013-04-01-REL9_3_0~390/before.controldata	2016-08-15 21:17:13.358409048 +0200
+++ /usr/local/oldpgsql/2013-04-01-REL9_3_0~390/after.controldata	2016-08-15 21:34:14.231570351 +0200
@@ -5,5 +5,5 @@
-pg_control last modified:             Mon Aug 15 19:17:13 2016
-Latest checkpoint location:           3/F452E8
-Prior checkpoint location:            3/F45280
-Latest checkpoint's REDO location:    3/F452E8
-Latest checkpoint's REDO WAL file:    000000010000000300000000
+pg_control last modified:             Mon Aug 15 19:34:13 2016
+Latest checkpoint location:           3/A2993608
+Prior checkpoint location:            3/A29935A0
+Latest checkpoint's REDO location:    3/A2993608
+Latest checkpoint's REDO WAL file:    0000000100000003000000A2
@@ -13,2 +13,2 @@
-Latest checkpoint's NextXID:          0/672478
-Latest checkpoint's NextOID:          16473
+Latest checkpoint's NextXID:          0/953239
+Latest checkpoint's NextOID:          24665
@@ -22 +22 @@
-Time of latest checkpoint:            Mon Aug 15 19:17:12 2016
+Time of latest checkpoint:            Mon Aug 15 19:33:31 2016
size after pgbench of pgbench_branches_pkey: 32
size after pgbench of pgbench_tellers_pkey: 152
size after pgbench of pgbench_tellers: 8
size after pgbench of pgbench_branches: 8
size after pgbench of pgbench_accounts: 64
size after pgbench of pgbench_accounts_pkey: 658092
size after pgbench of pgbench_history: 24
total size after pgbench: 658380
End Time: 2016-08-15 19:34:14+00:00
========================================================================
========================================================================
Testing 2013-04-01-REL9_3_0~390
Start Time: 2016-08-21 04:29:56+00:00
Shared Buffers:  260000
size before pgbench of pgbench_branches_pkey: 32
size before pgbench of pgbench_tellers_pkey: 152
size before pgbench of pgbench_tellers: 8
size before pgbench of pgbench_branches: 8
size before pgbench of pgbench_accounts: 64
size before pgbench of pgbench_accounts_pkey: 658092
size before pgbench of pgbench_history: 24
total size before pgbench: 658380
Linux 4.6.0-1-amd64 (Debian-83-jessie-64-minimal) 	21.08.16 	_x86_64_	(8 CPU)

starting vacuum...end.
transaction type: <builtin: TPC-B (sort of)>
scaling factor: 300
query mode: simple
number of clients: 32
number of threads: 4
duration: 900 s
number of transactions actually processed: 319234
latency average: 90.216 ms
tps = 354.411315 (including connections establishing)
tps = 354.412155 (excluding connections establishing)
script statistics:
 - statement latencies in milliseconds:
         0.002  \set aid random(1, 100000 * :scale)
         0.001  \set bid random(1, 1 * :scale)
         0.001  \set tid random(1, 10 * :scale)
         0.001  \set delta random(-5000, 5000)
         0.378  BEGIN;
         0.713  UPDATE pgbench_accounts SET abalance = abalance + :delta WHERE aid = :aid;
         0.488  SELECT abalance FROM pgbench_accounts WHERE aid = :aid;
         0.860  UPDATE pgbench_tellers SET tbalance = tbalance + :delta WHERE tid = :tid;
         5.044  UPDATE pgbench_branches SET bbalance = bbalance + :delta WHERE bid = :bid;
         0.331  INSERT INTO pgbench_history (tid, bid, aid, delta, mtime) VALUES (:tid, :bid, :aid, :delta, CURRENT_TIMESTAMP);
        82.822  END;
avg-cpu:  %user   %nice %system %iowait  %steal   %idle
           3,60    0,00    0,99   21,56    0,00   73,85

Device:         rrqm/s   wrqm/s     r/s     w/s    rkB/s    wkB/s avgrq-sz avgqu-sz   await r_await w_await  svctm  %util
sdb               0,00     7,45    0,07  355,81     0,64  6142,51    34,52    57,90  162,70   47,15  162,73   2,17  77,16
sda               0,02     7,40    0,79  355,88     7,23  6142,51    34,48    55,19  154,72   24,01  155,01   2,18  77,69
md0               0,00     0,00    0,08    0,00     0,34     0,00     8,00     0,00    0,00    0,00    0,00   0,00   0,00
md1               0,00     0,00    0,00    0,00     0,00     0,00     0,00     0,00    0,00    0,00    0,00   0,00   0,00
md2               0,00     0,00    0,81  362,76     7,54  6141,12    33,82     0,00    0,00    0,00    0,00   0,00   0,00
md3               0,00     0,00    0,00    0,02     0,00     0,08     8,00     0,00    0,00    0,00    0,00   0,00   0,00

Control File Changes
--- /usr/local/oldpgsql/2013-04-01-REL9_3_0~390/before.controldata	2016-08-21 06:32:40.911448114 +0200
+++ /usr/local/oldpgsql/2013-04-01-REL9_3_0~390/after.controldata	2016-08-21 06:49:04.519683938 +0200
@@ -5,5 +5,5 @@
-pg_control last modified:             Sun Aug 21 04:32:40 2016
-Latest checkpoint location:           4/99AE630
-Prior checkpoint location:            4/99AE5C8
-Latest checkpoint's REDO location:    4/99AE630
-Latest checkpoint's REDO WAL file:    000000010000000400000009
+pg_control last modified:             Sun Aug 21 04:49:04 2016
+Latest checkpoint location:           4/B4632DE0
+Prior checkpoint location:            4/B45F4A90
+Latest checkpoint's REDO location:    4/B45F4AF8
+Latest checkpoint's REDO WAL file:    0000000100000004000000B4
@@ -13,2 +13,2 @@
-Latest checkpoint's NextXID:          0/953239
-Latest checkpoint's NextOID:          16474
+Latest checkpoint's NextXID:          0/1272512
+Latest checkpoint's NextOID:          24666
@@ -22 +22 @@
-Time of latest checkpoint:            Sun Aug 21 04:32:40 2016
+Time of latest checkpoint:            Sun Aug 21 04:48:10 2016
size after pgbench of pgbench_branches_pkey: 32
size after pgbench of pgbench_tellers_pkey: 152
size after pgbench of pgbench_tellers: 8
size after pgbench of pgbench_branches: 8
size after pgbench of pgbench_accounts: 64
size after pgbench of pgbench_accounts_pkey: 658092
size after pgbench of pgbench_history: 24
total size after pgbench: 658380
End Time: 2016-08-21 04:49:04+00:00
========================================================================
