creating tables...
100000 of 30000000 tuples (0%) done (elapsed 0.06 s, remaining 18.38 s)
200000 of 30000000 tuples (0%) done (elapsed 0.13 s, remaining 18.69 s)
300000 of 30000000 tuples (1%) done (elapsed 0.18 s, remaining 17.89 s)
400000 of 30000000 tuples (1%) done (elapsed 0.24 s, remaining 17.88 s)
500000 of 30000000 tuples (1%) done (elapsed 0.30 s, remaining 17.83 s)
600000 of 30000000 tuples (2%) done (elapsed 0.36 s, remaining 17.52 s)
700000 of 30000000 tuples (2%) done (elapsed 0.42 s, remaining 17.50 s)
800000 of 30000000 tuples (2%) done (elapsed 0.48 s, remaining 17.46 s)
900000 of 30000000 tuples (3%) done (elapsed 0.54 s, remaining 17.42 s)
1000000 of 30000000 tuples (3%) done (elapsed 0.59 s, remaining 17.21 s)
1100000 of 30000000 tuples (3%) done (elapsed 0.66 s, remaining 17.24 s)
1200000 of 30000000 tuples (4%) done (elapsed 0.72 s, remaining 17.25 s)
1300000 of 30000000 tuples (4%) done (elapsed 0.78 s, remaining 17.14 s)
1400000 of 30000000 tuples (4%) done (elapsed 0.84 s, remaining 17.14 s)
1500000 of 30000000 tuples (5%) done (elapsed 0.90 s, remaining 17.03 s)
1600000 of 30000000 tuples (5%) done (elapsed 0.96 s, remaining 17.02 s)
1700000 of 30000000 tuples (5%) done (elapsed 1.02 s, remaining 17.00 s)
1800000 of 30000000 tuples (6%) done (elapsed 1.08 s, remaining 16.90 s)
1900000 of 30000000 tuples (6%) done (elapsed 1.14 s, remaining 16.88 s)
2000000 of 30000000 tuples (6%) done (elapsed 1.20 s, remaining 16.78 s)
2100000 of 30000000 tuples (7%) done (elapsed 1.26 s, remaining 16.76 s)
2200000 of 30000000 tuples (7%) done (elapsed 1.32 s, remaining 16.73 s)
2300000 of 30000000 tuples (7%) done (elapsed 1.38 s, remaining 16.64 s)
2400000 of 30000000 tuples (8%) done (elapsed 1.44 s, remaining 16.61 s)
2500000 of 30000000 tuples (8%) done (elapsed 1.50 s, remaining 16.52 s)
2600000 of 30000000 tuples (8%) done (elapsed 1.56 s, remaining 16.48 s)
2700000 of 30000000 tuples (9%) done (elapsed 1.63 s, remaining 16.44 s)
2800000 of 30000000 tuples (9%) done (elapsed 1.68 s, remaining 16.36 s)
2900000 of 30000000 tuples (9%) done (elapsed 1.75 s, remaining 16.32 s)
3000000 of 30000000 tuples (10%) done (elapsed 1.80 s, remaining 16.24 s)
3100000 of 30000000 tuples (10%) done (elapsed 1.87 s, remaining 16.20 s)
3200000 of 30000000 tuples (10%) done (elapsed 1.93 s, remaining 16.15 s)
3300000 of 30000000 tuples (11%) done (elapsed 1.99 s, remaining 16.07 s)
3400000 of 30000000 tuples (11%) done (elapsed 2.05 s, remaining 16.03 s)
3500000 of 30000000 tuples (11%) done (elapsed 2.11 s, remaining 15.95 s)
3600000 of 30000000 tuples (12%) done (elapsed 2.17 s, remaining 15.91 s)
3700000 of 30000000 tuples (12%) done (elapsed 2.23 s, remaining 15.86 s)
3800000 of 30000000 tuples (12%) done (elapsed 2.29 s, remaining 15.78 s)
3900000 of 30000000 tuples (13%) done (elapsed 2.35 s, remaining 15.74 s)
4000000 of 30000000 tuples (13%) done (elapsed 2.41 s, remaining 15.66 s)
4100000 of 30000000 tuples (13%) done (elapsed 2.47 s, remaining 15.61 s)
4200000 of 30000000 tuples (14%) done (elapsed 2.53 s, remaining 15.56 s)
4300000 of 30000000 tuples (14%) done (elapsed 2.59 s, remaining 15.49 s)
4400000 of 30000000 tuples (14%) done (elapsed 2.65 s, remaining 15.44 s)
4500000 of 30000000 tuples (15%) done (elapsed 2.71 s, remaining 15.36 s)
4600000 of 30000000 tuples (15%) done (elapsed 2.77 s, remaining 15.31 s)
4700000 of 30000000 tuples (15%) done (elapsed 2.84 s, remaining 15.26 s)
4800000 of 30000000 tuples (16%) done (elapsed 2.89 s, remaining 15.19 s)
4900000 of 30000000 tuples (16%) done (elapsed 2.96 s, remaining 15.14 s)
5000000 of 30000000 tuples (16%) done (elapsed 3.02 s, remaining 15.09 s)
5100000 of 30000000 tuples (17%) done (elapsed 3.08 s, remaining 15.02 s)
5200000 of 30000000 tuples (17%) done (elapsed 3.14 s, remaining 14.97 s)
5300000 of 30000000 tuples (17%) done (elapsed 3.20 s, remaining 14.90 s)
5400000 of 30000000 tuples (18%) done (elapsed 3.26 s, remaining 14.85 s)
5500000 of 30000000 tuples (18%) done (elapsed 3.32 s, remaining 14.81 s)
5600000 of 30000000 tuples (18%) done (elapsed 3.38 s, remaining 14.74 s)
5700000 of 30000000 tuples (19%) done (elapsed 3.44 s, remaining 14.69 s)
5800000 of 30000000 tuples (19%) done (elapsed 3.51 s, remaining 14.64 s)
5900000 of 30000000 tuples (19%) done (elapsed 3.57 s, remaining 14.57 s)
6000000 of 30000000 tuples (20%) done (elapsed 3.63 s, remaining 14.52 s)
6100000 of 30000000 tuples (20%) done (elapsed 3.69 s, remaining 14.45 s)
6200000 of 30000000 tuples (20%) done (elapsed 3.75 s, remaining 14.40 s)
6300000 of 30000000 tuples (21%) done (elapsed 3.82 s, remaining 14.35 s)
6400000 of 30000000 tuples (21%) done (elapsed 3.88 s, remaining 14.30 s)
6500000 of 30000000 tuples (21%) done (elapsed 3.94 s, remaining 14.26 s)
6600000 of 30000000 tuples (22%) done (elapsed 4.01 s, remaining 14.21 s)
6700000 of 30000000 tuples (22%) done (elapsed 4.06 s, remaining 14.14 s)
6800000 of 30000000 tuples (22%) done (elapsed 4.13 s, remaining 14.08 s)
6900000 of 30000000 tuples (23%) done (elapsed 4.18 s, remaining 14.01 s)
7000000 of 30000000 tuples (23%) done (elapsed 4.25 s, remaining 13.96 s)
7100000 of 30000000 tuples (23%) done (elapsed 4.31 s, remaining 13.90 s)
7200000 of 30000000 tuples (24%) done (elapsed 4.37 s, remaining 13.83 s)
7300000 of 30000000 tuples (24%) done (elapsed 4.43 s, remaining 13.78 s)
7400000 of 30000000 tuples (24%) done (elapsed 4.49 s, remaining 13.71 s)
7500000 of 30000000 tuples (25%) done (elapsed 4.55 s, remaining 13.65 s)
7600000 of 30000000 tuples (25%) done (elapsed 4.61 s, remaining 13.58 s)
7700000 of 30000000 tuples (25%) done (elapsed 4.67 s, remaining 13.53 s)
7800000 of 30000000 tuples (26%) done (elapsed 4.73 s, remaining 13.47 s)
7900000 of 30000000 tuples (26%) done (elapsed 4.79 s, remaining 13.40 s)
8000000 of 30000000 tuples (26%) done (elapsed 4.85 s, remaining 13.35 s)
8100000 of 30000000 tuples (27%) done (elapsed 4.91 s, remaining 13.28 s)
8200000 of 30000000 tuples (27%) done (elapsed 4.97 s, remaining 13.22 s)
8300000 of 30000000 tuples (27%) done (elapsed 5.04 s, remaining 13.17 s)
8400000 of 30000000 tuples (28%) done (elapsed 5.09 s, remaining 13.10 s)
8500000 of 30000000 tuples (28%) done (elapsed 5.16 s, remaining 13.04 s)
8600000 of 30000000 tuples (28%) done (elapsed 5.21 s, remaining 12.97 s)
8700000 of 30000000 tuples (29%) done (elapsed 5.28 s, remaining 12.92 s)
8800000 of 30000000 tuples (29%) done (elapsed 5.34 s, remaining 12.86 s)
8900000 of 30000000 tuples (29%) done (elapsed 5.40 s, remaining 12.79 s)
9000000 of 30000000 tuples (30%) done (elapsed 5.46 s, remaining 12.74 s)
9100000 of 30000000 tuples (30%) done (elapsed 5.52 s, remaining 12.67 s)
9200000 of 30000000 tuples (30%) done (elapsed 5.58 s, remaining 12.61 s)
9300000 of 30000000 tuples (31%) done (elapsed 5.64 s, remaining 12.56 s)
9400000 of 30000000 tuples (31%) done (elapsed 5.70 s, remaining 12.49 s)
9500000 of 30000000 tuples (31%) done (elapsed 5.76 s, remaining 12.43 s)
9600000 of 30000000 tuples (32%) done (elapsed 5.82 s, remaining 12.37 s)
9700000 of 30000000 tuples (32%) done (elapsed 5.88 s, remaining 12.31 s)
9800000 of 30000000 tuples (32%) done (elapsed 5.94 s, remaining 12.24 s)
9900000 of 30000000 tuples (33%) done (elapsed 6.00 s, remaining 12.19 s)
10000000 of 30000000 tuples (33%) done (elapsed 6.06 s, remaining 12.13 s)
10100000 of 30000000 tuples (33%) done (elapsed 6.12 s, remaining 12.06 s)
10200000 of 30000000 tuples (34%) done (elapsed 6.19 s, remaining 12.01 s)
10300000 of 30000000 tuples (34%) done (elapsed 6.25 s, remaining 11.94 s)
10400000 of 30000000 tuples (34%) done (elapsed 6.30 s, remaining 11.88 s)
10500000 of 30000000 tuples (35%) done (elapsed 6.36 s, remaining 11.82 s)
10600000 of 30000000 tuples (35%) done (elapsed 6.43 s, remaining 11.76 s)
10700000 of 30000000 tuples (35%) done (elapsed 6.49 s, remaining 11.70 s)
10800000 of 30000000 tuples (36%) done (elapsed 6.54 s, remaining 11.64 s)
10900000 of 30000000 tuples (36%) done (elapsed 6.60 s, remaining 11.57 s)
11000000 of 30000000 tuples (36%) done (elapsed 6.67 s, remaining 11.52 s)
11100000 of 30000000 tuples (37%) done (elapsed 6.73 s, remaining 11.45 s)
11200000 of 30000000 tuples (37%) done (elapsed 6.79 s, remaining 11.39 s)
11300000 of 30000000 tuples (37%) done (elapsed 6.85 s, remaining 11.33 s)
11400000 of 30000000 tuples (38%) done (elapsed 6.91 s, remaining 11.27 s)
11500000 of 30000000 tuples (38%) done (elapsed 6.97 s, remaining 11.21 s)
11600000 of 30000000 tuples (38%) done (elapsed 7.03 s, remaining 11.15 s)
11700000 of 30000000 tuples (39%) done (elapsed 7.09 s, remaining 11.08 s)
11800000 of 30000000 tuples (39%) done (elapsed 7.15 s, remaining 11.03 s)
11900000 of 30000000 tuples (39%) done (elapsed 7.21 s, remaining 10.97 s)
12000000 of 30000000 tuples (40%) done (elapsed 7.27 s, remaining 10.90 s)
12100000 of 30000000 tuples (40%) done (elapsed 7.33 s, remaining 10.85 s)
12200000 of 30000000 tuples (40%) done (elapsed 7.39 s, remaining 10.78 s)
12300000 of 30000000 tuples (41%) done (elapsed 7.45 s, remaining 10.72 s)
12400000 of 30000000 tuples (41%) done (elapsed 7.51 s, remaining 10.66 s)
12500000 of 30000000 tuples (41%) done (elapsed 7.57 s, remaining 10.60 s)
12600000 of 30000000 tuples (42%) done (elapsed 7.63 s, remaining 10.54 s)
12700000 of 30000000 tuples (42%) done (elapsed 7.69 s, remaining 10.48 s)
12800000 of 30000000 tuples (42%) done (elapsed 7.75 s, remaining 10.41 s)
12900000 of 30000000 tuples (43%) done (elapsed 7.81 s, remaining 10.36 s)
13000000 of 30000000 tuples (43%) done (elapsed 7.87 s, remaining 10.30 s)
13100000 of 30000000 tuples (43%) done (elapsed 7.93 s, remaining 10.23 s)
13200000 of 30000000 tuples (44%) done (elapsed 7.99 s, remaining 10.17 s)
13300000 of 30000000 tuples (44%) done (elapsed 8.05 s, remaining 10.11 s)
13400000 of 30000000 tuples (44%) done (elapsed 8.11 s, remaining 10.05 s)
13500000 of 30000000 tuples (45%) done (elapsed 8.17 s, remaining 9.99 s)
13600000 of 30000000 tuples (45%) done (elapsed 8.23 s, remaining 9.93 s)
13700000 of 30000000 tuples (45%) done (elapsed 8.30 s, remaining 9.87 s)
13800000 of 30000000 tuples (46%) done (elapsed 8.36 s, remaining 9.81 s)
13900000 of 30000000 tuples (46%) done (elapsed 8.41 s, remaining 9.75 s)
14000000 of 30000000 tuples (46%) done (elapsed 8.47 s, remaining 9.68 s)
14100000 of 30000000 tuples (47%) done (elapsed 8.54 s, remaining 9.63 s)
14200000 of 30000000 tuples (47%) done (elapsed 8.60 s, remaining 9.57 s)
14300000 of 30000000 tuples (47%) done (elapsed 8.66 s, remaining 9.50 s)
14400000 of 30000000 tuples (48%) done (elapsed 8.72 s, remaining 9.44 s)
14500000 of 30000000 tuples (48%) done (elapsed 8.78 s, remaining 9.39 s)
14600000 of 30000000 tuples (48%) done (elapsed 8.84 s, remaining 9.32 s)
14700000 of 30000000 tuples (49%) done (elapsed 8.90 s, remaining 9.26 s)
14800000 of 30000000 tuples (49%) done (elapsed 8.96 s, remaining 9.20 s)
14900000 of 30000000 tuples (49%) done (elapsed 9.02 s, remaining 9.14 s)
15000000 of 30000000 tuples (50%) done (elapsed 9.08 s, remaining 9.08 s)
15100000 of 30000000 tuples (50%) done (elapsed 9.14 s, remaining 9.02 s)
15200000 of 30000000 tuples (50%) done (elapsed 9.20 s, remaining 8.96 s)
15300000 of 30000000 tuples (51%) done (elapsed 9.26 s, remaining 8.90 s)
15400000 of 30000000 tuples (51%) done (elapsed 9.32 s, remaining 8.84 s)
15500000 of 30000000 tuples (51%) done (elapsed 9.38 s, remaining 8.78 s)
15600000 of 30000000 tuples (52%) done (elapsed 9.54 s, remaining 8.80 s)
15700000 of 30000000 tuples (52%) done (elapsed 9.62 s, remaining 8.76 s)
15800000 of 30000000 tuples (52%) done (elapsed 9.68 s, remaining 8.70 s)
15900000 of 30000000 tuples (53%) done (elapsed 9.74 s, remaining 8.64 s)
16000000 of 30000000 tuples (53%) done (elapsed 9.80 s, remaining 8.57 s)
16100000 of 30000000 tuples (53%) done (elapsed 9.86 s, remaining 8.51 s)
16200000 of 30000000 tuples (54%) done (elapsed 9.92 s, remaining 8.45 s)
16300000 of 30000000 tuples (54%) done (elapsed 9.98 s, remaining 8.39 s)
16400000 of 30000000 tuples (54%) done (elapsed 10.04 s, remaining 8.33 s)
16500000 of 30000000 tuples (55%) done (elapsed 10.10 s, remaining 8.27 s)
16600000 of 30000000 tuples (55%) done (elapsed 10.16 s, remaining 8.20 s)
16700000 of 30000000 tuples (55%) done (elapsed 10.22 s, remaining 8.14 s)
16800000 of 30000000 tuples (56%) done (elapsed 10.29 s, remaining 8.08 s)
16900000 of 30000000 tuples (56%) done (elapsed 10.35 s, remaining 8.02 s)
17000000 of 30000000 tuples (56%) done (elapsed 10.40 s, remaining 7.96 s)
17100000 of 30000000 tuples (57%) done (elapsed 10.46 s, remaining 7.89 s)
17200000 of 30000000 tuples (57%) done (elapsed 10.53 s, remaining 7.84 s)
17300000 of 30000000 tuples (57%) done (elapsed 10.59 s, remaining 7.77 s)
17400000 of 30000000 tuples (58%) done (elapsed 10.65 s, remaining 7.71 s)
17500000 of 30000000 tuples (58%) done (elapsed 10.71 s, remaining 7.65 s)
17600000 of 30000000 tuples (58%) done (elapsed 10.77 s, remaining 7.59 s)
17700000 of 30000000 tuples (59%) done (elapsed 10.83 s, remaining 7.53 s)
17800000 of 30000000 tuples (59%) done (elapsed 10.89 s, remaining 7.46 s)
17900000 of 30000000 tuples (59%) done (elapsed 10.95 s, remaining 7.40 s)
18000000 of 30000000 tuples (60%) done (elapsed 11.01 s, remaining 7.34 s)
18100000 of 30000000 tuples (60%) done (elapsed 11.07 s, remaining 7.28 s)
18200000 of 30000000 tuples (60%) done (elapsed 11.13 s, remaining 7.22 s)
18300000 of 30000000 tuples (61%) done (elapsed 11.19 s, remaining 7.16 s)
18400000 of 30000000 tuples (61%) done (elapsed 11.26 s, remaining 7.10 s)
18500000 of 30000000 tuples (61%) done (elapsed 11.32 s, remaining 7.03 s)
18600000 of 30000000 tuples (62%) done (elapsed 11.38 s, remaining 6.97 s)
18700000 of 30000000 tuples (62%) done (elapsed 11.44 s, remaining 6.91 s)
18800000 of 30000000 tuples (62%) done (elapsed 11.50 s, remaining 6.85 s)
18900000 of 30000000 tuples (63%) done (elapsed 11.56 s, remaining 6.79 s)
19000000 of 30000000 tuples (63%) done (elapsed 11.62 s, remaining 6.73 s)
19100000 of 30000000 tuples (63%) done (elapsed 11.68 s, remaining 6.67 s)
19200000 of 30000000 tuples (64%) done (elapsed 11.74 s, remaining 6.61 s)
19300000 of 30000000 tuples (64%) done (elapsed 11.80 s, remaining 6.54 s)
19400000 of 30000000 tuples (64%) done (elapsed 11.86 s, remaining 6.48 s)
19500000 of 30000000 tuples (65%) done (elapsed 11.93 s, remaining 6.42 s)
19600000 of 30000000 tuples (65%) done (elapsed 11.99 s, remaining 6.36 s)
19700000 of 30000000 tuples (65%) done (elapsed 12.04 s, remaining 6.30 s)
19800000 of 30000000 tuples (66%) done (elapsed 12.10 s, remaining 6.24 s)
19900000 of 30000000 tuples (66%) done (elapsed 12.17 s, remaining 6.18 s)
20000000 of 30000000 tuples (66%) done (elapsed 12.23 s, remaining 6.11 s)
20100000 of 30000000 tuples (67%) done (elapsed 12.29 s, remaining 6.05 s)
20200000 of 30000000 tuples (67%) done (elapsed 12.35 s, remaining 5.99 s)
20300000 of 30000000 tuples (67%) done (elapsed 12.41 s, remaining 5.93 s)
20400000 of 30000000 tuples (68%) done (elapsed 12.47 s, remaining 5.87 s)
20500000 of 30000000 tuples (68%) done (elapsed 12.53 s, remaining 5.81 s)
20600000 of 30000000 tuples (68%) done (elapsed 12.59 s, remaining 5.74 s)
20700000 of 30000000 tuples (69%) done (elapsed 12.65 s, remaining 5.68 s)
20800000 of 30000000 tuples (69%) done (elapsed 12.71 s, remaining 5.62 s)
20900000 of 30000000 tuples (69%) done (elapsed 12.77 s, remaining 5.56 s)
21000000 of 30000000 tuples (70%) done (elapsed 12.83 s, remaining 5.50 s)
21100000 of 30000000 tuples (70%) done (elapsed 12.89 s, remaining 5.44 s)
21200000 of 30000000 tuples (70%) done (elapsed 12.95 s, remaining 5.38 s)
21300000 of 30000000 tuples (71%) done (elapsed 13.01 s, remaining 5.32 s)
21400000 of 30000000 tuples (71%) done (elapsed 13.07 s, remaining 5.25 s)
21500000 of 30000000 tuples (71%) done (elapsed 13.14 s, remaining 5.19 s)
21600000 of 30000000 tuples (72%) done (elapsed 13.20 s, remaining 5.13 s)
21700000 of 30000000 tuples (72%) done (elapsed 13.26 s, remaining 5.07 s)
21800000 of 30000000 tuples (72%) done (elapsed 13.32 s, remaining 5.01 s)
21900000 of 30000000 tuples (73%) done (elapsed 13.38 s, remaining 4.95 s)
22000000 of 30000000 tuples (73%) done (elapsed 13.44 s, remaining 4.89 s)
22100000 of 30000000 tuples (73%) done (elapsed 13.50 s, remaining 4.83 s)
22200000 of 30000000 tuples (74%) done (elapsed 13.56 s, remaining 4.77 s)
22300000 of 30000000 tuples (74%) done (elapsed 13.62 s, remaining 4.70 s)
22400000 of 30000000 tuples (74%) done (elapsed 13.68 s, remaining 4.64 s)
22500000 of 30000000 tuples (75%) done (elapsed 13.74 s, remaining 4.58 s)
22600000 of 30000000 tuples (75%) done (elapsed 13.81 s, remaining 4.52 s)
22700000 of 30000000 tuples (75%) done (elapsed 13.87 s, remaining 4.46 s)
22800000 of 30000000 tuples (76%) done (elapsed 13.92 s, remaining 4.40 s)
22900000 of 30000000 tuples (76%) done (elapsed 13.98 s, remaining 4.34 s)
23000000 of 30000000 tuples (76%) done (elapsed 14.05 s, remaining 4.28 s)
23100000 of 30000000 tuples (77%) done (elapsed 14.11 s, remaining 4.21 s)
23200000 of 30000000 tuples (77%) done (elapsed 14.17 s, remaining 4.15 s)
23300000 of 30000000 tuples (77%) done (elapsed 14.23 s, remaining 4.09 s)
23400000 of 30000000 tuples (78%) done (elapsed 14.29 s, remaining 4.03 s)
23500000 of 30000000 tuples (78%) done (elapsed 14.35 s, remaining 3.97 s)
23600000 of 30000000 tuples (78%) done (elapsed 14.49 s, remaining 3.93 s)
23700000 of 30000000 tuples (79%) done (elapsed 14.56 s, remaining 3.87 s)
23800000 of 30000000 tuples (79%) done (elapsed 14.62 s, remaining 3.81 s)
23900000 of 30000000 tuples (79%) done (elapsed 14.68 s, remaining 3.75 s)
24000000 of 30000000 tuples (80%) done (elapsed 15.17 s, remaining 3.79 s)
24100000 of 30000000 tuples (80%) done (elapsed 15.26 s, remaining 3.74 s)
24200000 of 30000000 tuples (80%) done (elapsed 15.33 s, remaining 3.68 s)
24300000 of 30000000 tuples (81%) done (elapsed 15.40 s, remaining 3.61 s)
24400000 of 30000000 tuples (81%) done (elapsed 15.46 s, remaining 3.55 s)
24500000 of 30000000 tuples (81%) done (elapsed 15.52 s, remaining 3.48 s)
24600000 of 30000000 tuples (82%) done (elapsed 15.58 s, remaining 3.42 s)
24700000 of 30000000 tuples (82%) done (elapsed 15.64 s, remaining 3.36 s)
24800000 of 30000000 tuples (82%) done (elapsed 15.70 s, remaining 3.29 s)
24900000 of 30000000 tuples (83%) done (elapsed 15.76 s, remaining 3.23 s)
25000000 of 30000000 tuples (83%) done (elapsed 15.83 s, remaining 3.17 s)
25100000 of 30000000 tuples (83%) done (elapsed 15.89 s, remaining 3.10 s)
25200000 of 30000000 tuples (84%) done (elapsed 15.95 s, remaining 3.04 s)
25300000 of 30000000 tuples (84%) done (elapsed 16.01 s, remaining 2.97 s)
25400000 of 30000000 tuples (84%) done (elapsed 16.07 s, remaining 2.91 s)
25500000 of 30000000 tuples (85%) done (elapsed 16.13 s, remaining 2.85 s)
25600000 of 30000000 tuples (85%) done (elapsed 16.20 s, remaining 2.78 s)
25700000 of 30000000 tuples (85%) done (elapsed 16.26 s, remaining 2.72 s)
25800000 of 30000000 tuples (86%) done (elapsed 16.32 s, remaining 2.66 s)
25900000 of 30000000 tuples (86%) done (elapsed 16.38 s, remaining 2.59 s)
26000000 of 30000000 tuples (86%) done (elapsed 16.45 s, remaining 2.53 s)
26100000 of 30000000 tuples (87%) done (elapsed 16.51 s, remaining 2.47 s)
26200000 of 30000000 tuples (87%) done (elapsed 16.57 s, remaining 2.40 s)
26300000 of 30000000 tuples (87%) done (elapsed 16.63 s, remaining 2.34 s)
26400000 of 30000000 tuples (88%) done (elapsed 16.69 s, remaining 2.28 s)
26500000 of 30000000 tuples (88%) done (elapsed 16.76 s, remaining 2.21 s)
26600000 of 30000000 tuples (88%) done (elapsed 16.82 s, remaining 2.15 s)
26700000 of 30000000 tuples (89%) done (elapsed 16.88 s, remaining 2.09 s)
26800000 of 30000000 tuples (89%) done (elapsed 16.94 s, remaining 2.02 s)
26900000 of 30000000 tuples (89%) done (elapsed 17.00 s, remaining 1.96 s)
27000000 of 30000000 tuples (90%) done (elapsed 17.06 s, remaining 1.90 s)
27100000 of 30000000 tuples (90%) done (elapsed 17.13 s, remaining 1.83 s)
27200000 of 30000000 tuples (90%) done (elapsed 17.19 s, remaining 1.77 s)
27300000 of 30000000 tuples (91%) done (elapsed 17.25 s, remaining 1.71 s)
27400000 of 30000000 tuples (91%) done (elapsed 17.32 s, remaining 1.64 s)
27500000 of 30000000 tuples (91%) done (elapsed 17.38 s, remaining 1.58 s)
27600000 of 30000000 tuples (92%) done (elapsed 17.48 s, remaining 1.52 s)
27700000 of 30000000 tuples (92%) done (elapsed 17.55 s, remaining 1.46 s)
27800000 of 30000000 tuples (92%) done (elapsed 17.61 s, remaining 1.39 s)
27900000 of 30000000 tuples (93%) done (elapsed 17.67 s, remaining 1.33 s)
28000000 of 30000000 tuples (93%) done (elapsed 17.73 s, remaining 1.27 s)
28100000 of 30000000 tuples (93%) done (elapsed 17.79 s, remaining 1.20 s)
28200000 of 30000000 tuples (94%) done (elapsed 17.85 s, remaining 1.14 s)
28300000 of 30000000 tuples (94%) done (elapsed 17.92 s, remaining 1.08 s)
28400000 of 30000000 tuples (94%) done (elapsed 17.98 s, remaining 1.01 s)
28500000 of 30000000 tuples (95%) done (elapsed 18.04 s, remaining 0.95 s)
28600000 of 30000000 tuples (95%) done (elapsed 18.11 s, remaining 0.89 s)
28700000 of 30000000 tuples (95%) done (elapsed 18.17 s, remaining 0.82 s)
28800000 of 30000000 tuples (96%) done (elapsed 18.24 s, remaining 0.76 s)
28900000 of 30000000 tuples (96%) done (elapsed 18.30 s, remaining 0.70 s)
29000000 of 30000000 tuples (96%) done (elapsed 18.36 s, remaining 0.63 s)
29100000 of 30000000 tuples (97%) done (elapsed 18.42 s, remaining 0.57 s)
29200000 of 30000000 tuples (97%) done (elapsed 18.49 s, remaining 0.51 s)
29300000 of 30000000 tuples (97%) done (elapsed 18.55 s, remaining 0.44 s)
29400000 of 30000000 tuples (98%) done (elapsed 18.61 s, remaining 0.38 s)
29500000 of 30000000 tuples (98%) done (elapsed 18.67 s, remaining 0.32 s)
29600000 of 30000000 tuples (98%) done (elapsed 18.73 s, remaining 0.25 s)
29700000 of 30000000 tuples (99%) done (elapsed 18.79 s, remaining 0.19 s)
29800000 of 30000000 tuples (99%) done (elapsed 18.85 s, remaining 0.13 s)
29900000 of 30000000 tuples (99%) done (elapsed 18.91 s, remaining 0.06 s)
30000000 of 30000000 tuples (100%) done (elapsed 18.98 s, remaining 0.00 s)
vacuum...
set primary keys...
done.
starting vacuum...end.
transaction type: <builtin: TPC-B (sort of)>
scaling factor: 300
query mode: simple
number of clients: 32
number of threads: 4
duration: 60 s
number of transactions actually processed: 12361
latency average: 155.327 ms
tps = 205.294376 (including connections establishing)
tps = 205.301176 (excluding connections establishing)
script statistics:
 - statement latencies in milliseconds:
         0.001  \set aid random(1, 100000 * :scale)
         0.001  \set bid random(1, 1 * :scale)
         0.001  \set tid random(1, 10 * :scale)
         0.000  \set delta random(-5000, 5000)
         0.364  BEGIN;
         0.643  UPDATE pgbench_accounts SET abalance = abalance + :delta WHERE aid = :aid;
         0.381  SELECT abalance FROM pgbench_accounts WHERE aid = :aid;
         1.495  UPDATE pgbench_tellers SET tbalance = tbalance + :delta WHERE tid = :tid;
         8.934  UPDATE pgbench_branches SET bbalance = bbalance + :delta WHERE bid = :bid;
         0.228  INSERT INTO pgbench_history (tid, bid, aid, delta, mtime) VALUES (:tid, :bid, :aid, :delta, CURRENT_TIMESTAMP);
       144.027  END;
starting vacuum...end.
transaction type: <builtin: TPC-B (sort of)>
scaling factor: 300
query mode: simple
number of clients: 32
number of threads: 4
duration: 60 s
number of transactions actually processed: 8281
latency average: 231.856 ms
tps = 137.580911 (including connections establishing)
tps = 137.585308 (excluding connections establishing)
script statistics:
 - statement latencies in milliseconds:
         0.002  \set aid random(1, 100000 * :scale)
         0.001  \set bid random(1, 1 * :scale)
         0.001  \set tid random(1, 10 * :scale)
         0.001  \set delta random(-5000, 5000)
         0.167  BEGIN;
        98.884  UPDATE pgbench_accounts SET abalance = abalance + :delta WHERE aid = :aid;
         0.166  SELECT abalance FROM pgbench_accounts WHERE aid = :aid;
         0.601  UPDATE pgbench_tellers SET tbalance = tbalance + :delta WHERE tid = :tid;
         4.403  UPDATE pgbench_branches SET bbalance = bbalance + :delta WHERE bid = :bid;
         0.260  INSERT INTO pgbench_history (tid, bid, aid, delta, mtime) VALUES (:tid, :bid, :aid, :delta, CURRENT_TIMESTAMP);
       128.200  END;
starting vacuum...end.
transaction type: <builtin: TPC-B (sort of)>
scaling factor: 300
query mode: simple
number of clients: 32
number of threads: 4
duration: 60 s
number of transactions actually processed: 8994
latency average: 213.476 ms
tps = 149.371228 (including connections establishing)
tps = 149.376661 (excluding connections establishing)
script statistics:
 - statement latencies in milliseconds:
         0.002  \set aid random(1, 100000 * :scale)
         0.001  \set bid random(1, 1 * :scale)
         0.001  \set tid random(1, 10 * :scale)
         0.001  \set delta random(-5000, 5000)
         0.170  BEGIN;
        85.389  UPDATE pgbench_accounts SET abalance = abalance + :delta WHERE aid = :aid;
         0.161  SELECT abalance FROM pgbench_accounts WHERE aid = :aid;
         0.614  UPDATE pgbench_tellers SET tbalance = tbalance + :delta WHERE tid = :tid;
         4.449  UPDATE pgbench_branches SET bbalance = bbalance + :delta WHERE bid = :bid;
         0.134  INSERT INTO pgbench_history (tid, bid, aid, delta, mtime) VALUES (:tid, :bid, :aid, :delta, CURRENT_TIMESTAMP);
       123.419  END;
starting vacuum...end.
transaction type: <builtin: TPC-B (sort of)>
scaling factor: 300
query mode: simple
number of clients: 32
number of threads: 4
duration: 900 s
number of transactions actually processed: 77077
latency average: 373.652 ms
tps = 85.559554 (including connections establishing)
tps = 85.559751 (excluding connections establishing)
script statistics:
 - statement latencies in milliseconds:
         0.002  \set aid random(1, 100000 * :scale)
         0.001  \set bid random(1, 1 * :scale)
         0.001  \set tid random(1, 10 * :scale)
         0.001  \set delta random(-5000, 5000)
         0.168  BEGIN;
       113.395  UPDATE pgbench_accounts SET abalance = abalance + :delta WHERE aid = :aid;
         0.163  SELECT abalance FROM pgbench_accounts WHERE aid = :aid;
         1.219  UPDATE pgbench_tellers SET tbalance = tbalance + :delta WHERE tid = :tid;
        10.255  UPDATE pgbench_branches SET bbalance = bbalance + :delta WHERE bid = :bid;
         0.343  INSERT INTO pgbench_history (tid, bid, aid, delta, mtime) VALUES (:tid, :bid, :aid, :delta, CURRENT_TIMESTAMP);
       248.867  END;
========================================================================
Testing 2014-08-22-REL9_5_0~2183
Start Time: 2016-08-01 08:12:26+00:00
Linux 3.16.0-4-amd64 (Debian-83-jessie-64-minimal) 	01.08.16 	_x86_64_	(8 CPU)

starting vacuum...end.
transaction type: <builtin: TPC-B (sort of)>
scaling factor: 300
query mode: simple
number of clients: 32
number of threads: 4
duration: 900 s
number of transactions actually processed: 89373
latency average: 322.245 ms
tps = 99.232905 (including connections establishing)
tps = 99.233170 (excluding connections establishing)
script statistics:
 - statement latencies in milliseconds:
         0.002  \set aid random(1, 100000 * :scale)
         0.001  \set bid random(1, 1 * :scale)
         0.001  \set tid random(1, 10 * :scale)
         0.001  \set delta random(-5000, 5000)
         0.217  BEGIN;
        43.290  UPDATE pgbench_accounts SET abalance = abalance + :delta WHERE aid = :aid;
         0.188  SELECT abalance FROM pgbench_accounts WHERE aid = :aid;
         1.617  UPDATE pgbench_tellers SET tbalance = tbalance + :delta WHERE tid = :tid;
        12.902  UPDATE pgbench_branches SET bbalance = bbalance + :delta WHERE bid = :bid;
         0.168  INSERT INTO pgbench_history (tid, bid, aid, delta, mtime) VALUES (:tid, :bid, :aid, :delta, CURRENT_TIMESTAMP);
       264.503  END;
avg-cpu:  %user   %nice %system %iowait  %steal   %idle
           1,08    0,00    0,37   35,27    0,00   63,28

Device:         rrqm/s   wrqm/s     r/s     w/s    rkB/s    wkB/s avgrq-sz avgqu-sz   await r_await w_await  svctm  %util
sdb               0,00     2,10   22,58  155,54   243,26  2566,06    31,54    82,14  460,89   84,05  515,59   4,46  79,52
sda               0,00     2,11   41,59  155,54   445,09  2566,07    30,55    75,28  381,78   67,69  465,76   4,24  83,51
md0               0,00     0,00    0,04    0,00     0,18     0,00     8,00     0,00    0,00    0,00    0,00   0,00   0,00
md1               0,00     0,00    0,00    0,00     0,00     0,00     0,00     0,00    0,00    0,00    0,00   0,00   0,00
md2               0,00     0,00   64,12  156,94   688,18  2564,28    29,43     0,00    0,00    0,00    0,00   0,00   0,00
md3               0,00     0,00    0,00    0,01     0,00     0,04     8,00     0,00    0,00    0,00    0,00   0,00   0,00

End Time: 2016-08-01 08:27:56+00:00
========================================================================
========================================================================
Testing 2014-08-22-REL9_5_0~2183
Start Time: 2016-08-08 00:28:45+00:00
Shared Buffers:  260000
Linux 3.16.0-4-amd64 (Debian-83-jessie-64-minimal) 	08.08.16 	_x86_64_	(8 CPU)

starting vacuum...end.
transaction type: <builtin: TPC-B (sort of)>
scaling factor: 300
query mode: simple
number of clients: 32
number of threads: 4
duration: 900 s
number of transactions actually processed: 193621
latency average: 148.744 ms
tps = 215.087229 (including connections establishing)
tps = 215.087691 (excluding connections establishing)
script statistics:
 - statement latencies in milliseconds:
         0.002  \set aid random(1, 100000 * :scale)
         0.001  \set bid random(1, 1 * :scale)
         0.001  \set tid random(1, 10 * :scale)
         0.001  \set delta random(-5000, 5000)
         0.225  BEGIN;
         8.064  UPDATE pgbench_accounts SET abalance = abalance + :delta WHERE aid = :aid;
         0.274  SELECT abalance FROM pgbench_accounts WHERE aid = :aid;
         0.990  UPDATE pgbench_tellers SET tbalance = tbalance + :delta WHERE tid = :tid;
         6.998  UPDATE pgbench_branches SET bbalance = bbalance + :delta WHERE bid = :bid;
         0.201  INSERT INTO pgbench_history (tid, bid, aid, delta, mtime) VALUES (:tid, :bid, :aid, :delta, CURRENT_TIMESTAMP);
       132.371  END;
avg-cpu:  %user   %nice %system %iowait  %steal   %idle
           2,25    0,00    0,67   19,21    0,00   77,87

Device:         rrqm/s   wrqm/s     r/s     w/s    rkB/s    wkB/s avgrq-sz avgqu-sz   await r_await w_await  svctm  %util
sdb               0,00     2,03   14,92  246,57   181,23  5014,79    39,74    60,57  231,55   44,36  242,88   2,71  70,88
sda               0,08     2,02   47,82  246,54   583,62  5014,46    38,03    52,84  179,39   38,12  206,80   2,94  86,58
md0               0,00     0,00    0,22    0,02     0,89     0,07     8,00     0,00    0,00    0,00    0,00   0,00   0,00
md1               0,00     0,00    0,00    0,00     0,00     0,00     0,00     0,00    0,00    0,00    0,00   0,00   0,00
md2               0,00     0,00   62,62  248,25   763,96  5015,92    37,19     0,00    0,00    0,00    0,00   0,00   0,00
md3               0,00     0,00    0,00    0,01     0,00     0,04     8,00     0,00    0,00    0,00    0,00   0,00   0,00

Control File Changes
--- /usr/local/oldpgsql/2014-08-22-REL9_5_0~2183/before.controldata	2016-08-08 02:28:45.795080246 +0200
+++ /usr/local/oldpgsql/2014-08-22-REL9_5_0~2183/after.controldata	2016-08-08 02:45:46.500488631 +0200
@@ -2,16 +2,16 @@
 Catalog version number:               201408162
 Database system identifier:           6255582009272126864
 Database cluster state:               in production
-pg_control last modified:             пн, 08-сер-2016 02:28:45 +0200
-Latest checkpoint location:           1/27053D78
-Prior checkpoint location:            1/27053D10
-Latest checkpoint's REDO location:    1/27053D78
-Latest checkpoint's REDO WAL file:    000000010000000100000027
+pg_control last modified:             пн, 08-сер-2016 02:45:46 +0200
+Latest checkpoint location:           1/B1A5C4F8
+Prior checkpoint location:            1/B1A5C490
+Latest checkpoint's REDO location:    1/B1A5C4F8
+Latest checkpoint's REDO WAL file:    0000000100000001000000B1
 Latest checkpoint's TimeLineID:       1
 Latest checkpoint's PrevTimeLineID:   1
 Latest checkpoint's full_page_writes: on
-Latest checkpoint's NextXID:          0/222118
-Latest checkpoint's NextOID:          16464
+Latest checkpoint's NextXID:          0/415784
+Latest checkpoint's NextOID:          24656
 Latest checkpoint's NextMultiXactId:  1
 Latest checkpoint's NextMultiOffset:  0
 Latest checkpoint's oldestXID:        700
@@ -19,7 +19,7 @@
 Latest checkpoint's oldestActiveXID:  0
 Latest checkpoint's oldestMultiXid:   1
 Latest checkpoint's oldestMulti's DB: 16384
-Time of latest checkpoint:            пн, 08-сер-2016 02:28:39 +0200
+Time of latest checkpoint:            пн, 08-сер-2016 02:45:05 +0200
 Fake LSN counter for unlogged rels:   0/1
 Minimum recovery ending location:     0/0
 Min recovery ending loc's timeline:   0
End Time: 2016-08-08 00:45:46+00:00
========================================================================
========================================================================
Testing 2014-08-22-REL9_5_0~2183
Start Time: 2016-08-08 23:22:01+00:00
Shared Buffers:  260000
size before pgbench of pgbench_tellers: 8
size before pgbench of pgbench_branches: 8
size before pgbench of pgbench_accounts: 64
size before pgbench of pgbench_branches_pkey: 32
size before pgbench of pgbench_tellers_pkey: 152
size before pgbench of pgbench_accounts_pkey: 658092
size before pgbench of pgbench_history: 24
total size before pgbench: 658380
Linux 3.16.0-4-amd64 (Debian-83-jessie-64-minimal) 	09.08.16 	_x86_64_	(8 CPU)

starting vacuum...end.
transaction type: <builtin: select only>
scaling factor: 300
query mode: simple
number of clients: 32
number of threads: 4
duration: 60 s
number of transactions actually processed: 4255171
latency average: 0.451 ms
tps = 70900.391286 (including connections establishing)
tps = 70903.046849 (excluding connections establishing)
script statistics:
 - statement latencies in milliseconds:
         0.001  \set aid random(1, 100000 * :scale)
         0.453  SELECT abalance FROM pgbench_accounts WHERE aid = :aid;
avg-cpu:  %user   %nice %system %iowait  %steal   %idle
          41,97    0,00    8,37   14,09    0,00   35,56

Device:         rrqm/s   wrqm/s     r/s     w/s    rkB/s    wkB/s avgrq-sz avgqu-sz   await r_await w_await  svctm  %util
sdb               0,24     1,33   90,87    2,40   984,67    13,68    21,41     5,69   60,96   61,11   55,22   2,98  27,83
sda               1,56     1,33   99,42    2,40  1077,02    13,68    21,42     8,93   87,66   87,96   74,98   2,88  29,31
md0               0,00     0,00    3,72    0,00    14,89     0,00     8,00     0,00    0,00    0,00    0,00   0,00   0,00
md1               0,00     0,00    0,00    0,00     0,00     0,00     0,00     0,00    0,00    0,00    0,00   0,00   0,00
md2               0,00     0,00  188,40    2,37  2046,53    10,53    21,57     0,00    0,00    0,00    0,00   0,00   0,00
md3               0,00     0,00    0,00    0,10     0,00     0,40     8,00     0,00    0,00    0,00    0,00   0,00   0,00

Control File Changes
--- /usr/local/oldpgsql/2014-08-22-REL9_5_0~2183/before.controldata	2016-08-09 01:24:46.707857718 +0200
+++ /usr/local/oldpgsql/2014-08-22-REL9_5_0~2183/after.controldata	2016-08-09 01:26:17.067931453 +0200
@@ -5,4 +5,4 @@
-pg_control last modified:             Mon Aug  8 23:24:46 2016
-Latest checkpoint location:           1/FE797A78
-Prior checkpoint location:            1/FE797A10
-Latest checkpoint's REDO location:    1/FE797A78
+pg_control last modified:             Mon Aug  8 23:26:16 2016
+Latest checkpoint location:           1/FE79B4C8
+Prior checkpoint location:            1/FE797A78
+Latest checkpoint's REDO location:    1/FE79B4C8
@@ -13,2 +13,2 @@
-Latest checkpoint's NextXID:          0/415784
-Latest checkpoint's NextOID:          16465
+Latest checkpoint's NextXID:          0/415785
+Latest checkpoint's NextOID:          24657
@@ -22 +22 @@
-Time of latest checkpoint:            Mon Aug  8 23:24:45 2016
+Time of latest checkpoint:            Mon Aug  8 23:26:16 2016
size after pgbench of pgbench_tellers: 8
size after pgbench of pgbench_branches: 8
size after pgbench of pgbench_accounts: 64
size after pgbench of pgbench_branches_pkey: 32
size after pgbench of pgbench_tellers_pkey: 152
size after pgbench of pgbench_accounts_pkey: 658092
size after pgbench of pgbench_history: 0
total size after pgbench: 658356
End Time: 2016-08-08 23:26:17+00:00
========================================================================
========================================================================
Testing 2014-08-22-REL9_5_0~2183
Start Time: 2016-08-10 14:19:36+00:00
Shared Buffers:  260000
size before pgbench of pgbench_tellers: 8
size before pgbench of pgbench_branches: 8
size before pgbench of pgbench_accounts: 64
size before pgbench of pgbench_branches_pkey: 32
size before pgbench of pgbench_tellers_pkey: 152
size before pgbench of pgbench_accounts_pkey: 658092
size before pgbench of pgbench_history: 0
total size before pgbench: 658356
Linux 3.16.0-4-amd64 (Debian-83-jessie-64-minimal) 	10.08.16 	_x86_64_	(8 CPU)

starting vacuum...end.
transaction type: <builtin: select only>
scaling factor: 300
query mode: simple
number of clients: 32
number of threads: 4
duration: 60 s
number of transactions actually processed: 4370365
latency average: 0.439 ms
tps = 72807.945432 (including connections establishing)
tps = 72810.453086 (excluding connections establishing)
script statistics:
 - statement latencies in milliseconds:
         0.001  \set aid random(1, 100000 * :scale)
         0.441  SELECT abalance FROM pgbench_accounts WHERE aid = :aid;
avg-cpu:  %user   %nice %system %iowait  %steal   %idle
          43,10    0,00    8,64   12,58    0,00   35,69

Device:         rrqm/s   wrqm/s     r/s     w/s    rkB/s    wkB/s avgrq-sz avgqu-sz   await r_await w_await  svctm  %util
sdb               0,00     0,91   92,28    2,52  1005,51    11,78    21,46     7,03   74,14   72,59  130,87   2,69  25,51
sda               0,02     0,91   91,01    2,52   988,89    11,78    21,40     6,08   65,04   66,06   28,39   2,87  26,81
md0               0,00     0,00    0,11    0,00     0,44     0,00     8,00     0,00    0,00    0,00    0,00   0,00   0,00
md1               0,00     0,00    0,00    0,00     0,00     0,00     0,00     0,00    0,00    0,00    0,00   0,00   0,00
md2               0,00     0,00  183,27    1,79  1993,96     8,22    21,64     0,00    0,00    0,00    0,00   0,00   0,00
md3               0,00     0,00    0,00    0,10     0,00     0,40     8,00     0,00    0,00    0,00    0,00   0,00   0,00

Control File Changes
--- /usr/local/oldpgsql/2014-08-22-REL9_5_0~2183/before.controldata	2016-08-10 16:20:45.467011276 +0200
+++ /usr/local/oldpgsql/2014-08-22-REL9_5_0~2183/after.controldata	2016-08-10 16:22:15.775357015 +0200
@@ -5,4 +5,4 @@
-pg_control last modified:             Wed Aug 10 14:20:45 2016
-Latest checkpoint location:           1/FE79B598
-Prior checkpoint location:            1/FE79B530
-Latest checkpoint's REDO location:    1/FE79B598
+pg_control last modified:             Wed Aug 10 14:22:15 2016
+Latest checkpoint location:           1/FE79F0E0
+Prior checkpoint location:            1/FE79B598
+Latest checkpoint's REDO location:    1/FE79F0E0
@@ -13,2 +13,2 @@
-Latest checkpoint's NextXID:          0/415785
-Latest checkpoint's NextOID:          16466
+Latest checkpoint's NextXID:          0/415786
+Latest checkpoint's NextOID:          24658
@@ -22 +22 @@
-Time of latest checkpoint:            Wed Aug 10 14:20:45 2016
+Time of latest checkpoint:            Wed Aug 10 14:22:15 2016
size after pgbench of pgbench_tellers: 8
size after pgbench of pgbench_branches: 8
size after pgbench of pgbench_accounts: 64
size after pgbench of pgbench_branches_pkey: 32
size after pgbench of pgbench_tellers_pkey: 152
size after pgbench of pgbench_accounts_pkey: 658092
size after pgbench of pgbench_history: 0
total size after pgbench: 658356
End Time: 2016-08-10 14:22:15+00:00
========================================================================
========================================================================
Testing 2014-08-22-REL9_5_0~2183
Start Time: 2016-08-11 04:54:02+00:00
Shared Buffers:  260000
size before pgbench of pgbench_tellers: 8
size before pgbench of pgbench_branches: 8
size before pgbench of pgbench_accounts: 64
size before pgbench of pgbench_branches_pkey: 32
size before pgbench of pgbench_tellers_pkey: 152
size before pgbench of pgbench_accounts_pkey: 658092
size before pgbench of pgbench_history: 0
total size before pgbench: 658356
Linux 3.16.0-4-amd64 (Debian-83-jessie-64-minimal) 	11.08.16 	_x86_64_	(8 CPU)

starting vacuum...end.
transaction type: <builtin: select only>
scaling factor: 300
query mode: simple
number of clients: 32
number of threads: 4
duration: 60 s
number of transactions actually processed: 4352862
latency average: 0.441 ms
tps = 72520.559181 (including connections establishing)
tps = 72523.721391 (excluding connections establishing)
script statistics:
 - statement latencies in milliseconds:
         0.001  \set aid random(1, 100000 * :scale)
         0.443  SELECT abalance FROM pgbench_accounts WHERE aid = :aid;
avg-cpu:  %user   %nice %system %iowait  %steal   %idle
          43,02    0,00    8,50   12,67    0,00   35,82

Device:         rrqm/s   wrqm/s     r/s     w/s    rkB/s    wkB/s avgrq-sz avgqu-sz   await r_await w_await  svctm  %util
sdb               0,01     0,77   91,31    2,32   997,24    10,70    21,53     6,41   68,50   68,01   87,71   2,72  25,45
sda               0,47     0,77   94,10    2,32  1002,00    10,70    21,01     7,09   73,51   72,81  101,93   2,84  27,40
md0               0,00     0,00    1,09    0,00     4,36     0,00     8,00     0,00    0,00    0,00    0,00   0,00   0,00
md1               0,00     0,00    0,00    0,00     0,00     0,00     0,00     0,00    0,00    0,00    0,00   0,00   0,00
md2               0,00     0,00  184,86    1,56  1994,89     7,29    21,48     0,00    0,00    0,00    0,00   0,00   0,00
md3               0,00     0,00    0,00    0,10     0,00     0,40     8,00     0,00    0,00    0,00    0,00   0,00   0,00

Control File Changes
--- /usr/local/oldpgsql/2014-08-22-REL9_5_0~2183/before.controldata	2016-08-11 06:55:11.349181922 +0200
+++ /usr/local/oldpgsql/2014-08-22-REL9_5_0~2183/after.controldata	2016-08-11 06:56:41.689153752 +0200
@@ -5,4 +5,4 @@
-pg_control last modified:             Thu Aug 11 04:55:11 2016
-Latest checkpoint location:           1/FE79F1B0
-Prior checkpoint location:            1/FE79F148
-Latest checkpoint's REDO location:    1/FE79F1B0
+pg_control last modified:             Thu Aug 11 04:56:41 2016
+Latest checkpoint location:           1/FE7A2DE8
+Prior checkpoint location:            1/FE79F1B0
+Latest checkpoint's REDO location:    1/FE7A2DE8
@@ -13,2 +13,2 @@
-Latest checkpoint's NextXID:          0/415786
-Latest checkpoint's NextOID:          16467
+Latest checkpoint's NextXID:          0/415787
+Latest checkpoint's NextOID:          24659
@@ -22 +22 @@
-Time of latest checkpoint:            Thu Aug 11 04:55:11 2016
+Time of latest checkpoint:            Thu Aug 11 04:56:41 2016
size after pgbench of pgbench_tellers: 8
size after pgbench of pgbench_branches: 8
size after pgbench of pgbench_accounts: 64
size after pgbench of pgbench_branches_pkey: 32
size after pgbench of pgbench_tellers_pkey: 152
size after pgbench of pgbench_accounts_pkey: 658092
size after pgbench of pgbench_history: 0
total size after pgbench: 658356
End Time: 2016-08-11 04:56:41+00:00
========================================================================
========================================================================
Testing 2014-08-22-REL9_5_0~2183
Start Time: 2016-08-11 18:34:57+00:00
Shared Buffers:  260000
size before pgbench of pgbench_tellers: 8
size before pgbench of pgbench_branches: 8
size before pgbench of pgbench_accounts: 64
size before pgbench of pgbench_branches_pkey: 32
size before pgbench of pgbench_tellers_pkey: 152
size before pgbench of pgbench_accounts_pkey: 658092
size before pgbench of pgbench_history: 0
total size before pgbench: 658356
Linux 3.16.0-4-amd64 (Debian-83-jessie-64-minimal) 	11.08.16 	_x86_64_	(8 CPU)

starting vacuum...end.
transaction type: <builtin: select only>
scaling factor: 300
query mode: simple
number of clients: 32
number of threads: 4
duration: 60 s
number of transactions actually processed: 4329250
latency average: 0.443 ms
tps = 72115.778236 (including connections establishing)
tps = 72118.417792 (excluding connections establishing)
script statistics:
 - statement latencies in milliseconds:
         0.001  \set aid random(1, 100000 * :scale)
         0.445  SELECT abalance FROM pgbench_accounts WHERE aid = :aid;
avg-cpu:  %user   %nice %system %iowait  %steal   %idle
          42,74    0,00    8,40   14,15    0,00   34,71

Device:         rrqm/s   wrqm/s     r/s     w/s    rkB/s    wkB/s avgrq-sz avgqu-sz   await r_await w_await  svctm  %util
sdb               0,33     1,02   91,69    2,82   973,82    13,55    20,89     4,66   49,26   48,86   62,03   2,84  26,81
sda               1,86     1,02   97,76    2,82  1060,84    13,55    21,36     9,63   95,70   94,24  146,31   2,78  28,00
md0               0,00     0,00    7,08    0,00    28,31     0,00     8,00     0,00    0,00    0,00    0,00   0,00   0,00
md1               0,00     0,00    0,00    0,00     0,00     0,00     0,00     0,00    0,00    0,00    0,00   0,00   0,00
md2               0,00     0,00  184,58    1,99  2005,78     9,02    21,60     0,00    0,00    0,00    0,00   0,00   0,00
md3               0,00     0,00    0,01    0,22     0,04     1,11     9,90     0,00    0,00    0,00    0,00   0,00   0,00

Control File Changes
--- /usr/local/oldpgsql/2014-08-22-REL9_5_0~2183/before.controldata	2016-08-11 20:36:07.655689078 +0200
+++ /usr/local/oldpgsql/2014-08-22-REL9_5_0~2183/after.controldata	2016-08-11 20:37:38.123837035 +0200
@@ -5,4 +5,4 @@
-pg_control last modified:             Thu Aug 11 18:36:07 2016
-Latest checkpoint location:           1/FE7A2EB8
-Prior checkpoint location:            1/FE7A2E50
-Latest checkpoint's REDO location:    1/FE7A2EB8
+pg_control last modified:             Thu Aug 11 18:37:37 2016
+Latest checkpoint location:           1/FE7A6BE8
+Prior checkpoint location:            1/FE7A2EB8
+Latest checkpoint's REDO location:    1/FE7A6BE8
@@ -13,2 +13,2 @@
-Latest checkpoint's NextXID:          0/415787
-Latest checkpoint's NextOID:          16468
+Latest checkpoint's NextXID:          0/415788
+Latest checkpoint's NextOID:          24660
@@ -22 +22 @@
-Time of latest checkpoint:            Thu Aug 11 18:36:07 2016
+Time of latest checkpoint:            Thu Aug 11 18:37:37 2016
size after pgbench of pgbench_tellers: 8
size after pgbench of pgbench_branches: 8
size after pgbench of pgbench_accounts: 64
size after pgbench of pgbench_branches_pkey: 32
size after pgbench of pgbench_tellers_pkey: 152
size after pgbench of pgbench_accounts_pkey: 658092
size after pgbench of pgbench_history: 0
total size after pgbench: 658356
End Time: 2016-08-11 18:37:38+00:00
========================================================================
========================================================================
Testing 2014-08-22-REL9_5_0~2183
Start Time: 2016-08-12 20:17:43+00:00
Shared Buffers:  260000
size before pgbench of pgbench_tellers: 8
size before pgbench of pgbench_branches: 8
size before pgbench of pgbench_accounts: 64
size before pgbench of pgbench_branches_pkey: 32
size before pgbench of pgbench_tellers_pkey: 152
size before pgbench of pgbench_accounts_pkey: 658092
size before pgbench of pgbench_history: 0
total size before pgbench: 658356
+ /usr/local/pgsql/bin/pgbench -T 60 -S -c 64 -j 4 -r
Linux 3.16.0-4-amd64 (Debian-83-jessie-64-minimal) 	12.08.16 	_x86_64_	(8 CPU)

starting vacuum...end.
transaction type: <builtin: select only>
scaling factor: 300
query mode: simple
number of clients: 64
number of threads: 4
duration: 60 s
number of transactions actually processed: 3988515
latency average: 0.963 ms
tps = 66428.073889 (including connections establishing)
tps = 66430.617465 (excluding connections establishing)
script statistics:
 - statement latencies in milliseconds:
         0.001  \set aid random(1, 100000 * :scale)
         0.966  SELECT abalance FROM pgbench_accounts WHERE aid = :aid;
avg-cpu:  %user   %nice %system %iowait  %steal   %idle
          41,61    0,00    8,95   14,98    0,00   34,46

Device:         rrqm/s   wrqm/s     r/s     w/s    rkB/s    wkB/s avgrq-sz avgqu-sz   await r_await w_await  svctm  %util
sdb               0,09     1,02   93,26    2,16   996,49    11,47    21,13    17,56  183,95  184,43  163,15   2,76  26,38
sda               0,27     1,02   93,36    2,16  1007,07    11,47    21,33     8,54   89,42   90,62   37,28   2,97  28,41
md0               0,00     0,00    0,80    0,00     3,20     0,00     8,00     0,00    0,00    0,00    0,00   0,00   0,00
md1               0,00     0,00    0,00    0,00     0,00     0,00     0,00     0,00    0,00    0,00    0,00   0,00   0,00
md2               0,00     0,00  186,24    1,73  2000,36     8,00    21,37     0,00    0,00    0,00    0,00   0,00   0,00
md3               0,00     0,00    0,00    0,20     0,00     0,80     8,00     0,00    0,00    0,00    0,00   0,00   0,00

Control File Changes
--- /usr/local/oldpgsql/2014-08-22-REL9_5_0~2183/before.controldata	2016-08-12 22:18:52.296027112 +0200
+++ /usr/local/oldpgsql/2014-08-22-REL9_5_0~2183/after.controldata	2016-08-12 22:20:22.552237262 +0200
@@ -5,4 +5,4 @@
-pg_control last modified:             Fri Aug 12 20:18:52 2016
-Latest checkpoint location:           1/FE7A6CB8
-Prior checkpoint location:            1/FE7A6C50
-Latest checkpoint's REDO location:    1/FE7A6CB8
+pg_control last modified:             Fri Aug 12 20:20:22 2016
+Latest checkpoint location:           1/FE7AAAD8
+Prior checkpoint location:            1/FE7A6CB8
+Latest checkpoint's REDO location:    1/FE7AAAD8
@@ -13,2 +13,2 @@
-Latest checkpoint's NextXID:          0/415788
-Latest checkpoint's NextOID:          16469
+Latest checkpoint's NextXID:          0/415789
+Latest checkpoint's NextOID:          24661
@@ -22 +22 @@
-Time of latest checkpoint:            Fri Aug 12 20:18:51 2016
+Time of latest checkpoint:            Fri Aug 12 20:20:22 2016
size after pgbench of pgbench_tellers: 8
size after pgbench of pgbench_branches: 8
size after pgbench of pgbench_accounts: 64
size after pgbench of pgbench_branches_pkey: 32
size after pgbench of pgbench_tellers_pkey: 152
size after pgbench of pgbench_accounts_pkey: 658092
size after pgbench of pgbench_history: 0
total size after pgbench: 658356
End Time: 2016-08-12 20:20:22+00:00
========================================================================
========================================================================
Testing 2014-08-22-REL9_5_0~2183
Start Time: 2016-08-13 04:31:36+00:00
Shared Buffers:  260000
size before pgbench of pgbench_tellers: 8
size before pgbench of pgbench_branches: 8
size before pgbench of pgbench_accounts: 64
size before pgbench of pgbench_branches_pkey: 32
size before pgbench of pgbench_tellers_pkey: 152
size before pgbench of pgbench_accounts_pkey: 658092
size before pgbench of pgbench_history: 0
total size before pgbench: 658356
Linux 3.16.0-4-amd64 (Debian-83-jessie-64-minimal) 	13.08.16 	_x86_64_	(8 CPU)

starting vacuum...end.
transaction type: <builtin: select only>
scaling factor: 300
query mode: simple
number of clients: 48
number of threads: 4
duration: 60 s
number of transactions actually processed: 4250450
latency average: 0.678 ms
tps = 70797.922712 (including connections establishing)
tps = 70800.838112 (excluding connections establishing)
script statistics:
 - statement latencies in milliseconds:
         0.001  \set aid random(1, 100000 * :scale)
         0.682  SELECT abalance FROM pgbench_accounts WHERE aid = :aid;
avg-cpu:  %user   %nice %system %iowait  %steal   %idle
          42,22    0,00    8,78   14,44    0,00   34,56

Device:         rrqm/s   wrqm/s     r/s     w/s    rkB/s    wkB/s avgrq-sz avgqu-sz   await r_await w_await  svctm  %util
sdb               0,00     0,96   93,38    2,76  1007,20    13,56    21,24    13,29  138,22  137,99  146,03   2,69  25,85
sda               0,00     0,96   91,62    2,76   986,76    13,56    21,20     7,95   84,21   77,83  296,35   2,87  27,13
md0               0,00     0,00    0,00    0,00     0,00     0,00     0,00     0,00    0,00    0,00    0,00   0,00   0,00
md1               0,00     0,00    0,00    0,00     0,00     0,00     0,00     0,00    0,00    0,00    0,00   0,00   0,00
md2               0,00     0,00  185,10    2,16  1993,96    10,13    21,40     0,00    0,00    0,00    0,00   0,00   0,00
md3               0,00     0,00    0,00    0,10     0,00     0,40     8,00     0,00    0,00    0,00    0,00   0,00   0,00

Control File Changes
--- /usr/local/oldpgsql/2014-08-22-REL9_5_0~2183/before.controldata	2016-08-13 06:32:45.264214241 +0200
+++ /usr/local/oldpgsql/2014-08-22-REL9_5_0~2183/after.controldata	2016-08-13 06:34:15.512615267 +0200
@@ -5,4 +5,4 @@
-pg_control last modified:             Sat Aug 13 04:32:45 2016
-Latest checkpoint location:           1/FE7AABA8
-Prior checkpoint location:            1/FE7AAB40
-Latest checkpoint's REDO location:    1/FE7AABA8
+pg_control last modified:             Sat Aug 13 04:34:15 2016
+Latest checkpoint location:           1/FE7AEB10
+Prior checkpoint location:            1/FE7AABA8
+Latest checkpoint's REDO location:    1/FE7AEB10
@@ -13,2 +13,2 @@
-Latest checkpoint's NextXID:          0/415789
-Latest checkpoint's NextOID:          16470
+Latest checkpoint's NextXID:          0/415790
+Latest checkpoint's NextOID:          24662
@@ -22 +22 @@
-Time of latest checkpoint:            Sat Aug 13 04:32:44 2016
+Time of latest checkpoint:            Sat Aug 13 04:34:15 2016
size after pgbench of pgbench_tellers: 8
size after pgbench of pgbench_branches: 8
size after pgbench of pgbench_accounts: 64
size after pgbench of pgbench_branches_pkey: 32
size after pgbench of pgbench_tellers_pkey: 152
size after pgbench of pgbench_accounts_pkey: 658092
size after pgbench of pgbench_history: 0
total size after pgbench: 658356
End Time: 2016-08-13 04:34:15+00:00
========================================================================
========================================================================
Testing 2014-08-22-REL9_5_0~2183
Start Time: 2016-08-13 14:08:56+00:00
Shared Buffers:  260000
size before pgbench of pgbench_tellers: 8
size before pgbench of pgbench_branches: 8
size before pgbench of pgbench_accounts: 64
size before pgbench of pgbench_branches_pkey: 32
size before pgbench of pgbench_tellers_pkey: 152
size before pgbench of pgbench_accounts_pkey: 658092
size before pgbench of pgbench_history: 0
total size before pgbench: 658356
Linux 3.16.0-4-amd64 (Debian-83-jessie-64-minimal) 	13.08.16 	_x86_64_	(8 CPU)

starting vacuum...end.
transaction type: <builtin: select only>
scaling factor: 300
query mode: simple
number of clients: 48
number of threads: 4
duration: 60 s
number of transactions actually processed: 4166411
latency average: 0.691 ms
tps = 69409.529771 (including connections establishing)
tps = 69412.451685 (excluding connections establishing)
script statistics:
 - statement latencies in milliseconds:
         0.001  \set aid random(1, 100000 * :scale)
         0.696  SELECT abalance FROM pgbench_accounts WHERE aid = :aid;
avg-cpu:  %user   %nice %system %iowait  %steal   %idle
          42,52    0,00    8,63   14,05    0,00   34,81

Device:         rrqm/s   wrqm/s     r/s     w/s    rkB/s    wkB/s avgrq-sz avgqu-sz   await r_await w_await  svctm  %util
sdb               0,00     0,90   91,02    2,53   999,73    11,98    21,63    10,87  116,22  115,45  144,11   2,77  25,87
sda               0,00     0,90   91,81    2,53   994,22    11,98    21,33     9,31   98,71  100,59   30,75   2,92  27,52
md0               0,00     0,00    0,00    0,00     0,00     0,00     0,00     0,00    0,00    0,00    0,00   0,00   0,00
md1               0,00     0,00    0,00    0,00     0,00     0,00     0,00     0,00    0,00    0,00    0,00   0,00   0,00
md2               0,00     0,00  182,92    1,87  1993,96     8,53    21,67     0,00    0,00    0,00    0,00   0,00   0,00
md3               0,00     0,00    0,00    0,10     0,00     0,40     8,00     0,00    0,00    0,00    0,00   0,00   0,00

Control File Changes
--- /usr/local/oldpgsql/2014-08-22-REL9_5_0~2183/before.controldata	2016-08-13 16:10:05.773478433 +0200
+++ /usr/local/oldpgsql/2014-08-22-REL9_5_0~2183/after.controldata	2016-08-13 16:11:36.025290235 +0200
@@ -5,4 +5,4 @@
-pg_control last modified:             Sat Aug 13 14:10:05 2016
-Latest checkpoint location:           1/FE7AEBE0
-Prior checkpoint location:            1/FE7AEB78
-Latest checkpoint's REDO location:    1/FE7AEBE0
+pg_control last modified:             Sat Aug 13 14:11:35 2016
+Latest checkpoint location:           1/FE7B2558
+Prior checkpoint location:            1/FE7AEBE0
+Latest checkpoint's REDO location:    1/FE7B2558
@@ -13,2 +13,2 @@
-Latest checkpoint's NextXID:          0/415790
-Latest checkpoint's NextOID:          16471
+Latest checkpoint's NextXID:          0/415791
+Latest checkpoint's NextOID:          24663
@@ -22 +22 @@
-Time of latest checkpoint:            Sat Aug 13 14:10:05 2016
+Time of latest checkpoint:            Sat Aug 13 14:11:35 2016
size after pgbench of pgbench_tellers: 8
size after pgbench of pgbench_branches: 8
size after pgbench of pgbench_accounts: 64
size after pgbench of pgbench_branches_pkey: 32
size after pgbench of pgbench_tellers_pkey: 152
size after pgbench of pgbench_accounts_pkey: 658092
size after pgbench of pgbench_history: 0
total size after pgbench: 658356
End Time: 2016-08-13 14:11:36+00:00
========================================================================
========================================================================
Testing 2014-08-22-REL9_5_0~2183
Start Time: 2016-08-14 04:56:32+00:00
Shared Buffers:  260000
size before pgbench of pgbench_tellers: 8
size before pgbench of pgbench_branches: 8
size before pgbench of pgbench_accounts: 64
size before pgbench of pgbench_branches_pkey: 32
size before pgbench of pgbench_tellers_pkey: 152
size before pgbench of pgbench_accounts_pkey: 658092
size before pgbench of pgbench_history: 0
total size before pgbench: 658356
Linux 3.16.0-4-amd64 (Debian-83-jessie-64-minimal) 	14.08.16 	_x86_64_	(8 CPU)

starting vacuum...end.
transaction type: <builtin: TPC-B (sort of)>
scaling factor: 300
query mode: simple
number of clients: 32
number of threads: 4
duration: 900 s
number of transactions actually processed: 266815
latency average: 107.940 ms
tps = 296.440222 (including connections establishing)
tps = 296.440959 (excluding connections establishing)
script statistics:
 - statement latencies in milliseconds:
         0.001  \set aid random(1, 100000 * :scale)
         0.001  \set bid random(1, 1 * :scale)
         0.001  \set tid random(1, 10 * :scale)
         0.001  \set delta random(-5000, 5000)
         0.288  BEGIN;
         1.213  UPDATE pgbench_accounts SET abalance = abalance + :delta WHERE aid = :aid;
         0.371  SELECT abalance FROM pgbench_accounts WHERE aid = :aid;
         0.910  UPDATE pgbench_tellers SET tbalance = tbalance + :delta WHERE tid = :tid;
         5.730  UPDATE pgbench_branches SET bbalance = bbalance + :delta WHERE bid = :bid;
         0.225  INSERT INTO pgbench_history (tid, bid, aid, delta, mtime) VALUES (:tid, :bid, :aid, :delta, CURRENT_TIMESTAMP);
        99.739  END;
avg-cpu:  %user   %nice %system %iowait  %steal   %idle
           2,84    0,00    0,80   10,31    0,00   86,05

Device:         rrqm/s   wrqm/s     r/s     w/s    rkB/s    wkB/s avgrq-sz avgqu-sz   await r_await w_await  svctm  %util
sdb               0,00     2,26    1,73  332,83    19,96  6033,86    36,19    67,62  202,01   39,52  202,86   2,26  75,72
sda               0,01     2,25   12,03  332,97   134,53  6034,96    35,77    59,58  172,70   27,50  177,94   2,45  84,45
md0               0,00     0,00    0,17    0,00     0,69     0,00     8,00     0,00    0,00    0,00    0,00   0,00   0,00
md1               0,00     0,00    0,00    0,00     0,00     0,00     0,00     0,00    0,00    0,00    0,00   0,00   0,00
md2               0,00     0,00   13,61  334,67   153,80  6035,42    35,54     0,00    0,00    0,00    0,00   0,00   0,00
md3               0,00     0,00    0,00    0,01     0,00     0,04     8,00     0,00    0,00    0,00    0,00   0,00   0,00

Control File Changes
--- /usr/local/oldpgsql/2014-08-22-REL9_5_0~2183/before.controldata	2016-08-14 06:57:42.902226966 +0200
+++ /usr/local/oldpgsql/2014-08-22-REL9_5_0~2183/after.controldata	2016-08-14 07:14:55.294669433 +0200
@@ -5,5 +5,5 @@
-pg_control last modified:             Sun Aug 14 04:57:42 2016
-Latest checkpoint location:           1/FE7B2628
-Prior checkpoint location:            1/FE7B25C0
-Latest checkpoint's REDO location:    1/FE7B2628
-Latest checkpoint's REDO WAL file:    0000000100000001000000FE
+pg_control last modified:             Sun Aug 14 05:14:55 2016
+Latest checkpoint location:           2/A812E568
+Prior checkpoint location:            2/A812E500
+Latest checkpoint's REDO location:    2/A812E568
+Latest checkpoint's REDO WAL file:    0000000100000002000000A8
@@ -13,2 +13,2 @@
-Latest checkpoint's NextXID:          0/415791
-Latest checkpoint's NextOID:          16472
+Latest checkpoint's NextXID:          0/682649
+Latest checkpoint's NextOID:          24664
@@ -22 +22 @@
-Time of latest checkpoint:            Sun Aug 14 04:57:42 2016
+Time of latest checkpoint:            Sun Aug 14 05:14:01 2016
size after pgbench of pgbench_tellers: 8
size after pgbench of pgbench_branches: 8
size after pgbench of pgbench_accounts: 64
size after pgbench of pgbench_branches_pkey: 32
size after pgbench of pgbench_tellers_pkey: 152
size after pgbench of pgbench_accounts_pkey: 658092
size after pgbench of pgbench_history: 24
total size after pgbench: 658380
End Time: 2016-08-14 05:14:55+00:00
========================================================================
========================================================================
Testing 2014-08-22-REL9_5_0~2183
Start Time: 2016-08-16 06:24:29+00:00
Shared Buffers:  260000
size before pgbench of pgbench_tellers: 8
size before pgbench of pgbench_branches: 8
size before pgbench of pgbench_accounts: 64
size before pgbench of pgbench_branches_pkey: 32
size before pgbench of pgbench_tellers_pkey: 152
size before pgbench of pgbench_accounts_pkey: 658092
size before pgbench of pgbench_history: 24
total size before pgbench: 658380
Linux 4.6.0-1-amd64 (Debian-83-jessie-64-minimal) 	16.08.16 	_x86_64_	(8 CPU)

starting vacuum...end.
transaction type: <builtin: TPC-B (sort of)>
scaling factor: 300
query mode: simple
number of clients: 32
number of threads: 4
duration: 900 s
number of transactions actually processed: 294812
latency average: 97.689 ms
tps = 327.543744 (including connections establishing)
tps = 327.544532 (excluding connections establishing)
script statistics:
 - statement latencies in milliseconds:
         0.002  \set aid random(1, 100000 * :scale)
         0.001  \set bid random(1, 1 * :scale)
         0.001  \set tid random(1, 10 * :scale)
         0.001  \set delta random(-5000, 5000)
         0.374  BEGIN;
         0.801  UPDATE pgbench_accounts SET abalance = abalance + :delta WHERE aid = :aid;
         0.492  SELECT abalance FROM pgbench_accounts WHERE aid = :aid;
         0.831  UPDATE pgbench_tellers SET tbalance = tbalance + :delta WHERE tid = :tid;
         5.409  UPDATE pgbench_branches SET bbalance = bbalance + :delta WHERE bid = :bid;
         0.288  INSERT INTO pgbench_history (tid, bid, aid, delta, mtime) VALUES (:tid, :bid, :aid, :delta, CURRENT_TIMESTAMP);
        90.143  END;
avg-cpu:  %user   %nice %system %iowait  %steal   %idle
           3,50    0,00    0,93   21,29    0,00   74,29

Device:         rrqm/s   wrqm/s     r/s     w/s    rkB/s    wkB/s avgrq-sz avgqu-sz   await r_await w_await  svctm  %util
sdb               0,00     4,56    0,21  322,37     1,94  5810,45    36,04    60,63  187,73   50,04  187,82   2,40  77,49
sda               0,03     4,52    2,59  322,56    24,71  5811,59    35,90    45,08  138,66   25,78  139,57   2,38  77,47
md0               0,00     0,00    0,12    0,00     0,47     0,00     8,00     0,00    0,00    0,00    0,00   0,00   0,00
md1               0,00     0,00    0,00    0,00     0,00     0,00     0,00     0,00    0,00    0,00    0,00   0,00   0,00
md2               0,00     0,00    2,71  339,35    26,18  5915,39    34,74     0,00    0,00    0,00    0,00   0,00   0,00
md3               0,00     0,00    0,00    0,01     0,00     0,04     8,00     0,00    0,00    0,00    0,00   0,00   0,00

Control File Changes
--- /usr/local/oldpgsql/2014-08-22-REL9_5_0~2183/before.controldata	2016-08-16 08:27:18.977932575 +0200
+++ /usr/local/oldpgsql/2014-08-22-REL9_5_0~2183/after.controldata	2016-08-16 08:44:56.434279976 +0200
@@ -5,5 +5,5 @@
-pg_control last modified:             Tue Aug 16 06:27:18 2016
-Latest checkpoint location:           3/B1FACA0
-Prior checkpoint location:            3/B1FAC38
-Latest checkpoint's REDO location:    3/B1FACA0
-Latest checkpoint's REDO WAL file:    00000001000000030000000B
+pg_control last modified:             Tue Aug 16 06:44:56 2016
+Latest checkpoint location:           3/B38FFC28
+Prior checkpoint location:            3/B38FFBC0
+Latest checkpoint's REDO location:    3/B38FFC28
+Latest checkpoint's REDO WAL file:    0000000100000003000000B3
@@ -13,2 +13,2 @@
-Latest checkpoint's NextXID:          0/682649
-Latest checkpoint's NextOID:          16473
+Latest checkpoint's NextXID:          0/977504
+Latest checkpoint's NextOID:          24665
@@ -22 +22 @@
-Time of latest checkpoint:            Tue Aug 16 06:27:18 2016
+Time of latest checkpoint:            Tue Aug 16 06:44:11 2016
size after pgbench of pgbench_tellers: 8
size after pgbench of pgbench_branches: 8
size after pgbench of pgbench_accounts: 64
size after pgbench of pgbench_branches_pkey: 32
size after pgbench of pgbench_tellers_pkey: 152
size after pgbench of pgbench_accounts_pkey: 658092
size after pgbench of pgbench_history: 24
total size after pgbench: 658380
End Time: 2016-08-16 06:44:56+00:00
========================================================================
========================================================================
Testing 2014-08-22-REL9_5_0~2183
Start Time: 2016-08-20 05:18:00+00:00
Shared Buffers:  260000
size before pgbench of pgbench_tellers: 8
size before pgbench of pgbench_branches: 8
size before pgbench of pgbench_accounts: 64
size before pgbench of pgbench_branches_pkey: 32
size before pgbench of pgbench_tellers_pkey: 152
size before pgbench of pgbench_accounts_pkey: 658092
size before pgbench of pgbench_history: 24
total size before pgbench: 658380
Linux 4.6.0-1-amd64 (Debian-83-jessie-64-minimal) 	20.08.16 	_x86_64_	(8 CPU)

starting vacuum...end.
transaction type: <builtin: TPC-B (sort of)>
scaling factor: 300
query mode: simple
number of clients: 32
number of threads: 4
duration: 900 s
number of transactions actually processed: 338961
latency average: 84.966 ms
tps = 376.592739 (including connections establishing)
tps = 376.593756 (excluding connections establishing)
script statistics:
 - statement latencies in milliseconds:
         0.002  \set aid random(1, 100000 * :scale)
         0.001  \set bid random(1, 1 * :scale)
         0.001  \set tid random(1, 10 * :scale)
         0.001  \set delta random(-5000, 5000)
         0.382  BEGIN;
         0.701  UPDATE pgbench_accounts SET abalance = abalance + :delta WHERE aid = :aid;
         0.498  SELECT abalance FROM pgbench_accounts WHERE aid = :aid;
         0.857  UPDATE pgbench_tellers SET tbalance = tbalance + :delta WHERE tid = :tid;
         4.486  UPDATE pgbench_branches SET bbalance = bbalance + :delta WHERE bid = :bid;
         0.298  INSERT INTO pgbench_history (tid, bid, aid, delta, mtime) VALUES (:tid, :bid, :aid, :delta, CURRENT_TIMESTAMP);
        78.262  END;
avg-cpu:  %user   %nice %system %iowait  %steal   %idle
           3,94    0,00    1,02   20,46    0,00   74,57

Device:         rrqm/s   wrqm/s     r/s     w/s    rkB/s    wkB/s avgrq-sz avgqu-sz   await r_await w_await  svctm  %util
sdb               0,00    10,35    0,05  357,66     0,42  6214,13    34,75    66,67  186,39   40,41  186,41   2,20  78,53
sda               0,01    10,19    0,73  357,82     6,34  6214,13    34,70    45,69  127,44   20,66  127,65   2,08  74,72
md0               0,00     0,00    0,07    0,00     0,29     0,00     8,00     0,00    0,00    0,00    0,00   0,00   0,00
md1               0,00     0,00    0,00    0,00     0,00     0,00     0,00     0,00    0,00    0,00    0,00   0,00   0,00
md2               0,00     0,00    0,73  367,59     6,47  6212,75    33,77     0,00    0,00    0,00    0,00   0,00   0,00
md3               0,00     0,00    0,00    0,01     0,00     0,04     8,00     0,00    0,00    0,00    0,00   0,00   0,00

Control File Changes
--- /usr/local/oldpgsql/2014-08-22-REL9_5_0~2183/before.controldata	2016-08-20 07:20:42.071272899 +0200
+++ /usr/local/oldpgsql/2014-08-22-REL9_5_0~2183/after.controldata	2016-08-20 07:36:53.159709615 +0200
@@ -5,5 +5,5 @@
-pg_control last modified:             Sat Aug 20 05:20:41 2016
-Latest checkpoint location:           4/1E4ACB78
-Prior checkpoint location:            4/1E4ACB10
-Latest checkpoint's REDO location:    4/1E4ACB78
-Latest checkpoint's REDO WAL file:    00000001000000040000001E
+pg_control last modified:             Sat Aug 20 05:36:53 2016
+Latest checkpoint location:           4/D1F74ED0
+Prior checkpoint location:            4/CFFD4650
+Latest checkpoint's REDO location:    4/D1F36760
+Latest checkpoint's REDO WAL file:    0000000100000004000000D1
@@ -13,2 +13,2 @@
-Latest checkpoint's NextXID:          0/977504
-Latest checkpoint's NextOID:          16474
+Latest checkpoint's NextXID:          0/1316505
+Latest checkpoint's NextOID:          24666
@@ -22 +22 @@
-Time of latest checkpoint:            Sat Aug 20 05:20:41 2016
+Time of latest checkpoint:            Sat Aug 20 05:36:12 2016
size after pgbench of pgbench_tellers: 8
size after pgbench of pgbench_branches: 8
size after pgbench of pgbench_accounts: 64
size after pgbench of pgbench_branches_pkey: 32
size after pgbench of pgbench_tellers_pkey: 152
size after pgbench of pgbench_accounts_pkey: 658092
size after pgbench of pgbench_history: 24
total size after pgbench: 658380
End Time: 2016-08-20 05:36:53+00:00
========================================================================
