ERROR:  table "pgbench_history" does not exist
(ignoring this error and continuing anyway)
ERROR:  table "pgbench_tellers" does not exist
(ignoring this error and continuing anyway)
ERROR:  table "pgbench_accounts" does not exist
(ignoring this error and continuing anyway)
ERROR:  table "pgbench_branches" does not exist
(ignoring this error and continuing anyway)
creating tables...
100000 of 30000000 tuples (0%) done (elapsed 23.83 s, remaining 7126.48 s)
200000 of 30000000 tuples (0%) done (elapsed 43.93 s, remaining 6546.28 s)
300000 of 30000000 tuples (1%) done (elapsed 61.06 s, remaining 6044.69 s)
400000 of 30000000 tuples (1%) done (elapsed 78.19 s, remaining 5786.06 s)
500000 of 30000000 tuples (1%) done (elapsed 95.03 s, remaining 5606.98 s)
600000 of 30000000 tuples (2%) done (elapsed 112.38 s, remaining 5506.61 s)
700000 of 30000000 tuples (2%) done (elapsed 130.05 s, remaining 5443.45 s)
800000 of 30000000 tuples (2%) done (elapsed 147.38 s, remaining 5379.28 s)
900000 of 30000000 tuples (3%) done (elapsed 164.85 s, remaining 5330.29 s)
1000000 of 30000000 tuples (3%) done (elapsed 180.80 s, remaining 5243.21 s)
1100000 of 30000000 tuples (3%) done (elapsed 197.67 s, remaining 5193.39 s)
1200000 of 30000000 tuples (4%) done (elapsed 215.96 s, remaining 5183.11 s)
1300000 of 30000000 tuples (4%) done (elapsed 232.71 s, remaining 5137.47 s)
1400000 of 30000000 tuples (4%) done (elapsed 249.55 s, remaining 5097.98 s)
1500000 of 30000000 tuples (5%) done (elapsed 266.29 s, remaining 5059.50 s)
1600000 of 30000000 tuples (5%) done (elapsed 284.80 s, remaining 5055.28 s)
1700000 of 30000000 tuples (5%) done (elapsed 301.55 s, remaining 5019.99 s)
1800000 of 30000000 tuples (6%) done (elapsed 318.34 s, remaining 4987.32 s)
1900000 of 30000000 tuples (6%) done (elapsed 335.43 s, remaining 4960.83 s)
2000000 of 30000000 tuples (6%) done (elapsed 352.10 s, remaining 4929.34 s)
2100000 of 30000000 tuples (7%) done (elapsed 370.87 s, remaining 4927.33 s)
2200000 of 30000000 tuples (7%) done (elapsed 387.57 s, remaining 4897.45 s)
2300000 of 30000000 tuples (7%) done (elapsed 404.74 s, remaining 4874.52 s)
2400000 of 30000000 tuples (8%) done (elapsed 422.13 s, remaining 4854.54 s)
2500000 of 30000000 tuples (8%) done (elapsed 439.51 s, remaining 4834.57 s)
2600000 of 30000000 tuples (8%) done (elapsed 457.22 s, remaining 4818.35 s)
2700000 of 30000000 tuples (9%) done (elapsed 474.62 s, remaining 4798.97 s)
2800000 of 30000000 tuples (9%) done (elapsed 491.54 s, remaining 4774.96 s)
2900000 of 30000000 tuples (9%) done (elapsed 508.10 s, remaining 4748.11 s)
3000000 of 30000000 tuples (10%) done (elapsed 524.47 s, remaining 4720.21 s)
3100000 of 30000000 tuples (10%) done (elapsed 543.30 s, remaining 4714.43 s)
3200000 of 30000000 tuples (10%) done (elapsed 559.93 s, remaining 4689.42 s)
3300000 of 30000000 tuples (11%) done (elapsed 577.27 s, remaining 4670.65 s)
3400000 of 30000000 tuples (11%) done (elapsed 594.43 s, remaining 4650.51 s)
3500000 of 30000000 tuples (11%) done (elapsed 611.86 s, remaining 4632.65 s)
3600000 of 30000000 tuples (12%) done (elapsed 630.20 s, remaining 4621.47 s)
3700000 of 30000000 tuples (12%) done (elapsed 647.15 s, remaining 4600.00 s)
3800000 of 30000000 tuples (12%) done (elapsed 665.11 s, remaining 4585.75 s)
3900000 of 30000000 tuples (13%) done (elapsed 681.89 s, remaining 4563.45 s)
4000000 of 30000000 tuples (13%) done (elapsed 698.53 s, remaining 4540.47 s)
4100000 of 30000000 tuples (13%) done (elapsed 717.27 s, remaining 4531.04 s)
4200000 of 30000000 tuples (14%) done (elapsed 733.70 s, remaining 4506.99 s)
4300000 of 30000000 tuples (14%) done (elapsed 750.28 s, remaining 4484.26 s)
4400000 of 30000000 tuples (14%) done (elapsed 767.22 s, remaining 4463.80 s)
4500000 of 30000000 tuples (15%) done (elapsed 785.41 s, remaining 4450.65 s)
4600000 of 30000000 tuples (15%) done (elapsed 801.80 s, remaining 4427.32 s)
4700000 of 30000000 tuples (15%) done (elapsed 819.85 s, remaining 4413.25 s)
4800000 of 30000000 tuples (16%) done (elapsed 836.19 s, remaining 4390.00 s)
4900000 of 30000000 tuples (16%) done (elapsed 852.95 s, remaining 4369.20 s)
5000000 of 30000000 tuples (16%) done (elapsed 871.21 s, remaining 4356.05 s)
5100000 of 30000000 tuples (17%) done (elapsed 887.97 s, remaining 4335.40 s)
5200000 of 30000000 tuples (17%) done (elapsed 904.38 s, remaining 4313.21 s)
5300000 of 30000000 tuples (17%) done (elapsed 921.90 s, remaining 4296.38 s)
5400000 of 30000000 tuples (18%) done (elapsed 938.21 s, remaining 4274.07 s)
5500000 of 30000000 tuples (18%) done (elapsed 956.54 s, remaining 4260.95 s)
5600000 of 30000000 tuples (18%) done (elapsed 973.55 s, remaining 4241.90 s)
5700000 of 30000000 tuples (19%) done (elapsed 990.03 s, remaining 4220.67 s)
5800000 of 30000000 tuples (19%) done (elapsed 1006.78 s, remaining 4200.68 s)
5900000 of 30000000 tuples (19%) done (elapsed 1023.28 s, remaining 4179.83 s)
6000000 of 30000000 tuples (20%) done (elapsed 1041.64 s, remaining 4166.56 s)
6100000 of 30000000 tuples (20%) done (elapsed 1058.07 s, remaining 4145.56 s)
6200000 of 30000000 tuples (20%) done (elapsed 1074.48 s, remaining 4124.62 s)
6300000 of 30000000 tuples (21%) done (elapsed 1091.70 s, remaining 4106.89 s)
6400000 of 30000000 tuples (21%) done (elapsed 1108.26 s, remaining 4086.70 s)
6500000 of 30000000 tuples (21%) done (elapsed 1126.12 s, remaining 4071.36 s)
6600000 of 30000000 tuples (22%) done (elapsed 1143.17 s, remaining 4053.04 s)
6700000 of 30000000 tuples (22%) done (elapsed 1159.56 s, remaining 4032.51 s)
6800000 of 30000000 tuples (22%) done (elapsed 1176.43 s, remaining 4013.69 s)
6900000 of 30000000 tuples (23%) done (elapsed 1193.15 s, remaining 3994.44 s)
7000000 of 30000000 tuples (23%) done (elapsed 1211.01 s, remaining 3979.04 s)
7100000 of 30000000 tuples (23%) done (elapsed 1227.49 s, remaining 3959.07 s)
7200000 of 30000000 tuples (24%) done (elapsed 1244.87 s, remaining 3942.08 s)
7300000 of 30000000 tuples (24%) done (elapsed 1261.30 s, remaining 3922.12 s)
7400000 of 30000000 tuples (24%) done (elapsed 1279.28 s, remaining 3906.98 s)
7500000 of 30000000 tuples (25%) done (elapsed 1296.21 s, remaining 3888.64 s)
7600000 of 30000000 tuples (25%) done (elapsed 1312.99 s, remaining 3869.86 s)
7700000 of 30000000 tuples (25%) done (elapsed 1329.32 s, remaining 3849.84 s)
7800000 of 30000000 tuples (26%) done (elapsed 1346.50 s, remaining 3832.35 s)
7900000 of 30000000 tuples (26%) done (elapsed 1364.31 s, remaining 3816.60 s)
8000000 of 30000000 tuples (26%) done (elapsed 1380.83 s, remaining 3797.29 s)
8100000 of 30000000 tuples (27%) done (elapsed 1397.62 s, remaining 3778.76 s)
8200000 of 30000000 tuples (27%) done (elapsed 1415.23 s, remaining 3762.44 s)
8300000 of 30000000 tuples (27%) done (elapsed 1432.22 s, remaining 3744.49 s)
8400000 of 30000000 tuples (28%) done (elapsed 1450.47 s, remaining 3729.78 s)
8500000 of 30000000 tuples (28%) done (elapsed 1467.64 s, remaining 3712.27 s)
8600000 of 30000000 tuples (28%) done (elapsed 1484.11 s, remaining 3693.03 s)
8700000 of 30000000 tuples (29%) done (elapsed 1500.79 s, remaining 3674.36 s)
8800000 of 30000000 tuples (29%) done (elapsed 1518.08 s, remaining 3657.20 s)
8900000 of 30000000 tuples (29%) done (elapsed 1535.87 s, remaining 3641.23 s)
9000000 of 30000000 tuples (30%) done (elapsed 1552.87 s, remaining 3623.37 s)
9100000 of 30000000 tuples (30%) done (elapsed 1570.46 s, remaining 3606.89 s)
9200000 of 30000000 tuples (30%) done (elapsed 1587.26 s, remaining 3588.59 s)
9300000 of 30000000 tuples (31%) done (elapsed 1604.56 s, remaining 3571.45 s)
9400000 of 30000000 tuples (31%) done (elapsed 1624.66 s, remaining 3560.42 s)
9500000 of 30000000 tuples (31%) done (elapsed 1642.04 s, remaining 3543.34 s)
9600000 of 30000000 tuples (32%) done (elapsed 1658.97 s, remaining 3525.31 s)
9700000 of 30000000 tuples (32%) done (elapsed 1676.38 s, remaining 3508.30 s)
9800000 of 30000000 tuples (32%) done (elapsed 1693.03 s, remaining 3489.72 s)
9900000 of 30000000 tuples (33%) done (elapsed 1712.90 s, remaining 3477.71 s)
10000000 of 30000000 tuples (33%) done (elapsed 1731.11 s, remaining 3462.22 s)
10100000 of 30000000 tuples (33%) done (elapsed 1747.52 s, remaining 3443.13 s)
10200000 of 30000000 tuples (34%) done (elapsed 1765.12 s, remaining 3426.41 s)
10300000 of 30000000 tuples (34%) done (elapsed 1781.97 s, remaining 3408.23 s)
10400000 of 30000000 tuples (34%) done (elapsed 1799.94 s, remaining 3392.19 s)
10500000 of 30000000 tuples (35%) done (elapsed 1816.37 s, remaining 3373.26 s)
10600000 of 30000000 tuples (35%) done (elapsed 1834.56 s, remaining 3357.60 s)
10700000 of 30000000 tuples (35%) done (elapsed 1851.34 s, remaining 3339.33 s)
10800000 of 30000000 tuples (36%) done (elapsed 1867.59 s, remaining 3320.16 s)
10900000 of 30000000 tuples (36%) done (elapsed 1885.49 s, remaining 3303.92 s)
11000000 of 30000000 tuples (36%) done (elapsed 1902.23 s, remaining 3285.68 s)
11100000 of 30000000 tuples (37%) done (elapsed 1919.89 s, remaining 3269.00 s)
11200000 of 30000000 tuples (37%) done (elapsed 1936.76 s, remaining 3251.00 s)
11300000 of 30000000 tuples (37%) done (elapsed 1954.81 s, remaining 3234.96 s)
11400000 of 30000000 tuples (38%) done (elapsed 1971.03 s, remaining 3215.90 s)
11500000 of 30000000 tuples (38%) done (elapsed 1988.61 s, remaining 3199.07 s)
11600000 of 30000000 tuples (38%) done (elapsed 2005.77 s, remaining 3181.57 s)
11700000 of 30000000 tuples (39%) done (elapsed 2023.31 s, remaining 3164.67 s)
11800000 of 30000000 tuples (39%) done (elapsed 2040.17 s, remaining 3146.70 s)
11900000 of 30000000 tuples (39%) done (elapsed 2058.36 s, remaining 3130.79 s)
12000000 of 30000000 tuples (40%) done (elapsed 2074.97 s, remaining 3112.46 s)
12100000 of 30000000 tuples (40%) done (elapsed 2092.77 s, remaining 3095.91 s)
12200000 of 30000000 tuples (40%) done (elapsed 2109.36 s, remaining 3077.59 s)
12300000 of 30000000 tuples (41%) done (elapsed 2126.89 s, remaining 3060.64 s)
12400000 of 30000000 tuples (41%) done (elapsed 2143.68 s, remaining 3042.64 s)
12500000 of 30000000 tuples (41%) done (elapsed 2161.59 s, remaining 3026.22 s)
12600000 of 30000000 tuples (42%) done (elapsed 2178.37 s, remaining 3008.22 s)
12700000 of 30000000 tuples (42%) done (elapsed 2196.25 s, remaining 2991.74 s)
12800000 of 30000000 tuples (42%) done (elapsed 2212.51 s, remaining 2973.05 s)
12900000 of 30000000 tuples (43%) done (elapsed 2230.59 s, remaining 2956.83 s)
13000000 of 30000000 tuples (43%) done (elapsed 2246.63 s, remaining 2937.90 s)
13100000 of 30000000 tuples (43%) done (elapsed 2264.51 s, remaining 2921.39 s)
13200000 of 30000000 tuples (44%) done (elapsed 2281.73 s, remaining 2904.02 s)
13300000 of 30000000 tuples (44%) done (elapsed 2299.31 s, remaining 2887.11 s)
13400000 of 30000000 tuples (44%) done (elapsed 2315.65 s, remaining 2868.64 s)
13500000 of 30000000 tuples (45%) done (elapsed 2333.71 s, remaining 2852.31 s)
13600000 of 30000000 tuples (45%) done (elapsed 2349.89 s, remaining 2833.69 s)
13700000 of 30000000 tuples (45%) done (elapsed 2367.86 s, remaining 2817.23 s)
13800000 of 30000000 tuples (46%) done (elapsed 2384.99 s, remaining 2799.77 s)
13900000 of 30000000 tuples (46%) done (elapsed 2402.76 s, remaining 2783.05 s)
14000000 of 30000000 tuples (46%) done (elapsed 2419.43 s, remaining 2765.06 s)
14100000 of 30000000 tuples (47%) done (elapsed 2439.10 s, remaining 2750.47 s)
14200000 of 30000000 tuples (47%) done (elapsed 2455.81 s, remaining 2732.52 s)
14300000 of 30000000 tuples (47%) done (elapsed 2473.52 s, remaining 2715.68 s)
14400000 of 30000000 tuples (48%) done (elapsed 2490.77 s, remaining 2698.33 s)
14500000 of 30000000 tuples (48%) done (elapsed 2508.25 s, remaining 2681.24 s)
14600000 of 30000000 tuples (48%) done (elapsed 2524.98 s, remaining 2663.33 s)
14700000 of 30000000 tuples (49%) done (elapsed 2543.13 s, remaining 2646.93 s)
14800000 of 30000000 tuples (49%) done (elapsed 2559.89 s, remaining 2629.08 s)
14900000 of 30000000 tuples (49%) done (elapsed 2577.17 s, remaining 2611.76 s)
15000000 of 30000000 tuples (50%) done (elapsed 2594.63 s, remaining 2594.63 s)
15100000 of 30000000 tuples (50%) done (elapsed 2612.17 s, remaining 2577.57 s)
15200000 of 30000000 tuples (50%) done (elapsed 2628.67 s, remaining 2559.49 s)
15300000 of 30000000 tuples (51%) done (elapsed 2646.36 s, remaining 2542.59 s)
15400000 of 30000000 tuples (51%) done (elapsed 2664.03 s, remaining 2525.64 s)
15500000 of 30000000 tuples (51%) done (elapsed 2681.45 s, remaining 2508.45 s)
15600000 of 30000000 tuples (52%) done (elapsed 2698.52 s, remaining 2490.94 s)
15700000 of 30000000 tuples (52%) done (elapsed 2716.30 s, remaining 2474.08 s)
15800000 of 30000000 tuples (52%) done (elapsed 2732.61 s, remaining 2455.89 s)
15900000 of 30000000 tuples (53%) done (elapsed 2750.11 s, remaining 2438.78 s)
16000000 of 30000000 tuples (53%) done (elapsed 2768.20 s, remaining 2422.17 s)
16100000 of 30000000 tuples (53%) done (elapsed 2785.84 s, remaining 2405.17 s)
16200000 of 30000000 tuples (54%) done (elapsed 2802.46 s, remaining 2387.28 s)
16300000 of 30000000 tuples (54%) done (elapsed 2820.32 s, remaining 2370.45 s)
16400000 of 30000000 tuples (54%) done (elapsed 2836.56 s, remaining 2352.27 s)
16500000 of 30000000 tuples (55%) done (elapsed 2854.24 s, remaining 2335.29 s)
16600000 of 30000000 tuples (55%) done (elapsed 2870.61 s, remaining 2317.24 s)
16700000 of 30000000 tuples (55%) done (elapsed 2888.22 s, remaining 2300.20 s)
16800000 of 30000000 tuples (56%) done (elapsed 2904.27 s, remaining 2281.93 s)
16900000 of 30000000 tuples (56%) done (elapsed 2922.26 s, remaining 2265.18 s)
17000000 of 30000000 tuples (56%) done (elapsed 2938.62 s, remaining 2247.18 s)
17100000 of 30000000 tuples (57%) done (elapsed 2955.39 s, remaining 2229.50 s)
17200000 of 30000000 tuples (57%) done (elapsed 2973.92 s, remaining 2213.15 s)
17300000 of 30000000 tuples (57%) done (elapsed 2990.53 s, remaining 2195.36 s)
17400000 of 30000000 tuples (58%) done (elapsed 3008.11 s, remaining 2178.29 s)
17500000 of 30000000 tuples (58%) done (elapsed 3024.59 s, remaining 2160.42 s)
17600000 of 30000000 tuples (58%) done (elapsed 3042.39 s, remaining 2143.50 s)
17700000 of 30000000 tuples (59%) done (elapsed 3058.80 s, remaining 2125.61 s)
17800000 of 30000000 tuples (59%) done (elapsed 3076.41 s, remaining 2108.55 s)
17900000 of 30000000 tuples (59%) done (elapsed 3093.29 s, remaining 2090.99 s)
18000000 of 30000000 tuples (60%) done (elapsed 3110.70 s, remaining 2073.80 s)
18100000 of 30000000 tuples (60%) done (elapsed 3127.80 s, remaining 2056.40 s)
18200000 of 30000000 tuples (60%) done (elapsed 3145.96 s, remaining 2039.69 s)
18300000 of 30000000 tuples (61%) done (elapsed 3162.36 s, remaining 2021.84 s)
18400000 of 30000000 tuples (61%) done (elapsed 3180.26 s, remaining 2004.95 s)
18500000 of 30000000 tuples (61%) done (elapsed 3196.89 s, remaining 1987.26 s)
18600000 of 30000000 tuples (62%) done (elapsed 3214.86 s, remaining 1970.40 s)
18700000 of 30000000 tuples (62%) done (elapsed 3231.04 s, remaining 1952.45 s)
18800000 of 30000000 tuples (62%) done (elapsed 3249.44 s, remaining 1935.83 s)
18900000 of 30000000 tuples (63%) done (elapsed 3266.04 s, remaining 1918.15 s)
19000000 of 30000000 tuples (63%) done (elapsed 3283.89 s, remaining 1901.20 s)
19100000 of 30000000 tuples (63%) done (elapsed 3300.65 s, remaining 1883.62 s)
19200000 of 30000000 tuples (64%) done (elapsed 3318.25 s, remaining 1866.52 s)
19300000 of 30000000 tuples (64%) done (elapsed 3335.13 s, remaining 1849.01 s)
19400000 of 30000000 tuples (64%) done (elapsed 3354.29 s, remaining 1832.76 s)
19500000 of 30000000 tuples (65%) done (elapsed 3370.55 s, remaining 1814.91 s)
19600000 of 30000000 tuples (65%) done (elapsed 3388.52 s, remaining 1797.99 s)
19700000 of 30000000 tuples (65%) done (elapsed 3405.39 s, remaining 1780.48 s)
19800000 of 30000000 tuples (66%) done (elapsed 3423.43 s, remaining 1763.58 s)
19900000 of 30000000 tuples (66%) done (elapsed 3439.88 s, remaining 1745.87 s)
20000000 of 30000000 tuples (66%) done (elapsed 3457.36 s, remaining 1728.68 s)
20100000 of 30000000 tuples (67%) done (elapsed 3474.19 s, remaining 1711.17 s)
20200000 of 30000000 tuples (67%) done (elapsed 3491.98 s, remaining 1694.13 s)
20300000 of 30000000 tuples (67%) done (elapsed 3508.58 s, remaining 1676.52 s)
20400000 of 30000000 tuples (68%) done (elapsed 3526.26 s, remaining 1659.42 s)
20500000 of 30000000 tuples (68%) done (elapsed 3543.78 s, remaining 1642.24 s)
20600000 of 30000000 tuples (68%) done (elapsed 3561.36 s, remaining 1625.09 s)
20700000 of 30000000 tuples (69%) done (elapsed 3578.15 s, remaining 1607.57 s)
20800000 of 30000000 tuples (69%) done (elapsed 3595.65 s, remaining 1590.39 s)
20900000 of 30000000 tuples (69%) done (elapsed 3611.80 s, remaining 1572.60 s)
21000000 of 30000000 tuples (70%) done (elapsed 3630.19 s, remaining 1555.80 s)
21100000 of 30000000 tuples (70%) done (elapsed 3646.36 s, remaining 1538.04 s)
21200000 of 30000000 tuples (70%) done (elapsed 3664.41 s, remaining 1521.07 s)
21300000 of 30000000 tuples (71%) done (elapsed 3681.06 s, remaining 1503.53 s)
21400000 of 30000000 tuples (71%) done (elapsed 3698.71 s, remaining 1486.40 s)
21500000 of 30000000 tuples (71%) done (elapsed 3715.62 s, remaining 1468.96 s)
21600000 of 30000000 tuples (72%) done (elapsed 3733.81 s, remaining 1452.04 s)
21700000 of 30000000 tuples (72%) done (elapsed 3750.06 s, remaining 1434.35 s)
21800000 of 30000000 tuples (72%) done (elapsed 3767.95 s, remaining 1417.30 s)
21900000 of 30000000 tuples (73%) done (elapsed 3784.79 s, remaining 1399.85 s)
22000000 of 30000000 tuples (73%) done (elapsed 3802.22 s, remaining 1382.63 s)
22100000 of 30000000 tuples (73%) done (elapsed 3819.59 s, remaining 1365.38 s)
22200000 of 30000000 tuples (74%) done (elapsed 3837.46 s, remaining 1348.30 s)
22300000 of 30000000 tuples (74%) done (elapsed 3853.70 s, remaining 1330.65 s)
22400000 of 30000000 tuples (74%) done (elapsed 3871.62 s, remaining 1313.59 s)
22500000 of 30000000 tuples (75%) done (elapsed 3888.05 s, remaining 1296.02 s)
22600000 of 30000000 tuples (75%) done (elapsed 3906.16 s, remaining 1279.01 s)
22700000 of 30000000 tuples (75%) done (elapsed 3922.37 s, remaining 1261.38 s)
22800000 of 30000000 tuples (76%) done (elapsed 3941.04 s, remaining 1244.54 s)
22900000 of 30000000 tuples (76%) done (elapsed 3958.69 s, remaining 1227.37 s)
23000000 of 30000000 tuples (76%) done (elapsed 3976.95 s, remaining 1210.38 s)
23100000 of 30000000 tuples (77%) done (elapsed 3993.55 s, remaining 1192.88 s)
23200000 of 30000000 tuples (77%) done (elapsed 4010.45 s, remaining 1175.48 s)
23300000 of 30000000 tuples (77%) done (elapsed 4027.61 s, remaining 1158.15 s)
23400000 of 30000000 tuples (78%) done (elapsed 4044.45 s, remaining 1140.74 s)
23500000 of 30000000 tuples (78%) done (elapsed 4062.70 s, remaining 1123.73 s)
23600000 of 30000000 tuples (78%) done (elapsed 4079.29 s, remaining 1106.25 s)
23700000 of 30000000 tuples (79%) done (elapsed 4097.93 s, remaining 1089.32 s)
23800000 of 30000000 tuples (79%) done (elapsed 4115.40 s, remaining 1072.08 s)
23900000 of 30000000 tuples (79%) done (elapsed 4132.79 s, remaining 1054.81 s)
24000000 of 30000000 tuples (80%) done (elapsed 4149.32 s, remaining 1037.33 s)
24100000 of 30000000 tuples (80%) done (elapsed 4167.60 s, remaining 1020.29 s)
24200000 of 30000000 tuples (80%) done (elapsed 4184.04 s, remaining 1002.79 s)
24300000 of 30000000 tuples (81%) done (elapsed 4202.04 s, remaining 985.66 s)
24400000 of 30000000 tuples (81%) done (elapsed 4219.80 s, remaining 968.48 s)
24500000 of 30000000 tuples (81%) done (elapsed 4237.67 s, remaining 951.31 s)
24600000 of 30000000 tuples (82%) done (elapsed 4254.17 s, remaining 933.84 s)
24700000 of 30000000 tuples (82%) done (elapsed 4272.22 s, remaining 916.71 s)
24800000 of 30000000 tuples (82%) done (elapsed 4290.24 s, remaining 899.57 s)
24900000 of 30000000 tuples (83%) done (elapsed 4307.82 s, remaining 882.33 s)
25000000 of 30000000 tuples (83%) done (elapsed 4325.46 s, remaining 865.09 s)
25100000 of 30000000 tuples (83%) done (elapsed 4343.55 s, remaining 847.94 s)
25200000 of 30000000 tuples (84%) done (elapsed 4360.00 s, remaining 830.48 s)
25300000 of 30000000 tuples (84%) done (elapsed 4377.64 s, remaining 813.24 s)
25400000 of 30000000 tuples (84%) done (elapsed 4394.48 s, remaining 795.85 s)
25500000 of 30000000 tuples (85%) done (elapsed 4412.12 s, remaining 778.61 s)
25600000 of 30000000 tuples (85%) done (elapsed 4428.47 s, remaining 761.14 s)
25700000 of 30000000 tuples (85%) done (elapsed 4446.58 s, remaining 743.98 s)
25800000 of 30000000 tuples (86%) done (elapsed 4462.69 s, remaining 726.48 s)
25900000 of 30000000 tuples (86%) done (elapsed 4480.55 s, remaining 709.28 s)
26000000 of 30000000 tuples (86%) done (elapsed 4497.55 s, remaining 691.93 s)
26100000 of 30000000 tuples (87%) done (elapsed 4514.98 s, remaining 674.65 s)
26200000 of 30000000 tuples (87%) done (elapsed 4531.55 s, remaining 657.25 s)
26300000 of 30000000 tuples (87%) done (elapsed 4549.87 s, remaining 640.10 s)
26400000 of 30000000 tuples (88%) done (elapsed 4566.10 s, remaining 622.65 s)
26500000 of 30000000 tuples (88%) done (elapsed 4583.75 s, remaining 605.40 s)
26600000 of 30000000 tuples (88%) done (elapsed 4600.54 s, remaining 588.04 s)
26700000 of 30000000 tuples (89%) done (elapsed 4618.32 s, remaining 570.80 s)
26800000 of 30000000 tuples (89%) done (elapsed 4634.54 s, remaining 553.38 s)
26900000 of 30000000 tuples (89%) done (elapsed 4653.64 s, remaining 536.29 s)
27000000 of 30000000 tuples (90%) done (elapsed 4671.90 s, remaining 519.10 s)
27100000 of 30000000 tuples (90%) done (elapsed 4691.26 s, remaining 502.02 s)
27200000 of 30000000 tuples (90%) done (elapsed 4707.37 s, remaining 484.58 s)
27300000 of 30000000 tuples (91%) done (elapsed 4726.96 s, remaining 467.50 s)
27400000 of 30000000 tuples (91%) done (elapsed 4743.06 s, remaining 450.07 s)
27500000 of 30000000 tuples (91%) done (elapsed 4761.65 s, remaining 432.88 s)
27600000 of 30000000 tuples (92%) done (elapsed 4780.04 s, remaining 415.66 s)
27700000 of 30000000 tuples (92%) done (elapsed 4797.61 s, remaining 398.36 s)
27800000 of 30000000 tuples (92%) done (elapsed 4814.08 s, remaining 380.97 s)
27900000 of 30000000 tuples (93%) done (elapsed 4832.12 s, remaining 363.71 s)
28000000 of 30000000 tuples (93%) done (elapsed 4848.72 s, remaining 346.34 s)
28100000 of 30000000 tuples (93%) done (elapsed 4866.36 s, remaining 329.04 s)
28200000 of 30000000 tuples (94%) done (elapsed 4883.15 s, remaining 311.69 s)
28300000 of 30000000 tuples (94%) done (elapsed 4900.73 s, remaining 294.39 s)
28400000 of 30000000 tuples (94%) done (elapsed 4918.29 s, remaining 277.09 s)
28500000 of 30000000 tuples (95%) done (elapsed 4935.91 s, remaining 259.78 s)
28600000 of 30000000 tuples (95%) done (elapsed 4952.46 s, remaining 242.43 s)
28700000 of 30000000 tuples (95%) done (elapsed 4969.87 s, remaining 225.12 s)
28800000 of 30000000 tuples (96%) done (elapsed 4986.99 s, remaining 207.79 s)
28900000 of 30000000 tuples (96%) done (elapsed 5004.69 s, remaining 190.49 s)
29000000 of 30000000 tuples (96%) done (elapsed 5021.41 s, remaining 173.15 s)
29100000 of 30000000 tuples (97%) done (elapsed 5039.55 s, remaining 155.86 s)
29200000 of 30000000 tuples (97%) done (elapsed 5055.81 s, remaining 138.52 s)
29300000 of 30000000 tuples (97%) done (elapsed 5073.23 s, remaining 121.20 s)
29400000 of 30000000 tuples (98%) done (elapsed 5089.80 s, remaining 103.87 s)
29500000 of 30000000 tuples (98%) done (elapsed 5106.21 s, remaining 86.55 s)
29600000 of 30000000 tuples (98%) done (elapsed 5124.34 s, remaining 69.25 s)
29700000 of 30000000 tuples (99%) done (elapsed 5140.35 s, remaining 51.92 s)
29800000 of 30000000 tuples (99%) done (elapsed 5158.51 s, remaining 34.62 s)
29900000 of 30000000 tuples (99%) done (elapsed 5174.70 s, remaining 17.31 s)
30000000 of 30000000 tuples (100%) done (elapsed 5192.70 s, remaining 0.00 s)
vacuum...
set primary keys...
NOTICE:  ALTER TABLE / ADD PRIMARY KEY will create implicit index "pgbench_branches_pkey" for table "pgbench_branches"
NOTICE:  ALTER TABLE / ADD PRIMARY KEY will create implicit index "pgbench_tellers_pkey" for table "pgbench_tellers"
NOTICE:  ALTER TABLE / ADD PRIMARY KEY will create implicit index "pgbench_accounts_pkey" for table "pgbench_accounts"
done.
starting vacuum...end.
transaction type: <builtin: TPC-B (sort of)>
scaling factor: 300
query mode: simple
number of clients: 32
number of threads: 4
duration: 60 s
number of transactions actually processed: 1654
latency average: 1160.822 ms
tps = 27.405728 (including connections establishing)
tps = 27.408133 (excluding connections establishing)
script statistics:
 - statement latencies in milliseconds:
         0.003  \set aid random(1, 100000 * :scale)
         0.001  \set bid random(1, 1 * :scale)
         0.001  \set tid random(1, 10 * :scale)
         0.001  \set delta random(-5000, 5000)
         0.201  BEGIN;
       360.681  UPDATE pgbench_accounts SET abalance = abalance + :delta WHERE aid = :aid;
         7.836  SELECT abalance FROM pgbench_accounts WHERE aid = :aid;
       252.685  UPDATE pgbench_tellers SET tbalance = tbalance + :delta WHERE tid = :tid;
       278.113  UPDATE pgbench_branches SET bbalance = bbalance + :delta WHERE bid = :bid;
       106.969  INSERT INTO pgbench_history (tid, bid, aid, delta, mtime) VALUES (:tid, :bid, :aid, :delta, CURRENT_TIMESTAMP);
       158.546  END;
starting vacuum...end.
transaction type: <builtin: TPC-B (sort of)>
scaling factor: 300
query mode: simple
number of clients: 32
number of threads: 4
duration: 60 s
number of transactions actually processed: 1743
latency average: 1101.549 ms
tps = 28.856852 (including connections establishing)
tps = 28.860613 (excluding connections establishing)
script statistics:
 - statement latencies in milliseconds:
         0.002  \set aid random(1, 100000 * :scale)
         0.001  \set bid random(1, 1 * :scale)
         0.001  \set tid random(1, 10 * :scale)
         0.001  \set delta random(-5000, 5000)
         0.270  BEGIN;
       650.747  UPDATE pgbench_accounts SET abalance = abalance + :delta WHERE aid = :aid;
         0.718  SELECT abalance FROM pgbench_accounts WHERE aid = :aid;
       195.270  UPDATE pgbench_tellers SET tbalance = tbalance + :delta WHERE tid = :tid;
        75.982  UPDATE pgbench_branches SET bbalance = bbalance + :delta WHERE bid = :bid;
        30.602  INSERT INTO pgbench_history (tid, bid, aid, delta, mtime) VALUES (:tid, :bid, :aid, :delta, CURRENT_TIMESTAMP);
       152.684  END;
starting vacuum...end.
transaction type: <builtin: TPC-B (sort of)>
scaling factor: 300
query mode: simple
number of clients: 32
number of threads: 4
duration: 60 s
number of transactions actually processed: 1627
latency average: 1180.086 ms
tps = 26.798836 (including connections establishing)
tps = 26.802710 (excluding connections establishing)
script statistics:
 - statement latencies in milliseconds:
         0.002  \set aid random(1, 100000 * :scale)
         0.001  \set bid random(1, 1 * :scale)
         0.001  \set tid random(1, 10 * :scale)
         0.001  \set delta random(-5000, 5000)
         0.273  BEGIN;
       708.496  UPDATE pgbench_accounts SET abalance = abalance + :delta WHERE aid = :aid;
         0.262  SELECT abalance FROM pgbench_accounts WHERE aid = :aid;
       211.432  UPDATE pgbench_tellers SET tbalance = tbalance + :delta WHERE tid = :tid;
        72.320  UPDATE pgbench_branches SET bbalance = bbalance + :delta WHERE bid = :bid;
        26.444  INSERT INTO pgbench_history (tid, bid, aid, delta, mtime) VALUES (:tid, :bid, :aid, :delta, CURRENT_TIMESTAMP);
       173.125  END;
starting vacuum...end.
transaction type: <builtin: TPC-B (sort of)>
scaling factor: 300
query mode: simple
number of clients: 32
number of threads: 4
duration: 900 s
number of transactions actually processed: 19567
latency average: 1471.866 ms
tps = 21.256808 (including connections establishing)
tps = 21.256955 (excluding connections establishing)
script statistics:
 - statement latencies in milliseconds:
         0.003  \set aid random(1, 100000 * :scale)
         0.001  \set bid random(1, 1 * :scale)
         0.001  \set tid random(1, 10 * :scale)
         0.001  \set delta random(-5000, 5000)
         0.162  BEGIN;
       690.077  UPDATE pgbench_accounts SET abalance = abalance + :delta WHERE aid = :aid;
         0.341  SELECT abalance FROM pgbench_accounts WHERE aid = :aid;
       297.069  UPDATE pgbench_tellers SET tbalance = tbalance + :delta WHERE tid = :tid;
       195.531  UPDATE pgbench_branches SET bbalance = bbalance + :delta WHERE bid = :bid;
        88.858  INSERT INTO pgbench_history (tid, bid, aid, delta, mtime) VALUES (:tid, :bid, :aid, :delta, CURRENT_TIMESTAMP);
       221.041  END;
========================================================================
Testing 2004-12-05-REL8_0_0~277
Start Time: 2016-08-01 12:17:49+00:00
Linux 3.16.0-4-amd64 (Debian-83-jessie-64-minimal) 	01.08.16 	_x86_64_	(8 CPU)

starting vacuum...end.
transaction type: <builtin: TPC-B (sort of)>
scaling factor: 300
query mode: simple
number of clients: 32
number of threads: 4
duration: 900 s
number of transactions actually processed: 17978
latency average: 1601.958 ms
tps = 19.954634 (including connections establishing)
tps = 19.954788 (excluding connections establishing)
script statistics:
 - statement latencies in milliseconds:
         0.003  \set aid random(1, 100000 * :scale)
         0.001  \set bid random(1, 1 * :scale)
         0.001  \set tid random(1, 10 * :scale)
         0.001  \set delta random(-5000, 5000)
         0.151  BEGIN;
       674.450  UPDATE pgbench_accounts SET abalance = abalance + :delta WHERE aid = :aid;
         1.071  SELECT abalance FROM pgbench_accounts WHERE aid = :aid;
       355.413  UPDATE pgbench_tellers SET tbalance = tbalance + :delta WHERE tid = :tid;
       234.938  UPDATE pgbench_branches SET bbalance = bbalance + :delta WHERE bid = :bid;
       106.731  INSERT INTO pgbench_history (tid, bid, aid, delta, mtime) VALUES (:tid, :bid, :aid, :delta, CURRENT_TIMESTAMP);
       230.832  END;
avg-cpu:  %user   %nice %system %iowait  %steal   %idle
           0,30    0,00    0,20    6,53    0,00   92,97

Device:         rrqm/s   wrqm/s     r/s     w/s    rkB/s    wkB/s avgrq-sz avgqu-sz   await r_await w_await  svctm  %util
sdb               0,00     1,53    3,33  150,24    27,45   852,24    11,46    14,74   95,98   26,02   97,54   4,35  66,82
sda               0,00     1,53   14,78  150,24   121,10   852,24    11,80    11,66   70,65   27,74   74,87   4,77  78,64
md0               0,00     0,00    0,11    0,00     0,43     0,00     8,00     0,00    0,00    0,00    0,00   0,00   0,00
md1               0,00     0,00    0,00    0,00     0,00     0,00     0,00     0,00    0,00    0,00    0,00   0,00   0,00
md2               0,00     0,00   18,01  151,18   148,11   850,78    11,81     0,00    0,00    0,00    0,00   0,00   0,00
md3               0,00     0,00    0,00    0,01     0,00     0,04     8,00     0,00    0,00    0,00    0,00   0,00   0,00

End Time: 2016-08-01 12:33:19+00:00
========================================================================
========================================================================
Testing 2004-12-05-REL8_0_0~277
Start Time: 2016-08-07 07:51:03+00:00
Shared Buffers:  260000
Linux 3.16.0-4-amd64 (Debian-83-jessie-64-minimal) 	07.08.16 	_x86_64_	(8 CPU)

starting vacuum...end.
transaction type: <builtin: TPC-B (sort of)>
scaling factor: 300
query mode: simple
number of clients: 32
number of threads: 4
duration: 900 s
number of transactions actually processed: 20732
latency average: 1389.157 ms
tps = 22.687297 (including connections establishing)
tps = 22.687533 (excluding connections establishing)
script statistics:
 - statement latencies in milliseconds:
         0.003  \set aid random(1, 100000 * :scale)
         0.001  \set bid random(1, 1 * :scale)
         0.001  \set tid random(1, 10 * :scale)
         0.001  \set delta random(-5000, 5000)
         0.156  BEGIN;
       651.670  UPDATE pgbench_accounts SET abalance = abalance + :delta WHERE aid = :aid;
         0.875  SELECT abalance FROM pgbench_accounts WHERE aid = :aid;
       310.515  UPDATE pgbench_tellers SET tbalance = tbalance + :delta WHERE tid = :tid;
       174.028  UPDATE pgbench_branches SET bbalance = bbalance + :delta WHERE bid = :bid;
        76.172  INSERT INTO pgbench_history (tid, bid, aid, delta, mtime) VALUES (:tid, :bid, :aid, :delta, CURRENT_TIMESTAMP);
       196.686  END;
avg-cpu:  %user   %nice %system %iowait  %steal   %idle
           0,47    0,00    0,25    6,51    0,00   92,77

Device:         rrqm/s   wrqm/s     r/s     w/s    rkB/s    wkB/s avgrq-sz avgqu-sz   await r_await w_await  svctm  %util
sdb               0,00     1,76    4,73  166,35    39,05   998,43    12,13    12,18   71,17   29,44   72,36   3,83  65,59
sda               0,01     1,75   15,59  166,36   129,55   998,43    12,40    10,56   58,04   30,34   60,63   4,50  81,82
md0               0,00     0,00    0,10    0,00     0,40     0,00     8,00     0,00    0,00    0,00    0,00   0,00   0,00
md1               0,00     0,00    0,00    0,00     0,00     0,00     0,00     0,00    0,00    0,00    0,00   0,00   0,00
md2               0,00     0,00   20,23  167,49   168,21   996,89    12,41     0,00    0,00    0,00    0,00   0,00   0,00
md3               0,00     0,00    0,00    0,01     0,00     0,04     8,00     0,00    0,00    0,00    0,00   0,00   0,00

Control File Changes
--- /usr/local/oldpgsql/2004-12-05-REL8_0_0~277/before.controldata	2016-08-07 09:51:03.752823479 +0200
+++ /usr/local/oldpgsql/2004-12-05-REL8_0_0~277/after.controldata	2016-08-07 10:06:35.086683111 +0200
@@ -2,17 +2,17 @@
 Catalog version number:               200411041
 Database system identifier:           6255449503907697599
 Database cluster state:               in production
-pg_control last modified:             нд, 07-сер-2016 09:51:03 +0200
+pg_control last modified:             нд, 07-сер-2016 10:06:34 +0200
 Current log file ID:                  1
-Next log file segment:                89
-Latest checkpoint location:           1/58E8C010
-Prior checkpoint location:            1/58E8BFB8
-Latest checkpoint's REDO location:    1/58E8C010
+Next log file segment:                111
+Latest checkpoint location:           1/6E60C058
+Prior checkpoint location:            1/6E5E46D0
+Latest checkpoint's REDO location:    1/6E60C058
 Latest checkpoint's UNDO location:    0/0
 Latest checkpoint's TimeLineID:       1
-Latest checkpoint's NextXID:          44585
-Latest checkpoint's NextOID:          31548807
-Time of latest checkpoint:            нд, 07-сер-2016 09:51:03 +0200
+Latest checkpoint's NextXID:          65360
+Latest checkpoint's NextOID:          31573383
+Time of latest checkpoint:            нд, 07-сер-2016 10:06:33 +0200
 Database block size:                  8192
 Blocks per segment of large relation: 131072
 Bytes per WAL segment:                16777216
End Time: 2016-08-07 08:06:35+00:00
========================================================================
========================================================================
Testing 2004-12-05-REL8_0_0~277
Start Time: 2016-08-08 23:18:51+00:00
Shared Buffers:  260000
size before pgbench of pgbench_branches_pkey: 672
size before pgbench of pgbench_branches: 1016
size before pgbench of pgbench_tellers_pkey: 648
size before pgbench of pgbench_tellers: 1256
size before pgbench of pgbench_accounts_pkey: 658092
size before pgbench of pgbench_accounts: 1001396
size before pgbench of pgbench_history: 1288
total size before pgbench: 1664368
Linux 3.16.0-4-amd64 (Debian-83-jessie-64-minimal) 	09.08.16 	_x86_64_	(8 CPU)

starting vacuum...end.
transaction type: <builtin: select only>
scaling factor: 300
query mode: simple
number of clients: 32
number of threads: 4
duration: 60 s
number of transactions actually processed: 64754
latency average: 29.651 ms
tps = 1077.726313 (including connections establishing)
tps = 1077.983150 (excluding connections establishing)
script statistics:
 - statement latencies in milliseconds:
         0.002  \set aid random(1, 100000 * :scale)
        29.604  SELECT abalance FROM pgbench_accounts WHERE aid = :aid;
avg-cpu:  %user   %nice %system %iowait  %steal   %idle
           1,32    0,00    0,67   34,11    0,00   63,90

Device:         rrqm/s   wrqm/s     r/s     w/s    rkB/s    wkB/s avgrq-sz avgqu-sz   await r_await w_await  svctm  %util
sdb               0,00     0,98  257,58   16,86  2371,47   109,97    18,08    11,99   43,69   41,52   76,80   3,18  87,38
sda               0,00     0,98  256,46   16,86  2343,60   109,97    17,95    15,96   58,38   47,65  221,62   3,31  90,42
md0               0,00     0,00    0,01    0,00     0,04     0,00     8,00     0,00    0,00    0,00    0,00   0,00   0,00
md1               0,00     0,00    0,00    0,00     0,00     0,00     0,00     0,00    0,00    0,00    0,00   0,00   0,00
md2               0,00     0,00  514,03   17,03  4715,02   108,04    18,16     0,00    0,00    0,00    0,00   0,00   0,00
md3               0,00     0,00    0,00    0,07     0,00     0,27     8,00     0,00    0,00    0,00    0,00   0,00   0,00

Control File Changes
--- /usr/local/oldpgsql/2004-12-05-REL8_0_0~277/before.controldata	2016-08-09 01:20:27.667693406 +0200
+++ /usr/local/oldpgsql/2004-12-05-REL8_0_0~277/after.controldata	2016-08-09 01:21:58.455741645 +0200
@@ -5 +5 @@
-pg_control last modified:             Mon Aug  8 23:20:27 2016
+pg_control last modified:             Mon Aug  8 23:21:58 2016
@@ -8,3 +8,3 @@
-Latest checkpoint location:           1/6E60C0E8
-Prior checkpoint location:            1/6E60C0A0
-Latest checkpoint's REDO location:    1/6E60C0E8
+Latest checkpoint location:           1/6E996B20
+Prior checkpoint location:            1/6E60C0E8
+Latest checkpoint's REDO location:    1/6E996B20
@@ -13,3 +13,3 @@
-Latest checkpoint's NextXID:          65392
-Latest checkpoint's NextOID:          31569540
-Time of latest checkpoint:            Mon Aug  8 23:20:27 2016
+Latest checkpoint's NextXID:          130189
+Latest checkpoint's NextOID:          31577732
+Time of latest checkpoint:            Mon Aug  8 23:21:57 2016
size after pgbench of pgbench_branches_pkey: 672
size after pgbench of pgbench_branches: 1016
size after pgbench of pgbench_tellers_pkey: 648
size after pgbench of pgbench_tellers: 1256
size after pgbench of pgbench_accounts_pkey: 658092
size after pgbench of pgbench_accounts: 1001396
size after pgbench of pgbench_history: 0
total size after pgbench: 1663080
End Time: 2016-08-08 23:21:58+00:00
========================================================================
========================================================================
Testing 2004-12-05-REL8_0_0~277
Start Time: 2016-08-09 16:23:01+00:00
Shared Buffers:  260000
size before pgbench of pgbench_branches_pkey: 672
size before pgbench of pgbench_branches: 1016
size before pgbench of pgbench_tellers_pkey: 648
size before pgbench of pgbench_tellers: 1256
size before pgbench of pgbench_accounts_pkey: 658092
size before pgbench of pgbench_accounts: 1001396
size before pgbench of pgbench_history: 0
total size before pgbench: 1663080
Linux 3.16.0-4-amd64 (Debian-83-jessie-64-minimal) 	09.08.16 	_x86_64_	(8 CPU)

starting vacuum...end.
transaction type: <builtin: select only>
scaling factor: 300
query mode: simple
number of clients: 32
number of threads: 4
duration: 60 s
number of transactions actually processed: 67582
latency average: 28.410 ms
tps = 1124.188233 (including connections establishing)
tps = 1124.413471 (excluding connections establishing)
script statistics:
 - statement latencies in milliseconds:
         0.002  \set aid random(1, 100000 * :scale)
        28.380  SELECT abalance FROM pgbench_accounts WHERE aid = :aid;
avg-cpu:  %user   %nice %system %iowait  %steal   %idle
           1,25    0,00    0,68   32,51    0,00   65,56

Device:         rrqm/s   wrqm/s     r/s     w/s    rkB/s    wkB/s avgrq-sz avgqu-sz   await r_await w_await  svctm  %util
sdb               0,49     0,76  268,18    1,90  2490,13    25,31    18,63    16,58   61,37   43,86 2533,57   2,49  67,35
sda               1,73     0,74  264,01    1,91  2435,24    25,31    18,51    13,55   50,95   43,80 1038,40   2,51  66,66
md0               0,00     0,00    3,49    0,00    13,96     0,00     8,00     0,00    0,00    0,00    0,00   0,00   0,00
md1               0,00     0,00    0,00    0,00     0,00     0,00     0,00     0,00    0,00    0,00    0,00   0,00   0,00
md2               0,00     0,00  530,92    1,64  4911,42    22,84    18,53     0,00    0,00    0,00    0,00   0,00   0,00
md3               0,00     0,00    0,00    0,10     0,00     0,40     8,00     0,00    0,00    0,00    0,00   0,00   0,00

Control File Changes
--- /usr/local/oldpgsql/2004-12-05-REL8_0_0~277/before.controldata	2016-08-09 18:23:44.464636500 +0200
+++ /usr/local/oldpgsql/2004-12-05-REL8_0_0~277/after.controldata	2016-08-09 18:25:14.820903151 +0200
@@ -5 +5 @@
-pg_control last modified:             Tue Aug  9 16:23:44 2016
+pg_control last modified:             Tue Aug  9 16:25:14 2016
@@ -8,3 +8,3 @@
-Latest checkpoint location:           1/6E996BB0
-Prior checkpoint location:            1/6E996B68
-Latest checkpoint's REDO location:    1/6E996BB0
+Latest checkpoint location:           1/6E99CE48
+Prior checkpoint location:            1/6E996BB0
+Latest checkpoint's REDO location:    1/6E99CE48
@@ -13,3 +13,3 @@
-Latest checkpoint's NextXID:          130223
-Latest checkpoint's NextOID:          31569541
-Time of latest checkpoint:            Tue Aug  9 16:23:44 2016
+Latest checkpoint's NextXID:          197848
+Latest checkpoint's NextOID:          31577733
+Time of latest checkpoint:            Tue Aug  9 16:25:14 2016
size after pgbench of pgbench_branches_pkey: 672
size after pgbench of pgbench_branches: 1016
size after pgbench of pgbench_tellers_pkey: 648
size after pgbench of pgbench_tellers: 1256
size after pgbench of pgbench_accounts_pkey: 658092
size after pgbench of pgbench_accounts: 1001396
size after pgbench of pgbench_history: 0
total size after pgbench: 1663080
End Time: 2016-08-09 16:25:14+00:00
========================================================================
========================================================================
Testing 2004-12-05-REL8_0_0~277
Start Time: 2016-08-10 13:35:33+00:00
Shared Buffers:  260000
size before pgbench of pgbench_branches_pkey: 672
size before pgbench of pgbench_branches: 1016
size before pgbench of pgbench_tellers_pkey: 648
size before pgbench of pgbench_tellers: 1256
size before pgbench of pgbench_accounts_pkey: 658092
size before pgbench of pgbench_accounts: 1001396
size before pgbench of pgbench_history: 0
total size before pgbench: 1663080
Linux 3.16.0-4-amd64 (Debian-83-jessie-64-minimal) 	10.08.16 	_x86_64_	(8 CPU)

starting vacuum...end.
transaction type: <builtin: select only>
scaling factor: 300
query mode: simple
number of clients: 32
number of threads: 4
duration: 60 s
number of transactions actually processed: 69698
latency average: 27.547 ms
tps = 1159.313624 (including connections establishing)
tps = 1159.602096 (excluding connections establishing)
script statistics:
 - statement latencies in milliseconds:
         0.002  \set aid random(1, 100000 * :scale)
        27.534  SELECT abalance FROM pgbench_accounts WHERE aid = :aid;
avg-cpu:  %user   %nice %system %iowait  %steal   %idle
           1,31    0,00    0,69   31,66    0,00   66,34

Device:         rrqm/s   wrqm/s     r/s     w/s    rkB/s    wkB/s avgrq-sz avgqu-sz   await r_await w_await  svctm  %util
sdb               0,00     0,78  269,49    2,19  2498,00    26,57    18,59    15,05   55,41   42,89 1596,97   2,46  66,90
sda               0,06     0,78  273,53    2,19  2540,67    26,57    18,62    18,54   67,23   44,62 2892,69   2,46  67,74
md0               0,00     0,00    0,13    0,00     0,53     0,00     8,00     0,00    0,00    0,00    0,00   0,00   0,00
md1               0,00     0,00    0,00    0,00     0,00     0,00     0,00     0,00    0,00    0,00    0,00   0,00   0,00
md2               0,00     0,00  542,94    1,78  5038,13    23,78    18,59     0,00    0,00    0,00    0,00   0,00   0,00
md3               0,00     0,00    0,00    0,11     0,00     0,44     8,00     0,00    0,00    0,00    0,00   0,00   0,00

Control File Changes
--- /usr/local/oldpgsql/2004-12-05-REL8_0_0~277/before.controldata	2016-08-10 15:36:17.085836281 +0200
+++ /usr/local/oldpgsql/2004-12-05-REL8_0_0~277/after.controldata	2016-08-10 15:37:47.441858488 +0200
@@ -5 +5 @@
-pg_control last modified:             Wed Aug 10 13:36:17 2016
+pg_control last modified:             Wed Aug 10 13:37:47 2016
@@ -8,3 +8,3 @@
-Latest checkpoint location:           1/6E99CED8
-Prior checkpoint location:            1/6E99CE90
-Latest checkpoint's REDO location:    1/6E99CED8
+Latest checkpoint location:           1/6E9A3148
+Prior checkpoint location:            1/6E99CED8
+Latest checkpoint's REDO location:    1/6E9A3148
@@ -13,3 +13,3 @@
-Latest checkpoint's NextXID:          197882
-Latest checkpoint's NextOID:          31569542
-Time of latest checkpoint:            Wed Aug 10 13:36:16 2016
+Latest checkpoint's NextXID:          267623
+Latest checkpoint's NextOID:          31577734
+Time of latest checkpoint:            Wed Aug 10 13:37:47 2016
size after pgbench of pgbench_branches_pkey: 672
size after pgbench of pgbench_branches: 1016
size after pgbench of pgbench_tellers_pkey: 648
size after pgbench of pgbench_tellers: 1256
size after pgbench of pgbench_accounts_pkey: 658092
size after pgbench of pgbench_accounts: 1001396
size after pgbench of pgbench_history: 0
total size after pgbench: 1663080
End Time: 2016-08-10 13:37:47+00:00
========================================================================
========================================================================
Testing 2004-12-05-REL8_0_0~277
Start Time: 2016-08-10 23:08:23+00:00
Shared Buffers:  260000
size before pgbench of pgbench_branches_pkey: 672
size before pgbench of pgbench_branches: 1016
size before pgbench of pgbench_tellers_pkey: 648
size before pgbench of pgbench_tellers: 1256
size before pgbench of pgbench_accounts_pkey: 658092
size before pgbench of pgbench_accounts: 1001396
size before pgbench of pgbench_history: 0
total size before pgbench: 1663080
Linux 3.16.0-4-amd64 (Debian-83-jessie-64-minimal) 	11.08.16 	_x86_64_	(8 CPU)

starting vacuum...end.
transaction type: <builtin: select only>
scaling factor: 300
query mode: simple
number of clients: 32
number of threads: 4
duration: 60 s
number of transactions actually processed: 66227
latency average: 28.991 ms
tps = 1102.064388 (including connections establishing)
tps = 1102.288503 (excluding connections establishing)
script statistics:
 - statement latencies in milliseconds:
         0.002  \set aid random(1, 100000 * :scale)
        28.975  SELECT abalance FROM pgbench_accounts WHERE aid = :aid;
avg-cpu:  %user   %nice %system %iowait  %steal   %idle
           1,25    0,00    0,69   30,43    0,00   67,63

Device:         rrqm/s   wrqm/s     r/s     w/s    rkB/s    wkB/s avgrq-sz avgqu-sz   await r_await w_await  svctm  %util
sdb               0,00     0,66  258,53    2,26  2378,84    25,92    18,44    11,91   45,65   41,79  488,85   2,58  67,21
sda               0,07     0,66  264,50    2,26  2446,62    25,92    18,54    13,72   51,43   46,70  605,67   2,53  67,38
md0               0,00     0,00    0,09    0,00     0,36     0,00     8,00     0,00    0,00    0,00    0,00   0,00   0,00
md1               0,00     0,00    0,00    0,00     0,00     0,00     0,00     0,00    0,00    0,00    0,00   0,00   0,00
md2               0,00     0,00  523,01    1,56  4824,84    22,80    18,48     0,00    0,00    0,00    0,00   0,00   0,00
md3               0,00     0,00    0,00    0,10     0,00     0,40     8,00     0,00    0,00    0,00    0,00   0,00   0,00

Control File Changes
--- /usr/local/oldpgsql/2004-12-05-REL8_0_0~277/before.controldata	2016-08-11 01:09:06.664657662 +0200
+++ /usr/local/oldpgsql/2004-12-05-REL8_0_0~277/after.controldata	2016-08-11 01:10:37.032845569 +0200
@@ -5 +5 @@
-pg_control last modified:             Wed Aug 10 23:09:06 2016
+pg_control last modified:             Wed Aug 10 23:10:36 2016
@@ -8,3 +8,3 @@
-Latest checkpoint location:           1/6E9A31D8
-Prior checkpoint location:            1/6E9A3190
-Latest checkpoint's REDO location:    1/6E9A31D8
+Latest checkpoint location:           1/6E9A9448
+Prior checkpoint location:            1/6E9A31D8
+Latest checkpoint's REDO location:    1/6E9A9448
@@ -13,3 +13,3 @@
-Latest checkpoint's NextXID:          267657
-Latest checkpoint's NextOID:          31569543
-Time of latest checkpoint:            Wed Aug 10 23:09:06 2016
+Latest checkpoint's NextXID:          333927
+Latest checkpoint's NextOID:          31577735
+Time of latest checkpoint:            Wed Aug 10 23:10:36 2016
size after pgbench of pgbench_branches_pkey: 672
size after pgbench of pgbench_branches: 1016
size after pgbench of pgbench_tellers_pkey: 648
size after pgbench of pgbench_tellers: 1256
size after pgbench of pgbench_accounts_pkey: 658092
size after pgbench of pgbench_accounts: 1001396
size after pgbench of pgbench_history: 0
total size after pgbench: 1663080
End Time: 2016-08-10 23:10:37+00:00
========================================================================
========================================================================
Testing 2004-12-05-REL8_0_0~277
Start Time: 2016-08-11 19:44:47+00:00
Shared Buffers:  260000
size before pgbench of pgbench_branches_pkey: 672
size before pgbench of pgbench_branches: 1016
size before pgbench of pgbench_tellers_pkey: 648
size before pgbench of pgbench_tellers: 1256
size before pgbench of pgbench_accounts_pkey: 658092
size before pgbench of pgbench_accounts: 1001396
size before pgbench of pgbench_history: 0
total size before pgbench: 1663080
Linux 3.16.0-4-amd64 (Debian-83-jessie-64-minimal) 	11.08.16 	_x86_64_	(8 CPU)

starting vacuum...end.
transaction type: <builtin: select only>
scaling factor: 300
query mode: simple
number of clients: 32
number of threads: 4
duration: 60 s
number of transactions actually processed: 65530
latency average: 29.300 ms
tps = 1089.834602 (including connections establishing)
tps = 1090.107347 (excluding connections establishing)
script statistics:
 - statement latencies in milliseconds:
         0.002  \set aid random(1, 100000 * :scale)
        29.260  SELECT abalance FROM pgbench_accounts WHERE aid = :aid;
avg-cpu:  %user   %nice %system %iowait  %steal   %idle
           1,21    0,00    0,67   31,08    0,00   67,04

Device:         rrqm/s   wrqm/s     r/s     w/s    rkB/s    wkB/s avgrq-sz avgqu-sz   await r_await w_await  svctm  %util
sdb               0,00     0,72  261,28    2,23  2412,62    26,01    18,51    14,58   55,34   43,52 1438,27   2,56  67,40
sda               0,00     0,73  261,22    2,22  2405,69    26,01    18,46    18,36   69,70   46,17 2834,94   2,55  67,15
md0               0,00     0,00    0,01    0,00     0,04     0,00     8,00     0,00    0,00    0,00    0,00   0,00   0,00
md1               0,00     0,00    0,00    0,00     0,00     0,00     0,00     0,00    0,00    0,00    0,00   0,00   0,00
md2               0,00     0,00  522,51    1,70  4818,27    23,16    18,47     0,00    0,00    0,00    0,00   0,00   0,00
md3               0,00     0,00    0,00    0,10     0,00     0,40     8,00     0,00    0,00    0,00    0,00   0,00   0,00

Control File Changes
--- /usr/local/oldpgsql/2004-12-05-REL8_0_0~277/before.controldata	2016-08-11 21:45:31.157772070 +0200
+++ /usr/local/oldpgsql/2004-12-05-REL8_0_0~277/after.controldata	2016-08-11 21:47:01.538023259 +0200
@@ -5 +5 @@
-pg_control last modified:             Thu Aug 11 19:45:31 2016
+pg_control last modified:             Thu Aug 11 19:47:01 2016
@@ -8,3 +8,3 @@
-Latest checkpoint location:           1/6E9A94D8
-Prior checkpoint location:            1/6E9A9490
-Latest checkpoint's REDO location:    1/6E9A94D8
+Latest checkpoint location:           1/6E9AF748
+Prior checkpoint location:            1/6E9A94D8
+Latest checkpoint's REDO location:    1/6E9AF748
@@ -13,3 +13,3 @@
-Latest checkpoint's NextXID:          333961
-Latest checkpoint's NextOID:          31569544
-Time of latest checkpoint:            Thu Aug 11 19:45:30 2016
+Latest checkpoint's NextXID:          399534
+Latest checkpoint's NextOID:          31577736
+Time of latest checkpoint:            Thu Aug 11 19:47:01 2016
size after pgbench of pgbench_branches_pkey: 672
size after pgbench of pgbench_branches: 1016
size after pgbench of pgbench_tellers_pkey: 648
size after pgbench of pgbench_tellers: 1256
size after pgbench of pgbench_accounts_pkey: 658092
size after pgbench of pgbench_accounts: 1001396
size after pgbench of pgbench_history: 0
total size after pgbench: 1663080
End Time: 2016-08-11 19:47:01+00:00
========================================================================
========================================================================
Testing 2004-12-05-REL8_0_0~277
Start Time: 2016-08-12 03:29:19+00:00
Shared Buffers:  260000
size before pgbench of pgbench_branches_pkey: 672
size before pgbench of pgbench_branches: 1016
size before pgbench of pgbench_tellers_pkey: 648
size before pgbench of pgbench_tellers: 1256
size before pgbench of pgbench_accounts_pkey: 658092
size before pgbench of pgbench_accounts: 1001396
size before pgbench of pgbench_history: 0
total size before pgbench: 1663080
Linux 3.16.0-4-amd64 (Debian-83-jessie-64-minimal) 	12.08.16 	_x86_64_	(8 CPU)

starting vacuum...end.
transaction type: <builtin: select only>
scaling factor: 300
query mode: simple
number of clients: 64
number of threads: 4
duration: 60 s
number of transactions actually processed: 72768
latency average: 52.770 ms
tps = 1209.951794 (including connections establishing)
tps = 1210.227955 (excluding connections establishing)
script statistics:
 - statement latencies in milliseconds:
         0.002  \set aid random(1, 100000 * :scale)
        52.636  SELECT abalance FROM pgbench_accounts WHERE aid = :aid;
avg-cpu:  %user   %nice %system %iowait  %steal   %idle
           1,41    0,00    0,78   33,25    0,00   64,56

Device:         rrqm/s   wrqm/s     r/s     w/s    rkB/s    wkB/s avgrq-sz avgqu-sz   await r_await w_await  svctm  %util
sdb               0,00     0,66  276,71    1,89  2584,71    25,52    18,74    24,78   88,95   80,36 1347,39   2,41  67,09
sda               0,08     0,66  281,67    1,89  2629,11    25,52    18,72    34,16  120,48   89,11 4798,82   2,36  67,02
md0               0,00     0,00    0,27    0,00     1,07     0,00     8,00     0,00    0,00    0,00    0,00   0,00   0,00
md1               0,00     0,00    0,00    0,00     0,00     0,00     0,00     0,00    0,00    0,00    0,00   0,00   0,00
md2               0,00     0,00  558,29    1,56  5212,76    23,11    18,70     0,00    0,00    0,00    0,00   0,00   0,00
md3               0,00     0,00    0,00    0,10     0,00     0,40     8,00     0,00    0,00    0,00    0,00   0,00   0,00

Control File Changes
--- /usr/local/oldpgsql/2004-12-05-REL8_0_0~277/before.controldata	2016-08-12 05:30:01.593222004 +0200
+++ /usr/local/oldpgsql/2004-12-05-REL8_0_0~277/after.controldata	2016-08-12 05:31:31.945939498 +0200
@@ -5 +5 @@
-pg_control last modified:             Fri Aug 12 03:30:01 2016
+pg_control last modified:             Fri Aug 12 03:31:31 2016
@@ -8,3 +8,3 @@
-Latest checkpoint location:           1/6E9AF7D8
-Prior checkpoint location:            1/6E9AF790
-Latest checkpoint's REDO location:    1/6E9AF7D8
+Latest checkpoint location:           1/6E9B5A48
+Prior checkpoint location:            1/6E9AF7D8
+Latest checkpoint's REDO location:    1/6E9B5A48
@@ -13,3 +13,3 @@
-Latest checkpoint's NextXID:          399568
-Latest checkpoint's NextOID:          31569545
-Time of latest checkpoint:            Fri Aug 12 03:30:01 2016
+Latest checkpoint's NextXID:          472411
+Latest checkpoint's NextOID:          31577737
+Time of latest checkpoint:            Fri Aug 12 03:31:31 2016
size after pgbench of pgbench_branches_pkey: 672
size after pgbench of pgbench_branches: 1016
size after pgbench of pgbench_tellers_pkey: 648
size after pgbench of pgbench_tellers: 1256
size after pgbench of pgbench_accounts_pkey: 658092
size after pgbench of pgbench_accounts: 1001396
size after pgbench of pgbench_history: 0
total size after pgbench: 1663080
End Time: 2016-08-12 03:31:32+00:00
========================================================================
========================================================================
Testing 2004-12-05-REL8_0_0~277
Start Time: 2016-08-12 17:29:19+00:00
Shared Buffers:  260000
size before pgbench of pgbench_branches_pkey: 672
size before pgbench of pgbench_branches: 1016
size before pgbench of pgbench_tellers_pkey: 648
size before pgbench of pgbench_tellers: 1256
size before pgbench of pgbench_accounts_pkey: 658092
size before pgbench of pgbench_accounts: 1001396
size before pgbench of pgbench_history: 0
total size before pgbench: 1663080
+ /usr/local/pgsql/bin/pgbench -T 60 -S -c 64 -j 4 -r
Linux 3.16.0-4-amd64 (Debian-83-jessie-64-minimal) 	12.08.16 	_x86_64_	(8 CPU)

starting vacuum...end.
transaction type: <builtin: select only>
scaling factor: 300
query mode: simple
number of clients: 64
number of threads: 4
duration: 60 s
number of transactions actually processed: 74475
latency average: 51.561 ms
tps = 1237.315892 (including connections establishing)
tps = 1237.640305 (excluding connections establishing)
script statistics:
 - statement latencies in milliseconds:
         0.002  \set aid random(1, 100000 * :scale)
        51.446  SELECT abalance FROM pgbench_accounts WHERE aid = :aid;
avg-cpu:  %user   %nice %system %iowait  %steal   %idle
           1,43    0,00    0,79   34,77    0,00   63,01

Device:         rrqm/s   wrqm/s     r/s     w/s    rkB/s    wkB/s avgrq-sz avgqu-sz   await r_await w_await  svctm  %util
sdb               0,00     0,67  282,00    1,88  2653,24    25,67    18,87    24,34   85,75   79,25 1061,59   2,35  66,72
sda               0,00     0,67  285,58    1,87  2676,84    25,62    18,80    31,19  108,51   87,54 3317,21   2,34  67,37
md0               0,00     0,00    0,00    0,00     0,00     0,00     0,00     0,00    0,00    0,00    0,00   0,00   0,00
md1               0,00     0,00    0,00    0,00     0,00     0,00     0,00     0,00    0,00    0,00    0,00   0,00   0,00
md2               0,00     0,00  567,64    1,61  5330,09    23,38    18,81     0,00    0,00    0,00    0,00   0,00   0,00
md3               0,00     0,00    0,00    0,10     0,00     0,40     8,00     0,00    0,00    0,00    0,00   0,00   0,00

Control File Changes
--- /usr/local/oldpgsql/2004-12-05-REL8_0_0~277/before.controldata	2016-08-12 19:30:01.141647508 +0200
+++ /usr/local/oldpgsql/2004-12-05-REL8_0_0~277/after.controldata	2016-08-12 19:31:31.481770666 +0200
@@ -5 +5 @@
-pg_control last modified:             Fri Aug 12 17:30:01 2016
+pg_control last modified:             Fri Aug 12 17:31:31 2016
@@ -8,3 +8,3 @@
-Latest checkpoint location:           1/6E9B5AD8
-Prior checkpoint location:            1/6E9B5A90
-Latest checkpoint's REDO location:    1/6E9B5AD8
+Latest checkpoint location:           1/6E9BBD48
+Prior checkpoint location:            1/6E9B5AD8
+Latest checkpoint's REDO location:    1/6E9BBD48
@@ -13,3 +13,3 @@
-Latest checkpoint's NextXID:          472445
-Latest checkpoint's NextOID:          31569546
-Time of latest checkpoint:            Fri Aug 12 17:30:00 2016
+Latest checkpoint's NextXID:          546995
+Latest checkpoint's NextOID:          31577738
+Time of latest checkpoint:            Fri Aug 12 17:31:31 2016
size after pgbench of pgbench_branches_pkey: 672
size after pgbench of pgbench_branches: 1016
size after pgbench of pgbench_tellers_pkey: 648
size after pgbench of pgbench_tellers: 1256
size after pgbench of pgbench_accounts_pkey: 658092
size after pgbench of pgbench_accounts: 1001396
size after pgbench of pgbench_history: 0
total size after pgbench: 1663080
End Time: 2016-08-12 17:31:31+00:00
========================================================================
========================================================================
Testing 2004-12-05-REL8_0_0~277
Start Time: 2016-08-13 02:41:42+00:00
Shared Buffers:  260000
size before pgbench of pgbench_branches_pkey: 672
size before pgbench of pgbench_branches: 1016
size before pgbench of pgbench_tellers_pkey: 648
size before pgbench of pgbench_tellers: 1256
size before pgbench of pgbench_accounts_pkey: 658092
size before pgbench of pgbench_accounts: 1001396
size before pgbench of pgbench_history: 0
total size before pgbench: 1663080
Linux 3.16.0-4-amd64 (Debian-83-jessie-64-minimal) 	13.08.16 	_x86_64_	(8 CPU)

starting vacuum...end.
transaction type: <builtin: select only>
scaling factor: 300
query mode: simple
number of clients: 48
number of threads: 4
duration: 60 s
number of transactions actually processed: 71785
latency average: 40.120 ms
tps = 1194.064976 (including connections establishing)
tps = 1194.317035 (excluding connections establishing)
script statistics:
 - statement latencies in milliseconds:
         0.002  \set aid random(1, 100000 * :scale)
        40.053  SELECT abalance FROM pgbench_accounts WHERE aid = :aid;
avg-cpu:  %user   %nice %system %iowait  %steal   %idle
           1,37    0,00    0,78   35,25    0,00   62,60

Device:         rrqm/s   wrqm/s     r/s     w/s    rkB/s    wkB/s avgrq-sz avgqu-sz   await r_await w_await  svctm  %util
sdb               0,33     0,90  276,30    2,42  2569,29    28,09    18,64    25,31   90,81   67,25 2777,98   2,42  67,56
sda               2,11     0,90  276,02    2,42  2566,76    28,09    18,64    23,25   83,49   60,12 2746,20   2,44  67,90
md0               0,00     0,00    3,94    0,00    15,78     0,00     8,00     0,00    0,00    0,00    0,00   0,00   0,00
md1               0,00     0,00    0,00    0,00     0,00     0,00     0,00     0,00    0,00    0,00    0,00   0,00   0,00
md2               0,00     0,00  550,87    2,10  5120,27    25,20    18,61     0,00    0,00    0,00    0,00   0,00   0,00
md3               0,00     0,00    0,00    0,11     0,00     0,44     8,00     0,00    0,00    0,00    0,00   0,00   0,00

Control File Changes
--- /usr/local/oldpgsql/2004-12-05-REL8_0_0~277/before.controldata	2016-08-13 04:42:25.800595629 +0200
+++ /usr/local/oldpgsql/2004-12-05-REL8_0_0~277/after.controldata	2016-08-13 04:43:56.144781003 +0200
@@ -5 +5 @@
-pg_control last modified:             Sat Aug 13 02:42:25 2016
+pg_control last modified:             Sat Aug 13 02:43:55 2016
@@ -8,3 +8,3 @@
-Latest checkpoint location:           1/6E9BBDD8
-Prior checkpoint location:            1/6E9BBD90
-Latest checkpoint's REDO location:    1/6E9BBDD8
+Latest checkpoint location:           1/6E9C2060
+Prior checkpoint location:            1/6E9BBDD8
+Latest checkpoint's REDO location:    1/6E9C2060
@@ -13,3 +13,3 @@
-Latest checkpoint's NextXID:          547029
-Latest checkpoint's NextOID:          31569547
-Time of latest checkpoint:            Sat Aug 13 02:42:25 2016
+Latest checkpoint's NextXID:          618873
+Latest checkpoint's NextOID:          31577739
+Time of latest checkpoint:            Sat Aug 13 02:43:55 2016
size after pgbench of pgbench_branches_pkey: 672
size after pgbench of pgbench_branches: 1016
size after pgbench of pgbench_tellers_pkey: 648
size after pgbench of pgbench_tellers: 1256
size after pgbench of pgbench_accounts_pkey: 658092
size after pgbench of pgbench_accounts: 1001396
size after pgbench of pgbench_history: 0
total size after pgbench: 1663080
End Time: 2016-08-13 02:43:56+00:00
========================================================================
========================================================================
Testing 2004-12-05-REL8_0_0~277
Start Time: 2016-08-13 12:04:42+00:00
Shared Buffers:  260000
size before pgbench of pgbench_branches_pkey: 672
size before pgbench of pgbench_branches: 1016
size before pgbench of pgbench_tellers_pkey: 648
size before pgbench of pgbench_tellers: 1256
size before pgbench of pgbench_accounts_pkey: 658092
size before pgbench of pgbench_accounts: 1001396
size before pgbench of pgbench_history: 0
total size before pgbench: 1663080
Linux 3.16.0-4-amd64 (Debian-83-jessie-64-minimal) 	13.08.16 	_x86_64_	(8 CPU)

starting vacuum...end.
transaction type: <builtin: select only>
scaling factor: 300
query mode: simple
number of clients: 48
number of threads: 4
duration: 60 s
number of transactions actually processed: 68651
latency average: 41.951 ms
tps = 1141.565419 (including connections establishing)
tps = 1141.826394 (excluding connections establishing)
script statistics:
 - statement latencies in milliseconds:
         0.002  \set aid random(1, 100000 * :scale)
        41.872  SELECT abalance FROM pgbench_accounts WHERE aid = :aid;
avg-cpu:  %user   %nice %system %iowait  %steal   %idle
           1,27    0,00    0,73   33,72    0,00   64,28

Device:         rrqm/s   wrqm/s     r/s     w/s    rkB/s    wkB/s avgrq-sz avgqu-sz   await r_await w_await  svctm  %util
sdb               0,00     0,82  267,73    2,48  2470,27    27,24    18,49    19,44   71,95   69,48  338,37   2,47  66,74
sda               0,08     0,82  269,74    2,48  2507,16    27,24    18,62    17,70   65,03   60,55  552,97   2,48  67,64
md0               0,00     0,00    0,09    0,00     0,36     0,00     8,00     0,00    0,00    0,00    0,00   0,00   0,00
md1               0,00     0,00    0,00    0,00     0,00     0,00     0,00     0,00    0,00    0,00    0,00   0,00   0,00
md2               0,00     0,00  537,53    1,82  4977,07    23,91    18,54     0,00    0,00    0,00    0,00   0,00   0,00
md3               0,00     0,00    0,00    0,10     0,00     0,40     8,00     0,00    0,00    0,00    0,00   0,00   0,00

Control File Changes
--- /usr/local/oldpgsql/2004-12-05-REL8_0_0~277/before.controldata	2016-08-13 14:05:25.879413176 +0200
+++ /usr/local/oldpgsql/2004-12-05-REL8_0_0~277/after.controldata	2016-08-13 14:06:56.131621981 +0200
@@ -5 +5 @@
-pg_control last modified:             Sat Aug 13 12:05:25 2016
+pg_control last modified:             Sat Aug 13 12:06:56 2016
@@ -8,3 +8,3 @@
-Latest checkpoint location:           1/6E9C20F0
-Prior checkpoint location:            1/6E9C20A8
-Latest checkpoint's REDO location:    1/6E9C20F0
+Latest checkpoint location:           1/6E9C8360
+Prior checkpoint location:            1/6E9C20F0
+Latest checkpoint's REDO location:    1/6E9C8360
@@ -13,3 +13,3 @@
-Latest checkpoint's NextXID:          618907
-Latest checkpoint's NextOID:          31569548
-Time of latest checkpoint:            Sat Aug 13 12:05:25 2016
+Latest checkpoint's NextXID:          687617
+Latest checkpoint's NextOID:          31577740
+Time of latest checkpoint:            Sat Aug 13 12:06:55 2016
size after pgbench of pgbench_branches_pkey: 672
size after pgbench of pgbench_branches: 1016
size after pgbench of pgbench_tellers_pkey: 648
size after pgbench of pgbench_tellers: 1256
size after pgbench of pgbench_accounts_pkey: 658092
size after pgbench of pgbench_accounts: 1001396
size after pgbench of pgbench_history: 0
total size after pgbench: 1663080
End Time: 2016-08-13 12:06:56+00:00
========================================================================
========================================================================
Testing 2004-12-05-REL8_0_0~277
Start Time: 2016-08-15 05:28:18+00:00
Shared Buffers:  260000
size before pgbench of pgbench_branches_pkey: 672
size before pgbench of pgbench_branches: 1016
size before pgbench of pgbench_tellers_pkey: 648
size before pgbench of pgbench_tellers: 1256
size before pgbench of pgbench_accounts_pkey: 658092
size before pgbench of pgbench_accounts: 1001396
size before pgbench of pgbench_history: 0
total size before pgbench: 1663080
Linux 3.16.0-4-amd64 (Debian-83-jessie-64-minimal) 	15.08.16 	_x86_64_	(8 CPU)

starting vacuum...end.
transaction type: <builtin: TPC-B (sort of)>
scaling factor: 300
query mode: simple
number of clients: 32
number of threads: 4
duration: 900 s
number of transactions actually processed: 20439
latency average: 1409.071 ms
tps = 22.693425 (including connections establishing)
tps = 22.693740 (excluding connections establishing)
script statistics:
 - statement latencies in milliseconds:
         0.003  \set aid random(1, 100000 * :scale)
         0.001  \set bid random(1, 1 * :scale)
         0.001  \set tid random(1, 10 * :scale)
         0.001  \set delta random(-5000, 5000)
         0.172  BEGIN;
       649.592  UPDATE pgbench_accounts SET abalance = abalance + :delta WHERE aid = :aid;
         1.254  SELECT abalance FROM pgbench_accounts WHERE aid = :aid;
       306.324  UPDATE pgbench_tellers SET tbalance = tbalance + :delta WHERE tid = :tid;
       179.159  UPDATE pgbench_branches SET bbalance = bbalance + :delta WHERE bid = :bid;
        79.254  INSERT INTO pgbench_history (tid, bid, aid, delta, mtime) VALUES (:tid, :bid, :aid, :delta, CURRENT_TIMESTAMP);
       194.936  END;
avg-cpu:  %user   %nice %system %iowait  %steal   %idle
           0,46    0,00    0,24    6,48    0,00   92,82

Device:         rrqm/s   wrqm/s     r/s     w/s    rkB/s    wkB/s avgrq-sz avgqu-sz   await r_await w_await  svctm  %util
sdb               0,00     1,61    4,44  163,38    36,95   929,90    11,52    12,77   76,07   27,26   77,40   3,99  67,04
sda               0,01     1,61   15,70  163,39   129,50   929,90    11,83     7,75   43,24   29,25   44,59   4,45  79,71
md0               0,00     0,00    0,09    0,00     0,35     0,01     8,00     0,00    0,00    0,00    0,00   0,00   0,00
md1               0,00     0,00    0,00    0,00     0,00     0,00     0,00     0,00    0,00    0,00    0,00   0,00   0,00
md2               0,00     0,00   20,07  164,37   166,10   928,35    11,87     0,00    0,00    0,00    0,00   0,00   0,00
md3               0,00     0,00    0,00    0,01     0,00     0,04     8,00     0,00    0,00    0,00    0,00   0,00   0,00

Control File Changes
--- /usr/local/oldpgsql/2004-12-05-REL8_0_0~277/before.controldata	2016-08-15 07:29:02.865832863 +0200
+++ /usr/local/oldpgsql/2004-12-05-REL8_0_0~277/after.controldata	2016-08-15 07:44:33.119979703 +0200
@@ -5 +5 @@
-pg_control last modified:             Mon Aug 15 05:29:02 2016
+pg_control last modified:             Mon Aug 15 05:44:32 2016
@@ -7,4 +7,4 @@
-Next log file segment:                111
-Latest checkpoint location:           1/6E9C83F0
-Prior checkpoint location:            1/6E9C83A8
-Latest checkpoint's REDO location:    1/6E9C83F0
+Next log file segment:                132
+Latest checkpoint location:           1/83A2F298
+Prior checkpoint location:            1/83A2F250
+Latest checkpoint's REDO location:    1/83A2F298
@@ -13,3 +13,3 @@
-Latest checkpoint's NextXID:          687651
-Latest checkpoint's NextOID:          31569549
-Time of latest checkpoint:            Mon Aug 15 05:29:02 2016
+Latest checkpoint's NextXID:          708133
+Latest checkpoint's NextOID:          31594125
+Time of latest checkpoint:            Mon Aug 15 05:44:32 2016
size after pgbench of pgbench_branches_pkey: 688
size after pgbench of pgbench_branches: 1016
size after pgbench of pgbench_tellers_pkey: 672
size after pgbench of pgbench_tellers: 1256
size after pgbench of pgbench_accounts_pkey: 658092
size after pgbench of pgbench_accounts: 1004316
size after pgbench of pgbench_history: 1288
total size after pgbench: 1667328
End Time: 2016-08-15 05:44:33+00:00
========================================================================
========================================================================
Testing 2004-12-05-REL8_0_0~277
Start Time: 2016-08-19 04:21:25+00:00
Shared Buffers:  260000
size before pgbench of pgbench_branches_pkey: 688
size before pgbench of pgbench_branches: 1016
size before pgbench of pgbench_tellers_pkey: 672
size before pgbench of pgbench_tellers: 1256
size before pgbench of pgbench_accounts_pkey: 658092
size before pgbench of pgbench_accounts: 1004316
size before pgbench of pgbench_history: 1288
total size before pgbench: 1667328
Linux 4.6.0-1-amd64 (Debian-83-jessie-64-minimal) 	19.08.16 	_x86_64_	(8 CPU)

starting vacuum...end.
transaction type: <builtin: TPC-B (sort of)>
scaling factor: 300
query mode: simple
number of clients: 32
number of threads: 4
duration: 900 s
number of transactions actually processed: 20821
latency average: 1383.219 ms
tps = 22.860377 (including connections establishing)
tps = 22.860681 (excluding connections establishing)
script statistics:
 - statement latencies in milliseconds:
         0.003  \set aid random(1, 100000 * :scale)
         0.001  \set bid random(1, 1 * :scale)
         0.001  \set tid random(1, 10 * :scale)
         0.001  \set delta random(-5000, 5000)
         0.145  BEGIN;
       606.575  UPDATE pgbench_accounts SET abalance = abalance + :delta WHERE aid = :aid;
         0.889  SELECT abalance FROM pgbench_accounts WHERE aid = :aid;
       301.558  UPDATE pgbench_tellers SET tbalance = tbalance + :delta WHERE tid = :tid;
       198.214  UPDATE pgbench_branches SET bbalance = bbalance + :delta WHERE bid = :bid;
        84.870  INSERT INTO pgbench_history (tid, bid, aid, delta, mtime) VALUES (:tid, :bid, :aid, :delta, CURRENT_TIMESTAMP);
       198.752  END;
avg-cpu:  %user   %nice %system %iowait  %steal   %idle
           0,45    0,00    0,27   17,76    0,00   81,52

Device:         rrqm/s   wrqm/s     r/s     w/s    rkB/s    wkB/s avgrq-sz avgqu-sz   await r_await w_await  svctm  %util
sdb               0,00     3,08    4,31  169,02    35,38   961,60    11,50    12,93   74,35   25,02   75,61   3,66  63,51
sda               0,02     3,07   16,30  169,17   135,01   962,73    11,84     8,08   43,55   28,28   45,02   4,36  80,83
md0               0,00     0,00    0,11    0,00     0,42     0,00     8,00     0,00    0,00    0,00    0,00   0,00   0,00
md1               0,00     0,00    0,00    0,00     0,00     0,00     0,00     0,00    0,00    0,00    0,00   0,00   0,00
md2               0,00     0,00   20,52  172,16   169,97   963,67    11,77     0,00    0,00    0,00    0,00   0,00   0,00
md3               0,00     0,00    0,00    0,01     0,00     0,04     8,00     0,00    0,00    0,00    0,00   0,00   0,00

Control File Changes
--- /usr/local/oldpgsql/2004-12-05-REL8_0_0~277/before.controldata	2016-08-19 06:22:55.518091262 +0200
+++ /usr/local/oldpgsql/2004-12-05-REL8_0_0~277/after.controldata	2016-08-19 06:38:30.575400173 +0200
@@ -5 +5 @@
-pg_control last modified:             Fri Aug 19 04:22:55 2016
+pg_control last modified:             Fri Aug 19 04:38:30 2016
@@ -7,4 +7,4 @@
-Next log file segment:                132
-Latest checkpoint location:           1/83A2F328
-Prior checkpoint location:            1/83A2F2E0
-Latest checkpoint's REDO location:    1/83A2F328
+Next log file segment:                154
+Latest checkpoint location:           1/9930E960
+Prior checkpoint location:            1/9930E918
+Latest checkpoint's REDO location:    1/9930E960
@@ -13,3 +13,3 @@
-Latest checkpoint's NextXID:          708167
-Latest checkpoint's NextOID:          31589989
-Time of latest checkpoint:            Fri Aug 19 04:22:55 2016
+Latest checkpoint's NextXID:          729031
+Latest checkpoint's NextOID:          31614565
+Time of latest checkpoint:            Fri Aug 19 04:38:29 2016
size after pgbench of pgbench_branches_pkey: 688
size after pgbench of pgbench_branches: 1016
size after pgbench of pgbench_tellers_pkey: 696
size after pgbench of pgbench_tellers: 1256
size after pgbench of pgbench_accounts_pkey: 658092
size after pgbench of pgbench_accounts: 1007372
size after pgbench of pgbench_history: 1288
total size after pgbench: 1670408
End Time: 2016-08-19 04:38:30+00:00
========================================================================
========================================================================
Testing 2004-12-05-REL8_0_0~277
Start Time: 2016-08-19 17:26:26+00:00
Shared Buffers:  260000
size before pgbench of pgbench_branches_pkey: 688
size before pgbench of pgbench_branches: 1016
size before pgbench of pgbench_tellers_pkey: 696
size before pgbench of pgbench_tellers: 1256
size before pgbench of pgbench_accounts_pkey: 658092
size before pgbench of pgbench_accounts: 1007372
size before pgbench of pgbench_history: 1288
total size before pgbench: 1670408
Linux 4.6.0-1-amd64 (Debian-83-jessie-64-minimal) 	19.08.16 	_x86_64_	(8 CPU)

starting vacuum...end.
transaction type: <builtin: TPC-B (sort of)>
scaling factor: 300
query mode: simple
number of clients: 32
number of threads: 4
duration: 900 s
number of transactions actually processed: 18872
latency average: 1526.070 ms
tps = 20.687950 (including connections establishing)
tps = 20.688181 (excluding connections establishing)
script statistics:
 - statement latencies in milliseconds:
         0.003  \set aid random(1, 100000 * :scale)
         0.001  \set bid random(1, 1 * :scale)
         0.001  \set tid random(1, 10 * :scale)
         0.001  \set delta random(-5000, 5000)
         0.150  BEGIN;
       707.996  UPDATE pgbench_accounts SET abalance = abalance + :delta WHERE aid = :aid;
         1.101  SELECT abalance FROM pgbench_accounts WHERE aid = :aid;
       348.388  UPDATE pgbench_tellers SET tbalance = tbalance + :delta WHERE tid = :tid;
       197.285  UPDATE pgbench_branches SET bbalance = bbalance + :delta WHERE bid = :bid;
        81.189  INSERT INTO pgbench_history (tid, bid, aid, delta, mtime) VALUES (:tid, :bid, :aid, :delta, CURRENT_TIMESTAMP);
       209.906  END;
avg-cpu:  %user   %nice %system %iowait  %steal   %idle
           0,43    0,00    0,24   17,81    0,00   81,52

Device:         rrqm/s   wrqm/s     r/s     w/s    rkB/s    wkB/s avgrq-sz avgqu-sz   await r_await w_await  svctm  %util
sdb               0,00     2,65    4,28  151,86    34,90   874,68    11,65    10,54   67,49   28,63   68,59   3,81  59,42
sda               0,01     2,64   14,56  151,87   120,29   874,68    11,96    14,00   84,12   31,06   89,21   4,99  83,05
md0               0,00     0,00    0,07    0,00     0,30     0,00     8,00     0,00    0,00    0,00    0,00   0,00   0,00
md1               0,00     0,00    0,00    0,00     0,00     0,00     0,00     0,00    0,00    0,00    0,00   0,00   0,00
md2               0,00     0,00   18,77  154,22   154,90   873,96    11,89     0,00    0,00    0,00    0,00   0,00   0,00
md3               0,00     0,00    0,00    0,01     0,00     0,04     8,00     0,00    0,00    0,00    0,00   0,00   0,00

Control File Changes
--- /usr/local/oldpgsql/2004-12-05-REL8_0_0~277/before.controldata	2016-08-19 19:27:41.696056271 +0200
+++ /usr/local/oldpgsql/2004-12-05-REL8_0_0~277/after.controldata	2016-08-19 19:43:12.854514708 +0200
@@ -5 +5 @@
-pg_control last modified:             Fri Aug 19 17:27:41 2016
+pg_control last modified:             Fri Aug 19 17:43:12 2016
@@ -7,4 +7,4 @@
-Next log file segment:                154
-Latest checkpoint location:           1/9930E9F0
-Prior checkpoint location:            1/9930E9A8
-Latest checkpoint's REDO location:    1/9930E9F0
+Next log file segment:                173
+Latest checkpoint location:           1/ACDCC118
+Prior checkpoint location:            1/ACDBEFA0
+Latest checkpoint's REDO location:    1/ACDCC118
@@ -13,3 +13,3 @@
-Latest checkpoint's NextXID:          729065
-Latest checkpoint's NextOID:          31610811
-Time of latest checkpoint:            Fri Aug 19 17:27:41 2016
+Latest checkpoint's NextXID:          747980
+Latest checkpoint's NextOID:          31635387
+Time of latest checkpoint:            Fri Aug 19 17:43:11 2016
size after pgbench of pgbench_branches_pkey: 688
size after pgbench of pgbench_branches: 1016
size after pgbench of pgbench_tellers_pkey: 696
size after pgbench of pgbench_tellers: 1256
size after pgbench of pgbench_accounts_pkey: 658092
size after pgbench of pgbench_accounts: 1010164
size after pgbench of pgbench_history: 1288
total size after pgbench: 1673200
End Time: 2016-08-19 17:43:12+00:00
========================================================================
