ERROR:  table "pgbench_history" does not exist
(ignoring this error and continuing anyway)
ERROR:  table "pgbench_tellers" does not exist
(ignoring this error and continuing anyway)
ERROR:  table "pgbench_accounts" does not exist
(ignoring this error and continuing anyway)
ERROR:  table "pgbench_branches" does not exist
(ignoring this error and continuing anyway)
creating tables...
100000 of 30000000 tuples (0%) done (elapsed 14.93 s, remaining 4464.91 s)
200000 of 30000000 tuples (0%) done (elapsed 32.73 s, remaining 4876.35 s)
300000 of 30000000 tuples (1%) done (elapsed 50.70 s, remaining 5019.34 s)
400000 of 30000000 tuples (1%) done (elapsed 69.13 s, remaining 5115.84 s)
500000 of 30000000 tuples (1%) done (elapsed 86.13 s, remaining 5081.84 s)
600000 of 30000000 tuples (2%) done (elapsed 103.66 s, remaining 5079.10 s)
700000 of 30000000 tuples (2%) done (elapsed 121.19 s, remaining 5072.82 s)
800000 of 30000000 tuples (2%) done (elapsed 138.15 s, remaining 5042.43 s)
900000 of 30000000 tuples (3%) done (elapsed 157.74 s, remaining 5100.41 s)
1000000 of 30000000 tuples (3%) done (elapsed 174.49 s, remaining 5060.26 s)
1100000 of 30000000 tuples (3%) done (elapsed 190.94 s, remaining 5016.47 s)
1200000 of 30000000 tuples (4%) done (elapsed 208.98 s, remaining 5015.62 s)
1300000 of 30000000 tuples (4%) done (elapsed 226.04 s, remaining 4990.31 s)
1400000 of 30000000 tuples (4%) done (elapsed 242.68 s, remaining 4957.61 s)
1500000 of 30000000 tuples (5%) done (elapsed 260.22 s, remaining 4944.14 s)
1600000 of 30000000 tuples (5%) done (elapsed 279.30 s, remaining 4957.52 s)
1700000 of 30000000 tuples (5%) done (elapsed 296.72 s, remaining 4939.59 s)
1800000 of 30000000 tuples (6%) done (elapsed 313.05 s, remaining 4904.47 s)
1900000 of 30000000 tuples (6%) done (elapsed 330.32 s, remaining 4885.26 s)
2000000 of 30000000 tuples (6%) done (elapsed 346.78 s, remaining 4854.87 s)
2100000 of 30000000 tuples (7%) done (elapsed 365.12 s, remaining 4850.87 s)
2200000 of 30000000 tuples (7%) done (elapsed 382.75 s, remaining 4836.57 s)
2300000 of 30000000 tuples (7%) done (elapsed 399.61 s, remaining 4812.67 s)
2400000 of 30000000 tuples (8%) done (elapsed 415.94 s, remaining 4783.30 s)
2500000 of 30000000 tuples (8%) done (elapsed 433.12 s, remaining 4764.28 s)
2600000 of 30000000 tuples (8%) done (elapsed 452.07 s, remaining 4764.17 s)
2700000 of 30000000 tuples (9%) done (elapsed 468.93 s, remaining 4741.36 s)
2800000 of 30000000 tuples (9%) done (elapsed 485.99 s, remaining 4721.07 s)
2900000 of 30000000 tuples (9%) done (elapsed 503.01 s, remaining 4700.53 s)
3000000 of 30000000 tuples (10%) done (elapsed 519.54 s, remaining 4675.86 s)
3100000 of 30000000 tuples (10%) done (elapsed 537.96 s, remaining 4668.10 s)
3200000 of 30000000 tuples (10%) done (elapsed 555.53 s, remaining 4652.57 s)
3300000 of 30000000 tuples (11%) done (elapsed 572.19 s, remaining 4629.56 s)
3400000 of 30000000 tuples (11%) done (elapsed 588.77 s, remaining 4606.25 s)
3500000 of 30000000 tuples (11%) done (elapsed 606.09 s, remaining 4588.95 s)
3600000 of 30000000 tuples (12%) done (elapsed 623.89 s, remaining 4575.19 s)
3700000 of 30000000 tuples (12%) done (elapsed 641.01 s, remaining 4556.39 s)
3800000 of 30000000 tuples (12%) done (elapsed 658.21 s, remaining 4538.15 s)
3900000 of 30000000 tuples (13%) done (elapsed 675.54 s, remaining 4520.95 s)
4000000 of 30000000 tuples (13%) done (elapsed 692.32 s, remaining 4500.09 s)
4100000 of 30000000 tuples (13%) done (elapsed 711.59 s, remaining 4495.17 s)
4200000 of 30000000 tuples (14%) done (elapsed 728.31 s, remaining 4473.88 s)
4300000 of 30000000 tuples (14%) done (elapsed 745.55 s, remaining 4455.96 s)
4400000 of 30000000 tuples (14%) done (elapsed 762.86 s, remaining 4438.47 s)
4500000 of 30000000 tuples (15%) done (elapsed 781.05 s, remaining 4425.96 s)
4600000 of 30000000 tuples (15%) done (elapsed 798.27 s, remaining 4407.86 s)
4700000 of 30000000 tuples (15%) done (elapsed 815.36 s, remaining 4389.08 s)
4800000 of 30000000 tuples (16%) done (elapsed 832.27 s, remaining 4369.39 s)
4900000 of 30000000 tuples (16%) done (elapsed 849.11 s, remaining 4349.54 s)
5000000 of 30000000 tuples (16%) done (elapsed 867.79 s, remaining 4338.95 s)
5100000 of 30000000 tuples (17%) done (elapsed 885.15 s, remaining 4321.60 s)
5200000 of 30000000 tuples (17%) done (elapsed 902.04 s, remaining 4302.02 s)
5300000 of 30000000 tuples (17%) done (elapsed 918.94 s, remaining 4282.59 s)
5400000 of 30000000 tuples (18%) done (elapsed 936.09 s, remaining 4264.41 s)
5500000 of 30000000 tuples (18%) done (elapsed 954.20 s, remaining 4250.53 s)
5600000 of 30000000 tuples (18%) done (elapsed 971.04 s, remaining 4230.98 s)
5700000 of 30000000 tuples (19%) done (elapsed 988.26 s, remaining 4213.10 s)
5800000 of 30000000 tuples (19%) done (elapsed 1004.86 s, remaining 4192.68 s)
5900000 of 30000000 tuples (19%) done (elapsed 1021.78 s, remaining 4173.70 s)
6000000 of 30000000 tuples (20%) done (elapsed 1040.06 s, remaining 4160.25 s)
6100000 of 30000000 tuples (20%) done (elapsed 1056.77 s, remaining 4140.45 s)
6200000 of 30000000 tuples (20%) done (elapsed 1073.32 s, remaining 4120.16 s)
6300000 of 30000000 tuples (21%) done (elapsed 1090.81 s, remaining 4103.53 s)
6400000 of 30000000 tuples (21%) done (elapsed 1107.77 s, remaining 4084.91 s)
6500000 of 30000000 tuples (21%) done (elapsed 1126.31 s, remaining 4072.03 s)
6600000 of 30000000 tuples (22%) done (elapsed 1143.52 s, remaining 4054.29 s)
6700000 of 30000000 tuples (22%) done (elapsed 1160.74 s, remaining 4036.60 s)
6800000 of 30000000 tuples (22%) done (elapsed 1177.58 s, remaining 4017.62 s)
6900000 of 30000000 tuples (23%) done (elapsed 1194.87 s, remaining 4000.23 s)
7000000 of 30000000 tuples (23%) done (elapsed 1213.04 s, remaining 3985.72 s)
7100000 of 30000000 tuples (23%) done (elapsed 1229.63 s, remaining 3965.98 s)
7200000 of 30000000 tuples (24%) done (elapsed 1246.40 s, remaining 3946.94 s)
7300000 of 30000000 tuples (24%) done (elapsed 1264.07 s, remaining 3930.74 s)
7400000 of 30000000 tuples (24%) done (elapsed 1282.02 s, remaining 3915.35 s)
7500000 of 30000000 tuples (25%) done (elapsed 1298.81 s, remaining 3896.44 s)
7600000 of 30000000 tuples (25%) done (elapsed 1316.07 s, remaining 3878.94 s)
7700000 of 30000000 tuples (25%) done (elapsed 1333.68 s, remaining 3862.48 s)
7800000 of 30000000 tuples (26%) done (elapsed 1350.42 s, remaining 3843.52 s)
7900000 of 30000000 tuples (26%) done (elapsed 1370.16 s, remaining 3832.97 s)
8000000 of 30000000 tuples (26%) done (elapsed 1386.88 s, remaining 3813.91 s)
8100000 of 30000000 tuples (27%) done (elapsed 1403.81 s, remaining 3795.49 s)
8200000 of 30000000 tuples (27%) done (elapsed 1420.65 s, remaining 3776.85 s)
8300000 of 30000000 tuples (27%) done (elapsed 1437.29 s, remaining 3757.73 s)
8400000 of 30000000 tuples (28%) done (elapsed 1455.65 s, remaining 3743.10 s)
8500000 of 30000000 tuples (28%) done (elapsed 1472.68 s, remaining 3725.00 s)
8600000 of 30000000 tuples (28%) done (elapsed 1489.43 s, remaining 3706.25 s)
8700000 of 30000000 tuples (29%) done (elapsed 1506.09 s, remaining 3687.32 s)
8800000 of 30000000 tuples (29%) done (elapsed 1524.22 s, remaining 3671.99 s)
8900000 of 30000000 tuples (29%) done (elapsed 1542.51 s, remaining 3656.97 s)
9000000 of 30000000 tuples (30%) done (elapsed 1559.25 s, remaining 3638.24 s)
9100000 of 30000000 tuples (30%) done (elapsed 1577.62 s, remaining 3623.33 s)
9200000 of 30000000 tuples (30%) done (elapsed 1594.45 s, remaining 3604.85 s)
9300000 of 30000000 tuples (31%) done (elapsed 1611.40 s, remaining 3586.66 s)
9400000 of 30000000 tuples (31%) done (elapsed 1630.19 s, remaining 3572.55 s)
9500000 of 30000000 tuples (31%) done (elapsed 1646.86 s, remaining 3553.76 s)
9600000 of 30000000 tuples (32%) done (elapsed 1663.74 s, remaining 3535.44 s)
9700000 of 30000000 tuples (32%) done (elapsed 1680.95 s, remaining 3517.86 s)
9800000 of 30000000 tuples (32%) done (elapsed 1698.69 s, remaining 3501.38 s)
9900000 of 30000000 tuples (33%) done (elapsed 1717.43 s, remaining 3486.90 s)
10000000 of 30000000 tuples (33%) done (elapsed 1736.03 s, remaining 3472.05 s)
10100000 of 30000000 tuples (33%) done (elapsed 1753.79 s, remaining 3455.50 s)
10200000 of 30000000 tuples (34%) done (elapsed 1772.01 s, remaining 3439.78 s)
10300000 of 30000000 tuples (34%) done (elapsed 1788.48 s, remaining 3420.69 s)
10400000 of 30000000 tuples (34%) done (elapsed 1807.30 s, remaining 3406.07 s)
10500000 of 30000000 tuples (35%) done (elapsed 1823.87 s, remaining 3387.19 s)
10600000 of 30000000 tuples (35%) done (elapsed 1841.14 s, remaining 3369.64 s)
10700000 of 30000000 tuples (35%) done (elapsed 1857.84 s, remaining 3351.06 s)
10800000 of 30000000 tuples (36%) done (elapsed 1874.25 s, remaining 3331.99 s)
10900000 of 30000000 tuples (36%) done (elapsed 1893.41 s, remaining 3317.82 s)
11000000 of 30000000 tuples (36%) done (elapsed 1910.62 s, remaining 3300.16 s)
11100000 of 30000000 tuples (37%) done (elapsed 1929.17 s, remaining 3284.81 s)
11200000 of 30000000 tuples (37%) done (elapsed 1945.58 s, remaining 3265.79 s)
11300000 of 30000000 tuples (37%) done (elapsed 1964.73 s, remaining 3251.36 s)
11400000 of 30000000 tuples (38%) done (elapsed 1981.15 s, remaining 3232.40 s)
11500000 of 30000000 tuples (38%) done (elapsed 1998.96 s, remaining 3215.72 s)
11600000 of 30000000 tuples (38%) done (elapsed 2015.78 s, remaining 3197.45 s)
11700000 of 30000000 tuples (39%) done (elapsed 2033.25 s, remaining 3180.22 s)
11800000 of 30000000 tuples (39%) done (elapsed 2049.83 s, remaining 3161.60 s)
11900000 of 30000000 tuples (39%) done (elapsed 2067.74 s, remaining 3145.04 s)
12000000 of 30000000 tuples (40%) done (elapsed 2084.94 s, remaining 3127.41 s)
12100000 of 30000000 tuples (40%) done (elapsed 2102.44 s, remaining 3110.22 s)
12200000 of 30000000 tuples (40%) done (elapsed 2119.10 s, remaining 3091.80 s)
12300000 of 30000000 tuples (41%) done (elapsed 2136.93 s, remaining 3075.09 s)
12400000 of 30000000 tuples (41%) done (elapsed 2153.50 s, remaining 3056.58 s)
12500000 of 30000000 tuples (41%) done (elapsed 2171.44 s, remaining 3040.02 s)
12600000 of 30000000 tuples (42%) done (elapsed 2188.40 s, remaining 3022.08 s)
12700000 of 30000000 tuples (42%) done (elapsed 2206.03 s, remaining 3005.07 s)
12800000 of 30000000 tuples (42%) done (elapsed 2222.88 s, remaining 2987.00 s)
12900000 of 30000000 tuples (43%) done (elapsed 2241.68 s, remaining 2971.53 s)
13000000 of 30000000 tuples (43%) done (elapsed 2259.33 s, remaining 2954.51 s)
13100000 of 30000000 tuples (43%) done (elapsed 2276.97 s, remaining 2937.46 s)
13200000 of 30000000 tuples (44%) done (elapsed 2296.26 s, remaining 2922.51 s)
13300000 of 30000000 tuples (44%) done (elapsed 2314.00 s, remaining 2905.55 s)
13400000 of 30000000 tuples (44%) done (elapsed 2330.65 s, remaining 2887.22 s)
13500000 of 30000000 tuples (45%) done (elapsed 2349.53 s, remaining 2871.65 s)
13600000 of 30000000 tuples (45%) done (elapsed 2365.97 s, remaining 2853.08 s)
13700000 of 30000000 tuples (45%) done (elapsed 2383.70 s, remaining 2836.08 s)
13800000 of 30000000 tuples (46%) done (elapsed 2401.24 s, remaining 2818.85 s)
13900000 of 30000000 tuples (46%) done (elapsed 2418.97 s, remaining 2801.83 s)
14000000 of 30000000 tuples (46%) done (elapsed 2435.86 s, remaining 2783.84 s)
14100000 of 30000000 tuples (47%) done (elapsed 2453.93 s, remaining 2767.20 s)
14200000 of 30000000 tuples (47%) done (elapsed 2470.47 s, remaining 2748.83 s)
14300000 of 30000000 tuples (47%) done (elapsed 2488.38 s, remaining 2732.00 s)
14400000 of 30000000 tuples (48%) done (elapsed 2505.01 s, remaining 2713.76 s)
14500000 of 30000000 tuples (48%) done (elapsed 2524.21 s, remaining 2698.30 s)
14600000 of 30000000 tuples (48%) done (elapsed 2540.85 s, remaining 2680.07 s)
14700000 of 30000000 tuples (49%) done (elapsed 2558.57 s, remaining 2663.00 s)
14800000 of 30000000 tuples (49%) done (elapsed 2575.65 s, remaining 2645.26 s)
14900000 of 30000000 tuples (49%) done (elapsed 2593.16 s, remaining 2627.96 s)
15000000 of 30000000 tuples (50%) done (elapsed 2609.83 s, remaining 2609.83 s)
15100000 of 30000000 tuples (50%) done (elapsed 2628.08 s, remaining 2593.28 s)
15200000 of 30000000 tuples (50%) done (elapsed 2644.62 s, remaining 2575.03 s)
15300000 of 30000000 tuples (51%) done (elapsed 2662.99 s, remaining 2558.56 s)
15400000 of 30000000 tuples (51%) done (elapsed 2680.59 s, remaining 2541.34 s)
15500000 of 30000000 tuples (51%) done (elapsed 2698.24 s, remaining 2524.16 s)
15600000 of 30000000 tuples (52%) done (elapsed 2714.54 s, remaining 2505.73 s)
15700000 of 30000000 tuples (52%) done (elapsed 2732.72 s, remaining 2489.04 s)
15800000 of 30000000 tuples (52%) done (elapsed 2749.80 s, remaining 2471.34 s)
15900000 of 30000000 tuples (53%) done (elapsed 2768.46 s, remaining 2455.05 s)
16000000 of 30000000 tuples (53%) done (elapsed 2785.03 s, remaining 2436.90 s)
16100000 of 30000000 tuples (53%) done (elapsed 2802.62 s, remaining 2419.65 s)
16200000 of 30000000 tuples (54%) done (elapsed 2818.89 s, remaining 2401.28 s)
16300000 of 30000000 tuples (54%) done (elapsed 2837.37 s, remaining 2384.79 s)
16400000 of 30000000 tuples (54%) done (elapsed 2853.81 s, remaining 2366.57 s)
16500000 of 30000000 tuples (55%) done (elapsed 2871.28 s, remaining 2349.23 s)
16600000 of 30000000 tuples (55%) done (elapsed 2887.75 s, remaining 2331.08 s)
16700000 of 30000000 tuples (55%) done (elapsed 2905.98 s, remaining 2314.34 s)
16800000 of 30000000 tuples (56%) done (elapsed 2922.69 s, remaining 2296.40 s)
16900000 of 30000000 tuples (56%) done (elapsed 2940.28 s, remaining 2279.15 s)
17000000 of 30000000 tuples (56%) done (elapsed 2957.81 s, remaining 2261.86 s)
17100000 of 30000000 tuples (57%) done (elapsed 2974.10 s, remaining 2243.62 s)
17200000 of 30000000 tuples (57%) done (elapsed 2992.04 s, remaining 2226.64 s)
17300000 of 30000000 tuples (57%) done (elapsed 3008.62 s, remaining 2208.64 s)
17400000 of 30000000 tuples (58%) done (elapsed 3026.32 s, remaining 2191.47 s)
17500000 of 30000000 tuples (58%) done (elapsed 3043.21 s, remaining 2173.72 s)
17600000 of 30000000 tuples (58%) done (elapsed 3062.88 s, remaining 2157.94 s)
17700000 of 30000000 tuples (59%) done (elapsed 3079.23 s, remaining 2139.80 s)
17800000 of 30000000 tuples (59%) done (elapsed 3096.69 s, remaining 2122.45 s)
17900000 of 30000000 tuples (59%) done (elapsed 3113.73 s, remaining 2104.81 s)
18000000 of 30000000 tuples (60%) done (elapsed 3131.27 s, remaining 2087.51 s)
18100000 of 30000000 tuples (60%) done (elapsed 3147.98 s, remaining 2069.67 s)
18200000 of 30000000 tuples (60%) done (elapsed 3167.06 s, remaining 2053.37 s)
18300000 of 30000000 tuples (61%) done (elapsed 3183.51 s, remaining 2035.36 s)
18400000 of 30000000 tuples (61%) done (elapsed 3201.35 s, remaining 2018.25 s)
18500000 of 30000000 tuples (61%) done (elapsed 3218.42 s, remaining 2000.64 s)
18600000 of 30000000 tuples (62%) done (elapsed 3236.56 s, remaining 1983.70 s)
18700000 of 30000000 tuples (62%) done (elapsed 3252.79 s, remaining 1965.59 s)
18800000 of 30000000 tuples (62%) done (elapsed 3272.74 s, remaining 1949.72 s)
18900000 of 30000000 tuples (63%) done (elapsed 3288.89 s, remaining 1931.57 s)
19000000 of 30000000 tuples (63%) done (elapsed 3306.99 s, remaining 1914.57 s)
19100000 of 30000000 tuples (63%) done (elapsed 3323.35 s, remaining 1896.57 s)
19200000 of 30000000 tuples (64%) done (elapsed 3341.56 s, remaining 1879.63 s)
19300000 of 30000000 tuples (64%) done (elapsed 3358.26 s, remaining 1861.83 s)
19400000 of 30000000 tuples (64%) done (elapsed 3376.49 s, remaining 1844.89 s)
19500000 of 30000000 tuples (65%) done (elapsed 3394.07 s, remaining 1827.58 s)
19600000 of 30000000 tuples (65%) done (elapsed 3412.34 s, remaining 1810.63 s)
19700000 of 30000000 tuples (65%) done (elapsed 3429.08 s, remaining 1792.87 s)
19800000 of 30000000 tuples (66%) done (elapsed 3447.13 s, remaining 1775.79 s)
19900000 of 30000000 tuples (66%) done (elapsed 3463.95 s, remaining 1758.09 s)
20000000 of 30000000 tuples (66%) done (elapsed 3481.88 s, remaining 1740.94 s)
20100000 of 30000000 tuples (67%) done (elapsed 3499.18 s, remaining 1723.47 s)
20200000 of 30000000 tuples (67%) done (elapsed 3517.00 s, remaining 1706.27 s)
20300000 of 30000000 tuples (67%) done (elapsed 3534.13 s, remaining 1688.72 s)
20400000 of 30000000 tuples (68%) done (elapsed 3551.91 s, remaining 1671.49 s)
20500000 of 30000000 tuples (68%) done (elapsed 3568.84 s, remaining 1653.85 s)
20600000 of 30000000 tuples (68%) done (elapsed 3586.85 s, remaining 1636.72 s)
20700000 of 30000000 tuples (69%) done (elapsed 3603.91 s, remaining 1619.15 s)
20800000 of 30000000 tuples (69%) done (elapsed 3621.48 s, remaining 1601.81 s)
20900000 of 30000000 tuples (69%) done (elapsed 3637.98 s, remaining 1584.00 s)
21000000 of 30000000 tuples (70%) done (elapsed 3656.25 s, remaining 1566.97 s)
21100000 of 30000000 tuples (70%) done (elapsed 3672.83 s, remaining 1549.20 s)
21200000 of 30000000 tuples (70%) done (elapsed 3690.66 s, remaining 1531.97 s)
21300000 of 30000000 tuples (71%) done (elapsed 3707.18 s, remaining 1514.20 s)
21400000 of 30000000 tuples (71%) done (elapsed 3726.73 s, remaining 1497.66 s)
21500000 of 30000000 tuples (71%) done (elapsed 3743.12 s, remaining 1479.84 s)
21600000 of 30000000 tuples (72%) done (elapsed 3761.37 s, remaining 1462.75 s)
21700000 of 30000000 tuples (72%) done (elapsed 3778.49 s, remaining 1445.23 s)
21800000 of 30000000 tuples (72%) done (elapsed 3796.43 s, remaining 1428.02 s)
21900000 of 30000000 tuples (73%) done (elapsed 3812.67 s, remaining 1410.16 s)
22000000 of 30000000 tuples (73%) done (elapsed 3832.72 s, remaining 1393.72 s)
22100000 of 30000000 tuples (73%) done (elapsed 3848.99 s, remaining 1375.88 s)
22200000 of 30000000 tuples (74%) done (elapsed 3867.01 s, remaining 1358.68 s)
22300000 of 30000000 tuples (74%) done (elapsed 3883.41 s, remaining 1340.91 s)
22400000 of 30000000 tuples (74%) done (elapsed 3901.33 s, remaining 1323.66 s)
22500000 of 30000000 tuples (75%) done (elapsed 3917.45 s, remaining 1305.82 s)
22600000 of 30000000 tuples (75%) done (elapsed 3935.90 s, remaining 1288.75 s)
22700000 of 30000000 tuples (75%) done (elapsed 3952.39 s, remaining 1271.03 s)
22800000 of 30000000 tuples (76%) done (elapsed 3970.10 s, remaining 1253.71 s)
22900000 of 30000000 tuples (76%) done (elapsed 3987.01 s, remaining 1236.15 s)
23000000 of 30000000 tuples (76%) done (elapsed 4004.88 s, remaining 1218.88 s)
23100000 of 30000000 tuples (77%) done (elapsed 4021.33 s, remaining 1201.18 s)
23200000 of 30000000 tuples (77%) done (elapsed 4038.65 s, remaining 1183.74 s)
23300000 of 30000000 tuples (77%) done (elapsed 4056.00 s, remaining 1166.32 s)
23400000 of 30000000 tuples (78%) done (elapsed 4073.65 s, remaining 1148.98 s)
23500000 of 30000000 tuples (78%) done (elapsed 4092.20 s, remaining 1131.88 s)
23600000 of 30000000 tuples (78%) done (elapsed 4108.76 s, remaining 1114.24 s)
23700000 of 30000000 tuples (79%) done (elapsed 4126.33 s, remaining 1096.87 s)
23800000 of 30000000 tuples (79%) done (elapsed 4143.25 s, remaining 1079.33 s)
23900000 of 30000000 tuples (79%) done (elapsed 4162.83 s, remaining 1062.48 s)
24000000 of 30000000 tuples (80%) done (elapsed 4179.33 s, remaining 1044.83 s)
24100000 of 30000000 tuples (80%) done (elapsed 4197.94 s, remaining 1027.71 s)
24200000 of 30000000 tuples (80%) done (elapsed 4215.25 s, remaining 1010.27 s)
24300000 of 30000000 tuples (81%) done (elapsed 4232.90 s, remaining 992.90 s)
24400000 of 30000000 tuples (81%) done (elapsed 4249.31 s, remaining 975.25 s)
24500000 of 30000000 tuples (81%) done (elapsed 4267.69 s, remaining 958.05 s)
24600000 of 30000000 tuples (82%) done (elapsed 4283.89 s, remaining 940.37 s)
24700000 of 30000000 tuples (82%) done (elapsed 4302.18 s, remaining 923.14 s)
24800000 of 30000000 tuples (82%) done (elapsed 4319.28 s, remaining 905.66 s)
24900000 of 30000000 tuples (83%) done (elapsed 4337.20 s, remaining 888.34 s)
25000000 of 30000000 tuples (83%) done (elapsed 4353.80 s, remaining 870.76 s)
25100000 of 30000000 tuples (83%) done (elapsed 4372.34 s, remaining 853.56 s)
25200000 of 30000000 tuples (84%) done (elapsed 4388.88 s, remaining 835.98 s)
25300000 of 30000000 tuples (84%) done (elapsed 4406.45 s, remaining 818.59 s)
25400000 of 30000000 tuples (84%) done (elapsed 4424.36 s, remaining 801.26 s)
25500000 of 30000000 tuples (85%) done (elapsed 4442.13 s, remaining 783.91 s)
25600000 of 30000000 tuples (85%) done (elapsed 4459.20 s, remaining 766.42 s)
25700000 of 30000000 tuples (85%) done (elapsed 4477.51 s, remaining 749.16 s)
25800000 of 30000000 tuples (86%) done (elapsed 4494.03 s, remaining 731.59 s)
25900000 of 30000000 tuples (86%) done (elapsed 4511.68 s, remaining 714.20 s)
26000000 of 30000000 tuples (86%) done (elapsed 4528.13 s, remaining 696.63 s)
26100000 of 30000000 tuples (87%) done (elapsed 4546.87 s, remaining 679.42 s)
26200000 of 30000000 tuples (87%) done (elapsed 4563.30 s, remaining 661.85 s)
26300000 of 30000000 tuples (87%) done (elapsed 4580.93 s, remaining 644.47 s)
26400000 of 30000000 tuples (88%) done (elapsed 4598.69 s, remaining 627.09 s)
26500000 of 30000000 tuples (88%) done (elapsed 4616.47 s, remaining 609.72 s)
26600000 of 30000000 tuples (88%) done (elapsed 4633.04 s, remaining 592.19 s)
26700000 of 30000000 tuples (89%) done (elapsed 4651.08 s, remaining 574.85 s)
26800000 of 30000000 tuples (89%) done (elapsed 4667.45 s, remaining 557.31 s)
26900000 of 30000000 tuples (89%) done (elapsed 4684.83 s, remaining 539.89 s)
27000000 of 30000000 tuples (90%) done (elapsed 4702.18 s, remaining 522.46 s)
27100000 of 30000000 tuples (90%) done (elapsed 4719.78 s, remaining 505.07 s)
27200000 of 30000000 tuples (90%) done (elapsed 4736.42 s, remaining 487.57 s)
27300000 of 30000000 tuples (91%) done (elapsed 4754.39 s, remaining 470.21 s)
27400000 of 30000000 tuples (91%) done (elapsed 4770.66 s, remaining 452.69 s)
27500000 of 30000000 tuples (91%) done (elapsed 4788.54 s, remaining 435.32 s)
27600000 of 30000000 tuples (92%) done (elapsed 4805.90 s, remaining 417.90 s)
27700000 of 30000000 tuples (92%) done (elapsed 4823.83 s, remaining 400.54 s)
27800000 of 30000000 tuples (92%) done (elapsed 4840.32 s, remaining 383.05 s)
27900000 of 30000000 tuples (93%) done (elapsed 4860.07 s, remaining 365.81 s)
28000000 of 30000000 tuples (93%) done (elapsed 4876.37 s, remaining 348.31 s)
28100000 of 30000000 tuples (93%) done (elapsed 4894.16 s, remaining 330.92 s)
28200000 of 30000000 tuples (94%) done (elapsed 4911.57 s, remaining 313.50 s)
28300000 of 30000000 tuples (94%) done (elapsed 4929.49 s, remaining 296.12 s)
28400000 of 30000000 tuples (94%) done (elapsed 4946.92 s, remaining 278.70 s)
28500000 of 30000000 tuples (95%) done (elapsed 4964.46 s, remaining 261.29 s)
28600000 of 30000000 tuples (95%) done (elapsed 4982.79 s, remaining 243.91 s)
28700000 of 30000000 tuples (95%) done (elapsed 5000.23 s, remaining 226.49 s)
28800000 of 30000000 tuples (96%) done (elapsed 5018.54 s, remaining 209.11 s)
28900000 of 30000000 tuples (96%) done (elapsed 5038.66 s, remaining 191.78 s)
29000000 of 30000000 tuples (96%) done (elapsed 5055.40 s, remaining 174.32 s)
29100000 of 30000000 tuples (97%) done (elapsed 5073.57 s, remaining 156.91 s)
29200000 of 30000000 tuples (97%) done (elapsed 5091.28 s, remaining 139.49 s)
29300000 of 30000000 tuples (97%) done (elapsed 5109.41 s, remaining 122.07 s)
29400000 of 30000000 tuples (98%) done (elapsed 5126.35 s, remaining 104.62 s)
29500000 of 30000000 tuples (98%) done (elapsed 5144.14 s, remaining 87.19 s)
29600000 of 30000000 tuples (98%) done (elapsed 5162.04 s, remaining 69.76 s)
29700000 of 30000000 tuples (99%) done (elapsed 5178.25 s, remaining 52.31 s)
29800000 of 30000000 tuples (99%) done (elapsed 5196.96 s, remaining 34.88 s)
29900000 of 30000000 tuples (99%) done (elapsed 5213.40 s, remaining 17.44 s)
30000000 of 30000000 tuples (100%) done (elapsed 5231.72 s, remaining 0.00 s)
vacuum...
set primary keys...
NOTICE:  ALTER TABLE / ADD PRIMARY KEY will create implicit index "pgbench_branches_pkey" for table "pgbench_branches"
NOTICE:  ALTER TABLE / ADD PRIMARY KEY will create implicit index "pgbench_tellers_pkey" for table "pgbench_tellers"
NOTICE:  ALTER TABLE / ADD PRIMARY KEY will create implicit index "pgbench_accounts_pkey" for table "pgbench_accounts"
done.
starting vacuum...end.
transaction type: <builtin: TPC-B (sort of)>
scaling factor: 300
query mode: simple
number of clients: 32
number of threads: 4
duration: 60 s
number of transactions actually processed: 1321
latency average: 1453.444 ms
tps = 21.926359 (including connections establishing)
tps = 21.928564 (excluding connections establishing)
script statistics:
 - statement latencies in milliseconds:
         0.003  \set aid random(1, 100000 * :scale)
         0.001  \set bid random(1, 1 * :scale)
         0.001  \set tid random(1, 10 * :scale)
         0.001  \set delta random(-5000, 5000)
         0.288  BEGIN;
       513.649  UPDATE pgbench_accounts SET abalance = abalance + :delta WHERE aid = :aid;
        13.738  SELECT abalance FROM pgbench_accounts WHERE aid = :aid;
       341.549  UPDATE pgbench_tellers SET tbalance = tbalance + :delta WHERE tid = :tid;
       273.688  UPDATE pgbench_branches SET bbalance = bbalance + :delta WHERE bid = :bid;
       124.333  INSERT INTO pgbench_history (tid, bid, aid, delta, mtime) VALUES (:tid, :bid, :aid, :delta, CURRENT_TIMESTAMP);
       191.280  END;
starting vacuum...end.
transaction type: <builtin: TPC-B (sort of)>
scaling factor: 300
query mode: simple
number of clients: 32
number of threads: 4
duration: 60 s
number of transactions actually processed: 1114
latency average: 1723.519 ms
tps = 18.489388 (including connections establishing)
tps = 18.491148 (excluding connections establishing)
script statistics:
 - statement latencies in milliseconds:
         0.003  \set aid random(1, 100000 * :scale)
         0.001  \set bid random(1, 1 * :scale)
         0.001  \set tid random(1, 10 * :scale)
         0.001  \set delta random(-5000, 5000)
         0.309  BEGIN;
       780.366  UPDATE pgbench_accounts SET abalance = abalance + :delta WHERE aid = :aid;
         2.992  SELECT abalance FROM pgbench_accounts WHERE aid = :aid;
       322.041  UPDATE pgbench_tellers SET tbalance = tbalance + :delta WHERE tid = :tid;
       229.816  UPDATE pgbench_branches SET bbalance = bbalance + :delta WHERE bid = :bid;
       125.499  INSERT INTO pgbench_history (tid, bid, aid, delta, mtime) VALUES (:tid, :bid, :aid, :delta, CURRENT_TIMESTAMP);
       269.591  END;
starting vacuum...end.
transaction type: <builtin: TPC-B (sort of)>
scaling factor: 300
query mode: simple
number of clients: 32
number of threads: 4
duration: 900 s
number of transactions actually processed: 14451
latency average: 1992.942 ms
tps = 16.048442 (including connections establishing)
tps = 16.048633 (excluding connections establishing)
script statistics:
 - statement latencies in milliseconds:
         0.003  \set aid random(1, 100000 * :scale)
         0.001  \set bid random(1, 1 * :scale)
         0.001  \set tid random(1, 10 * :scale)
         0.001  \set delta random(-5000, 5000)
         0.129  BEGIN;
       888.346  UPDATE pgbench_accounts SET abalance = abalance + :delta WHERE aid = :aid;
         0.874  SELECT abalance FROM pgbench_accounts WHERE aid = :aid;
       384.407  UPDATE pgbench_tellers SET tbalance = tbalance + :delta WHERE tid = :tid;
       250.607  UPDATE pgbench_branches SET bbalance = bbalance + :delta WHERE bid = :bid;
       146.636  INSERT INTO pgbench_history (tid, bid, aid, delta, mtime) VALUES (:tid, :bid, :aid, :delta, CURRENT_TIMESTAMP);
       322.492  END;
========================================================================
Testing 2005-05-24-REL8_1_0~1213
Start Time: 2016-07-31 06:24:58+00:00
Linux 3.16.0-4-amd64 (Debian-83-jessie-64-minimal) 	31.07.16 	_x86_64_	(8 CPU)

starting vacuum...end.
transaction type: <builtin: TPC-B (sort of)>
scaling factor: 300
query mode: simple
number of clients: 32
number of threads: 4
duration: 900 s
number of transactions actually processed: 13450
latency average: 2141.264 ms
tps = 14.937542 (including connections establishing)
tps = 14.937623 (excluding connections establishing)
script statistics:
 - statement latencies in milliseconds:
         0.003  \set aid random(1, 100000 * :scale)
         0.001  \set bid random(1, 1 * :scale)
         0.001  \set tid random(1, 10 * :scale)
         0.001  \set delta random(-5000, 5000)
         0.121  BEGIN;
       865.095  UPDATE pgbench_accounts SET abalance = abalance + :delta WHERE aid = :aid;
         0.793  SELECT abalance FROM pgbench_accounts WHERE aid = :aid;
       441.557  UPDATE pgbench_tellers SET tbalance = tbalance + :delta WHERE tid = :tid;
       301.120  UPDATE pgbench_branches SET bbalance = bbalance + :delta WHERE bid = :bid;
       188.384  INSERT INTO pgbench_history (tid, bid, aid, delta, mtime) VALUES (:tid, :bid, :aid, :delta, CURRENT_TIMESTAMP);
       345.583  END;
avg-cpu:  %user   %nice %system %iowait  %steal   %idle
           0,21    0,00    0,15    5,74    0,00   93,90

Device:         rrqm/s   wrqm/s     r/s     w/s    rkB/s    wkB/s avgrq-sz avgqu-sz   await r_await w_await  svctm  %util
sdb               0,00     0,80    1,39  117,80    11,42   608,58    10,40    10,54   88,43   23,97   89,19   5,47  65,24
sda               0,00     0,80   12,46  117,81   101,64   608,58    10,90     9,59   73,60   31,52   78,05   5,77  75,19
md0               0,00     0,00    0,05    0,00     0,20     0,00     8,00     0,00    0,00    0,00    0,00   0,00   0,00
md1               0,00     0,00    0,00    0,00     0,00     0,00     0,00     0,00    0,00    0,00    0,00   0,00   0,00
md2               0,00     0,00   13,80  118,07   112,86   607,25    10,92     0,00    0,00    0,00    0,00   0,00   0,00
md3               0,00     0,00    0,00    0,01     0,00     0,04     8,00     0,00    0,00    0,00    0,00   0,00   0,00

End Time: 2016-07-31 06:40:28+00:00
========================================================================
========================================================================
Testing 2005-05-24-REL8_1_0~1213
Start Time: 2016-08-06 18:34:21+00:00
Shared Buffers:  260000
Linux 3.16.0-4-amd64 (Debian-83-jessie-64-minimal) 	06.08.16 	_x86_64_	(8 CPU)

starting vacuum...end.
transaction type: <builtin: TPC-B (sort of)>
scaling factor: 300
query mode: simple
number of clients: 32
number of threads: 4
duration: 900 s
number of transactions actually processed: 16192
latency average: 1778.656 ms
tps = 17.959667 (including connections establishing)
tps = 17.959812 (excluding connections establishing)
script statistics:
 - statement latencies in milliseconds:
         0.003  \set aid random(1, 100000 * :scale)
         0.001  \set bid random(1, 1 * :scale)
         0.001  \set tid random(1, 10 * :scale)
         0.001  \set delta random(-5000, 5000)
         0.133  BEGIN;
       742.622  UPDATE pgbench_accounts SET abalance = abalance + :delta WHERE aid = :aid;
         0.933  SELECT abalance FROM pgbench_accounts WHERE aid = :aid;
       353.480  UPDATE pgbench_tellers SET tbalance = tbalance + :delta WHERE tid = :tid;
       243.850  UPDATE pgbench_branches SET bbalance = bbalance + :delta WHERE bid = :bid;
       148.549  INSERT INTO pgbench_history (tid, bid, aid, delta, mtime) VALUES (:tid, :bid, :aid, :delta, CURRENT_TIMESTAMP);
       291.529  END;
avg-cpu:  %user   %nice %system %iowait  %steal   %idle
           0,26    0,00    0,18    6,97    0,00   92,58

Device:         rrqm/s   wrqm/s     r/s     w/s    rkB/s    wkB/s avgrq-sz avgqu-sz   await r_await w_await  svctm  %util
sdb               0,01     0,88    1,53  138,90    12,50   771,73    11,17    10,67   75,99   19,32   76,62   4,23  59,34
sda               0,01     0,88   14,83  138,90   121,91   771,73    11,63    16,05  104,39   33,44  111,97   5,55  85,38
md0               0,00     0,00    0,08    0,00     0,34     0,00     8,00     0,00    0,00    0,00    0,00   0,00   0,00
md1               0,00     0,00    0,00    0,00     0,00     0,00     0,00     0,00    0,00    0,00    0,00   0,00   0,00
md2               0,00     0,00   16,30  139,31   134,08   770,52    11,63     0,00    0,00    0,00    0,00   0,00   0,00
md3               0,00     0,00    0,00    0,01     0,00     0,04     8,00     0,00    0,00    0,00    0,00   0,00   0,00

Control File Changes
--- /usr/local/oldpgsql/2005-05-24-REL8_1_0~1213/before.controldata	2016-08-06 20:34:21.432489855 +0200
+++ /usr/local/oldpgsql/2005-05-24-REL8_1_0~1213/after.controldata	2016-08-06 20:49:52.262902042 +0200
@@ -2,18 +2,18 @@
 Catalog version number:               200505201
 Database system identifier:           6255595751839422327
 Database cluster state:               in production
-pg_control last modified:             сб, 06-сер-2016 20:34:21 +0200
+pg_control last modified:             сб, 06-сер-2016 20:49:52 +0200
 Current log file ID:                  1
-Next log file segment:                77
-Latest checkpoint location:           1/4C250C90
-Prior checkpoint location:            1/4C250C48
-Latest checkpoint's REDO location:    1/4C250C90
+Next log file segment:                94
+Latest checkpoint location:           1/5D092F78
+Prior checkpoint location:            1/5D092F30
+Latest checkpoint's REDO location:    1/5D092F78
 Latest checkpoint's UNDO location:    0/0
 Latest checkpoint's TimeLineID:       1
-Latest checkpoint's NextXID:          32306
-Latest checkpoint's NextOID:          16415
+Latest checkpoint's NextXID:          48541
+Latest checkpoint's NextOID:          24607
 Latest checkpoint's NextMultiXactId:  1
-Time of latest checkpoint:            сб, 06-сер-2016 20:34:21 +0200
+Time of latest checkpoint:            сб, 06-сер-2016 20:49:51 +0200
 Database block size:                  8192
 Blocks per segment of large relation: 131072
 Bytes per WAL segment:                16777216
End Time: 2016-08-06 18:49:52+00:00
========================================================================
========================================================================
Testing 2005-05-24-REL8_1_0~1213
Start Time: 2016-08-09 00:02:30+00:00
Shared Buffers:  260000
size before pgbench of pgbench_branches_pkey: 492
size before pgbench of pgbench_branches: 792
size before pgbench of pgbench_tellers_pkey: 544
size before pgbench of pgbench_tellers: 1216
size before pgbench of pgbench_accounts_pkey: 658092
size before pgbench of pgbench_accounts: 999116
size before pgbench of pgbench_history: 1032
total size before pgbench: 1661284
Linux 3.16.0-4-amd64 (Debian-83-jessie-64-minimal) 	09.08.16 	_x86_64_	(8 CPU)

starting vacuum...end.
transaction type: <builtin: select only>
scaling factor: 300
query mode: simple
number of clients: 32
number of threads: 4
duration: 60 s
number of transactions actually processed: 61810
latency average: 31.063 ms
tps = 1028.593519 (including connections establishing)
tps = 1028.750788 (excluding connections establishing)
script statistics:
 - statement latencies in milliseconds:
         0.002  \set aid random(1, 100000 * :scale)
        31.054  SELECT abalance FROM pgbench_accounts WHERE aid = :aid;
avg-cpu:  %user   %nice %system %iowait  %steal   %idle
           1,08    0,00    0,62   26,42    0,00   71,88

Device:         rrqm/s   wrqm/s     r/s     w/s    rkB/s    wkB/s avgrq-sz avgqu-sz   await r_await w_await  svctm  %util
sdb               0,06     1,04  247,17   16,39  2276,76   100,23    18,04    14,27   54,15   45,48  184,85   3,17  83,62
sda               0,87     1,04  253,90   16,39  2341,60   100,23    18,07    15,92   58,89   46,51  250,62   3,17  85,70
md0               0,00     0,00    1,79    0,01     7,16     0,04     8,00     0,00    0,00    0,00    0,00   0,00   0,00
md1               0,00     0,00    0,00    0,00     0,00     0,00     0,00     0,00    0,00    0,00    0,00   0,00   0,00
md2               0,00     0,00  500,20   16,24  4611,20    97,47    18,23     0,00    0,00    0,00    0,00   0,00   0,00
md3               0,00     0,00    0,00    0,10     0,00     0,40     8,00     0,00    0,00    0,00    0,00   0,00   0,00

Control File Changes
--- /usr/local/oldpgsql/2005-05-24-REL8_1_0~1213/before.controldata	2016-08-09 02:03:58.284116188 +0200
+++ /usr/local/oldpgsql/2005-05-24-REL8_1_0~1213/after.controldata	2016-08-09 02:05:28.872331834 +0200
@@ -5 +5 @@
-pg_control last modified:             Tue Aug  9 00:03:58 2016
+pg_control last modified:             Tue Aug  9 00:05:28 2016
@@ -8,3 +8,3 @@
-Latest checkpoint location:           1/5D093008
-Prior checkpoint location:            1/5D092FC0
-Latest checkpoint's REDO location:    1/5D093008
+Latest checkpoint location:           1/5D373A98
+Prior checkpoint location:            1/5D093008
+Latest checkpoint's REDO location:    1/5D373A98
@@ -13,2 +13,2 @@
-Latest checkpoint's NextXID:          48573
-Latest checkpoint's NextOID:          16416
+Latest checkpoint's NextXID:          110426
+Latest checkpoint's NextOID:          24608
@@ -16 +16 @@
-Time of latest checkpoint:            Tue Aug  9 00:03:57 2016
+Time of latest checkpoint:            Tue Aug  9 00:05:28 2016
size after pgbench of pgbench_branches_pkey: 492
size after pgbench of pgbench_branches: 792
size after pgbench of pgbench_tellers_pkey: 544
size after pgbench of pgbench_tellers: 1216
size after pgbench of pgbench_accounts_pkey: 658092
size after pgbench of pgbench_accounts: 999116
size after pgbench of pgbench_history: 0
total size after pgbench: 1660252
End Time: 2016-08-09 00:05:28+00:00
========================================================================
========================================================================
Testing 2005-05-24-REL8_1_0~1213
Start Time: 2016-08-10 13:03:35+00:00
Shared Buffers:  260000
size before pgbench of pgbench_branches_pkey: 492
size before pgbench of pgbench_branches: 792
size before pgbench of pgbench_tellers_pkey: 544
size before pgbench of pgbench_tellers: 1216
size before pgbench of pgbench_accounts_pkey: 658092
size before pgbench of pgbench_accounts: 999116
size before pgbench of pgbench_history: 0
total size before pgbench: 1660252
Linux 3.16.0-4-amd64 (Debian-83-jessie-64-minimal) 	10.08.16 	_x86_64_	(8 CPU)

starting vacuum...end.
transaction type: <builtin: select only>
scaling factor: 300
query mode: simple
number of clients: 32
number of threads: 4
duration: 60 s
number of transactions actually processed: 66948
latency average: 28.679 ms
tps = 1113.995272 (including connections establishing)
tps = 1114.113577 (excluding connections establishing)
script statistics:
 - statement latencies in milliseconds:
         0.002  \set aid random(1, 100000 * :scale)
        28.676  SELECT abalance FROM pgbench_accounts WHERE aid = :aid;
avg-cpu:  %user   %nice %system %iowait  %steal   %idle
           1,15    0,00    0,65   27,23    0,00   70,97

Device:         rrqm/s   wrqm/s     r/s     w/s    rkB/s    wkB/s avgrq-sz avgqu-sz   await r_await w_await  svctm  %util
sdb               0,17     0,82  263,49    2,26  2428,31    23,63    18,45    13,92   52,36   45,25  883,03   2,54  67,47
sda               1,78     0,82  266,03    2,26  2450,67    23,63    18,45    13,29   49,55   43,33  782,70   2,52  67,58
md0               0,00     0,00    3,44    0,01    13,78     0,04     8,00     0,00    0,00    0,00    0,00   0,00   0,00
md1               0,00     0,00    0,00    0,00     0,00     0,00     0,00     0,00    0,00    0,00    0,00   0,00   0,00
md2               0,00     0,00  528,07    1,84  4865,20    20,80    18,44     0,00    0,00    0,00    0,00   0,00   0,00
md3               0,00     0,00    0,00    0,11     0,00     0,44     8,00     0,00    0,00    0,00    0,00   0,00   0,00

Control File Changes
--- /usr/local/oldpgsql/2005-05-24-REL8_1_0~1213/before.controldata	2016-08-10 15:04:16.408340572 +0200
+++ /usr/local/oldpgsql/2005-05-24-REL8_1_0~1213/after.controldata	2016-08-10 15:05:46.752671118 +0200
@@ -5 +5 @@
-pg_control last modified:             Wed Aug 10 13:04:16 2016
+pg_control last modified:             Wed Aug 10 13:05:46 2016
@@ -8,3 +8,3 @@
-Latest checkpoint location:           1/5D373B28
-Prior checkpoint location:            1/5D373AE0
-Latest checkpoint's REDO location:    1/5D373B28
+Latest checkpoint location:           1/5D379D98
+Prior checkpoint location:            1/5D373B28
+Latest checkpoint's REDO location:    1/5D379D98
@@ -13,2 +13,2 @@
-Latest checkpoint's NextXID:          110460
-Latest checkpoint's NextOID:          16417
+Latest checkpoint's NextXID:          177451
+Latest checkpoint's NextOID:          24609
@@ -16 +16 @@
-Time of latest checkpoint:            Wed Aug 10 13:04:16 2016
+Time of latest checkpoint:            Wed Aug 10 13:05:46 2016
size after pgbench of pgbench_branches_pkey: 492
size after pgbench of pgbench_branches: 792
size after pgbench of pgbench_tellers_pkey: 544
size after pgbench of pgbench_tellers: 1216
size after pgbench of pgbench_accounts_pkey: 658092
size after pgbench of pgbench_accounts: 999116
size after pgbench of pgbench_history: 0
total size after pgbench: 1660252
End Time: 2016-08-10 13:05:46+00:00
========================================================================
========================================================================
Testing 2005-05-24-REL8_1_0~1213
Start Time: 2016-08-10 23:55:46+00:00
Shared Buffers:  260000
size before pgbench of pgbench_branches_pkey: 492
size before pgbench of pgbench_branches: 792
size before pgbench of pgbench_tellers_pkey: 544
size before pgbench of pgbench_tellers: 1216
size before pgbench of pgbench_accounts_pkey: 658092
size before pgbench of pgbench_accounts: 999116
size before pgbench of pgbench_history: 0
total size before pgbench: 1660252
Linux 3.16.0-4-amd64 (Debian-83-jessie-64-minimal) 	11.08.16 	_x86_64_	(8 CPU)

starting vacuum...end.
transaction type: <builtin: select only>
scaling factor: 300
query mode: simple
number of clients: 32
number of threads: 4
duration: 60 s
number of transactions actually processed: 64535
latency average: 29.751 ms
tps = 1073.941903 (including connections establishing)
tps = 1074.153004 (excluding connections establishing)
script statistics:
 - statement latencies in milliseconds:
         0.002  \set aid random(1, 100000 * :scale)
        29.740  SELECT abalance FROM pgbench_accounts WHERE aid = :aid;
avg-cpu:  %user   %nice %system %iowait  %steal   %idle
           1,09    0,00    0,65   24,92    0,00   73,33

Device:         rrqm/s   wrqm/s     r/s     w/s    rkB/s    wkB/s avgrq-sz avgqu-sz   await r_await w_await  svctm  %util
sdb               0,06     0,59  255,64    2,12  2350,49    21,87    18,41    12,49   48,47   45,07  457,78   2,61  67,20
sda               0,04     0,59  259,40    2,12  2390,22    21,87    18,45    12,99   49,64   44,64  661,40   2,58  67,51
md0               0,00     0,00    0,16    0,01     0,62     0,04     8,00     0,00    0,00    0,00    0,00   0,00   0,00
md1               0,00     0,00    0,00    0,00     0,00     0,00     0,00     0,00    0,00    0,00    0,00   0,00   0,00
md2               0,00     0,00  515,01    1,39  4740,09    18,89    18,43     0,00    0,00    0,00    0,00   0,00   0,00
md3               0,00     0,00    0,00    0,11     0,00     0,44     8,00     0,00    0,00    0,00    0,00   0,00   0,00

Control File Changes
--- /usr/local/oldpgsql/2005-05-24-REL8_1_0~1213/before.controldata	2016-08-11 01:56:27.505888607 +0200
+++ /usr/local/oldpgsql/2005-05-24-REL8_1_0~1213/after.controldata	2016-08-11 01:57:57.854039840 +0200
@@ -5 +5 @@
-pg_control last modified:             Wed Aug 10 23:56:27 2016
+pg_control last modified:             Wed Aug 10 23:57:57 2016
@@ -8,3 +8,3 @@
-Latest checkpoint location:           1/5D379E28
-Prior checkpoint location:            1/5D379DE0
-Latest checkpoint's REDO location:    1/5D379E28
+Latest checkpoint location:           1/5D3800B0
+Prior checkpoint location:            1/5D379E28
+Latest checkpoint's REDO location:    1/5D3800B0
@@ -13,2 +13,2 @@
-Latest checkpoint's NextXID:          177485
-Latest checkpoint's NextOID:          16418
+Latest checkpoint's NextXID:          242063
+Latest checkpoint's NextOID:          24610
@@ -16 +16 @@
-Time of latest checkpoint:            Wed Aug 10 23:56:27 2016
+Time of latest checkpoint:            Wed Aug 10 23:57:57 2016
size after pgbench of pgbench_branches_pkey: 492
size after pgbench of pgbench_branches: 792
size after pgbench of pgbench_tellers_pkey: 544
size after pgbench of pgbench_tellers: 1216
size after pgbench of pgbench_accounts_pkey: 658092
size after pgbench of pgbench_accounts: 999116
size after pgbench of pgbench_history: 0
total size after pgbench: 1660252
End Time: 2016-08-10 23:57:57+00:00
========================================================================
========================================================================
Testing 2005-05-24-REL8_1_0~1213
Start Time: 2016-08-11 20:04:26+00:00
Shared Buffers:  260000
size before pgbench of pgbench_branches_pkey: 492
size before pgbench of pgbench_branches: 792
size before pgbench of pgbench_tellers_pkey: 544
size before pgbench of pgbench_tellers: 1216
size before pgbench of pgbench_accounts_pkey: 658092
size before pgbench of pgbench_accounts: 999116
size before pgbench of pgbench_history: 0
total size before pgbench: 1660252
Linux 3.16.0-4-amd64 (Debian-83-jessie-64-minimal) 	11.08.16 	_x86_64_	(8 CPU)

starting vacuum...end.
transaction type: <builtin: select only>
scaling factor: 300
query mode: simple
number of clients: 32
number of threads: 4
duration: 60 s
number of transactions actually processed: 65436
latency average: 29.342 ms
tps = 1089.042778 (including connections establishing)
tps = 1089.180567 (excluding connections establishing)
script statistics:
 - statement latencies in milliseconds:
         0.002  \set aid random(1, 100000 * :scale)
        29.365  SELECT abalance FROM pgbench_accounts WHERE aid = :aid;
avg-cpu:  %user   %nice %system %iowait  %steal   %idle
           1,15    0,00    0,65   25,47    0,00   72,73

Device:         rrqm/s   wrqm/s     r/s     w/s    rkB/s    wkB/s avgrq-sz avgqu-sz   await r_await w_await  svctm  %util
sdb               0,00     0,67  256,22    2,32  2361,24    22,88    18,44    13,21   51,11   42,34 1018,62   2,61  67,41
sda               0,53     0,67  264,02    2,32  2437,47    22,88    18,47    14,00   52,56   47,25  656,21   2,53  67,40
md0               0,00     0,00    0,73    0,01     2,93     0,04     8,00     0,00    0,00    0,00    0,00   0,00   0,00
md1               0,00     0,00    0,00    0,00     0,00     0,00     0,00     0,00    0,00    0,00    0,00   0,00   0,00
md2               0,00     0,00  520,06    1,69  4795,51    20,00    18,46     0,00    0,00    0,00    0,00   0,00   0,00
md3               0,00     0,00    0,00    0,10     0,00     0,40     8,00     0,00    0,00    0,00    0,00   0,00   0,00

Control File Changes
--- /usr/local/oldpgsql/2005-05-24-REL8_1_0~1213/before.controldata	2016-08-11 22:05:06.826915300 +0200
+++ /usr/local/oldpgsql/2005-05-24-REL8_1_0~1213/after.controldata	2016-08-11 22:06:37.163504515 +0200
@@ -5 +5 @@
-pg_control last modified:             Thu Aug 11 20:05:06 2016
+pg_control last modified:             Thu Aug 11 20:06:37 2016
@@ -8,3 +8,3 @@
-Latest checkpoint location:           1/5D380140
-Prior checkpoint location:            1/5D3800F8
-Latest checkpoint's REDO location:    1/5D380140
+Latest checkpoint location:           1/5D3863B0
+Prior checkpoint location:            1/5D380140
+Latest checkpoint's REDO location:    1/5D3863B0
@@ -13,2 +13,2 @@
-Latest checkpoint's NextXID:          242097
-Latest checkpoint's NextOID:          16419
+Latest checkpoint's NextXID:          307576
+Latest checkpoint's NextOID:          24611
@@ -16 +16 @@
-Time of latest checkpoint:            Thu Aug 11 20:05:06 2016
+Time of latest checkpoint:            Thu Aug 11 20:06:36 2016
size after pgbench of pgbench_branches_pkey: 492
size after pgbench of pgbench_branches: 792
size after pgbench of pgbench_tellers_pkey: 544
size after pgbench of pgbench_tellers: 1216
size after pgbench of pgbench_accounts_pkey: 658092
size after pgbench of pgbench_accounts: 999116
size after pgbench of pgbench_history: 0
total size after pgbench: 1660252
End Time: 2016-08-11 20:06:37+00:00
========================================================================
========================================================================
Testing 2005-05-24-REL8_1_0~1213
Start Time: 2016-08-12 22:01:29+00:00
Shared Buffers:  260000
size before pgbench of pgbench_branches_pkey: 492
size before pgbench of pgbench_branches: 792
size before pgbench of pgbench_tellers_pkey: 544
size before pgbench of pgbench_tellers: 1216
size before pgbench of pgbench_accounts_pkey: 658092
size before pgbench of pgbench_accounts: 999116
size before pgbench of pgbench_history: 0
total size before pgbench: 1660252
+ /usr/local/pgsql/bin/pgbench -T 60 -S -c 64 -j 4 -r
Linux 3.16.0-4-amd64 (Debian-83-jessie-64-minimal) 	13.08.16 	_x86_64_	(8 CPU)

starting vacuum...end.
transaction type: <builtin: select only>
scaling factor: 300
query mode: simple
number of clients: 64
number of threads: 4
duration: 60 s
number of transactions actually processed: 71315
latency average: 53.846 ms
tps = 1185.906860 (including connections establishing)
tps = 1186.140000 (excluding connections establishing)
script statistics:
 - statement latencies in milliseconds:
         0.002  \set aid random(1, 100000 * :scale)
        53.718  SELECT abalance FROM pgbench_accounts WHERE aid = :aid;
avg-cpu:  %user   %nice %system %iowait  %steal   %idle
           1,26    0,00    0,76   32,52    0,00   65,45

Device:         rrqm/s   wrqm/s     r/s     w/s    rkB/s    wkB/s avgrq-sz avgqu-sz   await r_await w_await  svctm  %util
sdb               0,01     0,72  274,08    1,86  2540,18    22,78    18,58    24,06   87,18   80,50 1074,75   2,41  66,61
sda               0,07     0,73  278,42    1,83  2577,51    22,73    18,56    30,47  108,70   88,48 3179,47   2,38  66,75
md0               0,00     0,00    0,14    0,00     0,58     0,00     8,00     0,00    0,00    0,00    0,00   0,00   0,00
md1               0,00     0,00    0,00    0,00     0,00     0,00     0,00     0,00    0,00    0,00    0,00   0,00   0,00
md2               0,00     0,00  552,47    1,64  5117,11    20,49    18,54     0,00    0,00    0,00    0,00   0,00   0,00
md3               0,00     0,00    0,00    0,10     0,00     0,40     8,00     0,00    0,00    0,00    0,00   0,00   0,00

Control File Changes
--- /usr/local/oldpgsql/2005-05-24-REL8_1_0~1213/before.controldata	2016-08-13 00:02:10.344734675 +0200
+++ /usr/local/oldpgsql/2005-05-24-REL8_1_0~1213/after.controldata	2016-08-13 00:03:40.696934674 +0200
@@ -5 +5 @@
-pg_control last modified:             Fri Aug 12 22:02:10 2016
+pg_control last modified:             Fri Aug 12 22:03:40 2016
@@ -8,3 +8,3 @@
-Latest checkpoint location:           1/5D386440
-Prior checkpoint location:            1/5D3863F8
-Latest checkpoint's REDO location:    1/5D386440
+Latest checkpoint location:           1/5D38C6B0
+Prior checkpoint location:            1/5D386440
+Latest checkpoint's REDO location:    1/5D38C6B0
@@ -13,2 +13,2 @@
-Latest checkpoint's NextXID:          307610
-Latest checkpoint's NextOID:          16420
+Latest checkpoint's NextXID:          379000
+Latest checkpoint's NextOID:          24612
@@ -16 +16 @@
-Time of latest checkpoint:            Fri Aug 12 22:02:09 2016
+Time of latest checkpoint:            Fri Aug 12 22:03:40 2016
size after pgbench of pgbench_branches_pkey: 492
size after pgbench of pgbench_branches: 792
size after pgbench of pgbench_tellers_pkey: 544
size after pgbench of pgbench_tellers: 1216
size after pgbench of pgbench_accounts_pkey: 658092
size after pgbench of pgbench_accounts: 999116
size after pgbench of pgbench_history: 0
total size after pgbench: 1660252
End Time: 2016-08-12 22:03:40+00:00
========================================================================
========================================================================
Testing 2005-05-24-REL8_1_0~1213
Start Time: 2016-08-13 02:10:17+00:00
Shared Buffers:  260000
size before pgbench of pgbench_branches_pkey: 492
size before pgbench of pgbench_branches: 792
size before pgbench of pgbench_tellers_pkey: 544
size before pgbench of pgbench_tellers: 1216
size before pgbench of pgbench_accounts_pkey: 658092
size before pgbench of pgbench_accounts: 999116
size before pgbench of pgbench_history: 0
total size before pgbench: 1660252
Linux 3.16.0-4-amd64 (Debian-83-jessie-64-minimal) 	13.08.16 	_x86_64_	(8 CPU)

starting vacuum...end.
transaction type: <builtin: select only>
scaling factor: 300
query mode: simple
number of clients: 48
number of threads: 4
duration: 60 s
number of transactions actually processed: 69215
latency average: 41.609 ms
tps = 1150.330180 (including connections establishing)
tps = 1150.505909 (excluding connections establishing)
script statistics:
 - statement latencies in milliseconds:
         0.002  \set aid random(1, 100000 * :scale)
        41.606  SELECT abalance FROM pgbench_accounts WHERE aid = :aid;
avg-cpu:  %user   %nice %system %iowait  %steal   %idle
           1,22    0,00    0,76   30,22    0,00   67,80

Device:         rrqm/s   wrqm/s     r/s     w/s    rkB/s    wkB/s avgrq-sz avgqu-sz   await r_await w_await  svctm  %util
sdb               0,00     0,64  268,52    1,98  2486,67    22,15    18,55    18,54   68,52   63,95  689,17   2,46  66,48
sda               0,00     0,66  271,24    1,97  2504,89    22,15    18,50    19,90   72,83   64,23 1258,08   2,46  67,19
md0               0,00     0,00    0,00    0,02     0,00     0,09     8,00     0,00    0,00    0,00    0,00   0,00   0,00
md1               0,00     0,00    0,00    0,00     0,00     0,00     0,00     0,00    0,00    0,00    0,00   0,00   0,00
md2               0,00     0,00  539,79    1,44  4991,16    19,42    18,52     0,00    0,00    0,00    0,00   0,00   0,00
md3               0,00     0,00    0,00    0,10     0,00     0,40     8,00     0,00    0,00    0,00    0,00   0,00   0,00

Control File Changes
--- /usr/local/oldpgsql/2005-05-24-REL8_1_0~1213/before.controldata	2016-08-13 04:10:57.680634949 +0200
+++ /usr/local/oldpgsql/2005-05-24-REL8_1_0~1213/after.controldata	2016-08-13 04:12:28.072813619 +0200
@@ -5 +5 @@
-pg_control last modified:             Sat Aug 13 02:10:57 2016
+pg_control last modified:             Sat Aug 13 02:12:27 2016
@@ -8,3 +8,3 @@
-Latest checkpoint location:           1/5D38C740
-Prior checkpoint location:            1/5D38C6F8
-Latest checkpoint's REDO location:    1/5D38C740
+Latest checkpoint location:           1/5D3929B0
+Prior checkpoint location:            1/5D38C740
+Latest checkpoint's REDO location:    1/5D3929B0
@@ -13,2 +13,2 @@
-Latest checkpoint's NextXID:          379034
-Latest checkpoint's NextOID:          16421
+Latest checkpoint's NextXID:          448308
+Latest checkpoint's NextOID:          24613
@@ -16 +16 @@
-Time of latest checkpoint:            Sat Aug 13 02:10:57 2016
+Time of latest checkpoint:            Sat Aug 13 02:12:27 2016
size after pgbench of pgbench_branches_pkey: 492
size after pgbench of pgbench_branches: 792
size after pgbench of pgbench_tellers_pkey: 544
size after pgbench of pgbench_tellers: 1216
size after pgbench of pgbench_accounts_pkey: 658092
size after pgbench of pgbench_accounts: 999116
size after pgbench of pgbench_history: 0
total size after pgbench: 1660252
End Time: 2016-08-13 02:12:28+00:00
========================================================================
========================================================================
Testing 2005-05-24-REL8_1_0~1213
Start Time: 2016-08-13 11:04:44+00:00
Shared Buffers:  260000
size before pgbench of pgbench_branches_pkey: 492
size before pgbench of pgbench_branches: 792
size before pgbench of pgbench_tellers_pkey: 544
size before pgbench of pgbench_tellers: 1216
size before pgbench of pgbench_accounts_pkey: 658092
size before pgbench of pgbench_accounts: 999116
size before pgbench of pgbench_history: 0
total size before pgbench: 1660252
Linux 3.16.0-4-amd64 (Debian-83-jessie-64-minimal) 	13.08.16 	_x86_64_	(8 CPU)

starting vacuum...end.
transaction type: <builtin: select only>
scaling factor: 300
query mode: simple
number of clients: 48
number of threads: 4
duration: 60 s
number of transactions actually processed: 65352
latency average: 44.069 ms
tps = 1085.885750 (including connections establishing)
tps = 1086.084168 (excluding connections establishing)
script statistics:
 - statement latencies in milliseconds:
         0.002  \set aid random(1, 100000 * :scale)
        44.030  SELECT abalance FROM pgbench_accounts WHERE aid = :aid;
avg-cpu:  %user   %nice %system %iowait  %steal   %idle
           1,15    0,00    0,65   29,52    0,00   68,68

Device:         rrqm/s   wrqm/s     r/s     w/s    rkB/s    wkB/s avgrq-sz avgqu-sz   await r_await w_await  svctm  %util
sdb               0,29     0,72  266,57    1,98  2460,40    22,61    18,49    21,26   79,16   73,18  884,52   2,52  67,54
sda               2,33     0,73  261,68    1,97  2410,84    22,61    18,46    18,54   70,32   60,98 1313,20   2,59  68,29
md0               0,00     0,00    5,08    0,01    20,31     0,04     8,00     0,00    0,00    0,00    0,00   0,00   0,00
md1               0,00     0,00    0,00    0,00     0,00     0,00     0,00     0,00    0,00    0,00    0,00   0,00   0,00
md2               0,00     0,00  525,43    1,58  4849,07    19,87    18,48     0,00    0,00    0,00    0,00   0,00   0,00
md3               0,00     0,00    0,40    0,11     1,87     0,44     9,04     0,00    0,00    0,00    0,00   0,00   0,00

Control File Changes
--- /usr/local/oldpgsql/2005-05-24-REL8_1_0~1213/before.controldata	2016-08-13 13:05:24.528640366 +0200
+++ /usr/local/oldpgsql/2005-05-24-REL8_1_0~1213/after.controldata	2016-08-13 13:06:54.816924946 +0200
@@ -5 +5 @@
-pg_control last modified:             Sat Aug 13 11:05:24 2016
+pg_control last modified:             Sat Aug 13 11:06:54 2016
@@ -8,3 +8,3 @@
-Latest checkpoint location:           1/5D392A40
-Prior checkpoint location:            1/5D3929F8
-Latest checkpoint's REDO location:    1/5D392A40
+Latest checkpoint location:           1/5D398CB0
+Prior checkpoint location:            1/5D392A40
+Latest checkpoint's REDO location:    1/5D398CB0
@@ -13,2 +13,2 @@
-Latest checkpoint's NextXID:          448342
-Latest checkpoint's NextOID:          16422
+Latest checkpoint's NextXID:          513753
+Latest checkpoint's NextOID:          24614
@@ -16 +16 @@
-Time of latest checkpoint:            Sat Aug 13 11:05:24 2016
+Time of latest checkpoint:            Sat Aug 13 11:06:54 2016
size after pgbench of pgbench_branches_pkey: 492
size after pgbench of pgbench_branches: 792
size after pgbench of pgbench_tellers_pkey: 544
size after pgbench of pgbench_tellers: 1216
size after pgbench of pgbench_accounts_pkey: 658092
size after pgbench of pgbench_accounts: 999116
size after pgbench of pgbench_history: 0
total size after pgbench: 1660252
End Time: 2016-08-13 11:06:54+00:00
========================================================================
========================================================================
Testing 2005-05-24-REL8_1_0~1213
Start Time: 2016-08-13 14:53:25+00:00
Shared Buffers:  260000
size before pgbench of pgbench_branches_pkey: 492
size before pgbench of pgbench_branches: 792
size before pgbench of pgbench_tellers_pkey: 544
size before pgbench of pgbench_tellers: 1216
size before pgbench of pgbench_accounts_pkey: 658092
size before pgbench of pgbench_accounts: 999116
size before pgbench of pgbench_history: 0
total size before pgbench: 1660252
Linux 3.16.0-4-amd64 (Debian-83-jessie-64-minimal) 	13.08.16 	_x86_64_	(8 CPU)

starting vacuum...end.
transaction type: <builtin: select only>
scaling factor: 300
query mode: simple
number of clients: 48
number of threads: 4
duration: 60 s
number of transactions actually processed: 71766
latency average: 40.130 ms
tps = 1192.698047 (including connections establishing)
tps = 1192.913898 (excluding connections establishing)
script statistics:
 - statement latencies in milliseconds:
         0.002  \set aid random(1, 100000 * :scale)
        40.086  SELECT abalance FROM pgbench_accounts WHERE aid = :aid;
avg-cpu:  %user   %nice %system %iowait  %steal   %idle
           1,30    0,00    0,73   29,90    0,00   68,08

Device:         rrqm/s   wrqm/s     r/s     w/s    rkB/s    wkB/s avgrq-sz avgqu-sz   await r_await w_await  svctm  %util
sdb               0,21     0,80  269,32    2,17  2509,16    23,83    18,66    20,14   74,17   56,36 2288,23   2,48  67,26
sda               1,71     0,80  284,26    2,17  2651,78    23,83    18,68    26,24   91,58   70,80 2818,05   2,37  67,87
md0               0,00     0,00    3,44    0,01    13,78     0,04     8,00     0,00    0,00    0,00    0,00   0,00   0,00
md1               0,00     0,00    0,00    0,00     0,00     0,00     0,00     0,00    0,00    0,00    0,00   0,00   0,00
md2               0,00     0,00  552,12    1,90  5147,16    21,24    18,66     0,00    0,00    0,00    0,00   0,00   0,00
md3               0,00     0,00    0,00    0,10     0,00     0,40     8,00     0,00    0,00    0,00    0,00   0,00   0,00

Control File Changes
--- /usr/local/oldpgsql/2005-05-24-REL8_1_0~1213/before.controldata	2016-08-13 16:54:06.023993326 +0200
+++ /usr/local/oldpgsql/2005-05-24-REL8_1_0~1213/after.controldata	2016-08-13 16:55:36.271805921 +0200
@@ -5 +5 @@
-pg_control last modified:             Sat Aug 13 14:54:05 2016
+pg_control last modified:             Sat Aug 13 14:55:36 2016
@@ -8,3 +8,3 @@
-Latest checkpoint location:           1/5D398D40
-Prior checkpoint location:            1/5D398CF8
-Latest checkpoint's REDO location:    1/5D398D40
+Latest checkpoint location:           1/5D39EFB0
+Prior checkpoint location:            1/5D398D40
+Latest checkpoint's REDO location:    1/5D39EFB0
@@ -13,2 +13,2 @@
-Latest checkpoint's NextXID:          513787
-Latest checkpoint's NextOID:          16423
+Latest checkpoint's NextXID:          585612
+Latest checkpoint's NextOID:          24615
@@ -16 +16 @@
-Time of latest checkpoint:            Sat Aug 13 14:54:05 2016
+Time of latest checkpoint:            Sat Aug 13 14:55:36 2016
size after pgbench of pgbench_branches_pkey: 492
size after pgbench of pgbench_branches: 792
size after pgbench of pgbench_tellers_pkey: 544
size after pgbench of pgbench_tellers: 1216
size after pgbench of pgbench_accounts_pkey: 658092
size after pgbench of pgbench_accounts: 999116
size after pgbench of pgbench_history: 0
total size after pgbench: 1660252
End Time: 2016-08-13 14:55:36+00:00
========================================================================
========================================================================
Testing 2005-05-24-REL8_1_0~1213
Start Time: 2016-08-14 12:53:07+00:00
Shared Buffers:  260000
size before pgbench of pgbench_branches_pkey: 492
size before pgbench of pgbench_branches: 792
size before pgbench of pgbench_tellers_pkey: 544
size before pgbench of pgbench_tellers: 1216
size before pgbench of pgbench_accounts_pkey: 658092
size before pgbench of pgbench_accounts: 999116
size before pgbench of pgbench_history: 0
total size before pgbench: 1660252
Linux 3.16.0-4-amd64 (Debian-83-jessie-64-minimal) 	14.08.16 	_x86_64_	(8 CPU)

starting vacuum...end.
transaction type: <builtin: TPC-B (sort of)>
scaling factor: 300
query mode: simple
number of clients: 32
number of threads: 4
duration: 900 s
number of transactions actually processed: 15333
latency average: 1878.302 ms
tps = 17.023276 (including connections establishing)
tps = 17.023421 (excluding connections establishing)
script statistics:
 - statement latencies in milliseconds:
         0.003  \set aid random(1, 100000 * :scale)
         0.001  \set bid random(1, 1 * :scale)
         0.001  \set tid random(1, 10 * :scale)
         0.001  \set delta random(-5000, 5000)
         0.134  BEGIN;
       747.399  UPDATE pgbench_accounts SET abalance = abalance + :delta WHERE aid = :aid;
         0.645  SELECT abalance FROM pgbench_accounts WHERE aid = :aid;
       373.788  UPDATE pgbench_tellers SET tbalance = tbalance + :delta WHERE tid = :tid;
       278.909  UPDATE pgbench_branches SET bbalance = bbalance + :delta WHERE bid = :bid;
       175.999  INSERT INTO pgbench_history (tid, bid, aid, delta, mtime) VALUES (:tid, :bid, :aid, :delta, CURRENT_TIMESTAMP);
       302.796  END;
avg-cpu:  %user   %nice %system %iowait  %steal   %idle
           0,23    0,00    0,17    6,45    0,00   93,14

Device:         rrqm/s   wrqm/s     r/s     w/s    rkB/s    wkB/s avgrq-sz avgqu-sz   await r_await w_await  svctm  %util
sdb               0,00     0,81    1,70  134,85    14,63   694,85    10,39    10,76   78,84   19,93   79,58   4,19  57,24
sda               0,05     0,81   14,00  134,85   115,80   694,85    10,89    11,80   79,29   30,29   84,38   5,73  85,34
md0               0,00     0,00    0,20    0,00     0,78     0,00     8,00     0,00    0,00    0,00    0,00   0,00   0,00
md1               0,00     0,00    0,00    0,00     0,00     0,00     0,00     0,00    0,00    0,00    0,00   0,00   0,00
md2               0,00     0,00   15,55  135,16   129,65   693,60    10,92     0,00    0,00    0,00    0,00   0,00   0,00
md3               0,00     0,00    0,00    0,01     0,00     0,04     8,00     0,00    0,00    0,00    0,00   0,00   0,00

Control File Changes
--- /usr/local/oldpgsql/2005-05-24-REL8_1_0~1213/before.controldata	2016-08-14 14:53:49.600958258 +0200
+++ /usr/local/oldpgsql/2005-05-24-REL8_1_0~1213/after.controldata	2016-08-14 15:09:19.849670451 +0200
@@ -5 +5 @@
-pg_control last modified:             Sun Aug 14 12:53:49 2016
+pg_control last modified:             Sun Aug 14 13:09:19 2016
@@ -7,4 +7,4 @@
-Next log file segment:                94
-Latest checkpoint location:           1/5D39F040
-Prior checkpoint location:            1/5D39EFF8
-Latest checkpoint's REDO location:    1/5D39F040
+Next log file segment:                110
+Latest checkpoint location:           1/6D2F0028
+Prior checkpoint location:            1/6D2EFFC8
+Latest checkpoint's REDO location:    1/6D2F0028
@@ -13,2 +13,2 @@
-Latest checkpoint's NextXID:          585646
-Latest checkpoint's NextOID:          16424
+Latest checkpoint's NextXID:          601022
+Latest checkpoint's NextOID:          24616
@@ -16 +16 @@
-Time of latest checkpoint:            Sun Aug 14 12:53:49 2016
+Time of latest checkpoint:            Sun Aug 14 13:09:19 2016
size after pgbench of pgbench_branches_pkey: 492
size after pgbench of pgbench_branches: 792
size after pgbench of pgbench_tellers_pkey: 544
size after pgbench of pgbench_tellers: 1216
size after pgbench of pgbench_accounts_pkey: 658092
size after pgbench of pgbench_accounts: 1001420
size after pgbench of pgbench_history: 1032
total size after pgbench: 1663588
End Time: 2016-08-14 13:09:19+00:00
========================================================================
========================================================================
Testing 2005-05-24-REL8_1_0~1213
Start Time: 2016-08-18 19:05:37+00:00
Shared Buffers:  260000
size before pgbench of pgbench_branches_pkey: 492
size before pgbench of pgbench_branches: 792
size before pgbench of pgbench_tellers_pkey: 544
size before pgbench of pgbench_tellers: 1216
size before pgbench of pgbench_accounts_pkey: 658092
size before pgbench of pgbench_accounts: 1001420
size before pgbench of pgbench_history: 1032
total size before pgbench: 1663588
Linux 4.6.0-1-amd64 (Debian-83-jessie-64-minimal) 	18.08.16 	_x86_64_	(8 CPU)

starting vacuum...end.
transaction type: <builtin: TPC-B (sort of)>
scaling factor: 300
query mode: simple
number of clients: 32
number of threads: 4
duration: 900 s
number of transactions actually processed: 16914
latency average: 1702.731 ms
tps = 18.709123 (including connections establishing)
tps = 18.709206 (excluding connections establishing)
script statistics:
 - statement latencies in milliseconds:
         0.003  \set aid random(1, 100000 * :scale)
         0.001  \set bid random(1, 1 * :scale)
         0.001  \set tid random(1, 10 * :scale)
         0.001  \set delta random(-5000, 5000)
         0.120  BEGIN;
       717.762  UPDATE pgbench_accounts SET abalance = abalance + :delta WHERE aid = :aid;
         1.057  SELECT abalance FROM pgbench_accounts WHERE aid = :aid;
       335.151  UPDATE pgbench_tellers SET tbalance = tbalance + :delta WHERE tid = :tid;
       237.831  UPDATE pgbench_branches SET bbalance = bbalance + :delta WHERE bid = :bid;
       142.858  INSERT INTO pgbench_history (tid, bid, aid, delta, mtime) VALUES (:tid, :bid, :aid, :delta, CURRENT_TIMESTAMP);
       275.235  END;
avg-cpu:  %user   %nice %system %iowait  %steal   %idle
           0,26    0,00    0,21   18,40    0,00   81,13

Device:         rrqm/s   wrqm/s     r/s     w/s    rkB/s    wkB/s avgrq-sz avgqu-sz   await r_await w_await  svctm  %util
sdb               0,00     0,90    1,62  145,41    13,27   754,01    10,44    14,89  101,24   18,49  102,16   4,15  61,09
sda               0,05     0,90   15,43  145,41   126,60   754,01    10,95    11,89   73,93   31,55   78,43   5,23  84,10
md0               0,00     0,00    0,14    0,00     0,55     0,00     8,00     0,00    0,00    0,00    0,00   0,00   0,00
md1               0,00     0,00    0,00    0,00     0,00     0,00     0,00     0,00    0,00    0,00    0,00   0,00   0,00
md2               0,00     0,00   16,96  146,03   139,32   753,27    10,95     0,00    0,00    0,00    0,00   0,00   0,00
md3               0,00     0,00    0,00    0,01     0,00     0,04     8,00     0,00    0,00    0,00    0,00   0,00   0,00

Control File Changes
--- /usr/local/oldpgsql/2005-05-24-REL8_1_0~1213/before.controldata	2016-08-18 21:06:43.007069236 +0200
+++ /usr/local/oldpgsql/2005-05-24-REL8_1_0~1213/after.controldata	2016-08-18 21:22:14.061976189 +0200
@@ -5 +5 @@
-pg_control last modified:             Thu Aug 18 19:06:42 2016
+pg_control last modified:             Thu Aug 18 19:22:13 2016
@@ -7,4 +7,4 @@
-Next log file segment:                110
-Latest checkpoint location:           1/6D2F00B8
-Prior checkpoint location:            1/6D2F0070
-Latest checkpoint's REDO location:    1/6D2F00B8
+Next log file segment:                127
+Latest checkpoint location:           1/7ED04BA8
+Prior checkpoint location:            1/7ED04B60
+Latest checkpoint's REDO location:    1/7ED04BA8
@@ -13,2 +13,2 @@
-Latest checkpoint's NextXID:          601056
-Latest checkpoint's NextOID:          16425
+Latest checkpoint's NextXID:          618013
+Latest checkpoint's NextOID:          24617
@@ -16 +16 @@
-Time of latest checkpoint:            Thu Aug 18 19:06:42 2016
+Time of latest checkpoint:            Thu Aug 18 19:22:13 2016
size after pgbench of pgbench_branches_pkey: 508
size after pgbench of pgbench_branches: 792
size after pgbench of pgbench_tellers_pkey: 544
size after pgbench of pgbench_tellers: 1216
size after pgbench of pgbench_accounts_pkey: 658092
size after pgbench of pgbench_accounts: 1003908
size after pgbench of pgbench_history: 1032
total size after pgbench: 1666092
End Time: 2016-08-18 19:22:14+00:00
========================================================================
========================================================================
Testing 2005-05-24-REL8_1_0~1213
Start Time: 2016-08-20 14:16:28+00:00
Shared Buffers:  260000
size before pgbench of pgbench_branches_pkey: 508
size before pgbench of pgbench_branches: 792
size before pgbench of pgbench_tellers_pkey: 544
size before pgbench of pgbench_tellers: 1216
size before pgbench of pgbench_accounts_pkey: 658092
size before pgbench of pgbench_accounts: 1003908
size before pgbench of pgbench_history: 1032
total size before pgbench: 1666092
Linux 4.6.0-1-amd64 (Debian-83-jessie-64-minimal) 	20.08.16 	_x86_64_	(8 CPU)

starting vacuum...end.
transaction type: <builtin: TPC-B (sort of)>
scaling factor: 300
query mode: simple
number of clients: 32
number of threads: 4
duration: 900 s
number of transactions actually processed: 13427
latency average: 2144.932 ms
tps = 14.889937 (including connections establishing)
tps = 14.890061 (excluding connections establishing)
script statistics:
 - statement latencies in milliseconds:
         0.003  \set aid random(1, 100000 * :scale)
         0.001  \set bid random(1, 1 * :scale)
         0.001  \set tid random(1, 10 * :scale)
         0.001  \set delta random(-5000, 5000)
         0.144  BEGIN;
       884.933  UPDATE pgbench_accounts SET abalance = abalance + :delta WHERE aid = :aid;
         1.975  SELECT abalance FROM pgbench_accounts WHERE aid = :aid;
       441.304  UPDATE pgbench_tellers SET tbalance = tbalance + :delta WHERE tid = :tid;
       295.056  UPDATE pgbench_branches SET bbalance = bbalance + :delta WHERE bid = :bid;
       178.464  INSERT INTO pgbench_history (tid, bid, aid, delta, mtime) VALUES (:tid, :bid, :aid, :delta, CURRENT_TIMESTAMP);
       346.819  END;
avg-cpu:  %user   %nice %system %iowait  %steal   %idle
           0,20    0,00    0,17   17,59    0,00   82,04

Device:         rrqm/s   wrqm/s     r/s     w/s    rkB/s    wkB/s avgrq-sz avgqu-sz   await r_await w_await  svctm  %util
sdb               0,01     1,70    1,36  117,18    10,99   608,05    10,44    10,76   90,77   20,50   91,59   4,92  58,32
sda               0,02     1,70   12,51  117,18   102,25   608,05    10,95    13,57  104,61   34,54  112,09   6,43  83,45
md0               0,00     0,00    0,09    0,00     0,35     0,00     8,00     0,00    0,00    0,00    0,00   0,00   0,00
md1               0,00     0,00    0,00    0,00     0,00     0,00     0,00     0,00    0,00    0,00    0,00   0,00   0,00
md2               0,00     0,00   13,80  118,61   112,89   607,32    10,88     0,00    0,00    0,00    0,00   0,00   0,00
md3               0,00     0,00    0,00    0,01     0,00     0,04     8,00     0,00    0,00    0,00    0,00   0,00   0,00

Control File Changes
--- /usr/local/oldpgsql/2005-05-24-REL8_1_0~1213/before.controldata	2016-08-20 16:17:43.027492612 +0200
+++ /usr/local/oldpgsql/2005-05-24-REL8_1_0~1213/after.controldata	2016-08-20 16:33:14.621673721 +0200
@@ -5 +5 @@
-pg_control last modified:             Sat Aug 20 14:17:42 2016
+pg_control last modified:             Sat Aug 20 14:33:14 2016
@@ -7,4 +7,4 @@
-Next log file segment:                127
-Latest checkpoint location:           1/7ED04C38
-Prior checkpoint location:            1/7ED04BF0
-Latest checkpoint's REDO location:    1/7ED04C38
+Next log file segment:                142
+Latest checkpoint location:           1/8D10A298
+Prior checkpoint location:            1/8D10A250
+Latest checkpoint's REDO location:    1/8D10A298
@@ -13,2 +13,2 @@
-Latest checkpoint's NextXID:          618047
-Latest checkpoint's NextOID:          16426
+Latest checkpoint's NextXID:          631517
+Latest checkpoint's NextOID:          24618
@@ -16 +16 @@
-Time of latest checkpoint:            Sat Aug 20 14:17:42 2016
+Time of latest checkpoint:            Sat Aug 20 14:33:13 2016
size after pgbench of pgbench_branches_pkey: 508
size after pgbench of pgbench_branches: 792
size after pgbench of pgbench_tellers_pkey: 544
size after pgbench of pgbench_tellers: 1216
size after pgbench of pgbench_accounts_pkey: 658092
size after pgbench of pgbench_accounts: 1005956
size after pgbench of pgbench_history: 1000
total size after pgbench: 1668108
End Time: 2016-08-20 14:33:14+00:00
========================================================================
