creating tables...
100000 of 30000000 tuples (0%) done (elapsed 0.11 s, remaining 33.95 s)
200000 of 30000000 tuples (0%) done (elapsed 0.20 s, remaining 30.19 s)
300000 of 30000000 tuples (1%) done (elapsed 0.28 s, remaining 28.06 s)
400000 of 30000000 tuples (1%) done (elapsed 0.36 s, remaining 26.31 s)
500000 of 30000000 tuples (1%) done (elapsed 0.43 s, remaining 25.22 s)
600000 of 30000000 tuples (2%) done (elapsed 0.51 s, remaining 24.81 s)
700000 of 30000000 tuples (2%) done (elapsed 0.58 s, remaining 24.22 s)
800000 of 30000000 tuples (2%) done (elapsed 0.65 s, remaining 23.75 s)
900000 of 30000000 tuples (3%) done (elapsed 0.72 s, remaining 23.37 s)
1000000 of 30000000 tuples (3%) done (elapsed 0.80 s, remaining 23.20 s)
1100000 of 30000000 tuples (3%) done (elapsed 0.95 s, remaining 24.98 s)
1200000 of 30000000 tuples (4%) done (elapsed 1.04 s, remaining 24.85 s)
1300000 of 30000000 tuples (4%) done (elapsed 1.11 s, remaining 24.52 s)
1400000 of 30000000 tuples (4%) done (elapsed 1.19 s, remaining 24.24 s)
1500000 of 30000000 tuples (5%) done (elapsed 1.27 s, remaining 24.09 s)
1600000 of 30000000 tuples (5%) done (elapsed 1.34 s, remaining 23.85 s)
1700000 of 30000000 tuples (5%) done (elapsed 1.42 s, remaining 23.63 s)
1800000 of 30000000 tuples (6%) done (elapsed 1.50 s, remaining 23.52 s)
1900000 of 30000000 tuples (6%) done (elapsed 1.58 s, remaining 23.32 s)
2000000 of 30000000 tuples (6%) done (elapsed 1.65 s, remaining 23.14 s)
2100000 of 30000000 tuples (7%) done (elapsed 1.73 s, remaining 23.05 s)
2200000 of 30000000 tuples (7%) done (elapsed 1.81 s, remaining 22.87 s)
2300000 of 30000000 tuples (7%) done (elapsed 1.89 s, remaining 22.71 s)
2400000 of 30000000 tuples (8%) done (elapsed 1.96 s, remaining 22.55 s)
2500000 of 30000000 tuples (8%) done (elapsed 2.04 s, remaining 22.47 s)
2600000 of 30000000 tuples (8%) done (elapsed 2.12 s, remaining 22.32 s)
2700000 of 30000000 tuples (9%) done (elapsed 2.19 s, remaining 22.18 s)
2800000 of 30000000 tuples (9%) done (elapsed 2.27 s, remaining 22.04 s)
2900000 of 30000000 tuples (9%) done (elapsed 2.35 s, remaining 21.97 s)
3000000 of 30000000 tuples (10%) done (elapsed 2.43 s, remaining 21.84 s)
3100000 of 30000000 tuples (10%) done (elapsed 2.50 s, remaining 21.71 s)
3200000 of 30000000 tuples (10%) done (elapsed 2.58 s, remaining 21.64 s)
3300000 of 30000000 tuples (11%) done (elapsed 2.66 s, remaining 21.51 s)
3400000 of 30000000 tuples (11%) done (elapsed 2.73 s, remaining 21.39 s)
3500000 of 30000000 tuples (11%) done (elapsed 2.82 s, remaining 21.32 s)
3600000 of 30000000 tuples (12%) done (elapsed 2.89 s, remaining 21.20 s)
3700000 of 30000000 tuples (12%) done (elapsed 2.97 s, remaining 21.09 s)
3800000 of 30000000 tuples (12%) done (elapsed 3.04 s, remaining 20.98 s)
3900000 of 30000000 tuples (13%) done (elapsed 3.12 s, remaining 20.91 s)
4000000 of 30000000 tuples (13%) done (elapsed 3.20 s, remaining 20.80 s)
4100000 of 30000000 tuples (13%) done (elapsed 3.28 s, remaining 20.69 s)
4200000 of 30000000 tuples (14%) done (elapsed 3.35 s, remaining 20.59 s)
4300000 of 30000000 tuples (14%) done (elapsed 3.43 s, remaining 20.51 s)
4400000 of 30000000 tuples (14%) done (elapsed 3.51 s, remaining 20.41 s)
4500000 of 30000000 tuples (15%) done (elapsed 3.58 s, remaining 20.31 s)
4600000 of 30000000 tuples (15%) done (elapsed 3.66 s, remaining 20.24 s)
4700000 of 30000000 tuples (15%) done (elapsed 3.74 s, remaining 20.13 s)
4800000 of 30000000 tuples (16%) done (elapsed 3.82 s, remaining 20.03 s)
4900000 of 30000000 tuples (16%) done (elapsed 3.90 s, remaining 19.96 s)
5000000 of 30000000 tuples (16%) done (elapsed 3.97 s, remaining 19.86 s)
5100000 of 30000000 tuples (17%) done (elapsed 4.05 s, remaining 19.77 s)
5200000 of 30000000 tuples (17%) done (elapsed 4.12 s, remaining 19.67 s)
5300000 of 30000000 tuples (17%) done (elapsed 4.21 s, remaining 19.60 s)
5400000 of 30000000 tuples (18%) done (elapsed 4.28 s, remaining 19.50 s)
5500000 of 30000000 tuples (18%) done (elapsed 4.36 s, remaining 19.41 s)
5600000 of 30000000 tuples (18%) done (elapsed 4.44 s, remaining 19.34 s)
5700000 of 30000000 tuples (19%) done (elapsed 4.51 s, remaining 19.24 s)
5800000 of 30000000 tuples (19%) done (elapsed 4.59 s, remaining 19.15 s)
5900000 of 30000000 tuples (19%) done (elapsed 4.66 s, remaining 19.05 s)
6000000 of 30000000 tuples (20%) done (elapsed 4.75 s, remaining 18.98 s)
6100000 of 30000000 tuples (20%) done (elapsed 4.82 s, remaining 18.89 s)
6200000 of 30000000 tuples (20%) done (elapsed 4.90 s, remaining 18.80 s)
6300000 of 30000000 tuples (21%) done (elapsed 4.98 s, remaining 18.73 s)
6400000 of 30000000 tuples (21%) done (elapsed 5.05 s, remaining 18.64 s)
6500000 of 30000000 tuples (21%) done (elapsed 5.13 s, remaining 18.55 s)
6600000 of 30000000 tuples (22%) done (elapsed 5.20 s, remaining 18.45 s)
6700000 of 30000000 tuples (22%) done (elapsed 5.29 s, remaining 18.39 s)
6800000 of 30000000 tuples (22%) done (elapsed 5.36 s, remaining 18.29 s)
6900000 of 30000000 tuples (23%) done (elapsed 5.44 s, remaining 18.20 s)
7000000 of 30000000 tuples (23%) done (elapsed 5.52 s, remaining 18.13 s)
7100000 of 30000000 tuples (23%) done (elapsed 5.59 s, remaining 18.04 s)
7200000 of 30000000 tuples (24%) done (elapsed 5.67 s, remaining 17.96 s)
7300000 of 30000000 tuples (24%) done (elapsed 5.75 s, remaining 17.87 s)
7400000 of 30000000 tuples (24%) done (elapsed 5.83 s, remaining 17.80 s)
7500000 of 30000000 tuples (25%) done (elapsed 5.90 s, remaining 17.71 s)
7600000 of 30000000 tuples (25%) done (elapsed 5.98 s, remaining 17.62 s)
7700000 of 30000000 tuples (25%) done (elapsed 6.06 s, remaining 17.55 s)
7800000 of 30000000 tuples (26%) done (elapsed 6.13 s, remaining 17.46 s)
7900000 of 30000000 tuples (26%) done (elapsed 6.21 s, remaining 17.37 s)
8000000 of 30000000 tuples (26%) done (elapsed 6.29 s, remaining 17.29 s)
8100000 of 30000000 tuples (27%) done (elapsed 6.37 s, remaining 17.22 s)
8200000 of 30000000 tuples (27%) done (elapsed 6.44 s, remaining 17.13 s)
8300000 of 30000000 tuples (27%) done (elapsed 6.52 s, remaining 17.04 s)
8400000 of 30000000 tuples (28%) done (elapsed 6.60 s, remaining 16.97 s)
8500000 of 30000000 tuples (28%) done (elapsed 6.67 s, remaining 16.88 s)
8600000 of 30000000 tuples (28%) done (elapsed 6.75 s, remaining 16.80 s)
8700000 of 30000000 tuples (29%) done (elapsed 6.83 s, remaining 16.71 s)
8800000 of 30000000 tuples (29%) done (elapsed 6.91 s, remaining 16.64 s)
8900000 of 30000000 tuples (29%) done (elapsed 6.98 s, remaining 16.55 s)
9000000 of 30000000 tuples (30%) done (elapsed 7.06 s, remaining 16.47 s)
9100000 of 30000000 tuples (30%) done (elapsed 7.14 s, remaining 16.40 s)
9200000 of 30000000 tuples (30%) done (elapsed 7.22 s, remaining 16.31 s)
9300000 of 30000000 tuples (31%) done (elapsed 7.29 s, remaining 16.23 s)
9400000 of 30000000 tuples (31%) done (elapsed 7.37 s, remaining 16.14 s)
9500000 of 30000000 tuples (31%) done (elapsed 7.45 s, remaining 16.07 s)
9600000 of 30000000 tuples (32%) done (elapsed 7.52 s, remaining 15.99 s)
9700000 of 30000000 tuples (32%) done (elapsed 7.60 s, remaining 15.90 s)
9800000 of 30000000 tuples (32%) done (elapsed 7.68 s, remaining 15.83 s)
9900000 of 30000000 tuples (33%) done (elapsed 7.76 s, remaining 15.75 s)
10000000 of 30000000 tuples (33%) done (elapsed 7.84 s, remaining 15.67 s)
10100000 of 30000000 tuples (33%) done (elapsed 7.91 s, remaining 15.59 s)
10200000 of 30000000 tuples (34%) done (elapsed 7.99 s, remaining 15.51 s)
10300000 of 30000000 tuples (34%) done (elapsed 8.07 s, remaining 15.44 s)
10400000 of 30000000 tuples (34%) done (elapsed 8.15 s, remaining 15.35 s)
10500000 of 30000000 tuples (35%) done (elapsed 8.22 s, remaining 15.27 s)
10600000 of 30000000 tuples (35%) done (elapsed 8.30 s, remaining 15.19 s)
10700000 of 30000000 tuples (35%) done (elapsed 8.38 s, remaining 15.12 s)
10800000 of 30000000 tuples (36%) done (elapsed 8.46 s, remaining 15.04 s)
10900000 of 30000000 tuples (36%) done (elapsed 8.53 s, remaining 14.96 s)
11000000 of 30000000 tuples (36%) done (elapsed 8.61 s, remaining 14.87 s)
11100000 of 30000000 tuples (37%) done (elapsed 8.69 s, remaining 14.80 s)
11200000 of 30000000 tuples (37%) done (elapsed 8.77 s, remaining 14.72 s)
11300000 of 30000000 tuples (37%) done (elapsed 8.85 s, remaining 14.64 s)
11400000 of 30000000 tuples (38%) done (elapsed 8.92 s, remaining 14.56 s)
11500000 of 30000000 tuples (38%) done (elapsed 9.00 s, remaining 14.49 s)
11600000 of 30000000 tuples (38%) done (elapsed 9.08 s, remaining 14.41 s)
11700000 of 30000000 tuples (39%) done (elapsed 9.16 s, remaining 14.32 s)
11800000 of 30000000 tuples (39%) done (elapsed 9.23 s, remaining 14.24 s)
11900000 of 30000000 tuples (39%) done (elapsed 9.36 s, remaining 14.23 s)
12000000 of 30000000 tuples (40%) done (elapsed 9.45 s, remaining 14.17 s)
12100000 of 30000000 tuples (40%) done (elapsed 9.52 s, remaining 14.09 s)
12200000 of 30000000 tuples (40%) done (elapsed 9.60 s, remaining 14.00 s)
12300000 of 30000000 tuples (41%) done (elapsed 9.68 s, remaining 13.93 s)
12400000 of 30000000 tuples (41%) done (elapsed 9.76 s, remaining 13.85 s)
12500000 of 30000000 tuples (41%) done (elapsed 9.83 s, remaining 13.77 s)
12600000 of 30000000 tuples (42%) done (elapsed 9.91 s, remaining 13.68 s)
12700000 of 30000000 tuples (42%) done (elapsed 9.99 s, remaining 13.60 s)
12800000 of 30000000 tuples (42%) done (elapsed 10.07 s, remaining 13.53 s)
12900000 of 30000000 tuples (43%) done (elapsed 10.14 s, remaining 13.45 s)
13000000 of 30000000 tuples (43%) done (elapsed 10.22 s, remaining 13.37 s)
13100000 of 30000000 tuples (43%) done (elapsed 10.30 s, remaining 13.29 s)
13200000 of 30000000 tuples (44%) done (elapsed 10.38 s, remaining 13.21 s)
13300000 of 30000000 tuples (44%) done (elapsed 10.45 s, remaining 13.13 s)
13400000 of 30000000 tuples (44%) done (elapsed 10.53 s, remaining 13.05 s)
13500000 of 30000000 tuples (45%) done (elapsed 10.61 s, remaining 12.97 s)
13600000 of 30000000 tuples (45%) done (elapsed 10.69 s, remaining 12.89 s)
13700000 of 30000000 tuples (45%) done (elapsed 10.76 s, remaining 12.81 s)
13800000 of 30000000 tuples (46%) done (elapsed 10.84 s, remaining 12.73 s)
13900000 of 30000000 tuples (46%) done (elapsed 10.92 s, remaining 12.65 s)
14000000 of 30000000 tuples (46%) done (elapsed 11.00 s, remaining 12.57 s)
14100000 of 30000000 tuples (47%) done (elapsed 11.07 s, remaining 12.49 s)
14200000 of 30000000 tuples (47%) done (elapsed 11.15 s, remaining 12.41 s)
14300000 of 30000000 tuples (47%) done (elapsed 11.23 s, remaining 12.33 s)
14400000 of 30000000 tuples (48%) done (elapsed 11.31 s, remaining 12.25 s)
14500000 of 30000000 tuples (48%) done (elapsed 11.38 s, remaining 12.17 s)
14600000 of 30000000 tuples (48%) done (elapsed 11.46 s, remaining 12.09 s)
14700000 of 30000000 tuples (49%) done (elapsed 11.54 s, remaining 12.01 s)
14800000 of 30000000 tuples (49%) done (elapsed 11.62 s, remaining 11.93 s)
14900000 of 30000000 tuples (49%) done (elapsed 11.69 s, remaining 11.85 s)
15000000 of 30000000 tuples (50%) done (elapsed 11.78 s, remaining 11.78 s)
15100000 of 30000000 tuples (50%) done (elapsed 11.85 s, remaining 11.69 s)
15200000 of 30000000 tuples (50%) done (elapsed 11.93 s, remaining 11.61 s)
15300000 of 30000000 tuples (51%) done (elapsed 12.00 s, remaining 11.53 s)
15400000 of 30000000 tuples (51%) done (elapsed 12.09 s, remaining 11.46 s)
15500000 of 30000000 tuples (51%) done (elapsed 12.16 s, remaining 11.38 s)
15600000 of 30000000 tuples (52%) done (elapsed 12.24 s, remaining 11.30 s)
15700000 of 30000000 tuples (52%) done (elapsed 12.32 s, remaining 11.22 s)
15800000 of 30000000 tuples (52%) done (elapsed 12.40 s, remaining 11.14 s)
15900000 of 30000000 tuples (53%) done (elapsed 12.47 s, remaining 11.06 s)
16000000 of 30000000 tuples (53%) done (elapsed 12.55 s, remaining 10.98 s)
16100000 of 30000000 tuples (53%) done (elapsed 12.63 s, remaining 10.90 s)
16200000 of 30000000 tuples (54%) done (elapsed 12.71 s, remaining 10.83 s)
16300000 of 30000000 tuples (54%) done (elapsed 12.78 s, remaining 10.74 s)
16400000 of 30000000 tuples (54%) done (elapsed 12.86 s, remaining 10.66 s)
16500000 of 30000000 tuples (55%) done (elapsed 12.94 s, remaining 10.58 s)
16600000 of 30000000 tuples (55%) done (elapsed 13.02 s, remaining 10.51 s)
16700000 of 30000000 tuples (55%) done (elapsed 13.09 s, remaining 10.43 s)
16800000 of 30000000 tuples (56%) done (elapsed 13.17 s, remaining 10.35 s)
16900000 of 30000000 tuples (56%) done (elapsed 13.25 s, remaining 10.27 s)
17000000 of 30000000 tuples (56%) done (elapsed 13.33 s, remaining 10.19 s)
17100000 of 30000000 tuples (57%) done (elapsed 13.41 s, remaining 10.11 s)
17200000 of 30000000 tuples (57%) done (elapsed 13.48 s, remaining 10.03 s)
17300000 of 30000000 tuples (57%) done (elapsed 13.56 s, remaining 9.96 s)
17400000 of 30000000 tuples (58%) done (elapsed 13.64 s, remaining 9.88 s)
17500000 of 30000000 tuples (58%) done (elapsed 13.72 s, remaining 9.80 s)
17600000 of 30000000 tuples (58%) done (elapsed 13.79 s, remaining 9.72 s)
17700000 of 30000000 tuples (59%) done (elapsed 13.87 s, remaining 9.64 s)
17800000 of 30000000 tuples (59%) done (elapsed 13.95 s, remaining 9.56 s)
17900000 of 30000000 tuples (59%) done (elapsed 14.03 s, remaining 9.48 s)
18000000 of 30000000 tuples (60%) done (elapsed 14.11 s, remaining 9.41 s)
18100000 of 30000000 tuples (60%) done (elapsed 14.19 s, remaining 9.33 s)
18200000 of 30000000 tuples (60%) done (elapsed 14.26 s, remaining 9.25 s)
18300000 of 30000000 tuples (61%) done (elapsed 14.40 s, remaining 9.21 s)
18400000 of 30000000 tuples (61%) done (elapsed 14.49 s, remaining 9.13 s)
18500000 of 30000000 tuples (61%) done (elapsed 14.57 s, remaining 9.05 s)
18600000 of 30000000 tuples (62%) done (elapsed 14.64 s, remaining 8.97 s)
18700000 of 30000000 tuples (62%) done (elapsed 14.72 s, remaining 8.90 s)
18800000 of 30000000 tuples (62%) done (elapsed 14.80 s, remaining 8.82 s)
18900000 of 30000000 tuples (63%) done (elapsed 14.88 s, remaining 8.74 s)
19000000 of 30000000 tuples (63%) done (elapsed 14.95 s, remaining 8.66 s)
19100000 of 30000000 tuples (63%) done (elapsed 15.03 s, remaining 8.58 s)
19200000 of 30000000 tuples (64%) done (elapsed 15.11 s, remaining 8.50 s)
19300000 of 30000000 tuples (64%) done (elapsed 15.19 s, remaining 8.42 s)
19400000 of 30000000 tuples (64%) done (elapsed 15.27 s, remaining 8.34 s)
19500000 of 30000000 tuples (65%) done (elapsed 15.34 s, remaining 8.26 s)
19600000 of 30000000 tuples (65%) done (elapsed 15.42 s, remaining 8.18 s)
19700000 of 30000000 tuples (65%) done (elapsed 15.50 s, remaining 8.10 s)
19800000 of 30000000 tuples (66%) done (elapsed 15.58 s, remaining 8.02 s)
19900000 of 30000000 tuples (66%) done (elapsed 15.65 s, remaining 7.94 s)
20000000 of 30000000 tuples (66%) done (elapsed 15.74 s, remaining 7.87 s)
20100000 of 30000000 tuples (67%) done (elapsed 15.81 s, remaining 7.79 s)
20200000 of 30000000 tuples (67%) done (elapsed 15.89 s, remaining 7.71 s)
20300000 of 30000000 tuples (67%) done (elapsed 15.96 s, remaining 7.63 s)
20400000 of 30000000 tuples (68%) done (elapsed 16.05 s, remaining 7.55 s)
20500000 of 30000000 tuples (68%) done (elapsed 16.12 s, remaining 7.47 s)
20600000 of 30000000 tuples (68%) done (elapsed 16.20 s, remaining 7.39 s)
20700000 of 30000000 tuples (69%) done (elapsed 16.28 s, remaining 7.31 s)
20800000 of 30000000 tuples (69%) done (elapsed 16.36 s, remaining 7.23 s)
20900000 of 30000000 tuples (69%) done (elapsed 16.43 s, remaining 7.16 s)
21000000 of 30000000 tuples (70%) done (elapsed 16.51 s, remaining 7.08 s)
21100000 of 30000000 tuples (70%) done (elapsed 16.59 s, remaining 7.00 s)
21200000 of 30000000 tuples (70%) done (elapsed 16.67 s, remaining 6.92 s)
21300000 of 30000000 tuples (71%) done (elapsed 16.74 s, remaining 6.84 s)
21400000 of 30000000 tuples (71%) done (elapsed 16.82 s, remaining 6.76 s)
21500000 of 30000000 tuples (71%) done (elapsed 16.90 s, remaining 6.68 s)
21600000 of 30000000 tuples (72%) done (elapsed 16.98 s, remaining 6.60 s)
21700000 of 30000000 tuples (72%) done (elapsed 17.06 s, remaining 6.52 s)
21800000 of 30000000 tuples (72%) done (elapsed 17.13 s, remaining 6.44 s)
21900000 of 30000000 tuples (73%) done (elapsed 17.21 s, remaining 6.37 s)
22000000 of 30000000 tuples (73%) done (elapsed 17.29 s, remaining 6.29 s)
22100000 of 30000000 tuples (73%) done (elapsed 17.37 s, remaining 6.21 s)
22200000 of 30000000 tuples (74%) done (elapsed 17.44 s, remaining 6.13 s)
22300000 of 30000000 tuples (74%) done (elapsed 17.53 s, remaining 6.05 s)
22400000 of 30000000 tuples (74%) done (elapsed 17.60 s, remaining 5.97 s)
22500000 of 30000000 tuples (75%) done (elapsed 17.68 s, remaining 5.89 s)
22600000 of 30000000 tuples (75%) done (elapsed 17.75 s, remaining 5.81 s)
22700000 of 30000000 tuples (75%) done (elapsed 17.84 s, remaining 5.74 s)
22800000 of 30000000 tuples (76%) done (elapsed 17.91 s, remaining 5.66 s)
22900000 of 30000000 tuples (76%) done (elapsed 17.99 s, remaining 5.58 s)
23000000 of 30000000 tuples (76%) done (elapsed 18.07 s, remaining 5.50 s)
23100000 of 30000000 tuples (77%) done (elapsed 18.15 s, remaining 5.42 s)
23200000 of 30000000 tuples (77%) done (elapsed 18.22 s, remaining 5.34 s)
23300000 of 30000000 tuples (77%) done (elapsed 18.30 s, remaining 5.26 s)
23400000 of 30000000 tuples (78%) done (elapsed 18.38 s, remaining 5.18 s)
23500000 of 30000000 tuples (78%) done (elapsed 18.46 s, remaining 5.11 s)
23600000 of 30000000 tuples (78%) done (elapsed 18.54 s, remaining 5.03 s)
23700000 of 30000000 tuples (79%) done (elapsed 18.61 s, remaining 4.95 s)
23800000 of 30000000 tuples (79%) done (elapsed 18.69 s, remaining 4.87 s)
23900000 of 30000000 tuples (79%) done (elapsed 18.77 s, remaining 4.79 s)
24000000 of 30000000 tuples (80%) done (elapsed 18.85 s, remaining 4.71 s)
24100000 of 30000000 tuples (80%) done (elapsed 18.93 s, remaining 4.63 s)
24200000 of 30000000 tuples (80%) done (elapsed 19.01 s, remaining 4.56 s)
24300000 of 30000000 tuples (81%) done (elapsed 19.08 s, remaining 4.48 s)
24400000 of 30000000 tuples (81%) done (elapsed 19.16 s, remaining 4.40 s)
24500000 of 30000000 tuples (81%) done (elapsed 19.24 s, remaining 4.32 s)
24600000 of 30000000 tuples (82%) done (elapsed 19.74 s, remaining 4.33 s)
24700000 of 30000000 tuples (82%) done (elapsed 19.85 s, remaining 4.26 s)
24800000 of 30000000 tuples (82%) done (elapsed 19.94 s, remaining 4.18 s)
24900000 of 30000000 tuples (83%) done (elapsed 20.02 s, remaining 4.10 s)
25000000 of 30000000 tuples (83%) done (elapsed 20.10 s, remaining 4.02 s)
25100000 of 30000000 tuples (83%) done (elapsed 20.17 s, remaining 3.94 s)
25200000 of 30000000 tuples (84%) done (elapsed 20.25 s, remaining 3.86 s)
25300000 of 30000000 tuples (84%) done (elapsed 20.33 s, remaining 3.78 s)
25400000 of 30000000 tuples (84%) done (elapsed 20.41 s, remaining 3.70 s)
25500000 of 30000000 tuples (85%) done (elapsed 20.49 s, remaining 3.62 s)
25600000 of 30000000 tuples (85%) done (elapsed 20.56 s, remaining 3.53 s)
25700000 of 30000000 tuples (85%) done (elapsed 20.65 s, remaining 3.45 s)
25800000 of 30000000 tuples (86%) done (elapsed 20.72 s, remaining 3.37 s)
25900000 of 30000000 tuples (86%) done (elapsed 20.80 s, remaining 3.29 s)
26000000 of 30000000 tuples (86%) done (elapsed 20.88 s, remaining 3.21 s)
26100000 of 30000000 tuples (87%) done (elapsed 20.96 s, remaining 3.13 s)
26200000 of 30000000 tuples (87%) done (elapsed 21.03 s, remaining 3.05 s)
26300000 of 30000000 tuples (87%) done (elapsed 21.11 s, remaining 2.97 s)
26400000 of 30000000 tuples (88%) done (elapsed 21.19 s, remaining 2.89 s)
26500000 of 30000000 tuples (88%) done (elapsed 21.27 s, remaining 2.81 s)
26600000 of 30000000 tuples (88%) done (elapsed 21.35 s, remaining 2.73 s)
26700000 of 30000000 tuples (89%) done (elapsed 21.42 s, remaining 2.65 s)
26800000 of 30000000 tuples (89%) done (elapsed 21.50 s, remaining 2.57 s)
26900000 of 30000000 tuples (89%) done (elapsed 21.58 s, remaining 2.49 s)
27000000 of 30000000 tuples (90%) done (elapsed 21.66 s, remaining 2.41 s)
27100000 of 30000000 tuples (90%) done (elapsed 21.74 s, remaining 2.33 s)
27200000 of 30000000 tuples (90%) done (elapsed 21.81 s, remaining 2.25 s)
27300000 of 30000000 tuples (91%) done (elapsed 21.89 s, remaining 2.17 s)
27400000 of 30000000 tuples (91%) done (elapsed 21.97 s, remaining 2.08 s)
27500000 of 30000000 tuples (91%) done (elapsed 22.05 s, remaining 2.00 s)
27600000 of 30000000 tuples (92%) done (elapsed 22.13 s, remaining 1.92 s)
27700000 of 30000000 tuples (92%) done (elapsed 22.21 s, remaining 1.84 s)
27800000 of 30000000 tuples (92%) done (elapsed 22.28 s, remaining 1.76 s)
27900000 of 30000000 tuples (93%) done (elapsed 22.36 s, remaining 1.68 s)
28000000 of 30000000 tuples (93%) done (elapsed 22.44 s, remaining 1.60 s)
28100000 of 30000000 tuples (93%) done (elapsed 22.52 s, remaining 1.52 s)
28200000 of 30000000 tuples (94%) done (elapsed 22.60 s, remaining 1.44 s)
28300000 of 30000000 tuples (94%) done (elapsed 22.67 s, remaining 1.36 s)
28400000 of 30000000 tuples (94%) done (elapsed 22.75 s, remaining 1.28 s)
28500000 of 30000000 tuples (95%) done (elapsed 22.83 s, remaining 1.20 s)
28600000 of 30000000 tuples (95%) done (elapsed 22.91 s, remaining 1.12 s)
28700000 of 30000000 tuples (95%) done (elapsed 22.99 s, remaining 1.04 s)
28800000 of 30000000 tuples (96%) done (elapsed 23.06 s, remaining 0.96 s)
28900000 of 30000000 tuples (96%) done (elapsed 23.15 s, remaining 0.88 s)
29000000 of 30000000 tuples (96%) done (elapsed 23.22 s, remaining 0.80 s)
29100000 of 30000000 tuples (97%) done (elapsed 23.30 s, remaining 0.72 s)
29200000 of 30000000 tuples (97%) done (elapsed 23.38 s, remaining 0.64 s)
29300000 of 30000000 tuples (97%) done (elapsed 23.46 s, remaining 0.56 s)
29400000 of 30000000 tuples (98%) done (elapsed 23.53 s, remaining 0.48 s)
29500000 of 30000000 tuples (98%) done (elapsed 23.61 s, remaining 0.40 s)
29600000 of 30000000 tuples (98%) done (elapsed 23.69 s, remaining 0.32 s)
29700000 of 30000000 tuples (99%) done (elapsed 23.77 s, remaining 0.24 s)
29800000 of 30000000 tuples (99%) done (elapsed 23.85 s, remaining 0.16 s)
29900000 of 30000000 tuples (99%) done (elapsed 23.92 s, remaining 0.08 s)
30000000 of 30000000 tuples (100%) done (elapsed 24.01 s, remaining 0.00 s)
vacuum...
set primary keys...
NOTICE:  ALTER TABLE / ADD PRIMARY KEY will create implicit index "pgbench_branches_pkey" for table "pgbench_branches"
NOTICE:  ALTER TABLE / ADD PRIMARY KEY will create implicit index "pgbench_tellers_pkey" for table "pgbench_tellers"
NOTICE:  ALTER TABLE / ADD PRIMARY KEY will create implicit index "pgbench_accounts_pkey" for table "pgbench_accounts"
done.
starting vacuum...end.
transaction type: <builtin: TPC-B (sort of)>
scaling factor: 300
query mode: simple
number of clients: 32
number of threads: 4
duration: 60 s
number of transactions actually processed: 2445
latency average: 785.276 ms
tps = 40.392682 (including connections establishing)
tps = 40.394157 (excluding connections establishing)
script statistics:
 - statement latencies in milliseconds:
         0.003  \set aid random(1, 100000 * :scale)
         0.001  \set bid random(1, 1 * :scale)
         0.001  \set tid random(1, 10 * :scale)
         0.001  \set delta random(-5000, 5000)
         0.121  BEGIN;
       313.195  UPDATE pgbench_accounts SET abalance = abalance + :delta WHERE aid = :aid;
         3.068  SELECT abalance FROM pgbench_accounts WHERE aid = :aid;
       175.695  UPDATE pgbench_tellers SET tbalance = tbalance + :delta WHERE tid = :tid;
       106.854  UPDATE pgbench_branches SET bbalance = bbalance + :delta WHERE bid = :bid;
        68.396  INSERT INTO pgbench_history (tid, bid, aid, delta, mtime) VALUES (:tid, :bid, :aid, :delta, CURRENT_TIMESTAMP);
       123.175  END;
starting vacuum...end.
transaction type: <builtin: TPC-B (sort of)>
scaling factor: 300
query mode: simple
number of clients: 32
number of threads: 4
duration: 60 s
number of transactions actually processed: 1622
latency average: 1183.724 ms
tps = 26.828905 (including connections establishing)
tps = 26.829657 (excluding connections establishing)
script statistics:
 - statement latencies in milliseconds:
         0.003  \set aid random(1, 100000 * :scale)
         0.001  \set bid random(1, 1 * :scale)
         0.001  \set tid random(1, 10 * :scale)
         0.001  \set delta random(-5000, 5000)
         0.131  BEGIN;
       644.858  UPDATE pgbench_accounts SET abalance = abalance + :delta WHERE aid = :aid;
         5.897  SELECT abalance FROM pgbench_accounts WHERE aid = :aid;
       198.179  UPDATE pgbench_tellers SET tbalance = tbalance + :delta WHERE tid = :tid;
        90.614  UPDATE pgbench_branches SET bbalance = bbalance + :delta WHERE bid = :bid;
        66.040  INSERT INTO pgbench_history (tid, bid, aid, delta, mtime) VALUES (:tid, :bid, :aid, :delta, CURRENT_TIMESTAMP);
       187.052  END;
starting vacuum...end.
transaction type: <builtin: TPC-B (sort of)>
scaling factor: 300
query mode: simple
number of clients: 32
number of threads: 4
duration: 900 s
number of transactions actually processed: 24209
latency average: 1189.640 ms
tps = 26.891463 (including connections establishing)
tps = 26.891510 (excluding connections establishing)
script statistics:
 - statement latencies in milliseconds:
         0.003  \set aid random(1, 100000 * :scale)
         0.001  \set bid random(1, 1 * :scale)
         0.001  \set tid random(1, 10 * :scale)
         0.001  \set delta random(-5000, 5000)
         0.137  BEGIN;
       631.658  UPDATE pgbench_accounts SET abalance = abalance + :delta WHERE aid = :aid;
         0.263  SELECT abalance FROM pgbench_accounts WHERE aid = :aid;
       191.473  UPDATE pgbench_tellers SET tbalance = tbalance + :delta WHERE tid = :tid;
       104.158  UPDATE pgbench_branches SET bbalance = bbalance + :delta WHERE bid = :bid;
        66.385  INSERT INTO pgbench_history (tid, bid, aid, delta, mtime) VALUES (:tid, :bid, :aid, :delta, CURRENT_TIMESTAMP);
       196.345  END;
========================================================================
Testing 2008-06-04-REL8_4_0~1603
Start Time: 2016-07-30 09:34:32+00:00
Linux 3.16.0-4-amd64 (Debian-83-jessie-64-minimal) 	30.07.16 	_x86_64_	(8 CPU)

starting vacuum...end.
transaction type: <builtin: TPC-B (sort of)>
scaling factor: 300
query mode: simple
number of clients: 32
number of threads: 4
duration: 900 s
number of transactions actually processed: 25640
latency average: 1123.245 ms
tps = 28.312628 (including connections establishing)
tps = 28.312676 (excluding connections establishing)
script statistics:
 - statement latencies in milliseconds:
         0.003  \set aid random(1, 100000 * :scale)
         0.001  \set bid random(1, 1 * :scale)
         0.001  \set tid random(1, 10 * :scale)
         0.001  \set delta random(-5000, 5000)
         0.132  BEGIN;
       538.105  UPDATE pgbench_accounts SET abalance = abalance + :delta WHERE aid = :aid;
         0.796  SELECT abalance FROM pgbench_accounts WHERE aid = :aid;
       192.396  UPDATE pgbench_tellers SET tbalance = tbalance + :delta WHERE tid = :tid;
       119.077  UPDATE pgbench_branches SET bbalance = bbalance + :delta WHERE bid = :bid;
        76.981  INSERT INTO pgbench_history (tid, bid, aid, delta, mtime) VALUES (:tid, :bid, :aid, :delta, CURRENT_TIMESTAMP);
       202.867  END;
avg-cpu:  %user   %nice %system %iowait  %steal   %idle
           0,36    0,00    0,22    9,25    0,00   90,17

Device:         rrqm/s   wrqm/s     r/s     w/s    rkB/s    wkB/s avgrq-sz avgqu-sz   await r_await w_await  svctm  %util
sdb               0,01     2,64    4,59  140,16    38,64  1112,70    15,91    18,49  127,71   25,95  131,04   4,46  64,57
sda               0,04     2,63   19,79  140,17   166,79  1112,70    16,00    12,38   77,42   30,65   84,02   5,14  82,26
md0               0,00     0,00    0,19    0,00     0,75     0,00     8,00     0,00    0,00    0,00    0,00   0,00   0,00
md1               0,00     0,00    0,00    0,00     0,00     0,00     0,00     0,00    0,00    0,00    0,00   0,00   0,00
md2               0,00     0,00   24,24  142,30   204,61  1111,49    15,81     0,00    0,00    0,00    0,00   0,00   0,00
md3               0,00     0,00    0,00    0,01     0,00     0,04     8,00     0,00    0,00    0,00    0,00   0,00   0,00

End Time: 2016-07-30 09:50:02+00:00
========================================================================
========================================================================
Testing 2008-06-04-REL8_4_0~1603
Start Time: 2016-08-08 04:35:49+00:00
Shared Buffers:  260000
Linux 3.16.0-4-amd64 (Debian-83-jessie-64-minimal) 	08.08.16 	_x86_64_	(8 CPU)

starting vacuum...end.
transaction type: <builtin: TPC-B (sort of)>
scaling factor: 300
query mode: simple
number of clients: 32
number of threads: 4
duration: 900 s
number of transactions actually processed: 27145
latency average: 1060.969 ms
tps = 30.153275 (including connections establishing)
tps = 30.153333 (excluding connections establishing)
script statistics:
 - statement latencies in milliseconds:
         0.003  \set aid random(1, 100000 * :scale)
         0.001  \set bid random(1, 1 * :scale)
         0.001  \set tid random(1, 10 * :scale)
         0.001  \set delta random(-5000, 5000)
         0.131  BEGIN;
       508.943  UPDATE pgbench_accounts SET abalance = abalance + :delta WHERE aid = :aid;
         0.760  SELECT abalance FROM pgbench_accounts WHERE aid = :aid;
       178.817  UPDATE pgbench_tellers SET tbalance = tbalance + :delta WHERE tid = :tid;
       107.272  UPDATE pgbench_branches SET bbalance = bbalance + :delta WHERE bid = :bid;
        72.375  INSERT INTO pgbench_history (tid, bid, aid, delta, mtime) VALUES (:tid, :bid, :aid, :delta, CURRENT_TIMESTAMP);
       193.315  END;
avg-cpu:  %user   %nice %system %iowait  %steal   %idle
           0,39    0,00    0,23    9,51    0,00   89,87

Device:         rrqm/s   wrqm/s     r/s     w/s    rkB/s    wkB/s avgrq-sz avgqu-sz   await r_await w_await  svctm  %util
sdb               0,00     2,87    5,05  137,51    42,07   981,19    14,36    14,14   99,19   25,52  101,90   4,40  62,79
sda               0,00     2,86   20,37  137,52   170,83   981,19    14,59    17,85  113,04   31,86  125,06   5,36  84,61
md0               0,00     0,00    0,05    0,03     0,21     0,14     8,00     0,00    0,00    0,00    0,00   0,00   0,00
md1               0,00     0,00    0,00    0,00     0,00     0,00     0,00     0,00    0,00    0,00    0,00   0,00   0,00
md2               0,00     0,00   25,37  139,87   212,69   979,92    14,44     0,00    0,00    0,00    0,00   0,00   0,00
md3               0,00     0,00    0,00    0,02     0,00     0,08     8,00     0,00    0,00    0,00    0,00   0,00   0,00

Control File Changes
--- /usr/local/oldpgsql/2008-06-04-REL8_4_0~1603/before.controldata	2016-08-08 06:35:49.401547537 +0200
+++ /usr/local/oldpgsql/2008-06-04-REL8_4_0~1603/after.controldata	2016-08-08 06:52:25.201381986 +0200
@@ -2,16 +2,16 @@
 Catalog version number:               200805261
 Database system identifier:           6255472984493912031
 Database cluster state:               in production
-pg_control last modified:             пн, 08-сер-2016 06:35:49 +0200
-Latest checkpoint location:           0/62B9F188
-Prior checkpoint location:            0/56BEB0E0
-Latest checkpoint's REDO location:    0/62B9F188
+pg_control last modified:             пн, 08-сер-2016 06:52:25 +0200
+Latest checkpoint location:           0/7AC6F5B8
+Prior checkpoint location:            0/7AC6F570
+Latest checkpoint's REDO location:    0/7AC6F5B8
 Latest checkpoint's TimeLineID:       1
-Latest checkpoint's NextXID:          0/60032
-Latest checkpoint's NextOID:          16463
+Latest checkpoint's NextXID:          0/87219
+Latest checkpoint's NextOID:          24655
 Latest checkpoint's NextMultiXactId:  1
 Latest checkpoint's NextMultiOffset:  0
-Time of latest checkpoint:            пн, 08-сер-2016 06:35:21 +0200
+Time of latest checkpoint:            пн, 08-сер-2016 06:52:05 +0200
 Minimum recovery ending location:     0/0
 Maximum data alignment:               8
 Database block size:                  8192
End Time: 2016-08-08 04:52:25+00:00
========================================================================
========================================================================
Testing 2008-06-04-REL8_4_0~1603
Start Time: 2016-08-08 22:22:53+00:00
Shared Buffers:  260000
size before pgbench of pgbench_branches: 272
size before pgbench of pgbench_accounts: 799172
size before pgbench of pgbench_branches_pkey: 32
size before pgbench of pgbench_tellers_pkey: 136
size before pgbench of pgbench_tellers: 376
size before pgbench of pgbench_accounts_pkey: 658092
size before pgbench of pgbench_history: 3072
total size before pgbench: 1461152
Linux 3.16.0-4-amd64 (Debian-83-jessie-64-minimal) 	09.08.16 	_x86_64_	(8 CPU)

starting vacuum...end.
transaction type: <builtin: select only>
scaling factor: 300
query mode: simple
number of clients: 32
number of threads: 4
duration: 60 s
number of transactions actually processed: 68764
latency average: 27.922 ms
tps = 1144.527639 (including connections establishing)
tps = 1144.558933 (excluding connections establishing)
script statistics:
 - statement latencies in milliseconds:
         0.002  \set aid random(1, 100000 * :scale)
        27.946  SELECT abalance FROM pgbench_accounts WHERE aid = :aid;
avg-cpu:  %user   %nice %system %iowait  %steal   %idle
           1,13    0,00    0,70   30,17    0,00   68,00

Device:         rrqm/s   wrqm/s     r/s     w/s    rkB/s    wkB/s avgrq-sz avgqu-sz   await r_await w_await  svctm  %util
sdb               0,08     4,57  267,62    2,16  2478,27    27,99    18,58    13,21   48,97   38,78 1313,84   2,53  68,27
sda               0,51     4,60  272,09    2,12  2530,76    27,99    18,66    22,56   82,27   47,33 4561,99   2,52  69,08
md0               0,00     0,00    1,51    3,66     6,04    14,62     8,00     0,00    0,00    0,00    0,00   0,00   0,00
md1               0,00     0,00    0,00    0,00     0,00     0,00     0,00     0,00    0,00    0,00    0,00   0,00   0,00
md2               0,00     0,00  538,81    1,99  5002,98    10,93    18,54     0,00    0,00    0,00    0,00   0,00   0,00
md3               0,00     0,00    0,00    0,10     0,00     0,40     8,00     0,00    0,00    0,00    0,00   0,00   0,00

Control File Changes
--- /usr/local/oldpgsql/2008-06-04-REL8_4_0~1603/before.controldata	2016-08-09 00:28:49.713739872 +0200
+++ /usr/local/oldpgsql/2008-06-04-REL8_4_0~1603/after.controldata	2016-08-09 00:30:21.161979619 +0200
@@ -5,4 +5,4 @@
-pg_control last modified:             Mon Aug  8 22:28:49 2016
-Latest checkpoint location:           0/876CC930
-Prior checkpoint location:            0/876CC8E8
-Latest checkpoint's REDO location:    0/876CC930
+pg_control last modified:             Mon Aug  8 22:30:20 2016
+Latest checkpoint location:           0/876F2358
+Prior checkpoint location:            0/876CC930
+Latest checkpoint's REDO location:    0/876F2358
@@ -10,2 +10,2 @@
-Latest checkpoint's NextXID:          0/87219
-Latest checkpoint's NextOID:          16464
+Latest checkpoint's NextXID:          0/87220
+Latest checkpoint's NextOID:          24656
@@ -14 +14 @@
-Time of latest checkpoint:            Mon Aug  8 22:28:48 2016
+Time of latest checkpoint:            Mon Aug  8 22:30:19 2016
size after pgbench of pgbench_branches: 272
size after pgbench of pgbench_accounts: 799172
size after pgbench of pgbench_branches_pkey: 32
size after pgbench of pgbench_tellers_pkey: 136
size after pgbench of pgbench_tellers: 376
size after pgbench of pgbench_accounts_pkey: 658092
size after pgbench of pgbench_history: 0
total size after pgbench: 1458080
End Time: 2016-08-08 22:30:21+00:00
========================================================================
========================================================================
Testing 2008-06-04-REL8_4_0~1603
Start Time: 2016-08-10 13:55:17+00:00
Shared Buffers:  260000
size before pgbench of pgbench_branches: 272
size before pgbench of pgbench_accounts: 799172
size before pgbench of pgbench_branches_pkey: 32
size before pgbench of pgbench_tellers_pkey: 136
size before pgbench of pgbench_tellers: 376
size before pgbench of pgbench_accounts_pkey: 658092
size before pgbench of pgbench_history: 0
total size before pgbench: 1458080
Linux 3.16.0-4-amd64 (Debian-83-jessie-64-minimal) 	10.08.16 	_x86_64_	(8 CPU)

starting vacuum...end.
transaction type: <builtin: select only>
scaling factor: 300
query mode: simple
number of clients: 32
number of threads: 4
duration: 60 s
number of transactions actually processed: 66018
latency average: 29.083 ms
tps = 1098.223899 (including connections establishing)
tps = 1098.252846 (excluding connections establishing)
script statistics:
 - statement latencies in milliseconds:
         0.002  \set aid random(1, 100000 * :scale)
        29.132  SELECT abalance FROM pgbench_accounts WHERE aid = :aid;
avg-cpu:  %user   %nice %system %iowait  %steal   %idle
           1,11    0,00    0,65   28,52    0,00   69,72

Device:         rrqm/s   wrqm/s     r/s     w/s    rkB/s    wkB/s avgrq-sz avgqu-sz   await r_await w_await  svctm  %util
sdb               0,01     4,74  261,41    1,99  2426,62    29,37    18,65    13,13   49,35   42,05 1008,67   2,56  67,46
sda               0,06     4,77  263,80    1,97  2467,96    29,37    18,79    17,33   64,73   48,48 2244,02   2,55  67,67
md0               0,00     0,00    0,13    3,64     0,53    14,58     8,00     0,00    0,00    0,00    0,00   0,00   0,00
md1               0,00     0,00    0,00    0,00     0,00     0,00     0,00     0,00    0,00    0,00    0,00   0,00   0,00
md2               0,00     0,00  525,17    1,87  4894,04    12,04    18,62     0,00    0,00    0,00    0,00   0,00   0,00
md3               0,00     0,00    0,00    0,10     0,00     0,40     8,00     0,00    0,00    0,00    0,00   0,00   0,00

Control File Changes
--- /usr/local/oldpgsql/2008-06-04-REL8_4_0~1603/before.controldata	2016-08-10 15:55:55.303019716 +0200
+++ /usr/local/oldpgsql/2008-06-04-REL8_4_0~1603/after.controldata	2016-08-10 15:57:26.295808322 +0200
@@ -5,4 +5,4 @@
-pg_control last modified:             Wed Aug 10 13:55:55 2016
-Latest checkpoint location:           0/876F23E8
-Prior checkpoint location:            0/876F23A0
-Latest checkpoint's REDO location:    0/876F23E8
+pg_control last modified:             Wed Aug 10 13:57:26 2016
+Latest checkpoint location:           0/876F3EE8
+Prior checkpoint location:            0/876F23E8
+Latest checkpoint's REDO location:    0/876F3EE8
@@ -10,2 +10,2 @@
-Latest checkpoint's NextXID:          0/87220
-Latest checkpoint's NextOID:          16465
+Latest checkpoint's NextXID:          0/87221
+Latest checkpoint's NextOID:          24657
@@ -14 +14 @@
-Time of latest checkpoint:            Wed Aug 10 13:55:54 2016
+Time of latest checkpoint:            Wed Aug 10 13:57:25 2016
size after pgbench of pgbench_branches: 272
size after pgbench of pgbench_accounts: 799172
size after pgbench of pgbench_branches_pkey: 32
size after pgbench of pgbench_tellers_pkey: 136
size after pgbench of pgbench_tellers: 376
size after pgbench of pgbench_accounts_pkey: 658092
size after pgbench of pgbench_history: 0
total size after pgbench: 1458080
End Time: 2016-08-10 13:57:26+00:00
========================================================================
========================================================================
Testing 2008-06-04-REL8_4_0~1603
Start Time: 2016-08-11 05:20:02+00:00
Shared Buffers:  260000
size before pgbench of pgbench_branches: 272
size before pgbench of pgbench_accounts: 799172
size before pgbench of pgbench_branches_pkey: 32
size before pgbench of pgbench_tellers_pkey: 136
size before pgbench of pgbench_tellers: 376
size before pgbench of pgbench_accounts_pkey: 658092
size before pgbench of pgbench_history: 0
total size before pgbench: 1458080
Linux 3.16.0-4-amd64 (Debian-83-jessie-64-minimal) 	11.08.16 	_x86_64_	(8 CPU)

starting vacuum...end.
transaction type: <builtin: select only>
scaling factor: 300
query mode: simple
number of clients: 32
number of threads: 4
duration: 60 s
number of transactions actually processed: 68155
latency average: 28.171 ms
tps = 1134.499186 (including connections establishing)
tps = 1134.531578 (excluding connections establishing)
script statistics:
 - statement latencies in milliseconds:
         0.002  \set aid random(1, 100000 * :scale)
        28.178  SELECT abalance FROM pgbench_accounts WHERE aid = :aid;
avg-cpu:  %user   %nice %system %iowait  %steal   %idle
           1,08    0,00    0,72   25,87    0,00   72,33

Device:         rrqm/s   wrqm/s     r/s     w/s    rkB/s    wkB/s avgrq-sz avgqu-sz   await r_await w_await  svctm  %util
sdb               0,03     3,87  271,93    1,98  2522,67    25,55    18,61    15,19   55,46   45,49 1425,35   2,47  67,53
sda               0,91     3,87  263,21    1,98  2457,42    25,55    18,73    13,32   50,25   43,30  974,02   2,55  67,62
md0               0,00     0,00    1,02    2,82     4,09    11,29     8,00     0,00    0,00    0,00    0,00   0,00   0,00
md1               0,00     0,00    0,00    0,00     0,00     0,00     0,00     0,00    0,00    0,00    0,00   0,00   0,00
md2               0,00     0,00  535,09    1,93  4976,00    11,73    18,58     0,00    0,00    0,00    0,00   0,00   0,00
md3               0,00     0,00    0,00    0,10     0,00     0,40     8,00     0,00    0,00    0,00    0,00   0,00   0,00

Control File Changes
--- /usr/local/oldpgsql/2008-06-04-REL8_4_0~1603/before.controldata	2016-08-11 07:20:39.975611185 +0200
+++ /usr/local/oldpgsql/2008-06-04-REL8_4_0~1603/after.controldata	2016-08-11 07:22:10.951853071 +0200
@@ -5,4 +5,4 @@
-pg_control last modified:             Thu Aug 11 05:20:39 2016
-Latest checkpoint location:           0/876F3F78
-Prior checkpoint location:            0/876F3F30
-Latest checkpoint's REDO location:    0/876F3F78
+pg_control last modified:             Thu Aug 11 05:22:10 2016
+Latest checkpoint location:           0/876F5B48
+Prior checkpoint location:            0/876F3F78
+Latest checkpoint's REDO location:    0/876F5B48
@@ -10,2 +10,2 @@
-Latest checkpoint's NextXID:          0/87221
-Latest checkpoint's NextOID:          16466
+Latest checkpoint's NextXID:          0/87222
+Latest checkpoint's NextOID:          24658
@@ -14 +14 @@
-Time of latest checkpoint:            Thu Aug 11 05:20:39 2016
+Time of latest checkpoint:            Thu Aug 11 05:22:10 2016
size after pgbench of pgbench_branches: 272
size after pgbench of pgbench_accounts: 799172
size after pgbench of pgbench_branches_pkey: 32
size after pgbench of pgbench_tellers_pkey: 136
size after pgbench of pgbench_tellers: 376
size after pgbench of pgbench_accounts_pkey: 658092
size after pgbench of pgbench_history: 0
total size after pgbench: 1458080
End Time: 2016-08-11 05:22:11+00:00
========================================================================
========================================================================
Testing 2008-06-04-REL8_4_0~1603
Start Time: 2016-08-12 00:47:03+00:00
Shared Buffers:  260000
size before pgbench of pgbench_branches: 272
size before pgbench of pgbench_accounts: 799172
size before pgbench of pgbench_branches_pkey: 32
size before pgbench of pgbench_tellers_pkey: 136
size before pgbench of pgbench_tellers: 376
size before pgbench of pgbench_accounts_pkey: 658092
size before pgbench of pgbench_history: 0
total size before pgbench: 1458080
Linux 3.16.0-4-amd64 (Debian-83-jessie-64-minimal) 	12.08.16 	_x86_64_	(8 CPU)

starting vacuum...end.
transaction type: <builtin: select only>
scaling factor: 300
query mode: simple
number of clients: 32
number of threads: 4
duration: 60 s
number of transactions actually processed: 65559
latency average: 29.287 ms
tps = 1090.988316 (including connections establishing)
tps = 1091.020097 (excluding connections establishing)
script statistics:
 - statement latencies in milliseconds:
         0.002  \set aid random(1, 100000 * :scale)
        29.305  SELECT abalance FROM pgbench_accounts WHERE aid = :aid;
avg-cpu:  %user   %nice %system %iowait  %steal   %idle
           1,05    0,00    0,67   25,78    0,00   72,50

Device:         rrqm/s   wrqm/s     r/s     w/s    rkB/s    wkB/s avgrq-sz avgqu-sz   await r_await w_await  svctm  %util
sdb               0,04     4,10  261,80    2,19  2446,93    27,73    18,75    14,37   54,45   45,40 1136,02   2,56  67,60
sda               0,09     4,11  258,16    2,18  2383,24    27,73    18,52    13,06   50,15   44,73  692,69   2,60  67,73
md0               0,00     0,00    0,19    2,83     0,76    11,33     8,00     0,00    0,00    0,00    0,00   0,00   0,00
md1               0,00     0,00    0,00    0,00     0,00     0,00     0,00     0,00    0,00    0,00    0,00   0,00   0,00
md2               0,00     0,00  519,92    2,16  4829,42    13,51    18,55     0,00    0,00    0,00    0,00   0,00   0,00
md3               0,00     0,00    0,00    0,10     0,00     0,40     8,00     0,00    0,00    0,00    0,00   0,00   0,00

Control File Changes
--- /usr/local/oldpgsql/2008-06-04-REL8_4_0~1603/before.controldata	2016-08-12 02:47:41.287129442 +0200
+++ /usr/local/oldpgsql/2008-06-04-REL8_4_0~1603/after.controldata	2016-08-12 02:49:12.335261144 +0200
@@ -5,4 +5,4 @@
-pg_control last modified:             Fri Aug 12 00:47:41 2016
-Latest checkpoint location:           0/876F5BD8
-Prior checkpoint location:            0/876F5B90
-Latest checkpoint's REDO location:    0/876F5BD8
+pg_control last modified:             Fri Aug 12 00:49:12 2016
+Latest checkpoint location:           0/876F7838
+Prior checkpoint location:            0/876F5BD8
+Latest checkpoint's REDO location:    0/876F7838
@@ -10,2 +10,2 @@
-Latest checkpoint's NextXID:          0/87222
-Latest checkpoint's NextOID:          16467
+Latest checkpoint's NextXID:          0/87223
+Latest checkpoint's NextOID:          24659
@@ -14 +14 @@
-Time of latest checkpoint:            Fri Aug 12 00:47:40 2016
+Time of latest checkpoint:            Fri Aug 12 00:49:11 2016
size after pgbench of pgbench_branches: 272
size after pgbench of pgbench_accounts: 799172
size after pgbench of pgbench_branches_pkey: 32
size after pgbench of pgbench_tellers_pkey: 136
size after pgbench of pgbench_tellers: 376
size after pgbench of pgbench_accounts_pkey: 658092
size after pgbench of pgbench_history: 0
total size after pgbench: 1458080
End Time: 2016-08-12 00:49:12+00:00
========================================================================
========================================================================
Testing 2008-06-04-REL8_4_0~1603
Start Time: 2016-08-12 02:07:12+00:00
Shared Buffers:  260000
size before pgbench of pgbench_branches: 272
size before pgbench of pgbench_accounts: 799172
size before pgbench of pgbench_branches_pkey: 32
size before pgbench of pgbench_tellers_pkey: 136
size before pgbench of pgbench_tellers: 376
size before pgbench of pgbench_accounts_pkey: 658092
size before pgbench of pgbench_history: 0
total size before pgbench: 1458080
Linux 3.16.0-4-amd64 (Debian-83-jessie-64-minimal) 	12.08.16 	_x86_64_	(8 CPU)

starting vacuum...end.
transaction type: <builtin: select only>
scaling factor: 300
query mode: simple
number of clients: 64
number of threads: 4
duration: 60 s
number of transactions actually processed: 70660
latency average: 54.345 ms
tps = 1174.533110 (including connections establishing)
tps = 1174.563313 (excluding connections establishing)
script statistics:
 - statement latencies in milliseconds:
         0.002  \set aid random(1, 100000 * :scale)
        54.425  SELECT abalance FROM pgbench_accounts WHERE aid = :aid;
avg-cpu:  %user   %nice %system %iowait  %steal   %idle
           1,19    0,00    0,78   32,11    0,00   65,92

Device:         rrqm/s   wrqm/s     r/s     w/s    rkB/s    wkB/s avgrq-sz avgqu-sz   await r_await w_await  svctm  %util
sdb               0,03     5,53  275,59    2,09  2582,22    33,38    18,84    24,46   88,05   80,86 1037,77   2,44  67,71
sda               0,06     5,54  273,31    2,08  2546,84    33,38    18,74    26,75   97,13   91,56  829,67   2,46  67,61
md0               0,00     0,00    0,11    4,64     0,44    18,58     8,00     0,00    0,00    0,00    0,00   0,00   0,00
md1               0,00     0,00    0,00    0,00     0,00     0,00     0,00     0,00    0,00    0,00    0,00   0,00   0,00
md2               0,00     0,00  548,97    1,73  5128,62    12,04    18,67     0,00    0,00    0,00    0,00   0,00   0,00
md3               0,00     0,00    0,00    0,11     0,00     0,44     8,00     0,00    0,00    0,00    0,00   0,00   0,00

Control File Changes
--- /usr/local/oldpgsql/2008-06-04-REL8_4_0~1603/before.controldata	2016-08-12 04:07:50.592388067 +0200
+++ /usr/local/oldpgsql/2008-06-04-REL8_4_0~1603/after.controldata	2016-08-12 04:09:21.440555941 +0200
@@ -5,4 +5,4 @@
-pg_control last modified:             Fri Aug 12 02:07:50 2016
-Latest checkpoint location:           0/876F78C8
-Prior checkpoint location:            0/876F7880
-Latest checkpoint's REDO location:    0/876F78C8
+pg_control last modified:             Fri Aug 12 02:09:21 2016
+Latest checkpoint location:           0/876F95C8
+Prior checkpoint location:            0/876F78C8
+Latest checkpoint's REDO location:    0/876F95C8
@@ -10,2 +10,2 @@
-Latest checkpoint's NextXID:          0/87223
-Latest checkpoint's NextOID:          16468
+Latest checkpoint's NextXID:          0/87224
+Latest checkpoint's NextOID:          24660
@@ -14 +14 @@
-Time of latest checkpoint:            Fri Aug 12 02:07:50 2016
+Time of latest checkpoint:            Fri Aug 12 02:09:20 2016
size after pgbench of pgbench_branches: 272
size after pgbench of pgbench_accounts: 799172
size after pgbench of pgbench_branches_pkey: 32
size after pgbench of pgbench_tellers_pkey: 136
size after pgbench of pgbench_tellers: 376
size after pgbench of pgbench_accounts_pkey: 658092
size after pgbench of pgbench_history: 0
total size after pgbench: 1458080
End Time: 2016-08-12 02:09:21+00:00
========================================================================
========================================================================
Testing 2008-06-04-REL8_4_0~1603
Start Time: 2016-08-12 21:01:32+00:00
Shared Buffers:  260000
size before pgbench of pgbench_branches: 272
size before pgbench of pgbench_accounts: 799172
size before pgbench of pgbench_branches_pkey: 32
size before pgbench of pgbench_tellers_pkey: 136
size before pgbench of pgbench_tellers: 376
size before pgbench of pgbench_accounts_pkey: 658092
size before pgbench of pgbench_history: 0
total size before pgbench: 1458080
+ /usr/local/pgsql/bin/pgbench -T 60 -S -c 64 -j 4 -r
Linux 3.16.0-4-amd64 (Debian-83-jessie-64-minimal) 	12.08.16 	_x86_64_	(8 CPU)

starting vacuum...end.
transaction type: <builtin: select only>
scaling factor: 300
query mode: simple
number of clients: 64
number of threads: 4
duration: 60 s
number of transactions actually processed: 76102
latency average: 50.459 ms
tps = 1265.377823 (including connections establishing)
tps = 1265.407421 (excluding connections establishing)
script statistics:
 - statement latencies in milliseconds:
         0.002  \set aid random(1, 100000 * :scale)
        50.506  SELECT abalance FROM pgbench_accounts WHERE aid = :aid;
avg-cpu:  %user   %nice %system %iowait  %steal   %idle
           1,29    0,00    0,85   37,60    0,00   60,27

Device:         rrqm/s   wrqm/s     r/s     w/s    rkB/s    wkB/s avgrq-sz avgqu-sz   await r_await w_await  svctm  %util
sdb               0,03     3,69  288,97    1,32  2729,64    21,17    18,95    39,20  135,03   94,19 9061,48   2,33  67,64
sda               0,12     3,67  283,18    1,34  2647,56    21,17    18,76    31,28  109,92   72,55 7980,00   2,38  67,66
md0               0,00     0,00    0,13    3,11     0,53    12,44     8,00     0,00    0,00    0,00    0,00   0,00   0,00
md1               0,00     0,00    0,00    0,00     0,00     0,00     0,00     0,00    0,00    0,00    0,00   0,00   0,00
md2               0,00     0,00  572,24    1,07  5376,40     6,71    18,78     0,00    0,00    0,00    0,00   0,00   0,00
md3               0,00     0,00    0,00    0,10     0,00     0,40     8,00     0,00    0,00    0,00    0,00   0,00   0,00

Control File Changes
--- /usr/local/oldpgsql/2008-06-04-REL8_4_0~1603/before.controldata	2016-08-12 23:02:11.245041806 +0200
+++ /usr/local/oldpgsql/2008-06-04-REL8_4_0~1603/after.controldata	2016-08-12 23:03:42.321179675 +0200
@@ -5,4 +5,4 @@
-pg_control last modified:             Fri Aug 12 21:02:11 2016
-Latest checkpoint location:           0/876F9658
-Prior checkpoint location:            0/876F9610
-Latest checkpoint's REDO location:    0/876F9658
+pg_control last modified:             Fri Aug 12 21:03:42 2016
+Latest checkpoint location:           0/876FB400
+Prior checkpoint location:            0/876F9658
+Latest checkpoint's REDO location:    0/876FB400
@@ -10,2 +10,2 @@
-Latest checkpoint's NextXID:          0/87224
-Latest checkpoint's NextOID:          16469
+Latest checkpoint's NextXID:          0/87225
+Latest checkpoint's NextOID:          24661
@@ -14 +14 @@
-Time of latest checkpoint:            Fri Aug 12 21:02:10 2016
+Time of latest checkpoint:            Fri Aug 12 21:03:41 2016
size after pgbench of pgbench_branches: 272
size after pgbench of pgbench_accounts: 799172
size after pgbench of pgbench_branches_pkey: 32
size after pgbench of pgbench_tellers_pkey: 136
size after pgbench of pgbench_tellers: 376
size after pgbench of pgbench_accounts_pkey: 658092
size after pgbench of pgbench_history: 0
total size after pgbench: 1458080
End Time: 2016-08-12 21:03:42+00:00
========================================================================
========================================================================
Testing 2008-06-04-REL8_4_0~1603
Start Time: 2016-08-13 05:47:47+00:00
Shared Buffers:  260000
size before pgbench of pgbench_branches: 272
size before pgbench of pgbench_accounts: 799172
size before pgbench of pgbench_branches_pkey: 32
size before pgbench of pgbench_tellers_pkey: 136
size before pgbench of pgbench_tellers: 376
size before pgbench of pgbench_accounts_pkey: 658092
size before pgbench of pgbench_history: 0
total size before pgbench: 1458080
Linux 3.16.0-4-amd64 (Debian-83-jessie-64-minimal) 	13.08.16 	_x86_64_	(8 CPU)

starting vacuum...end.
transaction type: <builtin: select only>
scaling factor: 300
query mode: simple
number of clients: 48
number of threads: 4
duration: 60 s
number of transactions actually processed: 73650
latency average: 39.104 ms
tps = 1225.300952 (including connections establishing)
tps = 1225.337244 (excluding connections establishing)
script statistics:
 - statement latencies in milliseconds:
         0.002  \set aid random(1, 100000 * :scale)
        39.135  SELECT abalance FROM pgbench_accounts WHERE aid = :aid;
avg-cpu:  %user   %nice %system %iowait  %steal   %idle
           1,23    0,00    0,76   29,93    0,00   68,08

Device:         rrqm/s   wrqm/s     r/s     w/s    rkB/s    wkB/s avgrq-sz avgqu-sz   await r_await w_await  svctm  %util
sdb               0,14     8,00  284,61    1,92  2681,02    41,49    19,00    24,36   85,01   69,79 2337,18   2,36  67,72
sda               0,89     8,00  281,94    1,92  2641,91    41,49    18,91    18,64   65,66   57,40 1276,39   2,40  68,08
md0               0,00     0,00    3,98    6,87    15,91    27,47     8,00     0,00    0,00    0,00    0,00   0,00   0,00
md1               0,00     0,00    0,00    0,00     0,00     0,00     0,00     0,00    0,00    0,00    0,00   0,00   0,00
md2               0,00     0,00  563,67    1,93  5307,02    11,51    18,81     0,00    0,00    0,00    0,00   0,00   0,00
md3               0,00     0,00    0,00    0,11     0,00     0,44     8,00     0,00    0,00    0,00    0,00   0,00   0,00

Control File Changes
--- /usr/local/oldpgsql/2008-06-04-REL8_4_0~1603/before.controldata	2016-08-13 07:48:25.779921416 +0200
+++ /usr/local/oldpgsql/2008-06-04-REL8_4_0~1603/after.controldata	2016-08-13 07:49:56.832140583 +0200
@@ -5,4 +5,4 @@
-pg_control last modified:             Sat Aug 13 05:48:25 2016
-Latest checkpoint location:           0/876FB490
-Prior checkpoint location:            0/876FB448
-Latest checkpoint's REDO location:    0/876FB490
+pg_control last modified:             Sat Aug 13 05:49:56 2016
+Latest checkpoint location:           0/876FD330
+Prior checkpoint location:            0/876FB490
+Latest checkpoint's REDO location:    0/876FD330
@@ -10,2 +10,2 @@
-Latest checkpoint's NextXID:          0/87225
-Latest checkpoint's NextOID:          16470
+Latest checkpoint's NextXID:          0/87226
+Latest checkpoint's NextOID:          24662
@@ -14 +14 @@
-Time of latest checkpoint:            Sat Aug 13 05:48:25 2016
+Time of latest checkpoint:            Sat Aug 13 05:49:55 2016
size after pgbench of pgbench_branches: 272
size after pgbench of pgbench_accounts: 799172
size after pgbench of pgbench_branches_pkey: 32
size after pgbench of pgbench_tellers_pkey: 136
size after pgbench of pgbench_tellers: 376
size after pgbench of pgbench_accounts_pkey: 658092
size after pgbench of pgbench_history: 0
total size after pgbench: 1458080
End Time: 2016-08-13 05:49:56+00:00
========================================================================
========================================================================
Testing 2008-06-04-REL8_4_0~1603
Start Time: 2016-08-13 14:29:21+00:00
Shared Buffers:  260000
size before pgbench of pgbench_branches: 272
size before pgbench of pgbench_accounts: 799172
size before pgbench of pgbench_branches_pkey: 32
size before pgbench of pgbench_tellers_pkey: 136
size before pgbench of pgbench_tellers: 376
size before pgbench of pgbench_accounts_pkey: 658092
size before pgbench of pgbench_history: 0
total size before pgbench: 1458080
Linux 3.16.0-4-amd64 (Debian-83-jessie-64-minimal) 	13.08.16 	_x86_64_	(8 CPU)

starting vacuum...end.
transaction type: <builtin: select only>
scaling factor: 300
query mode: simple
number of clients: 48
number of threads: 4
duration: 60 s
number of transactions actually processed: 71607
latency average: 40.220 ms
tps = 1190.326820 (including connections establishing)
tps = 1190.359430 (excluding connections establishing)
script statistics:
 - statement latencies in milliseconds:
         0.002  \set aid random(1, 100000 * :scale)
        40.275  SELECT abalance FROM pgbench_accounts WHERE aid = :aid;
avg-cpu:  %user   %nice %system %iowait  %steal   %idle
           1,23    0,00    0,73   32,91    0,00   65,14

Device:         rrqm/s   wrqm/s     r/s     w/s    rkB/s    wkB/s avgrq-sz avgqu-sz   await r_await w_await  svctm  %util
sdb               0,03     6,06  276,99    1,97  2593,73    34,47    18,84    22,83   81,82   68,13 2010,60   2,42  67,47
sda               0,01     6,07  275,74    1,96  2569,24    34,47    18,75    19,38   69,75   61,90 1177,43   2,44  67,80
md0               0,00     0,00    0,10    5,14     0,40    20,58     8,00     0,00    0,00    0,00    0,00   0,00   0,00
md1               0,00     0,00    0,00    0,00     0,00     0,00     0,00     0,00    0,00    0,00    0,00   0,00   0,00
md2               0,00     0,00  552,70    1,70  5162,58    11,24    18,66     0,00    0,00    0,00    0,00   0,00   0,00
md3               0,00     0,00    0,00    0,10     0,00     0,40     8,00     0,00    0,00    0,00    0,00   0,00   0,00

Control File Changes
--- /usr/local/oldpgsql/2008-06-04-REL8_4_0~1603/before.controldata	2016-08-13 16:29:59.274997761 +0200
+++ /usr/local/oldpgsql/2008-06-04-REL8_4_0~1603/after.controldata	2016-08-13 16:31:30.258808791 +0200
@@ -5,4 +5,4 @@
-pg_control last modified:             Sat Aug 13 14:29:59 2016
-Latest checkpoint location:           0/876FD3C0
-Prior checkpoint location:            0/876FD378
-Latest checkpoint's REDO location:    0/876FD3C0
+pg_control last modified:             Sat Aug 13 14:31:30 2016
+Latest checkpoint location:           0/876FE988
+Prior checkpoint location:            0/876FD3C0
+Latest checkpoint's REDO location:    0/876FE988
@@ -10,2 +10,2 @@
-Latest checkpoint's NextXID:          0/87226
-Latest checkpoint's NextOID:          16471
+Latest checkpoint's NextXID:          0/87227
+Latest checkpoint's NextOID:          24663
@@ -14 +14 @@
-Time of latest checkpoint:            Sat Aug 13 14:29:58 2016
+Time of latest checkpoint:            Sat Aug 13 14:31:29 2016
size after pgbench of pgbench_branches: 272
size after pgbench of pgbench_accounts: 799172
size after pgbench of pgbench_branches_pkey: 32
size after pgbench of pgbench_tellers_pkey: 136
size after pgbench of pgbench_tellers: 376
size after pgbench of pgbench_accounts_pkey: 658092
size after pgbench of pgbench_history: 0
total size after pgbench: 1458080
End Time: 2016-08-13 14:31:30+00:00
========================================================================
========================================================================
Testing 2008-06-04-REL8_4_0~1603
Start Time: 2016-08-13 15:11:39+00:00
Shared Buffers:  260000
size before pgbench of pgbench_branches: 272
size before pgbench of pgbench_accounts: 799172
size before pgbench of pgbench_branches_pkey: 32
size before pgbench of pgbench_tellers_pkey: 136
size before pgbench of pgbench_tellers: 376
size before pgbench of pgbench_accounts_pkey: 658092
size before pgbench of pgbench_history: 0
total size before pgbench: 1458080
Linux 3.16.0-4-amd64 (Debian-83-jessie-64-minimal) 	13.08.16 	_x86_64_	(8 CPU)

starting vacuum...end.
transaction type: <builtin: select only>
scaling factor: 300
query mode: simple
number of clients: 48
number of threads: 4
duration: 60 s
number of transactions actually processed: 71853
latency average: 40.082 ms
tps = 1193.807513 (including connections establishing)
tps = 1193.841359 (excluding connections establishing)
script statistics:
 - statement latencies in milliseconds:
         0.002  \set aid random(1, 100000 * :scale)
        40.132  SELECT abalance FROM pgbench_accounts WHERE aid = :aid;
avg-cpu:  %user   %nice %system %iowait  %steal   %idle
           1,18    0,00    0,78   31,93    0,00   66,10

Device:         rrqm/s   wrqm/s     r/s     w/s    rkB/s    wkB/s avgrq-sz avgqu-sz   await r_await w_await  svctm  %util
sdb               0,18     4,82  275,51    1,63  2568,49    27,16    18,73    16,53   59,64   53,51 1093,58   2,43  67,38
sda               0,47     4,84  280,16    1,61  2637,16    27,16    18,91    26,46   93,88   74,10 3532,44   2,41  67,85
md0               0,00     0,00    0,99    4,02     3,96    16,09     8,00     0,00    0,00    0,00    0,00   0,00   0,00
md1               0,00     0,00    0,00    0,00     0,00     0,00     0,00     0,00    0,00    0,00    0,00   0,00   0,00
md2               0,00     0,00  555,33    1,47  5201,69     8,76    18,72     0,00    0,00    0,00    0,00   0,00   0,00
md3               0,00     0,00    0,00    0,10     0,00     0,40     8,00     0,00    0,00    0,00    0,00   0,00   0,00

Control File Changes
--- /usr/local/oldpgsql/2008-06-04-REL8_4_0~1603/before.controldata	2016-08-13 17:12:17.761726350 +0200
+++ /usr/local/oldpgsql/2008-06-04-REL8_4_0~1603/after.controldata	2016-08-13 17:13:48.837537181 +0200
@@ -5,4 +5,4 @@
-pg_control last modified:             Sat Aug 13 15:12:17 2016
-Latest checkpoint location:           0/876FEA18
-Prior checkpoint location:            0/876FE9D0
-Latest checkpoint's REDO location:    0/876FEA18
+pg_control last modified:             Sat Aug 13 15:13:48 2016
+Latest checkpoint location:           0/87700080
+Prior checkpoint location:            0/876FEA18
+Latest checkpoint's REDO location:    0/87700080
@@ -10,2 +10,2 @@
-Latest checkpoint's NextXID:          0/87227
-Latest checkpoint's NextOID:          16472
+Latest checkpoint's NextXID:          0/87228
+Latest checkpoint's NextOID:          24664
@@ -14 +14 @@
-Time of latest checkpoint:            Sat Aug 13 15:12:17 2016
+Time of latest checkpoint:            Sat Aug 13 15:13:47 2016
size after pgbench of pgbench_branches: 272
size after pgbench of pgbench_accounts: 799172
size after pgbench of pgbench_branches_pkey: 32
size after pgbench of pgbench_tellers_pkey: 136
size after pgbench of pgbench_tellers: 376
size after pgbench of pgbench_accounts_pkey: 658092
size after pgbench of pgbench_history: 0
total size after pgbench: 1458080
End Time: 2016-08-13 15:13:48+00:00
========================================================================
========================================================================
Testing 2008-06-04-REL8_4_0~1603
Start Time: 2016-08-14 16:01:09+00:00
Shared Buffers:  260000
size before pgbench of pgbench_branches: 272
size before pgbench of pgbench_accounts: 799172
size before pgbench of pgbench_branches_pkey: 32
size before pgbench of pgbench_tellers_pkey: 136
size before pgbench of pgbench_tellers: 376
size before pgbench of pgbench_accounts_pkey: 658092
size before pgbench of pgbench_history: 0
total size before pgbench: 1458080
Linux 3.16.0-4-amd64 (Debian-83-jessie-64-minimal) 	14.08.16 	_x86_64_	(8 CPU)

starting vacuum...end.
transaction type: <builtin: TPC-B (sort of)>
scaling factor: 300
query mode: simple
number of clients: 32
number of threads: 4
duration: 900 s
number of transactions actually processed: 27600
latency average: 1043.478 ms
tps = 30.653303 (including connections establishing)
tps = 30.653359 (excluding connections establishing)
script statistics:
 - statement latencies in milliseconds:
         0.003  \set aid random(1, 100000 * :scale)
         0.001  \set bid random(1, 1 * :scale)
         0.001  \set tid random(1, 10 * :scale)
         0.001  \set delta random(-5000, 5000)
         0.136  BEGIN;
       487.156  UPDATE pgbench_accounts SET abalance = abalance + :delta WHERE aid = :aid;
         0.691  SELECT abalance FROM pgbench_accounts WHERE aid = :aid;
       185.661  UPDATE pgbench_tellers SET tbalance = tbalance + :delta WHERE tid = :tid;
       108.047  UPDATE pgbench_branches SET bbalance = bbalance + :delta WHERE bid = :bid;
        71.163  INSERT INTO pgbench_history (tid, bid, aid, delta, mtime) VALUES (:tid, :bid, :aid, :delta, CURRENT_TIMESTAMP);
       191.144  END;
avg-cpu:  %user   %nice %system %iowait  %steal   %idle
           0,38    0,00    0,23    9,32    0,00   90,07

Device:         rrqm/s   wrqm/s     r/s     w/s    rkB/s    wkB/s avgrq-sz avgqu-sz   await r_await w_await  svctm  %util
sdb               0,00     2,90    5,21  133,98    44,82   944,24    14,21    13,16   94,38   24,16   97,11   4,35  60,61
sda               0,01     2,89   20,75  134,01   174,13   944,48    14,46    15,31   98,93   31,33  109,40   5,49  84,99
md0               0,00     0,00    0,10    0,25     0,39     0,99     8,00     0,00    0,00    0,00    0,00   0,00   0,00
md1               0,00     0,00    0,00    0,00     0,00     0,00     0,00     0,00    0,00    0,00    0,00   0,00   0,00
md2               0,00     0,00   25,87  136,32   218,56   944,03    14,34     0,00    0,00    0,00    0,00   0,00   0,00
md3               0,00     0,00    0,00    0,01     0,00     0,04     8,00     0,00    0,00    0,00    0,00   0,00   0,00

Control File Changes
--- /usr/local/oldpgsql/2008-06-04-REL8_4_0~1603/before.controldata	2016-08-14 18:01:48.302025965 +0200
+++ /usr/local/oldpgsql/2008-06-04-REL8_4_0~1603/after.controldata	2016-08-14 18:18:21.664077723 +0200
@@ -5,4 +5,4 @@
-pg_control last modified:             Sun Aug 14 16:01:48 2016
-Latest checkpoint location:           0/87700110
-Prior checkpoint location:            0/877000C8
-Latest checkpoint's REDO location:    0/87700110
+pg_control last modified:             Sun Aug 14 16:18:21 2016
+Latest checkpoint location:           0/9F4AA010
+Prior checkpoint location:            0/9F4A9FB8
+Latest checkpoint's REDO location:    0/9F4AA010
@@ -10,2 +10,2 @@
-Latest checkpoint's NextXID:          0/87228
-Latest checkpoint's NextOID:          16473
+Latest checkpoint's NextXID:          0/114871
+Latest checkpoint's NextOID:          24665
@@ -14 +14 @@
-Time of latest checkpoint:            Sun Aug 14 16:01:47 2016
+Time of latest checkpoint:            Sun Aug 14 16:18:19 2016
size after pgbench of pgbench_branches: 272
size after pgbench of pgbench_accounts: 802260
size after pgbench of pgbench_branches_pkey: 32
size after pgbench of pgbench_tellers_pkey: 136
size after pgbench of pgbench_tellers: 376
size after pgbench of pgbench_accounts_pkey: 658092
size after pgbench of pgbench_history: 3080
total size after pgbench: 1464248
End Time: 2016-08-14 16:18:21+00:00
========================================================================
========================================================================
Testing 2008-06-04-REL8_4_0~1603
Start Time: 2016-08-19 03:37:45+00:00
Shared Buffers:  260000
size before pgbench of pgbench_branches: 272
size before pgbench of pgbench_accounts: 802260
size before pgbench of pgbench_branches_pkey: 32
size before pgbench of pgbench_tellers_pkey: 136
size before pgbench of pgbench_tellers: 376
size before pgbench of pgbench_accounts_pkey: 658092
size before pgbench of pgbench_history: 3080
total size before pgbench: 1464248
Linux 4.6.0-1-amd64 (Debian-83-jessie-64-minimal) 	19.08.16 	_x86_64_	(8 CPU)

starting vacuum...end.
transaction type: <builtin: TPC-B (sort of)>
scaling factor: 300
query mode: simple
number of clients: 32
number of threads: 4
duration: 900 s
number of transactions actually processed: 28186
latency average: 1021.784 ms
tps = 31.298921 (including connections establishing)
tps = 31.298975 (excluding connections establishing)
script statistics:
 - statement latencies in milliseconds:
         0.002  \set aid random(1, 100000 * :scale)
         0.001  \set bid random(1, 1 * :scale)
         0.001  \set tid random(1, 10 * :scale)
         0.001  \set delta random(-5000, 5000)
         0.127  BEGIN;
       470.949  UPDATE pgbench_accounts SET abalance = abalance + :delta WHERE aid = :aid;
         0.777  SELECT abalance FROM pgbench_accounts WHERE aid = :aid;
       179.596  UPDATE pgbench_tellers SET tbalance = tbalance + :delta WHERE tid = :tid;
       110.796  UPDATE pgbench_branches SET bbalance = bbalance + :delta WHERE bid = :bid;
        68.831  INSERT INTO pgbench_history (tid, bid, aid, delta, mtime) VALUES (:tid, :bid, :aid, :delta, CURRENT_TIMESTAMP);
       191.478  END;
avg-cpu:  %user   %nice %system %iowait  %steal   %idle
           0,38    0,00    0,27   20,27    0,00   79,08

Device:         rrqm/s   wrqm/s     r/s     w/s    rkB/s    wkB/s avgrq-sz avgqu-sz   await r_await w_await  svctm  %util
sdb               0,00     2,97    5,86  133,89    49,51   950,89    14,32    15,15  108,40   24,01  112,10   4,42  61,77
sda               0,01     2,98   20,52  133,89   174,91   950,89    14,58    13,81   89,41   31,08   98,35   5,39  83,26
md0               0,00     0,00    0,10    0,03     0,41     0,11     8,00     0,00    0,00    0,00    0,00   0,00   0,00
md1               0,00     0,00    0,00    0,00     0,00     0,00     0,00     0,00    0,00    0,00    0,00   0,00   0,00
md2               0,00     0,00   26,29  136,37   224,01   949,77    14,43     0,00    0,00    0,00    0,00   0,00   0,00
md3               0,00     0,00    0,00    0,01     0,00     0,04     8,00     0,00    0,00    0,00    0,00   0,00   0,00

Control File Changes
--- /usr/local/oldpgsql/2008-06-04-REL8_4_0~1603/before.controldata	2016-08-19 05:43:15.681500464 +0200
+++ /usr/local/oldpgsql/2008-06-04-REL8_4_0~1603/after.controldata	2016-08-19 05:59:27.875956843 +0200
@@ -5,4 +5,4 @@
-pg_control last modified:             Fri Aug 19 03:43:15 2016
-Latest checkpoint location:           0/AC25D828
-Prior checkpoint location:            0/AC25D7E0
-Latest checkpoint's REDO location:    0/AC25D828
+pg_control last modified:             Fri Aug 19 03:59:27 2016
+Latest checkpoint location:           0/C40646C8
+Prior checkpoint location:            0/C4064680
+Latest checkpoint's REDO location:    0/C40646C8
@@ -10,2 +10,2 @@
-Latest checkpoint's NextXID:          0/114871
-Latest checkpoint's NextOID:          16474
+Latest checkpoint's NextXID:          0/143099
+Latest checkpoint's NextOID:          24666
@@ -14 +14 @@
-Time of latest checkpoint:            Fri Aug 19 03:43:15 2016
+Time of latest checkpoint:            Fri Aug 19 03:59:27 2016
size after pgbench of pgbench_branches: 272
size after pgbench of pgbench_accounts: 805300
size after pgbench of pgbench_branches_pkey: 32
size after pgbench of pgbench_tellers_pkey: 136
size after pgbench of pgbench_tellers: 376
size after pgbench of pgbench_accounts_pkey: 658092
size after pgbench of pgbench_history: 3080
total size after pgbench: 1467288
End Time: 2016-08-19 03:59:27+00:00
========================================================================
========================================================================
Testing 2008-06-04-REL8_4_0~1603
Start Time: 2016-08-21 09:44:20+00:00
Shared Buffers:  260000
size before pgbench of pgbench_branches: 272
size before pgbench of pgbench_accounts: 805300
size before pgbench of pgbench_branches_pkey: 32
size before pgbench of pgbench_tellers_pkey: 136
size before pgbench of pgbench_tellers: 376
size before pgbench of pgbench_accounts_pkey: 658092
size before pgbench of pgbench_history: 3080
total size before pgbench: 1467288
Linux 4.6.0-1-amd64 (Debian-83-jessie-64-minimal) 	21.08.16 	_x86_64_	(8 CPU)

starting vacuum...end.
transaction type: <builtin: TPC-B (sort of)>
scaling factor: 300
query mode: simple
number of clients: 32
number of threads: 4
duration: 900 s
number of transactions actually processed: 25724
latency average: 1119.577 ms
tps = 28.573000 (including connections establishing)
tps = 28.573053 (excluding connections establishing)
script statistics:
 - statement latencies in milliseconds:
         0.002  \set aid random(1, 100000 * :scale)
         0.001  \set bid random(1, 1 * :scale)
         0.001  \set tid random(1, 10 * :scale)
         0.001  \set delta random(-5000, 5000)
         0.133  BEGIN;
       518.538  UPDATE pgbench_accounts SET abalance = abalance + :delta WHERE aid = :aid;
         0.906  SELECT abalance FROM pgbench_accounts WHERE aid = :aid;
       210.563  UPDATE pgbench_tellers SET tbalance = tbalance + :delta WHERE tid = :tid;
       119.691  UPDATE pgbench_branches SET bbalance = bbalance + :delta WHERE bid = :bid;
        72.654  INSERT INTO pgbench_history (tid, bid, aid, delta, mtime) VALUES (:tid, :bid, :aid, :delta, CURRENT_TIMESTAMP);
       197.218  END;
avg-cpu:  %user   %nice %system %iowait  %steal   %idle
           0,35    0,00    0,24   20,02    0,00   79,39

Device:         rrqm/s   wrqm/s     r/s     w/s    rkB/s    wkB/s avgrq-sz avgqu-sz   await r_await w_await  svctm  %util
sdb               0,00     3,09    5,52  117,77    46,43   842,44    14,42    12,75  103,18   26,68  106,77   5,15  63,49
sda               0,03     3,10   18,93  117,80   158,95   842,71    14,65    16,70  122,00   34,05  136,13   6,03  82,47
md0               0,00     0,00    0,12    0,00     0,48     0,00     8,00     0,00    0,00    0,00    0,00   0,00   0,00
md1               0,00     0,00    0,00    0,00     0,00     0,00     0,00     0,00    0,00    0,00    0,00   0,00   0,00
md2               0,00     0,00   24,36  121,65   204,90   851,54    14,47     0,00    0,00    0,00    0,00   0,00   0,00
md3               0,00     0,00    0,00    0,01     0,00     0,04     8,00     0,00    0,00    0,00    0,00   0,00   0,00

Control File Changes
--- /usr/local/oldpgsql/2008-06-04-REL8_4_0~1603/before.controldata	2016-08-21 11:50:20.581220245 +0200
+++ /usr/local/oldpgsql/2008-06-04-REL8_4_0~1603/after.controldata	2016-08-21 12:06:30.287314743 +0200
@@ -5,4 +5,4 @@
-pg_control last modified:             Sun Aug 21 09:50:20 2016
-Latest checkpoint location:           0/D129AB00
-Prior checkpoint location:            0/D129AAB8
-Latest checkpoint's REDO location:    0/D129AB00
+pg_control last modified:             Sun Aug 21 10:06:30 2016
+Latest checkpoint location:           0/E68CC6C8
+Prior checkpoint location:            0/E68CC680
+Latest checkpoint's REDO location:    0/E68CC6C8
@@ -10,2 +10,2 @@
-Latest checkpoint's NextXID:          0/143099
-Latest checkpoint's NextOID:          16475
+Latest checkpoint's NextXID:          0/168865
+Latest checkpoint's NextOID:          24667
@@ -14 +14 @@
-Time of latest checkpoint:            Sun Aug 21 09:50:18 2016
+Time of latest checkpoint:            Sun Aug 21 10:06:29 2016
size after pgbench of pgbench_branches: 272
size after pgbench of pgbench_accounts: 807892
size after pgbench of pgbench_branches_pkey: 32
size after pgbench of pgbench_tellers_pkey: 136
size after pgbench of pgbench_tellers: 376
size after pgbench of pgbench_accounts_pkey: 658092
size after pgbench of pgbench_history: 3336
total size after pgbench: 1470136
End Time: 2016-08-21 10:06:30+00:00
========================================================================
