ERROR:  table "pgbench_history" does not exist
(ignoring this error and continuing anyway)
ERROR:  table "pgbench_tellers" does not exist
(ignoring this error and continuing anyway)
ERROR:  table "pgbench_accounts" does not exist
(ignoring this error and continuing anyway)
ERROR:  table "pgbench_branches" does not exist
(ignoring this error and continuing anyway)
creating tables...
ERROR:  TRUNCATE TABLE cannot run inside a transaction block
starting vacuum...end.
transaction type: <builtin: TPC-B (sort of)>
scaling factor: 300
query mode: simple
number of clients: 32
number of threads: 4
duration: 60 s
number of transactions actually processed: 34458
latency average: 55.720 ms
tps = 573.988888 (including connections establishing)
tps = 574.015688 (excluding connections establishing)
script statistics:
 - statement latencies in milliseconds:
         0.001  \set aid random(1, 100000 * :scale)
         0.000  \set bid random(1, 1 * :scale)
         0.000  \set tid random(1, 10 * :scale)
         0.000  \set delta random(-5000, 5000)
         0.098  BEGIN;
         0.438  UPDATE pgbench_accounts SET abalance = abalance + :delta WHERE aid = :aid;
         0.179  SELECT abalance FROM pgbench_accounts WHERE aid = :aid;
         7.852  UPDATE pgbench_tellers SET tbalance = tbalance + :delta WHERE tid = :tid;
         5.392  UPDATE pgbench_branches SET bbalance = bbalance + :delta WHERE bid = :bid;
         0.197  INSERT INTO pgbench_history (tid, bid, aid, delta, mtime) VALUES (:tid, :bid, :aid, :delta, CURRENT_TIMESTAMP);
        41.635  END;
starting vacuum...end.
transaction type: <builtin: TPC-B (sort of)>
scaling factor: 300
query mode: simple
number of clients: 32
number of threads: 4
duration: 60 s
number of transactions actually processed: 31714
latency average: 60.541 ms
tps = 528.265089 (including connections establishing)
tps = 528.290405 (excluding connections establishing)
script statistics:
 - statement latencies in milliseconds:
         0.001  \set aid random(1, 100000 * :scale)
         0.000  \set bid random(1, 1 * :scale)
         0.000  \set tid random(1, 10 * :scale)
         0.000  \set delta random(-5000, 5000)
         0.093  BEGIN;
         0.419  UPDATE pgbench_accounts SET abalance = abalance + :delta WHERE aid = :aid;
         0.150  SELECT abalance FROM pgbench_accounts WHERE aid = :aid;
        10.571  UPDATE pgbench_tellers SET tbalance = tbalance + :delta WHERE tid = :tid;
         7.962  UPDATE pgbench_branches SET bbalance = bbalance + :delta WHERE bid = :bid;
         0.197  INSERT INTO pgbench_history (tid, bid, aid, delta, mtime) VALUES (:tid, :bid, :aid, :delta, CURRENT_TIMESTAMP);
        41.197  END;
starting vacuum...end.
transaction type: <builtin: TPC-B (sort of)>
scaling factor: 300
query mode: simple
number of clients: 32
number of threads: 4
duration: 60 s
number of transactions actually processed: 28867
latency average: 66.512 ms
tps = 480.972696 (including connections establishing)
tps = 480.996892 (excluding connections establishing)
script statistics:
 - statement latencies in milliseconds:
         0.001  \set aid random(1, 100000 * :scale)
         0.000  \set bid random(1, 1 * :scale)
         0.000  \set tid random(1, 10 * :scale)
         0.000  \set delta random(-5000, 5000)
         0.131  BEGIN;
         0.511  UPDATE pgbench_accounts SET abalance = abalance + :delta WHERE aid = :aid;
         0.186  SELECT abalance FROM pgbench_accounts WHERE aid = :aid;
        13.304  UPDATE pgbench_tellers SET tbalance = tbalance + :delta WHERE tid = :tid;
        10.274  UPDATE pgbench_branches SET bbalance = bbalance + :delta WHERE bid = :bid;
         0.164  INSERT INTO pgbench_history (tid, bid, aid, delta, mtime) VALUES (:tid, :bid, :aid, :delta, CURRENT_TIMESTAMP);
        42.001  END;
starting vacuum...end.
transaction type: <builtin: TPC-B (sort of)>
scaling factor: 300
query mode: simple
number of clients: 32
number of threads: 4
duration: 300 s
number of transactions actually processed: 112750
latency average: 85.144 ms
tps = 375.718182 (including connections establishing)
tps = 375.721931 (excluding connections establishing)
script statistics:
 - statement latencies in milliseconds:
         0.001  \set aid random(1, 100000 * :scale)
         0.000  \set bid random(1, 1 * :scale)
         0.000  \set tid random(1, 10 * :scale)
         0.000  \set delta random(-5000, 5000)
         0.169  BEGIN;
         0.537  UPDATE pgbench_accounts SET abalance = abalance + :delta WHERE aid = :aid;
         0.216  SELECT abalance FROM pgbench_accounts WHERE aid = :aid;
        24.837  UPDATE pgbench_tellers SET tbalance = tbalance + :delta WHERE tid = :tid;
        18.449  UPDATE pgbench_branches SET bbalance = bbalance + :delta WHERE bid = :bid;
         0.240  INSERT INTO pgbench_history (tid, bid, aid, delta, mtime) VALUES (:tid, :bid, :aid, :delta, CURRENT_TIMESTAMP);
        40.753  END;
starting vacuum...end.
starting vacuum...end.
transaction type: <builtin: TPC-B (sort of)>
scaling factor: 300
query mode: simple
number of clients: 32
number of threads: 4
duration: 900 s
number of transactions actually processed: 139252
latency average: 206.819 ms
tps = 154.686244 (including connections establishing)
tps = 154.686736 (excluding connections establishing)
script statistics:
 - statement latencies in milliseconds:
         0.001  \set aid random(1, 100000 * :scale)
         0.000  \set bid random(1, 1 * :scale)
         0.000  \set tid random(1, 10 * :scale)
         0.000  \set delta random(-5000, 5000)
         0.121  BEGIN;
         0.400  UPDATE pgbench_accounts SET abalance = abalance + :delta WHERE aid = :aid;
         0.173  SELECT abalance FROM pgbench_accounts WHERE aid = :aid;
        89.677  UPDATE pgbench_tellers SET tbalance = tbalance + :delta WHERE tid = :tid;
        78.070  UPDATE pgbench_branches SET bbalance = bbalance + :delta WHERE bid = :bid;
         0.320  INSERT INTO pgbench_history (tid, bid, aid, delta, mtime) VALUES (:tid, :bid, :aid, :delta, CURRENT_TIMESTAMP);
        38.194  END;
========================================================================
Initializing 2002-11-18-REL7_4~2373 (scale 300)
Start Time: 2016-07-30 01:00:56+00:00
creating tables...
ERROR:  TRUNCATE TABLE cannot run inside a transaction block
End Time: 2016-07-30 01:00:58+00:00
========================================================================
========================================================================
Initializing 2002-11-18-REL7_4~2373 (scale 300)
Start Time: 2016-08-06 03:03:48+00:00
creating tables...
ERROR:  TRUNCATE TABLE cannot run inside a transaction block
End Time: 2016-08-06 03:03:50+00:00
========================================================================
========================================================================
Initializing 2002-11-18-REL7_4~2373 (scale 300)
Start Time: 2016-08-08 13:43:29+00:00
creating tables...
ERROR:  TRUNCATE TABLE cannot run inside a transaction block
End Time: 2016-08-08 13:43:30+00:00
========================================================================
========================================================================
Testing 2002-11-18-REL7_4~2373
Start Time: 2016-08-08 22:57:52+00:00
Shared Buffers:  260000
========================================================================
Initializing 2002-11-18-REL7_4~2373 (scale 300)
Start Time: 2016-08-08 22:57:54+00:00
creating tables...
ERROR:  TRUNCATE TABLE cannot run inside a transaction block
End Time: 2016-08-08 22:57:55+00:00
========================================================================
========================================================================
Testing 2002-11-18-REL7_4~2373
Start Time: 2016-08-10 11:03:14+00:00
Shared Buffers:  260000
========================================================================
Initializing 2002-11-18-REL7_4~2373 (scale 300)
Start Time: 2016-08-10 11:03:15+00:00
creating tables...
100000 of 30000000 tuples (0%) done (elapsed 14.80 s, remaining 4426.20 s)
200000 of 30000000 tuples (0%) done (elapsed 32.82 s, remaining 4890.56 s)
300000 of 30000000 tuples (1%) done (elapsed 50.06 s, remaining 4956.28 s)
400000 of 30000000 tuples (1%) done (elapsed 65.13 s, remaining 4819.34 s)
500000 of 30000000 tuples (1%) done (elapsed 82.70 s, remaining 4879.20 s)
600000 of 30000000 tuples (2%) done (elapsed 100.15 s, remaining 4907.16 s)
700000 of 30000000 tuples (2%) done (elapsed 115.63 s, remaining 4839.99 s)
800000 of 30000000 tuples (2%) done (elapsed 133.18 s, remaining 4860.92 s)
900000 of 30000000 tuples (3%) done (elapsed 150.77 s, remaining 4874.99 s)
1000000 of 30000000 tuples (3%) done (elapsed 167.15 s, remaining 4847.36 s)
1100000 of 30000000 tuples (3%) done (elapsed 183.98 s, remaining 4833.73 s)
1200000 of 30000000 tuples (4%) done (elapsed 200.99 s, remaining 4823.65 s)
1300000 of 30000000 tuples (4%) done (elapsed 217.78 s, remaining 4807.96 s)
1400000 of 30000000 tuples (4%) done (elapsed 234.79 s, remaining 4796.37 s)
1500000 of 30000000 tuples (5%) done (elapsed 251.56 s, remaining 4779.69 s)
1600000 of 30000000 tuples (5%) done (elapsed 268.66 s, remaining 4768.66 s)
1700000 of 30000000 tuples (5%) done (elapsed 285.44 s, remaining 4751.73 s)
1800000 of 30000000 tuples (6%) done (elapsed 303.43 s, remaining 4753.76 s)
1900000 of 30000000 tuples (6%) done (elapsed 324.33 s, remaining 4796.62 s)
2000000 of 30000000 tuples (6%) done (elapsed 341.17 s, remaining 4776.39 s)
2100000 of 30000000 tuples (7%) done (elapsed 358.27 s, remaining 4759.93 s)
2200000 of 30000000 tuples (7%) done (elapsed 375.23 s, remaining 4741.53 s)
2300000 of 30000000 tuples (7%) done (elapsed 392.52 s, remaining 4727.37 s)
2400000 of 30000000 tuples (8%) done (elapsed 409.47 s, remaining 4708.85 s)
2500000 of 30000000 tuples (8%) done (elapsed 426.61 s, remaining 4692.74 s)
2600000 of 30000000 tuples (8%) done (elapsed 443.60 s, remaining 4674.86 s)
2700000 of 30000000 tuples (9%) done (elapsed 460.79 s, remaining 4659.12 s)
2800000 of 30000000 tuples (9%) done (elapsed 477.78 s, remaining 4641.29 s)
2900000 of 30000000 tuples (9%) done (elapsed 494.90 s, remaining 4624.71 s)
3000000 of 30000000 tuples (10%) done (elapsed 511.75 s, remaining 4605.79 s)
3100000 of 30000000 tuples (10%) done (elapsed 528.77 s, remaining 4588.38 s)
3200000 of 30000000 tuples (10%) done (elapsed 545.69 s, remaining 4570.13 s)
3300000 of 30000000 tuples (11%) done (elapsed 562.75 s, remaining 4553.14 s)
3400000 of 30000000 tuples (11%) done (elapsed 579.68 s, remaining 4535.15 s)
3500000 of 30000000 tuples (11%) done (elapsed 596.49 s, remaining 4516.31 s)
3600000 of 30000000 tuples (12%) done (elapsed 613.54 s, remaining 4499.26 s)
3700000 of 30000000 tuples (12%) done (elapsed 634.78 s, remaining 4512.05 s)
3800000 of 30000000 tuples (12%) done (elapsed 657.24 s, remaining 4531.49 s)
3900000 of 30000000 tuples (13%) done (elapsed 676.47 s, remaining 4527.14 s)
4000000 of 30000000 tuples (13%) done (elapsed 693.16 s, remaining 4505.56 s)
4100000 of 30000000 tuples (13%) done (elapsed 710.47 s, remaining 4488.09 s)
4200000 of 30000000 tuples (14%) done (elapsed 727.08 s, remaining 4466.33 s)
4300000 of 30000000 tuples (14%) done (elapsed 744.23 s, remaining 4448.05 s)
4400000 of 30000000 tuples (14%) done (elapsed 760.87 s, remaining 4426.88 s)
4500000 of 30000000 tuples (15%) done (elapsed 777.83 s, remaining 4407.70 s)
4600000 of 30000000 tuples (15%) done (elapsed 794.41 s, remaining 4386.52 s)
4700000 of 30000000 tuples (15%) done (elapsed 811.46 s, remaining 4368.08 s)
4800000 of 30000000 tuples (16%) done (elapsed 828.13 s, remaining 4347.70 s)
4900000 of 30000000 tuples (16%) done (elapsed 845.21 s, remaining 4329.56 s)
5000000 of 30000000 tuples (16%) done (elapsed 861.99 s, remaining 4309.94 s)
5100000 of 30000000 tuples (17%) done (elapsed 879.05 s, remaining 4291.82 s)
5200000 of 30000000 tuples (17%) done (elapsed 895.68 s, remaining 4271.72 s)
5300000 of 30000000 tuples (17%) done (elapsed 912.85 s, remaining 4254.25 s)
5400000 of 30000000 tuples (18%) done (elapsed 929.59 s, remaining 4234.79 s)
5500000 of 30000000 tuples (18%) done (elapsed 946.55 s, remaining 4216.44 s)
5600000 of 30000000 tuples (18%) done (elapsed 963.21 s, remaining 4196.85 s)
5700000 of 30000000 tuples (19%) done (elapsed 982.52 s, remaining 4188.64 s)
5800000 of 30000000 tuples (19%) done (elapsed 999.09 s, remaining 4168.61 s)
5900000 of 30000000 tuples (19%) done (elapsed 1016.15 s, remaining 4150.73 s)
6000000 of 30000000 tuples (20%) done (elapsed 1032.89 s, remaining 4131.57 s)
6100000 of 30000000 tuples (20%) done (elapsed 1050.02 s, remaining 4114.02 s)
6200000 of 30000000 tuples (20%) done (elapsed 1066.87 s, remaining 4095.42 s)
6300000 of 30000000 tuples (21%) done (elapsed 1084.06 s, remaining 4078.15 s)
6400000 of 30000000 tuples (21%) done (elapsed 1100.71 s, remaining 4058.88 s)
6500000 of 30000000 tuples (21%) done (elapsed 1117.58 s, remaining 4040.49 s)
6600000 of 30000000 tuples (22%) done (elapsed 1134.42 s, remaining 4022.02 s)
6700000 of 30000000 tuples (22%) done (elapsed 1151.40 s, remaining 4004.13 s)
6800000 of 30000000 tuples (22%) done (elapsed 1168.36 s, remaining 3986.16 s)
6900000 of 30000000 tuples (23%) done (elapsed 1185.16 s, remaining 3967.70 s)
7000000 of 30000000 tuples (23%) done (elapsed 1202.33 s, remaining 3950.50 s)
7100000 of 30000000 tuples (23%) done (elapsed 1219.19 s, remaining 3932.33 s)
7200000 of 30000000 tuples (24%) done (elapsed 1235.95 s, remaining 3913.85 s)
7300000 of 30000000 tuples (24%) done (elapsed 1252.96 s, remaining 3896.19 s)
7400000 of 30000000 tuples (24%) done (elapsed 1270.18 s, remaining 3879.18 s)
7500000 of 30000000 tuples (25%) done (elapsed 1289.28 s, remaining 3867.85 s)
7600000 of 30000000 tuples (25%) done (elapsed 1306.09 s, remaining 3849.53 s)
7700000 of 30000000 tuples (25%) done (elapsed 1323.09 s, remaining 3831.82 s)
7800000 of 30000000 tuples (26%) done (elapsed 1339.85 s, remaining 3813.43 s)
7900000 of 30000000 tuples (26%) done (elapsed 1357.09 s, remaining 3796.41 s)
8000000 of 30000000 tuples (26%) done (elapsed 1374.25 s, remaining 3779.19 s)
8100000 of 30000000 tuples (27%) done (elapsed 1391.09 s, remaining 3761.08 s)
8200000 of 30000000 tuples (27%) done (elapsed 1407.78 s, remaining 3742.64 s)
8300000 of 30000000 tuples (27%) done (elapsed 1425.10 s, remaining 3725.87 s)
8400000 of 30000000 tuples (28%) done (elapsed 1441.99 s, remaining 3707.98 s)
8500000 of 30000000 tuples (28%) done (elapsed 1458.93 s, remaining 3690.22 s)
8600000 of 30000000 tuples (28%) done (elapsed 1475.71 s, remaining 3672.11 s)
8700000 of 30000000 tuples (29%) done (elapsed 1492.54 s, remaining 3654.14 s)
8800000 of 30000000 tuples (29%) done (elapsed 1509.81 s, remaining 3637.28 s)
8900000 of 30000000 tuples (29%) done (elapsed 1526.62 s, remaining 3619.29 s)
9000000 of 30000000 tuples (30%) done (elapsed 1543.64 s, remaining 3601.82 s)
9100000 of 30000000 tuples (30%) done (elapsed 1560.29 s, remaining 3583.51 s)
9200000 of 30000000 tuples (30%) done (elapsed 1577.04 s, remaining 3565.48 s)
9300000 of 30000000 tuples (31%) done (elapsed 1599.07 s, remaining 3559.22 s)
9400000 of 30000000 tuples (31%) done (elapsed 1624.00 s, remaining 3558.99 s)
9500000 of 30000000 tuples (31%) done (elapsed 1646.26 s, remaining 3552.46 s)
9600000 of 30000000 tuples (32%) done (elapsed 1663.02 s, remaining 3533.92 s)
9700000 of 30000000 tuples (32%) done (elapsed 1680.92 s, remaining 3517.81 s)
9800000 of 30000000 tuples (32%) done (elapsed 1697.94 s, remaining 3499.83 s)
9900000 of 30000000 tuples (33%) done (elapsed 1714.94 s, remaining 3481.85 s)
10000000 of 30000000 tuples (33%) done (elapsed 1730.61 s, remaining 3461.23 s)
10100000 of 30000000 tuples (33%) done (elapsed 1749.17 s, remaining 3446.39 s)
10200000 of 30000000 tuples (34%) done (elapsed 1765.46 s, remaining 3427.07 s)
10300000 of 30000000 tuples (34%) done (elapsed 1781.87 s, remaining 3408.05 s)
10400000 of 30000000 tuples (34%) done (elapsed 1798.09 s, remaining 3388.71 s)
10500000 of 30000000 tuples (35%) done (elapsed 1816.51 s, remaining 3373.52 s)
10600000 of 30000000 tuples (35%) done (elapsed 1833.00 s, remaining 3354.74 s)
10700000 of 30000000 tuples (35%) done (elapsed 1849.52 s, remaining 3336.05 s)
10800000 of 30000000 tuples (36%) done (elapsed 1867.53 s, remaining 3320.04 s)
10900000 of 30000000 tuples (36%) done (elapsed 1884.11 s, remaining 3301.51 s)
11000000 of 30000000 tuples (36%) done (elapsed 1900.45 s, remaining 3282.60 s)
11100000 of 30000000 tuples (37%) done (elapsed 1916.96 s, remaining 3264.01 s)
11200000 of 30000000 tuples (37%) done (elapsed 1934.96 s, remaining 3247.96 s)
11300000 of 30000000 tuples (37%) done (elapsed 1954.19 s, remaining 3233.92 s)
11400000 of 30000000 tuples (38%) done (elapsed 1971.04 s, remaining 3215.91 s)
11500000 of 30000000 tuples (38%) done (elapsed 1988.92 s, remaining 3199.57 s)
11600000 of 30000000 tuples (38%) done (elapsed 2005.76 s, remaining 3181.55 s)
11700000 of 30000000 tuples (39%) done (elapsed 2022.22 s, remaining 3162.96 s)
11800000 of 30000000 tuples (39%) done (elapsed 2038.76 s, remaining 3144.53 s)
11900000 of 30000000 tuples (39%) done (elapsed 2056.81 s, remaining 3128.43 s)
12000000 of 30000000 tuples (40%) done (elapsed 2073.48 s, remaining 3110.21 s)
12100000 of 30000000 tuples (40%) done (elapsed 2089.73 s, remaining 3091.42 s)
12200000 of 30000000 tuples (40%) done (elapsed 2106.72 s, remaining 3073.74 s)
12300000 of 30000000 tuples (41%) done (elapsed 2125.12 s, remaining 3058.10 s)
12400000 of 30000000 tuples (41%) done (elapsed 2141.72 s, remaining 3039.86 s)
12500000 of 30000000 tuples (41%) done (elapsed 2158.17 s, remaining 3021.44 s)
12600000 of 30000000 tuples (42%) done (elapsed 2176.45 s, remaining 3005.57 s)
12700000 of 30000000 tuples (42%) done (elapsed 2193.06 s, remaining 2987.40 s)
12800000 of 30000000 tuples (42%) done (elapsed 2209.52 s, remaining 2969.04 s)
12900000 of 30000000 tuples (43%) done (elapsed 2226.35 s, remaining 2951.21 s)
13000000 of 30000000 tuples (43%) done (elapsed 2244.19 s, remaining 2934.70 s)
13100000 of 30000000 tuples (43%) done (elapsed 2264.28 s, remaining 2921.10 s)
13200000 of 30000000 tuples (44%) done (elapsed 2280.64 s, remaining 2902.63 s)
13300000 of 30000000 tuples (44%) done (elapsed 2298.91 s, remaining 2886.60 s)
13400000 of 30000000 tuples (44%) done (elapsed 2315.19 s, remaining 2868.07 s)
13500000 of 30000000 tuples (45%) done (elapsed 2331.72 s, remaining 2849.88 s)
13600000 of 30000000 tuples (45%) done (elapsed 2348.09 s, remaining 2831.52 s)
13700000 of 30000000 tuples (45%) done (elapsed 2366.28 s, remaining 2815.35 s)
13800000 of 30000000 tuples (46%) done (elapsed 2383.36 s, remaining 2797.86 s)
13900000 of 30000000 tuples (46%) done (elapsed 2400.09 s, remaining 2779.97 s)
14000000 of 30000000 tuples (46%) done (elapsed 2418.12 s, remaining 2763.56 s)
14100000 of 30000000 tuples (47%) done (elapsed 2434.84 s, remaining 2745.68 s)
14200000 of 30000000 tuples (47%) done (elapsed 2451.84 s, remaining 2728.11 s)
14300000 of 30000000 tuples (47%) done (elapsed 2468.49 s, remaining 2710.16 s)
14400000 of 30000000 tuples (48%) done (elapsed 2486.87 s, remaining 2694.11 s)
14500000 of 30000000 tuples (48%) done (elapsed 2503.42 s, remaining 2676.07 s)
14600000 of 30000000 tuples (48%) done (elapsed 2519.97 s, remaining 2658.06 s)
14700000 of 30000000 tuples (49%) done (elapsed 2536.35 s, remaining 2639.88 s)
14800000 of 30000000 tuples (49%) done (elapsed 2554.53 s, remaining 2623.57 s)
14900000 of 30000000 tuples (49%) done (elapsed 2575.11 s, remaining 2609.67 s)
15000000 of 30000000 tuples (50%) done (elapsed 2593.03 s, remaining 2593.03 s)
15100000 of 30000000 tuples (50%) done (elapsed 2610.87 s, remaining 2576.29 s)
15200000 of 30000000 tuples (50%) done (elapsed 2627.87 s, remaining 2558.72 s)
15300000 of 30000000 tuples (51%) done (elapsed 2644.08 s, remaining 2540.39 s)
15400000 of 30000000 tuples (51%) done (elapsed 2660.52 s, remaining 2522.31 s)
15500000 of 30000000 tuples (51%) done (elapsed 2678.78 s, remaining 2505.95 s)
15600000 of 30000000 tuples (52%) done (elapsed 2695.21 s, remaining 2487.88 s)
15700000 of 30000000 tuples (52%) done (elapsed 2711.86 s, remaining 2470.04 s)
15800000 of 30000000 tuples (52%) done (elapsed 2729.85 s, remaining 2453.41 s)
15900000 of 30000000 tuples (53%) done (elapsed 2746.42 s, remaining 2435.50 s)
16000000 of 30000000 tuples (53%) done (elapsed 2762.79 s, remaining 2417.44 s)
16100000 of 30000000 tuples (53%) done (elapsed 2779.28 s, remaining 2399.50 s)
16200000 of 30000000 tuples (54%) done (elapsed 2797.16 s, remaining 2382.77 s)
16300000 of 30000000 tuples (54%) done (elapsed 2813.54 s, remaining 2364.76 s)
16400000 of 30000000 tuples (54%) done (elapsed 2829.80 s, remaining 2346.67 s)
16500000 of 30000000 tuples (55%) done (elapsed 2846.51 s, remaining 2328.97 s)
16600000 of 30000000 tuples (55%) done (elapsed 2864.46 s, remaining 2312.27 s)
16700000 of 30000000 tuples (55%) done (elapsed 2881.44 s, remaining 2294.80 s)
16800000 of 30000000 tuples (56%) done (elapsed 2902.76 s, remaining 2280.74 s)
16900000 of 30000000 tuples (56%) done (elapsed 2920.70 s, remaining 2263.97 s)
17000000 of 30000000 tuples (56%) done (elapsed 2937.56 s, remaining 2246.37 s)
17100000 of 30000000 tuples (57%) done (elapsed 2953.94 s, remaining 2228.41 s)
17200000 of 30000000 tuples (57%) done (elapsed 2970.52 s, remaining 2210.62 s)
17300000 of 30000000 tuples (57%) done (elapsed 2988.40 s, remaining 2193.79 s)
17400000 of 30000000 tuples (58%) done (elapsed 3004.98 s, remaining 2176.02 s)
17500000 of 30000000 tuples (58%) done (elapsed 3021.22 s, remaining 2158.01 s)
17600000 of 30000000 tuples (58%) done (elapsed 3039.70 s, remaining 2141.61 s)
17700000 of 30000000 tuples (59%) done (elapsed 3056.31 s, remaining 2123.87 s)
17800000 of 30000000 tuples (59%) done (elapsed 3072.97 s, remaining 2106.19 s)
17900000 of 30000000 tuples (59%) done (elapsed 3089.32 s, remaining 2088.31 s)
18000000 of 30000000 tuples (60%) done (elapsed 3107.68 s, remaining 2071.79 s)
18100000 of 30000000 tuples (60%) done (elapsed 3124.06 s, remaining 2053.94 s)
18200000 of 30000000 tuples (60%) done (elapsed 3140.64 s, remaining 2036.24 s)
18300000 of 30000000 tuples (61%) done (elapsed 3158.80 s, remaining 2019.56 s)
18400000 of 30000000 tuples (61%) done (elapsed 3175.33 s, remaining 2001.84 s)
18500000 of 30000000 tuples (61%) done (elapsed 3191.99 s, remaining 1984.21 s)
18600000 of 30000000 tuples (62%) done (elapsed 3213.98 s, remaining 1969.86 s)
18700000 of 30000000 tuples (62%) done (elapsed 3234.51 s, remaining 1954.54 s)
18800000 of 30000000 tuples (62%) done (elapsed 3250.70 s, remaining 1936.59 s)
18900000 of 30000000 tuples (63%) done (elapsed 3267.88 s, remaining 1919.23 s)
19000000 of 30000000 tuples (63%) done (elapsed 3284.25 s, remaining 1901.41 s)
19100000 of 30000000 tuples (63%) done (elapsed 3302.42 s, remaining 1884.63 s)
19200000 of 30000000 tuples (64%) done (elapsed 3318.97 s, remaining 1866.92 s)
19300000 of 30000000 tuples (64%) done (elapsed 3335.50 s, remaining 1849.22 s)
19400000 of 30000000 tuples (64%) done (elapsed 3353.48 s, remaining 1832.31 s)
19500000 of 30000000 tuples (65%) done (elapsed 3369.98 s, remaining 1814.60 s)
19600000 of 30000000 tuples (65%) done (elapsed 3386.13 s, remaining 1796.72 s)
19700000 of 30000000 tuples (65%) done (elapsed 3402.85 s, remaining 1779.16 s)
19800000 of 30000000 tuples (66%) done (elapsed 3420.83 s, remaining 1762.25 s)
19900000 of 30000000 tuples (66%) done (elapsed 3437.65 s, remaining 1744.74 s)
20000000 of 30000000 tuples (66%) done (elapsed 3454.11 s, remaining 1727.05 s)
20100000 of 30000000 tuples (67%) done (elapsed 3472.19 s, remaining 1710.18 s)
20200000 of 30000000 tuples (67%) done (elapsed 3488.83 s, remaining 1692.60 s)
20300000 of 30000000 tuples (67%) done (elapsed 3505.41 s, remaining 1675.00 s)
20400000 of 30000000 tuples (68%) done (elapsed 3521.82 s, remaining 1657.33 s)
20500000 of 30000000 tuples (68%) done (elapsed 3547.52 s, remaining 1643.97 s)
20600000 of 30000000 tuples (68%) done (elapsed 3568.25 s, remaining 1628.23 s)
20700000 of 30000000 tuples (69%) done (elapsed 3584.94 s, remaining 1610.63 s)
20800000 of 30000000 tuples (69%) done (elapsed 3603.23 s, remaining 1593.73 s)
20900000 of 30000000 tuples (69%) done (elapsed 3619.87 s, remaining 1576.12 s)
21000000 of 30000000 tuples (70%) done (elapsed 3636.62 s, remaining 1558.55 s)
21100000 of 30000000 tuples (70%) done (elapsed 3653.20 s, remaining 1540.92 s)
21200000 of 30000000 tuples (70%) done (elapsed 3671.48 s, remaining 1524.01 s)
21300000 of 30000000 tuples (71%) done (elapsed 3687.92 s, remaining 1506.33 s)
21400000 of 30000000 tuples (71%) done (elapsed 3704.77 s, remaining 1488.83 s)
21500000 of 30000000 tuples (71%) done (elapsed 3721.23 s, remaining 1471.19 s)
21600000 of 30000000 tuples (72%) done (elapsed 3739.84 s, remaining 1454.38 s)
21700000 of 30000000 tuples (72%) done (elapsed 3756.79 s, remaining 1436.93 s)
21800000 of 30000000 tuples (72%) done (elapsed 3773.28 s, remaining 1419.31 s)
21900000 of 30000000 tuples (73%) done (elapsed 3791.53 s, remaining 1402.35 s)
22000000 of 30000000 tuples (73%) done (elapsed 3808.03 s, remaining 1384.74 s)
22100000 of 30000000 tuples (73%) done (elapsed 3824.57 s, remaining 1367.15 s)
22200000 of 30000000 tuples (74%) done (elapsed 3841.35 s, remaining 1349.66 s)
22300000 of 30000000 tuples (74%) done (elapsed 3859.85 s, remaining 1332.77 s)
22400000 of 30000000 tuples (74%) done (elapsed 3878.79 s, remaining 1316.02 s)
22500000 of 30000000 tuples (75%) done (elapsed 3895.27 s, remaining 1298.42 s)
22600000 of 30000000 tuples (75%) done (elapsed 3913.64 s, remaining 1281.46 s)
22700000 of 30000000 tuples (75%) done (elapsed 3929.95 s, remaining 1263.82 s)
22800000 of 30000000 tuples (76%) done (elapsed 3946.67 s, remaining 1246.32 s)
22900000 of 30000000 tuples (76%) done (elapsed 3963.27 s, remaining 1228.79 s)
23000000 of 30000000 tuples (76%) done (elapsed 3981.42 s, remaining 1211.74 s)
23100000 of 30000000 tuples (77%) done (elapsed 3997.86 s, remaining 1194.17 s)
23200000 of 30000000 tuples (77%) done (elapsed 4014.31 s, remaining 1176.61 s)
23300000 of 30000000 tuples (77%) done (elapsed 4037.70 s, remaining 1161.06 s)
23400000 of 30000000 tuples (78%) done (elapsed 4054.86 s, remaining 1143.68 s)
23500000 of 30000000 tuples (78%) done (elapsed 4071.23 s, remaining 1126.08 s)
23600000 of 30000000 tuples (78%) done (elapsed 4087.87 s, remaining 1108.58 s)
23700000 of 30000000 tuples (79%) done (elapsed 4105.90 s, remaining 1091.44 s)
23800000 of 30000000 tuples (79%) done (elapsed 4122.79 s, remaining 1074.00 s)
23900000 of 30000000 tuples (79%) done (elapsed 4139.69 s, remaining 1056.57 s)
24000000 of 30000000 tuples (80%) done (elapsed 4156.29 s, remaining 1039.07 s)
24100000 of 30000000 tuples (80%) done (elapsed 4174.19 s, remaining 1021.90 s)
24200000 of 30000000 tuples (80%) done (elapsed 4191.05 s, remaining 1004.47 s)
24300000 of 30000000 tuples (81%) done (elapsed 4207.32 s, remaining 986.90 s)
24400000 of 30000000 tuples (81%) done (elapsed 4225.82 s, remaining 969.86 s)
24500000 of 30000000 tuples (81%) done (elapsed 4242.64 s, remaining 952.43 s)
24600000 of 30000000 tuples (82%) done (elapsed 4259.04 s, remaining 934.91 s)
24700000 of 30000000 tuples (82%) done (elapsed 4275.83 s, remaining 917.49 s)
24800000 of 30000000 tuples (82%) done (elapsed 4294.32 s, remaining 900.42 s)
24900000 of 30000000 tuples (83%) done (elapsed 4310.97 s, remaining 882.97 s)
25000000 of 30000000 tuples (83%) done (elapsed 4327.22 s, remaining 865.44 s)
25100000 of 30000000 tuples (83%) done (elapsed 4348.65 s, remaining 848.94 s)
25200000 of 30000000 tuples (84%) done (elapsed 4365.41 s, remaining 831.51 s)
25300000 of 30000000 tuples (84%) done (elapsed 4382.24 s, remaining 814.09 s)
25400000 of 30000000 tuples (84%) done (elapsed 4398.77 s, remaining 796.63 s)
25500000 of 30000000 tuples (85%) done (elapsed 4416.93 s, remaining 779.46 s)
25600000 of 30000000 tuples (85%) done (elapsed 4433.64 s, remaining 762.03 s)
25700000 of 30000000 tuples (85%) done (elapsed 4450.35 s, remaining 744.61 s)
25800000 of 30000000 tuples (86%) done (elapsed 4466.85 s, remaining 727.16 s)
25900000 of 30000000 tuples (86%) done (elapsed 4485.28 s, remaining 710.03 s)
26000000 of 30000000 tuples (86%) done (elapsed 4502.11 s, remaining 692.63 s)
26100000 of 30000000 tuples (87%) done (elapsed 4518.89 s, remaining 675.24 s)
26200000 of 30000000 tuples (87%) done (elapsed 4537.37 s, remaining 658.09 s)
26300000 of 30000000 tuples (87%) done (elapsed 4554.32 s, remaining 640.72 s)
26400000 of 30000000 tuples (88%) done (elapsed 4570.92 s, remaining 623.31 s)
26500000 of 30000000 tuples (88%) done (elapsed 4587.47 s, remaining 605.89 s)
26600000 of 30000000 tuples (88%) done (elapsed 4605.93 s, remaining 588.73 s)
26700000 of 30000000 tuples (89%) done (elapsed 4622.34 s, remaining 571.30 s)
26800000 of 30000000 tuples (89%) done (elapsed 4638.83 s, remaining 553.89 s)
26900000 of 30000000 tuples (89%) done (elapsed 4659.12 s, remaining 536.92 s)
27000000 of 30000000 tuples (90%) done (elapsed 4683.20 s, remaining 520.36 s)
27100000 of 30000000 tuples (90%) done (elapsed 4704.97 s, remaining 503.48 s)
27200000 of 30000000 tuples (90%) done (elapsed 4726.63 s, remaining 486.57 s)
27300000 of 30000000 tuples (91%) done (elapsed 4748.03 s, remaining 469.59 s)
27400000 of 30000000 tuples (91%) done (elapsed 4770.56 s, remaining 452.68 s)
27500000 of 30000000 tuples (91%) done (elapsed 4791.40 s, remaining 435.58 s)
27600000 of 30000000 tuples (92%) done (elapsed 4809.27 s, remaining 418.20 s)
27700000 of 30000000 tuples (92%) done (elapsed 4826.77 s, remaining 400.78 s)
27800000 of 30000000 tuples (92%) done (elapsed 4843.35 s, remaining 383.29 s)
27900000 of 30000000 tuples (93%) done (elapsed 4861.23 s, remaining 365.90 s)
28000000 of 30000000 tuples (93%) done (elapsed 4879.19 s, remaining 348.51 s)
28100000 of 30000000 tuples (93%) done (elapsed 4895.68 s, remaining 331.02 s)
28200000 of 30000000 tuples (94%) done (elapsed 4912.22 s, remaining 313.55 s)
28300000 of 30000000 tuples (94%) done (elapsed 4928.76 s, remaining 296.07 s)
28400000 of 30000000 tuples (94%) done (elapsed 4947.34 s, remaining 278.72 s)
28500000 of 30000000 tuples (95%) done (elapsed 4963.93 s, remaining 261.26 s)
28600000 of 30000000 tuples (95%) done (elapsed 4980.29 s, remaining 243.79 s)
28700000 of 30000000 tuples (95%) done (elapsed 4998.69 s, remaining 226.42 s)
28800000 of 30000000 tuples (96%) done (elapsed 5015.53 s, remaining 208.98 s)
28900000 of 30000000 tuples (96%) done (elapsed 5032.26 s, remaining 191.54 s)
29000000 of 30000000 tuples (96%) done (elapsed 5048.70 s, remaining 174.09 s)
29100000 of 30000000 tuples (97%) done (elapsed 5066.81 s, remaining 156.71 s)
29200000 of 30000000 tuples (97%) done (elapsed 5083.25 s, remaining 139.27 s)
29300000 of 30000000 tuples (97%) done (elapsed 5103.35 s, remaining 121.92 s)
29400000 of 30000000 tuples (98%) done (elapsed 5122.84 s, remaining 104.55 s)
29500000 of 30000000 tuples (98%) done (elapsed 5139.40 s, remaining 87.11 s)
29600000 of 30000000 tuples (98%) done (elapsed 5155.92 s, remaining 69.67 s)
29700000 of 30000000 tuples (99%) done (elapsed 5172.53 s, remaining 52.25 s)
29800000 of 30000000 tuples (99%) done (elapsed 5190.50 s, remaining 34.84 s)
29900000 of 30000000 tuples (99%) done (elapsed 5207.02 s, remaining 17.41 s)
30000000 of 30000000 tuples (100%) done (elapsed 5223.33 s, remaining 0.00 s)
vacuum...
set primary keys...
NOTICE:  ALTER TABLE / ADD PRIMARY KEY will create implicit index 'pgbench_branches_pkey' for table 'pgbench_branches'
NOTICE:  ALTER TABLE / ADD PRIMARY KEY will create implicit index 'pgbench_tellers_pkey' for table 'pgbench_tellers'
NOTICE:  ALTER TABLE / ADD PRIMARY KEY will create implicit index 'pgbench_accounts_pkey' for table 'pgbench_accounts'
done.
End Time: 2016-08-10 12:30:51+00:00
========================================================================
size before pgbench of pgbench_history: 0
size before pgbench of pgbench_branches_pkey: 16
size before pgbench of pgbench_branches: 16
size before pgbench of pgbench_tellers_pkey: 88
size before pgbench of pgbench_tellers: 160
size before pgbench of pgbench_accounts_pkey: 658088
size before pgbench of pgbench_accounts: 992212
total size before pgbench: 1650580
Linux 3.16.0-4-amd64 (Debian-83-jessie-64-minimal) 	10.08.16 	_x86_64_	(8 CPU)

starting vacuum...end.
transaction type: <builtin: select only>
scaling factor: 300
query mode: simple
number of clients: 32
number of threads: 4
duration: 60 s
number of transactions actually processed: 494542
latency average: 3.882 ms
tps = 8237.703440 (including connections establishing)
tps = 8239.106062 (excluding connections establishing)
script statistics:
 - statement latencies in milliseconds:
         0.001  \set aid random(1, 100000 * :scale)
         3.875  SELECT abalance FROM pgbench_accounts WHERE aid = :aid;
avg-cpu:  %user   %nice %system %iowait  %steal   %idle
          46,80    0,00    3,43    0,02    0,00   49,75

Device:         rrqm/s   wrqm/s     r/s     w/s    rkB/s    wkB/s avgrq-sz avgqu-sz   await r_await w_await  svctm  %util
sdb               0,00     0,98    0,00    3,29     0,00    13,48     8,20     0,05   13,86    0,00   13,86  11,88   3,91
sda               0,00     0,98    0,02    3,29     0,09    13,48     8,19     0,05   14,05    6,00   14,11  12,13   4,02
md0               0,00     0,00    0,00    0,00     0,00     0,00     0,00     0,00    0,00    0,00    0,00   0,00   0,00
md1               0,00     0,00    0,00    0,00     0,00     0,00     0,00     0,00    0,00    0,00    0,00   0,00   0,00
md2               0,00     0,00    0,02    2,17     0,09     9,29     8,57     0,00    0,00    0,00    0,00   0,00   0,00
md3               0,00     0,00    0,00    0,11     0,00     0,44     8,00     0,00    0,00    0,00    0,00   0,00   0,00

Control File Changes
--- /usr/local/oldpgsql/2002-11-18-REL7_4~2373/before.controldata	2016-08-10 14:31:23.818147876 +0200
+++ /usr/local/oldpgsql/2002-11-18-REL7_4~2373/after.controldata	2016-08-10 14:32:56.358325275 +0200
@@ -4 +4 @@
-pg_control last modified:             Wed Aug 10 12:31:23 2016
+pg_control last modified:             Wed Aug 10 12:32:56 2016
@@ -7,3 +7,3 @@
-Latest checkpoint location:           1/40CA84F8
-Prior checkpoint location:            1/3A0EA010
-Latest checkpoint's REDO location:    1/40CA84F8
+Latest checkpoint location:           1/40CA8798
+Prior checkpoint location:            1/40CA84F8
+Latest checkpoint's REDO location:    1/40CA8798
@@ -12 +12 @@
-Latest checkpoint's NextXID:          820417
+Latest checkpoint's NextXID:          1315069
@@ -14 +14 @@
-Time of latest checkpoint:            Wed Aug 10 12:31:21 2016
+Time of latest checkpoint:            Wed Aug 10 12:32:53 2016
size after pgbench of pgbench_history: 0
size after pgbench of pgbench_branches_pkey: 16
size after pgbench of pgbench_branches: 16
size after pgbench of pgbench_tellers_pkey: 88
size after pgbench of pgbench_tellers: 160
size after pgbench of pgbench_accounts_pkey: 658092
size after pgbench of pgbench_accounts: 992212
total size after pgbench: 1650584
End Time: 2016-08-10 12:32:56+00:00
========================================================================
========================================================================
Testing 2002-11-18-REL7_4~2373
Start Time: 2016-08-11 02:52:10+00:00
Shared Buffers:  260000
size before pgbench of pgbench_history: 0
size before pgbench of pgbench_branches_pkey: 16
size before pgbench of pgbench_branches: 16
size before pgbench of pgbench_tellers_pkey: 88
size before pgbench of pgbench_tellers: 160
size before pgbench of pgbench_accounts_pkey: 658092
size before pgbench of pgbench_accounts: 992212
total size before pgbench: 1650584
Linux 3.16.0-4-amd64 (Debian-83-jessie-64-minimal) 	11.08.16 	_x86_64_	(8 CPU)

starting vacuum...end.
transaction type: <builtin: select only>
scaling factor: 300
query mode: simple
number of clients: 32
number of threads: 4
duration: 60 s
number of transactions actually processed: 64949
latency average: 29.562 ms
tps = 1081.025624 (including connections establishing)
tps = 1081.217728 (excluding connections establishing)
script statistics:
 - statement latencies in milliseconds:
         0.001  \set aid random(1, 100000 * :scale)
        29.530  SELECT abalance FROM pgbench_accounts WHERE aid = :aid;
avg-cpu:  %user   %nice %system %iowait  %steal   %idle
           4,01    0,00    0,57   31,39    0,00   64,04

Device:         rrqm/s   wrqm/s     r/s     w/s    rkB/s    wkB/s avgrq-sz avgqu-sz   await r_await w_await  svctm  %util
sdb               0,01     0,47  259,90    1,57  2373,33     6,58    18,20    13,74   52,55   44,91 1320,00   2,57  67,21
sda               0,10     0,48  257,69    1,56  2371,02     6,58    18,34    13,32   51,38   42,27 1561,26   2,58  66,84
md0               0,00     0,00    0,20    0,02     0,80     0,09     8,00     0,00    0,00    0,00    0,00   0,00   0,00
md1               0,00     0,00    0,00    0,00     0,00     0,00     0,00     0,00    0,00    0,00    0,00   0,00   0,00
md2               0,00     0,00  517,50    0,97  4743,56     3,96    18,31     0,00    0,00    0,00    0,00   0,00   0,00
md3               0,00     0,00    0,00    0,10     0,00     0,40     8,00     0,00    0,00    0,00    0,00   0,00   0,00

Control File Changes
--- /usr/local/oldpgsql/2002-11-18-REL7_4~2373/before.controldata	2016-08-11 04:52:54.907295353 +0200
+++ /usr/local/oldpgsql/2002-11-18-REL7_4~2373/after.controldata	2016-08-11 04:54:27.671462768 +0200
@@ -4 +4 @@
-pg_control last modified:             Thu Aug 11 02:52:10 2016
+pg_control last modified:             Thu Aug 11 02:54:27 2016
@@ -7,3 +7,3 @@
-Latest checkpoint location:           1/40CA87E0
-Prior checkpoint location:            1/40CA8798
-Latest checkpoint's REDO location:    1/40CA87E0
+Latest checkpoint location:           1/40CA8878
+Prior checkpoint location:            1/40CA87E0
+Latest checkpoint's REDO location:    1/40CA8878
@@ -11,2 +11,2 @@
-Latest checkpoint's StartUpID:        33
-Latest checkpoint's NextXID:          1315072
+Latest checkpoint's StartUpID:        34
+Latest checkpoint's NextXID:          1380179
@@ -14 +14 @@
-Time of latest checkpoint:            Wed Aug 10 12:32:57 2016
+Time of latest checkpoint:            Thu Aug 11 02:54:24 2016
size after pgbench of pgbench_history: 0
size after pgbench of pgbench_branches_pkey: 16
size after pgbench of pgbench_branches: 16
size after pgbench of pgbench_tellers_pkey: 88
size after pgbench of pgbench_tellers: 160
size after pgbench of pgbench_accounts_pkey: 658092
size after pgbench of pgbench_accounts: 992212
total size after pgbench: 1650584
End Time: 2016-08-11 02:54:27+00:00
========================================================================
========================================================================
Testing 2002-11-18-REL7_4~2373
Start Time: 2016-08-12 01:13:34+00:00
Shared Buffers:  260000
size before pgbench of pgbench_history: 0
size before pgbench of pgbench_branches_pkey: 16
size before pgbench of pgbench_branches: 16
size before pgbench of pgbench_tellers_pkey: 88
size before pgbench of pgbench_tellers: 160
size before pgbench of pgbench_accounts_pkey: 658092
size before pgbench of pgbench_accounts: 992212
total size before pgbench: 1650584
Linux 3.16.0-4-amd64 (Debian-83-jessie-64-minimal) 	12.08.16 	_x86_64_	(8 CPU)

starting vacuum...end.
transaction type: <builtin: select only>
scaling factor: 300
query mode: simple
number of clients: 32
number of threads: 4
duration: 60 s
number of transactions actually processed: 68938
latency average: 27.851 ms
tps = 1147.380738 (including connections establishing)
tps = 1147.582319 (excluding connections establishing)
script statistics:
 - statement latencies in milliseconds:
         0.001  \set aid random(1, 100000 * :scale)
        27.835  SELECT abalance FROM pgbench_accounts WHERE aid = :aid;
avg-cpu:  %user   %nice %system %iowait  %steal   %idle
           4,14    0,00    0,53   32,05    0,00   63,28

Device:         rrqm/s   wrqm/s     r/s     w/s    rkB/s    wkB/s avgrq-sz avgqu-sz   await r_await w_await  svctm  %util
sdb               0,00     0,60  269,01    1,33  2486,22     6,81    18,44    19,60   72,49   46,45 5326,17   2,49  67,34
sda               0,77     0,60  271,16    1,33  2502,67     6,81    18,42    15,39   56,48   40,43 3319,63   2,48  67,58
md0               0,00     0,00    1,84    0,00     7,38     0,00     8,00     0,00    0,00    0,00    0,00   0,00   0,00
md1               0,00     0,00    0,00    0,00     0,00     0,00     0,00     0,00    0,00    0,00    0,00   0,00   0,00
md2               0,00     0,00  539,10    1,19  4981,51     4,84    18,46     0,00    0,00    0,00    0,00   0,00   0,00
md3               0,00     0,00    0,00    0,10     0,00     0,40     8,00     0,00    0,00    0,00    0,00   0,00   0,00

Control File Changes
--- /usr/local/oldpgsql/2002-11-18-REL7_4~2373/before.controldata	2016-08-12 03:14:20.874674559 +0200
+++ /usr/local/oldpgsql/2002-11-18-REL7_4~2373/after.controldata	2016-08-12 03:15:53.810940862 +0200
@@ -4 +4 @@
-pg_control last modified:             Fri Aug 12 01:13:34 2016
+pg_control last modified:             Fri Aug 12 01:15:53 2016
@@ -7,3 +7,3 @@
-Latest checkpoint location:           1/40CA88C0
-Prior checkpoint location:            1/40CA8878
-Latest checkpoint's REDO location:    1/40CA88C0
+Latest checkpoint location:           1/40CA8958
+Prior checkpoint location:            1/40CA88C0
+Latest checkpoint's REDO location:    1/40CA8958
@@ -11,2 +11,2 @@
-Latest checkpoint's StartUpID:        34
-Latest checkpoint's NextXID:          1380182
+Latest checkpoint's StartUpID:        35
+Latest checkpoint's NextXID:          1449278
@@ -14 +14 @@
-Time of latest checkpoint:            Thu Aug 11 02:54:29 2016
+Time of latest checkpoint:            Fri Aug 12 01:15:50 2016
size after pgbench of pgbench_history: 0
size after pgbench of pgbench_branches_pkey: 16
size after pgbench of pgbench_branches: 16
size after pgbench of pgbench_tellers_pkey: 88
size after pgbench of pgbench_tellers: 160
size after pgbench of pgbench_accounts_pkey: 658092
size after pgbench of pgbench_accounts: 992212
total size after pgbench: 1650584
End Time: 2016-08-12 01:15:53+00:00
========================================================================
========================================================================
Testing 2002-11-18-REL7_4~2373
Start Time: 2016-08-12 15:39:32+00:00
Shared Buffers:  260000
size before pgbench of pgbench_history: 0
size before pgbench of pgbench_branches_pkey: 16
size before pgbench of pgbench_branches: 16
size before pgbench of pgbench_tellers_pkey: 88
size before pgbench of pgbench_tellers: 160
size before pgbench of pgbench_accounts_pkey: 658092
size before pgbench of pgbench_accounts: 992212
total size before pgbench: 1650584
+ /usr/local/pgsql/bin/pgbench -T 60 -S -c 64 -j 4 -r
Linux 3.16.0-4-amd64 (Debian-83-jessie-64-minimal) 	12.08.16 	_x86_64_	(8 CPU)

starting vacuum...end.
connection to database "" failed:
FATAL:  Sorry, too many clients already
connection to database "" failed:
FATAL:  Sorry, too many clients already
transaction type: <builtin: select only>
scaling factor: 300
query mode: simple
number of clients: 64
number of threads: 4
duration: 60 s
number of transactions actually processed: 70624
latency average: 54.372 ms
tps = 1175.131402 (including connections establishing)
tps = 1175.217126 (excluding connections establishing)
script statistics:
 - statement latencies in milliseconds:
         0.001  \set aid random(1, 100000 * :scale)
        27.141  SELECT abalance FROM pgbench_accounts WHERE aid = :aid;
avg-cpu:  %user   %nice %system %iowait  %steal   %idle
           4,24    0,00    0,57   30,09    0,00   65,11

Device:         rrqm/s   wrqm/s     r/s     w/s    rkB/s    wkB/s avgrq-sz avgqu-sz   await r_await w_await  svctm  %util
sdb               0,00     0,57  273,37    0,97  2522,76     5,33    18,43    13,38   48,76   45,54  957,66   2,44  66,89
sda               0,03     0,57  272,64    0,97  2535,33     5,37    18,57    16,64   60,80   40,77 5708,60   2,42  66,09
md0               0,00     0,00    0,18    0,12     0,71     0,49     8,00     0,00    0,00    0,00    0,00   0,00   0,00
md1               0,00     0,00    0,00    0,00     0,00     0,00     0,00     0,00    0,00    0,00    0,00   0,00   0,00
md2               0,00     0,00  545,87    0,97  5057,38     4,00    18,51     0,00    0,00    0,00    0,00   0,00   0,00
md3               0,00     0,00    0,00    0,00     0,00     0,00     0,00     0,00    0,00    0,00    0,00   0,00   0,00

Control File Changes
--- /usr/local/oldpgsql/2002-11-18-REL7_4~2373/before.controldata	2016-08-12 17:40:15.828056349 +0200
+++ /usr/local/oldpgsql/2002-11-18-REL7_4~2373/after.controldata	2016-08-12 17:41:48.608680209 +0200
@@ -4 +4 @@
-pg_control last modified:             Fri Aug 12 15:39:32 2016
+pg_control last modified:             Fri Aug 12 15:41:48 2016
@@ -7,3 +7,3 @@
-Latest checkpoint location:           1/40CA89A0
-Prior checkpoint location:            1/40CA8958
-Latest checkpoint's REDO location:    1/40CA89A0
+Latest checkpoint location:           1/40CA8A38
+Prior checkpoint location:            1/40CA89A0
+Latest checkpoint's REDO location:    1/40CA8A38
@@ -11,2 +11,2 @@
-Latest checkpoint's StartUpID:        35
-Latest checkpoint's NextXID:          1449281
+Latest checkpoint's StartUpID:        36
+Latest checkpoint's NextXID:          1520117
@@ -14 +14 @@
-Time of latest checkpoint:            Fri Aug 12 01:15:55 2016
+Time of latest checkpoint:            Fri Aug 12 15:41:45 2016
size after pgbench of pgbench_history: 0
size after pgbench of pgbench_branches_pkey: 16
size after pgbench of pgbench_branches: 16
size after pgbench of pgbench_tellers_pkey: 88
size after pgbench of pgbench_tellers: 160
size after pgbench of pgbench_accounts_pkey: 658092
size after pgbench of pgbench_accounts: 992212
total size after pgbench: 1650584
End Time: 2016-08-12 15:41:48+00:00
========================================================================
========================================================================
Testing 2002-11-18-REL7_4~2373
Start Time: 2016-08-12 23:21:02+00:00
Shared Buffers:  260000
size before pgbench of pgbench_history: 0
size before pgbench of pgbench_branches_pkey: 16
size before pgbench of pgbench_branches: 16
size before pgbench of pgbench_tellers_pkey: 88
size before pgbench of pgbench_tellers: 160
size before pgbench of pgbench_accounts_pkey: 658092
size before pgbench of pgbench_accounts: 992212
total size before pgbench: 1650584
+ /usr/local/pgsql/bin/pgbench -T 60 -S -c 64 -j 4 -r
Linux 3.16.0-4-amd64 (Debian-83-jessie-64-minimal) 	13.08.16 	_x86_64_	(8 CPU)

starting vacuum...end.
connection to database "" failed:
FATAL:  Sorry, too many clients already
connection to database "" failed:
FATAL:  Sorry, too many clients already
connection to database "" failed:
FATAL:  Sorry, too many clients already
transaction type: <builtin: select only>
scaling factor: 300
query mode: simple
number of clients: 64
number of threads: 4
duration: 60 s
number of transactions actually processed: 52759
latency average: 72.784 ms
tps = 878.176866 (including connections establishing)
tps = 878.206369 (excluding connections establishing)
script statistics:
 - statement latencies in milliseconds:
         0.002  \set aid random(1, 100000 * :scale)
        18.165  SELECT abalance FROM pgbench_accounts WHERE aid = :aid;
avg-cpu:  %user   %nice %system %iowait  %steal   %idle
           3,86    0,00    0,56   32,24    0,00   63,34

Device:         rrqm/s   wrqm/s     r/s     w/s    rkB/s    wkB/s avgrq-sz avgqu-sz   await r_await w_await  svctm  %util
sdb               0,00     0,41  223,93    1,41  2012,36     5,82    17,91     6,45   28,62   25,36  545,39   2,96  66,78
sda               0,54     0,41  222,08    1,41  2000,22     5,82    17,95     5,60   25,07   23,66  247,31   3,00  67,09
md0               0,00     0,00    0,73    0,00     2,93     0,00     8,00     0,00    0,00    0,00    0,00   0,00   0,00
md1               0,00     0,00    0,00    0,00     0,00     0,00     0,00     0,00    0,00    0,00    0,00   0,00   0,00
md2               0,00     0,00  445,81    0,83  4009,38     3,38    17,97     0,00    0,00    0,00    0,00   0,00   0,00
md3               0,00     0,00    0,00    0,10     0,00     0,40     8,00     0,00    0,00    0,00    0,00   0,00   0,00

Control File Changes
--- /usr/local/oldpgsql/2002-11-18-REL7_4~2373/before.controldata	2016-08-13 01:21:47.346841217 +0200
+++ /usr/local/oldpgsql/2002-11-18-REL7_4~2373/after.controldata	2016-08-13 01:23:20.255098098 +0200
@@ -4 +4 @@
-pg_control last modified:             Fri Aug 12 23:21:03 2016
+pg_control last modified:             Fri Aug 12 23:23:20 2016
@@ -7,3 +7,3 @@
-Latest checkpoint location:           1/40CA8A80
-Prior checkpoint location:            1/40CA8A38
-Latest checkpoint's REDO location:    1/40CA8A80
+Latest checkpoint location:           1/40CA8B18
+Prior checkpoint location:            1/40CA8A80
+Latest checkpoint's REDO location:    1/40CA8B18
@@ -11,2 +11,2 @@
-Latest checkpoint's StartUpID:        36
-Latest checkpoint's NextXID:          1520120
+Latest checkpoint's StartUpID:        37
+Latest checkpoint's NextXID:          1573070
@@ -14 +14 @@
-Time of latest checkpoint:            Fri Aug 12 15:41:49 2016
+Time of latest checkpoint:            Fri Aug 12 23:23:17 2016
size after pgbench of pgbench_history: 0
size after pgbench of pgbench_branches_pkey: 16
size after pgbench of pgbench_branches: 16
size after pgbench of pgbench_tellers_pkey: 88
size after pgbench of pgbench_tellers: 160
size after pgbench of pgbench_accounts_pkey: 658092
size after pgbench of pgbench_accounts: 992212
total size after pgbench: 1650584
End Time: 2016-08-12 23:23:20+00:00
========================================================================
========================================================================
Testing 2002-11-18-REL7_4~2373
Start Time: 2016-08-13 01:18:34+00:00
Shared Buffers:  260000
size before pgbench of pgbench_history: 0
size before pgbench of pgbench_branches_pkey: 16
size before pgbench of pgbench_branches: 16
size before pgbench of pgbench_tellers_pkey: 88
size before pgbench of pgbench_tellers: 160
size before pgbench of pgbench_accounts_pkey: 658092
size before pgbench of pgbench_accounts: 992212
total size before pgbench: 1650584
Linux 3.16.0-4-amd64 (Debian-83-jessie-64-minimal) 	13.08.16 	_x86_64_	(8 CPU)

starting vacuum...end.
connection to database "" failed:
FATAL:  Sorry, too many clients already
connection to database "" failed:
FATAL:  Sorry, too many clients already
connection to database "" failed:
FATAL:  Sorry, too many clients already
transaction type: <builtin: select only>
scaling factor: 300
query mode: simple
number of clients: 48
number of threads: 4
duration: 60 s
number of transactions actually processed: 45806
latency average: 62.874 ms
tps = 762.798139 (including connections establishing)
tps = 762.825491 (excluding connections establishing)
script statistics:
 - statement latencies in milliseconds:
         0.002  \set aid random(1, 100000 * :scale)
        15.693  SELECT abalance FROM pgbench_accounts WHERE aid = :aid;
avg-cpu:  %user   %nice %system %iowait  %steal   %idle
           3,67    0,00    0,52   30,52    0,00   65,29

Device:         rrqm/s   wrqm/s     r/s     w/s    rkB/s    wkB/s avgrq-sz avgqu-sz   await r_await w_await  svctm  %util
sdb               0,00     0,44  197,70    1,66  1753,24     6,52    17,65     4,17   20,90   20,10  115,76   3,36  66,88
sda               0,03     0,44  202,47    1,66  1796,93     6,52    17,67     4,22   20,69   19,66  145,85   3,28  67,05
md0               0,00     0,00    0,04    0,00     0,18     0,00     8,00     0,00    0,00    0,00    0,00   0,00   0,00
md1               0,00     0,00    0,00    0,00     0,00     0,00     0,00     0,00    0,00    0,00    0,00   0,00   0,00
md2               0,00     0,00  400,16    0,91  3550,00     3,69    17,72     0,00    0,00    0,00    0,00   0,00   0,00
md3               0,00     0,00    0,00    0,10     0,00     0,40     8,00     0,00    0,00    0,00    0,00   0,00   0,00

Control File Changes
--- /usr/local/oldpgsql/2002-11-18-REL7_4~2373/before.controldata	2016-08-13 03:19:20.821769643 +0200
+++ /usr/local/oldpgsql/2002-11-18-REL7_4~2373/after.controldata	2016-08-13 03:20:53.698025543 +0200
@@ -4 +4 @@
-pg_control last modified:             Sat Aug 13 01:18:35 2016
+pg_control last modified:             Sat Aug 13 01:20:53 2016
@@ -7,3 +7,3 @@
-Latest checkpoint location:           1/40CA8B60
-Prior checkpoint location:            1/40CA8B18
-Latest checkpoint's REDO location:    1/40CA8B60
+Latest checkpoint location:           1/40CA8BD0
+Prior checkpoint location:            1/40CA8B60
+Latest checkpoint's REDO location:    1/40CA8BD0
@@ -11,2 +11,2 @@
-Latest checkpoint's StartUpID:        37
-Latest checkpoint's NextXID:          1573073
+Latest checkpoint's StartUpID:        38
+Latest checkpoint's NextXID:          1619061
@@ -14 +14 @@
-Time of latest checkpoint:            Fri Aug 12 23:23:21 2016
+Time of latest checkpoint:            Sat Aug 13 01:20:50 2016
size after pgbench of pgbench_history: 0
size after pgbench of pgbench_branches_pkey: 16
size after pgbench of pgbench_branches: 16
size after pgbench of pgbench_tellers_pkey: 88
size after pgbench of pgbench_tellers: 160
size after pgbench of pgbench_accounts_pkey: 658092
size after pgbench of pgbench_accounts: 992212
total size after pgbench: 1650584
End Time: 2016-08-13 01:20:53+00:00
========================================================================
========================================================================
Testing 2002-11-18-REL7_4~2373
Start Time: 2016-08-13 10:02:46+00:00
Shared Buffers:  260000
size before pgbench of pgbench_history: 0
size before pgbench of pgbench_branches_pkey: 16
size before pgbench of pgbench_branches: 16
size before pgbench of pgbench_tellers_pkey: 88
size before pgbench of pgbench_tellers: 160
size before pgbench of pgbench_accounts_pkey: 658092
size before pgbench of pgbench_accounts: 992212
total size before pgbench: 1650584
Linux 3.16.0-4-amd64 (Debian-83-jessie-64-minimal) 	13.08.16 	_x86_64_	(8 CPU)

starting vacuum...end.
connection to database "" failed:
FATAL:  Sorry, too many clients already
connection to database "" failed:
FATAL:  Sorry, too many clients already
transaction type: <builtin: select only>
scaling factor: 300
query mode: simple
number of clients: 48
number of threads: 4
duration: 60 s
number of transactions actually processed: 61087
latency average: 47.146 ms
tps = 1017.099787 (including connections establishing)
tps = 1017.181061 (excluding connections establishing)
script statistics:
 - statement latencies in milliseconds:
         0.001  \set aid random(1, 100000 * :scale)
        23.533  SELECT abalance FROM pgbench_accounts WHERE aid = :aid;
avg-cpu:  %user   %nice %system %iowait  %steal   %idle
           3,96    0,00    0,52   31,03    0,00   64,48

Device:         rrqm/s   wrqm/s     r/s     w/s    rkB/s    wkB/s avgrq-sz avgqu-sz   await r_await w_await  svctm  %util
sdb               0,00     0,39  248,87    1,62  2278,09     6,32    18,24    12,58   50,23   36,41 2170,52   2,68  67,23
sda               0,06     0,39  247,71    1,62  2278,49     6,32    18,33    10,67   42,78   31,95 1696,60   2,71  67,47
md0               0,00     0,00    0,57    0,00     2,27     0,00     8,00     0,00    0,00    0,00    0,00   0,00   0,00
md1               0,00     0,00    0,00    0,00     0,00     0,00     0,00     0,00    0,00    0,00    0,00   0,00   0,00
md2               0,00     0,00  496,09    0,88  4554,40     3,60    18,34     0,00    0,00    0,00    0,00   0,00   0,00
md3               0,00     0,00    0,00    0,11     0,00     0,44     8,00     0,00    0,00    0,00    0,00   0,00   0,00

Control File Changes
--- /usr/local/oldpgsql/2002-11-18-REL7_4~2373/before.controldata	2016-08-13 12:03:31.682364700 +0200
+++ /usr/local/oldpgsql/2002-11-18-REL7_4~2373/after.controldata	2016-08-13 12:05:04.626575116 +0200
@@ -4 +4 @@
-pg_control last modified:             Sat Aug 13 10:02:46 2016
+pg_control last modified:             Sat Aug 13 10:05:04 2016
@@ -7,3 +7,3 @@
-Latest checkpoint location:           1/40CA8C18
-Prior checkpoint location:            1/40CA8BD0
-Latest checkpoint's REDO location:    1/40CA8C18
+Latest checkpoint location:           1/40CA8CB0
+Prior checkpoint location:            1/40CA8C18
+Latest checkpoint's REDO location:    1/40CA8CB0
@@ -11,2 +11,2 @@
-Latest checkpoint's StartUpID:        38
-Latest checkpoint's NextXID:          1619064
+Latest checkpoint's StartUpID:        39
+Latest checkpoint's NextXID:          1680330
@@ -14 +14 @@
-Time of latest checkpoint:            Sat Aug 13 01:20:55 2016
+Time of latest checkpoint:            Sat Aug 13 10:05:01 2016
size after pgbench of pgbench_history: 0
size after pgbench of pgbench_branches_pkey: 16
size after pgbench of pgbench_branches: 16
size after pgbench of pgbench_tellers_pkey: 88
size after pgbench of pgbench_tellers: 160
size after pgbench of pgbench_accounts_pkey: 658092
size after pgbench of pgbench_accounts: 992212
total size after pgbench: 1650584
End Time: 2016-08-13 10:05:04+00:00
========================================================================
========================================================================
Testing 2002-11-18-REL7_4~2373
Start Time: 2016-08-14 05:14:57+00:00
Shared Buffers:  260000
size before pgbench of pgbench_history: 0
size before pgbench of pgbench_branches_pkey: 16
size before pgbench of pgbench_branches: 16
size before pgbench of pgbench_tellers_pkey: 88
size before pgbench of pgbench_tellers: 160
size before pgbench of pgbench_accounts_pkey: 658092
size before pgbench of pgbench_accounts: 992212
total size before pgbench: 1650584
Linux 3.16.0-4-amd64 (Debian-83-jessie-64-minimal) 	14.08.16 	_x86_64_	(8 CPU)

starting vacuum...end.
transaction type: <builtin: TPC-B (sort of)>
scaling factor: 300
query mode: simple
number of clients: 32
number of threads: 4
duration: 900 s
number of transactions actually processed: 27540
latency average: 1045.752 ms
tps = 30.581054 (including connections establishing)
tps = 30.581391 (excluding connections establishing)
script statistics:
 - statement latencies in milliseconds:
         0.003  \set aid random(1, 100000 * :scale)
         0.001  \set bid random(1, 1 * :scale)
         0.001  \set tid random(1, 10 * :scale)
         0.001  \set delta random(-5000, 5000)
         0.134  BEGIN;
       493.448  UPDATE pgbench_accounts SET abalance = abalance + :delta WHERE aid = :aid;
         1.235  SELECT abalance FROM pgbench_accounts WHERE aid = :aid;
       221.789  UPDATE pgbench_tellers SET tbalance = tbalance + :delta WHERE tid = :tid;
       114.286  UPDATE pgbench_branches SET bbalance = bbalance + :delta WHERE bid = :bid;
        57.842  INSERT INTO pgbench_history (tid, bid, aid, delta, mtime) VALUES (:tid, :bid, :aid, :delta, CURRENT_TIMESTAMP);
       157.554  END;
avg-cpu:  %user   %nice %system %iowait  %steal   %idle
           0,66    0,00    0,30    6,09    0,00   92,95

Device:         rrqm/s   wrqm/s     r/s     w/s    rkB/s    wkB/s avgrq-sz avgqu-sz   await r_await w_await  svctm  %util
sdb               0,00     0,96    5,13  192,27    42,82   966,52    10,23     7,02   35,57   20,44   35,98   3,16  62,35
sda               0,05     0,96   20,68  192,27   174,65   966,52    10,72     7,46   35,01   22,73   36,33   4,03  85,75
md0               0,00     0,00    0,16    0,00     0,63     0,00     8,00     0,00    0,00    0,00    0,00   0,00   0,00
md1               0,00     0,00    0,00    0,00     0,00     0,00     0,00     0,00    0,00    0,00    0,00   0,00   0,00
md2               0,00     0,00   25,70  192,81   216,84   965,52    10,82     0,00    0,00    0,00    0,00   0,00   0,00
md3               0,00     0,00    0,00    0,02     0,00     0,04     5,71     0,00    0,00    0,00    0,00   0,00   0,00

Control File Changes
--- /usr/local/oldpgsql/2002-11-18-REL7_4~2373/before.controldata	2016-08-14 07:15:45.146546160 +0200
+++ /usr/local/oldpgsql/2002-11-18-REL7_4~2373/after.controldata	2016-08-14 07:31:41.353285121 +0200
@@ -4 +4 @@
-pg_control last modified:             Sun Aug 14 05:14:58 2016
+pg_control last modified:             Sun Aug 14 05:31:41 2016
@@ -6,4 +6,4 @@
-Next log file segment:                65
-Latest checkpoint location:           1/40CA8CF8
-Prior checkpoint location:            1/40CA8CB0
-Latest checkpoint's REDO location:    1/40CA8CF8
+Next log file segment:                93
+Latest checkpoint location:           1/5C6EFD08
+Prior checkpoint location:            1/54DBE838
+Latest checkpoint's REDO location:    1/5C6EFD08
@@ -11,4 +11,4 @@
-Latest checkpoint's StartUpID:        39
-Latest checkpoint's NextXID:          1680333
-Latest checkpoint's NextOID:          32340537
-Time of latest checkpoint:            Sat Aug 13 10:05:06 2016
+Latest checkpoint's StartUpID:        40
+Latest checkpoint's NextXID:          1708031
+Latest checkpoint's NextOID:          32373305
+Time of latest checkpoint:            Sun Aug 14 05:31:15 2016
size after pgbench of pgbench_history: 1800
size after pgbench of pgbench_branches_pkey: 816
size after pgbench of pgbench_branches: 1392
size after pgbench of pgbench_tellers_pkey: 984
size after pgbench of pgbench_tellers: 1696
size after pgbench of pgbench_accounts_pkey: 658092
size after pgbench of pgbench_accounts: 996068
total size after pgbench: 1660848
End Time: 2016-08-14 05:31:41+00:00
========================================================================
========================================================================
Testing 2002-11-18-REL7_4~2373
Start Time: 2016-08-18 23:34:59+00:00
Shared Buffers:  260000
size before pgbench of pgbench_history: 1800
size before pgbench of pgbench_branches_pkey: 816
size before pgbench of pgbench_branches: 1392
size before pgbench of pgbench_tellers_pkey: 984
size before pgbench of pgbench_tellers: 1696
size before pgbench of pgbench_accounts_pkey: 658092
size before pgbench of pgbench_accounts: 996068
total size before pgbench: 1660848
Linux 4.6.0-1-amd64 (Debian-83-jessie-64-minimal) 	19.08.16 	_x86_64_	(8 CPU)

starting vacuum...end.
transaction type: <builtin: TPC-B (sort of)>
scaling factor: 300
query mode: simple
number of clients: 32
number of threads: 4
duration: 900 s
number of transactions actually processed: 25749
latency average: 1118.490 ms
tps = 28.601622 (including connections establishing)
tps = 28.601937 (excluding connections establishing)
script statistics:
 - statement latencies in milliseconds:
         0.003  \set aid random(1, 100000 * :scale)
         0.001  \set bid random(1, 1 * :scale)
         0.001  \set tid random(1, 10 * :scale)
         0.001  \set delta random(-5000, 5000)
         0.110  BEGIN;
       493.061  UPDATE pgbench_accounts SET abalance = abalance + :delta WHERE aid = :aid;
         1.653  SELECT abalance FROM pgbench_accounts WHERE aid = :aid;
       232.693  UPDATE pgbench_tellers SET tbalance = tbalance + :delta WHERE tid = :tid;
       145.077  UPDATE pgbench_branches SET bbalance = bbalance + :delta WHERE bid = :bid;
        79.849  INSERT INTO pgbench_history (tid, bid, aid, delta, mtime) VALUES (:tid, :bid, :aid, :delta, CURRENT_TIMESTAMP);
       166.447  END;
avg-cpu:  %user   %nice %system %iowait  %steal   %idle
           0,58    0,00    0,31   17,60    0,00   81,51

Device:         rrqm/s   wrqm/s     r/s     w/s    rkB/s    wkB/s avgrq-sz avgqu-sz   await r_await w_await  svctm  %util
sdb               0,01     0,78    3,78  185,51    31,63   923,08    10,09     9,50   50,21   18,05   50,86   3,19  60,44
sda               0,06     0,78   20,92  185,51   176,36   923,08    10,65     5,82   28,18   22,60   28,81   4,14  85,53
md0               0,00     0,00    0,18    0,00     0,71     0,00     8,00     0,00    0,00    0,00    0,00   0,00   0,00
md1               0,00     0,00    0,00    0,00     0,00     0,00     0,00     0,00    0,00    0,00    0,00   0,00   0,00
md2               0,00     0,00   24,59  186,00   207,28   922,37    10,73     0,00    0,00    0,00    0,00   0,00   0,00
md3               0,00     0,00    0,00    0,01     0,00     0,04     5,54     0,00    0,00    0,00    0,00   0,00   0,00

Control File Changes
--- /usr/local/oldpgsql/2002-11-18-REL7_4~2373/before.controldata	2016-08-19 01:36:18.122928340 +0200
+++ /usr/local/oldpgsql/2002-11-18-REL7_4~2373/after.controldata	2016-08-19 01:52:21.116340190 +0200
@@ -4 +4 @@
-pg_control last modified:             Thu Aug 18 23:35:00 2016
+pg_control last modified:             Thu Aug 18 23:52:21 2016
@@ -6,4 +6,4 @@
-Next log file segment:                93
-Latest checkpoint location:           1/5C6EFD50
-Prior checkpoint location:            1/5C6EFD08
-Latest checkpoint's REDO location:    1/5C6EFD50
+Next log file segment:                119
+Latest checkpoint location:           1/76E5F3C8
+Prior checkpoint location:            1/6F4A0528
+Latest checkpoint's REDO location:    1/76E5F3C8
@@ -11,4 +11,4 @@
-Latest checkpoint's StartUpID:        40
-Latest checkpoint's NextXID:          1708034
-Latest checkpoint's NextOID:          32368077
-Time of latest checkpoint:            Sun Aug 14 05:31:43 2016
+Latest checkpoint's StartUpID:        41
+Latest checkpoint's NextXID:          1733941
+Latest checkpoint's NextOID:          32400845
+Time of latest checkpoint:            Thu Aug 18 23:51:48 2016
size after pgbench of pgbench_history: 1544
size after pgbench of pgbench_branches_pkey: 816
size after pgbench of pgbench_branches: 2400
size after pgbench of pgbench_tellers_pkey: 984
size after pgbench of pgbench_tellers: 2712
size after pgbench of pgbench_accounts_pkey: 658092
size after pgbench of pgbench_accounts: 999660
total size after pgbench: 1666208
End Time: 2016-08-18 23:52:21+00:00
========================================================================
========================================================================
Testing 2002-11-18-REL7_4~2373
Start Time: 2016-08-20 19:21:25+00:00
Shared Buffers:  260000
size before pgbench of pgbench_history: 1544
size before pgbench of pgbench_branches_pkey: 816
size before pgbench of pgbench_branches: 2400
size before pgbench of pgbench_tellers_pkey: 984
size before pgbench of pgbench_tellers: 2712
size before pgbench of pgbench_accounts_pkey: 658092
size before pgbench of pgbench_accounts: 999660
total size before pgbench: 1666208
Linux 4.6.0-1-amd64 (Debian-83-jessie-64-minimal) 	20.08.16 	_x86_64_	(8 CPU)

starting vacuum...end.
transaction type: <builtin: TPC-B (sort of)>
scaling factor: 300
query mode: simple
number of clients: 32
number of threads: 4
duration: 900 s
number of transactions actually processed: 21281
latency average: 1353.320 ms
tps = 23.636294 (including connections establishing)
tps = 23.636569 (excluding connections establishing)
script statistics:
 - statement latencies in milliseconds:
         0.003  \set aid random(1, 100000 * :scale)
         0.001  \set bid random(1, 1 * :scale)
         0.001  \set tid random(1, 10 * :scale)
         0.001  \set delta random(-5000, 5000)
         0.152  BEGIN;
       585.381  UPDATE pgbench_accounts SET abalance = abalance + :delta WHERE aid = :aid;
         1.320  SELECT abalance FROM pgbench_accounts WHERE aid = :aid;
       266.443  UPDATE pgbench_tellers SET tbalance = tbalance + :delta WHERE tid = :tid;
       182.668  UPDATE pgbench_branches SET bbalance = bbalance + :delta WHERE bid = :bid;
       111.300  INSERT INTO pgbench_history (tid, bid, aid, delta, mtime) VALUES (:tid, :bid, :aid, :delta, CURRENT_TIMESTAMP);
       207.017  END;
avg-cpu:  %user   %nice %system %iowait  %steal   %idle
           0,50    0,00    0,27   18,26    0,00   80,97

Device:         rrqm/s   wrqm/s     r/s     w/s    rkB/s    wkB/s avgrq-sz avgqu-sz   await r_await w_await  svctm  %util
sdb               0,00     0,65    2,74  158,26    22,66   786,02    10,05     9,45   58,69   18,56   59,39   3,77  60,74
sda               0,01     0,65   18,15  158,26   150,90   786,02    10,62    12,25   69,41   22,52   74,79   4,73  83,49
md0               0,00     0,00    0,07    0,00     0,28     0,00     8,00     0,00    0,00    0,00    0,00   0,00   0,00
md1               0,00     0,00    0,00    0,00     0,00     0,00     0,00     0,00    0,00    0,00    0,00   0,00   0,00
md2               0,00     0,00   20,84  158,67   173,28   785,46    10,68     0,00    0,00    0,00    0,00   0,00   0,00
md3               0,00     0,00    0,00    0,02     0,00     0,04     5,71     0,00    0,00    0,00    0,00   0,00   0,00

Control File Changes
--- /usr/local/oldpgsql/2002-11-18-REL7_4~2373/before.controldata	2016-08-20 21:22:40.876856148 +0200
+++ /usr/local/oldpgsql/2002-11-18-REL7_4~2373/after.controldata	2016-08-20 21:38:39.343243358 +0200
@@ -4 +4 @@
-pg_control last modified:             Sat Aug 20 19:21:25 2016
+pg_control last modified:             Sat Aug 20 19:38:39 2016
@@ -6,4 +6,4 @@
-Next log file segment:                119
-Latest checkpoint location:           1/76E5F410
-Prior checkpoint location:            1/76E5F3C8
-Latest checkpoint's REDO location:    1/76E5F410
+Next log file segment:                142
+Latest checkpoint location:           1/8D11E950
+Prior checkpoint location:            1/86AA7D00
+Latest checkpoint's REDO location:    1/8D11E950
@@ -11,4 +11,4 @@
-Latest checkpoint's StartUpID:        41
-Latest checkpoint's NextXID:          1733944
-Latest checkpoint's NextOID:          32393826
-Time of latest checkpoint:            Thu Aug 18 23:52:22 2016
+Latest checkpoint's StartUpID:        42
+Latest checkpoint's NextXID:          1755383
+Latest checkpoint's NextOID:          32418402
+Time of latest checkpoint:            Sat Aug 20 19:38:10 2016
size after pgbench of pgbench_history: 1288
size after pgbench of pgbench_branches_pkey: 816
size after pgbench of pgbench_branches: 3176
size after pgbench of pgbench_tellers_pkey: 984
size after pgbench of pgbench_tellers: 3416
size after pgbench of pgbench_accounts_pkey: 658092
size after pgbench of pgbench_accounts: 1002732
total size after pgbench: 1670504
End Time: 2016-08-20 19:38:39+00:00
========================================================================
