creating tables...
100000 of 30000000 tuples (0%) done (elapsed 0.06 s, remaining 18.09 s)
200000 of 30000000 tuples (0%) done (elapsed 0.12 s, remaining 17.74 s)
300000 of 30000000 tuples (1%) done (elapsed 0.18 s, remaining 17.73 s)
400000 of 30000000 tuples (1%) done (elapsed 0.24 s, remaining 17.73 s)
500000 of 30000000 tuples (1%) done (elapsed 0.29 s, remaining 17.37 s)
600000 of 30000000 tuples (2%) done (elapsed 0.35 s, remaining 17.38 s)
700000 of 30000000 tuples (2%) done (elapsed 0.41 s, remaining 17.14 s)
800000 of 30000000 tuples (2%) done (elapsed 0.47 s, remaining 17.13 s)
900000 of 30000000 tuples (3%) done (elapsed 0.52 s, remaining 16.97 s)
1000000 of 30000000 tuples (3%) done (elapsed 0.58 s, remaining 16.94 s)
1100000 of 30000000 tuples (3%) done (elapsed 0.65 s, remaining 16.98 s)
1200000 of 30000000 tuples (4%) done (elapsed 0.71 s, remaining 16.98 s)
1300000 of 30000000 tuples (4%) done (elapsed 0.76 s, remaining 16.88 s)
1400000 of 30000000 tuples (4%) done (elapsed 0.83 s, remaining 16.88 s)
1500000 of 30000000 tuples (5%) done (elapsed 0.88 s, remaining 16.78 s)
1600000 of 30000000 tuples (5%) done (elapsed 0.94 s, remaining 16.77 s)
1700000 of 30000000 tuples (5%) done (elapsed 1.01 s, remaining 16.75 s)
1800000 of 30000000 tuples (6%) done (elapsed 1.06 s, remaining 16.65 s)
1900000 of 30000000 tuples (6%) done (elapsed 1.12 s, remaining 16.63 s)
2000000 of 30000000 tuples (6%) done (elapsed 1.18 s, remaining 16.54 s)
2100000 of 30000000 tuples (7%) done (elapsed 1.24 s, remaining 16.52 s)
2200000 of 30000000 tuples (7%) done (elapsed 1.30 s, remaining 16.43 s)
2300000 of 30000000 tuples (7%) done (elapsed 1.36 s, remaining 16.40 s)
2400000 of 30000000 tuples (8%) done (elapsed 1.42 s, remaining 16.37 s)
2500000 of 30000000 tuples (8%) done (elapsed 1.48 s, remaining 16.28 s)
2600000 of 30000000 tuples (8%) done (elapsed 1.54 s, remaining 16.25 s)
2700000 of 30000000 tuples (9%) done (elapsed 1.60 s, remaining 16.17 s)
2800000 of 30000000 tuples (9%) done (elapsed 1.66 s, remaining 16.13 s)
2900000 of 30000000 tuples (9%) done (elapsed 1.72 s, remaining 16.05 s)
3000000 of 30000000 tuples (10%) done (elapsed 1.78 s, remaining 16.01 s)
3100000 of 30000000 tuples (10%) done (elapsed 1.84 s, remaining 15.98 s)
3200000 of 30000000 tuples (10%) done (elapsed 1.90 s, remaining 15.90 s)
3300000 of 30000000 tuples (11%) done (elapsed 1.96 s, remaining 15.85 s)
3400000 of 30000000 tuples (11%) done (elapsed 2.02 s, remaining 15.78 s)
3500000 of 30000000 tuples (11%) done (elapsed 2.07 s, remaining 15.71 s)
3600000 of 30000000 tuples (12%) done (elapsed 2.14 s, remaining 15.66 s)
3700000 of 30000000 tuples (12%) done (elapsed 2.20 s, remaining 15.62 s)
3800000 of 30000000 tuples (12%) done (elapsed 2.25 s, remaining 15.54 s)
3900000 of 30000000 tuples (13%) done (elapsed 2.32 s, remaining 15.50 s)
4000000 of 30000000 tuples (13%) done (elapsed 2.37 s, remaining 15.42 s)
4100000 of 30000000 tuples (13%) done (elapsed 2.43 s, remaining 15.35 s)
4200000 of 30000000 tuples (14%) done (elapsed 2.49 s, remaining 15.31 s)
4300000 of 30000000 tuples (14%) done (elapsed 2.55 s, remaining 15.24 s)
4400000 of 30000000 tuples (14%) done (elapsed 2.61 s, remaining 15.19 s)
4500000 of 30000000 tuples (15%) done (elapsed 2.67 s, remaining 15.12 s)
4600000 of 30000000 tuples (15%) done (elapsed 2.73 s, remaining 15.08 s)
4700000 of 30000000 tuples (15%) done (elapsed 2.79 s, remaining 15.00 s)
4800000 of 30000000 tuples (16%) done (elapsed 2.85 s, remaining 14.96 s)
4900000 of 30000000 tuples (16%) done (elapsed 2.91 s, remaining 14.89 s)
5000000 of 30000000 tuples (16%) done (elapsed 2.96 s, remaining 14.82 s)
5100000 of 30000000 tuples (17%) done (elapsed 3.03 s, remaining 14.77 s)
5200000 of 30000000 tuples (17%) done (elapsed 3.08 s, remaining 14.70 s)
5300000 of 30000000 tuples (17%) done (elapsed 3.14 s, remaining 14.65 s)
5400000 of 30000000 tuples (18%) done (elapsed 3.20 s, remaining 14.58 s)
5500000 of 30000000 tuples (18%) done (elapsed 3.26 s, remaining 14.51 s)
5600000 of 30000000 tuples (18%) done (elapsed 3.32 s, remaining 14.47 s)
5700000 of 30000000 tuples (19%) done (elapsed 3.38 s, remaining 14.40 s)
5800000 of 30000000 tuples (19%) done (elapsed 3.44 s, remaining 14.35 s)
5900000 of 30000000 tuples (19%) done (elapsed 3.50 s, remaining 14.29 s)
6000000 of 30000000 tuples (20%) done (elapsed 3.56 s, remaining 14.24 s)
6100000 of 30000000 tuples (20%) done (elapsed 3.62 s, remaining 14.17 s)
6200000 of 30000000 tuples (20%) done (elapsed 3.68 s, remaining 14.12 s)
6300000 of 30000000 tuples (21%) done (elapsed 3.74 s, remaining 14.05 s)
6400000 of 30000000 tuples (21%) done (elapsed 3.80 s, remaining 14.00 s)
6500000 of 30000000 tuples (21%) done (elapsed 3.85 s, remaining 13.93 s)
6600000 of 30000000 tuples (22%) done (elapsed 3.92 s, remaining 13.88 s)
6700000 of 30000000 tuples (22%) done (elapsed 3.97 s, remaining 13.82 s)
6800000 of 30000000 tuples (22%) done (elapsed 4.03 s, remaining 13.75 s)
6900000 of 30000000 tuples (23%) done (elapsed 4.09 s, remaining 13.70 s)
7000000 of 30000000 tuples (23%) done (elapsed 4.15 s, remaining 13.64 s)
7100000 of 30000000 tuples (23%) done (elapsed 4.21 s, remaining 13.59 s)
7200000 of 30000000 tuples (24%) done (elapsed 4.27 s, remaining 13.52 s)
7300000 of 30000000 tuples (24%) done (elapsed 4.33 s, remaining 13.47 s)
7400000 of 30000000 tuples (24%) done (elapsed 4.39 s, remaining 13.42 s)
7500000 of 30000000 tuples (25%) done (elapsed 4.45 s, remaining 13.35 s)
7600000 of 30000000 tuples (25%) done (elapsed 4.51 s, remaining 13.30 s)
7700000 of 30000000 tuples (25%) done (elapsed 4.57 s, remaining 13.23 s)
7800000 of 30000000 tuples (26%) done (elapsed 4.63 s, remaining 13.18 s)
7900000 of 30000000 tuples (26%) done (elapsed 4.69 s, remaining 13.11 s)
8000000 of 30000000 tuples (26%) done (elapsed 4.75 s, remaining 13.06 s)
8100000 of 30000000 tuples (27%) done (elapsed 4.81 s, remaining 13.00 s)
8200000 of 30000000 tuples (27%) done (elapsed 4.87 s, remaining 12.94 s)
8300000 of 30000000 tuples (27%) done (elapsed 4.93 s, remaining 12.88 s)
8400000 of 30000000 tuples (28%) done (elapsed 4.99 s, remaining 12.83 s)
8500000 of 30000000 tuples (28%) done (elapsed 5.04 s, remaining 12.76 s)
8600000 of 30000000 tuples (28%) done (elapsed 5.11 s, remaining 12.71 s)
8700000 of 30000000 tuples (29%) done (elapsed 5.16 s, remaining 12.64 s)
8800000 of 30000000 tuples (29%) done (elapsed 5.23 s, remaining 12.59 s)
8900000 of 30000000 tuples (29%) done (elapsed 5.28 s, remaining 12.52 s)
9000000 of 30000000 tuples (30%) done (elapsed 5.34 s, remaining 12.47 s)
9100000 of 30000000 tuples (30%) done (elapsed 5.40 s, remaining 12.41 s)
9200000 of 30000000 tuples (30%) done (elapsed 5.46 s, remaining 12.35 s)
9300000 of 30000000 tuples (31%) done (elapsed 5.53 s, remaining 12.30 s)
9400000 of 30000000 tuples (31%) done (elapsed 5.58 s, remaining 12.23 s)
9500000 of 30000000 tuples (31%) done (elapsed 5.64 s, remaining 12.18 s)
9600000 of 30000000 tuples (32%) done (elapsed 5.70 s, remaining 12.12 s)
9700000 of 30000000 tuples (32%) done (elapsed 5.76 s, remaining 12.06 s)
9800000 of 30000000 tuples (32%) done (elapsed 5.82 s, remaining 12.00 s)
9900000 of 30000000 tuples (33%) done (elapsed 5.88 s, remaining 11.94 s)
10000000 of 30000000 tuples (33%) done (elapsed 5.94 s, remaining 11.88 s)
10100000 of 30000000 tuples (33%) done (elapsed 6.00 s, remaining 11.82 s)
10200000 of 30000000 tuples (34%) done (elapsed 6.06 s, remaining 11.76 s)
10300000 of 30000000 tuples (34%) done (elapsed 6.12 s, remaining 11.71 s)
10400000 of 30000000 tuples (34%) done (elapsed 6.18 s, remaining 11.65 s)
10500000 of 30000000 tuples (35%) done (elapsed 6.24 s, remaining 11.59 s)
10600000 of 30000000 tuples (35%) done (elapsed 6.30 s, remaining 11.53 s)
10700000 of 30000000 tuples (35%) done (elapsed 6.36 s, remaining 11.47 s)
10800000 of 30000000 tuples (36%) done (elapsed 6.42 s, remaining 11.41 s)
10900000 of 30000000 tuples (36%) done (elapsed 6.48 s, remaining 11.35 s)
11000000 of 30000000 tuples (36%) done (elapsed 6.54 s, remaining 11.29 s)
11100000 of 30000000 tuples (37%) done (elapsed 6.60 s, remaining 11.23 s)
11200000 of 30000000 tuples (37%) done (elapsed 6.66 s, remaining 11.17 s)
11300000 of 30000000 tuples (37%) done (elapsed 6.72 s, remaining 11.12 s)
11400000 of 30000000 tuples (38%) done (elapsed 6.78 s, remaining 11.06 s)
11500000 of 30000000 tuples (38%) done (elapsed 6.84 s, remaining 11.00 s)
11600000 of 30000000 tuples (38%) done (elapsed 6.90 s, remaining 10.94 s)
11700000 of 30000000 tuples (39%) done (elapsed 6.95 s, remaining 10.88 s)
11800000 of 30000000 tuples (39%) done (elapsed 7.01 s, remaining 10.82 s)
11900000 of 30000000 tuples (39%) done (elapsed 7.07 s, remaining 10.76 s)
12000000 of 30000000 tuples (40%) done (elapsed 7.14 s, remaining 10.71 s)
12100000 of 30000000 tuples (40%) done (elapsed 7.20 s, remaining 10.65 s)
12200000 of 30000000 tuples (40%) done (elapsed 7.25 s, remaining 10.58 s)
12300000 of 30000000 tuples (41%) done (elapsed 7.31 s, remaining 10.52 s)
12400000 of 30000000 tuples (41%) done (elapsed 7.38 s, remaining 10.47 s)
12500000 of 30000000 tuples (41%) done (elapsed 7.44 s, remaining 10.41 s)
12600000 of 30000000 tuples (42%) done (elapsed 7.50 s, remaining 10.35 s)
12700000 of 30000000 tuples (42%) done (elapsed 7.55 s, remaining 10.29 s)
12800000 of 30000000 tuples (42%) done (elapsed 7.61 s, remaining 10.23 s)
12900000 of 30000000 tuples (43%) done (elapsed 7.68 s, remaining 10.18 s)
13000000 of 30000000 tuples (43%) done (elapsed 7.73 s, remaining 10.11 s)
13100000 of 30000000 tuples (43%) done (elapsed 7.79 s, remaining 10.05 s)
13200000 of 30000000 tuples (44%) done (elapsed 7.85 s, remaining 10.00 s)
13300000 of 30000000 tuples (44%) done (elapsed 7.91 s, remaining 9.94 s)
13400000 of 30000000 tuples (44%) done (elapsed 7.98 s, remaining 9.88 s)
13500000 of 30000000 tuples (45%) done (elapsed 8.03 s, remaining 9.82 s)
13600000 of 30000000 tuples (45%) done (elapsed 8.09 s, remaining 9.76 s)
13700000 of 30000000 tuples (45%) done (elapsed 8.15 s, remaining 9.70 s)
13800000 of 30000000 tuples (46%) done (elapsed 8.22 s, remaining 9.64 s)
13900000 of 30000000 tuples (46%) done (elapsed 8.27 s, remaining 9.58 s)
14000000 of 30000000 tuples (46%) done (elapsed 8.33 s, remaining 9.52 s)
14100000 of 30000000 tuples (47%) done (elapsed 8.39 s, remaining 9.46 s)
14200000 of 30000000 tuples (47%) done (elapsed 8.45 s, remaining 9.41 s)
14300000 of 30000000 tuples (47%) done (elapsed 8.51 s, remaining 9.35 s)
14400000 of 30000000 tuples (48%) done (elapsed 8.57 s, remaining 9.29 s)
14500000 of 30000000 tuples (48%) done (elapsed 8.63 s, remaining 9.23 s)
14600000 of 30000000 tuples (48%) done (elapsed 8.69 s, remaining 9.17 s)
14700000 of 30000000 tuples (49%) done (elapsed 8.75 s, remaining 9.11 s)
14800000 of 30000000 tuples (49%) done (elapsed 8.81 s, remaining 9.05 s)
14900000 of 30000000 tuples (49%) done (elapsed 8.87 s, remaining 8.99 s)
15000000 of 30000000 tuples (50%) done (elapsed 8.93 s, remaining 8.93 s)
15100000 of 30000000 tuples (50%) done (elapsed 8.99 s, remaining 8.87 s)
15200000 of 30000000 tuples (50%) done (elapsed 9.05 s, remaining 8.81 s)
15300000 of 30000000 tuples (51%) done (elapsed 9.11 s, remaining 8.76 s)
15400000 of 30000000 tuples (51%) done (elapsed 9.17 s, remaining 8.70 s)
15500000 of 30000000 tuples (51%) done (elapsed 9.23 s, remaining 8.64 s)
15600000 of 30000000 tuples (52%) done (elapsed 9.29 s, remaining 8.58 s)
15700000 of 30000000 tuples (52%) done (elapsed 9.35 s, remaining 8.52 s)
15800000 of 30000000 tuples (52%) done (elapsed 9.42 s, remaining 8.47 s)
15900000 of 30000000 tuples (53%) done (elapsed 9.48 s, remaining 8.41 s)
16000000 of 30000000 tuples (53%) done (elapsed 9.54 s, remaining 8.35 s)
16100000 of 30000000 tuples (53%) done (elapsed 9.60 s, remaining 8.29 s)
16200000 of 30000000 tuples (54%) done (elapsed 9.66 s, remaining 8.23 s)
16300000 of 30000000 tuples (54%) done (elapsed 9.72 s, remaining 8.17 s)
16400000 of 30000000 tuples (54%) done (elapsed 9.78 s, remaining 8.11 s)
16500000 of 30000000 tuples (55%) done (elapsed 9.84 s, remaining 8.05 s)
16600000 of 30000000 tuples (55%) done (elapsed 9.90 s, remaining 7.99 s)
16700000 of 30000000 tuples (55%) done (elapsed 9.96 s, remaining 7.94 s)
16800000 of 30000000 tuples (56%) done (elapsed 10.02 s, remaining 7.88 s)
16900000 of 30000000 tuples (56%) done (elapsed 10.08 s, remaining 7.81 s)
17000000 of 30000000 tuples (56%) done (elapsed 10.14 s, remaining 7.76 s)
17100000 of 30000000 tuples (57%) done (elapsed 10.20 s, remaining 7.70 s)
17200000 of 30000000 tuples (57%) done (elapsed 10.26 s, remaining 7.64 s)
17300000 of 30000000 tuples (57%) done (elapsed 10.32 s, remaining 7.58 s)
17400000 of 30000000 tuples (58%) done (elapsed 10.38 s, remaining 7.52 s)
17500000 of 30000000 tuples (58%) done (elapsed 10.44 s, remaining 7.46 s)
17600000 of 30000000 tuples (58%) done (elapsed 10.50 s, remaining 7.40 s)
17700000 of 30000000 tuples (59%) done (elapsed 10.56 s, remaining 7.34 s)
17800000 of 30000000 tuples (59%) done (elapsed 10.62 s, remaining 7.28 s)
17900000 of 30000000 tuples (59%) done (elapsed 10.68 s, remaining 7.22 s)
18000000 of 30000000 tuples (60%) done (elapsed 10.74 s, remaining 7.16 s)
18100000 of 30000000 tuples (60%) done (elapsed 10.80 s, remaining 7.10 s)
18200000 of 30000000 tuples (60%) done (elapsed 10.86 s, remaining 7.04 s)
18300000 of 30000000 tuples (61%) done (elapsed 10.92 s, remaining 6.98 s)
18400000 of 30000000 tuples (61%) done (elapsed 10.98 s, remaining 6.92 s)
18500000 of 30000000 tuples (61%) done (elapsed 11.05 s, remaining 6.87 s)
18600000 of 30000000 tuples (62%) done (elapsed 11.10 s, remaining 6.81 s)
18700000 of 30000000 tuples (62%) done (elapsed 11.16 s, remaining 6.75 s)
18800000 of 30000000 tuples (62%) done (elapsed 11.22 s, remaining 6.69 s)
18900000 of 30000000 tuples (63%) done (elapsed 11.29 s, remaining 6.63 s)
19000000 of 30000000 tuples (63%) done (elapsed 11.34 s, remaining 6.57 s)
19100000 of 30000000 tuples (63%) done (elapsed 11.40 s, remaining 6.51 s)
19200000 of 30000000 tuples (64%) done (elapsed 11.46 s, remaining 6.45 s)
19300000 of 30000000 tuples (64%) done (elapsed 11.53 s, remaining 6.39 s)
19400000 of 30000000 tuples (64%) done (elapsed 11.58 s, remaining 6.33 s)
19500000 of 30000000 tuples (65%) done (elapsed 11.64 s, remaining 6.27 s)
19600000 of 30000000 tuples (65%) done (elapsed 11.71 s, remaining 6.21 s)
19700000 of 30000000 tuples (65%) done (elapsed 11.77 s, remaining 6.15 s)
19800000 of 30000000 tuples (66%) done (elapsed 11.82 s, remaining 6.09 s)
19900000 of 30000000 tuples (66%) done (elapsed 11.88 s, remaining 6.03 s)
20000000 of 30000000 tuples (66%) done (elapsed 11.94 s, remaining 5.97 s)
20100000 of 30000000 tuples (67%) done (elapsed 12.00 s, remaining 5.91 s)
20200000 of 30000000 tuples (67%) done (elapsed 12.06 s, remaining 5.85 s)
20300000 of 30000000 tuples (67%) done (elapsed 12.12 s, remaining 5.79 s)
20400000 of 30000000 tuples (68%) done (elapsed 12.18 s, remaining 5.73 s)
20500000 of 30000000 tuples (68%) done (elapsed 12.24 s, remaining 5.67 s)
20600000 of 30000000 tuples (68%) done (elapsed 12.30 s, remaining 5.61 s)
20700000 of 30000000 tuples (69%) done (elapsed 12.36 s, remaining 5.55 s)
20800000 of 30000000 tuples (69%) done (elapsed 12.42 s, remaining 5.49 s)
20900000 of 30000000 tuples (69%) done (elapsed 12.48 s, remaining 5.43 s)
21000000 of 30000000 tuples (70%) done (elapsed 12.54 s, remaining 5.37 s)
21100000 of 30000000 tuples (70%) done (elapsed 12.60 s, remaining 5.31 s)
21200000 of 30000000 tuples (70%) done (elapsed 12.66 s, remaining 5.26 s)
21300000 of 30000000 tuples (71%) done (elapsed 12.72 s, remaining 5.20 s)
21400000 of 30000000 tuples (71%) done (elapsed 12.78 s, remaining 5.14 s)
21500000 of 30000000 tuples (71%) done (elapsed 12.84 s, remaining 5.08 s)
21600000 of 30000000 tuples (72%) done (elapsed 12.90 s, remaining 5.02 s)
21700000 of 30000000 tuples (72%) done (elapsed 12.96 s, remaining 4.96 s)
21800000 of 30000000 tuples (72%) done (elapsed 13.02 s, remaining 4.90 s)
21900000 of 30000000 tuples (73%) done (elapsed 13.08 s, remaining 4.84 s)
22000000 of 30000000 tuples (73%) done (elapsed 13.14 s, remaining 4.78 s)
22100000 of 30000000 tuples (73%) done (elapsed 13.20 s, remaining 4.72 s)
22200000 of 30000000 tuples (74%) done (elapsed 13.26 s, remaining 4.66 s)
22300000 of 30000000 tuples (74%) done (elapsed 13.32 s, remaining 4.60 s)
22400000 of 30000000 tuples (74%) done (elapsed 13.38 s, remaining 4.54 s)
22500000 of 30000000 tuples (75%) done (elapsed 13.44 s, remaining 4.48 s)
22600000 of 30000000 tuples (75%) done (elapsed 13.50 s, remaining 4.42 s)
22700000 of 30000000 tuples (75%) done (elapsed 13.56 s, remaining 4.36 s)
22800000 of 30000000 tuples (76%) done (elapsed 13.62 s, remaining 4.30 s)
22900000 of 30000000 tuples (76%) done (elapsed 13.68 s, remaining 4.24 s)
23000000 of 30000000 tuples (76%) done (elapsed 13.74 s, remaining 4.18 s)
23100000 of 30000000 tuples (77%) done (elapsed 13.80 s, remaining 4.12 s)
23200000 of 30000000 tuples (77%) done (elapsed 13.86 s, remaining 4.06 s)
23300000 of 30000000 tuples (77%) done (elapsed 13.92 s, remaining 4.00 s)
23400000 of 30000000 tuples (78%) done (elapsed 13.98 s, remaining 3.94 s)
23500000 of 30000000 tuples (78%) done (elapsed 14.04 s, remaining 3.88 s)
23600000 of 30000000 tuples (78%) done (elapsed 14.10 s, remaining 3.82 s)
23700000 of 30000000 tuples (79%) done (elapsed 14.16 s, remaining 3.76 s)
23800000 of 30000000 tuples (79%) done (elapsed 14.22 s, remaining 3.70 s)
23900000 of 30000000 tuples (79%) done (elapsed 14.28 s, remaining 3.64 s)
24000000 of 30000000 tuples (80%) done (elapsed 14.35 s, remaining 3.59 s)
24100000 of 30000000 tuples (80%) done (elapsed 14.41 s, remaining 3.53 s)
24200000 of 30000000 tuples (80%) done (elapsed 14.47 s, remaining 3.47 s)
24300000 of 30000000 tuples (81%) done (elapsed 14.53 s, remaining 3.41 s)
24400000 of 30000000 tuples (81%) done (elapsed 14.59 s, remaining 3.35 s)
24500000 of 30000000 tuples (81%) done (elapsed 14.65 s, remaining 3.29 s)
24600000 of 30000000 tuples (82%) done (elapsed 14.71 s, remaining 3.23 s)
24700000 of 30000000 tuples (82%) done (elapsed 14.77 s, remaining 3.17 s)
24800000 of 30000000 tuples (82%) done (elapsed 14.83 s, remaining 3.11 s)
24900000 of 30000000 tuples (83%) done (elapsed 14.89 s, remaining 3.05 s)
25000000 of 30000000 tuples (83%) done (elapsed 14.95 s, remaining 2.99 s)
25100000 of 30000000 tuples (83%) done (elapsed 15.01 s, remaining 2.93 s)
25200000 of 30000000 tuples (84%) done (elapsed 15.07 s, remaining 2.87 s)
25300000 of 30000000 tuples (84%) done (elapsed 15.13 s, remaining 2.81 s)
25400000 of 30000000 tuples (84%) done (elapsed 15.19 s, remaining 2.75 s)
25500000 of 30000000 tuples (85%) done (elapsed 15.25 s, remaining 2.69 s)
25600000 of 30000000 tuples (85%) done (elapsed 15.31 s, remaining 2.63 s)
25700000 of 30000000 tuples (85%) done (elapsed 15.37 s, remaining 2.57 s)
25800000 of 30000000 tuples (86%) done (elapsed 15.43 s, remaining 2.51 s)
25900000 of 30000000 tuples (86%) done (elapsed 15.49 s, remaining 2.45 s)
26000000 of 30000000 tuples (86%) done (elapsed 15.55 s, remaining 2.39 s)
26100000 of 30000000 tuples (87%) done (elapsed 15.61 s, remaining 2.33 s)
26200000 of 30000000 tuples (87%) done (elapsed 15.67 s, remaining 2.27 s)
26300000 of 30000000 tuples (87%) done (elapsed 15.74 s, remaining 2.21 s)
26400000 of 30000000 tuples (88%) done (elapsed 15.80 s, remaining 2.15 s)
26500000 of 30000000 tuples (88%) done (elapsed 15.86 s, remaining 2.09 s)
26600000 of 30000000 tuples (88%) done (elapsed 15.92 s, remaining 2.03 s)
26700000 of 30000000 tuples (89%) done (elapsed 15.98 s, remaining 1.97 s)
26800000 of 30000000 tuples (89%) done (elapsed 16.04 s, remaining 1.92 s)
26900000 of 30000000 tuples (89%) done (elapsed 16.10 s, remaining 1.86 s)
27000000 of 30000000 tuples (90%) done (elapsed 16.16 s, remaining 1.80 s)
27100000 of 30000000 tuples (90%) done (elapsed 16.22 s, remaining 1.74 s)
27200000 of 30000000 tuples (90%) done (elapsed 16.28 s, remaining 1.68 s)
27300000 of 30000000 tuples (91%) done (elapsed 16.34 s, remaining 1.62 s)
27400000 of 30000000 tuples (91%) done (elapsed 16.40 s, remaining 1.56 s)
27500000 of 30000000 tuples (91%) done (elapsed 16.46 s, remaining 1.50 s)
27600000 of 30000000 tuples (92%) done (elapsed 16.52 s, remaining 1.44 s)
27700000 of 30000000 tuples (92%) done (elapsed 16.58 s, remaining 1.38 s)
27800000 of 30000000 tuples (92%) done (elapsed 16.64 s, remaining 1.32 s)
27900000 of 30000000 tuples (93%) done (elapsed 16.70 s, remaining 1.26 s)
28000000 of 30000000 tuples (93%) done (elapsed 16.93 s, remaining 1.21 s)
28100000 of 30000000 tuples (93%) done (elapsed 17.02 s, remaining 1.15 s)
28200000 of 30000000 tuples (94%) done (elapsed 17.08 s, remaining 1.09 s)
28300000 of 30000000 tuples (94%) done (elapsed 17.14 s, remaining 1.03 s)
28400000 of 30000000 tuples (94%) done (elapsed 17.20 s, remaining 0.97 s)
28500000 of 30000000 tuples (95%) done (elapsed 17.26 s, remaining 0.91 s)
28600000 of 30000000 tuples (95%) done (elapsed 17.32 s, remaining 0.85 s)
28700000 of 30000000 tuples (95%) done (elapsed 17.38 s, remaining 0.79 s)
28800000 of 30000000 tuples (96%) done (elapsed 17.44 s, remaining 0.73 s)
28900000 of 30000000 tuples (96%) done (elapsed 17.50 s, remaining 0.67 s)
29000000 of 30000000 tuples (96%) done (elapsed 17.56 s, remaining 0.61 s)
29100000 of 30000000 tuples (97%) done (elapsed 17.62 s, remaining 0.55 s)
29200000 of 30000000 tuples (97%) done (elapsed 17.68 s, remaining 0.48 s)
29300000 of 30000000 tuples (97%) done (elapsed 17.75 s, remaining 0.42 s)
29400000 of 30000000 tuples (98%) done (elapsed 17.81 s, remaining 0.36 s)
29500000 of 30000000 tuples (98%) done (elapsed 17.87 s, remaining 0.30 s)
29600000 of 30000000 tuples (98%) done (elapsed 17.93 s, remaining 0.24 s)
29700000 of 30000000 tuples (99%) done (elapsed 17.99 s, remaining 0.18 s)
29800000 of 30000000 tuples (99%) done (elapsed 18.05 s, remaining 0.12 s)
29900000 of 30000000 tuples (99%) done (elapsed 18.11 s, remaining 0.06 s)
30000000 of 30000000 tuples (100%) done (elapsed 18.17 s, remaining 0.00 s)
vacuum...
set primary keys...
done.
starting vacuum...end.
transaction type: <builtin: TPC-B (sort of)>
scaling factor: 300
query mode: simple
number of clients: 32
number of threads: 4
duration: 60 s
number of transactions actually processed: 10482
latency average: 183.171 ms
tps = 174.630372 (including connections establishing)
tps = 174.637034 (excluding connections establishing)
script statistics:
 - statement latencies in milliseconds:
         0.001  \set aid random(1, 100000 * :scale)
         0.001  \set bid random(1, 1 * :scale)
         0.001  \set tid random(1, 10 * :scale)
         0.000  \set delta random(-5000, 5000)
         0.303  BEGIN;
         0.584  UPDATE pgbench_accounts SET abalance = abalance + :delta WHERE aid = :aid;
         0.347  SELECT abalance FROM pgbench_accounts WHERE aid = :aid;
         1.099  UPDATE pgbench_tellers SET tbalance = tbalance + :delta WHERE tid = :tid;
         8.707  UPDATE pgbench_branches SET bbalance = bbalance + :delta WHERE bid = :bid;
         0.206  INSERT INTO pgbench_history (tid, bid, aid, delta, mtime) VALUES (:tid, :bid, :aid, :delta, CURRENT_TIMESTAMP);
       172.131  END;
starting vacuum...end.
transaction type: <builtin: TPC-B (sort of)>
scaling factor: 300
query mode: simple
number of clients: 32
number of threads: 4
duration: 60 s
number of transactions actually processed: 8064
latency average: 238.095 ms
tps = 134.120627 (including connections establishing)
tps = 134.125504 (excluding connections establishing)
script statistics:
 - statement latencies in milliseconds:
         0.002  \set aid random(1, 100000 * :scale)
         0.001  \set bid random(1, 1 * :scale)
         0.001  \set tid random(1, 10 * :scale)
         0.001  \set delta random(-5000, 5000)
         0.164  BEGIN;
        99.104  UPDATE pgbench_accounts SET abalance = abalance + :delta WHERE aid = :aid;
         0.165  SELECT abalance FROM pgbench_accounts WHERE aid = :aid;
         0.852  UPDATE pgbench_tellers SET tbalance = tbalance + :delta WHERE tid = :tid;
         5.284  UPDATE pgbench_branches SET bbalance = bbalance + :delta WHERE bid = :bid;
         0.338  INSERT INTO pgbench_history (tid, bid, aid, delta, mtime) VALUES (:tid, :bid, :aid, :delta, CURRENT_TIMESTAMP);
       132.782  END;
starting vacuum...end.
transaction type: <builtin: TPC-B (sort of)>
scaling factor: 300
query mode: simple
number of clients: 32
number of threads: 4
duration: 900 s
number of transactions actually processed: 81108
latency average: 355.082 ms
tps = 90.094791 (including connections establishing)
tps = 90.095009 (excluding connections establishing)
script statistics:
 - statement latencies in milliseconds:
         0.002  \set aid random(1, 100000 * :scale)
         0.001  \set bid random(1, 1 * :scale)
         0.001  \set tid random(1, 10 * :scale)
         0.001  \set delta random(-5000, 5000)
         0.174  BEGIN;
       106.554  UPDATE pgbench_accounts SET abalance = abalance + :delta WHERE aid = :aid;
         0.164  SELECT abalance FROM pgbench_accounts WHERE aid = :aid;
         1.190  UPDATE pgbench_tellers SET tbalance = tbalance + :delta WHERE tid = :tid;
        10.081  UPDATE pgbench_branches SET bbalance = bbalance + :delta WHERE bid = :bid;
         0.140  INSERT INTO pgbench_history (tid, bid, aid, delta, mtime) VALUES (:tid, :bid, :aid, :delta, CURRENT_TIMESTAMP);
       237.570  END;
========================================================================
Testing 2014-10-02-REL9_5_0~1996
Start Time: 2016-07-31 07:20:33+00:00
Linux 3.16.0-4-amd64 (Debian-83-jessie-64-minimal) 	31.07.16 	_x86_64_	(8 CPU)

starting vacuum...end.
transaction type: <builtin: TPC-B (sort of)>
scaling factor: 300
query mode: simple
number of clients: 32
number of threads: 4
duration: 900 s
number of transactions actually processed: 93721
latency average: 307.295 ms
tps = 104.080833 (including connections establishing)
tps = 104.081076 (excluding connections establishing)
script statistics:
 - statement latencies in milliseconds:
         0.002  \set aid random(1, 100000 * :scale)
         0.001  \set bid random(1, 1 * :scale)
         0.001  \set tid random(1, 10 * :scale)
         0.001  \set delta random(-5000, 5000)
         0.214  BEGIN;
        43.586  UPDATE pgbench_accounts SET abalance = abalance + :delta WHERE aid = :aid;
         0.185  SELECT abalance FROM pgbench_accounts WHERE aid = :aid;
         1.568  UPDATE pgbench_tellers SET tbalance = tbalance + :delta WHERE tid = :tid;
        12.539  UPDATE pgbench_branches SET bbalance = bbalance + :delta WHERE bid = :bid;
         0.329  INSERT INTO pgbench_history (tid, bid, aid, delta, mtime) VALUES (:tid, :bid, :aid, :delta, CURRENT_TIMESTAMP);
       249.357  END;
avg-cpu:  %user   %nice %system %iowait  %steal   %idle
           1,13    0,00    0,39   36,60    0,00   61,88

Device:         rrqm/s   wrqm/s     r/s     w/s    rkB/s    wkB/s avgrq-sz avgqu-sz   await r_await w_await  svctm  %util
sdb               0,00     2,19   23,81  165,76   249,35  2839,10    32,58    81,95  432,19   79,42  482,85   4,15  78,69
sda               0,01     2,18   45,27  165,77   480,42  2839,10    31,46    74,52  352,91   65,98  431,26   3,88  81,91
md0               0,00     0,00    0,10    0,00     0,41     0,00     8,00     0,00    0,00    0,00    0,00   0,00   0,00
md1               0,00     0,00    0,00    0,00     0,00     0,00     0,00     0,00    0,00    0,00    0,00   0,00   0,00
md2               0,00     0,00   68,98  167,21   729,37  2837,21    30,20     0,00    0,00    0,00    0,00   0,00   0,00
md3               0,00     0,00    0,00    0,01     0,00     0,04     8,00     0,00    0,00    0,00    0,00   0,00   0,00

End Time: 2016-07-31 07:36:03+00:00
========================================================================
========================================================================
Testing 2014-10-02-REL9_5_0~1996
Start Time: 2016-08-07 23:52:40+00:00
Shared Buffers:  260000
Linux 3.16.0-4-amd64 (Debian-83-jessie-64-minimal) 	08.08.16 	_x86_64_	(8 CPU)

starting vacuum...end.
transaction type: <builtin: TPC-B (sort of)>
scaling factor: 300
query mode: simple
number of clients: 32
number of threads: 4
duration: 900 s
number of transactions actually processed: 188275
latency average: 152.968 ms
tps = 209.100573 (including connections establishing)
tps = 209.101059 (excluding connections establishing)
script statistics:
 - statement latencies in milliseconds:
         0.002  \set aid random(1, 100000 * :scale)
         0.001  \set bid random(1, 1 * :scale)
         0.001  \set tid random(1, 10 * :scale)
         0.001  \set delta random(-5000, 5000)
         0.218  BEGIN;
         8.472  UPDATE pgbench_accounts SET abalance = abalance + :delta WHERE aid = :aid;
         0.270  SELECT abalance FROM pgbench_accounts WHERE aid = :aid;
         0.980  UPDATE pgbench_tellers SET tbalance = tbalance + :delta WHERE tid = :tid;
         7.236  UPDATE pgbench_branches SET bbalance = bbalance + :delta WHERE bid = :bid;
         0.187  INSERT INTO pgbench_history (tid, bid, aid, delta, mtime) VALUES (:tid, :bid, :aid, :delta, CURRENT_TIMESTAMP);
       136.219  END;
avg-cpu:  %user   %nice %system %iowait  %steal   %idle
           2,16    0,00    0,65   18,98    0,00   78,21

Device:         rrqm/s   wrqm/s     r/s     w/s    rkB/s    wkB/s avgrq-sz avgqu-sz   await r_await w_await  svctm  %util
sdb               0,03     2,17   15,00  232,43   181,53  4723,63    39,65    56,34  227,65   45,31  239,42   2,93  72,62
sda               0,12     2,15   48,77  232,42   596,02  4723,50    37,84    61,52  218,62   38,16  256,49   3,17  89,16
md0               0,00     0,00    0,29    0,03     1,17     0,11     8,00     0,00    0,00    0,00    0,00   0,00   0,00
md1               0,00     0,00    0,00    0,00     0,00     0,00     0,00     0,00    0,00    0,00    0,00   0,00   0,00
md2               0,00     0,00   63,63  233,92   776,37  4722,95    36,96     0,00    0,00    0,00    0,00   0,00   0,00
md3               0,00     0,00    0,00    0,01     0,00     0,04     8,00     0,00    0,00    0,00    0,00   0,00   0,00

Control File Changes
--- /usr/local/oldpgsql/2014-10-02-REL9_5_0~1996/before.controldata	2016-08-08 01:52:40.693725387 +0200
+++ /usr/local/oldpgsql/2014-10-02-REL9_5_0~1996/after.controldata	2016-08-08 02:09:34.869647377 +0200
@@ -2,16 +2,16 @@
 Catalog version number:               201409293
 Database system identifier:           6255387703999716954
 Database cluster state:               in production
-pg_control last modified:             пн, 08-сер-2016 01:52:40 +0200
-Latest checkpoint location:           1/224F9C00
-Prior checkpoint location:            1/224F9B98
-Latest checkpoint's REDO location:    1/224F9C00
-Latest checkpoint's REDO WAL file:    000000010000000100000022
+pg_control last modified:             пн, 08-сер-2016 02:09:34 +0200
+Latest checkpoint location:           1/A96809C0
+Prior checkpoint location:            1/A9680958
+Latest checkpoint's REDO location:    1/A96809C0
+Latest checkpoint's REDO WAL file:    0000000100000001000000A9
 Latest checkpoint's TimeLineID:       1
 Latest checkpoint's PrevTimeLineID:   1
 Latest checkpoint's full_page_writes: on
-Latest checkpoint's NextXID:          0/219110
-Latest checkpoint's NextOID:          16463
+Latest checkpoint's NextXID:          0/407430
+Latest checkpoint's NextOID:          24655
 Latest checkpoint's NextMultiXactId:  1
 Latest checkpoint's NextMultiOffset:  0
 Latest checkpoint's oldestXID:        701
@@ -19,7 +19,7 @@
 Latest checkpoint's oldestActiveXID:  0
 Latest checkpoint's oldestMultiXid:   1
 Latest checkpoint's oldestMulti's DB: 16384
-Time of latest checkpoint:            пн, 08-сер-2016 01:52:33 +0200
+Time of latest checkpoint:            пн, 08-сер-2016 02:08:52 +0200
 Fake LSN counter for unlogged rels:   0/1
 Minimum recovery ending location:     0/0
 Min recovery ending loc's timeline:   0
End Time: 2016-08-08 00:09:34+00:00
========================================================================
========================================================================
Testing 2014-10-02-REL9_5_0~1996
Start Time: 2016-08-09 08:41:24+00:00
Shared Buffers:  260000
size before pgbench of pgbench_tellers: 8
size before pgbench of pgbench_branches: 8
size before pgbench of pgbench_accounts: 64
size before pgbench of pgbench_branches_pkey: 16
size before pgbench of pgbench_tellers_pkey: 152
size before pgbench of pgbench_accounts_pkey: 658092
size before pgbench of pgbench_history: 24
total size before pgbench: 658364
Linux 3.16.0-4-amd64 (Debian-83-jessie-64-minimal) 	09.08.16 	_x86_64_	(8 CPU)

starting vacuum...end.
transaction type: <builtin: select only>
scaling factor: 300
query mode: simple
number of clients: 32
number of threads: 4
duration: 60 s
number of transactions actually processed: 4168628
latency average: 0.461 ms
tps = 69454.680950 (including connections establishing)
tps = 69456.769404 (excluding connections establishing)
script statistics:
 - statement latencies in milliseconds:
         0.001  \set aid random(1, 100000 * :scale)
         0.463  SELECT abalance FROM pgbench_accounts WHERE aid = :aid;
avg-cpu:  %user   %nice %system %iowait  %steal   %idle
          41,16    0,00    8,11   14,32    0,00   36,41

Device:         rrqm/s   wrqm/s     r/s     w/s    rkB/s    wkB/s avgrq-sz avgqu-sz   await r_await w_await  svctm  %util
sdb               0,26     1,48   98,78    3,07  1085,60    16,63    21,65     7,72   75,76   74,96  101,61   2,82  28,72
sda               1,22     1,48  100,18    3,07  1091,64    16,63    21,47     7,68   74,41   73,17  114,96   2,91  30,02
md0               0,00     0,00    2,91    0,00    11,64     0,00     8,00     0,00    0,00    0,00    0,00   0,00   0,00
md1               0,00     0,00    0,00    0,00     0,00     0,00     0,00     0,00    0,00    0,00    0,00   0,00   0,00
md2               0,00     0,00  197,62    2,97  2165,60    13,11    21,72     0,00    0,00    0,00    0,00   0,00   0,00
md3               0,00     0,00    0,00    0,10     0,00     0,40     8,00     0,00    0,00    0,00    0,00   0,00   0,00

Control File Changes
--- /usr/local/oldpgsql/2014-10-02-REL9_5_0~1996/before.controldata	2016-08-09 10:43:44.459022937 +0200
+++ /usr/local/oldpgsql/2014-10-02-REL9_5_0~1996/after.controldata	2016-08-09 10:45:14.847305551 +0200
@@ -5,4 +5,4 @@
-pg_control last modified:             Tue Aug  9 08:43:44 2016
-Latest checkpoint location:           1/F48F9D38
-Prior checkpoint location:            1/F48F9CD0
-Latest checkpoint's REDO location:    1/F48F9D38
+pg_control last modified:             Tue Aug  9 08:45:14 2016
+Latest checkpoint location:           1/F48FD878
+Prior checkpoint location:            1/F48F9D38
+Latest checkpoint's REDO location:    1/F48FD878
@@ -13,2 +13,2 @@
-Latest checkpoint's NextXID:          0/407430
-Latest checkpoint's NextOID:          16464
+Latest checkpoint's NextXID:          0/407431
+Latest checkpoint's NextOID:          24656
@@ -22 +22 @@
-Time of latest checkpoint:            Tue Aug  9 08:43:43 2016
+Time of latest checkpoint:            Tue Aug  9 08:45:14 2016
size after pgbench of pgbench_tellers: 8
size after pgbench of pgbench_branches: 8
size after pgbench of pgbench_accounts: 64
size after pgbench of pgbench_branches_pkey: 16
size after pgbench of pgbench_tellers_pkey: 152
size after pgbench of pgbench_accounts_pkey: 658092
size after pgbench of pgbench_history: 0
total size after pgbench: 658340
End Time: 2016-08-09 08:45:14+00:00
========================================================================
========================================================================
Testing 2014-10-02-REL9_5_0~1996
Start Time: 2016-08-09 15:38:27+00:00
Shared Buffers:  260000
size before pgbench of pgbench_tellers: 8
size before pgbench of pgbench_branches: 8
size before pgbench of pgbench_accounts: 64
size before pgbench of pgbench_branches_pkey: 16
size before pgbench of pgbench_tellers_pkey: 152
size before pgbench of pgbench_accounts_pkey: 658092
size before pgbench of pgbench_history: 0
total size before pgbench: 658340
Linux 3.16.0-4-amd64 (Debian-83-jessie-64-minimal) 	09.08.16 	_x86_64_	(8 CPU)

starting vacuum...end.
transaction type: <builtin: select only>
scaling factor: 300
query mode: simple
number of clients: 32
number of threads: 4
duration: 60 s
number of transactions actually processed: 4226358
latency average: 0.454 ms
tps = 70414.417892 (including connections establishing)
tps = 70416.895361 (excluding connections establishing)
script statistics:
 - statement latencies in milliseconds:
         0.001  \set aid random(1, 100000 * :scale)
         0.457  SELECT abalance FROM pgbench_accounts WHERE aid = :aid;
avg-cpu:  %user   %nice %system %iowait  %steal   %idle
          41,68    0,00    8,21   14,69    0,00   35,42

Device:         rrqm/s   wrqm/s     r/s     w/s    rkB/s    wkB/s avgrq-sz avgqu-sz   await r_await w_await  svctm  %util
sdb               0,00     0,98   96,99    2,16  1074,84    12,31    21,93     6,96   70,15   67,11  207,28   2,70  26,73
sda               0,36     0,98   97,42    2,16  1064,62    12,31    21,63     8,16   81,98   80,90  130,70   2,79  27,78
md0               0,00     0,00    0,07    0,00     0,27     0,00     8,00     0,00    0,00    0,00    0,00   0,00   0,00
md1               0,00     0,00    0,00    0,00     0,00     0,00     0,00     0,00    0,00    0,00    0,00   0,00   0,00
md2               0,00     0,00  194,81    1,81  2139,20     9,20    21,85     0,00    0,00    0,00    0,00   0,00   0,00
md3               0,00     0,00    0,00    0,10     0,00     0,40     8,00     0,00    0,00    0,00    0,00   0,00   0,00

Control File Changes
--- /usr/local/oldpgsql/2014-10-02-REL9_5_0~1996/before.controldata	2016-08-09 17:39:36.575138127 +0200
+++ /usr/local/oldpgsql/2014-10-02-REL9_5_0~1996/after.controldata	2016-08-09 17:41:06.819684438 +0200
@@ -5,4 +5,4 @@
-pg_control last modified:             Tue Aug  9 15:39:36 2016
-Latest checkpoint location:           1/F48FD948
-Prior checkpoint location:            1/F48FD8E0
-Latest checkpoint's REDO location:    1/F48FD948
+pg_control last modified:             Tue Aug  9 15:41:06 2016
+Latest checkpoint location:           1/F4901578
+Prior checkpoint location:            1/F48FD948
+Latest checkpoint's REDO location:    1/F4901578
@@ -13,2 +13,2 @@
-Latest checkpoint's NextXID:          0/407431
-Latest checkpoint's NextOID:          16465
+Latest checkpoint's NextXID:          0/407432
+Latest checkpoint's NextOID:          24657
@@ -22 +22 @@
-Time of latest checkpoint:            Tue Aug  9 15:39:36 2016
+Time of latest checkpoint:            Tue Aug  9 15:41:06 2016
size after pgbench of pgbench_tellers: 8
size after pgbench of pgbench_branches: 8
size after pgbench of pgbench_accounts: 64
size after pgbench of pgbench_branches_pkey: 16
size after pgbench of pgbench_tellers_pkey: 152
size after pgbench of pgbench_accounts_pkey: 658092
size after pgbench of pgbench_history: 0
total size after pgbench: 658340
End Time: 2016-08-09 15:41:06+00:00
========================================================================
========================================================================
Testing 2014-10-02-REL9_5_0~1996
Start Time: 2016-08-10 07:10:31+00:00
Shared Buffers:  260000
size before pgbench of pgbench_tellers: 8
size before pgbench of pgbench_branches: 8
size before pgbench of pgbench_accounts: 64
size before pgbench of pgbench_branches_pkey: 16
size before pgbench of pgbench_tellers_pkey: 152
size before pgbench of pgbench_accounts_pkey: 658092
size before pgbench of pgbench_history: 0
total size before pgbench: 658340
Linux 3.16.0-4-amd64 (Debian-83-jessie-64-minimal) 	10.08.16 	_x86_64_	(8 CPU)

starting vacuum...end.
transaction type: <builtin: select only>
scaling factor: 300
query mode: simple
number of clients: 32
number of threads: 4
duration: 60 s
number of transactions actually processed: 4185763
latency average: 0.459 ms
tps = 69735.193348 (including connections establishing)
tps = 69738.120758 (excluding connections establishing)
script statistics:
 - statement latencies in milliseconds:
         0.001  \set aid random(1, 100000 * :scale)
         0.460  SELECT abalance FROM pgbench_accounts WHERE aid = :aid;
avg-cpu:  %user   %nice %system %iowait  %steal   %idle
          41,11    0,00    8,29   14,11    0,00   36,48

Device:         rrqm/s   wrqm/s     r/s     w/s    rkB/s    wkB/s avgrq-sz avgqu-sz   await r_await w_await  svctm  %util
sdb               0,02     0,94   97,83    2,33  1069,07    11,43    21,57     7,46   74,52   74,49   76,10   2,75  27,56
sda               0,56     0,94   98,27    2,33  1072,00    11,43    21,54     7,81   77,61   76,11  140,50   2,87  28,92
md0               0,00     0,00    0,37    0,00     1,47     0,00     8,00     0,00    0,00    0,00    0,00   0,00   0,00
md1               0,00     0,00    0,00    0,00     0,00     0,00     0,00     0,00    0,00    0,00    0,00   0,00   0,00
md2               0,00     0,00  196,38    1,73  2139,20     8,00    21,68     0,00    0,00    0,00    0,00   0,00   0,00
md3               0,00     0,00    0,00    0,11     0,00     0,44     8,00     0,00    0,00    0,00    0,00   0,00   0,00

Control File Changes
--- /usr/local/oldpgsql/2014-10-02-REL9_5_0~1996/before.controldata	2016-08-10 09:11:40.119331512 +0200
+++ /usr/local/oldpgsql/2014-10-02-REL9_5_0~1996/after.controldata	2016-08-10 09:13:10.483531386 +0200
@@ -5,4 +5,4 @@
-pg_control last modified:             Wed Aug 10 07:11:40 2016
-Latest checkpoint location:           1/F4901648
-Prior checkpoint location:            1/F49015E0
-Latest checkpoint's REDO location:    1/F4901648
+pg_control last modified:             Wed Aug 10 07:13:10 2016
+Latest checkpoint location:           1/F4905370
+Prior checkpoint location:            1/F4901648
+Latest checkpoint's REDO location:    1/F4905370
@@ -13,2 +13,2 @@
-Latest checkpoint's NextXID:          0/407432
-Latest checkpoint's NextOID:          16466
+Latest checkpoint's NextXID:          0/407433
+Latest checkpoint's NextOID:          24658
@@ -22 +22 @@
-Time of latest checkpoint:            Wed Aug 10 07:11:39 2016
+Time of latest checkpoint:            Wed Aug 10 07:13:10 2016
size after pgbench of pgbench_tellers: 8
size after pgbench of pgbench_branches: 8
size after pgbench of pgbench_accounts: 64
size after pgbench of pgbench_branches_pkey: 16
size after pgbench of pgbench_tellers_pkey: 152
size after pgbench of pgbench_accounts_pkey: 658092
size after pgbench of pgbench_history: 0
total size after pgbench: 658340
End Time: 2016-08-10 07:13:10+00:00
========================================================================
========================================================================
Testing 2014-10-02-REL9_5_0~1996
Start Time: 2016-08-10 22:40:04+00:00
Shared Buffers:  260000
size before pgbench of pgbench_tellers: 8
size before pgbench of pgbench_branches: 8
size before pgbench of pgbench_accounts: 64
size before pgbench of pgbench_branches_pkey: 16
size before pgbench of pgbench_tellers_pkey: 152
size before pgbench of pgbench_accounts_pkey: 658092
size before pgbench of pgbench_history: 0
total size before pgbench: 658340
Linux 3.16.0-4-amd64 (Debian-83-jessie-64-minimal) 	11.08.16 	_x86_64_	(8 CPU)

starting vacuum...end.
transaction type: <builtin: select only>
scaling factor: 300
query mode: simple
number of clients: 32
number of threads: 4
duration: 60 s
number of transactions actually processed: 4226196
latency average: 0.454 ms
tps = 70408.207890 (including connections establishing)
tps = 70410.767463 (excluding connections establishing)
script statistics:
 - statement latencies in milliseconds:
         0.001  \set aid random(1, 100000 * :scale)
         0.455  SELECT abalance FROM pgbench_accounts WHERE aid = :aid;
avg-cpu:  %user   %nice %system %iowait  %steal   %idle
          41,95    0,00    8,12   13,91    0,00   36,02

Device:         rrqm/s   wrqm/s     r/s     w/s    rkB/s    wkB/s avgrq-sz avgqu-sz   await r_await w_await  svctm  %util
sdb               0,00     0,96   97,41    2,29  1072,80    12,48    21,77     7,74   77,60   68,49  465,36   2,69  26,85
sda               0,08     0,97   98,13    2,27  1066,58    12,48    21,50     7,96   79,29   70,38  465,02   2,77  27,79
md0               0,00     0,00    0,03    0,00     0,13     0,00     8,00     0,00    0,00    0,00    0,00   0,00   0,00
md1               0,00     0,00    0,00    0,00     0,00     0,00     0,00     0,00    0,00    0,00    0,00   0,00   0,00
md2               0,00     0,00  195,63    1,93  2139,24     9,47    21,75     0,00    0,00    0,00    0,00   0,00   0,00
md3               0,00     0,00    0,00    0,10     0,00     0,40     8,00     0,00    0,00    0,00    0,00   0,00   0,00

Control File Changes
--- /usr/local/oldpgsql/2014-10-02-REL9_5_0~1996/before.controldata	2016-08-11 00:41:14.465187502 +0200
+++ /usr/local/oldpgsql/2014-10-02-REL9_5_0~1996/after.controldata	2016-08-11 00:42:44.805374061 +0200
@@ -5,4 +5,4 @@
-pg_control last modified:             Wed Aug 10 22:41:14 2016
-Latest checkpoint location:           1/F4905440
-Prior checkpoint location:            1/F49053D8
-Latest checkpoint's REDO location:    1/F4905440
+pg_control last modified:             Wed Aug 10 22:42:44 2016
+Latest checkpoint location:           1/F4909298
+Prior checkpoint location:            1/F4905440
+Latest checkpoint's REDO location:    1/F4909298
@@ -13,2 +13,2 @@
-Latest checkpoint's NextXID:          0/407433
-Latest checkpoint's NextOID:          16467
+Latest checkpoint's NextXID:          0/407434
+Latest checkpoint's NextOID:          24659
@@ -22 +22 @@
-Time of latest checkpoint:            Wed Aug 10 22:41:14 2016
+Time of latest checkpoint:            Wed Aug 10 22:42:44 2016
size after pgbench of pgbench_tellers: 8
size after pgbench of pgbench_branches: 8
size after pgbench of pgbench_accounts: 64
size after pgbench of pgbench_branches_pkey: 16
size after pgbench of pgbench_tellers_pkey: 152
size after pgbench of pgbench_accounts_pkey: 658092
size after pgbench of pgbench_history: 0
total size after pgbench: 658340
End Time: 2016-08-10 22:42:44+00:00
========================================================================
========================================================================
Testing 2014-10-02-REL9_5_0~1996
Start Time: 2016-08-11 21:12:56+00:00
Shared Buffers:  260000
size before pgbench of pgbench_tellers: 8
size before pgbench of pgbench_branches: 8
size before pgbench of pgbench_accounts: 64
size before pgbench of pgbench_branches_pkey: 16
size before pgbench of pgbench_tellers_pkey: 152
size before pgbench of pgbench_accounts_pkey: 658092
size before pgbench of pgbench_history: 0
total size before pgbench: 658340
Linux 3.16.0-4-amd64 (Debian-83-jessie-64-minimal) 	11.08.16 	_x86_64_	(8 CPU)

starting vacuum...end.
transaction type: <builtin: select only>
scaling factor: 300
query mode: simple
number of clients: 32
number of threads: 4
duration: 60 s
number of transactions actually processed: 4173743
latency average: 0.460 ms
tps = 69534.158260 (including connections establishing)
tps = 69537.085705 (excluding connections establishing)
script statistics:
 - statement latencies in milliseconds:
         0.001  \set aid random(1, 100000 * :scale)
         0.462  SELECT abalance FROM pgbench_accounts WHERE aid = :aid;
avg-cpu:  %user   %nice %system %iowait  %steal   %idle
          41,16    0,00    8,24   14,34    0,00   36,26

Device:         rrqm/s   wrqm/s     r/s     w/s    rkB/s    wkB/s avgrq-sz avgqu-sz   await r_await w_await  svctm  %util
sdb               0,84     0,97   99,70    2,08  1099,29    11,08    21,82    10,94  107,47   89,08  989,93   2,72  27,71
sda               2,17     0,97   99,37    2,08  1105,20    11,08    22,01     5,82   57,38   56,94   78,46   2,86  29,00
md0               0,00     0,00    4,73    0,00    18,93     0,00     8,00     0,00    0,00    0,00    0,00   0,00   0,00
md1               0,00     0,00    0,00    0,00     0,00     0,00     0,00     0,00    0,00    0,00    0,00   0,00   0,00
md2               0,00     0,00  197,37    1,77  2185,29     8,13    22,03     0,00    0,00    0,00    0,00   0,00   0,00
md3               0,00     0,00    0,00    0,10     0,00     0,40     8,00     0,00    0,00    0,00    0,00   0,00   0,00

Control File Changes
--- /usr/local/oldpgsql/2014-10-02-REL9_5_0~1996/before.controldata	2016-08-11 23:14:05.109623178 +0200
+++ /usr/local/oldpgsql/2014-10-02-REL9_5_0~1996/after.controldata	2016-08-11 23:15:35.376394061 +0200
@@ -5,4 +5,4 @@
-pg_control last modified:             Thu Aug 11 21:14:04 2016
-Latest checkpoint location:           1/F4909368
-Prior checkpoint location:            1/F4909300
-Latest checkpoint's REDO location:    1/F4909368
+pg_control last modified:             Thu Aug 11 21:15:35 2016
+Latest checkpoint location:           1/F490CFD8
+Prior checkpoint location:            1/F4909368
+Latest checkpoint's REDO location:    1/F490CFD8
@@ -13,2 +13,2 @@
-Latest checkpoint's NextXID:          0/407434
-Latest checkpoint's NextOID:          16468
+Latest checkpoint's NextXID:          0/407435
+Latest checkpoint's NextOID:          24660
@@ -22 +22 @@
-Time of latest checkpoint:            Thu Aug 11 21:14:04 2016
+Time of latest checkpoint:            Thu Aug 11 21:15:35 2016
size after pgbench of pgbench_tellers: 8
size after pgbench of pgbench_branches: 8
size after pgbench of pgbench_accounts: 64
size after pgbench of pgbench_branches_pkey: 16
size after pgbench of pgbench_tellers_pkey: 152
size after pgbench of pgbench_accounts_pkey: 658092
size after pgbench of pgbench_history: 0
total size after pgbench: 658340
End Time: 2016-08-11 21:15:35+00:00
========================================================================
========================================================================
Testing 2014-10-02-REL9_5_0~1996
Start Time: 2016-08-12 05:01:31+00:00
Shared Buffers:  260000
size before pgbench of pgbench_tellers: 8
size before pgbench of pgbench_branches: 8
size before pgbench of pgbench_accounts: 64
size before pgbench of pgbench_branches_pkey: 16
size before pgbench of pgbench_tellers_pkey: 152
size before pgbench of pgbench_accounts_pkey: 658092
size before pgbench of pgbench_history: 0
total size before pgbench: 658340
Linux 3.16.0-4-amd64 (Debian-83-jessie-64-minimal) 	12.08.16 	_x86_64_	(8 CPU)

starting vacuum...end.
transaction type: <builtin: select only>
scaling factor: 300
query mode: simple
number of clients: 64
number of threads: 4
duration: 60 s
number of transactions actually processed: 3988905
latency average: 0.963 ms
tps = 66449.518661 (including connections establishing)
tps = 66451.717786 (excluding connections establishing)
script statistics:
 - statement latencies in milliseconds:
         0.001  \set aid random(1, 100000 * :scale)
         0.967  SELECT abalance FROM pgbench_accounts WHERE aid = :aid;
avg-cpu:  %user   %nice %system %iowait  %steal   %idle
          40,74    0,00    8,69   14,99    0,00   35,58

Device:         rrqm/s   wrqm/s     r/s     w/s    rkB/s    wkB/s avgrq-sz avgqu-sz   await r_await w_await  svctm  %util
sdb               0,34     0,97   98,51    2,46  1078,80    11,87    21,60    17,17  169,98  169,86  174,70   2,82  28,51
sda               0,06     0,97   98,51    2,46  1061,02    11,87    21,25    11,10  109,88  108,39  169,63   2,94  29,70
md0               0,00     0,00    0,14    0,00     0,58     0,00     8,00     0,00    0,00    0,00    0,00   0,00   0,00
md1               0,00     0,00    0,00    0,00     0,00     0,00     0,00     0,00    0,00    0,00    0,00   0,00   0,00
md2               0,00     0,00  197,43    1,81  2139,24     8,31    21,56     0,00    0,00    0,00    0,00   0,00   0,00
md3               0,00     0,00    0,00    0,10     0,00     0,40     8,00     0,00    0,00    0,00    0,00   0,00   0,00

Control File Changes
--- /usr/local/oldpgsql/2014-10-02-REL9_5_0~1996/before.controldata	2016-08-12 07:02:41.416818984 +0200
+++ /usr/local/oldpgsql/2014-10-02-REL9_5_0~1996/after.controldata	2016-08-12 07:04:11.760965070 +0200
@@ -5,4 +5,4 @@
-pg_control last modified:             Fri Aug 12 05:02:41 2016
-Latest checkpoint location:           1/F490D0A8
-Prior checkpoint location:            1/F490D040
-Latest checkpoint's REDO location:    1/F490D0A8
+pg_control last modified:             Fri Aug 12 05:04:11 2016
+Latest checkpoint location:           1/F4910E08
+Prior checkpoint location:            1/F490D0A8
+Latest checkpoint's REDO location:    1/F4910E08
@@ -13,2 +13,2 @@
-Latest checkpoint's NextXID:          0/407435
-Latest checkpoint's NextOID:          16469
+Latest checkpoint's NextXID:          0/407436
+Latest checkpoint's NextOID:          24661
@@ -22 +22 @@
-Time of latest checkpoint:            Fri Aug 12 05:02:40 2016
+Time of latest checkpoint:            Fri Aug 12 05:04:11 2016
size after pgbench of pgbench_tellers: 8
size after pgbench of pgbench_branches: 8
size after pgbench of pgbench_accounts: 64
size after pgbench of pgbench_branches_pkey: 16
size after pgbench of pgbench_tellers_pkey: 152
size after pgbench of pgbench_accounts_pkey: 658092
size after pgbench of pgbench_history: 0
total size after pgbench: 658340
End Time: 2016-08-12 05:04:11+00:00
========================================================================
========================================================================
Testing 2014-10-02-REL9_5_0~1996
Start Time: 2016-08-12 13:37:49+00:00
Shared Buffers:  260000
size before pgbench of pgbench_tellers: 8
size before pgbench of pgbench_branches: 8
size before pgbench of pgbench_accounts: 64
size before pgbench of pgbench_branches_pkey: 16
size before pgbench of pgbench_tellers_pkey: 152
size before pgbench of pgbench_accounts_pkey: 658092
size before pgbench of pgbench_history: 0
total size before pgbench: 658340
starting vacuum...Linux 3.16.0-4-amd64 (Debian-83-jessie-64-minimal) 	12.08.16 	_x86_64_	(8 CPU)

end.
transaction type: <builtin: select only>
scaling factor: 300
query mode: simple
number of clients: 64
number of threads: 4
duration: 60 s
number of transactions actually processed: 4036889
latency average: 0.951 ms
tps = 67227.701172 (including connections establishing)
tps = 67229.963069 (excluding connections establishing)
script statistics:
 - statement latencies in milliseconds:
         0.001  \set aid random(1, 100000 * :scale)
         0.956  SELECT abalance FROM pgbench_accounts WHERE aid = :aid;
avg-cpu:  %user   %nice %system %iowait  %steal   %idle
          41,01    0,00    8,71   14,95    0,00   35,33

Device:         rrqm/s   wrqm/s     r/s     w/s    rkB/s    wkB/s avgrq-sz avgqu-sz   await r_await w_await  svctm  %util
sdb               0,00     0,92   97,98    2,42  1071,73    11,71    21,58    21,14  210,56  187,16 1157,27   2,68  26,89
sda               0,00     0,91   98,78    2,44  1066,04    11,98    21,30     9,34   92,29   91,79  112,33   2,82  28,50
md0               0,00     0,00    0,00    0,00     0,00     0,00     0,00     0,00    0,00    0,00    0,00   0,00   0,00
md1               0,00     0,00    0,00    0,00     0,00     0,00     0,00     0,00    0,00    0,00    0,00   0,00   0,00
md2               0,00     0,00  196,83    2,18  2137,78     9,56    21,58     0,00    0,00    0,00    0,00   0,00   0,00
md3               0,00     0,00    0,00    0,00     0,00     0,00     0,00     0,00    0,00    0,00    0,00   0,00   0,00

Control File Changes
--- /usr/local/oldpgsql/2014-10-02-REL9_5_0~1996/before.controldata	2016-08-12 15:38:57.240625916 +0200
+++ /usr/local/oldpgsql/2014-10-02-REL9_5_0~1996/after.controldata	2016-08-12 15:40:27.504877235 +0200
@@ -5,4 +5,4 @@
-pg_control last modified:             Fri Aug 12 13:38:57 2016
-Latest checkpoint location:           1/F4910ED8
-Prior checkpoint location:            1/F4910E70
-Latest checkpoint's REDO location:    1/F4910ED8
+pg_control last modified:             Fri Aug 12 13:40:27 2016
+Latest checkpoint location:           1/F4914D30
+Prior checkpoint location:            1/F4910ED8
+Latest checkpoint's REDO location:    1/F4914D30
@@ -13,2 +13,2 @@
-Latest checkpoint's NextXID:          0/407436
-Latest checkpoint's NextOID:          16470
+Latest checkpoint's NextXID:          0/407437
+Latest checkpoint's NextOID:          24662
@@ -22 +22 @@
-Time of latest checkpoint:            Fri Aug 12 13:38:56 2016
+Time of latest checkpoint:            Fri Aug 12 13:40:27 2016
size after pgbench of pgbench_tellers: 8
size after pgbench of pgbench_branches: 8
size after pgbench of pgbench_accounts: 64
size after pgbench of pgbench_branches_pkey: 16
size after pgbench of pgbench_tellers_pkey: 152
size after pgbench of pgbench_accounts_pkey: 658092
size after pgbench of pgbench_history: 0
total size after pgbench: 658340
End Time: 2016-08-12 13:40:27+00:00
========================================================================
========================================================================
Testing 2014-10-02-REL9_5_0~1996
Start Time: 2016-08-12 19:51:11+00:00
Shared Buffers:  260000
size before pgbench of pgbench_tellers: 8
size before pgbench of pgbench_branches: 8
size before pgbench of pgbench_accounts: 64
size before pgbench of pgbench_branches_pkey: 16
size before pgbench of pgbench_tellers_pkey: 152
size before pgbench of pgbench_accounts_pkey: 658092
size before pgbench of pgbench_history: 0
total size before pgbench: 658340
+ /usr/local/pgsql/bin/pgbench -T 60 -S -c 64 -j 4 -r
Linux 3.16.0-4-amd64 (Debian-83-jessie-64-minimal) 	12.08.16 	_x86_64_	(8 CPU)

starting vacuum...end.
transaction type: <builtin: select only>
scaling factor: 300
query mode: simple
number of clients: 64
number of threads: 4
duration: 60 s
number of transactions actually processed: 3947604
latency average: 0.973 ms
tps = 65712.595412 (including connections establishing)
tps = 65714.929785 (excluding connections establishing)
script statistics:
 - statement latencies in milliseconds:
         0.001  \set aid random(1, 100000 * :scale)
         0.977  SELECT abalance FROM pgbench_accounts WHERE aid = :aid;
avg-cpu:  %user   %nice %system %iowait  %steal   %idle
          40,27    0,00    8,50   15,53    0,00   35,70

Device:         rrqm/s   wrqm/s     r/s     w/s    rkB/s    wkB/s avgrq-sz avgqu-sz   await r_await w_await  svctm  %util
sdb               0,34     0,87   98,69    2,21  1065,16    11,18    21,33    13,00  128,83  128,00  165,73   2,78  28,09
sda               1,32     0,88  101,24    2,20  1084,89    11,18    21,19    17,72  171,33  154,94  925,76   2,85  29,51
md0               0,00     0,00    2,20    0,00     8,80     0,00     8,00     0,00    0,00    0,00    0,00   0,00   0,00
md1               0,00     0,00    0,00    0,00     0,00     0,00     0,00     0,00    0,00    0,00    0,00   0,00   0,00
md2               0,00     0,00  199,62    1,78  2140,84     8,18    21,34     0,00    0,00    0,00    0,00   0,00   0,00
md3               0,00     0,00    0,00    0,10     0,00     0,40     8,00     0,00    0,00    0,00    0,00   0,00   0,00

Control File Changes
--- /usr/local/oldpgsql/2014-10-02-REL9_5_0~1996/before.controldata	2016-08-12 21:52:21.256633540 +0200
+++ /usr/local/oldpgsql/2014-10-02-REL9_5_0~1996/after.controldata	2016-08-12 21:53:51.528854513 +0200
@@ -5,4 +5,4 @@
-pg_control last modified:             Fri Aug 12 19:52:21 2016
-Latest checkpoint location:           1/F4914E00
-Prior checkpoint location:            1/F4914D98
-Latest checkpoint's REDO location:    1/F4914E00
+pg_control last modified:             Fri Aug 12 19:53:51 2016
+Latest checkpoint location:           1/F4918D88
+Prior checkpoint location:            1/F4914E00
+Latest checkpoint's REDO location:    1/F4918D88
@@ -13,2 +13,2 @@
-Latest checkpoint's NextXID:          0/407437
-Latest checkpoint's NextOID:          16471
+Latest checkpoint's NextXID:          0/407438
+Latest checkpoint's NextOID:          24663
@@ -22 +22 @@
-Time of latest checkpoint:            Fri Aug 12 19:52:20 2016
+Time of latest checkpoint:            Fri Aug 12 19:53:51 2016
size after pgbench of pgbench_tellers: 8
size after pgbench of pgbench_branches: 8
size after pgbench of pgbench_accounts: 64
size after pgbench of pgbench_branches_pkey: 16
size after pgbench of pgbench_tellers_pkey: 152
size after pgbench of pgbench_accounts_pkey: 658092
size after pgbench of pgbench_history: 0
total size after pgbench: 658340
End Time: 2016-08-12 19:53:51+00:00
========================================================================
========================================================================
Testing 2014-10-02-REL9_5_0~1996
Start Time: 2016-08-13 01:50:51+00:00
Shared Buffers:  260000
size before pgbench of pgbench_tellers: 8
size before pgbench of pgbench_branches: 8
size before pgbench of pgbench_accounts: 64
size before pgbench of pgbench_branches_pkey: 16
size before pgbench of pgbench_tellers_pkey: 152
size before pgbench of pgbench_accounts_pkey: 658092
size before pgbench of pgbench_history: 0
total size before pgbench: 658340
Linux 3.16.0-4-amd64 (Debian-83-jessie-64-minimal) 	13.08.16 	_x86_64_	(8 CPU)

starting vacuum...end.
transaction type: <builtin: select only>
scaling factor: 300
query mode: simple
number of clients: 48
number of threads: 4
duration: 60 s
number of transactions actually processed: 4204561
latency average: 0.685 ms
tps = 70032.114701 (including connections establishing)
tps = 70034.764828 (excluding connections establishing)
script statistics:
 - statement latencies in milliseconds:
         0.001  \set aid random(1, 100000 * :scale)
         0.691  SELECT abalance FROM pgbench_accounts WHERE aid = :aid;
avg-cpu:  %user   %nice %system %iowait  %steal   %idle
          41,71    0,00    8,43   13,92    0,00   35,94

Device:         rrqm/s   wrqm/s     r/s     w/s    rkB/s    wkB/s avgrq-sz avgqu-sz   await r_await w_await  svctm  %util
sdb               0,42     0,92   94,52    2,63  1041,11    12,90    21,70     9,20   94,67   77,43  713,67   2,73  26,49
sda               0,30     0,93  100,62    2,62  1100,22    12,90    21,56    15,88  153,79  133,16  945,63   2,71  28,00
md0               0,00     0,00    0,06    0,00     0,22     0,00     8,00     0,00    0,00    0,00    0,00   0,00   0,00
md1               0,00     0,00    0,00    0,00     0,00     0,00     0,00     0,00    0,00    0,00    0,00   0,00   0,00
md2               0,00     0,00  195,87    2,16  2140,71     9,69    21,72     0,00    0,00    0,00    0,00   0,00   0,00
md3               0,00     0,00    0,00    0,10     0,00     0,40     8,00     0,00    0,00    0,00    0,00   0,00   0,00

Control File Changes
--- /usr/local/oldpgsql/2014-10-02-REL9_5_0~1996/before.controldata	2016-08-13 03:52:01.306167123 +0200
+++ /usr/local/oldpgsql/2014-10-02-REL9_5_0~1996/after.controldata	2016-08-13 03:53:31.578365456 +0200
@@ -5,4 +5,4 @@
-pg_control last modified:             Sat Aug 13 01:52:01 2016
-Latest checkpoint location:           1/F4918E58
-Prior checkpoint location:            1/F4918DF0
-Latest checkpoint's REDO location:    1/F4918E58
+pg_control last modified:             Sat Aug 13 01:53:31 2016
+Latest checkpoint location:           1/F491CBF8
+Prior checkpoint location:            1/F4918E58
+Latest checkpoint's REDO location:    1/F491CBF8
@@ -13,2 +13,2 @@
-Latest checkpoint's NextXID:          0/407438
-Latest checkpoint's NextOID:          16472
+Latest checkpoint's NextXID:          0/407439
+Latest checkpoint's NextOID:          24664
@@ -22 +22 @@
-Time of latest checkpoint:            Sat Aug 13 01:52:00 2016
+Time of latest checkpoint:            Sat Aug 13 01:53:31 2016
size after pgbench of pgbench_tellers: 8
size after pgbench of pgbench_branches: 8
size after pgbench of pgbench_accounts: 64
size after pgbench of pgbench_branches_pkey: 16
size after pgbench of pgbench_tellers_pkey: 152
size after pgbench of pgbench_accounts_pkey: 658092
size after pgbench of pgbench_history: 0
total size after pgbench: 658340
End Time: 2016-08-13 01:53:31+00:00
========================================================================
========================================================================
Testing 2014-10-02-REL9_5_0~1996
Start Time: 2016-08-13 09:38:25+00:00
Shared Buffers:  260000
size before pgbench of pgbench_tellers: 8
size before pgbench of pgbench_branches: 8
size before pgbench of pgbench_accounts: 64
size before pgbench of pgbench_branches_pkey: 16
size before pgbench of pgbench_tellers_pkey: 152
size before pgbench of pgbench_accounts_pkey: 658092
size before pgbench of pgbench_history: 0
total size before pgbench: 658340
Linux 3.16.0-4-amd64 (Debian-83-jessie-64-minimal) 	13.08.16 	_x86_64_	(8 CPU)

starting vacuum...end.
transaction type: <builtin: select only>
scaling factor: 300
query mode: simple
number of clients: 48
number of threads: 4
duration: 60 s
number of transactions actually processed: 4203249
latency average: 0.685 ms
tps = 70012.113560 (including connections establishing)
tps = 70014.611533 (excluding connections establishing)
script statistics:
 - statement latencies in milliseconds:
         0.001  \set aid random(1, 100000 * :scale)
         0.690  SELECT abalance FROM pgbench_accounts WHERE aid = :aid;
avg-cpu:  %user   %nice %system %iowait  %steal   %idle
          41,48    0,00    8,27   15,10    0,00   35,15

Device:         rrqm/s   wrqm/s     r/s     w/s    rkB/s    wkB/s avgrq-sz avgqu-sz   await r_await w_await  svctm  %util
sdb               0,00     0,97   98,03    2,38  1073,33    11,69    21,61    10,14  100,91  102,70   27,10   2,70  27,10
sda               0,00     0,97   98,08    2,38  1064,44    11,69    21,43    11,40  113,52  112,58  152,34   2,83  28,43
md0               0,00     0,00    0,00    0,00     0,00     0,00     0,00     0,00    0,00    0,00    0,00   0,00   0,00
md1               0,00     0,00    0,00    0,00     0,00     0,00     0,00     0,00    0,00    0,00    0,00   0,00   0,00
md2               0,00     0,00  196,23    1,78  2137,78     8,18    21,68     0,00    0,00    0,00    0,00   0,00   0,00
md3               0,00     0,00    0,00    0,10     0,00     0,40     8,00     0,00    0,00    0,00    0,00   0,00   0,00

Control File Changes
--- /usr/local/oldpgsql/2014-10-02-REL9_5_0~1996/before.controldata	2016-08-13 11:39:33.783071740 +0200
+++ /usr/local/oldpgsql/2014-10-02-REL9_5_0~1996/after.controldata	2016-08-13 11:41:04.031287238 +0200
@@ -5,4 +5,4 @@
-pg_control last modified:             Sat Aug 13 09:39:33 2016
-Latest checkpoint location:           1/F491CCC8
-Prior checkpoint location:            1/F491CC60
-Latest checkpoint's REDO location:    1/F491CCC8
+pg_control last modified:             Sat Aug 13 09:41:03 2016
+Latest checkpoint location:           1/F4920B58
+Prior checkpoint location:            1/F491CCC8
+Latest checkpoint's REDO location:    1/F4920B58
@@ -13,2 +13,2 @@
-Latest checkpoint's NextXID:          0/407439
-Latest checkpoint's NextOID:          16473
+Latest checkpoint's NextXID:          0/407440
+Latest checkpoint's NextOID:          24665
@@ -22 +22 @@
-Time of latest checkpoint:            Sat Aug 13 09:39:33 2016
+Time of latest checkpoint:            Sat Aug 13 09:41:03 2016
size after pgbench of pgbench_tellers: 8
size after pgbench of pgbench_branches: 8
size after pgbench of pgbench_accounts: 64
size after pgbench of pgbench_branches_pkey: 16
size after pgbench of pgbench_tellers_pkey: 152
size after pgbench of pgbench_accounts_pkey: 658092
size after pgbench of pgbench_history: 0
total size after pgbench: 658340
End Time: 2016-08-13 09:41:04+00:00
========================================================================
========================================================================
Testing 2014-10-02-REL9_5_0~1996
Start Time: 2016-08-13 15:20:28+00:00
Shared Buffers:  260000
size before pgbench of pgbench_tellers: 8
size before pgbench of pgbench_branches: 8
size before pgbench of pgbench_accounts: 64
size before pgbench of pgbench_branches_pkey: 16
size before pgbench of pgbench_tellers_pkey: 152
size before pgbench of pgbench_accounts_pkey: 658092
size before pgbench of pgbench_history: 0
total size before pgbench: 658340
Linux 3.16.0-4-amd64 (Debian-83-jessie-64-minimal) 	13.08.16 	_x86_64_	(8 CPU)

starting vacuum...end.
transaction type: <builtin: select only>
scaling factor: 300
query mode: simple
number of clients: 48
number of threads: 4
duration: 60 s
number of transactions actually processed: 4274600
latency average: 0.674 ms
tps = 71204.335905 (including connections establishing)
tps = 71207.117616 (excluding connections establishing)
script statistics:
 - statement latencies in milliseconds:
         0.001  \set aid random(1, 100000 * :scale)
         0.680  SELECT abalance FROM pgbench_accounts WHERE aid = :aid;
avg-cpu:  %user   %nice %system %iowait  %steal   %idle
          41,97    0,00    8,42   14,36    0,00   35,24

Device:         rrqm/s   wrqm/s     r/s     w/s    rkB/s    wkB/s avgrq-sz avgqu-sz   await r_await w_await  svctm  %util
sdb               0,32     1,01   94,97    2,48  1042,93    12,69    21,67     9,67   99,18   98,30  133,06   2,70  26,31
sda               0,00     1,01  100,18    2,48  1096,27    12,69    21,61    12,23  119,13  118,90  128,47   2,72  27,97
md0               0,00     0,00    0,00    0,00     0,00     0,00     0,00     0,00    0,00    0,00    0,00   0,00   0,00
md1               0,00     0,00    0,00    0,00     0,00     0,00     0,00     0,00    0,00    0,00    0,00   0,00   0,00
md2               0,00     0,00  195,58    1,93  2139,20     9,24    21,76     0,00    0,00    0,00    0,00   0,00   0,00
md3               0,00     0,00    0,00    0,10     0,00     0,40     8,00     0,00    0,00    0,00    0,00   0,00   0,00

Control File Changes
--- /usr/local/oldpgsql/2014-10-02-REL9_5_0~1996/before.controldata	2016-08-13 17:21:38.598441982 +0200
+++ /usr/local/oldpgsql/2014-10-02-REL9_5_0~1996/after.controldata	2016-08-13 17:23:08.846798379 +0200
@@ -5,4 +5,4 @@
-pg_control last modified:             Sat Aug 13 15:21:38 2016
-Latest checkpoint location:           1/F4920C28
-Prior checkpoint location:            1/F4920BC0
-Latest checkpoint's REDO location:    1/F4920C28
+pg_control last modified:             Sat Aug 13 15:23:08 2016
+Latest checkpoint location:           1/F4924BB0
+Prior checkpoint location:            1/F4920C28
+Latest checkpoint's REDO location:    1/F4924BB0
@@ -13,2 +13,2 @@
-Latest checkpoint's NextXID:          0/407440
-Latest checkpoint's NextOID:          16474
+Latest checkpoint's NextXID:          0/407441
+Latest checkpoint's NextOID:          24666
@@ -22 +22 @@
-Time of latest checkpoint:            Sat Aug 13 15:21:38 2016
+Time of latest checkpoint:            Sat Aug 13 15:23:08 2016
size after pgbench of pgbench_tellers: 8
size after pgbench of pgbench_branches: 8
size after pgbench of pgbench_accounts: 64
size after pgbench of pgbench_branches_pkey: 16
size after pgbench of pgbench_tellers_pkey: 152
size after pgbench of pgbench_accounts_pkey: 658092
size after pgbench of pgbench_history: 0
total size after pgbench: 658340
End Time: 2016-08-13 15:23:08+00:00
========================================================================
========================================================================
Testing 2014-10-02-REL9_5_0~1996
Start Time: 2016-08-15 12:37:59+00:00
Shared Buffers:  260000
size before pgbench of pgbench_tellers: 8
size before pgbench of pgbench_branches: 8
size before pgbench of pgbench_accounts: 64
size before pgbench of pgbench_branches_pkey: 16
size before pgbench of pgbench_tellers_pkey: 152
size before pgbench of pgbench_accounts_pkey: 658092
size before pgbench of pgbench_history: 0
total size before pgbench: 658340
Linux 3.16.0-4-amd64 (Debian-83-jessie-64-minimal) 	15.08.16 	_x86_64_	(8 CPU)

starting vacuum...end.
transaction type: <builtin: TPC-B (sort of)>
scaling factor: 300
query mode: simple
number of clients: 32
number of threads: 4
duration: 900 s
number of transactions actually processed: 264652
latency average: 108.822 ms
tps = 294.014093 (including connections establishing)
tps = 294.014873 (excluding connections establishing)
script statistics:
 - statement latencies in milliseconds:
         0.002  \set aid random(1, 100000 * :scale)
         0.001  \set bid random(1, 1 * :scale)
         0.001  \set tid random(1, 10 * :scale)
         0.001  \set delta random(-5000, 5000)
         0.279  BEGIN;
         1.315  UPDATE pgbench_accounts SET abalance = abalance + :delta WHERE aid = :aid;
         0.361  SELECT abalance FROM pgbench_accounts WHERE aid = :aid;
         0.840  UPDATE pgbench_tellers SET tbalance = tbalance + :delta WHERE tid = :tid;
         5.731  UPDATE pgbench_branches SET bbalance = bbalance + :delta WHERE bid = :bid;
         0.225  INSERT INTO pgbench_history (tid, bid, aid, delta, mtime) VALUES (:tid, :bid, :aid, :delta, CURRENT_TIMESTAMP);
       100.511  END;
avg-cpu:  %user   %nice %system %iowait  %steal   %idle
           2,82    0,00    0,78   10,71    0,00   85,69

Device:         rrqm/s   wrqm/s     r/s     w/s    rkB/s    wkB/s avgrq-sz avgqu-sz   await r_await w_await  svctm  %util
sdb               0,02     2,33    2,14  328,73    23,62  6002,12    36,42    76,41  230,87   44,38  232,09   2,33  76,95
sda               0,01     2,31   12,77  328,82   144,74  6002,68    35,99    52,85  154,68   28,59  159,58   2,46  84,19
md0               0,00     0,00    0,06    0,00     0,25     0,00     8,00     0,00    0,00    0,00    0,00   0,00   0,00
md1               0,00     0,00    0,00    0,00     0,00     0,00     0,00     0,00    0,00    0,00    0,00   0,00   0,00
md2               0,00     0,00   14,87  330,27   168,08  6000,82    35,75     0,00    0,00    0,00    0,00   0,00   0,00
md3               0,00     0,00    0,00    0,01     0,00     0,04     8,00     0,00    0,00    0,00    0,00   0,00   0,00

Control File Changes
--- /usr/local/oldpgsql/2014-10-02-REL9_5_0~1996/before.controldata	2016-08-15 14:39:09.249295652 +0200
+++ /usr/local/oldpgsql/2014-10-02-REL9_5_0~1996/after.controldata	2016-08-15 14:56:12.904111239 +0200
@@ -5,5 +5,5 @@
-pg_control last modified:             Mon Aug 15 12:39:09 2016
-Latest checkpoint location:           1/F4924C80
-Prior checkpoint location:            1/F4924C18
-Latest checkpoint's REDO location:    1/F4924C80
-Latest checkpoint's REDO WAL file:    0000000100000001000000F4
+pg_control last modified:             Mon Aug 15 12:56:12 2016
+Latest checkpoint location:           2/9D9D40D0
+Prior checkpoint location:            2/9D9D4068
+Latest checkpoint's REDO location:    2/9D9D40D0
+Latest checkpoint's REDO WAL file:    00000001000000020000009D
@@ -13,2 +13,2 @@
-Latest checkpoint's NextXID:          0/407441
-Latest checkpoint's NextOID:          16475
+Latest checkpoint's NextXID:          0/672137
+Latest checkpoint's NextOID:          24667
@@ -22 +22 @@
-Time of latest checkpoint:            Mon Aug 15 12:39:08 2016
+Time of latest checkpoint:            Mon Aug 15 12:55:23 2016
size after pgbench of pgbench_tellers: 8
size after pgbench of pgbench_branches: 8
size after pgbench of pgbench_accounts: 64
size after pgbench of pgbench_branches_pkey: 16
size after pgbench of pgbench_tellers_pkey: 152
size after pgbench of pgbench_accounts_pkey: 658092
size after pgbench of pgbench_history: 24
total size after pgbench: 658364
End Time: 2016-08-15 12:56:12+00:00
========================================================================
========================================================================
Testing 2014-10-02-REL9_5_0~1996
Start Time: 2016-08-19 08:37:13+00:00
Shared Buffers:  260000
size before pgbench of pgbench_tellers: 8
size before pgbench of pgbench_branches: 8
size before pgbench of pgbench_accounts: 64
size before pgbench of pgbench_branches_pkey: 16
size before pgbench of pgbench_tellers_pkey: 152
size before pgbench of pgbench_accounts_pkey: 658092
size before pgbench of pgbench_history: 24
total size before pgbench: 658364
Linux 4.6.0-1-amd64 (Debian-83-jessie-64-minimal) 	19.08.16 	_x86_64_	(8 CPU)

starting vacuum...end.
transaction type: <builtin: TPC-B (sort of)>
scaling factor: 300
query mode: simple
number of clients: 32
number of threads: 4
duration: 900 s
number of transactions actually processed: 320003
latency average: 89.999 ms
tps = 355.536713 (including connections establishing)
tps = 355.537744 (excluding connections establishing)
script statistics:
 - statement latencies in milliseconds:
         0.002  \set aid random(1, 100000 * :scale)
         0.001  \set bid random(1, 1 * :scale)
         0.001  \set tid random(1, 10 * :scale)
         0.001  \set delta random(-5000, 5000)
         0.372  BEGIN;
         0.783  UPDATE pgbench_accounts SET abalance = abalance + :delta WHERE aid = :aid;
         0.487  SELECT abalance FROM pgbench_accounts WHERE aid = :aid;
         0.912  UPDATE pgbench_tellers SET tbalance = tbalance + :delta WHERE tid = :tid;
         4.682  UPDATE pgbench_branches SET bbalance = bbalance + :delta WHERE bid = :bid;
         0.301  INSERT INTO pgbench_history (tid, bid, aid, delta, mtime) VALUES (:tid, :bid, :aid, :delta, CURRENT_TIMESTAMP);
        83.038  END;
avg-cpu:  %user   %nice %system %iowait  %steal   %idle
           3,69    0,00    0,97   21,49    0,00   73,85

Device:         rrqm/s   wrqm/s     r/s     w/s    rkB/s    wkB/s avgrq-sz avgqu-sz   await r_await w_await  svctm  %util
sdb               0,00     2,72    0,26  359,72     2,62  6433,54    35,76    66,15  183,74   38,47  183,85   2,12  76,40
sda               0,05     2,70    2,81  359,74    27,49  6433,54    35,64    49,44  136,37   24,54  137,25   2,08  75,26
md0               0,00     0,00    0,14    0,00     0,54     0,00     8,00     0,00    0,00    0,00    0,00   0,00   0,00
md1               0,00     0,00    0,00    0,00     0,00     0,00     0,00     0,00    0,00    0,00    0,00   0,00   0,00
md2               0,00     0,00    2,99  361,88    29,57  6432,12    35,42     0,00    0,00    0,00    0,00   0,00   0,00
md3               0,00     0,00    0,00    0,02     0,00     0,08     8,00     0,00    0,00    0,00    0,00   0,00   0,00

Control File Changes
--- /usr/local/oldpgsql/2014-10-02-REL9_5_0~1996/before.controldata	2016-08-19 10:39:49.664623976 +0200
+++ /usr/local/oldpgsql/2014-10-02-REL9_5_0~1996/after.controldata	2016-08-19 10:55:56.059404419 +0200
@@ -5,5 +5,5 @@
-pg_control last modified:             Fri Aug 19 08:39:49 2016
-Latest checkpoint location:           3/15A718
-Prior checkpoint location:            3/15A6B0
-Latest checkpoint's REDO location:    3/15A718
-Latest checkpoint's REDO WAL file:    000000010000000300000000
+pg_control last modified:             Fri Aug 19 08:55:55 2016
+Latest checkpoint location:           3/B71503E0
+Prior checkpoint location:            3/B020C7B8
+Latest checkpoint's REDO location:    3/B7111378
+Latest checkpoint's REDO WAL file:    0000000100000003000000B7
@@ -13,2 +13,2 @@
-Latest checkpoint's NextXID:          0/672137
-Latest checkpoint's NextOID:          16476
+Latest checkpoint's NextXID:          0/992179
+Latest checkpoint's NextOID:          24668
@@ -22 +22 @@
-Time of latest checkpoint:            Fri Aug 19 08:39:49 2016
+Time of latest checkpoint:            Fri Aug 19 08:55:19 2016
size after pgbench of pgbench_tellers: 8
size after pgbench of pgbench_branches: 8
size after pgbench of pgbench_accounts: 64
size after pgbench of pgbench_branches_pkey: 16
size after pgbench of pgbench_tellers_pkey: 152
size after pgbench of pgbench_accounts_pkey: 658092
size after pgbench of pgbench_history: 24
total size after pgbench: 658364
End Time: 2016-08-19 08:55:56+00:00
========================================================================
========================================================================
Testing 2014-10-02-REL9_5_0~1996
Start Time: 2016-08-21 00:50:02+00:00
Shared Buffers:  260000
size before pgbench of pgbench_tellers: 8
size before pgbench of pgbench_branches: 8
size before pgbench of pgbench_accounts: 64
size before pgbench of pgbench_branches_pkey: 16
size before pgbench of pgbench_tellers_pkey: 152
size before pgbench of pgbench_accounts_pkey: 658092
size before pgbench of pgbench_history: 24
total size before pgbench: 658364
Linux 4.6.0-1-amd64 (Debian-83-jessie-64-minimal) 	21.08.16 	_x86_64_	(8 CPU)

starting vacuum...end.
transaction type: <builtin: TPC-B (sort of)>
scaling factor: 300
query mode: simple
number of clients: 32
number of threads: 4
duration: 900 s
number of transactions actually processed: 306104
latency average: 94.086 ms
tps = 340.092931 (including connections establishing)
tps = 340.093727 (excluding connections establishing)
script statistics:
 - statement latencies in milliseconds:
         0.002  \set aid random(1, 100000 * :scale)
         0.001  \set bid random(1, 1 * :scale)
         0.001  \set tid random(1, 10 * :scale)
         0.001  \set delta random(-5000, 5000)
         0.384  BEGIN;
         0.717  UPDATE pgbench_accounts SET abalance = abalance + :delta WHERE aid = :aid;
         0.505  SELECT abalance FROM pgbench_accounts WHERE aid = :aid;
         0.888  UPDATE pgbench_tellers SET tbalance = tbalance + :delta WHERE tid = :tid;
         5.428  UPDATE pgbench_branches SET bbalance = bbalance + :delta WHERE bid = :bid;
         0.298  INSERT INTO pgbench_history (tid, bid, aid, delta, mtime) VALUES (:tid, :bid, :aid, :delta, CURRENT_TIMESTAMP);
        86.110  END;
avg-cpu:  %user   %nice %system %iowait  %steal   %idle
           3,57    0,00    0,92   21,21    0,00   74,30

Device:         rrqm/s   wrqm/s     r/s     w/s    rkB/s    wkB/s avgrq-sz avgqu-sz   await r_await w_await  svctm  %util
sdb               0,01     3,05    0,06  297,77     0,59  5257,06    35,31    57,92  194,46   55,58  194,49   2,63  78,31
sda               0,01     3,05    0,67  297,77     5,93  5257,06    35,27    62,03  207,84   26,93  208,24   2,71  80,94
md0               0,00     0,00    0,08    0,00     0,31     0,00     8,00     0,00    0,00    0,00    0,00   0,00   0,00
md1               0,00     0,00    0,00    0,00     0,00     0,00     0,00     0,00    0,00    0,00    0,00   0,00   0,00
md2               0,00     0,00    0,67  300,27     6,21  5255,66    34,97     0,00    0,00    0,00    0,00   0,00   0,00
md3               0,00     0,00    0,00    0,01     0,00     0,04     8,00     0,00    0,00    0,00    0,00   0,00   0,00

Control File Changes
--- /usr/local/oldpgsql/2014-10-02-REL9_5_0~1996/before.controldata	2016-08-21 02:53:11.292235563 +0200
+++ /usr/local/oldpgsql/2014-10-02-REL9_5_0~1996/after.controldata	2016-08-21 03:09:39.680413626 +0200
@@ -5,5 +5,5 @@
-pg_control last modified:             Sun Aug 21 00:53:11 2016
-Latest checkpoint location:           4/28502DD8
-Prior checkpoint location:            4/28502D70
-Latest checkpoint's REDO location:    4/28502DD8
-Latest checkpoint's REDO WAL file:    000000010000000400000028
+pg_control last modified:             Sun Aug 21 01:09:39 2016
+Latest checkpoint location:           4/CA502C68
+Prior checkpoint location:            4/CA502C00
+Latest checkpoint's REDO location:    4/CA502C68
+Latest checkpoint's REDO WAL file:    0000000100000004000000CA
@@ -13,2 +13,2 @@
-Latest checkpoint's NextXID:          0/992181
-Latest checkpoint's NextOID:          16477
+Latest checkpoint's NextXID:          0/1298327
+Latest checkpoint's NextOID:          24669
@@ -22 +22 @@
-Time of latest checkpoint:            Sun Aug 21 00:53:10 2016
+Time of latest checkpoint:            Sun Aug 21 01:09:16 2016
size after pgbench of pgbench_tellers: 8
size after pgbench of pgbench_branches: 8
size after pgbench of pgbench_accounts: 64
size after pgbench of pgbench_branches_pkey: 16
size after pgbench of pgbench_tellers_pkey: 152
size after pgbench of pgbench_accounts_pkey: 658092
size after pgbench of pgbench_history: 24
total size after pgbench: 658364
End Time: 2016-08-21 01:09:39+00:00
========================================================================
