ERROR:  syntax error at or near "("
LINE 1: ...t null,bid int,tbalance int,filler char(84)) with (fillfacto...
                                                             ^
starting vacuum...ERROR:  relation "pgbench_tellers" does not exist
(ignoring this error and continuing anyway)
end.
client 12 aborted in state 7: ERROR:  relation "pgbench_tellers" does not exist
client 10 aborted in state 7: ERROR:  relation "pgbench_tellers" does not exist
client 17 aborted in state 7: ERROR:  relation "pgbench_tellers" does not exist
client 24 aborted in state 7: ERROR:  relation "pgbench_tellers" does not exist
client 13 aborted in state 7: ERROR:  relation "pgbench_tellers" does not exist
client 4 aborted in state 7: ERROR:  relation "pgbench_tellers" does not exist
client 3 aborted in state 7: ERROR:  relation "pgbench_tellers" does not exist
client 28 aborted in state 7: ERROR:  relation "pgbench_tellers" does not exist
client 2 aborted in state 7: ERROR:  relation "pgbench_tellers" does not exist
client 14 aborted in state 7: ERROR:  relation "pgbench_tellers" does not exist
client 18 aborted in state 7: ERROR:  relation "pgbench_tellers" does not exist
client 21 aborted in state 7: ERROR:  relation "pgbench_tellers" does not exist
client 0 aborted in state 7: ERROR:  relation "pgbench_tellers" does not exist
client 22 aborted in state 7: ERROR:  relation "pgbench_tellers" does not exist
client 19 aborted in state 7: ERROR:  relation "pgbench_tellers" does not exist
client 8 aborted in state 7: ERROR:  relation "pgbench_tellers" does not exist
client 30 aborted in state 7: ERROR:  relation "pgbench_tellers" does not exist
client 1 aborted in state 7: ERROR:  relation "pgbench_tellers" does not exist
client 27 aborted in state 7: ERROR:  relation "pgbench_tellers" does not exist
client 6 aborted in state 7: ERROR:  relation "pgbench_tellers" does not exist
client 5 aborted in state 7: ERROR:  relation "pgbench_tellers" does not exist
client 9 aborted in state 7: ERROR:  relation "pgbench_tellers" does not exist
client 20 aborted in state 7: ERROR:  relation "pgbench_tellers" does not exist
client 11 aborted in state 7: ERROR:  relation "pgbench_tellers" does not exist
client 25 aborted in state 7: ERROR:  relation "pgbench_tellers" does not exist
client 15 aborted in state 7: ERROR:  relation "pgbench_tellers" does not exist
client 31 aborted in state 7: ERROR:  relation "pgbench_tellers" does not exist
client 16 aborted in state 7: ERROR:  relation "pgbench_tellers" does not exist
client 7 aborted in state 7: ERROR:  relation "pgbench_tellers" does not exist
client 26 aborted in state 7: ERROR:  relation "pgbench_tellers" does not exist
client 23 aborted in state 7: ERROR:  relation "pgbench_tellers" does not exist
client 29 aborted in state 7: ERROR:  relation "pgbench_tellers" does not exist
transaction type: <builtin: TPC-B (sort of)>
scaling factor: 300
query mode: simple
number of clients: 32
number of threads: 4
duration: 60 s
number of transactions actually processed: 0
starting vacuum...ERROR:  relation "pgbench_tellers" does not exist
(ignoring this error and continuing anyway)
end.
client 12 aborted in state 7: ERROR:  relation "pgbench_tellers" does not exist
client 1 aborted in state 7: ERROR:  relation "pgbench_tellers" does not exist
client 28 aborted in state 7: ERROR:  relation "pgbench_tellers" does not exist
client 27 aborted in state 7: ERROR:  relation "pgbench_tellers" does not exist
client 24 aborted in state 7: ERROR:  relation "pgbench_tellers" does not exist
client 20 aborted in state 7: ERROR:  relation "pgbench_tellers" does not exist
client 9 aborted in state 7: ERROR:  relation "pgbench_tellers" does not exist
client 8 aborted in state 7: ERROR:  relation "pgbench_tellers" does not exist
client 19 aborted in state 7: ERROR:  relation "pgbench_tellers" does not exist
client 30 aborted in state 7: ERROR:  relation "pgbench_tellers" does not exist
client 3 aborted in state 7: ERROR:  relation "pgbench_tellers" does not exist
client 11 aborted in state 7: ERROR:  relation "pgbench_tellers" does not exist
client 16 aborted in state 7: ERROR:  relation "pgbench_tellers" does not exist
client 29 aborted in state 7: ERROR:  relation "pgbench_tellers" does not exist
client 5 aborted in state 7: ERROR:  relation "pgbench_tellers" does not exist
client 31 aborted in state 7: ERROR:  relation "pgbench_tellers" does not exist
client 6 aborted in state 7: ERROR:  relation "pgbench_tellers" does not exist
client 15 aborted in state 7: ERROR:  relation "pgbench_tellers" does not exist
client 26 aborted in state 7: ERROR:  relation "pgbench_tellers" does not exist
client 2 aborted in state 7: ERROR:  relation "pgbench_tellers" does not exist
client 18 aborted in state 7: ERROR:  relation "pgbench_tellers" does not exist
client 7 aborted in state 7: ERROR:  relation "pgbench_tellers" does not exist
client 25 aborted in state 7: ERROR:  relation "pgbench_tellers" does not exist
client 23 aborted in state 7: ERROR:  relation "pgbench_tellers" does not exist
client 4 aborted in state 7: ERROR:  relation "pgbench_tellers" does not exist
client 14 aborted in state 7: ERROR:  relation "pgbench_tellers" does not exist
client 21 aborted in state 7: ERROR:  relation "pgbench_tellers" does not exist
client 13 aborted in state 7: ERROR:  relation "pgbench_tellers" does not exist
client 22 aborted in state 7: ERROR:  relation "pgbench_tellers" does not exist
client 10 aborted in state 7: ERROR:  relation "pgbench_tellers" does not exist
client 17 aborted in state 7: ERROR:  relation "pgbench_tellers" does not exist
client 0 aborted in state 7: ERROR:  relation "pgbench_tellers" does not exist
transaction type: <builtin: TPC-B (sort of)>
scaling factor: 300
query mode: simple
number of clients: 32
number of threads: 4
duration: 60 s
number of transactions actually processed: 0
starting vacuum...ERROR:  relation "pgbench_tellers" does not exist
(ignoring this error and continuing anyway)
end.
client 29 aborted in state 7: ERROR:  relation "pgbench_tellers" does not exist
client 19 aborted in state 7: ERROR:  relation "pgbench_tellers" does not exist
client 0 aborted in state 7: ERROR:  relation "pgbench_tellers" does not exist
client 24 aborted in state 7: ERROR:  relation "pgbench_tellers" does not exist
client 1 aborted in state 7: ERROR:  relation "pgbench_tellers" does not exist
client 9 aborted in state 7: ERROR:  relation "pgbench_tellers" does not exist
client 5 aborted in state 7: ERROR:  relation "pgbench_tellers" does not exist
client 10 aborted in state 7: ERROR:  relation "pgbench_tellers" does not exist
client 21 aborted in state 7: ERROR:  relation "pgbench_tellers" does not exist
client 17 aborted in state 7: ERROR:  relation "pgbench_tellers" does not exist
client 6 aborted in state 7: ERROR:  relation "pgbench_tellers" does not exist
client 16 aborted in state 7: ERROR:  relation "pgbench_tellers" does not exist
client 4 aborted in state 7: ERROR:  relation "pgbench_tellers" does not exist
client 2 aborted in state 7: ERROR:  relation "pgbench_tellers" does not exist
client 7 aborted in state 7: ERROR:  relation "pgbench_tellers" does not exist
client 15 aborted in state 7: ERROR:  relation "pgbench_tellers" does not exist
client 23 aborted in state 7: ERROR:  relation "pgbench_tellers" does not exist
client 11 aborted in state 7: ERROR:  relation "pgbench_tellers" does not exist
client 26 aborted in state 7: ERROR:  relation "pgbench_tellers" does not exist
client 27 aborted in state 7: ERROR:  relation "pgbench_tellers" does not exist
client 28 aborted in state 7: ERROR:  relation "pgbench_tellers" does not exist
client 30 aborted in state 7: ERROR:  relation "pgbench_tellers" does not exist
client 31 aborted in state 7: ERROR:  relation "pgbench_tellers" does not exist
client 25 aborted in state 7: ERROR:  relation "pgbench_tellers" does not exist
client 13 aborted in state 7: ERROR:  relation "pgbench_tellers" does not exist
client 14 aborted in state 7: ERROR:  relation "pgbench_tellers" does not exist
client 20 aborted in state 7: ERROR:  relation "pgbench_tellers" does not exist
client 3 aborted in state 7: ERROR:  relation "pgbench_tellers" does not exist
client 18 aborted in state 7: ERROR:  relation "pgbench_tellers" does not exist
client 12 aborted in state 7: ERROR:  relation "pgbench_tellers" does not exist
client 22 aborted in state 7: ERROR:  relation "pgbench_tellers" does not exist
client 8 aborted in state 7: ERROR:  relation "pgbench_tellers" does not exist
transaction type: <builtin: TPC-B (sort of)>
scaling factor: 300
query mode: simple
number of clients: 32
number of threads: 4
duration: 60 s
number of transactions actually processed: 0
starting vacuum...ERROR:  relation "pgbench_tellers" does not exist
(ignoring this error and continuing anyway)
end.
client 11 aborted in state 7: ERROR:  relation "pgbench_tellers" does not exist
client 19 aborted in state 7: ERROR:  relation "pgbench_tellers" does not exist
client 20 aborted in state 7: ERROR:  relation "pgbench_tellers" does not exist
client 5 aborted in state 7: ERROR:  relation "pgbench_tellers" does not exist
client 27 aborted in state 7: ERROR:  relation "pgbench_tellers" does not exist
client 9 aborted in state 7: ERROR:  relation "pgbench_tellers" does not exist
client 25 aborted in state 7: ERROR:  relation "pgbench_tellers" does not exist
client 10 aborted in state 7: ERROR:  relation "pgbench_tellers" does not exist
client 6 aborted in state 7: ERROR:  relation "pgbench_tellers" does not exist
client 16 aborted in state 7: ERROR:  relation "pgbench_tellers" does not exist
client 3 aborted in state 7: ERROR:  relation "pgbench_tellers" does not exist
client 18 aborted in state 7: ERROR:  relation "pgbench_tellers" does not exist
client 31 aborted in state 7: ERROR:  relation "pgbench_tellers" does not exist
client 28 aborted in state 7: ERROR:  relation "pgbench_tellers" does not exist
client 17 aborted in state 7: ERROR:  relation "pgbench_tellers" does not exist
client 29 aborted in state 7: ERROR:  relation "pgbench_tellers" does not exist
client 21 aborted in state 7: ERROR:  relation "pgbench_tellers" does not exist
client 14 aborted in state 7: ERROR:  relation "pgbench_tellers" does not exist
client 30 aborted in state 7: ERROR:  relation "pgbench_tellers" does not exist
client 2 aborted in state 7: ERROR:  relation "pgbench_tellers" does not exist
client 22 aborted in state 7: ERROR:  relation "pgbench_tellers" does not exist
client 12 aborted in state 7: ERROR:  relation "pgbench_tellers" does not exist
client 1 aborted in state 7: ERROR:  relation "pgbench_tellers" does not exist
client 7 aborted in state 7: ERROR:  relation "pgbench_tellers" does not exist
client 24 aborted in state 7: ERROR:  relation "pgbench_tellers" does not exist
client 8 aborted in state 7: ERROR:  relation "pgbench_tellers" does not exist
client 26 aborted in state 7: ERROR:  relation "pgbench_tellers" does not exist
client 0 aborted in state 7: ERROR:  relation "pgbench_tellers" does not exist
client 4 aborted in state 7: ERROR:  relation "pgbench_tellers" does not exist
client 15 aborted in state 7: ERROR:  relation "pgbench_tellers" does not exist
client 13 aborted in state 7: ERROR:  relation "pgbench_tellers" does not exist
client 23 aborted in state 7: ERROR:  relation "pgbench_tellers" does not exist
transaction type: <builtin: TPC-B (sort of)>
scaling factor: 300
query mode: simple
number of clients: 32
number of threads: 4
duration: 900 s
number of transactions actually processed: 0
Initializing pgbench scale factor 300 on 2006-02-18-REL8_2_0~1766...
ERROR:  table "pgbench_tellers" does not exist
(ignoring this error and continuing anyway)
creating tables...
100000 of 30000000 tuples (0%) done (elapsed 19.54 s, remaining 5842.30 s)
200000 of 30000000 tuples (0%) done (elapsed 30.86 s, remaining 4597.49 s)
300000 of 30000000 tuples (1%) done (elapsed 39.21 s, remaining 3881.66 s)
400000 of 30000000 tuples (1%) done (elapsed 47.47 s, remaining 3512.86 s)
500000 of 30000000 tuples (1%) done (elapsed 54.35 s, remaining 3206.59 s)
600000 of 30000000 tuples (2%) done (elapsed 61.95 s, remaining 3035.60 s)
700000 of 30000000 tuples (2%) done (elapsed 66.70 s, remaining 2791.79 s)
800000 of 30000000 tuples (2%) done (elapsed 71.30 s, remaining 2602.54 s)
900000 of 30000000 tuples (3%) done (elapsed 75.91 s, remaining 2454.28 s)
1000000 of 30000000 tuples (3%) done (elapsed 81.54 s, remaining 2364.77 s)
1100000 of 30000000 tuples (3%) done (elapsed 86.19 s, remaining 2264.40 s)
1200000 of 30000000 tuples (4%) done (elapsed 90.95 s, remaining 2182.87 s)
1300000 of 30000000 tuples (4%) done (elapsed 95.91 s, remaining 2117.50 s)
1400000 of 30000000 tuples (4%) done (elapsed 100.78 s, remaining 2058.73 s)
1500000 of 30000000 tuples (5%) done (elapsed 105.06 s, remaining 1996.20 s)
1600000 of 30000000 tuples (5%) done (elapsed 112.96 s, remaining 2005.09 s)
1700000 of 30000000 tuples (5%) done (elapsed 119.46 s, remaining 1988.63 s)
1800000 of 30000000 tuples (6%) done (elapsed 123.87 s, remaining 1940.65 s)
1900000 of 30000000 tuples (6%) done (elapsed 129.61 s, remaining 1916.85 s)
2000000 of 30000000 tuples (6%) done (elapsed 134.96 s, remaining 1889.39 s)
2100000 of 30000000 tuples (7%) done (elapsed 140.74 s, remaining 1869.87 s)
2200000 of 30000000 tuples (7%) done (elapsed 145.05 s, remaining 1832.96 s)
2300000 of 30000000 tuples (7%) done (elapsed 149.45 s, remaining 1799.92 s)
2400000 of 30000000 tuples (8%) done (elapsed 153.80 s, remaining 1768.65 s)
2500000 of 30000000 tuples (8%) done (elapsed 158.12 s, remaining 1739.28 s)
2600000 of 30000000 tuples (8%) done (elapsed 163.04 s, remaining 1718.19 s)
2700000 of 30000000 tuples (9%) done (elapsed 167.92 s, remaining 1697.85 s)
2800000 of 30000000 tuples (9%) done (elapsed 173.97 s, remaining 1689.98 s)
2900000 of 30000000 tuples (9%) done (elapsed 178.07 s, remaining 1664.04 s)
3000000 of 30000000 tuples (10%) done (elapsed 182.55 s, remaining 1642.93 s)
3100000 of 30000000 tuples (10%) done (elapsed 187.42 s, remaining 1626.32 s)
3200000 of 30000000 tuples (10%) done (elapsed 191.75 s, remaining 1605.91 s)
3300000 of 30000000 tuples (11%) done (elapsed 196.27 s, remaining 1587.96 s)
3400000 of 30000000 tuples (11%) done (elapsed 202.73 s, remaining 1586.03 s)
3500000 of 30000000 tuples (11%) done (elapsed 207.13 s, remaining 1568.31 s)
3600000 of 30000000 tuples (12%) done (elapsed 211.78 s, remaining 1553.04 s)
3700000 of 30000000 tuples (12%) done (elapsed 216.07 s, remaining 1535.86 s)
3800000 of 30000000 tuples (12%) done (elapsed 220.98 s, remaining 1523.61 s)
3900000 of 30000000 tuples (13%) done (elapsed 225.44 s, remaining 1508.70 s)
4000000 of 30000000 tuples (13%) done (elapsed 229.93 s, remaining 1494.57 s)
4100000 of 30000000 tuples (13%) done (elapsed 235.93 s, remaining 1490.36 s)
4200000 of 30000000 tuples (14%) done (elapsed 240.74 s, remaining 1478.85 s)
4300000 of 30000000 tuples (14%) done (elapsed 245.17 s, remaining 1465.29 s)
4400000 of 30000000 tuples (14%) done (elapsed 249.50 s, remaining 1451.66 s)
4500000 of 30000000 tuples (15%) done (elapsed 254.20 s, remaining 1440.44 s)
4600000 of 30000000 tuples (15%) done (elapsed 258.56 s, remaining 1427.70 s)
4700000 of 30000000 tuples (15%) done (elapsed 263.10 s, remaining 1416.25 s)
4800000 of 30000000 tuples (16%) done (elapsed 268.00 s, remaining 1406.98 s)
4900000 of 30000000 tuples (16%) done (elapsed 273.70 s, remaining 1401.99 s)
5000000 of 30000000 tuples (16%) done (elapsed 278.38 s, remaining 1391.91 s)
5100000 of 30000000 tuples (17%) done (elapsed 282.68 s, remaining 1380.16 s)
5200000 of 30000000 tuples (17%) done (elapsed 286.97 s, remaining 1368.61 s)
5300000 of 30000000 tuples (17%) done (elapsed 291.26 s, remaining 1357.40 s)
5400000 of 30000000 tuples (18%) done (elapsed 295.68 s, remaining 1346.99 s)
5500000 of 30000000 tuples (18%) done (elapsed 302.45 s, remaining 1347.27 s)
5600000 of 30000000 tuples (18%) done (elapsed 306.74 s, remaining 1336.50 s)
5700000 of 30000000 tuples (19%) done (elapsed 311.12 s, remaining 1326.37 s)
5800000 of 30000000 tuples (19%) done (elapsed 315.47 s, remaining 1316.27 s)
5900000 of 30000000 tuples (19%) done (elapsed 319.93 s, remaining 1306.84 s)
6000000 of 30000000 tuples (20%) done (elapsed 324.66 s, remaining 1298.65 s)
6100000 of 30000000 tuples (20%) done (elapsed 328.97 s, remaining 1288.90 s)
6200000 of 30000000 tuples (20%) done (elapsed 335.70 s, remaining 1288.67 s)
6300000 of 30000000 tuples (21%) done (elapsed 340.22 s, remaining 1279.89 s)
6400000 of 30000000 tuples (21%) done (elapsed 344.53 s, remaining 1270.46 s)
6500000 of 30000000 tuples (21%) done (elapsed 349.18 s, remaining 1262.41 s)
6600000 of 30000000 tuples (22%) done (elapsed 353.55 s, remaining 1253.50 s)
6700000 of 30000000 tuples (22%) done (elapsed 359.42 s, remaining 1249.94 s)
6800000 of 30000000 tuples (22%) done (elapsed 363.95 s, remaining 1241.71 s)
6900000 of 30000000 tuples (23%) done (elapsed 368.81 s, remaining 1234.72 s)
7000000 of 30000000 tuples (23%) done (elapsed 373.36 s, remaining 1226.76 s)
7100000 of 30000000 tuples (23%) done (elapsed 377.52 s, remaining 1217.65 s)
7200000 of 30000000 tuples (24%) done (elapsed 381.74 s, remaining 1208.83 s)
7300000 of 30000000 tuples (24%) done (elapsed 385.91 s, remaining 1200.02 s)
7400000 of 30000000 tuples (24%) done (elapsed 390.42 s, remaining 1192.36 s)
7500000 of 30000000 tuples (25%) done (elapsed 395.29 s, remaining 1185.88 s)
7600000 of 30000000 tuples (25%) done (elapsed 399.72 s, remaining 1178.13 s)
7700000 of 30000000 tuples (25%) done (elapsed 404.57 s, remaining 1171.66 s)
7800000 of 30000000 tuples (26%) done (elapsed 408.76 s, remaining 1163.40 s)
7900000 of 30000000 tuples (26%) done (elapsed 413.25 s, remaining 1156.05 s)
8000000 of 30000000 tuples (26%) done (elapsed 417.42 s, remaining 1147.90 s)
8100000 of 30000000 tuples (27%) done (elapsed 421.58 s, remaining 1139.83 s)
8200000 of 30000000 tuples (27%) done (elapsed 425.81 s, remaining 1132.02 s)
8300000 of 30000000 tuples (27%) done (elapsed 431.01 s, remaining 1126.85 s)
8400000 of 30000000 tuples (28%) done (elapsed 436.85 s, remaining 1123.32 s)
8500000 of 30000000 tuples (28%) done (elapsed 441.12 s, remaining 1115.77 s)
8600000 of 30000000 tuples (28%) done (elapsed 445.34 s, remaining 1108.17 s)
8700000 of 30000000 tuples (29%) done (elapsed 449.61 s, remaining 1100.76 s)
8800000 of 30000000 tuples (29%) done (elapsed 454.22 s, remaining 1094.25 s)
8900000 of 30000000 tuples (29%) done (elapsed 458.78 s, remaining 1087.66 s)
9000000 of 30000000 tuples (30%) done (elapsed 463.26 s, remaining 1080.94 s)
9100000 of 30000000 tuples (30%) done (elapsed 469.36 s, remaining 1077.99 s)
9200000 of 30000000 tuples (30%) done (elapsed 473.58 s, remaining 1070.71 s)
9300000 of 30000000 tuples (31%) done (elapsed 477.80 s, remaining 1063.48 s)
9400000 of 30000000 tuples (31%) done (elapsed 482.29 s, remaining 1056.93 s)
9500000 of 30000000 tuples (31%) done (elapsed 486.45 s, remaining 1049.71 s)
9600000 of 30000000 tuples (32%) done (elapsed 490.62 s, remaining 1042.57 s)
9700000 of 30000000 tuples (32%) done (elapsed 494.80 s, remaining 1035.51 s)
9800000 of 30000000 tuples (32%) done (elapsed 500.84 s, remaining 1032.34 s)
9900000 of 30000000 tuples (33%) done (elapsed 506.64 s, remaining 1028.64 s)
10000000 of 30000000 tuples (33%) done (elapsed 510.92 s, remaining 1021.84 s)
10100000 of 30000000 tuples (33%) done (elapsed 516.17 s, remaining 1017.01 s)
10200000 of 30000000 tuples (34%) done (elapsed 520.55 s, remaining 1010.48 s)
10300000 of 30000000 tuples (34%) done (elapsed 524.65 s, remaining 1003.45 s)
10400000 of 30000000 tuples (34%) done (elapsed 529.31 s, remaining 997.54 s)
10500000 of 30000000 tuples (35%) done (elapsed 534.09 s, remaining 991.89 s)
10600000 of 30000000 tuples (35%) done (elapsed 539.39 s, remaining 987.19 s)
10700000 of 30000000 tuples (35%) done (elapsed 543.80 s, remaining 980.86 s)
10800000 of 30000000 tuples (36%) done (elapsed 547.87 s, remaining 973.99 s)
10900000 of 30000000 tuples (36%) done (elapsed 552.25 s, remaining 967.71 s)
11000000 of 30000000 tuples (36%) done (elapsed 557.05 s, remaining 962.18 s)
11100000 of 30000000 tuples (37%) done (elapsed 561.47 s, remaining 956.02 s)
11200000 of 30000000 tuples (37%) done (elapsed 565.61 s, remaining 949.41 s)
11300000 of 30000000 tuples (37%) done (elapsed 570.56 s, remaining 944.20 s)
11400000 of 30000000 tuples (38%) done (elapsed 575.02 s, remaining 938.19 s)
11500000 of 30000000 tuples (38%) done (elapsed 579.46 s, remaining 932.18 s)
11600000 of 30000000 tuples (38%) done (elapsed 583.70 s, remaining 925.87 s)
11700000 of 30000000 tuples (39%) done (elapsed 589.42 s, remaining 921.91 s)
11800000 of 30000000 tuples (39%) done (elapsed 593.52 s, remaining 915.43 s)
11900000 of 30000000 tuples (39%) done (elapsed 597.90 s, remaining 909.41 s)
12000000 of 30000000 tuples (40%) done (elapsed 602.52 s, remaining 903.79 s)
12100000 of 30000000 tuples (40%) done (elapsed 607.59 s, remaining 898.83 s)
12200000 of 30000000 tuples (40%) done (elapsed 611.61 s, remaining 892.34 s)
12300000 of 30000000 tuples (41%) done (elapsed 616.04 s, remaining 886.49 s)
12400000 of 30000000 tuples (41%) done (elapsed 620.12 s, remaining 880.17 s)
12500000 of 30000000 tuples (41%) done (elapsed 625.99 s, remaining 876.39 s)
12600000 of 30000000 tuples (42%) done (elapsed 630.08 s, remaining 870.11 s)
12700000 of 30000000 tuples (42%) done (elapsed 634.63 s, remaining 864.49 s)
12800000 of 30000000 tuples (42%) done (elapsed 639.62 s, remaining 859.48 s)
12900000 of 30000000 tuples (43%) done (elapsed 644.23 s, remaining 853.98 s)
13000000 of 30000000 tuples (43%) done (elapsed 648.36 s, remaining 847.85 s)
13100000 of 30000000 tuples (43%) done (elapsed 652.76 s, remaining 842.11 s)
13200000 of 30000000 tuples (44%) done (elapsed 656.97 s, remaining 836.15 s)
13300000 of 30000000 tuples (44%) done (elapsed 663.20 s, remaining 832.74 s)
13400000 of 30000000 tuples (44%) done (elapsed 668.30 s, remaining 827.90 s)
13500000 of 30000000 tuples (45%) done (elapsed 673.47 s, remaining 823.13 s)
13600000 of 30000000 tuples (45%) done (elapsed 677.57 s, remaining 817.07 s)
13700000 of 30000000 tuples (45%) done (elapsed 682.55 s, remaining 812.09 s)
13800000 of 30000000 tuples (46%) done (elapsed 686.63 s, remaining 806.05 s)
13900000 of 30000000 tuples (46%) done (elapsed 691.71 s, remaining 801.19 s)
14000000 of 30000000 tuples (46%) done (elapsed 695.81 s, remaining 795.21 s)
14100000 of 30000000 tuples (47%) done (elapsed 700.22 s, remaining 789.61 s)
14200000 of 30000000 tuples (47%) done (elapsed 705.18 s, remaining 784.63 s)
14300000 of 30000000 tuples (47%) done (elapsed 709.69 s, remaining 779.17 s)
14400000 of 30000000 tuples (48%) done (elapsed 713.81 s, remaining 773.29 s)
14500000 of 30000000 tuples (48%) done (elapsed 718.65 s, remaining 768.21 s)
14600000 of 30000000 tuples (48%) done (elapsed 723.51 s, remaining 763.15 s)
14700000 of 30000000 tuples (49%) done (elapsed 727.88 s, remaining 757.59 s)
14800000 of 30000000 tuples (49%) done (elapsed 731.97 s, remaining 751.75 s)
14900000 of 30000000 tuples (49%) done (elapsed 736.84 s, remaining 746.73 s)
15000000 of 30000000 tuples (50%) done (elapsed 741.20 s, remaining 741.20 s)
15100000 of 30000000 tuples (50%) done (elapsed 745.78 s, remaining 735.90 s)
15200000 of 30000000 tuples (50%) done (elapsed 751.31 s, remaining 731.54 s)
15300000 of 30000000 tuples (51%) done (elapsed 755.74 s, remaining 726.10 s)
15400000 of 30000000 tuples (51%) done (elapsed 759.83 s, remaining 720.36 s)
15500000 of 30000000 tuples (51%) done (elapsed 764.21 s, remaining 714.91 s)
15600000 of 30000000 tuples (52%) done (elapsed 768.62 s, remaining 709.50 s)
15700000 of 30000000 tuples (52%) done (elapsed 773.61 s, remaining 704.63 s)
15800000 of 30000000 tuples (52%) done (elapsed 777.88 s, remaining 699.10 s)
15900000 of 30000000 tuples (53%) done (elapsed 782.82 s, remaining 694.20 s)
16000000 of 30000000 tuples (53%) done (elapsed 787.80 s, remaining 689.33 s)
16100000 of 30000000 tuples (53%) done (elapsed 792.25 s, remaining 683.99 s)
16200000 of 30000000 tuples (54%) done (elapsed 796.38 s, remaining 678.39 s)
16300000 of 30000000 tuples (54%) done (elapsed 800.87 s, remaining 673.12 s)
16400000 of 30000000 tuples (54%) done (elapsed 805.56 s, remaining 668.03 s)
16500000 of 30000000 tuples (55%) done (elapsed 809.97 s, remaining 662.70 s)
16600000 of 30000000 tuples (55%) done (elapsed 814.30 s, remaining 657.33 s)
16700000 of 30000000 tuples (55%) done (elapsed 820.70 s, remaining 653.61 s)
16800000 of 30000000 tuples (56%) done (elapsed 825.45 s, remaining 648.57 s)
16900000 of 30000000 tuples (56%) done (elapsed 830.20 s, remaining 643.53 s)
17000000 of 30000000 tuples (56%) done (elapsed 834.47 s, remaining 638.12 s)
17100000 of 30000000 tuples (57%) done (elapsed 839.09 s, remaining 633.00 s)
17200000 of 30000000 tuples (57%) done (elapsed 843.70 s, remaining 627.87 s)
17300000 of 30000000 tuples (57%) done (elapsed 848.42 s, remaining 622.83 s)
17400000 of 30000000 tuples (58%) done (elapsed 852.83 s, remaining 617.57 s)
17500000 of 30000000 tuples (58%) done (elapsed 856.92 s, remaining 612.09 s)
17600000 of 30000000 tuples (58%) done (elapsed 861.40 s, remaining 606.90 s)
17700000 of 30000000 tuples (59%) done (elapsed 865.51 s, remaining 601.46 s)
17800000 of 30000000 tuples (59%) done (elapsed 870.00 s, remaining 596.29 s)
17900000 of 30000000 tuples (59%) done (elapsed 874.72 s, remaining 591.29 s)
18000000 of 30000000 tuples (60%) done (elapsed 880.13 s, remaining 586.75 s)
18100000 of 30000000 tuples (60%) done (elapsed 884.24 s, remaining 581.35 s)
18200000 of 30000000 tuples (60%) done (elapsed 888.68 s, remaining 576.17 s)
18300000 of 30000000 tuples (61%) done (elapsed 892.83 s, remaining 570.82 s)
18400000 of 30000000 tuples (61%) done (elapsed 897.56 s, remaining 565.85 s)
18500000 of 30000000 tuples (61%) done (elapsed 901.92 s, remaining 560.65 s)
18600000 of 30000000 tuples (62%) done (elapsed 907.04 s, remaining 555.93 s)
18700000 of 30000000 tuples (62%) done (elapsed 912.78 s, remaining 551.57 s)
18800000 of 30000000 tuples (62%) done (elapsed 917.25 s, remaining 546.45 s)
18900000 of 30000000 tuples (63%) done (elapsed 921.34 s, remaining 541.11 s)
19000000 of 30000000 tuples (63%) done (elapsed 925.72 s, remaining 535.94 s)
19100000 of 30000000 tuples (63%) done (elapsed 929.89 s, remaining 530.67 s)
19200000 of 30000000 tuples (64%) done (elapsed 934.50 s, remaining 525.65 s)
19300000 of 30000000 tuples (64%) done (elapsed 940.77 s, remaining 521.57 s)
19400000 of 30000000 tuples (64%) done (elapsed 945.29 s, remaining 516.50 s)
19500000 of 30000000 tuples (65%) done (elapsed 949.43 s, remaining 511.23 s)
19600000 of 30000000 tuples (65%) done (elapsed 953.81 s, remaining 506.11 s)
19700000 of 30000000 tuples (65%) done (elapsed 957.92 s, remaining 500.84 s)
19800000 of 30000000 tuples (66%) done (elapsed 962.39 s, remaining 495.78 s)
19900000 of 30000000 tuples (66%) done (elapsed 966.57 s, remaining 490.57 s)
20000000 of 30000000 tuples (66%) done (elapsed 973.56 s, remaining 486.78 s)
20100000 of 30000000 tuples (67%) done (elapsed 978.86 s, remaining 482.12 s)
20200000 of 30000000 tuples (67%) done (elapsed 983.41 s, remaining 477.10 s)
20300000 of 30000000 tuples (67%) done (elapsed 987.95 s, remaining 472.07 s)
20400000 of 30000000 tuples (68%) done (elapsed 992.33 s, remaining 466.98 s)
20500000 of 30000000 tuples (68%) done (elapsed 996.98 s, remaining 462.01 s)
20600000 of 30000000 tuples (68%) done (elapsed 1001.89 s, remaining 457.18 s)
20700000 of 30000000 tuples (69%) done (elapsed 1006.56 s, remaining 452.22 s)
20800000 of 30000000 tuples (69%) done (elapsed 1011.06 s, remaining 447.20 s)
20900000 of 30000000 tuples (69%) done (elapsed 1015.14 s, remaining 442.00 s)
21000000 of 30000000 tuples (70%) done (elapsed 1019.52 s, remaining 436.94 s)
21100000 of 30000000 tuples (70%) done (elapsed 1023.62 s, remaining 431.77 s)
21200000 of 30000000 tuples (70%) done (elapsed 1028.00 s, remaining 426.72 s)
21300000 of 30000000 tuples (71%) done (elapsed 1033.38 s, remaining 422.09 s)
21400000 of 30000000 tuples (71%) done (elapsed 1038.52 s, remaining 417.35 s)
21500000 of 30000000 tuples (71%) done (elapsed 1043.17 s, remaining 412.42 s)
21600000 of 30000000 tuples (72%) done (elapsed 1047.68 s, remaining 407.43 s)
21700000 of 30000000 tuples (72%) done (elapsed 1051.72 s, remaining 402.27 s)
21800000 of 30000000 tuples (72%) done (elapsed 1056.13 s, remaining 397.26 s)
21900000 of 30000000 tuples (73%) done (elapsed 1060.22 s, remaining 392.13 s)
22000000 of 30000000 tuples (73%) done (elapsed 1066.36 s, remaining 387.77 s)
22100000 of 30000000 tuples (73%) done (elapsed 1070.68 s, remaining 382.73 s)
22200000 of 30000000 tuples (74%) done (elapsed 1075.81 s, remaining 377.99 s)
22300000 of 30000000 tuples (74%) done (elapsed 1080.64 s, remaining 373.13 s)
22400000 of 30000000 tuples (74%) done (elapsed 1085.18 s, remaining 368.19 s)
22500000 of 30000000 tuples (75%) done (elapsed 1089.28 s, remaining 363.09 s)
22600000 of 30000000 tuples (75%) done (elapsed 1094.83 s, remaining 358.48 s)
22700000 of 30000000 tuples (75%) done (elapsed 1099.12 s, remaining 353.46 s)
22800000 of 30000000 tuples (76%) done (elapsed 1104.17 s, remaining 348.69 s)
22900000 of 30000000 tuples (76%) done (elapsed 1109.20 s, remaining 343.90 s)
23000000 of 30000000 tuples (76%) done (elapsed 1113.67 s, remaining 338.94 s)
23100000 of 30000000 tuples (77%) done (elapsed 1117.87 s, remaining 333.91 s)
23200000 of 30000000 tuples (77%) done (elapsed 1122.00 s, remaining 328.86 s)
23300000 of 30000000 tuples (77%) done (elapsed 1127.22 s, remaining 324.14 s)
23400000 of 30000000 tuples (78%) done (elapsed 1132.46 s, remaining 319.41 s)
23500000 of 30000000 tuples (78%) done (elapsed 1137.32 s, remaining 314.58 s)
23600000 of 30000000 tuples (78%) done (elapsed 1142.15 s, remaining 309.74 s)
23700000 of 30000000 tuples (79%) done (elapsed 1146.57 s, remaining 304.78 s)
23800000 of 30000000 tuples (79%) done (elapsed 1150.67 s, remaining 299.75 s)
23900000 of 30000000 tuples (79%) done (elapsed 1155.04 s, remaining 294.80 s)
24000000 of 30000000 tuples (80%) done (elapsed 1159.09 s, remaining 289.77 s)
24100000 of 30000000 tuples (80%) done (elapsed 1163.46 s, remaining 284.83 s)
24200000 of 30000000 tuples (80%) done (elapsed 1167.56 s, remaining 279.83 s)
24300000 of 30000000 tuples (81%) done (elapsed 1173.79 s, remaining 275.33 s)
24400000 of 30000000 tuples (81%) done (elapsed 1177.94 s, remaining 270.35 s)
24500000 of 30000000 tuples (81%) done (elapsed 1182.36 s, remaining 265.43 s)
24600000 of 30000000 tuples (82%) done (elapsed 1186.45 s, remaining 260.44 s)
24700000 of 30000000 tuples (82%) done (elapsed 1190.91 s, remaining 255.54 s)
24800000 of 30000000 tuples (82%) done (elapsed 1195.28 s, remaining 250.62 s)
24900000 of 30000000 tuples (83%) done (elapsed 1200.17 s, remaining 245.82 s)
25000000 of 30000000 tuples (83%) done (elapsed 1205.45 s, remaining 241.09 s)
25100000 of 30000000 tuples (83%) done (elapsed 1210.44 s, remaining 236.30 s)
25200000 of 30000000 tuples (84%) done (elapsed 1214.53 s, remaining 231.34 s)
25300000 of 30000000 tuples (84%) done (elapsed 1218.98 s, remaining 226.45 s)
25400000 of 30000000 tuples (84%) done (elapsed 1223.13 s, remaining 221.51 s)
25500000 of 30000000 tuples (85%) done (elapsed 1227.60 s, remaining 216.64 s)
25600000 of 30000000 tuples (85%) done (elapsed 1231.67 s, remaining 211.69 s)
25700000 of 30000000 tuples (85%) done (elapsed 1237.67 s, remaining 207.08 s)
25800000 of 30000000 tuples (86%) done (elapsed 1242.74 s, remaining 202.31 s)
25900000 of 30000000 tuples (86%) done (elapsed 1247.15 s, remaining 197.42 s)
26000000 of 30000000 tuples (86%) done (elapsed 1251.23 s, remaining 192.50 s)
26100000 of 30000000 tuples (87%) done (elapsed 1255.63 s, remaining 187.62 s)
26200000 of 30000000 tuples (87%) done (elapsed 1259.73 s, remaining 182.71 s)
26300000 of 30000000 tuples (87%) done (elapsed 1264.13 s, remaining 177.84 s)
26400000 of 30000000 tuples (88%) done (elapsed 1269.60 s, remaining 173.13 s)
26500000 of 30000000 tuples (88%) done (elapsed 1274.78 s, remaining 168.37 s)
26600000 of 30000000 tuples (88%) done (elapsed 1280.42 s, remaining 163.66 s)
26700000 of 30000000 tuples (89%) done (elapsed 1284.81 s, remaining 158.80 s)
26800000 of 30000000 tuples (89%) done (elapsed 1290.96 s, remaining 154.14 s)
26900000 of 30000000 tuples (89%) done (elapsed 1295.37 s, remaining 149.28 s)
27000000 of 30000000 tuples (90%) done (elapsed 1300.06 s, remaining 144.45 s)
27100000 of 30000000 tuples (90%) done (elapsed 1304.77 s, remaining 139.62 s)
27200000 of 30000000 tuples (90%) done (elapsed 1309.40 s, remaining 134.79 s)
27300000 of 30000000 tuples (91%) done (elapsed 1313.90 s, remaining 129.95 s)
27400000 of 30000000 tuples (91%) done (elapsed 1317.98 s, remaining 125.06 s)
27500000 of 30000000 tuples (91%) done (elapsed 1322.45 s, remaining 120.22 s)
27600000 of 30000000 tuples (92%) done (elapsed 1327.71 s, remaining 115.45 s)
27700000 of 30000000 tuples (92%) done (elapsed 1332.19 s, remaining 110.61 s)
27800000 of 30000000 tuples (92%) done (elapsed 1336.28 s, remaining 105.75 s)
27900000 of 30000000 tuples (93%) done (elapsed 1342.46 s, remaining 101.05 s)
28000000 of 30000000 tuples (93%) done (elapsed 1346.66 s, remaining 96.19 s)
28100000 of 30000000 tuples (93%) done (elapsed 1351.30 s, remaining 91.37 s)
28200000 of 30000000 tuples (94%) done (elapsed 1355.63 s, remaining 86.53 s)
28300000 of 30000000 tuples (94%) done (elapsed 1362.00 s, remaining 81.82 s)
28400000 of 30000000 tuples (94%) done (elapsed 1366.09 s, remaining 76.96 s)
28500000 of 30000000 tuples (95%) done (elapsed 1370.55 s, remaining 72.13 s)
28600000 of 30000000 tuples (95%) done (elapsed 1375.56 s, remaining 67.34 s)
28700000 of 30000000 tuples (95%) done (elapsed 1380.00 s, remaining 62.51 s)
28800000 of 30000000 tuples (96%) done (elapsed 1384.07 s, remaining 57.67 s)
28900000 of 30000000 tuples (96%) done (elapsed 1390.16 s, remaining 52.91 s)
29000000 of 30000000 tuples (96%) done (elapsed 1394.40 s, remaining 48.08 s)
29100000 of 30000000 tuples (97%) done (elapsed 1398.80 s, remaining 43.26 s)
29200000 of 30000000 tuples (97%) done (elapsed 1402.89 s, remaining 38.44 s)
29300000 of 30000000 tuples (97%) done (elapsed 1407.50 s, remaining 33.63 s)
29400000 of 30000000 tuples (98%) done (elapsed 1412.45 s, remaining 28.83 s)
29500000 of 30000000 tuples (98%) done (elapsed 1416.55 s, remaining 24.01 s)
29600000 of 30000000 tuples (98%) done (elapsed 1422.44 s, remaining 19.22 s)
29700000 of 30000000 tuples (99%) done (elapsed 1426.59 s, remaining 14.41 s)
29800000 of 30000000 tuples (99%) done (elapsed 1431.01 s, remaining 9.60 s)
29900000 of 30000000 tuples (99%) done (elapsed 1435.10 s, remaining 4.80 s)
30000000 of 30000000 tuples (100%) done (elapsed 1439.70 s, remaining 0.00 s)
vacuum...
set primary keys...
NOTICE:  ALTER TABLE / ADD PRIMARY KEY will create implicit index "pgbench_branches_pkey" for table "pgbench_branches"
NOTICE:  ALTER TABLE / ADD PRIMARY KEY will create implicit index "pgbench_tellers_pkey" for table "pgbench_tellers"
NOTICE:  ALTER TABLE / ADD PRIMARY KEY will create implicit index "pgbench_accounts_pkey" for table "pgbench_accounts"
done.
starting vacuum...end.
starting vacuum...end.
transaction type: <builtin: TPC-B (sort of)>
scaling factor: 300
query mode: simple
number of clients: 32
number of threads: 4
duration: 900 s
number of transactions actually processed: 36150
latency average: 796.680 ms
tps = 40.082443 (including connections establishing)
tps = 40.082502 (excluding connections establishing)
script statistics:
 - statement latencies in milliseconds:
         0.003  \set aid random(1, 100000 * :scale)
         0.001  \set bid random(1, 1 * :scale)
         0.001  \set tid random(1, 10 * :scale)
         0.001  \set delta random(-5000, 5000)
         0.105  BEGIN;
       296.154  UPDATE pgbench_accounts SET abalance = abalance + :delta WHERE aid = :aid;
         0.288  SELECT abalance FROM pgbench_accounts WHERE aid = :aid;
       177.517  UPDATE pgbench_tellers SET tbalance = tbalance + :delta WHERE tid = :tid;
       118.696  UPDATE pgbench_branches SET bbalance = bbalance + :delta WHERE bid = :bid;
        70.436  INSERT INTO pgbench_history (tid, bid, aid, delta, mtime) VALUES (:tid, :bid, :aid, :delta, CURRENT_TIMESTAMP);
       134.977  END;
========================================================================
Testing 2006-02-18-REL8_2_0~1766
Start Time: 2016-08-01 07:36:37+00:00
Linux 3.16.0-4-amd64 (Debian-83-jessie-64-minimal) 	01.08.16 	_x86_64_	(8 CPU)

starting vacuum...end.
transaction type: <builtin: TPC-B (sort of)>
scaling factor: 300
query mode: simple
number of clients: 32
number of threads: 4
duration: 900 s
number of transactions actually processed: 24325
latency average: 1183.967 ms
tps = 26.983631 (including connections establishing)
tps = 26.983675 (excluding connections establishing)
script statistics:
 - statement latencies in milliseconds:
         0.003  \set aid random(1, 100000 * :scale)
         0.001  \set bid random(1, 1 * :scale)
         0.001  \set tid random(1, 10 * :scale)
         0.001  \set delta random(-5000, 5000)
         0.124  BEGIN;
       532.560  UPDATE pgbench_accounts SET abalance = abalance + :delta WHERE aid = :aid;
         0.440  SELECT abalance FROM pgbench_accounts WHERE aid = :aid;
       224.510  UPDATE pgbench_tellers SET tbalance = tbalance + :delta WHERE tid = :tid;
       138.191  UPDATE pgbench_branches SET bbalance = bbalance + :delta WHERE bid = :bid;
        77.442  INSERT INTO pgbench_history (tid, bid, aid, delta, mtime) VALUES (:tid, :bid, :aid, :delta, CURRENT_TIMESTAMP);
       212.209  END;
avg-cpu:  %user   %nice %system %iowait  %steal   %idle
           0,34    0,00    0,19    9,88    0,00   89,59

Device:         rrqm/s   wrqm/s     r/s     w/s    rkB/s    wkB/s avgrq-sz avgqu-sz   await r_await w_await  svctm  %util
sdb               0,00     1,32    4,90  122,62    40,68  1011,56    16,50    18,61  145,95   28,43  150,65   4,83  61,57
sda               0,01     1,32   18,56  122,63   155,59  1011,56    16,53    15,87  112,41   34,71  124,16   5,83  82,34
md0               0,00     0,00    0,11    0,00     0,45     0,00     8,00     0,00    0,00    0,00    0,00   0,00   0,00
md1               0,00     0,00    0,00    0,00     0,00     0,00     0,00     0,00    0,00    0,00    0,00   0,00   0,00
md2               0,00     0,00   23,35  123,30   195,83  1009,94    16,44     0,00    0,00    0,00    0,00   0,00   0,00
md3               0,00     0,00    0,00    0,01     0,00     0,04     8,00     0,00    0,00    0,00    0,00   0,00   0,00

End Time: 2016-08-01 07:52:07+00:00
========================================================================
========================================================================
Testing 2006-02-18-REL8_2_0~1766
Start Time: 2016-08-05 02:52:44+00:00
Shared Buffers:  1048576
starting vacuum...Linux 3.16.0-4-amd64 (Debian-83-jessie-64-minimal) 	05.08.16 	_x86_64_	(8 CPU)

end.
transaction type: <builtin: TPC-B (sort of)>
scaling factor: 300
query mode: simple
number of clients: 32
number of threads: 4
duration: 900 s
number of transactions actually processed: 25174
latency average: 1144.037 ms
tps = 27.943393 (including connections establishing)
tps = 27.943433 (excluding connections establishing)
script statistics:
 - statement latencies in milliseconds:
         0.003  \set aid random(1, 100000 * :scale)
         0.001  \set bid random(1, 1 * :scale)
         0.001  \set tid random(1, 10 * :scale)
         0.001  \set delta random(-5000, 5000)
         0.101  BEGIN;
       479.458  UPDATE pgbench_accounts SET abalance = abalance + :delta WHERE aid = :aid;
         0.442  SELECT abalance FROM pgbench_accounts WHERE aid = :aid;
       212.997  UPDATE pgbench_tellers SET tbalance = tbalance + :delta WHERE tid = :tid;
       151.248  UPDATE pgbench_branches SET bbalance = bbalance + :delta WHERE bid = :bid;
        91.081  INSERT INTO pgbench_history (tid, bid, aid, delta, mtime) VALUES (:tid, :bid, :aid, :delta, CURRENT_TIMESTAMP);
       209.922  END;
avg-cpu:  %user   %nice %system %iowait  %steal   %idle
           0,37    0,00    0,21   10,54    0,00   88,88

Device:         rrqm/s   wrqm/s     r/s     w/s    rkB/s    wkB/s avgrq-sz avgqu-sz   await r_await w_await  svctm  %util
sdb               0,00     0,84    4,14  127,39    34,68  1062,32    16,68    15,99  121,48   24,13  124,64   4,25  55,84
sda               0,01     0,83   19,88  127,35   167,81  1061,99    16,71    22,52  152,77   33,30  171,43   5,81  85,60
md0               0,00     0,00    0,07    0,00     0,27     0,00     8,00     0,00    0,00    0,00    0,00   0,00   0,00
md1               0,00     0,00    0,00    0,00     0,00     0,00     0,00     0,00    0,00    0,00    0,00   0,00   0,00
md2               0,00     0,00   23,96  127,85   202,20  1062,21    16,66     0,00    0,00    0,00    0,00   0,00   0,00
md3               0,00     0,00    0,00    0,01     0,00     0,04     8,00     0,00    0,00    0,00    0,00   0,00   0,00

End Time: 2016-08-05 03:08:14+00:00
========================================================================
========================================================================
Testing 2006-02-18-REL8_2_0~1766
Start Time: 2016-08-05 17:33:06+00:00
Shared Buffers:  260000
Linux 3.16.0-4-amd64 (Debian-83-jessie-64-minimal) 	05.08.16 	_x86_64_	(8 CPU)

starting vacuum...end.
transaction type: <builtin: TPC-B (sort of)>
scaling factor: 300
query mode: simple
number of clients: 32
number of threads: 4
duration: 900 s
number of transactions actually processed: 21680
latency average: 1328.413 ms
tps = 24.050344 (including connections establishing)
tps = 24.050381 (excluding connections establishing)
script statistics:
 - statement latencies in milliseconds:
         0.003  \set aid random(1, 100000 * :scale)
         0.001  \set bid random(1, 1 * :scale)
         0.001  \set tid random(1, 10 * :scale)
         0.001  \set delta random(-5000, 5000)
         0.112  BEGIN;
       609.630  UPDATE pgbench_accounts SET abalance = abalance + :delta WHERE aid = :aid;
         0.453  SELECT abalance FROM pgbench_accounts WHERE aid = :aid;
       250.113  UPDATE pgbench_tellers SET tbalance = tbalance + :delta WHERE tid = :tid;
       150.982  UPDATE pgbench_branches SET bbalance = bbalance + :delta WHERE bid = :bid;
        89.592  INSERT INTO pgbench_history (tid, bid, aid, delta, mtime) VALUES (:tid, :bid, :aid, :delta, CURRENT_TIMESTAMP);
       230.075  END;
avg-cpu:  %user   %nice %system %iowait  %steal   %idle
           0,30    0,00    0,17    9,95    0,00   89,58

Device:         rrqm/s   wrqm/s     r/s     w/s    rkB/s    wkB/s avgrq-sz avgqu-sz   await r_await w_await  svctm  %util
sdb               0,00     1,15    4,15  110,72    34,57   906,75    16,39    20,43  177,81   29,72  183,36   5,24  60,16
sda               0,01     1,15   17,16  110,72   142,60   906,75    16,41    19,18  149,99   37,94  167,36   6,48  82,91
md0               0,00     0,00    0,15    0,00     0,58     0,00     8,00     0,00    0,00    0,00    0,00   0,00   0,00
md1               0,00     0,00    0,00    0,00     0,00     0,00     0,00     0,00    0,00    0,00    0,00   0,00   0,00
md2               0,00     0,00   21,17  111,19   176,58   905,05    16,34     0,00    0,00    0,00    0,00   0,00   0,00
md3               0,00     0,00    0,00    0,01     0,00     0,04     8,00     0,00    0,00    0,00    0,00   0,00   0,00

End Time: 2016-08-05 17:48:36+00:00
========================================================================
========================================================================
Testing 2006-02-18-REL8_2_0~1766
Start Time: 2016-08-07 10:17:48+00:00
Shared Buffers:  260000
Linux 3.16.0-4-amd64 (Debian-83-jessie-64-minimal) 	07.08.16 	_x86_64_	(8 CPU)

starting vacuum...end.
transaction type: <builtin: TPC-B (sort of)>
scaling factor: 300
query mode: simple
number of clients: 32
number of threads: 4
duration: 900 s
number of transactions actually processed: 21996
latency average: 1309.329 ms
tps = 24.069414 (including connections establishing)
tps = 24.069451 (excluding connections establishing)
script statistics:
 - statement latencies in milliseconds:
         0.003  \set aid random(1, 100000 * :scale)
         0.001  \set bid random(1, 1 * :scale)
         0.001  \set tid random(1, 10 * :scale)
         0.001  \set delta random(-5000, 5000)
         0.154  BEGIN;
       592.680  UPDATE pgbench_accounts SET abalance = abalance + :delta WHERE aid = :aid;
         0.501  SELECT abalance FROM pgbench_accounts WHERE aid = :aid;
       243.970  UPDATE pgbench_tellers SET tbalance = tbalance + :delta WHERE tid = :tid;
       161.036  UPDATE pgbench_branches SET bbalance = bbalance + :delta WHERE bid = :bid;
        91.347  INSERT INTO pgbench_history (tid, bid, aid, delta, mtime) VALUES (:tid, :bid, :aid, :delta, CURRENT_TIMESTAMP);
       235.914  END;
avg-cpu:  %user   %nice %system %iowait  %steal   %idle
           0,31    0,00    0,17   10,42    0,00   89,10

Device:         rrqm/s   wrqm/s     r/s     w/s    rkB/s    wkB/s avgrq-sz avgqu-sz   await r_await w_await  svctm  %util
sdb               0,00     1,33    3,92  110,61    32,52   903,80    16,35    23,06  195,43   30,00  201,29   5,50  62,95
sda               0,00     1,32   17,56  110,88   146,45   905,89    16,39    18,85  146,29   35,85  163,78   6,55  84,19
md0               0,00     0,00    0,09    0,00     0,37     0,00     8,00     0,00    0,00    0,00    0,00   0,00   0,00
md1               0,00     0,00    0,00    0,00     0,00     0,00     0,00     0,00    0,00    0,00    0,00   0,00   0,00
md2               0,00     0,00   21,39  113,25   178,60   918,29    16,29     0,00    0,00    0,00    0,00   0,00   0,00
md3               0,00     0,00    0,00    0,01     0,00     0,04     8,00     0,00    0,00    0,00    0,00   0,00   0,00

Control File Changes
--- /usr/local/oldpgsql/2006-02-18-REL8_2_0~1766/before.controldata	2016-08-07 12:17:47.930492407 +0200
+++ /usr/local/oldpgsql/2006-02-18-REL8_2_0~1766/after.controldata	2016-08-07 12:33:26.637399324 +0200
@@ -2,19 +2,19 @@
 Catalog version number:               200602112
 Database system identifier:           6255775633659526863
 Database cluster state:               in production
-pg_control last modified:             нд, 07-сер-2016 12:17:47 +0200
+pg_control last modified:             нд, 07-сер-2016 12:33:26 +0200
 Current log file ID:                  2
-Next log file segment:                187
-Latest checkpoint location:           2/BAA752A0
-Prior checkpoint location:            2/BAA75250
-Latest checkpoint's REDO location:    2/BAA752A0
+Next log file segment:                208
+Latest checkpoint location:           2/CFD22260
+Prior checkpoint location:            2/CFD22210
+Latest checkpoint's REDO location:    2/CFD22260
 Latest checkpoint's UNDO location:    0/0
 Latest checkpoint's TimeLineID:       1
-Latest checkpoint's NextXID:          116940
-Latest checkpoint's NextOID:          16440
+Latest checkpoint's NextXID:          138979
+Latest checkpoint's NextOID:          24632
 Latest checkpoint's NextMultiXactId:  1
 Latest checkpoint's NextMultiOffset:  0
-Time of latest checkpoint:            нд, 07-сер-2016 12:17:47 +0200
+Time of latest checkpoint:            нд, 07-сер-2016 12:33:26 +0200
 Maximum data alignment:               8
 Database block size:                  8192
 Blocks per segment of large relation: 131072
End Time: 2016-08-07 10:33:26+00:00
========================================================================
========================================================================
Testing 2006-02-18-REL8_2_0~1766
Start Time: 2016-08-08 22:58:01+00:00
Shared Buffers:  260000
size before pgbench of pgbench_branches_pkey: 968
size before pgbench of pgbench_branches: 1756
size before pgbench of pgbench_tellers_pkey: 1064
size before pgbench of pgbench_tellers: 2168
size before pgbench of pgbench_accounts_pkey: 658092
size before pgbench of pgbench_accounts: 1011332
size before pgbench of pgbench_history: 1464
total size before pgbench: 1676844
Linux 3.16.0-4-amd64 (Debian-83-jessie-64-minimal) 	09.08.16 	_x86_64_	(8 CPU)

starting vacuum...end.
transaction type: <builtin: select only>
scaling factor: 300
query mode: simple
number of clients: 32
number of threads: 4
duration: 60 s
number of transactions actually processed: 64441
latency average: 29.795 ms
tps = 1072.287264 (including connections establishing)
tps = 1072.311578 (excluding connections establishing)
script statistics:
 - statement latencies in milliseconds:
         0.002  \set aid random(1, 100000 * :scale)
        29.815  SELECT abalance FROM pgbench_accounts WHERE aid = :aid;
avg-cpu:  %user   %nice %system %iowait  %steal   %idle
           1,08    0,00    0,63   23,86    0,00   74,43

Device:         rrqm/s   wrqm/s     r/s     w/s    rkB/s    wkB/s avgrq-sz avgqu-sz   await r_await w_await  svctm  %util
sdb               0,01     0,77  256,56   13,10  2356,93   112,46    18,32    17,04   63,20   42,66  465,28   2,68  72,13
sda               0,00     0,79  260,66   13,08  2409,33   112,46    18,43    26,25   95,91   45,71 1096,36   2,69  73,76
md0               0,00     0,00    0,03    0,00     0,13     0,00     8,00     0,00    0,00    0,00    0,00   0,00   0,00
md1               0,00     0,00    0,00    0,00     0,00     0,00     0,00     0,00    0,00    0,00    0,00   0,00   0,00
md2               0,00     0,00  517,19   12,79  4766,13   109,87    18,40     0,00    0,00    0,00    0,00   0,00   0,00
md3               0,00     0,00    0,00    0,10     0,00     0,40     8,00     0,00    0,00    0,00    0,00   0,00   0,00

Control File Changes
--- /usr/local/oldpgsql/2006-02-18-REL8_2_0~1766/before.controldata	2016-08-09 00:59:18.162496791 +0200
+++ /usr/local/oldpgsql/2006-02-18-REL8_2_0~1766/after.controldata	2016-08-09 01:00:48.777832527 +0200
@@ -5 +5 @@
-pg_control last modified:             Mon Aug  8 22:59:18 2016
+pg_control last modified:             Mon Aug  8 23:00:48 2016
@@ -8,3 +8,3 @@
-Latest checkpoint location:           2/CFD22300
-Prior checkpoint location:            2/CFD222B0
-Latest checkpoint's REDO location:    2/CFD22300
+Latest checkpoint location:           2/CFDA7B90
+Prior checkpoint location:            2/CFD22300
+Latest checkpoint's REDO location:    2/CFDA7B90
@@ -13,2 +13,2 @@
-Latest checkpoint's NextXID:          139011
-Latest checkpoint's NextOID:          16441
+Latest checkpoint's NextXID:          203495
+Latest checkpoint's NextOID:          24633
@@ -17 +17 @@
-Time of latest checkpoint:            Mon Aug  8 22:59:17 2016
+Time of latest checkpoint:            Mon Aug  8 23:00:48 2016
size after pgbench of pgbench_branches_pkey: 968
size after pgbench of pgbench_branches: 1756
size after pgbench of pgbench_tellers_pkey: 1064
size after pgbench of pgbench_tellers: 2168
size after pgbench of pgbench_accounts_pkey: 658092
size after pgbench of pgbench_accounts: 1011332
size after pgbench of pgbench_history: 0
total size after pgbench: 1675380
End Time: 2016-08-08 23:00:48+00:00
========================================================================
========================================================================
Testing 2006-02-18-REL8_2_0~1766
Start Time: 2016-08-09 13:39:48+00:00
Shared Buffers:  260000
size before pgbench of pgbench_branches_pkey: 968
size before pgbench of pgbench_branches: 1756
size before pgbench of pgbench_tellers_pkey: 1064
size before pgbench of pgbench_tellers: 2168
size before pgbench of pgbench_accounts_pkey: 658092
size before pgbench of pgbench_accounts: 1011332
size before pgbench of pgbench_history: 0
total size before pgbench: 1675380
Linux 3.16.0-4-amd64 (Debian-83-jessie-64-minimal) 	09.08.16 	_x86_64_	(8 CPU)

starting vacuum...end.
transaction type: <builtin: select only>
scaling factor: 300
query mode: simple
number of clients: 32
number of threads: 4
duration: 60 s
number of transactions actually processed: 67087
latency average: 28.620 ms
tps = 1116.743296 (including connections establishing)
tps = 1116.784874 (excluding connections establishing)
script statistics:
 - statement latencies in milliseconds:
         0.002  \set aid random(1, 100000 * :scale)
        28.633  SELECT abalance FROM pgbench_accounts WHERE aid = :aid;
avg-cpu:  %user   %nice %system %iowait  %steal   %idle
           1,10    0,00    0,68   25,53    0,00   72,69

Device:         rrqm/s   wrqm/s     r/s     w/s    rkB/s    wkB/s avgrq-sz avgqu-sz   await r_await w_await  svctm  %util
sdb               0,00     0,57  264,14    2,00  2441,91     8,78    18,42    14,42   54,19   40,94 1803,07   2,54  67,56
sda               0,06     0,58  263,33    1,99  2450,76     8,78    18,54    17,07   64,33   47,99 2227,87   2,56  67,79
md0               0,00     0,00    0,10    0,03     0,40     0,13     8,00     0,00    0,00    0,00    0,00   0,00   0,00
md1               0,00     0,00    0,00    0,00     0,00     0,00     0,00     0,00    0,00    0,00    0,00   0,00   0,00
md2               0,00     0,00  527,43    1,31  4891,82     5,73    18,53     0,00    0,00    0,00    0,00   0,00   0,00
md3               0,00     0,00    0,00    0,10     0,00     0,40     8,00     0,00    0,00    0,00    0,00   0,00   0,00

Control File Changes
--- /usr/local/oldpgsql/2006-02-18-REL8_2_0~1766/before.controldata	2016-08-09 15:40:28.487473938 +0200
+++ /usr/local/oldpgsql/2006-02-18-REL8_2_0~1766/after.controldata	2016-08-09 15:41:58.827677483 +0200
@@ -5 +5 @@
-pg_control last modified:             Tue Aug  9 13:40:28 2016
+pg_control last modified:             Tue Aug  9 13:41:58 2016
@@ -8,3 +8,3 @@
-Latest checkpoint location:           2/CFDA7C30
-Prior checkpoint location:            2/CFDA7BE0
-Latest checkpoint's REDO location:    2/CFDA7C30
+Latest checkpoint location:           2/CFDAAC88
+Prior checkpoint location:            2/CFDA7C30
+Latest checkpoint's REDO location:    2/CFDAAC88
@@ -13,2 +13,2 @@
-Latest checkpoint's NextXID:          203529
-Latest checkpoint's NextOID:          16442
+Latest checkpoint's NextXID:          270659
+Latest checkpoint's NextOID:          24634
@@ -17 +17 @@
-Time of latest checkpoint:            Tue Aug  9 13:40:28 2016
+Time of latest checkpoint:            Tue Aug  9 13:41:58 2016
size after pgbench of pgbench_branches_pkey: 968
size after pgbench of pgbench_branches: 1756
size after pgbench of pgbench_tellers_pkey: 1064
size after pgbench of pgbench_tellers: 2168
size after pgbench of pgbench_accounts_pkey: 658092
size after pgbench of pgbench_accounts: 1011332
size after pgbench of pgbench_history: 0
total size after pgbench: 1675380
End Time: 2016-08-09 13:41:58+00:00
========================================================================
========================================================================
Testing 2006-02-18-REL8_2_0~1766
Start Time: 2016-08-10 18:42:04+00:00
Shared Buffers:  260000
size before pgbench of pgbench_branches_pkey: 968
size before pgbench of pgbench_branches: 1756
size before pgbench of pgbench_tellers_pkey: 1064
size before pgbench of pgbench_tellers: 2168
size before pgbench of pgbench_accounts_pkey: 658092
size before pgbench of pgbench_accounts: 1011332
size before pgbench of pgbench_history: 0
total size before pgbench: 1675380
Linux 3.16.0-4-amd64 (Debian-83-jessie-64-minimal) 	10.08.16 	_x86_64_	(8 CPU)

starting vacuum...end.
transaction type: <builtin: select only>
scaling factor: 300
query mode: simple
number of clients: 32
number of threads: 4
duration: 60 s
number of transactions actually processed: 66222
latency average: 28.993 ms
tps = 1102.107895 (including connections establishing)
tps = 1102.134734 (excluding connections establishing)
script statistics:
 - statement latencies in milliseconds:
         0.002  \set aid random(1, 100000 * :scale)
        29.025  SELECT abalance FROM pgbench_accounts WHERE aid = :aid;
avg-cpu:  %user   %nice %system %iowait  %steal   %idle
           1,10    0,00    0,60   24,50    0,00   73,79

Device:         rrqm/s   wrqm/s     r/s     w/s    rkB/s    wkB/s avgrq-sz avgqu-sz   await r_await w_await  svctm  %util
sdb               0,00     0,59  264,16    1,78  2447,16     8,23    18,47    13,34   50,15   43,90  979,12   2,53  67,41
sda               0,00     0,59  259,70    1,78  2410,04     8,23    18,50    12,79   48,91   45,14  599,25   2,58  67,53
md0               0,00     0,00    0,00    0,01     0,00     0,04     8,00     0,00    0,00    0,00    0,00   0,00   0,00
md1               0,00     0,00    0,00    0,00     0,00     0,00     0,00     0,00    0,00    0,00    0,00   0,00   0,00
md2               0,00     0,00  523,86    1,31  4857,20     5,64    18,52     0,00    0,00    0,00    0,00   0,00   0,00
md3               0,00     0,00    0,00    0,11     0,00     0,44     8,00     0,00    0,00    0,00    0,00   0,00   0,00

Control File Changes
--- /usr/local/oldpgsql/2006-02-18-REL8_2_0~1766/before.controldata	2016-08-10 20:42:44.317263867 +0200
+++ /usr/local/oldpgsql/2006-02-18-REL8_2_0~1766/after.controldata	2016-08-10 20:44:14.658145805 +0200
@@ -5 +5 @@
-pg_control last modified:             Wed Aug 10 18:42:44 2016
+pg_control last modified:             Wed Aug 10 18:44:14 2016
@@ -8,3 +8,3 @@
-Latest checkpoint location:           2/CFDAAD28
-Prior checkpoint location:            2/CFDAACD8
-Latest checkpoint's REDO location:    2/CFDAAD28
+Latest checkpoint location:           2/CFDADE78
+Prior checkpoint location:            2/CFDAAD28
+Latest checkpoint's REDO location:    2/CFDADE78
@@ -13,2 +13,2 @@
-Latest checkpoint's NextXID:          270693
-Latest checkpoint's NextOID:          16443
+Latest checkpoint's NextXID:          336958
+Latest checkpoint's NextOID:          24635
@@ -17 +17 @@
-Time of latest checkpoint:            Wed Aug 10 18:42:43 2016
+Time of latest checkpoint:            Wed Aug 10 18:44:14 2016
size after pgbench of pgbench_branches_pkey: 968
size after pgbench of pgbench_branches: 1756
size after pgbench of pgbench_tellers_pkey: 1064
size after pgbench of pgbench_tellers: 2168
size after pgbench of pgbench_accounts_pkey: 658092
size after pgbench of pgbench_accounts: 1011332
size after pgbench of pgbench_history: 0
total size after pgbench: 1675380
End Time: 2016-08-10 18:44:14+00:00
========================================================================
========================================================================
Testing 2006-02-18-REL8_2_0~1766
Start Time: 2016-08-11 00:44:20+00:00
Shared Buffers:  260000
size before pgbench of pgbench_branches_pkey: 968
size before pgbench of pgbench_branches: 1756
size before pgbench of pgbench_tellers_pkey: 1064
size before pgbench of pgbench_tellers: 2168
size before pgbench of pgbench_accounts_pkey: 658092
size before pgbench of pgbench_accounts: 1011332
size before pgbench of pgbench_history: 0
total size before pgbench: 1675380
Linux 3.16.0-4-amd64 (Debian-83-jessie-64-minimal) 	11.08.16 	_x86_64_	(8 CPU)

starting vacuum...end.
transaction type: <builtin: select only>
scaling factor: 300
query mode: simple
number of clients: 32
number of threads: 4
duration: 60 s
number of transactions actually processed: 64198
latency average: 29.907 ms
tps = 1068.464993 (including connections establishing)
tps = 1068.488925 (excluding connections establishing)
script statistics:
 - statement latencies in milliseconds:
         0.002  \set aid random(1, 100000 * :scale)
        29.913  SELECT abalance FROM pgbench_accounts WHERE aid = :aid;
avg-cpu:  %user   %nice %system %iowait  %steal   %idle
           1,10    0,00    0,59   24,27    0,00   74,03

Device:         rrqm/s   wrqm/s     r/s     w/s    rkB/s    wkB/s avgrq-sz avgqu-sz   await r_await w_await  svctm  %util
sdb               0,29     0,59  260,69    1,89  2419,47     8,89    18,50    18,08   68,85   47,45 3022,71   2,57  67,37
sda               0,82     0,59  255,32    1,89  2362,89     8,89    18,44    13,75   53,45   44,26 1295,81   2,63  67,56
md0               0,00     0,00    1,86    0,01     7,42     0,04     8,00     0,00    0,00    0,00    0,00   0,00   0,00
md1               0,00     0,00    0,00    0,00     0,00     0,00     0,00     0,00    0,00    0,00    0,00   0,00   0,00
md2               0,00     0,00  515,28    1,44  4774,93     6,36    18,51     0,00    0,00    0,00    0,00   0,00   0,00
md3               0,00     0,00    0,00    0,10     0,00     0,40     8,00     0,00    0,00    0,00    0,00   0,00   0,00

Control File Changes
--- /usr/local/oldpgsql/2006-02-18-REL8_2_0~1766/before.controldata	2016-08-11 02:45:00.459466019 +0200
+++ /usr/local/oldpgsql/2006-02-18-REL8_2_0~1766/after.controldata	2016-08-11 02:46:30.831666799 +0200
@@ -5 +5 @@
-pg_control last modified:             Thu Aug 11 00:45:00 2016
+pg_control last modified:             Thu Aug 11 00:46:30 2016
@@ -8,3 +8,3 @@
-Latest checkpoint location:           2/CFDADF18
-Prior checkpoint location:            2/CFDADEC8
-Latest checkpoint's REDO location:    2/CFDADF18
+Latest checkpoint location:           2/CFDB1188
+Prior checkpoint location:            2/CFDADF18
+Latest checkpoint's REDO location:    2/CFDB1188
@@ -13,2 +13,2 @@
-Latest checkpoint's NextXID:          336992
-Latest checkpoint's NextOID:          16444
+Latest checkpoint's NextXID:          401233
+Latest checkpoint's NextOID:          24636
@@ -17 +17 @@
-Time of latest checkpoint:            Thu Aug 11 00:45:00 2016
+Time of latest checkpoint:            Thu Aug 11 00:46:30 2016
size after pgbench of pgbench_branches_pkey: 968
size after pgbench of pgbench_branches: 1756
size after pgbench of pgbench_tellers_pkey: 1064
size after pgbench of pgbench_tellers: 2168
size after pgbench of pgbench_accounts_pkey: 658092
size after pgbench of pgbench_accounts: 1011332
size after pgbench of pgbench_history: 0
total size after pgbench: 1675380
End Time: 2016-08-11 00:46:30+00:00
========================================================================
========================================================================
Testing 2006-02-18-REL8_2_0~1766
Start Time: 2016-08-11 20:46:33+00:00
Shared Buffers:  260000
size before pgbench of pgbench_branches_pkey: 968
size before pgbench of pgbench_branches: 1756
size before pgbench of pgbench_tellers_pkey: 1064
size before pgbench of pgbench_tellers: 2168
size before pgbench of pgbench_accounts_pkey: 658092
size before pgbench of pgbench_accounts: 1011332
size before pgbench of pgbench_history: 0
total size before pgbench: 1675380
Linux 3.16.0-4-amd64 (Debian-83-jessie-64-minimal) 	11.08.16 	_x86_64_	(8 CPU)

starting vacuum...end.
transaction type: <builtin: select only>
scaling factor: 300
query mode: simple
number of clients: 32
number of threads: 4
duration: 60 s
number of transactions actually processed: 65976
latency average: 29.101 ms
tps = 1097.480491 (including connections establishing)
tps = 1097.505420 (excluding connections establishing)
script statistics:
 - statement latencies in milliseconds:
         0.002  \set aid random(1, 100000 * :scale)
        29.116  SELECT abalance FROM pgbench_accounts WHERE aid = :aid;
avg-cpu:  %user   %nice %system %iowait  %steal   %idle
           1,09    0,00    0,65   24,45    0,00   73,81

Device:         rrqm/s   wrqm/s     r/s     w/s    rkB/s    wkB/s avgrq-sz avgqu-sz   await r_await w_await  svctm  %util
sdb               0,08     0,59  259,88    1,86  2410,31     8,49    18,48    14,33   54,73   43,07 1686,87   2,59  67,67
sda               0,39     0,59  264,24    1,86  2448,49     8,49    18,47    13,34   50,14   47,85  376,12   2,54  67,49
md0               0,00     0,00    1,03    0,00     4,13     0,00     8,00     0,00    0,00    0,00    0,00   0,00   0,00
md1               0,00     0,00    0,00    0,00     0,00     0,00     0,00     0,00    0,00    0,00    0,00   0,00   0,00
md2               0,00     0,00  523,56    1,34  4854,67     5,91    18,52     0,00    0,00    0,00    0,00   0,00   0,00
md3               0,00     0,00    0,00    0,10     0,00     0,40     8,00     0,00    0,00    0,00    0,00   0,00   0,00

Control File Changes
--- /usr/local/oldpgsql/2006-02-18-REL8_2_0~1766/before.controldata	2016-08-11 22:47:13.892223882 +0200
+++ /usr/local/oldpgsql/2006-02-18-REL8_2_0~1766/after.controldata	2016-08-11 22:48:44.144709586 +0200
@@ -5 +5 @@
-pg_control last modified:             Thu Aug 11 20:47:13 2016
+pg_control last modified:             Thu Aug 11 20:48:44 2016
@@ -8,3 +8,3 @@
-Latest checkpoint location:           2/CFDB1228
-Prior checkpoint location:            2/CFDB11D8
-Latest checkpoint's REDO location:    2/CFDB1228
+Latest checkpoint location:           2/CFDB45A0
+Prior checkpoint location:            2/CFDB1228
+Latest checkpoint's REDO location:    2/CFDB45A0
@@ -13,2 +13,2 @@
-Latest checkpoint's NextXID:          401267
-Latest checkpoint's NextOID:          16445
+Latest checkpoint's NextXID:          467286
+Latest checkpoint's NextOID:          24637
@@ -17 +17 @@
-Time of latest checkpoint:            Thu Aug 11 20:47:13 2016
+Time of latest checkpoint:            Thu Aug 11 20:48:43 2016
size after pgbench of pgbench_branches_pkey: 968
size after pgbench of pgbench_branches: 1756
size after pgbench of pgbench_tellers_pkey: 1064
size after pgbench of pgbench_tellers: 2168
size after pgbench of pgbench_accounts_pkey: 658092
size after pgbench of pgbench_accounts: 1011332
size after pgbench of pgbench_history: 0
total size after pgbench: 1675380
End Time: 2016-08-11 20:48:44+00:00
========================================================================
========================================================================
Testing 2006-02-18-REL8_2_0~1766
Start Time: 2016-08-12 03:31:34+00:00
Shared Buffers:  260000
size before pgbench of pgbench_branches_pkey: 968
size before pgbench of pgbench_branches: 1756
size before pgbench of pgbench_tellers_pkey: 1064
size before pgbench of pgbench_tellers: 2168
size before pgbench of pgbench_accounts_pkey: 658092
size before pgbench of pgbench_accounts: 1011332
size before pgbench of pgbench_history: 0
total size before pgbench: 1675380
Linux 3.16.0-4-amd64 (Debian-83-jessie-64-minimal) 	12.08.16 	_x86_64_	(8 CPU)

starting vacuum...end.
transaction type: <builtin: select only>
scaling factor: 300
query mode: simple
number of clients: 64
number of threads: 4
duration: 60 s
number of transactions actually processed: 71718
latency average: 53.543 ms
tps = 1192.245963 (including connections establishing)
tps = 1192.272716 (excluding connections establishing)
script statistics:
 - statement latencies in milliseconds:
         0.002  \set aid random(1, 100000 * :scale)
        53.627  SELECT abalance FROM pgbench_accounts WHERE aid = :aid;
avg-cpu:  %user   %nice %system %iowait  %steal   %idle
           1,19    0,00    0,76   31,52    0,00   66,53

Device:         rrqm/s   wrqm/s     r/s     w/s    rkB/s    wkB/s avgrq-sz avgqu-sz   await r_await w_await  svctm  %util
sdb               0,28     0,49  278,24    1,57  2590,27     8,00    18,57    32,39  115,72   90,70 4560,23   2,40  67,08
sda               1,43     0,49  274,58    1,57  2572,44     8,00    18,69    27,82  100,74   81,66 3443,66   2,44  67,28
md0               0,00     0,00    2,64    0,00    10,58     0,00     8,00     0,00    0,00    0,00    0,00   0,00   0,00
md1               0,00     0,00    0,00    0,00     0,00     0,00     0,00     0,00    0,00    0,00    0,00   0,00   0,00
md2               0,00     0,00  551,96    1,28  5152,13     5,91    18,65     0,00    0,00    0,00    0,00   0,00   0,00
md3               0,00     0,00    0,00    0,10     0,00     0,40     8,00     0,00    0,00    0,00    0,00   0,00   0,00

Control File Changes
--- /usr/local/oldpgsql/2006-02-18-REL8_2_0~1766/before.controldata	2016-08-12 05:32:13.346247312 +0200
+++ /usr/local/oldpgsql/2006-02-18-REL8_2_0~1766/after.controldata	2016-08-12 05:33:43.678879400 +0200
@@ -5 +5 @@
-pg_control last modified:             Fri Aug 12 03:32:13 2016
+pg_control last modified:             Fri Aug 12 03:33:43 2016
@@ -8,3 +8,3 @@
-Latest checkpoint location:           2/CFDB4640
-Prior checkpoint location:            2/CFDB45F0
-Latest checkpoint's REDO location:    2/CFDB4640
+Latest checkpoint location:           2/CFDB7AB0
+Prior checkpoint location:            2/CFDB4640
+Latest checkpoint's REDO location:    2/CFDB7AB0
@@ -13,2 +13,2 @@
-Latest checkpoint's NextXID:          467320
-Latest checkpoint's NextOID:          16446
+Latest checkpoint's NextXID:          539113
+Latest checkpoint's NextOID:          24638
@@ -17 +17 @@
-Time of latest checkpoint:            Fri Aug 12 03:32:13 2016
+Time of latest checkpoint:            Fri Aug 12 03:33:43 2016
size after pgbench of pgbench_branches_pkey: 968
size after pgbench of pgbench_branches: 1756
size after pgbench of pgbench_tellers_pkey: 1064
size after pgbench of pgbench_tellers: 2168
size after pgbench of pgbench_accounts_pkey: 658092
size after pgbench of pgbench_accounts: 1011332
size after pgbench of pgbench_history: 0
total size after pgbench: 1675380
End Time: 2016-08-12 03:33:43+00:00
========================================================================
========================================================================
Testing 2006-02-18-REL8_2_0~1766
Start Time: 2016-08-12 23:46:28+00:00
Shared Buffers:  260000
size before pgbench of pgbench_branches_pkey: 968
size before pgbench of pgbench_branches: 1756
size before pgbench of pgbench_tellers_pkey: 1064
size before pgbench of pgbench_tellers: 2168
size before pgbench of pgbench_accounts_pkey: 658092
size before pgbench of pgbench_accounts: 1011332
size before pgbench of pgbench_history: 0
total size before pgbench: 1675380
+ /usr/local/pgsql/bin/pgbench -T 60 -S -c 64 -j 4 -r
Linux 3.16.0-4-amd64 (Debian-83-jessie-64-minimal) 	13.08.16 	_x86_64_	(8 CPU)

starting vacuum...end.
transaction type: <builtin: select only>
scaling factor: 300
query mode: simple
number of clients: 64
number of threads: 4
duration: 60 s
number of transactions actually processed: 69130
latency average: 55.548 ms
tps = 1147.268709 (including connections establishing)
tps = 1147.295474 (excluding connections establishing)
script statistics:
 - statement latencies in milliseconds:
         0.002  \set aid random(1, 100000 * :scale)
        55.644  SELECT abalance FROM pgbench_accounts WHERE aid = :aid;
avg-cpu:  %user   %nice %system %iowait  %steal   %idle
           1,19    0,00    0,73   29,73    0,00   68,35

Device:         rrqm/s   wrqm/s     r/s     w/s    rkB/s    wkB/s avgrq-sz avgqu-sz   await r_await w_await  svctm  %util
sdb               0,00     0,62  272,79    1,81  2523,33     8,54    18,44    26,93   98,04   95,99  407,07   2,45  67,30
sda               0,00     0,62  268,08    1,80  2494,49     8,50    18,55    24,14   89,45   78,86 1666,91   2,50  67,58
md0               0,00     0,00    0,00    0,00     0,00     0,00     0,00     0,00    0,00    0,00    0,00   0,00   0,00
md1               0,00     0,00    0,00    0,00     0,00     0,00     0,00     0,00    0,00    0,00    0,00   0,00   0,00
md2               0,00     0,00  540,90    1,34  5017,82     5,96    18,53     0,00    0,00    0,00    0,00   0,00   0,00
md3               0,00     0,00    0,00    0,10     0,00     0,40     8,00     0,00    0,00    0,00    0,00   0,00   0,00

Control File Changes
--- /usr/local/oldpgsql/2006-02-18-REL8_2_0~1766/before.controldata	2016-08-13 01:47:09.550502706 +0200
+++ /usr/local/oldpgsql/2006-02-18-REL8_2_0~1766/after.controldata	2016-08-13 01:48:39.998705431 +0200
@@ -5 +5 @@
-pg_control last modified:             Fri Aug 12 23:47:09 2016
+pg_control last modified:             Fri Aug 12 23:48:39 2016
@@ -8,3 +8,3 @@
-Latest checkpoint location:           2/CFDB7B50
-Prior checkpoint location:            2/CFDB7B00
-Latest checkpoint's REDO location:    2/CFDB7B50
+Latest checkpoint location:           2/CFDBB0E0
+Prior checkpoint location:            2/CFDB7B50
+Latest checkpoint's REDO location:    2/CFDBB0E0
@@ -13,2 +13,2 @@
-Latest checkpoint's NextXID:          539147
-Latest checkpoint's NextOID:          16447
+Latest checkpoint's NextXID:          608352
+Latest checkpoint's NextOID:          24639
@@ -17 +17 @@
-Time of latest checkpoint:            Fri Aug 12 23:47:09 2016
+Time of latest checkpoint:            Fri Aug 12 23:48:39 2016
size after pgbench of pgbench_branches_pkey: 968
size after pgbench of pgbench_branches: 1756
size after pgbench of pgbench_tellers_pkey: 1064
size after pgbench of pgbench_tellers: 2168
size after pgbench of pgbench_accounts_pkey: 658092
size after pgbench of pgbench_accounts: 1011332
size after pgbench of pgbench_history: 0
total size after pgbench: 1675380
End Time: 2016-08-12 23:48:40+00:00
========================================================================
========================================================================
Testing 2006-02-18-REL8_2_0~1766
Start Time: 2016-08-13 03:10:01+00:00
Shared Buffers:  260000
size before pgbench of pgbench_branches_pkey: 968
size before pgbench of pgbench_branches: 1756
size before pgbench of pgbench_tellers_pkey: 1064
size before pgbench of pgbench_tellers: 2168
size before pgbench of pgbench_accounts_pkey: 658092
size before pgbench of pgbench_accounts: 1011332
size before pgbench of pgbench_history: 0
total size before pgbench: 1675380
Linux 3.16.0-4-amd64 (Debian-83-jessie-64-minimal) 	13.08.16 	_x86_64_	(8 CPU)

starting vacuum...end.
transaction type: <builtin: select only>
scaling factor: 300
query mode: simple
number of clients: 48
number of threads: 4
duration: 60 s
number of transactions actually processed: 69913
latency average: 41.194 ms
tps = 1160.224414 (including connections establishing)
tps = 1160.254346 (excluding connections establishing)
script statistics:
 - statement latencies in milliseconds:
         0.002  \set aid random(1, 100000 * :scale)
        41.236  SELECT abalance FROM pgbench_accounts WHERE aid = :aid;
avg-cpu:  %user   %nice %system %iowait  %steal   %idle
           1,17    0,00    0,69   27,95    0,00   70,19

Device:         rrqm/s   wrqm/s     r/s     w/s    rkB/s    wkB/s avgrq-sz avgqu-sz   await r_await w_await  svctm  %util
sdb               0,00     0,51  273,18    1,81  2538,40     7,99    18,52    19,96   72,58   70,50  385,72   2,45  67,28
sda               0,29     0,51  270,47    1,81  2514,93     7,99    18,53    19,76   72,59   60,32 1904,02   2,48  67,63
md0               0,00     0,00    0,67    0,00     2,67     0,00     8,00     0,00    0,00    0,00    0,00   0,00   0,00
md1               0,00     0,00    0,00    0,00     0,00     0,00     0,00     0,00    0,00    0,00    0,00   0,00   0,00
md2               0,00     0,00  543,33    1,20  5050,67     5,29    18,57     0,00    0,00    0,00    0,00   0,00   0,00
md3               0,00     0,00    0,00    0,10     0,00     0,40     8,00     0,00    0,00    0,00    0,00   0,00   0,00

Control File Changes
--- /usr/local/oldpgsql/2006-02-18-REL8_2_0~1766/before.controldata	2016-08-13 05:10:39.596031544 +0200
+++ /usr/local/oldpgsql/2006-02-18-REL8_2_0~1766/after.controldata	2016-08-13 05:12:09.948221263 +0200
@@ -5 +5 @@
-pg_control last modified:             Sat Aug 13 03:10:39 2016
+pg_control last modified:             Sat Aug 13 03:12:09 2016
@@ -8,3 +8,3 @@
-Latest checkpoint location:           2/CFDBB180
-Prior checkpoint location:            2/CFDBB130
-Latest checkpoint's REDO location:    2/CFDBB180
+Latest checkpoint location:           2/CFDBE820
+Prior checkpoint location:            2/CFDBB180
+Latest checkpoint's REDO location:    2/CFDBE820
@@ -13,2 +13,2 @@
-Latest checkpoint's NextXID:          608386
-Latest checkpoint's NextOID:          16448
+Latest checkpoint's NextXID:          678358
+Latest checkpoint's NextOID:          24640
@@ -17 +17 @@
-Time of latest checkpoint:            Sat Aug 13 03:10:39 2016
+Time of latest checkpoint:            Sat Aug 13 03:12:09 2016
size after pgbench of pgbench_branches_pkey: 968
size after pgbench of pgbench_branches: 1756
size after pgbench of pgbench_tellers_pkey: 1064
size after pgbench of pgbench_tellers: 2168
size after pgbench of pgbench_accounts_pkey: 658092
size after pgbench of pgbench_accounts: 1011332
size after pgbench of pgbench_history: 0
total size after pgbench: 1675380
End Time: 2016-08-13 03:12:10+00:00
========================================================================
========================================================================
Testing 2006-02-18-REL8_2_0~1766
Start Time: 2016-08-13 09:46:03+00:00
Shared Buffers:  260000
size before pgbench of pgbench_branches_pkey: 968
size before pgbench of pgbench_branches: 1756
size before pgbench of pgbench_tellers_pkey: 1064
size before pgbench of pgbench_tellers: 2168
size before pgbench of pgbench_accounts_pkey: 658092
size before pgbench of pgbench_accounts: 1011332
size before pgbench of pgbench_history: 0
total size before pgbench: 1675380
Linux 3.16.0-4-amd64 (Debian-83-jessie-64-minimal) 	13.08.16 	_x86_64_	(8 CPU)

starting vacuum...end.
transaction type: <builtin: select only>
scaling factor: 300
query mode: simple
number of clients: 48
number of threads: 4
duration: 60 s
number of transactions actually processed: 68766
latency average: 41.881 ms
tps = 1143.540356 (including connections establishing)
tps = 1143.566935 (excluding connections establishing)
script statistics:
 - statement latencies in milliseconds:
         0.002  \set aid random(1, 100000 * :scale)
        41.920  SELECT abalance FROM pgbench_accounts WHERE aid = :aid;
avg-cpu:  %user   %nice %system %iowait  %steal   %idle
           1,14    0,00    0,69   27,65    0,00   70,52

Device:         rrqm/s   wrqm/s     r/s     w/s    rkB/s    wkB/s avgrq-sz avgqu-sz   await r_await w_await  svctm  %util
sdb               0,00     0,50  265,69    1,84  2455,20     8,51    18,42    16,95   63,35   61,11  386,48   2,51  67,25
sda               0,00     0,50  271,44    1,84  2518,44     8,51    18,49    19,65   71,91   69,88  370,99   2,47  67,37
md0               0,00     0,00    0,01    0,00     0,04     0,00     8,00     0,00    0,00    0,00    0,00   0,00   0,00
md1               0,00     0,00    0,00    0,00     0,00     0,00     0,00     0,00    0,00    0,00    0,00   0,00   0,00
md2               0,00     0,00  537,16    1,27  4973,60     5,87    18,50     0,00    0,00    0,00    0,00   0,00   0,00
md3               0,00     0,00    0,00    0,10     0,00     0,40     8,00     0,00    0,00    0,00    0,00   0,00   0,00

Control File Changes
--- /usr/local/oldpgsql/2006-02-18-REL8_2_0~1766/before.controldata	2016-08-13 11:46:43.488080688 +0200
+++ /usr/local/oldpgsql/2006-02-18-REL8_2_0~1766/after.controldata	2016-08-13 11:48:13.848288650 +0200
@@ -5 +5 @@
-pg_control last modified:             Sat Aug 13 09:46:43 2016
+pg_control last modified:             Sat Aug 13 09:48:13 2016
@@ -8,3 +8,3 @@
-Latest checkpoint location:           2/CFDBE8C0
-Prior checkpoint location:            2/CFDBE870
-Latest checkpoint's REDO location:    2/CFDBE8C0
+Latest checkpoint location:           2/CFDC2068
+Prior checkpoint location:            2/CFDBE8C0
+Latest checkpoint's REDO location:    2/CFDC2068
@@ -13,2 +13,2 @@
-Latest checkpoint's NextXID:          678392
-Latest checkpoint's NextOID:          16449
+Latest checkpoint's NextXID:          747217
+Latest checkpoint's NextOID:          24641
@@ -17 +17 @@
-Time of latest checkpoint:            Sat Aug 13 09:46:43 2016
+Time of latest checkpoint:            Sat Aug 13 09:48:13 2016
size after pgbench of pgbench_branches_pkey: 968
size after pgbench of pgbench_branches: 1756
size after pgbench of pgbench_tellers_pkey: 1064
size after pgbench of pgbench_tellers: 2168
size after pgbench of pgbench_accounts_pkey: 658092
size after pgbench of pgbench_accounts: 1011332
size after pgbench of pgbench_history: 0
total size after pgbench: 1675380
End Time: 2016-08-13 09:48:13+00:00
========================================================================
========================================================================
Testing 2006-02-18-REL8_2_0~1766
Start Time: 2016-08-13 15:13:51+00:00
Shared Buffers:  260000
size before pgbench of pgbench_branches_pkey: 968
size before pgbench of pgbench_branches: 1756
size before pgbench of pgbench_tellers_pkey: 1064
size before pgbench of pgbench_tellers: 2168
size before pgbench of pgbench_accounts_pkey: 658092
size before pgbench of pgbench_accounts: 1011332
size before pgbench of pgbench_history: 0
total size before pgbench: 1675380
Linux 3.16.0-4-amd64 (Debian-83-jessie-64-minimal) 	13.08.16 	_x86_64_	(8 CPU)

starting vacuum...end.
transaction type: <builtin: select only>
scaling factor: 300
query mode: simple
number of clients: 48
number of threads: 4
duration: 60 s
number of transactions actually processed: 70911
latency average: 40.614 ms
tps = 1177.698730 (including connections establishing)
tps = 1177.725988 (excluding connections establishing)
script statistics:
 - statement latencies in milliseconds:
         0.002  \set aid random(1, 100000 * :scale)
        40.697  SELECT abalance FROM pgbench_accounts WHERE aid = :aid;
avg-cpu:  %user   %nice %system %iowait  %steal   %idle
           1,18    0,00    0,70   29,77    0,00   68,35

Device:         rrqm/s   wrqm/s     r/s     w/s    rkB/s    wkB/s avgrq-sz avgqu-sz   await r_await w_await  svctm  %util
sdb               0,86     0,59  275,66    1,83  2569,82     8,68    18,58    22,37   80,60   69,94 1682,08   2,43  67,56
sda               1,22     0,59  273,92    1,83  2570,71     8,68    18,71    21,54   78,10   60,27 2741,77   2,45  67,53
md0               0,00     0,00    2,49    0,00     9,96     0,00     8,00     0,00    0,00    0,00    0,00   0,00   0,00
md1               0,00     0,00    0,00    0,00     0,00     0,00     0,00     0,00    0,00    0,00    0,00   0,00   0,00
md2               0,00     0,00  549,26    1,39  5130,58     6,18    18,66     0,00    0,00    0,00    0,00   0,00   0,00
md3               0,00     0,00    0,00    0,10     0,00     0,40     8,00     0,00    0,00    0,00    0,00   0,00   0,00

Control File Changes
--- /usr/local/oldpgsql/2006-02-18-REL8_2_0~1766/before.controldata	2016-08-13 17:14:30.877449883 +0200
+++ /usr/local/oldpgsql/2006-02-18-REL8_2_0~1766/after.controldata	2016-08-13 17:16:01.231222782 +0200
@@ -5 +5 @@
-pg_control last modified:             Sat Aug 13 15:14:30 2016
+pg_control last modified:             Sat Aug 13 15:16:01 2016
@@ -8,3 +8,3 @@
-Latest checkpoint location:           2/CFDC2108
-Prior checkpoint location:            2/CFDC20B8
-Latest checkpoint's REDO location:    2/CFDC2108
+Latest checkpoint location:           2/CFDC59A8
+Prior checkpoint location:            2/CFDC2108
+Latest checkpoint's REDO location:    2/CFDC59A8
@@ -13,2 +13,2 @@
-Latest checkpoint's NextXID:          747251
-Latest checkpoint's NextOID:          16450
+Latest checkpoint's NextXID:          818221
+Latest checkpoint's NextOID:          24642
@@ -17 +17 @@
-Time of latest checkpoint:            Sat Aug 13 15:14:30 2016
+Time of latest checkpoint:            Sat Aug 13 15:16:00 2016
size after pgbench of pgbench_branches_pkey: 968
size after pgbench of pgbench_branches: 1756
size after pgbench of pgbench_tellers_pkey: 1064
size after pgbench of pgbench_tellers: 2168
size after pgbench of pgbench_accounts_pkey: 658092
size after pgbench of pgbench_accounts: 1011332
size after pgbench of pgbench_history: 0
total size after pgbench: 1675380
End Time: 2016-08-13 15:16:01+00:00
========================================================================
========================================================================
Testing 2006-02-18-REL8_2_0~1766
Start Time: 2016-08-15 11:45:45+00:00
Shared Buffers:  260000
size before pgbench of pgbench_branches_pkey: 968
size before pgbench of pgbench_branches: 1756
size before pgbench of pgbench_tellers_pkey: 1064
size before pgbench of pgbench_tellers: 2168
size before pgbench of pgbench_accounts_pkey: 658092
size before pgbench of pgbench_accounts: 1011332
size before pgbench of pgbench_history: 0
total size before pgbench: 1675380
Linux 3.16.0-4-amd64 (Debian-83-jessie-64-minimal) 	15.08.16 	_x86_64_	(8 CPU)

starting vacuum...end.
transaction type: <builtin: TPC-B (sort of)>
scaling factor: 300
query mode: simple
number of clients: 32
number of threads: 4
duration: 900 s
number of transactions actually processed: 23407
latency average: 1230.401 ms
tps = 25.970408 (including connections establishing)
tps = 25.970451 (excluding connections establishing)
script statistics:
 - statement latencies in milliseconds:
         0.003  \set aid random(1, 100000 * :scale)
         0.001  \set bid random(1, 1 * :scale)
         0.001  \set tid random(1, 10 * :scale)
         0.001  \set delta random(-5000, 5000)
         0.100  BEGIN;
       527.495  UPDATE pgbench_accounts SET abalance = abalance + :delta WHERE aid = :aid;
         0.563  SELECT abalance FROM pgbench_accounts WHERE aid = :aid;
       228.146  UPDATE pgbench_tellers SET tbalance = tbalance + :delta WHERE tid = :tid;
       158.931  UPDATE pgbench_branches SET bbalance = bbalance + :delta WHERE bid = :bid;
        93.241  INSERT INTO pgbench_history (tid, bid, aid, delta, mtime) VALUES (:tid, :bid, :aid, :delta, CURRENT_TIMESTAMP);
       223.910  END;
avg-cpu:  %user   %nice %system %iowait  %steal   %idle
           0,33    0,00    0,19   10,12    0,00   89,36

Device:         rrqm/s   wrqm/s     r/s     w/s    rkB/s    wkB/s avgrq-sz avgqu-sz   await r_await w_await  svctm  %util
sdb               0,00     1,07    3,74  121,39    31,25   997,42    16,44    18,08  144,46   25,14  148,14   4,71  58,95
sda               0,01     1,06   18,72  121,40   157,45   997,42    16,48    15,74  112,34   34,16  124,39   6,18  86,64
md0               0,00     0,00    0,08    0,00     0,34     0,00     8,00     0,00    0,00    0,00    0,00   0,00   0,00
md1               0,00     0,00    0,00    0,00     0,00     0,00     0,00     0,00    0,00    0,00    0,00   0,00   0,00
md2               0,00     0,00   22,39  121,81   188,37   995,77    16,42     0,00    0,00    0,00    0,00   0,00   0,00
md3               0,00     0,00    0,00    0,01     0,00     0,04     8,00     0,00    0,00    0,00    0,00   0,00   0,00

Control File Changes
--- /usr/local/oldpgsql/2006-02-18-REL8_2_0~1766/before.controldata	2016-08-15 13:46:27.225625883 +0200
+++ /usr/local/oldpgsql/2006-02-18-REL8_2_0~1766/after.controldata	2016-08-15 14:01:57.626321145 +0200
@@ -5 +5 @@
-pg_control last modified:             Mon Aug 15 11:46:27 2016
+pg_control last modified:             Mon Aug 15 12:01:57 2016
@@ -7,4 +7,4 @@
-Next log file segment:                208
-Latest checkpoint location:           2/CFDC5A48
-Prior checkpoint location:            2/CFDC59F8
-Latest checkpoint's REDO location:    2/CFDC5A48
+Next log file segment:                231
+Latest checkpoint location:           2/E65ADCE0
+Prior checkpoint location:            2/E65ADC90
+Latest checkpoint's REDO location:    2/E65ADCE0
@@ -13,2 +13,2 @@
-Latest checkpoint's NextXID:          818255
-Latest checkpoint's NextOID:          16451
+Latest checkpoint's NextXID:          841705
+Latest checkpoint's NextOID:          24643
@@ -17 +17 @@
-Time of latest checkpoint:            Mon Aug 15 11:46:26 2016
+Time of latest checkpoint:            Mon Aug 15 12:01:57 2016
size after pgbench of pgbench_branches_pkey: 968
size after pgbench of pgbench_branches: 1756
size after pgbench of pgbench_tellers_pkey: 1064
size after pgbench of pgbench_tellers: 2168
size after pgbench of pgbench_accounts_pkey: 658092
size after pgbench of pgbench_accounts: 1014660
size after pgbench of pgbench_history: 1544
total size after pgbench: 1680252
End Time: 2016-08-15 12:01:57+00:00
========================================================================
========================================================================
Testing 2006-02-18-REL8_2_0~1766
Start Time: 2016-08-18 12:45:20+00:00
Shared Buffers:  260000
size before pgbench of pgbench_branches_pkey: 968
size before pgbench of pgbench_branches: 1756
size before pgbench of pgbench_tellers_pkey: 1064
size before pgbench of pgbench_tellers: 2168
size before pgbench of pgbench_accounts_pkey: 658092
size before pgbench of pgbench_accounts: 1014660
size before pgbench of pgbench_history: 1544
total size before pgbench: 1680252
Linux 4.6.0-1-amd64 (Debian-83-jessie-64-minimal) 	18.08.16 	_x86_64_	(8 CPU)

starting vacuum...end.
transaction type: <builtin: TPC-B (sort of)>
scaling factor: 300
query mode: simple
number of clients: 32
number of threads: 4
duration: 900 s
number of transactions actually processed: 28573
latency average: 1007.945 ms
tps = 31.725766 (including connections establishing)
tps = 31.725811 (excluding connections establishing)
script statistics:
 - statement latencies in milliseconds:
         0.002  \set aid random(1, 100000 * :scale)
         0.001  \set bid random(1, 1 * :scale)
         0.001  \set tid random(1, 10 * :scale)
         0.001  \set delta random(-5000, 5000)
         0.114  BEGIN;
       463.362  UPDATE pgbench_accounts SET abalance = abalance + :delta WHERE aid = :aid;
         0.430  SELECT abalance FROM pgbench_accounts WHERE aid = :aid;
       179.244  UPDATE pgbench_tellers SET tbalance = tbalance + :delta WHERE tid = :tid;
       115.498  UPDATE pgbench_branches SET bbalance = bbalance + :delta WHERE bid = :bid;
        67.842  INSERT INTO pgbench_history (tid, bid, aid, delta, mtime) VALUES (:tid, :bid, :aid, :delta, CURRENT_TIMESTAMP);
       182.627  END;
avg-cpu:  %user   %nice %system %iowait  %steal   %idle
           0,38    0,00    0,25   21,32    0,00   78,05

Device:         rrqm/s   wrqm/s     r/s     w/s    rkB/s    wkB/s avgrq-sz avgqu-sz   await r_await w_await  svctm  %util
sdb               0,00     1,22    5,57  142,51    47,58  1154,55    16,24    18,09  121,79   26,02  125,53   4,22  62,54
sda               0,02     1,21   21,31  142,67   181,50  1155,77    16,31    16,06   97,93   34,59  107,39   5,23  85,81
md0               0,00     0,00    0,07    0,00     0,28     0,00     8,00     0,00    0,00    0,00    0,00   0,00   0,00
md1               0,00     0,00    0,00    0,00     0,00     0,00     0,00     0,00    0,00    0,00    0,00   0,00   0,00
md2               0,00     0,00   26,82  145,33   228,80  1169,97    16,25     0,00    0,00    0,00    0,00   0,00   0,00
md3               0,00     0,00    0,00    0,01     0,00     0,04     8,00     0,00    0,00    0,00    0,00   0,00   0,00

Control File Changes
--- /usr/local/oldpgsql/2006-02-18-REL8_2_0~1766/before.controldata	2016-08-18 14:46:48.013446053 +0200
+++ /usr/local/oldpgsql/2006-02-18-REL8_2_0~1766/after.controldata	2016-08-18 15:02:26.659789815 +0200
@@ -5,6 +5,6 @@
-pg_control last modified:             Thu Aug 18 12:46:47 2016
-Current log file ID:                  2
-Next log file segment:                231
-Latest checkpoint location:           2/E65ADD80
-Prior checkpoint location:            2/E65ADD30
-Latest checkpoint's REDO location:    2/E65ADD80
+pg_control last modified:             Thu Aug 18 13:02:26 2016
+Current log file ID:                  3
+Next log file segment:                3
+Latest checkpoint location:           3/2B496C0
+Prior checkpoint location:            3/2B49670
+Latest checkpoint's REDO location:    3/2B496C0
@@ -13,2 +13,2 @@
-Latest checkpoint's NextXID:          841739
-Latest checkpoint's NextOID:          16452
+Latest checkpoint's NextXID:          870355
+Latest checkpoint's NextOID:          24644
@@ -17 +17 @@
-Time of latest checkpoint:            Thu Aug 18 12:46:47 2016
+Time of latest checkpoint:            Thu Aug 18 13:02:25 2016
size after pgbench of pgbench_branches_pkey: 968
size after pgbench of pgbench_branches: 1756
size after pgbench of pgbench_tellers_pkey: 1064
size after pgbench of pgbench_tellers: 2168
size after pgbench of pgbench_accounts_pkey: 658092
size after pgbench of pgbench_accounts: 1018756
size after pgbench of pgbench_history: 1800
total size after pgbench: 1684604
End Time: 2016-08-18 13:02:26+00:00
========================================================================
========================================================================
Testing 2006-02-18-REL8_2_0~1766
Start Time: 2016-08-21 11:26:01+00:00
Shared Buffers:  260000
size before pgbench of pgbench_branches_pkey: 968
size before pgbench of pgbench_branches: 1756
size before pgbench of pgbench_tellers_pkey: 1064
size before pgbench of pgbench_tellers: 2168
size before pgbench of pgbench_accounts_pkey: 658092
size before pgbench of pgbench_accounts: 1018756
size before pgbench of pgbench_history: 1800
total size before pgbench: 1684604
Linux 4.6.0-1-amd64 (Debian-83-jessie-64-minimal) 	21.08.16 	_x86_64_	(8 CPU)

starting vacuum...end.
transaction type: <builtin: TPC-B (sort of)>
scaling factor: 300
query mode: simple
number of clients: 32
number of threads: 4
duration: 900 s
number of transactions actually processed: 23352
latency average: 1233.299 ms
tps = 25.909474 (including connections establishing)
tps = 25.909512 (excluding connections establishing)
script statistics:
 - statement latencies in milliseconds:
         0.002  \set aid random(1, 100000 * :scale)
         0.001  \set bid random(1, 1 * :scale)
         0.001  \set tid random(1, 10 * :scale)
         0.001  \set delta random(-5000, 5000)
         0.133  BEGIN;
       572.474  UPDATE pgbench_accounts SET abalance = abalance + :delta WHERE aid = :aid;
         1.051  SELECT abalance FROM pgbench_accounts WHERE aid = :aid;
       235.589  UPDATE pgbench_tellers SET tbalance = tbalance + :delta WHERE tid = :tid;
       136.540  UPDATE pgbench_branches SET bbalance = bbalance + :delta WHERE bid = :bid;
        78.130  INSERT INTO pgbench_history (tid, bid, aid, delta, mtime) VALUES (:tid, :bid, :aid, :delta, CURRENT_TIMESTAMP);
       210.760  END;
avg-cpu:  %user   %nice %system %iowait  %steal   %idle
           0,32    0,00    0,20   21,12    0,00   78,37

Device:         rrqm/s   wrqm/s     r/s     w/s    rkB/s    wkB/s avgrq-sz avgqu-sz   await r_await w_await  svctm  %util
sdb               0,00     1,21    4,90  117,66    41,02   957,67    16,30    17,87  145,15   29,66  149,96   5,07  62,14
sda               0,03     1,21   17,72  117,69   148,05   957,90    16,34    22,28  164,16   37,12  183,28   6,21  84,10
md0               0,00     0,00    0,15    0,00     0,58     0,00     8,00     0,00    0,00    0,00    0,00   0,00   0,00
md1               0,00     0,00    0,00    0,00     0,00     0,00     0,00     0,00    0,00    0,00    0,00   0,00   0,00
md2               0,00     0,00   22,50  118,81   188,45   958,57    16,23     0,00    0,00    0,00    0,00   0,00   0,00
md3               0,00     0,00    0,00    0,01     0,00     0,04     8,00     0,00    0,00    0,00    0,00   0,00   0,00

Control File Changes
--- /usr/local/oldpgsql/2006-02-18-REL8_2_0~1766/before.controldata	2016-08-21 13:27:14.935563066 +0200
+++ /usr/local/oldpgsql/2006-02-18-REL8_2_0~1766/after.controldata	2016-08-21 13:42:49.931595240 +0200
@@ -5 +5 @@
-pg_control last modified:             Sun Aug 21 11:27:14 2016
+pg_control last modified:             Sun Aug 21 11:42:49 2016
@@ -7,4 +7,4 @@
-Next log file segment:                3
-Latest checkpoint location:           3/2B49760
-Prior checkpoint location:            3/2B49710
-Latest checkpoint's REDO location:    3/2B49760
+Next log file segment:                26
+Latest checkpoint location:           3/192D4A28
+Prior checkpoint location:            3/192D49D8
+Latest checkpoint's REDO location:    3/192D4A28
@@ -13,2 +13,2 @@
-Latest checkpoint's NextXID:          870389
-Latest checkpoint's NextOID:          16453
+Latest checkpoint's NextXID:          893784
+Latest checkpoint's NextOID:          24645
@@ -17 +17 @@
-Time of latest checkpoint:            Sun Aug 21 11:27:14 2016
+Time of latest checkpoint:            Sun Aug 21 11:42:49 2016
size after pgbench of pgbench_branches_pkey: 968
size after pgbench of pgbench_branches: 1756
size after pgbench of pgbench_tellers_pkey: 1064
size after pgbench of pgbench_tellers: 2168
size after pgbench of pgbench_accounts_pkey: 658092
size after pgbench of pgbench_accounts: 1022084
size after pgbench of pgbench_history: 1544
total size after pgbench: 1687676
End Time: 2016-08-21 11:42:50+00:00
========================================================================
