creating tables...
100000 of 30000000 tuples (0%) done (elapsed 0.07 s, remaining 19.48 s)
200000 of 30000000 tuples (0%) done (elapsed 0.13 s, remaining 19.56 s)
300000 of 30000000 tuples (1%) done (elapsed 0.20 s, remaining 19.33 s)
400000 of 30000000 tuples (1%) done (elapsed 0.26 s, remaining 19.14 s)
500000 of 30000000 tuples (1%) done (elapsed 0.32 s, remaining 19.00 s)
600000 of 30000000 tuples (2%) done (elapsed 0.39 s, remaining 18.91 s)
700000 of 30000000 tuples (2%) done (elapsed 0.45 s, remaining 18.81 s)
800000 of 30000000 tuples (2%) done (elapsed 0.51 s, remaining 18.71 s)
900000 of 30000000 tuples (3%) done (elapsed 0.58 s, remaining 18.64 s)
1000000 of 30000000 tuples (3%) done (elapsed 0.64 s, remaining 18.68 s)
1100000 of 30000000 tuples (3%) done (elapsed 0.70 s, remaining 18.50 s)
1200000 of 30000000 tuples (4%) done (elapsed 0.77 s, remaining 18.47 s)
1300000 of 30000000 tuples (4%) done (elapsed 0.83 s, remaining 18.42 s)
1400000 of 30000000 tuples (4%) done (elapsed 0.90 s, remaining 18.38 s)
1500000 of 30000000 tuples (5%) done (elapsed 0.96 s, remaining 18.33 s)
1600000 of 30000000 tuples (5%) done (elapsed 1.03 s, remaining 18.28 s)
1700000 of 30000000 tuples (5%) done (elapsed 1.10 s, remaining 18.23 s)
1800000 of 30000000 tuples (6%) done (elapsed 1.16 s, remaining 18.18 s)
1900000 of 30000000 tuples (6%) done (elapsed 1.23 s, remaining 18.13 s)
2000000 of 30000000 tuples (6%) done (elapsed 1.29 s, remaining 18.07 s)
2100000 of 30000000 tuples (7%) done (elapsed 1.36 s, remaining 18.01 s)
2200000 of 30000000 tuples (7%) done (elapsed 1.42 s, remaining 17.95 s)
2300000 of 30000000 tuples (7%) done (elapsed 1.48 s, remaining 17.83 s)
2400000 of 30000000 tuples (8%) done (elapsed 1.55 s, remaining 17.78 s)
2500000 of 30000000 tuples (8%) done (elapsed 1.61 s, remaining 17.72 s)
2600000 of 30000000 tuples (8%) done (elapsed 1.68 s, remaining 17.66 s)
2700000 of 30000000 tuples (9%) done (elapsed 1.74 s, remaining 17.60 s)
2800000 of 30000000 tuples (9%) done (elapsed 1.81 s, remaining 17.55 s)
2900000 of 30000000 tuples (9%) done (elapsed 1.87 s, remaining 17.49 s)
3000000 of 30000000 tuples (10%) done (elapsed 1.94 s, remaining 17.43 s)
3100000 of 30000000 tuples (10%) done (elapsed 2.00 s, remaining 17.37 s)
3200000 of 30000000 tuples (10%) done (elapsed 2.07 s, remaining 17.31 s)
3300000 of 30000000 tuples (11%) done (elapsed 2.13 s, remaining 17.25 s)
3400000 of 30000000 tuples (11%) done (elapsed 2.20 s, remaining 17.19 s)
3500000 of 30000000 tuples (11%) done (elapsed 2.26 s, remaining 17.09 s)
3600000 of 30000000 tuples (12%) done (elapsed 2.32 s, remaining 17.03 s)
3700000 of 30000000 tuples (12%) done (elapsed 2.39 s, remaining 16.97 s)
3800000 of 30000000 tuples (12%) done (elapsed 2.45 s, remaining 16.91 s)
3900000 of 30000000 tuples (13%) done (elapsed 2.52 s, remaining 16.85 s)
4000000 of 30000000 tuples (13%) done (elapsed 2.58 s, remaining 16.79 s)
4100000 of 30000000 tuples (13%) done (elapsed 2.65 s, remaining 16.73 s)
4200000 of 30000000 tuples (14%) done (elapsed 2.71 s, remaining 16.67 s)
4300000 of 30000000 tuples (14%) done (elapsed 2.78 s, remaining 16.61 s)
4400000 of 30000000 tuples (14%) done (elapsed 2.84 s, remaining 16.54 s)
4500000 of 30000000 tuples (15%) done (elapsed 2.91 s, remaining 16.48 s)
4600000 of 30000000 tuples (15%) done (elapsed 2.97 s, remaining 16.42 s)
4700000 of 30000000 tuples (15%) done (elapsed 3.03 s, remaining 16.33 s)
4800000 of 30000000 tuples (16%) done (elapsed 3.10 s, remaining 16.27 s)
4900000 of 30000000 tuples (16%) done (elapsed 3.16 s, remaining 16.20 s)
5000000 of 30000000 tuples (16%) done (elapsed 3.23 s, remaining 16.14 s)
5100000 of 30000000 tuples (17%) done (elapsed 3.29 s, remaining 16.08 s)
5200000 of 30000000 tuples (17%) done (elapsed 3.36 s, remaining 16.02 s)
5300000 of 30000000 tuples (17%) done (elapsed 3.42 s, remaining 15.96 s)
5400000 of 30000000 tuples (18%) done (elapsed 3.49 s, remaining 15.90 s)
5500000 of 30000000 tuples (18%) done (elapsed 3.55 s, remaining 15.83 s)
5600000 of 30000000 tuples (18%) done (elapsed 3.62 s, remaining 15.77 s)
5700000 of 30000000 tuples (19%) done (elapsed 3.68 s, remaining 15.71 s)
5800000 of 30000000 tuples (19%) done (elapsed 3.75 s, remaining 15.65 s)
5900000 of 30000000 tuples (19%) done (elapsed 3.81 s, remaining 15.57 s)
6000000 of 30000000 tuples (20%) done (elapsed 3.88 s, remaining 15.50 s)
6100000 of 30000000 tuples (20%) done (elapsed 3.94 s, remaining 15.44 s)
6200000 of 30000000 tuples (20%) done (elapsed 4.01 s, remaining 15.38 s)
6300000 of 30000000 tuples (21%) done (elapsed 4.07 s, remaining 15.32 s)
6400000 of 30000000 tuples (21%) done (elapsed 4.14 s, remaining 15.25 s)
6500000 of 30000000 tuples (21%) done (elapsed 4.20 s, remaining 15.19 s)
6600000 of 30000000 tuples (22%) done (elapsed 4.27 s, remaining 15.13 s)
6700000 of 30000000 tuples (22%) done (elapsed 4.33 s, remaining 15.06 s)
6800000 of 30000000 tuples (22%) done (elapsed 4.40 s, remaining 15.00 s)
6900000 of 30000000 tuples (23%) done (elapsed 4.46 s, remaining 14.94 s)
7000000 of 30000000 tuples (23%) done (elapsed 4.52 s, remaining 14.86 s)
7100000 of 30000000 tuples (23%) done (elapsed 4.59 s, remaining 14.80 s)
7200000 of 30000000 tuples (24%) done (elapsed 4.65 s, remaining 14.73 s)
7300000 of 30000000 tuples (24%) done (elapsed 4.72 s, remaining 14.67 s)
7400000 of 30000000 tuples (24%) done (elapsed 4.78 s, remaining 14.61 s)
7500000 of 30000000 tuples (25%) done (elapsed 4.85 s, remaining 14.55 s)
7600000 of 30000000 tuples (25%) done (elapsed 4.91 s, remaining 14.48 s)
7700000 of 30000000 tuples (25%) done (elapsed 4.98 s, remaining 14.42 s)
7800000 of 30000000 tuples (26%) done (elapsed 5.05 s, remaining 14.36 s)
7900000 of 30000000 tuples (26%) done (elapsed 5.11 s, remaining 14.30 s)
8000000 of 30000000 tuples (26%) done (elapsed 5.18 s, remaining 14.23 s)
8100000 of 30000000 tuples (27%) done (elapsed 5.24 s, remaining 14.17 s)
8200000 of 30000000 tuples (27%) done (elapsed 5.30 s, remaining 14.09 s)
8300000 of 30000000 tuples (27%) done (elapsed 5.37 s, remaining 14.03 s)
8400000 of 30000000 tuples (28%) done (elapsed 5.43 s, remaining 13.97 s)
8500000 of 30000000 tuples (28%) done (elapsed 5.50 s, remaining 13.90 s)
8600000 of 30000000 tuples (28%) done (elapsed 5.56 s, remaining 13.84 s)
8700000 of 30000000 tuples (29%) done (elapsed 5.63 s, remaining 13.78 s)
8800000 of 30000000 tuples (29%) done (elapsed 5.69 s, remaining 13.71 s)
8900000 of 30000000 tuples (29%) done (elapsed 5.76 s, remaining 13.65 s)
9000000 of 30000000 tuples (30%) done (elapsed 5.82 s, remaining 13.59 s)
9100000 of 30000000 tuples (30%) done (elapsed 5.89 s, remaining 13.52 s)
9200000 of 30000000 tuples (30%) done (elapsed 5.95 s, remaining 13.46 s)
9300000 of 30000000 tuples (31%) done (elapsed 6.02 s, remaining 13.40 s)
9400000 of 30000000 tuples (31%) done (elapsed 6.08 s, remaining 13.32 s)
9500000 of 30000000 tuples (31%) done (elapsed 6.14 s, remaining 13.26 s)
9600000 of 30000000 tuples (32%) done (elapsed 6.21 s, remaining 13.20 s)
9700000 of 30000000 tuples (32%) done (elapsed 6.27 s, remaining 13.13 s)
9800000 of 30000000 tuples (32%) done (elapsed 6.34 s, remaining 13.07 s)
9900000 of 30000000 tuples (33%) done (elapsed 6.41 s, remaining 13.01 s)
10000000 of 30000000 tuples (33%) done (elapsed 6.47 s, remaining 12.94 s)
10100000 of 30000000 tuples (33%) done (elapsed 6.54 s, remaining 12.88 s)
10200000 of 30000000 tuples (34%) done (elapsed 6.60 s, remaining 12.82 s)
10300000 of 30000000 tuples (34%) done (elapsed 6.67 s, remaining 12.75 s)
10400000 of 30000000 tuples (34%) done (elapsed 6.73 s, remaining 12.69 s)
10500000 of 30000000 tuples (35%) done (elapsed 6.80 s, remaining 12.62 s)
10600000 of 30000000 tuples (35%) done (elapsed 6.86 s, remaining 12.56 s)
10700000 of 30000000 tuples (35%) done (elapsed 6.92 s, remaining 12.49 s)
10800000 of 30000000 tuples (36%) done (elapsed 6.99 s, remaining 12.43 s)
10900000 of 30000000 tuples (36%) done (elapsed 7.06 s, remaining 12.37 s)
11000000 of 30000000 tuples (36%) done (elapsed 7.12 s, remaining 12.30 s)
11100000 of 30000000 tuples (37%) done (elapsed 7.19 s, remaining 12.24 s)
11200000 of 30000000 tuples (37%) done (elapsed 7.26 s, remaining 12.18 s)
11300000 of 30000000 tuples (37%) done (elapsed 7.32 s, remaining 12.11 s)
11400000 of 30000000 tuples (38%) done (elapsed 7.38 s, remaining 12.05 s)
11500000 of 30000000 tuples (38%) done (elapsed 7.45 s, remaining 11.99 s)
11600000 of 30000000 tuples (38%) done (elapsed 7.51 s, remaining 11.92 s)
11700000 of 30000000 tuples (39%) done (elapsed 7.58 s, remaining 11.86 s)
11800000 of 30000000 tuples (39%) done (elapsed 7.64 s, remaining 11.79 s)
11900000 of 30000000 tuples (39%) done (elapsed 7.71 s, remaining 11.73 s)
12000000 of 30000000 tuples (40%) done (elapsed 7.78 s, remaining 11.67 s)
12100000 of 30000000 tuples (40%) done (elapsed 7.84 s, remaining 11.60 s)
12200000 of 30000000 tuples (40%) done (elapsed 7.91 s, remaining 11.54 s)
12300000 of 30000000 tuples (41%) done (elapsed 7.97 s, remaining 11.47 s)
12400000 of 30000000 tuples (41%) done (elapsed 8.04 s, remaining 11.40 s)
12500000 of 30000000 tuples (41%) done (elapsed 8.10 s, remaining 11.34 s)
12600000 of 30000000 tuples (42%) done (elapsed 8.17 s, remaining 11.28 s)
12700000 of 30000000 tuples (42%) done (elapsed 8.23 s, remaining 11.21 s)
12800000 of 30000000 tuples (42%) done (elapsed 8.30 s, remaining 11.15 s)
12900000 of 30000000 tuples (43%) done (elapsed 8.36 s, remaining 11.09 s)
13000000 of 30000000 tuples (43%) done (elapsed 8.43 s, remaining 11.02 s)
13100000 of 30000000 tuples (43%) done (elapsed 8.49 s, remaining 10.96 s)
13200000 of 30000000 tuples (44%) done (elapsed 8.56 s, remaining 10.90 s)
13300000 of 30000000 tuples (44%) done (elapsed 8.62 s, remaining 10.83 s)
13400000 of 30000000 tuples (44%) done (elapsed 8.69 s, remaining 10.76 s)
13500000 of 30000000 tuples (45%) done (elapsed 8.76 s, remaining 10.70 s)
13600000 of 30000000 tuples (45%) done (elapsed 8.82 s, remaining 10.63 s)
13700000 of 30000000 tuples (45%) done (elapsed 8.89 s, remaining 10.57 s)
13800000 of 30000000 tuples (46%) done (elapsed 8.95 s, remaining 10.51 s)
13900000 of 30000000 tuples (46%) done (elapsed 9.02 s, remaining 10.44 s)
14000000 of 30000000 tuples (46%) done (elapsed 9.08 s, remaining 10.38 s)
14100000 of 30000000 tuples (47%) done (elapsed 9.15 s, remaining 10.32 s)
14200000 of 30000000 tuples (47%) done (elapsed 9.21 s, remaining 10.25 s)
14300000 of 30000000 tuples (47%) done (elapsed 9.28 s, remaining 10.19 s)
14400000 of 30000000 tuples (48%) done (elapsed 9.34 s, remaining 10.12 s)
14500000 of 30000000 tuples (48%) done (elapsed 9.53 s, remaining 10.18 s)
14600000 of 30000000 tuples (48%) done (elapsed 9.62 s, remaining 10.15 s)
14700000 of 30000000 tuples (49%) done (elapsed 9.69 s, remaining 10.08 s)
14800000 of 30000000 tuples (49%) done (elapsed 9.75 s, remaining 10.02 s)
14900000 of 30000000 tuples (49%) done (elapsed 9.82 s, remaining 9.95 s)
15000000 of 30000000 tuples (50%) done (elapsed 9.88 s, remaining 9.88 s)
15100000 of 30000000 tuples (50%) done (elapsed 9.95 s, remaining 9.82 s)
15200000 of 30000000 tuples (50%) done (elapsed 10.01 s, remaining 9.75 s)
15300000 of 30000000 tuples (51%) done (elapsed 10.08 s, remaining 9.68 s)
15400000 of 30000000 tuples (51%) done (elapsed 10.14 s, remaining 9.62 s)
15500000 of 30000000 tuples (51%) done (elapsed 10.21 s, remaining 9.55 s)
15600000 of 30000000 tuples (52%) done (elapsed 10.27 s, remaining 9.48 s)
15700000 of 30000000 tuples (52%) done (elapsed 10.34 s, remaining 9.42 s)
15800000 of 30000000 tuples (52%) done (elapsed 10.40 s, remaining 9.35 s)
15900000 of 30000000 tuples (53%) done (elapsed 10.47 s, remaining 9.28 s)
16000000 of 30000000 tuples (53%) done (elapsed 10.53 s, remaining 9.22 s)
16100000 of 30000000 tuples (53%) done (elapsed 10.60 s, remaining 9.15 s)
16200000 of 30000000 tuples (54%) done (elapsed 10.66 s, remaining 9.08 s)
16300000 of 30000000 tuples (54%) done (elapsed 10.73 s, remaining 9.02 s)
16400000 of 30000000 tuples (54%) done (elapsed 10.79 s, remaining 8.95 s)
16500000 of 30000000 tuples (55%) done (elapsed 10.86 s, remaining 8.88 s)
16600000 of 30000000 tuples (55%) done (elapsed 10.92 s, remaining 8.82 s)
16700000 of 30000000 tuples (55%) done (elapsed 10.99 s, remaining 8.75 s)
16800000 of 30000000 tuples (56%) done (elapsed 11.05 s, remaining 8.69 s)
16900000 of 30000000 tuples (56%) done (elapsed 11.12 s, remaining 8.62 s)
17000000 of 30000000 tuples (56%) done (elapsed 11.18 s, remaining 8.55 s)
17100000 of 30000000 tuples (57%) done (elapsed 11.25 s, remaining 8.48 s)
17200000 of 30000000 tuples (57%) done (elapsed 11.31 s, remaining 8.42 s)
17300000 of 30000000 tuples (57%) done (elapsed 11.38 s, remaining 8.35 s)
17400000 of 30000000 tuples (58%) done (elapsed 11.44 s, remaining 8.29 s)
17500000 of 30000000 tuples (58%) done (elapsed 11.51 s, remaining 8.22 s)
17600000 of 30000000 tuples (58%) done (elapsed 11.57 s, remaining 8.15 s)
17700000 of 30000000 tuples (59%) done (elapsed 11.64 s, remaining 8.09 s)
17800000 of 30000000 tuples (59%) done (elapsed 11.70 s, remaining 8.02 s)
17900000 of 30000000 tuples (59%) done (elapsed 11.77 s, remaining 7.96 s)
18000000 of 30000000 tuples (60%) done (elapsed 11.83 s, remaining 7.89 s)
18100000 of 30000000 tuples (60%) done (elapsed 11.90 s, remaining 7.82 s)
18200000 of 30000000 tuples (60%) done (elapsed 11.97 s, remaining 7.76 s)
18300000 of 30000000 tuples (61%) done (elapsed 12.03 s, remaining 7.69 s)
18400000 of 30000000 tuples (61%) done (elapsed 12.09 s, remaining 7.62 s)
18500000 of 30000000 tuples (61%) done (elapsed 12.16 s, remaining 7.56 s)
18600000 of 30000000 tuples (62%) done (elapsed 12.22 s, remaining 7.49 s)
18700000 of 30000000 tuples (62%) done (elapsed 12.29 s, remaining 7.43 s)
18800000 of 30000000 tuples (62%) done (elapsed 12.35 s, remaining 7.36 s)
18900000 of 30000000 tuples (63%) done (elapsed 12.42 s, remaining 7.29 s)
19000000 of 30000000 tuples (63%) done (elapsed 12.48 s, remaining 7.23 s)
19100000 of 30000000 tuples (63%) done (elapsed 12.55 s, remaining 7.16 s)
19200000 of 30000000 tuples (64%) done (elapsed 12.62 s, remaining 7.10 s)
19300000 of 30000000 tuples (64%) done (elapsed 12.68 s, remaining 7.03 s)
19400000 of 30000000 tuples (64%) done (elapsed 12.75 s, remaining 6.96 s)
19500000 of 30000000 tuples (65%) done (elapsed 12.81 s, remaining 6.90 s)
19600000 of 30000000 tuples (65%) done (elapsed 12.88 s, remaining 6.83 s)
19700000 of 30000000 tuples (65%) done (elapsed 12.94 s, remaining 6.76 s)
19800000 of 30000000 tuples (66%) done (elapsed 13.01 s, remaining 6.70 s)
19900000 of 30000000 tuples (66%) done (elapsed 13.07 s, remaining 6.64 s)
20000000 of 30000000 tuples (66%) done (elapsed 13.14 s, remaining 6.57 s)
20100000 of 30000000 tuples (67%) done (elapsed 13.20 s, remaining 6.50 s)
20200000 of 30000000 tuples (67%) done (elapsed 13.27 s, remaining 6.44 s)
20300000 of 30000000 tuples (67%) done (elapsed 13.33 s, remaining 6.37 s)
20400000 of 30000000 tuples (68%) done (elapsed 13.40 s, remaining 6.31 s)
20500000 of 30000000 tuples (68%) done (elapsed 13.46 s, remaining 6.24 s)
20600000 of 30000000 tuples (68%) done (elapsed 13.53 s, remaining 6.17 s)
20700000 of 30000000 tuples (69%) done (elapsed 13.60 s, remaining 6.11 s)
20800000 of 30000000 tuples (69%) done (elapsed 13.66 s, remaining 6.04 s)
20900000 of 30000000 tuples (69%) done (elapsed 13.72 s, remaining 5.98 s)
21000000 of 30000000 tuples (70%) done (elapsed 13.79 s, remaining 5.91 s)
21100000 of 30000000 tuples (70%) done (elapsed 13.85 s, remaining 5.84 s)
21200000 of 30000000 tuples (70%) done (elapsed 13.92 s, remaining 5.78 s)
21300000 of 30000000 tuples (71%) done (elapsed 13.98 s, remaining 5.71 s)
21400000 of 30000000 tuples (71%) done (elapsed 14.05 s, remaining 5.65 s)
21500000 of 30000000 tuples (71%) done (elapsed 14.12 s, remaining 5.58 s)
21600000 of 30000000 tuples (72%) done (elapsed 14.18 s, remaining 5.52 s)
21700000 of 30000000 tuples (72%) done (elapsed 14.25 s, remaining 5.45 s)
21800000 of 30000000 tuples (72%) done (elapsed 14.31 s, remaining 5.38 s)
21900000 of 30000000 tuples (73%) done (elapsed 14.38 s, remaining 5.32 s)
22000000 of 30000000 tuples (73%) done (elapsed 14.49 s, remaining 5.27 s)
22100000 of 30000000 tuples (73%) done (elapsed 14.57 s, remaining 5.21 s)
22200000 of 30000000 tuples (74%) done (elapsed 14.64 s, remaining 5.14 s)
22300000 of 30000000 tuples (74%) done (elapsed 14.70 s, remaining 5.08 s)
22400000 of 30000000 tuples (74%) done (elapsed 14.77 s, remaining 5.01 s)
22500000 of 30000000 tuples (75%) done (elapsed 14.83 s, remaining 4.94 s)
22600000 of 30000000 tuples (75%) done (elapsed 14.90 s, remaining 4.88 s)
22700000 of 30000000 tuples (75%) done (elapsed 14.96 s, remaining 4.81 s)
22800000 of 30000000 tuples (76%) done (elapsed 15.03 s, remaining 4.75 s)
22900000 of 30000000 tuples (76%) done (elapsed 15.10 s, remaining 4.68 s)
23000000 of 30000000 tuples (76%) done (elapsed 15.16 s, remaining 4.61 s)
23100000 of 30000000 tuples (77%) done (elapsed 15.22 s, remaining 4.55 s)
23200000 of 30000000 tuples (77%) done (elapsed 15.29 s, remaining 4.48 s)
23300000 of 30000000 tuples (77%) done (elapsed 15.36 s, remaining 4.42 s)
23400000 of 30000000 tuples (78%) done (elapsed 15.42 s, remaining 4.35 s)
23500000 of 30000000 tuples (78%) done (elapsed 15.49 s, remaining 4.28 s)
23600000 of 30000000 tuples (78%) done (elapsed 15.55 s, remaining 4.22 s)
23700000 of 30000000 tuples (79%) done (elapsed 15.62 s, remaining 4.15 s)
23800000 of 30000000 tuples (79%) done (elapsed 15.68 s, remaining 4.09 s)
23900000 of 30000000 tuples (79%) done (elapsed 15.75 s, remaining 4.02 s)
24000000 of 30000000 tuples (80%) done (elapsed 15.90 s, remaining 3.97 s)
24100000 of 30000000 tuples (80%) done (elapsed 16.01 s, remaining 3.92 s)
24200000 of 30000000 tuples (80%) done (elapsed 16.10 s, remaining 3.86 s)
24300000 of 30000000 tuples (81%) done (elapsed 16.17 s, remaining 3.79 s)
24400000 of 30000000 tuples (81%) done (elapsed 16.23 s, remaining 3.72 s)
24500000 of 30000000 tuples (81%) done (elapsed 16.30 s, remaining 3.66 s)
24600000 of 30000000 tuples (82%) done (elapsed 16.37 s, remaining 3.59 s)
24700000 of 30000000 tuples (82%) done (elapsed 16.44 s, remaining 3.53 s)
24800000 of 30000000 tuples (82%) done (elapsed 16.50 s, remaining 3.46 s)
24900000 of 30000000 tuples (83%) done (elapsed 16.57 s, remaining 3.39 s)
25000000 of 30000000 tuples (83%) done (elapsed 16.64 s, remaining 3.33 s)
25100000 of 30000000 tuples (83%) done (elapsed 16.70 s, remaining 3.26 s)
25200000 of 30000000 tuples (84%) done (elapsed 16.77 s, remaining 3.19 s)
25300000 of 30000000 tuples (84%) done (elapsed 16.84 s, remaining 3.13 s)
25400000 of 30000000 tuples (84%) done (elapsed 16.90 s, remaining 3.06 s)
25500000 of 30000000 tuples (85%) done (elapsed 16.97 s, remaining 2.99 s)
25600000 of 30000000 tuples (85%) done (elapsed 17.03 s, remaining 2.93 s)
25700000 of 30000000 tuples (85%) done (elapsed 17.10 s, remaining 2.86 s)
25800000 of 30000000 tuples (86%) done (elapsed 17.17 s, remaining 2.80 s)
25900000 of 30000000 tuples (86%) done (elapsed 17.24 s, remaining 2.73 s)
26000000 of 30000000 tuples (86%) done (elapsed 17.30 s, remaining 2.66 s)
26100000 of 30000000 tuples (87%) done (elapsed 17.37 s, remaining 2.60 s)
26200000 of 30000000 tuples (87%) done (elapsed 17.44 s, remaining 2.53 s)
26300000 of 30000000 tuples (87%) done (elapsed 17.50 s, remaining 2.46 s)
26400000 of 30000000 tuples (88%) done (elapsed 17.57 s, remaining 2.40 s)
26500000 of 30000000 tuples (88%) done (elapsed 17.64 s, remaining 2.33 s)
26600000 of 30000000 tuples (88%) done (elapsed 17.70 s, remaining 2.26 s)
26700000 of 30000000 tuples (89%) done (elapsed 17.77 s, remaining 2.20 s)
26800000 of 30000000 tuples (89%) done (elapsed 17.84 s, remaining 2.13 s)
26900000 of 30000000 tuples (89%) done (elapsed 17.92 s, remaining 2.07 s)
27000000 of 30000000 tuples (90%) done (elapsed 17.99 s, remaining 2.00 s)
27100000 of 30000000 tuples (90%) done (elapsed 18.05 s, remaining 1.93 s)
27200000 of 30000000 tuples (90%) done (elapsed 18.12 s, remaining 1.87 s)
27300000 of 30000000 tuples (91%) done (elapsed 18.19 s, remaining 1.80 s)
27400000 of 30000000 tuples (91%) done (elapsed 18.25 s, remaining 1.73 s)
27500000 of 30000000 tuples (91%) done (elapsed 18.32 s, remaining 1.67 s)
27600000 of 30000000 tuples (92%) done (elapsed 18.38 s, remaining 1.60 s)
27700000 of 30000000 tuples (92%) done (elapsed 18.45 s, remaining 1.53 s)
27800000 of 30000000 tuples (92%) done (elapsed 18.51 s, remaining 1.47 s)
27900000 of 30000000 tuples (93%) done (elapsed 18.58 s, remaining 1.40 s)
28000000 of 30000000 tuples (93%) done (elapsed 18.64 s, remaining 1.33 s)
28100000 of 30000000 tuples (93%) done (elapsed 18.71 s, remaining 1.27 s)
28200000 of 30000000 tuples (94%) done (elapsed 18.78 s, remaining 1.20 s)
28300000 of 30000000 tuples (94%) done (elapsed 18.84 s, remaining 1.13 s)
28400000 of 30000000 tuples (94%) done (elapsed 18.91 s, remaining 1.07 s)
28500000 of 30000000 tuples (95%) done (elapsed 18.97 s, remaining 1.00 s)
28600000 of 30000000 tuples (95%) done (elapsed 19.04 s, remaining 0.93 s)
28700000 of 30000000 tuples (95%) done (elapsed 19.10 s, remaining 0.87 s)
28800000 of 30000000 tuples (96%) done (elapsed 19.17 s, remaining 0.80 s)
28900000 of 30000000 tuples (96%) done (elapsed 19.24 s, remaining 0.73 s)
29000000 of 30000000 tuples (96%) done (elapsed 19.30 s, remaining 0.67 s)
29100000 of 30000000 tuples (97%) done (elapsed 19.37 s, remaining 0.60 s)
29200000 of 30000000 tuples (97%) done (elapsed 19.57 s, remaining 0.54 s)
29300000 of 30000000 tuples (97%) done (elapsed 19.63 s, remaining 0.47 s)
29400000 of 30000000 tuples (98%) done (elapsed 19.70 s, remaining 0.40 s)
29500000 of 30000000 tuples (98%) done (elapsed 19.77 s, remaining 0.34 s)
29600000 of 30000000 tuples (98%) done (elapsed 19.83 s, remaining 0.27 s)
29700000 of 30000000 tuples (99%) done (elapsed 19.90 s, remaining 0.20 s)
29800000 of 30000000 tuples (99%) done (elapsed 19.97 s, remaining 0.13 s)
29900000 of 30000000 tuples (99%) done (elapsed 20.03 s, remaining 0.07 s)
30000000 of 30000000 tuples (100%) done (elapsed 20.10 s, remaining 0.00 s)
vacuum...
set primary keys...
NOTICE:  ALTER TABLE / ADD PRIMARY KEY will create implicit index "pgbench_branches_pkey" for table "pgbench_branches"
NOTICE:  ALTER TABLE / ADD PRIMARY KEY will create implicit index "pgbench_tellers_pkey" for table "pgbench_tellers"
NOTICE:  ALTER TABLE / ADD PRIMARY KEY will create implicit index "pgbench_accounts_pkey" for table "pgbench_accounts"
done.
starting vacuum...end.
transaction type: <builtin: TPC-B (sort of)>
scaling factor: 300
query mode: simple
number of clients: 32
number of threads: 4
duration: 60 s
number of transactions actually processed: 9169
latency average: 209.401 ms
tps = 151.554493 (including connections establishing)
tps = 151.559436 (excluding connections establishing)
script statistics:
 - statement latencies in milliseconds:
         0.002  \set aid random(1, 100000 * :scale)
         0.001  \set bid random(1, 1 * :scale)
         0.000  \set tid random(1, 10 * :scale)
         0.001  \set delta random(-5000, 5000)
         0.163  BEGIN;
         0.549  UPDATE pgbench_accounts SET abalance = abalance + :delta WHERE aid = :aid;
         0.253  SELECT abalance FROM pgbench_accounts WHERE aid = :aid;
         1.585  UPDATE pgbench_tellers SET tbalance = tbalance + :delta WHERE tid = :tid;
         9.720  UPDATE pgbench_branches SET bbalance = bbalance + :delta WHERE bid = :bid;
         0.237  INSERT INTO pgbench_history (tid, bid, aid, delta, mtime) VALUES (:tid, :bid, :aid, :delta, CURRENT_TIMESTAMP);
       198.166  END;
starting vacuum...end.
transaction type: <builtin: TPC-B (sort of)>
scaling factor: 300
query mode: simple
number of clients: 32
number of threads: 4
duration: 60 s
number of transactions actually processed: 8225
latency average: 233.435 ms
tps = 136.813922 (including connections establishing)
tps = 136.818444 (excluding connections establishing)
script statistics:
 - statement latencies in milliseconds:
         0.002  \set aid random(1, 100000 * :scale)
         0.001  \set bid random(1, 1 * :scale)
         0.001  \set tid random(1, 10 * :scale)
         0.001  \set delta random(-5000, 5000)
         0.135  BEGIN;
        94.883  UPDATE pgbench_accounts SET abalance = abalance + :delta WHERE aid = :aid;
         0.162  SELECT abalance FROM pgbench_accounts WHERE aid = :aid;
         0.644  UPDATE pgbench_tellers SET tbalance = tbalance + :delta WHERE tid = :tid;
         4.463  UPDATE pgbench_branches SET bbalance = bbalance + :delta WHERE bid = :bid;
         0.135  INSERT INTO pgbench_history (tid, bid, aid, delta, mtime) VALUES (:tid, :bid, :aid, :delta, CURRENT_TIMESTAMP);
       133.471  END;
starting vacuum...end.
transaction type: <builtin: TPC-B (sort of)>
scaling factor: 300
query mode: simple
number of clients: 32
number of threads: 4
duration: 900 s
number of transactions actually processed: 77100
latency average: 373.541 ms
tps = 85.596596 (including connections establishing)
tps = 85.596783 (excluding connections establishing)
script statistics:
 - statement latencies in milliseconds:
         0.002  \set aid random(1, 100000 * :scale)
         0.001  \set bid random(1, 1 * :scale)
         0.001  \set tid random(1, 10 * :scale)
         0.001  \set delta random(-5000, 5000)
         0.139  BEGIN;
       104.439  UPDATE pgbench_accounts SET abalance = abalance + :delta WHERE aid = :aid;
         0.158  SELECT abalance FROM pgbench_accounts WHERE aid = :aid;
         1.277  UPDATE pgbench_tellers SET tbalance = tbalance + :delta WHERE tid = :tid;
        10.515  UPDATE pgbench_branches SET bbalance = bbalance + :delta WHERE bid = :bid;
         0.159  INSERT INTO pgbench_history (tid, bid, aid, delta, mtime) VALUES (:tid, :bid, :aid, :delta, CURRENT_TIMESTAMP);
       257.431  END;
========================================================================
Testing 2011-07-01-REL9_2_0~1825
Start Time: 2016-08-01 08:30:28+00:00
Linux 3.16.0-4-amd64 (Debian-83-jessie-64-minimal) 	01.08.16 	_x86_64_	(8 CPU)

starting vacuum...end.
transaction type: <builtin: TPC-B (sort of)>
scaling factor: 300
query mode: simple
number of clients: 32
number of threads: 4
duration: 900 s
number of transactions actually processed: 79749
latency average: 361.133 ms
tps = 88.543571 (including connections establishing)
tps = 88.543768 (excluding connections establishing)
script statistics:
 - statement latencies in milliseconds:
         0.002  \set aid random(1, 100000 * :scale)
         0.001  \set bid random(1, 1 * :scale)
         0.001  \set tid random(1, 10 * :scale)
         0.001  \set delta random(-5000, 5000)
         0.175  BEGIN;
        35.826  UPDATE pgbench_accounts SET abalance = abalance + :delta WHERE aid = :aid;
         0.185  SELECT abalance FROM pgbench_accounts WHERE aid = :aid;
         1.869  UPDATE pgbench_tellers SET tbalance = tbalance + :delta WHERE tid = :tid;
        15.150  UPDATE pgbench_branches SET bbalance = bbalance + :delta WHERE bid = :bid;
         0.188  INSERT INTO pgbench_history (tid, bid, aid, delta, mtime) VALUES (:tid, :bid, :aid, :delta, CURRENT_TIMESTAMP);
       308.412  END;
avg-cpu:  %user   %nice %system %iowait  %steal   %idle
           0,93    0,00    0,32   28,39    0,00   70,36

Device:         rrqm/s   wrqm/s     r/s     w/s    rkB/s    wkB/s avgrq-sz avgqu-sz   await r_await w_await  svctm  %util
sdb               0,00     2,04   19,41  146,10   183,69  2313,18    30,17    72,02  434,96   70,30  483,41   4,97  82,25
sda               0,00     2,04   37,88  145,95   355,16  2312,01    29,02    74,27  403,30   52,75  494,28   4,83  88,83
md0               0,00     0,00    0,06    0,00     0,22     0,00     8,00     0,00    0,00    0,00    0,00   0,00   0,00
md1               0,00     0,00    0,00    0,00     0,00     0,00     0,00     0,00    0,00    0,00    0,00   0,00   0,00
md2               0,00     0,00   57,24  147,45   538,60  2311,93    27,85     0,00    0,00    0,00    0,00   0,00   0,00
md3               0,00     0,00    0,00    0,01     0,00     0,04     8,00     0,00    0,00    0,00    0,00   0,00   0,00

End Time: 2016-08-01 08:45:58+00:00
========================================================================
========================================================================
Testing 2011-07-01-REL9_2_0~1825
Start Time: 2016-08-07 22:03:40+00:00
Shared Buffers:  260000
Linux 3.16.0-4-amd64 (Debian-83-jessie-64-minimal) 	08.08.16 	_x86_64_	(8 CPU)

starting vacuum...end.
transaction type: <builtin: TPC-B (sort of)>
scaling factor: 300
query mode: simple
number of clients: 32
number of threads: 4
duration: 900 s
number of transactions actually processed: 152771
latency average: 188.517 ms
tps = 169.598226 (including connections establishing)
tps = 169.598566 (excluding connections establishing)
script statistics:
 - statement latencies in milliseconds:
         0.002  \set aid random(1, 100000 * :scale)
         0.001  \set bid random(1, 1 * :scale)
         0.001  \set tid random(1, 10 * :scale)
         0.001  \set delta random(-5000, 5000)
         0.171  BEGIN;
        12.614  UPDATE pgbench_accounts SET abalance = abalance + :delta WHERE aid = :aid;
         0.218  SELECT abalance FROM pgbench_accounts WHERE aid = :aid;
         1.202  UPDATE pgbench_tellers SET tbalance = tbalance + :delta WHERE tid = :tid;
         8.487  UPDATE pgbench_branches SET bbalance = bbalance + :delta WHERE bid = :bid;
         0.163  INSERT INTO pgbench_history (tid, bid, aid, delta, mtime) VALUES (:tid, :bid, :aid, :delta, CURRENT_TIMESTAMP);
       166.143  END;
avg-cpu:  %user   %nice %system %iowait  %steal   %idle
           1,63    0,00    0,54   21,17    0,00   76,66

Device:         rrqm/s   wrqm/s     r/s     w/s    rkB/s    wkB/s avgrq-sz avgqu-sz   await r_await w_await  svctm  %util
sdb               0,00     2,19   16,93  211,44   163,57  4261,06    38,75    61,38  268,75   35,64  287,42   3,22  73,63
sda               0,06     2,19   55,49  211,44   523,36  4261,06    35,85    58,02  217,36   32,82  265,79   3,31  88,37
md0               0,00     0,00    0,16    0,37     0,64     1,48     8,00     0,00    0,00    0,00    0,00   0,00   0,00
md1               0,00     0,00    0,00    0,00     0,00     0,00     0,00     0,00    0,00    0,00    0,00   0,00   0,00
md2               0,00     0,00   72,32  212,52   686,30  4257,78    34,71     0,00    0,00    0,00    0,00   0,00   0,00
md3               0,00     0,00    0,00    0,01     0,00     0,04     8,00     0,00    0,00    0,00    0,00   0,00   0,00

Control File Changes
--- /usr/local/oldpgsql/2011-07-01-REL9_2_0~1825/before.controldata	2016-08-08 00:03:40.312046130 +0200
+++ /usr/local/oldpgsql/2011-07-01-REL9_2_0~1825/after.controldata	2016-08-08 00:19:55.984484577 +0200
@@ -2,19 +2,19 @@
 Catalog version number:               201106211
 Database system identifier:           6255526456836807083
 Database cluster state:               in production
-pg_control last modified:             пн, 08-сер-2016 00:03:40 +0200
-Latest checkpoint location:           1/1323A410
-Prior checkpoint location:            1/1323A3B8
-Latest checkpoint's REDO location:    1/1323A410
+pg_control last modified:             пн, 08-сер-2016 00:19:55 +0200
+Latest checkpoint location:           1/83432AF0
+Prior checkpoint location:            1/83432A98
+Latest checkpoint's REDO location:    1/83432AF0
 Latest checkpoint's TimeLineID:       1
-Latest checkpoint's NextXID:          0/201633
-Latest checkpoint's NextOID:          16463
+Latest checkpoint's NextXID:          0/354445
+Latest checkpoint's NextOID:          24655
 Latest checkpoint's NextMultiXactId:  1
 Latest checkpoint's NextMultiOffset:  0
 Latest checkpoint's oldestXID:        695
 Latest checkpoint's oldestXID's DB:   1
 Latest checkpoint's oldestActiveXID:  0
-Time of latest checkpoint:            пн, 08-сер-2016 00:03:37 +0200
+Time of latest checkpoint:            пн, 08-сер-2016 00:19:10 +0200
 Minimum recovery ending location:     0/0
 Backup start location:                0/0
 Current wal_level setting:            minimal
End Time: 2016-08-07 22:19:55+00:00
========================================================================
========================================================================
Testing 2011-07-01-REL9_2_0~1825
Start Time: 2016-08-09 03:15:10+00:00
Shared Buffers:  260000
size before pgbench of pgbench_tellers: 8
size before pgbench of pgbench_history: 24
size before pgbench of pgbench_branches: 8
size before pgbench of pgbench_accounts: 64
size before pgbench of pgbench_branches_pkey: 32
size before pgbench of pgbench_tellers_pkey: 152
size before pgbench of pgbench_accounts_pkey: 658092
total size before pgbench: 658380
Linux 3.16.0-4-amd64 (Debian-83-jessie-64-minimal) 	09.08.16 	_x86_64_	(8 CPU)

starting vacuum...end.
transaction type: <builtin: select only>
scaling factor: 300
query mode: simple
number of clients: 32
number of threads: 4
duration: 60 s
number of transactions actually processed: 67717
latency average: 28.353 ms
tps = 1126.302734 (including connections establishing)
tps = 1126.337643 (excluding connections establishing)
script statistics:
 - statement latencies in milliseconds:
         0.002  \set aid random(1, 100000 * :scale)
        28.371  SELECT abalance FROM pgbench_accounts WHERE aid = :aid;
avg-cpu:  %user   %nice %system %iowait  %steal   %idle
           1,16    0,00    0,70   28,95    0,00   69,20

Device:         rrqm/s   wrqm/s     r/s     w/s    rkB/s    wkB/s avgrq-sz avgqu-sz   await r_await w_await  svctm  %util
sdb               0,53    12,31  265,60    2,13  2472,80    60,62    18,92    15,50   57,90   42,01 2036,06   2,59  69,25
sda               0,23    12,33  265,66    2,11  2464,98    60,62    18,86    19,39   72,39   43,28 3736,27   2,60  69,62
md0               0,00     0,00    1,39   11,26     5,56    45,02     8,00     0,00    0,00    0,00    0,00   0,00   0,00
md1               0,00     0,00    0,00    0,00     0,00     0,00     0,00     0,00    0,00    0,00    0,00   0,00   0,00
md2               0,00     0,00  530,66    2,10  4932,22    13,02    18,56     0,00    0,00    0,00    0,00   0,00   0,00
md3               0,00     0,00    0,00    0,11     0,00     0,44     8,00     0,00    0,00    0,00    0,00   0,00   0,00

Control File Changes
--- /usr/local/oldpgsql/2011-07-01-REL9_2_0~1825/before.controldata	2016-08-09 05:16:50.017235654 +0200
+++ /usr/local/oldpgsql/2011-07-01-REL9_2_0~1825/after.controldata	2016-08-09 05:18:27.025411581 +0200
@@ -5,4 +5,4 @@
-pg_control last modified:             Tue Aug  9 03:16:49 2016
-Latest checkpoint location:           1/C25C81B0
-Prior checkpoint location:            1/B62C4F90
-Latest checkpoint's REDO location:    1/C25C81B0
+pg_control last modified:             Tue Aug  9 03:18:26 2016
+Latest checkpoint location:           1/C25EBB40
+Prior checkpoint location:            1/C25C81B0
+Latest checkpoint's REDO location:    1/C25EBB40
@@ -10,2 +10,2 @@
-Latest checkpoint's NextXID:          0/354445
-Latest checkpoint's NextOID:          16464
+Latest checkpoint's NextXID:          0/354446
+Latest checkpoint's NextOID:          24656
@@ -17 +17 @@
-Time of latest checkpoint:            Tue Aug  9 03:16:32 2016
+Time of latest checkpoint:            Tue Aug  9 03:18:20 2016
size after pgbench of pgbench_tellers: 8
size after pgbench of pgbench_history: 0
size after pgbench of pgbench_branches: 8
size after pgbench of pgbench_accounts: 64
size after pgbench of pgbench_branches_pkey: 32
size after pgbench of pgbench_tellers_pkey: 152
size after pgbench of pgbench_accounts_pkey: 658092
total size after pgbench: 658356
End Time: 2016-08-09 03:18:27+00:00
========================================================================
========================================================================
Testing 2011-07-01-REL9_2_0~1825
Start Time: 2016-08-10 12:54:43+00:00
Shared Buffers:  260000
size before pgbench of pgbench_tellers: 8
size before pgbench of pgbench_history: 0
size before pgbench of pgbench_branches: 8
size before pgbench of pgbench_accounts: 64
size before pgbench of pgbench_branches_pkey: 32
size before pgbench of pgbench_tellers_pkey: 152
size before pgbench of pgbench_accounts_pkey: 658092
total size before pgbench: 658356
Linux 3.16.0-4-amd64 (Debian-83-jessie-64-minimal) 	10.08.16 	_x86_64_	(8 CPU)

starting vacuum...end.
transaction type: <builtin: select only>
scaling factor: 300
query mode: simple
number of clients: 32
number of threads: 4
duration: 60 s
number of transactions actually processed: 68669
latency average: 27.960 ms
tps = 1142.820035 (including connections establishing)
tps = 1142.858565 (excluding connections establishing)
script statistics:
 - statement latencies in milliseconds:
         0.002  \set aid random(1, 100000 * :scale)
        27.983  SELECT abalance FROM pgbench_accounts WHERE aid = :aid;
avg-cpu:  %user   %nice %system %iowait  %steal   %idle
           1,21    0,00    0,71   29,07    0,00   69,00

Device:         rrqm/s   wrqm/s     r/s     w/s    rkB/s    wkB/s avgrq-sz avgqu-sz   await r_await w_await  svctm  %util
sdb               0,01     4,69  268,42    2,19  2482,58    30,51    18,57    16,88   62,36   42,03 2555,25   2,50  67,72
sda               0,61     4,68  270,61    2,20  2532,44    30,51    18,79    20,30   74,41   45,89 3581,96   2,48  67,59
md0               0,00     0,00    0,83    3,61     3,33    14,44     8,00     0,00    0,00    0,00    0,00   0,00   0,00
md1               0,00     0,00    0,00    0,00     0,00     0,00     0,00     0,00    0,00    0,00    0,00   0,00   0,00
md2               0,00     0,00  538,82    2,14  5011,69    13,42    18,58     0,00    0,00    0,00    0,00   0,00   0,00
md3               0,00     0,00    0,00    0,11     0,00     0,44     8,00     0,00    0,00    0,00    0,00   0,00   0,00

Control File Changes
--- /usr/local/oldpgsql/2011-07-01-REL9_2_0~1825/before.controldata	2016-08-10 14:55:22.502078762 +0200
+++ /usr/local/oldpgsql/2011-07-01-REL9_2_0~1825/after.controldata	2016-08-10 14:56:53.946518389 +0200
@@ -5,4 +5,4 @@
-pg_control last modified:             Wed Aug 10 12:55:22 2016
-Latest checkpoint location:           1/C25EBBF0
-Prior checkpoint location:            1/C25EBB98
-Latest checkpoint's REDO location:    1/C25EBBF0
+pg_control last modified:             Wed Aug 10 12:56:53 2016
+Latest checkpoint location:           1/C25EDD50
+Prior checkpoint location:            1/C25EBBF0
+Latest checkpoint's REDO location:    1/C25EDD50
@@ -10,2 +10,2 @@
-Latest checkpoint's NextXID:          0/354446
-Latest checkpoint's NextOID:          16465
+Latest checkpoint's NextXID:          0/354447
+Latest checkpoint's NextOID:          24657
@@ -17 +17 @@
-Time of latest checkpoint:            Wed Aug 10 12:55:22 2016
+Time of latest checkpoint:            Wed Aug 10 12:56:52 2016
size after pgbench of pgbench_tellers: 8
size after pgbench of pgbench_history: 0
size after pgbench of pgbench_branches: 8
size after pgbench of pgbench_accounts: 64
size after pgbench of pgbench_branches_pkey: 32
size after pgbench of pgbench_tellers_pkey: 152
size after pgbench of pgbench_accounts_pkey: 658092
total size after pgbench: 658356
End Time: 2016-08-10 12:56:54+00:00
========================================================================
========================================================================
Testing 2011-07-01-REL9_2_0~1825
Start Time: 2016-08-11 02:31:52+00:00
Shared Buffers:  260000
size before pgbench of pgbench_tellers: 8
size before pgbench of pgbench_history: 0
size before pgbench of pgbench_branches: 8
size before pgbench of pgbench_accounts: 64
size before pgbench of pgbench_branches_pkey: 32
size before pgbench of pgbench_tellers_pkey: 152
size before pgbench of pgbench_accounts_pkey: 658092
total size before pgbench: 658356
Linux 3.16.0-4-amd64 (Debian-83-jessie-64-minimal) 	11.08.16 	_x86_64_	(8 CPU)

starting vacuum...end.
transaction type: <builtin: select only>
scaling factor: 300
query mode: simple
number of clients: 32
number of threads: 4
duration: 60 s
number of transactions actually processed: 67073
latency average: 28.626 ms
tps = 1115.839376 (including connections establishing)
tps = 1115.876749 (excluding connections establishing)
script statistics:
 - statement latencies in milliseconds:
         0.002  \set aid random(1, 100000 * :scale)
        28.648  SELECT abalance FROM pgbench_accounts WHERE aid = :aid;
avg-cpu:  %user   %nice %system %iowait  %steal   %idle
           1,14    0,00    0,69   28,84    0,00   69,33

Device:         rrqm/s   wrqm/s     r/s     w/s    rkB/s    wkB/s avgrq-sz avgqu-sz   await r_await w_await  svctm  %util
sdb               0,07     6,13  263,02    1,84  2419,78    34,99    18,54    14,56   54,99   45,41 1420,48   2,54  67,29
sda               0,04     6,12  267,42    1,86  2485,82    34,99    18,72    13,99   51,94   43,71 1238,59   2,51  67,64
md0               0,00     0,00    0,12    5,26     0,49    21,02     8,00     0,00    0,00    0,00    0,00   0,00   0,00
md1               0,00     0,00    0,00    0,00     0,00     0,00     0,00     0,00    0,00    0,00    0,00   0,00   0,00
md2               0,00     0,00  530,47    1,68  4905,11    11,56    18,48     0,00    0,00    0,00    0,00   0,00   0,00
md3               0,00     0,00    0,00    0,10     0,00     0,40     8,00     0,00    0,00    0,00    0,00   0,00   0,00

Control File Changes
--- /usr/local/oldpgsql/2011-07-01-REL9_2_0~1825/before.controldata	2016-08-11 04:32:31.240911151 +0200
+++ /usr/local/oldpgsql/2011-07-01-REL9_2_0~1825/after.controldata	2016-08-11 04:34:02.985076552 +0200
@@ -5,4 +5,4 @@
-pg_control last modified:             Thu Aug 11 02:32:31 2016
-Latest checkpoint location:           1/C25EDE00
-Prior checkpoint location:            1/C25EDDA8
-Latest checkpoint's REDO location:    1/C25EDE00
+pg_control last modified:             Thu Aug 11 02:34:02 2016
+Latest checkpoint location:           1/C25EFF60
+Prior checkpoint location:            1/C25EDE00
+Latest checkpoint's REDO location:    1/C25EFF60
@@ -10,2 +10,2 @@
-Latest checkpoint's NextXID:          0/354447
-Latest checkpoint's NextOID:          16466
+Latest checkpoint's NextXID:          0/354448
+Latest checkpoint's NextOID:          24658
@@ -17 +17 @@
-Time of latest checkpoint:            Thu Aug 11 02:32:30 2016
+Time of latest checkpoint:            Thu Aug 11 02:34:01 2016
size after pgbench of pgbench_tellers: 8
size after pgbench of pgbench_history: 0
size after pgbench of pgbench_branches: 8
size after pgbench of pgbench_accounts: 64
size after pgbench of pgbench_branches_pkey: 32
size after pgbench of pgbench_tellers_pkey: 152
size after pgbench of pgbench_accounts_pkey: 658092
total size after pgbench: 658356
End Time: 2016-08-11 02:34:03+00:00
========================================================================
========================================================================
Testing 2011-07-01-REL9_2_0~1825
Start Time: 2016-08-11 19:16:40+00:00
Shared Buffers:  260000
size before pgbench of pgbench_tellers: 8
size before pgbench of pgbench_history: 0
size before pgbench of pgbench_branches: 8
size before pgbench of pgbench_accounts: 64
size before pgbench of pgbench_branches_pkey: 32
size before pgbench of pgbench_tellers_pkey: 152
size before pgbench of pgbench_accounts_pkey: 658092
total size before pgbench: 658356
Linux 3.16.0-4-amd64 (Debian-83-jessie-64-minimal) 	11.08.16 	_x86_64_	(8 CPU)

starting vacuum...end.
transaction type: <builtin: select only>
scaling factor: 300
query mode: simple
number of clients: 32
number of threads: 4
duration: 60 s
number of transactions actually processed: 68425
latency average: 28.060 ms
tps = 1139.161425 (including connections establishing)
tps = 1139.200949 (excluding connections establishing)
script statistics:
 - statement latencies in milliseconds:
         0.002  \set aid random(1, 100000 * :scale)
        28.073  SELECT abalance FROM pgbench_accounts WHERE aid = :aid;
avg-cpu:  %user   %nice %system %iowait  %steal   %idle
           1,16    0,00    0,69   30,34    0,00   67,81

Device:         rrqm/s   wrqm/s     r/s     w/s    rkB/s    wkB/s avgrq-sz avgqu-sz   await r_await w_await  svctm  %util
sdb               0,00     1,13  268,03    1,78  2471,82    14,28    18,43    15,98   59,22   43,97 2358,70   2,49  67,24
sda               0,02     1,13  268,01    1,78  2492,76    14,28    18,59    14,64   54,24   44,63 1502,90   2,50  67,51
md0               0,00     0,00    0,07    0,03     0,27     0,13     8,00     0,00    0,00    0,00    0,00   0,00   0,00
md1               0,00     0,00    0,00    0,00     0,00     0,00     0,00     0,00    0,00    0,00    0,00   0,00   0,00
md2               0,00     0,00  536,00    1,89  4964,31    11,78    18,50     0,00    0,00    0,00    0,00   0,00   0,00
md3               0,00     0,00    0,00    0,10     0,00     0,40     8,00     0,00    0,00    0,00    0,00   0,00   0,00

Control File Changes
--- /usr/local/oldpgsql/2011-07-01-REL9_2_0~1825/before.controldata	2016-08-11 21:17:19.288026138 +0200
+++ /usr/local/oldpgsql/2011-07-01-REL9_2_0~1825/after.controldata	2016-08-11 21:18:50.944190098 +0200
@@ -5,4 +5,4 @@
-pg_control last modified:             Thu Aug 11 19:17:19 2016
-Latest checkpoint location:           1/C25F0028
-Prior checkpoint location:            1/C25EFFB8
-Latest checkpoint's REDO location:    1/C25F0028
+pg_control last modified:             Thu Aug 11 19:18:50 2016
+Latest checkpoint location:           1/C25F2188
+Prior checkpoint location:            1/C25F0028
+Latest checkpoint's REDO location:    1/C25F2188
@@ -10,2 +10,2 @@
-Latest checkpoint's NextXID:          0/354448
-Latest checkpoint's NextOID:          16467
+Latest checkpoint's NextXID:          0/354449
+Latest checkpoint's NextOID:          24659
@@ -17 +17 @@
-Time of latest checkpoint:            Thu Aug 11 19:17:18 2016
+Time of latest checkpoint:            Thu Aug 11 19:18:49 2016
size after pgbench of pgbench_tellers: 8
size after pgbench of pgbench_history: 0
size after pgbench of pgbench_branches: 8
size after pgbench of pgbench_accounts: 64
size after pgbench of pgbench_branches_pkey: 32
size after pgbench of pgbench_tellers_pkey: 152
size after pgbench of pgbench_accounts_pkey: 658092
total size after pgbench: 658356
End Time: 2016-08-11 19:18:50+00:00
========================================================================
========================================================================
Testing 2011-07-01-REL9_2_0~1825
Start Time: 2016-08-12 01:39:01+00:00
Shared Buffers:  260000
size before pgbench of pgbench_tellers: 8
size before pgbench of pgbench_history: 0
size before pgbench of pgbench_branches: 8
size before pgbench of pgbench_accounts: 64
size before pgbench of pgbench_branches_pkey: 32
size before pgbench of pgbench_tellers_pkey: 152
size before pgbench of pgbench_accounts_pkey: 658092
total size before pgbench: 658356
starting vacuum...Linux 3.16.0-4-amd64 (Debian-83-jessie-64-minimal) 	12.08.16 	_x86_64_	(8 CPU)

end.
transaction type: <builtin: select only>
scaling factor: 300
query mode: simple
number of clients: 64
number of threads: 4
duration: 60 s
number of transactions actually processed: 74126
latency average: 51.804 ms
tps = 1231.535605 (including connections establishing)
tps = 1231.576726 (excluding connections establishing)
script statistics:
 - statement latencies in milliseconds:
         0.002  \set aid random(1, 100000 * :scale)
        51.914  SELECT abalance FROM pgbench_accounts WHERE aid = :aid;
avg-cpu:  %user   %nice %system %iowait  %steal   %idle
           1,27    0,00    0,77   35,96    0,00   62,00

Device:         rrqm/s   wrqm/s     r/s     w/s    rkB/s    wkB/s avgrq-sz avgqu-sz   await r_await w_await  svctm  %util
sdb               0,02     3,81  277,50    1,64  2593,20    24,15    18,75    26,07   93,40   73,64 3427,92   2,43  67,84
sda               0,62     3,82  287,29    1,63  2696,53    24,15    18,83    37,14  128,54   95,60 5920,98   2,34  67,75
md0               0,00     0,00    1,09    2,96     4,36    11,82     8,00     0,00    0,00    0,00    0,00   0,00   0,00
md1               0,00     0,00    0,00    0,00     0,00     0,00     0,00     0,00    0,00    0,00    0,00   0,00   0,00
md2               0,00     0,00  564,42    1,52  5285,29     9,69    18,71     0,00    0,00    0,00    0,00   0,00   0,00
md3               0,00     0,00    0,00    0,11     0,00     0,44     8,00     0,00    0,00    0,00    0,00   0,00   0,00

Control File Changes
--- /usr/local/oldpgsql/2011-07-01-REL9_2_0~1825/before.controldata	2016-08-12 03:39:40.090505377 +0200
+++ /usr/local/oldpgsql/2011-07-01-REL9_2_0~1825/after.controldata	2016-08-12 03:41:11.594666072 +0200
@@ -5,4 +5,4 @@
-pg_control last modified:             Fri Aug 12 01:39:39 2016
-Latest checkpoint location:           1/C25F2238
-Prior checkpoint location:            1/C25F21E0
-Latest checkpoint's REDO location:    1/C25F2238
+pg_control last modified:             Fri Aug 12 01:41:11 2016
+Latest checkpoint location:           1/C25F4398
+Prior checkpoint location:            1/C25F2238
+Latest checkpoint's REDO location:    1/C25F4398
@@ -10,2 +10,2 @@
-Latest checkpoint's NextXID:          0/354449
-Latest checkpoint's NextOID:          16468
+Latest checkpoint's NextXID:          0/354450
+Latest checkpoint's NextOID:          24660
@@ -17 +17 @@
-Time of latest checkpoint:            Fri Aug 12 01:39:39 2016
+Time of latest checkpoint:            Fri Aug 12 01:41:10 2016
size after pgbench of pgbench_tellers: 8
size after pgbench of pgbench_history: 0
size after pgbench of pgbench_branches: 8
size after pgbench of pgbench_accounts: 64
size after pgbench of pgbench_branches_pkey: 32
size after pgbench of pgbench_tellers_pkey: 152
size after pgbench of pgbench_accounts_pkey: 658092
total size after pgbench: 658356
End Time: 2016-08-12 01:41:11+00:00
========================================================================
========================================================================
Testing 2011-07-01-REL9_2_0~1825
Start Time: 2016-08-12 05:54:38+00:00
Shared Buffers:  260000
size before pgbench of pgbench_tellers: 8
size before pgbench of pgbench_history: 0
size before pgbench of pgbench_branches: 8
size before pgbench of pgbench_accounts: 64
size before pgbench of pgbench_branches_pkey: 32
size before pgbench of pgbench_tellers_pkey: 152
size before pgbench of pgbench_accounts_pkey: 658092
total size before pgbench: 658356
Linux 3.16.0-4-amd64 (Debian-83-jessie-64-minimal) 	12.08.16 	_x86_64_	(8 CPU)

starting vacuum...end.
transaction type: <builtin: select only>
scaling factor: 300
query mode: simple
number of clients: 64
number of threads: 4
duration: 60 s
number of transactions actually processed: 75081
latency average: 51.145 ms
tps = 1244.966558 (including connections establishing)
tps = 1245.007792 (excluding connections establishing)
script statistics:
 - statement latencies in milliseconds:
         0.002  \set aid random(1, 100000 * :scale)
        51.223  SELECT abalance FROM pgbench_accounts WHERE aid = :aid;
avg-cpu:  %user   %nice %system %iowait  %steal   %idle
           1,31    0,00    0,80   36,86    0,00   61,02

Device:         rrqm/s   wrqm/s     r/s     w/s    rkB/s    wkB/s avgrq-sz avgqu-sz   await r_await w_await  svctm  %util
sdb               0,02     5,00  277,99    1,46  2589,51    27,75    18,73    23,18   82,95   66,86 3155,73   2,43  67,93
sda               0,39     5,01  291,97    1,44  2742,53    27,75    18,88    41,50  141,41   99,34 8644,77   2,31  67,84
md0               0,00     0,00    0,71    4,37     2,84    17,47     8,00     0,00    0,00    0,00    0,00   0,00   0,00
md1               0,00     0,00    0,00    0,00     0,00     0,00     0,00     0,00    0,00    0,00    0,00   0,00   0,00
md2               0,00     0,00  569,79    1,23  5329,20     8,22    18,69     0,00    0,00    0,00    0,00   0,00   0,00
md3               0,00     0,00    0,00    0,10     0,00     0,40     8,00     0,00    0,00    0,00    0,00   0,00   0,00

Control File Changes
--- /usr/local/oldpgsql/2011-07-01-REL9_2_0~1825/before.controldata	2016-08-12 07:55:17.496519469 +0200
+++ /usr/local/oldpgsql/2011-07-01-REL9_2_0~1825/after.controldata	2016-08-12 07:56:49.244705424 +0200
@@ -5,4 +5,4 @@
-pg_control last modified:             Fri Aug 12 05:55:17 2016
-Latest checkpoint location:           1/C25F4448
-Prior checkpoint location:            1/C25F43F0
-Latest checkpoint's REDO location:    1/C25F4448
+pg_control last modified:             Fri Aug 12 05:56:49 2016
+Latest checkpoint location:           1/C25F65A8
+Prior checkpoint location:            1/C25F4448
+Latest checkpoint's REDO location:    1/C25F65A8
@@ -10,2 +10,2 @@
-Latest checkpoint's NextXID:          0/354450
-Latest checkpoint's NextOID:          16469
+Latest checkpoint's NextXID:          0/354451
+Latest checkpoint's NextOID:          24661
@@ -17 +17 @@
-Time of latest checkpoint:            Fri Aug 12 05:55:17 2016
+Time of latest checkpoint:            Fri Aug 12 05:56:47 2016
size after pgbench of pgbench_tellers: 8
size after pgbench of pgbench_history: 0
size after pgbench of pgbench_branches: 8
size after pgbench of pgbench_accounts: 64
size after pgbench of pgbench_branches_pkey: 32
size after pgbench of pgbench_tellers_pkey: 152
size after pgbench of pgbench_accounts_pkey: 658092
total size after pgbench: 658356
End Time: 2016-08-12 05:56:49+00:00
========================================================================
========================================================================
Testing 2011-07-01-REL9_2_0~1825
Start Time: 2016-08-12 18:43:50+00:00
Shared Buffers:  260000
size before pgbench of pgbench_tellers: 8
size before pgbench of pgbench_history: 0
size before pgbench of pgbench_branches: 8
size before pgbench of pgbench_accounts: 64
size before pgbench of pgbench_branches_pkey: 32
size before pgbench of pgbench_tellers_pkey: 152
size before pgbench of pgbench_accounts_pkey: 658092
total size before pgbench: 658356
+ /usr/local/pgsql/bin/pgbench -T 60 -S -c 64 -j 4 -r
Linux 3.16.0-4-amd64 (Debian-83-jessie-64-minimal) 	12.08.16 	_x86_64_	(8 CPU)

starting vacuum...end.
transaction type: <builtin: select only>
scaling factor: 300
query mode: simple
number of clients: 64
number of threads: 4
duration: 60 s
number of transactions actually processed: 75176
latency average: 51.080 ms
tps = 1249.798381 (including connections establishing)
tps = 1249.840888 (excluding connections establishing)
script statistics:
 - statement latencies in milliseconds:
         0.002  \set aid random(1, 100000 * :scale)
        51.147  SELECT abalance FROM pgbench_accounts WHERE aid = :aid;
avg-cpu:  %user   %nice %system %iowait  %steal   %idle
           1,31    0,00    0,84   36,40    0,00   61,45

Device:         rrqm/s   wrqm/s     r/s     w/s    rkB/s    wkB/s avgrq-sz avgqu-sz   await r_await w_await  svctm  %util
sdb               0,10     0,82  281,40    1,71  2627,60    12,74    18,65    25,32   89,42   75,08 2447,27   2,39  67,60
sda               1,89     0,82  289,03    1,71  2711,02    12,74    18,74    39,78  136,79   93,06 7524,44   2,34  67,98
md0               0,00     0,00    3,58    0,00    14,31     0,00     8,00     0,00    0,00    0,00    0,00   0,00   0,00
md1               0,00     0,00    0,00    0,00     0,00     0,00     0,00     0,00    0,00    0,00    0,00   0,00   0,00
md2               0,00     0,00  568,92    1,66  5324,31    10,53    18,70     0,00    0,00    0,00    0,00   0,00   0,00
md3               0,00     0,00    0,00    0,10     0,00     0,40     8,00     0,00    0,00    0,00    0,00   0,00   0,00

Control File Changes
--- /usr/local/oldpgsql/2011-07-01-REL9_2_0~1825/before.controldata	2016-08-12 20:44:29.757342541 +0200
+++ /usr/local/oldpgsql/2011-07-01-REL9_2_0~1825/after.controldata	2016-08-12 20:46:01.509505594 +0200
@@ -5,4 +5,4 @@
-pg_control last modified:             Fri Aug 12 18:44:29 2016
-Latest checkpoint location:           1/C25F6658
-Prior checkpoint location:            1/C25F6600
-Latest checkpoint's REDO location:    1/C25F6658
+pg_control last modified:             Fri Aug 12 18:46:01 2016
+Latest checkpoint location:           1/C25F87B8
+Prior checkpoint location:            1/C25F6658
+Latest checkpoint's REDO location:    1/C25F87B8
@@ -10,2 +10,2 @@
-Latest checkpoint's NextXID:          0/354451
-Latest checkpoint's NextOID:          16470
+Latest checkpoint's NextXID:          0/354452
+Latest checkpoint's NextOID:          24662
@@ -17 +17 @@
-Time of latest checkpoint:            Fri Aug 12 18:44:29 2016
+Time of latest checkpoint:            Fri Aug 12 18:45:59 2016
size after pgbench of pgbench_tellers: 8
size after pgbench of pgbench_history: 0
size after pgbench of pgbench_branches: 8
size after pgbench of pgbench_accounts: 64
size after pgbench of pgbench_branches_pkey: 32
size after pgbench of pgbench_tellers_pkey: 152
size after pgbench of pgbench_accounts_pkey: 658092
total size after pgbench: 658356
End Time: 2016-08-12 18:46:01+00:00
========================================================================
========================================================================
Testing 2011-07-01-REL9_2_0~1825
Start Time: 2016-08-13 06:07:57+00:00
Shared Buffers:  260000
size before pgbench of pgbench_tellers: 8
size before pgbench of pgbench_history: 0
size before pgbench of pgbench_branches: 8
size before pgbench of pgbench_accounts: 64
size before pgbench of pgbench_branches_pkey: 32
size before pgbench of pgbench_tellers_pkey: 152
size before pgbench of pgbench_accounts_pkey: 658092
total size before pgbench: 658356
Linux 3.16.0-4-amd64 (Debian-83-jessie-64-minimal) 	13.08.16 	_x86_64_	(8 CPU)

starting vacuum...end.
transaction type: <builtin: select only>
scaling factor: 300
query mode: simple
number of clients: 48
number of threads: 4
duration: 60 s
number of transactions actually processed: 73026
latency average: 39.438 ms
tps = 1214.676599 (including connections establishing)
tps = 1214.716733 (excluding connections establishing)
script statistics:
 - statement latencies in milliseconds:
         0.002  \set aid random(1, 100000 * :scale)
        39.478  SELECT abalance FROM pgbench_accounts WHERE aid = :aid;
avg-cpu:  %user   %nice %system %iowait  %steal   %idle
           1,26    0,00    0,70   32,00    0,00   66,03

Device:         rrqm/s   wrqm/s     r/s     w/s    rkB/s    wkB/s avgrq-sz avgqu-sz   await r_await w_await  svctm  %util
sdb               0,00     1,06  274,58    1,74  2567,82    14,01    18,69    22,72   82,21   57,17 4023,08   2,44  67,39
sda               0,03     1,09  284,31    1,70  2658,98    14,01    18,69    28,46   99,28   71,40 4762,17   2,36  67,45
md0               0,00     0,00    0,00    0,00     0,00     0,00     0,00     0,00    0,00    0,00    0,00   0,00   0,00
md1               0,00     0,00    0,00    0,00     0,00     0,00     0,00     0,00    0,00    0,00    0,00   0,00   0,00
md2               0,00     0,00  558,94    1,88  5226,80    11,73    18,68     0,00    0,00    0,00    0,00   0,00   0,00
md3               0,00     0,00    0,00    0,10     0,00     0,40     8,00     0,00    0,00    0,00    0,00   0,00   0,00

Control File Changes
--- /usr/local/oldpgsql/2011-07-01-REL9_2_0~1825/before.controldata	2016-08-13 08:08:36.409826305 +0200
+++ /usr/local/oldpgsql/2011-07-01-REL9_2_0~1825/after.controldata	2016-08-13 08:10:08.161928066 +0200
@@ -5,4 +5,4 @@
-pg_control last modified:             Sat Aug 13 06:08:36 2016
-Latest checkpoint location:           1/C25F8868
-Prior checkpoint location:            1/C25F8810
-Latest checkpoint's REDO location:    1/C25F8868
+pg_control last modified:             Sat Aug 13 06:10:08 2016
+Latest checkpoint location:           1/C25FA9C8
+Prior checkpoint location:            1/C25F8868
+Latest checkpoint's REDO location:    1/C25FA9C8
@@ -10,2 +10,2 @@
-Latest checkpoint's NextXID:          0/354452
-Latest checkpoint's NextOID:          16471
+Latest checkpoint's NextXID:          0/354453
+Latest checkpoint's NextOID:          24663
@@ -17 +17 @@
-Time of latest checkpoint:            Sat Aug 13 06:08:36 2016
+Time of latest checkpoint:            Sat Aug 13 06:10:06 2016
size after pgbench of pgbench_tellers: 8
size after pgbench of pgbench_history: 0
size after pgbench of pgbench_branches: 8
size after pgbench of pgbench_accounts: 64
size after pgbench of pgbench_branches_pkey: 32
size after pgbench of pgbench_tellers_pkey: 152
size after pgbench of pgbench_accounts_pkey: 658092
total size after pgbench: 658356
End Time: 2016-08-13 06:10:08+00:00
========================================================================
========================================================================
Testing 2011-07-01-REL9_2_0~1825
Start Time: 2016-08-13 14:06:44+00:00
Shared Buffers:  260000
size before pgbench of pgbench_tellers: 8
size before pgbench of pgbench_history: 0
size before pgbench of pgbench_branches: 8
size before pgbench of pgbench_accounts: 64
size before pgbench of pgbench_branches_pkey: 32
size before pgbench of pgbench_tellers_pkey: 152
size before pgbench of pgbench_accounts_pkey: 658092
total size before pgbench: 658356
Linux 3.16.0-4-amd64 (Debian-83-jessie-64-minimal) 	13.08.16 	_x86_64_	(8 CPU)

starting vacuum...end.
transaction type: <builtin: select only>
scaling factor: 300
query mode: simple
number of clients: 48
number of threads: 4
duration: 60 s
number of transactions actually processed: 70570
latency average: 40.811 ms
tps = 1172.685744 (including connections establishing)
tps = 1172.724480 (excluding connections establishing)
script statistics:
 - statement latencies in milliseconds:
         0.002  \set aid random(1, 100000 * :scale)
        40.850  SELECT abalance FROM pgbench_accounts WHERE aid = :aid;
avg-cpu:  %user   %nice %system %iowait  %steal   %idle
           1,25    0,00    0,73   30,63    0,00   67,39

Device:         rrqm/s   wrqm/s     r/s     w/s    rkB/s    wkB/s avgrq-sz avgqu-sz   await r_await w_await  svctm  %util
sdb               0,08     2,64  270,30    2,24  2525,38    21,99    18,69    18,51   67,90   64,22  511,29   2,48  67,61
sda               0,38     2,64  278,29    2,24  2607,96    21,99    18,75    24,43   87,09   65,10 2813,17   2,43  68,05
md0               0,00     0,00    1,09    1,78     4,36     7,11     8,00     0,00    0,00    0,00    0,00   0,00   0,00
md1               0,00     0,00    0,00    0,00     0,00     0,00     0,00     0,00    0,00    0,00    0,00   0,00   0,00
md2               0,00     0,00  548,02    1,87  5128,58    12,00    18,70     0,00    0,00    0,00    0,00   0,00   0,00
md3               0,00     0,00    0,00    0,10     0,00     0,40     8,00     0,00    0,00    0,00    0,00   0,00   0,00

Control File Changes
--- /usr/local/oldpgsql/2011-07-01-REL9_2_0~1825/before.controldata	2016-08-13 16:07:22.701818008 +0200
+++ /usr/local/oldpgsql/2011-07-01-REL9_2_0~1825/after.controldata	2016-08-13 16:08:54.389627038 +0200
@@ -5,4 +5,4 @@
-pg_control last modified:             Sat Aug 13 14:07:22 2016
-Latest checkpoint location:           1/C25FAA78
-Prior checkpoint location:            1/C25FAA20
-Latest checkpoint's REDO location:    1/C25FAA78
+pg_control last modified:             Sat Aug 13 14:08:54 2016
+Latest checkpoint location:           1/C25FCBD8
+Prior checkpoint location:            1/C25FAA78
+Latest checkpoint's REDO location:    1/C25FCBD8
@@ -10,2 +10,2 @@
-Latest checkpoint's NextXID:          0/354453
-Latest checkpoint's NextOID:          16472
+Latest checkpoint's NextXID:          0/354454
+Latest checkpoint's NextOID:          24664
@@ -17 +17 @@
-Time of latest checkpoint:            Sat Aug 13 14:07:22 2016
+Time of latest checkpoint:            Sat Aug 13 14:08:52 2016
size after pgbench of pgbench_tellers: 8
size after pgbench of pgbench_history: 0
size after pgbench of pgbench_branches: 8
size after pgbench of pgbench_accounts: 64
size after pgbench of pgbench_branches_pkey: 32
size after pgbench of pgbench_tellers_pkey: 152
size after pgbench of pgbench_accounts_pkey: 658092
total size after pgbench: 658356
End Time: 2016-08-13 14:08:54+00:00
========================================================================
========================================================================
Testing 2011-07-01-REL9_2_0~1825
Start Time: 2016-08-14 02:38:32+00:00
Shared Buffers:  260000
size before pgbench of pgbench_tellers: 8
size before pgbench of pgbench_history: 0
size before pgbench of pgbench_branches: 8
size before pgbench of pgbench_accounts: 64
size before pgbench of pgbench_branches_pkey: 32
size before pgbench of pgbench_tellers_pkey: 152
size before pgbench of pgbench_accounts_pkey: 658092
total size before pgbench: 658356
Linux 3.16.0-4-amd64 (Debian-83-jessie-64-minimal) 	14.08.16 	_x86_64_	(8 CPU)

starting vacuum...end.
transaction type: <builtin: TPC-B (sort of)>
scaling factor: 300
query mode: simple
number of clients: 32
number of threads: 4
duration: 900 s
number of transactions actually processed: 165952
latency average: 173.544 ms
tps = 183.952490 (including connections establishing)
tps = 183.952892 (excluding connections establishing)
script statistics:
 - statement latencies in milliseconds:
         0.002  \set aid random(1, 100000 * :scale)
         0.001  \set bid random(1, 1 * :scale)
         0.001  \set tid random(1, 10 * :scale)
         0.001  \set delta random(-5000, 5000)
         0.167  BEGIN;
        10.271  UPDATE pgbench_accounts SET abalance = abalance + :delta WHERE aid = :aid;
         0.221  SELECT abalance FROM pgbench_accounts WHERE aid = :aid;
         1.112  UPDATE pgbench_tellers SET tbalance = tbalance + :delta WHERE tid = :tid;
         8.019  UPDATE pgbench_branches SET bbalance = bbalance + :delta WHERE bid = :bid;
         0.159  INSERT INTO pgbench_history (tid, bid, aid, delta, mtime) VALUES (:tid, :bid, :aid, :delta, CURRENT_TIMESTAMP);
       153.916  END;
avg-cpu:  %user   %nice %system %iowait  %steal   %idle
           1,76    0,00    0,59   19,57    0,00   78,07

Device:         rrqm/s   wrqm/s     r/s     w/s    rkB/s    wkB/s avgrq-sz avgqu-sz   await r_await w_await  svctm  %util
sdb               0,07     2,17   16,64  218,19   160,28  4011,26    35,53    61,10  260,21   27,65  277,95   3,14  73,72
sda               0,07     2,17   56,44  218,19   535,63  4011,26    33,11    63,02  229,45   30,26  280,97   3,31  90,95
md0               0,00     0,00    0,12    0,27     0,47     1,06     8,00     0,00    0,00    0,00    0,00   0,00   0,00
md1               0,00     0,00    0,00    0,00     0,00     0,00     0,00     0,00    0,00    0,00    0,00   0,00   0,00
md2               0,00     0,00   73,10  219,36   695,44  4008,36    32,17     0,00    0,00    0,00    0,00   0,00   0,00
md3               0,00     0,00    0,00    0,01     0,00     0,04     8,00     0,00    0,00    0,00    0,00   0,00   0,00

Control File Changes
--- /usr/local/oldpgsql/2011-07-01-REL9_2_0~1825/before.controldata	2016-08-14 04:39:13.685637176 +0200
+++ /usr/local/oldpgsql/2011-07-01-REL9_2_0~1825/after.controldata	2016-08-14 04:55:34.226888347 +0200
@@ -5,4 +5,4 @@
-pg_control last modified:             Sun Aug 14 02:39:13 2016
-Latest checkpoint location:           1/C25FCC88
-Prior checkpoint location:            1/C25FCC30
-Latest checkpoint's REDO location:    1/C25FCC88
+pg_control last modified:             Sun Aug 14 02:55:34 2016
+Latest checkpoint location:           2/32B26570
+Prior checkpoint location:            2/32B16D20
+Latest checkpoint's REDO location:    2/32B16D78
@@ -10,2 +10,2 @@
-Latest checkpoint's NextXID:          0/354454
-Latest checkpoint's NextOID:          16473
+Latest checkpoint's NextXID:          0/520448
+Latest checkpoint's NextOID:          24665
@@ -17 +17 @@
-Time of latest checkpoint:            Sun Aug 14 02:39:13 2016
+Time of latest checkpoint:            Sun Aug 14 02:54:43 2016
size after pgbench of pgbench_tellers: 8
size after pgbench of pgbench_history: 24
size after pgbench of pgbench_branches: 8
size after pgbench of pgbench_accounts: 64
size after pgbench of pgbench_branches_pkey: 32
size after pgbench of pgbench_tellers_pkey: 152
size after pgbench of pgbench_accounts_pkey: 658092
total size after pgbench: 658380
End Time: 2016-08-14 02:55:34+00:00
========================================================================
========================================================================
Testing 2011-07-01-REL9_2_0~1825
Start Time: 2016-08-16 13:19:01+00:00
Shared Buffers:  260000
size before pgbench of pgbench_tellers: 8
size before pgbench of pgbench_history: 24
size before pgbench of pgbench_branches: 8
size before pgbench of pgbench_accounts: 64
size before pgbench of pgbench_branches_pkey: 32
size before pgbench of pgbench_tellers_pkey: 152
size before pgbench of pgbench_accounts_pkey: 658092
total size before pgbench: 658380
Linux 4.6.0-1-amd64 (Debian-83-jessie-64-minimal) 	16.08.16 	_x86_64_	(8 CPU)

starting vacuum...end.
avg-cpu:  %user   %nice %system %iowait  %steal   %idle
           1,34    0,00    0,44   34,10    0,00   64,12

Device:         rrqm/s   wrqm/s     r/s     w/s    rkB/s    wkB/s avgrq-sz avgqu-sz   await r_await w_await  svctm  %util
sdb               0,01     2,45   15,98  179,00   154,54  3295,91    35,39    56,16  288,00   33,48  310,72   3,61  70,36
sda               0,10     2,45   57,02  178,99   536,86  3295,76    32,48    43,18  182,94   34,61  230,20   3,55  83,84
md0               0,00     0,00    0,24    0,25     0,96     0,98     8,00     0,00    0,00    0,00    0,00   0,00   0,00
md1               0,00     0,00    0,00    0,00     0,00     0,00     0,00     0,00    0,00    0,00    0,00   0,00   0,00
md2               0,00     0,00   72,87  189,74   690,43  3374,89    30,96     0,00    0,00    0,00    0,00   0,00   0,00
md3               0,00     0,00    0,00    0,01     0,00     0,03     8,00     0,00    0,00    0,00    0,00   0,00   0,00

transaction type: <builtin: TPC-B (sort of)>
scaling factor: 300
query mode: simple
number of clients: 32
number of threads: 4
duration: 900 s
number of transactions actually processed: 160340
latency average: 179.618 ms
tps = 170.629549 (including connections establishing)
tps = 170.629917 (excluding connections establishing)
script statistics:
 - statement latencies in milliseconds:
         0.001  \set aid random(1, 100000 * :scale)
         0.001  \set bid random(1, 1 * :scale)
         0.001  \set tid random(1, 10 * :scale)
         0.000  \set delta random(-5000, 5000)
         0.144  BEGIN;
        12.319  UPDATE pgbench_accounts SET abalance = abalance + :delta WHERE aid = :aid;
         0.195  SELECT abalance FROM pgbench_accounts WHERE aid = :aid;
         1.141  UPDATE pgbench_tellers SET tbalance = tbalance + :delta WHERE tid = :tid;
         8.263  UPDATE pgbench_branches SET bbalance = bbalance + :delta WHERE bid = :bid;
         0.192  INSERT INTO pgbench_history (tid, bid, aid, delta, mtime) VALUES (:tid, :bid, :aid, :delta, CURRENT_TIMESTAMP);
       163.531  END;
Control File Changes
--- /usr/local/oldpgsql/2011-07-01-REL9_2_0~1825/before.controldata	2016-08-16 15:20:43.459381378 +0200
+++ /usr/local/oldpgsql/2011-07-01-REL9_2_0~1825/after.controldata	2016-08-16 15:38:44.349920401 +0200
@@ -5,4 +5,4 @@
-pg_control last modified:             Tue Aug 16 13:20:43 2016
-Latest checkpoint location:           2/7658E038
-Prior checkpoint location:            2/7658DFC8
-Latest checkpoint's REDO location:    2/7658E038
+pg_control last modified:             Tue Aug 16 13:38:44 2016
+Latest checkpoint location:           2/DA54D430
+Prior checkpoint location:            2/DA54D3D8
+Latest checkpoint's REDO location:    2/DA54D430
@@ -10,2 +10,2 @@
-Latest checkpoint's NextXID:          0/520450
-Latest checkpoint's NextOID:          16474
+Latest checkpoint's NextXID:          0/680833
+Latest checkpoint's NextOID:          24666
@@ -17 +17 @@
-Time of latest checkpoint:            Tue Aug 16 13:20:43 2016
+Time of latest checkpoint:            Tue Aug 16 13:37:47 2016
size after pgbench of pgbench_tellers: 8
size after pgbench of pgbench_history: 24
size after pgbench of pgbench_branches: 8
size after pgbench of pgbench_accounts: 64
size after pgbench of pgbench_branches_pkey: 32
size after pgbench of pgbench_tellers_pkey: 152
size after pgbench of pgbench_accounts_pkey: 658092
total size after pgbench: 658380
End Time: 2016-08-16 13:38:44+00:00
========================================================================
========================================================================
Testing 2011-07-01-REL9_2_0~1825
Start Time: 2016-08-20 01:22:37+00:00
Shared Buffers:  260000
size before pgbench of pgbench_tellers: 8
size before pgbench of pgbench_history: 24
size before pgbench of pgbench_branches: 8
size before pgbench of pgbench_accounts: 64
size before pgbench of pgbench_branches_pkey: 32
size before pgbench of pgbench_tellers_pkey: 152
size before pgbench of pgbench_accounts_pkey: 658092
total size before pgbench: 658380
Linux 4.6.0-1-amd64 (Debian-83-jessie-64-minimal) 	20.08.16 	_x86_64_	(8 CPU)

starting vacuum...end.
transaction type: <builtin: TPC-B (sort of)>
scaling factor: 300
query mode: simple
number of clients: 32
number of threads: 4
duration: 900 s
number of transactions actually processed: 164063
latency average: 175.542 ms
tps = 182.153009 (including connections establishing)
tps = 182.153393 (excluding connections establishing)
script statistics:
 - statement latencies in milliseconds:
         0.001  \set aid random(1, 100000 * :scale)
         0.001  \set bid random(1, 1 * :scale)
         0.001  \set tid random(1, 10 * :scale)
         0.000  \set delta random(-5000, 5000)
         0.143  BEGIN;
        11.551  UPDATE pgbench_accounts SET abalance = abalance + :delta WHERE aid = :aid;
         0.196  SELECT abalance FROM pgbench_accounts WHERE aid = :aid;
         1.131  UPDATE pgbench_tellers SET tbalance = tbalance + :delta WHERE tid = :tid;
         8.681  UPDATE pgbench_branches SET bbalance = bbalance + :delta WHERE bid = :bid;
         0.134  INSERT INTO pgbench_history (tid, bid, aid, delta, mtime) VALUES (:tid, :bid, :aid, :delta, CURRENT_TIMESTAMP);
       153.899  END;
avg-cpu:  %user   %nice %system %iowait  %steal   %idle
           1,38    0,00    0,46   31,55    0,00   66,61

Device:         rrqm/s   wrqm/s     r/s     w/s    rkB/s    wkB/s avgrq-sz avgqu-sz   await r_await w_await  svctm  %util
sdb               0,02     2,94   14,61  175,32   139,30  3154,49    34,68    49,57  260,88   30,78  280,06   3,48  66,13
sda               0,19     2,94   58,41  175,41   554,86  3155,25    31,73    49,37  211,14   33,25  270,38   3,71  86,77
md0               0,00     0,00    0,39    0,69     1,56     2,77     8,00     0,00    0,00    0,00    0,00   0,00   0,00
md1               0,00     0,00    0,00    0,00     0,00     0,00     0,00     0,00    0,00    0,00    0,00   0,00   0,00
md2               0,00     0,00   72,85  181,84   692,60  3191,22    30,50     0,00    0,00    0,00    0,00   0,00   0,00
md3               0,00     0,00    0,00    0,01     0,00     0,04     8,00     0,00    0,00    0,00    0,00   0,00   0,00

Control File Changes
--- /usr/local/oldpgsql/2011-07-01-REL9_2_0~1825/before.controldata	2016-08-20 03:24:18.536165834 +0200
+++ /usr/local/oldpgsql/2011-07-01-REL9_2_0~1825/after.controldata	2016-08-20 03:41:31.477808599 +0200
@@ -5,4 +5,4 @@
-pg_control last modified:             Sat Aug 20 01:24:18 2016
-Latest checkpoint location:           3/1CFF97F0
-Prior checkpoint location:            3/1CFF9798
-Latest checkpoint's REDO location:    3/1CFF97F0
+pg_control last modified:             Sat Aug 20 01:41:31 2016
+Latest checkpoint location:           3/7D4718A8
+Prior checkpoint location:            3/7D471850
+Latest checkpoint's REDO location:    3/7D4718A8
@@ -10,2 +10,2 @@
-Latest checkpoint's NextXID:          0/680833
-Latest checkpoint's NextOID:          16475
+Latest checkpoint's NextXID:          0/844939
+Latest checkpoint's NextOID:          24667
@@ -17 +17 @@
-Time of latest checkpoint:            Sat Aug 20 01:24:17 2016
+Time of latest checkpoint:            Sat Aug 20 01:40:41 2016
size after pgbench of pgbench_tellers: 8
size after pgbench of pgbench_history: 24
size after pgbench of pgbench_branches: 8
size after pgbench of pgbench_accounts: 64
size after pgbench of pgbench_branches_pkey: 32
size after pgbench of pgbench_tellers_pkey: 152
size after pgbench of pgbench_accounts_pkey: 658092
total size after pgbench: 658380
End Time: 2016-08-20 01:41:31+00:00
========================================================================
