creating tables...
100000 of 30000000 tuples (0%) done (elapsed 0.12 s, remaining 36.26 s)
200000 of 30000000 tuples (0%) done (elapsed 0.21 s, remaining 31.98 s)
300000 of 30000000 tuples (1%) done (elapsed 0.30 s, remaining 29.21 s)
400000 of 30000000 tuples (1%) done (elapsed 0.37 s, remaining 27.72 s)
500000 of 30000000 tuples (1%) done (elapsed 0.45 s, remaining 26.82 s)
600000 of 30000000 tuples (2%) done (elapsed 0.53 s, remaining 26.17 s)
700000 of 30000000 tuples (2%) done (elapsed 0.61 s, remaining 25.69 s)
800000 of 30000000 tuples (2%) done (elapsed 0.69 s, remaining 25.31 s)
900000 of 30000000 tuples (3%) done (elapsed 0.77 s, remaining 24.99 s)
1000000 of 30000000 tuples (3%) done (elapsed 0.85 s, remaining 24.67 s)
1100000 of 30000000 tuples (3%) done (elapsed 0.93 s, remaining 24.47 s)
1200000 of 30000000 tuples (4%) done (elapsed 1.02 s, remaining 24.41 s)
1300000 of 30000000 tuples (4%) done (elapsed 1.10 s, remaining 24.22 s)
1400000 of 30000000 tuples (4%) done (elapsed 1.18 s, remaining 24.06 s)
1500000 of 30000000 tuples (5%) done (elapsed 1.26 s, remaining 23.91 s)
1600000 of 30000000 tuples (5%) done (elapsed 1.34 s, remaining 23.86 s)
1700000 of 30000000 tuples (5%) done (elapsed 1.43 s, remaining 23.72 s)
1800000 of 30000000 tuples (6%) done (elapsed 1.51 s, remaining 23.59 s)
1900000 of 30000000 tuples (6%) done (elapsed 1.59 s, remaining 23.47 s)
2000000 of 30000000 tuples (6%) done (elapsed 1.67 s, remaining 23.34 s)
2100000 of 30000000 tuples (7%) done (elapsed 1.75 s, remaining 23.29 s)
2200000 of 30000000 tuples (7%) done (elapsed 1.83 s, remaining 23.17 s)
2300000 of 30000000 tuples (7%) done (elapsed 1.91 s, remaining 23.05 s)
2400000 of 30000000 tuples (8%) done (elapsed 2.00 s, remaining 22.94 s)
2500000 of 30000000 tuples (8%) done (elapsed 2.08 s, remaining 22.84 s)
2600000 of 30000000 tuples (8%) done (elapsed 2.16 s, remaining 22.73 s)
2700000 of 30000000 tuples (9%) done (elapsed 2.24 s, remaining 22.63 s)
2800000 of 30000000 tuples (9%) done (elapsed 2.32 s, remaining 22.57 s)
2900000 of 30000000 tuples (9%) done (elapsed 2.40 s, remaining 22.47 s)
3000000 of 30000000 tuples (10%) done (elapsed 2.48 s, remaining 22.36 s)
3100000 of 30000000 tuples (10%) done (elapsed 2.57 s, remaining 22.27 s)
3200000 of 30000000 tuples (10%) done (elapsed 2.65 s, remaining 22.17 s)
3300000 of 30000000 tuples (11%) done (elapsed 2.73 s, remaining 22.07 s)
3400000 of 30000000 tuples (11%) done (elapsed 2.81 s, remaining 22.01 s)
3500000 of 30000000 tuples (11%) done (elapsed 2.89 s, remaining 21.91 s)
3600000 of 30000000 tuples (12%) done (elapsed 2.97 s, remaining 21.81 s)
3700000 of 30000000 tuples (12%) done (elapsed 3.05 s, remaining 21.71 s)
3800000 of 30000000 tuples (12%) done (elapsed 3.14 s, remaining 21.62 s)
3900000 of 30000000 tuples (13%) done (elapsed 3.22 s, remaining 21.56 s)
4000000 of 30000000 tuples (13%) done (elapsed 3.30 s, remaining 21.46 s)
4100000 of 30000000 tuples (13%) done (elapsed 3.38 s, remaining 21.37 s)
4200000 of 30000000 tuples (14%) done (elapsed 3.46 s, remaining 21.28 s)
4300000 of 30000000 tuples (14%) done (elapsed 3.54 s, remaining 21.19 s)
4400000 of 30000000 tuples (14%) done (elapsed 3.63 s, remaining 21.10 s)
4500000 of 30000000 tuples (15%) done (elapsed 3.71 s, remaining 21.01 s)
4600000 of 30000000 tuples (15%) done (elapsed 3.79 s, remaining 20.92 s)
4700000 of 30000000 tuples (15%) done (elapsed 3.87 s, remaining 20.83 s)
4800000 of 30000000 tuples (16%) done (elapsed 3.96 s, remaining 20.77 s)
4900000 of 30000000 tuples (16%) done (elapsed 4.04 s, remaining 20.68 s)
5000000 of 30000000 tuples (16%) done (elapsed 4.12 s, remaining 20.59 s)
5100000 of 30000000 tuples (17%) done (elapsed 4.20 s, remaining 20.50 s)
5200000 of 30000000 tuples (17%) done (elapsed 4.28 s, remaining 20.41 s)
5300000 of 30000000 tuples (17%) done (elapsed 4.36 s, remaining 20.32 s)
5400000 of 30000000 tuples (18%) done (elapsed 4.44 s, remaining 20.23 s)
5500000 of 30000000 tuples (18%) done (elapsed 4.53 s, remaining 20.17 s)
5600000 of 30000000 tuples (18%) done (elapsed 4.61 s, remaining 20.08 s)
5700000 of 30000000 tuples (19%) done (elapsed 4.69 s, remaining 19.99 s)
5800000 of 30000000 tuples (19%) done (elapsed 4.77 s, remaining 19.90 s)
5900000 of 30000000 tuples (19%) done (elapsed 4.85 s, remaining 19.81 s)
6000000 of 30000000 tuples (20%) done (elapsed 4.94 s, remaining 19.74 s)
6100000 of 30000000 tuples (20%) done (elapsed 5.02 s, remaining 19.65 s)
6200000 of 30000000 tuples (20%) done (elapsed 5.10 s, remaining 19.56 s)
6300000 of 30000000 tuples (21%) done (elapsed 5.18 s, remaining 19.48 s)
6400000 of 30000000 tuples (21%) done (elapsed 5.26 s, remaining 19.41 s)
6500000 of 30000000 tuples (21%) done (elapsed 5.34 s, remaining 19.32 s)
6600000 of 30000000 tuples (22%) done (elapsed 5.42 s, remaining 19.23 s)
6700000 of 30000000 tuples (22%) done (elapsed 5.50 s, remaining 19.14 s)
6800000 of 30000000 tuples (22%) done (elapsed 5.59 s, remaining 19.07 s)
6900000 of 30000000 tuples (23%) done (elapsed 5.67 s, remaining 18.98 s)
7000000 of 30000000 tuples (23%) done (elapsed 5.75 s, remaining 18.89 s)
7100000 of 30000000 tuples (23%) done (elapsed 5.83 s, remaining 18.80 s)
7200000 of 30000000 tuples (24%) done (elapsed 5.91 s, remaining 18.72 s)
7300000 of 30000000 tuples (24%) done (elapsed 6.00 s, remaining 18.65 s)
7400000 of 30000000 tuples (24%) done (elapsed 6.08 s, remaining 18.56 s)
7500000 of 30000000 tuples (25%) done (elapsed 6.16 s, remaining 18.47 s)
7600000 of 30000000 tuples (25%) done (elapsed 6.24 s, remaining 18.39 s)
7700000 of 30000000 tuples (25%) done (elapsed 6.32 s, remaining 18.30 s)
7800000 of 30000000 tuples (26%) done (elapsed 6.41 s, remaining 18.23 s)
7900000 of 30000000 tuples (26%) done (elapsed 6.49 s, remaining 18.14 s)
8000000 of 30000000 tuples (26%) done (elapsed 6.57 s, remaining 18.06 s)
8100000 of 30000000 tuples (27%) done (elapsed 6.65 s, remaining 17.97 s)
8200000 of 30000000 tuples (27%) done (elapsed 6.73 s, remaining 17.90 s)
8300000 of 30000000 tuples (27%) done (elapsed 6.81 s, remaining 17.81 s)
8400000 of 30000000 tuples (28%) done (elapsed 6.89 s, remaining 17.73 s)
8500000 of 30000000 tuples (28%) done (elapsed 6.97 s, remaining 17.64 s)
8600000 of 30000000 tuples (28%) done (elapsed 7.05 s, remaining 17.55 s)
8700000 of 30000000 tuples (29%) done (elapsed 7.14 s, remaining 17.48 s)
8800000 of 30000000 tuples (29%) done (elapsed 7.22 s, remaining 17.40 s)
8900000 of 30000000 tuples (29%) done (elapsed 7.30 s, remaining 17.31 s)
9000000 of 30000000 tuples (30%) done (elapsed 7.38 s, remaining 17.22 s)
9100000 of 30000000 tuples (30%) done (elapsed 7.46 s, remaining 17.14 s)
9200000 of 30000000 tuples (30%) done (elapsed 7.55 s, remaining 17.07 s)
9300000 of 30000000 tuples (31%) done (elapsed 7.63 s, remaining 16.98 s)
9400000 of 30000000 tuples (31%) done (elapsed 7.71 s, remaining 16.89 s)
9500000 of 30000000 tuples (31%) done (elapsed 7.79 s, remaining 16.81 s)
9600000 of 30000000 tuples (32%) done (elapsed 7.88 s, remaining 16.74 s)
9700000 of 30000000 tuples (32%) done (elapsed 7.96 s, remaining 16.65 s)
9800000 of 30000000 tuples (32%) done (elapsed 8.04 s, remaining 16.57 s)
9900000 of 30000000 tuples (33%) done (elapsed 8.12 s, remaining 16.48 s)
10000000 of 30000000 tuples (33%) done (elapsed 8.20 s, remaining 16.41 s)
10100000 of 30000000 tuples (33%) done (elapsed 8.28 s, remaining 16.32 s)
10200000 of 30000000 tuples (34%) done (elapsed 8.36 s, remaining 16.24 s)
10300000 of 30000000 tuples (34%) done (elapsed 8.45 s, remaining 16.16 s)
10400000 of 30000000 tuples (34%) done (elapsed 8.53 s, remaining 16.08 s)
10500000 of 30000000 tuples (35%) done (elapsed 8.61 s, remaining 16.00 s)
10600000 of 30000000 tuples (35%) done (elapsed 8.70 s, remaining 15.92 s)
10700000 of 30000000 tuples (35%) done (elapsed 8.78 s, remaining 15.84 s)
10800000 of 30000000 tuples (36%) done (elapsed 8.86 s, remaining 15.75 s)
10900000 of 30000000 tuples (36%) done (elapsed 8.94 s, remaining 15.67 s)
11000000 of 30000000 tuples (36%) done (elapsed 9.03 s, remaining 15.59 s)
11100000 of 30000000 tuples (37%) done (elapsed 9.11 s, remaining 15.51 s)
11200000 of 30000000 tuples (37%) done (elapsed 9.36 s, remaining 15.71 s)
11300000 of 30000000 tuples (37%) done (elapsed 9.45 s, remaining 15.64 s)
11400000 of 30000000 tuples (38%) done (elapsed 9.54 s, remaining 15.56 s)
11500000 of 30000000 tuples (38%) done (elapsed 9.61 s, remaining 15.47 s)
11600000 of 30000000 tuples (38%) done (elapsed 9.70 s, remaining 15.38 s)
11700000 of 30000000 tuples (39%) done (elapsed 9.78 s, remaining 15.30 s)
11800000 of 30000000 tuples (39%) done (elapsed 9.86 s, remaining 15.21 s)
11900000 of 30000000 tuples (39%) done (elapsed 9.95 s, remaining 15.13 s)
12000000 of 30000000 tuples (40%) done (elapsed 10.03 s, remaining 15.05 s)
12100000 of 30000000 tuples (40%) done (elapsed 10.11 s, remaining 14.96 s)
12200000 of 30000000 tuples (40%) done (elapsed 10.19 s, remaining 14.87 s)
12300000 of 30000000 tuples (41%) done (elapsed 10.28 s, remaining 14.79 s)
12400000 of 30000000 tuples (41%) done (elapsed 10.36 s, remaining 14.70 s)
12500000 of 30000000 tuples (41%) done (elapsed 10.44 s, remaining 14.62 s)
12600000 of 30000000 tuples (42%) done (elapsed 10.53 s, remaining 14.54 s)
12700000 of 30000000 tuples (42%) done (elapsed 10.61 s, remaining 14.45 s)
12800000 of 30000000 tuples (42%) done (elapsed 10.69 s, remaining 14.37 s)
12900000 of 30000000 tuples (43%) done (elapsed 10.77 s, remaining 14.28 s)
13000000 of 30000000 tuples (43%) done (elapsed 10.86 s, remaining 14.20 s)
13100000 of 30000000 tuples (43%) done (elapsed 10.94 s, remaining 14.11 s)
13200000 of 30000000 tuples (44%) done (elapsed 11.02 s, remaining 14.03 s)
13300000 of 30000000 tuples (44%) done (elapsed 11.11 s, remaining 13.94 s)
13400000 of 30000000 tuples (44%) done (elapsed 11.19 s, remaining 13.86 s)
13500000 of 30000000 tuples (45%) done (elapsed 11.27 s, remaining 13.78 s)
13600000 of 30000000 tuples (45%) done (elapsed 11.35 s, remaining 13.69 s)
13700000 of 30000000 tuples (45%) done (elapsed 11.43 s, remaining 13.60 s)
13800000 of 30000000 tuples (46%) done (elapsed 11.52 s, remaining 13.52 s)
13900000 of 30000000 tuples (46%) done (elapsed 11.60 s, remaining 13.44 s)
14000000 of 30000000 tuples (46%) done (elapsed 11.68 s, remaining 13.35 s)
14100000 of 30000000 tuples (47%) done (elapsed 11.77 s, remaining 13.27 s)
14200000 of 30000000 tuples (47%) done (elapsed 11.85 s, remaining 13.19 s)
14300000 of 30000000 tuples (47%) done (elapsed 11.93 s, remaining 13.10 s)
14400000 of 30000000 tuples (48%) done (elapsed 12.01 s, remaining 13.01 s)
14500000 of 30000000 tuples (48%) done (elapsed 12.10 s, remaining 12.93 s)
14600000 of 30000000 tuples (48%) done (elapsed 12.18 s, remaining 12.85 s)
14700000 of 30000000 tuples (49%) done (elapsed 12.26 s, remaining 12.76 s)
14800000 of 30000000 tuples (49%) done (elapsed 12.35 s, remaining 12.68 s)
14900000 of 30000000 tuples (49%) done (elapsed 12.43 s, remaining 12.60 s)
15000000 of 30000000 tuples (50%) done (elapsed 12.51 s, remaining 12.51 s)
15100000 of 30000000 tuples (50%) done (elapsed 12.59 s, remaining 12.43 s)
15200000 of 30000000 tuples (50%) done (elapsed 12.68 s, remaining 12.34 s)
15300000 of 30000000 tuples (51%) done (elapsed 12.76 s, remaining 12.26 s)
15400000 of 30000000 tuples (51%) done (elapsed 12.84 s, remaining 12.17 s)
15500000 of 30000000 tuples (51%) done (elapsed 12.93 s, remaining 12.09 s)
15600000 of 30000000 tuples (52%) done (elapsed 13.01 s, remaining 12.01 s)
15700000 of 30000000 tuples (52%) done (elapsed 13.09 s, remaining 11.92 s)
15800000 of 30000000 tuples (52%) done (elapsed 13.17 s, remaining 11.84 s)
15900000 of 30000000 tuples (53%) done (elapsed 13.25 s, remaining 11.75 s)
16000000 of 30000000 tuples (53%) done (elapsed 13.34 s, remaining 11.67 s)
16100000 of 30000000 tuples (53%) done (elapsed 13.42 s, remaining 11.59 s)
16200000 of 30000000 tuples (54%) done (elapsed 13.50 s, remaining 11.50 s)
16300000 of 30000000 tuples (54%) done (elapsed 13.59 s, remaining 11.42 s)
16400000 of 30000000 tuples (54%) done (elapsed 13.67 s, remaining 11.34 s)
16500000 of 30000000 tuples (55%) done (elapsed 13.75 s, remaining 11.25 s)
16600000 of 30000000 tuples (55%) done (elapsed 13.83 s, remaining 11.17 s)
16700000 of 30000000 tuples (55%) done (elapsed 13.92 s, remaining 11.08 s)
16800000 of 30000000 tuples (56%) done (elapsed 14.00 s, remaining 11.00 s)
16900000 of 30000000 tuples (56%) done (elapsed 14.08 s, remaining 10.92 s)
17000000 of 30000000 tuples (56%) done (elapsed 14.25 s, remaining 10.90 s)
17100000 of 30000000 tuples (57%) done (elapsed 14.35 s, remaining 10.83 s)
17200000 of 30000000 tuples (57%) done (elapsed 14.43 s, remaining 10.74 s)
17300000 of 30000000 tuples (57%) done (elapsed 14.51 s, remaining 10.66 s)
17400000 of 30000000 tuples (58%) done (elapsed 14.60 s, remaining 10.57 s)
17500000 of 30000000 tuples (58%) done (elapsed 14.68 s, remaining 10.49 s)
17600000 of 30000000 tuples (58%) done (elapsed 14.76 s, remaining 10.40 s)
17700000 of 30000000 tuples (59%) done (elapsed 14.85 s, remaining 10.32 s)
17800000 of 30000000 tuples (59%) done (elapsed 14.93 s, remaining 10.23 s)
17900000 of 30000000 tuples (59%) done (elapsed 15.01 s, remaining 10.15 s)
18000000 of 30000000 tuples (60%) done (elapsed 15.09 s, remaining 10.06 s)
18100000 of 30000000 tuples (60%) done (elapsed 15.18 s, remaining 9.98 s)
18200000 of 30000000 tuples (60%) done (elapsed 15.26 s, remaining 9.89 s)
18300000 of 30000000 tuples (61%) done (elapsed 15.34 s, remaining 9.81 s)
18400000 of 30000000 tuples (61%) done (elapsed 15.43 s, remaining 9.73 s)
18500000 of 30000000 tuples (61%) done (elapsed 15.51 s, remaining 9.64 s)
18600000 of 30000000 tuples (62%) done (elapsed 15.59 s, remaining 9.55 s)
18700000 of 30000000 tuples (62%) done (elapsed 15.67 s, remaining 9.47 s)
18800000 of 30000000 tuples (62%) done (elapsed 15.76 s, remaining 9.39 s)
18900000 of 30000000 tuples (63%) done (elapsed 15.84 s, remaining 9.30 s)
19000000 of 30000000 tuples (63%) done (elapsed 15.92 s, remaining 9.22 s)
19100000 of 30000000 tuples (63%) done (elapsed 16.01 s, remaining 9.13 s)
19200000 of 30000000 tuples (64%) done (elapsed 16.09 s, remaining 9.05 s)
19300000 of 30000000 tuples (64%) done (elapsed 16.17 s, remaining 8.96 s)
19400000 of 30000000 tuples (64%) done (elapsed 16.25 s, remaining 8.88 s)
19500000 of 30000000 tuples (65%) done (elapsed 16.34 s, remaining 8.80 s)
19600000 of 30000000 tuples (65%) done (elapsed 16.42 s, remaining 8.71 s)
19700000 of 30000000 tuples (65%) done (elapsed 16.50 s, remaining 8.63 s)
19800000 of 30000000 tuples (66%) done (elapsed 16.59 s, remaining 8.54 s)
19900000 of 30000000 tuples (66%) done (elapsed 16.67 s, remaining 8.46 s)
20000000 of 30000000 tuples (66%) done (elapsed 16.75 s, remaining 8.37 s)
20100000 of 30000000 tuples (67%) done (elapsed 16.83 s, remaining 8.29 s)
20200000 of 30000000 tuples (67%) done (elapsed 16.92 s, remaining 8.21 s)
20300000 of 30000000 tuples (67%) done (elapsed 17.00 s, remaining 8.12 s)
20400000 of 30000000 tuples (68%) done (elapsed 17.08 s, remaining 8.04 s)
20500000 of 30000000 tuples (68%) done (elapsed 17.17 s, remaining 7.95 s)
20600000 of 30000000 tuples (68%) done (elapsed 17.25 s, remaining 7.87 s)
20700000 of 30000000 tuples (69%) done (elapsed 17.33 s, remaining 7.79 s)
20800000 of 30000000 tuples (69%) done (elapsed 17.41 s, remaining 7.70 s)
20900000 of 30000000 tuples (69%) done (elapsed 17.49 s, remaining 7.62 s)
21000000 of 30000000 tuples (70%) done (elapsed 17.58 s, remaining 7.53 s)
21100000 of 30000000 tuples (70%) done (elapsed 17.66 s, remaining 7.45 s)
21200000 of 30000000 tuples (70%) done (elapsed 17.74 s, remaining 7.37 s)
21300000 of 30000000 tuples (71%) done (elapsed 17.83 s, remaining 7.28 s)
21400000 of 30000000 tuples (71%) done (elapsed 17.91 s, remaining 7.20 s)
21500000 of 30000000 tuples (71%) done (elapsed 17.99 s, remaining 7.11 s)
21600000 of 30000000 tuples (72%) done (elapsed 18.07 s, remaining 7.03 s)
21700000 of 30000000 tuples (72%) done (elapsed 18.16 s, remaining 6.94 s)
21800000 of 30000000 tuples (72%) done (elapsed 18.24 s, remaining 6.86 s)
21900000 of 30000000 tuples (73%) done (elapsed 18.32 s, remaining 6.78 s)
22000000 of 30000000 tuples (73%) done (elapsed 18.41 s, remaining 6.69 s)
22100000 of 30000000 tuples (73%) done (elapsed 18.49 s, remaining 6.61 s)
22200000 of 30000000 tuples (74%) done (elapsed 18.57 s, remaining 6.52 s)
22300000 of 30000000 tuples (74%) done (elapsed 18.65 s, remaining 6.44 s)
22400000 of 30000000 tuples (74%) done (elapsed 18.73 s, remaining 6.36 s)
22500000 of 30000000 tuples (75%) done (elapsed 18.82 s, remaining 6.27 s)
22600000 of 30000000 tuples (75%) done (elapsed 18.90 s, remaining 6.19 s)
22700000 of 30000000 tuples (75%) done (elapsed 18.98 s, remaining 6.10 s)
22800000 of 30000000 tuples (76%) done (elapsed 19.07 s, remaining 6.02 s)
22900000 of 30000000 tuples (76%) done (elapsed 19.23 s, remaining 5.96 s)
23000000 of 30000000 tuples (76%) done (elapsed 19.34 s, remaining 5.89 s)
23100000 of 30000000 tuples (77%) done (elapsed 19.43 s, remaining 5.80 s)
23200000 of 30000000 tuples (77%) done (elapsed 19.51 s, remaining 5.72 s)
23300000 of 30000000 tuples (77%) done (elapsed 19.59 s, remaining 5.63 s)
23400000 of 30000000 tuples (78%) done (elapsed 19.68 s, remaining 5.55 s)
23500000 of 30000000 tuples (78%) done (elapsed 19.76 s, remaining 5.47 s)
23600000 of 30000000 tuples (78%) done (elapsed 19.84 s, remaining 5.38 s)
23700000 of 30000000 tuples (79%) done (elapsed 19.92 s, remaining 5.30 s)
23800000 of 30000000 tuples (79%) done (elapsed 20.01 s, remaining 5.21 s)
23900000 of 30000000 tuples (79%) done (elapsed 20.25 s, remaining 5.17 s)
24000000 of 30000000 tuples (80%) done (elapsed 20.34 s, remaining 5.09 s)
24100000 of 30000000 tuples (80%) done (elapsed 20.43 s, remaining 5.00 s)
24200000 of 30000000 tuples (80%) done (elapsed 20.51 s, remaining 4.92 s)
24300000 of 30000000 tuples (81%) done (elapsed 20.59 s, remaining 4.83 s)
24400000 of 30000000 tuples (81%) done (elapsed 20.68 s, remaining 4.75 s)
24500000 of 30000000 tuples (81%) done (elapsed 20.76 s, remaining 4.66 s)
24600000 of 30000000 tuples (82%) done (elapsed 20.84 s, remaining 4.57 s)
24700000 of 30000000 tuples (82%) done (elapsed 20.92 s, remaining 4.49 s)
24800000 of 30000000 tuples (82%) done (elapsed 21.01 s, remaining 4.40 s)
24900000 of 30000000 tuples (83%) done (elapsed 21.09 s, remaining 4.32 s)
25000000 of 30000000 tuples (83%) done (elapsed 21.17 s, remaining 4.23 s)
25100000 of 30000000 tuples (83%) done (elapsed 21.26 s, remaining 4.15 s)
25200000 of 30000000 tuples (84%) done (elapsed 21.33 s, remaining 4.06 s)
25300000 of 30000000 tuples (84%) done (elapsed 21.42 s, remaining 3.98 s)
25400000 of 30000000 tuples (84%) done (elapsed 21.50 s, remaining 3.89 s)
25500000 of 30000000 tuples (85%) done (elapsed 21.58 s, remaining 3.81 s)
25600000 of 30000000 tuples (85%) done (elapsed 21.67 s, remaining 3.72 s)
25700000 of 30000000 tuples (85%) done (elapsed 21.75 s, remaining 3.64 s)
25800000 of 30000000 tuples (86%) done (elapsed 21.83 s, remaining 3.55 s)
25900000 of 30000000 tuples (86%) done (elapsed 21.91 s, remaining 3.47 s)
26000000 of 30000000 tuples (86%) done (elapsed 22.00 s, remaining 3.38 s)
26100000 of 30000000 tuples (87%) done (elapsed 22.08 s, remaining 3.30 s)
26200000 of 30000000 tuples (87%) done (elapsed 22.16 s, remaining 3.21 s)
26300000 of 30000000 tuples (87%) done (elapsed 22.25 s, remaining 3.13 s)
26400000 of 30000000 tuples (88%) done (elapsed 22.33 s, remaining 3.05 s)
26500000 of 30000000 tuples (88%) done (elapsed 22.41 s, remaining 2.96 s)
26600000 of 30000000 tuples (88%) done (elapsed 22.49 s, remaining 2.88 s)
26700000 of 30000000 tuples (89%) done (elapsed 22.58 s, remaining 2.79 s)
26800000 of 30000000 tuples (89%) done (elapsed 22.66 s, remaining 2.71 s)
26900000 of 30000000 tuples (89%) done (elapsed 22.74 s, remaining 2.62 s)
27000000 of 30000000 tuples (90%) done (elapsed 22.83 s, remaining 2.54 s)
27100000 of 30000000 tuples (90%) done (elapsed 22.91 s, remaining 2.45 s)
27200000 of 30000000 tuples (90%) done (elapsed 22.99 s, remaining 2.37 s)
27300000 of 30000000 tuples (91%) done (elapsed 23.07 s, remaining 2.28 s)
27400000 of 30000000 tuples (91%) done (elapsed 23.16 s, remaining 2.20 s)
27500000 of 30000000 tuples (91%) done (elapsed 23.24 s, remaining 2.11 s)
27600000 of 30000000 tuples (92%) done (elapsed 23.32 s, remaining 2.03 s)
27700000 of 30000000 tuples (92%) done (elapsed 23.41 s, remaining 1.94 s)
27800000 of 30000000 tuples (92%) done (elapsed 23.49 s, remaining 1.86 s)
27900000 of 30000000 tuples (93%) done (elapsed 23.57 s, remaining 1.77 s)
28000000 of 30000000 tuples (93%) done (elapsed 23.65 s, remaining 1.69 s)
28100000 of 30000000 tuples (93%) done (elapsed 23.74 s, remaining 1.60 s)
28200000 of 30000000 tuples (94%) done (elapsed 23.82 s, remaining 1.52 s)
28300000 of 30000000 tuples (94%) done (elapsed 23.90 s, remaining 1.44 s)
28400000 of 30000000 tuples (94%) done (elapsed 23.99 s, remaining 1.35 s)
28500000 of 30000000 tuples (95%) done (elapsed 24.07 s, remaining 1.27 s)
28600000 of 30000000 tuples (95%) done (elapsed 24.32 s, remaining 1.19 s)
28700000 of 30000000 tuples (95%) done (elapsed 24.41 s, remaining 1.11 s)
28800000 of 30000000 tuples (96%) done (elapsed 24.48 s, remaining 1.02 s)
28900000 of 30000000 tuples (96%) done (elapsed 24.55 s, remaining 0.93 s)
29000000 of 30000000 tuples (96%) done (elapsed 24.61 s, remaining 0.85 s)
29100000 of 30000000 tuples (97%) done (elapsed 24.88 s, remaining 0.77 s)
29200000 of 30000000 tuples (97%) done (elapsed 24.98 s, remaining 0.68 s)
29300000 of 30000000 tuples (97%) done (elapsed 25.07 s, remaining 0.60 s)
29400000 of 30000000 tuples (98%) done (elapsed 25.15 s, remaining 0.51 s)
29500000 of 30000000 tuples (98%) done (elapsed 25.23 s, remaining 0.43 s)
29600000 of 30000000 tuples (98%) done (elapsed 25.31 s, remaining 0.34 s)
29700000 of 30000000 tuples (99%) done (elapsed 25.40 s, remaining 0.26 s)
29800000 of 30000000 tuples (99%) done (elapsed 25.48 s, remaining 0.17 s)
29900000 of 30000000 tuples (99%) done (elapsed 25.56 s, remaining 0.09 s)
30000000 of 30000000 tuples (100%) done (elapsed 25.65 s, remaining 0.00 s)
vacuum...
set primary keys...
NOTICE:  ALTER TABLE / ADD PRIMARY KEY will create implicit index "pgbench_branches_pkey" for table "pgbench_branches"
NOTICE:  ALTER TABLE / ADD PRIMARY KEY will create implicit index "pgbench_tellers_pkey" for table "pgbench_tellers"
NOTICE:  ALTER TABLE / ADD PRIMARY KEY will create implicit index "pgbench_accounts_pkey" for table "pgbench_accounts"
done.
starting vacuum...end.
transaction type: <builtin: TPC-B (sort of)>
scaling factor: 300
query mode: simple
number of clients: 32
number of threads: 4
duration: 60 s
number of transactions actually processed: 2993
latency average: 641.497 ms
tps = 49.114248 (including connections establishing)
tps = 49.116018 (excluding connections establishing)
script statistics:
 - statement latencies in milliseconds:
         0.003  \set aid random(1, 100000 * :scale)
         0.001  \set bid random(1, 1 * :scale)
         0.001  \set tid random(1, 10 * :scale)
         0.001  \set delta random(-5000, 5000)
         0.114  BEGIN;
       269.591  UPDATE pgbench_accounts SET abalance = abalance + :delta WHERE aid = :aid;
         4.023  SELECT abalance FROM pgbench_accounts WHERE aid = :aid;
       136.817  UPDATE pgbench_tellers SET tbalance = tbalance + :delta WHERE tid = :tid;
        79.006  UPDATE pgbench_branches SET bbalance = bbalance + :delta WHERE bid = :bid;
        51.566  INSERT INTO pgbench_history (tid, bid, aid, delta, mtime) VALUES (:tid, :bid, :aid, :delta, CURRENT_TIMESTAMP);
       106.353  END;
starting vacuum...end.
transaction type: <builtin: TPC-B (sort of)>
scaling factor: 300
query mode: simple
number of clients: 32
number of threads: 4
duration: 60 s
number of transactions actually processed: 1843
latency average: 1041.780 ms
tps = 30.640200 (including connections establishing)
tps = 30.641073 (excluding connections establishing)
script statistics:
 - statement latencies in milliseconds:
         0.003  \set aid random(1, 100000 * :scale)
         0.001  \set bid random(1, 1 * :scale)
         0.001  \set tid random(1, 10 * :scale)
         0.001  \set delta random(-5000, 5000)
         0.139  BEGIN;
       570.122  UPDATE pgbench_accounts SET abalance = abalance + :delta WHERE aid = :aid;
         4.220  SELECT abalance FROM pgbench_accounts WHERE aid = :aid;
       152.960  UPDATE pgbench_tellers SET tbalance = tbalance + :delta WHERE tid = :tid;
        77.477  UPDATE pgbench_branches SET bbalance = bbalance + :delta WHERE bid = :bid;
        56.240  INSERT INTO pgbench_history (tid, bid, aid, delta, mtime) VALUES (:tid, :bid, :aid, :delta, CURRENT_TIMESTAMP);
       183.343  END;
starting vacuum...end.
transaction type: <builtin: TPC-B (sort of)>
scaling factor: 300
query mode: simple
number of clients: 32
number of threads: 4
duration: 900 s
number of transactions actually processed: 25531
latency average: 1128.040 ms
tps = 28.301218 (including connections establishing)
tps = 28.301271 (excluding connections establishing)
script statistics:
 - statement latencies in milliseconds:
         0.002  \set aid random(1, 100000 * :scale)
         0.001  \set bid random(1, 1 * :scale)
         0.001  \set tid random(1, 10 * :scale)
         0.001  \set delta random(-5000, 5000)
         0.136  BEGIN;
       603.228  UPDATE pgbench_accounts SET abalance = abalance + :delta WHERE aid = :aid;
         0.838  SELECT abalance FROM pgbench_accounts WHERE aid = :aid;
       181.568  UPDATE pgbench_tellers SET tbalance = tbalance + :delta WHERE tid = :tid;
        97.176  UPDATE pgbench_branches SET bbalance = bbalance + :delta WHERE bid = :bid;
        61.404  INSERT INTO pgbench_history (tid, bid, aid, delta, mtime) VALUES (:tid, :bid, :aid, :delta, CURRENT_TIMESTAMP);
       186.506  END;
========================================================================
Testing 2008-11-13-REL8_4_0~996
Start Time: 2016-07-30 07:13:24+00:00
Linux 3.16.0-4-amd64 (Debian-83-jessie-64-minimal) 	30.07.16 	_x86_64_	(8 CPU)

starting vacuum...end.
transaction type: <builtin: TPC-B (sort of)>
scaling factor: 300
query mode: simple
number of clients: 32
number of threads: 4
duration: 900 s
number of transactions actually processed: 26655
latency average: 1080.473 ms
tps = 29.428294 (including connections establishing)
tps = 29.428346 (excluding connections establishing)
script statistics:
 - statement latencies in milliseconds:
         0.003  \set aid random(1, 100000 * :scale)
         0.001  \set bid random(1, 1 * :scale)
         0.001  \set tid random(1, 10 * :scale)
         0.001  \set delta random(-5000, 5000)
         0.133  BEGIN;
       509.499  UPDATE pgbench_accounts SET abalance = abalance + :delta WHERE aid = :aid;
         0.489  SELECT abalance FROM pgbench_accounts WHERE aid = :aid;
       183.036  UPDATE pgbench_tellers SET tbalance = tbalance + :delta WHERE tid = :tid;
       114.079  UPDATE pgbench_branches SET bbalance = bbalance + :delta WHERE bid = :bid;
        74.775  INSERT INTO pgbench_history (tid, bid, aid, delta, mtime) VALUES (:tid, :bid, :aid, :delta, CURRENT_TIMESTAMP);
       203.961  END;
avg-cpu:  %user   %nice %system %iowait  %steal   %idle
           0,37    0,00    0,22    8,72    0,00   90,69

Device:         rrqm/s   wrqm/s     r/s     w/s    rkB/s    wkB/s avgrq-sz avgqu-sz   await r_await w_await  svctm  %util
sdb               0,00     1,36    4,72  141,71    40,10   973,81    13,85    20,33  138,81   25,33  142,59   4,47  65,38
sda               0,00     1,36   20,27  141,71   171,50   973,81    14,14    12,29   75,89   29,08   82,58   5,01  81,14
md0               0,00     0,00    0,04    0,00     0,18     0,00     8,00     0,00    0,00    0,00    0,00   0,00   0,00
md1               0,00     0,00    0,00    0,00     0,00     0,00     0,00     0,00    0,00    0,00    0,00   0,00   0,00
md2               0,00     0,00   24,95  142,52   211,42   972,45    14,14     0,00    0,00    0,00    0,00   0,00   0,00
md3               0,00     0,00    0,00    0,01     0,00     0,04     8,00     0,00    0,00    0,00    0,00   0,00   0,00

End Time: 2016-07-30 07:28:54+00:00
========================================================================
========================================================================
Testing 2008-11-13-REL8_4_0~996
Start Time: 2016-08-08 01:12:04+00:00
Shared Buffers:  260000
Linux 3.16.0-4-amd64 (Debian-83-jessie-64-minimal) 	08.08.16 	_x86_64_	(8 CPU)

starting vacuum...end.
transaction type: <builtin: TPC-B (sort of)>
scaling factor: 300
query mode: simple
number of clients: 32
number of threads: 4
duration: 900 s
number of transactions actually processed: 29180
latency average: 986.977 ms
tps = 32.398702 (including connections establishing)
tps = 32.398761 (excluding connections establishing)
script statistics:
 - statement latencies in milliseconds:
         0.003  \set aid random(1, 100000 * :scale)
         0.001  \set bid random(1, 1 * :scale)
         0.001  \set tid random(1, 10 * :scale)
         0.001  \set delta random(-5000, 5000)
         0.135  BEGIN;
       466.322  UPDATE pgbench_accounts SET abalance = abalance + :delta WHERE aid = :aid;
         0.552  SELECT abalance FROM pgbench_accounts WHERE aid = :aid;
       177.006  UPDATE pgbench_tellers SET tbalance = tbalance + :delta WHERE tid = :tid;
       102.404  UPDATE pgbench_branches SET bbalance = bbalance + :delta WHERE bid = :bid;
        64.860  INSERT INTO pgbench_history (tid, bid, aid, delta, mtime) VALUES (:tid, :bid, :aid, :delta, CURRENT_TIMESTAMP);
       176.421  END;
avg-cpu:  %user   %nice %system %iowait  %steal   %idle
           0,41    0,00    0,25    9,06    0,00   90,28

Device:         rrqm/s   wrqm/s     r/s     w/s    rkB/s    wkB/s avgrq-sz avgqu-sz   await r_await w_await  svctm  %util
sdb               0,01     1,44    5,46  145,95    45,91  1083,30    14,92    17,15  112,98   23,65  116,33   4,10  62,13
sda               0,03     1,44   22,22  145,95   187,69  1083,25    15,11    13,16   77,97   28,32   85,53   4,95  83,26
md0               0,00     0,00    0,59    0,02     2,36     0,07     8,00     0,00    0,00    0,00    0,00   0,00   0,00
md1               0,00     0,00    0,00    0,00     0,00     0,00     0,00     0,00    0,00    0,00    0,00   0,00   0,00
md2               0,00     0,00   27,08  147,53   231,08  1087,25    15,10     0,00    0,00    0,00    0,00   0,00   0,00
md3               0,00     0,00    0,04    0,02     0,16     0,10     8,87     0,00    0,00    0,00    0,00   0,00   0,00

Control File Changes
--- /usr/local/oldpgsql/2008-11-13-REL8_4_0~996/before.controldata	2016-08-08 03:12:04.574751482 +0200
+++ /usr/local/oldpgsql/2008-11-13-REL8_4_0~996/after.controldata	2016-08-08 03:28:41.054185846 +0200
@@ -2,16 +2,16 @@
 Catalog version number:               200811121
 Database system identifier:           6255640526873722875
 Database cluster state:               in production
-pg_control last modified:             пн, 08-сер-2016 03:12:04 +0200
-Latest checkpoint location:           0/66894968
-Prior checkpoint location:            0/5A16F900
-Latest checkpoint's REDO location:    0/66894968
+pg_control last modified:             пн, 08-сер-2016 03:28:40 +0200
+Latest checkpoint location:           0/805586C0
+Prior checkpoint location:            0/80558678
+Latest checkpoint's REDO location:    0/805586C0
 Latest checkpoint's TimeLineID:       1
-Latest checkpoint's NextXID:          0/62923
-Latest checkpoint's NextOID:          16463
+Latest checkpoint's NextXID:          0/92146
+Latest checkpoint's NextOID:          24655
 Latest checkpoint's NextMultiXactId:  1
 Latest checkpoint's NextMultiOffset:  0
-Time of latest checkpoint:            пн, 08-сер-2016 03:11:36 +0200
+Time of latest checkpoint:            пн, 08-сер-2016 03:28:22 +0200
 Minimum recovery ending location:     0/0
 Maximum data alignment:               8
 Database block size:                  8192
End Time: 2016-08-08 01:28:41+00:00
========================================================================
========================================================================
Testing 2008-11-13-REL8_4_0~996
Start Time: 2016-08-09 06:08:19+00:00
Shared Buffers:  260000
size before pgbench of pgbench_tellers: 24
size before pgbench of pgbench_branches: 24
size before pgbench of pgbench_accounts: 992
size before pgbench of pgbench_branches_pkey: 0
size before pgbench of pgbench_tellers_pkey: 0
size before pgbench of pgbench_accounts_pkey: 0
size before pgbench of pgbench_history: 24
total size before pgbench: 1064
Linux 3.16.0-4-amd64 (Debian-83-jessie-64-minimal) 	09.08.16 	_x86_64_	(8 CPU)

starting vacuum...end.
transaction type: <builtin: select only>
scaling factor: 300
query mode: simple
number of clients: 32
number of threads: 4
duration: 60 s
number of transactions actually processed: 70717
latency average: 27.150 ms
tps = 1177.295133 (including connections establishing)
tps = 1177.326591 (excluding connections establishing)
script statistics:
 - statement latencies in milliseconds:
         0.002  \set aid random(1, 100000 * :scale)
        27.170  SELECT abalance FROM pgbench_accounts WHERE aid = :aid;
avg-cpu:  %user   %nice %system %iowait  %steal   %idle
           1,17    0,00    0,71   32,23    0,00   65,89

Device:         rrqm/s   wrqm/s     r/s     w/s    rkB/s    wkB/s avgrq-sz avgqu-sz   await r_await w_await  svctm  %util
sdb               0,40     4,41  272,19    1,72  2514,36    25,42    18,54    25,40   91,09   42,03 7844,05   2,48  67,96
sda               1,18     4,41  277,56    1,72  2581,11    25,42    18,67    18,04   62,97   42,88 3301,08   2,44  68,13
md0               0,00     0,00    2,99    3,56    11,96    14,22     8,00     0,00    0,00    0,00    0,00   0,00   0,00
md1               0,00     0,00    0,00    0,00     0,00     0,00     0,00     0,00    0,00    0,00    0,00   0,00   0,00
md2               0,00     0,00  548,33    1,83  5083,51     9,29    18,51     0,00    0,00    0,00    0,00   0,00   0,00
md3               0,00     0,00    0,00    0,10     0,00     0,40     8,00     0,00    0,00    0,00    0,00   0,00   0,00

Control File Changes
--- /usr/local/oldpgsql/2008-11-13-REL8_4_0~996/before.controldata	2016-08-09 08:14:33.899283548 +0200
+++ /usr/local/oldpgsql/2008-11-13-REL8_4_0~996/after.controldata	2016-08-09 08:16:05.456005202 +0200
@@ -5,4 +5,4 @@
-pg_control last modified:             Tue Aug  9 06:14:33 2016
-Latest checkpoint location:           0/8DED9308
-Prior checkpoint location:            0/8DED92C0
-Latest checkpoint's REDO location:    0/8DED9308
+pg_control last modified:             Tue Aug  9 06:16:05 2016
+Latest checkpoint location:           0/8DEFD3D8
+Prior checkpoint location:            0/8DED9308
+Latest checkpoint's REDO location:    0/8DEFD3D8
@@ -10,2 +10,2 @@
-Latest checkpoint's NextXID:          0/92146
-Latest checkpoint's NextOID:          16464
+Latest checkpoint's NextXID:          0/92147
+Latest checkpoint's NextOID:          24656
@@ -14 +14 @@
-Time of latest checkpoint:            Tue Aug  9 06:14:30 2016
+Time of latest checkpoint:            Tue Aug  9 06:16:03 2016
size after pgbench of pgbench_tellers: 24
size after pgbench of pgbench_branches: 24
size after pgbench of pgbench_accounts: 992
size after pgbench of pgbench_branches_pkey: 0
size after pgbench of pgbench_tellers_pkey: 0
size after pgbench of pgbench_accounts_pkey: 0
size after pgbench of pgbench_history: 0
total size after pgbench: 1040
End Time: 2016-08-09 06:16:05+00:00
========================================================================
========================================================================
Testing 2008-11-13-REL8_4_0~996
Start Time: 2016-08-09 13:53:51+00:00
Shared Buffers:  260000
size before pgbench of pgbench_tellers: 24
size before pgbench of pgbench_branches: 24
size before pgbench of pgbench_accounts: 992
size before pgbench of pgbench_branches_pkey: 0
size before pgbench of pgbench_tellers_pkey: 0
size before pgbench of pgbench_accounts_pkey: 0
size before pgbench of pgbench_history: 0
total size before pgbench: 1040
Linux 3.16.0-4-amd64 (Debian-83-jessie-64-minimal) 	09.08.16 	_x86_64_	(8 CPU)

starting vacuum...end.
transaction type: <builtin: select only>
scaling factor: 300
query mode: simple
number of clients: 32
number of threads: 4
duration: 60 s
number of transactions actually processed: 67319
latency average: 28.521 ms
tps = 1119.027181 (including connections establishing)
tps = 1119.071330 (excluding connections establishing)
script statistics:
 - statement latencies in milliseconds:
         0.002  \set aid random(1, 100000 * :scale)
        28.548  SELECT abalance FROM pgbench_accounts WHERE aid = :aid;
avg-cpu:  %user   %nice %system %iowait  %steal   %idle
           1,10    0,00    0,69   30,47    0,00   67,75

Device:         rrqm/s   wrqm/s     r/s     w/s    rkB/s    wkB/s avgrq-sz avgqu-sz   await r_await w_await  svctm  %util
sdb               1,32     4,83  264,17    1,87  2446,62    28,48    18,61    15,74   59,15   45,36 2011,10   2,54  67,61
sda               0,86     4,82  269,42    1,88  2491,07    28,48    18,57    19,85   73,15   44,02 4253,47   2,51  68,06
md0               0,00     0,00    4,04    3,77    16,18    15,07     8,00     0,00    0,00    0,00    0,00   0,00   0,00
md1               0,00     0,00    0,00    0,00     0,00     0,00     0,00     0,00    0,00    0,00    0,00   0,00   0,00
md2               0,00     0,00  531,73    1,90  4921,51    10,98    18,49     0,00    0,00    0,00    0,00   0,00   0,00
md3               0,00     0,00    0,00    0,10     0,00     0,40     8,00     0,00    0,00    0,00    0,00   0,00   0,00

Control File Changes
--- /usr/local/oldpgsql/2008-11-13-REL8_4_0~996/before.controldata	2016-08-09 15:54:28.797330753 +0200
+++ /usr/local/oldpgsql/2008-11-13-REL8_4_0~996/after.controldata	2016-08-09 15:55:59.737516013 +0200
@@ -5,4 +5,4 @@
-pg_control last modified:             Tue Aug  9 13:54:28 2016
-Latest checkpoint location:           0/8DEFD468
-Prior checkpoint location:            0/8DEFD420
-Latest checkpoint's REDO location:    0/8DEFD468
+pg_control last modified:             Tue Aug  9 13:55:59 2016
+Latest checkpoint location:           0/8DEFEA30
+Prior checkpoint location:            0/8DEFD468
+Latest checkpoint's REDO location:    0/8DEFEA30
@@ -10,2 +10,2 @@
-Latest checkpoint's NextXID:          0/92147
-Latest checkpoint's NextOID:          16465
+Latest checkpoint's NextXID:          0/92148
+Latest checkpoint's NextOID:          24657
@@ -14 +14 @@
-Time of latest checkpoint:            Tue Aug  9 13:54:28 2016
+Time of latest checkpoint:            Tue Aug  9 13:55:58 2016
size after pgbench of pgbench_tellers: 24
size after pgbench of pgbench_branches: 24
size after pgbench of pgbench_accounts: 992
size after pgbench of pgbench_branches_pkey: 0
size after pgbench of pgbench_tellers_pkey: 0
size after pgbench of pgbench_accounts_pkey: 0
size after pgbench of pgbench_history: 0
total size after pgbench: 1040
End Time: 2016-08-09 13:55:59+00:00
========================================================================
========================================================================
Testing 2008-11-13-REL8_4_0~996
Start Time: 2016-08-10 13:17:10+00:00
Shared Buffers:  260000
size before pgbench of pgbench_tellers: 24
size before pgbench of pgbench_branches: 24
size before pgbench of pgbench_accounts: 992
size before pgbench of pgbench_branches_pkey: 0
size before pgbench of pgbench_tellers_pkey: 0
size before pgbench of pgbench_accounts_pkey: 0
size before pgbench of pgbench_history: 0
total size before pgbench: 1040
Linux 3.16.0-4-amd64 (Debian-83-jessie-64-minimal) 	10.08.16 	_x86_64_	(8 CPU)

starting vacuum...end.
transaction type: <builtin: select only>
scaling factor: 300
query mode: simple
number of clients: 32
number of threads: 4
duration: 60 s
number of transactions actually processed: 68793
latency average: 27.910 ms
tps = 1144.641120 (including connections establishing)
tps = 1144.675259 (excluding connections establishing)
script statistics:
 - statement latencies in milliseconds:
         0.002  \set aid random(1, 100000 * :scale)
        27.926  SELECT abalance FROM pgbench_accounts WHERE aid = :aid;
avg-cpu:  %user   %nice %system %iowait  %steal   %idle
           1,14    0,00    0,69   30,94    0,00   67,23

Device:         rrqm/s   wrqm/s     r/s     w/s    rkB/s    wkB/s avgrq-sz avgqu-sz   await r_await w_await  svctm  %util
sdb               0,00     5,87  263,41    1,72  2454,76    31,61    18,76    19,95   75,25   42,96 5014,09   2,55  67,56
sda               0,33     5,86  272,91    1,73  2549,60    31,61    18,80    13,51   49,21   44,77  747,44   2,46  67,68
md0               0,00     0,00    0,44    4,96     1,78    19,82     8,00     0,00    0,00    0,00    0,00   0,00   0,00
md1               0,00     0,00    0,00    0,00     0,00     0,00     0,00     0,00    0,00    0,00    0,00   0,00   0,00
md2               0,00     0,00  536,21    1,63  5002,58     9,47    18,64     0,00    0,00    0,00    0,00   0,00   0,00
md3               0,00     0,00    0,00    0,11     0,00     0,44     8,00     0,00    0,00    0,00    0,00   0,00   0,00

Control File Changes
--- /usr/local/oldpgsql/2008-11-13-REL8_4_0~996/before.controldata	2016-08-10 15:17:48.469009093 +0200
+++ /usr/local/oldpgsql/2008-11-13-REL8_4_0~996/after.controldata	2016-08-10 15:19:19.208277872 +0200
@@ -5,4 +5,4 @@
-pg_control last modified:             Wed Aug 10 13:17:48 2016
-Latest checkpoint location:           0/8DEFEAC0
-Prior checkpoint location:            0/8DEFEA78
-Latest checkpoint's REDO location:    0/8DEFEAC0
+pg_control last modified:             Wed Aug 10 13:19:19 2016
+Latest checkpoint location:           0/8DF00128
+Prior checkpoint location:            0/8DEFEAC0
+Latest checkpoint's REDO location:    0/8DF00128
@@ -10,2 +10,2 @@
-Latest checkpoint's NextXID:          0/92148
-Latest checkpoint's NextOID:          16466
+Latest checkpoint's NextXID:          0/92149
+Latest checkpoint's NextOID:          24658
@@ -14 +14 @@
-Time of latest checkpoint:            Wed Aug 10 13:17:48 2016
+Time of latest checkpoint:            Wed Aug 10 13:19:18 2016
size after pgbench of pgbench_tellers: 24
size after pgbench of pgbench_branches: 24
size after pgbench of pgbench_accounts: 992
size after pgbench of pgbench_branches_pkey: 0
size after pgbench of pgbench_tellers_pkey: 0
size after pgbench of pgbench_accounts_pkey: 0
size after pgbench of pgbench_history: 0
total size after pgbench: 1040
End Time: 2016-08-10 13:19:19+00:00
========================================================================
========================================================================
Testing 2008-11-13-REL8_4_0~996
Start Time: 2016-08-11 00:05:27+00:00
Shared Buffers:  260000
size before pgbench of pgbench_tellers: 24
size before pgbench of pgbench_branches: 24
size before pgbench of pgbench_accounts: 992
size before pgbench of pgbench_branches_pkey: 0
size before pgbench of pgbench_tellers_pkey: 0
size before pgbench of pgbench_accounts_pkey: 0
size before pgbench of pgbench_history: 0
total size before pgbench: 1040
Linux 3.16.0-4-amd64 (Debian-83-jessie-64-minimal) 	11.08.16 	_x86_64_	(8 CPU)

starting vacuum...end.
transaction type: <builtin: select only>
scaling factor: 300
query mode: simple
number of clients: 32
number of threads: 4
duration: 60 s
number of transactions actually processed: 70659
latency average: 27.173 ms
tps = 1175.123680 (including connections establishing)
tps = 1175.156633 (excluding connections establishing)
script statistics:
 - statement latencies in milliseconds:
         0.002  \set aid random(1, 100000 * :scale)
        27.204  SELECT abalance FROM pgbench_accounts WHERE aid = :aid;
avg-cpu:  %user   %nice %system %iowait  %steal   %idle
           1,18    0,00    0,74   28,09    0,00   69,99

Device:         rrqm/s   wrqm/s     r/s     w/s    rkB/s    wkB/s avgrq-sz avgqu-sz   await r_await w_await  svctm  %util
sdb               0,00     4,21  271,52    1,66  2529,47    24,82    18,70    20,71   75,79   45,38 5061,91   2,48  67,66
sda               0,04     4,21  277,66    1,66  2597,20    24,82    18,77    21,96   78,63   42,15 6196,86   2,43  67,97
md0               0,00     0,00    0,08    3,48     0,31    13,91     8,00     0,00    0,00    0,00    0,00   0,00   0,00
md1               0,00     0,00    0,00    0,00     0,00     0,00     0,00     0,00    0,00    0,00    0,00   0,00   0,00
md2               0,00     0,00  549,13    1,39  5126,09     8,62    18,65     0,00    0,00    0,00    0,00   0,00   0,00
md3               0,00     0,00    0,00    0,11     0,00     0,44     8,00     0,00    0,00    0,00    0,00   0,00   0,00

Control File Changes
--- /usr/local/oldpgsql/2008-11-13-REL8_4_0~996/before.controldata	2016-08-11 02:06:05.598898989 +0200
+++ /usr/local/oldpgsql/2008-11-13-REL8_4_0~996/after.controldata	2016-08-11 02:07:36.431064124 +0200
@@ -5,4 +5,4 @@
-pg_control last modified:             Thu Aug 11 00:06:05 2016
-Latest checkpoint location:           0/8DF001B8
-Prior checkpoint location:            0/8DF00170
-Latest checkpoint's REDO location:    0/8DF001B8
+pg_control last modified:             Thu Aug 11 00:07:36 2016
+Latest checkpoint location:           0/8DF018B0
+Prior checkpoint location:            0/8DF001B8
+Latest checkpoint's REDO location:    0/8DF018B0
@@ -10,2 +10,2 @@
-Latest checkpoint's NextXID:          0/92149
-Latest checkpoint's NextOID:          16467
+Latest checkpoint's NextXID:          0/92150
+Latest checkpoint's NextOID:          24659
@@ -14 +14 @@
-Time of latest checkpoint:            Thu Aug 11 00:06:05 2016
+Time of latest checkpoint:            Thu Aug 11 00:07:35 2016
size after pgbench of pgbench_tellers: 24
size after pgbench of pgbench_branches: 24
size after pgbench of pgbench_accounts: 992
size after pgbench of pgbench_branches_pkey: 0
size after pgbench of pgbench_tellers_pkey: 0
size after pgbench of pgbench_accounts_pkey: 0
size after pgbench of pgbench_history: 0
total size after pgbench: 1040
End Time: 2016-08-11 00:07:36+00:00
========================================================================
========================================================================
Testing 2008-11-13-REL8_4_0~996
Start Time: 2016-08-11 23:53:52+00:00
Shared Buffers:  260000
size before pgbench of pgbench_tellers: 24
size before pgbench of pgbench_branches: 24
size before pgbench of pgbench_accounts: 992
size before pgbench of pgbench_branches_pkey: 0
size before pgbench of pgbench_tellers_pkey: 0
size before pgbench of pgbench_accounts_pkey: 0
size before pgbench of pgbench_history: 0
total size before pgbench: 1040
Linux 3.16.0-4-amd64 (Debian-83-jessie-64-minimal) 	12.08.16 	_x86_64_	(8 CPU)

starting vacuum...end.
transaction type: <builtin: select only>
scaling factor: 300
query mode: simple
number of clients: 32
number of threads: 4
duration: 60 s
number of transactions actually processed: 65664
latency average: 29.240 ms
tps = 1092.935139 (including connections establishing)
tps = 1092.965782 (excluding connections establishing)
script statistics:
 - statement latencies in milliseconds:
         0.002  \set aid random(1, 100000 * :scale)
        29.258  SELECT abalance FROM pgbench_accounts WHERE aid = :aid;
avg-cpu:  %user   %nice %system %iowait  %steal   %idle
           1,09    0,00    0,69   30,52    0,00   67,70

Device:         rrqm/s   wrqm/s     r/s     w/s    rkB/s    wkB/s avgrq-sz avgqu-sz   await r_await w_await  svctm  %util
sdb               0,29     4,84  265,04    2,04  2447,96    28,92    18,55    21,74   81,17   51,47 3931,54   2,54  67,96
sda               1,46     4,83  259,57    2,06  2402,80    28,92    18,59    19,30   73,52   39,72 4341,21   2,59  67,88
md0               0,00     0,00    3,51    3,61    14,04    14,44     8,00     0,00    0,00    0,00    0,00   0,00   0,00
md1               0,00     0,00    0,00    0,00     0,00     0,00     0,00     0,00    0,00    0,00    0,00   0,00   0,00
md2               0,00     0,00  522,86    2,10  4836,71    11,78    18,47     0,00    0,00    0,00    0,00   0,00   0,00
md3               0,00     0,00    0,00    0,10     0,00     0,40     8,00     0,00    0,00    0,00    0,00   0,00   0,00

Control File Changes
--- /usr/local/oldpgsql/2008-11-13-REL8_4_0~996/before.controldata	2016-08-12 01:54:30.350926245 +0200
+++ /usr/local/oldpgsql/2008-11-13-REL8_4_0~996/after.controldata	2016-08-12 01:56:01.311096399 +0200
@@ -5,4 +5,4 @@
-pg_control last modified:             Thu Aug 11 23:54:30 2016
-Latest checkpoint location:           0/8DF01940
-Prior checkpoint location:            0/8DF018F8
-Latest checkpoint's REDO location:    0/8DF01940
+pg_control last modified:             Thu Aug 11 23:56:01 2016
+Latest checkpoint location:           0/8DF030F0
+Prior checkpoint location:            0/8DF01940
+Latest checkpoint's REDO location:    0/8DF030F0
@@ -10,2 +10,2 @@
-Latest checkpoint's NextXID:          0/92150
-Latest checkpoint's NextOID:          16468
+Latest checkpoint's NextXID:          0/92151
+Latest checkpoint's NextOID:          24660
@@ -14 +14 @@
-Time of latest checkpoint:            Thu Aug 11 23:54:30 2016
+Time of latest checkpoint:            Thu Aug 11 23:56:00 2016
size after pgbench of pgbench_tellers: 24
size after pgbench of pgbench_branches: 24
size after pgbench of pgbench_accounts: 992
size after pgbench of pgbench_branches_pkey: 0
size after pgbench of pgbench_tellers_pkey: 0
size after pgbench of pgbench_accounts_pkey: 0
size after pgbench of pgbench_history: 0
total size after pgbench: 1040
End Time: 2016-08-11 23:56:01+00:00
========================================================================
========================================================================
Testing 2008-11-13-REL8_4_0~996
Start Time: 2016-08-12 03:41:10+00:00
Shared Buffers:  260000
size before pgbench of pgbench_tellers: 24
size before pgbench of pgbench_branches: 24
size before pgbench of pgbench_accounts: 992
size before pgbench of pgbench_branches_pkey: 0
size before pgbench of pgbench_tellers_pkey: 0
size before pgbench of pgbench_accounts_pkey: 0
size before pgbench of pgbench_history: 0
total size before pgbench: 1040
Linux 3.16.0-4-amd64 (Debian-83-jessie-64-minimal) 	12.08.16 	_x86_64_	(8 CPU)

starting vacuum...end.
transaction type: <builtin: select only>
scaling factor: 300
query mode: simple
number of clients: 64
number of threads: 4
duration: 60 s
number of transactions actually processed: 75607
latency average: 50.789 ms
tps = 1251.952704 (including connections establishing)
tps = 1251.985147 (excluding connections establishing)
script statistics:
 - statement latencies in milliseconds:
         0.002  \set aid random(1, 100000 * :scale)
        50.918  SELECT abalance FROM pgbench_accounts WHERE aid = :aid;
avg-cpu:  %user   %nice %system %iowait  %steal   %idle
           1,27    0,00    0,81   33,66    0,00   64,25

Device:         rrqm/s   wrqm/s     r/s     w/s    rkB/s    wkB/s avgrq-sz avgqu-sz   await r_await w_await  svctm  %util
sdb               0,00     4,18  287,49    1,31  2692,09    23,67    18,81    35,13  121,64  101,01 4646,10   2,35  67,80
sda               0,06     4,18  286,58    1,31  2696,80    23,67    18,90    23,42   81,34   66,10 3412,24   2,35  67,63
md0               0,00     0,00    0,08    3,48     0,31    13,91     8,00     0,00    0,00    0,00    0,00   0,00   0,00
md1               0,00     0,00    0,00    0,00     0,00     0,00     0,00     0,00    0,00    0,00    0,00   0,00   0,00
md2               0,00     0,00  574,18    1,20  5388,31     7,73    18,76     0,00    0,00    0,00    0,00   0,00   0,00
md3               0,00     0,00    0,00    0,10     0,00     0,40     8,00     0,00    0,00    0,00    0,00   0,00   0,00

Control File Changes
--- /usr/local/oldpgsql/2008-11-13-REL8_4_0~996/before.controldata	2016-08-12 05:41:48.161632844 +0200
+++ /usr/local/oldpgsql/2008-11-13-REL8_4_0~996/after.controldata	2016-08-12 05:43:19.018071577 +0200
@@ -5,4 +5,4 @@
-pg_control last modified:             Fri Aug 12 03:41:48 2016
-Latest checkpoint location:           0/8DF03180
-Prior checkpoint location:            0/8DF03138
-Latest checkpoint's REDO location:    0/8DF03180
+pg_control last modified:             Fri Aug 12 03:43:18 2016
+Latest checkpoint location:           0/8DF049D8
+Prior checkpoint location:            0/8DF03180
+Latest checkpoint's REDO location:    0/8DF049D8
@@ -10,2 +10,2 @@
-Latest checkpoint's NextXID:          0/92151
-Latest checkpoint's NextOID:          16469
+Latest checkpoint's NextXID:          0/92152
+Latest checkpoint's NextOID:          24661
@@ -14 +14 @@
-Time of latest checkpoint:            Fri Aug 12 03:41:47 2016
+Time of latest checkpoint:            Fri Aug 12 03:43:18 2016
size after pgbench of pgbench_tellers: 24
size after pgbench of pgbench_branches: 24
size after pgbench of pgbench_accounts: 992
size after pgbench of pgbench_branches_pkey: 0
size after pgbench of pgbench_tellers_pkey: 0
size after pgbench of pgbench_accounts_pkey: 0
size after pgbench of pgbench_history: 0
total size after pgbench: 1040
End Time: 2016-08-12 03:43:19+00:00
========================================================================
========================================================================
Testing 2008-11-13-REL8_4_0~996
Start Time: 2016-08-12 17:42:55+00:00
Shared Buffers:  260000
size before pgbench of pgbench_tellers: 24
size before pgbench of pgbench_branches: 24
size before pgbench of pgbench_accounts: 992
size before pgbench of pgbench_branches_pkey: 0
size before pgbench of pgbench_tellers_pkey: 0
size before pgbench of pgbench_accounts_pkey: 0
size before pgbench of pgbench_history: 0
total size before pgbench: 1040
+ /usr/local/pgsql/bin/pgbench -T 60 -S -c 64 -j 4 -r
Linux 3.16.0-4-amd64 (Debian-83-jessie-64-minimal) 	12.08.16 	_x86_64_	(8 CPU)

starting vacuum...end.
transaction type: <builtin: select only>
scaling factor: 300
query mode: simple
number of clients: 64
number of threads: 4
duration: 60 s
number of transactions actually processed: 70653
latency average: 54.350 ms
tps = 1172.490956 (including connections establishing)
tps = 1172.522895 (excluding connections establishing)
script statistics:
 - statement latencies in milliseconds:
         0.002  \set aid random(1, 100000 * :scale)
        54.425  SELECT abalance FROM pgbench_accounts WHERE aid = :aid;
avg-cpu:  %user   %nice %system %iowait  %steal   %idle
           1,19    0,00    0,77   32,66    0,00   65,38

Device:         rrqm/s   wrqm/s     r/s     w/s    rkB/s    wkB/s avgrq-sz avgqu-sz   await r_await w_await  svctm  %util
sdb               1,18     5,07  269,73    1,77  2514,79    29,04    18,74    24,73   91,08   85,41  956,83   2,48  67,45
sda               0,62     5,07  281,80    1,77  2626,95    29,04    18,73    27,81   98,07   85,54 2095,60   2,39  67,86
md0               0,00     0,00    3,69    4,27    14,75    17,06     8,00     0,00    0,00    0,00    0,00   0,00   0,00
md1               0,00     0,00    0,00    0,00     0,00     0,00     0,00     0,00    0,00    0,00    0,00   0,00   0,00
md2               0,00     0,00  549,72    1,48  5126,72     9,51    18,64     0,00    0,00    0,00    0,00   0,00   0,00
md3               0,00     0,00    0,00    0,10     0,00     0,40     8,00     0,00    0,00    0,00    0,00   0,00   0,00

Control File Changes
--- /usr/local/oldpgsql/2008-11-13-REL8_4_0~996/before.controldata	2016-08-12 19:43:33.450709331 +0200
+++ /usr/local/oldpgsql/2008-11-13-REL8_4_0~996/after.controldata	2016-08-12 19:45:04.318824246 +0200
@@ -5,4 +5,4 @@
-pg_control last modified:             Fri Aug 12 17:43:33 2016
-Latest checkpoint location:           0/8DF04A68
-Prior checkpoint location:            0/8DF04A20
-Latest checkpoint's REDO location:    0/8DF04A68
+pg_control last modified:             Fri Aug 12 17:45:04 2016
+Latest checkpoint location:           0/8DF06360
+Prior checkpoint location:            0/8DF04A68
+Latest checkpoint's REDO location:    0/8DF06360
@@ -10,2 +10,2 @@
-Latest checkpoint's NextXID:          0/92152
-Latest checkpoint's NextOID:          16470
+Latest checkpoint's NextXID:          0/92153
+Latest checkpoint's NextOID:          24662
@@ -14 +14 @@
-Time of latest checkpoint:            Fri Aug 12 17:43:32 2016
+Time of latest checkpoint:            Fri Aug 12 17:45:03 2016
size after pgbench of pgbench_tellers: 24
size after pgbench of pgbench_branches: 24
size after pgbench of pgbench_accounts: 992
size after pgbench of pgbench_branches_pkey: 0
size after pgbench of pgbench_tellers_pkey: 0
size after pgbench of pgbench_accounts_pkey: 0
size after pgbench of pgbench_history: 0
total size after pgbench: 1040
End Time: 2016-08-12 17:45:04+00:00
========================================================================
========================================================================
Testing 2008-11-13-REL8_4_0~996
Start Time: 2016-08-13 04:20:46+00:00
Shared Buffers:  260000
size before pgbench of pgbench_tellers: 24
size before pgbench of pgbench_branches: 24
size before pgbench of pgbench_accounts: 992
size before pgbench of pgbench_branches_pkey: 0
size before pgbench of pgbench_tellers_pkey: 0
size before pgbench of pgbench_accounts_pkey: 0
size before pgbench of pgbench_history: 0
total size before pgbench: 1040
Linux 3.16.0-4-amd64 (Debian-83-jessie-64-minimal) 	13.08.16 	_x86_64_	(8 CPU)

starting vacuum...end.
transaction type: <builtin: select only>
scaling factor: 300
query mode: simple
number of clients: 48
number of threads: 4
duration: 60 s
number of transactions actually processed: 73679
latency average: 39.088 ms
tps = 1225.429416 (including connections establishing)
tps = 1225.462486 (excluding connections establishing)
script statistics:
 - statement latencies in milliseconds:
         0.002  \set aid random(1, 100000 * :scale)
        39.156  SELECT abalance FROM pgbench_accounts WHERE aid = :aid;
avg-cpu:  %user   %nice %system %iowait  %steal   %idle
           1,22    0,00    0,77   32,08    0,00   65,94

Device:         rrqm/s   wrqm/s     r/s     w/s    rkB/s    wkB/s avgrq-sz avgqu-sz   await r_await w_await  svctm  %util
sdb               0,01     9,00  279,94    1,61  2612,93    43,93    18,87    25,66   91,10   70,31 3702,65   2,40  67,52
sda               0,73     9,00  284,11    1,61  2664,00    43,93    18,95    23,94   83,78   56,64 4868,91   2,36  67,56
md0               0,00     0,00    1,03    7,90     4,13    31,60     8,00     0,00    0,00    0,00    0,00   0,00   0,00
md1               0,00     0,00    0,00    0,00     0,00     0,00     0,00     0,00    0,00    0,00    0,00   0,00   0,00
md2               0,00     0,00  563,83    1,86  5272,80    10,27    18,68     0,00    0,00    0,00    0,00   0,00   0,00
md3               0,00     0,00    0,00    0,10     0,00     0,40     8,00     0,00    0,00    0,00    0,00   0,00   0,00

Control File Changes
--- /usr/local/oldpgsql/2008-11-13-REL8_4_0~996/before.controldata	2016-08-13 06:21:24.189371008 +0200
+++ /usr/local/oldpgsql/2008-11-13-REL8_4_0~996/after.controldata	2016-08-13 06:22:55.157571398 +0200
@@ -5,4 +5,4 @@
-pg_control last modified:             Sat Aug 13 04:21:24 2016
-Latest checkpoint location:           0/8DF063F0
-Prior checkpoint location:            0/8DF063A8
-Latest checkpoint's REDO location:    0/8DF063F0
+pg_control last modified:             Sat Aug 13 04:22:55 2016
+Latest checkpoint location:           0/8DF07D78
+Prior checkpoint location:            0/8DF063F0
+Latest checkpoint's REDO location:    0/8DF07D78
@@ -10,2 +10,2 @@
-Latest checkpoint's NextXID:          0/92153
-Latest checkpoint's NextOID:          16471
+Latest checkpoint's NextXID:          0/92154
+Latest checkpoint's NextOID:          24663
@@ -14 +14 @@
-Time of latest checkpoint:            Sat Aug 13 04:21:23 2016
+Time of latest checkpoint:            Sat Aug 13 04:22:54 2016
size after pgbench of pgbench_tellers: 24
size after pgbench of pgbench_branches: 24
size after pgbench of pgbench_accounts: 992
size after pgbench of pgbench_branches_pkey: 0
size after pgbench of pgbench_tellers_pkey: 0
size after pgbench of pgbench_accounts_pkey: 0
size after pgbench of pgbench_history: 0
total size after pgbench: 1040
End Time: 2016-08-13 04:22:55+00:00
========================================================================
========================================================================
Testing 2008-11-13-REL8_4_0~996
Start Time: 2016-08-13 10:07:53+00:00
Shared Buffers:  260000
size before pgbench of pgbench_tellers: 24
size before pgbench of pgbench_branches: 24
size before pgbench of pgbench_accounts: 992
size before pgbench of pgbench_branches_pkey: 0
size before pgbench of pgbench_tellers_pkey: 0
size before pgbench of pgbench_accounts_pkey: 0
size before pgbench of pgbench_history: 0
total size before pgbench: 1040
Linux 3.16.0-4-amd64 (Debian-83-jessie-64-minimal) 	13.08.16 	_x86_64_	(8 CPU)

starting vacuum...end.
transaction type: <builtin: select only>
scaling factor: 300
query mode: simple
number of clients: 48
number of threads: 4
duration: 60 s
number of transactions actually processed: 74079
latency average: 38.877 ms
tps = 1231.651811 (including connections establishing)
tps = 1231.685548 (excluding connections establishing)
script statistics:
 - statement latencies in milliseconds:
         0.002  \set aid random(1, 100000 * :scale)
        38.924  SELECT abalance FROM pgbench_accounts WHERE aid = :aid;
avg-cpu:  %user   %nice %system %iowait  %steal   %idle
           1,24    0,00    0,76   33,01    0,00   64,99

Device:         rrqm/s   wrqm/s     r/s     w/s    rkB/s    wkB/s avgrq-sz avgqu-sz   await r_await w_await  svctm  %util
sdb               0,01     7,86  281,32    1,51  2647,24    39,67    19,00    23,78   84,07   76,29 1532,24   2,39  67,67
sda               0,11     7,87  283,16    1,50  2665,47    39,67    19,01    20,26   71,15   51,67 3749,21   2,38  67,69
md0               0,00     0,00    0,13    7,13     0,53    28,53     8,00     0,00    0,00    0,00    0,00   0,00   0,00
md1               0,00     0,00    0,00    0,00     0,00     0,00     0,00     0,00    0,00    0,00    0,00   0,00   0,00
md2               0,00     0,00  564,51    1,32  5312,18     8,89    18,81     0,00    0,00    0,00    0,00   0,00   0,00
md3               0,00     0,00    0,00    0,11     0,00     0,44     8,00     0,00    0,00    0,00    0,00   0,00   0,00

Control File Changes
--- /usr/local/oldpgsql/2008-11-13-REL8_4_0~996/before.controldata	2016-08-13 12:08:31.906948727 +0200
+++ /usr/local/oldpgsql/2008-11-13-REL8_4_0~996/after.controldata	2016-08-13 12:10:02.655023838 +0200
@@ -5,4 +5,4 @@
-pg_control last modified:             Sat Aug 13 10:08:31 2016
-Latest checkpoint location:           0/8DF07E08
-Prior checkpoint location:            0/8DF07DC0
-Latest checkpoint's REDO location:    0/8DF07E08
+pg_control last modified:             Sat Aug 13 10:10:02 2016
+Latest checkpoint location:           0/8DF09848
+Prior checkpoint location:            0/8DF07E08
+Latest checkpoint's REDO location:    0/8DF09848
@@ -10,2 +10,2 @@
-Latest checkpoint's NextXID:          0/92154
-Latest checkpoint's NextOID:          16472
+Latest checkpoint's NextXID:          0/92155
+Latest checkpoint's NextOID:          24664
@@ -14 +14 @@
-Time of latest checkpoint:            Sat Aug 13 10:08:31 2016
+Time of latest checkpoint:            Sat Aug 13 10:10:01 2016
size after pgbench of pgbench_tellers: 24
size after pgbench of pgbench_branches: 24
size after pgbench of pgbench_accounts: 992
size after pgbench of pgbench_branches_pkey: 0
size after pgbench of pgbench_tellers_pkey: 0
size after pgbench of pgbench_accounts_pkey: 0
size after pgbench of pgbench_history: 0
total size after pgbench: 1040
End Time: 2016-08-13 10:10:02+00:00
========================================================================
========================================================================
Testing 2008-11-13-REL8_4_0~996
Start Time: 2016-08-14 20:17:34+00:00
Shared Buffers:  260000
size before pgbench of pgbench_tellers: 24
size before pgbench of pgbench_branches: 24
size before pgbench of pgbench_accounts: 992
size before pgbench of pgbench_branches_pkey: 0
size before pgbench of pgbench_tellers_pkey: 0
size before pgbench of pgbench_accounts_pkey: 0
size before pgbench of pgbench_history: 0
total size before pgbench: 1040
Linux 3.16.0-4-amd64 (Debian-83-jessie-64-minimal) 	14.08.16 	_x86_64_	(8 CPU)

starting vacuum...end.
transaction type: <builtin: TPC-B (sort of)>
scaling factor: 300
query mode: simple
number of clients: 32
number of threads: 4
duration: 900 s
number of transactions actually processed: 29287
latency average: 983.371 ms
tps = 32.527487 (including connections establishing)
tps = 32.527547 (excluding connections establishing)
script statistics:
 - statement latencies in milliseconds:
         0.003  \set aid random(1, 100000 * :scale)
         0.001  \set bid random(1, 1 * :scale)
         0.001  \set tid random(1, 10 * :scale)
         0.001  \set delta random(-5000, 5000)
         0.139  BEGIN;
       466.259  UPDATE pgbench_accounts SET abalance = abalance + :delta WHERE aid = :aid;
         1.161  SELECT abalance FROM pgbench_accounts WHERE aid = :aid;
       176.053  UPDATE pgbench_tellers SET tbalance = tbalance + :delta WHERE tid = :tid;
       100.558  UPDATE pgbench_branches SET bbalance = bbalance + :delta WHERE bid = :bid;
        62.378  INSERT INTO pgbench_history (tid, bid, aid, delta, mtime) VALUES (:tid, :bid, :aid, :delta, CURRENT_TIMESTAMP);
       177.538  END;
avg-cpu:  %user   %nice %system %iowait  %steal   %idle
           0,41    0,00    0,24    8,86    0,00   90,49

Device:         rrqm/s   wrqm/s     r/s     w/s    rkB/s    wkB/s avgrq-sz avgqu-sz   await r_await w_await  svctm  %util
sdb               0,02     1,51    5,47  139,69    46,66   941,71    13,62    13,76   94,75   23,08   97,56   4,13  59,95
sda               0,00     1,51   21,88  139,69   186,35   941,71    13,96    13,14   81,34   29,04   89,53   5,16  83,44
md0               0,00     0,00    0,11    0,14     0,43     0,54     8,00     0,00    0,00    0,00    0,00   0,00   0,00
md1               0,00     0,00    0,00    0,00     0,00     0,00     0,00     0,00    0,00    0,00    0,00   0,00   0,00
md2               0,00     0,00   27,27  140,60   232,58   940,04    13,97     0,00    0,00    0,00    0,00   0,00   0,00
md3               0,00     0,00    0,00    0,01     0,00     0,04     8,00     0,00    0,00    0,00    0,00   0,00   0,00

Control File Changes
--- /usr/local/oldpgsql/2008-11-13-REL8_4_0~996/before.controldata	2016-08-14 22:18:13.562163518 +0200
+++ /usr/local/oldpgsql/2008-11-13-REL8_4_0~996/after.controldata	2016-08-14 22:34:37.872792100 +0200
@@ -5,4 +5,4 @@
-pg_control last modified:             Sun Aug 14 20:18:13 2016
-Latest checkpoint location:           0/8DF098D8
-Prior checkpoint location:            0/8DF09890
-Latest checkpoint's REDO location:    0/8DF098D8
+pg_control last modified:             Sun Aug 14 20:34:37 2016
+Latest checkpoint location:           0/A72AC1C0
+Prior checkpoint location:            0/A72AC178
+Latest checkpoint's REDO location:    0/A72AC1C0
@@ -10,2 +10,2 @@
-Latest checkpoint's NextXID:          0/92155
-Latest checkpoint's NextOID:          16473
+Latest checkpoint's NextXID:          0/121484
+Latest checkpoint's NextOID:          24665
@@ -14 +14 @@
-Time of latest checkpoint:            Sun Aug 14 20:18:13 2016
+Time of latest checkpoint:            Sun Aug 14 20:34:36 2016
size after pgbench of pgbench_tellers: 24
size after pgbench of pgbench_branches: 24
size after pgbench of pgbench_accounts: 992
size after pgbench of pgbench_branches_pkey: 0
size after pgbench of pgbench_tellers_pkey: 0
size after pgbench of pgbench_accounts_pkey: 0
size after pgbench of pgbench_history: 24
total size after pgbench: 1064
End Time: 2016-08-14 20:34:37+00:00
========================================================================
========================================================================
Testing 2008-11-13-REL8_4_0~996
Start Time: 2016-08-18 13:21:06+00:00
Shared Buffers:  260000
size before pgbench of pgbench_tellers: 24
size before pgbench of pgbench_branches: 24
size before pgbench of pgbench_accounts: 992
size before pgbench of pgbench_branches_pkey: 0
size before pgbench of pgbench_tellers_pkey: 0
size before pgbench of pgbench_accounts_pkey: 0
size before pgbench of pgbench_history: 24
total size before pgbench: 1064
Linux 4.6.0-1-amd64 (Debian-83-jessie-64-minimal) 	18.08.16 	_x86_64_	(8 CPU)

starting vacuum...end.
transaction type: <builtin: TPC-B (sort of)>
scaling factor: 300
query mode: simple
number of clients: 32
number of threads: 4
duration: 900 s
number of transactions actually processed: 31483
latency average: 914.779 ms
tps = 34.969938 (including connections establishing)
tps = 34.969999 (excluding connections establishing)
script statistics:
 - statement latencies in milliseconds:
         0.002  \set aid random(1, 100000 * :scale)
         0.001  \set bid random(1, 1 * :scale)
         0.001  \set tid random(1, 10 * :scale)
         0.001  \set delta random(-5000, 5000)
         0.123  BEGIN;
       416.208  UPDATE pgbench_accounts SET abalance = abalance + :delta WHERE aid = :aid;
         0.544  SELECT abalance FROM pgbench_accounts WHERE aid = :aid;
       164.208  UPDATE pgbench_tellers SET tbalance = tbalance + :delta WHERE tid = :tid;
        99.860  UPDATE pgbench_branches SET bbalance = bbalance + :delta WHERE bid = :bid;
        64.800  INSERT INTO pgbench_history (tid, bid, aid, delta, mtime) VALUES (:tid, :bid, :aid, :delta, CURRENT_TIMESTAMP);
       169.349  END;
avg-cpu:  %user   %nice %system %iowait  %steal   %idle
           0,42    0,00    0,29   20,19    0,00   79,10

Device:         rrqm/s   wrqm/s     r/s     w/s    rkB/s    wkB/s avgrq-sz avgqu-sz   await r_await w_await  svctm  %util
sdb               0,00     1,61    6,43  150,12    54,89  1055,08    14,18    17,83  113,92   22,45  117,84   4,08  63,90
sda               0,01     1,62   22,47  150,12   193,75  1055,08    14,47    14,06   81,46   29,24   89,27   4,88  84,19
md0               0,00     0,00    0,02    0,01     0,06     0,03     8,00     0,00    0,00    0,00    0,00   0,00   0,00
md1               0,00     0,00    0,00    0,00     0,00     0,00     0,00     0,00    0,00    0,00    0,00   0,00   0,00
md2               0,00     0,00   28,89  151,42   248,58  1054,30    14,45     0,00    0,00    0,00    0,00   0,00   0,00
md3               0,00     0,00    0,00    0,01     0,00     0,04     8,00     0,00    0,00    0,00    0,00   0,00   0,00

Control File Changes
--- /usr/local/oldpgsql/2008-11-13-REL8_4_0~996/before.controldata	2016-08-18 15:26:25.483079824 +0200
+++ /usr/local/oldpgsql/2008-11-13-REL8_4_0~996/after.controldata	2016-08-18 15:43:23.229582494 +0200
@@ -5,4 +5,4 @@
-pg_control last modified:             Thu Aug 18 13:26:25 2016
-Latest checkpoint location:           0/B4D3DE28
-Prior checkpoint location:            0/A72AC208
-Latest checkpoint's REDO location:    0/B4D3DE28
+pg_control last modified:             Thu Aug 18 13:43:23 2016
+Latest checkpoint location:           0/CF4F3F80
+Prior checkpoint location:            0/CF4F3F38
+Latest checkpoint's REDO location:    0/CF4F3F80
@@ -10,2 +10,2 @@
-Latest checkpoint's NextXID:          0/121485
-Latest checkpoint's NextOID:          16474
+Latest checkpoint's NextXID:          0/153009
+Latest checkpoint's NextOID:          24666
@@ -14 +14 @@
-Time of latest checkpoint:            Thu Aug 18 13:26:02 2016
+Time of latest checkpoint:            Thu Aug 18 13:42:56 2016
size after pgbench of pgbench_tellers: 24
size after pgbench of pgbench_branches: 24
size after pgbench of pgbench_accounts: 992
size after pgbench of pgbench_branches_pkey: 0
size after pgbench of pgbench_tellers_pkey: 0
size after pgbench of pgbench_accounts_pkey: 0
size after pgbench of pgbench_history: 24
total size after pgbench: 1064
End Time: 2016-08-18 13:43:23+00:00
========================================================================
========================================================================
Testing 2008-11-13-REL8_4_0~996
Start Time: 2016-08-21 12:53:52+00:00
Shared Buffers:  260000
size before pgbench of pgbench_tellers: 24
size before pgbench of pgbench_branches: 24
size before pgbench of pgbench_accounts: 992
size before pgbench of pgbench_branches_pkey: 0
size before pgbench of pgbench_tellers_pkey: 0
size before pgbench of pgbench_accounts_pkey: 0
size before pgbench of pgbench_history: 24
total size before pgbench: 1064
Linux 4.6.0-1-amd64 (Debian-83-jessie-64-minimal) 	21.08.16 	_x86_64_	(8 CPU)

starting vacuum...end.
transaction type: <builtin: TPC-B (sort of)>
scaling factor: 300
query mode: simple
number of clients: 32
number of threads: 4
duration: 900 s
number of transactions actually processed: 29278
latency average: 983.674 ms
tps = 32.523981 (including connections establishing)
tps = 32.524043 (excluding connections establishing)
script statistics:
 - statement latencies in milliseconds:
         0.002  \set aid random(1, 100000 * :scale)
         0.001  \set bid random(1, 1 * :scale)
         0.001  \set tid random(1, 10 * :scale)
         0.001  \set delta random(-5000, 5000)
         0.126  BEGIN;
       440.814  UPDATE pgbench_accounts SET abalance = abalance + :delta WHERE aid = :aid;
         0.927  SELECT abalance FROM pgbench_accounts WHERE aid = :aid;
       184.414  UPDATE pgbench_tellers SET tbalance = tbalance + :delta WHERE tid = :tid;
       109.942  UPDATE pgbench_branches SET bbalance = bbalance + :delta WHERE bid = :bid;
        67.805  INSERT INTO pgbench_history (tid, bid, aid, delta, mtime) VALUES (:tid, :bid, :aid, :delta, CURRENT_TIMESTAMP);
       180.099  END;
avg-cpu:  %user   %nice %system %iowait  %steal   %idle
           0,39    0,00    0,26   19,96    0,00   79,38

Device:         rrqm/s   wrqm/s     r/s     w/s    rkB/s    wkB/s avgrq-sz avgqu-sz   await r_await w_await  svctm  %util
sdb               0,00     1,77    6,20  132,76    52,58   909,11    13,84    15,52  111,39   24,45  115,45   4,54  63,13
sda               0,01     1,77   20,95  132,73   178,52   908,87    14,15    17,59  114,01   30,07  127,25   5,43  83,50
md0               0,00     0,00    0,09    0,00     0,37     0,00     8,00     0,00    0,00    0,00    0,00   0,00   0,00
md1               0,00     0,00    0,00    0,00     0,00     0,00     0,00     0,00    0,00    0,00    0,00   0,00   0,00
md2               0,00     0,00   27,07  136,70   230,74   928,52    14,16     0,00    0,00    0,00    0,00   0,00   0,00
md3               0,00     0,00    0,00    0,01     0,00     0,04     8,00     0,00    0,00    0,00    0,00   0,00   0,00

Control File Changes
--- /usr/local/oldpgsql/2008-11-13-REL8_4_0~996/before.controldata	2016-08-21 14:59:54.141207910 +0200
+++ /usr/local/oldpgsql/2008-11-13-REL8_4_0~996/after.controldata	2016-08-21 15:16:17.003139120 +0200
@@ -5,4 +5,4 @@
-pg_control last modified:             Sun Aug 21 12:59:53 2016
-Latest checkpoint location:           0/DDF3D770
-Prior checkpoint location:            0/DDF3D728
-Latest checkpoint's REDO location:    0/DDF3D770
+pg_control last modified:             Sun Aug 21 13:16:16 2016
+Latest checkpoint location:           0/F5FF5BB0
+Prior checkpoint location:            0/F5FF5B68
+Latest checkpoint's REDO location:    0/F5FF5BB0
@@ -10,2 +10,2 @@
-Latest checkpoint's NextXID:          0/153009
-Latest checkpoint's NextOID:          16475
+Latest checkpoint's NextXID:          0/182330
+Latest checkpoint's NextOID:          24667
@@ -14 +14 @@
-Time of latest checkpoint:            Sun Aug 21 12:59:52 2016
+Time of latest checkpoint:            Sun Aug 21 13:16:15 2016
size after pgbench of pgbench_tellers: 24
size after pgbench of pgbench_branches: 24
size after pgbench of pgbench_accounts: 992
size after pgbench of pgbench_branches_pkey: 0
size after pgbench of pgbench_tellers_pkey: 0
size after pgbench of pgbench_accounts_pkey: 0
size after pgbench of pgbench_history: 24
total size after pgbench: 1064
End Time: 2016-08-21 13:16:17+00:00
========================================================================
