creating tables...
100000 of 30000000 tuples (0%) done (elapsed 0.09 s, remaining 26.31 s)
200000 of 30000000 tuples (0%) done (elapsed 0.17 s, remaining 25.24 s)
300000 of 30000000 tuples (1%) done (elapsed 0.24 s, remaining 23.55 s)
400000 of 30000000 tuples (1%) done (elapsed 0.30 s, remaining 22.30 s)
500000 of 30000000 tuples (1%) done (elapsed 0.37 s, remaining 21.56 s)
600000 of 30000000 tuples (2%) done (elapsed 0.42 s, remaining 20.74 s)
700000 of 30000000 tuples (2%) done (elapsed 0.49 s, remaining 20.37 s)
800000 of 30000000 tuples (2%) done (elapsed 0.55 s, remaining 20.09 s)
900000 of 30000000 tuples (3%) done (elapsed 0.61 s, remaining 19.68 s)
1000000 of 30000000 tuples (3%) done (elapsed 0.68 s, remaining 19.61 s)
1100000 of 30000000 tuples (3%) done (elapsed 0.74 s, remaining 19.46 s)
1200000 of 30000000 tuples (4%) done (elapsed 0.81 s, remaining 19.37 s)
1300000 of 30000000 tuples (4%) done (elapsed 0.87 s, remaining 19.27 s)
1400000 of 30000000 tuples (4%) done (elapsed 0.93 s, remaining 19.05 s)
1500000 of 30000000 tuples (5%) done (elapsed 1.00 s, remaining 18.97 s)
1600000 of 30000000 tuples (5%) done (elapsed 1.06 s, remaining 18.88 s)
1700000 of 30000000 tuples (5%) done (elapsed 1.13 s, remaining 18.80 s)
1800000 of 30000000 tuples (6%) done (elapsed 1.19 s, remaining 18.72 s)
1900000 of 30000000 tuples (6%) done (elapsed 1.26 s, remaining 18.64 s)
2000000 of 30000000 tuples (6%) done (elapsed 1.33 s, remaining 18.56 s)
2100000 of 30000000 tuples (7%) done (elapsed 1.39 s, remaining 18.48 s)
2200000 of 30000000 tuples (7%) done (elapsed 1.46 s, remaining 18.40 s)
2300000 of 30000000 tuples (7%) done (elapsed 1.52 s, remaining 18.32 s)
2400000 of 30000000 tuples (8%) done (elapsed 1.59 s, remaining 18.25 s)
2500000 of 30000000 tuples (8%) done (elapsed 1.65 s, remaining 18.18 s)
2600000 of 30000000 tuples (8%) done (elapsed 1.71 s, remaining 18.05 s)
2700000 of 30000000 tuples (9%) done (elapsed 1.78 s, remaining 17.98 s)
2800000 of 30000000 tuples (9%) done (elapsed 1.84 s, remaining 17.91 s)
2900000 of 30000000 tuples (9%) done (elapsed 1.91 s, remaining 17.83 s)
3000000 of 30000000 tuples (10%) done (elapsed 1.97 s, remaining 17.76 s)
3100000 of 30000000 tuples (10%) done (elapsed 2.04 s, remaining 17.69 s)
3200000 of 30000000 tuples (10%) done (elapsed 2.10 s, remaining 17.62 s)
3300000 of 30000000 tuples (11%) done (elapsed 2.17 s, remaining 17.55 s)
3400000 of 30000000 tuples (11%) done (elapsed 2.23 s, remaining 17.48 s)
3500000 of 30000000 tuples (11%) done (elapsed 2.30 s, remaining 17.41 s)
3600000 of 30000000 tuples (12%) done (elapsed 2.36 s, remaining 17.34 s)
3700000 of 30000000 tuples (12%) done (elapsed 2.43 s, remaining 17.26 s)
3800000 of 30000000 tuples (12%) done (elapsed 2.49 s, remaining 17.16 s)
3900000 of 30000000 tuples (13%) done (elapsed 2.55 s, remaining 17.09 s)
4000000 of 30000000 tuples (13%) done (elapsed 2.62 s, remaining 17.02 s)
4100000 of 30000000 tuples (13%) done (elapsed 2.68 s, remaining 16.95 s)
4200000 of 30000000 tuples (14%) done (elapsed 2.75 s, remaining 16.89 s)
4300000 of 30000000 tuples (14%) done (elapsed 2.81 s, remaining 16.82 s)
4400000 of 30000000 tuples (14%) done (elapsed 2.87 s, remaining 16.72 s)
4500000 of 30000000 tuples (15%) done (elapsed 2.94 s, remaining 16.65 s)
4600000 of 30000000 tuples (15%) done (elapsed 3.00 s, remaining 16.59 s)
4700000 of 30000000 tuples (15%) done (elapsed 3.07 s, remaining 16.52 s)
4800000 of 30000000 tuples (16%) done (elapsed 3.13 s, remaining 16.43 s)
4900000 of 30000000 tuples (16%) done (elapsed 3.19 s, remaining 16.36 s)
5000000 of 30000000 tuples (16%) done (elapsed 3.26 s, remaining 16.30 s)
5100000 of 30000000 tuples (17%) done (elapsed 3.32 s, remaining 16.23 s)
5200000 of 30000000 tuples (17%) done (elapsed 3.38 s, remaining 16.14 s)
5300000 of 30000000 tuples (17%) done (elapsed 3.45 s, remaining 16.08 s)
5400000 of 30000000 tuples (18%) done (elapsed 3.51 s, remaining 16.01 s)
5500000 of 30000000 tuples (18%) done (elapsed 3.58 s, remaining 15.94 s)
5600000 of 30000000 tuples (18%) done (elapsed 3.64 s, remaining 15.86 s)
5700000 of 30000000 tuples (19%) done (elapsed 3.70 s, remaining 15.79 s)
5800000 of 30000000 tuples (19%) done (elapsed 3.77 s, remaining 15.73 s)
5900000 of 30000000 tuples (19%) done (elapsed 3.83 s, remaining 15.66 s)
6000000 of 30000000 tuples (20%) done (elapsed 3.89 s, remaining 15.58 s)
6100000 of 30000000 tuples (20%) done (elapsed 3.96 s, remaining 15.52 s)
6200000 of 30000000 tuples (20%) done (elapsed 4.02 s, remaining 15.45 s)
6300000 of 30000000 tuples (21%) done (elapsed 4.09 s, remaining 15.39 s)
6400000 of 30000000 tuples (21%) done (elapsed 4.16 s, remaining 15.32 s)
6500000 of 30000000 tuples (21%) done (elapsed 4.22 s, remaining 15.24 s)
6600000 of 30000000 tuples (22%) done (elapsed 4.28 s, remaining 15.18 s)
6700000 of 30000000 tuples (22%) done (elapsed 4.35 s, remaining 15.11 s)
6800000 of 30000000 tuples (22%) done (elapsed 4.41 s, remaining 15.05 s)
6900000 of 30000000 tuples (23%) done (elapsed 4.48 s, remaining 14.98 s)
7000000 of 30000000 tuples (23%) done (elapsed 4.54 s, remaining 14.92 s)
7100000 of 30000000 tuples (23%) done (elapsed 4.61 s, remaining 14.86 s)
7200000 of 30000000 tuples (24%) done (elapsed 4.67 s, remaining 14.78 s)
7300000 of 30000000 tuples (24%) done (elapsed 4.73 s, remaining 14.71 s)
7400000 of 30000000 tuples (24%) done (elapsed 4.80 s, remaining 14.65 s)
7500000 of 30000000 tuples (25%) done (elapsed 4.86 s, remaining 14.58 s)
7600000 of 30000000 tuples (25%) done (elapsed 4.93 s, remaining 14.52 s)
7700000 of 30000000 tuples (25%) done (elapsed 4.99 s, remaining 14.45 s)
7800000 of 30000000 tuples (26%) done (elapsed 5.05 s, remaining 14.38 s)
7900000 of 30000000 tuples (26%) done (elapsed 5.12 s, remaining 14.31 s)
8000000 of 30000000 tuples (26%) done (elapsed 5.18 s, remaining 14.25 s)
8100000 of 30000000 tuples (27%) done (elapsed 5.25 s, remaining 14.18 s)
8200000 of 30000000 tuples (27%) done (elapsed 5.31 s, remaining 14.12 s)
8300000 of 30000000 tuples (27%) done (elapsed 5.38 s, remaining 14.06 s)
8400000 of 30000000 tuples (28%) done (elapsed 5.44 s, remaining 14.00 s)
8500000 of 30000000 tuples (28%) done (elapsed 5.51 s, remaining 13.93 s)
8600000 of 30000000 tuples (28%) done (elapsed 5.57 s, remaining 13.85 s)
8700000 of 30000000 tuples (29%) done (elapsed 5.63 s, remaining 13.79 s)
8800000 of 30000000 tuples (29%) done (elapsed 5.70 s, remaining 13.73 s)
8900000 of 30000000 tuples (29%) done (elapsed 5.76 s, remaining 13.66 s)
9000000 of 30000000 tuples (30%) done (elapsed 5.83 s, remaining 13.60 s)
9100000 of 30000000 tuples (30%) done (elapsed 5.89 s, remaining 13.53 s)
9200000 of 30000000 tuples (30%) done (elapsed 5.95 s, remaining 13.46 s)
9300000 of 30000000 tuples (31%) done (elapsed 6.02 s, remaining 13.39 s)
9400000 of 30000000 tuples (31%) done (elapsed 6.08 s, remaining 13.33 s)
9500000 of 30000000 tuples (31%) done (elapsed 6.15 s, remaining 13.26 s)
9600000 of 30000000 tuples (32%) done (elapsed 6.21 s, remaining 13.20 s)
9700000 of 30000000 tuples (32%) done (elapsed 6.28 s, remaining 13.13 s)
9800000 of 30000000 tuples (32%) done (elapsed 6.34 s, remaining 13.06 s)
9900000 of 30000000 tuples (33%) done (elapsed 6.40 s, remaining 13.00 s)
10000000 of 30000000 tuples (33%) done (elapsed 6.46 s, remaining 12.93 s)
10100000 of 30000000 tuples (33%) done (elapsed 6.53 s, remaining 12.87 s)
10200000 of 30000000 tuples (34%) done (elapsed 6.59 s, remaining 12.80 s)
10300000 of 30000000 tuples (34%) done (elapsed 6.66 s, remaining 12.74 s)
10400000 of 30000000 tuples (34%) done (elapsed 6.72 s, remaining 12.67 s)
10500000 of 30000000 tuples (35%) done (elapsed 6.79 s, remaining 12.61 s)
10600000 of 30000000 tuples (35%) done (elapsed 6.85 s, remaining 12.54 s)
10700000 of 30000000 tuples (35%) done (elapsed 6.92 s, remaining 12.48 s)
10800000 of 30000000 tuples (36%) done (elapsed 6.98 s, remaining 12.41 s)
10900000 of 30000000 tuples (36%) done (elapsed 7.05 s, remaining 12.35 s)
11000000 of 30000000 tuples (36%) done (elapsed 7.11 s, remaining 12.28 s)
11100000 of 30000000 tuples (37%) done (elapsed 7.18 s, remaining 12.22 s)
11200000 of 30000000 tuples (37%) done (elapsed 7.24 s, remaining 12.15 s)
11300000 of 30000000 tuples (37%) done (elapsed 7.31 s, remaining 12.09 s)
11400000 of 30000000 tuples (38%) done (elapsed 7.37 s, remaining 12.02 s)
11500000 of 30000000 tuples (38%) done (elapsed 7.43 s, remaining 11.96 s)
11600000 of 30000000 tuples (38%) done (elapsed 7.50 s, remaining 11.89 s)
11700000 of 30000000 tuples (39%) done (elapsed 7.56 s, remaining 11.83 s)
11800000 of 30000000 tuples (39%) done (elapsed 7.63 s, remaining 11.76 s)
11900000 of 30000000 tuples (39%) done (elapsed 7.69 s, remaining 11.70 s)
12000000 of 30000000 tuples (40%) done (elapsed 7.75 s, remaining 11.63 s)
12100000 of 30000000 tuples (40%) done (elapsed 7.82 s, remaining 11.57 s)
12200000 of 30000000 tuples (40%) done (elapsed 7.88 s, remaining 11.50 s)
12300000 of 30000000 tuples (41%) done (elapsed 7.95 s, remaining 11.44 s)
12400000 of 30000000 tuples (41%) done (elapsed 8.01 s, remaining 11.37 s)
12500000 of 30000000 tuples (41%) done (elapsed 8.08 s, remaining 11.31 s)
12600000 of 30000000 tuples (42%) done (elapsed 8.14 s, remaining 11.25 s)
12700000 of 30000000 tuples (42%) done (elapsed 8.21 s, remaining 11.18 s)
12800000 of 30000000 tuples (42%) done (elapsed 8.27 s, remaining 11.12 s)
12900000 of 30000000 tuples (43%) done (elapsed 8.34 s, remaining 11.05 s)
13000000 of 30000000 tuples (43%) done (elapsed 8.40 s, remaining 10.99 s)
13100000 of 30000000 tuples (43%) done (elapsed 8.47 s, remaining 10.92 s)
13200000 of 30000000 tuples (44%) done (elapsed 8.53 s, remaining 10.86 s)
13300000 of 30000000 tuples (44%) done (elapsed 8.60 s, remaining 10.79 s)
13400000 of 30000000 tuples (44%) done (elapsed 8.66 s, remaining 10.73 s)
13500000 of 30000000 tuples (45%) done (elapsed 8.72 s, remaining 10.66 s)
13600000 of 30000000 tuples (45%) done (elapsed 8.79 s, remaining 10.60 s)
13700000 of 30000000 tuples (45%) done (elapsed 8.85 s, remaining 10.53 s)
13800000 of 30000000 tuples (46%) done (elapsed 8.92 s, remaining 10.47 s)
13900000 of 30000000 tuples (46%) done (elapsed 8.98 s, remaining 10.40 s)
14000000 of 30000000 tuples (46%) done (elapsed 9.05 s, remaining 10.34 s)
14100000 of 30000000 tuples (47%) done (elapsed 9.11 s, remaining 10.27 s)
14200000 of 30000000 tuples (47%) done (elapsed 9.17 s, remaining 10.20 s)
14300000 of 30000000 tuples (47%) done (elapsed 9.28 s, remaining 10.19 s)
14400000 of 30000000 tuples (48%) done (elapsed 9.37 s, remaining 10.15 s)
14500000 of 30000000 tuples (48%) done (elapsed 9.44 s, remaining 10.09 s)
14600000 of 30000000 tuples (48%) done (elapsed 9.50 s, remaining 10.03 s)
14700000 of 30000000 tuples (49%) done (elapsed 9.57 s, remaining 9.96 s)
14800000 of 30000000 tuples (49%) done (elapsed 9.63 s, remaining 9.89 s)
14900000 of 30000000 tuples (49%) done (elapsed 9.70 s, remaining 9.83 s)
15000000 of 30000000 tuples (50%) done (elapsed 9.76 s, remaining 9.76 s)
15100000 of 30000000 tuples (50%) done (elapsed 9.83 s, remaining 9.70 s)
15200000 of 30000000 tuples (50%) done (elapsed 9.90 s, remaining 9.64 s)
15300000 of 30000000 tuples (51%) done (elapsed 9.96 s, remaining 9.57 s)
15400000 of 30000000 tuples (51%) done (elapsed 10.02 s, remaining 9.50 s)
15500000 of 30000000 tuples (51%) done (elapsed 10.09 s, remaining 9.44 s)
15600000 of 30000000 tuples (52%) done (elapsed 10.15 s, remaining 9.37 s)
15700000 of 30000000 tuples (52%) done (elapsed 10.22 s, remaining 9.31 s)
15800000 of 30000000 tuples (52%) done (elapsed 10.29 s, remaining 9.24 s)
15900000 of 30000000 tuples (53%) done (elapsed 10.35 s, remaining 9.18 s)
16000000 of 30000000 tuples (53%) done (elapsed 10.41 s, remaining 9.11 s)
16100000 of 30000000 tuples (53%) done (elapsed 10.48 s, remaining 9.05 s)
16200000 of 30000000 tuples (54%) done (elapsed 10.54 s, remaining 8.98 s)
16300000 of 30000000 tuples (54%) done (elapsed 10.61 s, remaining 8.91 s)
16400000 of 30000000 tuples (54%) done (elapsed 10.67 s, remaining 8.85 s)
16500000 of 30000000 tuples (55%) done (elapsed 10.74 s, remaining 8.78 s)
16600000 of 30000000 tuples (55%) done (elapsed 10.80 s, remaining 8.72 s)
16700000 of 30000000 tuples (55%) done (elapsed 10.86 s, remaining 8.65 s)
16800000 of 30000000 tuples (56%) done (elapsed 10.93 s, remaining 8.59 s)
16900000 of 30000000 tuples (56%) done (elapsed 10.99 s, remaining 8.52 s)
17000000 of 30000000 tuples (56%) done (elapsed 11.06 s, remaining 8.46 s)
17100000 of 30000000 tuples (57%) done (elapsed 11.12 s, remaining 8.39 s)
17200000 of 30000000 tuples (57%) done (elapsed 11.19 s, remaining 8.33 s)
17300000 of 30000000 tuples (57%) done (elapsed 11.25 s, remaining 8.26 s)
17400000 of 30000000 tuples (58%) done (elapsed 11.32 s, remaining 8.20 s)
17500000 of 30000000 tuples (58%) done (elapsed 11.38 s, remaining 8.13 s)
17600000 of 30000000 tuples (58%) done (elapsed 11.45 s, remaining 8.07 s)
17700000 of 30000000 tuples (59%) done (elapsed 11.51 s, remaining 8.00 s)
17800000 of 30000000 tuples (59%) done (elapsed 11.58 s, remaining 7.93 s)
17900000 of 30000000 tuples (59%) done (elapsed 11.64 s, remaining 7.87 s)
18000000 of 30000000 tuples (60%) done (elapsed 11.71 s, remaining 7.80 s)
18100000 of 30000000 tuples (60%) done (elapsed 11.77 s, remaining 7.74 s)
18200000 of 30000000 tuples (60%) done (elapsed 11.84 s, remaining 7.67 s)
18300000 of 30000000 tuples (61%) done (elapsed 11.90 s, remaining 7.61 s)
18400000 of 30000000 tuples (61%) done (elapsed 11.96 s, remaining 7.54 s)
18500000 of 30000000 tuples (61%) done (elapsed 12.03 s, remaining 7.48 s)
18600000 of 30000000 tuples (62%) done (elapsed 12.09 s, remaining 7.41 s)
18700000 of 30000000 tuples (62%) done (elapsed 12.16 s, remaining 7.35 s)
18800000 of 30000000 tuples (62%) done (elapsed 12.22 s, remaining 7.28 s)
18900000 of 30000000 tuples (63%) done (elapsed 12.29 s, remaining 7.22 s)
19000000 of 30000000 tuples (63%) done (elapsed 12.35 s, remaining 7.15 s)
19100000 of 30000000 tuples (63%) done (elapsed 12.41 s, remaining 7.08 s)
19200000 of 30000000 tuples (64%) done (elapsed 12.48 s, remaining 7.02 s)
19300000 of 30000000 tuples (64%) done (elapsed 12.54 s, remaining 6.95 s)
19400000 of 30000000 tuples (64%) done (elapsed 12.61 s, remaining 6.89 s)
19500000 of 30000000 tuples (65%) done (elapsed 12.67 s, remaining 6.82 s)
19600000 of 30000000 tuples (65%) done (elapsed 12.74 s, remaining 6.76 s)
19700000 of 30000000 tuples (65%) done (elapsed 12.80 s, remaining 6.69 s)
19800000 of 30000000 tuples (66%) done (elapsed 12.87 s, remaining 6.63 s)
19900000 of 30000000 tuples (66%) done (elapsed 12.93 s, remaining 6.56 s)
20000000 of 30000000 tuples (66%) done (elapsed 13.00 s, remaining 6.50 s)
20100000 of 30000000 tuples (67%) done (elapsed 13.06 s, remaining 6.43 s)
20200000 of 30000000 tuples (67%) done (elapsed 13.13 s, remaining 6.37 s)
20300000 of 30000000 tuples (67%) done (elapsed 13.19 s, remaining 6.30 s)
20400000 of 30000000 tuples (68%) done (elapsed 13.26 s, remaining 6.24 s)
20500000 of 30000000 tuples (68%) done (elapsed 13.32 s, remaining 6.17 s)
20600000 of 30000000 tuples (68%) done (elapsed 13.39 s, remaining 6.11 s)
20700000 of 30000000 tuples (69%) done (elapsed 13.45 s, remaining 6.04 s)
20800000 of 30000000 tuples (69%) done (elapsed 13.52 s, remaining 5.98 s)
20900000 of 30000000 tuples (69%) done (elapsed 13.58 s, remaining 5.91 s)
21000000 of 30000000 tuples (70%) done (elapsed 13.65 s, remaining 5.85 s)
21100000 of 30000000 tuples (70%) done (elapsed 13.71 s, remaining 5.78 s)
21200000 of 30000000 tuples (70%) done (elapsed 13.78 s, remaining 5.72 s)
21300000 of 30000000 tuples (71%) done (elapsed 13.84 s, remaining 5.65 s)
21400000 of 30000000 tuples (71%) done (elapsed 13.91 s, remaining 5.59 s)
21500000 of 30000000 tuples (71%) done (elapsed 13.97 s, remaining 5.52 s)
21600000 of 30000000 tuples (72%) done (elapsed 14.03 s, remaining 5.46 s)
21700000 of 30000000 tuples (72%) done (elapsed 14.10 s, remaining 5.39 s)
21800000 of 30000000 tuples (72%) done (elapsed 14.16 s, remaining 5.33 s)
21900000 of 30000000 tuples (73%) done (elapsed 14.23 s, remaining 5.26 s)
22000000 of 30000000 tuples (73%) done (elapsed 14.37 s, remaining 5.22 s)
22100000 of 30000000 tuples (73%) done (elapsed 14.44 s, remaining 5.16 s)
22200000 of 30000000 tuples (74%) done (elapsed 14.51 s, remaining 5.10 s)
22300000 of 30000000 tuples (74%) done (elapsed 14.57 s, remaining 5.03 s)
22400000 of 30000000 tuples (74%) done (elapsed 14.64 s, remaining 4.97 s)
22500000 of 30000000 tuples (75%) done (elapsed 14.70 s, remaining 4.90 s)
22600000 of 30000000 tuples (75%) done (elapsed 14.77 s, remaining 4.83 s)
22700000 of 30000000 tuples (75%) done (elapsed 14.83 s, remaining 4.77 s)
22800000 of 30000000 tuples (76%) done (elapsed 14.89 s, remaining 4.70 s)
22900000 of 30000000 tuples (76%) done (elapsed 14.96 s, remaining 4.64 s)
23000000 of 30000000 tuples (76%) done (elapsed 15.02 s, remaining 4.57 s)
23100000 of 30000000 tuples (77%) done (elapsed 15.09 s, remaining 4.51 s)
23200000 of 30000000 tuples (77%) done (elapsed 15.15 s, remaining 4.44 s)
23300000 of 30000000 tuples (77%) done (elapsed 15.22 s, remaining 4.38 s)
23400000 of 30000000 tuples (78%) done (elapsed 15.28 s, remaining 4.31 s)
23500000 of 30000000 tuples (78%) done (elapsed 15.35 s, remaining 4.24 s)
23600000 of 30000000 tuples (78%) done (elapsed 15.41 s, remaining 4.18 s)
23700000 of 30000000 tuples (79%) done (elapsed 15.48 s, remaining 4.11 s)
23800000 of 30000000 tuples (79%) done (elapsed 15.54 s, remaining 4.05 s)
23900000 of 30000000 tuples (79%) done (elapsed 15.60 s, remaining 3.98 s)
24000000 of 30000000 tuples (80%) done (elapsed 15.67 s, remaining 3.92 s)
24100000 of 30000000 tuples (80%) done (elapsed 15.73 s, remaining 3.85 s)
24200000 of 30000000 tuples (80%) done (elapsed 15.80 s, remaining 3.79 s)
24300000 of 30000000 tuples (81%) done (elapsed 15.87 s, remaining 3.72 s)
24400000 of 30000000 tuples (81%) done (elapsed 15.94 s, remaining 3.66 s)
24500000 of 30000000 tuples (81%) done (elapsed 16.00 s, remaining 3.59 s)
24600000 of 30000000 tuples (82%) done (elapsed 16.07 s, remaining 3.53 s)
24700000 of 30000000 tuples (82%) done (elapsed 16.13 s, remaining 3.46 s)
24800000 of 30000000 tuples (82%) done (elapsed 16.20 s, remaining 3.40 s)
24900000 of 30000000 tuples (83%) done (elapsed 16.26 s, remaining 3.33 s)
25000000 of 30000000 tuples (83%) done (elapsed 16.33 s, remaining 3.27 s)
25100000 of 30000000 tuples (83%) done (elapsed 16.39 s, remaining 3.20 s)
25200000 of 30000000 tuples (84%) done (elapsed 16.46 s, remaining 3.13 s)
25300000 of 30000000 tuples (84%) done (elapsed 16.52 s, remaining 3.07 s)
25400000 of 30000000 tuples (84%) done (elapsed 16.59 s, remaining 3.00 s)
25500000 of 30000000 tuples (85%) done (elapsed 16.65 s, remaining 2.94 s)
25600000 of 30000000 tuples (85%) done (elapsed 16.72 s, remaining 2.87 s)
25700000 of 30000000 tuples (85%) done (elapsed 16.78 s, remaining 2.81 s)
25800000 of 30000000 tuples (86%) done (elapsed 16.84 s, remaining 2.74 s)
25900000 of 30000000 tuples (86%) done (elapsed 16.91 s, remaining 2.68 s)
26000000 of 30000000 tuples (86%) done (elapsed 16.97 s, remaining 2.61 s)
26100000 of 30000000 tuples (87%) done (elapsed 17.04 s, remaining 2.55 s)
26200000 of 30000000 tuples (87%) done (elapsed 17.10 s, remaining 2.48 s)
26300000 of 30000000 tuples (87%) done (elapsed 17.17 s, remaining 2.42 s)
26400000 of 30000000 tuples (88%) done (elapsed 17.23 s, remaining 2.35 s)
26500000 of 30000000 tuples (88%) done (elapsed 17.30 s, remaining 2.28 s)
26600000 of 30000000 tuples (88%) done (elapsed 17.36 s, remaining 2.22 s)
26700000 of 30000000 tuples (89%) done (elapsed 17.43 s, remaining 2.15 s)
26800000 of 30000000 tuples (89%) done (elapsed 17.49 s, remaining 2.09 s)
26900000 of 30000000 tuples (89%) done (elapsed 17.56 s, remaining 2.02 s)
27000000 of 30000000 tuples (90%) done (elapsed 17.62 s, remaining 1.96 s)
27100000 of 30000000 tuples (90%) done (elapsed 17.69 s, remaining 1.89 s)
27200000 of 30000000 tuples (90%) done (elapsed 17.75 s, remaining 1.83 s)
27300000 of 30000000 tuples (91%) done (elapsed 17.82 s, remaining 1.76 s)
27400000 of 30000000 tuples (91%) done (elapsed 17.89 s, remaining 1.70 s)
27500000 of 30000000 tuples (91%) done (elapsed 17.95 s, remaining 1.63 s)
27600000 of 30000000 tuples (92%) done (elapsed 18.02 s, remaining 1.57 s)
27700000 of 30000000 tuples (92%) done (elapsed 18.08 s, remaining 1.50 s)
27800000 of 30000000 tuples (92%) done (elapsed 18.15 s, remaining 1.44 s)
27900000 of 30000000 tuples (93%) done (elapsed 18.21 s, remaining 1.37 s)
28000000 of 30000000 tuples (93%) done (elapsed 18.28 s, remaining 1.31 s)
28100000 of 30000000 tuples (93%) done (elapsed 18.34 s, remaining 1.24 s)
28200000 of 30000000 tuples (94%) done (elapsed 18.41 s, remaining 1.17 s)
28300000 of 30000000 tuples (94%) done (elapsed 18.47 s, remaining 1.11 s)
28400000 of 30000000 tuples (94%) done (elapsed 18.54 s, remaining 1.04 s)
28500000 of 30000000 tuples (95%) done (elapsed 18.60 s, remaining 0.98 s)
28600000 of 30000000 tuples (95%) done (elapsed 18.67 s, remaining 0.91 s)
28700000 of 30000000 tuples (95%) done (elapsed 18.73 s, remaining 0.85 s)
28800000 of 30000000 tuples (96%) done (elapsed 18.80 s, remaining 0.78 s)
28900000 of 30000000 tuples (96%) done (elapsed 18.86 s, remaining 0.72 s)
29000000 of 30000000 tuples (96%) done (elapsed 18.93 s, remaining 0.65 s)
29100000 of 30000000 tuples (97%) done (elapsed 18.99 s, remaining 0.59 s)
29200000 of 30000000 tuples (97%) done (elapsed 19.05 s, remaining 0.52 s)
29300000 of 30000000 tuples (97%) done (elapsed 19.12 s, remaining 0.46 s)
29400000 of 30000000 tuples (98%) done (elapsed 19.18 s, remaining 0.39 s)
29500000 of 30000000 tuples (98%) done (elapsed 19.31 s, remaining 0.33 s)
29600000 of 30000000 tuples (98%) done (elapsed 19.39 s, remaining 0.26 s)
29700000 of 30000000 tuples (99%) done (elapsed 19.46 s, remaining 0.20 s)
29800000 of 30000000 tuples (99%) done (elapsed 19.52 s, remaining 0.13 s)
29900000 of 30000000 tuples (99%) done (elapsed 19.59 s, remaining 0.07 s)
30000000 of 30000000 tuples (100%) done (elapsed 19.65 s, remaining 0.00 s)
vacuum...
set primary keys...
NOTICE:  ALTER TABLE / ADD PRIMARY KEY will create implicit index "pgbench_branches_pkey" for table "pgbench_branches"
NOTICE:  ALTER TABLE / ADD PRIMARY KEY will create implicit index "pgbench_tellers_pkey" for table "pgbench_tellers"
NOTICE:  ALTER TABLE / ADD PRIMARY KEY will create implicit index "pgbench_accounts_pkey" for table "pgbench_accounts"
done.
starting vacuum...end.
transaction type: <builtin: TPC-B (sort of)>
scaling factor: 300
query mode: simple
number of clients: 32
number of threads: 4
duration: 60 s
number of transactions actually processed: 3093
latency average: 620.757 ms
tps = 51.354795 (including connections establishing)
tps = 51.356629 (excluding connections establishing)
script statistics:
 - statement latencies in milliseconds:
         0.003  \set aid random(1, 100000 * :scale)
         0.001  \set bid random(1, 1 * :scale)
         0.001  \set tid random(1, 10 * :scale)
         0.001  \set delta random(-5000, 5000)
         0.112  BEGIN;
       241.345  UPDATE pgbench_accounts SET abalance = abalance + :delta WHERE aid = :aid;
         3.498  SELECT abalance FROM pgbench_accounts WHERE aid = :aid;
       138.156  UPDATE pgbench_tellers SET tbalance = tbalance + :delta WHERE tid = :tid;
        85.888  UPDATE pgbench_branches SET bbalance = bbalance + :delta WHERE bid = :bid;
        56.035  INSERT INTO pgbench_history (tid, bid, aid, delta, mtime) VALUES (:tid, :bid, :aid, :delta, CURRENT_TIMESTAMP);
        97.423  END;
starting vacuum...end.
transaction type: <builtin: TPC-B (sort of)>
scaling factor: 300
query mode: simple
number of clients: 32
number of threads: 4
duration: 60 s
number of transactions actually processed: 1896
latency average: 1012.658 ms
tps = 31.380820 (including connections establishing)
tps = 31.381964 (excluding connections establishing)
script statistics:
 - statement latencies in milliseconds:
         0.002  \set aid random(1, 100000 * :scale)
         0.001  \set bid random(1, 1 * :scale)
         0.001  \set tid random(1, 10 * :scale)
         0.001  \set delta random(-5000, 5000)
         0.153  BEGIN;
       594.810  UPDATE pgbench_accounts SET abalance = abalance + :delta WHERE aid = :aid;
         4.324  SELECT abalance FROM pgbench_accounts WHERE aid = :aid;
       145.879  UPDATE pgbench_tellers SET tbalance = tbalance + :delta WHERE tid = :tid;
        70.786  UPDATE pgbench_branches SET bbalance = bbalance + :delta WHERE bid = :bid;
        44.794  INSERT INTO pgbench_history (tid, bid, aid, delta, mtime) VALUES (:tid, :bid, :aid, :delta, CURRENT_TIMESTAMP);
       158.494  END;
starting vacuum...end.
transaction type: <builtin: TPC-B (sort of)>
scaling factor: 300
query mode: simple
number of clients: 32
number of threads: 4
duration: 60 s
number of transactions actually processed: 1405
latency average: 1366.548 ms
tps = 23.307994 (including connections establishing)
tps = 23.308636 (excluding connections establishing)
script statistics:
 - statement latencies in milliseconds:
         0.003  \set aid random(1, 100000 * :scale)
         0.001  \set bid random(1, 1 * :scale)
         0.001  \set tid random(1, 10 * :scale)
         0.001  \set delta random(-5000, 5000)
         0.123  BEGIN;
       669.566  UPDATE pgbench_accounts SET abalance = abalance + :delta WHERE aid = :aid;
        12.153  SELECT abalance FROM pgbench_accounts WHERE aid = :aid;
       202.178  UPDATE pgbench_tellers SET tbalance = tbalance + :delta WHERE tid = :tid;
       128.670  UPDATE pgbench_branches SET bbalance = bbalance + :delta WHERE bid = :bid;
       105.529  INSERT INTO pgbench_history (tid, bid, aid, delta, mtime) VALUES (:tid, :bid, :aid, :delta, CURRENT_TIMESTAMP);
       251.995  END;
starting vacuum...end.
transaction type: <builtin: TPC-B (sort of)>
scaling factor: 300
query mode: simple
number of clients: 32
number of threads: 4
duration: 900 s
number of transactions actually processed: 23689
latency average: 1215.754 ms
tps = 26.255547 (including connections establishing)
tps = 26.255593 (excluding connections establishing)
script statistics:
 - statement latencies in milliseconds:
         0.003  \set aid random(1, 100000 * :scale)
         0.001  \set bid random(1, 1 * :scale)
         0.001  \set tid random(1, 10 * :scale)
         0.001  \set delta random(-5000, 5000)
         0.144  BEGIN;
       652.731  UPDATE pgbench_accounts SET abalance = abalance + :delta WHERE aid = :aid;
         0.435  SELECT abalance FROM pgbench_accounts WHERE aid = :aid;
       185.363  UPDATE pgbench_tellers SET tbalance = tbalance + :delta WHERE tid = :tid;
       104.070  UPDATE pgbench_branches SET bbalance = bbalance + :delta WHERE bid = :bid;
        69.197  INSERT INTO pgbench_history (tid, bid, aid, delta, mtime) VALUES (:tid, :bid, :aid, :delta, CURRENT_TIMESTAMP);
       207.093  END;
starting vacuum...end.
transaction type: <builtin: TPC-B (sort of)>
scaling factor: 300
query mode: simple
number of clients: 32
number of threads: 4
duration: 900 s
number of transactions actually processed: 22698
latency average: 1268.834 ms
tps = 25.188676 (including connections establishing)
tps = 25.188724 (excluding connections establishing)
script statistics:
 - statement latencies in milliseconds:
         0.003  \set aid random(1, 100000 * :scale)
         0.001  \set bid random(1, 1 * :scale)
         0.001  \set tid random(1, 10 * :scale)
         0.001  \set delta random(-5000, 5000)
         0.132  BEGIN;
       674.310  UPDATE pgbench_accounts SET abalance = abalance + :delta WHERE aid = :aid;
         1.551  SELECT abalance FROM pgbench_accounts WHERE aid = :aid;
       196.081  UPDATE pgbench_tellers SET tbalance = tbalance + :delta WHERE tid = :tid;
       109.140  UPDATE pgbench_branches SET bbalance = bbalance + :delta WHERE bid = :bid;
        70.123  INSERT INTO pgbench_history (tid, bid, aid, delta, mtime) VALUES (:tid, :bid, :aid, :delta, CURRENT_TIMESTAMP);
       219.311  END;
========================================================================
Testing 2009-07-02-REL9_0_0~1855
Start Time: 2016-07-30 04:47:06+00:00
Linux 3.16.0-4-amd64 (Debian-83-jessie-64-minimal) 	30.07.16 	_x86_64_	(8 CPU)

starting vacuum...end.
transaction type: <builtin: TPC-B (sort of)>
scaling factor: 300
query mode: simple
number of clients: 32
number of threads: 4
duration: 900 s
number of transactions actually processed: 24678
latency average: 1167.031 ms
tps = 27.399960 (including connections establishing)
tps = 27.400012 (excluding connections establishing)
script statistics:
 - statement latencies in milliseconds:
         0.003  \set aid random(1, 100000 * :scale)
         0.001  \set bid random(1, 1 * :scale)
         0.001  \set tid random(1, 10 * :scale)
         0.001  \set delta random(-5000, 5000)
         0.136  BEGIN;
       561.083  UPDATE pgbench_accounts SET abalance = abalance + :delta WHERE aid = :aid;
         0.615  SELECT abalance FROM pgbench_accounts WHERE aid = :aid;
       195.180  UPDATE pgbench_tellers SET tbalance = tbalance + :delta WHERE tid = :tid;
       117.754  UPDATE pgbench_branches SET bbalance = bbalance + :delta WHERE bid = :bid;
        75.499  INSERT INTO pgbench_history (tid, bid, aid, delta, mtime) VALUES (:tid, :bid, :aid, :delta, CURRENT_TIMESTAMP);
       218.254  END;
avg-cpu:  %user   %nice %system %iowait  %steal   %idle
           0,36    0,00    0,20   10,22    0,00   89,21

Device:         rrqm/s   wrqm/s     r/s     w/s    rkB/s    wkB/s avgrq-sz avgqu-sz   await r_await w_await  svctm  %util
sdb               0,00     1,24    2,29  128,50    18,92   883,92    13,81    22,32  170,66   27,73  173,20   4,79  62,64
sda               0,04     1,24   21,28  128,49   179,50   883,92    14,20    10,23   68,31   37,75   73,38   5,39  80,73
md0               0,00     0,00    0,12    0,00     0,49     0,00     8,00     0,00    0,00    0,00    0,00   0,00   0,00
md1               0,00     0,00    0,00    0,00     0,00     0,00     0,00     0,00    0,00    0,00    0,00   0,00   0,00
md2               0,00     0,00   23,48  129,30   197,92   882,84    14,15     0,00    0,00    0,00    0,00   0,00   0,00
md3               0,00     0,00    0,00    0,01     0,00     0,04     8,00     0,00    0,00    0,00    0,00   0,00   0,00

End Time: 2016-07-30 05:02:36+00:00
========================================================================
========================================================================
Testing 2009-07-02-REL9_0_0~1855
Start Time: 2016-08-06 19:49:23+00:00
Shared Buffers:  260000
Linux 3.16.0-4-amd64 (Debian-83-jessie-64-minimal) 	06.08.16 	_x86_64_	(8 CPU)

starting vacuum...end.
transaction type: <builtin: TPC-B (sort of)>
scaling factor: 300
query mode: simple
number of clients: 32
number of threads: 4
duration: 900 s
number of transactions actually processed: 25902
latency average: 1111.883 ms
tps = 28.778247 (including connections establishing)
tps = 28.778297 (excluding connections establishing)
script statistics:
 - statement latencies in milliseconds:
         0.003  \set aid random(1, 100000 * :scale)
         0.001  \set bid random(1, 1 * :scale)
         0.001  \set tid random(1, 10 * :scale)
         0.001  \set delta random(-5000, 5000)
         0.127  BEGIN;
       516.614  UPDATE pgbench_accounts SET abalance = abalance + :delta WHERE aid = :aid;
         0.700  SELECT abalance FROM pgbench_accounts WHERE aid = :aid;
       185.431  UPDATE pgbench_tellers SET tbalance = tbalance + :delta WHERE tid = :tid;
       116.258  UPDATE pgbench_branches SET bbalance = bbalance + :delta WHERE bid = :bid;
        76.887  INSERT INTO pgbench_history (tid, bid, aid, delta, mtime) VALUES (:tid, :bid, :aid, :delta, CURRENT_TIMESTAMP);
       215.802  END;
avg-cpu:  %user   %nice %system %iowait  %steal   %idle
           0,37    0,00    0,22   10,29    0,00   89,12

Device:         rrqm/s   wrqm/s     r/s     w/s    rkB/s    wkB/s avgrq-sz avgqu-sz   await r_await w_await  svctm  %util
sdb               0,00     1,28    2,35  129,50    19,42   884,11    13,71    13,80  104,24   26,65  105,65   4,11  54,25
sda               0,01     1,28   22,11  129,50   186,86   884,10    14,13    15,75  103,55   37,47  114,83   5,75  87,23
md0               0,00     0,00    0,03    0,03     0,13     0,11     8,00     0,00    0,00    0,00    0,00   0,00   0,00
md1               0,00     0,00    0,00    0,00     0,00     0,00     0,00     0,00    0,00    0,00    0,00   0,00   0,00
md2               0,00     0,00   24,44  130,45   206,15   884,08    14,08     0,00    0,00    0,00    0,00   0,00   0,00
md3               0,00     0,00    0,00    0,01     0,00     0,04     8,00     0,00    0,00    0,00    0,00   0,00   0,00

Control File Changes
--- /usr/local/oldpgsql/2009-07-02-REL9_0_0~1855/before.controldata	2016-08-06 21:49:23.945139933 +0200
+++ /usr/local/oldpgsql/2009-07-02-REL9_0_0~1855/after.controldata	2016-08-06 22:05:51.435369272 +0200
@@ -2,16 +2,16 @@
 Catalog version number:               200904091
 Database system identifier:           6255558329789939497
 Database cluster state:               in production
-pg_control last modified:             сб, 06-сер-2016 21:49:23 +0200
-Latest checkpoint location:           0/80C9B3A0
-Prior checkpoint location:            0/753CE600
-Latest checkpoint's REDO location:    0/80C9B3A0
+pg_control last modified:             сб, 06-сер-2016 22:05:51 +0200
+Latest checkpoint location:           0/9766D308
+Prior checkpoint location:            0/9766D2C0
+Latest checkpoint's REDO location:    0/9766D308
 Latest checkpoint's TimeLineID:       1
-Latest checkpoint's NextXID:          0/81374
-Latest checkpoint's NextOID:          16451
+Latest checkpoint's NextXID:          0/107317
+Latest checkpoint's NextOID:          24643
 Latest checkpoint's NextMultiXactId:  1
 Latest checkpoint's NextMultiOffset:  0
-Time of latest checkpoint:            сб, 06-сер-2016 21:49:00 +0200
+Time of latest checkpoint:            сб, 06-сер-2016 22:05:38 +0200
 Minimum recovery ending location:     0/0
 Maximum data alignment:               8
 Database block size:                  8192
End Time: 2016-08-06 20:05:51+00:00
========================================================================
========================================================================
Testing 2009-07-02-REL9_0_0~1855
Start Time: 2016-08-09 01:50:32+00:00
Shared Buffers:  260000
size before pgbench of pgbench_branches: 8
size before pgbench of pgbench_tellers: 8
size before pgbench of pgbench_accounts: 64
size before pgbench of pgbench_branches_pkey: 32
size before pgbench of pgbench_tellers_pkey: 96
size before pgbench of pgbench_accounts_pkey: 658092
size before pgbench of pgbench_history: 24
total size before pgbench: 658324
Linux 3.16.0-4-amd64 (Debian-83-jessie-64-minimal) 	09.08.16 	_x86_64_	(8 CPU)

starting vacuum...end.
transaction type: <builtin: select only>
scaling factor: 300
query mode: simple
number of clients: 32
number of threads: 4
duration: 60 s
number of transactions actually processed: 72729
latency average: 26.399 ms
tps = 1209.600867 (including connections establishing)
tps = 1209.632390 (excluding connections establishing)
script statistics:
 - statement latencies in milliseconds:
         0.002  \set aid random(1, 100000 * :scale)
        26.420  SELECT abalance FROM pgbench_accounts WHERE aid = :aid;
avg-cpu:  %user   %nice %system %iowait  %steal   %idle
           1,21    0,00    0,74   30,11    0,00   67,95

Device:         rrqm/s   wrqm/s     r/s     w/s    rkB/s    wkB/s avgrq-sz avgqu-sz   await r_await w_await  svctm  %util
sdb               0,04     7,53  277,18    1,36  2568,76    36,67    18,71    13,52   48,55   40,78 1636,92   2,43  67,74
sda               0,56     7,53  279,91    1,36  2619,33    36,67    18,89    18,38   65,35   43,15 4648,20   2,42  68,17
md0               0,00     0,00    0,91    6,94     3,64    27,78     8,00     0,00    0,00    0,00    0,00   0,00   0,00
md1               0,00     0,00    0,00    0,00     0,00     0,00     0,00     0,00    0,00    0,00    0,00   0,00   0,00
md2               0,00     0,00  556,78    1,12  5184,44     6,84    18,61     0,00    0,00    0,00    0,00   0,00   0,00
md3               0,00     0,00    0,00    0,10     0,00     0,40     8,00     0,00    0,00    0,00    0,00   0,00   0,00

Control File Changes
--- /usr/local/oldpgsql/2009-07-02-REL9_0_0~1855/before.controldata	2016-08-09 03:55:50.880887850 +0200
+++ /usr/local/oldpgsql/2009-07-02-REL9_0_0~1855/after.controldata	2016-08-09 03:57:22.528977892 +0200
@@ -5,4 +5,4 @@
-pg_control last modified:             Tue Aug  9 01:55:50 2016
-Latest checkpoint location:           0/A37FCA98
-Prior checkpoint location:            0/9766D350
-Latest checkpoint's REDO location:    0/A37FCA98
+pg_control last modified:             Tue Aug  9 01:57:22 2016
+Latest checkpoint location:           0/A37FE948
+Prior checkpoint location:            0/A37FCA98
+Latest checkpoint's REDO location:    0/A37FE948
@@ -10,2 +10,2 @@
-Latest checkpoint's NextXID:          0/107317
-Latest checkpoint's NextOID:          16452
+Latest checkpoint's NextXID:          0/107318
+Latest checkpoint's NextOID:          24644
@@ -14 +14 @@
-Time of latest checkpoint:            Tue Aug  9 01:55:18 2016
+Time of latest checkpoint:            Tue Aug  9 01:57:20 2016
size after pgbench of pgbench_branches: 8
size after pgbench of pgbench_tellers: 8
size after pgbench of pgbench_accounts: 64
size after pgbench of pgbench_branches_pkey: 32
size after pgbench of pgbench_tellers_pkey: 96
size after pgbench of pgbench_accounts_pkey: 658092
size after pgbench of pgbench_history: 0
total size after pgbench: 658300
End Time: 2016-08-09 01:57:22+00:00
========================================================================
========================================================================
Testing 2009-07-02-REL9_0_0~1855
Start Time: 2016-08-10 04:35:43+00:00
Shared Buffers:  260000
size before pgbench of pgbench_branches: 8
size before pgbench of pgbench_tellers: 8
size before pgbench of pgbench_accounts: 64
size before pgbench of pgbench_branches_pkey: 32
size before pgbench of pgbench_tellers_pkey: 96
size before pgbench of pgbench_accounts_pkey: 658092
size before pgbench of pgbench_history: 0
total size before pgbench: 658300
Linux 3.16.0-4-amd64 (Debian-83-jessie-64-minimal) 	10.08.16 	_x86_64_	(8 CPU)

starting vacuum...end.
transaction type: <builtin: select only>
scaling factor: 300
query mode: simple
number of clients: 32
number of threads: 4
duration: 60 s
number of transactions actually processed: 73316
latency average: 26.188 ms
tps = 1220.347025 (including connections establishing)
tps = 1220.379269 (excluding connections establishing)
script statistics:
 - statement latencies in milliseconds:
         0.002  \set aid random(1, 100000 * :scale)
        26.226  SELECT abalance FROM pgbench_accounts WHERE aid = :aid;
avg-cpu:  %user   %nice %system %iowait  %steal   %idle
           1,24    0,00    0,72   29,42    0,00   68,62

Device:         rrqm/s   wrqm/s     r/s     w/s    rkB/s    wkB/s avgrq-sz avgqu-sz   await r_await w_await  svctm  %util
sdb               0,01     5,22  282,53    1,56  2631,29    28,86    18,73    15,42   54,27   43,00 2101,57   2,37  67,41
sda               0,67     5,23  278,91    1,54  2619,29    28,86    18,88    19,47   69,39   42,85 4862,47   2,41  67,70
md0               0,00     0,00    0,89    4,23     3,56    16,93     8,00     0,00    0,00    0,00    0,00   0,00   0,00
md1               0,00     0,00    0,00    0,00     0,00     0,00     0,00     0,00    0,00    0,00    0,00   0,00   0,00
md2               0,00     0,00  561,24    1,60  5247,02     9,64    18,68     0,00    0,00    0,00    0,00   0,00   0,00
md3               0,00     0,00    0,00    0,10     0,00     0,40     8,00     0,00    0,00    0,00    0,00   0,00   0,00

Control File Changes
--- /usr/local/oldpgsql/2009-07-02-REL9_0_0~1855/before.controldata	2016-08-10 06:36:20.989432385 +0200
+++ /usr/local/oldpgsql/2009-07-02-REL9_0_0~1855/after.controldata	2016-08-10 06:37:52.137635838 +0200
@@ -5,4 +5,4 @@
-pg_control last modified:             Wed Aug 10 04:36:20 2016
-Latest checkpoint location:           0/A37FE9D8
-Prior checkpoint location:            0/A37FE990
-Latest checkpoint's REDO location:    0/A37FE9D8
+pg_control last modified:             Wed Aug 10 04:37:51 2016
+Latest checkpoint location:           0/A3800888
+Prior checkpoint location:            0/A37FE9D8
+Latest checkpoint's REDO location:    0/A3800888
@@ -10,2 +10,2 @@
-Latest checkpoint's NextXID:          0/107318
-Latest checkpoint's NextOID:          16453
+Latest checkpoint's NextXID:          0/107319
+Latest checkpoint's NextOID:          24645
@@ -14 +14 @@
-Time of latest checkpoint:            Wed Aug 10 04:36:20 2016
+Time of latest checkpoint:            Wed Aug 10 04:37:51 2016
size after pgbench of pgbench_branches: 8
size after pgbench of pgbench_tellers: 8
size after pgbench of pgbench_accounts: 64
size after pgbench of pgbench_branches_pkey: 32
size after pgbench of pgbench_tellers_pkey: 96
size after pgbench of pgbench_accounts_pkey: 658092
size after pgbench of pgbench_history: 0
total size after pgbench: 658300
End Time: 2016-08-10 04:37:52+00:00
========================================================================
========================================================================
Testing 2009-07-02-REL9_0_0~1855
Start Time: 2016-08-11 04:10:59+00:00
Shared Buffers:  260000
size before pgbench of pgbench_branches: 8
size before pgbench of pgbench_tellers: 8
size before pgbench of pgbench_accounts: 64
size before pgbench of pgbench_branches_pkey: 32
size before pgbench of pgbench_tellers_pkey: 96
size before pgbench of pgbench_accounts_pkey: 658092
size before pgbench of pgbench_history: 0
total size before pgbench: 658300
Linux 3.16.0-4-amd64 (Debian-83-jessie-64-minimal) 	11.08.16 	_x86_64_	(8 CPU)

starting vacuum...end.
transaction type: <builtin: select only>
scaling factor: 300
query mode: simple
number of clients: 32
number of threads: 4
duration: 60 s
number of transactions actually processed: 70659
latency average: 27.173 ms
tps = 1175.392756 (including connections establishing)
tps = 1175.427390 (excluding connections establishing)
script statistics:
 - statement latencies in milliseconds:
         0.002  \set aid random(1, 100000 * :scale)
        27.179  SELECT abalance FROM pgbench_accounts WHERE aid = :aid;
avg-cpu:  %user   %nice %system %iowait  %steal   %idle
           1,16    0,00    0,72   29,18    0,00   68,93

Device:         rrqm/s   wrqm/s     r/s     w/s    rkB/s    wkB/s avgrq-sz avgqu-sz   await r_await w_await  svctm  %util
sdb               0,00     8,56  275,04    1,54  2535,82    42,16    18,64    15,66   56,60   43,66 2362,62   2,44  67,45
sda               0,04     8,56  274,67    1,54  2543,29    42,16    18,72    16,81   60,85   42,60 3306,01   2,45  67,55
md0               0,00     0,00    0,13    7,76     0,53    31,02     8,00     0,00    0,00    0,00    0,00   0,00   0,00
md1               0,00     0,00    0,00    0,00     0,00     0,00     0,00     0,00    0,00    0,00    0,00   0,00   0,00
md2               0,00     0,00  549,63    1,41  5078,58     8,89    18,46     0,00    0,00    0,00    0,00   0,00   0,00
md3               0,00     0,00    0,00    0,10     0,00     0,40     8,00     0,00    0,00    0,00    0,00   0,00   0,00

Control File Changes
--- /usr/local/oldpgsql/2009-07-02-REL9_0_0~1855/before.controldata	2016-08-11 06:11:35.759189806 +0200
+++ /usr/local/oldpgsql/2009-07-02-REL9_0_0~1855/after.controldata	2016-08-11 06:13:06.819682095 +0200
@@ -5,4 +5,4 @@
-pg_control last modified:             Thu Aug 11 04:11:35 2016
-Latest checkpoint location:           0/A3800918
-Prior checkpoint location:            0/A38008D0
-Latest checkpoint's REDO location:    0/A3800918
+pg_control last modified:             Thu Aug 11 04:13:06 2016
+Latest checkpoint location:           0/A38027C8
+Prior checkpoint location:            0/A3800918
+Latest checkpoint's REDO location:    0/A38027C8
@@ -10,2 +10,2 @@
-Latest checkpoint's NextXID:          0/107319
-Latest checkpoint's NextOID:          16454
+Latest checkpoint's NextXID:          0/107320
+Latest checkpoint's NextOID:          24646
@@ -14 +14 @@
-Time of latest checkpoint:            Thu Aug 11 04:11:35 2016
+Time of latest checkpoint:            Thu Aug 11 04:13:05 2016
size after pgbench of pgbench_branches: 8
size after pgbench of pgbench_tellers: 8
size after pgbench of pgbench_accounts: 64
size after pgbench of pgbench_branches_pkey: 32
size after pgbench of pgbench_tellers_pkey: 96
size after pgbench of pgbench_accounts_pkey: 658092
size after pgbench of pgbench_history: 0
total size after pgbench: 658300
End Time: 2016-08-11 04:13:06+00:00
========================================================================
========================================================================
Testing 2009-07-02-REL9_0_0~1855
Start Time: 2016-08-11 18:20:34+00:00
Shared Buffers:  260000
size before pgbench of pgbench_branches: 8
size before pgbench of pgbench_tellers: 8
size before pgbench of pgbench_accounts: 64
size before pgbench of pgbench_branches_pkey: 32
size before pgbench of pgbench_tellers_pkey: 96
size before pgbench of pgbench_accounts_pkey: 658092
size before pgbench of pgbench_history: 0
total size before pgbench: 658300
Linux 3.16.0-4-amd64 (Debian-83-jessie-64-minimal) 	11.08.16 	_x86_64_	(8 CPU)

starting vacuum...end.
transaction type: <builtin: select only>
scaling factor: 300
query mode: simple
number of clients: 32
number of threads: 4
duration: 60 s
number of transactions actually processed: 71785
latency average: 26.747 ms
tps = 1193.936761 (including connections establishing)
tps = 1193.973854 (excluding connections establishing)
script statistics:
 - statement latencies in milliseconds:
         0.002  \set aid random(1, 100000 * :scale)
        26.776  SELECT abalance FROM pgbench_accounts WHERE aid = :aid;
avg-cpu:  %user   %nice %system %iowait  %steal   %idle
           1,19    0,00    0,69   30,36    0,00   67,76

Device:         rrqm/s   wrqm/s     r/s     w/s    rkB/s    wkB/s avgrq-sz avgqu-sz   await r_await w_await  svctm  %util
sdb               0,01     5,19  274,68    1,72  2572,49    29,06    18,82    15,65   56,62   43,54 2143,46   2,44  67,52
sda               0,00     5,19  278,60    1,72  2604,58    29,06    18,79    17,63   62,89   43,29 3232,15   2,41  67,52
md0               0,00     0,00    0,00    4,34     0,00    17,38     8,00     0,00    0,00    0,00    0,00   0,00   0,00
md1               0,00     0,00    0,00    0,00     0,00     0,00     0,00     0,00    0,00    0,00    0,00   0,00   0,00
md2               0,00     0,00  553,30    1,57  5177,07     9,29    18,69     0,00    0,00    0,00    0,00   0,00   0,00
md3               0,00     0,00    0,00    0,10     0,00     0,40     8,00     0,00    0,00    0,00    0,00   0,00   0,00

Control File Changes
--- /usr/local/oldpgsql/2009-07-02-REL9_0_0~1855/before.controldata	2016-08-11 20:21:12.502505389 +0200
+++ /usr/local/oldpgsql/2009-07-02-REL9_0_0~1855/after.controldata	2016-08-11 20:22:43.650585714 +0200
@@ -5,4 +5,4 @@
-pg_control last modified:             Thu Aug 11 18:21:12 2016
-Latest checkpoint location:           0/A3802858
-Prior checkpoint location:            0/A3802810
-Latest checkpoint's REDO location:    0/A3802858
+pg_control last modified:             Thu Aug 11 18:22:43 2016
+Latest checkpoint location:           0/A3804708
+Prior checkpoint location:            0/A3802858
+Latest checkpoint's REDO location:    0/A3804708
@@ -10,2 +10,2 @@
-Latest checkpoint's NextXID:          0/107320
-Latest checkpoint's NextOID:          16455
+Latest checkpoint's NextXID:          0/107321
+Latest checkpoint's NextOID:          24647
@@ -14 +14 @@
-Time of latest checkpoint:            Thu Aug 11 18:21:12 2016
+Time of latest checkpoint:            Thu Aug 11 18:22:42 2016
size after pgbench of pgbench_branches: 8
size after pgbench of pgbench_tellers: 8
size after pgbench of pgbench_accounts: 64
size after pgbench of pgbench_branches_pkey: 32
size after pgbench of pgbench_tellers_pkey: 96
size after pgbench of pgbench_accounts_pkey: 658092
size after pgbench of pgbench_history: 0
total size after pgbench: 658300
End Time: 2016-08-11 18:22:43+00:00
========================================================================
========================================================================
Testing 2009-07-02-REL9_0_0~1855
Start Time: 2016-08-12 17:36:07+00:00
Shared Buffers:  260000
size before pgbench of pgbench_branches: 8
size before pgbench of pgbench_tellers: 8
size before pgbench of pgbench_accounts: 64
size before pgbench of pgbench_branches_pkey: 32
size before pgbench of pgbench_tellers_pkey: 96
size before pgbench of pgbench_accounts_pkey: 658092
size before pgbench of pgbench_history: 0
total size before pgbench: 658300
+ /usr/local/pgsql/bin/pgbench -T 60 -S -c 64 -j 4 -r
Linux 3.16.0-4-amd64 (Debian-83-jessie-64-minimal) 	12.08.16 	_x86_64_	(8 CPU)

starting vacuum...end.
transaction type: <builtin: select only>
scaling factor: 300
query mode: simple
number of clients: 64
number of threads: 4
duration: 60 s
number of transactions actually processed: 77874
latency average: 49.310 ms
tps = 1293.829634 (including connections establishing)
tps = 1293.866728 (excluding connections establishing)
script statistics:
 - statement latencies in milliseconds:
         0.002  \set aid random(1, 100000 * :scale)
        49.349  SELECT abalance FROM pgbench_accounts WHERE aid = :aid;
avg-cpu:  %user   %nice %system %iowait  %steal   %idle
           1,30    0,00    0,80   34,21    0,00   63,68

Device:         rrqm/s   wrqm/s     r/s     w/s    rkB/s    wkB/s avgrq-sz avgqu-sz   await r_await w_await  svctm  %util
sdb               0,56     5,36  290,60    1,46  2738,71    29,06    18,95    27,87   95,42   87,00 1776,34   2,32  67,70
sda               0,56     5,37  290,27    1,44  2726,27    29,06    18,89    32,17  110,26   80,85 6020,34   2,33  67,96
md0               0,00     0,00    2,28    4,66     9,11    18,62     8,00     0,00    0,00    0,00    0,00   0,00   0,00
md1               0,00     0,00    0,00    0,00     0,00     0,00     0,00     0,00    0,00    0,00    0,00   0,00   0,00
md2               0,00     0,00  579,80    1,28  5455,87     8,36    18,81     0,00    0,00    0,00    0,00   0,00   0,00
md3               0,00     0,00    0,00    0,10     0,00     0,40     8,00     0,00    0,00    0,00    0,00   0,00   0,00

Control File Changes
--- /usr/local/oldpgsql/2009-07-02-REL9_0_0~1855/before.controldata	2016-08-12 19:36:44.382185054 +0200
+++ /usr/local/oldpgsql/2009-07-02-REL9_0_0~1855/after.controldata	2016-08-12 19:38:15.546303161 +0200
@@ -5,4 +5,4 @@
-pg_control last modified:             Fri Aug 12 17:36:44 2016
-Latest checkpoint location:           0/A3804798
-Prior checkpoint location:            0/A3804750
-Latest checkpoint's REDO location:    0/A3804798
+pg_control last modified:             Fri Aug 12 17:38:15 2016
+Latest checkpoint location:           0/A3806648
+Prior checkpoint location:            0/A3804798
+Latest checkpoint's REDO location:    0/A3806648
@@ -10,2 +10,2 @@
-Latest checkpoint's NextXID:          0/107321
-Latest checkpoint's NextOID:          16456
+Latest checkpoint's NextXID:          0/107322
+Latest checkpoint's NextOID:          24648
@@ -14 +14 @@
-Time of latest checkpoint:            Fri Aug 12 17:36:43 2016
+Time of latest checkpoint:            Fri Aug 12 17:38:14 2016
size after pgbench of pgbench_branches: 8
size after pgbench of pgbench_tellers: 8
size after pgbench of pgbench_accounts: 64
size after pgbench of pgbench_branches_pkey: 32
size after pgbench of pgbench_tellers_pkey: 96
size after pgbench of pgbench_accounts_pkey: 658092
size after pgbench of pgbench_history: 0
total size after pgbench: 658300
End Time: 2016-08-12 17:38:15+00:00
========================================================================
========================================================================
Testing 2009-07-02-REL9_0_0~1855
Start Time: 2016-08-13 02:48:34+00:00
Shared Buffers:  260000
size before pgbench of pgbench_branches: 8
size before pgbench of pgbench_tellers: 8
size before pgbench of pgbench_accounts: 64
size before pgbench of pgbench_branches_pkey: 32
size before pgbench of pgbench_tellers_pkey: 96
size before pgbench of pgbench_accounts_pkey: 658092
size before pgbench of pgbench_history: 0
total size before pgbench: 658300
Linux 3.16.0-4-amd64 (Debian-83-jessie-64-minimal) 	13.08.16 	_x86_64_	(8 CPU)

starting vacuum...end.
transaction type: <builtin: select only>
scaling factor: 300
query mode: simple
number of clients: 48
number of threads: 4
duration: 60 s
number of transactions actually processed: 76961
latency average: 37.422 ms
tps = 1280.028107 (including connections establishing)
tps = 1280.064014 (excluding connections establishing)
script statistics:
 - statement latencies in milliseconds:
         0.002  \set aid random(1, 100000 * :scale)
        37.470  SELECT abalance FROM pgbench_accounts WHERE aid = :aid;
avg-cpu:  %user   %nice %system %iowait  %steal   %idle
           1,26    0,00    0,80   31,85    0,00   66,09

Device:         rrqm/s   wrqm/s     r/s     w/s    rkB/s    wkB/s avgrq-sz avgqu-sz   await r_await w_await  svctm  %util
sdb               0,08     7,01  289,61    1,66  2731,33    36,36    19,00    33,52  115,07   71,97 7653,99   2,33  67,80
sda               0,03     6,96  288,73    1,71  2712,22    36,36    18,93    21,21   73,04   53,77 3324,96   2,34  67,84
md0               0,00     0,00    0,13    6,11     0,53    24,44     8,00     0,00    0,00    0,00    0,00   0,00   0,00
md1               0,00     0,00    0,00    0,00     0,00     0,00     0,00     0,00    0,00    0,00    0,00   0,00   0,00
md2               0,00     0,00  578,38    1,58  5443,02     9,56    18,80     0,00    0,00    0,00    0,00   0,00   0,00
md3               0,00     0,00    0,00    0,11     0,00     0,44     8,00     0,00    0,00    0,00    0,00   0,00   0,00

Control File Changes
--- /usr/local/oldpgsql/2009-07-02-REL9_0_0~1855/before.controldata	2016-08-13 04:49:12.093383372 +0200
+++ /usr/local/oldpgsql/2009-07-02-REL9_0_0~1855/after.controldata	2016-08-13 04:50:42.941562840 +0200
@@ -5,4 +5,4 @@
-pg_control last modified:             Sat Aug 13 02:49:12 2016
-Latest checkpoint location:           0/A38066D8
-Prior checkpoint location:            0/A3806690
-Latest checkpoint's REDO location:    0/A38066D8
+pg_control last modified:             Sat Aug 13 02:50:42 2016
+Latest checkpoint location:           0/A3808588
+Prior checkpoint location:            0/A38066D8
+Latest checkpoint's REDO location:    0/A3808588
@@ -10,2 +10,2 @@
-Latest checkpoint's NextXID:          0/107322
-Latest checkpoint's NextOID:          16457
+Latest checkpoint's NextXID:          0/107323
+Latest checkpoint's NextOID:          24649
@@ -14 +14 @@
-Time of latest checkpoint:            Sat Aug 13 02:49:11 2016
+Time of latest checkpoint:            Sat Aug 13 02:50:42 2016
size after pgbench of pgbench_branches: 8
size after pgbench of pgbench_tellers: 8
size after pgbench of pgbench_accounts: 64
size after pgbench of pgbench_branches_pkey: 32
size after pgbench of pgbench_tellers_pkey: 96
size after pgbench of pgbench_accounts_pkey: 658092
size after pgbench of pgbench_history: 0
total size after pgbench: 658300
End Time: 2016-08-13 02:50:42+00:00
========================================================================
========================================================================
Testing 2009-07-02-REL9_0_0~1855
Start Time: 2016-08-13 08:42:08+00:00
Shared Buffers:  260000
size before pgbench of pgbench_branches: 8
size before pgbench of pgbench_tellers: 8
size before pgbench of pgbench_accounts: 64
size before pgbench of pgbench_branches_pkey: 32
size before pgbench of pgbench_tellers_pkey: 96
size before pgbench of pgbench_accounts_pkey: 658092
size before pgbench of pgbench_history: 0
total size before pgbench: 658300
Linux 3.16.0-4-amd64 (Debian-83-jessie-64-minimal) 	13.08.16 	_x86_64_	(8 CPU)

starting vacuum...end.
transaction type: <builtin: select only>
scaling factor: 300
query mode: simple
number of clients: 48
number of threads: 4
duration: 60 s
number of transactions actually processed: 76987
latency average: 37.409 ms
tps = 1281.052485 (including connections establishing)
tps = 1281.088568 (excluding connections establishing)
script statistics:
 - statement latencies in milliseconds:
         0.002  \set aid random(1, 100000 * :scale)
        37.421  SELECT abalance FROM pgbench_accounts WHERE aid = :aid;
avg-cpu:  %user   %nice %system %iowait  %steal   %idle
           1,27    0,00    0,78   33,12    0,00   64,83

Device:         rrqm/s   wrqm/s     r/s     w/s    rkB/s    wkB/s avgrq-sz avgqu-sz   await r_await w_await  svctm  %util
sdb               0,03     4,99  287,57    1,64  2702,22    28,06    18,88    21,62   74,75   62,00 2303,73   2,34  67,61
sda               0,12     4,99  290,93    1,64  2747,24    28,06    18,97    20,83   71,20   63,07 1508,65   2,32  67,77
md0               0,00     0,00    0,17    4,23     0,67    16,93     8,00     0,00    0,00    0,00    0,00   0,00   0,00
md1               0,00     0,00    0,00    0,00     0,00     0,00     0,00     0,00    0,00    0,00    0,00   0,00   0,00
md2               0,00     0,00  578,53    1,44  5448,80     8,80    18,82     0,00    0,00    0,00    0,00   0,00   0,00
md3               0,00     0,00    0,00    0,10     0,00     0,40     8,00     0,00    0,00    0,00    0,00   0,00   0,00

Control File Changes
--- /usr/local/oldpgsql/2009-07-02-REL9_0_0~1855/before.controldata	2016-08-13 10:42:45.611823548 +0200
+++ /usr/local/oldpgsql/2009-07-02-REL9_0_0~1855/after.controldata	2016-08-13 10:44:16.756033268 +0200
@@ -5,4 +5,4 @@
-pg_control last modified:             Sat Aug 13 08:42:45 2016
-Latest checkpoint location:           0/A3808618
-Prior checkpoint location:            0/A38085D0
-Latest checkpoint's REDO location:    0/A3808618
+pg_control last modified:             Sat Aug 13 08:44:16 2016
+Latest checkpoint location:           0/A380A4C8
+Prior checkpoint location:            0/A3808618
+Latest checkpoint's REDO location:    0/A380A4C8
@@ -10,2 +10,2 @@
-Latest checkpoint's NextXID:          0/107323
-Latest checkpoint's NextOID:          16458
+Latest checkpoint's NextXID:          0/107324
+Latest checkpoint's NextOID:          24650
@@ -14 +14 @@
-Time of latest checkpoint:            Sat Aug 13 08:42:45 2016
+Time of latest checkpoint:            Sat Aug 13 08:44:15 2016
size after pgbench of pgbench_branches: 8
size after pgbench of pgbench_tellers: 8
size after pgbench of pgbench_accounts: 64
size after pgbench of pgbench_branches_pkey: 32
size after pgbench of pgbench_tellers_pkey: 96
size after pgbench of pgbench_accounts_pkey: 658092
size after pgbench of pgbench_history: 0
total size after pgbench: 658300
End Time: 2016-08-13 08:44:16+00:00
========================================================================
========================================================================
Testing 2009-07-02-REL9_0_0~1855
Start Time: 2016-08-14 10:38:36+00:00
Shared Buffers:  260000
size before pgbench of pgbench_branches: 8
size before pgbench of pgbench_tellers: 8
size before pgbench of pgbench_accounts: 64
size before pgbench of pgbench_branches_pkey: 32
size before pgbench of pgbench_tellers_pkey: 96
size before pgbench of pgbench_accounts_pkey: 658092
size before pgbench of pgbench_history: 0
total size before pgbench: 658300
Linux 3.16.0-4-amd64 (Debian-83-jessie-64-minimal) 	14.08.16 	_x86_64_	(8 CPU)

starting vacuum...end.
transaction type: <builtin: TPC-B (sort of)>
scaling factor: 300
query mode: simple
number of clients: 32
number of threads: 4
duration: 900 s
number of transactions actually processed: 26569
latency average: 1083.970 ms
tps = 29.499396 (including connections establishing)
tps = 29.499453 (excluding connections establishing)
script statistics:
 - statement latencies in milliseconds:
         0.003  \set aid random(1, 100000 * :scale)
         0.001  \set bid random(1, 1 * :scale)
         0.001  \set tid random(1, 10 * :scale)
         0.001  \set delta random(-5000, 5000)
         0.137  BEGIN;
       513.701  UPDATE pgbench_accounts SET abalance = abalance + :delta WHERE aid = :aid;
         0.927  SELECT abalance FROM pgbench_accounts WHERE aid = :aid;
       181.498  UPDATE pgbench_tellers SET tbalance = tbalance + :delta WHERE tid = :tid;
       106.458  UPDATE pgbench_branches SET bbalance = bbalance + :delta WHERE bid = :bid;
        72.912  INSERT INTO pgbench_history (tid, bid, aid, delta, mtime) VALUES (:tid, :bid, :aid, :delta, CURRENT_TIMESTAMP);
       209.058  END;
avg-cpu:  %user   %nice %system %iowait  %steal   %idle
           0,39    0,00    0,22   10,30    0,00   89,09

Device:         rrqm/s   wrqm/s     r/s     w/s    rkB/s    wkB/s avgrq-sz avgqu-sz   await r_await w_await  svctm  %util
sdb               0,00     1,41    2,49  125,84    21,24   853,06    13,63    12,04   93,85   23,12   95,25   4,15  53,25
sda               0,03     1,41   22,71  125,84   191,27   853,06    14,06    14,34   96,52   37,80  107,12   5,74  85,24
md0               0,00     0,00    0,13    0,14     0,52     0,56     8,00     0,00    0,00    0,00    0,00   0,00   0,00
md1               0,00     0,00    0,00    0,00     0,00     0,00     0,00     0,00    0,00    0,00    0,00   0,00   0,00
md2               0,00     0,00   25,11  126,66   211,99   851,41    14,01     0,00    0,00    0,00    0,00   0,00   0,00
md3               0,00     0,00    0,00    0,01     0,00     0,04     8,00     0,00    0,00    0,00    0,00   0,00   0,00

Control File Changes
--- /usr/local/oldpgsql/2009-07-02-REL9_0_0~1855/before.controldata	2016-08-14 12:39:14.728300336 +0200
+++ /usr/local/oldpgsql/2009-07-02-REL9_0_0~1855/after.controldata	2016-08-14 12:55:32.834842454 +0200
@@ -5,4 +5,4 @@
-pg_control last modified:             Sun Aug 14 10:39:14 2016
-Latest checkpoint location:           0/A380A558
-Prior checkpoint location:            0/A380A510
-Latest checkpoint's REDO location:    0/A380A558
+pg_control last modified:             Sun Aug 14 10:55:32 2016
+Latest checkpoint location:           0/BA2F9EA8
+Prior checkpoint location:            0/BA2F9E60
+Latest checkpoint's REDO location:    0/BA2F9EA8
@@ -10,2 +10,2 @@
-Latest checkpoint's NextXID:          0/107324
-Latest checkpoint's NextOID:          16459
+Latest checkpoint's NextXID:          0/133935
+Latest checkpoint's NextOID:          24651
@@ -14 +14 @@
-Time of latest checkpoint:            Sun Aug 14 10:39:14 2016
+Time of latest checkpoint:            Sun Aug 14 10:55:31 2016
size after pgbench of pgbench_branches: 8
size after pgbench of pgbench_tellers: 8
size after pgbench of pgbench_accounts: 64
size after pgbench of pgbench_branches_pkey: 32
size after pgbench of pgbench_tellers_pkey: 96
size after pgbench of pgbench_accounts_pkey: 658092
size after pgbench of pgbench_history: 24
total size after pgbench: 658324
End Time: 2016-08-14 10:55:33+00:00
========================================================================
========================================================================
Testing 2009-07-02-REL9_0_0~1855
Start Time: 2016-08-18 18:06:11+00:00
Shared Buffers:  260000
size before pgbench of pgbench_branches: 8
size before pgbench of pgbench_tellers: 8
size before pgbench of pgbench_accounts: 64
size before pgbench of pgbench_branches_pkey: 32
size before pgbench of pgbench_tellers_pkey: 96
size before pgbench of pgbench_accounts_pkey: 658092
size before pgbench of pgbench_history: 24
total size before pgbench: 658324
Linux 4.6.0-1-amd64 (Debian-83-jessie-64-minimal) 	18.08.16 	_x86_64_	(8 CPU)

starting vacuum...end.
transaction type: <builtin: TPC-B (sort of)>
scaling factor: 300
query mode: simple
number of clients: 32
number of threads: 4
duration: 900 s
number of transactions actually processed: 27262
latency average: 1056.416 ms
tps = 30.274032 (including connections establishing)
tps = 30.274087 (excluding connections establishing)
script statistics:
 - statement latencies in milliseconds:
         0.002  \set aid random(1, 100000 * :scale)
         0.001  \set bid random(1, 1 * :scale)
         0.001  \set tid random(1, 10 * :scale)
         0.001  \set delta random(-5000, 5000)
         0.124  BEGIN;
       493.809  UPDATE pgbench_accounts SET abalance = abalance + :delta WHERE aid = :aid;
         0.968  SELECT abalance FROM pgbench_accounts WHERE aid = :aid;
       177.699  UPDATE pgbench_tellers SET tbalance = tbalance + :delta WHERE tid = :tid;
       108.759  UPDATE pgbench_branches SET bbalance = bbalance + :delta WHERE bid = :bid;
        68.334  INSERT INTO pgbench_history (tid, bid, aid, delta, mtime) VALUES (:tid, :bid, :aid, :delta, CURRENT_TIMESTAMP);
       207.820  END;
avg-cpu:  %user   %nice %system %iowait  %steal   %idle
           0,37    0,00    0,25   21,18    0,00   78,19

Device:         rrqm/s   wrqm/s     r/s     w/s    rkB/s    wkB/s avgrq-sz avgqu-sz   await r_await w_await  svctm  %util
sdb               0,01     1,85    3,74  129,74    31,41   877,89    13,62    16,60  124,38   23,72  127,28   4,32  57,61
sda               0,02     1,85   21,81  129,74   185,60   877,89    14,03    11,54   76,14   39,72   82,26   5,60  84,86
md0               0,00     0,00    0,10    0,01     0,40     0,03     8,00     0,00    0,00    0,00    0,00   0,00   0,00
md1               0,00     0,00    0,00    0,00     0,00     0,00     0,00     0,00    0,00    0,00    0,00   0,00   0,00
md2               0,00     0,00   25,48  131,24   216,61   877,02    13,96     0,00    0,00    0,00    0,00   0,00   0,00
md3               0,00     0,00    0,00    0,01     0,00     0,04     8,00     0,00    0,00    0,00    0,00   0,00   0,00

Control File Changes
--- /usr/local/oldpgsql/2009-07-02-REL9_0_0~1855/before.controldata	2016-08-18 20:11:14.109546443 +0200
+++ /usr/local/oldpgsql/2009-07-02-REL9_0_0~1855/after.controldata	2016-08-18 20:27:34.018101631 +0200
@@ -5,4 +5,4 @@
-pg_control last modified:             Thu Aug 18 18:11:14 2016
-Latest checkpoint location:           0/C69CBFB8
-Prior checkpoint location:            0/BA2FBEF8
-Latest checkpoint's REDO location:    0/C69CBFB8
+pg_control last modified:             Thu Aug 18 18:27:33 2016
+Latest checkpoint location:           0/DD6FA4B0
+Prior checkpoint location:            0/DD6FA468
+Latest checkpoint's REDO location:    0/DD6FA4B0
@@ -10,2 +10,2 @@
-Latest checkpoint's NextXID:          0/133935
-Latest checkpoint's NextOID:          16460
+Latest checkpoint's NextXID:          0/161238
+Latest checkpoint's NextOID:          24652
@@ -14 +14 @@
-Time of latest checkpoint:            Thu Aug 18 18:10:51 2016
+Time of latest checkpoint:            Thu Aug 18 18:27:19 2016
size after pgbench of pgbench_branches: 8
size after pgbench of pgbench_tellers: 8
size after pgbench of pgbench_accounts: 64
size after pgbench of pgbench_branches_pkey: 32
size after pgbench of pgbench_tellers_pkey: 96
size after pgbench of pgbench_accounts_pkey: 658092
size after pgbench of pgbench_history: 24
total size after pgbench: 658324
End Time: 2016-08-18 18:27:34+00:00
========================================================================
========================================================================
Testing 2009-07-02-REL9_0_0~1855
Start Time: 2016-08-20 11:10:58+00:00
Shared Buffers:  260000
size before pgbench of pgbench_branches: 8
size before pgbench of pgbench_tellers: 8
size before pgbench of pgbench_accounts: 64
size before pgbench of pgbench_branches_pkey: 32
size before pgbench of pgbench_tellers_pkey: 96
size before pgbench of pgbench_accounts_pkey: 658092
size before pgbench of pgbench_history: 24
total size before pgbench: 658324
Linux 4.6.0-1-amd64 (Debian-83-jessie-64-minimal) 	20.08.16 	_x86_64_	(8 CPU)

starting vacuum...end.
transaction type: <builtin: TPC-B (sort of)>
scaling factor: 300
query mode: simple
number of clients: 32
number of threads: 4
duration: 900 s
number of transactions actually processed: 24942
latency average: 1154.679 ms
tps = 27.701198 (including connections establishing)
tps = 27.701247 (excluding connections establishing)
script statistics:
 - statement latencies in milliseconds:
         0.002  \set aid random(1, 100000 * :scale)
         0.001  \set bid random(1, 1 * :scale)
         0.001  \set tid random(1, 10 * :scale)
         0.001  \set delta random(-5000, 5000)
         0.124  BEGIN;
       523.582  UPDATE pgbench_accounts SET abalance = abalance + :delta WHERE aid = :aid;
         1.014  SELECT abalance FROM pgbench_accounts WHERE aid = :aid;
       198.912  UPDATE pgbench_tellers SET tbalance = tbalance + :delta WHERE tid = :tid;
       123.066  UPDATE pgbench_branches SET bbalance = bbalance + :delta WHERE bid = :bid;
        79.745  INSERT INTO pgbench_history (tid, bid, aid, delta, mtime) VALUES (:tid, :bid, :aid, :delta, CURRENT_TIMESTAMP);
       228.979  END;
avg-cpu:  %user   %nice %system %iowait  %steal   %idle
           0,34    0,00    0,23   21,01    0,00   78,41

Device:         rrqm/s   wrqm/s     r/s     w/s    rkB/s    wkB/s avgrq-sz avgqu-sz   await r_await w_await  svctm  %util
sdb               0,00     1,70    3,34  113,76    28,03   784,60    13,88    18,15  155,03   25,02  158,84   5,27  61,68
sda               0,01     1,70   20,38  113,76   171,07   784,60    14,25    13,17   98,20   39,96  108,63   6,28  84,18
md0               0,00     0,00    0,07    0,01     0,27     0,02     8,00     0,00    0,00    0,00    0,00   0,00   0,00
md1               0,00     0,00    0,00    0,00     0,00     0,00     0,00     0,00    0,00    0,00    0,00   0,00   0,00
md2               0,00     0,00   23,67  115,14   198,83   783,79    14,16     0,00    0,00    0,00    0,00   0,00   0,00
md3               0,00     0,00    0,00    0,01     0,00     0,04     8,00     0,00    0,00    0,00    0,00   0,00   0,00

Control File Changes
--- /usr/local/oldpgsql/2009-07-02-REL9_0_0~1855/before.controldata	2016-08-20 13:16:28.547592788 +0200
+++ /usr/local/oldpgsql/2009-07-02-REL9_0_0~1855/after.controldata	2016-08-20 13:32:42.241020675 +0200
@@ -5,4 +5,4 @@
-pg_control last modified:             Sat Aug 20 11:16:28 2016
-Latest checkpoint location:           0/EA294588
-Prior checkpoint location:            0/DD6FA4F8
-Latest checkpoint's REDO location:    0/EA294588
+pg_control last modified:             Sat Aug 20 11:32:42 2016
+Latest checkpoint location:           0/FEA76408
+Prior checkpoint location:            0/FEA763C0
+Latest checkpoint's REDO location:    0/FEA76408
@@ -10,2 +10,2 @@
-Latest checkpoint's NextXID:          0/161238
-Latest checkpoint's NextOID:          16461
+Latest checkpoint's NextXID:          0/186221
+Latest checkpoint's NextOID:          24653
@@ -14 +14 @@
-Time of latest checkpoint:            Sat Aug 20 11:15:56 2016
+Time of latest checkpoint:            Sat Aug 20 11:32:30 2016
size after pgbench of pgbench_branches: 8
size after pgbench of pgbench_tellers: 8
size after pgbench of pgbench_accounts: 64
size after pgbench of pgbench_branches_pkey: 32
size after pgbench of pgbench_tellers_pkey: 96
size after pgbench of pgbench_accounts_pkey: 658092
size after pgbench of pgbench_history: 24
total size after pgbench: 658324
End Time: 2016-08-20 11:32:42+00:00
========================================================================
