creating tables...
100000 of 30000000 tuples (0%) done (elapsed 0.11 s, remaining 31.56 s)
200000 of 30000000 tuples (0%) done (elapsed 0.19 s, remaining 28.81 s)
300000 of 30000000 tuples (1%) done (elapsed 0.28 s, remaining 27.99 s)
400000 of 30000000 tuples (1%) done (elapsed 0.37 s, remaining 27.09 s)
500000 of 30000000 tuples (1%) done (elapsed 0.45 s, remaining 26.51 s)
600000 of 30000000 tuples (2%) done (elapsed 0.54 s, remaining 26.40 s)
700000 of 30000000 tuples (2%) done (elapsed 0.62 s, remaining 26.04 s)
800000 of 30000000 tuples (2%) done (elapsed 0.71 s, remaining 25.75 s)
900000 of 30000000 tuples (3%) done (elapsed 0.79 s, remaining 25.52 s)
1000000 of 30000000 tuples (3%) done (elapsed 0.88 s, remaining 25.59 s)
1100000 of 30000000 tuples (3%) done (elapsed 1.00 s, remaining 26.28 s)
1200000 of 30000000 tuples (4%) done (elapsed 1.08 s, remaining 26.02 s)
1300000 of 30000000 tuples (4%) done (elapsed 1.16 s, remaining 25.51 s)
1400000 of 30000000 tuples (4%) done (elapsed 1.23 s, remaining 25.14 s)
1500000 of 30000000 tuples (5%) done (elapsed 1.30 s, remaining 24.71 s)
1600000 of 30000000 tuples (5%) done (elapsed 1.37 s, remaining 24.31 s)
1700000 of 30000000 tuples (5%) done (elapsed 1.44 s, remaining 23.95 s)
1800000 of 30000000 tuples (6%) done (elapsed 1.51 s, remaining 23.73 s)
1900000 of 30000000 tuples (6%) done (elapsed 1.58 s, remaining 23.42 s)
2000000 of 30000000 tuples (6%) done (elapsed 1.65 s, remaining 23.15 s)
2100000 of 30000000 tuples (7%) done (elapsed 1.72 s, remaining 22.90 s)
2200000 of 30000000 tuples (7%) done (elapsed 1.80 s, remaining 22.73 s)
2300000 of 30000000 tuples (7%) done (elapsed 1.87 s, remaining 22.50 s)
2400000 of 30000000 tuples (8%) done (elapsed 1.94 s, remaining 22.28 s)
2500000 of 30000000 tuples (8%) done (elapsed 2.01 s, remaining 22.07 s)
2600000 of 30000000 tuples (8%) done (elapsed 2.08 s, remaining 21.94 s)
2700000 of 30000000 tuples (9%) done (elapsed 2.15 s, remaining 21.75 s)
2800000 of 30000000 tuples (9%) done (elapsed 2.22 s, remaining 21.57 s)
2900000 of 30000000 tuples (9%) done (elapsed 2.29 s, remaining 21.40 s)
3000000 of 30000000 tuples (10%) done (elapsed 2.36 s, remaining 21.28 s)
3100000 of 30000000 tuples (10%) done (elapsed 2.43 s, remaining 21.12 s)
3200000 of 30000000 tuples (10%) done (elapsed 2.50 s, remaining 20.96 s)
3300000 of 30000000 tuples (11%) done (elapsed 2.57 s, remaining 20.81 s)
3400000 of 30000000 tuples (11%) done (elapsed 2.65 s, remaining 20.71 s)
3500000 of 30000000 tuples (11%) done (elapsed 2.72 s, remaining 20.57 s)
3600000 of 30000000 tuples (12%) done (elapsed 2.79 s, remaining 20.43 s)
3700000 of 30000000 tuples (12%) done (elapsed 2.86 s, remaining 20.30 s)
3800000 of 30000000 tuples (12%) done (elapsed 2.92 s, remaining 20.17 s)
3900000 of 30000000 tuples (13%) done (elapsed 3.00 s, remaining 20.07 s)
4000000 of 30000000 tuples (13%) done (elapsed 3.07 s, remaining 19.95 s)
4100000 of 30000000 tuples (13%) done (elapsed 3.14 s, remaining 19.83 s)
4200000 of 30000000 tuples (14%) done (elapsed 3.21 s, remaining 19.71 s)
4300000 of 30000000 tuples (14%) done (elapsed 3.28 s, remaining 19.59 s)
4400000 of 30000000 tuples (14%) done (elapsed 3.35 s, remaining 19.48 s)
4500000 of 30000000 tuples (15%) done (elapsed 3.42 s, remaining 19.36 s)
4600000 of 30000000 tuples (15%) done (elapsed 3.49 s, remaining 19.28 s)
4700000 of 30000000 tuples (15%) done (elapsed 3.56 s, remaining 19.17 s)
4800000 of 30000000 tuples (16%) done (elapsed 3.63 s, remaining 19.06 s)
4900000 of 30000000 tuples (16%) done (elapsed 3.70 s, remaining 18.96 s)
5000000 of 30000000 tuples (16%) done (elapsed 3.77 s, remaining 18.85 s)
5100000 of 30000000 tuples (17%) done (elapsed 3.84 s, remaining 18.75 s)
5200000 of 30000000 tuples (17%) done (elapsed 3.91 s, remaining 18.65 s)
5300000 of 30000000 tuples (17%) done (elapsed 3.99 s, remaining 18.57 s)
5400000 of 30000000 tuples (18%) done (elapsed 4.05 s, remaining 18.47 s)
5500000 of 30000000 tuples (18%) done (elapsed 4.12 s, remaining 18.37 s)
5600000 of 30000000 tuples (18%) done (elapsed 4.19 s, remaining 18.27 s)
5700000 of 30000000 tuples (19%) done (elapsed 4.26 s, remaining 18.17 s)
5800000 of 30000000 tuples (19%) done (elapsed 4.34 s, remaining 18.10 s)
5900000 of 30000000 tuples (19%) done (elapsed 4.41 s, remaining 18.00 s)
6000000 of 30000000 tuples (20%) done (elapsed 4.48 s, remaining 17.91 s)
6100000 of 30000000 tuples (20%) done (elapsed 4.55 s, remaining 17.81 s)
6200000 of 30000000 tuples (20%) done (elapsed 4.62 s, remaining 17.74 s)
6300000 of 30000000 tuples (21%) done (elapsed 4.69 s, remaining 17.64 s)
6400000 of 30000000 tuples (21%) done (elapsed 4.76 s, remaining 17.55 s)
6500000 of 30000000 tuples (21%) done (elapsed 4.83 s, remaining 17.46 s)
6600000 of 30000000 tuples (22%) done (elapsed 4.90 s, remaining 17.37 s)
6700000 of 30000000 tuples (22%) done (elapsed 4.97 s, remaining 17.29 s)
6800000 of 30000000 tuples (22%) done (elapsed 5.04 s, remaining 17.20 s)
6900000 of 30000000 tuples (23%) done (elapsed 5.11 s, remaining 17.11 s)
7000000 of 30000000 tuples (23%) done (elapsed 5.18 s, remaining 17.02 s)
7100000 of 30000000 tuples (23%) done (elapsed 5.26 s, remaining 16.95 s)
7200000 of 30000000 tuples (24%) done (elapsed 5.33 s, remaining 16.86 s)
7300000 of 30000000 tuples (24%) done (elapsed 5.39 s, remaining 16.77 s)
7400000 of 30000000 tuples (24%) done (elapsed 5.46 s, remaining 16.69 s)
7500000 of 30000000 tuples (25%) done (elapsed 5.54 s, remaining 16.62 s)
7600000 of 30000000 tuples (25%) done (elapsed 5.61 s, remaining 16.53 s)
7700000 of 30000000 tuples (25%) done (elapsed 5.68 s, remaining 16.44 s)
7800000 of 30000000 tuples (26%) done (elapsed 5.75 s, remaining 16.35 s)
7900000 of 30000000 tuples (26%) done (elapsed 5.82 s, remaining 16.28 s)
8000000 of 30000000 tuples (26%) done (elapsed 5.89 s, remaining 16.20 s)
8100000 of 30000000 tuples (27%) done (elapsed 5.96 s, remaining 16.12 s)
8200000 of 30000000 tuples (27%) done (elapsed 6.03 s, remaining 16.03 s)
8300000 of 30000000 tuples (27%) done (elapsed 6.10 s, remaining 15.96 s)
8400000 of 30000000 tuples (28%) done (elapsed 6.17 s, remaining 15.88 s)
8500000 of 30000000 tuples (28%) done (elapsed 6.24 s, remaining 15.79 s)
8600000 of 30000000 tuples (28%) done (elapsed 6.31 s, remaining 15.71 s)
8700000 of 30000000 tuples (29%) done (elapsed 6.38 s, remaining 15.63 s)
8800000 of 30000000 tuples (29%) done (elapsed 6.45 s, remaining 15.54 s)
8900000 of 30000000 tuples (29%) done (elapsed 6.53 s, remaining 15.47 s)
9000000 of 30000000 tuples (30%) done (elapsed 6.60 s, remaining 15.39 s)
9100000 of 30000000 tuples (30%) done (elapsed 6.67 s, remaining 15.31 s)
9200000 of 30000000 tuples (30%) done (elapsed 6.74 s, remaining 15.23 s)
9300000 of 30000000 tuples (31%) done (elapsed 6.81 s, remaining 15.16 s)
9400000 of 30000000 tuples (31%) done (elapsed 6.88 s, remaining 15.08 s)
9500000 of 30000000 tuples (31%) done (elapsed 6.95 s, remaining 15.00 s)
9600000 of 30000000 tuples (32%) done (elapsed 7.02 s, remaining 14.91 s)
9700000 of 30000000 tuples (32%) done (elapsed 7.09 s, remaining 14.84 s)
9800000 of 30000000 tuples (32%) done (elapsed 7.16 s, remaining 14.76 s)
9900000 of 30000000 tuples (33%) done (elapsed 7.23 s, remaining 14.68 s)
10000000 of 30000000 tuples (33%) done (elapsed 7.31 s, remaining 14.61 s)
10100000 of 30000000 tuples (33%) done (elapsed 7.38 s, remaining 14.54 s)
10200000 of 30000000 tuples (34%) done (elapsed 7.44 s, remaining 14.45 s)
10300000 of 30000000 tuples (34%) done (elapsed 7.52 s, remaining 14.37 s)
10400000 of 30000000 tuples (34%) done (elapsed 7.59 s, remaining 14.30 s)
10500000 of 30000000 tuples (35%) done (elapsed 7.66 s, remaining 14.22 s)
10600000 of 30000000 tuples (35%) done (elapsed 7.73 s, remaining 14.15 s)
10700000 of 30000000 tuples (35%) done (elapsed 7.80 s, remaining 14.07 s)
10800000 of 30000000 tuples (36%) done (elapsed 7.87 s, remaining 14.00 s)
10900000 of 30000000 tuples (36%) done (elapsed 7.94 s, remaining 13.91 s)
11000000 of 30000000 tuples (36%) done (elapsed 8.01 s, remaining 13.84 s)
11100000 of 30000000 tuples (37%) done (elapsed 8.08 s, remaining 13.76 s)
11200000 of 30000000 tuples (37%) done (elapsed 8.16 s, remaining 13.69 s)
11300000 of 30000000 tuples (37%) done (elapsed 8.23 s, remaining 13.61 s)
11400000 of 30000000 tuples (38%) done (elapsed 8.30 s, remaining 13.54 s)
11500000 of 30000000 tuples (38%) done (elapsed 8.37 s, remaining 13.47 s)
11600000 of 30000000 tuples (38%) done (elapsed 8.44 s, remaining 13.38 s)
11700000 of 30000000 tuples (39%) done (elapsed 8.51 s, remaining 13.31 s)
11800000 of 30000000 tuples (39%) done (elapsed 8.58 s, remaining 13.23 s)
11900000 of 30000000 tuples (39%) done (elapsed 8.65 s, remaining 13.16 s)
12000000 of 30000000 tuples (40%) done (elapsed 8.72 s, remaining 13.09 s)
12100000 of 30000000 tuples (40%) done (elapsed 8.80 s, remaining 13.01 s)
12200000 of 30000000 tuples (40%) done (elapsed 8.87 s, remaining 12.94 s)
12300000 of 30000000 tuples (41%) done (elapsed 8.94 s, remaining 12.86 s)
12400000 of 30000000 tuples (41%) done (elapsed 9.00 s, remaining 12.78 s)
12500000 of 30000000 tuples (41%) done (elapsed 9.11 s, remaining 12.76 s)
12600000 of 30000000 tuples (42%) done (elapsed 9.21 s, remaining 12.71 s)
12700000 of 30000000 tuples (42%) done (elapsed 9.28 s, remaining 12.64 s)
12800000 of 30000000 tuples (42%) done (elapsed 9.35 s, remaining 12.57 s)
12900000 of 30000000 tuples (43%) done (elapsed 9.43 s, remaining 12.49 s)
13000000 of 30000000 tuples (43%) done (elapsed 9.50 s, remaining 12.42 s)
13100000 of 30000000 tuples (43%) done (elapsed 9.57 s, remaining 12.35 s)
13200000 of 30000000 tuples (44%) done (elapsed 9.64 s, remaining 12.27 s)
13300000 of 30000000 tuples (44%) done (elapsed 9.71 s, remaining 12.20 s)
13400000 of 30000000 tuples (44%) done (elapsed 9.78 s, remaining 12.11 s)
13500000 of 30000000 tuples (45%) done (elapsed 9.85 s, remaining 12.04 s)
13600000 of 30000000 tuples (45%) done (elapsed 9.92 s, remaining 11.97 s)
13700000 of 30000000 tuples (45%) done (elapsed 9.99 s, remaining 11.89 s)
13800000 of 30000000 tuples (46%) done (elapsed 10.07 s, remaining 11.82 s)
13900000 of 30000000 tuples (46%) done (elapsed 10.14 s, remaining 11.74 s)
14000000 of 30000000 tuples (46%) done (elapsed 10.21 s, remaining 11.67 s)
14100000 of 30000000 tuples (47%) done (elapsed 10.28 s, remaining 11.60 s)
14200000 of 30000000 tuples (47%) done (elapsed 10.35 s, remaining 11.52 s)
14300000 of 30000000 tuples (47%) done (elapsed 10.42 s, remaining 11.44 s)
14400000 of 30000000 tuples (48%) done (elapsed 10.49 s, remaining 11.37 s)
14500000 of 30000000 tuples (48%) done (elapsed 10.57 s, remaining 11.29 s)
14600000 of 30000000 tuples (48%) done (elapsed 10.64 s, remaining 11.22 s)
14700000 of 30000000 tuples (49%) done (elapsed 10.71 s, remaining 11.15 s)
14800000 of 30000000 tuples (49%) done (elapsed 10.78 s, remaining 11.07 s)
14900000 of 30000000 tuples (49%) done (elapsed 10.85 s, remaining 10.99 s)
15000000 of 30000000 tuples (50%) done (elapsed 10.92 s, remaining 10.92 s)
15100000 of 30000000 tuples (50%) done (elapsed 10.99 s, remaining 10.84 s)
15200000 of 30000000 tuples (50%) done (elapsed 11.06 s, remaining 10.77 s)
15300000 of 30000000 tuples (51%) done (elapsed 11.13 s, remaining 10.70 s)
15400000 of 30000000 tuples (51%) done (elapsed 11.21 s, remaining 10.62 s)
15500000 of 30000000 tuples (51%) done (elapsed 11.28 s, remaining 10.55 s)
15600000 of 30000000 tuples (52%) done (elapsed 11.35 s, remaining 10.48 s)
15700000 of 30000000 tuples (52%) done (elapsed 11.42 s, remaining 10.40 s)
15800000 of 30000000 tuples (52%) done (elapsed 11.49 s, remaining 10.33 s)
15900000 of 30000000 tuples (53%) done (elapsed 11.56 s, remaining 10.25 s)
16000000 of 30000000 tuples (53%) done (elapsed 11.64 s, remaining 10.18 s)
16100000 of 30000000 tuples (53%) done (elapsed 11.70 s, remaining 10.10 s)
16200000 of 30000000 tuples (54%) done (elapsed 11.77 s, remaining 10.03 s)
16300000 of 30000000 tuples (54%) done (elapsed 11.84 s, remaining 9.96 s)
16400000 of 30000000 tuples (54%) done (elapsed 11.92 s, remaining 9.88 s)
16500000 of 30000000 tuples (55%) done (elapsed 11.99 s, remaining 9.81 s)
16600000 of 30000000 tuples (55%) done (elapsed 12.06 s, remaining 9.73 s)
16700000 of 30000000 tuples (55%) done (elapsed 12.13 s, remaining 9.66 s)
16800000 of 30000000 tuples (56%) done (elapsed 12.20 s, remaining 9.58 s)
16900000 of 30000000 tuples (56%) done (elapsed 12.27 s, remaining 9.51 s)
17000000 of 30000000 tuples (56%) done (elapsed 12.34 s, remaining 9.44 s)
17100000 of 30000000 tuples (57%) done (elapsed 12.41 s, remaining 9.36 s)
17200000 of 30000000 tuples (57%) done (elapsed 12.48 s, remaining 9.29 s)
17300000 of 30000000 tuples (57%) done (elapsed 12.56 s, remaining 9.22 s)
17400000 of 30000000 tuples (58%) done (elapsed 12.63 s, remaining 9.14 s)
17500000 of 30000000 tuples (58%) done (elapsed 12.70 s, remaining 9.07 s)
17600000 of 30000000 tuples (58%) done (elapsed 12.77 s, remaining 9.00 s)
17700000 of 30000000 tuples (59%) done (elapsed 12.84 s, remaining 8.92 s)
17800000 of 30000000 tuples (59%) done (elapsed 12.91 s, remaining 8.85 s)
17900000 of 30000000 tuples (59%) done (elapsed 12.98 s, remaining 8.78 s)
18000000 of 30000000 tuples (60%) done (elapsed 13.05 s, remaining 8.70 s)
18100000 of 30000000 tuples (60%) done (elapsed 13.13 s, remaining 8.63 s)
18200000 of 30000000 tuples (60%) done (elapsed 13.20 s, remaining 8.56 s)
18300000 of 30000000 tuples (61%) done (elapsed 13.27 s, remaining 8.48 s)
18400000 of 30000000 tuples (61%) done (elapsed 13.34 s, remaining 8.41 s)
18500000 of 30000000 tuples (61%) done (elapsed 13.41 s, remaining 8.34 s)
18600000 of 30000000 tuples (62%) done (elapsed 13.48 s, remaining 8.26 s)
18700000 of 30000000 tuples (62%) done (elapsed 13.55 s, remaining 8.19 s)
18800000 of 30000000 tuples (62%) done (elapsed 13.62 s, remaining 8.12 s)
18900000 of 30000000 tuples (63%) done (elapsed 13.70 s, remaining 8.04 s)
19000000 of 30000000 tuples (63%) done (elapsed 13.77 s, remaining 7.97 s)
19100000 of 30000000 tuples (63%) done (elapsed 13.84 s, remaining 7.90 s)
19200000 of 30000000 tuples (64%) done (elapsed 13.91 s, remaining 7.83 s)
19300000 of 30000000 tuples (64%) done (elapsed 13.98 s, remaining 7.75 s)
19400000 of 30000000 tuples (64%) done (elapsed 14.05 s, remaining 7.68 s)
19500000 of 30000000 tuples (65%) done (elapsed 14.23 s, remaining 7.66 s)
19600000 of 30000000 tuples (65%) done (elapsed 14.31 s, remaining 7.59 s)
19700000 of 30000000 tuples (65%) done (elapsed 14.38 s, remaining 7.52 s)
19800000 of 30000000 tuples (66%) done (elapsed 14.45 s, remaining 7.45 s)
19900000 of 30000000 tuples (66%) done (elapsed 14.53 s, remaining 7.37 s)
20000000 of 30000000 tuples (66%) done (elapsed 14.60 s, remaining 7.30 s)
20100000 of 30000000 tuples (67%) done (elapsed 14.67 s, remaining 7.23 s)
20200000 of 30000000 tuples (67%) done (elapsed 14.74 s, remaining 7.15 s)
20300000 of 30000000 tuples (67%) done (elapsed 14.81 s, remaining 7.08 s)
20400000 of 30000000 tuples (68%) done (elapsed 14.88 s, remaining 7.00 s)
20500000 of 30000000 tuples (68%) done (elapsed 14.95 s, remaining 6.93 s)
20600000 of 30000000 tuples (68%) done (elapsed 15.02 s, remaining 6.86 s)
20700000 of 30000000 tuples (69%) done (elapsed 15.09 s, remaining 6.78 s)
20800000 of 30000000 tuples (69%) done (elapsed 15.17 s, remaining 6.71 s)
20900000 of 30000000 tuples (69%) done (elapsed 15.24 s, remaining 6.63 s)
21000000 of 30000000 tuples (70%) done (elapsed 15.31 s, remaining 6.56 s)
21100000 of 30000000 tuples (70%) done (elapsed 15.38 s, remaining 6.49 s)
21200000 of 30000000 tuples (70%) done (elapsed 15.45 s, remaining 6.41 s)
21300000 of 30000000 tuples (71%) done (elapsed 15.52 s, remaining 6.34 s)
21400000 of 30000000 tuples (71%) done (elapsed 15.59 s, remaining 6.27 s)
21500000 of 30000000 tuples (71%) done (elapsed 15.66 s, remaining 6.19 s)
21600000 of 30000000 tuples (72%) done (elapsed 15.73 s, remaining 6.12 s)
21700000 of 30000000 tuples (72%) done (elapsed 15.81 s, remaining 6.05 s)
21800000 of 30000000 tuples (72%) done (elapsed 15.88 s, remaining 5.97 s)
21900000 of 30000000 tuples (73%) done (elapsed 15.95 s, remaining 5.90 s)
22000000 of 30000000 tuples (73%) done (elapsed 16.02 s, remaining 5.83 s)
22100000 of 30000000 tuples (73%) done (elapsed 16.09 s, remaining 5.75 s)
22200000 of 30000000 tuples (74%) done (elapsed 16.17 s, remaining 5.68 s)
22300000 of 30000000 tuples (74%) done (elapsed 16.24 s, remaining 5.61 s)
22400000 of 30000000 tuples (74%) done (elapsed 16.30 s, remaining 5.53 s)
22500000 of 30000000 tuples (75%) done (elapsed 16.38 s, remaining 5.46 s)
22600000 of 30000000 tuples (75%) done (elapsed 16.45 s, remaining 5.39 s)
22700000 of 30000000 tuples (75%) done (elapsed 16.52 s, remaining 5.31 s)
22800000 of 30000000 tuples (76%) done (elapsed 16.59 s, remaining 5.24 s)
22900000 of 30000000 tuples (76%) done (elapsed 16.66 s, remaining 5.17 s)
23000000 of 30000000 tuples (76%) done (elapsed 16.73 s, remaining 5.09 s)
23100000 of 30000000 tuples (77%) done (elapsed 16.81 s, remaining 5.02 s)
23200000 of 30000000 tuples (77%) done (elapsed 16.88 s, remaining 4.95 s)
23300000 of 30000000 tuples (77%) done (elapsed 16.95 s, remaining 4.87 s)
23400000 of 30000000 tuples (78%) done (elapsed 17.02 s, remaining 4.80 s)
23500000 of 30000000 tuples (78%) done (elapsed 17.09 s, remaining 4.73 s)
23600000 of 30000000 tuples (78%) done (elapsed 17.16 s, remaining 4.65 s)
23700000 of 30000000 tuples (79%) done (elapsed 17.23 s, remaining 4.58 s)
23800000 of 30000000 tuples (79%) done (elapsed 17.30 s, remaining 4.51 s)
23900000 of 30000000 tuples (79%) done (elapsed 17.38 s, remaining 4.43 s)
24000000 of 30000000 tuples (80%) done (elapsed 17.45 s, remaining 4.36 s)
24100000 of 30000000 tuples (80%) done (elapsed 17.52 s, remaining 4.29 s)
24200000 of 30000000 tuples (80%) done (elapsed 17.59 s, remaining 4.22 s)
24300000 of 30000000 tuples (81%) done (elapsed 17.66 s, remaining 4.14 s)
24400000 of 30000000 tuples (81%) done (elapsed 17.73 s, remaining 4.07 s)
24500000 of 30000000 tuples (81%) done (elapsed 17.80 s, remaining 4.00 s)
24600000 of 30000000 tuples (82%) done (elapsed 17.87 s, remaining 3.92 s)
24700000 of 30000000 tuples (82%) done (elapsed 17.95 s, remaining 3.85 s)
24800000 of 30000000 tuples (82%) done (elapsed 18.02 s, remaining 3.78 s)
24900000 of 30000000 tuples (83%) done (elapsed 18.41 s, remaining 3.77 s)
25000000 of 30000000 tuples (83%) done (elapsed 18.52 s, remaining 3.70 s)
25100000 of 30000000 tuples (83%) done (elapsed 18.60 s, remaining 3.63 s)
25200000 of 30000000 tuples (84%) done (elapsed 18.67 s, remaining 3.56 s)
25300000 of 30000000 tuples (84%) done (elapsed 18.74 s, remaining 3.48 s)
25400000 of 30000000 tuples (84%) done (elapsed 18.81 s, remaining 3.41 s)
25500000 of 30000000 tuples (85%) done (elapsed 18.89 s, remaining 3.33 s)
25600000 of 30000000 tuples (85%) done (elapsed 18.96 s, remaining 3.26 s)
25700000 of 30000000 tuples (85%) done (elapsed 19.03 s, remaining 3.18 s)
25800000 of 30000000 tuples (86%) done (elapsed 19.19 s, remaining 3.12 s)
25900000 of 30000000 tuples (86%) done (elapsed 19.29 s, remaining 3.05 s)
26000000 of 30000000 tuples (86%) done (elapsed 19.37 s, remaining 2.98 s)
26100000 of 30000000 tuples (87%) done (elapsed 19.44 s, remaining 2.91 s)
26200000 of 30000000 tuples (87%) done (elapsed 19.52 s, remaining 2.83 s)
26300000 of 30000000 tuples (87%) done (elapsed 19.59 s, remaining 2.76 s)
26400000 of 30000000 tuples (88%) done (elapsed 19.66 s, remaining 2.68 s)
26500000 of 30000000 tuples (88%) done (elapsed 19.73 s, remaining 2.61 s)
26600000 of 30000000 tuples (88%) done (elapsed 19.81 s, remaining 2.53 s)
26700000 of 30000000 tuples (89%) done (elapsed 19.88 s, remaining 2.46 s)
26800000 of 30000000 tuples (89%) done (elapsed 19.95 s, remaining 2.38 s)
26900000 of 30000000 tuples (89%) done (elapsed 20.02 s, remaining 2.31 s)
27000000 of 30000000 tuples (90%) done (elapsed 20.10 s, remaining 2.23 s)
27100000 of 30000000 tuples (90%) done (elapsed 20.17 s, remaining 2.16 s)
27200000 of 30000000 tuples (90%) done (elapsed 20.24 s, remaining 2.08 s)
27300000 of 30000000 tuples (91%) done (elapsed 20.31 s, remaining 2.01 s)
27400000 of 30000000 tuples (91%) done (elapsed 20.39 s, remaining 1.93 s)
27500000 of 30000000 tuples (91%) done (elapsed 20.46 s, remaining 1.86 s)
27600000 of 30000000 tuples (92%) done (elapsed 20.53 s, remaining 1.79 s)
27700000 of 30000000 tuples (92%) done (elapsed 20.60 s, remaining 1.71 s)
27800000 of 30000000 tuples (92%) done (elapsed 20.68 s, remaining 1.64 s)
27900000 of 30000000 tuples (93%) done (elapsed 20.75 s, remaining 1.56 s)
28000000 of 30000000 tuples (93%) done (elapsed 20.83 s, remaining 1.49 s)
28100000 of 30000000 tuples (93%) done (elapsed 20.90 s, remaining 1.41 s)
28200000 of 30000000 tuples (94%) done (elapsed 20.97 s, remaining 1.34 s)
28300000 of 30000000 tuples (94%) done (elapsed 21.05 s, remaining 1.26 s)
28400000 of 30000000 tuples (94%) done (elapsed 21.12 s, remaining 1.19 s)
28500000 of 30000000 tuples (95%) done (elapsed 21.19 s, remaining 1.12 s)
28600000 of 30000000 tuples (95%) done (elapsed 21.26 s, remaining 1.04 s)
28700000 of 30000000 tuples (95%) done (elapsed 21.34 s, remaining 0.97 s)
28800000 of 30000000 tuples (96%) done (elapsed 21.41 s, remaining 0.89 s)
28900000 of 30000000 tuples (96%) done (elapsed 21.48 s, remaining 0.82 s)
29000000 of 30000000 tuples (96%) done (elapsed 21.56 s, remaining 0.74 s)
29100000 of 30000000 tuples (97%) done (elapsed 21.63 s, remaining 0.67 s)
29200000 of 30000000 tuples (97%) done (elapsed 21.71 s, remaining 0.59 s)
29300000 of 30000000 tuples (97%) done (elapsed 21.78 s, remaining 0.52 s)
29400000 of 30000000 tuples (98%) done (elapsed 21.85 s, remaining 0.45 s)
29500000 of 30000000 tuples (98%) done (elapsed 21.92 s, remaining 0.37 s)
29600000 of 30000000 tuples (98%) done (elapsed 22.00 s, remaining 0.30 s)
29700000 of 30000000 tuples (99%) done (elapsed 22.07 s, remaining 0.22 s)
29800000 of 30000000 tuples (99%) done (elapsed 22.14 s, remaining 0.15 s)
29900000 of 30000000 tuples (99%) done (elapsed 22.21 s, remaining 0.07 s)
30000000 of 30000000 tuples (100%) done (elapsed 22.28 s, remaining 0.00 s)
vacuum...
set primary keys...
NOTICE:  ALTER TABLE / ADD PRIMARY KEY will create implicit index "pgbench_branches_pkey" for table "pgbench_branches"
NOTICE:  ALTER TABLE / ADD PRIMARY KEY will create implicit index "pgbench_tellers_pkey" for table "pgbench_tellers"
NOTICE:  ALTER TABLE / ADD PRIMARY KEY will create implicit index "pgbench_accounts_pkey" for table "pgbench_accounts"
done.
starting vacuum...end.
transaction type: <builtin: TPC-B (sort of)>
scaling factor: 300
query mode: simple
number of clients: 32
number of threads: 4
duration: 60 s
number of transactions actually processed: 2318
latency average: 828.300 ms
tps = 38.298864 (including connections establishing)
tps = 38.300290 (excluding connections establishing)
script statistics:
 - statement latencies in milliseconds:
         0.003  \set aid random(1, 100000 * :scale)
         0.001  \set bid random(1, 1 * :scale)
         0.001  \set tid random(1, 10 * :scale)
         0.001  \set delta random(-5000, 5000)
         0.139  BEGIN;
       349.804  UPDATE pgbench_accounts SET abalance = abalance + :delta WHERE aid = :aid;
         4.999  SELECT abalance FROM pgbench_accounts WHERE aid = :aid;
       188.574  UPDATE pgbench_tellers SET tbalance = tbalance + :delta WHERE tid = :tid;
       112.185  UPDATE pgbench_branches SET bbalance = bbalance + :delta WHERE bid = :bid;
        56.112  INSERT INTO pgbench_history (tid, bid, aid, delta, mtime) VALUES (:tid, :bid, :aid, :delta, CURRENT_TIMESTAMP);
       122.769  END;
starting vacuum...end.
transaction type: <builtin: TPC-B (sort of)>
scaling factor: 300
query mode: simple
number of clients: 32
number of threads: 4
duration: 60 s
number of transactions actually processed: 2387
latency average: 804.357 ms
tps = 39.452563 (including connections establishing)
tps = 39.453563 (excluding connections establishing)
script statistics:
 - statement latencies in milliseconds:
         0.002  \set aid random(1, 100000 * :scale)
         0.001  \set bid random(1, 1 * :scale)
         0.001  \set tid random(1, 10 * :scale)
         0.001  \set delta random(-5000, 5000)
         0.139  BEGIN;
       509.171  UPDATE pgbench_accounts SET abalance = abalance + :delta WHERE aid = :aid;
         5.026  SELECT abalance FROM pgbench_accounts WHERE aid = :aid;
       125.273  UPDATE pgbench_tellers SET tbalance = tbalance + :delta WHERE tid = :tid;
        40.846  UPDATE pgbench_branches SET bbalance = bbalance + :delta WHERE bid = :bid;
        25.631  INSERT INTO pgbench_history (tid, bid, aid, delta, mtime) VALUES (:tid, :bid, :aid, :delta, CURRENT_TIMESTAMP);
       105.504  END;
starting vacuum...end.
transaction type: <builtin: TPC-B (sort of)>
scaling factor: 300
query mode: simple
number of clients: 32
number of threads: 4
duration: 900 s
number of transactions actually processed: 25059
latency average: 1149.288 ms
tps = 27.842357 (including connections establishing)
tps = 27.842405 (excluding connections establishing)
script statistics:
 - statement latencies in milliseconds:
         0.003  \set aid random(1, 100000 * :scale)
         0.001  \set bid random(1, 1 * :scale)
         0.001  \set tid random(1, 10 * :scale)
         0.001  \set delta random(-5000, 5000)
         0.132  BEGIN;
       598.947  UPDATE pgbench_accounts SET abalance = abalance + :delta WHERE aid = :aid;
         0.711  SELECT abalance FROM pgbench_accounts WHERE aid = :aid;
       185.188  UPDATE pgbench_tellers SET tbalance = tbalance + :delta WHERE tid = :tid;
       104.251  UPDATE pgbench_branches SET bbalance = bbalance + :delta WHERE bid = :bid;
        66.743  INSERT INTO pgbench_history (tid, bid, aid, delta, mtime) VALUES (:tid, :bid, :aid, :delta, CURRENT_TIMESTAMP);
       193.926  END;
========================================================================
Testing 2008-04-02-REL8_4_0~1907
Start Time: 2016-08-01 01:13:29+00:00
starting vacuum...Linux 3.16.0-4-amd64 (Debian-83-jessie-64-minimal) 	01.08.16 	_x86_64_	(8 CPU)

end.
transaction type: <builtin: TPC-B (sort of)>
scaling factor: 300
query mode: simple
number of clients: 32
number of threads: 4
duration: 900 s
number of transactions actually processed: 25596
latency average: 1125.176 ms
tps = 28.409899 (including connections establishing)
tps = 28.409952 (excluding connections establishing)
script statistics:
 - statement latencies in milliseconds:
         0.003  \set aid random(1, 100000 * :scale)
         0.001  \set bid random(1, 1 * :scale)
         0.001  \set tid random(1, 10 * :scale)
         0.001  \set delta random(-5000, 5000)
         0.134  BEGIN;
       536.696  UPDATE pgbench_accounts SET abalance = abalance + :delta WHERE aid = :aid;
         0.953  SELECT abalance FROM pgbench_accounts WHERE aid = :aid;
       195.208  UPDATE pgbench_tellers SET tbalance = tbalance + :delta WHERE tid = :tid;
       119.527  UPDATE pgbench_branches SET bbalance = bbalance + :delta WHERE bid = :bid;
        74.954  INSERT INTO pgbench_history (tid, bid, aid, delta, mtime) VALUES (:tid, :bid, :aid, :delta, CURRENT_TIMESTAMP);
       198.883  END;
avg-cpu:  %user   %nice %system %iowait  %steal   %idle
           0,36    0,00    0,22    9,09    0,00   90,33

Device:         rrqm/s   wrqm/s     r/s     w/s    rkB/s    wkB/s avgrq-sz avgqu-sz   await r_await w_await  svctm  %util
sdb               0,00     2,17    4,46  135,42    37,61   973,90    14,46    16,21  115,65   24,99  118,63   4,63  64,71
sda               0,00     2,17   19,76  135,43   165,67   974,05    14,69    21,31  137,19   30,64  152,74   5,41  83,94
md0               0,00     0,00    0,07    0,00     0,27     0,00     8,00     0,00    0,00    0,00    0,00   0,00   0,00
md1               0,00     0,00    0,00    0,00     0,00     0,00     0,00     0,00    0,00    0,00    0,00   0,00   0,00
md2               0,00     0,00   24,16  137,76   203,01   978,25    14,59     0,00    0,00    0,00    0,00   0,00   0,00
md3               0,00     0,00    0,00    0,01     0,00     0,04     8,00     0,00    0,00    0,00    0,00   0,00   0,00

End Time: 2016-08-01 01:28:59+00:00
========================================================================
========================================================================
Testing 2008-04-02-REL8_4_0~1907
Start Time: 2016-08-08 06:47:38+00:00
Shared Buffers:  260000
Linux 3.16.0-4-amd64 (Debian-83-jessie-64-minimal) 	08.08.16 	_x86_64_	(8 CPU)

starting vacuum...end.
transaction type: <builtin: TPC-B (sort of)>
scaling factor: 300
query mode: simple
number of clients: 32
number of threads: 4
duration: 900 s
number of transactions actually processed: 26454
latency average: 1088.682 ms
tps = 29.232114 (including connections establishing)
tps = 29.232166 (excluding connections establishing)
script statistics:
 - statement latencies in milliseconds:
         0.003  \set aid random(1, 100000 * :scale)
         0.001  \set bid random(1, 1 * :scale)
         0.001  \set tid random(1, 10 * :scale)
         0.001  \set delta random(-5000, 5000)
         0.139  BEGIN;
       522.563  UPDATE pgbench_accounts SET abalance = abalance + :delta WHERE aid = :aid;
         0.647  SELECT abalance FROM pgbench_accounts WHERE aid = :aid;
       192.529  UPDATE pgbench_tellers SET tbalance = tbalance + :delta WHERE tid = :tid;
       114.799  UPDATE pgbench_branches SET bbalance = bbalance + :delta WHERE bid = :bid;
        69.306  INSERT INTO pgbench_history (tid, bid, aid, delta, mtime) VALUES (:tid, :bid, :aid, :delta, CURRENT_TIMESTAMP);
       193.881  END;
avg-cpu:  %user   %nice %system %iowait  %steal   %idle
           0,37    0,00    0,23    9,08    0,00   90,32

Device:         rrqm/s   wrqm/s     r/s     w/s    rkB/s    wkB/s avgrq-sz avgqu-sz   await r_await w_await  svctm  %util
sdb               0,00     2,26    5,09  130,93    42,90   997,42    15,30    16,44  120,89   28,24  124,50   4,63  63,05
sda               0,04     2,25   20,00  130,93   169,30   997,42    15,46    16,26  107,72   30,99  119,44   5,46  82,39
md0               0,00     0,00    0,14    0,00     0,57     0,00     8,00     0,00    0,00    0,00    0,00   0,00   0,00
md1               0,00     0,00    0,00    0,00     0,00     0,00     0,00     0,00    0,00    0,00    0,00   0,00   0,00
md2               0,00     0,00   24,99  132,68   211,63   996,26    15,32     0,00    0,00    0,00    0,00   0,00   0,00
md3               0,00     0,00    0,00    0,01     0,00     0,04     8,00     0,00    0,00    0,00    0,00   0,00   0,00

Control File Changes
--- /usr/local/oldpgsql/2008-04-02-REL8_4_0~1907/before.controldata	2016-08-08 08:47:38.226154988 +0200
+++ /usr/local/oldpgsql/2008-04-02-REL8_4_0~1907/after.controldata	2016-08-08 09:03:58.209437267 +0200
@@ -2,16 +2,16 @@
 Catalog version number:               200803222
 Database system identifier:           6255547506471513944
 Database cluster state:               in production
-pg_control last modified:             пн, 08-сер-2016 08:47:38 +0200
-Latest checkpoint location:           0/65193ED0
-Prior checkpoint location:            0/5924C670
-Latest checkpoint's REDO location:    0/65193ED0
+pg_control last modified:             пн, 08-сер-2016 09:03:57 +0200
+Latest checkpoint location:           0/7C90B378
+Prior checkpoint location:            0/7C90B330
+Latest checkpoint's REDO location:    0/7C90B378
 Latest checkpoint's TimeLineID:       1
-Latest checkpoint's NextXID:          0/61943
-Latest checkpoint's NextOID:          16463
+Latest checkpoint's NextXID:          0/88439
+Latest checkpoint's NextOID:          24655
 Latest checkpoint's NextMultiXactId:  1
 Latest checkpoint's NextMultiOffset:  0
-Time of latest checkpoint:            пн, 08-сер-2016 08:47:05 +0200
+Time of latest checkpoint:            пн, 08-сер-2016 09:03:42 +0200
 Minimum recovery ending location:     0/0
 Maximum data alignment:               8
 Database block size:                  8192
End Time: 2016-08-08 07:03:58+00:00
========================================================================
========================================================================
Testing 2008-04-02-REL8_4_0~1907
Start Time: 2016-08-09 09:18:20+00:00
Shared Buffers:  260000
size before pgbench of pgbench_accounts: 799396
size before pgbench of pgbench_branches_pkey: 32
size before pgbench of pgbench_tellers_pkey: 96
size before pgbench of pgbench_accounts_pkey: 658092
size before pgbench of pgbench_tellers: 376
size before pgbench of pgbench_branches: 272
size before pgbench of pgbench_history: 3072
total size before pgbench: 1461336
Linux 3.16.0-4-amd64 (Debian-83-jessie-64-minimal) 	09.08.16 	_x86_64_	(8 CPU)

starting vacuum...end.
transaction type: <builtin: select only>
scaling factor: 300
query mode: simple
number of clients: 32
number of threads: 4
duration: 60 s
number of transactions actually processed: 62147
latency average: 30.894 ms
tps = 1034.463186 (including connections establishing)
tps = 1034.490205 (excluding connections establishing)
script statistics:
 - statement latencies in milliseconds:
         0.002  \set aid random(1, 100000 * :scale)
        30.919  SELECT abalance FROM pgbench_accounts WHERE aid = :aid;
avg-cpu:  %user   %nice %system %iowait  %steal   %idle
           0,98    0,00    0,62   27,68    0,00   70,72

Device:         rrqm/s   wrqm/s     r/s     w/s    rkB/s    wkB/s avgrq-sz avgqu-sz   await r_await w_await  svctm  %util
sdb               0,03     5,04  250,43    2,04  2308,00    30,78    18,53    11,57   45,83   41,29  602,30   2,68  67,60
sda               0,97     5,03  251,77    2,06  2304,71    30,78    18,40    14,12   55,65   50,34  705,62   2,68  68,13
md0               0,00     0,00    2,03    4,17     8,13    16,67     8,00     0,00    0,00    0,00    0,00   0,00   0,00
md1               0,00     0,00    0,00    0,00     0,00     0,00     0,00     0,00    0,00    0,00    0,00   0,00   0,00
md2               0,00     0,00  501,17    1,80  4604,58    11,51    18,36     0,00    0,00    0,00    0,00   0,00   0,00
md3               0,00     0,00    0,00    0,10     0,00     0,40     8,00     0,00    0,00    0,00    0,00   0,00   0,00

Control File Changes
--- /usr/local/oldpgsql/2008-04-02-REL8_4_0~1907/before.controldata	2016-08-09 11:23:59.962143738 +0200
+++ /usr/local/oldpgsql/2008-04-02-REL8_4_0~1907/after.controldata	2016-08-09 11:25:31.423771818 +0200
@@ -5,4 +5,4 @@
-pg_control last modified:             Tue Aug  9 09:23:59 2016
-Latest checkpoint location:           0/88EF00A8
-Prior checkpoint location:            0/88EF0060
-Latest checkpoint's REDO location:    0/88EF00A8
+pg_control last modified:             Tue Aug  9 09:25:31 2016
+Latest checkpoint location:           0/88F15E88
+Prior checkpoint location:            0/88EF00A8
+Latest checkpoint's REDO location:    0/88F15E88
@@ -10,2 +10,2 @@
-Latest checkpoint's NextXID:          0/88439
-Latest checkpoint's NextOID:          16464
+Latest checkpoint's NextXID:          0/88440
+Latest checkpoint's NextOID:          24656
@@ -14 +14 @@
-Time of latest checkpoint:            Tue Aug  9 09:23:59 2016
+Time of latest checkpoint:            Tue Aug  9 09:25:30 2016
size after pgbench of pgbench_accounts: 799396
size after pgbench of pgbench_branches_pkey: 32
size after pgbench of pgbench_tellers_pkey: 96
size after pgbench of pgbench_accounts_pkey: 658092
size after pgbench of pgbench_tellers: 376
size after pgbench of pgbench_branches: 272
size after pgbench of pgbench_history: 0
total size after pgbench: 1458264
End Time: 2016-08-09 09:25:31+00:00
========================================================================
========================================================================
Testing 2008-04-02-REL8_4_0~1907
Start Time: 2016-08-09 14:52:32+00:00
Shared Buffers:  260000
size before pgbench of pgbench_accounts: 799396
size before pgbench of pgbench_branches_pkey: 32
size before pgbench of pgbench_tellers_pkey: 96
size before pgbench of pgbench_accounts_pkey: 658092
size before pgbench of pgbench_tellers: 376
size before pgbench of pgbench_branches: 272
size before pgbench of pgbench_history: 0
total size before pgbench: 1458264
Linux 3.16.0-4-amd64 (Debian-83-jessie-64-minimal) 	09.08.16 	_x86_64_	(8 CPU)

starting vacuum...end.
transaction type: <builtin: select only>
scaling factor: 300
query mode: simple
number of clients: 32
number of threads: 4
duration: 60 s
number of transactions actually processed: 61240
latency average: 31.352 ms
tps = 1018.762057 (including connections establishing)
tps = 1018.797107 (excluding connections establishing)
script statistics:
 - statement latencies in milliseconds:
         0.002  \set aid random(1, 100000 * :scale)
        31.397  SELECT abalance FROM pgbench_accounts WHERE aid = :aid;
avg-cpu:  %user   %nice %system %iowait  %steal   %idle
           1,11    0,00    0,65   27,81    0,00   70,43

Device:         rrqm/s   wrqm/s     r/s     w/s    rkB/s    wkB/s avgrq-sz avgqu-sz   await r_await w_await  svctm  %util
sdb               0,00     5,67  253,12    2,51  2331,87    34,58    18,51    13,07   51,13   44,40  729,56   2,66  67,93
sda               0,12     5,62  245,31    2,56  2223,02    34,58    18,22    13,55   54,66   48,03  691,57   2,77  68,62
md0               0,00     0,00    1,50    4,66     6,00    18,62     8,00     0,00    0,00    0,00    0,00   0,00   0,00
md1               0,00     0,00    0,00    0,00     0,00     0,00     0,00     0,00    0,00    0,00    0,00   0,00   0,00
md2               0,00     0,00  497,06    1,99  4548,89    12,62    18,28     0,00    0,00    0,00    0,00   0,00   0,00
md3               0,00     0,00    0,00    0,10     0,00     0,40     8,00     0,00    0,00    0,00    0,00   0,00   0,00

Control File Changes
--- /usr/local/oldpgsql/2008-04-02-REL8_4_0~1907/before.controldata	2016-08-09 16:53:12.760312285 +0200
+++ /usr/local/oldpgsql/2008-04-02-REL8_4_0~1907/after.controldata	2016-08-09 16:54:43.808498285 +0200
@@ -5,4 +5,4 @@
-pg_control last modified:             Tue Aug  9 14:53:12 2016
-Latest checkpoint location:           0/88F15F18
-Prior checkpoint location:            0/88F15ED0
-Latest checkpoint's REDO location:    0/88F15F18
+pg_control last modified:             Tue Aug  9 14:54:43 2016
+Latest checkpoint location:           0/88F177F8
+Prior checkpoint location:            0/88F15F18
+Latest checkpoint's REDO location:    0/88F177F8
@@ -10,2 +10,2 @@
-Latest checkpoint's NextXID:          0/88440
-Latest checkpoint's NextOID:          16465
+Latest checkpoint's NextXID:          0/88441
+Latest checkpoint's NextOID:          24657
@@ -14 +14 @@
-Time of latest checkpoint:            Tue Aug  9 14:53:12 2016
+Time of latest checkpoint:            Tue Aug  9 14:54:42 2016
size after pgbench of pgbench_accounts: 799396
size after pgbench of pgbench_branches_pkey: 32
size after pgbench of pgbench_tellers_pkey: 96
size after pgbench of pgbench_accounts_pkey: 658092
size after pgbench of pgbench_tellers: 376
size after pgbench of pgbench_branches: 272
size after pgbench of pgbench_history: 0
total size after pgbench: 1458264
End Time: 2016-08-09 14:54:43+00:00
========================================================================
========================================================================
Testing 2008-04-02-REL8_4_0~1907
Start Time: 2016-08-10 03:21:20+00:00
Shared Buffers:  260000
size before pgbench of pgbench_accounts: 799396
size before pgbench of pgbench_branches_pkey: 32
size before pgbench of pgbench_tellers_pkey: 96
size before pgbench of pgbench_accounts_pkey: 658092
size before pgbench of pgbench_tellers: 376
size before pgbench of pgbench_branches: 272
size before pgbench of pgbench_history: 0
total size before pgbench: 1458264
Linux 3.16.0-4-amd64 (Debian-83-jessie-64-minimal) 	10.08.16 	_x86_64_	(8 CPU)

starting vacuum...end.
transaction type: <builtin: select only>
scaling factor: 300
query mode: simple
number of clients: 32
number of threads: 4
duration: 60 s
number of transactions actually processed: 60694
latency average: 31.634 ms
tps = 1010.473200 (including connections establishing)
tps = 1010.500955 (excluding connections establishing)
script statistics:
 - statement latencies in milliseconds:
         0.002  \set aid random(1, 100000 * :scale)
        31.645  SELECT abalance FROM pgbench_accounts WHERE aid = :aid;
avg-cpu:  %user   %nice %system %iowait  %steal   %idle
           1,02    0,00    0,61   26,67    0,00   71,70

Device:         rrqm/s   wrqm/s     r/s     w/s    rkB/s    wkB/s avgrq-sz avgqu-sz   await r_await w_await  svctm  %util
sdb               0,02     3,94  244,16    2,18  2229,60    27,37    18,32    11,35   46,08   41,76  530,22   2,74  67,44
sda               0,04     3,99  249,54    2,13  2311,96    27,37    18,59    17,00   67,54   52,13 1869,27   2,69  67,58
md0               0,00     0,00    0,08    3,18     0,31    12,71     8,00     0,00    0,00    0,00    0,00   0,00   0,00
md1               0,00     0,00    0,00    0,00     0,00     0,00     0,00     0,00    0,00    0,00    0,00   0,00   0,00
md2               0,00     0,00  493,71    1,58  4541,24    11,64    18,38     0,00    0,00    0,00    0,00   0,00   0,00
md3               0,00     0,00    0,00    0,10     0,00     0,40     8,00     0,00    0,00    0,00    0,00   0,00   0,00

Control File Changes
--- /usr/local/oldpgsql/2008-04-02-REL8_4_0~1907/before.controldata	2016-08-10 05:21:59.135645294 +0200
+++ /usr/local/oldpgsql/2008-04-02-REL8_4_0~1907/after.controldata	2016-08-10 05:23:30.067819566 +0200
@@ -5,4 +5,4 @@
-pg_control last modified:             Wed Aug 10 03:21:58 2016
-Latest checkpoint location:           0/88F17888
-Prior checkpoint location:            0/88F17840
-Latest checkpoint's REDO location:    0/88F17888
+pg_control last modified:             Wed Aug 10 03:23:29 2016
+Latest checkpoint location:           0/88F19210
+Prior checkpoint location:            0/88F17888
+Latest checkpoint's REDO location:    0/88F19210
@@ -10,2 +10,2 @@
-Latest checkpoint's NextXID:          0/88441
-Latest checkpoint's NextOID:          16466
+Latest checkpoint's NextXID:          0/88442
+Latest checkpoint's NextOID:          24658
@@ -14 +14 @@
-Time of latest checkpoint:            Wed Aug 10 03:21:58 2016
+Time of latest checkpoint:            Wed Aug 10 03:23:29 2016
size after pgbench of pgbench_accounts: 799396
size after pgbench of pgbench_branches_pkey: 32
size after pgbench of pgbench_tellers_pkey: 96
size after pgbench of pgbench_accounts_pkey: 658092
size after pgbench of pgbench_tellers: 376
size after pgbench of pgbench_branches: 272
size after pgbench of pgbench_history: 0
total size after pgbench: 1458264
End Time: 2016-08-10 03:23:30+00:00
========================================================================
========================================================================
Testing 2008-04-02-REL8_4_0~1907
Start Time: 2016-08-11 03:13:19+00:00
Shared Buffers:  260000
size before pgbench of pgbench_accounts: 799396
size before pgbench of pgbench_branches_pkey: 32
size before pgbench of pgbench_tellers_pkey: 96
size before pgbench of pgbench_accounts_pkey: 658092
size before pgbench of pgbench_tellers: 376
size before pgbench of pgbench_branches: 272
size before pgbench of pgbench_history: 0
total size before pgbench: 1458264
Linux 3.16.0-4-amd64 (Debian-83-jessie-64-minimal) 	11.08.16 	_x86_64_	(8 CPU)

starting vacuum...end.
transaction type: <builtin: select only>
scaling factor: 300
query mode: simple
number of clients: 32
number of threads: 4
duration: 60 s
number of transactions actually processed: 57555
latency average: 33.359 ms
tps = 957.552053 (including connections establishing)
tps = 957.576137 (excluding connections establishing)
script statistics:
 - statement latencies in milliseconds:
         0.002  \set aid random(1, 100000 * :scale)
        33.385  SELECT abalance FROM pgbench_accounts WHERE aid = :aid;
avg-cpu:  %user   %nice %system %iowait  %steal   %idle
           0,99    0,00    0,58   27,63    0,00   70,80

Device:         rrqm/s   wrqm/s     r/s     w/s    rkB/s    wkB/s avgrq-sz avgqu-sz   await r_await w_await  svctm  %util
sdb               0,00     5,10  237,41    2,54  2163,29    35,51    18,33    11,09   46,22   43,00  346,10   2,80  67,24
sda               0,77     5,14  240,94    2,50  2218,53    35,51    18,52    14,27   58,62   53,27  573,80   2,80  68,11
md0               0,00     0,00    2,37    3,82     9,47    15,29     8,00     0,00    0,00    0,00    0,00   0,00   0,00
md1               0,00     0,00    0,00    0,00     0,00     0,00     0,00     0,00    0,00    0,00    0,00   0,00   0,00
md2               0,00     0,00  476,77    2,31  4372,36    17,02    18,32     0,00    0,00    0,00    0,00   0,00   0,00
md3               0,00     0,00    0,00    0,10     0,00     0,40     8,00     0,00    0,00    0,00    0,00   0,00   0,00

Control File Changes
--- /usr/local/oldpgsql/2008-04-02-REL8_4_0~1907/before.controldata	2016-08-11 05:13:59.617653232 +0200
+++ /usr/local/oldpgsql/2008-04-02-REL8_4_0~1907/after.controldata	2016-08-11 05:15:30.473830225 +0200
@@ -5,4 +5,4 @@
-pg_control last modified:             Thu Aug 11 03:13:59 2016
-Latest checkpoint location:           0/88F192A0
-Prior checkpoint location:            0/88F19258
-Latest checkpoint's REDO location:    0/88F192A0
+pg_control last modified:             Thu Aug 11 03:15:30 2016
+Latest checkpoint location:           0/88F1ACC8
+Prior checkpoint location:            0/88F192A0
+Latest checkpoint's REDO location:    0/88F1ACC8
@@ -10,2 +10,2 @@
-Latest checkpoint's NextXID:          0/88442
-Latest checkpoint's NextOID:          16467
+Latest checkpoint's NextXID:          0/88443
+Latest checkpoint's NextOID:          24659
@@ -14 +14 @@
-Time of latest checkpoint:            Thu Aug 11 03:13:59 2016
+Time of latest checkpoint:            Thu Aug 11 03:15:29 2016
size after pgbench of pgbench_accounts: 799396
size after pgbench of pgbench_branches_pkey: 32
size after pgbench of pgbench_tellers_pkey: 96
size after pgbench of pgbench_accounts_pkey: 658092
size after pgbench of pgbench_tellers: 376
size after pgbench of pgbench_branches: 272
size after pgbench of pgbench_history: 0
total size after pgbench: 1458264
End Time: 2016-08-11 03:15:30+00:00
========================================================================
========================================================================
Testing 2008-04-02-REL8_4_0~1907
Start Time: 2016-08-11 23:21:03+00:00
Shared Buffers:  260000
size before pgbench of pgbench_accounts: 799396
size before pgbench of pgbench_branches_pkey: 32
size before pgbench of pgbench_tellers_pkey: 96
size before pgbench of pgbench_accounts_pkey: 658092
size before pgbench of pgbench_tellers: 376
size before pgbench of pgbench_branches: 272
size before pgbench of pgbench_history: 0
total size before pgbench: 1458264
Linux 3.16.0-4-amd64 (Debian-83-jessie-64-minimal) 	12.08.16 	_x86_64_	(8 CPU)

starting vacuum...end.
transaction type: <builtin: select only>
scaling factor: 300
query mode: simple
number of clients: 32
number of threads: 4
duration: 60 s
number of transactions actually processed: 60333
latency average: 31.823 ms
tps = 1003.623027 (including connections establishing)
tps = 1003.651500 (excluding connections establishing)
script statistics:
 - statement latencies in milliseconds:
         0.002  \set aid random(1, 100000 * :scale)
        31.861  SELECT abalance FROM pgbench_accounts WHERE aid = :aid;
avg-cpu:  %user   %nice %system %iowait  %steal   %idle
           1,01    0,00    0,64   25,60    0,00   72,75

Device:         rrqm/s   wrqm/s     r/s     w/s    rkB/s    wkB/s avgrq-sz avgqu-sz   await r_await w_await  svctm  %util
sdb               0,03     4,40  242,88    2,08  2236,44    30,02    18,51    11,86   48,40   42,25  768,30   2,75  67,29
sda               0,00     4,40  249,11    2,08  2289,64    30,02    18,47    14,21   56,58   51,24  696,43   2,69  67,60
md0               0,00     0,00    0,14    3,34     0,58    13,38     8,00     0,00    0,00    0,00    0,00   0,00   0,00
md1               0,00     0,00    0,00    0,00     0,00     0,00     0,00     0,00    0,00    0,00    0,00   0,00   0,00
md2               0,00     0,00  491,92    1,91  4525,51    13,87    18,38     0,00    0,00    0,00    0,00   0,00   0,00
md3               0,00     0,00    0,00    0,10     0,00     0,40     8,00     0,00    0,00    0,00    0,00   0,00   0,00

Control File Changes
--- /usr/local/oldpgsql/2008-04-02-REL8_4_0~1907/before.controldata	2016-08-12 01:21:43.663225198 +0200
+++ /usr/local/oldpgsql/2008-04-02-REL8_4_0~1907/after.controldata	2016-08-12 01:23:14.611399225 +0200
@@ -5,4 +5,4 @@
-pg_control last modified:             Thu Aug 11 23:21:43 2016
-Latest checkpoint location:           0/88F1AD58
-Prior checkpoint location:            0/88F1AD10
-Latest checkpoint's REDO location:    0/88F1AD58
+pg_control last modified:             Thu Aug 11 23:23:14 2016
+Latest checkpoint location:           0/88F1C828
+Prior checkpoint location:            0/88F1AD58
+Latest checkpoint's REDO location:    0/88F1C828
@@ -10,2 +10,2 @@
-Latest checkpoint's NextXID:          0/88443
-Latest checkpoint's NextOID:          16468
+Latest checkpoint's NextXID:          0/88444
+Latest checkpoint's NextOID:          24660
@@ -14 +14 @@
-Time of latest checkpoint:            Thu Aug 11 23:21:43 2016
+Time of latest checkpoint:            Thu Aug 11 23:23:13 2016
size after pgbench of pgbench_accounts: 799396
size after pgbench of pgbench_branches_pkey: 32
size after pgbench of pgbench_tellers_pkey: 96
size after pgbench of pgbench_accounts_pkey: 658092
size after pgbench of pgbench_tellers: 376
size after pgbench of pgbench_branches: 272
size after pgbench of pgbench_history: 0
total size after pgbench: 1458264
End Time: 2016-08-11 23:23:14+00:00
========================================================================
========================================================================
Testing 2008-04-02-REL8_4_0~1907
Start Time: 2016-08-12 19:35:04+00:00
Shared Buffers:  260000
size before pgbench of pgbench_accounts: 799396
size before pgbench of pgbench_branches_pkey: 32
size before pgbench of pgbench_tellers_pkey: 96
size before pgbench of pgbench_accounts_pkey: 658092
size before pgbench of pgbench_tellers: 376
size before pgbench of pgbench_branches: 272
size before pgbench of pgbench_history: 0
total size before pgbench: 1458264
+ /usr/local/pgsql/bin/pgbench -T 60 -S -c 64 -j 4 -r
Linux 3.16.0-4-amd64 (Debian-83-jessie-64-minimal) 	12.08.16 	_x86_64_	(8 CPU)

starting vacuum...end.
transaction type: <builtin: select only>
scaling factor: 300
query mode: simple
number of clients: 64
number of threads: 4
duration: 60 s
number of transactions actually processed: 71318
latency average: 53.843 ms
tps = 1185.882580 (including connections establishing)
tps = 1185.916346 (excluding connections establishing)
script statistics:
 - statement latencies in milliseconds:
         0.002  \set aid random(1, 100000 * :scale)
        53.873  SELECT abalance FROM pgbench_accounts WHERE aid = :aid;
avg-cpu:  %user   %nice %system %iowait  %steal   %idle
           1,20    0,00    0,79   33,09    0,00   64,92

Device:         rrqm/s   wrqm/s     r/s     w/s    rkB/s    wkB/s avgrq-sz avgqu-sz   await r_await w_await  svctm  %util
sdb               0,49     5,14  274,38    1,50  2566,18    27,12    18,80    19,91   71,95   63,54 1609,10   2,46  67,80
sda               0,04     5,10  277,74    1,56  2597,69    27,12    18,80    34,49  123,47  108,21 2846,94   2,43  67,96
md0               0,00     0,00    0,82    4,40     3,29    17,60     8,00     0,00    0,00    0,00    0,00   0,00   0,00
md1               0,00     0,00    0,00    0,00     0,00     0,00     0,00     0,00    0,00    0,00    0,00   0,00   0,00
md2               0,00     0,00  551,91    1,34  5160,58     7,38    18,68     0,00    0,00    0,00    0,00   0,00   0,00
md3               0,00     0,00    0,00    0,10     0,00     0,40     8,00     0,00    0,00    0,00    0,00   0,00   0,00

Control File Changes
--- /usr/local/oldpgsql/2008-04-02-REL8_4_0~1907/before.controldata	2016-08-12 21:35:44.642191915 +0200
+++ /usr/local/oldpgsql/2008-04-02-REL8_4_0~1907/after.controldata	2016-08-12 21:37:15.498409412 +0200
@@ -5,4 +5,4 @@
-pg_control last modified:             Fri Aug 12 19:35:44 2016
-Latest checkpoint location:           0/88F1C8B8
-Prior checkpoint location:            0/88F1C870
-Latest checkpoint's REDO location:    0/88F1C8B8
+pg_control last modified:             Fri Aug 12 19:37:15 2016
+Latest checkpoint location:           0/88F1E428
+Prior checkpoint location:            0/88F1C8B8
+Latest checkpoint's REDO location:    0/88F1E428
@@ -10,2 +10,2 @@
-Latest checkpoint's NextXID:          0/88444
-Latest checkpoint's NextOID:          16469
+Latest checkpoint's NextXID:          0/88445
+Latest checkpoint's NextOID:          24661
@@ -14 +14 @@
-Time of latest checkpoint:            Fri Aug 12 19:35:44 2016
+Time of latest checkpoint:            Fri Aug 12 19:37:14 2016
size after pgbench of pgbench_accounts: 799396
size after pgbench of pgbench_branches_pkey: 32
size after pgbench of pgbench_tellers_pkey: 96
size after pgbench of pgbench_accounts_pkey: 658092
size after pgbench of pgbench_tellers: 376
size after pgbench of pgbench_branches: 272
size after pgbench of pgbench_history: 0
total size after pgbench: 1458264
End Time: 2016-08-12 19:37:15+00:00
========================================================================
========================================================================
Testing 2008-04-02-REL8_4_0~1907
Start Time: 2016-08-13 01:23:11+00:00
Shared Buffers:  260000
size before pgbench of pgbench_accounts: 799396
size before pgbench of pgbench_branches_pkey: 32
size before pgbench of pgbench_tellers_pkey: 96
size before pgbench of pgbench_accounts_pkey: 658092
size before pgbench of pgbench_tellers: 376
size before pgbench of pgbench_branches: 272
size before pgbench of pgbench_history: 0
total size before pgbench: 1458264
Linux 3.16.0-4-amd64 (Debian-83-jessie-64-minimal) 	13.08.16 	_x86_64_	(8 CPU)

starting vacuum...end.
transaction type: <builtin: select only>
scaling factor: 300
query mode: simple
number of clients: 48
number of threads: 4
duration: 60 s
number of transactions actually processed: 67287
latency average: 42.802 ms
tps = 1119.429895 (including connections establishing)
tps = 1119.464565 (excluding connections establishing)
script statistics:
 - statement latencies in milliseconds:
         0.002  \set aid random(1, 100000 * :scale)
        42.858  SELECT abalance FROM pgbench_accounts WHERE aid = :aid;
avg-cpu:  %user   %nice %system %iowait  %steal   %idle
           1,14    0,00    0,75   32,97    0,00   65,14

Device:         rrqm/s   wrqm/s     r/s     w/s    rkB/s    wkB/s avgrq-sz avgqu-sz   await r_await w_await  svctm  %util
sdb               0,68     5,12  267,82    1,67  2497,91    28,74    18,75    18,66   69,25   63,13 1052,96   2,52  67,89
sda               1,57     5,12  265,71    1,67  2453,11    28,74    18,56    24,98   93,43   68,85 4011,68   2,54  67,96
md0               0,00     0,00    3,62    4,44    14,49    17,78     8,00     0,00    0,00    0,00    0,00   0,00   0,00
md1               0,00     0,00    0,00    0,00     0,00     0,00     0,00     0,00    0,00    0,00    0,00   0,00   0,00
md2               0,00     0,00  532,21    1,31  4936,53     8,58    18,54     0,00    0,00    0,00    0,00   0,00   0,00
md3               0,00     0,00    0,00    0,10     0,00     0,40     8,00     0,00    0,00    0,00    0,00   0,00   0,00

Control File Changes
--- /usr/local/oldpgsql/2008-04-02-REL8_4_0~1907/before.controldata	2016-08-13 03:23:51.078423303 +0200
+++ /usr/local/oldpgsql/2008-04-02-REL8_4_0~1907/after.controldata	2016-08-13 03:25:22.026625937 +0200
@@ -5,4 +5,4 @@
-pg_control last modified:             Sat Aug 13 01:23:50 2016
-Latest checkpoint location:           0/88F1E4B8
-Prior checkpoint location:            0/88F1E470
-Latest checkpoint's REDO location:    0/88F1E4B8
+pg_control last modified:             Sat Aug 13 01:25:21 2016
+Latest checkpoint location:           0/88F200D0
+Prior checkpoint location:            0/88F1E4B8
+Latest checkpoint's REDO location:    0/88F200D0
@@ -10,2 +10,2 @@
-Latest checkpoint's NextXID:          0/88445
-Latest checkpoint's NextOID:          16470
+Latest checkpoint's NextXID:          0/88446
+Latest checkpoint's NextOID:          24662
@@ -14 +14 @@
-Time of latest checkpoint:            Sat Aug 13 01:23:50 2016
+Time of latest checkpoint:            Sat Aug 13 01:25:21 2016
size after pgbench of pgbench_accounts: 799396
size after pgbench of pgbench_branches_pkey: 32
size after pgbench of pgbench_tellers_pkey: 96
size after pgbench of pgbench_accounts_pkey: 658092
size after pgbench of pgbench_tellers: 376
size after pgbench of pgbench_branches: 272
size after pgbench of pgbench_history: 0
total size after pgbench: 1458264
End Time: 2016-08-13 01:25:22+00:00
========================================================================
========================================================================
Testing 2008-04-02-REL8_4_0~1907
Start Time: 2016-08-13 11:21:31+00:00
Shared Buffers:  260000
size before pgbench of pgbench_accounts: 799396
size before pgbench of pgbench_branches_pkey: 32
size before pgbench of pgbench_tellers_pkey: 96
size before pgbench of pgbench_accounts_pkey: 658092
size before pgbench of pgbench_tellers: 376
size before pgbench of pgbench_branches: 272
size before pgbench of pgbench_history: 0
total size before pgbench: 1458264
Linux 3.16.0-4-amd64 (Debian-83-jessie-64-minimal) 	13.08.16 	_x86_64_	(8 CPU)

starting vacuum...end.
transaction type: <builtin: select only>
scaling factor: 300
query mode: simple
number of clients: 48
number of threads: 4
duration: 60 s
number of transactions actually processed: 68020
latency average: 42.340 ms
tps = 1131.717980 (including connections establishing)
tps = 1131.748522 (excluding connections establishing)
script statistics:
 - statement latencies in milliseconds:
         0.002  \set aid random(1, 100000 * :scale)
        42.378  SELECT abalance FROM pgbench_accounts WHERE aid = :aid;
avg-cpu:  %user   %nice %system %iowait  %steal   %idle
           1,11    0,00    0,70   29,19    0,00   69,00

Device:         rrqm/s   wrqm/s     r/s     w/s    rkB/s    wkB/s avgrq-sz avgqu-sz   await r_await w_await  svctm  %util
sdb               0,00     4,06  260,13    1,34  2414,22    23,08    18,64    14,15   54,11   52,85  298,48   2,57  67,12
sda               0,11     4,09  273,27    1,31  2529,07    23,08    18,59    28,34  103,18   77,36 5485,97   2,46  67,54
md0               0,00     0,00    0,16    3,59     0,62    14,36     8,00     0,00    0,00    0,00    0,00   0,00   0,00
md1               0,00     0,00    0,00    0,00     0,00     0,00     0,00     0,00    0,00    0,00    0,00   0,00   0,00
md2               0,00     0,00  533,44    0,97  4942,67     6,67    18,52     0,00    0,00    0,00    0,00   0,00   0,00
md3               0,00     0,00    0,00    0,10     0,00     0,40     8,00     0,00    0,00    0,00    0,00   0,00   0,00

Control File Changes
--- /usr/local/oldpgsql/2008-04-02-REL8_4_0~1907/before.controldata	2016-08-13 13:22:10.418345440 +0200
+++ /usr/local/oldpgsql/2008-04-02-REL8_4_0~1907/after.controldata	2016-08-13 13:23:41.270396191 +0200
@@ -5,4 +5,4 @@
-pg_control last modified:             Sat Aug 13 11:22:10 2016
-Latest checkpoint location:           0/88F20160
-Prior checkpoint location:            0/88F20118
-Latest checkpoint's REDO location:    0/88F20160
+pg_control last modified:             Sat Aug 13 11:23:41 2016
+Latest checkpoint location:           0/88F21E08
+Prior checkpoint location:            0/88F20160
+Latest checkpoint's REDO location:    0/88F21E08
@@ -10,2 +10,2 @@
-Latest checkpoint's NextXID:          0/88446
-Latest checkpoint's NextOID:          16471
+Latest checkpoint's NextXID:          0/88447
+Latest checkpoint's NextOID:          24663
@@ -14 +14 @@
-Time of latest checkpoint:            Sat Aug 13 11:22:09 2016
+Time of latest checkpoint:            Sat Aug 13 11:23:40 2016
size after pgbench of pgbench_accounts: 799396
size after pgbench of pgbench_branches_pkey: 32
size after pgbench of pgbench_tellers_pkey: 96
size after pgbench of pgbench_accounts_pkey: 658092
size after pgbench of pgbench_tellers: 376
size after pgbench of pgbench_branches: 272
size after pgbench of pgbench_history: 0
total size after pgbench: 1458264
End Time: 2016-08-13 11:23:41+00:00
========================================================================
========================================================================
Testing 2008-04-02-REL8_4_0~1907
Start Time: 2016-08-14 13:09:22+00:00
Shared Buffers:  260000
size before pgbench of pgbench_accounts: 799396
size before pgbench of pgbench_branches_pkey: 32
size before pgbench of pgbench_tellers_pkey: 96
size before pgbench of pgbench_accounts_pkey: 658092
size before pgbench of pgbench_tellers: 376
size before pgbench of pgbench_branches: 272
size before pgbench of pgbench_history: 0
total size before pgbench: 1458264
Linux 3.16.0-4-amd64 (Debian-83-jessie-64-minimal) 	14.08.16 	_x86_64_	(8 CPU)

starting vacuum...end.
transaction type: <builtin: TPC-B (sort of)>
scaling factor: 300
query mode: simple
number of clients: 32
number of threads: 4
duration: 900 s
number of transactions actually processed: 27926
latency average: 1031.297 ms
tps = 31.015164 (including connections establishing)
tps = 31.015223 (excluding connections establishing)
script statistics:
 - statement latencies in milliseconds:
         0.003  \set aid random(1, 100000 * :scale)
         0.001  \set bid random(1, 1 * :scale)
         0.001  \set tid random(1, 10 * :scale)
         0.001  \set delta random(-5000, 5000)
         0.132  BEGIN;
       485.853  UPDATE pgbench_accounts SET abalance = abalance + :delta WHERE aid = :aid;
         0.736  SELECT abalance FROM pgbench_accounts WHERE aid = :aid;
       182.436  UPDATE pgbench_tellers SET tbalance = tbalance + :delta WHERE tid = :tid;
       106.115  UPDATE pgbench_branches SET bbalance = bbalance + :delta WHERE bid = :bid;
        65.616  INSERT INTO pgbench_history (tid, bid, aid, delta, mtime) VALUES (:tid, :bid, :aid, :delta, CURRENT_TIMESTAMP);
       190.752  END;
avg-cpu:  %user   %nice %system %iowait  %steal   %idle
           0,39    0,00    0,23    9,40    0,00   89,97

Device:         rrqm/s   wrqm/s     r/s     w/s    rkB/s    wkB/s avgrq-sz avgqu-sz   await r_await w_await  svctm  %util
sdb               0,00     2,15    4,63  133,81    38,86   942,28    14,17    15,29  110,42   24,90  113,37   4,36  60,40
sda               0,01     2,16   21,45  133,81   181,42   942,28    14,48    16,68  107,43   31,13  119,66   5,36  83,24
md0               0,00     0,00    0,10    0,06     0,42     0,25     8,00     0,00    0,00    0,00    0,00   0,00   0,00
md1               0,00     0,00    0,00    0,00     0,00     0,00     0,00     0,00    0,00    0,00    0,00   0,00   0,00
md2               0,00     0,00   25,98  135,37   219,85   940,87    14,39     0,00    0,00    0,00    0,00   0,00   0,00
md3               0,00     0,00    0,00    0,01     0,00     0,04     8,00     0,00    0,00    0,00    0,00   0,00   0,00

Control File Changes
--- /usr/local/oldpgsql/2008-04-02-REL8_4_0~1907/before.controldata	2016-08-14 15:10:03.437788178 +0200
+++ /usr/local/oldpgsql/2008-04-02-REL8_4_0~1907/after.controldata	2016-08-14 15:26:10.323736220 +0200
@@ -5,4 +5,4 @@
-pg_control last modified:             Sun Aug 14 13:10:03 2016
-Latest checkpoint location:           0/88F21E98
-Prior checkpoint location:            0/88F21E50
-Latest checkpoint's REDO location:    0/88F21E98
+pg_control last modified:             Sun Aug 14 13:26:10 2016
+Latest checkpoint location:           0/A10CBF68
+Prior checkpoint location:            0/A10CBF20
+Latest checkpoint's REDO location:    0/A10CBF68
@@ -10,2 +10,2 @@
-Latest checkpoint's NextXID:          0/88447
-Latest checkpoint's NextOID:          16472
+Latest checkpoint's NextXID:          0/116415
+Latest checkpoint's NextOID:          24664
@@ -14 +14 @@
-Time of latest checkpoint:            Sun Aug 14 13:10:03 2016
+Time of latest checkpoint:            Sun Aug 14 13:26:09 2016
size after pgbench of pgbench_accounts: 802500
size after pgbench of pgbench_branches_pkey: 32
size after pgbench of pgbench_tellers_pkey: 96
size after pgbench of pgbench_accounts_pkey: 658092
size after pgbench of pgbench_tellers: 376
size after pgbench of pgbench_branches: 272
size after pgbench of pgbench_history: 3080
total size after pgbench: 1464448
End Time: 2016-08-14 13:26:10+00:00
========================================================================
========================================================================
Testing 2008-04-02-REL8_4_0~1907
Start Time: 2016-08-19 13:02:00+00:00
Shared Buffers:  260000
size before pgbench of pgbench_accounts: 802500
size before pgbench of pgbench_branches_pkey: 32
size before pgbench of pgbench_tellers_pkey: 96
size before pgbench of pgbench_accounts_pkey: 658092
size before pgbench of pgbench_tellers: 376
size before pgbench of pgbench_branches: 272
size before pgbench of pgbench_history: 3080
total size before pgbench: 1464448
Linux 4.6.0-1-amd64 (Debian-83-jessie-64-minimal) 	19.08.16 	_x86_64_	(8 CPU)

starting vacuum...end.
transaction type: <builtin: TPC-B (sort of)>
scaling factor: 300
query mode: simple
number of clients: 32
number of threads: 4
duration: 900 s
number of transactions actually processed: 28274
latency average: 1018.604 ms
tps = 31.400202 (including connections establishing)
tps = 31.400260 (excluding connections establishing)
script statistics:
 - statement latencies in milliseconds:
         0.002  \set aid random(1, 100000 * :scale)
         0.001  \set bid random(1, 1 * :scale)
         0.001  \set tid random(1, 10 * :scale)
         0.001  \set delta random(-5000, 5000)
         0.127  BEGIN;
       468.323  UPDATE pgbench_accounts SET abalance = abalance + :delta WHERE aid = :aid;
         0.760  SELECT abalance FROM pgbench_accounts WHERE aid = :aid;
       184.018  UPDATE pgbench_tellers SET tbalance = tbalance + :delta WHERE tid = :tid;
       109.965  UPDATE pgbench_branches SET bbalance = bbalance + :delta WHERE bid = :bid;
        71.030  INSERT INTO pgbench_history (tid, bid, aid, delta, mtime) VALUES (:tid, :bid, :aid, :delta, CURRENT_TIMESTAMP);
       184.787  END;
avg-cpu:  %user   %nice %system %iowait  %steal   %idle
           0,37    0,00    0,27   20,35    0,00   79,01

Device:         rrqm/s   wrqm/s     r/s     w/s    rkB/s    wkB/s avgrq-sz avgqu-sz   await r_await w_await  svctm  %util
sdb               0,00     2,50    5,78  133,83    48,78   948,05    14,28    16,53  118,37   24,11  122,45   4,53  63,22
sda               0,01     2,50   20,60  133,83   174,29   948,05    14,54    14,81   95,89   32,11  105,71   5,38  83,05
md0               0,00     0,00    0,08    0,10     0,31     0,40     8,00     0,00    0,00    0,00    0,00   0,00   0,00
md1               0,00     0,00    0,00    0,00     0,00     0,00     0,00     0,00    0,00    0,00    0,00   0,00   0,00
md2               0,00     0,00   26,31  135,83   222,76   946,85    14,43     0,00    0,00    0,00    0,00   0,00   0,00
md3               0,00     0,00    0,00    0,01     0,00     0,04     8,00     0,00    0,00    0,00    0,00   0,00   0,00

Control File Changes
--- /usr/local/oldpgsql/2008-04-02-REL8_4_0~1907/before.controldata	2016-08-19 15:07:40.919259005 +0200
+++ /usr/local/oldpgsql/2008-04-02-REL8_4_0~1907/after.controldata	2016-08-19 15:23:46.659976340 +0200
@@ -5,4 +5,4 @@
-pg_control last modified:             Fri Aug 19 13:07:40 2016
-Latest checkpoint location:           0/AE0C5188
-Prior checkpoint location:            0/AE0C5140
-Latest checkpoint's REDO location:    0/AE0C5188
+pg_control last modified:             Fri Aug 19 13:23:46 2016
+Latest checkpoint location:           0/C5EA79A0
+Prior checkpoint location:            0/C5EA7958
+Latest checkpoint's REDO location:    0/C5EA79A0
@@ -10,2 +10,2 @@
-Latest checkpoint's NextXID:          0/116415
-Latest checkpoint's NextOID:          16473
+Latest checkpoint's NextXID:          0/144731
+Latest checkpoint's NextOID:          24665
@@ -14 +14 @@
-Time of latest checkpoint:            Fri Aug 19 13:07:40 2016
+Time of latest checkpoint:            Fri Aug 19 13:23:45 2016
size after pgbench of pgbench_accounts: 805508
size after pgbench of pgbench_branches_pkey: 32
size after pgbench of pgbench_tellers_pkey: 96
size after pgbench of pgbench_accounts_pkey: 658092
size after pgbench of pgbench_tellers: 376
size after pgbench of pgbench_branches: 272
size after pgbench of pgbench_history: 3080
total size after pgbench: 1467456
End Time: 2016-08-19 13:23:46+00:00
========================================================================
========================================================================
Testing 2008-04-02-REL8_4_0~1907
Start Time: 2016-08-21 10:26:21+00:00
Shared Buffers:  260000
size before pgbench of pgbench_accounts: 805508
size before pgbench of pgbench_branches_pkey: 32
size before pgbench of pgbench_tellers_pkey: 96
size before pgbench of pgbench_accounts_pkey: 658092
size before pgbench of pgbench_tellers: 376
size before pgbench of pgbench_branches: 272
size before pgbench of pgbench_history: 3080
total size before pgbench: 1467456
Linux 4.6.0-1-amd64 (Debian-83-jessie-64-minimal) 	21.08.16 	_x86_64_	(8 CPU)

starting vacuum...end.
transaction type: <builtin: TPC-B (sort of)>
scaling factor: 300
query mode: simple
number of clients: 32
number of threads: 4
duration: 900 s
number of transactions actually processed: 25244
latency average: 1140.865 ms
tps = 28.037779 (including connections establishing)
tps = 28.037831 (excluding connections establishing)
script statistics:
 - statement latencies in milliseconds:
         0.002  \set aid random(1, 100000 * :scale)
         0.001  \set bid random(1, 1 * :scale)
         0.001  \set tid random(1, 10 * :scale)
         0.001  \set delta random(-5000, 5000)
         0.132  BEGIN;
       539.172  UPDATE pgbench_accounts SET abalance = abalance + :delta WHERE aid = :aid;
         1.376  SELECT abalance FROM pgbench_accounts WHERE aid = :aid;
       202.369  UPDATE pgbench_tellers SET tbalance = tbalance + :delta WHERE tid = :tid;
       118.483  UPDATE pgbench_branches SET bbalance = bbalance + :delta WHERE bid = :bid;
        67.432  INSERT INTO pgbench_history (tid, bid, aid, delta, mtime) VALUES (:tid, :bid, :aid, :delta, CURRENT_TIMESTAMP);
       212.524  END;
avg-cpu:  %user   %nice %system %iowait  %steal   %idle
           0,34    0,00    0,24   19,79    0,00   79,63

Device:         rrqm/s   wrqm/s     r/s     w/s    rkB/s    wkB/s avgrq-sz avgqu-sz   await r_await w_await  svctm  %util
sdb               0,00     2,34    5,05  114,29    42,96   808,17    14,26    14,29  119,01   25,34  123,15   5,36  63,91
sda               0,03     2,34   18,92  114,44   160,40   809,41    14,54    14,55  109,14   33,30  121,68   5,97  79,62
md0               0,00     0,00    0,11    0,00     0,43     0,01     8,00     0,00    0,00    0,00    0,00   0,00   0,00
md1               0,00     0,00    0,00    0,00     0,00     0,00     0,00     0,00    0,00    0,00    0,00   0,00   0,00
md2               0,00     0,00   23,89  116,89   202,93   812,62    14,43     0,00    0,00    0,00    0,00   0,00   0,00
md3               0,00     0,00    0,00    0,01     0,00     0,04     8,00     0,00    0,00    0,00    0,00   0,00   0,00

Control File Changes
--- /usr/local/oldpgsql/2008-04-02-REL8_4_0~1907/before.controldata	2016-08-21 12:32:32.058579054 +0200
+++ /usr/local/oldpgsql/2008-04-02-REL8_4_0~1907/after.controldata	2016-08-21 12:48:42.608622282 +0200
@@ -5,4 +5,4 @@
-pg_control last modified:             Sun Aug 21 10:32:31 2016
-Latest checkpoint location:           0/D3154280
-Prior checkpoint location:            0/D3154238
-Latest checkpoint's REDO location:    0/D3154280
+pg_control last modified:             Sun Aug 21 10:48:42 2016
+Latest checkpoint location:           0/E8137540
+Prior checkpoint location:            0/E81374F8
+Latest checkpoint's REDO location:    0/E8137540
@@ -10,2 +10,2 @@
-Latest checkpoint's NextXID:          0/144731
-Latest checkpoint's NextOID:          16474
+Latest checkpoint's NextXID:          0/170018
+Latest checkpoint's NextOID:          24666
@@ -14 +14 @@
-Time of latest checkpoint:            Sun Aug 21 10:32:28 2016
+Time of latest checkpoint:            Sun Aug 21 10:48:40 2016
size after pgbench of pgbench_accounts: 808084
size after pgbench of pgbench_branches_pkey: 32
size after pgbench of pgbench_tellers_pkey: 96
size after pgbench of pgbench_accounts_pkey: 658092
size after pgbench of pgbench_tellers: 376
size after pgbench of pgbench_branches: 272
size after pgbench of pgbench_history: 3320
total size after pgbench: 1470272
End Time: 2016-08-21 10:48:42+00:00
========================================================================
