creating tables...
100000 of 30000000 tuples (0%) done (elapsed 0.10 s, remaining 30.72 s)
200000 of 30000000 tuples (0%) done (elapsed 0.19 s, remaining 28.55 s)
300000 of 30000000 tuples (1%) done (elapsed 0.26 s, remaining 26.14 s)
400000 of 30000000 tuples (1%) done (elapsed 0.33 s, remaining 24.25 s)
500000 of 30000000 tuples (1%) done (elapsed 0.39 s, remaining 23.06 s)
600000 of 30000000 tuples (2%) done (elapsed 0.45 s, remaining 22.24 s)
700000 of 30000000 tuples (2%) done (elapsed 0.51 s, remaining 21.41 s)
800000 of 30000000 tuples (2%) done (elapsed 0.58 s, remaining 20.99 s)
900000 of 30000000 tuples (3%) done (elapsed 0.64 s, remaining 20.65 s)
1000000 of 30000000 tuples (3%) done (elapsed 0.71 s, remaining 20.46 s)
1100000 of 30000000 tuples (3%) done (elapsed 0.77 s, remaining 20.25 s)
1200000 of 30000000 tuples (4%) done (elapsed 0.84 s, remaining 20.04 s)
1300000 of 30000000 tuples (4%) done (elapsed 0.90 s, remaining 19.86 s)
1400000 of 30000000 tuples (4%) done (elapsed 0.96 s, remaining 19.60 s)
1500000 of 30000000 tuples (5%) done (elapsed 1.02 s, remaining 19.46 s)
1600000 of 30000000 tuples (5%) done (elapsed 1.09 s, remaining 19.33 s)
1700000 of 30000000 tuples (5%) done (elapsed 1.15 s, remaining 19.21 s)
1800000 of 30000000 tuples (6%) done (elapsed 1.22 s, remaining 19.09 s)
1900000 of 30000000 tuples (6%) done (elapsed 1.28 s, remaining 18.98 s)
2000000 of 30000000 tuples (6%) done (elapsed 1.35 s, remaining 18.88 s)
2100000 of 30000000 tuples (7%) done (elapsed 1.41 s, remaining 18.77 s)
2200000 of 30000000 tuples (7%) done (elapsed 1.48 s, remaining 18.67 s)
2300000 of 30000000 tuples (7%) done (elapsed 1.54 s, remaining 18.57 s)
2400000 of 30000000 tuples (8%) done (elapsed 1.61 s, remaining 18.48 s)
2500000 of 30000000 tuples (8%) done (elapsed 1.67 s, remaining 18.38 s)
2600000 of 30000000 tuples (8%) done (elapsed 1.74 s, remaining 18.29 s)
2700000 of 30000000 tuples (9%) done (elapsed 1.80 s, remaining 18.15 s)
2800000 of 30000000 tuples (9%) done (elapsed 1.86 s, remaining 18.07 s)
2900000 of 30000000 tuples (9%) done (elapsed 1.92 s, remaining 17.98 s)
3000000 of 30000000 tuples (10%) done (elapsed 1.99 s, remaining 17.90 s)
3100000 of 30000000 tuples (10%) done (elapsed 2.05 s, remaining 17.82 s)
3200000 of 30000000 tuples (10%) done (elapsed 2.12 s, remaining 17.74 s)
3300000 of 30000000 tuples (11%) done (elapsed 2.18 s, remaining 17.66 s)
3400000 of 30000000 tuples (11%) done (elapsed 2.25 s, remaining 17.58 s)
3500000 of 30000000 tuples (11%) done (elapsed 2.31 s, remaining 17.50 s)
3600000 of 30000000 tuples (12%) done (elapsed 2.38 s, remaining 17.43 s)
3700000 of 30000000 tuples (12%) done (elapsed 2.44 s, remaining 17.35 s)
3800000 of 30000000 tuples (12%) done (elapsed 2.51 s, remaining 17.27 s)
3900000 of 30000000 tuples (13%) done (elapsed 2.56 s, remaining 17.16 s)
4000000 of 30000000 tuples (13%) done (elapsed 2.63 s, remaining 17.09 s)
4100000 of 30000000 tuples (13%) done (elapsed 2.69 s, remaining 17.02 s)
4200000 of 30000000 tuples (14%) done (elapsed 2.76 s, remaining 16.94 s)
4300000 of 30000000 tuples (14%) done (elapsed 2.82 s, remaining 16.87 s)
4400000 of 30000000 tuples (14%) done (elapsed 2.89 s, remaining 16.80 s)
4500000 of 30000000 tuples (15%) done (elapsed 2.95 s, remaining 16.73 s)
4600000 of 30000000 tuples (15%) done (elapsed 3.02 s, remaining 16.65 s)
4700000 of 30000000 tuples (15%) done (elapsed 3.08 s, remaining 16.56 s)
4800000 of 30000000 tuples (16%) done (elapsed 3.14 s, remaining 16.49 s)
4900000 of 30000000 tuples (16%) done (elapsed 3.20 s, remaining 16.42 s)
5000000 of 30000000 tuples (16%) done (elapsed 3.27 s, remaining 16.34 s)
5100000 of 30000000 tuples (17%) done (elapsed 3.33 s, remaining 16.28 s)
5200000 of 30000000 tuples (17%) done (elapsed 3.40 s, remaining 16.21 s)
5300000 of 30000000 tuples (17%) done (elapsed 3.46 s, remaining 16.14 s)
5400000 of 30000000 tuples (18%) done (elapsed 3.52 s, remaining 16.05 s)
5500000 of 30000000 tuples (18%) done (elapsed 3.59 s, remaining 15.98 s)
5600000 of 30000000 tuples (18%) done (elapsed 3.65 s, remaining 15.91 s)
5700000 of 30000000 tuples (19%) done (elapsed 3.72 s, remaining 15.84 s)
5800000 of 30000000 tuples (19%) done (elapsed 3.78 s, remaining 15.78 s)
5900000 of 30000000 tuples (19%) done (elapsed 3.85 s, remaining 15.71 s)
6000000 of 30000000 tuples (20%) done (elapsed 3.91 s, remaining 15.64 s)
6100000 of 30000000 tuples (20%) done (elapsed 3.97 s, remaining 15.57 s)
6200000 of 30000000 tuples (20%) done (elapsed 4.03 s, remaining 15.49 s)
6300000 of 30000000 tuples (21%) done (elapsed 4.10 s, remaining 15.42 s)
6400000 of 30000000 tuples (21%) done (elapsed 4.16 s, remaining 15.35 s)
6500000 of 30000000 tuples (21%) done (elapsed 4.23 s, remaining 15.29 s)
6600000 of 30000000 tuples (22%) done (elapsed 4.29 s, remaining 15.22 s)
6700000 of 30000000 tuples (22%) done (elapsed 4.36 s, remaining 15.16 s)
6800000 of 30000000 tuples (22%) done (elapsed 4.42 s, remaining 15.09 s)
6900000 of 30000000 tuples (23%) done (elapsed 4.49 s, remaining 15.02 s)
7000000 of 30000000 tuples (23%) done (elapsed 4.55 s, remaining 14.96 s)
7100000 of 30000000 tuples (23%) done (elapsed 4.61 s, remaining 14.88 s)
7200000 of 30000000 tuples (24%) done (elapsed 4.68 s, remaining 14.81 s)
7300000 of 30000000 tuples (24%) done (elapsed 4.74 s, remaining 14.74 s)
7400000 of 30000000 tuples (24%) done (elapsed 4.81 s, remaining 14.68 s)
7500000 of 30000000 tuples (25%) done (elapsed 4.87 s, remaining 14.61 s)
7600000 of 30000000 tuples (25%) done (elapsed 4.94 s, remaining 14.55 s)
7700000 of 30000000 tuples (25%) done (elapsed 5.00 s, remaining 14.48 s)
7800000 of 30000000 tuples (26%) done (elapsed 5.06 s, remaining 14.41 s)
7900000 of 30000000 tuples (26%) done (elapsed 5.13 s, remaining 14.35 s)
8000000 of 30000000 tuples (26%) done (elapsed 5.19 s, remaining 14.28 s)
8100000 of 30000000 tuples (27%) done (elapsed 5.26 s, remaining 14.22 s)
8200000 of 30000000 tuples (27%) done (elapsed 5.32 s, remaining 14.14 s)
8300000 of 30000000 tuples (27%) done (elapsed 5.38 s, remaining 14.07 s)
8400000 of 30000000 tuples (28%) done (elapsed 5.45 s, remaining 14.01 s)
8500000 of 30000000 tuples (28%) done (elapsed 5.51 s, remaining 13.94 s)
8600000 of 30000000 tuples (28%) done (elapsed 5.58 s, remaining 13.87 s)
8700000 of 30000000 tuples (29%) done (elapsed 5.64 s, remaining 13.81 s)
8800000 of 30000000 tuples (29%) done (elapsed 5.70 s, remaining 13.74 s)
8900000 of 30000000 tuples (29%) done (elapsed 5.77 s, remaining 13.68 s)
9000000 of 30000000 tuples (30%) done (elapsed 5.83 s, remaining 13.61 s)
9100000 of 30000000 tuples (30%) done (elapsed 5.90 s, remaining 13.55 s)
9200000 of 30000000 tuples (30%) done (elapsed 5.96 s, remaining 13.47 s)
9300000 of 30000000 tuples (31%) done (elapsed 6.02 s, remaining 13.40 s)
9400000 of 30000000 tuples (31%) done (elapsed 6.09 s, remaining 13.34 s)
9500000 of 30000000 tuples (31%) done (elapsed 6.15 s, remaining 13.27 s)
9600000 of 30000000 tuples (32%) done (elapsed 6.22 s, remaining 13.21 s)
9700000 of 30000000 tuples (32%) done (elapsed 6.28 s, remaining 13.14 s)
9800000 of 30000000 tuples (32%) done (elapsed 6.35 s, remaining 13.08 s)
9900000 of 30000000 tuples (33%) done (elapsed 6.41 s, remaining 13.01 s)
10000000 of 30000000 tuples (33%) done (elapsed 6.47 s, remaining 12.95 s)
10100000 of 30000000 tuples (33%) done (elapsed 6.54 s, remaining 12.89 s)
10200000 of 30000000 tuples (34%) done (elapsed 6.60 s, remaining 12.82 s)
10300000 of 30000000 tuples (34%) done (elapsed 6.67 s, remaining 12.76 s)
10400000 of 30000000 tuples (34%) done (elapsed 6.73 s, remaining 12.69 s)
10500000 of 30000000 tuples (35%) done (elapsed 6.80 s, remaining 12.63 s)
10600000 of 30000000 tuples (35%) done (elapsed 6.86 s, remaining 12.56 s)
10700000 of 30000000 tuples (35%) done (elapsed 6.93 s, remaining 12.50 s)
10800000 of 30000000 tuples (36%) done (elapsed 6.99 s, remaining 12.43 s)
10900000 of 30000000 tuples (36%) done (elapsed 7.06 s, remaining 12.37 s)
11000000 of 30000000 tuples (36%) done (elapsed 7.12 s, remaining 12.30 s)
11100000 of 30000000 tuples (37%) done (elapsed 7.19 s, remaining 12.24 s)
11200000 of 30000000 tuples (37%) done (elapsed 7.25 s, remaining 12.17 s)
11300000 of 30000000 tuples (37%) done (elapsed 7.32 s, remaining 12.11 s)
11400000 of 30000000 tuples (38%) done (elapsed 7.38 s, remaining 12.04 s)
11500000 of 30000000 tuples (38%) done (elapsed 7.45 s, remaining 11.98 s)
11600000 of 30000000 tuples (38%) done (elapsed 7.51 s, remaining 11.91 s)
11700000 of 30000000 tuples (39%) done (elapsed 7.57 s, remaining 11.85 s)
11800000 of 30000000 tuples (39%) done (elapsed 7.64 s, remaining 11.78 s)
11900000 of 30000000 tuples (39%) done (elapsed 7.70 s, remaining 11.72 s)
12000000 of 30000000 tuples (40%) done (elapsed 7.77 s, remaining 11.65 s)
12100000 of 30000000 tuples (40%) done (elapsed 7.83 s, remaining 11.59 s)
12200000 of 30000000 tuples (40%) done (elapsed 7.90 s, remaining 11.52 s)
12300000 of 30000000 tuples (41%) done (elapsed 7.96 s, remaining 11.46 s)
12400000 of 30000000 tuples (41%) done (elapsed 8.03 s, remaining 11.39 s)
12500000 of 30000000 tuples (41%) done (elapsed 8.09 s, remaining 11.33 s)
12600000 of 30000000 tuples (42%) done (elapsed 8.15 s, remaining 11.26 s)
12700000 of 30000000 tuples (42%) done (elapsed 8.22 s, remaining 11.20 s)
12800000 of 30000000 tuples (42%) done (elapsed 8.28 s, remaining 11.13 s)
12900000 of 30000000 tuples (43%) done (elapsed 8.35 s, remaining 11.07 s)
13000000 of 30000000 tuples (43%) done (elapsed 8.41 s, remaining 11.00 s)
13100000 of 30000000 tuples (43%) done (elapsed 8.48 s, remaining 10.94 s)
13200000 of 30000000 tuples (44%) done (elapsed 8.54 s, remaining 10.87 s)
13300000 of 30000000 tuples (44%) done (elapsed 8.61 s, remaining 10.81 s)
13400000 of 30000000 tuples (44%) done (elapsed 8.67 s, remaining 10.74 s)
13500000 of 30000000 tuples (45%) done (elapsed 8.74 s, remaining 10.68 s)
13600000 of 30000000 tuples (45%) done (elapsed 8.80 s, remaining 10.61 s)
13700000 of 30000000 tuples (45%) done (elapsed 8.87 s, remaining 10.55 s)
13800000 of 30000000 tuples (46%) done (elapsed 8.93 s, remaining 10.48 s)
13900000 of 30000000 tuples (46%) done (elapsed 9.00 s, remaining 10.42 s)
14000000 of 30000000 tuples (46%) done (elapsed 9.06 s, remaining 10.35 s)
14100000 of 30000000 tuples (47%) done (elapsed 9.19 s, remaining 10.36 s)
14200000 of 30000000 tuples (47%) done (elapsed 9.27 s, remaining 10.31 s)
14300000 of 30000000 tuples (47%) done (elapsed 9.34 s, remaining 10.25 s)
14400000 of 30000000 tuples (48%) done (elapsed 9.40 s, remaining 10.18 s)
14500000 of 30000000 tuples (48%) done (elapsed 9.47 s, remaining 10.12 s)
14600000 of 30000000 tuples (48%) done (elapsed 9.53 s, remaining 10.05 s)
14700000 of 30000000 tuples (49%) done (elapsed 9.60 s, remaining 9.99 s)
14800000 of 30000000 tuples (49%) done (elapsed 9.66 s, remaining 9.92 s)
14900000 of 30000000 tuples (49%) done (elapsed 9.73 s, remaining 9.86 s)
15000000 of 30000000 tuples (50%) done (elapsed 9.79 s, remaining 9.79 s)
15100000 of 30000000 tuples (50%) done (elapsed 9.86 s, remaining 9.73 s)
15200000 of 30000000 tuples (50%) done (elapsed 9.92 s, remaining 9.66 s)
15300000 of 30000000 tuples (51%) done (elapsed 9.99 s, remaining 9.60 s)
15400000 of 30000000 tuples (51%) done (elapsed 10.05 s, remaining 9.53 s)
15500000 of 30000000 tuples (51%) done (elapsed 10.12 s, remaining 9.46 s)
15600000 of 30000000 tuples (52%) done (elapsed 10.18 s, remaining 9.40 s)
15700000 of 30000000 tuples (52%) done (elapsed 10.24 s, remaining 9.33 s)
15800000 of 30000000 tuples (52%) done (elapsed 10.31 s, remaining 9.26 s)
15900000 of 30000000 tuples (53%) done (elapsed 10.37 s, remaining 9.20 s)
16000000 of 30000000 tuples (53%) done (elapsed 10.44 s, remaining 9.13 s)
16100000 of 30000000 tuples (53%) done (elapsed 10.50 s, remaining 9.07 s)
16200000 of 30000000 tuples (54%) done (elapsed 10.57 s, remaining 9.00 s)
16300000 of 30000000 tuples (54%) done (elapsed 10.63 s, remaining 8.93 s)
16400000 of 30000000 tuples (54%) done (elapsed 10.70 s, remaining 8.87 s)
16500000 of 30000000 tuples (55%) done (elapsed 10.76 s, remaining 8.80 s)
16600000 of 30000000 tuples (55%) done (elapsed 10.83 s, remaining 8.74 s)
16700000 of 30000000 tuples (55%) done (elapsed 10.89 s, remaining 8.67 s)
16800000 of 30000000 tuples (56%) done (elapsed 10.96 s, remaining 8.61 s)
16900000 of 30000000 tuples (56%) done (elapsed 11.02 s, remaining 8.54 s)
17000000 of 30000000 tuples (56%) done (elapsed 11.09 s, remaining 8.48 s)
17100000 of 30000000 tuples (57%) done (elapsed 11.15 s, remaining 8.41 s)
17200000 of 30000000 tuples (57%) done (elapsed 11.22 s, remaining 8.35 s)
17300000 of 30000000 tuples (57%) done (elapsed 11.28 s, remaining 8.28 s)
17400000 of 30000000 tuples (58%) done (elapsed 11.34 s, remaining 8.22 s)
17500000 of 30000000 tuples (58%) done (elapsed 11.41 s, remaining 8.15 s)
17600000 of 30000000 tuples (58%) done (elapsed 11.47 s, remaining 8.08 s)
17700000 of 30000000 tuples (59%) done (elapsed 11.54 s, remaining 8.02 s)
17800000 of 30000000 tuples (59%) done (elapsed 11.60 s, remaining 7.95 s)
17900000 of 30000000 tuples (59%) done (elapsed 11.67 s, remaining 7.89 s)
18000000 of 30000000 tuples (60%) done (elapsed 11.73 s, remaining 7.82 s)
18100000 of 30000000 tuples (60%) done (elapsed 11.80 s, remaining 7.76 s)
18200000 of 30000000 tuples (60%) done (elapsed 11.86 s, remaining 7.69 s)
18300000 of 30000000 tuples (61%) done (elapsed 11.93 s, remaining 7.63 s)
18400000 of 30000000 tuples (61%) done (elapsed 11.99 s, remaining 7.56 s)
18500000 of 30000000 tuples (61%) done (elapsed 12.06 s, remaining 7.50 s)
18600000 of 30000000 tuples (62%) done (elapsed 12.12 s, remaining 7.43 s)
18700000 of 30000000 tuples (62%) done (elapsed 12.19 s, remaining 7.36 s)
18800000 of 30000000 tuples (62%) done (elapsed 12.25 s, remaining 7.30 s)
18900000 of 30000000 tuples (63%) done (elapsed 12.32 s, remaining 7.23 s)
19000000 of 30000000 tuples (63%) done (elapsed 12.38 s, remaining 7.17 s)
19100000 of 30000000 tuples (63%) done (elapsed 12.45 s, remaining 7.10 s)
19200000 of 30000000 tuples (64%) done (elapsed 12.51 s, remaining 7.04 s)
19300000 of 30000000 tuples (64%) done (elapsed 12.57 s, remaining 6.97 s)
19400000 of 30000000 tuples (64%) done (elapsed 12.64 s, remaining 6.90 s)
19500000 of 30000000 tuples (65%) done (elapsed 12.70 s, remaining 6.84 s)
19600000 of 30000000 tuples (65%) done (elapsed 12.77 s, remaining 6.77 s)
19700000 of 30000000 tuples (65%) done (elapsed 12.83 s, remaining 6.71 s)
19800000 of 30000000 tuples (66%) done (elapsed 12.90 s, remaining 6.64 s)
19900000 of 30000000 tuples (66%) done (elapsed 12.96 s, remaining 6.58 s)
20000000 of 30000000 tuples (66%) done (elapsed 13.02 s, remaining 6.51 s)
20100000 of 30000000 tuples (67%) done (elapsed 13.09 s, remaining 6.45 s)
20200000 of 30000000 tuples (67%) done (elapsed 13.15 s, remaining 6.38 s)
20300000 of 30000000 tuples (67%) done (elapsed 13.22 s, remaining 6.32 s)
20400000 of 30000000 tuples (68%) done (elapsed 13.28 s, remaining 6.25 s)
20500000 of 30000000 tuples (68%) done (elapsed 13.35 s, remaining 6.19 s)
20600000 of 30000000 tuples (68%) done (elapsed 13.41 s, remaining 6.12 s)
20700000 of 30000000 tuples (69%) done (elapsed 13.48 s, remaining 6.06 s)
20800000 of 30000000 tuples (69%) done (elapsed 13.54 s, remaining 5.99 s)
20900000 of 30000000 tuples (69%) done (elapsed 13.61 s, remaining 5.93 s)
21000000 of 30000000 tuples (70%) done (elapsed 13.67 s, remaining 5.86 s)
21100000 of 30000000 tuples (70%) done (elapsed 13.74 s, remaining 5.79 s)
21200000 of 30000000 tuples (70%) done (elapsed 13.80 s, remaining 5.73 s)
21300000 of 30000000 tuples (71%) done (elapsed 13.87 s, remaining 5.66 s)
21400000 of 30000000 tuples (71%) done (elapsed 13.93 s, remaining 5.60 s)
21500000 of 30000000 tuples (71%) done (elapsed 14.00 s, remaining 5.53 s)
21600000 of 30000000 tuples (72%) done (elapsed 14.06 s, remaining 5.47 s)
21700000 of 30000000 tuples (72%) done (elapsed 14.18 s, remaining 5.42 s)
21800000 of 30000000 tuples (72%) done (elapsed 14.25 s, remaining 5.36 s)
21900000 of 30000000 tuples (73%) done (elapsed 14.32 s, remaining 5.29 s)
22000000 of 30000000 tuples (73%) done (elapsed 14.38 s, remaining 5.23 s)
22100000 of 30000000 tuples (73%) done (elapsed 14.45 s, remaining 5.16 s)
22200000 of 30000000 tuples (74%) done (elapsed 14.51 s, remaining 5.10 s)
22300000 of 30000000 tuples (74%) done (elapsed 14.57 s, remaining 5.03 s)
22400000 of 30000000 tuples (74%) done (elapsed 14.64 s, remaining 4.97 s)
22500000 of 30000000 tuples (75%) done (elapsed 14.70 s, remaining 4.90 s)
22600000 of 30000000 tuples (75%) done (elapsed 14.77 s, remaining 4.83 s)
22700000 of 30000000 tuples (75%) done (elapsed 14.83 s, remaining 4.77 s)
22800000 of 30000000 tuples (76%) done (elapsed 14.90 s, remaining 4.70 s)
22900000 of 30000000 tuples (76%) done (elapsed 14.96 s, remaining 4.64 s)
23000000 of 30000000 tuples (76%) done (elapsed 15.03 s, remaining 4.57 s)
23100000 of 30000000 tuples (77%) done (elapsed 15.09 s, remaining 4.51 s)
23200000 of 30000000 tuples (77%) done (elapsed 15.15 s, remaining 4.44 s)
23300000 of 30000000 tuples (77%) done (elapsed 15.22 s, remaining 4.38 s)
23400000 of 30000000 tuples (78%) done (elapsed 15.28 s, remaining 4.31 s)
23500000 of 30000000 tuples (78%) done (elapsed 15.35 s, remaining 4.25 s)
23600000 of 30000000 tuples (78%) done (elapsed 15.41 s, remaining 4.18 s)
23700000 of 30000000 tuples (79%) done (elapsed 15.48 s, remaining 4.12 s)
23800000 of 30000000 tuples (79%) done (elapsed 15.54 s, remaining 4.05 s)
23900000 of 30000000 tuples (79%) done (elapsed 15.61 s, remaining 3.98 s)
24000000 of 30000000 tuples (80%) done (elapsed 15.67 s, remaining 3.92 s)
24100000 of 30000000 tuples (80%) done (elapsed 15.74 s, remaining 3.85 s)
24200000 of 30000000 tuples (80%) done (elapsed 15.80 s, remaining 3.79 s)
24300000 of 30000000 tuples (81%) done (elapsed 15.87 s, remaining 3.72 s)
24400000 of 30000000 tuples (81%) done (elapsed 15.93 s, remaining 3.66 s)
24500000 of 30000000 tuples (81%) done (elapsed 16.00 s, remaining 3.59 s)
24600000 of 30000000 tuples (82%) done (elapsed 16.06 s, remaining 3.53 s)
24700000 of 30000000 tuples (82%) done (elapsed 16.13 s, remaining 3.46 s)
24800000 of 30000000 tuples (82%) done (elapsed 16.20 s, remaining 3.40 s)
24900000 of 30000000 tuples (83%) done (elapsed 16.26 s, remaining 3.33 s)
25000000 of 30000000 tuples (83%) done (elapsed 16.33 s, remaining 3.27 s)
25100000 of 30000000 tuples (83%) done (elapsed 16.39 s, remaining 3.20 s)
25200000 of 30000000 tuples (84%) done (elapsed 16.46 s, remaining 3.13 s)
25300000 of 30000000 tuples (84%) done (elapsed 16.53 s, remaining 3.07 s)
25400000 of 30000000 tuples (84%) done (elapsed 16.59 s, remaining 3.00 s)
25500000 of 30000000 tuples (85%) done (elapsed 16.66 s, remaining 2.94 s)
25600000 of 30000000 tuples (85%) done (elapsed 16.72 s, remaining 2.87 s)
25700000 of 30000000 tuples (85%) done (elapsed 16.79 s, remaining 2.81 s)
25800000 of 30000000 tuples (86%) done (elapsed 16.85 s, remaining 2.74 s)
25900000 of 30000000 tuples (86%) done (elapsed 16.92 s, remaining 2.68 s)
26000000 of 30000000 tuples (86%) done (elapsed 16.98 s, remaining 2.61 s)
26100000 of 30000000 tuples (87%) done (elapsed 17.05 s, remaining 2.55 s)
26200000 of 30000000 tuples (87%) done (elapsed 17.11 s, remaining 2.48 s)
26300000 of 30000000 tuples (87%) done (elapsed 17.18 s, remaining 2.42 s)
26400000 of 30000000 tuples (88%) done (elapsed 17.24 s, remaining 2.35 s)
26500000 of 30000000 tuples (88%) done (elapsed 17.31 s, remaining 2.29 s)
26600000 of 30000000 tuples (88%) done (elapsed 17.37 s, remaining 2.22 s)
26700000 of 30000000 tuples (89%) done (elapsed 17.44 s, remaining 2.16 s)
26800000 of 30000000 tuples (89%) done (elapsed 17.51 s, remaining 2.09 s)
26900000 of 30000000 tuples (89%) done (elapsed 17.57 s, remaining 2.02 s)
27000000 of 30000000 tuples (90%) done (elapsed 17.64 s, remaining 1.96 s)
27100000 of 30000000 tuples (90%) done (elapsed 17.70 s, remaining 1.89 s)
27200000 of 30000000 tuples (90%) done (elapsed 17.77 s, remaining 1.83 s)
27300000 of 30000000 tuples (91%) done (elapsed 17.83 s, remaining 1.76 s)
27400000 of 30000000 tuples (91%) done (elapsed 17.90 s, remaining 1.70 s)
27500000 of 30000000 tuples (91%) done (elapsed 17.96 s, remaining 1.63 s)
27600000 of 30000000 tuples (92%) done (elapsed 18.03 s, remaining 1.57 s)
27700000 of 30000000 tuples (92%) done (elapsed 18.09 s, remaining 1.50 s)
27800000 of 30000000 tuples (92%) done (elapsed 18.16 s, remaining 1.44 s)
27900000 of 30000000 tuples (93%) done (elapsed 18.22 s, remaining 1.37 s)
28000000 of 30000000 tuples (93%) done (elapsed 18.29 s, remaining 1.31 s)
28100000 of 30000000 tuples (93%) done (elapsed 18.35 s, remaining 1.24 s)
28200000 of 30000000 tuples (94%) done (elapsed 18.42 s, remaining 1.18 s)
28300000 of 30000000 tuples (94%) done (elapsed 18.48 s, remaining 1.11 s)
28400000 of 30000000 tuples (94%) done (elapsed 18.55 s, remaining 1.04 s)
28500000 of 30000000 tuples (95%) done (elapsed 18.61 s, remaining 0.98 s)
28600000 of 30000000 tuples (95%) done (elapsed 19.55 s, remaining 0.96 s)
28700000 of 30000000 tuples (95%) done (elapsed 19.64 s, remaining 0.89 s)
28800000 of 30000000 tuples (96%) done (elapsed 19.71 s, remaining 0.82 s)
28900000 of 30000000 tuples (96%) done (elapsed 19.78 s, remaining 0.75 s)
29000000 of 30000000 tuples (96%) done (elapsed 19.85 s, remaining 0.68 s)
29100000 of 30000000 tuples (97%) done (elapsed 19.91 s, remaining 0.62 s)
29200000 of 30000000 tuples (97%) done (elapsed 19.98 s, remaining 0.55 s)
29300000 of 30000000 tuples (97%) done (elapsed 20.04 s, remaining 0.48 s)
29400000 of 30000000 tuples (98%) done (elapsed 20.11 s, remaining 0.41 s)
29500000 of 30000000 tuples (98%) done (elapsed 20.17 s, remaining 0.34 s)
29600000 of 30000000 tuples (98%) done (elapsed 20.24 s, remaining 0.27 s)
29700000 of 30000000 tuples (99%) done (elapsed 20.30 s, remaining 0.21 s)
29800000 of 30000000 tuples (99%) done (elapsed 20.37 s, remaining 0.14 s)
29900000 of 30000000 tuples (99%) done (elapsed 20.44 s, remaining 0.07 s)
30000000 of 30000000 tuples (100%) done (elapsed 20.50 s, remaining 0.00 s)
vacuum...
set primary keys...
NOTICE:  ALTER TABLE / ADD PRIMARY KEY will create implicit index "pgbench_branches_pkey" for table "pgbench_branches"
NOTICE:  ALTER TABLE / ADD PRIMARY KEY will create implicit index "pgbench_tellers_pkey" for table "pgbench_tellers"
NOTICE:  ALTER TABLE / ADD PRIMARY KEY will create implicit index "pgbench_accounts_pkey" for table "pgbench_accounts"
done.
starting vacuum...end.
transaction type: <builtin: TPC-B (sort of)>
scaling factor: 300
query mode: simple
number of clients: 32
number of threads: 4
duration: 60 s
number of transactions actually processed: 2968
latency average: 646.900 ms
tps = 49.362641 (including connections establishing)
tps = 49.364414 (excluding connections establishing)
script statistics:
 - statement latencies in milliseconds:
         0.003  \set aid random(1, 100000 * :scale)
         0.001  \set bid random(1, 1 * :scale)
         0.001  \set tid random(1, 10 * :scale)
         0.001  \set delta random(-5000, 5000)
         0.113  BEGIN;
       251.842  UPDATE pgbench_accounts SET abalance = abalance + :delta WHERE aid = :aid;
         2.956  SELECT abalance FROM pgbench_accounts WHERE aid = :aid;
       140.296  UPDATE pgbench_tellers SET tbalance = tbalance + :delta WHERE tid = :tid;
        89.518  UPDATE pgbench_branches SET bbalance = bbalance + :delta WHERE bid = :bid;
        55.532  INSERT INTO pgbench_history (tid, bid, aid, delta, mtime) VALUES (:tid, :bid, :aid, :delta, CURRENT_TIMESTAMP);
       107.852  END;
starting vacuum...end.
transaction type: <builtin: TPC-B (sort of)>
scaling factor: 300
query mode: simple
number of clients: 32
number of threads: 4
duration: 60 s
number of transactions actually processed: 1440
latency average: 1333.333 ms
tps = 23.678164 (including connections establishing)
tps = 23.678810 (excluding connections establishing)
script statistics:
 - statement latencies in milliseconds:
         0.003  \set aid random(1, 100000 * :scale)
         0.001  \set bid random(1, 1 * :scale)
         0.001  \set tid random(1, 10 * :scale)
         0.001  \set delta random(-5000, 5000)
         0.122  BEGIN;
       681.960  UPDATE pgbench_accounts SET abalance = abalance + :delta WHERE aid = :aid;
         6.527  SELECT abalance FROM pgbench_accounts WHERE aid = :aid;
       214.657  UPDATE pgbench_tellers SET tbalance = tbalance + :delta WHERE tid = :tid;
       120.625  UPDATE pgbench_branches SET bbalance = bbalance + :delta WHERE bid = :bid;
        95.623  INSERT INTO pgbench_history (tid, bid, aid, delta, mtime) VALUES (:tid, :bid, :aid, :delta, CURRENT_TIMESTAMP);
       231.208  END;
starting vacuum...end.
transaction type: <builtin: TPC-B (sort of)>
scaling factor: 300
query mode: simple
number of clients: 32
number of threads: 4
duration: 900 s
number of transactions actually processed: 25401
latency average: 1133.814 ms
tps = 28.211544 (including connections establishing)
tps = 28.211601 (excluding connections establishing)
script statistics:
 - statement latencies in milliseconds:
         0.003  \set aid random(1, 100000 * :scale)
         0.001  \set bid random(1, 1 * :scale)
         0.001  \set tid random(1, 10 * :scale)
         0.001  \set delta random(-5000, 5000)
         0.133  BEGIN;
       607.276  UPDATE pgbench_accounts SET abalance = abalance + :delta WHERE aid = :aid;
         0.320  SELECT abalance FROM pgbench_accounts WHERE aid = :aid;
       180.202  UPDATE pgbench_tellers SET tbalance = tbalance + :delta WHERE tid = :tid;
        96.742  UPDATE pgbench_branches SET bbalance = bbalance + :delta WHERE bid = :bid;
        58.388  INSERT INTO pgbench_history (tid, bid, aid, delta, mtime) VALUES (:tid, :bid, :aid, :delta, CURRENT_TIMESTAMP);
       191.640  END;
========================================================================
Testing 2009-08-27-REL9_0_0~1654
Start Time: 2016-08-01 13:54:58+00:00
Linux 3.16.0-4-amd64 (Debian-83-jessie-64-minimal) 	01.08.16 	_x86_64_	(8 CPU)

starting vacuum...end.
transaction type: <builtin: TPC-B (sort of)>
scaling factor: 300
query mode: simple
number of clients: 32
number of threads: 4
duration: 900 s
number of transactions actually processed: 27791
latency average: 1036.307 ms
tps = 30.875510 (including connections establishing)
tps = 30.875575 (excluding connections establishing)
script statistics:
 - statement latencies in milliseconds:
         0.003  \set aid random(1, 100000 * :scale)
         0.001  \set bid random(1, 1 * :scale)
         0.001  \set tid random(1, 10 * :scale)
         0.001  \set delta random(-5000, 5000)
         0.128  BEGIN;
       480.076  UPDATE pgbench_accounts SET abalance = abalance + :delta WHERE aid = :aid;
         1.213  SELECT abalance FROM pgbench_accounts WHERE aid = :aid;
       183.542  UPDATE pgbench_tellers SET tbalance = tbalance + :delta WHERE tid = :tid;
       113.463  UPDATE pgbench_branches SET bbalance = bbalance + :delta WHERE bid = :bid;
        76.034  INSERT INTO pgbench_history (tid, bid, aid, delta, mtime) VALUES (:tid, :bid, :aid, :delta, CURRENT_TIMESTAMP);
       181.886  END;
avg-cpu:  %user   %nice %system %iowait  %steal   %idle
           0,38    0,00    0,23    8,15    0,00   91,24

Device:         rrqm/s   wrqm/s     r/s     w/s    rkB/s    wkB/s avgrq-sz avgqu-sz   await r_await w_await  svctm  %util
sdb               0,00     1,49    4,50  148,82    38,14  1133,27    15,28    19,23  125,41   21,04  128,57   4,38  67,19
sda               0,01     1,49   21,46  148,82   182,29  1133,27    15,45    13,01   76,37   25,04   83,77   4,66  79,42
md0               0,00     0,00    0,11    0,00     0,43     0,00     8,00     0,00    0,00    0,00    0,00   0,00   0,00
md1               0,00     0,00    0,00    0,00     0,00     0,00     0,00     0,00    0,00    0,00    0,00   0,00   0,00
md2               0,00     0,00   25,84  149,73   219,86  1131,83    15,40     0,00    0,00    0,00    0,00   0,00   0,00
md3               0,00     0,00    0,00    0,01     0,00     0,05     8,00     0,00    0,00    0,00    0,00   0,00   0,00

End Time: 2016-08-01 14:10:28+00:00
========================================================================
========================================================================
Testing 2009-08-27-REL9_0_0~1654
Start Time: 2016-08-04 23:39:43+00:00
Shared Buffers:  1048576
Linux 3.16.0-4-amd64 (Debian-83-jessie-64-minimal) 	05.08.16 	_x86_64_	(8 CPU)

starting vacuum...end.
transaction type: <builtin: TPC-B (sort of)>
scaling factor: 300
query mode: simple
number of clients: 32
number of threads: 4
duration: 900 s
number of transactions actually processed: 32576
latency average: 884.086 ms
tps = 35.953669 (including connections establishing)
tps = 35.953727 (excluding connections establishing)
script statistics:
 - statement latencies in milliseconds:
         0.003  \set aid random(1, 100000 * :scale)
         0.001  \set bid random(1, 1 * :scale)
         0.001  \set tid random(1, 10 * :scale)
         0.001  \set delta random(-5000, 5000)
         0.127  BEGIN;
       417.013  UPDATE pgbench_accounts SET abalance = abalance + :delta WHERE aid = :aid;
         0.563  SELECT abalance FROM pgbench_accounts WHERE aid = :aid;
       156.470  UPDATE pgbench_tellers SET tbalance = tbalance + :delta WHERE tid = :tid;
        92.407  UPDATE pgbench_branches SET bbalance = bbalance + :delta WHERE bid = :bid;
        59.120  INSERT INTO pgbench_history (tid, bid, aid, delta, mtime) VALUES (:tid, :bid, :aid, :delta, CURRENT_TIMESTAMP);
       164.324  END;
avg-cpu:  %user   %nice %system %iowait  %steal   %idle
           0,45    0,00    0,28    8,52    0,00   90,75

Device:         rrqm/s   wrqm/s     r/s     w/s    rkB/s    wkB/s avgrq-sz avgqu-sz   await r_await w_await  svctm  %util
sdb               0,00     1,53    5,32  161,91    45,63  1132,34    14,09    13,23   79,11   19,38   81,07   3,72  62,29
sda               0,00     1,53   24,32  161,91   208,95  1132,34    14,40    15,74   84,53   24,91   93,49   4,52  84,23
md0               0,00     0,00    0,07    0,21     0,28     0,82     8,00     0,00    0,00    0,00    0,00   0,00   0,00
md1               0,00     0,00    0,00    0,00     0,00     0,00     0,00     0,00    0,00    0,00    0,00   0,00   0,00
md2               0,00     0,00   29,58  162,75   254,30  1130,35    14,40     0,00    0,00    0,00    0,00   0,00   0,00
md3               0,00     0,00    0,00    0,01     0,00     0,04     8,00     0,00    0,00    0,00    0,00   0,00   0,00

End Time: 2016-08-04 23:55:13+00:00
========================================================================
========================================================================
Testing 2009-08-27-REL9_0_0~1654
Start Time: 2016-08-06 01:31:13+00:00
Shared Buffers:  260000
Linux 3.16.0-4-amd64 (Debian-83-jessie-64-minimal) 	06.08.16 	_x86_64_	(8 CPU)

starting vacuum...end.
transaction type: <builtin: TPC-B (sort of)>
scaling factor: 300
query mode: simple
number of clients: 32
number of threads: 4
duration: 900 s
number of transactions actually processed: 28494
latency average: 1010.739 ms
tps = 31.651312 (including connections establishing)
tps = 31.651372 (excluding connections establishing)
script statistics:
 - statement latencies in milliseconds:
         0.003  \set aid random(1, 100000 * :scale)
         0.001  \set bid random(1, 1 * :scale)
         0.001  \set tid random(1, 10 * :scale)
         0.001  \set delta random(-5000, 5000)
         0.131  BEGIN;
       483.245  UPDATE pgbench_accounts SET abalance = abalance + :delta WHERE aid = :aid;
         1.019  SELECT abalance FROM pgbench_accounts WHERE aid = :aid;
       184.760  UPDATE pgbench_tellers SET tbalance = tbalance + :delta WHERE tid = :tid;
       103.622  UPDATE pgbench_branches SET bbalance = bbalance + :delta WHERE bid = :bid;
        61.938  INSERT INTO pgbench_history (tid, bid, aid, delta, mtime) VALUES (:tid, :bid, :aid, :delta, CURRENT_TIMESTAMP);
       176.662  END;
avg-cpu:  %user   %nice %system %iowait  %steal   %idle
           0,39    0,00    0,24    8,49    0,00   90,88

Device:         rrqm/s   wrqm/s     r/s     w/s    rkB/s    wkB/s avgrq-sz avgqu-sz   await r_await w_await  svctm  %util
sdb               0,00     1,46    4,58  139,86    38,53   951,96    13,72    17,21  119,14   21,47  122,33   4,47  64,49
sda               0,00     1,46   22,01  139,86   186,00   951,96    14,06    15,07   93,11   26,98  103,51   5,07  82,02
md0               0,00     0,00    0,08    0,09     0,31     0,38     8,00     0,00    0,00    0,00    0,00   0,00   0,00
md1               0,00     0,00    0,00    0,00     0,00     0,00     0,00     0,00    0,00    0,00    0,00   0,00   0,00
md2               0,00     0,00   26,51  140,77   224,22   950,46    14,04     0,00    0,00    0,00    0,00   0,00   0,00
md3               0,00     0,00    0,00    0,01     0,00     0,04     8,00     0,00    0,00    0,00    0,00   0,00   0,00

End Time: 2016-08-06 01:46:43+00:00
========================================================================
========================================================================
Testing 2009-08-27-REL9_0_0~1654
Start Time: 2016-08-08 11:06:55+00:00
Shared Buffers:  260000
Linux 3.16.0-4-amd64 (Debian-83-jessie-64-minimal) 	08.08.16 	_x86_64_	(8 CPU)

starting vacuum...end.
transaction type: <builtin: TPC-B (sort of)>
scaling factor: 300
query mode: simple
number of clients: 32
number of threads: 4
duration: 900 s
number of transactions actually processed: 29416
latency average: 979.059 ms
tps = 32.672001 (including connections establishing)
tps = 32.672063 (excluding connections establishing)
script statistics:
 - statement latencies in milliseconds:
         0.003  \set aid random(1, 100000 * :scale)
         0.001  \set bid random(1, 1 * :scale)
         0.001  \set tid random(1, 10 * :scale)
         0.001  \set delta random(-5000, 5000)
         0.131  BEGIN;
       452.265  UPDATE pgbench_accounts SET abalance = abalance + :delta WHERE aid = :aid;
         0.649  SELECT abalance FROM pgbench_accounts WHERE aid = :aid;
       181.323  UPDATE pgbench_tellers SET tbalance = tbalance + :delta WHERE tid = :tid;
       104.069  UPDATE pgbench_branches SET bbalance = bbalance + :delta WHERE bid = :bid;
        64.601  INSERT INTO pgbench_history (tid, bid, aid, delta, mtime) VALUES (:tid, :bid, :aid, :delta, CURRENT_TIMESTAMP);
       176.650  END;
avg-cpu:  %user   %nice %system %iowait  %steal   %idle
           0,42    0,00    0,24    8,55    0,00   90,79

Device:         rrqm/s   wrqm/s     r/s     w/s    rkB/s    wkB/s avgrq-sz avgqu-sz   await r_await w_await  svctm  %util
sdb               0,00     2,17    4,80  139,13    41,11   950,39    13,78    15,27  105,87   23,34  108,72   4,58  65,87
sda               0,01     2,17   22,30  139,13   190,30   950,39    14,13    16,23  100,57   26,85  112,38   5,07  81,85
md0               0,00     0,00    0,03    0,79     0,12     3,16     8,00     0,00    0,00    0,00    0,00   0,00   0,00
md1               0,00     0,00    0,00    0,00     0,00     0,00     0,00     0,00    0,00    0,00    0,00   0,00   0,00
md2               0,00     0,00   27,08  140,02   231,29   946,08    14,09     0,00    0,00    0,00    0,00   0,00   0,00
md3               0,00     0,00    0,00    0,01     0,00     0,04     8,00     0,00    0,00    0,00    0,00   0,00   0,00

Control File Changes
--- /usr/local/oldpgsql/2009-08-27-REL9_0_0~1654/before.controldata	2016-08-08 13:06:55.843588935 +0200
+++ /usr/local/oldpgsql/2009-08-27-REL9_0_0~1654/after.controldata	2016-08-08 13:23:13.636867560 +0200
@@ -2,16 +2,16 @@
 Catalog version number:               200908032
 Database system identifier:           6255470695276346878
 Database cluster state:               in production
-pg_control last modified:             пн, 08-сер-2016 13:06:55 +0200
-Latest checkpoint location:           0/BAA4BB48
-Prior checkpoint location:            0/AD5BF7B8
-Latest checkpoint's REDO location:    0/BAA4BB48
+pg_control last modified:             пн, 08-сер-2016 13:23:13 +0200
+Latest checkpoint location:           0/D35FF910
+Prior checkpoint location:            0/D35FF8C8
+Latest checkpoint's REDO location:    0/D35FF910
 Latest checkpoint's TimeLineID:       1
-Latest checkpoint's NextXID:          0/125695
-Latest checkpoint's NextOID:          16471
+Latest checkpoint's NextXID:          0/155152
+Latest checkpoint's NextOID:          24663
 Latest checkpoint's NextMultiXactId:  1
 Latest checkpoint's NextMultiOffset:  0
-Time of latest checkpoint:            пн, 08-сер-2016 13:06:23 +0200
+Time of latest checkpoint:            пн, 08-сер-2016 13:23:01 +0200
 Minimum recovery ending location:     0/0
 Maximum data alignment:               8
 Database block size:                  8192
End Time: 2016-08-08 11:23:13+00:00
========================================================================
========================================================================
Testing 2009-08-27-REL9_0_0~1654
Start Time: 2016-08-09 00:17:32+00:00
Shared Buffers:  260000
size before pgbench of pgbench_branches: 8
size before pgbench of pgbench_tellers: 8
size before pgbench of pgbench_accounts: 64
size before pgbench of pgbench_branches_pkey: 32
size before pgbench of pgbench_tellers_pkey: 112
size before pgbench of pgbench_accounts_pkey: 658092
size before pgbench of pgbench_history: 24
total size before pgbench: 658340
Linux 3.16.0-4-amd64 (Debian-83-jessie-64-minimal) 	09.08.16 	_x86_64_	(8 CPU)

starting vacuum...end.
transaction type: <builtin: select only>
scaling factor: 300
query mode: simple
number of clients: 32
number of threads: 4
duration: 60 s
number of transactions actually processed: 67282
latency average: 28.537 ms
tps = 1118.884961 (including connections establishing)
tps = 1118.915145 (excluding connections establishing)
script statistics:
 - statement latencies in milliseconds:
         0.002  \set aid random(1, 100000 * :scale)
        28.561  SELECT abalance FROM pgbench_accounts WHERE aid = :aid;
avg-cpu:  %user   %nice %system %iowait  %steal   %idle
           1,14    0,00    0,68   28,27    0,00   69,91

Device:         rrqm/s   wrqm/s     r/s     w/s    rkB/s    wkB/s avgrq-sz avgqu-sz   await r_await w_await  svctm  %util
sdb               0,00     6,33  267,03    2,10  2460,98    33,69    18,54    15,91   59,11   39,00 2615,94   2,53  68,10
sda               0,70     6,31  266,73    2,12  2453,24    33,69    18,50    18,93   70,41   48,51 2823,16   2,55  68,45
md0               0,00     0,00    2,08    5,34     8,31    21,38     8,00     0,00    0,00    0,00    0,00   0,00   0,00
md1               0,00     0,00    0,00    0,00     0,00     0,00     0,00     0,00    0,00    0,00    0,00   0,00   0,00
md2               0,00     0,00  532,40    1,96  4905,91     9,69    18,40     0,00    0,00    0,00    0,00   0,00   0,00
md3               0,00     0,00    0,00    0,10     0,00     0,40     8,00     0,00    0,00    0,00    0,00   0,00   0,00

Control File Changes
--- /usr/local/oldpgsql/2009-08-27-REL9_0_0~1654/before.controldata	2016-08-09 02:23:40.490800622 +0200
+++ /usr/local/oldpgsql/2009-08-27-REL9_0_0~1654/after.controldata	2016-08-09 02:25:12.442940580 +0200
@@ -5,4 +5,4 @@
-pg_control last modified:             Tue Aug  9 00:23:40 2016
-Latest checkpoint location:           0/E1138210
-Prior checkpoint location:            0/E11381C8
-Latest checkpoint's REDO location:    0/E1138210
+pg_control last modified:             Tue Aug  9 00:25:12 2016
+Latest checkpoint location:           0/E113BB18
+Prior checkpoint location:            0/E1138210
+Latest checkpoint's REDO location:    0/E113BB18
@@ -10,2 +10,2 @@
-Latest checkpoint's NextXID:          0/155152
-Latest checkpoint's NextOID:          16472
+Latest checkpoint's NextXID:          0/155153
+Latest checkpoint's NextOID:          24664
@@ -14 +14 @@
-Time of latest checkpoint:            Tue Aug  9 00:23:36 2016
+Time of latest checkpoint:            Tue Aug  9 00:25:10 2016
size after pgbench of pgbench_branches: 8
size after pgbench of pgbench_tellers: 8
size after pgbench of pgbench_accounts: 64
size after pgbench of pgbench_branches_pkey: 32
size after pgbench of pgbench_tellers_pkey: 112
size after pgbench of pgbench_accounts_pkey: 658092
size after pgbench of pgbench_history: 0
total size after pgbench: 658316
End Time: 2016-08-09 00:25:12+00:00
========================================================================
========================================================================
Testing 2009-08-27-REL9_0_0~1654
Start Time: 2016-08-10 13:01:21+00:00
Shared Buffers:  260000
size before pgbench of pgbench_branches: 8
size before pgbench of pgbench_tellers: 8
size before pgbench of pgbench_accounts: 64
size before pgbench of pgbench_branches_pkey: 32
size before pgbench of pgbench_tellers_pkey: 112
size before pgbench of pgbench_accounts_pkey: 658092
size before pgbench of pgbench_history: 0
total size before pgbench: 658316
Linux 3.16.0-4-amd64 (Debian-83-jessie-64-minimal) 	10.08.16 	_x86_64_	(8 CPU)

starting vacuum...end.
transaction type: <builtin: select only>
scaling factor: 300
query mode: simple
number of clients: 32
number of threads: 4
duration: 60 s
number of transactions actually processed: 71776
latency average: 26.750 ms
tps = 1194.927571 (including connections establishing)
tps = 1194.963106 (excluding connections establishing)
script statistics:
 - statement latencies in milliseconds:
         0.002  \set aid random(1, 100000 * :scale)
        26.763  SELECT abalance FROM pgbench_accounts WHERE aid = :aid;
avg-cpu:  %user   %nice %system %iowait  %steal   %idle
           1,18    0,00    0,75   31,78    0,00   66,30

Device:         rrqm/s   wrqm/s     r/s     w/s    rkB/s    wkB/s avgrq-sz avgqu-sz   await r_await w_await  svctm  %util
sdb               0,04     6,57  277,28    1,86  2585,73    35,18    18,78    12,95   46,39   42,16  677,65   2,42  67,68
sda               0,02     6,56  277,76    1,87  2595,11    35,18    18,81    21,88   78,24   44,37 5118,71   2,42  67,59
md0               0,00     0,00    0,18    5,44     0,71    21,78     8,00     0,00    0,00    0,00    0,00   0,00   0,00
md1               0,00     0,00    0,00    0,00     0,00     0,00     0,00     0,00    0,00    0,00    0,00   0,00   0,00
md2               0,00     0,00  554,92    2,00  5180,13    11,02    18,64     0,00    0,00    0,00    0,00   0,00   0,00
md3               0,00     0,00    0,00    0,11     0,00     0,44     8,00     0,00    0,00    0,00    0,00   0,00   0,00

Control File Changes
--- /usr/local/oldpgsql/2009-08-27-REL9_0_0~1654/before.controldata	2016-08-10 15:02:01.999827900 +0200
+++ /usr/local/oldpgsql/2009-08-27-REL9_0_0~1654/after.controldata	2016-08-10 15:03:33.112178378 +0200
@@ -5,4 +5,4 @@
-pg_control last modified:             Wed Aug 10 13:02:01 2016
-Latest checkpoint location:           0/E113BBA8
-Prior checkpoint location:            0/E113BB60
-Latest checkpoint's REDO location:    0/E113BBA8
+pg_control last modified:             Wed Aug 10 13:03:32 2016
+Latest checkpoint location:           0/E113DA70
+Prior checkpoint location:            0/E113BBA8
+Latest checkpoint's REDO location:    0/E113DA70
@@ -10,2 +10,2 @@
-Latest checkpoint's NextXID:          0/155153
-Latest checkpoint's NextOID:          16473
+Latest checkpoint's NextXID:          0/155154
+Latest checkpoint's NextOID:          24665
@@ -14 +14 @@
-Time of latest checkpoint:            Wed Aug 10 13:02:01 2016
+Time of latest checkpoint:            Wed Aug 10 13:03:32 2016
size after pgbench of pgbench_branches: 8
size after pgbench of pgbench_tellers: 8
size after pgbench of pgbench_accounts: 64
size after pgbench of pgbench_branches_pkey: 32
size after pgbench of pgbench_tellers_pkey: 112
size after pgbench of pgbench_accounts_pkey: 658092
size after pgbench of pgbench_history: 0
total size after pgbench: 658316
End Time: 2016-08-10 13:03:33+00:00
========================================================================
========================================================================
Testing 2009-08-27-REL9_0_0~1654
Start Time: 2016-08-11 04:15:58+00:00
Shared Buffers:  260000
size before pgbench of pgbench_branches: 8
size before pgbench of pgbench_tellers: 8
size before pgbench of pgbench_accounts: 64
size before pgbench of pgbench_branches_pkey: 32
size before pgbench of pgbench_tellers_pkey: 112
size before pgbench of pgbench_accounts_pkey: 658092
size before pgbench of pgbench_history: 0
total size before pgbench: 658316
Linux 3.16.0-4-amd64 (Debian-83-jessie-64-minimal) 	11.08.16 	_x86_64_	(8 CPU)

starting vacuum...end.
transaction type: <builtin: select only>
scaling factor: 300
query mode: simple
number of clients: 32
number of threads: 4
duration: 60 s
number of transactions actually processed: 73565
latency average: 26.099 ms
tps = 1221.678896 (including connections establishing)
tps = 1221.716732 (excluding connections establishing)
script statistics:
 - statement latencies in milliseconds:
         0.002  \set aid random(1, 100000 * :scale)
        26.126  SELECT abalance FROM pgbench_accounts WHERE aid = :aid;
avg-cpu:  %user   %nice %system %iowait  %steal   %idle
           1,20    0,00    0,71   28,14    0,00   69,94

Device:         rrqm/s   wrqm/s     r/s     w/s    rkB/s    wkB/s avgrq-sz avgqu-sz   await r_await w_await  svctm  %util
sdb               0,10     5,91  280,10    1,47  2621,47    31,46    18,84    20,31   72,15   38,37 6523,33   2,41  67,73
sda               0,01     5,89  282,22    1,49  2656,58    31,46    18,95    18,00   63,43   45,90 3387,19   2,39  67,76
md0               0,00     0,00    0,12    5,17     0,49    20,67     8,00     0,00    0,00    0,00    0,00   0,00   0,00
md1               0,00     0,00    0,00    0,00     0,00     0,00     0,00     0,00    0,00    0,00    0,00   0,00   0,00
md2               0,00     0,00  562,31    1,37  5277,29     8,71    18,76     0,00    0,00    0,00    0,00   0,00   0,00
md3               0,00     0,00    0,00    0,10     0,00     0,40     8,00     0,00    0,00    0,00    0,00   0,00   0,00

Control File Changes
--- /usr/local/oldpgsql/2009-08-27-REL9_0_0~1654/before.controldata	2016-08-11 06:16:37.944698121 +0200
+++ /usr/local/oldpgsql/2009-08-27-REL9_0_0~1654/after.controldata	2016-08-11 06:18:09.309095782 +0200
@@ -5,4 +5,4 @@
-pg_control last modified:             Thu Aug 11 04:16:37 2016
-Latest checkpoint location:           0/E113DB00
-Prior checkpoint location:            0/E113DAB8
-Latest checkpoint's REDO location:    0/E113DB00
+pg_control last modified:             Thu Aug 11 04:18:09 2016
+Latest checkpoint location:           0/E113F9C8
+Prior checkpoint location:            0/E113DB00
+Latest checkpoint's REDO location:    0/E113F9C8
@@ -10,2 +10,2 @@
-Latest checkpoint's NextXID:          0/155154
-Latest checkpoint's NextOID:          16474
+Latest checkpoint's NextXID:          0/155155
+Latest checkpoint's NextOID:          24666
@@ -14 +14 @@
-Time of latest checkpoint:            Thu Aug 11 04:16:37 2016
+Time of latest checkpoint:            Thu Aug 11 04:18:08 2016
size after pgbench of pgbench_branches: 8
size after pgbench of pgbench_tellers: 8
size after pgbench of pgbench_accounts: 64
size after pgbench of pgbench_branches_pkey: 32
size after pgbench of pgbench_tellers_pkey: 112
size after pgbench of pgbench_accounts_pkey: 658092
size after pgbench of pgbench_history: 0
total size after pgbench: 658316
End Time: 2016-08-11 04:18:09+00:00
========================================================================
========================================================================
Testing 2009-08-27-REL9_0_0~1654
Start Time: 2016-08-11 21:56:42+00:00
Shared Buffers:  260000
size before pgbench of pgbench_branches: 8
size before pgbench of pgbench_tellers: 8
size before pgbench of pgbench_accounts: 64
size before pgbench of pgbench_branches_pkey: 32
size before pgbench of pgbench_tellers_pkey: 112
size before pgbench of pgbench_accounts_pkey: 658092
size before pgbench of pgbench_history: 0
total size before pgbench: 658316
Linux 3.16.0-4-amd64 (Debian-83-jessie-64-minimal) 	11.08.16 	_x86_64_	(8 CPU)

starting vacuum...end.
transaction type: <builtin: select only>
scaling factor: 300
query mode: simple
number of clients: 32
number of threads: 4
duration: 60 s
number of transactions actually processed: 69653
latency average: 27.565 ms
tps = 1159.633210 (including connections establishing)
tps = 1159.665020 (excluding connections establishing)
script statistics:
 - statement latencies in milliseconds:
         0.002  \set aid random(1, 100000 * :scale)
        27.572  SELECT abalance FROM pgbench_accounts WHERE aid = :aid;
avg-cpu:  %user   %nice %system %iowait  %steal   %idle
           1,14    0,00    0,70   28,00    0,00   70,16

Device:         rrqm/s   wrqm/s     r/s     w/s    rkB/s    wkB/s avgrq-sz avgqu-sz   await r_await w_await  svctm  %util
sdb               0,00     6,34  268,40    1,80  2479,64    34,16    18,61    14,06   52,05   40,64 1753,93   2,49  67,36
sda               0,02     6,34  274,06    1,80  2545,87    34,16    18,71    16,58   60,11   46,74 2095,19   2,45  67,70
md0               0,00     0,00    0,11    5,32     0,44    21,29     8,00     0,00    0,00    0,00    0,00   0,00   0,00
md1               0,00     0,00    0,00    0,00     0,00     0,00     0,00     0,00    0,00    0,00    0,00   0,00   0,00
md2               0,00     0,00  542,40    1,81  5025,07    10,49    18,51     0,00    0,00    0,00    0,00   0,00   0,00
md3               0,00     0,00    0,00    0,10     0,00     0,40     8,00     0,00    0,00    0,00    0,00   0,00   0,00

Control File Changes
--- /usr/local/oldpgsql/2009-08-27-REL9_0_0~1654/before.controldata	2016-08-11 23:57:22.779190254 +0200
+++ /usr/local/oldpgsql/2009-08-27-REL9_0_0~1654/after.controldata	2016-08-11 23:58:54.043453710 +0200
@@ -5,4 +5,4 @@
-pg_control last modified:             Thu Aug 11 21:57:22 2016
-Latest checkpoint location:           0/E113FA58
-Prior checkpoint location:            0/E113FA10
-Latest checkpoint's REDO location:    0/E113FA58
+pg_control last modified:             Thu Aug 11 21:58:53 2016
+Latest checkpoint location:           0/E1141920
+Prior checkpoint location:            0/E113FA58
+Latest checkpoint's REDO location:    0/E1141920
@@ -10,2 +10,2 @@
-Latest checkpoint's NextXID:          0/155155
-Latest checkpoint's NextOID:          16475
+Latest checkpoint's NextXID:          0/155156
+Latest checkpoint's NextOID:          24667
@@ -14 +14 @@
-Time of latest checkpoint:            Thu Aug 11 21:57:22 2016
+Time of latest checkpoint:            Thu Aug 11 21:58:52 2016
size after pgbench of pgbench_branches: 8
size after pgbench of pgbench_tellers: 8
size after pgbench of pgbench_accounts: 64
size after pgbench of pgbench_branches_pkey: 32
size after pgbench of pgbench_tellers_pkey: 112
size after pgbench of pgbench_accounts_pkey: 658092
size after pgbench of pgbench_history: 0
total size after pgbench: 658316
End Time: 2016-08-11 21:58:54+00:00
========================================================================
========================================================================
Testing 2009-08-27-REL9_0_0~1654
Start Time: 2016-08-12 21:29:34+00:00
Shared Buffers:  260000
size before pgbench of pgbench_branches: 8
size before pgbench of pgbench_tellers: 8
size before pgbench of pgbench_accounts: 64
size before pgbench of pgbench_branches_pkey: 32
size before pgbench of pgbench_tellers_pkey: 112
size before pgbench of pgbench_accounts_pkey: 658092
size before pgbench of pgbench_history: 0
total size before pgbench: 658316
+ /usr/local/pgsql/bin/pgbench -T 60 -S -c 64 -j 4 -r
Linux 3.16.0-4-amd64 (Debian-83-jessie-64-minimal) 	12.08.16 	_x86_64_	(8 CPU)

starting vacuum...end.
transaction type: <builtin: select only>
scaling factor: 300
query mode: simple
number of clients: 64
number of threads: 4
duration: 60 s
number of transactions actually processed: 76416
latency average: 50.251 ms
tps = 1268.809546 (including connections establishing)
tps = 1268.841868 (excluding connections establishing)
script statistics:
 - statement latencies in milliseconds:
         0.002  \set aid random(1, 100000 * :scale)
        50.319  SELECT abalance FROM pgbench_accounts WHERE aid = :aid;
avg-cpu:  %user   %nice %system %iowait  %steal   %idle
           1,28    0,00    0,80   34,98    0,00   62,95

Device:         rrqm/s   wrqm/s     r/s     w/s    rkB/s    wkB/s avgrq-sz avgqu-sz   await r_await w_await  svctm  %util
sdb               0,02     8,61  287,08    1,52  2696,40    42,28    18,98    31,52  109,23   80,64 5501,02   2,35  67,84
sda               0,11     8,63  288,29    1,50  2717,82    42,28    19,05    30,72  105,99   87,05 3746,61   2,34  67,90
md0               0,00     0,00    0,13    7,91     0,53    31,64     8,00     0,00    0,00    0,00    0,00   0,00   0,00
md1               0,00     0,00    0,00    0,00     0,00     0,00     0,00     0,00    0,00    0,00    0,00   0,00   0,00
md2               0,00     0,00  575,43    1,28  5413,69     8,13    18,80     0,00    0,00    0,00    0,00   0,00   0,00
md3               0,00     0,00    0,00    0,19     0,00     0,76     8,00     0,00    0,00    0,00    0,00   0,00   0,00

Control File Changes
--- /usr/local/oldpgsql/2009-08-27-REL9_0_0~1654/before.controldata	2016-08-12 23:30:13.820263377 +0200
+++ /usr/local/oldpgsql/2009-08-27-REL9_0_0~1654/after.controldata	2016-08-12 23:31:45.268453681 +0200
@@ -5,4 +5,4 @@
-pg_control last modified:             Fri Aug 12 21:30:13 2016
-Latest checkpoint location:           0/E11419B0
-Prior checkpoint location:            0/E1141968
-Latest checkpoint's REDO location:    0/E11419B0
+pg_control last modified:             Fri Aug 12 21:31:45 2016
+Latest checkpoint location:           0/E1143878
+Prior checkpoint location:            0/E11419B0
+Latest checkpoint's REDO location:    0/E1143878
@@ -10,2 +10,2 @@
-Latest checkpoint's NextXID:          0/155156
-Latest checkpoint's NextOID:          16476
+Latest checkpoint's NextXID:          0/155157
+Latest checkpoint's NextOID:          24668
@@ -14 +14 @@
-Time of latest checkpoint:            Fri Aug 12 21:30:13 2016
+Time of latest checkpoint:            Fri Aug 12 21:31:43 2016
size after pgbench of pgbench_branches: 8
size after pgbench of pgbench_tellers: 8
size after pgbench of pgbench_accounts: 64
size after pgbench of pgbench_branches_pkey: 32
size after pgbench of pgbench_tellers_pkey: 112
size after pgbench of pgbench_accounts_pkey: 658092
size after pgbench of pgbench_history: 0
total size after pgbench: 658316
End Time: 2016-08-12 21:31:45+00:00
========================================================================
========================================================================
Testing 2009-08-27-REL9_0_0~1654
Start Time: 2016-08-13 02:30:35+00:00
Shared Buffers:  260000
size before pgbench of pgbench_branches: 8
size before pgbench of pgbench_tellers: 8
size before pgbench of pgbench_accounts: 64
size before pgbench of pgbench_branches_pkey: 32
size before pgbench of pgbench_tellers_pkey: 112
size before pgbench of pgbench_accounts_pkey: 658092
size before pgbench of pgbench_history: 0
total size before pgbench: 658316
Linux 3.16.0-4-amd64 (Debian-83-jessie-64-minimal) 	13.08.16 	_x86_64_	(8 CPU)

starting vacuum...end.
transaction type: <builtin: select only>
scaling factor: 300
query mode: simple
number of clients: 48
number of threads: 4
duration: 60 s
number of transactions actually processed: 76012
latency average: 37.889 ms
tps = 1264.625918 (including connections establishing)
tps = 1264.662980 (excluding connections establishing)
script statistics:
 - statement latencies in milliseconds:
         0.002  \set aid random(1, 100000 * :scale)
        37.930  SELECT abalance FROM pgbench_accounts WHERE aid = :aid;
avg-cpu:  %user   %nice %system %iowait  %steal   %idle
           1,28    0,00    0,77   33,55    0,00   64,39

Device:         rrqm/s   wrqm/s     r/s     w/s    rkB/s    wkB/s avgrq-sz avgqu-sz   await r_await w_await  svctm  %util
sdb               0,02     6,57  283,68    1,60  2681,82    33,93    19,04    18,70   65,56   56,86 1606,33   2,36  67,43
sda               0,16     6,57  288,47    1,60  2705,82    33,93    18,89    33,88  116,77   65,66 9332,08   2,34  67,83
md0               0,00     0,00    0,27    5,67     1,07    22,67     8,00     0,00    0,00    0,00    0,00   0,00   0,00
md1               0,00     0,00    0,00    0,00     0,00     0,00     0,00     0,00    0,00    0,00    0,00   0,00   0,00
md2               0,00     0,00  572,11    1,64  5386,58     9,16    18,81     0,00    0,00    0,00    0,00   0,00   0,00
md3               0,00     0,00    0,00    0,10     0,00     0,40     8,00     0,00    0,00    0,00    0,00   0,00   0,00

Control File Changes
--- /usr/local/oldpgsql/2009-08-27-REL9_0_0~1654/before.controldata	2016-08-13 04:31:14.931161892 +0200
+++ /usr/local/oldpgsql/2009-08-27-REL9_0_0~1654/after.controldata	2016-08-13 04:32:46.191356361 +0200
@@ -5,4 +5,4 @@
-pg_control last modified:             Sat Aug 13 02:31:14 2016
-Latest checkpoint location:           0/E1143908
-Prior checkpoint location:            0/E11438C0
-Latest checkpoint's REDO location:    0/E1143908
+pg_control last modified:             Sat Aug 13 02:32:46 2016
+Latest checkpoint location:           0/E11457D0
+Prior checkpoint location:            0/E1143908
+Latest checkpoint's REDO location:    0/E11457D0
@@ -10,2 +10,2 @@
-Latest checkpoint's NextXID:          0/155157
-Latest checkpoint's NextOID:          16477
+Latest checkpoint's NextXID:          0/155158
+Latest checkpoint's NextOID:          24669
@@ -14 +14 @@
-Time of latest checkpoint:            Sat Aug 13 02:31:14 2016
+Time of latest checkpoint:            Sat Aug 13 02:32:44 2016
size after pgbench of pgbench_branches: 8
size after pgbench of pgbench_tellers: 8
size after pgbench of pgbench_accounts: 64
size after pgbench of pgbench_branches_pkey: 32
size after pgbench of pgbench_tellers_pkey: 112
size after pgbench of pgbench_accounts_pkey: 658092
size after pgbench of pgbench_history: 0
total size after pgbench: 658316
End Time: 2016-08-13 02:32:46+00:00
========================================================================
========================================================================
Testing 2009-08-27-REL9_0_0~1654
Start Time: 2016-08-13 12:35:28+00:00
Shared Buffers:  260000
size before pgbench of pgbench_branches: 8
size before pgbench of pgbench_tellers: 8
size before pgbench of pgbench_accounts: 64
size before pgbench of pgbench_branches_pkey: 32
size before pgbench of pgbench_tellers_pkey: 112
size before pgbench of pgbench_accounts_pkey: 658092
size before pgbench of pgbench_history: 0
total size before pgbench: 658316
Linux 3.16.0-4-amd64 (Debian-83-jessie-64-minimal) 	13.08.16 	_x86_64_	(8 CPU)

starting vacuum...end.
transaction type: <builtin: select only>
scaling factor: 300
query mode: simple
number of clients: 48
number of threads: 4
duration: 60 s
number of transactions actually processed: 72292
latency average: 39.838 ms
tps = 1202.039870 (including connections establishing)
tps = 1202.076135 (excluding connections establishing)
script statistics:
 - statement latencies in milliseconds:
         0.002  \set aid random(1, 100000 * :scale)
        39.900  SELECT abalance FROM pgbench_accounts WHERE aid = :aid;
avg-cpu:  %user   %nice %system %iowait  %steal   %idle
           1,23    0,00    0,77   30,05    0,00   67,94

Device:         rrqm/s   wrqm/s     r/s     w/s    rkB/s    wkB/s avgrq-sz avgqu-sz   await r_await w_await  svctm  %util
sdb               0,03     6,06  277,00    1,78  2597,38    33,41    18,87    18,35   65,81   60,24  934,83   2,41  67,30
sda               0,03     6,07  281,60    1,77  2631,33    33,41    18,81    22,62   79,82   67,09 2109,16   2,39  67,65
md0               0,00     0,00    0,09    5,16     0,36    20,62     8,00     0,00    0,00    0,00    0,00   0,00   0,00
md1               0,00     0,00    0,00    0,00     0,00     0,00     0,00     0,00    0,00    0,00    0,00   0,00   0,00
md2               0,00     0,00  558,60    1,67  5227,96    10,36    18,70     0,00    0,00    0,00    0,00   0,00   0,00
md3               0,00     0,00    0,00    0,10     0,00     0,40     8,00     0,00    0,00    0,00    0,00   0,00   0,00

Control File Changes
--- /usr/local/oldpgsql/2009-08-27-REL9_0_0~1654/before.controldata	2016-08-13 14:36:07.107210394 +0200
+++ /usr/local/oldpgsql/2009-08-27-REL9_0_0~1654/after.controldata	2016-08-13 14:37:38.387387357 +0200
@@ -5,4 +5,4 @@
-pg_control last modified:             Sat Aug 13 12:36:07 2016
-Latest checkpoint location:           0/E1145860
-Prior checkpoint location:            0/E1145818
-Latest checkpoint's REDO location:    0/E1145860
+pg_control last modified:             Sat Aug 13 12:37:38 2016
+Latest checkpoint location:           0/E1147728
+Prior checkpoint location:            0/E1145860
+Latest checkpoint's REDO location:    0/E1147728
@@ -10,2 +10,2 @@
-Latest checkpoint's NextXID:          0/155158
-Latest checkpoint's NextOID:          16478
+Latest checkpoint's NextXID:          0/155159
+Latest checkpoint's NextOID:          24670
@@ -14 +14 @@
-Time of latest checkpoint:            Sat Aug 13 12:36:06 2016
+Time of latest checkpoint:            Sat Aug 13 12:37:37 2016
size after pgbench of pgbench_branches: 8
size after pgbench of pgbench_tellers: 8
size after pgbench of pgbench_accounts: 64
size after pgbench of pgbench_branches_pkey: 32
size after pgbench of pgbench_tellers_pkey: 112
size after pgbench of pgbench_accounts_pkey: 658092
size after pgbench of pgbench_history: 0
total size after pgbench: 658316
End Time: 2016-08-13 12:37:38+00:00
========================================================================
========================================================================
Testing 2009-08-27-REL9_0_0~1654
Start Time: 2016-08-14 23:09:25+00:00
Shared Buffers:  260000
size before pgbench of pgbench_branches: 8
size before pgbench of pgbench_tellers: 8
size before pgbench of pgbench_accounts: 64
size before pgbench of pgbench_branches_pkey: 32
size before pgbench of pgbench_tellers_pkey: 112
size before pgbench of pgbench_accounts_pkey: 658092
size before pgbench of pgbench_history: 0
total size before pgbench: 658316
Linux 3.16.0-4-amd64 (Debian-83-jessie-64-minimal) 	15.08.16 	_x86_64_	(8 CPU)

starting vacuum...end.
transaction type: <builtin: TPC-B (sort of)>
scaling factor: 300
query mode: simple
number of clients: 32
number of threads: 4
duration: 900 s
number of transactions actually processed: 31066
latency average: 927.059 ms
tps = 34.502731 (including connections establishing)
tps = 34.502794 (excluding connections establishing)
script statistics:
 - statement latencies in milliseconds:
         0.003  \set aid random(1, 100000 * :scale)
         0.001  \set bid random(1, 1 * :scale)
         0.001  \set tid random(1, 10 * :scale)
         0.001  \set delta random(-5000, 5000)
         0.126  BEGIN;
       418.813  UPDATE pgbench_accounts SET abalance = abalance + :delta WHERE aid = :aid;
         0.733  SELECT abalance FROM pgbench_accounts WHERE aid = :aid;
       173.654  UPDATE pgbench_tellers SET tbalance = tbalance + :delta WHERE tid = :tid;
       102.208  UPDATE pgbench_branches SET bbalance = bbalance + :delta WHERE bid = :bid;
        63.076  INSERT INTO pgbench_history (tid, bid, aid, delta, mtime) VALUES (:tid, :bid, :aid, :delta, CURRENT_TIMESTAMP);
       168.856  END;
avg-cpu:  %user   %nice %system %iowait  %steal   %idle
           0,44    0,00    0,26    8,81    0,00   90,50

Device:         rrqm/s   wrqm/s     r/s     w/s    rkB/s    wkB/s avgrq-sz avgqu-sz   await r_await w_await  svctm  %util
sdb               0,00     1,46    4,97  144,47    43,00   982,92    13,73    14,98  100,23   20,15  102,98   4,16  62,24
sda               0,01     1,46   23,57  144,46   202,37   982,91    14,11    16,05   95,49   25,78  106,86   4,94  82,93
md0               0,00     0,00    0,11    0,00     0,43     0,00     8,00     0,00    0,00    0,00    0,00   0,00   0,00
md1               0,00     0,00    0,00    0,00     0,00     0,00     0,00     0,00    0,00    0,00    0,00   0,00   0,00
md2               0,00     0,00   28,44  145,43   244,90   981,69    14,11     0,00    0,00    0,00    0,00   0,00   0,00
md3               0,00     0,00    0,00    0,01     0,00     0,04     8,00     0,00    0,00    0,00    0,00   0,00   0,00

Control File Changes
--- /usr/local/oldpgsql/2009-08-27-REL9_0_0~1654/before.controldata	2016-08-15 01:10:05.970489075 +0200
+++ /usr/local/oldpgsql/2009-08-27-REL9_0_0~1654/after.controldata	2016-08-15 01:26:22.281578100 +0200
@@ -5,4 +5,4 @@
-pg_control last modified:             Sun Aug 14 23:10:05 2016
-Latest checkpoint location:           0/E11477B8
-Prior checkpoint location:            0/E1147770
-Latest checkpoint's REDO location:    0/E11477B8
+pg_control last modified:             Sun Aug 14 23:26:22 2016
+Latest checkpoint location:           0/FA9AAF70
+Prior checkpoint location:            0/FA9AAF28
+Latest checkpoint's REDO location:    0/FA9AAF70
@@ -10,2 +10,2 @@
-Latest checkpoint's NextXID:          0/155159
-Latest checkpoint's NextOID:          16479
+Latest checkpoint's NextXID:          0/186268
+Latest checkpoint's NextOID:          24671
@@ -14 +14 @@
-Time of latest checkpoint:            Sun Aug 14 23:10:05 2016
+Time of latest checkpoint:            Sun Aug 14 23:26:21 2016
size after pgbench of pgbench_branches: 8
size after pgbench of pgbench_tellers: 8
size after pgbench of pgbench_accounts: 64
size after pgbench of pgbench_branches_pkey: 32
size after pgbench of pgbench_tellers_pkey: 112
size after pgbench of pgbench_accounts_pkey: 658092
size after pgbench of pgbench_history: 24
total size after pgbench: 658340
End Time: 2016-08-14 23:26:22+00:00
========================================================================
========================================================================
Testing 2009-08-27-REL9_0_0~1654
Start Time: 2016-08-19 14:19:00+00:00
Shared Buffers:  260000
size before pgbench of pgbench_branches: 8
size before pgbench of pgbench_tellers: 8
size before pgbench of pgbench_accounts: 64
size before pgbench of pgbench_branches_pkey: 32
size before pgbench of pgbench_tellers_pkey: 112
size before pgbench of pgbench_accounts_pkey: 658092
size before pgbench of pgbench_history: 24
total size before pgbench: 658340
Linux 4.6.0-1-amd64 (Debian-83-jessie-64-minimal) 	19.08.16 	_x86_64_	(8 CPU)

starting vacuum...end.
transaction type: <builtin: TPC-B (sort of)>
scaling factor: 300
query mode: simple
number of clients: 32
number of threads: 4
duration: 900 s
number of transactions actually processed: 33203
latency average: 867.392 ms
tps = 36.881818 (including connections establishing)
tps = 36.881890 (excluding connections establishing)
script statistics:
 - statement latencies in milliseconds:
         0.002  \set aid random(1, 100000 * :scale)
         0.001  \set bid random(1, 1 * :scale)
         0.001  \set tid random(1, 10 * :scale)
         0.001  \set delta random(-5000, 5000)
         0.124  BEGIN;
       388.191  UPDATE pgbench_accounts SET abalance = abalance + :delta WHERE aid = :aid;
         0.698  SELECT abalance FROM pgbench_accounts WHERE aid = :aid;
       159.084  UPDATE pgbench_tellers SET tbalance = tbalance + :delta WHERE tid = :tid;
        95.107  UPDATE pgbench_branches SET bbalance = bbalance + :delta WHERE bid = :bid;
        58.477  INSERT INTO pgbench_history (tid, bid, aid, delta, mtime) VALUES (:tid, :bid, :aid, :delta, CURRENT_TIMESTAMP);
       165.790  END;
avg-cpu:  %user   %nice %system %iowait  %steal   %idle
           0,45    0,00    0,29   19,99    0,00   79,27

Device:         rrqm/s   wrqm/s     r/s     w/s    rkB/s    wkB/s avgrq-sz avgqu-sz   await r_await w_await  svctm  %util
sdb               0,00     1,79    6,52  147,56    57,06  1003,64    13,77    14,11   91,58   21,33   94,69   4,19  64,55
sda               0,06     1,79   23,81  147,57   205,79  1003,64    14,11    15,62   91,16   26,85  101,54   4,76  81,57
md0               0,00     0,00    0,20    0,00     0,79     0,00     8,00     0,00    0,00    0,00    0,00   0,00   0,00
md1               0,00     0,00    0,00    0,00     0,00     0,00     0,00     0,00    0,00    0,00    0,00   0,00   0,00
md2               0,00     0,00   30,19  149,06   262,06  1002,89    14,11     0,00    0,00    0,00    0,00   0,00   0,00
md3               0,00     0,00    0,00    0,01     0,00     0,04     8,00     0,00    0,00    0,00    0,00   0,00   0,00

Control File Changes
--- /usr/local/oldpgsql/2009-08-27-REL9_0_0~1654/before.controldata	2016-08-19 16:24:42.848511279 +0200
+++ /usr/local/oldpgsql/2009-08-27-REL9_0_0~1654/after.controldata	2016-08-19 16:41:15.158509732 +0200
@@ -5,4 +5,4 @@
-pg_control last modified:             Fri Aug 19 14:24:42 2016
-Latest checkpoint location:           1/A0754C8
-Prior checkpoint location:            1/A075480
-Latest checkpoint's REDO location:    1/A0754C8
+pg_control last modified:             Fri Aug 19 14:41:14 2016
+Latest checkpoint location:           1/2490EAF0
+Prior checkpoint location:            1/2490EAA8
+Latest checkpoint's REDO location:    1/2490EAF0
@@ -10,2 +10,2 @@
-Latest checkpoint's NextXID:          0/186268
-Latest checkpoint's NextOID:          16480
+Latest checkpoint's NextXID:          0/219514
+Latest checkpoint's NextOID:          24672
@@ -14 +14 @@
-Time of latest checkpoint:            Fri Aug 19 14:24:42 2016
+Time of latest checkpoint:            Fri Aug 19 14:41:13 2016
size after pgbench of pgbench_branches: 8
size after pgbench of pgbench_tellers: 8
size after pgbench of pgbench_accounts: 64
size after pgbench of pgbench_branches_pkey: 32
size after pgbench of pgbench_tellers_pkey: 112
size after pgbench of pgbench_accounts_pkey: 658092
size after pgbench of pgbench_history: 24
total size after pgbench: 658340
End Time: 2016-08-19 14:41:15+00:00
========================================================================
========================================================================
Testing 2009-08-27-REL9_0_0~1654
Start Time: 2016-08-20 20:14:53+00:00
Shared Buffers:  260000
size before pgbench of pgbench_branches: 8
size before pgbench of pgbench_tellers: 8
size before pgbench of pgbench_accounts: 64
size before pgbench of pgbench_branches_pkey: 32
size before pgbench of pgbench_tellers_pkey: 112
size before pgbench of pgbench_accounts_pkey: 658092
size before pgbench of pgbench_history: 24
total size before pgbench: 658340
Linux 4.6.0-1-amd64 (Debian-83-jessie-64-minimal) 	20.08.16 	_x86_64_	(8 CPU)

starting vacuum...end.
transaction type: <builtin: TPC-B (sort of)>
scaling factor: 300
query mode: simple
number of clients: 32
number of threads: 4
duration: 900 s
number of transactions actually processed: 30874
latency average: 932.824 ms
tps = 34.212624 (including connections establishing)
tps = 34.212684 (excluding connections establishing)
script statistics:
 - statement latencies in milliseconds:
         0.002  \set aid random(1, 100000 * :scale)
         0.001  \set bid random(1, 1 * :scale)
         0.001  \set tid random(1, 10 * :scale)
         0.001  \set delta random(-5000, 5000)
         0.127  BEGIN;
       419.346  UPDATE pgbench_accounts SET abalance = abalance + :delta WHERE aid = :aid;
         1.239  SELECT abalance FROM pgbench_accounts WHERE aid = :aid;
       182.732  UPDATE pgbench_tellers SET tbalance = tbalance + :delta WHERE tid = :tid;
       101.765  UPDATE pgbench_branches SET bbalance = bbalance + :delta WHERE bid = :bid;
        63.599  INSERT INTO pgbench_history (tid, bid, aid, delta, mtime) VALUES (:tid, :bid, :aid, :delta, CURRENT_TIMESTAMP);
       166.575  END;
avg-cpu:  %user   %nice %system %iowait  %steal   %idle
           0,41    0,00    0,27   20,07    0,00   79,24

Device:         rrqm/s   wrqm/s     r/s     w/s    rkB/s    wkB/s avgrq-sz avgqu-sz   await r_await w_await  svctm  %util
sdb               0,03     1,88    6,09  135,87    52,31   926,97    13,80    13,11   92,38   21,71   95,54   4,56  64,72
sda               0,01     1,88   22,28  135,87   189,96   926,97    14,12    18,36  116,07   27,38  130,62   5,16  81,64
md0               0,00     0,00    0,07    0,00     0,27     0,00     8,00     0,00    0,00    0,00    0,00   0,00   0,00
md1               0,00     0,00    0,00    0,00     0,00     0,00     0,00     0,00    0,00    0,00    0,00   0,00   0,00
md2               0,00     0,00   28,35  137,46   242,00   926,25    14,09     0,00    0,00    0,00    0,00   0,00   0,00
md3               0,00     0,00    0,00    0,01     0,00     0,04     8,00     0,00    0,00    0,00    0,00   0,00   0,00

Control File Changes
--- /usr/local/oldpgsql/2009-08-27-REL9_0_0~1654/before.controldata	2016-08-20 22:21:43.032181927 +0200
+++ /usr/local/oldpgsql/2009-08-27-REL9_0_0~1654/after.controldata	2016-08-20 22:38:07.042264642 +0200
@@ -5,4 +5,4 @@
-pg_control last modified:             Sat Aug 20 20:21:42 2016
-Latest checkpoint location:           1/33F94250
-Prior checkpoint location:            1/33F94208
-Latest checkpoint's REDO location:    1/33F94250
+pg_control last modified:             Sat Aug 20 20:38:06 2016
+Latest checkpoint location:           1/4C37D090
+Prior checkpoint location:            1/4C37D048
+Latest checkpoint's REDO location:    1/4C37D090
@@ -10,2 +10,2 @@
-Latest checkpoint's NextXID:          0/219514
-Latest checkpoint's NextOID:          16481
+Latest checkpoint's NextXID:          0/250430
+Latest checkpoint's NextOID:          24673
@@ -14 +14 @@
-Time of latest checkpoint:            Sat Aug 20 20:21:37 2016
+Time of latest checkpoint:            Sat Aug 20 20:38:04 2016
size after pgbench of pgbench_branches: 8
size after pgbench of pgbench_tellers: 8
size after pgbench of pgbench_accounts: 64
size after pgbench of pgbench_branches_pkey: 32
size after pgbench of pgbench_tellers_pkey: 112
size after pgbench of pgbench_accounts_pkey: 658092
size after pgbench of pgbench_history: 24
total size after pgbench: 658340
End Time: 2016-08-20 20:38:07+00:00
========================================================================
