creating tables...
100000 of 30000000 tuples (0%) done (elapsed 0.09 s, remaining 26.53 s)
200000 of 30000000 tuples (0%) done (elapsed 0.17 s, remaining 25.51 s)
300000 of 30000000 tuples (1%) done (elapsed 0.24 s, remaining 23.67 s)
400000 of 30000000 tuples (1%) done (elapsed 0.30 s, remaining 22.37 s)
500000 of 30000000 tuples (1%) done (elapsed 0.37 s, remaining 21.55 s)
600000 of 30000000 tuples (2%) done (elapsed 0.43 s, remaining 20.99 s)
700000 of 30000000 tuples (2%) done (elapsed 0.49 s, remaining 20.58 s)
800000 of 30000000 tuples (2%) done (elapsed 0.55 s, remaining 20.25 s)
900000 of 30000000 tuples (3%) done (elapsed 0.62 s, remaining 19.99 s)
1000000 of 30000000 tuples (3%) done (elapsed 0.68 s, remaining 19.71 s)
1100000 of 30000000 tuples (3%) done (elapsed 0.74 s, remaining 19.57 s)
1200000 of 30000000 tuples (4%) done (elapsed 0.81 s, remaining 19.43 s)
1300000 of 30000000 tuples (4%) done (elapsed 0.87 s, remaining 19.30 s)
1400000 of 30000000 tuples (4%) done (elapsed 0.94 s, remaining 19.18 s)
1500000 of 30000000 tuples (5%) done (elapsed 1.00 s, remaining 19.07 s)
1600000 of 30000000 tuples (5%) done (elapsed 1.07 s, remaining 18.97 s)
1700000 of 30000000 tuples (5%) done (elapsed 1.13 s, remaining 18.87 s)
1800000 of 30000000 tuples (6%) done (elapsed 1.20 s, remaining 18.77 s)
1900000 of 30000000 tuples (6%) done (elapsed 1.26 s, remaining 18.60 s)
2000000 of 30000000 tuples (6%) done (elapsed 1.32 s, remaining 18.52 s)
2100000 of 30000000 tuples (7%) done (elapsed 1.39 s, remaining 18.43 s)
2200000 of 30000000 tuples (7%) done (elapsed 1.45 s, remaining 18.35 s)
2300000 of 30000000 tuples (7%) done (elapsed 1.52 s, remaining 18.27 s)
2400000 of 30000000 tuples (8%) done (elapsed 1.58 s, remaining 18.19 s)
2500000 of 30000000 tuples (8%) done (elapsed 1.65 s, remaining 18.11 s)
2600000 of 30000000 tuples (8%) done (elapsed 1.71 s, remaining 18.03 s)
2700000 of 30000000 tuples (9%) done (elapsed 1.78 s, remaining 17.96 s)
2800000 of 30000000 tuples (9%) done (elapsed 1.84 s, remaining 17.88 s)
2900000 of 30000000 tuples (9%) done (elapsed 1.91 s, remaining 17.80 s)
3000000 of 30000000 tuples (10%) done (elapsed 1.97 s, remaining 17.73 s)
3100000 of 30000000 tuples (10%) done (elapsed 2.03 s, remaining 17.66 s)
3200000 of 30000000 tuples (10%) done (elapsed 2.09 s, remaining 17.54 s)
3300000 of 30000000 tuples (11%) done (elapsed 2.16 s, remaining 17.47 s)
3400000 of 30000000 tuples (11%) done (elapsed 2.22 s, remaining 17.40 s)
3500000 of 30000000 tuples (11%) done (elapsed 2.29 s, remaining 17.33 s)
3600000 of 30000000 tuples (12%) done (elapsed 2.35 s, remaining 17.26 s)
3700000 of 30000000 tuples (12%) done (elapsed 2.42 s, remaining 17.19 s)
3800000 of 30000000 tuples (12%) done (elapsed 2.48 s, remaining 17.12 s)
3900000 of 30000000 tuples (13%) done (elapsed 2.55 s, remaining 17.05 s)
4000000 of 30000000 tuples (13%) done (elapsed 2.61 s, remaining 16.98 s)
4100000 of 30000000 tuples (13%) done (elapsed 2.68 s, remaining 16.91 s)
4200000 of 30000000 tuples (14%) done (elapsed 2.74 s, remaining 16.84 s)
4300000 of 30000000 tuples (14%) done (elapsed 2.81 s, remaining 16.78 s)
4400000 of 30000000 tuples (14%) done (elapsed 2.87 s, remaining 16.68 s)
4500000 of 30000000 tuples (15%) done (elapsed 2.93 s, remaining 16.61 s)
4600000 of 30000000 tuples (15%) done (elapsed 3.00 s, remaining 16.54 s)
4700000 of 30000000 tuples (15%) done (elapsed 3.06 s, remaining 16.48 s)
4800000 of 30000000 tuples (16%) done (elapsed 3.13 s, remaining 16.41 s)
4900000 of 30000000 tuples (16%) done (elapsed 3.19 s, remaining 16.34 s)
5000000 of 30000000 tuples (16%) done (elapsed 3.25 s, remaining 16.27 s)
5100000 of 30000000 tuples (17%) done (elapsed 3.32 s, remaining 16.20 s)
5200000 of 30000000 tuples (17%) done (elapsed 3.38 s, remaining 16.13 s)
5300000 of 30000000 tuples (17%) done (elapsed 3.45 s, remaining 16.07 s)
5400000 of 30000000 tuples (18%) done (elapsed 3.51 s, remaining 16.00 s)
5500000 of 30000000 tuples (18%) done (elapsed 3.58 s, remaining 15.94 s)
5600000 of 30000000 tuples (18%) done (elapsed 3.64 s, remaining 15.85 s)
5700000 of 30000000 tuples (19%) done (elapsed 3.70 s, remaining 15.78 s)
5800000 of 30000000 tuples (19%) done (elapsed 3.77 s, remaining 15.72 s)
5900000 of 30000000 tuples (19%) done (elapsed 3.83 s, remaining 15.65 s)
6000000 of 30000000 tuples (20%) done (elapsed 3.90 s, remaining 15.59 s)
6100000 of 30000000 tuples (20%) done (elapsed 3.96 s, remaining 15.52 s)
6200000 of 30000000 tuples (20%) done (elapsed 4.03 s, remaining 15.46 s)
6300000 of 30000000 tuples (21%) done (elapsed 4.09 s, remaining 15.39 s)
6400000 of 30000000 tuples (21%) done (elapsed 4.16 s, remaining 15.33 s)
6500000 of 30000000 tuples (21%) done (elapsed 4.22 s, remaining 15.26 s)
6600000 of 30000000 tuples (22%) done (elapsed 4.29 s, remaining 15.20 s)
6700000 of 30000000 tuples (22%) done (elapsed 4.35 s, remaining 15.13 s)
6800000 of 30000000 tuples (22%) done (elapsed 4.41 s, remaining 15.05 s)
6900000 of 30000000 tuples (23%) done (elapsed 4.48 s, remaining 14.98 s)
7000000 of 30000000 tuples (23%) done (elapsed 4.54 s, remaining 14.92 s)
7100000 of 30000000 tuples (23%) done (elapsed 4.61 s, remaining 14.85 s)
7200000 of 30000000 tuples (24%) done (elapsed 4.67 s, remaining 14.79 s)
7300000 of 30000000 tuples (24%) done (elapsed 4.73 s, remaining 14.72 s)
7400000 of 30000000 tuples (24%) done (elapsed 4.80 s, remaining 14.66 s)
7500000 of 30000000 tuples (25%) done (elapsed 4.86 s, remaining 14.59 s)
7600000 of 30000000 tuples (25%) done (elapsed 4.93 s, remaining 14.53 s)
7700000 of 30000000 tuples (25%) done (elapsed 4.99 s, remaining 14.46 s)
7800000 of 30000000 tuples (26%) done (elapsed 5.06 s, remaining 14.40 s)
7900000 of 30000000 tuples (26%) done (elapsed 5.12 s, remaining 14.32 s)
8000000 of 30000000 tuples (26%) done (elapsed 5.18 s, remaining 14.25 s)
8100000 of 30000000 tuples (27%) done (elapsed 5.25 s, remaining 14.19 s)
8200000 of 30000000 tuples (27%) done (elapsed 5.31 s, remaining 14.12 s)
8300000 of 30000000 tuples (27%) done (elapsed 5.38 s, remaining 14.06 s)
8400000 of 30000000 tuples (28%) done (elapsed 5.44 s, remaining 13.99 s)
8500000 of 30000000 tuples (28%) done (elapsed 5.51 s, remaining 13.93 s)
8600000 of 30000000 tuples (28%) done (elapsed 5.57 s, remaining 13.86 s)
8700000 of 30000000 tuples (29%) done (elapsed 5.64 s, remaining 13.80 s)
8800000 of 30000000 tuples (29%) done (elapsed 5.70 s, remaining 13.73 s)
8900000 of 30000000 tuples (29%) done (elapsed 5.76 s, remaining 13.66 s)
9000000 of 30000000 tuples (30%) done (elapsed 5.82 s, remaining 13.59 s)
9100000 of 30000000 tuples (30%) done (elapsed 5.89 s, remaining 13.53 s)
9200000 of 30000000 tuples (30%) done (elapsed 5.95 s, remaining 13.46 s)
9300000 of 30000000 tuples (31%) done (elapsed 6.02 s, remaining 13.40 s)
9400000 of 30000000 tuples (31%) done (elapsed 6.08 s, remaining 13.33 s)
9500000 of 30000000 tuples (31%) done (elapsed 6.15 s, remaining 13.27 s)
9600000 of 30000000 tuples (32%) done (elapsed 6.21 s, remaining 13.20 s)
9700000 of 30000000 tuples (32%) done (elapsed 6.28 s, remaining 13.14 s)
9800000 of 30000000 tuples (32%) done (elapsed 6.34 s, remaining 13.07 s)
9900000 of 30000000 tuples (33%) done (elapsed 6.41 s, remaining 13.01 s)
10000000 of 30000000 tuples (33%) done (elapsed 6.47 s, remaining 12.94 s)
10100000 of 30000000 tuples (33%) done (elapsed 6.53 s, remaining 12.87 s)
10200000 of 30000000 tuples (34%) done (elapsed 6.60 s, remaining 12.81 s)
10300000 of 30000000 tuples (34%) done (elapsed 6.66 s, remaining 12.74 s)
10400000 of 30000000 tuples (34%) done (elapsed 6.73 s, remaining 12.68 s)
10500000 of 30000000 tuples (35%) done (elapsed 6.79 s, remaining 12.61 s)
10600000 of 30000000 tuples (35%) done (elapsed 6.86 s, remaining 12.55 s)
10700000 of 30000000 tuples (35%) done (elapsed 6.92 s, remaining 12.48 s)
10800000 of 30000000 tuples (36%) done (elapsed 6.99 s, remaining 12.42 s)
10900000 of 30000000 tuples (36%) done (elapsed 7.06 s, remaining 12.36 s)
11000000 of 30000000 tuples (36%) done (elapsed 7.12 s, remaining 12.30 s)
11100000 of 30000000 tuples (37%) done (elapsed 7.18 s, remaining 12.23 s)
11200000 of 30000000 tuples (37%) done (elapsed 7.25 s, remaining 12.17 s)
11300000 of 30000000 tuples (37%) done (elapsed 7.32 s, remaining 12.11 s)
11400000 of 30000000 tuples (38%) done (elapsed 7.38 s, remaining 12.04 s)
11500000 of 30000000 tuples (38%) done (elapsed 7.44 s, remaining 11.98 s)
11600000 of 30000000 tuples (38%) done (elapsed 7.51 s, remaining 11.91 s)
11700000 of 30000000 tuples (39%) done (elapsed 7.57 s, remaining 11.85 s)
11800000 of 30000000 tuples (39%) done (elapsed 7.64 s, remaining 11.78 s)
11900000 of 30000000 tuples (39%) done (elapsed 7.70 s, remaining 11.72 s)
12000000 of 30000000 tuples (40%) done (elapsed 7.77 s, remaining 11.65 s)
12100000 of 30000000 tuples (40%) done (elapsed 7.83 s, remaining 11.59 s)
12200000 of 30000000 tuples (40%) done (elapsed 7.90 s, remaining 11.52 s)
12300000 of 30000000 tuples (41%) done (elapsed 7.96 s, remaining 11.46 s)
12400000 of 30000000 tuples (41%) done (elapsed 8.03 s, remaining 11.39 s)
12500000 of 30000000 tuples (41%) done (elapsed 8.09 s, remaining 11.33 s)
12600000 of 30000000 tuples (42%) done (elapsed 8.16 s, remaining 11.26 s)
12700000 of 30000000 tuples (42%) done (elapsed 8.22 s, remaining 11.20 s)
12800000 of 30000000 tuples (42%) done (elapsed 8.29 s, remaining 11.14 s)
12900000 of 30000000 tuples (43%) done (elapsed 8.35 s, remaining 11.07 s)
13000000 of 30000000 tuples (43%) done (elapsed 8.42 s, remaining 11.01 s)
13100000 of 30000000 tuples (43%) done (elapsed 8.48 s, remaining 10.94 s)
13200000 of 30000000 tuples (44%) done (elapsed 8.55 s, remaining 10.88 s)
13300000 of 30000000 tuples (44%) done (elapsed 8.61 s, remaining 10.81 s)
13400000 of 30000000 tuples (44%) done (elapsed 8.68 s, remaining 10.75 s)
13500000 of 30000000 tuples (45%) done (elapsed 8.74 s, remaining 10.68 s)
13600000 of 30000000 tuples (45%) done (elapsed 8.81 s, remaining 10.62 s)
13700000 of 30000000 tuples (45%) done (elapsed 8.87 s, remaining 10.55 s)
13800000 of 30000000 tuples (46%) done (elapsed 8.94 s, remaining 10.49 s)
13900000 of 30000000 tuples (46%) done (elapsed 9.00 s, remaining 10.42 s)
14000000 of 30000000 tuples (46%) done (elapsed 9.07 s, remaining 10.36 s)
14100000 of 30000000 tuples (47%) done (elapsed 9.13 s, remaining 10.30 s)
14200000 of 30000000 tuples (47%) done (elapsed 9.33 s, remaining 10.39 s)
14300000 of 30000000 tuples (47%) done (elapsed 9.41 s, remaining 10.33 s)
14400000 of 30000000 tuples (48%) done (elapsed 9.48 s, remaining 10.27 s)
14500000 of 30000000 tuples (48%) done (elapsed 9.54 s, remaining 10.20 s)
14600000 of 30000000 tuples (48%) done (elapsed 9.61 s, remaining 10.14 s)
14700000 of 30000000 tuples (49%) done (elapsed 9.68 s, remaining 10.07 s)
14800000 of 30000000 tuples (49%) done (elapsed 9.74 s, remaining 10.00 s)
14900000 of 30000000 tuples (49%) done (elapsed 9.81 s, remaining 9.94 s)
15000000 of 30000000 tuples (50%) done (elapsed 9.87 s, remaining 9.87 s)
15100000 of 30000000 tuples (50%) done (elapsed 9.94 s, remaining 9.81 s)
15200000 of 30000000 tuples (50%) done (elapsed 10.00 s, remaining 9.74 s)
15300000 of 30000000 tuples (51%) done (elapsed 10.07 s, remaining 9.67 s)
15400000 of 30000000 tuples (51%) done (elapsed 10.13 s, remaining 9.60 s)
15500000 of 30000000 tuples (51%) done (elapsed 10.20 s, remaining 9.54 s)
15600000 of 30000000 tuples (52%) done (elapsed 10.26 s, remaining 9.47 s)
15700000 of 30000000 tuples (52%) done (elapsed 10.33 s, remaining 9.41 s)
15800000 of 30000000 tuples (52%) done (elapsed 10.39 s, remaining 9.34 s)
15900000 of 30000000 tuples (53%) done (elapsed 10.46 s, remaining 9.27 s)
16000000 of 30000000 tuples (53%) done (elapsed 10.52 s, remaining 9.20 s)
16100000 of 30000000 tuples (53%) done (elapsed 10.59 s, remaining 9.14 s)
16200000 of 30000000 tuples (54%) done (elapsed 10.65 s, remaining 9.07 s)
16300000 of 30000000 tuples (54%) done (elapsed 10.72 s, remaining 9.01 s)
16400000 of 30000000 tuples (54%) done (elapsed 10.78 s, remaining 8.94 s)
16500000 of 30000000 tuples (55%) done (elapsed 10.85 s, remaining 8.87 s)
16600000 of 30000000 tuples (55%) done (elapsed 10.91 s, remaining 8.81 s)
16700000 of 30000000 tuples (55%) done (elapsed 10.98 s, remaining 8.74 s)
16800000 of 30000000 tuples (56%) done (elapsed 11.04 s, remaining 8.68 s)
16900000 of 30000000 tuples (56%) done (elapsed 11.11 s, remaining 8.61 s)
17000000 of 30000000 tuples (56%) done (elapsed 11.17 s, remaining 8.54 s)
17100000 of 30000000 tuples (57%) done (elapsed 11.24 s, remaining 8.48 s)
17200000 of 30000000 tuples (57%) done (elapsed 11.30 s, remaining 8.41 s)
17300000 of 30000000 tuples (57%) done (elapsed 11.37 s, remaining 8.34 s)
17400000 of 30000000 tuples (58%) done (elapsed 11.43 s, remaining 8.28 s)
17500000 of 30000000 tuples (58%) done (elapsed 11.50 s, remaining 8.21 s)
17600000 of 30000000 tuples (58%) done (elapsed 11.56 s, remaining 8.15 s)
17700000 of 30000000 tuples (59%) done (elapsed 11.63 s, remaining 8.08 s)
17800000 of 30000000 tuples (59%) done (elapsed 11.69 s, remaining 8.01 s)
17900000 of 30000000 tuples (59%) done (elapsed 11.76 s, remaining 7.95 s)
18000000 of 30000000 tuples (60%) done (elapsed 11.82 s, remaining 7.88 s)
18100000 of 30000000 tuples (60%) done (elapsed 11.89 s, remaining 7.82 s)
18200000 of 30000000 tuples (60%) done (elapsed 11.95 s, remaining 7.75 s)
18300000 of 30000000 tuples (61%) done (elapsed 12.02 s, remaining 7.68 s)
18400000 of 30000000 tuples (61%) done (elapsed 12.08 s, remaining 7.62 s)
18500000 of 30000000 tuples (61%) done (elapsed 12.15 s, remaining 7.55 s)
18600000 of 30000000 tuples (62%) done (elapsed 12.21 s, remaining 7.48 s)
18700000 of 30000000 tuples (62%) done (elapsed 12.28 s, remaining 7.42 s)
18800000 of 30000000 tuples (62%) done (elapsed 12.34 s, remaining 7.35 s)
18900000 of 30000000 tuples (63%) done (elapsed 12.41 s, remaining 7.29 s)
19000000 of 30000000 tuples (63%) done (elapsed 12.47 s, remaining 7.22 s)
19100000 of 30000000 tuples (63%) done (elapsed 12.54 s, remaining 7.15 s)
19200000 of 30000000 tuples (64%) done (elapsed 12.60 s, remaining 7.09 s)
19300000 of 30000000 tuples (64%) done (elapsed 12.67 s, remaining 7.02 s)
19400000 of 30000000 tuples (64%) done (elapsed 12.73 s, remaining 6.96 s)
19500000 of 30000000 tuples (65%) done (elapsed 12.80 s, remaining 6.89 s)
19600000 of 30000000 tuples (65%) done (elapsed 12.86 s, remaining 6.83 s)
19700000 of 30000000 tuples (65%) done (elapsed 12.93 s, remaining 6.76 s)
19800000 of 30000000 tuples (66%) done (elapsed 12.99 s, remaining 6.69 s)
19900000 of 30000000 tuples (66%) done (elapsed 13.06 s, remaining 6.63 s)
20000000 of 30000000 tuples (66%) done (elapsed 13.12 s, remaining 6.56 s)
20100000 of 30000000 tuples (67%) done (elapsed 13.19 s, remaining 6.49 s)
20200000 of 30000000 tuples (67%) done (elapsed 13.25 s, remaining 6.43 s)
20300000 of 30000000 tuples (67%) done (elapsed 13.31 s, remaining 6.36 s)
20400000 of 30000000 tuples (68%) done (elapsed 13.38 s, remaining 6.30 s)
20500000 of 30000000 tuples (68%) done (elapsed 13.44 s, remaining 6.23 s)
20600000 of 30000000 tuples (68%) done (elapsed 13.51 s, remaining 6.17 s)
20700000 of 30000000 tuples (69%) done (elapsed 13.57 s, remaining 6.10 s)
20800000 of 30000000 tuples (69%) done (elapsed 13.64 s, remaining 6.03 s)
20900000 of 30000000 tuples (69%) done (elapsed 13.70 s, remaining 5.97 s)
21000000 of 30000000 tuples (70%) done (elapsed 13.77 s, remaining 5.90 s)
21100000 of 30000000 tuples (70%) done (elapsed 13.83 s, remaining 5.83 s)
21200000 of 30000000 tuples (70%) done (elapsed 13.90 s, remaining 5.77 s)
21300000 of 30000000 tuples (71%) done (elapsed 13.96 s, remaining 5.70 s)
21400000 of 30000000 tuples (71%) done (elapsed 14.03 s, remaining 5.64 s)
21500000 of 30000000 tuples (71%) done (elapsed 14.10 s, remaining 5.57 s)
21600000 of 30000000 tuples (72%) done (elapsed 14.32 s, remaining 5.57 s)
21700000 of 30000000 tuples (72%) done (elapsed 14.40 s, remaining 5.51 s)
21800000 of 30000000 tuples (72%) done (elapsed 14.47 s, remaining 5.44 s)
21900000 of 30000000 tuples (73%) done (elapsed 14.54 s, remaining 5.38 s)
22000000 of 30000000 tuples (73%) done (elapsed 14.60 s, remaining 5.31 s)
22100000 of 30000000 tuples (73%) done (elapsed 14.67 s, remaining 5.24 s)
22200000 of 30000000 tuples (74%) done (elapsed 14.73 s, remaining 5.18 s)
22300000 of 30000000 tuples (74%) done (elapsed 14.80 s, remaining 5.11 s)
22400000 of 30000000 tuples (74%) done (elapsed 14.86 s, remaining 5.04 s)
22500000 of 30000000 tuples (75%) done (elapsed 14.93 s, remaining 4.98 s)
22600000 of 30000000 tuples (75%) done (elapsed 14.99 s, remaining 4.91 s)
22700000 of 30000000 tuples (75%) done (elapsed 15.06 s, remaining 4.84 s)
22800000 of 30000000 tuples (76%) done (elapsed 15.12 s, remaining 4.78 s)
22900000 of 30000000 tuples (76%) done (elapsed 15.19 s, remaining 4.71 s)
23000000 of 30000000 tuples (76%) done (elapsed 15.26 s, remaining 4.64 s)
23100000 of 30000000 tuples (77%) done (elapsed 15.32 s, remaining 4.58 s)
23200000 of 30000000 tuples (77%) done (elapsed 15.38 s, remaining 4.51 s)
23300000 of 30000000 tuples (77%) done (elapsed 15.45 s, remaining 4.44 s)
23400000 of 30000000 tuples (78%) done (elapsed 15.51 s, remaining 4.38 s)
23500000 of 30000000 tuples (78%) done (elapsed 15.58 s, remaining 4.31 s)
23600000 of 30000000 tuples (78%) done (elapsed 15.64 s, remaining 4.24 s)
23700000 of 30000000 tuples (79%) done (elapsed 15.71 s, remaining 4.18 s)
23800000 of 30000000 tuples (79%) done (elapsed 15.77 s, remaining 4.11 s)
23900000 of 30000000 tuples (79%) done (elapsed 15.84 s, remaining 4.04 s)
24000000 of 30000000 tuples (80%) done (elapsed 15.91 s, remaining 3.98 s)
24100000 of 30000000 tuples (80%) done (elapsed 15.97 s, remaining 3.91 s)
24200000 of 30000000 tuples (80%) done (elapsed 16.04 s, remaining 3.84 s)
24300000 of 30000000 tuples (81%) done (elapsed 16.10 s, remaining 3.78 s)
24400000 of 30000000 tuples (81%) done (elapsed 16.17 s, remaining 3.71 s)
24500000 of 30000000 tuples (81%) done (elapsed 16.23 s, remaining 3.64 s)
24600000 of 30000000 tuples (82%) done (elapsed 16.30 s, remaining 3.58 s)
24700000 of 30000000 tuples (82%) done (elapsed 16.36 s, remaining 3.51 s)
24800000 of 30000000 tuples (82%) done (elapsed 16.43 s, remaining 3.44 s)
24900000 of 30000000 tuples (83%) done (elapsed 16.49 s, remaining 3.38 s)
25000000 of 30000000 tuples (83%) done (elapsed 16.56 s, remaining 3.31 s)
25100000 of 30000000 tuples (83%) done (elapsed 16.62 s, remaining 3.24 s)
25200000 of 30000000 tuples (84%) done (elapsed 16.69 s, remaining 3.18 s)
25300000 of 30000000 tuples (84%) done (elapsed 16.75 s, remaining 3.11 s)
25400000 of 30000000 tuples (84%) done (elapsed 16.82 s, remaining 3.05 s)
25500000 of 30000000 tuples (85%) done (elapsed 16.88 s, remaining 2.98 s)
25600000 of 30000000 tuples (85%) done (elapsed 16.95 s, remaining 2.91 s)
25700000 of 30000000 tuples (85%) done (elapsed 17.02 s, remaining 2.85 s)
25800000 of 30000000 tuples (86%) done (elapsed 17.08 s, remaining 2.78 s)
25900000 of 30000000 tuples (86%) done (elapsed 17.15 s, remaining 2.71 s)
26000000 of 30000000 tuples (86%) done (elapsed 17.22 s, remaining 2.65 s)
26100000 of 30000000 tuples (87%) done (elapsed 17.28 s, remaining 2.58 s)
26200000 of 30000000 tuples (87%) done (elapsed 17.35 s, remaining 2.52 s)
26300000 of 30000000 tuples (87%) done (elapsed 17.41 s, remaining 2.45 s)
26400000 of 30000000 tuples (88%) done (elapsed 17.48 s, remaining 2.38 s)
26500000 of 30000000 tuples (88%) done (elapsed 17.55 s, remaining 2.32 s)
26600000 of 30000000 tuples (88%) done (elapsed 17.61 s, remaining 2.25 s)
26700000 of 30000000 tuples (89%) done (elapsed 17.68 s, remaining 2.19 s)
26800000 of 30000000 tuples (89%) done (elapsed 17.74 s, remaining 2.12 s)
26900000 of 30000000 tuples (89%) done (elapsed 17.81 s, remaining 2.05 s)
27000000 of 30000000 tuples (90%) done (elapsed 17.88 s, remaining 1.99 s)
27100000 of 30000000 tuples (90%) done (elapsed 17.94 s, remaining 1.92 s)
27200000 of 30000000 tuples (90%) done (elapsed 18.01 s, remaining 1.85 s)
27300000 of 30000000 tuples (91%) done (elapsed 18.07 s, remaining 1.79 s)
27400000 of 30000000 tuples (91%) done (elapsed 18.14 s, remaining 1.72 s)
27500000 of 30000000 tuples (91%) done (elapsed 18.20 s, remaining 1.65 s)
27600000 of 30000000 tuples (92%) done (elapsed 18.27 s, remaining 1.59 s)
27700000 of 30000000 tuples (92%) done (elapsed 18.33 s, remaining 1.52 s)
27800000 of 30000000 tuples (92%) done (elapsed 18.40 s, remaining 1.46 s)
27900000 of 30000000 tuples (93%) done (elapsed 18.46 s, remaining 1.39 s)
28000000 of 30000000 tuples (93%) done (elapsed 18.53 s, remaining 1.32 s)
28100000 of 30000000 tuples (93%) done (elapsed 18.59 s, remaining 1.26 s)
28200000 of 30000000 tuples (94%) done (elapsed 18.66 s, remaining 1.19 s)
28300000 of 30000000 tuples (94%) done (elapsed 18.73 s, remaining 1.13 s)
28400000 of 30000000 tuples (94%) done (elapsed 18.79 s, remaining 1.06 s)
28500000 of 30000000 tuples (95%) done (elapsed 18.86 s, remaining 0.99 s)
28600000 of 30000000 tuples (95%) done (elapsed 18.93 s, remaining 0.93 s)
28700000 of 30000000 tuples (95%) done (elapsed 18.99 s, remaining 0.86 s)
28800000 of 30000000 tuples (96%) done (elapsed 19.06 s, remaining 0.79 s)
28900000 of 30000000 tuples (96%) done (elapsed 19.12 s, remaining 0.73 s)
29000000 of 30000000 tuples (96%) done (elapsed 19.33 s, remaining 0.67 s)
29100000 of 30000000 tuples (97%) done (elapsed 19.40 s, remaining 0.60 s)
29200000 of 30000000 tuples (97%) done (elapsed 19.47 s, remaining 0.53 s)
29300000 of 30000000 tuples (97%) done (elapsed 19.53 s, remaining 0.47 s)
29400000 of 30000000 tuples (98%) done (elapsed 19.60 s, remaining 0.40 s)
29500000 of 30000000 tuples (98%) done (elapsed 19.67 s, remaining 0.33 s)
29600000 of 30000000 tuples (98%) done (elapsed 19.73 s, remaining 0.27 s)
29700000 of 30000000 tuples (99%) done (elapsed 19.80 s, remaining 0.20 s)
29800000 of 30000000 tuples (99%) done (elapsed 19.87 s, remaining 0.13 s)
29900000 of 30000000 tuples (99%) done (elapsed 19.93 s, remaining 0.07 s)
30000000 of 30000000 tuples (100%) done (elapsed 20.00 s, remaining 0.00 s)
vacuum...
set primary keys...
NOTICE:  ALTER TABLE / ADD PRIMARY KEY will create implicit index "pgbench_branches_pkey" for table "pgbench_branches"
NOTICE:  ALTER TABLE / ADD PRIMARY KEY will create implicit index "pgbench_tellers_pkey" for table "pgbench_tellers"
NOTICE:  ALTER TABLE / ADD PRIMARY KEY will create implicit index "pgbench_accounts_pkey" for table "pgbench_accounts"
done.
starting vacuum...end.
transaction type: <builtin: TPC-B (sort of)>
scaling factor: 300
query mode: simple
number of clients: 32
number of threads: 4
duration: 60 s
number of transactions actually processed: 2528
latency average: 759.494 ms
tps = 42.004043 (including connections establishing)
tps = 42.005375 (excluding connections establishing)
script statistics:
 - statement latencies in milliseconds:
         0.003  \set aid random(1, 100000 * :scale)
         0.001  \set bid random(1, 1 * :scale)
         0.001  \set tid random(1, 10 * :scale)
         0.001  \set delta random(-5000, 5000)
         0.116  BEGIN;
       292.851  UPDATE pgbench_accounts SET abalance = abalance + :delta WHERE aid = :aid;
         3.101  SELECT abalance FROM pgbench_accounts WHERE aid = :aid;
       167.555  UPDATE pgbench_tellers SET tbalance = tbalance + :delta WHERE tid = :tid;
       111.137  UPDATE pgbench_branches SET bbalance = bbalance + :delta WHERE bid = :bid;
        63.902  INSERT INTO pgbench_history (tid, bid, aid, delta, mtime) VALUES (:tid, :bid, :aid, :delta, CURRENT_TIMESTAMP);
       122.071  END;
starting vacuum...end.
transaction type: <builtin: TPC-B (sort of)>
scaling factor: 300
query mode: simple
number of clients: 32
number of threads: 4
duration: 60 s
number of transactions actually processed: 1883
latency average: 1019.649 ms
tps = 30.863824 (including connections establishing)
tps = 30.864801 (excluding connections establishing)
script statistics:
 - statement latencies in milliseconds:
         0.003  \set aid random(1, 100000 * :scale)
         0.001  \set bid random(1, 1 * :scale)
         0.001  \set tid random(1, 10 * :scale)
         0.001  \set delta random(-5000, 5000)
         0.137  BEGIN;
       575.763  UPDATE pgbench_accounts SET abalance = abalance + :delta WHERE aid = :aid;
         7.563  SELECT abalance FROM pgbench_accounts WHERE aid = :aid;
       149.012  UPDATE pgbench_tellers SET tbalance = tbalance + :delta WHERE tid = :tid;
        76.969  UPDATE pgbench_branches SET bbalance = bbalance + :delta WHERE bid = :bid;
        61.339  INSERT INTO pgbench_history (tid, bid, aid, delta, mtime) VALUES (:tid, :bid, :aid, :delta, CURRENT_TIMESTAMP);
       161.825  END;
starting vacuum...end.
transaction type: <builtin: TPC-B (sort of)>
scaling factor: 300
query mode: simple
number of clients: 32
number of threads: 4
duration: 900 s
number of transactions actually processed: 25371
latency average: 1135.154 ms
tps = 27.949916 (including connections establishing)
tps = 27.949975 (excluding connections establishing)
script statistics:
 - statement latencies in milliseconds:
         0.003  \set aid random(1, 100000 * :scale)
         0.001  \set bid random(1, 1 * :scale)
         0.001  \set tid random(1, 10 * :scale)
         0.001  \set delta random(-5000, 5000)
         0.139  BEGIN;
       607.312  UPDATE pgbench_accounts SET abalance = abalance + :delta WHERE aid = :aid;
         0.869  SELECT abalance FROM pgbench_accounts WHERE aid = :aid;
       182.205  UPDATE pgbench_tellers SET tbalance = tbalance + :delta WHERE tid = :tid;
       101.512  UPDATE pgbench_branches SET bbalance = bbalance + :delta WHERE bid = :bid;
        62.189  INSERT INTO pgbench_history (tid, bid, aid, delta, mtime) VALUES (:tid, :bid, :aid, :delta, CURRENT_TIMESTAMP);
       189.069  END;
starting vacuum...end.
transaction type: <builtin: TPC-B (sort of)>
scaling factor: 300
query mode: simple
number of clients: 32
number of threads: 4
duration: 900 s
number of transactions actually processed: 26023
latency average: 1106.713 ms
tps = 28.684627 (including connections establishing)
tps = 28.684685 (excluding connections establishing)
script statistics:
 - statement latencies in milliseconds:
         0.003  \set aid random(1, 100000 * :scale)
         0.001  \set bid random(1, 1 * :scale)
         0.001  \set tid random(1, 10 * :scale)
         0.001  \set delta random(-5000, 5000)
         0.138  BEGIN;
       598.140  UPDATE pgbench_accounts SET abalance = abalance + :delta WHERE aid = :aid;
         1.356  SELECT abalance FROM pgbench_accounts WHERE aid = :aid;
       174.532  UPDATE pgbench_tellers SET tbalance = tbalance + :delta WHERE tid = :tid;
        96.885  UPDATE pgbench_branches SET bbalance = bbalance + :delta WHERE bid = :bid;
        55.955  INSERT INTO pgbench_history (tid, bid, aid, delta, mtime) VALUES (:tid, :bid, :aid, :delta, CURRENT_TIMESTAMP);
       187.366  END;
========================================================================
Testing 2010-01-02-REL9_0_0~1249
Start Time: 2016-08-01 03:10:42+00:00
Linux 3.16.0-4-amd64 (Debian-83-jessie-64-minimal) 	01.08.16 	_x86_64_	(8 CPU)

starting vacuum...end.
transaction type: <builtin: TPC-B (sort of)>
scaling factor: 300
query mode: simple
number of clients: 32
number of threads: 4
duration: 900 s
number of transactions actually processed: 26142
latency average: 1101.675 ms
tps = 28.910278 (including connections establishing)
tps = 28.910338 (excluding connections establishing)
script statistics:
 - statement latencies in milliseconds:
         0.003  \set aid random(1, 100000 * :scale)
         0.001  \set bid random(1, 1 * :scale)
         0.001  \set tid random(1, 10 * :scale)
         0.001  \set delta random(-5000, 5000)
         0.130  BEGIN;
       515.928  UPDATE pgbench_accounts SET abalance = abalance + :delta WHERE aid = :aid;
         0.951  SELECT abalance FROM pgbench_accounts WHERE aid = :aid;
       195.403  UPDATE pgbench_tellers SET tbalance = tbalance + :delta WHERE tid = :tid;
       121.522  UPDATE pgbench_branches SET bbalance = bbalance + :delta WHERE bid = :bid;
        75.900  INSERT INTO pgbench_history (tid, bid, aid, delta, mtime) VALUES (:tid, :bid, :aid, :delta, CURRENT_TIMESTAMP);
       195.584  END;
avg-cpu:  %user   %nice %system %iowait  %steal   %idle
           0,38    0,00    0,22    9,19    0,00   90,21

Device:         rrqm/s   wrqm/s     r/s     w/s    rkB/s    wkB/s avgrq-sz avgqu-sz   await r_await w_await  svctm  %util
sdb               0,00     1,59    4,64  138,15    38,92   959,57    13,99    18,97  132,82   24,95  136,45   4,59  65,58
sda               0,01     1,59   20,11  138,15   169,26   959,57    14,27    16,77  105,94   30,22  116,96   5,13  81,13
md0               0,00     0,00    0,10    0,00     0,41     0,00     8,00     0,00    0,00    0,00    0,00   0,00   0,00
md1               0,00     0,00    0,00    0,00     0,00     0,00     0,00     0,00    0,00    0,00    0,00   0,00   0,00
md2               0,00     0,00   24,66  139,19   207,78   958,17    14,23     0,00    0,00    0,00    0,00   0,00   0,00
md3               0,00     0,00    0,00    0,01     0,00     0,04     8,00     0,00    0,00    0,00    0,00   0,00   0,00

End Time: 2016-08-01 03:26:12+00:00
========================================================================
========================================================================
Testing 2010-01-02-REL9_0_0~1249
Start Time: 2016-08-06 21:45:19+00:00
Shared Buffers:  260000
Linux 3.16.0-4-amd64 (Debian-83-jessie-64-minimal) 	06.08.16 	_x86_64_	(8 CPU)

starting vacuum...end.
transaction type: <builtin: TPC-B (sort of)>
scaling factor: 300
query mode: simple
number of clients: 32
number of threads: 4
duration: 900 s
number of transactions actually processed: 29783
latency average: 966.995 ms
tps = 32.898191 (including connections establishing)
tps = 32.898262 (excluding connections establishing)
script statistics:
 - statement latencies in milliseconds:
         0.003  \set aid random(1, 100000 * :scale)
         0.001  \set bid random(1, 1 * :scale)
         0.001  \set tid random(1, 10 * :scale)
         0.001  \set delta random(-5000, 5000)
         0.133  BEGIN;
       461.842  UPDATE pgbench_accounts SET abalance = abalance + :delta WHERE aid = :aid;
         0.612  SELECT abalance FROM pgbench_accounts WHERE aid = :aid;
       169.162  UPDATE pgbench_tellers SET tbalance = tbalance + :delta WHERE tid = :tid;
       102.906  UPDATE pgbench_branches SET bbalance = bbalance + :delta WHERE bid = :bid;
        59.541  INSERT INTO pgbench_history (tid, bid, aid, delta, mtime) VALUES (:tid, :bid, :aid, :delta, CURRENT_TIMESTAMP);
       178.184  END;
avg-cpu:  %user   %nice %system %iowait  %steal   %idle
           0,43    0,00    0,24    9,27    0,00   90,05

Device:         rrqm/s   wrqm/s     r/s     w/s    rkB/s    wkB/s avgrq-sz avgqu-sz   await r_await w_await  svctm  %util
sdb               0,00     1,44    5,24  146,29    44,45   986,25    13,60    15,42  101,77   25,34  104,51   4,03  61,10
sda               0,06     1,44   22,42  146,29   191,72   986,25    13,96    15,22   90,24   28,99   99,62   5,01  84,58
md0               0,00     0,00    0,12    0,00     0,49     0,00     8,00     0,00    0,00    0,00    0,00   0,00   0,00
md1               0,00     0,00    0,00    0,00     0,00     0,00     0,00     0,00    0,00    0,00    0,00   0,00   0,00
md2               0,00     0,00   27,60  147,26   235,68   985,07    13,96     0,00    0,00    0,00    0,00   0,00   0,00
md3               0,00     0,00    0,00    0,01     0,00     0,04     8,00     0,00    0,00    0,00    0,00   0,00   0,00

Control File Changes
--- /usr/local/oldpgsql/2010-01-02-REL9_0_0~1249/before.controldata	2016-08-06 23:45:19.653650243 +0200
+++ /usr/local/oldpgsql/2010-01-02-REL9_0_0~1249/after.controldata	2016-08-07 00:01:49.697101745 +0200
@@ -2,19 +2,19 @@
 Catalog version number:               201001011
 Database system identifier:           6255482145659158526
 Database cluster state:               in production
-pg_control last modified:             сб, 06-сер-2016 23:45:19 +0200
-Latest checkpoint location:           0/8939FCC8
-Prior checkpoint location:            0/7D03A300
-Latest checkpoint's REDO location:    0/8939FCC8
+pg_control last modified:             нд, 07-сер-2016 00:01:49 +0200
+Latest checkpoint location:           0/A303C420
+Prior checkpoint location:            0/A303C3B8
+Latest checkpoint's REDO location:    0/A303C420
 Latest checkpoint's TimeLineID:       1
-Latest checkpoint's NextXID:          0/88667
-Latest checkpoint's NextOID:          16465
+Latest checkpoint's NextXID:          0/118492
+Latest checkpoint's NextOID:          24657
 Latest checkpoint's NextMultiXactId:  1
 Latest checkpoint's NextMultiOffset:  0
 Latest checkpoint's oldestXID:        643
 Latest checkpoint's oldestXID's DB:   1
 Latest checkpoint's oldestActiveXID:   0
-Time of latest checkpoint:            сб, 06-сер-2016 23:44:55 +0200
+Time of latest checkpoint:            нд, 07-сер-2016 00:01:32 +0200
 Minimum recovery ending location:     0/0
 Maximum data alignment:               8
 Database block size:                  8192
End Time: 2016-08-06 22:01:49+00:00
========================================================================
========================================================================
Testing 2010-01-02-REL9_0_0~1249
Start Time: 2016-08-09 04:54:23+00:00
Shared Buffers:  260000
size before pgbench of pgbench_tellers: 8
size before pgbench of pgbench_branches: 8
size before pgbench of pgbench_accounts: 64
size before pgbench of pgbench_branches_pkey: 32
size before pgbench of pgbench_tellers_pkey: 112
size before pgbench of pgbench_accounts_pkey: 658092
size before pgbench of pgbench_history: 24
total size before pgbench: 658340
Linux 3.16.0-4-amd64 (Debian-83-jessie-64-minimal) 	09.08.16 	_x86_64_	(8 CPU)

starting vacuum...end.
transaction type: <builtin: select only>
scaling factor: 300
query mode: simple
number of clients: 32
number of threads: 4
duration: 60 s
number of transactions actually processed: 72105
latency average: 26.628 ms
tps = 1200.048871 (including connections establishing)
tps = 1200.090593 (excluding connections establishing)
script statistics:
 - statement latencies in milliseconds:
         0.002  \set aid random(1, 100000 * :scale)
        26.681  SELECT abalance FROM pgbench_accounts WHERE aid = :aid;
avg-cpu:  %user   %nice %system %iowait  %steal   %idle
           1,22    0,00    0,76   25,69    0,00   72,34

Device:         rrqm/s   wrqm/s     r/s     w/s    rkB/s    wkB/s avgrq-sz avgqu-sz   await r_await w_await  svctm  %util
sdb               0,00     5,34  275,19    1,63  2573,02    28,87    18,80    11,62   41,99   39,59  447,40   2,44  67,45
sda               0,04     5,34  280,12    1,63  2629,38    28,87    18,87    23,21   82,36   45,69 6371,65   2,40  67,75
md0               0,00     0,00    0,08    4,47     0,31    17,87     8,00     0,00    0,00    0,00    0,00   0,00   0,00
md1               0,00     0,00    0,00    0,00     0,00     0,00     0,00     0,00    0,00    0,00    0,00   0,00   0,00
md2               0,00     0,00  555,29    1,70  5202,09     9,02    18,71     0,00    0,00    0,00    0,00   0,00   0,00
md3               0,00     0,00    0,00    0,10     0,00     0,40     8,00     0,00    0,00    0,00    0,00   0,00   0,00

Control File Changes
--- /usr/local/oldpgsql/2010-01-02-REL9_0_0~1249/before.controldata	2016-08-09 07:00:10.208843272 +0200
+++ /usr/local/oldpgsql/2010-01-02-REL9_0_0~1249/after.controldata	2016-08-09 07:01:41.865863583 +0200
@@ -5,4 +5,4 @@
-pg_control last modified:             Tue Aug  9 05:00:10 2016
-Latest checkpoint location:           0/B0DFADE0
-Prior checkpoint location:            0/B0DFAD78
-Latest checkpoint's REDO location:    0/B0DFADE0
+pg_control last modified:             Tue Aug  9 05:01:41 2016
+Latest checkpoint location:           0/B0E1E2E8
+Prior checkpoint location:            0/B0DFADE0
+Latest checkpoint's REDO location:    0/B0E1E2E8
@@ -10,2 +10,2 @@
-Latest checkpoint's NextXID:          0/118492
-Latest checkpoint's NextOID:          16466
+Latest checkpoint's NextXID:          0/118493
+Latest checkpoint's NextOID:          24658
@@ -17 +17 @@
-Time of latest checkpoint:            Tue Aug  9 05:00:09 2016
+Time of latest checkpoint:            Tue Aug  9 05:01:40 2016
size after pgbench of pgbench_tellers: 8
size after pgbench of pgbench_branches: 8
size after pgbench of pgbench_accounts: 64
size after pgbench of pgbench_branches_pkey: 32
size after pgbench of pgbench_tellers_pkey: 112
size after pgbench of pgbench_accounts_pkey: 658092
size after pgbench of pgbench_history: 0
total size after pgbench: 658316
End Time: 2016-08-09 05:01:41+00:00
========================================================================
========================================================================
Testing 2010-01-02-REL9_0_0~1249
Start Time: 2016-08-09 15:06:28+00:00
Shared Buffers:  260000
size before pgbench of pgbench_tellers: 8
size before pgbench of pgbench_branches: 8
size before pgbench of pgbench_accounts: 64
size before pgbench of pgbench_branches_pkey: 32
size before pgbench of pgbench_tellers_pkey: 112
size before pgbench of pgbench_accounts_pkey: 658092
size before pgbench of pgbench_history: 0
total size before pgbench: 658316
Linux 3.16.0-4-amd64 (Debian-83-jessie-64-minimal) 	09.08.16 	_x86_64_	(8 CPU)

starting vacuum...end.
transaction type: <builtin: select only>
scaling factor: 300
query mode: simple
number of clients: 32
number of threads: 4
duration: 60 s
number of transactions actually processed: 68276
latency average: 28.121 ms
tps = 1135.717171 (including connections establishing)
tps = 1135.755496 (excluding connections establishing)
script statistics:
 - statement latencies in milliseconds:
         0.002  \set aid random(1, 100000 * :scale)
        28.149  SELECT abalance FROM pgbench_accounts WHERE aid = :aid;
avg-cpu:  %user   %nice %system %iowait  %steal   %idle
           1,25    0,00    0,71   29,47    0,00   68,57

Device:         rrqm/s   wrqm/s     r/s     w/s    rkB/s    wkB/s avgrq-sz avgqu-sz   await r_await w_await  svctm  %util
sdb               0,01     5,87  267,84    2,41  2467,24    34,36    18,51    18,17   67,24   43,15 2743,98   2,51  67,77
sda               0,04     5,88  267,00    2,40  2458,18    34,36    18,50    17,47   64,86   45,17 2255,35   2,52  68,02
md0               0,00     0,00    1,37    4,86     5,47    19,42     8,00     0,00    0,00    0,00    0,00   0,00   0,00
md1               0,00     0,00    0,00    0,00     0,00     0,00     0,00     0,00    0,00    0,00    0,00   0,00   0,00
md2               0,00     0,00  533,53    1,97  4919,96    11,73    18,42     0,00    0,00    0,00    0,00   0,00   0,00
md3               0,00     0,00    0,00    0,10     0,00     0,40     8,00     0,00    0,00    0,00    0,00   0,00   0,00

Control File Changes
--- /usr/local/oldpgsql/2010-01-02-REL9_0_0~1249/before.controldata	2016-08-09 17:07:08.154187162 +0200
+++ /usr/local/oldpgsql/2010-01-02-REL9_0_0~1249/after.controldata	2016-08-09 17:08:39.286433902 +0200
@@ -5,4 +5,4 @@
-pg_control last modified:             Tue Aug  9 15:07:08 2016
-Latest checkpoint location:           0/B0E1E3B8
-Prior checkpoint location:            0/B0E1E350
-Latest checkpoint's REDO location:    0/B0E1E3B8
+pg_control last modified:             Tue Aug  9 15:08:39 2016
+Latest checkpoint location:           0/B0E1FCA0
+Prior checkpoint location:            0/B0E1E3B8
+Latest checkpoint's REDO location:    0/B0E1FCA0
@@ -10,2 +10,2 @@
-Latest checkpoint's NextXID:          0/118493
-Latest checkpoint's NextOID:          16467
+Latest checkpoint's NextXID:          0/118494
+Latest checkpoint's NextOID:          24659
@@ -17 +17 @@
-Time of latest checkpoint:            Tue Aug  9 15:07:07 2016
+Time of latest checkpoint:            Tue Aug  9 15:08:38 2016
size after pgbench of pgbench_tellers: 8
size after pgbench of pgbench_branches: 8
size after pgbench of pgbench_accounts: 64
size after pgbench of pgbench_branches_pkey: 32
size after pgbench of pgbench_tellers_pkey: 112
size after pgbench of pgbench_accounts_pkey: 658092
size after pgbench of pgbench_history: 0
total size after pgbench: 658316
End Time: 2016-08-09 15:08:39+00:00
========================================================================
========================================================================
Testing 2010-01-02-REL9_0_0~1249
Start Time: 2016-08-10 04:07:09+00:00
Shared Buffers:  260000
size before pgbench of pgbench_tellers: 8
size before pgbench of pgbench_branches: 8
size before pgbench of pgbench_accounts: 64
size before pgbench of pgbench_branches_pkey: 32
size before pgbench of pgbench_tellers_pkey: 112
size before pgbench of pgbench_accounts_pkey: 658092
size before pgbench of pgbench_history: 0
total size before pgbench: 658316
Linux 3.16.0-4-amd64 (Debian-83-jessie-64-minimal) 	10.08.16 	_x86_64_	(8 CPU)

starting vacuum...end.
transaction type: <builtin: select only>
scaling factor: 300
query mode: simple
number of clients: 32
number of threads: 4
duration: 60 s
number of transactions actually processed: 70459
latency average: 27.250 ms
tps = 1172.077315 (including connections establishing)
tps = 1172.115002 (excluding connections establishing)
script statistics:
 - statement latencies in milliseconds:
         0.002  \set aid random(1, 100000 * :scale)
        27.263  SELECT abalance FROM pgbench_accounts WHERE aid = :aid;
avg-cpu:  %user   %nice %system %iowait  %steal   %idle
           1,20    0,00    0,74   29,42    0,00   68,64

Device:         rrqm/s   wrqm/s     r/s     w/s    rkB/s    wkB/s avgrq-sz avgqu-sz   await r_await w_await  svctm  %util
sdb               0,49     7,79  275,76    1,93  2555,38    40,66    18,70    13,73   49,45   42,10 1097,33   2,44  67,64
sda               0,58     7,81  274,12    1,91  2539,69    40,66    18,70    15,81   57,26   44,06 1950,65   2,46  67,81
md0               0,00     0,00    2,38    6,90     9,51    27,60     8,00     0,00    0,00    0,00    0,00   0,00   0,00
md1               0,00     0,00    0,00    0,00     0,00     0,00     0,00     0,00    0,00    0,00    0,00   0,00   0,00
md2               0,00     0,00  548,59    1,70  5085,56    10,49    18,52     0,00    0,00    0,00    0,00   0,00   0,00
md3               0,00     0,00    0,00    0,10     0,00     0,40     8,00     0,00    0,00    0,00    0,00   0,00   0,00

Control File Changes
--- /usr/local/oldpgsql/2010-01-02-REL9_0_0~1249/before.controldata	2016-08-10 06:07:48.228777250 +0200
+++ /usr/local/oldpgsql/2010-01-02-REL9_0_0~1249/after.controldata	2016-08-10 06:09:19.324984772 +0200
@@ -5,4 +5,4 @@
-pg_control last modified:             Wed Aug 10 04:07:48 2016
-Latest checkpoint location:           0/B0E1FD70
-Prior checkpoint location:            0/B0E1FD08
-Latest checkpoint's REDO location:    0/B0E1FD70
+pg_control last modified:             Wed Aug 10 04:09:19 2016
+Latest checkpoint location:           0/B0E21710
+Prior checkpoint location:            0/B0E1FD70
+Latest checkpoint's REDO location:    0/B0E21710
@@ -10,2 +10,2 @@
-Latest checkpoint's NextXID:          0/118494
-Latest checkpoint's NextOID:          16468
+Latest checkpoint's NextXID:          0/118495
+Latest checkpoint's NextOID:          24660
@@ -17 +17 @@
-Time of latest checkpoint:            Wed Aug 10 04:07:47 2016
+Time of latest checkpoint:            Wed Aug 10 04:09:18 2016
size after pgbench of pgbench_tellers: 8
size after pgbench of pgbench_branches: 8
size after pgbench of pgbench_accounts: 64
size after pgbench of pgbench_branches_pkey: 32
size after pgbench of pgbench_tellers_pkey: 112
size after pgbench of pgbench_accounts_pkey: 658092
size after pgbench of pgbench_history: 0
total size after pgbench: 658316
End Time: 2016-08-10 04:09:19+00:00
========================================================================
========================================================================
Testing 2010-01-02-REL9_0_0~1249
Start Time: 2016-08-11 05:01:11+00:00
Shared Buffers:  260000
size before pgbench of pgbench_tellers: 8
size before pgbench of pgbench_branches: 8
size before pgbench of pgbench_accounts: 64
size before pgbench of pgbench_branches_pkey: 32
size before pgbench of pgbench_tellers_pkey: 112
size before pgbench of pgbench_accounts_pkey: 658092
size before pgbench of pgbench_history: 0
total size before pgbench: 658316
Linux 3.16.0-4-amd64 (Debian-83-jessie-64-minimal) 	11.08.16 	_x86_64_	(8 CPU)

starting vacuum...end.
transaction type: <builtin: select only>
scaling factor: 300
query mode: simple
number of clients: 32
number of threads: 4
duration: 60 s
number of transactions actually processed: 70860
latency average: 27.096 ms
tps = 1179.211510 (including connections establishing)
tps = 1179.247187 (excluding connections establishing)
script statistics:
 - statement latencies in milliseconds:
         0.002  \set aid random(1, 100000 * :scale)
        27.104  SELECT abalance FROM pgbench_accounts WHERE aid = :aid;
avg-cpu:  %user   %nice %system %iowait  %steal   %idle
           1,22    0,00    0,74   27,18    0,00   70,87

Device:         rrqm/s   wrqm/s     r/s     w/s    rkB/s    wkB/s avgrq-sz avgqu-sz   await r_await w_await  svctm  %util
sdb               0,00     8,78  271,84    1,74  2540,89    44,81    18,90    16,30   59,57   41,00 2952,66   2,46  67,27
sda               0,32     8,80  275,71    1,72  2578,58    44,81    18,91    18,13   65,33   46,27 3117,24   2,43  67,55
md0               0,00     0,00    0,31    7,71     1,24    30,84     8,00     0,00    0,00    0,00    0,00   0,00   0,00
md1               0,00     0,00    0,00    0,00     0,00     0,00     0,00     0,00    0,00    0,00    0,00   0,00   0,00
md2               0,00     0,00  547,60    1,88  5118,22    11,73    18,67     0,00    0,00    0,00    0,00   0,00   0,00
md3               0,00     0,00    0,00    0,10     0,00     0,40     8,00     0,00    0,00    0,00    0,00   0,00   0,00

Control File Changes
--- /usr/local/oldpgsql/2010-01-02-REL9_0_0~1249/before.controldata	2016-08-11 07:01:50.509180321 +0200
+++ /usr/local/oldpgsql/2010-01-02-REL9_0_0~1249/after.controldata	2016-08-11 07:03:21.673214587 +0200
@@ -5,4 +5,4 @@
-pg_control last modified:             Thu Aug 11 05:01:50 2016
-Latest checkpoint location:           0/B0E217E0
-Prior checkpoint location:            0/B0E21778
-Latest checkpoint's REDO location:    0/B0E217E0
+pg_control last modified:             Thu Aug 11 05:03:21 2016
+Latest checkpoint location:           0/B0E23228
+Prior checkpoint location:            0/B0E217E0
+Latest checkpoint's REDO location:    0/B0E23228
@@ -10,2 +10,2 @@
-Latest checkpoint's NextXID:          0/118495
-Latest checkpoint's NextOID:          16469
+Latest checkpoint's NextXID:          0/118496
+Latest checkpoint's NextOID:          24661
@@ -17 +17 @@
-Time of latest checkpoint:            Thu Aug 11 05:01:50 2016
+Time of latest checkpoint:            Thu Aug 11 05:03:20 2016
size after pgbench of pgbench_tellers: 8
size after pgbench of pgbench_branches: 8
size after pgbench of pgbench_accounts: 64
size after pgbench of pgbench_branches_pkey: 32
size after pgbench of pgbench_tellers_pkey: 112
size after pgbench of pgbench_accounts_pkey: 658092
size after pgbench of pgbench_history: 0
total size after pgbench: 658316
End Time: 2016-08-11 05:03:21+00:00
========================================================================
========================================================================
Testing 2010-01-02-REL9_0_0~1249
Start Time: 2016-08-12 00:21:22+00:00
Shared Buffers:  260000
size before pgbench of pgbench_tellers: 8
size before pgbench of pgbench_branches: 8
size before pgbench of pgbench_accounts: 64
size before pgbench of pgbench_branches_pkey: 32
size before pgbench of pgbench_tellers_pkey: 112
size before pgbench of pgbench_accounts_pkey: 658092
size before pgbench of pgbench_history: 0
total size before pgbench: 658316
Linux 3.16.0-4-amd64 (Debian-83-jessie-64-minimal) 	12.08.16 	_x86_64_	(8 CPU)

starting vacuum...end.
transaction type: <builtin: select only>
scaling factor: 300
query mode: simple
number of clients: 32
number of threads: 4
duration: 60 s
number of transactions actually processed: 70882
latency average: 27.087 ms
tps = 1179.831745 (including connections establishing)
tps = 1179.869053 (excluding connections establishing)
script statistics:
 - statement latencies in milliseconds:
         0.002  \set aid random(1, 100000 * :scale)
        27.109  SELECT abalance FROM pgbench_accounts WHERE aid = :aid;
avg-cpu:  %user   %nice %system %iowait  %steal   %idle
           1,16    0,00    0,72   31,03    0,00   67,09

Device:         rrqm/s   wrqm/s     r/s     w/s    rkB/s    wkB/s avgrq-sz avgqu-sz   await r_await w_await  svctm  %util
sdb               0,00     8,72  273,16    1,48  2559,42    43,00    18,95    20,02   72,90   41,80 5821,17   2,44  67,13
sda               0,32     8,72  276,91    1,48  2580,22    43,00    18,85    22,15   79,54   45,04 6543,52   2,43  67,52
md0               0,00     0,00    0,09    7,94     0,36    31,78     8,00     0,00    0,00    0,00    0,00   0,00   0,00
md1               0,00     0,00    0,00    0,00     0,00     0,00     0,00     0,00    0,00    0,00    0,00   0,00   0,00
md2               0,00     0,00  550,31    1,42  5139,29     9,11    18,66     0,00    0,00    0,00    0,00   0,00   0,00
md3               0,00     0,00    0,00    0,10     0,00     0,40     8,00     0,00    0,00    0,00    0,00   0,00   0,00

Control File Changes
--- /usr/local/oldpgsql/2010-01-02-REL9_0_0~1249/before.controldata	2016-08-12 02:22:00.697211679 +0200
+++ /usr/local/oldpgsql/2010-01-02-REL9_0_0~1249/after.controldata	2016-08-12 02:23:31.733471256 +0200
@@ -5,4 +5,4 @@
-pg_control last modified:             Fri Aug 12 00:22:00 2016
-Latest checkpoint location:           0/B0E232F8
-Prior checkpoint location:            0/B0E23290
-Latest checkpoint's REDO location:    0/B0E232F8
+pg_control last modified:             Fri Aug 12 00:23:31 2016
+Latest checkpoint location:           0/B0E24DE0
+Prior checkpoint location:            0/B0E232F8
+Latest checkpoint's REDO location:    0/B0E24DE0
@@ -10,2 +10,2 @@
-Latest checkpoint's NextXID:          0/118496
-Latest checkpoint's NextOID:          16470
+Latest checkpoint's NextXID:          0/118497
+Latest checkpoint's NextOID:          24662
@@ -17 +17 @@
-Time of latest checkpoint:            Fri Aug 12 00:22:00 2016
+Time of latest checkpoint:            Fri Aug 12 00:23:30 2016
size after pgbench of pgbench_tellers: 8
size after pgbench of pgbench_branches: 8
size after pgbench of pgbench_accounts: 64
size after pgbench of pgbench_branches_pkey: 32
size after pgbench of pgbench_tellers_pkey: 112
size after pgbench of pgbench_accounts_pkey: 658092
size after pgbench of pgbench_history: 0
total size after pgbench: 658316
End Time: 2016-08-12 00:23:31+00:00
========================================================================
========================================================================
Testing 2010-01-02-REL9_0_0~1249
Start Time: 2016-08-12 04:57:04+00:00
Shared Buffers:  260000
size before pgbench of pgbench_tellers: 8
size before pgbench of pgbench_branches: 8
size before pgbench of pgbench_accounts: 64
size before pgbench of pgbench_branches_pkey: 32
size before pgbench of pgbench_tellers_pkey: 112
size before pgbench of pgbench_accounts_pkey: 658092
size before pgbench of pgbench_history: 0
total size before pgbench: 658316
Linux 3.16.0-4-amd64 (Debian-83-jessie-64-minimal) 	12.08.16 	_x86_64_	(8 CPU)

starting vacuum...end.
transaction type: <builtin: select only>
scaling factor: 300
query mode: simple
number of clients: 64
number of threads: 4
duration: 60 s
number of transactions actually processed: 75195
latency average: 51.067 ms
tps = 1250.163284 (including connections establishing)
tps = 1250.202962 (excluding connections establishing)
script statistics:
 - statement latencies in milliseconds:
         0.002  \set aid random(1, 100000 * :scale)
        51.169  SELECT abalance FROM pgbench_accounts WHERE aid = :aid;
avg-cpu:  %user   %nice %system %iowait  %steal   %idle
           1,23    0,00    0,84   32,95    0,00   64,99

Device:         rrqm/s   wrqm/s     r/s     w/s    rkB/s    wkB/s avgrq-sz avgqu-sz   await r_await w_await  svctm  %util
sdb               0,00     5,82  286,48    1,71  2658,71    32,13    18,67    36,13  125,35   89,77 6082,68   2,34  67,38
sda               0,11     5,82  285,47    1,71  2674,22    32,13    18,85    32,82  114,26   79,23 5958,60   2,35  67,61
md0               0,00     0,00    0,48    5,04     1,91    20,18     8,00     0,00    0,00    0,00    0,00   0,00   0,00
md1               0,00     0,00    0,00    0,00     0,00     0,00     0,00     0,00    0,00    0,00    0,00   0,00   0,00
md2               0,00     0,00  571,63    1,58  5331,02     9,73    18,63     0,00    0,00    0,00    0,00   0,00   0,00
md3               0,00     0,00    0,00    0,10     0,00     0,40     8,00     0,00    0,00    0,00    0,00   0,00   0,00

Control File Changes
--- /usr/local/oldpgsql/2010-01-02-REL9_0_0~1249/before.controldata	2016-08-12 06:57:44.240319322 +0200
+++ /usr/local/oldpgsql/2010-01-02-REL9_0_0~1249/after.controldata	2016-08-12 06:59:15.276476137 +0200
@@ -5,4 +5,4 @@
-pg_control last modified:             Fri Aug 12 04:57:44 2016
-Latest checkpoint location:           0/B0E24EB0
-Prior checkpoint location:            0/B0E24E48
-Latest checkpoint's REDO location:    0/B0E24EB0
+pg_control last modified:             Fri Aug 12 04:59:15 2016
+Latest checkpoint location:           0/B0E26A40
+Prior checkpoint location:            0/B0E24EB0
+Latest checkpoint's REDO location:    0/B0E26A40
@@ -10,2 +10,2 @@
-Latest checkpoint's NextXID:          0/118497
-Latest checkpoint's NextOID:          16471
+Latest checkpoint's NextXID:          0/118498
+Latest checkpoint's NextOID:          24663
@@ -17 +17 @@
-Time of latest checkpoint:            Fri Aug 12 04:57:43 2016
+Time of latest checkpoint:            Fri Aug 12 04:59:14 2016
size after pgbench of pgbench_tellers: 8
size after pgbench of pgbench_branches: 8
size after pgbench of pgbench_accounts: 64
size after pgbench of pgbench_branches_pkey: 32
size after pgbench of pgbench_tellers_pkey: 112
size after pgbench of pgbench_accounts_pkey: 658092
size after pgbench of pgbench_history: 0
total size after pgbench: 658316
End Time: 2016-08-12 04:59:15+00:00
========================================================================
========================================================================
Testing 2010-01-02-REL9_0_0~1249
Start Time: 2016-08-12 19:39:29+00:00
Shared Buffers:  260000
size before pgbench of pgbench_tellers: 8
size before pgbench of pgbench_branches: 8
size before pgbench of pgbench_accounts: 64
size before pgbench of pgbench_branches_pkey: 32
size before pgbench of pgbench_tellers_pkey: 112
size before pgbench of pgbench_accounts_pkey: 658092
size before pgbench of pgbench_history: 0
total size before pgbench: 658316
+ /usr/local/pgsql/bin/pgbench -T 60 -S -c 64 -j 4 -r
Linux 3.16.0-4-amd64 (Debian-83-jessie-64-minimal) 	12.08.16 	_x86_64_	(8 CPU)

starting vacuum...end.
transaction type: <builtin: select only>
scaling factor: 300
query mode: simple
number of clients: 64
number of threads: 4
duration: 60 s
number of transactions actually processed: 73518
latency average: 52.232 ms
tps = 1221.995094 (including connections establishing)
tps = 1222.032358 (excluding connections establishing)
script statistics:
 - statement latencies in milliseconds:
         0.002  \set aid random(1, 100000 * :scale)
        52.270  SELECT abalance FROM pgbench_accounts WHERE aid = :aid;
avg-cpu:  %user   %nice %system %iowait  %steal   %idle
           1,23    0,00    0,78   34,06    0,00   63,93

Device:         rrqm/s   wrqm/s     r/s     w/s    rkB/s    wkB/s avgrq-sz avgqu-sz   await r_await w_await  svctm  %util
sdb               0,03     5,49  280,01    1,73  2606,67    31,07    18,72    27,71   98,34   81,73 2781,56   2,39  67,38
sda               0,01     5,49  283,39    1,73  2637,29    31,07    18,72    27,70   97,13   88,04 1583,62   2,37  67,67
md0               0,00     0,00    0,10    4,40     0,40    17,60     8,00     0,00    0,00    0,00    0,00   0,00   0,00
md1               0,00     0,00    0,00    0,00     0,00     0,00     0,00     0,00    0,00    0,00    0,00   0,00   0,00
md2               0,00     0,00  563,40    1,88  5243,56    11,20    18,59     0,00    0,00    0,00    0,00   0,00   0,00
md3               0,00     0,00    0,00    0,10     0,00     0,40     8,00     0,00    0,00    0,00    0,00   0,00   0,00

Control File Changes
--- /usr/local/oldpgsql/2010-01-02-REL9_0_0~1249/before.controldata	2016-08-12 21:40:08.586827954 +0200
+++ /usr/local/oldpgsql/2010-01-02-REL9_0_0~1249/after.controldata	2016-08-12 21:41:39.727050091 +0200
@@ -5,4 +5,4 @@
-pg_control last modified:             Fri Aug 12 19:40:08 2016
-Latest checkpoint location:           0/B0E26B10
-Prior checkpoint location:            0/B0E26AA8
-Latest checkpoint's REDO location:    0/B0E26B10
+pg_control last modified:             Fri Aug 12 19:41:39 2016
+Latest checkpoint location:           0/B0E28740
+Prior checkpoint location:            0/B0E26B10
+Latest checkpoint's REDO location:    0/B0E28740
@@ -10,2 +10,2 @@
-Latest checkpoint's NextXID:          0/118498
-Latest checkpoint's NextOID:          16472
+Latest checkpoint's NextXID:          0/118499
+Latest checkpoint's NextOID:          24664
@@ -17 +17 @@
-Time of latest checkpoint:            Fri Aug 12 19:40:08 2016
+Time of latest checkpoint:            Fri Aug 12 19:41:38 2016
size after pgbench of pgbench_tellers: 8
size after pgbench of pgbench_branches: 8
size after pgbench of pgbench_accounts: 64
size after pgbench of pgbench_branches_pkey: 32
size after pgbench of pgbench_tellers_pkey: 112
size after pgbench of pgbench_accounts_pkey: 658092
size after pgbench of pgbench_history: 0
total size after pgbench: 658316
End Time: 2016-08-12 19:41:39+00:00
========================================================================
========================================================================
Testing 2010-01-02-REL9_0_0~1249
Start Time: 2016-08-13 00:40:55+00:00
Shared Buffers:  260000
size before pgbench of pgbench_tellers: 8
size before pgbench of pgbench_branches: 8
size before pgbench of pgbench_accounts: 64
size before pgbench of pgbench_branches_pkey: 32
size before pgbench of pgbench_tellers_pkey: 112
size before pgbench of pgbench_accounts_pkey: 658092
size before pgbench of pgbench_history: 0
total size before pgbench: 658316
Linux 3.16.0-4-amd64 (Debian-83-jessie-64-minimal) 	13.08.16 	_x86_64_	(8 CPU)

starting vacuum...end.
transaction type: <builtin: select only>
scaling factor: 300
query mode: simple
number of clients: 48
number of threads: 4
duration: 60 s
number of transactions actually processed: 73130
latency average: 39.382 ms
tps = 1215.499239 (including connections establishing)
tps = 1215.536686 (excluding connections establishing)
script statistics:
 - statement latencies in milliseconds:
         0.002  \set aid random(1, 100000 * :scale)
        39.411  SELECT abalance FROM pgbench_accounts WHERE aid = :aid;
avg-cpu:  %user   %nice %system %iowait  %steal   %idle
           1,24    0,00    0,77   32,28    0,00   65,71

Device:         rrqm/s   wrqm/s     r/s     w/s    rkB/s    wkB/s avgrq-sz avgqu-sz   await r_await w_await  svctm  %util
sdb               0,97     4,68  281,88    1,76  2658,04    27,51    18,94    21,58   76,07   65,63 1752,13   2,39  67,69
sda               0,32     4,68  280,99    1,76  2637,11    27,51    18,85    20,78   73,49   65,50 1352,91   2,40  67,76
md0               0,00     0,00    2,64    3,90    10,58    15,60     8,00     0,00    0,00    0,00    0,00   0,00   0,00
md1               0,00     0,00    0,00    0,00     0,00     0,00     0,00     0,00    0,00    0,00    0,00   0,00   0,00
md2               0,00     0,00  561,56    1,47  5284,58     9,29    18,81     0,00    0,00    0,00    0,00   0,00   0,00
md3               0,00     0,00    0,00    0,10     0,00     0,40     8,00     0,00    0,00    0,00    0,00   0,00   0,00

Control File Changes
--- /usr/local/oldpgsql/2010-01-02-REL9_0_0~1249/before.controldata	2016-08-13 02:41:33.892671314 +0200
+++ /usr/local/oldpgsql/2010-01-02-REL9_0_0~1249/after.controldata	2016-08-13 02:43:05.124859030 +0200
@@ -5,4 +5,4 @@
-pg_control last modified:             Sat Aug 13 00:41:33 2016
-Latest checkpoint location:           0/B0E28810
-Prior checkpoint location:            0/B0E287A8
-Latest checkpoint's REDO location:    0/B0E28810
+pg_control last modified:             Sat Aug 13 00:43:05 2016
+Latest checkpoint location:           0/B0E2A4E8
+Prior checkpoint location:            0/B0E28810
+Latest checkpoint's REDO location:    0/B0E2A4E8
@@ -10,2 +10,2 @@
-Latest checkpoint's NextXID:          0/118499
-Latest checkpoint's NextOID:          16473
+Latest checkpoint's NextXID:          0/118500
+Latest checkpoint's NextOID:          24665
@@ -17 +17 @@
-Time of latest checkpoint:            Sat Aug 13 00:41:33 2016
+Time of latest checkpoint:            Sat Aug 13 00:43:04 2016
size after pgbench of pgbench_tellers: 8
size after pgbench of pgbench_branches: 8
size after pgbench of pgbench_accounts: 64
size after pgbench of pgbench_branches_pkey: 32
size after pgbench of pgbench_tellers_pkey: 112
size after pgbench of pgbench_accounts_pkey: 658092
size after pgbench of pgbench_history: 0
total size after pgbench: 658316
End Time: 2016-08-13 00:43:05+00:00
========================================================================
========================================================================
Testing 2010-01-02-REL9_0_0~1249
Start Time: 2016-08-13 10:47:43+00:00
Shared Buffers:  260000
size before pgbench of pgbench_tellers: 8
size before pgbench of pgbench_branches: 8
size before pgbench of pgbench_accounts: 64
size before pgbench of pgbench_branches_pkey: 32
size before pgbench of pgbench_tellers_pkey: 112
size before pgbench of pgbench_accounts_pkey: 658092
size before pgbench of pgbench_history: 0
total size before pgbench: 658316
starting vacuum...Linux 3.16.0-4-amd64 (Debian-83-jessie-64-minimal) 	13.08.16 	_x86_64_	(8 CPU)

end.
transaction type: <builtin: select only>
scaling factor: 300
query mode: simple
number of clients: 48
number of threads: 4
duration: 60 s
number of transactions actually processed: 73767
latency average: 39.042 ms
tps = 1227.148871 (including connections establishing)
tps = 1227.189538 (excluding connections establishing)
script statistics:
 - statement latencies in milliseconds:
         0.002  \set aid random(1, 100000 * :scale)
        39.074  SELECT abalance FROM pgbench_accounts WHERE aid = :aid;
avg-cpu:  %user   %nice %system %iowait  %steal   %idle
           1,26    0,00    0,79   32,94    0,00   65,01

Device:         rrqm/s   wrqm/s     r/s     w/s    rkB/s    wkB/s avgrq-sz avgqu-sz   await r_await w_await  svctm  %util
sdb               0,28     6,98  279,42    1,74  2608,71    36,97    18,82    25,20   89,64   58,82 5026,24   2,40  67,44
sda               0,12     6,98  283,08    1,74  2645,07    36,97    18,83    25,96   91,14   68,61 3747,31   2,38  67,74
md0               0,00     0,00    0,13    6,07     0,53    24,27     8,00     0,00    0,00    0,00    0,00   0,00   0,00
md1               0,00     0,00    0,00    0,00     0,00     0,00     0,00     0,00    0,00    0,00    0,00   0,00   0,00
md2               0,00     0,00  562,82    1,66  5253,24    10,04    18,65     0,00    0,00    0,00    0,00   0,00   0,00
md3               0,00     0,00    0,00    0,10     0,00     0,40     8,00     0,00    0,00    0,00    0,00   0,00   0,00

Control File Changes
--- /usr/local/oldpgsql/2010-01-02-REL9_0_0~1249/before.controldata	2016-08-13 12:48:22.512766871 +0200
+++ /usr/local/oldpgsql/2010-01-02-REL9_0_0~1249/after.controldata	2016-08-13 12:49:53.597203211 +0200
@@ -5,4 +5,4 @@
-pg_control last modified:             Sat Aug 13 10:48:22 2016
-Latest checkpoint location:           0/B0E2A5B8
-Prior checkpoint location:            0/B0E2A550
-Latest checkpoint's REDO location:    0/B0E2A5B8
+pg_control last modified:             Sat Aug 13 10:49:53 2016
+Latest checkpoint location:           0/B0E2C330
+Prior checkpoint location:            0/B0E2A5B8
+Latest checkpoint's REDO location:    0/B0E2C330
@@ -10,2 +10,2 @@
-Latest checkpoint's NextXID:          0/118500
-Latest checkpoint's NextOID:          16474
+Latest checkpoint's NextXID:          0/118501
+Latest checkpoint's NextOID:          24666
@@ -17 +17 @@
-Time of latest checkpoint:            Sat Aug 13 10:48:22 2016
+Time of latest checkpoint:            Sat Aug 13 10:49:52 2016
size after pgbench of pgbench_tellers: 8
size after pgbench of pgbench_branches: 8
size after pgbench of pgbench_accounts: 64
size after pgbench of pgbench_branches_pkey: 32
size after pgbench of pgbench_tellers_pkey: 112
size after pgbench of pgbench_accounts_pkey: 658092
size after pgbench of pgbench_history: 0
total size after pgbench: 658316
End Time: 2016-08-13 10:49:53+00:00
========================================================================
========================================================================
Testing 2010-01-02-REL9_0_0~1249
Start Time: 2016-08-13 20:57:26+00:00
Shared Buffers:  260000
size before pgbench of pgbench_tellers: 8
size before pgbench of pgbench_branches: 8
size before pgbench of pgbench_accounts: 64
size before pgbench of pgbench_branches_pkey: 32
size before pgbench of pgbench_tellers_pkey: 112
size before pgbench of pgbench_accounts_pkey: 658092
size before pgbench of pgbench_history: 0
total size before pgbench: 658316
Linux 3.16.0-4-amd64 (Debian-83-jessie-64-minimal) 	13.08.16 	_x86_64_	(8 CPU)

starting vacuum...end.
transaction type: <builtin: TPC-B (sort of)>
scaling factor: 300
query mode: simple
number of clients: 32
number of threads: 4
duration: 900 s
number of transactions actually processed: 30297
latency average: 950.589 ms
tps = 33.639123 (including connections establishing)
tps = 33.639195 (excluding connections establishing)
script statistics:
 - statement latencies in milliseconds:
         0.003  \set aid random(1, 100000 * :scale)
         0.001  \set bid random(1, 1 * :scale)
         0.001  \set tid random(1, 10 * :scale)
         0.001  \set delta random(-5000, 5000)
         0.135  BEGIN;
       431.603  UPDATE pgbench_accounts SET abalance = abalance + :delta WHERE aid = :aid;
         0.688  SELECT abalance FROM pgbench_accounts WHERE aid = :aid;
       169.463  UPDATE pgbench_tellers SET tbalance = tbalance + :delta WHERE tid = :tid;
       108.098  UPDATE pgbench_branches SET bbalance = bbalance + :delta WHERE bid = :bid;
        65.829  INSERT INTO pgbench_history (tid, bid, aid, delta, mtime) VALUES (:tid, :bid, :aid, :delta, CURRENT_TIMESTAMP);
       175.617  END;
avg-cpu:  %user   %nice %system %iowait  %steal   %idle
           0,44    0,00    0,25    9,28    0,00   90,03

Device:         rrqm/s   wrqm/s     r/s     w/s    rkB/s    wkB/s avgrq-sz avgqu-sz   await r_await w_await  svctm  %util
sdb               0,02     1,46    5,42  143,51    46,80   979,55    13,78    13,43   90,16   23,41   92,68   4,10  61,07
sda               0,01     1,46   22,60  143,51   193,42   979,55    14,12    14,50   87,27   28,87   96,46   5,14  85,30
md0               0,00     0,00    0,08    0,05     0,34     0,22     8,00     0,00    0,00    0,00    0,00   0,00   0,00
md1               0,00     0,00    0,00    0,00     0,00     0,00     0,00     0,00    0,00    0,00    0,00   0,00   0,00
md2               0,00     0,00   27,97  144,44   239,89   978,18    14,13     0,00    0,00    0,00    0,00   0,00   0,00
md3               0,00     0,00    0,00    0,01     0,00     0,04     8,00     0,00    0,00    0,00    0,00   0,00   0,00

Control File Changes
--- /usr/local/oldpgsql/2010-01-02-REL9_0_0~1249/before.controldata	2016-08-13 22:58:06.288817798 +0200
+++ /usr/local/oldpgsql/2010-01-02-REL9_0_0~1249/after.controldata	2016-08-13 23:14:25.081806169 +0200
@@ -5,4 +5,4 @@
-pg_control last modified:             Sat Aug 13 20:58:06 2016
-Latest checkpoint location:           0/B0E2C400
-Prior checkpoint location:            0/B0E2C398
-Latest checkpoint's REDO location:    0/B0E2C400
+pg_control last modified:             Sat Aug 13 21:14:24 2016
+Latest checkpoint location:           0/CA753620
+Prior checkpoint location:            0/CA7535B8
+Latest checkpoint's REDO location:    0/CA753620
@@ -10,2 +10,2 @@
-Latest checkpoint's NextXID:          0/118501
-Latest checkpoint's NextOID:          16475
+Latest checkpoint's NextXID:          0/148843
+Latest checkpoint's NextOID:          24667
@@ -17 +17 @@
-Time of latest checkpoint:            Sat Aug 13 20:58:05 2016
+Time of latest checkpoint:            Sat Aug 13 21:14:23 2016
size after pgbench of pgbench_tellers: 8
size after pgbench of pgbench_branches: 8
size after pgbench of pgbench_accounts: 64
size after pgbench of pgbench_branches_pkey: 32
size after pgbench of pgbench_tellers_pkey: 112
size after pgbench of pgbench_accounts_pkey: 658092
size after pgbench of pgbench_history: 24
total size after pgbench: 658340
End Time: 2016-08-13 21:14:25+00:00
========================================================================
========================================================================
Testing 2010-01-02-REL9_0_0~1249
Start Time: 2016-08-18 16:33:40+00:00
Shared Buffers:  260000
size before pgbench of pgbench_tellers: 8
size before pgbench of pgbench_branches: 8
size before pgbench of pgbench_accounts: 64
size before pgbench of pgbench_branches_pkey: 32
size before pgbench of pgbench_tellers_pkey: 112
size before pgbench of pgbench_accounts_pkey: 658092
size before pgbench of pgbench_history: 24
total size before pgbench: 658340
Linux 4.6.0-1-amd64 (Debian-83-jessie-64-minimal) 	18.08.16 	_x86_64_	(8 CPU)

starting vacuum...end.
transaction type: <builtin: TPC-B (sort of)>
scaling factor: 300
query mode: simple
number of clients: 32
number of threads: 4
duration: 900 s
number of transactions actually processed: 30199
latency average: 953.674 ms
tps = 33.537175 (including connections establishing)
tps = 33.537239 (excluding connections establishing)
script statistics:
 - statement latencies in milliseconds:
         0.003  \set aid random(1, 100000 * :scale)
         0.001  \set bid random(1, 1 * :scale)
         0.001  \set tid random(1, 10 * :scale)
         0.001  \set delta random(-5000, 5000)
         0.125  BEGIN;
       421.111  UPDATE pgbench_accounts SET abalance = abalance + :delta WHERE aid = :aid;
         0.860  SELECT abalance FROM pgbench_accounts WHERE aid = :aid;
       180.803  UPDATE pgbench_tellers SET tbalance = tbalance + :delta WHERE tid = :tid;
       110.485  UPDATE pgbench_branches SET bbalance = bbalance + :delta WHERE bid = :bid;
        65.830  INSERT INTO pgbench_history (tid, bid, aid, delta, mtime) VALUES (:tid, :bid, :aid, :delta, CURRENT_TIMESTAMP);
       175.422  END;
avg-cpu:  %user   %nice %system %iowait  %steal   %idle
           0,41    0,00    0,27   20,63    0,00   78,69

Device:         rrqm/s   wrqm/s     r/s     w/s    rkB/s    wkB/s avgrq-sz avgqu-sz   await r_await w_await  svctm  %util
sdb               0,00     2,28    5,96  142,14    50,91   967,49    13,75    16,70  112,78   23,63  116,52   4,11  60,91
sda               0,01     2,28   21,91  142,14   186,34   967,49    14,07    14,43   87,96   30,04   96,89   5,06  82,96
md0               0,00     0,00    0,07    0,03     0,28     0,13     8,00     0,00    0,00    0,00    0,00   0,00   0,00
md1               0,00     0,00    0,00    0,00     0,00     0,00     0,00     0,00    0,00    0,00    0,00   0,00   0,00
md2               0,00     0,00   27,81  144,11   236,96   966,65    14,00     0,00    0,00    0,00    0,00   0,00   0,00
md3               0,00     0,00    0,00    0,01     0,00     0,04     8,00     0,00    0,00    0,00    0,00   0,00   0,00

Control File Changes
--- /usr/local/oldpgsql/2010-01-02-REL9_0_0~1249/before.controldata	2016-08-18 18:39:14.753040569 +0200
+++ /usr/local/oldpgsql/2010-01-02-REL9_0_0~1249/after.controldata	2016-08-18 18:55:39.983217847 +0200
@@ -5,4 +5,4 @@
-pg_control last modified:             Thu Aug 18 16:39:14 2016
-Latest checkpoint location:           0/D88EE420
-Prior checkpoint location:            0/D88EE3B8
-Latest checkpoint's REDO location:    0/D88EE420
+pg_control last modified:             Thu Aug 18 16:55:39 2016
+Latest checkpoint location:           0/F172F530
+Prior checkpoint location:            0/F172F4C8
+Latest checkpoint's REDO location:    0/F172F530
@@ -10,2 +10,2 @@
-Latest checkpoint's NextXID:          0/148844
-Latest checkpoint's NextOID:          16476
+Latest checkpoint's NextXID:          0/179087
+Latest checkpoint's NextOID:          24668
@@ -17 +17 @@
-Time of latest checkpoint:            Thu Aug 18 16:39:14 2016
+Time of latest checkpoint:            Thu Aug 18 16:55:38 2016
size after pgbench of pgbench_tellers: 8
size after pgbench of pgbench_branches: 8
size after pgbench of pgbench_accounts: 64
size after pgbench of pgbench_branches_pkey: 32
size after pgbench of pgbench_tellers_pkey: 112
size after pgbench of pgbench_accounts_pkey: 658092
size after pgbench of pgbench_history: 24
total size after pgbench: 658340
End Time: 2016-08-18 16:55:40+00:00
========================================================================
========================================================================
Testing 2010-01-02-REL9_0_0~1249
Start Time: 2016-08-20 22:31:51+00:00
Shared Buffers:  260000
size before pgbench of pgbench_tellers: 8
size before pgbench of pgbench_branches: 8
size before pgbench of pgbench_accounts: 64
size before pgbench of pgbench_branches_pkey: 32
size before pgbench of pgbench_tellers_pkey: 112
size before pgbench of pgbench_accounts_pkey: 658092
size before pgbench of pgbench_history: 24
total size before pgbench: 658340
Linux 4.6.0-1-amd64 (Debian-83-jessie-64-minimal) 	21.08.16 	_x86_64_	(8 CPU)

starting vacuum...end.
transaction type: <builtin: TPC-B (sort of)>
scaling factor: 300
query mode: simple
number of clients: 32
number of threads: 4
duration: 900 s
number of transactions actually processed: 26767
latency average: 1075.952 ms
tps = 29.733838 (including connections establishing)
tps = 29.733894 (excluding connections establishing)
script statistics:
 - statement latencies in milliseconds:
         0.003  \set aid random(1, 100000 * :scale)
         0.001  \set bid random(1, 1 * :scale)
         0.001  \set tid random(1, 10 * :scale)
         0.001  \set delta random(-5000, 5000)
         0.113  BEGIN;
       466.499  UPDATE pgbench_accounts SET abalance = abalance + :delta WHERE aid = :aid;
         1.032  SELECT abalance FROM pgbench_accounts WHERE aid = :aid;
       195.939  UPDATE pgbench_tellers SET tbalance = tbalance + :delta WHERE tid = :tid;
       129.650  UPDATE pgbench_branches SET bbalance = bbalance + :delta WHERE bid = :bid;
        75.523  INSERT INTO pgbench_history (tid, bid, aid, delta, mtime) VALUES (:tid, :bid, :aid, :delta, CURRENT_TIMESTAMP);
       207.529  END;
avg-cpu:  %user   %nice %system %iowait  %steal   %idle
           0,43    0,00    0,28   20,32    0,00   78,96

Device:         rrqm/s   wrqm/s     r/s     w/s    rkB/s    wkB/s avgrq-sz avgqu-sz   await r_await w_await  svctm  %util
sdb               0,02     2,50    4,60  122,90    38,93   850,42    13,95    15,67  122,35   23,39  126,05   4,92  62,70
sda               0,05     2,51   20,87  122,92   176,67   850,61    14,29    15,33  106,25   30,19  119,17   5,59  80,32
md0               0,00     0,00    0,36    0,00     1,45     0,00     8,00     0,00    0,00    0,00    0,00   0,00   0,00
md1               0,00     0,00    0,00    0,00     0,00     0,00     0,00     0,00    0,00    0,00    0,00   0,00   0,00
md2               0,00     0,00   25,17  126,66   214,15   862,75    14,18     0,00    0,00    0,00    0,00   0,00   0,00
md3               0,00     0,00    0,00    0,01     0,00     0,04     8,00     0,00    0,00    0,00    0,00   0,00   0,00

Control File Changes
--- /usr/local/oldpgsql/2010-01-02-REL9_0_0~1249/before.controldata	2016-08-21 00:37:58.292826880 +0200
+++ /usr/local/oldpgsql/2010-01-02-REL9_0_0~1249/after.controldata	2016-08-21 00:54:12.582724394 +0200
@@ -5,4 +5,4 @@
-pg_control last modified:             Sat Aug 20 22:37:58 2016
-Latest checkpoint location:           1/7ED6E8
-Prior checkpoint location:            1/7ED680
-Latest checkpoint's REDO location:    1/7ED6E8
+pg_control last modified:             Sat Aug 20 22:54:12 2016
+Latest checkpoint location:           1/162F1140
+Prior checkpoint location:            1/162F10D8
+Latest checkpoint's REDO location:    1/162F1140
@@ -10,2 +10,2 @@
-Latest checkpoint's NextXID:          0/179087
-Latest checkpoint's NextOID:          16477
+Latest checkpoint's NextXID:          0/205898
+Latest checkpoint's NextOID:          24669
@@ -17 +17 @@
-Time of latest checkpoint:            Sat Aug 20 22:37:55 2016
+Time of latest checkpoint:            Sat Aug 20 22:54:10 2016
size after pgbench of pgbench_history: 24
size after pgbench of pgbench_tellers: 8
size after pgbench of pgbench_branches: 8
size after pgbench of pgbench_accounts: 64
size after pgbench of pgbench_branches_pkey: 32
size after pgbench of pgbench_tellers_pkey: 112
size after pgbench of pgbench_accounts_pkey: 658092
total size after pgbench: 658340
End Time: 2016-08-20 22:54:12+00:00
========================================================================
