creating tables...
100000 of 30000000 tuples (0%) done (elapsed 0.08 s, remaining 24.15 s)
200000 of 30000000 tuples (0%) done (elapsed 0.16 s, remaining 23.42 s)
300000 of 30000000 tuples (1%) done (elapsed 0.22 s, remaining 21.42 s)
400000 of 30000000 tuples (1%) done (elapsed 0.28 s, remaining 20.44 s)
500000 of 30000000 tuples (1%) done (elapsed 0.34 s, remaining 19.82 s)
600000 of 30000000 tuples (2%) done (elapsed 0.39 s, remaining 19.14 s)
700000 of 30000000 tuples (2%) done (elapsed 0.45 s, remaining 18.84 s)
800000 of 30000000 tuples (2%) done (elapsed 0.51 s, remaining 18.61 s)
900000 of 30000000 tuples (3%) done (elapsed 0.56 s, remaining 18.25 s)
1000000 of 30000000 tuples (3%) done (elapsed 0.62 s, remaining 18.08 s)
1100000 of 30000000 tuples (3%) done (elapsed 0.69 s, remaining 18.04 s)
1200000 of 30000000 tuples (4%) done (elapsed 0.75 s, remaining 17.98 s)
1300000 of 30000000 tuples (4%) done (elapsed 0.81 s, remaining 17.81 s)
1400000 of 30000000 tuples (4%) done (elapsed 0.87 s, remaining 17.76 s)
1500000 of 30000000 tuples (5%) done (elapsed 0.93 s, remaining 17.62 s)
1600000 of 30000000 tuples (5%) done (elapsed 0.99 s, remaining 17.57 s)
1700000 of 30000000 tuples (5%) done (elapsed 1.05 s, remaining 17.52 s)
1800000 of 30000000 tuples (6%) done (elapsed 1.11 s, remaining 17.39 s)
1900000 of 30000000 tuples (6%) done (elapsed 1.17 s, remaining 17.34 s)
2000000 of 30000000 tuples (6%) done (elapsed 1.23 s, remaining 17.22 s)
2100000 of 30000000 tuples (7%) done (elapsed 1.29 s, remaining 17.17 s)
2200000 of 30000000 tuples (7%) done (elapsed 1.35 s, remaining 17.05 s)
2300000 of 30000000 tuples (7%) done (elapsed 1.41 s, remaining 17.00 s)
2400000 of 30000000 tuples (8%) done (elapsed 1.47 s, remaining 16.94 s)
2500000 of 30000000 tuples (8%) done (elapsed 1.53 s, remaining 16.84 s)
2600000 of 30000000 tuples (8%) done (elapsed 1.59 s, remaining 16.79 s)
2700000 of 30000000 tuples (9%) done (elapsed 1.65 s, remaining 16.69 s)
2800000 of 30000000 tuples (9%) done (elapsed 1.71 s, remaining 16.64 s)
2900000 of 30000000 tuples (9%) done (elapsed 1.78 s, remaining 16.59 s)
3000000 of 30000000 tuples (10%) done (elapsed 1.83 s, remaining 16.49 s)
3100000 of 30000000 tuples (10%) done (elapsed 1.90 s, remaining 16.44 s)
3200000 of 30000000 tuples (10%) done (elapsed 1.95 s, remaining 16.35 s)
3300000 of 30000000 tuples (11%) done (elapsed 2.02 s, remaining 16.30 s)
3400000 of 30000000 tuples (11%) done (elapsed 2.08 s, remaining 16.25 s)
3500000 of 30000000 tuples (11%) done (elapsed 2.13 s, remaining 16.16 s)
3600000 of 30000000 tuples (12%) done (elapsed 2.20 s, remaining 16.11 s)
3700000 of 30000000 tuples (12%) done (elapsed 2.25 s, remaining 16.03 s)
3800000 of 30000000 tuples (12%) done (elapsed 2.32 s, remaining 15.97 s)
3900000 of 30000000 tuples (13%) done (elapsed 2.38 s, remaining 15.92 s)
4000000 of 30000000 tuples (13%) done (elapsed 2.44 s, remaining 15.84 s)
4100000 of 30000000 tuples (13%) done (elapsed 2.50 s, remaining 15.79 s)
4200000 of 30000000 tuples (14%) done (elapsed 2.56 s, remaining 15.70 s)
4300000 of 30000000 tuples (14%) done (elapsed 2.62 s, remaining 15.65 s)
4400000 of 30000000 tuples (14%) done (elapsed 2.68 s, remaining 15.57 s)
4500000 of 30000000 tuples (15%) done (elapsed 2.74 s, remaining 15.52 s)
4600000 of 30000000 tuples (15%) done (elapsed 2.80 s, remaining 15.46 s)
4700000 of 30000000 tuples (15%) done (elapsed 2.86 s, remaining 15.38 s)
4800000 of 30000000 tuples (16%) done (elapsed 2.92 s, remaining 15.33 s)
4900000 of 30000000 tuples (16%) done (elapsed 2.98 s, remaining 15.25 s)
5000000 of 30000000 tuples (16%) done (elapsed 3.04 s, remaining 15.19 s)
5100000 of 30000000 tuples (17%) done (elapsed 3.10 s, remaining 15.14 s)
5200000 of 30000000 tuples (17%) done (elapsed 3.16 s, remaining 15.06 s)
5300000 of 30000000 tuples (17%) done (elapsed 3.22 s, remaining 14.99 s)
5400000 of 30000000 tuples (18%) done (elapsed 3.28 s, remaining 14.94 s)
5500000 of 30000000 tuples (18%) done (elapsed 3.34 s, remaining 14.88 s)
5600000 of 30000000 tuples (18%) done (elapsed 3.40 s, remaining 14.81 s)
5700000 of 30000000 tuples (19%) done (elapsed 3.46 s, remaining 14.75 s)
5800000 of 30000000 tuples (19%) done (elapsed 3.52 s, remaining 14.68 s)
5900000 of 30000000 tuples (19%) done (elapsed 3.58 s, remaining 14.63 s)
6000000 of 30000000 tuples (20%) done (elapsed 3.64 s, remaining 14.56 s)
6100000 of 30000000 tuples (20%) done (elapsed 3.70 s, remaining 14.49 s)
6200000 of 30000000 tuples (20%) done (elapsed 3.76 s, remaining 14.43 s)
6300000 of 30000000 tuples (21%) done (elapsed 3.82 s, remaining 14.38 s)
6400000 of 30000000 tuples (21%) done (elapsed 3.88 s, remaining 14.31 s)
6500000 of 30000000 tuples (21%) done (elapsed 3.94 s, remaining 14.25 s)
6600000 of 30000000 tuples (22%) done (elapsed 4.00 s, remaining 14.18 s)
6700000 of 30000000 tuples (22%) done (elapsed 4.06 s, remaining 14.13 s)
6800000 of 30000000 tuples (22%) done (elapsed 4.13 s, remaining 14.07 s)
6900000 of 30000000 tuples (23%) done (elapsed 4.18 s, remaining 14.00 s)
7000000 of 30000000 tuples (23%) done (elapsed 4.25 s, remaining 13.95 s)
7100000 of 30000000 tuples (23%) done (elapsed 4.30 s, remaining 13.88 s)
7200000 of 30000000 tuples (24%) done (elapsed 4.37 s, remaining 13.83 s)
7300000 of 30000000 tuples (24%) done (elapsed 4.43 s, remaining 13.77 s)
7400000 of 30000000 tuples (24%) done (elapsed 4.49 s, remaining 13.70 s)
7500000 of 30000000 tuples (25%) done (elapsed 4.55 s, remaining 13.65 s)
7600000 of 30000000 tuples (25%) done (elapsed 4.61 s, remaining 13.58 s)
7700000 of 30000000 tuples (25%) done (elapsed 4.67 s, remaining 13.53 s)
7800000 of 30000000 tuples (26%) done (elapsed 4.73 s, remaining 13.46 s)
7900000 of 30000000 tuples (26%) done (elapsed 4.79 s, remaining 13.40 s)
8000000 of 30000000 tuples (26%) done (elapsed 4.85 s, remaining 13.35 s)
8100000 of 30000000 tuples (27%) done (elapsed 4.91 s, remaining 13.28 s)
8200000 of 30000000 tuples (27%) done (elapsed 4.97 s, remaining 13.22 s)
8300000 of 30000000 tuples (27%) done (elapsed 5.03 s, remaining 13.15 s)
8400000 of 30000000 tuples (28%) done (elapsed 5.09 s, remaining 13.10 s)
8500000 of 30000000 tuples (28%) done (elapsed 5.16 s, remaining 13.04 s)
8600000 of 30000000 tuples (28%) done (elapsed 5.21 s, remaining 12.98 s)
8700000 of 30000000 tuples (29%) done (elapsed 5.28 s, remaining 12.92 s)
8800000 of 30000000 tuples (29%) done (elapsed 5.34 s, remaining 12.85 s)
8900000 of 30000000 tuples (29%) done (elapsed 5.40 s, remaining 12.80 s)
9000000 of 30000000 tuples (30%) done (elapsed 5.46 s, remaining 12.74 s)
9100000 of 30000000 tuples (30%) done (elapsed 5.52 s, remaining 12.67 s)
9200000 of 30000000 tuples (30%) done (elapsed 5.58 s, remaining 12.62 s)
9300000 of 30000000 tuples (31%) done (elapsed 5.64 s, remaining 12.55 s)
9400000 of 30000000 tuples (31%) done (elapsed 5.70 s, remaining 12.49 s)
9500000 of 30000000 tuples (31%) done (elapsed 5.76 s, remaining 12.43 s)
9600000 of 30000000 tuples (32%) done (elapsed 5.82 s, remaining 12.37 s)
9700000 of 30000000 tuples (32%) done (elapsed 5.88 s, remaining 12.31 s)
9800000 of 30000000 tuples (32%) done (elapsed 5.94 s, remaining 12.25 s)
9900000 of 30000000 tuples (33%) done (elapsed 6.00 s, remaining 12.19 s)
10000000 of 30000000 tuples (33%) done (elapsed 6.06 s, remaining 12.13 s)
10100000 of 30000000 tuples (33%) done (elapsed 6.12 s, remaining 12.06 s)
10200000 of 30000000 tuples (34%) done (elapsed 6.18 s, remaining 12.00 s)
10300000 of 30000000 tuples (34%) done (elapsed 6.25 s, remaining 11.94 s)
10400000 of 30000000 tuples (34%) done (elapsed 6.30 s, remaining 11.88 s)
10500000 of 30000000 tuples (35%) done (elapsed 6.36 s, remaining 11.82 s)
10600000 of 30000000 tuples (35%) done (elapsed 6.42 s, remaining 11.75 s)
10700000 of 30000000 tuples (35%) done (elapsed 6.48 s, remaining 11.70 s)
10800000 of 30000000 tuples (36%) done (elapsed 6.54 s, remaining 11.63 s)
10900000 of 30000000 tuples (36%) done (elapsed 6.60 s, remaining 11.57 s)
11000000 of 30000000 tuples (36%) done (elapsed 6.66 s, remaining 11.51 s)
11100000 of 30000000 tuples (37%) done (elapsed 6.72 s, remaining 11.45 s)
11200000 of 30000000 tuples (37%) done (elapsed 6.78 s, remaining 11.39 s)
11300000 of 30000000 tuples (37%) done (elapsed 6.84 s, remaining 11.32 s)
11400000 of 30000000 tuples (38%) done (elapsed 6.90 s, remaining 11.26 s)
11500000 of 30000000 tuples (38%) done (elapsed 6.96 s, remaining 11.20 s)
11600000 of 30000000 tuples (38%) done (elapsed 7.02 s, remaining 11.14 s)
11700000 of 30000000 tuples (39%) done (elapsed 7.08 s, remaining 11.08 s)
11800000 of 30000000 tuples (39%) done (elapsed 7.14 s, remaining 11.01 s)
11900000 of 30000000 tuples (39%) done (elapsed 7.20 s, remaining 10.96 s)
12000000 of 30000000 tuples (40%) done (elapsed 7.26 s, remaining 10.90 s)
12100000 of 30000000 tuples (40%) done (elapsed 7.32 s, remaining 10.83 s)
12200000 of 30000000 tuples (40%) done (elapsed 7.38 s, remaining 10.77 s)
12300000 of 30000000 tuples (41%) done (elapsed 7.44 s, remaining 10.71 s)
12400000 of 30000000 tuples (41%) done (elapsed 7.50 s, remaining 10.65 s)
12500000 of 30000000 tuples (41%) done (elapsed 7.56 s, remaining 10.59 s)
12600000 of 30000000 tuples (42%) done (elapsed 7.62 s, remaining 10.52 s)
12700000 of 30000000 tuples (42%) done (elapsed 7.68 s, remaining 10.47 s)
12800000 of 30000000 tuples (42%) done (elapsed 7.74 s, remaining 10.40 s)
12900000 of 30000000 tuples (43%) done (elapsed 7.80 s, remaining 10.34 s)
13000000 of 30000000 tuples (43%) done (elapsed 7.86 s, remaining 10.28 s)
13100000 of 30000000 tuples (43%) done (elapsed 7.92 s, remaining 10.22 s)
13200000 of 30000000 tuples (44%) done (elapsed 7.98 s, remaining 10.16 s)
13300000 of 30000000 tuples (44%) done (elapsed 8.04 s, remaining 10.10 s)
13400000 of 30000000 tuples (44%) done (elapsed 8.10 s, remaining 10.04 s)
13500000 of 30000000 tuples (45%) done (elapsed 8.16 s, remaining 9.97 s)
13600000 of 30000000 tuples (45%) done (elapsed 8.22 s, remaining 9.91 s)
13700000 of 30000000 tuples (45%) done (elapsed 8.28 s, remaining 9.85 s)
13800000 of 30000000 tuples (46%) done (elapsed 8.34 s, remaining 9.79 s)
13900000 of 30000000 tuples (46%) done (elapsed 8.40 s, remaining 9.73 s)
14000000 of 30000000 tuples (46%) done (elapsed 8.46 s, remaining 9.67 s)
14100000 of 30000000 tuples (47%) done (elapsed 8.52 s, remaining 9.61 s)
14200000 of 30000000 tuples (47%) done (elapsed 8.58 s, remaining 9.55 s)
14300000 of 30000000 tuples (47%) done (elapsed 8.64 s, remaining 9.49 s)
14400000 of 30000000 tuples (48%) done (elapsed 8.70 s, remaining 9.43 s)
14500000 of 30000000 tuples (48%) done (elapsed 8.76 s, remaining 9.36 s)
14600000 of 30000000 tuples (48%) done (elapsed 8.82 s, remaining 9.30 s)
14700000 of 30000000 tuples (49%) done (elapsed 8.88 s, remaining 9.24 s)
14800000 of 30000000 tuples (49%) done (elapsed 8.94 s, remaining 9.18 s)
14900000 of 30000000 tuples (49%) done (elapsed 9.00 s, remaining 9.12 s)
15000000 of 30000000 tuples (50%) done (elapsed 9.06 s, remaining 9.06 s)
15100000 of 30000000 tuples (50%) done (elapsed 9.12 s, remaining 9.00 s)
15200000 of 30000000 tuples (50%) done (elapsed 9.18 s, remaining 8.94 s)
15300000 of 30000000 tuples (51%) done (elapsed 9.24 s, remaining 8.87 s)
15400000 of 30000000 tuples (51%) done (elapsed 9.30 s, remaining 8.82 s)
15500000 of 30000000 tuples (51%) done (elapsed 9.36 s, remaining 8.76 s)
15600000 of 30000000 tuples (52%) done (elapsed 9.43 s, remaining 8.70 s)
15700000 of 30000000 tuples (52%) done (elapsed 9.49 s, remaining 8.64 s)
15800000 of 30000000 tuples (52%) done (elapsed 9.55 s, remaining 8.58 s)
15900000 of 30000000 tuples (53%) done (elapsed 9.61 s, remaining 8.52 s)
16000000 of 30000000 tuples (53%) done (elapsed 9.67 s, remaining 8.46 s)
16100000 of 30000000 tuples (53%) done (elapsed 9.73 s, remaining 8.40 s)
16200000 of 30000000 tuples (54%) done (elapsed 9.78 s, remaining 8.34 s)
16300000 of 30000000 tuples (54%) done (elapsed 9.85 s, remaining 8.28 s)
16400000 of 30000000 tuples (54%) done (elapsed 9.91 s, remaining 8.22 s)
16500000 of 30000000 tuples (55%) done (elapsed 9.97 s, remaining 8.15 s)
16600000 of 30000000 tuples (55%) done (elapsed 10.02 s, remaining 8.09 s)
16700000 of 30000000 tuples (55%) done (elapsed 10.09 s, remaining 8.03 s)
16800000 of 30000000 tuples (56%) done (elapsed 10.15 s, remaining 7.97 s)
16900000 of 30000000 tuples (56%) done (elapsed 10.20 s, remaining 7.91 s)
17000000 of 30000000 tuples (56%) done (elapsed 10.26 s, remaining 7.85 s)
17100000 of 30000000 tuples (57%) done (elapsed 10.33 s, remaining 7.79 s)
17200000 of 30000000 tuples (57%) done (elapsed 10.39 s, remaining 7.73 s)
17300000 of 30000000 tuples (57%) done (elapsed 10.44 s, remaining 7.67 s)
17400000 of 30000000 tuples (58%) done (elapsed 10.50 s, remaining 7.61 s)
17500000 of 30000000 tuples (58%) done (elapsed 10.57 s, remaining 7.55 s)
17600000 of 30000000 tuples (58%) done (elapsed 10.62 s, remaining 7.49 s)
17700000 of 30000000 tuples (59%) done (elapsed 10.68 s, remaining 7.42 s)
17800000 of 30000000 tuples (59%) done (elapsed 10.75 s, remaining 7.37 s)
17900000 of 30000000 tuples (59%) done (elapsed 10.81 s, remaining 7.30 s)
18000000 of 30000000 tuples (60%) done (elapsed 10.86 s, remaining 7.24 s)
18100000 of 30000000 tuples (60%) done (elapsed 10.92 s, remaining 7.18 s)
18200000 of 30000000 tuples (60%) done (elapsed 10.99 s, remaining 7.12 s)
18300000 of 30000000 tuples (61%) done (elapsed 11.05 s, remaining 7.06 s)
18400000 of 30000000 tuples (61%) done (elapsed 11.10 s, remaining 7.00 s)
18500000 of 30000000 tuples (61%) done (elapsed 11.16 s, remaining 6.94 s)
18600000 of 30000000 tuples (62%) done (elapsed 11.23 s, remaining 6.88 s)
18700000 of 30000000 tuples (62%) done (elapsed 11.28 s, remaining 6.82 s)
18800000 of 30000000 tuples (62%) done (elapsed 11.34 s, remaining 6.76 s)
18900000 of 30000000 tuples (63%) done (elapsed 11.40 s, remaining 6.70 s)
19000000 of 30000000 tuples (63%) done (elapsed 11.47 s, remaining 6.64 s)
19100000 of 30000000 tuples (63%) done (elapsed 11.52 s, remaining 6.58 s)
19200000 of 30000000 tuples (64%) done (elapsed 11.58 s, remaining 6.52 s)
19300000 of 30000000 tuples (64%) done (elapsed 11.64 s, remaining 6.45 s)
19400000 of 30000000 tuples (64%) done (elapsed 11.71 s, remaining 6.40 s)
19500000 of 30000000 tuples (65%) done (elapsed 11.76 s, remaining 6.33 s)
19600000 of 30000000 tuples (65%) done (elapsed 11.82 s, remaining 6.27 s)
19700000 of 30000000 tuples (65%) done (elapsed 11.88 s, remaining 6.21 s)
19800000 of 30000000 tuples (66%) done (elapsed 11.94 s, remaining 6.15 s)
19900000 of 30000000 tuples (66%) done (elapsed 12.00 s, remaining 6.09 s)
20000000 of 30000000 tuples (66%) done (elapsed 12.06 s, remaining 6.03 s)
20100000 of 30000000 tuples (67%) done (elapsed 12.12 s, remaining 5.97 s)
20200000 of 30000000 tuples (67%) done (elapsed 12.18 s, remaining 5.91 s)
20300000 of 30000000 tuples (67%) done (elapsed 12.24 s, remaining 5.85 s)
20400000 of 30000000 tuples (68%) done (elapsed 12.30 s, remaining 5.79 s)
20500000 of 30000000 tuples (68%) done (elapsed 12.37 s, remaining 5.73 s)
20600000 of 30000000 tuples (68%) done (elapsed 12.42 s, remaining 5.67 s)
20700000 of 30000000 tuples (69%) done (elapsed 12.48 s, remaining 5.61 s)
20800000 of 30000000 tuples (69%) done (elapsed 12.54 s, remaining 5.55 s)
20900000 of 30000000 tuples (69%) done (elapsed 12.61 s, remaining 5.49 s)
21000000 of 30000000 tuples (70%) done (elapsed 12.66 s, remaining 5.43 s)
21100000 of 30000000 tuples (70%) done (elapsed 12.72 s, remaining 5.37 s)
21200000 of 30000000 tuples (70%) done (elapsed 12.78 s, remaining 5.31 s)
21300000 of 30000000 tuples (71%) done (elapsed 12.85 s, remaining 5.25 s)
21400000 of 30000000 tuples (71%) done (elapsed 12.90 s, remaining 5.19 s)
21500000 of 30000000 tuples (71%) done (elapsed 12.96 s, remaining 5.13 s)
21600000 of 30000000 tuples (72%) done (elapsed 13.02 s, remaining 5.06 s)
21700000 of 30000000 tuples (72%) done (elapsed 13.08 s, remaining 5.00 s)
21800000 of 30000000 tuples (72%) done (elapsed 13.15 s, remaining 4.94 s)
21900000 of 30000000 tuples (73%) done (elapsed 13.20 s, remaining 4.88 s)
22000000 of 30000000 tuples (73%) done (elapsed 13.26 s, remaining 4.82 s)
22100000 of 30000000 tuples (73%) done (elapsed 13.32 s, remaining 4.76 s)
22200000 of 30000000 tuples (74%) done (elapsed 13.39 s, remaining 4.70 s)
22300000 of 30000000 tuples (74%) done (elapsed 13.45 s, remaining 4.64 s)
22400000 of 30000000 tuples (74%) done (elapsed 13.50 s, remaining 4.58 s)
22500000 of 30000000 tuples (75%) done (elapsed 13.56 s, remaining 4.52 s)
22600000 of 30000000 tuples (75%) done (elapsed 13.63 s, remaining 4.46 s)
22700000 of 30000000 tuples (75%) done (elapsed 13.69 s, remaining 4.40 s)
22800000 of 30000000 tuples (76%) done (elapsed 13.74 s, remaining 4.34 s)
22900000 of 30000000 tuples (76%) done (elapsed 13.80 s, remaining 4.28 s)
23000000 of 30000000 tuples (76%) done (elapsed 13.87 s, remaining 4.22 s)
23100000 of 30000000 tuples (77%) done (elapsed 13.93 s, remaining 4.16 s)
23200000 of 30000000 tuples (77%) done (elapsed 13.98 s, remaining 4.10 s)
23300000 of 30000000 tuples (77%) done (elapsed 14.04 s, remaining 4.04 s)
23400000 of 30000000 tuples (78%) done (elapsed 14.10 s, remaining 3.98 s)
23500000 of 30000000 tuples (78%) done (elapsed 14.16 s, remaining 3.92 s)
23600000 of 30000000 tuples (78%) done (elapsed 14.22 s, remaining 3.86 s)
23700000 of 30000000 tuples (79%) done (elapsed 14.29 s, remaining 3.80 s)
23800000 of 30000000 tuples (79%) done (elapsed 14.52 s, remaining 3.78 s)
23900000 of 30000000 tuples (79%) done (elapsed 14.61 s, remaining 3.73 s)
24000000 of 30000000 tuples (80%) done (elapsed 14.68 s, remaining 3.67 s)
24100000 of 30000000 tuples (80%) done (elapsed 14.74 s, remaining 3.61 s)
24200000 of 30000000 tuples (80%) done (elapsed 14.80 s, remaining 3.55 s)
24300000 of 30000000 tuples (81%) done (elapsed 14.86 s, remaining 3.49 s)
24400000 of 30000000 tuples (81%) done (elapsed 14.92 s, remaining 3.43 s)
24500000 of 30000000 tuples (81%) done (elapsed 14.98 s, remaining 3.36 s)
24600000 of 30000000 tuples (82%) done (elapsed 15.04 s, remaining 3.30 s)
24700000 of 30000000 tuples (82%) done (elapsed 15.10 s, remaining 3.24 s)
24800000 of 30000000 tuples (82%) done (elapsed 15.17 s, remaining 3.18 s)
24900000 of 30000000 tuples (83%) done (elapsed 15.22 s, remaining 3.12 s)
25000000 of 30000000 tuples (83%) done (elapsed 15.28 s, remaining 3.06 s)
25100000 of 30000000 tuples (83%) done (elapsed 15.35 s, remaining 3.00 s)
25200000 of 30000000 tuples (84%) done (elapsed 15.41 s, remaining 2.93 s)
25300000 of 30000000 tuples (84%) done (elapsed 15.47 s, remaining 2.87 s)
25400000 of 30000000 tuples (84%) done (elapsed 15.53 s, remaining 2.81 s)
25500000 of 30000000 tuples (85%) done (elapsed 15.59 s, remaining 2.75 s)
25600000 of 30000000 tuples (85%) done (elapsed 15.65 s, remaining 2.69 s)
25700000 of 30000000 tuples (85%) done (elapsed 15.71 s, remaining 2.63 s)
25800000 of 30000000 tuples (86%) done (elapsed 15.77 s, remaining 2.57 s)
25900000 of 30000000 tuples (86%) done (elapsed 15.83 s, remaining 2.51 s)
26000000 of 30000000 tuples (86%) done (elapsed 15.89 s, remaining 2.45 s)
26100000 of 30000000 tuples (87%) done (elapsed 15.96 s, remaining 2.38 s)
26200000 of 30000000 tuples (87%) done (elapsed 16.02 s, remaining 2.32 s)
26300000 of 30000000 tuples (87%) done (elapsed 16.08 s, remaining 2.26 s)
26400000 of 30000000 tuples (88%) done (elapsed 16.14 s, remaining 2.20 s)
26500000 of 30000000 tuples (88%) done (elapsed 16.20 s, remaining 2.14 s)
26600000 of 30000000 tuples (88%) done (elapsed 16.26 s, remaining 2.08 s)
26700000 of 30000000 tuples (89%) done (elapsed 16.32 s, remaining 2.02 s)
26800000 of 30000000 tuples (89%) done (elapsed 16.39 s, remaining 1.96 s)
26900000 of 30000000 tuples (89%) done (elapsed 16.45 s, remaining 1.90 s)
27000000 of 30000000 tuples (90%) done (elapsed 16.51 s, remaining 1.83 s)
27100000 of 30000000 tuples (90%) done (elapsed 16.57 s, remaining 1.77 s)
27200000 of 30000000 tuples (90%) done (elapsed 16.63 s, remaining 1.71 s)
27300000 of 30000000 tuples (91%) done (elapsed 16.69 s, remaining 1.65 s)
27400000 of 30000000 tuples (91%) done (elapsed 16.75 s, remaining 1.59 s)
27500000 of 30000000 tuples (91%) done (elapsed 16.81 s, remaining 1.53 s)
27600000 of 30000000 tuples (92%) done (elapsed 16.87 s, remaining 1.47 s)
27700000 of 30000000 tuples (92%) done (elapsed 16.94 s, remaining 1.41 s)
27800000 of 30000000 tuples (92%) done (elapsed 17.00 s, remaining 1.34 s)
27900000 of 30000000 tuples (93%) done (elapsed 17.06 s, remaining 1.28 s)
28000000 of 30000000 tuples (93%) done (elapsed 17.12 s, remaining 1.22 s)
28100000 of 30000000 tuples (93%) done (elapsed 17.18 s, remaining 1.16 s)
28200000 of 30000000 tuples (94%) done (elapsed 17.24 s, remaining 1.10 s)
28300000 of 30000000 tuples (94%) done (elapsed 17.30 s, remaining 1.04 s)
28400000 of 30000000 tuples (94%) done (elapsed 17.36 s, remaining 0.98 s)
28500000 of 30000000 tuples (95%) done (elapsed 17.42 s, remaining 0.92 s)
28600000 of 30000000 tuples (95%) done (elapsed 17.48 s, remaining 0.86 s)
28700000 of 30000000 tuples (95%) done (elapsed 17.54 s, remaining 0.79 s)
28800000 of 30000000 tuples (96%) done (elapsed 17.61 s, remaining 0.73 s)
28900000 of 30000000 tuples (96%) done (elapsed 17.67 s, remaining 0.67 s)
29000000 of 30000000 tuples (96%) done (elapsed 17.73 s, remaining 0.61 s)
29100000 of 30000000 tuples (97%) done (elapsed 17.79 s, remaining 0.55 s)
29200000 of 30000000 tuples (97%) done (elapsed 17.85 s, remaining 0.49 s)
29300000 of 30000000 tuples (97%) done (elapsed 17.91 s, remaining 0.43 s)
29400000 of 30000000 tuples (98%) done (elapsed 17.97 s, remaining 0.37 s)
29500000 of 30000000 tuples (98%) done (elapsed 18.03 s, remaining 0.31 s)
29600000 of 30000000 tuples (98%) done (elapsed 18.09 s, remaining 0.24 s)
29700000 of 30000000 tuples (99%) done (elapsed 18.15 s, remaining 0.18 s)
29800000 of 30000000 tuples (99%) done (elapsed 18.22 s, remaining 0.12 s)
29900000 of 30000000 tuples (99%) done (elapsed 18.28 s, remaining 0.06 s)
30000000 of 30000000 tuples (100%) done (elapsed 18.34 s, remaining 0.00 s)
vacuum...
set primary keys...
done.
starting vacuum...end.
transaction type: <builtin: TPC-B (sort of)>
scaling factor: 300
query mode: simple
number of clients: 32
number of threads: 4
duration: 60 s
number of transactions actually processed: 9045
latency average: 212.272 ms
tps = 146.325289 (including connections establishing)
tps = 146.330280 (excluding connections establishing)
script statistics:
 - statement latencies in milliseconds:
         0.002  \set aid random(1, 100000 * :scale)
         0.001  \set bid random(1, 1 * :scale)
         0.001  \set tid random(1, 10 * :scale)
         0.001  \set delta random(-5000, 5000)
         0.398  BEGIN;
         0.669  UPDATE pgbench_accounts SET abalance = abalance + :delta WHERE aid = :aid;
         0.422  SELECT abalance FROM pgbench_accounts WHERE aid = :aid;
         1.189  UPDATE pgbench_tellers SET tbalance = tbalance + :delta WHERE tid = :tid;
        11.726  UPDATE pgbench_branches SET bbalance = bbalance + :delta WHERE bid = :bid;
         0.284  INSERT INTO pgbench_history (tid, bid, aid, delta, mtime) VALUES (:tid, :bid, :aid, :delta, CURRENT_TIMESTAMP);
       200.752  END;
pgbenchall: line 160: /usr/local/bin/pgbench: No such file or directory
starting vacuum...end.
transaction type: <builtin: TPC-B (sort of)>
scaling factor: 300
query mode: simple
number of clients: 32
number of threads: 4
duration: 60 s
number of transactions actually processed: 8408
latency average: 228.354 ms
tps = 139.750069 (including connections establishing)
tps = 139.754901 (excluding connections establishing)
script statistics:
 - statement latencies in milliseconds:
         0.002  \set aid random(1, 100000 * :scale)
         0.001  \set bid random(1, 1 * :scale)
         0.001  \set tid random(1, 10 * :scale)
         0.001  \set delta random(-5000, 5000)
         0.152  BEGIN;
        95.327  UPDATE pgbench_accounts SET abalance = abalance + :delta WHERE aid = :aid;
         0.160  SELECT abalance FROM pgbench_accounts WHERE aid = :aid;
         0.643  UPDATE pgbench_tellers SET tbalance = tbalance + :delta WHERE tid = :tid;
         4.134  UPDATE pgbench_branches SET bbalance = bbalance + :delta WHERE bid = :bid;
         0.501  INSERT INTO pgbench_history (tid, bid, aid, delta, mtime) VALUES (:tid, :bid, :aid, :delta, CURRENT_TIMESTAMP);
       128.165  END;
starting vacuum...end.
transaction type: <builtin: TPC-B (sort of)>
scaling factor: 300
query mode: simple
number of clients: 32
number of threads: 4
duration: 900 s
number of transactions actually processed: 71253
latency average: 404.194 ms
tps = 79.144416 (including connections establishing)
tps = 79.144611 (excluding connections establishing)
script statistics:
 - statement latencies in milliseconds:
         0.002  \set aid random(1, 100000 * :scale)
         0.001  \set bid random(1, 1 * :scale)
         0.001  \set tid random(1, 10 * :scale)
         0.001  \set delta random(-5000, 5000)
         0.169  BEGIN;
       122.401  UPDATE pgbench_accounts SET abalance = abalance + :delta WHERE aid = :aid;
         0.162  SELECT abalance FROM pgbench_accounts WHERE aid = :aid;
         1.396  UPDATE pgbench_tellers SET tbalance = tbalance + :delta WHERE tid = :tid;
        11.217  UPDATE pgbench_branches SET bbalance = bbalance + :delta WHERE bid = :bid;
         0.172  INSERT INTO pgbench_history (tid, bid, aid, delta, mtime) VALUES (:tid, :bid, :aid, :delta, CURRENT_TIMESTAMP);
       269.432  END;
========================================================================
Testing 2014-02-12-REL9_4_0~995
Start Time: 2016-07-30 13:33:01+00:00
Linux 3.16.0-4-amd64 (Debian-83-jessie-64-minimal) 	30.07.16 	_x86_64_	(8 CPU)

starting vacuum...end.
transaction type: <builtin: TPC-B (sort of)>
scaling factor: 300
query mode: simple
number of clients: 32
number of threads: 4
duration: 900 s
number of transactions actually processed: 91193
latency average: 315.814 ms
tps = 101.219682 (including connections establishing)
tps = 101.219895 (excluding connections establishing)
script statistics:
 - statement latencies in milliseconds:
         0.002  \set aid random(1, 100000 * :scale)
         0.001  \set bid random(1, 1 * :scale)
         0.001  \set tid random(1, 10 * :scale)
         0.001  \set delta random(-5000, 5000)
         0.207  BEGIN;
        47.643  UPDATE pgbench_accounts SET abalance = abalance + :delta WHERE aid = :aid;
         0.174  SELECT abalance FROM pgbench_accounts WHERE aid = :aid;
         1.401  UPDATE pgbench_tellers SET tbalance = tbalance + :delta WHERE tid = :tid;
        11.944  UPDATE pgbench_branches SET bbalance = bbalance + :delta WHERE bid = :bid;
         0.159  INSERT INTO pgbench_history (tid, bid, aid, delta, mtime) VALUES (:tid, :bid, :aid, :delta, CURRENT_TIMESTAMP);
       255.012  END;
avg-cpu:  %user   %nice %system %iowait  %steal   %idle
           1,07    0,00    0,39   37,70    0,00   60,85

Device:         rrqm/s   wrqm/s     r/s     w/s    rkB/s    wkB/s avgrq-sz avgqu-sz   await r_await w_await  svctm  %util
sdb               0,03     2,60   24,71  158,15   248,66  2768,26    33,00    81,14  442,99   81,40  499,47   4,29  78,46
sda               0,01     2,60   46,06  158,29   469,66  2769,40    31,70    71,68  350,60   67,40  433,02   4,02  82,20
md0               0,00     0,00    0,06    0,00     0,24     0,00     8,00     0,00    0,00    0,00    0,00   0,00   0,00
md1               0,00     0,00    0,00    0,00     0,00     0,00     0,00     0,00    0,00    0,00    0,00   0,00   0,00
md2               0,00     0,00   70,75  160,19   718,05  2767,72    30,19     0,00    0,00    0,00    0,00   0,00   0,00
md3               0,00     0,00    0,00    0,01     0,00     0,04     8,00     0,00    0,00    0,00    0,00   0,00   0,00

End Time: 2016-07-30 13:48:31+00:00
========================================================================
========================================================================
Testing 2014-02-12-REL9_4_0~995
Start Time: 2016-08-07 09:06:31+00:00
Shared Buffers:  260000
Linux 3.16.0-4-amd64 (Debian-83-jessie-64-minimal) 	07.08.16 	_x86_64_	(8 CPU)

starting vacuum...end.
transaction type: <builtin: TPC-B (sort of)>
scaling factor: 300
query mode: simple
number of clients: 32
number of threads: 4
duration: 900 s
number of transactions actually processed: 186831
latency average: 154.150 ms
tps = 207.385859 (including connections establishing)
tps = 207.386457 (excluding connections establishing)
script statistics:
 - statement latencies in milliseconds:
         0.002  \set aid random(1, 100000 * :scale)
         0.001  \set bid random(1, 1 * :scale)
         0.001  \set tid random(1, 10 * :scale)
         0.001  \set delta random(-5000, 5000)
         0.221  BEGIN;
        10.275  UPDATE pgbench_accounts SET abalance = abalance + :delta WHERE aid = :aid;
         0.258  SELECT abalance FROM pgbench_accounts WHERE aid = :aid;
         0.981  UPDATE pgbench_tellers SET tbalance = tbalance + :delta WHERE tid = :tid;
         7.233  UPDATE pgbench_branches SET bbalance = bbalance + :delta WHERE bid = :bid;
         0.173  INSERT INTO pgbench_history (tid, bid, aid, delta, mtime) VALUES (:tid, :bid, :aid, :delta, CURRENT_TIMESTAMP);
       135.408  END;
avg-cpu:  %user   %nice %system %iowait  %steal   %idle
           2,16    0,00    0,66   21,03    0,00   76,15

Device:         rrqm/s   wrqm/s     r/s     w/s    rkB/s    wkB/s avgrq-sz avgqu-sz   await r_await w_await  svctm  %util
sdb               0,00     2,32   12,41  226,70   142,83  4714,39    40,63    52,00  217,36   48,87  226,58   2,82  67,41
sda               0,02     2,31   58,30  226,85   710,25  4715,63    38,06    52,06  182,58   39,67  219,30   3,11  88,60
md0               0,00     0,00    0,15    0,07     0,58     0,27     8,00     0,00    0,00    0,00    0,00   0,00   0,00
md1               0,00     0,00    0,00    0,00     0,00     0,00     0,00     0,00    0,00    0,00    0,00   0,00   0,00
md2               0,00     0,00   70,59  228,55   852,49  4715,07    37,22     0,00    0,00    0,00    0,00   0,00   0,00
md3               0,00     0,00    0,00    0,01     0,00     0,04     8,00     0,00    0,00    0,00    0,00   0,00   0,00

Control File Changes
--- /usr/local/oldpgsql/2014-02-12-REL9_4_0~995/before.controldata	2016-08-07 11:06:31.100735373 +0200
+++ /usr/local/oldpgsql/2014-02-12-REL9_4_0~995/after.controldata	2016-08-07 11:23:40.593986279 +0200
@@ -2,16 +2,16 @@
 Catalog version number:               201402031
 Database system identifier:           6255491504392896125
 Database cluster state:               in production
-pg_control last modified:             нд, 07-сер-2016 11:06:30 +0200
-Latest checkpoint location:           1/12B20450
-Prior checkpoint location:            1/12B203E8
-Latest checkpoint's REDO location:    1/12B20450
-Latest checkpoint's REDO WAL file:    000000010000000100000012
+pg_control last modified:             нд, 07-сер-2016 11:23:40 +0200
+Latest checkpoint location:           1/9A5C0660
+Prior checkpoint location:            1/9A5C05F8
+Latest checkpoint's REDO location:    1/9A5C0660
+Latest checkpoint's REDO WAL file:    00000001000000010000009A
 Latest checkpoint's TimeLineID:       1
 Latest checkpoint's PrevTimeLineID:   1
 Latest checkpoint's full_page_writes: on
-Latest checkpoint's NextXID:          0/205523
-Latest checkpoint's NextOID:          16463
+Latest checkpoint's NextXID:          0/392398
+Latest checkpoint's NextOID:          24655
 Latest checkpoint's NextMultiXactId:  1
 Latest checkpoint's NextMultiOffset:  0
 Latest checkpoint's oldestXID:        699
@@ -19,7 +19,7 @@
 Latest checkpoint's oldestActiveXID:  0
 Latest checkpoint's oldestMultiXid:   1
 Latest checkpoint's oldestMulti's DB: 1
-Time of latest checkpoint:            нд, 07-сер-2016 11:06:23 +0200
+Time of latest checkpoint:            нд, 07-сер-2016 11:22:57 +0200
 Fake LSN counter for unlogged rels:   0/1
 Minimum recovery ending location:     0/0
 Min recovery ending loc's timeline:   0
End Time: 2016-08-07 09:23:40+00:00
========================================================================
========================================================================
Testing 2014-02-12-REL9_4_0~995
Start Time: 2016-08-09 01:03:07+00:00
Shared Buffers:  260000
size before pgbench of pgbench_tellers: 8
size before pgbench of pgbench_branches: 8
size before pgbench of pgbench_accounts: 64
size before pgbench of pgbench_branches_pkey: 32
size before pgbench of pgbench_tellers_pkey: 152
size before pgbench of pgbench_accounts_pkey: 658092
size before pgbench of pgbench_history: 24
total size before pgbench: 658380
Linux 3.16.0-4-amd64 (Debian-83-jessie-64-minimal) 	09.08.16 	_x86_64_	(8 CPU)

starting vacuum...end.
transaction type: <builtin: select only>
scaling factor: 300
query mode: simple
number of clients: 32
number of threads: 4
duration: 60 s
number of transactions actually processed: 3949900
latency average: 0.486 ms
tps = 65805.124170 (including connections establishing)
tps = 65807.419477 (excluding connections establishing)
script statistics:
 - statement latencies in milliseconds:
         0.001  \set aid random(1, 100000 * :scale)
         0.487  SELECT abalance FROM pgbench_accounts WHERE aid = :aid;
avg-cpu:  %user   %nice %system %iowait  %steal   %idle
          37,99    0,00    7,67   16,66    0,00   37,67

Device:         rrqm/s   wrqm/s     r/s     w/s    rkB/s    wkB/s avgrq-sz avgqu-sz   await r_await w_await  svctm  %util
sdb               0,01     1,41  106,71    2,53  1160,62    14,17    21,51     6,36   58,26   57,48   91,21   2,96  32,32
sda               0,47     1,41  112,92    2,53  1236,53    14,17    21,67    11,10   96,12   94,47  169,63   3,03  35,02
md0               0,00     0,00    0,76    0,00     3,02     0,00     8,00     0,00    0,00    0,00    0,00   0,00   0,00
md1               0,00     0,00    0,00    0,00     0,00     0,00     0,00     0,00    0,00    0,00    0,00   0,00   0,00
md2               0,00     0,00  219,36    2,41  2394,13    10,71    21,69     0,00    0,00    0,00    0,00   0,00   0,00
md3               0,00     0,00    0,00    0,10     0,00     0,40     8,00     0,00    0,00    0,00    0,00   0,00   0,00

Control File Changes
--- /usr/local/oldpgsql/2014-02-12-REL9_4_0~995/before.controldata	2016-08-09 03:05:46.041384137 +0200
+++ /usr/local/oldpgsql/2014-02-12-REL9_4_0~995/after.controldata	2016-08-09 03:07:16.437947525 +0200
@@ -5,4 +5,4 @@
-pg_control last modified:             Tue Aug  9 01:05:45 2016
-Latest checkpoint location:           1/E51427D8
-Prior checkpoint location:            1/E5142770
-Latest checkpoint's REDO location:    1/E51427D8
+pg_control last modified:             Tue Aug  9 01:07:16 2016
+Latest checkpoint location:           1/E5146128
+Prior checkpoint location:            1/E51427D8
+Latest checkpoint's REDO location:    1/E5146128
@@ -13,2 +13,2 @@
-Latest checkpoint's NextXID:          0/392398
-Latest checkpoint's NextOID:          16464
+Latest checkpoint's NextXID:          0/392399
+Latest checkpoint's NextOID:          24656
@@ -22 +22 @@
-Time of latest checkpoint:            Tue Aug  9 01:05:45 2016
+Time of latest checkpoint:            Tue Aug  9 01:07:16 2016
size after pgbench of pgbench_tellers: 8
size after pgbench of pgbench_branches: 8
size after pgbench of pgbench_accounts: 64
size after pgbench of pgbench_branches_pkey: 32
size after pgbench of pgbench_tellers_pkey: 152
size after pgbench of pgbench_accounts_pkey: 658092
size after pgbench of pgbench_history: 0
total size after pgbench: 658356
End Time: 2016-08-09 01:07:16+00:00
========================================================================
========================================================================
Testing 2014-02-12-REL9_4_0~995
Start Time: 2016-08-09 14:05:34+00:00
Shared Buffers:  260000
size before pgbench of pgbench_tellers: 8
size before pgbench of pgbench_branches: 8
size before pgbench of pgbench_accounts: 64
size before pgbench of pgbench_branches_pkey: 32
size before pgbench of pgbench_tellers_pkey: 152
size before pgbench of pgbench_accounts_pkey: 658092
size before pgbench of pgbench_history: 0
total size before pgbench: 658356
Linux 3.16.0-4-amd64 (Debian-83-jessie-64-minimal) 	09.08.16 	_x86_64_	(8 CPU)

starting vacuum...end.
transaction type: <builtin: select only>
scaling factor: 300
query mode: simple
number of clients: 32
number of threads: 4
duration: 60 s
number of transactions actually processed: 4023890
latency average: 0.477 ms
tps = 67030.589639 (including connections establishing)
tps = 67032.890590 (excluding connections establishing)
script statistics:
 - statement latencies in milliseconds:
         0.001  \set aid random(1, 100000 * :scale)
         0.480  SELECT abalance FROM pgbench_accounts WHERE aid = :aid;
avg-cpu:  %user   %nice %system %iowait  %steal   %idle
          38,75    0,00    7,87   16,72    0,00   36,66

Device:         rrqm/s   wrqm/s     r/s     w/s    rkB/s    wkB/s avgrq-sz avgqu-sz   await r_await w_await  svctm  %util
sdb               0,00     1,17  103,82    2,51  1131,91    12,88    21,53     6,95   65,32   65,67   50,92   2,88  30,59
sda               0,00     1,17  110,28    2,51  1204,62    12,88    21,59    10,18   90,29   88,14  184,42   2,83  31,89
md0               0,00     0,00    0,00    0,00     0,00     0,00     0,00     0,00    0,00    0,00    0,00   0,00   0,00
md1               0,00     0,00    0,00    0,00     0,00     0,00     0,00     0,00    0,00    0,00    0,00   0,00   0,00
md2               0,00     0,00  214,22    2,09  2336,53     9,33    21,69     0,00    0,00    0,00    0,00   0,00   0,00
md3               0,00     0,00    0,00    0,10     0,00     0,40     8,00     0,00    0,00    0,00    0,00   0,00   0,00

Control File Changes
--- /usr/local/oldpgsql/2014-02-12-REL9_4_0~995/before.controldata	2016-08-09 16:06:46.902721516 +0200
+++ /usr/local/oldpgsql/2014-02-12-REL9_4_0~995/after.controldata	2016-08-09 16:08:17.242900622 +0200
@@ -5,4 +5,4 @@
-pg_control last modified:             Tue Aug  9 14:06:46 2016
-Latest checkpoint location:           1/E51461F8
-Prior checkpoint location:            1/E5146190
-Latest checkpoint's REDO location:    1/E51461F8
+pg_control last modified:             Tue Aug  9 14:08:17 2016
+Latest checkpoint location:           1/E5149C18
+Prior checkpoint location:            1/E51461F8
+Latest checkpoint's REDO location:    1/E5149C18
@@ -13,2 +13,2 @@
-Latest checkpoint's NextXID:          0/392399
-Latest checkpoint's NextOID:          16465
+Latest checkpoint's NextXID:          0/392400
+Latest checkpoint's NextOID:          24657
@@ -22 +22 @@
-Time of latest checkpoint:            Tue Aug  9 14:06:46 2016
+Time of latest checkpoint:            Tue Aug  9 14:08:16 2016
size after pgbench of pgbench_tellers: 8
size after pgbench of pgbench_branches: 8
size after pgbench of pgbench_accounts: 64
size after pgbench of pgbench_branches_pkey: 32
size after pgbench of pgbench_tellers_pkey: 152
size after pgbench of pgbench_accounts_pkey: 658092
size after pgbench of pgbench_history: 0
total size after pgbench: 658356
End Time: 2016-08-09 14:08:17+00:00
========================================================================
========================================================================
Testing 2014-02-12-REL9_4_0~995
Start Time: 2016-08-10 04:32:54+00:00
Shared Buffers:  260000
size before pgbench of pgbench_tellers: 8
size before pgbench of pgbench_branches: 8
size before pgbench of pgbench_accounts: 64
size before pgbench of pgbench_branches_pkey: 32
size before pgbench of pgbench_tellers_pkey: 152
size before pgbench of pgbench_accounts_pkey: 658092
size before pgbench of pgbench_history: 0
total size before pgbench: 658356
Linux 3.16.0-4-amd64 (Debian-83-jessie-64-minimal) 	10.08.16 	_x86_64_	(8 CPU)

starting vacuum...end.
transaction type: <builtin: select only>
scaling factor: 300
query mode: simple
number of clients: 32
number of threads: 4
duration: 60 s
number of transactions actually processed: 4009495
latency average: 0.479 ms
tps = 66807.676946 (including connections establishing)
tps = 66810.262288 (excluding connections establishing)
script statistics:
 - statement latencies in milliseconds:
         0.001  \set aid random(1, 100000 * :scale)
         0.481  SELECT abalance FROM pgbench_accounts WHERE aid = :aid;
avg-cpu:  %user   %nice %system %iowait  %steal   %idle
          38,86    0,00    7,73   15,51    0,00   37,90

Device:         rrqm/s   wrqm/s     r/s     w/s    rkB/s    wkB/s avgrq-sz avgqu-sz   await r_await w_await  svctm  %util
sdb               0,23     1,44  102,81    2,80  1131,16    15,31    21,71     6,65   62,96   63,55   41,14   2,90  30,67
sda               2,13     1,44  112,74    2,80  1226,49    15,31    21,49    10,22   88,42   86,66  159,46   2,80  32,35
md0               0,00     0,00    4,24    0,00    16,98     0,00     8,00     0,00    0,00    0,00    0,00   0,00   0,00
md1               0,00     0,00    0,00    0,00     0,00     0,00     0,00     0,00    0,00    0,00    0,00   0,00   0,00
md2               0,00     0,00  213,73    2,70  2340,27    12,09    21,74     0,00    0,00    0,00    0,00   0,00   0,00
md3               0,00     0,00    0,00    0,10     0,00     0,40     8,00     0,00    0,00    0,00    0,00   0,00   0,00

Control File Changes
--- /usr/local/oldpgsql/2014-02-12-REL9_4_0~995/before.controldata	2016-08-10 06:34:11.173140287 +0200
+++ /usr/local/oldpgsql/2014-02-12-REL9_4_0~995/after.controldata	2016-08-10 06:35:41.433343699 +0200
@@ -5,4 +5,4 @@
-pg_control last modified:             Wed Aug 10 04:34:11 2016
-Latest checkpoint location:           1/E5149CE8
-Prior checkpoint location:            1/E5149C80
-Latest checkpoint's REDO location:    1/E5149CE8
+pg_control last modified:             Wed Aug 10 04:35:41 2016
+Latest checkpoint location:           1/E514D820
+Prior checkpoint location:            1/E5149CE8
+Latest checkpoint's REDO location:    1/E514D820
@@ -13,2 +13,2 @@
-Latest checkpoint's NextXID:          0/392400
-Latest checkpoint's NextOID:          16466
+Latest checkpoint's NextXID:          0/392401
+Latest checkpoint's NextOID:          24658
@@ -22 +22 @@
-Time of latest checkpoint:            Wed Aug 10 04:34:10 2016
+Time of latest checkpoint:            Wed Aug 10 04:35:41 2016
size after pgbench of pgbench_tellers: 8
size after pgbench of pgbench_branches: 8
size after pgbench of pgbench_accounts: 64
size after pgbench of pgbench_branches_pkey: 32
size after pgbench of pgbench_tellers_pkey: 152
size after pgbench of pgbench_accounts_pkey: 658092
size after pgbench of pgbench_history: 0
total size after pgbench: 658356
End Time: 2016-08-10 04:35:41+00:00
========================================================================
========================================================================
Testing 2014-02-12-REL9_4_0~995
Start Time: 2016-08-11 05:03:24+00:00
Shared Buffers:  260000
size before pgbench of pgbench_tellers: 8
size before pgbench of pgbench_branches: 8
size before pgbench of pgbench_accounts: 64
size before pgbench of pgbench_branches_pkey: 32
size before pgbench of pgbench_tellers_pkey: 152
size before pgbench of pgbench_accounts_pkey: 658092
size before pgbench of pgbench_history: 0
total size before pgbench: 658356
Linux 3.16.0-4-amd64 (Debian-83-jessie-64-minimal) 	11.08.16 	_x86_64_	(8 CPU)

starting vacuum...end.
transaction type: <builtin: select only>
scaling factor: 300
query mode: simple
number of clients: 32
number of threads: 4
duration: 60 s
number of transactions actually processed: 4000234
latency average: 0.480 ms
tps = 66654.334114 (including connections establishing)
tps = 66656.816025 (excluding connections establishing)
script statistics:
 - statement latencies in milliseconds:
         0.001  \set aid random(1, 100000 * :scale)
         0.482  SELECT abalance FROM pgbench_accounts WHERE aid = :aid;
avg-cpu:  %user   %nice %system %iowait  %steal   %idle
          38,49    0,00    7,78   15,22    0,00   38,51

Device:         rrqm/s   wrqm/s     r/s     w/s    rkB/s    wkB/s avgrq-sz avgqu-sz   await r_await w_await  svctm  %util
sdb               0,49     1,44  108,12    2,96  1187,91    15,54    21,67     9,54   85,90   83,90  158,80   2,80  31,16
sda               0,54     1,44  107,83    2,96  1164,09    15,54    21,30     8,24   74,39   75,49   34,32   2,95  32,66
md0               0,00     0,00    2,88    0,00    11,51     0,00     8,00     0,00    0,00    0,00    0,00   0,00   0,00
md1               0,00     0,00    0,00    0,00     0,00     0,00     0,00     0,00    0,00    0,00    0,00   0,00   0,00
md2               0,00     0,00  214,19    2,70  2340,49    11,82    21,69     0,00    0,00    0,00    0,00   0,00   0,00
md3               0,00     0,00    0,00    0,10     0,00     0,40     8,00     0,00    0,00    0,00    0,00   0,00   0,00

Control File Changes
--- /usr/local/oldpgsql/2014-02-12-REL9_4_0~995/before.controldata	2016-08-11 07:04:39.353250662 +0200
+++ /usr/local/oldpgsql/2014-02-12-REL9_4_0~995/after.controldata	2016-08-11 07:06:09.705300017 +0200
@@ -5,4 +5,4 @@
-pg_control last modified:             Thu Aug 11 05:04:39 2016
-Latest checkpoint location:           1/E514D8F0
-Prior checkpoint location:            1/E514D888
-Latest checkpoint's REDO location:    1/E514D8F0
+pg_control last modified:             Thu Aug 11 05:06:09 2016
+Latest checkpoint location:           1/E5151510
+Prior checkpoint location:            1/E514D8F0
+Latest checkpoint's REDO location:    1/E5151510
@@ -13,2 +13,2 @@
-Latest checkpoint's NextXID:          0/392401
-Latest checkpoint's NextOID:          16467
+Latest checkpoint's NextXID:          0/392402
+Latest checkpoint's NextOID:          24659
@@ -22 +22 @@
-Time of latest checkpoint:            Thu Aug 11 05:04:38 2016
+Time of latest checkpoint:            Thu Aug 11 05:06:09 2016
size after pgbench of pgbench_tellers: 8
size after pgbench of pgbench_branches: 8
size after pgbench of pgbench_accounts: 64
size after pgbench of pgbench_branches_pkey: 32
size after pgbench of pgbench_tellers_pkey: 152
size after pgbench of pgbench_accounts_pkey: 658092
size after pgbench of pgbench_history: 0
total size after pgbench: 658356
End Time: 2016-08-11 05:06:09+00:00
========================================================================
========================================================================
Testing 2014-02-12-REL9_4_0~995
Start Time: 2016-08-11 19:59:29+00:00
Shared Buffers:  260000
size before pgbench of pgbench_tellers: 8
size before pgbench of pgbench_branches: 8
size before pgbench of pgbench_accounts: 64
size before pgbench of pgbench_branches_pkey: 32
size before pgbench of pgbench_tellers_pkey: 152
size before pgbench of pgbench_accounts_pkey: 658092
size before pgbench of pgbench_history: 0
total size before pgbench: 658356
Linux 3.16.0-4-amd64 (Debian-83-jessie-64-minimal) 	11.08.16 	_x86_64_	(8 CPU)

starting vacuum...end.
transaction type: <builtin: select only>
scaling factor: 300
query mode: simple
number of clients: 32
number of threads: 4
duration: 60 s
number of transactions actually processed: 3990883
latency average: 0.481 ms
tps = 66490.100923 (including connections establishing)
tps = 66492.497818 (excluding connections establishing)
script statistics:
 - statement latencies in milliseconds:
         0.001  \set aid random(1, 100000 * :scale)
         0.483  SELECT abalance FROM pgbench_accounts WHERE aid = :aid;
avg-cpu:  %user   %nice %system %iowait  %steal   %idle
          38,48    0,00    7,82   16,08    0,00   37,61

Device:         rrqm/s   wrqm/s     r/s     w/s    rkB/s    wkB/s avgrq-sz avgqu-sz   await r_await w_await  svctm  %util
sdb               0,29     1,10  106,98    2,80  1174,36    13,88    21,65    10,74   97,84   81,96  704,35   2,82  30,91
sda               0,02     1,10  105,37    2,80  1163,82    13,88    21,78     9,06   83,79   78,29  290,68   2,96  32,04
md0               0,00     0,00    0,03    0,00     0,13     0,00     8,00     0,00    0,00    0,00    0,00   0,00   0,00
md1               0,00     0,00    0,00    0,00     0,00     0,00     0,00     0,00    0,00    0,00    0,00   0,00   0,00
md2               0,00     0,00  212,64    2,32  2338,04    10,36    21,85     0,00    0,00    0,00    0,00   0,00   0,00
md3               0,00     0,00    0,00    0,10     0,00     0,40     8,00     0,00    0,00    0,00    0,00   0,00   0,00

Control File Changes
--- /usr/local/oldpgsql/2014-02-12-REL9_4_0~995/before.controldata	2016-08-11 22:00:41.416818224 +0200
+++ /usr/local/oldpgsql/2014-02-12-REL9_4_0~995/after.controldata	2016-08-11 22:02:11.657603700 +0200
@@ -5,4 +5,4 @@
-pg_control last modified:             Thu Aug 11 20:00:41 2016
-Latest checkpoint location:           1/E51515E0
-Prior checkpoint location:            1/E5151578
-Latest checkpoint's REDO location:    1/E51515E0
+pg_control last modified:             Thu Aug 11 20:02:11 2016
+Latest checkpoint location:           1/E5155300
+Prior checkpoint location:            1/E51515E0
+Latest checkpoint's REDO location:    1/E5155300
@@ -13,2 +13,2 @@
-Latest checkpoint's NextXID:          0/392402
-Latest checkpoint's NextOID:          16468
+Latest checkpoint's NextXID:          0/392403
+Latest checkpoint's NextOID:          24660
@@ -22 +22 @@
-Time of latest checkpoint:            Thu Aug 11 20:00:41 2016
+Time of latest checkpoint:            Thu Aug 11 20:02:11 2016
size after pgbench of pgbench_tellers: 8
size after pgbench of pgbench_branches: 8
size after pgbench of pgbench_accounts: 64
size after pgbench of pgbench_branches_pkey: 32
size after pgbench of pgbench_tellers_pkey: 152
size after pgbench of pgbench_accounts_pkey: 658092
size after pgbench of pgbench_history: 0
total size after pgbench: 658356
End Time: 2016-08-11 20:02:11+00:00
========================================================================
========================================================================
Testing 2014-02-12-REL9_4_0~995
Start Time: 2016-08-12 03:16:35+00:00
Shared Buffers:  260000
size before pgbench of pgbench_tellers: 8
size before pgbench of pgbench_branches: 8
size before pgbench of pgbench_accounts: 64
size before pgbench of pgbench_branches_pkey: 32
size before pgbench of pgbench_tellers_pkey: 152
size before pgbench of pgbench_accounts_pkey: 658092
size before pgbench of pgbench_history: 0
total size before pgbench: 658356
Linux 3.16.0-4-amd64 (Debian-83-jessie-64-minimal) 	12.08.16 	_x86_64_	(8 CPU)

starting vacuum...end.
transaction type: <builtin: select only>
scaling factor: 300
query mode: simple
number of clients: 64
number of threads: 4
duration: 60 s
number of transactions actually processed: 3851062
latency average: 0.997 ms
tps = 64102.055354 (including connections establishing)
tps = 64104.293443 (excluding connections establishing)
script statistics:
 - statement latencies in milliseconds:
         0.001  \set aid random(1, 100000 * :scale)
         1.002  SELECT abalance FROM pgbench_accounts WHERE aid = :aid;
avg-cpu:  %user   %nice %system %iowait  %steal   %idle
          38,52    0,00    8,48   17,65    0,00   35,35

Device:         rrqm/s   wrqm/s     r/s     w/s    rkB/s    wkB/s avgrq-sz avgqu-sz   await r_await w_await  svctm  %util
sdb               0,00     1,20  105,63    2,68  1159,87    14,06    21,68    21,14  195,05  163,09 1455,54   2,82  30,51
sda               0,03     1,20  107,98    2,68  1179,38    14,06    21,57    15,44  139,52  134,43  344,85   2,86  31,61
md0               0,00     0,00    0,14    0,00     0,58     0,00     8,00     0,00    0,00    0,00    0,00   0,00   0,00
md1               0,00     0,00    0,00    0,00     0,00     0,00     0,00     0,00    0,00    0,00    0,00   0,00   0,00
md2               0,00     0,00  213,70    2,44  2338,67    10,84    21,74     0,00    0,00    0,00    0,00   0,00   0,00
md3               0,00     0,00    0,00    0,11     0,00     0,44     8,00     0,00    0,00    0,00    0,00   0,00   0,00

Control File Changes
--- /usr/local/oldpgsql/2014-02-12-REL9_4_0~995/before.controldata	2016-08-12 05:17:47.756387528 +0200
+++ /usr/local/oldpgsql/2014-02-12-REL9_4_0~995/after.controldata	2016-08-12 05:19:18.096565126 +0200
@@ -5,4 +5,4 @@
-pg_control last modified:             Fri Aug 12 03:17:47 2016
-Latest checkpoint location:           1/E51553D0
-Prior checkpoint location:            1/E5155368
-Latest checkpoint's REDO location:    1/E51553D0
+pg_control last modified:             Fri Aug 12 03:19:17 2016
+Latest checkpoint location:           1/E51591D8
+Prior checkpoint location:            1/E51553D0
+Latest checkpoint's REDO location:    1/E51591D8
@@ -13,2 +13,2 @@
-Latest checkpoint's NextXID:          0/392403
-Latest checkpoint's NextOID:          16469
+Latest checkpoint's NextXID:          0/392404
+Latest checkpoint's NextOID:          24661
@@ -22 +22 @@
-Time of latest checkpoint:            Fri Aug 12 03:17:47 2016
+Time of latest checkpoint:            Fri Aug 12 03:19:17 2016
size after pgbench of pgbench_tellers: 8
size after pgbench of pgbench_branches: 8
size after pgbench of pgbench_accounts: 64
size after pgbench of pgbench_branches_pkey: 32
size after pgbench of pgbench_tellers_pkey: 152
size after pgbench of pgbench_accounts_pkey: 658092
size after pgbench of pgbench_history: 0
total size after pgbench: 658356
End Time: 2016-08-12 03:19:18+00:00
========================================================================
========================================================================
Testing 2014-02-12-REL9_4_0~995
Start Time: 2016-08-12 21:03:44+00:00
Shared Buffers:  260000
size before pgbench of pgbench_tellers: 8
size before pgbench of pgbench_branches: 8
size before pgbench of pgbench_accounts: 64
size before pgbench of pgbench_branches_pkey: 32
size before pgbench of pgbench_tellers_pkey: 152
size before pgbench of pgbench_accounts_pkey: 658092
size before pgbench of pgbench_history: 0
total size before pgbench: 658356
+ /usr/local/pgsql/bin/pgbench -T 60 -S -c 64 -j 4 -r
Linux 3.16.0-4-amd64 (Debian-83-jessie-64-minimal) 	12.08.16 	_x86_64_	(8 CPU)

starting vacuum...end.
transaction type: <builtin: select only>
scaling factor: 300
query mode: simple
number of clients: 64
number of threads: 4
duration: 60 s
number of transactions actually processed: 3798801
latency average: 1.011 ms
tps = 63258.261543 (including connections establishing)
tps = 63260.772209 (excluding connections establishing)
script statistics:
 - statement latencies in milliseconds:
         0.001  \set aid random(1, 100000 * :scale)
         1.016  SELECT abalance FROM pgbench_accounts WHERE aid = :aid;
avg-cpu:  %user   %nice %system %iowait  %steal   %idle
          38,14    0,00    8,39   17,75    0,00   35,72

Device:         rrqm/s   wrqm/s     r/s     w/s    rkB/s    wkB/s avgrq-sz avgqu-sz   await r_await w_await  svctm  %util
sdb               0,00     1,22  106,89    2,81  1168,76    14,69    21,58    18,76  171,01  142,36 1260,36   2,80  30,76
sda               0,12     1,23  109,60    2,80  1185,33    14,69    21,35    24,39  217,02  155,93 2608,27   2,90  32,55
md0               0,00     0,00    1,06    0,00     4,22     0,00     8,00     0,00    0,00    0,00    0,00   0,00   0,00
md1               0,00     0,00    0,00    0,00     0,00     0,00     0,00     0,00    0,00    0,00    0,00   0,00   0,00
md2               0,00     0,00  215,74    2,59  2349,87    11,42    21,63     0,00    0,00    0,00    0,00   0,00   0,00
md3               0,00     0,00    0,00    0,10     0,00     0,40     8,00     0,00    0,00    0,00    0,00   0,00   0,00

Control File Changes
--- /usr/local/oldpgsql/2014-02-12-REL9_4_0~995/before.controldata	2016-08-12 23:04:58.345301529 +0200
+++ /usr/local/oldpgsql/2014-02-12-REL9_4_0~995/after.controldata	2016-08-12 23:06:28.697453843 +0200
@@ -5,4 +5,4 @@
-pg_control last modified:             Fri Aug 12 21:04:58 2016
-Latest checkpoint location:           1/E51592A8
-Prior checkpoint location:            1/E5159240
-Latest checkpoint's REDO location:    1/E51592A8
+pg_control last modified:             Fri Aug 12 21:06:28 2016
+Latest checkpoint location:           1/E515D200
+Prior checkpoint location:            1/E51592A8
+Latest checkpoint's REDO location:    1/E515D200
@@ -13,2 +13,2 @@
-Latest checkpoint's NextXID:          0/392404
-Latest checkpoint's NextOID:          16470
+Latest checkpoint's NextXID:          0/392405
+Latest checkpoint's NextOID:          24662
@@ -22 +22 @@
-Time of latest checkpoint:            Fri Aug 12 21:04:57 2016
+Time of latest checkpoint:            Fri Aug 12 21:06:28 2016
size after pgbench of pgbench_tellers: 8
size after pgbench of pgbench_branches: 8
size after pgbench of pgbench_accounts: 64
size after pgbench of pgbench_branches_pkey: 32
size after pgbench of pgbench_tellers_pkey: 152
size after pgbench of pgbench_accounts_pkey: 658092
size after pgbench of pgbench_history: 0
total size after pgbench: 658356
End Time: 2016-08-12 21:06:28+00:00
========================================================================
========================================================================
Testing 2014-02-12-REL9_4_0~995
Start Time: 2016-08-13 02:25:33+00:00
Shared Buffers:  260000
size before pgbench of pgbench_tellers: 8
size before pgbench of pgbench_branches: 8
size before pgbench of pgbench_accounts: 64
size before pgbench of pgbench_branches_pkey: 32
size before pgbench of pgbench_tellers_pkey: 152
size before pgbench of pgbench_accounts_pkey: 658092
size before pgbench of pgbench_history: 0
total size before pgbench: 658356
Linux 3.16.0-4-amd64 (Debian-83-jessie-64-minimal) 	13.08.16 	_x86_64_	(8 CPU)

starting vacuum...end.
transaction type: <builtin: select only>
scaling factor: 300
query mode: simple
number of clients: 48
number of threads: 4
duration: 60 s
number of transactions actually processed: 3932303
latency average: 0.732 ms
tps = 65498.275464 (including connections establishing)
tps = 65501.314161 (excluding connections establishing)
script statistics:
 - statement latencies in milliseconds:
         0.001  \set aid random(1, 100000 * :scale)
         0.739  SELECT abalance FROM pgbench_accounts WHERE aid = :aid;
avg-cpu:  %user   %nice %system %iowait  %steal   %idle
          38,78    0,00    7,98   17,33    0,00   35,92

Device:         rrqm/s   wrqm/s     r/s     w/s    rkB/s    wkB/s avgrq-sz avgqu-sz   await r_await w_await  svctm  %util
sdb               0,00     1,19  105,49    2,51  1152,18    13,02    21,58    12,09  111,97  110,02  193,75   2,81  30,33
sda               0,00     1,19  108,10    2,51  1184,36    13,02    21,65    13,66  123,47  123,99  101,04   2,85  31,53
md0               0,00     0,00    0,00    0,00     0,00     0,00     0,00     0,00    0,00    0,00    0,00   0,00   0,00
md1               0,00     0,00    0,00    0,00     0,00     0,00     0,00     0,00    0,00    0,00    0,00   0,00   0,00
md2               0,00     0,00  213,68    2,11  2336,53     9,51    21,74     0,00    0,00    0,00    0,00   0,00   0,00
md3               0,00     0,00    0,00    0,10     0,00     0,40     8,00     0,00    0,00    0,00    0,00   0,00   0,00

Control File Changes
--- /usr/local/oldpgsql/2014-02-12-REL9_4_0~995/before.controldata	2016-08-13 04:26:46.682592111 +0200
+++ /usr/local/oldpgsql/2014-02-12-REL9_4_0~995/after.controldata	2016-08-13 04:28:17.030783654 +0200
@@ -5,4 +5,4 @@
-pg_control last modified:             Sat Aug 13 02:26:46 2016
-Latest checkpoint location:           1/E515D2D0
-Prior checkpoint location:            1/E515D268
-Latest checkpoint's REDO location:    1/E515D2D0
+pg_control last modified:             Sat Aug 13 02:28:16 2016
+Latest checkpoint location:           1/E5160C30
+Prior checkpoint location:            1/E515D2D0
+Latest checkpoint's REDO location:    1/E5160C30
@@ -13,2 +13,2 @@
-Latest checkpoint's NextXID:          0/392405
-Latest checkpoint's NextOID:          16471
+Latest checkpoint's NextXID:          0/392406
+Latest checkpoint's NextOID:          24663
@@ -22 +22 @@
-Time of latest checkpoint:            Sat Aug 13 02:26:46 2016
+Time of latest checkpoint:            Sat Aug 13 02:28:16 2016
size after pgbench of pgbench_tellers: 8
size after pgbench of pgbench_branches: 8
size after pgbench of pgbench_accounts: 64
size after pgbench of pgbench_branches_pkey: 32
size after pgbench of pgbench_tellers_pkey: 152
size after pgbench of pgbench_accounts_pkey: 658092
size after pgbench of pgbench_history: 0
total size after pgbench: 658356
End Time: 2016-08-13 02:28:17+00:00
========================================================================
========================================================================
Testing 2014-02-12-REL9_4_0~995
Start Time: 2016-08-13 13:15:15+00:00
Shared Buffers:  260000
size before pgbench of pgbench_tellers: 8
size before pgbench of pgbench_branches: 8
size before pgbench of pgbench_accounts: 64
size before pgbench of pgbench_branches_pkey: 32
size before pgbench of pgbench_tellers_pkey: 152
size before pgbench of pgbench_accounts_pkey: 658092
size before pgbench of pgbench_history: 0
total size before pgbench: 658356
Linux 3.16.0-4-amd64 (Debian-83-jessie-64-minimal) 	13.08.16 	_x86_64_	(8 CPU)

starting vacuum...end.
transaction type: <builtin: select only>
scaling factor: 300
query mode: simple
number of clients: 48
number of threads: 4
duration: 60 s
number of transactions actually processed: 3977184
latency average: 0.724 ms
tps = 66249.592830 (including connections establishing)
tps = 66252.108829 (excluding connections establishing)
script statistics:
 - statement latencies in milliseconds:
         0.001  \set aid random(1, 100000 * :scale)
         0.727  SELECT abalance FROM pgbench_accounts WHERE aid = :aid;
avg-cpu:  %user   %nice %system %iowait  %steal   %idle
          38,68    0,00    8,04   17,04    0,00   36,24

Device:         rrqm/s   wrqm/s     r/s     w/s    rkB/s    wkB/s avgrq-sz avgqu-sz   await r_await w_await  svctm  %util
sdb               0,00     1,08  103,13    2,29  1138,49    12,37    21,83    12,80  121,38  112,52  520,41   2,85  30,01
sda               0,02     1,09  110,89    2,27  1198,18    12,37    21,40    15,73  138,28  125,50  763,80   2,78  31,41
md0               0,00     0,00    0,03    0,00     0,13     0,00     8,00     0,00    0,00    0,00    0,00   0,00   0,00
md1               0,00     0,00    0,00    0,00     0,00     0,00     0,00     0,00    0,00    0,00    0,00   0,00   0,00
md2               0,00     0,00  214,17    2,06  2336,53     9,29    21,70     0,00    0,00    0,00    0,00   0,00   0,00
md3               0,00     0,00    0,00    0,10     0,00     0,40     8,00     0,00    0,00    0,00    0,00   0,00   0,00

Control File Changes
--- /usr/local/oldpgsql/2014-02-12-REL9_4_0~995/before.controldata	2016-08-13 15:16:29.965541955 +0200
+++ /usr/local/oldpgsql/2014-02-12-REL9_4_0~995/after.controldata	2016-08-13 15:18:00.225130193 +0200
@@ -5,4 +5,4 @@
-pg_control last modified:             Sat Aug 13 13:16:29 2016
-Latest checkpoint location:           1/E5160D00
-Prior checkpoint location:            1/E5160C98
-Latest checkpoint's REDO location:    1/E5160D00
+pg_control last modified:             Sat Aug 13 13:18:00 2016
+Latest checkpoint location:           1/E5164760
+Prior checkpoint location:            1/E5160D00
+Latest checkpoint's REDO location:    1/E5164760
@@ -13,2 +13,2 @@
-Latest checkpoint's NextXID:          0/392406
-Latest checkpoint's NextOID:          16472
+Latest checkpoint's NextXID:          0/392407
+Latest checkpoint's NextOID:          24664
@@ -22 +22 @@
-Time of latest checkpoint:            Sat Aug 13 13:16:29 2016
+Time of latest checkpoint:            Sat Aug 13 13:18:00 2016
size after pgbench of pgbench_tellers: 8
size after pgbench of pgbench_branches: 8
size after pgbench of pgbench_accounts: 64
size after pgbench of pgbench_branches_pkey: 32
size after pgbench of pgbench_tellers_pkey: 152
size after pgbench of pgbench_accounts_pkey: 658092
size after pgbench of pgbench_history: 0
total size after pgbench: 658356
End Time: 2016-08-13 13:18:00+00:00
========================================================================
========================================================================
Testing 2014-02-12-REL9_4_0~995
Start Time: 2016-08-15 09:46:50+00:00
Shared Buffers:  260000
size before pgbench of pgbench_tellers: 8
size before pgbench of pgbench_branches: 8
size before pgbench of pgbench_accounts: 64
size before pgbench of pgbench_branches_pkey: 32
size before pgbench of pgbench_tellers_pkey: 152
size before pgbench of pgbench_accounts_pkey: 658092
size before pgbench of pgbench_history: 0
total size before pgbench: 658356
Linux 3.16.0-4-amd64 (Debian-83-jessie-64-minimal) 	15.08.16 	_x86_64_	(8 CPU)

starting vacuum...end.
transaction type: <builtin: TPC-B (sort of)>
scaling factor: 300
query mode: simple
number of clients: 32
number of threads: 4
duration: 900 s
number of transactions actually processed: 267642
latency average: 107.606 ms
tps = 297.192712 (including connections establishing)
tps = 297.193493 (excluding connections establishing)
script statistics:
 - statement latencies in milliseconds:
         0.001  \set aid random(1, 100000 * :scale)
         0.001  \set bid random(1, 1 * :scale)
         0.001  \set tid random(1, 10 * :scale)
         0.001  \set delta random(-5000, 5000)
         0.258  BEGIN;
         1.408  UPDATE pgbench_accounts SET abalance = abalance + :delta WHERE aid = :aid;
         0.345  SELECT abalance FROM pgbench_accounts WHERE aid = :aid;
         0.885  UPDATE pgbench_tellers SET tbalance = tbalance + :delta WHERE tid = :tid;
         5.663  UPDATE pgbench_branches SET bbalance = bbalance + :delta WHERE bid = :bid;
         0.210  INSERT INTO pgbench_history (tid, bid, aid, delta, mtime) VALUES (:tid, :bid, :aid, :delta, CURRENT_TIMESTAMP);
        99.231  END;
avg-cpu:  %user   %nice %system %iowait  %steal   %idle
           2,78    0,00    0,76   10,71    0,00   85,75

Device:         rrqm/s   wrqm/s     r/s     w/s    rkB/s    wkB/s avgrq-sz avgqu-sz   await r_await w_await  svctm  %util
sdb               0,00     2,74    2,01  321,47    22,68  5978,76    37,11    69,72  215,47   45,54  216,53   2,33  75,24
sda               0,07     2,73   14,29  321,51   160,52  5978,90    36,57    58,94  175,48   30,74  181,91   2,60  87,16
md0               0,00     0,00    0,16    0,00     0,65     0,00     8,00     0,00    0,00    0,00    0,00   0,00   0,00
md1               0,00     0,00    0,00    0,00     0,00     0,00     0,00     0,00    0,00    0,00    0,00   0,00   0,00
md2               0,00     0,00   16,19  323,57   182,55  5978,89    36,27     0,00    0,00    0,00    0,00   0,00   0,00
md3               0,00     0,00    0,00    0,01     0,00     0,04     8,00     0,00    0,00    0,00    0,00   0,00   0,00

Control File Changes
--- /usr/local/oldpgsql/2014-02-12-REL9_4_0~995/before.controldata	2016-08-15 11:48:04.331700756 +0200
+++ /usr/local/oldpgsql/2014-02-12-REL9_4_0~995/after.controldata	2016-08-15 12:05:07.615001749 +0200
@@ -5,5 +5,5 @@
-pg_control last modified:             Mon Aug 15 09:48:04 2016
-Latest checkpoint location:           1/E5164830
-Prior checkpoint location:            1/E51647C8
-Latest checkpoint's REDO location:    1/E5164830
-Latest checkpoint's REDO WAL file:    0000000100000001000000E5
+pg_control last modified:             Mon Aug 15 10:05:07 2016
+Latest checkpoint location:           2/912C9518
+Prior checkpoint location:            2/912C94B0
+Latest checkpoint's REDO location:    2/912C9518
+Latest checkpoint's REDO WAL file:    000000010000000200000091
@@ -13,2 +13,2 @@
-Latest checkpoint's NextXID:          0/392407
-Latest checkpoint's NextOID:          16473
+Latest checkpoint's NextXID:          0/660091
+Latest checkpoint's NextOID:          24665
@@ -22 +22 @@
-Time of latest checkpoint:            Mon Aug 15 09:48:03 2016
+Time of latest checkpoint:            Mon Aug 15 10:04:23 2016
size after pgbench of pgbench_tellers: 8
size after pgbench of pgbench_branches: 8
size after pgbench of pgbench_accounts: 64
size after pgbench of pgbench_branches_pkey: 32
size after pgbench of pgbench_tellers_pkey: 152
size after pgbench of pgbench_accounts_pkey: 658092
size after pgbench of pgbench_history: 24
total size after pgbench: 658380
End Time: 2016-08-15 10:05:07+00:00
========================================================================
========================================================================
Testing 2014-02-12-REL9_4_0~995
Start Time: 2016-08-16 13:38:47+00:00
Shared Buffers:  260000
size before pgbench of pgbench_tellers: 8
size before pgbench of pgbench_branches: 8
size before pgbench of pgbench_accounts: 64
size before pgbench of pgbench_branches_pkey: 32
size before pgbench of pgbench_tellers_pkey: 152
size before pgbench of pgbench_accounts_pkey: 658092
size before pgbench of pgbench_history: 24
total size before pgbench: 658380
Linux 4.6.0-1-amd64 (Debian-83-jessie-64-minimal) 	16.08.16 	_x86_64_	(8 CPU)

starting vacuum...end.
transaction type: <builtin: TPC-B (sort of)>
scaling factor: 300
query mode: simple
number of clients: 32
number of threads: 4
duration: 900 s
number of transactions actually processed: 290631
latency average: 99.095 ms
tps = 322.420313 (including connections establishing)
tps = 322.421057 (excluding connections establishing)
script statistics:
 - statement latencies in milliseconds:
         0.002  \set aid random(1, 100000 * :scale)
         0.001  \set bid random(1, 1 * :scale)
         0.001  \set tid random(1, 10 * :scale)
         0.001  \set delta random(-5000, 5000)
         0.359  BEGIN;
         0.797  UPDATE pgbench_accounts SET abalance = abalance + :delta WHERE aid = :aid;
         0.474  SELECT abalance FROM pgbench_accounts WHERE aid = :aid;
         1.088  UPDATE pgbench_tellers SET tbalance = tbalance + :delta WHERE tid = :tid;
         5.230  UPDATE pgbench_branches SET bbalance = bbalance + :delta WHERE bid = :bid;
         0.284  INSERT INTO pgbench_history (tid, bid, aid, delta, mtime) VALUES (:tid, :bid, :aid, :delta, CURRENT_TIMESTAMP);
        91.570  END;
avg-cpu:  %user   %nice %system %iowait  %steal   %idle
           3,33    0,00    0,89   20,24    0,00   75,55

Device:         rrqm/s   wrqm/s     r/s     w/s    rkB/s    wkB/s avgrq-sz avgqu-sz   await r_await w_await  svctm  %util
sdb               0,00     6,54    0,29  325,68     2,85  5814,02    35,69    55,88  171,44   39,23  171,56   2,36  76,89
sda               0,01     6,54    2,96  325,68    29,17  5814,02    35,56    63,05  191,85   26,39  193,35   2,45  80,55
md0               0,00     0,00    0,07    0,00     0,29     0,00     8,00     0,00    0,00    0,00    0,00   0,00   0,00
md1               0,00     0,00    0,00    0,00     0,00     0,00     0,00     0,00    0,00    0,00    0,00   0,00   0,00
md2               0,00     0,00    3,21  331,76    31,73  5812,81    34,90     0,00    0,00    0,00    0,00   0,00   0,00
md3               0,00     0,00    0,00    0,01     0,00     0,04     8,00     0,00    0,00    0,00    0,00   0,00   0,00

Control File Changes
--- /usr/local/oldpgsql/2014-02-12-REL9_4_0~995/before.controldata	2016-08-16 15:41:47.886320389 +0200
+++ /usr/local/oldpgsql/2014-02-12-REL9_4_0~995/after.controldata	2016-08-16 15:58:57.328324804 +0200
@@ -5,5 +5,5 @@
-pg_control last modified:             Tue Aug 16 13:41:47 2016
-Latest checkpoint location:           2/F47FB058
-Prior checkpoint location:            2/F47FAFF0
-Latest checkpoint's REDO location:    2/F47FB058
-Latest checkpoint's REDO WAL file:    0000000100000002000000F4
+pg_control last modified:             Tue Aug 16 13:58:57 2016
+Latest checkpoint location:           3/9C253E60
+Prior checkpoint location:            3/9C253DF8
+Latest checkpoint's REDO location:    3/9C253E60
+Latest checkpoint's REDO WAL file:    00000001000000030000009C
@@ -13,2 +13,2 @@
-Latest checkpoint's NextXID:          0/660091
-Latest checkpoint's NextOID:          16474
+Latest checkpoint's NextXID:          0/950762
+Latest checkpoint's NextOID:          24666
@@ -22 +22 @@
-Time of latest checkpoint:            Tue Aug 16 13:41:47 2016
+Time of latest checkpoint:            Tue Aug 16 13:58:09 2016
size after pgbench of pgbench_tellers: 8
size after pgbench of pgbench_branches: 8
size after pgbench of pgbench_accounts: 64
size after pgbench of pgbench_branches_pkey: 32
size after pgbench of pgbench_tellers_pkey: 152
size after pgbench of pgbench_accounts_pkey: 658092
size after pgbench of pgbench_history: 24
total size after pgbench: 658380
End Time: 2016-08-16 13:58:57+00:00
========================================================================
========================================================================
Testing 2014-02-12-REL9_4_0~995
Start Time: 2016-08-19 18:05:02+00:00
Shared Buffers:  260000
size before pgbench of pgbench_tellers: 8
size before pgbench of pgbench_branches: 8
size before pgbench of pgbench_accounts: 64
size before pgbench of pgbench_branches_pkey: 32
size before pgbench of pgbench_tellers_pkey: 152
size before pgbench of pgbench_accounts_pkey: 658092
size before pgbench of pgbench_history: 24
total size before pgbench: 658380
Linux 4.6.0-1-amd64 (Debian-83-jessie-64-minimal) 	19.08.16 	_x86_64_	(8 CPU)

starting vacuum...end.
transaction type: <builtin: TPC-B (sort of)>
scaling factor: 300
query mode: simple
number of clients: 32
number of threads: 4
duration: 900 s
number of transactions actually processed: 327481
latency average: 87.944 ms
tps = 363.838624 (including connections establishing)
tps = 363.839598 (excluding connections establishing)
script statistics:
 - statement latencies in milliseconds:
         0.002  \set aid random(1, 100000 * :scale)
         0.001  \set bid random(1, 1 * :scale)
         0.001  \set tid random(1, 10 * :scale)
         0.001  \set delta random(-5000, 5000)
         0.373  BEGIN;
         0.691  UPDATE pgbench_accounts SET abalance = abalance + :delta WHERE aid = :aid;
         0.490  SELECT abalance FROM pgbench_accounts WHERE aid = :aid;
         0.812  UPDATE pgbench_tellers SET tbalance = tbalance + :delta WHERE tid = :tid;
         4.412  UPDATE pgbench_branches SET bbalance = bbalance + :delta WHERE bid = :bid;
         0.289  INSERT INTO pgbench_history (tid, bid, aid, delta, mtime) VALUES (:tid, :bid, :aid, :delta, CURRENT_TIMESTAMP);
        81.418  END;
avg-cpu:  %user   %nice %system %iowait  %steal   %idle
           3,74    0,00    0,98   21,84    0,00   73,44

Device:         rrqm/s   wrqm/s     r/s     w/s    rkB/s    wkB/s avgrq-sz avgqu-sz   await r_await w_await  svctm  %util
sdb               0,00     3,48    0,10  355,48     0,95  6139,71    34,54    57,65  162,02   28,43  162,06   2,21  78,49
sda               0,03     3,46    0,85  355,62     8,00  6140,82    34,50    49,02  137,50   20,89  137,78   2,11  75,22
md0               0,00     0,00    0,08    0,00     0,33     0,00     8,00     0,00    0,00    0,00    0,00   0,00   0,00
md1               0,00     0,00    0,00    0,00     0,00     0,00     0,00     0,00    0,00    0,00    0,00   0,00   0,00
md2               0,00     0,00    0,90  360,41     8,62  6154,37    34,11     0,00    0,00    0,00    0,00   0,00   0,00
md3               0,00     0,00    0,00    0,01     0,00     0,04     8,00     0,00    0,00    0,00    0,00   0,00   0,00

Control File Changes
--- /usr/local/oldpgsql/2014-02-12-REL9_4_0~995/before.controldata	2016-08-19 20:07:56.305564726 +0200
+++ /usr/local/oldpgsql/2014-02-12-REL9_4_0~995/after.controldata	2016-08-19 20:24:25.719229937 +0200
@@ -5,5 +5,5 @@
-pg_control last modified:             Fri Aug 19 18:07:56 2016
-Latest checkpoint location:           4/5DF0598
-Prior checkpoint location:            4/5DF0530
-Latest checkpoint's REDO location:    4/5DF0598
-Latest checkpoint's REDO WAL file:    000000010000000400000005
+pg_control last modified:             Fri Aug 19 18:24:25 2016
+Latest checkpoint location:           4/B501B290
+Prior checkpoint location:            4/B501B228
+Latest checkpoint's REDO location:    4/B501B290
+Latest checkpoint's REDO WAL file:    0000000100000004000000B5
@@ -13,2 +13,2 @@
-Latest checkpoint's NextXID:          0/950762
-Latest checkpoint's NextOID:          16475
+Latest checkpoint's NextXID:          0/1278283
+Latest checkpoint's NextOID:          24667
@@ -22 +22 @@
-Time of latest checkpoint:            Fri Aug 19 18:07:55 2016
+Time of latest checkpoint:            Fri Aug 19 18:23:32 2016
size after pgbench of pgbench_tellers: 8
size after pgbench of pgbench_branches: 8
size after pgbench of pgbench_accounts: 64
size after pgbench of pgbench_branches_pkey: 32
size after pgbench of pgbench_tellers_pkey: 152
size after pgbench of pgbench_accounts_pkey: 658092
size after pgbench of pgbench_history: 24
total size after pgbench: 658380
End Time: 2016-08-19 18:24:25+00:00
========================================================================
