creating tables...
100000 of 30000000 tuples (0%) done (elapsed 0.10 s, remaining 28.97 s)
200000 of 30000000 tuples (0%) done (elapsed 0.18 s, remaining 27.02 s)
300000 of 30000000 tuples (1%) done (elapsed 0.25 s, remaining 24.78 s)
400000 of 30000000 tuples (1%) done (elapsed 0.31 s, remaining 22.76 s)
500000 of 30000000 tuples (1%) done (elapsed 0.37 s, remaining 21.84 s)
600000 of 30000000 tuples (2%) done (elapsed 0.43 s, remaining 21.20 s)
700000 of 30000000 tuples (2%) done (elapsed 0.50 s, remaining 20.73 s)
800000 of 30000000 tuples (2%) done (elapsed 0.55 s, remaining 20.17 s)
900000 of 30000000 tuples (3%) done (elapsed 0.62 s, remaining 19.89 s)
1000000 of 30000000 tuples (3%) done (elapsed 0.68 s, remaining 19.63 s)
1100000 of 30000000 tuples (3%) done (elapsed 0.74 s, remaining 19.50 s)
1200000 of 30000000 tuples (4%) done (elapsed 0.80 s, remaining 19.25 s)
1300000 of 30000000 tuples (4%) done (elapsed 0.87 s, remaining 19.15 s)
1400000 of 30000000 tuples (4%) done (elapsed 0.93 s, remaining 18.94 s)
1500000 of 30000000 tuples (5%) done (elapsed 0.99 s, remaining 18.85 s)
1600000 of 30000000 tuples (5%) done (elapsed 1.06 s, remaining 18.77 s)
1700000 of 30000000 tuples (5%) done (elapsed 1.12 s, remaining 18.60 s)
1800000 of 30000000 tuples (6%) done (elapsed 1.18 s, remaining 18.52 s)
1900000 of 30000000 tuples (6%) done (elapsed 1.24 s, remaining 18.37 s)
2000000 of 30000000 tuples (6%) done (elapsed 1.31 s, remaining 18.30 s)
2100000 of 30000000 tuples (7%) done (elapsed 1.37 s, remaining 18.23 s)
2200000 of 30000000 tuples (7%) done (elapsed 1.43 s, remaining 18.10 s)
2300000 of 30000000 tuples (7%) done (elapsed 1.50 s, remaining 18.03 s)
2400000 of 30000000 tuples (8%) done (elapsed 1.56 s, remaining 17.90 s)
2500000 of 30000000 tuples (8%) done (elapsed 1.62 s, remaining 17.84 s)
2600000 of 30000000 tuples (8%) done (elapsed 1.69 s, remaining 17.78 s)
2700000 of 30000000 tuples (9%) done (elapsed 1.75 s, remaining 17.66 s)
2800000 of 30000000 tuples (9%) done (elapsed 1.81 s, remaining 17.60 s)
2900000 of 30000000 tuples (9%) done (elapsed 1.87 s, remaining 17.49 s)
3000000 of 30000000 tuples (10%) done (elapsed 1.94 s, remaining 17.43 s)
3100000 of 30000000 tuples (10%) done (elapsed 2.00 s, remaining 17.32 s)
3200000 of 30000000 tuples (10%) done (elapsed 2.06 s, remaining 17.26 s)
3300000 of 30000000 tuples (11%) done (elapsed 2.13 s, remaining 17.20 s)
3400000 of 30000000 tuples (11%) done (elapsed 2.19 s, remaining 17.10 s)
3500000 of 30000000 tuples (11%) done (elapsed 2.25 s, remaining 17.04 s)
3600000 of 30000000 tuples (12%) done (elapsed 2.31 s, remaining 16.94 s)
3700000 of 30000000 tuples (12%) done (elapsed 2.38 s, remaining 16.88 s)
3800000 of 30000000 tuples (12%) done (elapsed 2.44 s, remaining 16.82 s)
3900000 of 30000000 tuples (13%) done (elapsed 2.50 s, remaining 16.73 s)
4000000 of 30000000 tuples (13%) done (elapsed 2.56 s, remaining 16.67 s)
4100000 of 30000000 tuples (13%) done (elapsed 2.62 s, remaining 16.58 s)
4200000 of 30000000 tuples (14%) done (elapsed 2.69 s, remaining 16.52 s)
4300000 of 30000000 tuples (14%) done (elapsed 2.75 s, remaining 16.46 s)
4400000 of 30000000 tuples (14%) done (elapsed 2.81 s, remaining 16.37 s)
4500000 of 30000000 tuples (15%) done (elapsed 2.88 s, remaining 16.31 s)
4600000 of 30000000 tuples (15%) done (elapsed 2.94 s, remaining 16.22 s)
4700000 of 30000000 tuples (15%) done (elapsed 3.00 s, remaining 16.16 s)
4800000 of 30000000 tuples (16%) done (elapsed 3.07 s, remaining 16.10 s)
4900000 of 30000000 tuples (16%) done (elapsed 3.13 s, remaining 16.02 s)
5000000 of 30000000 tuples (16%) done (elapsed 3.19 s, remaining 15.96 s)
5100000 of 30000000 tuples (17%) done (elapsed 3.25 s, remaining 15.87 s)
5200000 of 30000000 tuples (17%) done (elapsed 3.32 s, remaining 15.81 s)
5300000 of 30000000 tuples (17%) done (elapsed 3.38 s, remaining 15.73 s)
5400000 of 30000000 tuples (18%) done (elapsed 3.44 s, remaining 15.67 s)
5500000 of 30000000 tuples (18%) done (elapsed 3.50 s, remaining 15.61 s)
5600000 of 30000000 tuples (18%) done (elapsed 3.56 s, remaining 15.53 s)
5700000 of 30000000 tuples (19%) done (elapsed 3.63 s, remaining 15.47 s)
5800000 of 30000000 tuples (19%) done (elapsed 3.69 s, remaining 15.39 s)
5900000 of 30000000 tuples (19%) done (elapsed 3.75 s, remaining 15.33 s)
6000000 of 30000000 tuples (20%) done (elapsed 3.82 s, remaining 15.27 s)
6100000 of 30000000 tuples (20%) done (elapsed 3.88 s, remaining 15.19 s)
6200000 of 30000000 tuples (20%) done (elapsed 3.94 s, remaining 15.13 s)
6300000 of 30000000 tuples (21%) done (elapsed 4.00 s, remaining 15.06 s)
6400000 of 30000000 tuples (21%) done (elapsed 4.07 s, remaining 15.00 s)
6500000 of 30000000 tuples (21%) done (elapsed 4.13 s, remaining 14.94 s)
6600000 of 30000000 tuples (22%) done (elapsed 4.19 s, remaining 14.86 s)
6700000 of 30000000 tuples (22%) done (elapsed 4.26 s, remaining 14.80 s)
6800000 of 30000000 tuples (22%) done (elapsed 4.32 s, remaining 14.73 s)
6900000 of 30000000 tuples (23%) done (elapsed 4.38 s, remaining 14.67 s)
7000000 of 30000000 tuples (23%) done (elapsed 4.45 s, remaining 14.61 s)
7100000 of 30000000 tuples (23%) done (elapsed 4.51 s, remaining 14.53 s)
7200000 of 30000000 tuples (24%) done (elapsed 4.57 s, remaining 14.47 s)
7300000 of 30000000 tuples (24%) done (elapsed 4.63 s, remaining 14.40 s)
7400000 of 30000000 tuples (24%) done (elapsed 4.70 s, remaining 14.34 s)
7500000 of 30000000 tuples (25%) done (elapsed 4.76 s, remaining 14.28 s)
7600000 of 30000000 tuples (25%) done (elapsed 4.82 s, remaining 14.21 s)
7700000 of 30000000 tuples (25%) done (elapsed 4.88 s, remaining 14.15 s)
7800000 of 30000000 tuples (26%) done (elapsed 4.94 s, remaining 14.07 s)
7900000 of 30000000 tuples (26%) done (elapsed 5.01 s, remaining 14.01 s)
8000000 of 30000000 tuples (26%) done (elapsed 5.07 s, remaining 13.95 s)
8100000 of 30000000 tuples (27%) done (elapsed 5.13 s, remaining 13.88 s)
8200000 of 30000000 tuples (27%) done (elapsed 5.20 s, remaining 13.82 s)
8300000 of 30000000 tuples (27%) done (elapsed 5.26 s, remaining 13.75 s)
8400000 of 30000000 tuples (28%) done (elapsed 5.32 s, remaining 13.69 s)
8500000 of 30000000 tuples (28%) done (elapsed 5.38 s, remaining 13.62 s)
8600000 of 30000000 tuples (28%) done (elapsed 5.45 s, remaining 13.56 s)
8700000 of 30000000 tuples (29%) done (elapsed 5.51 s, remaining 13.50 s)
8800000 of 30000000 tuples (29%) done (elapsed 5.57 s, remaining 13.43 s)
8900000 of 30000000 tuples (29%) done (elapsed 5.64 s, remaining 13.37 s)
9000000 of 30000000 tuples (30%) done (elapsed 5.70 s, remaining 13.29 s)
9100000 of 30000000 tuples (30%) done (elapsed 5.76 s, remaining 13.24 s)
9200000 of 30000000 tuples (30%) done (elapsed 5.83 s, remaining 13.18 s)
9300000 of 30000000 tuples (31%) done (elapsed 5.89 s, remaining 13.10 s)
9400000 of 30000000 tuples (31%) done (elapsed 5.95 s, remaining 13.04 s)
9500000 of 30000000 tuples (31%) done (elapsed 6.01 s, remaining 12.97 s)
9600000 of 30000000 tuples (32%) done (elapsed 6.08 s, remaining 12.91 s)
9700000 of 30000000 tuples (32%) done (elapsed 6.14 s, remaining 12.85 s)
9800000 of 30000000 tuples (32%) done (elapsed 6.20 s, remaining 12.78 s)
9900000 of 30000000 tuples (33%) done (elapsed 6.27 s, remaining 12.72 s)
10000000 of 30000000 tuples (33%) done (elapsed 6.33 s, remaining 12.66 s)
10100000 of 30000000 tuples (33%) done (elapsed 6.39 s, remaining 12.59 s)
10200000 of 30000000 tuples (34%) done (elapsed 6.46 s, remaining 12.53 s)
10300000 of 30000000 tuples (34%) done (elapsed 6.52 s, remaining 12.47 s)
10400000 of 30000000 tuples (34%) done (elapsed 6.58 s, remaining 12.41 s)
10500000 of 30000000 tuples (35%) done (elapsed 6.64 s, remaining 12.34 s)
10600000 of 30000000 tuples (35%) done (elapsed 6.71 s, remaining 12.28 s)
10700000 of 30000000 tuples (35%) done (elapsed 6.77 s, remaining 12.21 s)
10800000 of 30000000 tuples (36%) done (elapsed 6.84 s, remaining 12.16 s)
10900000 of 30000000 tuples (36%) done (elapsed 6.90 s, remaining 12.09 s)
11000000 of 30000000 tuples (36%) done (elapsed 6.96 s, remaining 12.03 s)
11100000 of 30000000 tuples (37%) done (elapsed 7.03 s, remaining 11.96 s)
11200000 of 30000000 tuples (37%) done (elapsed 7.09 s, remaining 11.90 s)
11300000 of 30000000 tuples (37%) done (elapsed 7.15 s, remaining 11.84 s)
11400000 of 30000000 tuples (38%) done (elapsed 7.22 s, remaining 11.78 s)
11500000 of 30000000 tuples (38%) done (elapsed 7.28 s, remaining 11.71 s)
11600000 of 30000000 tuples (38%) done (elapsed 7.35 s, remaining 11.65 s)
11700000 of 30000000 tuples (39%) done (elapsed 7.41 s, remaining 11.58 s)
11800000 of 30000000 tuples (39%) done (elapsed 7.47 s, remaining 11.53 s)
11900000 of 30000000 tuples (39%) done (elapsed 7.53 s, remaining 11.46 s)
12000000 of 30000000 tuples (40%) done (elapsed 7.60 s, remaining 11.39 s)
12100000 of 30000000 tuples (40%) done (elapsed 7.66 s, remaining 11.33 s)
12200000 of 30000000 tuples (40%) done (elapsed 7.72 s, remaining 11.27 s)
12300000 of 30000000 tuples (41%) done (elapsed 7.79 s, remaining 11.21 s)
12400000 of 30000000 tuples (41%) done (elapsed 7.85 s, remaining 11.14 s)
12500000 of 30000000 tuples (41%) done (elapsed 7.92 s, remaining 11.08 s)
12600000 of 30000000 tuples (42%) done (elapsed 7.98 s, remaining 11.02 s)
12700000 of 30000000 tuples (42%) done (elapsed 8.04 s, remaining 10.96 s)
12800000 of 30000000 tuples (42%) done (elapsed 8.10 s, remaining 10.89 s)
12900000 of 30000000 tuples (43%) done (elapsed 8.17 s, remaining 10.83 s)
13000000 of 30000000 tuples (43%) done (elapsed 8.23 s, remaining 10.76 s)
13100000 of 30000000 tuples (43%) done (elapsed 8.30 s, remaining 10.70 s)
13200000 of 30000000 tuples (44%) done (elapsed 8.36 s, remaining 10.64 s)
13300000 of 30000000 tuples (44%) done (elapsed 8.42 s, remaining 10.58 s)
13400000 of 30000000 tuples (44%) done (elapsed 8.49 s, remaining 10.51 s)
13500000 of 30000000 tuples (45%) done (elapsed 8.55 s, remaining 10.45 s)
13600000 of 30000000 tuples (45%) done (elapsed 8.61 s, remaining 10.39 s)
13700000 of 30000000 tuples (45%) done (elapsed 8.68 s, remaining 10.32 s)
13800000 of 30000000 tuples (46%) done (elapsed 8.74 s, remaining 10.26 s)
13900000 of 30000000 tuples (46%) done (elapsed 8.81 s, remaining 10.20 s)
14000000 of 30000000 tuples (46%) done (elapsed 8.87 s, remaining 10.13 s)
14100000 of 30000000 tuples (47%) done (elapsed 8.93 s, remaining 10.07 s)
14200000 of 30000000 tuples (47%) done (elapsed 8.99 s, remaining 10.01 s)
14300000 of 30000000 tuples (47%) done (elapsed 9.06 s, remaining 9.95 s)
14400000 of 30000000 tuples (48%) done (elapsed 9.12 s, remaining 9.89 s)
14500000 of 30000000 tuples (48%) done (elapsed 9.19 s, remaining 9.82 s)
14600000 of 30000000 tuples (48%) done (elapsed 9.25 s, remaining 9.76 s)
14700000 of 30000000 tuples (49%) done (elapsed 9.32 s, remaining 9.70 s)
14800000 of 30000000 tuples (49%) done (elapsed 9.38 s, remaining 9.63 s)
14900000 of 30000000 tuples (49%) done (elapsed 9.44 s, remaining 9.57 s)
15000000 of 30000000 tuples (50%) done (elapsed 9.51 s, remaining 9.51 s)
15100000 of 30000000 tuples (50%) done (elapsed 9.57 s, remaining 9.44 s)
15200000 of 30000000 tuples (50%) done (elapsed 9.64 s, remaining 9.38 s)
15300000 of 30000000 tuples (51%) done (elapsed 9.70 s, remaining 9.32 s)
15400000 of 30000000 tuples (51%) done (elapsed 9.76 s, remaining 9.26 s)
15500000 of 30000000 tuples (51%) done (elapsed 9.82 s, remaining 9.19 s)
15600000 of 30000000 tuples (52%) done (elapsed 9.89 s, remaining 9.13 s)
15700000 of 30000000 tuples (52%) done (elapsed 9.95 s, remaining 9.06 s)
15800000 of 30000000 tuples (52%) done (elapsed 10.02 s, remaining 9.00 s)
15900000 of 30000000 tuples (53%) done (elapsed 10.08 s, remaining 8.94 s)
16000000 of 30000000 tuples (53%) done (elapsed 10.14 s, remaining 8.88 s)
16100000 of 30000000 tuples (53%) done (elapsed 10.21 s, remaining 8.81 s)
16200000 of 30000000 tuples (54%) done (elapsed 10.27 s, remaining 8.75 s)
16300000 of 30000000 tuples (54%) done (elapsed 10.33 s, remaining 8.68 s)
16400000 of 30000000 tuples (54%) done (elapsed 10.40 s, remaining 8.62 s)
16500000 of 30000000 tuples (55%) done (elapsed 10.46 s, remaining 8.56 s)
16600000 of 30000000 tuples (55%) done (elapsed 10.53 s, remaining 8.50 s)
16700000 of 30000000 tuples (55%) done (elapsed 10.59 s, remaining 8.43 s)
16800000 of 30000000 tuples (56%) done (elapsed 10.65 s, remaining 8.37 s)
16900000 of 30000000 tuples (56%) done (elapsed 10.71 s, remaining 8.30 s)
17000000 of 30000000 tuples (56%) done (elapsed 10.78 s, remaining 8.24 s)
17100000 of 30000000 tuples (57%) done (elapsed 10.84 s, remaining 8.18 s)
17200000 of 30000000 tuples (57%) done (elapsed 10.91 s, remaining 8.12 s)
17300000 of 30000000 tuples (57%) done (elapsed 10.97 s, remaining 8.05 s)
17400000 of 30000000 tuples (58%) done (elapsed 11.03 s, remaining 7.99 s)
17500000 of 30000000 tuples (58%) done (elapsed 11.09 s, remaining 7.92 s)
17600000 of 30000000 tuples (58%) done (elapsed 11.16 s, remaining 7.86 s)
17700000 of 30000000 tuples (59%) done (elapsed 11.22 s, remaining 7.80 s)
17800000 of 30000000 tuples (59%) done (elapsed 11.29 s, remaining 7.74 s)
17900000 of 30000000 tuples (59%) done (elapsed 11.35 s, remaining 7.67 s)
18000000 of 30000000 tuples (60%) done (elapsed 11.41 s, remaining 7.61 s)
18100000 of 30000000 tuples (60%) done (elapsed 11.48 s, remaining 7.54 s)
18200000 of 30000000 tuples (60%) done (elapsed 11.54 s, remaining 7.48 s)
18300000 of 30000000 tuples (61%) done (elapsed 11.60 s, remaining 7.42 s)
18400000 of 30000000 tuples (61%) done (elapsed 11.67 s, remaining 7.36 s)
18500000 of 30000000 tuples (61%) done (elapsed 11.73 s, remaining 7.29 s)
18600000 of 30000000 tuples (62%) done (elapsed 11.80 s, remaining 7.23 s)
18700000 of 30000000 tuples (62%) done (elapsed 11.86 s, remaining 7.16 s)
18800000 of 30000000 tuples (62%) done (elapsed 11.92 s, remaining 7.10 s)
18900000 of 30000000 tuples (63%) done (elapsed 11.98 s, remaining 7.04 s)
19000000 of 30000000 tuples (63%) done (elapsed 12.05 s, remaining 6.98 s)
19100000 of 30000000 tuples (63%) done (elapsed 12.11 s, remaining 6.91 s)
19200000 of 30000000 tuples (64%) done (elapsed 12.18 s, remaining 6.85 s)
19300000 of 30000000 tuples (64%) done (elapsed 12.24 s, remaining 6.78 s)
19400000 of 30000000 tuples (64%) done (elapsed 12.30 s, remaining 6.72 s)
19500000 of 30000000 tuples (65%) done (elapsed 12.36 s, remaining 6.66 s)
19600000 of 30000000 tuples (65%) done (elapsed 12.43 s, remaining 6.59 s)
19700000 of 30000000 tuples (65%) done (elapsed 12.49 s, remaining 6.53 s)
19800000 of 30000000 tuples (66%) done (elapsed 12.55 s, remaining 6.47 s)
19900000 of 30000000 tuples (66%) done (elapsed 12.62 s, remaining 6.40 s)
20000000 of 30000000 tuples (66%) done (elapsed 12.68 s, remaining 6.34 s)
20100000 of 30000000 tuples (67%) done (elapsed 12.75 s, remaining 6.28 s)
20200000 of 30000000 tuples (67%) done (elapsed 12.81 s, remaining 6.21 s)
20300000 of 30000000 tuples (67%) done (elapsed 12.87 s, remaining 6.15 s)
20400000 of 30000000 tuples (68%) done (elapsed 12.93 s, remaining 6.09 s)
20500000 of 30000000 tuples (68%) done (elapsed 13.00 s, remaining 6.02 s)
20600000 of 30000000 tuples (68%) done (elapsed 13.06 s, remaining 5.96 s)
20700000 of 30000000 tuples (69%) done (elapsed 13.13 s, remaining 5.90 s)
20800000 of 30000000 tuples (69%) done (elapsed 13.19 s, remaining 5.83 s)
20900000 of 30000000 tuples (69%) done (elapsed 13.25 s, remaining 5.77 s)
21000000 of 30000000 tuples (70%) done (elapsed 13.32 s, remaining 5.71 s)
21100000 of 30000000 tuples (70%) done (elapsed 13.38 s, remaining 5.64 s)
21200000 of 30000000 tuples (70%) done (elapsed 13.44 s, remaining 5.58 s)
21300000 of 30000000 tuples (71%) done (elapsed 13.51 s, remaining 5.52 s)
21400000 of 30000000 tuples (71%) done (elapsed 13.57 s, remaining 5.45 s)
21500000 of 30000000 tuples (71%) done (elapsed 13.64 s, remaining 5.39 s)
21600000 of 30000000 tuples (72%) done (elapsed 13.70 s, remaining 5.33 s)
21700000 of 30000000 tuples (72%) done (elapsed 13.76 s, remaining 5.26 s)
21800000 of 30000000 tuples (72%) done (elapsed 13.82 s, remaining 5.20 s)
21900000 of 30000000 tuples (73%) done (elapsed 13.89 s, remaining 5.14 s)
22000000 of 30000000 tuples (73%) done (elapsed 13.95 s, remaining 5.07 s)
22100000 of 30000000 tuples (73%) done (elapsed 14.02 s, remaining 5.01 s)
22200000 of 30000000 tuples (74%) done (elapsed 14.15 s, remaining 4.97 s)
22300000 of 30000000 tuples (74%) done (elapsed 14.23 s, remaining 4.91 s)
22400000 of 30000000 tuples (74%) done (elapsed 14.29 s, remaining 4.85 s)
22500000 of 30000000 tuples (75%) done (elapsed 14.36 s, remaining 4.79 s)
22600000 of 30000000 tuples (75%) done (elapsed 14.42 s, remaining 4.72 s)
22700000 of 30000000 tuples (75%) done (elapsed 14.48 s, remaining 4.66 s)
22800000 of 30000000 tuples (76%) done (elapsed 14.54 s, remaining 4.59 s)
22900000 of 30000000 tuples (76%) done (elapsed 14.61 s, remaining 4.53 s)
23000000 of 30000000 tuples (76%) done (elapsed 14.67 s, remaining 4.46 s)
23100000 of 30000000 tuples (77%) done (elapsed 14.74 s, remaining 4.40 s)
23200000 of 30000000 tuples (77%) done (elapsed 14.80 s, remaining 4.34 s)
23300000 of 30000000 tuples (77%) done (elapsed 14.86 s, remaining 4.27 s)
23400000 of 30000000 tuples (78%) done (elapsed 14.93 s, remaining 4.21 s)
23500000 of 30000000 tuples (78%) done (elapsed 14.99 s, remaining 4.15 s)
23600000 of 30000000 tuples (78%) done (elapsed 15.05 s, remaining 4.08 s)
23700000 of 30000000 tuples (79%) done (elapsed 15.12 s, remaining 4.02 s)
23800000 of 30000000 tuples (79%) done (elapsed 15.18 s, remaining 3.95 s)
23900000 of 30000000 tuples (79%) done (elapsed 15.25 s, remaining 3.89 s)
24000000 of 30000000 tuples (80%) done (elapsed 15.31 s, remaining 3.83 s)
24100000 of 30000000 tuples (80%) done (elapsed 15.37 s, remaining 3.76 s)
24200000 of 30000000 tuples (80%) done (elapsed 15.44 s, remaining 3.70 s)
24300000 of 30000000 tuples (81%) done (elapsed 15.50 s, remaining 3.64 s)
24400000 of 30000000 tuples (81%) done (elapsed 15.56 s, remaining 3.57 s)
24500000 of 30000000 tuples (81%) done (elapsed 15.63 s, remaining 3.51 s)
24600000 of 30000000 tuples (82%) done (elapsed 15.69 s, remaining 3.44 s)
24700000 of 30000000 tuples (82%) done (elapsed 15.76 s, remaining 3.38 s)
24800000 of 30000000 tuples (82%) done (elapsed 15.82 s, remaining 3.32 s)
24900000 of 30000000 tuples (83%) done (elapsed 15.89 s, remaining 3.25 s)
25000000 of 30000000 tuples (83%) done (elapsed 15.95 s, remaining 3.19 s)
25100000 of 30000000 tuples (83%) done (elapsed 16.01 s, remaining 3.13 s)
25200000 of 30000000 tuples (84%) done (elapsed 16.08 s, remaining 3.06 s)
25300000 of 30000000 tuples (84%) done (elapsed 16.14 s, remaining 3.00 s)
25400000 of 30000000 tuples (84%) done (elapsed 16.20 s, remaining 2.93 s)
25500000 of 30000000 tuples (85%) done (elapsed 16.27 s, remaining 2.87 s)
25600000 of 30000000 tuples (85%) done (elapsed 16.33 s, remaining 2.81 s)
25700000 of 30000000 tuples (85%) done (elapsed 16.40 s, remaining 2.74 s)
25800000 of 30000000 tuples (86%) done (elapsed 16.46 s, remaining 2.68 s)
25900000 of 30000000 tuples (86%) done (elapsed 16.52 s, remaining 2.62 s)
26000000 of 30000000 tuples (86%) done (elapsed 16.59 s, remaining 2.55 s)
26100000 of 30000000 tuples (87%) done (elapsed 16.65 s, remaining 2.49 s)
26200000 of 30000000 tuples (87%) done (elapsed 16.71 s, remaining 2.42 s)
26300000 of 30000000 tuples (87%) done (elapsed 16.78 s, remaining 2.36 s)
26400000 of 30000000 tuples (88%) done (elapsed 16.84 s, remaining 2.30 s)
26500000 of 30000000 tuples (88%) done (elapsed 16.91 s, remaining 2.23 s)
26600000 of 30000000 tuples (88%) done (elapsed 16.97 s, remaining 2.17 s)
26700000 of 30000000 tuples (89%) done (elapsed 17.04 s, remaining 2.11 s)
26800000 of 30000000 tuples (89%) done (elapsed 17.10 s, remaining 2.04 s)
26900000 of 30000000 tuples (89%) done (elapsed 17.17 s, remaining 1.98 s)
27000000 of 30000000 tuples (90%) done (elapsed 17.23 s, remaining 1.91 s)
27100000 of 30000000 tuples (90%) done (elapsed 17.30 s, remaining 1.85 s)
27200000 of 30000000 tuples (90%) done (elapsed 17.36 s, remaining 1.79 s)
27300000 of 30000000 tuples (91%) done (elapsed 17.42 s, remaining 1.72 s)
27400000 of 30000000 tuples (91%) done (elapsed 17.49 s, remaining 1.66 s)
27500000 of 30000000 tuples (91%) done (elapsed 17.55 s, remaining 1.60 s)
27600000 of 30000000 tuples (92%) done (elapsed 17.61 s, remaining 1.53 s)
27700000 of 30000000 tuples (92%) done (elapsed 17.68 s, remaining 1.47 s)
27800000 of 30000000 tuples (92%) done (elapsed 17.74 s, remaining 1.40 s)
27900000 of 30000000 tuples (93%) done (elapsed 17.80 s, remaining 1.34 s)
28000000 of 30000000 tuples (93%) done (elapsed 17.87 s, remaining 1.28 s)
28100000 of 30000000 tuples (93%) done (elapsed 17.93 s, remaining 1.21 s)
28200000 of 30000000 tuples (94%) done (elapsed 18.00 s, remaining 1.15 s)
28300000 of 30000000 tuples (94%) done (elapsed 18.06 s, remaining 1.08 s)
28400000 of 30000000 tuples (94%) done (elapsed 18.13 s, remaining 1.02 s)
28500000 of 30000000 tuples (95%) done (elapsed 18.19 s, remaining 0.96 s)
28600000 of 30000000 tuples (95%) done (elapsed 18.26 s, remaining 0.89 s)
28700000 of 30000000 tuples (95%) done (elapsed 18.32 s, remaining 0.83 s)
28800000 of 30000000 tuples (96%) done (elapsed 18.38 s, remaining 0.77 s)
28900000 of 30000000 tuples (96%) done (elapsed 18.45 s, remaining 0.70 s)
29000000 of 30000000 tuples (96%) done (elapsed 18.51 s, remaining 0.64 s)
29100000 of 30000000 tuples (97%) done (elapsed 18.72 s, remaining 0.58 s)
29200000 of 30000000 tuples (97%) done (elapsed 18.80 s, remaining 0.52 s)
29300000 of 30000000 tuples (97%) done (elapsed 18.87 s, remaining 0.45 s)
29400000 of 30000000 tuples (98%) done (elapsed 18.93 s, remaining 0.39 s)
29500000 of 30000000 tuples (98%) done (elapsed 19.00 s, remaining 0.32 s)
29600000 of 30000000 tuples (98%) done (elapsed 19.06 s, remaining 0.26 s)
29700000 of 30000000 tuples (99%) done (elapsed 19.26 s, remaining 0.19 s)
29800000 of 30000000 tuples (99%) done (elapsed 19.33 s, remaining 0.13 s)
29900000 of 30000000 tuples (99%) done (elapsed 19.40 s, remaining 0.06 s)
30000000 of 30000000 tuples (100%) done (elapsed 19.46 s, remaining 0.00 s)
vacuum...
set primary keys...
NOTICE:  ALTER TABLE / ADD PRIMARY KEY will create implicit index "pgbench_branches_pkey" for table "pgbench_branches"
NOTICE:  ALTER TABLE / ADD PRIMARY KEY will create implicit index "pgbench_tellers_pkey" for table "pgbench_tellers"
NOTICE:  ALTER TABLE / ADD PRIMARY KEY will create implicit index "pgbench_accounts_pkey" for table "pgbench_accounts"
done.
starting vacuum...end.
transaction type: <builtin: TPC-B (sort of)>
scaling factor: 300
query mode: simple
number of clients: 32
number of threads: 4
duration: 60 s
number of transactions actually processed: 2761
latency average: 695.400 ms
tps = 45.637569 (including connections establishing)
tps = 45.639170 (excluding connections establishing)
script statistics:
 - statement latencies in milliseconds:
         0.003  \set aid random(1, 100000 * :scale)
         0.001  \set bid random(1, 1 * :scale)
         0.001  \set tid random(1, 10 * :scale)
         0.001  \set delta random(-5000, 5000)
         0.105  BEGIN;
       273.669  UPDATE pgbench_accounts SET abalance = abalance + :delta WHERE aid = :aid;
         3.173  SELECT abalance FROM pgbench_accounts WHERE aid = :aid;
       151.865  UPDATE pgbench_tellers SET tbalance = tbalance + :delta WHERE tid = :tid;
        96.598  UPDATE pgbench_branches SET bbalance = bbalance + :delta WHERE bid = :bid;
        64.374  INSERT INTO pgbench_history (tid, bid, aid, delta, mtime) VALUES (:tid, :bid, :aid, :delta, CURRENT_TIMESTAMP);
       110.260  END;
starting vacuum...end.
transaction type: <builtin: TPC-B (sort of)>
scaling factor: 300
query mode: simple
number of clients: 32
number of threads: 4
duration: 60 s
number of transactions actually processed: 1439
latency average: 1334.260 ms
tps = 23.800436 (including connections establishing)
tps = 23.801290 (excluding connections establishing)
script statistics:
 - statement latencies in milliseconds:
         0.003  \set aid random(1, 100000 * :scale)
         0.001  \set bid random(1, 1 * :scale)
         0.001  \set tid random(1, 10 * :scale)
         0.001  \set delta random(-5000, 5000)
         0.112  BEGIN;
       679.508  UPDATE pgbench_accounts SET abalance = abalance + :delta WHERE aid = :aid;
         7.083  SELECT abalance FROM pgbench_accounts WHERE aid = :aid;
       200.143  UPDATE pgbench_tellers SET tbalance = tbalance + :delta WHERE tid = :tid;
       118.941  UPDATE pgbench_branches SET bbalance = bbalance + :delta WHERE bid = :bid;
        95.016  INSERT INTO pgbench_history (tid, bid, aid, delta, mtime) VALUES (:tid, :bid, :aid, :delta, CURRENT_TIMESTAMP);
       241.661  END;
starting vacuum...end.
transaction type: <builtin: TPC-B (sort of)>
scaling factor: 300
query mode: simple
number of clients: 32
number of threads: 4
duration: 60 s
number of transactions actually processed: 1879
latency average: 1021.820 ms
tps = 31.176764 (including connections establishing)
tps = 31.177613 (excluding connections establishing)
script statistics:
 - statement latencies in milliseconds:
         0.002  \set aid random(1, 100000 * :scale)
         0.001  \set bid random(1, 1 * :scale)
         0.001  \set tid random(1, 10 * :scale)
         0.001  \set delta random(-5000, 5000)
         0.160  BEGIN;
       617.601  UPDATE pgbench_accounts SET abalance = abalance + :delta WHERE aid = :aid;
         0.921  SELECT abalance FROM pgbench_accounts WHERE aid = :aid;
       149.526  UPDATE pgbench_tellers SET tbalance = tbalance + :delta WHERE tid = :tid;
        58.391  UPDATE pgbench_branches SET bbalance = bbalance + :delta WHERE bid = :bid;
        51.284  INSERT INTO pgbench_history (tid, bid, aid, delta, mtime) VALUES (:tid, :bid, :aid, :delta, CURRENT_TIMESTAMP);
       148.575  END;
starting vacuum...end.
transaction type: <builtin: TPC-B (sort of)>
scaling factor: 300
query mode: simple
number of clients: 32
number of threads: 4
duration: 900 s
number of transactions actually processed: 22643
latency average: 1271.916 ms
tps = 25.151607 (including connections establishing)
tps = 25.151652 (excluding connections establishing)
script statistics:
 - statement latencies in milliseconds:
         0.003  \set aid random(1, 100000 * :scale)
         0.001  \set bid random(1, 1 * :scale)
         0.001  \set tid random(1, 10 * :scale)
         0.001  \set delta random(-5000, 5000)
         0.134  BEGIN;
       665.725  UPDATE pgbench_accounts SET abalance = abalance + :delta WHERE aid = :aid;
         0.721  SELECT abalance FROM pgbench_accounts WHERE aid = :aid;
       192.285  UPDATE pgbench_tellers SET tbalance = tbalance + :delta WHERE tid = :tid;
       110.770  UPDATE pgbench_branches SET bbalance = bbalance + :delta WHERE bid = :bid;
        73.601  INSERT INTO pgbench_history (tid, bid, aid, delta, mtime) VALUES (:tid, :bid, :aid, :delta, CURRENT_TIMESTAMP);
       229.346  END;
starting vacuum...end.
transaction type: <builtin: TPC-B (sort of)>
scaling factor: 300
query mode: simple
number of clients: 32
number of threads: 4
duration: 900 s
number of transactions actually processed: 23647
latency average: 1217.913 ms
tps = 26.260749 (including connections establishing)
tps = 26.260795 (excluding connections establishing)
script statistics:
 - statement latencies in milliseconds:
         0.003  \set aid random(1, 100000 * :scale)
         0.001  \set bid random(1, 1 * :scale)
         0.001  \set tid random(1, 10 * :scale)
         0.001  \set delta random(-5000, 5000)
         0.136  BEGIN;
       626.913  UPDATE pgbench_accounts SET abalance = abalance + :delta WHERE aid = :aid;
         1.624  SELECT abalance FROM pgbench_accounts WHERE aid = :aid;
       184.249  UPDATE pgbench_tellers SET tbalance = tbalance + :delta WHERE tid = :tid;
       112.815  UPDATE pgbench_branches SET bbalance = bbalance + :delta WHERE bid = :bid;
        75.940  INSERT INTO pgbench_history (tid, bid, aid, delta, mtime) VALUES (:tid, :bid, :aid, :delta, CURRENT_TIMESTAMP);
       217.469  END;
========================================================================
Testing 2009-04-02-REL8_4_0~360
Start Time: 2016-08-01 12:00:27+00:00
Linux 3.16.0-4-amd64 (Debian-83-jessie-64-minimal) 	01.08.16 	_x86_64_	(8 CPU)

starting vacuum...end.
transaction type: <builtin: TPC-B (sort of)>
scaling factor: 300
query mode: simple
number of clients: 32
number of threads: 4
duration: 900 s
number of transactions actually processed: 24209
latency average: 1189.640 ms
tps = 26.888063 (including connections establishing)
tps = 26.888115 (excluding connections establishing)
script statistics:
 - statement latencies in milliseconds:
         0.003  \set aid random(1, 100000 * :scale)
         0.001  \set bid random(1, 1 * :scale)
         0.001  \set tid random(1, 10 * :scale)
         0.001  \set delta random(-5000, 5000)
         0.132  BEGIN;
       565.453  UPDATE pgbench_accounts SET abalance = abalance + :delta WHERE aid = :aid;
         0.777  SELECT abalance FROM pgbench_accounts WHERE aid = :aid;
       203.705  UPDATE pgbench_tellers SET tbalance = tbalance + :delta WHERE tid = :tid;
       123.799  UPDATE pgbench_branches SET bbalance = bbalance + :delta WHERE bid = :bid;
        80.466  INSERT INTO pgbench_history (tid, bid, aid, delta, mtime) VALUES (:tid, :bid, :aid, :delta, CURRENT_TIMESTAMP);
       216.152  END;
avg-cpu:  %user   %nice %system %iowait  %steal   %idle
           0,36    0,00    0,20    9,88    0,00   89,56

Device:         rrqm/s   wrqm/s     r/s     w/s    rkB/s    wkB/s avgrq-sz avgqu-sz   await r_await w_await  svctm  %util
sdb               0,00     1,19    2,40  121,62    20,20   834,15    13,78    16,73  134,53   27,30  136,64   4,87  60,34
sda               0,00     1,19   20,76  121,71   173,15   834,88    14,15    13,44   94,29   38,15  103,87   5,78  82,39
md0               0,00     0,00    0,06    0,00     0,23     0,00     8,00     0,00    0,00    0,00    0,00   0,00   0,00
md1               0,00     0,00    0,00    0,00     0,00     0,00     0,00     0,00    0,00    0,00    0,00   0,00   0,00
md2               0,00     0,00   23,10  122,59   193,12   834,85    14,11     0,00    0,00    0,00    0,00   0,00   0,00
md3               0,00     0,00    0,00    0,01     0,00     0,04     8,00     0,00    0,00    0,00    0,00   0,00   0,00

End Time: 2016-08-01 12:15:57+00:00
========================================================================
========================================================================
Testing 2009-04-02-REL8_4_0~360
Start Time: 2016-08-04 21:56:19+00:00
Shared Buffers:  1048576
Linux 3.16.0-4-amd64 (Debian-83-jessie-64-minimal) 	04.08.16 	_x86_64_	(8 CPU)

starting vacuum...end.
transaction type: <builtin: TPC-B (sort of)>
scaling factor: 300
query mode: simple
number of clients: 32
number of threads: 4
duration: 900 s
number of transactions actually processed: 27338
latency average: 1053.479 ms
tps = 30.367157 (including connections establishing)
tps = 30.367206 (excluding connections establishing)
script statistics:
 - statement latencies in milliseconds:
         0.003  \set aid random(1, 100000 * :scale)
         0.001  \set bid random(1, 1 * :scale)
         0.001  \set tid random(1, 10 * :scale)
         0.001  \set delta random(-5000, 5000)
         0.131  BEGIN;
       492.251  UPDATE pgbench_accounts SET abalance = abalance + :delta WHERE aid = :aid;
         0.771  SELECT abalance FROM pgbench_accounts WHERE aid = :aid;
       178.354  UPDATE pgbench_tellers SET tbalance = tbalance + :delta WHERE tid = :tid;
       110.956  UPDATE pgbench_branches SET bbalance = bbalance + :delta WHERE bid = :bid;
        71.814  INSERT INTO pgbench_history (tid, bid, aid, delta, mtime) VALUES (:tid, :bid, :aid, :delta, CURRENT_TIMESTAMP);
       199.564  END;
avg-cpu:  %user   %nice %system %iowait  %steal   %idle
           0,40    0,00    0,24   10,36    0,00   89,00

Device:         rrqm/s   wrqm/s     r/s     w/s    rkB/s    wkB/s avgrq-sz avgqu-sz   await r_await w_await  svctm  %util
sdb               0,00     2,47    2,73  134,77    23,12   920,01    13,72    13,30   96,72   24,98   98,17   3,97  54,62
sda               0,01     2,48   22,87  134,76   193,85   920,01    14,13    13,96   88,57   37,91   97,16   5,58  87,91
md0               0,00     0,00    0,03    1,21     0,10     4,83     8,00     0,00    0,00    0,00    0,00   0,00   0,00
md1               0,00     0,00    0,00    0,00     0,00     0,00     0,00     0,00    0,00    0,00    0,00   0,00   0,00
md2               0,00     0,00   25,58  135,56   216,87   914,09    14,04     0,00    0,00    0,00    0,00   0,00   0,00
md3               0,00     0,00    0,00    0,01     0,00     0,04     8,00     0,00    0,00    0,00    0,00   0,00   0,00

End Time: 2016-08-04 22:11:49+00:00
========================================================================
========================================================================
Testing 2009-04-02-REL8_4_0~360
Start Time: 2016-08-07 17:41:10+00:00
Shared Buffers:  260000
Linux 3.16.0-4-amd64 (Debian-83-jessie-64-minimal) 	07.08.16 	_x86_64_	(8 CPU)

starting vacuum...end.
transaction type: <builtin: TPC-B (sort of)>
scaling factor: 300
query mode: simple
number of clients: 32
number of threads: 4
duration: 900 s
number of transactions actually processed: 22810
latency average: 1262.604 ms
tps = 25.198951 (including connections establishing)
tps = 25.198996 (excluding connections establishing)
script statistics:
 - statement latencies in milliseconds:
         0.003  \set aid random(1, 100000 * :scale)
         0.001  \set bid random(1, 1 * :scale)
         0.001  \set tid random(1, 10 * :scale)
         0.001  \set delta random(-5000, 5000)
         0.127  BEGIN;
       562.570  UPDATE pgbench_accounts SET abalance = abalance + :delta WHERE aid = :aid;
         1.061  SELECT abalance FROM pgbench_accounts WHERE aid = :aid;
       219.278  UPDATE pgbench_tellers SET tbalance = tbalance + :delta WHERE tid = :tid;
       142.457  UPDATE pgbench_branches SET bbalance = bbalance + :delta WHERE bid = :bid;
        96.286  INSERT INTO pgbench_history (tid, bid, aid, delta, mtime) VALUES (:tid, :bid, :aid, :delta, CURRENT_TIMESTAMP);
       248.233  END;
avg-cpu:  %user   %nice %system %iowait  %steal   %idle
           0,32    0,00    0,20    9,91    0,00   89,57

Device:         rrqm/s   wrqm/s     r/s     w/s    rkB/s    wkB/s avgrq-sz avgqu-sz   await r_await w_await  svctm  %util
sdb               0,00     1,27    2,26  107,36    18,95   749,03    14,01     9,65   88,00   25,21   89,32   5,21  57,13
sda               0,00     1,27   19,84  107,36   165,45   749,03    14,38    14,75  115,97   39,94  130,02   6,56  83,45
md0               0,00     0,00    0,11    0,00     0,45     0,00     8,00     0,00    0,00    0,00    0,00   0,00   0,00
md1               0,00     0,00    0,00    0,00     0,00     0,00     0,00     0,00    0,00    0,00    0,00   0,00   0,00
md2               0,00     0,00   21,99  108,17   183,96   747,88    14,32     0,00    0,00    0,00    0,00   0,00   0,00
md3               0,00     0,00    0,00    0,01     0,00     0,04     8,00     0,00    0,00    0,00    0,00   0,00   0,00

Control File Changes
--- /usr/local/oldpgsql/2009-04-02-REL8_4_0~360/before.controldata	2016-08-07 19:41:10.810797369 +0200
+++ /usr/local/oldpgsql/2009-04-02-REL8_4_0~360/after.controldata	2016-08-07 19:57:21.382075147 +0200
@@ -2,16 +2,16 @@
 Catalog version number:               200903311
 Database system identifier:           6255674869432442871
 Database cluster state:               in production
-pg_control last modified:             нд, 07-сер-2016 19:41:10 +0200
-Latest checkpoint location:           0/A7346410
-Prior checkpoint location:            0/9A76BE60
-Latest checkpoint's REDO location:    0/A7346410
+pg_control last modified:             нд, 07-сер-2016 19:57:21 +0200
+Latest checkpoint location:           0/BABDE840
+Prior checkpoint location:            0/BABDE7F8
+Latest checkpoint's REDO location:    0/BABDE840
 Latest checkpoint's TimeLineID:       1
-Latest checkpoint's NextXID:          0/110992
-Latest checkpoint's NextOID:          16472
+Latest checkpoint's NextXID:          0/133843
+Latest checkpoint's NextOID:          24664
 Latest checkpoint's NextMultiXactId:  1
 Latest checkpoint's NextMultiOffset:  0
-Time of latest checkpoint:            нд, 07-сер-2016 19:40:39 +0200
+Time of latest checkpoint:            нд, 07-сер-2016 19:57:10 +0200
 Minimum recovery ending location:     0/0
 Maximum data alignment:               8
 Database block size:                  8192
End Time: 2016-08-07 17:57:21+00:00
========================================================================
========================================================================
Testing 2009-04-02-REL8_4_0~360
Start Time: 2016-08-09 09:01:37+00:00
Shared Buffers:  260000
size before pgbench of pgbench_branches: 8
size before pgbench of pgbench_tellers: 8
size before pgbench of pgbench_accounts: 64
size before pgbench of pgbench_branches_pkey: 32
size before pgbench of pgbench_tellers_pkey: 88
size before pgbench of pgbench_accounts_pkey: 658092
size before pgbench of pgbench_history: 24
total size before pgbench: 658316
Linux 3.16.0-4-amd64 (Debian-83-jessie-64-minimal) 	09.08.16 	_x86_64_	(8 CPU)

starting vacuum...end.
transaction type: <builtin: select only>
scaling factor: 300
query mode: simple
number of clients: 32
number of threads: 4
duration: 60 s
number of transactions actually processed: 65056
latency average: 29.513 ms
tps = 1082.533675 (including connections establishing)
tps = 1082.564678 (excluding connections establishing)
script statistics:
 - statement latencies in milliseconds:
         0.002  \set aid random(1, 100000 * :scale)
        29.547  SELECT abalance FROM pgbench_accounts WHERE aid = :aid;
avg-cpu:  %user   %nice %system %iowait  %steal   %idle
           1,09    0,00    0,68   27,22    0,00   71,01

Device:         rrqm/s   wrqm/s     r/s     w/s    rkB/s    wkB/s avgrq-sz avgqu-sz   await r_await w_await  svctm  %util
sdb               0,00     6,53  259,20    2,33  2385,16    37,07    18,52    15,76   60,28   44,96 1761,47   2,60  67,92
sda               0,08     6,53  259,06    2,33  2396,36    37,07    18,62    13,47   51,52   44,79  797,94   2,60  67,98
md0               0,00     0,00    0,16    5,83     0,62    23,33     8,00     0,00    0,00    0,00    0,00   0,00   0,00
md1               0,00     0,00    0,00    0,00     0,00     0,00     0,00     0,00    0,00    0,00    0,00   0,00   0,00
md2               0,00     0,00  518,18    1,91  4780,89    11,11    18,43     0,00    0,00    0,00    0,00   0,00   0,00
md3               0,00     0,00    0,00    0,10     0,00     0,40     8,00     0,00    0,00    0,00    0,00   0,00   0,00

Control File Changes
--- /usr/local/oldpgsql/2009-04-02-REL8_4_0~360/before.controldata	2016-08-09 11:06:28.260895355 +0200
+++ /usr/local/oldpgsql/2009-04-02-REL8_4_0~360/after.controldata	2016-08-09 11:07:59.725231791 +0200
@@ -5,4 +5,4 @@
-pg_control last modified:             Tue Aug  9 09:06:28 2016
-Latest checkpoint location:           0/C5714388
-Prior checkpoint location:            0/BABDE888
-Latest checkpoint's REDO location:    0/C5714388
+pg_control last modified:             Tue Aug  9 09:07:59 2016
+Latest checkpoint location:           0/C573E250
+Prior checkpoint location:            0/C5714388
+Latest checkpoint's REDO location:    0/C573E250
@@ -10,2 +10,2 @@
-Latest checkpoint's NextXID:          0/133843
-Latest checkpoint's NextOID:          16473
+Latest checkpoint's NextXID:          0/133844
+Latest checkpoint's NextOID:          24665
@@ -14 +14 @@
-Time of latest checkpoint:            Tue Aug  9 09:05:55 2016
+Time of latest checkpoint:            Tue Aug  9 09:07:58 2016
size after pgbench of pgbench_branches: 8
size after pgbench of pgbench_tellers: 8
size after pgbench of pgbench_accounts: 64
size after pgbench of pgbench_branches_pkey: 32
size after pgbench of pgbench_tellers_pkey: 88
size after pgbench of pgbench_accounts_pkey: 658092
size after pgbench of pgbench_history: 0
total size after pgbench: 658292
End Time: 2016-08-09 09:07:59+00:00
========================================================================
========================================================================
Testing 2009-04-02-REL8_4_0~360
Start Time: 2016-08-09 15:31:52+00:00
Shared Buffers:  260000
size before pgbench of pgbench_branches: 8
size before pgbench of pgbench_tellers: 8
size before pgbench of pgbench_accounts: 64
size before pgbench of pgbench_branches_pkey: 32
size before pgbench of pgbench_tellers_pkey: 88
size before pgbench of pgbench_accounts_pkey: 658092
size before pgbench of pgbench_history: 0
total size before pgbench: 658292
Linux 3.16.0-4-amd64 (Debian-83-jessie-64-minimal) 	09.08.16 	_x86_64_	(8 CPU)

starting vacuum...end.
transaction type: <builtin: select only>
scaling factor: 300
query mode: simple
number of clients: 32
number of threads: 4
duration: 60 s
number of transactions actually processed: 65005
latency average: 29.536 ms
tps = 1081.712627 (including connections establishing)
tps = 1081.753939 (excluding connections establishing)
script statistics:
 - statement latencies in milliseconds:
         0.002  \set aid random(1, 100000 * :scale)
        29.548  SELECT abalance FROM pgbench_accounts WHERE aid = :aid;
avg-cpu:  %user   %nice %system %iowait  %steal   %idle
           1,11    0,00    0,69   28,44    0,00   69,75

Device:         rrqm/s   wrqm/s     r/s     w/s    rkB/s    wkB/s avgrq-sz avgqu-sz   await r_await w_await  svctm  %util
sdb               0,01     4,69  262,93    1,72  2413,56    27,16    18,44    13,36   50,48   47,63  485,88   2,55  67,40
sda               0,66     4,69  257,47    1,72  2390,13    27,16    18,65    14,09   54,36   42,64 1806,84   2,60  67,45
md0               0,00     0,00    0,91    3,88     3,64    15,51     8,00     0,00    0,00    0,00    0,00   0,00   0,00
md1               0,00     0,00    0,00    0,00     0,00     0,00     0,00     0,00    0,00    0,00    0,00   0,00   0,00
md2               0,00     0,00  520,17    1,37  4800,04     8,93    18,44     0,00    0,00    0,00    0,00   0,00   0,00
md3               0,00     0,00    0,00    0,10     0,00     0,40     8,00     0,00    0,00    0,00    0,00   0,00   0,00

Control File Changes
--- /usr/local/oldpgsql/2009-04-02-REL8_4_0~360/before.controldata	2016-08-09 17:32:30.193766991 +0200
+++ /usr/local/oldpgsql/2009-04-02-REL8_4_0~360/after.controldata	2016-08-09 17:34:01.433966893 +0200
@@ -5,4 +5,4 @@
-pg_control last modified:             Tue Aug  9 15:32:30 2016
-Latest checkpoint location:           0/C573E2E0
-Prior checkpoint location:            0/C573E298
-Latest checkpoint's REDO location:    0/C573E2E0
+pg_control last modified:             Tue Aug  9 15:34:01 2016
+Latest checkpoint location:           0/C57401C8
+Prior checkpoint location:            0/C573E2E0
+Latest checkpoint's REDO location:    0/C57401C8
@@ -10,2 +10,2 @@
-Latest checkpoint's NextXID:          0/133844
-Latest checkpoint's NextOID:          16474
+Latest checkpoint's NextXID:          0/133845
+Latest checkpoint's NextOID:          24666
@@ -14 +14 @@
-Time of latest checkpoint:            Tue Aug  9 15:32:29 2016
+Time of latest checkpoint:            Tue Aug  9 15:34:00 2016
size after pgbench of pgbench_branches: 8
size after pgbench of pgbench_tellers: 8
size after pgbench of pgbench_accounts: 64
size after pgbench of pgbench_branches_pkey: 32
size after pgbench of pgbench_tellers_pkey: 88
size after pgbench of pgbench_accounts_pkey: 658092
size after pgbench of pgbench_history: 0
total size after pgbench: 658292
End Time: 2016-08-09 15:34:01+00:00
========================================================================
========================================================================
Testing 2009-04-02-REL8_4_0~360
Start Time: 2016-08-10 13:27:40+00:00
Shared Buffers:  260000
size before pgbench of pgbench_branches: 8
size before pgbench of pgbench_tellers: 8
size before pgbench of pgbench_accounts: 64
size before pgbench of pgbench_branches_pkey: 32
size before pgbench of pgbench_tellers_pkey: 88
size before pgbench of pgbench_accounts_pkey: 658092
size before pgbench of pgbench_history: 0
total size before pgbench: 658292
Linux 3.16.0-4-amd64 (Debian-83-jessie-64-minimal) 	10.08.16 	_x86_64_	(8 CPU)

starting vacuum...end.
transaction type: <builtin: select only>
scaling factor: 300
query mode: simple
number of clients: 32
number of threads: 4
duration: 60 s
number of transactions actually processed: 68590
latency average: 27.992 ms
tps = 1141.754773 (including connections establishing)
tps = 1141.790179 (excluding connections establishing)
script statistics:
 - statement latencies in milliseconds:
         0.002  \set aid random(1, 100000 * :scale)
        28.005  SELECT abalance FROM pgbench_accounts WHERE aid = :aid;
avg-cpu:  %user   %nice %system %iowait  %steal   %idle
           1,15    0,00    0,66   28,08    0,00   70,10

Device:         rrqm/s   wrqm/s     r/s     w/s    rkB/s    wkB/s avgrq-sz avgqu-sz   await r_await w_await  svctm  %util
sdb               0,00     5,21  272,60    1,67  2531,11    29,09    18,67    17,83   65,00   45,45 3263,60   2,46  67,53
sda               0,12     5,21  264,87    1,67  2453,51    29,09    18,63    18,81   70,55   42,54 4521,84   2,53  67,54
md0               0,00     0,00    0,13    4,31     0,53    17,24     8,00     0,00    0,00    0,00    0,00   0,00   0,00
md1               0,00     0,00    0,00    0,00     0,00     0,00     0,00     0,00    0,00    0,00    0,00   0,00   0,00
md2               0,00     0,00  537,48    1,62  4984,09     9,73    18,53     0,00    0,00    0,00    0,00   0,00   0,00
md3               0,00     0,00    0,00    0,09     0,00     0,36     8,00     0,00    0,00    0,00    0,00   0,00   0,00

Control File Changes
--- /usr/local/oldpgsql/2009-04-02-REL8_4_0~360/before.controldata	2016-08-10 15:28:18.638132769 +0200
+++ /usr/local/oldpgsql/2009-04-02-REL8_4_0~360/after.controldata	2016-08-10 15:29:49.782003789 +0200
@@ -5,4 +5,4 @@
-pg_control last modified:             Wed Aug 10 13:28:18 2016
-Latest checkpoint location:           0/C5740258
-Prior checkpoint location:            0/C5740210
-Latest checkpoint's REDO location:    0/C5740258
+pg_control last modified:             Wed Aug 10 13:29:49 2016
+Latest checkpoint location:           0/C5742158
+Prior checkpoint location:            0/C5740258
+Latest checkpoint's REDO location:    0/C5742158
@@ -10,2 +10,2 @@
-Latest checkpoint's NextXID:          0/133845
-Latest checkpoint's NextOID:          16475
+Latest checkpoint's NextXID:          0/133846
+Latest checkpoint's NextOID:          24667
@@ -14 +14 @@
-Time of latest checkpoint:            Wed Aug 10 13:28:18 2016
+Time of latest checkpoint:            Wed Aug 10 13:29:48 2016
size after pgbench of pgbench_branches: 8
size after pgbench of pgbench_tellers: 8
size after pgbench of pgbench_accounts: 64
size after pgbench of pgbench_branches_pkey: 32
size after pgbench of pgbench_tellers_pkey: 88
size after pgbench of pgbench_accounts_pkey: 658092
size after pgbench of pgbench_history: 0
total size after pgbench: 658292
End Time: 2016-08-10 13:29:49+00:00
========================================================================
========================================================================
Testing 2009-04-02-REL8_4_0~360
Start Time: 2016-08-11 02:01:24+00:00
Shared Buffers:  260000
size before pgbench of pgbench_branches: 8
size before pgbench of pgbench_tellers: 8
size before pgbench of pgbench_accounts: 64
size before pgbench of pgbench_branches_pkey: 32
size before pgbench of pgbench_tellers_pkey: 88
size before pgbench of pgbench_accounts_pkey: 658092
size before pgbench of pgbench_history: 0
total size before pgbench: 658292
Linux 3.16.0-4-amd64 (Debian-83-jessie-64-minimal) 	11.08.16 	_x86_64_	(8 CPU)

starting vacuum...end.
transaction type: <builtin: select only>
scaling factor: 300
query mode: simple
number of clients: 32
number of threads: 4
duration: 60 s
number of transactions actually processed: 65146
latency average: 29.472 ms
tps = 1083.713625 (including connections establishing)
tps = 1083.743707 (excluding connections establishing)
script statistics:
 - statement latencies in milliseconds:
         0.002  \set aid random(1, 100000 * :scale)
        29.504  SELECT abalance FROM pgbench_accounts WHERE aid = :aid;
avg-cpu:  %user   %nice %system %iowait  %steal   %idle
           1,09    0,00    0,62   27,61    0,00   70,69

Device:         rrqm/s   wrqm/s     r/s     w/s    rkB/s    wkB/s avgrq-sz avgqu-sz   await r_await w_await  svctm  %util
sdb               0,00     4,92  255,64    2,02  2356,27    29,65    18,52    13,37   51,88   42,83 1196,70   2,62  67,41
sda               0,06     4,93  261,09    2,01  2420,93    29,65    18,63    16,09   61,15   47,31 1857,88   2,56  67,33
md0               0,00     0,00    0,08    4,21     0,31    16,84     8,00     0,00    0,00    0,00    0,00   0,00   0,00
md1               0,00     0,00    0,00    0,00     0,00     0,00     0,00     0,00    0,00    0,00    0,00   0,00   0,00
md2               0,00     0,00  516,71    1,62  4776,89    10,18    18,47     0,00    0,00    0,00    0,00   0,00   0,00
md3               0,00     0,00    0,00    0,10     0,00     0,40     8,00     0,00    0,00    0,00    0,00   0,00   0,00

Control File Changes
--- /usr/local/oldpgsql/2009-04-02-REL8_4_0~360/before.controldata	2016-08-11 04:02:01.193360537 +0200
+++ /usr/local/oldpgsql/2009-04-02-REL8_4_0~360/after.controldata	2016-08-11 04:03:32.237570354 +0200
@@ -5,4 +5,4 @@
-pg_control last modified:             Thu Aug 11 02:02:01 2016
-Latest checkpoint location:           0/C57421E8
-Prior checkpoint location:            0/C57421A0
-Latest checkpoint's REDO location:    0/C57421E8
+pg_control last modified:             Thu Aug 11 02:03:32 2016
+Latest checkpoint location:           0/C57440B0
+Prior checkpoint location:            0/C57421E8
+Latest checkpoint's REDO location:    0/C57440B0
@@ -10,2 +10,2 @@
-Latest checkpoint's NextXID:          0/133846
-Latest checkpoint's NextOID:          16476
+Latest checkpoint's NextXID:          0/133847
+Latest checkpoint's NextOID:          24668
@@ -14 +14 @@
-Time of latest checkpoint:            Thu Aug 11 02:02:00 2016
+Time of latest checkpoint:            Thu Aug 11 02:03:31 2016
size after pgbench of pgbench_branches: 8
size after pgbench of pgbench_tellers: 8
size after pgbench of pgbench_accounts: 64
size after pgbench of pgbench_branches_pkey: 32
size after pgbench of pgbench_tellers_pkey: 88
size after pgbench of pgbench_accounts_pkey: 658092
size after pgbench of pgbench_history: 0
total size after pgbench: 658292
End Time: 2016-08-11 02:03:32+00:00
========================================================================
========================================================================
Testing 2009-04-02-REL8_4_0~360
Start Time: 2016-08-11 23:02:30+00:00
Shared Buffers:  260000
size before pgbench of pgbench_branches: 8
size before pgbench of pgbench_tellers: 8
size before pgbench of pgbench_accounts: 64
size before pgbench of pgbench_branches_pkey: 32
size before pgbench of pgbench_tellers_pkey: 88
size before pgbench of pgbench_accounts_pkey: 658092
size before pgbench of pgbench_history: 0
total size before pgbench: 658292
Linux 3.16.0-4-amd64 (Debian-83-jessie-64-minimal) 	12.08.16 	_x86_64_	(8 CPU)

starting vacuum...end.
transaction type: <builtin: select only>
scaling factor: 300
query mode: simple
number of clients: 32
number of threads: 4
duration: 60 s
number of transactions actually processed: 69104
latency average: 27.784 ms
tps = 1150.465520 (including connections establishing)
tps = 1150.500670 (excluding connections establishing)
script statistics:
 - statement latencies in milliseconds:
         0.002  \set aid random(1, 100000 * :scale)
        27.801  SELECT abalance FROM pgbench_accounts WHERE aid = :aid;
avg-cpu:  %user   %nice %system %iowait  %steal   %idle
           1,13    0,00    0,72   27,81    0,00   70,34

Device:         rrqm/s   wrqm/s     r/s     w/s    rkB/s    wkB/s avgrq-sz avgqu-sz   await r_await w_await  svctm  %util
sdb               0,08     9,26  267,40    1,70  2482,31    45,20    18,78    15,18   56,42   43,37 2108,31   2,51  67,56
sda               0,04     9,24  270,97    1,71  2539,02    45,20    18,95    23,47   86,07   44,10 6732,36   2,47  67,42
md0               0,00     0,00    0,18    8,47     0,71    33,87     8,00     0,00    0,00    0,00    0,00   0,00   0,00
md1               0,00     0,00    0,00    0,00     0,00     0,00     0,00     0,00    0,00    0,00    0,00   0,00   0,00
md2               0,00     0,00  538,31    1,52  5020,62     9,02    18,63     0,00    0,00    0,00    0,00   0,00   0,00
md3               0,00     0,00    0,00    0,10     0,00     0,40     8,00     0,00    0,00    0,00    0,00   0,00   0,00

Control File Changes
--- /usr/local/oldpgsql/2009-04-02-REL8_4_0~360/before.controldata	2016-08-12 01:03:08.552948801 +0200
+++ /usr/local/oldpgsql/2009-04-02-REL8_4_0~360/after.controldata	2016-08-12 01:04:39.701154450 +0200
@@ -5,4 +5,4 @@
-pg_control last modified:             Thu Aug 11 23:03:08 2016
-Latest checkpoint location:           0/C5744140
-Prior checkpoint location:            0/C57440F8
-Latest checkpoint's REDO location:    0/C5744140
+pg_control last modified:             Thu Aug 11 23:04:39 2016
+Latest checkpoint location:           0/C5746010
+Prior checkpoint location:            0/C5744140
+Latest checkpoint's REDO location:    0/C5746010
@@ -10,2 +10,2 @@
-Latest checkpoint's NextXID:          0/133847
-Latest checkpoint's NextOID:          16477
+Latest checkpoint's NextXID:          0/133848
+Latest checkpoint's NextOID:          24669
@@ -14 +14 @@
-Time of latest checkpoint:            Thu Aug 11 23:03:08 2016
+Time of latest checkpoint:            Thu Aug 11 23:04:38 2016
size after pgbench of pgbench_branches: 8
size after pgbench of pgbench_tellers: 8
size after pgbench of pgbench_accounts: 64
size after pgbench of pgbench_branches_pkey: 32
size after pgbench of pgbench_tellers_pkey: 88
size after pgbench of pgbench_accounts_pkey: 658092
size after pgbench of pgbench_history: 0
total size after pgbench: 658292
End Time: 2016-08-11 23:04:39+00:00
========================================================================
========================================================================
Testing 2009-04-02-REL8_4_0~360
Start Time: 2016-08-12 01:43:52+00:00
Shared Buffers:  260000
size before pgbench of pgbench_branches: 8
size before pgbench of pgbench_tellers: 8
size before pgbench of pgbench_accounts: 64
size before pgbench of pgbench_branches_pkey: 32
size before pgbench of pgbench_tellers_pkey: 88
size before pgbench of pgbench_accounts_pkey: 658092
size before pgbench of pgbench_history: 0
total size before pgbench: 658292
Linux 3.16.0-4-amd64 (Debian-83-jessie-64-minimal) 	12.08.16 	_x86_64_	(8 CPU)

starting vacuum...end.
transaction type: <builtin: select only>
scaling factor: 300
query mode: simple
number of clients: 64
number of threads: 4
duration: 60 s
number of transactions actually processed: 70205
latency average: 54.697 ms
tps = 1166.384262 (including connections establishing)
tps = 1166.418317 (excluding connections establishing)
script statistics:
 - statement latencies in milliseconds:
         0.002  \set aid random(1, 100000 * :scale)
        54.746  SELECT abalance FROM pgbench_accounts WHERE aid = :aid;
avg-cpu:  %user   %nice %system %iowait  %steal   %idle
           1,16    0,00    0,72   34,34    0,00   63,78

Device:         rrqm/s   wrqm/s     r/s     w/s    rkB/s    wkB/s avgrq-sz avgqu-sz   await r_await w_await  svctm  %util
sdb               0,40     8,44  276,08    2,11  2562,62    43,39    18,74    31,19  112,11  106,97  784,21   2,44  67,85
sda               1,38     8,42  271,79    2,13  2529,38    43,39    18,78    27,09   98,88   67,52 4094,46   2,47  67,56
md0               0,00     0,00    3,40    7,62    13,60    30,49     8,00     0,00    0,00    0,00    0,00   0,00   0,00
md1               0,00     0,00    0,00    0,00     0,00     0,00     0,00     0,00    0,00    0,00    0,00   0,00   0,00
md2               0,00     0,00  546,33    1,76  5078,40    10,18    18,57     0,00    0,00    0,00    0,00   0,00   0,00
md3               0,00     0,00    0,00    0,11     0,00     0,44     8,00     0,00    0,00    0,00    0,00   0,00   0,00

Control File Changes
--- /usr/local/oldpgsql/2009-04-02-REL8_4_0~360/before.controldata	2016-08-12 03:44:30.062578559 +0200
+++ /usr/local/oldpgsql/2009-04-02-REL8_4_0~360/after.controldata	2016-08-12 03:46:01.002593175 +0200
@@ -5,4 +5,4 @@
-pg_control last modified:             Fri Aug 12 01:44:29 2016
-Latest checkpoint location:           0/C57460A0
-Prior checkpoint location:            0/C5746058
-Latest checkpoint's REDO location:    0/C57460A0
+pg_control last modified:             Fri Aug 12 01:46:00 2016
+Latest checkpoint location:           0/C5747F58
+Prior checkpoint location:            0/C57460A0
+Latest checkpoint's REDO location:    0/C5747F58
@@ -10,2 +10,2 @@
-Latest checkpoint's NextXID:          0/133848
-Latest checkpoint's NextOID:          16478
+Latest checkpoint's NextXID:          0/133849
+Latest checkpoint's NextOID:          24670
@@ -14 +14 @@
-Time of latest checkpoint:            Fri Aug 12 01:44:29 2016
+Time of latest checkpoint:            Fri Aug 12 01:46:00 2016
size after pgbench of pgbench_branches: 8
size after pgbench of pgbench_tellers: 8
size after pgbench of pgbench_accounts: 64
size after pgbench of pgbench_branches_pkey: 32
size after pgbench of pgbench_tellers_pkey: 88
size after pgbench of pgbench_accounts_pkey: 658092
size after pgbench of pgbench_history: 0
total size after pgbench: 658292
End Time: 2016-08-12 01:46:01+00:00
========================================================================
========================================================================
Testing 2009-04-02-REL8_4_0~360
Start Time: 2016-08-12 13:44:55+00:00
Shared Buffers:  260000
size before pgbench of pgbench_branches: 8
size before pgbench of pgbench_tellers: 8
size before pgbench of pgbench_accounts: 64
size before pgbench of pgbench_branches_pkey: 32
size before pgbench of pgbench_tellers_pkey: 88
size before pgbench of pgbench_accounts_pkey: 658092
size before pgbench of pgbench_history: 0
total size before pgbench: 658292
Linux 3.16.0-4-amd64 (Debian-83-jessie-64-minimal) 	12.08.16 	_x86_64_	(8 CPU)

starting vacuum...end.
transaction type: <builtin: select only>
scaling factor: 300
query mode: simple
number of clients: 64
number of threads: 4
duration: 60 s
number of transactions actually processed: 73944
latency average: 51.931 ms
tps = 1225.202446 (including connections establishing)
tps = 1225.250102 (excluding connections establishing)
script statistics:
 - statement latencies in milliseconds:
         0.002  \set aid random(1, 100000 * :scale)
        51.980  SELECT abalance FROM pgbench_accounts WHERE aid = :aid;
avg-cpu:  %user   %nice %system %iowait  %steal   %idle
           1,23    0,00    0,77   31,59    0,00   66,42

Device:         rrqm/s   wrqm/s     r/s     w/s    rkB/s    wkB/s avgrq-sz avgqu-sz   await r_await w_await  svctm  %util
sdb               0,00    25,90  285,79    1,30  2678,13   110,63    19,43    43,83  152,60   94,88 12841,40   2,35  67,45
sda               0,01    25,91  279,91    1,29  2610,40   110,63    19,35    29,54  105,04   74,14 6817,10   2,40  67,40
md0               0,00     0,00    0,00   25,53     0,00   102,13     8,00     0,00    0,00    0,00    0,00   0,00   0,00
md1               0,00     0,00    0,00    0,00     0,00     0,00     0,00     0,00    0,00    0,00    0,00   0,00   0,00
md2               0,00     0,00  565,88    1,16  5288,53     7,56    18,68     0,00    0,00    0,00    0,00   0,00   0,00
md3               0,00     0,00    0,00    0,00     0,00     0,00     0,00     0,00    0,00    0,00    0,00   0,00   0,00

Control File Changes
--- /usr/local/oldpgsql/2009-04-02-REL8_4_0~360/before.controldata	2016-08-12 15:45:32.561672051 +0200
+++ /usr/local/oldpgsql/2009-04-02-REL8_4_0~360/after.controldata	2016-08-12 15:47:03.805897687 +0200
@@ -5,4 +5,4 @@
-pg_control last modified:             Fri Aug 12 13:45:32 2016
-Latest checkpoint location:           0/C5748010
-Prior checkpoint location:            0/C5747FA0
-Latest checkpoint's REDO location:    0/C5748010
+pg_control last modified:             Fri Aug 12 13:47:03 2016
+Latest checkpoint location:           0/C5749EC8
+Prior checkpoint location:            0/C5748010
+Latest checkpoint's REDO location:    0/C5749EC8
@@ -10,2 +10,2 @@
-Latest checkpoint's NextXID:          0/133849
-Latest checkpoint's NextOID:          16479
+Latest checkpoint's NextXID:          0/133850
+Latest checkpoint's NextOID:          24671
@@ -14 +14 @@
-Time of latest checkpoint:            Fri Aug 12 13:45:32 2016
+Time of latest checkpoint:            Fri Aug 12 13:47:02 2016
size after pgbench of pgbench_branches: 8
size after pgbench of pgbench_tellers: 8
size after pgbench of pgbench_accounts: 64
size after pgbench of pgbench_branches_pkey: 32
size after pgbench of pgbench_tellers_pkey: 88
size after pgbench of pgbench_accounts_pkey: 658092
size after pgbench of pgbench_history: 0
total size after pgbench: 658292
End Time: 2016-08-12 13:47:03+00:00
========================================================================
========================================================================
Testing 2009-04-02-REL8_4_0~360
Start Time: 2016-08-13 00:00:21+00:00
Shared Buffers:  260000
size before pgbench of pgbench_branches: 8
size before pgbench of pgbench_tellers: 8
size before pgbench of pgbench_accounts: 64
size before pgbench of pgbench_branches_pkey: 32
size before pgbench of pgbench_tellers_pkey: 88
size before pgbench of pgbench_accounts_pkey: 658092
size before pgbench of pgbench_history: 0
total size before pgbench: 658292
Linux 3.16.0-4-amd64 (Debian-83-jessie-64-minimal) 	13.08.16 	_x86_64_	(8 CPU)

+ /usr/local/pgsql/bin/pgbench -T 60 -S -c 64 -j 4 -r
starting vacuum...end.
transaction type: <builtin: select only>
scaling factor: 300
query mode: simple
number of clients: 64
number of threads: 4
duration: 60 s
number of transactions actually processed: 72795
latency average: 52.751 ms
tps = 1210.112320 (including connections establishing)
tps = 1210.147715 (excluding connections establishing)
script statistics:
 - statement latencies in milliseconds:
         0.002  \set aid random(1, 100000 * :scale)
        52.834  SELECT abalance FROM pgbench_accounts WHERE aid = :aid;
avg-cpu:  %user   %nice %system %iowait  %steal   %idle
           1,17    0,00    0,78   36,86    0,00   61,18

Device:         rrqm/s   wrqm/s     r/s     w/s    rkB/s    wkB/s avgrq-sz avgqu-sz   await r_await w_await  svctm  %util
sdb               0,14     7,90  278,54    1,40  2596,44    38,62    18,83    41,65  148,55   88,04 12188,13   2,41  67,33
sda               0,08     7,89  278,58    1,41  2600,04    38,62    18,85    28,38  101,15   81,32 4015,50   2,41  67,60
md0               0,00     0,00    0,32    7,13     1,29    28,53     8,00     0,00    0,00    0,00    0,00   0,00   0,00
md1               0,00     0,00    0,00    0,00     0,00     0,00     0,00     0,00    0,00    0,00    0,00   0,00   0,00
md2               0,00     0,00  557,13    1,38  5195,20     8,09    18,63     0,00    0,00    0,00    0,00   0,00   0,00
md3               0,00     0,00    0,00    0,10     0,00     0,40     8,00     0,00    0,00    0,00    0,00   0,00   0,00

Control File Changes
--- /usr/local/oldpgsql/2009-04-02-REL8_4_0~360/before.controldata	2016-08-13 02:00:59.307888062 +0200
+++ /usr/local/oldpgsql/2009-04-02-REL8_4_0~360/after.controldata	2016-08-13 02:02:30.456037244 +0200
@@ -5,4 +5,4 @@
-pg_control last modified:             Sat Aug 13 00:00:59 2016
-Latest checkpoint location:           0/C5749F58
-Prior checkpoint location:            0/C5749F10
-Latest checkpoint's REDO location:    0/C5749F58
+pg_control last modified:             Sat Aug 13 00:02:30 2016
+Latest checkpoint location:           0/C574BE28
+Prior checkpoint location:            0/C5749F58
+Latest checkpoint's REDO location:    0/C574BE28
@@ -10,2 +10,2 @@
-Latest checkpoint's NextXID:          0/133850
-Latest checkpoint's NextOID:          16480
+Latest checkpoint's NextXID:          0/133851
+Latest checkpoint's NextOID:          24672
@@ -14 +14 @@
-Time of latest checkpoint:            Sat Aug 13 00:00:58 2016
+Time of latest checkpoint:            Sat Aug 13 00:02:29 2016
size after pgbench of pgbench_branches: 8
size after pgbench of pgbench_tellers: 8
size after pgbench of pgbench_accounts: 64
size after pgbench of pgbench_branches_pkey: 32
size after pgbench of pgbench_tellers_pkey: 88
size after pgbench of pgbench_accounts_pkey: 658092
size after pgbench of pgbench_history: 0
total size after pgbench: 658292
End Time: 2016-08-13 00:02:30+00:00
========================================================================
========================================================================
Testing 2009-04-02-REL8_4_0~360
Start Time: 2016-08-13 03:21:48+00:00
Shared Buffers:  260000
size before pgbench of pgbench_branches: 8
size before pgbench of pgbench_tellers: 8
size before pgbench of pgbench_accounts: 64
size before pgbench of pgbench_branches_pkey: 32
size before pgbench of pgbench_tellers_pkey: 88
size before pgbench of pgbench_accounts_pkey: 658092
size before pgbench of pgbench_history: 0
total size before pgbench: 658292
Linux 3.16.0-4-amd64 (Debian-83-jessie-64-minimal) 	13.08.16 	_x86_64_	(8 CPU)

starting vacuum...end.
transaction type: <builtin: select only>
scaling factor: 300
query mode: simple
number of clients: 48
number of threads: 4
duration: 60 s
number of transactions actually processed: 71509
latency average: 40.275 ms
tps = 1189.599828 (including connections establishing)
tps = 1189.634033 (excluding connections establishing)
script statistics:
 - statement latencies in milliseconds:
         0.002  \set aid random(1, 100000 * :scale)
        40.326  SELECT abalance FROM pgbench_accounts WHERE aid = :aid;
avg-cpu:  %user   %nice %system %iowait  %steal   %idle
           1,19    0,00    0,74   30,78    0,00   67,29

Device:         rrqm/s   wrqm/s     r/s     w/s    rkB/s    wkB/s avgrq-sz avgqu-sz   await r_await w_await  svctm  %util
sdb               0,01     5,78  275,66    1,69  2558,84    31,23    18,68    24,38   87,90   65,63 3723,55   2,43  67,48
sda               0,07     5,73  274,74    1,73  2583,56    31,23    18,92    20,28   73,35   65,00 1398,28   2,45  67,65
md0               0,00     0,00    0,27    5,04     1,07    20,18     8,00     0,00    0,00    0,00    0,00   0,00   0,00
md1               0,00     0,00    0,00    0,00     0,00     0,00     0,00     0,00    0,00    0,00    0,00   0,00   0,00
md2               0,00     0,00  550,29    1,38  5141,33     8,53    18,67     0,00    0,00    0,00    0,00   0,00   0,00
md3               0,00     0,00    0,00    0,11     0,00     0,44     8,00     0,00    0,00    0,00    0,00   0,00   0,00

Control File Changes
--- /usr/local/oldpgsql/2009-04-02-REL8_4_0~360/before.controldata	2016-08-13 05:22:25.881517768 +0200
+++ /usr/local/oldpgsql/2009-04-02-REL8_4_0~360/after.controldata	2016-08-13 05:23:56.821709460 +0200
@@ -5,4 +5,4 @@
-pg_control last modified:             Sat Aug 13 03:22:25 2016
-Latest checkpoint location:           0/C574BEB8
-Prior checkpoint location:            0/C574BE70
-Latest checkpoint's REDO location:    0/C574BEB8
+pg_control last modified:             Sat Aug 13 03:23:56 2016
+Latest checkpoint location:           0/C574DD80
+Prior checkpoint location:            0/C574BEB8
+Latest checkpoint's REDO location:    0/C574DD80
@@ -10,2 +10,2 @@
-Latest checkpoint's NextXID:          0/133851
-Latest checkpoint's NextOID:          16481
+Latest checkpoint's NextXID:          0/133852
+Latest checkpoint's NextOID:          24673
@@ -14 +14 @@
-Time of latest checkpoint:            Sat Aug 13 03:22:25 2016
+Time of latest checkpoint:            Sat Aug 13 03:23:55 2016
size after pgbench of pgbench_branches: 8
size after pgbench of pgbench_tellers: 8
size after pgbench of pgbench_accounts: 64
size after pgbench of pgbench_branches_pkey: 32
size after pgbench of pgbench_tellers_pkey: 88
size after pgbench of pgbench_accounts_pkey: 658092
size after pgbench of pgbench_history: 0
total size after pgbench: 658292
End Time: 2016-08-13 03:23:56+00:00
========================================================================
========================================================================
Testing 2009-04-02-REL8_4_0~360
Start Time: 2016-08-13 12:14:14+00:00
Shared Buffers:  260000
size before pgbench of pgbench_branches: 8
size before pgbench of pgbench_tellers: 8
size before pgbench of pgbench_accounts: 64
size before pgbench of pgbench_branches_pkey: 32
size before pgbench of pgbench_tellers_pkey: 88
size before pgbench of pgbench_accounts_pkey: 658092
size before pgbench of pgbench_history: 0
total size before pgbench: 658292
Linux 3.16.0-4-amd64 (Debian-83-jessie-64-minimal) 	13.08.16 	_x86_64_	(8 CPU)

starting vacuum...end.
transaction type: <builtin: select only>
scaling factor: 300
query mode: simple
number of clients: 48
number of threads: 4
duration: 60 s
number of transactions actually processed: 69435
latency average: 41.478 ms
tps = 1155.274731 (including connections establishing)
tps = 1155.307457 (excluding connections establishing)
script statistics:
 - statement latencies in milliseconds:
         0.002  \set aid random(1, 100000 * :scale)
        41.510  SELECT abalance FROM pgbench_accounts WHERE aid = :aid;
avg-cpu:  %user   %nice %system %iowait  %steal   %idle
           1,17    0,00    0,69   33,10    0,00   65,04

Device:         rrqm/s   wrqm/s     r/s     w/s    rkB/s    wkB/s avgrq-sz avgqu-sz   await r_await w_await  svctm  %util
sdb               0,32     5,13  273,99    1,97  2566,84    29,96    18,82    24,84   90,00   67,47 3229,56   2,46  67,84
sda               2,11     5,12  271,06    1,98  2535,24    29,96    18,79    21,69   79,44   64,37 2145,15   2,49  68,08
md0               0,00     0,00    4,61    4,29    18,44    17,16     8,00     0,00    0,00    0,00    0,00   0,00   0,00
md1               0,00     0,00    0,00    0,00     0,00     0,00     0,00     0,00    0,00    0,00    0,00   0,00   0,00
md2               0,00     0,00  542,91    1,67  5083,64    10,13    18,71     0,00    0,00    0,00    0,00   0,00   0,00
md3               0,00     0,00    0,00    0,10     0,00     0,40     8,00     0,00    0,00    0,00    0,00   0,00   0,00

Control File Changes
--- /usr/local/oldpgsql/2009-04-02-REL8_4_0~360/before.controldata	2016-08-13 14:14:51.496728332 +0200
+++ /usr/local/oldpgsql/2009-04-02-REL8_4_0~360/after.controldata	2016-08-13 14:16:22.640941276 +0200
@@ -5,4 +5,4 @@
-pg_control last modified:             Sat Aug 13 12:14:51 2016
-Latest checkpoint location:           0/C574DE10
-Prior checkpoint location:            0/C574DDC8
-Latest checkpoint's REDO location:    0/C574DE10
+pg_control last modified:             Sat Aug 13 12:16:22 2016
+Latest checkpoint location:           0/C574FCD8
+Prior checkpoint location:            0/C574DE10
+Latest checkpoint's REDO location:    0/C574FCD8
@@ -10,2 +10,2 @@
-Latest checkpoint's NextXID:          0/133852
-Latest checkpoint's NextOID:          16482
+Latest checkpoint's NextXID:          0/133853
+Latest checkpoint's NextOID:          24674
@@ -14 +14 @@
-Time of latest checkpoint:            Sat Aug 13 12:14:51 2016
+Time of latest checkpoint:            Sat Aug 13 12:16:21 2016
size after pgbench of pgbench_branches: 8
size after pgbench of pgbench_tellers: 8
size after pgbench of pgbench_accounts: 64
size after pgbench of pgbench_branches_pkey: 32
size after pgbench of pgbench_tellers_pkey: 88
size after pgbench of pgbench_accounts_pkey: 658092
size after pgbench of pgbench_history: 0
total size after pgbench: 658292
End Time: 2016-08-13 12:16:22+00:00
========================================================================
========================================================================
Testing 2009-04-02-REL8_4_0~360
Start Time: 2016-08-15 00:53:00+00:00
Shared Buffers:  260000
size before pgbench of pgbench_branches: 8
size before pgbench of pgbench_tellers: 8
size before pgbench of pgbench_accounts: 64
size before pgbench of pgbench_branches_pkey: 32
size before pgbench of pgbench_tellers_pkey: 88
size before pgbench of pgbench_accounts_pkey: 658092
size before pgbench of pgbench_history: 0
total size before pgbench: 658292
Linux 3.16.0-4-amd64 (Debian-83-jessie-64-minimal) 	15.08.16 	_x86_64_	(8 CPU)

starting vacuum...end.
transaction type: <builtin: TPC-B (sort of)>
scaling factor: 300
query mode: simple
number of clients: 32
number of threads: 4
duration: 900 s
number of transactions actually processed: 25643
latency average: 1123.114 ms
tps = 28.483046 (including connections establishing)
tps = 28.483100 (excluding connections establishing)
script statistics:
 - statement latencies in milliseconds:
         0.003  \set aid random(1, 100000 * :scale)
         0.001  \set bid random(1, 1 * :scale)
         0.001  \set tid random(1, 10 * :scale)
         0.001  \set delta random(-5000, 5000)
         0.130  BEGIN;
       512.309  UPDATE pgbench_accounts SET abalance = abalance + :delta WHERE aid = :aid;
         0.887  SELECT abalance FROM pgbench_accounts WHERE aid = :aid;
       190.135  UPDATE pgbench_tellers SET tbalance = tbalance + :delta WHERE tid = :tid;
       121.699  UPDATE pgbench_branches SET bbalance = bbalance + :delta WHERE bid = :bid;
        79.782  INSERT INTO pgbench_history (tid, bid, aid, delta, mtime) VALUES (:tid, :bid, :aid, :delta, CURRENT_TIMESTAMP);
       218.763  END;
avg-cpu:  %user   %nice %system %iowait  %steal   %idle
           0,37    0,00    0,21   10,38    0,00   89,04

Device:         rrqm/s   wrqm/s     r/s     w/s    rkB/s    wkB/s avgrq-sz avgqu-sz   await r_await w_await  svctm  %util
sdb               0,00     1,53    2,51  120,13    21,57   820,89    13,74    12,88  105,01   27,94  106,62   4,36  53,46
sda               0,03     1,54   21,94  120,13   186,14   820,89    14,18    14,75  103,86   38,68  115,76   6,05  86,01
md0               0,00     0,00    0,08    0,32     0,32     1,27     8,00     0,00    0,00    0,00    0,00   0,00   0,00
md1               0,00     0,00    0,00    0,00     0,00     0,00     0,00     0,00    0,00    0,00    0,00   0,00   0,00
md2               0,00     0,00   24,40  120,86   207,39   818,48    14,12     0,00    0,00    0,00    0,00   0,00   0,00
md3               0,00     0,00    0,00    0,01     0,00     0,04     8,00     0,00    0,00    0,00    0,00   0,00   0,00

Control File Changes
--- /usr/local/oldpgsql/2009-04-02-REL8_4_0~360/before.controldata	2016-08-15 02:53:39.314880048 +0200
+++ /usr/local/oldpgsql/2009-04-02-REL8_4_0~360/after.controldata	2016-08-15 03:09:54.911651539 +0200
@@ -5,4 +5,4 @@
-pg_control last modified:             Mon Aug 15 00:53:39 2016
-Latest checkpoint location:           0/C574FD68
-Prior checkpoint location:            0/C574FD20
-Latest checkpoint's REDO location:    0/C574FD68
+pg_control last modified:             Mon Aug 15 01:09:54 2016
+Latest checkpoint location:           0/DAF2DAE8
+Prior checkpoint location:            0/DAF2DAA0
+Latest checkpoint's REDO location:    0/DAF2DAE8
@@ -10,2 +10,2 @@
-Latest checkpoint's NextXID:          0/133853
-Latest checkpoint's NextOID:          16483
+Latest checkpoint's NextXID:          0/159537
+Latest checkpoint's NextOID:          24675
@@ -14 +14 @@
-Time of latest checkpoint:            Mon Aug 15 00:53:38 2016
+Time of latest checkpoint:            Mon Aug 15 01:09:53 2016
size after pgbench of pgbench_branches: 8
size after pgbench of pgbench_tellers: 8
size after pgbench of pgbench_accounts: 64
size after pgbench of pgbench_branches_pkey: 32
size after pgbench of pgbench_tellers_pkey: 88
size after pgbench of pgbench_accounts_pkey: 658092
size after pgbench of pgbench_history: 24
total size after pgbench: 658316
End Time: 2016-08-15 01:09:54+00:00
========================================================================
========================================================================
Testing 2009-04-02-REL8_4_0~360
Start Time: 2016-08-16 11:58:55+00:00
Shared Buffers:  260000
size before pgbench of pgbench_branches: 8
size before pgbench of pgbench_tellers: 8
size before pgbench of pgbench_accounts: 64
size before pgbench of pgbench_branches_pkey: 32
size before pgbench of pgbench_tellers_pkey: 88
size before pgbench of pgbench_accounts_pkey: 658092
size before pgbench of pgbench_history: 24
total size before pgbench: 658316
Linux 4.6.0-1-amd64 (Debian-83-jessie-64-minimal) 	16.08.16 	_x86_64_	(8 CPU)

starting vacuum...end.
transaction type: <builtin: TPC-B (sort of)>
scaling factor: 300
query mode: simple
number of clients: 32
number of threads: 4
duration: 900 s
number of transactions actually processed: 23381
latency average: 1231.769 ms
tps = 25.960249 (including connections establishing)
tps = 25.960293 (excluding connections establishing)
script statistics:
 - statement latencies in milliseconds:
         0.003  \set aid random(1, 100000 * :scale)
         0.001  \set bid random(1, 1 * :scale)
         0.001  \set tid random(1, 10 * :scale)
         0.001  \set delta random(-5000, 5000)
         0.123  BEGIN;
       542.182  UPDATE pgbench_accounts SET abalance = abalance + :delta WHERE aid = :aid;
         1.241  SELECT abalance FROM pgbench_accounts WHERE aid = :aid;
       222.806  UPDATE pgbench_tellers SET tbalance = tbalance + :delta WHERE tid = :tid;
       137.693  UPDATE pgbench_branches SET bbalance = bbalance + :delta WHERE bid = :bid;
        94.789  INSERT INTO pgbench_history (tid, bid, aid, delta, mtime) VALUES (:tid, :bid, :aid, :delta, CURRENT_TIMESTAMP);
       233.852  END;
avg-cpu:  %user   %nice %system %iowait  %steal   %idle
           0,34    0,00    0,23   20,62    0,00   78,81

Device:         rrqm/s   wrqm/s     r/s     w/s    rkB/s    wkB/s avgrq-sz avgqu-sz   await r_await w_await  svctm  %util
sdb               0,00     1,81    3,46  106,95    29,20   743,24    13,99    12,16  110,13   24,74  112,89   5,40  59,59
sda               0,04     1,81   19,03  106,95   160,31   743,24    14,34    15,82  125,59   41,19  140,60   6,66  83,88
md0               0,00     0,00    0,09    0,03     0,37     0,12     8,00     0,00    0,00    0,00    0,00   0,00   0,00
md1               0,00     0,00    0,00    0,00     0,00     0,00     0,00     0,00    0,00    0,00    0,00   0,00   0,00
md2               0,00     0,00   22,45  109,49   189,15   750,85    14,25     0,00    0,00    0,00    0,00   0,00   0,00
md3               0,00     0,00    0,00    0,01     0,00     0,04     8,00     0,00    0,00    0,00    0,00   0,00   0,00

Control File Changes
--- /usr/local/oldpgsql/2009-04-02-REL8_4_0~360/before.controldata	2016-08-16 14:04:25.965909080 +0200
+++ /usr/local/oldpgsql/2009-04-02-REL8_4_0~360/after.controldata	2016-08-16 14:20:38.959966249 +0200
@@ -5,4 +5,4 @@
-pg_control last modified:             Tue Aug 16 12:04:25 2016
-Latest checkpoint location:           0/E6ED6AE8
-Prior checkpoint location:            0/DAF2DB30
-Latest checkpoint's REDO location:    0/E6ED6AE8
+pg_control last modified:             Tue Aug 16 12:20:38 2016
+Latest checkpoint location:           0/FA45E668
+Prior checkpoint location:            0/FA45E620
+Latest checkpoint's REDO location:    0/FA45E668
@@ -10,2 +10,2 @@
-Latest checkpoint's NextXID:          0/159537
-Latest checkpoint's NextOID:          16484
+Latest checkpoint's NextXID:          0/182958
+Latest checkpoint's NextOID:          24676
@@ -14 +14 @@
-Time of latest checkpoint:            Tue Aug 16 12:03:53 2016
+Time of latest checkpoint:            Tue Aug 16 12:20:27 2016
size after pgbench of pgbench_branches: 8
size after pgbench of pgbench_tellers: 8
size after pgbench of pgbench_accounts: 64
size after pgbench of pgbench_branches_pkey: 32
size after pgbench of pgbench_tellers_pkey: 88
size after pgbench of pgbench_accounts_pkey: 658092
size after pgbench of pgbench_history: 24
total size after pgbench: 658316
End Time: 2016-08-16 12:20:39+00:00
========================================================================
========================================================================
Testing 2009-04-02-REL8_4_0~360
Start Time: 2016-08-19 21:31:25+00:00
Shared Buffers:  260000
size before pgbench of pgbench_branches: 8
size before pgbench of pgbench_tellers: 8
size before pgbench of pgbench_accounts: 64
size before pgbench of pgbench_branches_pkey: 32
size before pgbench of pgbench_tellers_pkey: 88
size before pgbench of pgbench_accounts_pkey: 658092
size before pgbench of pgbench_history: 24
total size before pgbench: 658316
Linux 4.6.0-1-amd64 (Debian-83-jessie-64-minimal) 	19.08.16 	_x86_64_	(8 CPU)

starting vacuum...end.
transaction type: <builtin: TPC-B (sort of)>
scaling factor: 300
query mode: simple
number of clients: 32
number of threads: 4
duration: 900 s
number of transactions actually processed: 25207
latency average: 1142.540 ms
tps = 28.001968 (including connections establishing)
tps = 28.002016 (excluding connections establishing)
script statistics:
 - statement latencies in milliseconds:
         0.003  \set aid random(1, 100000 * :scale)
         0.001  \set bid random(1, 1 * :scale)
         0.001  \set tid random(1, 10 * :scale)
         0.001  \set delta random(-5000, 5000)
         0.127  BEGIN;
       502.946  UPDATE pgbench_accounts SET abalance = abalance + :delta WHERE aid = :aid;
         0.757  SELECT abalance FROM pgbench_accounts WHERE aid = :aid;
       196.199  UPDATE pgbench_tellers SET tbalance = tbalance + :delta WHERE tid = :tid;
       129.373  UPDATE pgbench_branches SET bbalance = bbalance + :delta WHERE bid = :bid;
        81.248  INSERT INTO pgbench_history (tid, bid, aid, delta, mtime) VALUES (:tid, :bid, :aid, :delta, CURRENT_TIMESTAMP);
       232.546  END;
avg-cpu:  %user   %nice %system %iowait  %steal   %idle
           0,36    0,00    0,23   21,19    0,00   78,22

Device:         rrqm/s   wrqm/s     r/s     w/s    rkB/s    wkB/s avgrq-sz avgqu-sz   await r_await w_await  svctm  %util
sdb               0,00     1,90    3,69  115,85    31,18   803,34    13,96    20,39  170,57   26,41  175,16   5,20  62,11
sda               0,01     1,90   20,34  115,85   170,69   803,34    14,30    12,44   91,37   39,34  100,51   5,90  80,39
md0               0,00     0,00    0,09    0,04     0,35     0,14     8,00     0,00    0,00    0,00    0,00   0,00   0,00
md1               0,00     0,00    0,00    0,00     0,00     0,00     0,00     0,00    0,00    0,00    0,00   0,00   0,00
md2               0,00     0,00   23,95  117,42   201,52   802,48    14,20     0,00    0,00    0,00    0,00   0,00   0,00
md3               0,00     0,00    0,00    0,01     0,00     0,04     8,00     0,00    0,00    0,00    0,00   0,00   0,00

Control File Changes
--- /usr/local/oldpgsql/2009-04-02-REL8_4_0~360/before.controldata	2016-08-19 23:36:29.079738161 +0200
+++ /usr/local/oldpgsql/2009-04-02-REL8_4_0~360/after.controldata	2016-08-19 23:53:00.501787733 +0200
@@ -5,4 +5,4 @@
-pg_control last modified:             Fri Aug 19 21:36:28 2016
-Latest checkpoint location:           1/63AD4E8
-Prior checkpoint location:            0/FA45E6B0
-Latest checkpoint's REDO location:    1/63AD4E8
+pg_control last modified:             Fri Aug 19 21:53:00 2016
+Latest checkpoint location:           1/1AB3D2C8
+Prior checkpoint location:            1/1AB3D280
+Latest checkpoint's REDO location:    1/1AB3D2C8
@@ -10,2 +10,2 @@
-Latest checkpoint's NextXID:          0/182958
-Latest checkpoint's NextOID:          16485
+Latest checkpoint's NextXID:          0/208207
+Latest checkpoint's NextOID:          24677
@@ -14 +14 @@
-Time of latest checkpoint:            Fri Aug 19 21:35:59 2016
+Time of latest checkpoint:            Fri Aug 19 21:52:44 2016
size after pgbench of pgbench_branches: 8
size after pgbench of pgbench_tellers: 8
size after pgbench of pgbench_accounts: 64
size after pgbench of pgbench_branches_pkey: 32
size after pgbench of pgbench_tellers_pkey: 88
size after pgbench of pgbench_accounts_pkey: 658092
size after pgbench of pgbench_history: 24
total size after pgbench: 658316
End Time: 2016-08-19 21:53:00+00:00
========================================================================
