creating tables...
100000 of 30000000 tuples (0%) done (elapsed 0.10 s, remaining 30.55 s)
200000 of 30000000 tuples (0%) done (elapsed 0.19 s, remaining 27.88 s)
300000 of 30000000 tuples (1%) done (elapsed 0.27 s, remaining 26.43 s)
400000 of 30000000 tuples (1%) done (elapsed 0.35 s, remaining 26.07 s)
500000 of 30000000 tuples (1%) done (elapsed 0.43 s, remaining 25.48 s)
600000 of 30000000 tuples (2%) done (elapsed 0.51 s, remaining 25.07 s)
700000 of 30000000 tuples (2%) done (elapsed 0.60 s, remaining 24.99 s)
800000 of 30000000 tuples (2%) done (elapsed 0.68 s, remaining 24.69 s)
900000 of 30000000 tuples (3%) done (elapsed 0.76 s, remaining 24.44 s)
1000000 of 30000000 tuples (3%) done (elapsed 0.84 s, remaining 24.38 s)
1100000 of 30000000 tuples (3%) done (elapsed 0.98 s, remaining 25.76 s)
1200000 of 30000000 tuples (4%) done (elapsed 1.06 s, remaining 25.40 s)
1300000 of 30000000 tuples (4%) done (elapsed 1.13 s, remaining 24.87 s)
1400000 of 30000000 tuples (4%) done (elapsed 1.19 s, remaining 24.40 s)
1500000 of 30000000 tuples (5%) done (elapsed 1.26 s, remaining 23.98 s)
1600000 of 30000000 tuples (5%) done (elapsed 1.33 s, remaining 23.60 s)
1700000 of 30000000 tuples (5%) done (elapsed 1.40 s, remaining 23.26 s)
1800000 of 30000000 tuples (6%) done (elapsed 1.47 s, remaining 22.95 s)
1900000 of 30000000 tuples (6%) done (elapsed 1.53 s, remaining 22.59 s)
2000000 of 30000000 tuples (6%) done (elapsed 1.60 s, remaining 22.33 s)
2100000 of 30000000 tuples (7%) done (elapsed 1.66 s, remaining 22.09 s)
2200000 of 30000000 tuples (7%) done (elapsed 1.73 s, remaining 21.87 s)
2300000 of 30000000 tuples (7%) done (elapsed 1.80 s, remaining 21.65 s)
2400000 of 30000000 tuples (8%) done (elapsed 1.87 s, remaining 21.45 s)
2500000 of 30000000 tuples (8%) done (elapsed 1.93 s, remaining 21.26 s)
2600000 of 30000000 tuples (8%) done (elapsed 2.00 s, remaining 21.08 s)
2700000 of 30000000 tuples (9%) done (elapsed 2.07 s, remaining 20.91 s)
2800000 of 30000000 tuples (9%) done (elapsed 2.14 s, remaining 20.75 s)
2900000 of 30000000 tuples (9%) done (elapsed 2.20 s, remaining 20.59 s)
3000000 of 30000000 tuples (10%) done (elapsed 2.27 s, remaining 20.44 s)
3100000 of 30000000 tuples (10%) done (elapsed 2.34 s, remaining 20.29 s)
3200000 of 30000000 tuples (10%) done (elapsed 2.41 s, remaining 20.15 s)
3300000 of 30000000 tuples (11%) done (elapsed 2.47 s, remaining 19.97 s)
3400000 of 30000000 tuples (11%) done (elapsed 2.54 s, remaining 19.84 s)
3500000 of 30000000 tuples (11%) done (elapsed 2.60 s, remaining 19.71 s)
3600000 of 30000000 tuples (12%) done (elapsed 2.67 s, remaining 19.59 s)
3700000 of 30000000 tuples (12%) done (elapsed 2.74 s, remaining 19.46 s)
3800000 of 30000000 tuples (12%) done (elapsed 2.81 s, remaining 19.34 s)
3900000 of 30000000 tuples (13%) done (elapsed 2.87 s, remaining 19.23 s)
4000000 of 30000000 tuples (13%) done (elapsed 2.94 s, remaining 19.12 s)
4100000 of 30000000 tuples (13%) done (elapsed 3.01 s, remaining 19.01 s)
4200000 of 30000000 tuples (14%) done (elapsed 3.08 s, remaining 18.90 s)
4300000 of 30000000 tuples (14%) done (elapsed 3.14 s, remaining 18.79 s)
4400000 of 30000000 tuples (14%) done (elapsed 3.21 s, remaining 18.69 s)
4500000 of 30000000 tuples (15%) done (elapsed 3.27 s, remaining 18.55 s)
4600000 of 30000000 tuples (15%) done (elapsed 3.34 s, remaining 18.45 s)
4700000 of 30000000 tuples (15%) done (elapsed 3.41 s, remaining 18.35 s)
4800000 of 30000000 tuples (16%) done (elapsed 3.48 s, remaining 18.25 s)
4900000 of 30000000 tuples (16%) done (elapsed 3.54 s, remaining 18.15 s)
5000000 of 30000000 tuples (16%) done (elapsed 3.61 s, remaining 18.06 s)
5100000 of 30000000 tuples (17%) done (elapsed 3.68 s, remaining 17.97 s)
5200000 of 30000000 tuples (17%) done (elapsed 3.75 s, remaining 17.87 s)
5300000 of 30000000 tuples (17%) done (elapsed 3.81 s, remaining 17.78 s)
5400000 of 30000000 tuples (18%) done (elapsed 3.88 s, remaining 17.69 s)
5500000 of 30000000 tuples (18%) done (elapsed 3.95 s, remaining 17.60 s)
5600000 of 30000000 tuples (18%) done (elapsed 4.01 s, remaining 17.49 s)
5700000 of 30000000 tuples (19%) done (elapsed 4.08 s, remaining 17.40 s)
5800000 of 30000000 tuples (19%) done (elapsed 4.15 s, remaining 17.31 s)
5900000 of 30000000 tuples (19%) done (elapsed 4.22 s, remaining 17.22 s)
6000000 of 30000000 tuples (20%) done (elapsed 4.29 s, remaining 17.14 s)
6100000 of 30000000 tuples (20%) done (elapsed 4.35 s, remaining 17.05 s)
6200000 of 30000000 tuples (20%) done (elapsed 4.42 s, remaining 16.97 s)
6300000 of 30000000 tuples (21%) done (elapsed 4.49 s, remaining 16.88 s)
6400000 of 30000000 tuples (21%) done (elapsed 4.55 s, remaining 16.80 s)
6500000 of 30000000 tuples (21%) done (elapsed 4.62 s, remaining 16.69 s)
6600000 of 30000000 tuples (22%) done (elapsed 4.68 s, remaining 16.61 s)
6700000 of 30000000 tuples (22%) done (elapsed 4.75 s, remaining 16.53 s)
6800000 of 30000000 tuples (22%) done (elapsed 4.82 s, remaining 16.45 s)
6900000 of 30000000 tuples (23%) done (elapsed 4.89 s, remaining 16.36 s)
7000000 of 30000000 tuples (23%) done (elapsed 4.96 s, remaining 16.28 s)
7100000 of 30000000 tuples (23%) done (elapsed 5.02 s, remaining 16.21 s)
7200000 of 30000000 tuples (24%) done (elapsed 5.09 s, remaining 16.13 s)
7300000 of 30000000 tuples (24%) done (elapsed 5.16 s, remaining 16.05 s)
7400000 of 30000000 tuples (24%) done (elapsed 5.23 s, remaining 15.97 s)
7500000 of 30000000 tuples (25%) done (elapsed 5.29 s, remaining 15.87 s)
7600000 of 30000000 tuples (25%) done (elapsed 5.36 s, remaining 15.79 s)
7700000 of 30000000 tuples (25%) done (elapsed 5.42 s, remaining 15.71 s)
7800000 of 30000000 tuples (26%) done (elapsed 5.49 s, remaining 15.63 s)
7900000 of 30000000 tuples (26%) done (elapsed 5.56 s, remaining 15.55 s)
8000000 of 30000000 tuples (26%) done (elapsed 5.63 s, remaining 15.48 s)
8100000 of 30000000 tuples (27%) done (elapsed 5.70 s, remaining 15.40 s)
8200000 of 30000000 tuples (27%) done (elapsed 5.76 s, remaining 15.32 s)
8300000 of 30000000 tuples (27%) done (elapsed 5.83 s, remaining 15.24 s)
8400000 of 30000000 tuples (28%) done (elapsed 5.90 s, remaining 15.16 s)
8500000 of 30000000 tuples (28%) done (elapsed 5.96 s, remaining 15.09 s)
8600000 of 30000000 tuples (28%) done (elapsed 6.03 s, remaining 15.01 s)
8700000 of 30000000 tuples (29%) done (elapsed 6.09 s, remaining 14.92 s)
8800000 of 30000000 tuples (29%) done (elapsed 6.16 s, remaining 14.84 s)
8900000 of 30000000 tuples (29%) done (elapsed 6.23 s, remaining 14.77 s)
9000000 of 30000000 tuples (30%) done (elapsed 6.30 s, remaining 14.69 s)
9100000 of 30000000 tuples (30%) done (elapsed 6.36 s, remaining 14.62 s)
9200000 of 30000000 tuples (30%) done (elapsed 6.43 s, remaining 14.54 s)
9300000 of 30000000 tuples (31%) done (elapsed 6.50 s, remaining 14.46 s)
9400000 of 30000000 tuples (31%) done (elapsed 6.57 s, remaining 14.39 s)
9500000 of 30000000 tuples (31%) done (elapsed 6.63 s, remaining 14.31 s)
9600000 of 30000000 tuples (32%) done (elapsed 6.70 s, remaining 14.24 s)
9700000 of 30000000 tuples (32%) done (elapsed 6.77 s, remaining 14.16 s)
9800000 of 30000000 tuples (32%) done (elapsed 6.84 s, remaining 14.09 s)
9900000 of 30000000 tuples (33%) done (elapsed 6.90 s, remaining 14.02 s)
10000000 of 30000000 tuples (33%) done (elapsed 6.97 s, remaining 13.94 s)
10100000 of 30000000 tuples (33%) done (elapsed 7.04 s, remaining 13.87 s)
10200000 of 30000000 tuples (34%) done (elapsed 7.11 s, remaining 13.79 s)
10300000 of 30000000 tuples (34%) done (elapsed 7.17 s, remaining 13.72 s)
10400000 of 30000000 tuples (34%) done (elapsed 7.24 s, remaining 13.64 s)
10500000 of 30000000 tuples (35%) done (elapsed 7.30 s, remaining 13.56 s)
10600000 of 30000000 tuples (35%) done (elapsed 7.37 s, remaining 13.49 s)
10700000 of 30000000 tuples (35%) done (elapsed 7.44 s, remaining 13.42 s)
10800000 of 30000000 tuples (36%) done (elapsed 7.51 s, remaining 13.35 s)
10900000 of 30000000 tuples (36%) done (elapsed 7.58 s, remaining 13.28 s)
11000000 of 30000000 tuples (36%) done (elapsed 7.64 s, remaining 13.20 s)
11100000 of 30000000 tuples (37%) done (elapsed 7.71 s, remaining 13.12 s)
11200000 of 30000000 tuples (37%) done (elapsed 7.78 s, remaining 13.05 s)
11300000 of 30000000 tuples (37%) done (elapsed 7.84 s, remaining 12.98 s)
11400000 of 30000000 tuples (38%) done (elapsed 7.91 s, remaining 12.91 s)
11500000 of 30000000 tuples (38%) done (elapsed 7.98 s, remaining 12.84 s)
11600000 of 30000000 tuples (38%) done (elapsed 8.04 s, remaining 12.76 s)
11700000 of 30000000 tuples (39%) done (elapsed 8.11 s, remaining 12.69 s)
11800000 of 30000000 tuples (39%) done (elapsed 8.18 s, remaining 12.62 s)
11900000 of 30000000 tuples (39%) done (elapsed 8.25 s, remaining 12.55 s)
12000000 of 30000000 tuples (40%) done (elapsed 8.32 s, remaining 12.47 s)
12100000 of 30000000 tuples (40%) done (elapsed 8.38 s, remaining 12.40 s)
12200000 of 30000000 tuples (40%) done (elapsed 8.45 s, remaining 12.33 s)
12300000 of 30000000 tuples (41%) done (elapsed 8.52 s, remaining 12.26 s)
12400000 of 30000000 tuples (41%) done (elapsed 8.58 s, remaining 12.18 s)
12500000 of 30000000 tuples (41%) done (elapsed 8.65 s, remaining 12.11 s)
12600000 of 30000000 tuples (42%) done (elapsed 8.72 s, remaining 12.04 s)
12700000 of 30000000 tuples (42%) done (elapsed 8.79 s, remaining 11.97 s)
12800000 of 30000000 tuples (42%) done (elapsed 8.86 s, remaining 11.90 s)
12900000 of 30000000 tuples (43%) done (elapsed 8.92 s, remaining 11.83 s)
13000000 of 30000000 tuples (43%) done (elapsed 8.99 s, remaining 11.76 s)
13100000 of 30000000 tuples (43%) done (elapsed 9.06 s, remaining 11.68 s)
13200000 of 30000000 tuples (44%) done (elapsed 9.12 s, remaining 11.61 s)
13300000 of 30000000 tuples (44%) done (elapsed 9.19 s, remaining 11.54 s)
13400000 of 30000000 tuples (44%) done (elapsed 9.31 s, remaining 11.54 s)
13500000 of 30000000 tuples (45%) done (elapsed 9.39 s, remaining 11.47 s)
13600000 of 30000000 tuples (45%) done (elapsed 9.45 s, remaining 11.40 s)
13700000 of 30000000 tuples (45%) done (elapsed 9.52 s, remaining 11.33 s)
13800000 of 30000000 tuples (46%) done (elapsed 9.58 s, remaining 11.25 s)
13900000 of 30000000 tuples (46%) done (elapsed 9.65 s, remaining 11.18 s)
14000000 of 30000000 tuples (46%) done (elapsed 9.72 s, remaining 11.11 s)
14100000 of 30000000 tuples (47%) done (elapsed 9.79 s, remaining 11.04 s)
14200000 of 30000000 tuples (47%) done (elapsed 9.86 s, remaining 10.97 s)
14300000 of 30000000 tuples (47%) done (elapsed 9.92 s, remaining 10.90 s)
14400000 of 30000000 tuples (48%) done (elapsed 9.99 s, remaining 10.83 s)
14500000 of 30000000 tuples (48%) done (elapsed 10.06 s, remaining 10.75 s)
14600000 of 30000000 tuples (48%) done (elapsed 10.12 s, remaining 10.68 s)
14700000 of 30000000 tuples (49%) done (elapsed 10.19 s, remaining 10.61 s)
14800000 of 30000000 tuples (49%) done (elapsed 10.26 s, remaining 10.54 s)
14900000 of 30000000 tuples (49%) done (elapsed 10.33 s, remaining 10.47 s)
15000000 of 30000000 tuples (50%) done (elapsed 10.40 s, remaining 10.40 s)
15100000 of 30000000 tuples (50%) done (elapsed 10.46 s, remaining 10.33 s)
15200000 of 30000000 tuples (50%) done (elapsed 10.53 s, remaining 10.25 s)
15300000 of 30000000 tuples (51%) done (elapsed 10.60 s, remaining 10.18 s)
15400000 of 30000000 tuples (51%) done (elapsed 10.66 s, remaining 10.11 s)
15500000 of 30000000 tuples (51%) done (elapsed 10.73 s, remaining 10.04 s)
15600000 of 30000000 tuples (52%) done (elapsed 10.80 s, remaining 9.97 s)
15700000 of 30000000 tuples (52%) done (elapsed 10.87 s, remaining 9.90 s)
15800000 of 30000000 tuples (52%) done (elapsed 10.94 s, remaining 9.83 s)
15900000 of 30000000 tuples (53%) done (elapsed 11.00 s, remaining 9.75 s)
16000000 of 30000000 tuples (53%) done (elapsed 11.07 s, remaining 9.68 s)
16100000 of 30000000 tuples (53%) done (elapsed 11.14 s, remaining 9.61 s)
16200000 of 30000000 tuples (54%) done (elapsed 11.20 s, remaining 9.54 s)
16300000 of 30000000 tuples (54%) done (elapsed 11.27 s, remaining 9.47 s)
16400000 of 30000000 tuples (54%) done (elapsed 11.34 s, remaining 9.40 s)
16500000 of 30000000 tuples (55%) done (elapsed 11.41 s, remaining 9.33 s)
16600000 of 30000000 tuples (55%) done (elapsed 11.47 s, remaining 9.26 s)
16700000 of 30000000 tuples (55%) done (elapsed 11.54 s, remaining 9.19 s)
16800000 of 30000000 tuples (56%) done (elapsed 11.61 s, remaining 9.12 s)
16900000 of 30000000 tuples (56%) done (elapsed 11.68 s, remaining 9.05 s)
17000000 of 30000000 tuples (56%) done (elapsed 11.74 s, remaining 8.98 s)
17100000 of 30000000 tuples (57%) done (elapsed 11.81 s, remaining 8.91 s)
17200000 of 30000000 tuples (57%) done (elapsed 11.88 s, remaining 8.84 s)
17300000 of 30000000 tuples (57%) done (elapsed 11.94 s, remaining 8.77 s)
17400000 of 30000000 tuples (58%) done (elapsed 12.01 s, remaining 8.70 s)
17500000 of 30000000 tuples (58%) done (elapsed 12.08 s, remaining 8.63 s)
17600000 of 30000000 tuples (58%) done (elapsed 12.15 s, remaining 8.56 s)
17700000 of 30000000 tuples (59%) done (elapsed 12.22 s, remaining 8.49 s)
17800000 of 30000000 tuples (59%) done (elapsed 12.28 s, remaining 8.42 s)
17900000 of 30000000 tuples (59%) done (elapsed 12.35 s, remaining 8.35 s)
18000000 of 30000000 tuples (60%) done (elapsed 12.42 s, remaining 8.28 s)
18100000 of 30000000 tuples (60%) done (elapsed 12.48 s, remaining 8.21 s)
18200000 of 30000000 tuples (60%) done (elapsed 12.55 s, remaining 8.14 s)
18300000 of 30000000 tuples (61%) done (elapsed 12.62 s, remaining 8.07 s)
18400000 of 30000000 tuples (61%) done (elapsed 12.69 s, remaining 8.00 s)
18500000 of 30000000 tuples (61%) done (elapsed 12.76 s, remaining 7.93 s)
18600000 of 30000000 tuples (62%) done (elapsed 12.83 s, remaining 7.86 s)
18700000 of 30000000 tuples (62%) done (elapsed 12.89 s, remaining 7.79 s)
18800000 of 30000000 tuples (62%) done (elapsed 12.96 s, remaining 7.72 s)
18900000 of 30000000 tuples (63%) done (elapsed 13.02 s, remaining 7.65 s)
19000000 of 30000000 tuples (63%) done (elapsed 13.09 s, remaining 7.58 s)
19100000 of 30000000 tuples (63%) done (elapsed 13.16 s, remaining 7.51 s)
19200000 of 30000000 tuples (64%) done (elapsed 13.23 s, remaining 7.44 s)
19300000 of 30000000 tuples (64%) done (elapsed 13.30 s, remaining 7.37 s)
19400000 of 30000000 tuples (64%) done (elapsed 13.36 s, remaining 7.30 s)
19500000 of 30000000 tuples (65%) done (elapsed 13.43 s, remaining 7.23 s)
19600000 of 30000000 tuples (65%) done (elapsed 13.50 s, remaining 7.16 s)
19700000 of 30000000 tuples (65%) done (elapsed 13.57 s, remaining 7.09 s)
19800000 of 30000000 tuples (66%) done (elapsed 13.63 s, remaining 7.02 s)
19900000 of 30000000 tuples (66%) done (elapsed 13.70 s, remaining 6.95 s)
20000000 of 30000000 tuples (66%) done (elapsed 13.77 s, remaining 6.89 s)
20100000 of 30000000 tuples (67%) done (elapsed 13.84 s, remaining 6.82 s)
20200000 of 30000000 tuples (67%) done (elapsed 13.90 s, remaining 6.74 s)
20300000 of 30000000 tuples (67%) done (elapsed 13.97 s, remaining 6.68 s)
20400000 of 30000000 tuples (68%) done (elapsed 14.04 s, remaining 6.61 s)
20500000 of 30000000 tuples (68%) done (elapsed 14.11 s, remaining 6.54 s)
20600000 of 30000000 tuples (68%) done (elapsed 14.17 s, remaining 6.47 s)
20700000 of 30000000 tuples (69%) done (elapsed 14.24 s, remaining 6.40 s)
20800000 of 30000000 tuples (69%) done (elapsed 14.31 s, remaining 6.33 s)
20900000 of 30000000 tuples (69%) done (elapsed 14.37 s, remaining 6.26 s)
21000000 of 30000000 tuples (70%) done (elapsed 14.44 s, remaining 6.19 s)
21100000 of 30000000 tuples (70%) done (elapsed 14.51 s, remaining 6.12 s)
21200000 of 30000000 tuples (70%) done (elapsed 14.58 s, remaining 6.05 s)
21300000 of 30000000 tuples (71%) done (elapsed 14.65 s, remaining 5.98 s)
21400000 of 30000000 tuples (71%) done (elapsed 14.72 s, remaining 5.91 s)
21500000 of 30000000 tuples (71%) done (elapsed 14.78 s, remaining 5.84 s)
21600000 of 30000000 tuples (72%) done (elapsed 14.85 s, remaining 5.77 s)
21700000 of 30000000 tuples (72%) done (elapsed 14.92 s, remaining 5.70 s)
21800000 of 30000000 tuples (72%) done (elapsed 14.98 s, remaining 5.64 s)
21900000 of 30000000 tuples (73%) done (elapsed 15.05 s, remaining 5.57 s)
22000000 of 30000000 tuples (73%) done (elapsed 15.12 s, remaining 5.50 s)
22100000 of 30000000 tuples (73%) done (elapsed 15.19 s, remaining 5.43 s)
22200000 of 30000000 tuples (74%) done (elapsed 15.26 s, remaining 5.36 s)
22300000 of 30000000 tuples (74%) done (elapsed 15.32 s, remaining 5.29 s)
22400000 of 30000000 tuples (74%) done (elapsed 15.39 s, remaining 5.22 s)
22500000 of 30000000 tuples (75%) done (elapsed 15.46 s, remaining 5.15 s)
22600000 of 30000000 tuples (75%) done (elapsed 15.52 s, remaining 5.08 s)
22700000 of 30000000 tuples (75%) done (elapsed 15.59 s, remaining 5.01 s)
22800000 of 30000000 tuples (76%) done (elapsed 15.66 s, remaining 4.95 s)
22900000 of 30000000 tuples (76%) done (elapsed 15.73 s, remaining 4.88 s)
23000000 of 30000000 tuples (76%) done (elapsed 15.80 s, remaining 4.81 s)
23100000 of 30000000 tuples (77%) done (elapsed 15.86 s, remaining 4.74 s)
23200000 of 30000000 tuples (77%) done (elapsed 15.93 s, remaining 4.67 s)
23300000 of 30000000 tuples (77%) done (elapsed 16.00 s, remaining 4.60 s)
23400000 of 30000000 tuples (78%) done (elapsed 16.07 s, remaining 4.53 s)
23500000 of 30000000 tuples (78%) done (elapsed 16.13 s, remaining 4.46 s)
23600000 of 30000000 tuples (78%) done (elapsed 16.20 s, remaining 4.39 s)
23700000 of 30000000 tuples (79%) done (elapsed 16.27 s, remaining 4.33 s)
23800000 of 30000000 tuples (79%) done (elapsed 16.34 s, remaining 4.26 s)
23900000 of 30000000 tuples (79%) done (elapsed 16.40 s, remaining 4.19 s)
24000000 of 30000000 tuples (80%) done (elapsed 16.47 s, remaining 4.12 s)
24100000 of 30000000 tuples (80%) done (elapsed 16.54 s, remaining 4.05 s)
24200000 of 30000000 tuples (80%) done (elapsed 16.61 s, remaining 3.98 s)
24300000 of 30000000 tuples (81%) done (elapsed 16.68 s, remaining 3.91 s)
24400000 of 30000000 tuples (81%) done (elapsed 16.75 s, remaining 3.84 s)
24500000 of 30000000 tuples (81%) done (elapsed 16.81 s, remaining 3.77 s)
24600000 of 30000000 tuples (82%) done (elapsed 16.88 s, remaining 3.70 s)
24700000 of 30000000 tuples (82%) done (elapsed 16.95 s, remaining 3.64 s)
24800000 of 30000000 tuples (82%) done (elapsed 17.01 s, remaining 3.57 s)
24900000 of 30000000 tuples (83%) done (elapsed 17.08 s, remaining 3.50 s)
25000000 of 30000000 tuples (83%) done (elapsed 17.24 s, remaining 3.45 s)
25100000 of 30000000 tuples (83%) done (elapsed 17.35 s, remaining 3.39 s)
25200000 of 30000000 tuples (84%) done (elapsed 17.42 s, remaining 3.32 s)
25300000 of 30000000 tuples (84%) done (elapsed 17.49 s, remaining 3.25 s)
25400000 of 30000000 tuples (84%) done (elapsed 17.56 s, remaining 3.18 s)
25500000 of 30000000 tuples (85%) done (elapsed 17.63 s, remaining 3.11 s)
25600000 of 30000000 tuples (85%) done (elapsed 17.70 s, remaining 3.04 s)
25700000 of 30000000 tuples (85%) done (elapsed 17.77 s, remaining 2.97 s)
25800000 of 30000000 tuples (86%) done (elapsed 17.84 s, remaining 2.90 s)
25900000 of 30000000 tuples (86%) done (elapsed 17.90 s, remaining 2.83 s)
26000000 of 30000000 tuples (86%) done (elapsed 17.97 s, remaining 2.76 s)
26100000 of 30000000 tuples (87%) done (elapsed 18.04 s, remaining 2.70 s)
26200000 of 30000000 tuples (87%) done (elapsed 18.11 s, remaining 2.63 s)
26300000 of 30000000 tuples (87%) done (elapsed 18.18 s, remaining 2.56 s)
26400000 of 30000000 tuples (88%) done (elapsed 18.25 s, remaining 2.49 s)
26500000 of 30000000 tuples (88%) done (elapsed 18.31 s, remaining 2.42 s)
26600000 of 30000000 tuples (88%) done (elapsed 18.38 s, remaining 2.35 s)
26700000 of 30000000 tuples (89%) done (elapsed 18.45 s, remaining 2.28 s)
26800000 of 30000000 tuples (89%) done (elapsed 18.51 s, remaining 2.21 s)
26900000 of 30000000 tuples (89%) done (elapsed 18.58 s, remaining 2.14 s)
27000000 of 30000000 tuples (90%) done (elapsed 18.65 s, remaining 2.07 s)
27100000 of 30000000 tuples (90%) done (elapsed 18.72 s, remaining 2.00 s)
27200000 of 30000000 tuples (90%) done (elapsed 18.79 s, remaining 1.93 s)
27300000 of 30000000 tuples (91%) done (elapsed 18.86 s, remaining 1.86 s)
27400000 of 30000000 tuples (91%) done (elapsed 18.92 s, remaining 1.80 s)
27500000 of 30000000 tuples (91%) done (elapsed 18.99 s, remaining 1.73 s)
27600000 of 30000000 tuples (92%) done (elapsed 19.06 s, remaining 1.66 s)
27700000 of 30000000 tuples (92%) done (elapsed 19.13 s, remaining 1.59 s)
27800000 of 30000000 tuples (92%) done (elapsed 19.19 s, remaining 1.52 s)
27900000 of 30000000 tuples (93%) done (elapsed 19.49 s, remaining 1.47 s)
28000000 of 30000000 tuples (93%) done (elapsed 19.57 s, remaining 1.40 s)
28100000 of 30000000 tuples (93%) done (elapsed 19.63 s, remaining 1.33 s)
28200000 of 30000000 tuples (94%) done (elapsed 19.70 s, remaining 1.26 s)
28300000 of 30000000 tuples (94%) done (elapsed 19.77 s, remaining 1.19 s)
28400000 of 30000000 tuples (94%) done (elapsed 19.84 s, remaining 1.12 s)
28500000 of 30000000 tuples (95%) done (elapsed 19.91 s, remaining 1.05 s)
28600000 of 30000000 tuples (95%) done (elapsed 19.98 s, remaining 0.98 s)
28700000 of 30000000 tuples (95%) done (elapsed 20.05 s, remaining 0.91 s)
28800000 of 30000000 tuples (96%) done (elapsed 20.11 s, remaining 0.84 s)
28900000 of 30000000 tuples (96%) done (elapsed 20.18 s, remaining 0.77 s)
29000000 of 30000000 tuples (96%) done (elapsed 20.25 s, remaining 0.70 s)
29100000 of 30000000 tuples (97%) done (elapsed 20.31 s, remaining 0.63 s)
29200000 of 30000000 tuples (97%) done (elapsed 20.38 s, remaining 0.56 s)
29300000 of 30000000 tuples (97%) done (elapsed 20.45 s, remaining 0.49 s)
29400000 of 30000000 tuples (98%) done (elapsed 20.52 s, remaining 0.42 s)
29500000 of 30000000 tuples (98%) done (elapsed 20.58 s, remaining 0.35 s)
29600000 of 30000000 tuples (98%) done (elapsed 20.65 s, remaining 0.28 s)
29700000 of 30000000 tuples (99%) done (elapsed 20.72 s, remaining 0.21 s)
29800000 of 30000000 tuples (99%) done (elapsed 20.78 s, remaining 0.14 s)
29900000 of 30000000 tuples (99%) done (elapsed 20.85 s, remaining 0.07 s)
30000000 of 30000000 tuples (100%) done (elapsed 20.92 s, remaining 0.00 s)
vacuum...
set primary keys...
NOTICE:  ALTER TABLE / ADD PRIMARY KEY will create implicit index "pgbench_branches_pkey" for table "pgbench_branches"
NOTICE:  ALTER TABLE / ADD PRIMARY KEY will create implicit index "pgbench_tellers_pkey" for table "pgbench_tellers"
NOTICE:  ALTER TABLE / ADD PRIMARY KEY will create implicit index "pgbench_accounts_pkey" for table "pgbench_accounts"
done.
starting vacuum...end.
transaction type: <builtin: TPC-B (sort of)>
scaling factor: 300
query mode: simple
number of clients: 32
number of threads: 4
duration: 60 s
number of transactions actually processed: 3469
latency average: 553.474 ms
tps = 57.625791 (including connections establishing)
tps = 57.627727 (excluding connections establishing)
script statistics:
 - statement latencies in milliseconds:
         0.002  \set aid random(1, 100000 * :scale)
         0.001  \set bid random(1, 1 * :scale)
         0.001  \set tid random(1, 10 * :scale)
         0.001  \set delta random(-5000, 5000)
         0.121  BEGIN;
       212.408  UPDATE pgbench_accounts SET abalance = abalance + :delta WHERE aid = :aid;
         2.474  SELECT abalance FROM pgbench_accounts WHERE aid = :aid;
       126.154  UPDATE pgbench_tellers SET tbalance = tbalance + :delta WHERE tid = :tid;
        92.488  UPDATE pgbench_branches SET bbalance = bbalance + :delta WHERE bid = :bid;
        38.891  INSERT INTO pgbench_history (tid, bid, aid, delta, mtime) VALUES (:tid, :bid, :aid, :delta, CURRENT_TIMESTAMP);
        82.837  END;
starting vacuum...end.
transaction type: <builtin: TPC-B (sort of)>
scaling factor: 300
query mode: simple
number of clients: 32
number of threads: 4
duration: 60 s
number of transactions actually processed: 2309
latency average: 831.529 ms
tps = 38.322933 (including connections establishing)
tps = 38.323906 (excluding connections establishing)
script statistics:
 - statement latencies in milliseconds:
         0.002  \set aid random(1, 100000 * :scale)
         0.001  \set bid random(1, 1 * :scale)
         0.001  \set tid random(1, 10 * :scale)
         0.001  \set delta random(-5000, 5000)
         0.127  BEGIN;
       520.372  UPDATE pgbench_accounts SET abalance = abalance + :delta WHERE aid = :aid;
         0.641  SELECT abalance FROM pgbench_accounts WHERE aid = :aid;
       124.643  UPDATE pgbench_tellers SET tbalance = tbalance + :delta WHERE tid = :tid;
        39.182  UPDATE pgbench_branches SET bbalance = bbalance + :delta WHERE bid = :bid;
        18.890  INSERT INTO pgbench_history (tid, bid, aid, delta, mtime) VALUES (:tid, :bid, :aid, :delta, CURRENT_TIMESTAMP);
       130.862  END;
starting vacuum...end.
transaction type: <builtin: TPC-B (sort of)>
scaling factor: 300
query mode: simple
number of clients: 32
number of threads: 4
duration: 60 s
number of transactions actually processed: 1904
latency average: 1008.403 ms
tps = 31.690474 (including connections establishing)
tps = 31.691335 (excluding connections establishing)
script statistics:
 - statement latencies in milliseconds:
         0.003  \set aid random(1, 100000 * :scale)
         0.001  \set bid random(1, 1 * :scale)
         0.001  \set tid random(1, 10 * :scale)
         0.001  \set delta random(-5000, 5000)
         0.125  BEGIN;
       527.036  UPDATE pgbench_accounts SET abalance = abalance + :delta WHERE aid = :aid;
         2.995  SELECT abalance FROM pgbench_accounts WHERE aid = :aid;
       148.691  UPDATE pgbench_tellers SET tbalance = tbalance + :delta WHERE tid = :tid;
       107.556  UPDATE pgbench_branches SET bbalance = bbalance + :delta WHERE bid = :bid;
        51.294  INSERT INTO pgbench_history (tid, bid, aid, delta, mtime) VALUES (:tid, :bid, :aid, :delta, CURRENT_TIMESTAMP);
       172.933  END;
starting vacuum...end.
transaction type: <builtin: TPC-B (sort of)>
scaling factor: 300
query mode: simple
number of clients: 32
number of threads: 4
duration: 300 s
number of transactions actually processed: 11465
latency average: 837.331 ms
tps = 38.151840 (including connections establishing)
tps = 38.152027 (excluding connections establishing)
script statistics:
 - statement latencies in milliseconds:
         0.002  \set aid random(1, 100000 * :scale)
         0.001  \set bid random(1, 1 * :scale)
         0.001  \set tid random(1, 10 * :scale)
         0.001  \set delta random(-5000, 5000)
         0.152  BEGIN;
       505.503  UPDATE pgbench_accounts SET abalance = abalance + :delta WHERE aid = :aid;
         0.520  SELECT abalance FROM pgbench_accounts WHERE aid = :aid;
       129.179  UPDATE pgbench_tellers SET tbalance = tbalance + :delta WHERE tid = :tid;
        48.458  UPDATE pgbench_branches SET bbalance = bbalance + :delta WHERE bid = :bid;
        20.273  INSERT INTO pgbench_history (tid, bid, aid, delta, mtime) VALUES (:tid, :bid, :aid, :delta, CURRENT_TIMESTAMP);
       134.675  END;
starting vacuum...end.
transaction type: <builtin: TPC-B (sort of)>
scaling factor: 300
query mode: simple
number of clients: 32
number of threads: 4
duration: 900 s
number of transactions actually processed: 27277
latency average: 1055.835 ms
tps = 30.290648 (including connections establishing)
tps = 30.290695 (excluding connections establishing)
script statistics:
 - statement latencies in milliseconds:
         0.002  \set aid random(1, 100000 * :scale)
         0.001  \set bid random(1, 1 * :scale)
         0.001  \set tid random(1, 10 * :scale)
         0.001  \set delta random(-5000, 5000)
         0.144  BEGIN;
       585.822  UPDATE pgbench_accounts SET abalance = abalance + :delta WHERE aid = :aid;
         0.486  SELECT abalance FROM pgbench_accounts WHERE aid = :aid;
       179.520  UPDATE pgbench_tellers SET tbalance = tbalance + :delta WHERE tid = :tid;
        89.711  UPDATE pgbench_branches SET bbalance = bbalance + :delta WHERE bid = :bid;
        35.635  INSERT INTO pgbench_history (tid, bid, aid, delta, mtime) VALUES (:tid, :bid, :aid, :delta, CURRENT_TIMESTAMP);
       165.376  END;
========================================================================
Testing 2007-07-01-REL8_3_0~1189
Start Time: 2016-07-30 19:07:04+00:00
Linux 3.16.0-4-amd64 (Debian-83-jessie-64-minimal) 	30.07.16 	_x86_64_	(8 CPU)

starting vacuum...end.
transaction type: <builtin: TPC-B (sort of)>
scaling factor: 300
query mode: simple
number of clients: 32
number of threads: 4
duration: 900 s
number of transactions actually processed: 28343
latency average: 1016.124 ms
tps = 31.399220 (including connections establishing)
tps = 31.399278 (excluding connections establishing)
script statistics:
 - statement latencies in milliseconds:
         0.002  \set aid random(1, 100000 * :scale)
         0.001  \set bid random(1, 1 * :scale)
         0.001  \set tid random(1, 10 * :scale)
         0.001  \set delta random(-5000, 5000)
         0.153  BEGIN;
       497.810  UPDATE pgbench_accounts SET abalance = abalance + :delta WHERE aid = :aid;
         0.549  SELECT abalance FROM pgbench_accounts WHERE aid = :aid;
       184.558  UPDATE pgbench_tellers SET tbalance = tbalance + :delta WHERE tid = :tid;
       110.660  UPDATE pgbench_branches SET bbalance = bbalance + :delta WHERE bid = :bid;
        45.643  INSERT INTO pgbench_history (tid, bid, aid, delta, mtime) VALUES (:tid, :bid, :aid, :delta, CURRENT_TIMESTAMP);
       179.532  END;
avg-cpu:  %user   %nice %system %iowait  %steal   %idle
           0,40    0,00    0,21   11,09    0,00   88,31

Device:         rrqm/s   wrqm/s     r/s     w/s    rkB/s    wkB/s avgrq-sz avgqu-sz   await r_await w_await  svctm  %util
sdb               0,00     2,60    3,04  124,88    25,39  1005,81    16,12    21,32  166,12   24,83  169,56   4,94  63,19
sda               0,00     2,60   23,44  125,02   198,30  1006,97    16,24    14,00   94,29   38,83  104,69   5,44  80,70
md0               0,00     0,00    0,05    0,01     0,20     0,04     8,00     0,00    0,00    0,00    0,00   0,00   0,00
md1               0,00     0,00    0,00    0,00     0,00     0,00     0,00     0,00    0,00    0,00    0,00   0,00   0,00
md2               0,00     0,00   26,43  127,19   223,47  1006,96    16,02     0,00    0,00    0,00    0,00   0,00   0,00
md3               0,00     0,00    0,00    0,01     0,00     0,04     8,00     0,00    0,00    0,00    0,00   0,00   0,00

End Time: 2016-07-30 19:22:34+00:00
========================================================================
========================================================================
Testing 2007-07-01-REL8_3_0~1189
Start Time: 2016-08-07 05:23:32+00:00
Shared Buffers:  260000
Linux 3.16.0-4-amd64 (Debian-83-jessie-64-minimal) 	07.08.16 	_x86_64_	(8 CPU)

starting vacuum...end.
transaction type: <builtin: TPC-B (sort of)>
scaling factor: 300
query mode: simple
number of clients: 32
number of threads: 4
duration: 900 s
number of transactions actually processed: 30527
latency average: 943.427 ms
tps = 33.884273 (including connections establishing)
tps = 33.884332 (excluding connections establishing)
script statistics:
 - statement latencies in milliseconds:
         0.002  \set aid random(1, 100000 * :scale)
         0.001  \set bid random(1, 1 * :scale)
         0.001  \set tid random(1, 10 * :scale)
         0.001  \set delta random(-5000, 5000)
         0.141  BEGIN;
       480.031  UPDATE pgbench_accounts SET abalance = abalance + :delta WHERE aid = :aid;
         0.377  SELECT abalance FROM pgbench_accounts WHERE aid = :aid;
       172.258  UPDATE pgbench_tellers SET tbalance = tbalance + :delta WHERE tid = :tid;
        94.399  UPDATE pgbench_branches SET bbalance = bbalance + :delta WHERE bid = :bid;
        38.123  INSERT INTO pgbench_history (tid, bid, aid, delta, mtime) VALUES (:tid, :bid, :aid, :delta, CURRENT_TIMESTAMP);
       159.064  END;
avg-cpu:  %user   %nice %system %iowait  %steal   %idle
           0,42    0,00    0,24   11,58    0,00   87,76

Device:         rrqm/s   wrqm/s     r/s     w/s    rkB/s    wkB/s avgrq-sz avgqu-sz   await r_await w_await  svctm  %util
sdb               0,00     2,49    3,09  131,94    26,34  1119,08    16,97    18,81  139,29   22,82  142,01   4,46  60,28
sda               0,02     2,49   25,23  131,94   214,66  1119,08    16,97    15,39   97,90   39,33  109,10   5,41  85,00
md0               0,00     0,00    0,12    0,05     0,48     0,18     8,00     0,00    0,00    0,00    0,00   0,00   0,00
md1               0,00     0,00    0,00    0,00     0,00     0,00     0,00     0,00    0,00    0,00    0,00   0,00   0,00
md2               0,00     0,00   28,23  133,84   240,53  1117,68    16,76     0,00    0,00    0,00    0,00   0,00   0,00
md3               0,00     0,00    0,00    0,01     0,00     0,04     8,00     0,00    0,00    0,00    0,00   0,00   0,00

Control File Changes
--- /usr/local/oldpgsql/2007-07-01-REL8_3_0~1189/before.controldata	2016-08-07 07:23:32.712416706 +0200
+++ /usr/local/oldpgsql/2007-07-01-REL8_3_0~1189/after.controldata	2016-08-07 07:40:14.720053756 +0200
@@ -2,16 +2,16 @@
 Catalog version number:               200706271
 Database system identifier:           6255552089202262015
 Database cluster state:               in production
-pg_control last modified:             нд, 07-сер-2016 07:23:32 +0200
-Latest checkpoint location:           0/60F04200
-Prior checkpoint location:            0/60F041B8
-Latest checkpoint's REDO location:    0/60F04200
+pg_control last modified:             нд, 07-сер-2016 07:40:14 +0200
+Latest checkpoint location:           0/7DA88600
+Prior checkpoint location:            0/7DA885B8
+Latest checkpoint's REDO location:    0/7DA88600
 Latest checkpoint's TimeLineID:       1
-Latest checkpoint's NextXID:          0/86205
-Latest checkpoint's NextOID:          16465
+Latest checkpoint's NextXID:          0/116989
+Latest checkpoint's NextOID:          24657
 Latest checkpoint's NextMultiXactId:  1
 Latest checkpoint's NextMultiOffset:  0
-Time of latest checkpoint:            нд, 07-сер-2016 07:23:32 +0200
+Time of latest checkpoint:            нд, 07-сер-2016 07:40:13 +0200
 Minimum recovery ending location:     0/0
 Maximum data alignment:               8
 Database block size:                  8192
End Time: 2016-08-07 05:40:14+00:00
========================================================================
========================================================================
Testing 2007-07-01-REL8_3_0~1189
Start Time: 2016-08-09 00:37:31+00:00
Shared Buffers:  260000
size before pgbench of pgbench_tellers: 392
size before pgbench of pgbench_branches: 264
size before pgbench of pgbench_accounts: 803172
size before pgbench of pgbench_branches_pkey: 40
size before pgbench of pgbench_tellers_pkey: 152
size before pgbench of pgbench_accounts_pkey: 658092
size before pgbench of pgbench_history: 2848
total size before pgbench: 1464960
Linux 3.16.0-4-amd64 (Debian-83-jessie-64-minimal) 	09.08.16 	_x86_64_	(8 CPU)

starting vacuum...end.
transaction type: <builtin: select only>
scaling factor: 300
query mode: simple
number of clients: 32
number of threads: 4
duration: 60 s
number of transactions actually processed: 63237
latency average: 30.362 ms
tps = 1052.069986 (including connections establishing)
tps = 1052.097136 (excluding connections establishing)
script statistics:
 - statement latencies in milliseconds:
         0.002  \set aid random(1, 100000 * :scale)
        30.376  SELECT abalance FROM pgbench_accounts WHERE aid = :aid;
avg-cpu:  %user   %nice %system %iowait  %steal   %idle
           1,06    0,00    0,64   27,53    0,00   70,77

Device:         rrqm/s   wrqm/s     r/s     w/s    rkB/s    wkB/s avgrq-sz avgqu-sz   await r_await w_await  svctm  %util
sdb               0,03     5,51  257,48    2,07  2373,78    29,83    18,52    15,61   60,13   41,24 2413,94   2,65  68,88
sda               0,00     5,51  253,00    2,07  2344,31    29,83    18,62    14,57   57,11   49,06 1043,18   2,67  68,04
md0               0,00     0,00    0,10    4,76     0,40    19,02     8,00     0,00    0,00    0,00    0,00   0,00   0,00
md1               0,00     0,00    0,00    0,00     0,00     0,00     0,00     0,00    0,00    0,00    0,00   0,00   0,00
md2               0,00     0,00  510,41    1,67  4717,69     8,22    18,46     0,00    0,00    0,00    0,00   0,00   0,00
md3               0,00     0,00    0,00    0,10     0,00     0,40     8,00     0,00    0,00    0,00    0,00   0,00   0,00

Control File Changes
--- /usr/local/oldpgsql/2007-07-01-REL8_3_0~1189/before.controldata	2016-08-09 02:38:55.363829953 +0200
+++ /usr/local/oldpgsql/2007-07-01-REL8_3_0~1189/after.controldata	2016-08-09 02:40:27.839977680 +0200
@@ -5,4 +5,4 @@
-pg_control last modified:             Tue Aug  9 00:38:55 2016
-Latest checkpoint location:           0/7DA88690
-Prior checkpoint location:            0/7DA88648
-Latest checkpoint's REDO location:    0/7DA88690
+pg_control last modified:             Tue Aug  9 00:40:27 2016
+Latest checkpoint location:           0/7DA8D210
+Prior checkpoint location:            0/7DA88690
+Latest checkpoint's REDO location:    0/7DA8D210
@@ -10,2 +10,2 @@
-Latest checkpoint's NextXID:          0/117031
-Latest checkpoint's NextOID:          16466
+Latest checkpoint's NextXID:          0/180321
+Latest checkpoint's NextOID:          24658
@@ -14 +14 @@
-Time of latest checkpoint:            Tue Aug  9 00:38:54 2016
+Time of latest checkpoint:            Tue Aug  9 00:40:25 2016
size after pgbench of pgbench_tellers: 392
size after pgbench of pgbench_branches: 264
size after pgbench of pgbench_accounts: 803172
size after pgbench of pgbench_branches_pkey: 40
size after pgbench of pgbench_tellers_pkey: 152
size after pgbench of pgbench_accounts_pkey: 658092
size after pgbench of pgbench_history: 0
total size after pgbench: 1462112
End Time: 2016-08-09 00:40:27+00:00
========================================================================
========================================================================
Testing 2007-07-01-REL8_3_0~1189
Start Time: 2016-08-09 15:34:03+00:00
Shared Buffers:  260000
size before pgbench of pgbench_tellers: 392
size before pgbench of pgbench_branches: 264
size before pgbench of pgbench_accounts: 803172
size before pgbench of pgbench_branches_pkey: 40
size before pgbench of pgbench_tellers_pkey: 152
size before pgbench of pgbench_accounts_pkey: 658092
size before pgbench of pgbench_history: 0
total size before pgbench: 1462112
Linux 3.16.0-4-amd64 (Debian-83-jessie-64-minimal) 	09.08.16 	_x86_64_	(8 CPU)

starting vacuum...end.
transaction type: <builtin: select only>
scaling factor: 300
query mode: simple
number of clients: 32
number of threads: 4
duration: 60 s
number of transactions actually processed: 63577
latency average: 30.200 ms
tps = 1057.969338 (including connections establishing)
tps = 1058.007816 (excluding connections establishing)
script statistics:
 - statement latencies in milliseconds:
         0.002  \set aid random(1, 100000 * :scale)
        30.204  SELECT abalance FROM pgbench_accounts WHERE aid = :aid;
avg-cpu:  %user   %nice %system %iowait  %steal   %idle
           1,09    0,00    0,66   28,81    0,00   69,44

Device:         rrqm/s   wrqm/s     r/s     w/s    rkB/s    wkB/s avgrq-sz avgqu-sz   await r_await w_await  svctm  %util
sdb               0,14     3,92  264,33    2,26  2436,89    25,97    18,48    15,70   58,87   47,75 1361,83   2,53  67,46
sda               1,47     3,92  248,17    2,26  2289,96    25,97    18,50    13,82   55,18   43,81 1306,96   2,69  67,38
md0               0,00     0,00    2,68    2,73    10,71    10,93     8,00     0,00    0,00    0,00    0,00   0,00   0,00
md1               0,00     0,00    0,00    0,00     0,00     0,00     0,00     0,00    0,00    0,00    0,00   0,00   0,00
md2               0,00     0,00  511,42    2,19  4715,69    12,22    18,41     0,00    0,00    0,00    0,00   0,00   0,00
md3               0,00     0,00    0,00    0,10     0,00     0,40     8,00     0,00    0,00    0,00    0,00   0,00   0,00

Control File Changes
--- /usr/local/oldpgsql/2007-07-01-REL8_3_0~1189/before.controldata	2016-08-09 17:34:40.750052755 +0200
+++ /usr/local/oldpgsql/2007-07-01-REL8_3_0~1189/after.controldata	2016-08-09 17:36:12.018252062 +0200
@@ -5,4 +5,4 @@
-pg_control last modified:             Tue Aug  9 15:34:40 2016
-Latest checkpoint location:           0/7DA8D2A0
-Prior checkpoint location:            0/7DA8D258
-Latest checkpoint's REDO location:    0/7DA8D2A0
+pg_control last modified:             Tue Aug  9 15:36:11 2016
+Latest checkpoint location:           0/7DA91F28
+Prior checkpoint location:            0/7DA8D2A0
+Latest checkpoint's REDO location:    0/7DA91F28
@@ -10,2 +10,2 @@
-Latest checkpoint's NextXID:          0/180357
-Latest checkpoint's NextOID:          16467
+Latest checkpoint's NextXID:          0/243987
+Latest checkpoint's NextOID:          24659
@@ -14 +14 @@
-Time of latest checkpoint:            Tue Aug  9 15:34:40 2016
+Time of latest checkpoint:            Tue Aug  9 15:36:10 2016
size after pgbench of pgbench_tellers: 392
size after pgbench of pgbench_branches: 264
size after pgbench of pgbench_accounts: 803172
size after pgbench of pgbench_branches_pkey: 40
size after pgbench of pgbench_tellers_pkey: 152
size after pgbench of pgbench_accounts_pkey: 658092
size after pgbench of pgbench_history: 0
total size after pgbench: 1462112
End Time: 2016-08-09 15:36:12+00:00
========================================================================
========================================================================
Testing 2007-07-01-REL8_3_0~1189
Start Time: 2016-08-10 16:45:33+00:00
Shared Buffers:  260000
size before pgbench of pgbench_tellers: 392
size before pgbench of pgbench_branches: 264
size before pgbench of pgbench_accounts: 803172
size before pgbench of pgbench_branches_pkey: 40
size before pgbench of pgbench_tellers_pkey: 152
size before pgbench of pgbench_accounts_pkey: 658092
size before pgbench of pgbench_history: 0
total size before pgbench: 1462112
Linux 3.16.0-4-amd64 (Debian-83-jessie-64-minimal) 	10.08.16 	_x86_64_	(8 CPU)

starting vacuum...end.
transaction type: <builtin: select only>
scaling factor: 300
query mode: simple
number of clients: 32
number of threads: 4
duration: 60 s
number of transactions actually processed: 63390
latency average: 30.289 ms
tps = 1054.993259 (including connections establishing)
tps = 1055.020118 (excluding connections establishing)
script statistics:
 - statement latencies in milliseconds:
         0.002  \set aid random(1, 100000 * :scale)
        30.315  SELECT abalance FROM pgbench_accounts WHERE aid = :aid;
avg-cpu:  %user   %nice %system %iowait  %steal   %idle
           1,08    0,00    0,66   25,78    0,00   72,48

Device:         rrqm/s   wrqm/s     r/s     w/s    rkB/s    wkB/s avgrq-sz avgqu-sz   await r_await w_await  svctm  %util
sdb               0,03     4,08  259,74    2,08  2406,89    25,94    18,58    13,47   51,42   45,64  774,25   2,58  67,52
sda               0,09     4,07  251,66    2,09  2327,73    25,94    18,55    14,21   55,99   45,69 1296,96   2,66  67,61
md0               0,00     0,00    0,17    2,84     0,67    11,38     8,00     0,00    0,00    0,00    0,00   0,00   0,00
md1               0,00     0,00    0,00    0,00     0,00     0,00     0,00     0,00    0,00    0,00    0,00   0,00   0,00
md2               0,00     0,00  511,36    2,01  4733,96    11,64    18,49     0,00    0,00    0,00    0,00   0,00   0,00
md3               0,00     0,00    0,00    0,10     0,00     0,40     8,00     0,00    0,00    0,00    0,00   0,00   0,00

Control File Changes
--- /usr/local/oldpgsql/2007-07-01-REL8_3_0~1189/before.controldata	2016-08-10 18:46:10.138353475 +0200
+++ /usr/local/oldpgsql/2007-07-01-REL8_3_0~1189/after.controldata	2016-08-10 18:47:41.386547310 +0200
@@ -5,4 +5,4 @@
-pg_control last modified:             Wed Aug 10 16:46:10 2016
-Latest checkpoint location:           0/7DA91FB8
-Prior checkpoint location:            0/7DA91F70
-Latest checkpoint's REDO location:    0/7DA91FB8
+pg_control last modified:             Wed Aug 10 16:47:41 2016
+Latest checkpoint location:           0/7DA96D58
+Prior checkpoint location:            0/7DA91FB8
+Latest checkpoint's REDO location:    0/7DA96D58
@@ -10,2 +10,2 @@
-Latest checkpoint's NextXID:          0/244023
-Latest checkpoint's NextOID:          16468
+Latest checkpoint's NextXID:          0/307466
+Latest checkpoint's NextOID:          24660
@@ -14 +14 @@
-Time of latest checkpoint:            Wed Aug 10 16:46:09 2016
+Time of latest checkpoint:            Wed Aug 10 16:47:40 2016
size after pgbench of pgbench_tellers: 392
size after pgbench of pgbench_branches: 264
size after pgbench of pgbench_accounts: 803172
size after pgbench of pgbench_branches_pkey: 40
size after pgbench of pgbench_tellers_pkey: 152
size after pgbench of pgbench_accounts_pkey: 658092
size after pgbench of pgbench_history: 0
total size after pgbench: 1462112
End Time: 2016-08-10 16:47:41+00:00
========================================================================
========================================================================
Testing 2007-07-01-REL8_3_0~1189
Start Time: 2016-08-11 02:10:51+00:00
Shared Buffers:  260000
size before pgbench of pgbench_tellers: 392
size before pgbench of pgbench_branches: 264
size before pgbench of pgbench_accounts: 803172
size before pgbench of pgbench_branches_pkey: 40
size before pgbench of pgbench_tellers_pkey: 152
size before pgbench of pgbench_accounts_pkey: 658092
size before pgbench of pgbench_history: 0
total size before pgbench: 1462112
Linux 3.16.0-4-amd64 (Debian-83-jessie-64-minimal) 	11.08.16 	_x86_64_	(8 CPU)

starting vacuum...end.
transaction type: <builtin: select only>
scaling factor: 300
query mode: simple
number of clients: 32
number of threads: 4
duration: 60 s
number of transactions actually processed: 66893
latency average: 28.703 ms
tps = 1113.587433 (including connections establishing)
tps = 1113.614673 (excluding connections establishing)
script statistics:
 - statement latencies in milliseconds:
         0.002  \set aid random(1, 100000 * :scale)
        28.735  SELECT abalance FROM pgbench_accounts WHERE aid = :aid;
avg-cpu:  %user   %nice %system %iowait  %steal   %idle
           1,13    0,00    0,67   26,62    0,00   71,59

Device:         rrqm/s   wrqm/s     r/s     w/s    rkB/s    wkB/s avgrq-sz avgqu-sz   await r_await w_await  svctm  %util
sdb               0,00     3,86  269,08    1,60  2487,51    22,71    18,55    17,50   64,64   43,63 3596,94   2,49  67,39
sda               0,10     3,88  262,21    1,58  2435,11    22,71    18,63    13,67   51,81   44,55 1258,23   2,57  67,76
md0               0,00     0,00    0,12    3,07     0,49    12,27     8,00     0,00    0,00    0,00    0,00   0,00   0,00
md1               0,00     0,00    0,00    0,00     0,00     0,00     0,00     0,00    0,00    0,00    0,00   0,00   0,00
md2               0,00     0,00  531,28    1,43  4922,13     8,13    18,51     0,00    0,00    0,00    0,00   0,00   0,00
md3               0,00     0,00    0,00    0,10     0,00     0,40     8,00     0,00    0,00    0,00    0,00   0,00   0,00

Control File Changes
--- /usr/local/oldpgsql/2007-07-01-REL8_3_0~1189/before.controldata	2016-08-11 04:11:28.450637269 +0200
+++ /usr/local/oldpgsql/2007-07-01-REL8_3_0~1189/after.controldata	2016-08-11 04:12:59.502837453 +0200
@@ -5,4 +5,4 @@
-pg_control last modified:             Thu Aug 11 02:11:28 2016
-Latest checkpoint location:           0/7DA96DE8
-Prior checkpoint location:            0/7DA96DA0
-Latest checkpoint's REDO location:    0/7DA96DE8
+pg_control last modified:             Thu Aug 11 02:12:59 2016
+Latest checkpoint location:           0/7DA9BC80
+Prior checkpoint location:            0/7DA96DE8
+Latest checkpoint's REDO location:    0/7DA9BC80
@@ -10,2 +10,2 @@
-Latest checkpoint's NextXID:          0/307502
-Latest checkpoint's NextOID:          16469
+Latest checkpoint's NextXID:          0/374448
+Latest checkpoint's NextOID:          24661
@@ -14 +14 @@
-Time of latest checkpoint:            Thu Aug 11 02:11:28 2016
+Time of latest checkpoint:            Thu Aug 11 02:12:58 2016
size after pgbench of pgbench_tellers: 392
size after pgbench of pgbench_branches: 264
size after pgbench of pgbench_accounts: 803172
size after pgbench of pgbench_branches_pkey: 40
size after pgbench of pgbench_tellers_pkey: 152
size after pgbench of pgbench_accounts_pkey: 658092
size after pgbench of pgbench_history: 0
total size after pgbench: 1462112
End Time: 2016-08-11 02:12:59+00:00
========================================================================
========================================================================
Testing 2007-07-01-REL8_3_0~1189
Start Time: 2016-08-11 20:48:46+00:00
Shared Buffers:  260000
size before pgbench of pgbench_tellers: 392
size before pgbench of pgbench_branches: 264
size before pgbench of pgbench_accounts: 803172
size before pgbench of pgbench_branches_pkey: 40
size before pgbench of pgbench_tellers_pkey: 152
size before pgbench of pgbench_accounts_pkey: 658092
size before pgbench of pgbench_history: 0
total size before pgbench: 1462112
Linux 3.16.0-4-amd64 (Debian-83-jessie-64-minimal) 	11.08.16 	_x86_64_	(8 CPU)

starting vacuum...end.
transaction type: <builtin: select only>
scaling factor: 300
query mode: simple
number of clients: 32
number of threads: 4
duration: 60 s
number of transactions actually processed: 65646
latency average: 29.248 ms
tps = 1092.718876 (including connections establishing)
tps = 1092.747196 (excluding connections establishing)
script statistics:
 - statement latencies in milliseconds:
         0.002  \set aid random(1, 100000 * :scale)
        29.257  SELECT abalance FROM pgbench_accounts WHERE aid = :aid;
avg-cpu:  %user   %nice %system %iowait  %steal   %idle
           1,07    0,00    0,67   26,74    0,00   71,52

Device:         rrqm/s   wrqm/s     r/s     w/s    rkB/s    wkB/s avgrq-sz avgqu-sz   await r_await w_await  svctm  %util
sdb               0,00     5,11  259,83    1,81  2400,67    29,00    18,57    12,58   48,07   43,36  724,10   2,56  67,05
sda               0,03     5,12  261,61    1,80  2417,11    29,00    18,57    15,34   58,23   46,86 1711,60   2,57  67,57
md0               0,00     0,00    0,09    4,00     0,36    16,00     8,00     0,00    0,00    0,00    0,00   0,00   0,00
md1               0,00     0,00    0,00    0,00     0,00     0,00     0,00     0,00    0,00    0,00    0,00   0,00   0,00
md2               0,00     0,00  521,42    1,88  4817,42    10,53    18,45     0,00    0,00    0,00    0,00   0,00   0,00
md3               0,00     0,00    0,00    0,10     0,00     0,40     8,00     0,00    0,00    0,00    0,00   0,00   0,00

Control File Changes
--- /usr/local/oldpgsql/2007-07-01-REL8_3_0~1189/before.controldata	2016-08-11 22:49:23.896918691 +0200
+++ /usr/local/oldpgsql/2007-07-01-REL8_3_0~1189/after.controldata	2016-08-11 22:50:55.041388475 +0200
@@ -5,4 +5,4 @@
-pg_control last modified:             Thu Aug 11 20:49:23 2016
-Latest checkpoint location:           0/7DA9BD10
-Prior checkpoint location:            0/7DA9BCC8
-Latest checkpoint's REDO location:    0/7DA9BD10
+pg_control last modified:             Thu Aug 11 20:50:54 2016
+Latest checkpoint location:           0/7DAA0CD0
+Prior checkpoint location:            0/7DA9BD10
+Latest checkpoint's REDO location:    0/7DAA0CD0
@@ -10,2 +10,2 @@
-Latest checkpoint's NextXID:          0/374484
-Latest checkpoint's NextOID:          16470
+Latest checkpoint's NextXID:          0/440183
+Latest checkpoint's NextOID:          24662
@@ -14 +14 @@
-Time of latest checkpoint:            Thu Aug 11 20:49:23 2016
+Time of latest checkpoint:            Thu Aug 11 20:50:53 2016
size after pgbench of pgbench_tellers: 392
size after pgbench of pgbench_branches: 264
size after pgbench of pgbench_accounts: 803172
size after pgbench of pgbench_branches_pkey: 40
size after pgbench of pgbench_tellers_pkey: 152
size after pgbench of pgbench_accounts_pkey: 658092
size after pgbench of pgbench_history: 0
total size after pgbench: 1462112
End Time: 2016-08-11 20:50:55+00:00
========================================================================
========================================================================
Testing 2007-07-01-REL8_3_0~1189
Start Time: 2016-08-12 21:38:34+00:00
Shared Buffers:  260000
size before pgbench of pgbench_tellers: 392
size before pgbench of pgbench_branches: 264
size before pgbench of pgbench_accounts: 803172
size before pgbench of pgbench_branches_pkey: 40
size before pgbench of pgbench_tellers_pkey: 152
size before pgbench of pgbench_accounts_pkey: 658092
size before pgbench of pgbench_history: 0
total size before pgbench: 1462112
+ /usr/local/pgsql/bin/pgbench -T 60 -S -c 64 -j 4 -r
Linux 3.16.0-4-amd64 (Debian-83-jessie-64-minimal) 	12.08.16 	_x86_64_	(8 CPU)

starting vacuum...end.
transaction type: <builtin: select only>
scaling factor: 300
query mode: simple
number of clients: 64
number of threads: 4
duration: 60 s
number of transactions actually processed: 69971
latency average: 54.880 ms
tps = 1162.799857 (including connections establishing)
tps = 1162.885007 (excluding connections establishing)
script statistics:
 - statement latencies in milliseconds:
         0.002  \set aid random(1, 100000 * :scale)
        54.884  SELECT abalance FROM pgbench_accounts WHERE aid = :aid;
avg-cpu:  %user   %nice %system %iowait  %steal   %idle
           1,16    0,00    0,77   33,28    0,00   64,79

Device:         rrqm/s   wrqm/s     r/s     w/s    rkB/s    wkB/s avgrq-sz avgqu-sz   await r_await w_await  svctm  %util
sdb               0,00     6,04  277,53    1,79  2569,33    31,92    18,63    29,29  104,85   92,88 1961,14   2,42  67,56
sda               0,12     6,06  265,21    1,78  2482,67    31,92    18,84    25,38   95,05   79,58 2404,05   2,53  67,49
md0               0,00     0,00    0,13    5,07     0,53    20,27     8,00     0,00    0,00    0,00    0,00   0,00   0,00
md1               0,00     0,00    0,00    0,00     0,00     0,00     0,00     0,00    0,00    0,00    0,00   0,00   0,00
md2               0,00     0,00  542,81    1,67  5051,47     9,20    18,59     0,00    0,00    0,00    0,00   0,00   0,00
md3               0,00     0,00    0,00    0,10     0,00     0,40     8,00     0,00    0,00    0,00    0,00   0,00   0,00

Control File Changes
--- /usr/local/oldpgsql/2007-07-01-REL8_3_0~1189/before.controldata	2016-08-12 23:39:12.437503350 +0200
+++ /usr/local/oldpgsql/2007-07-01-REL8_3_0~1189/after.controldata	2016-08-12 23:40:43.777741642 +0200
@@ -5,4 +5,4 @@
-pg_control last modified:             Fri Aug 12 21:39:12 2016
-Latest checkpoint location:           0/7DAA0D60
-Prior checkpoint location:            0/7DAA0D18
-Latest checkpoint's REDO location:    0/7DAA0D60
+pg_control last modified:             Fri Aug 12 21:40:43 2016
+Latest checkpoint location:           0/7DAA5E18
+Prior checkpoint location:            0/7DAA0D60
+Latest checkpoint's REDO location:    0/7DAA5E18
@@ -10,2 +10,2 @@
-Latest checkpoint's NextXID:          0/440219
-Latest checkpoint's NextOID:          16471
+Latest checkpoint's NextXID:          0/510275
+Latest checkpoint's NextOID:          24663
@@ -14 +14 @@
-Time of latest checkpoint:            Fri Aug 12 21:39:11 2016
+Time of latest checkpoint:            Fri Aug 12 21:40:42 2016
size after pgbench of pgbench_tellers: 392
size after pgbench of pgbench_branches: 264
size after pgbench of pgbench_accounts: 803172
size after pgbench of pgbench_branches_pkey: 40
size after pgbench of pgbench_tellers_pkey: 152
size after pgbench of pgbench_accounts_pkey: 658092
size after pgbench of pgbench_history: 0
total size after pgbench: 1462112
End Time: 2016-08-12 21:40:43+00:00
========================================================================
========================================================================
Testing 2007-07-01-REL8_3_0~1189
Start Time: 2016-08-13 04:47:32+00:00
Shared Buffers:  260000
size before pgbench of pgbench_tellers: 392
size before pgbench of pgbench_branches: 264
size before pgbench of pgbench_accounts: 803172
size before pgbench of pgbench_branches_pkey: 40
size before pgbench of pgbench_tellers_pkey: 152
size before pgbench of pgbench_accounts_pkey: 658092
size before pgbench of pgbench_history: 0
total size before pgbench: 1462112
Linux 3.16.0-4-amd64 (Debian-83-jessie-64-minimal) 	13.08.16 	_x86_64_	(8 CPU)

starting vacuum...end.
transaction type: <builtin: select only>
scaling factor: 300
query mode: simple
number of clients: 48
number of threads: 4
duration: 60 s
number of transactions actually processed: 71331
latency average: 40.375 ms
tps = 1186.285330 (including connections establishing)
tps = 1186.315526 (excluding connections establishing)
script statistics:
 - statement latencies in milliseconds:
         0.002  \set aid random(1, 100000 * :scale)
        40.426  SELECT abalance FROM pgbench_accounts WHERE aid = :aid;
avg-cpu:  %user   %nice %system %iowait  %steal   %idle
           1,23    0,00    0,75   31,95    0,00   66,07

Device:         rrqm/s   wrqm/s     r/s     w/s    rkB/s    wkB/s avgrq-sz avgqu-sz   await r_await w_await  svctm  %util
sdb               0,00     3,78  278,92    1,43  2602,76    21,88    18,72    25,22   89,96   68,06 4351,16   2,41  67,52
sda               0,04     3,78  273,89    1,43  2555,42    21,88    18,72    22,16   80,49   57,83 4410,29   2,45  67,39
md0               0,00     0,00    0,17    3,12     0,67    12,49     8,00     0,00    0,00    0,00    0,00   0,00   0,00
md1               0,00     0,00    0,00    0,00     0,00     0,00     0,00     0,00    0,00    0,00    0,00   0,00   0,00
md2               0,00     0,00  552,72    1,22  5157,51     7,24    18,65     0,00    0,00    0,00    0,00   0,00   0,00
md3               0,00     0,00    0,00    0,10     0,00     0,40     8,00     0,00    0,00    0,00    0,00   0,00   0,00

Control File Changes
--- /usr/local/oldpgsql/2007-07-01-REL8_3_0~1189/before.controldata	2016-08-13 06:48:09.407611142 +0200
+++ /usr/local/oldpgsql/2007-07-01-REL8_3_0~1189/after.controldata	2016-08-13 06:49:40.663898403 +0200
@@ -5,4 +5,4 @@
-pg_control last modified:             Sat Aug 13 04:48:09 2016
-Latest checkpoint location:           0/7DAA5EA8
-Prior checkpoint location:            0/7DAA5E60
-Latest checkpoint's REDO location:    0/7DAA5EA8
+pg_control last modified:             Sat Aug 13 04:49:40 2016
+Latest checkpoint location:           0/7DAAB080
+Prior checkpoint location:            0/7DAA5EA8
+Latest checkpoint's REDO location:    0/7DAAB080
@@ -10,2 +10,2 @@
-Latest checkpoint's NextXID:          0/510311
-Latest checkpoint's NextOID:          16472
+Latest checkpoint's NextXID:          0/581707
+Latest checkpoint's NextOID:          24664
@@ -14 +14 @@
-Time of latest checkpoint:            Sat Aug 13 04:48:09 2016
+Time of latest checkpoint:            Sat Aug 13 04:49:39 2016
size after pgbench of pgbench_tellers: 392
size after pgbench of pgbench_branches: 264
size after pgbench of pgbench_accounts: 803172
size after pgbench of pgbench_branches_pkey: 40
size after pgbench of pgbench_tellers_pkey: 152
size after pgbench of pgbench_accounts_pkey: 658092
size after pgbench of pgbench_history: 0
total size after pgbench: 1462112
End Time: 2016-08-13 04:49:40+00:00
========================================================================
========================================================================
Testing 2007-07-01-REL8_3_0~1189
Start Time: 2016-08-13 13:28:32+00:00
Shared Buffers:  260000
size before pgbench of pgbench_tellers: 392
size before pgbench of pgbench_branches: 264
size before pgbench of pgbench_accounts: 803172
size before pgbench of pgbench_branches_pkey: 40
size before pgbench of pgbench_tellers_pkey: 152
size before pgbench of pgbench_accounts_pkey: 658092
size before pgbench of pgbench_history: 0
total size before pgbench: 1462112
Linux 3.16.0-4-amd64 (Debian-83-jessie-64-minimal) 	13.08.16 	_x86_64_	(8 CPU)

starting vacuum...end.
transaction type: <builtin: select only>
scaling factor: 300
query mode: simple
number of clients: 48
number of threads: 4
duration: 60 s
number of transactions actually processed: 71148
latency average: 40.479 ms
tps = 1182.834476 (including connections establishing)
tps = 1182.867900 (excluding connections establishing)
script statistics:
 - statement latencies in milliseconds:
         0.002  \set aid random(1, 100000 * :scale)
        40.509  SELECT abalance FROM pgbench_accounts WHERE aid = :aid;
avg-cpu:  %user   %nice %system %iowait  %steal   %idle
           1,19    0,00    0,71   31,56    0,00   66,54

Device:         rrqm/s   wrqm/s     r/s     w/s    rkB/s    wkB/s avgrq-sz avgqu-sz   await r_await w_await  svctm  %util
sdb               0,02     6,43  280,69    1,46  2619,24    32,22    18,80    24,02   85,13   70,04 2994,69   2,39  67,52
sda               0,07     6,43  271,48    1,46  2535,47    32,22    18,82    21,59   79,11   58,63 3897,86   2,48  67,60
md0               0,00     0,00    0,09    5,83     0,36    23,33     8,00     0,00    0,00    0,00    0,00   0,00   0,00
md1               0,00     0,00    0,00    0,00     0,00     0,00     0,00     0,00    0,00    0,00    0,00   0,00   0,00
md2               0,00     0,00  552,18    1,10  5154,09     6,62    18,66     0,00    0,00    0,00    0,00   0,00   0,00
md3               0,00     0,00    0,00    0,10     0,00     0,40     8,00     0,00    0,00    0,00    0,00   0,00   0,00

Control File Changes
--- /usr/local/oldpgsql/2007-07-01-REL8_3_0~1189/before.controldata	2016-08-13 15:29:08.706892977 +0200
+++ /usr/local/oldpgsql/2007-07-01-REL8_3_0~1189/after.controldata	2016-08-13 15:30:40.002651912 +0200
@@ -5,4 +5,4 @@
-pg_control last modified:             Sat Aug 13 13:29:08 2016
-Latest checkpoint location:           0/7DAAB110
-Prior checkpoint location:            0/7DAAB0C8
-Latest checkpoint's REDO location:    0/7DAAB110
+pg_control last modified:             Sat Aug 13 13:30:39 2016
+Latest checkpoint location:           0/7DAB03F0
+Prior checkpoint location:            0/7DAAB110
+Latest checkpoint's REDO location:    0/7DAB03F0
@@ -10,2 +10,2 @@
-Latest checkpoint's NextXID:          0/581745
-Latest checkpoint's NextOID:          16473
+Latest checkpoint's NextXID:          0/652962
+Latest checkpoint's NextOID:          24665
@@ -14 +14 @@
-Time of latest checkpoint:            Sat Aug 13 13:29:08 2016
+Time of latest checkpoint:            Sat Aug 13 13:30:38 2016
size after pgbench of pgbench_tellers: 392
size after pgbench of pgbench_branches: 264
size after pgbench of pgbench_accounts: 803172
size after pgbench of pgbench_branches_pkey: 40
size after pgbench of pgbench_tellers_pkey: 152
size after pgbench of pgbench_accounts_pkey: 658092
size after pgbench of pgbench_history: 0
total size after pgbench: 1462112
End Time: 2016-08-13 13:30:40+00:00
========================================================================
========================================================================
Testing 2007-07-01-REL8_3_0~1189
Start Time: 2016-08-15 09:12:40+00:00
Shared Buffers:  260000
size before pgbench of pgbench_tellers: 392
size before pgbench of pgbench_branches: 264
size before pgbench of pgbench_accounts: 803172
size before pgbench of pgbench_branches_pkey: 40
size before pgbench of pgbench_tellers_pkey: 152
size before pgbench of pgbench_accounts_pkey: 658092
size before pgbench of pgbench_history: 0
total size before pgbench: 1462112
Linux 3.16.0-4-amd64 (Debian-83-jessie-64-minimal) 	15.08.16 	_x86_64_	(8 CPU)

starting vacuum...end.
transaction type: <builtin: TPC-B (sort of)>
scaling factor: 300
query mode: simple
number of clients: 32
number of threads: 4
duration: 900 s
number of transactions actually processed: 29331
latency average: 981.896 ms
tps = 32.578081 (including connections establishing)
tps = 32.578134 (excluding connections establishing)
script statistics:
 - statement latencies in milliseconds:
         0.002  \set aid random(1, 100000 * :scale)
         0.001  \set bid random(1, 1 * :scale)
         0.001  \set tid random(1, 10 * :scale)
         0.001  \set delta random(-5000, 5000)
         0.149  BEGIN;
       487.085  UPDATE pgbench_accounts SET abalance = abalance + :delta WHERE aid = :aid;
         0.713  SELECT abalance FROM pgbench_accounts WHERE aid = :aid;
       178.646  UPDATE pgbench_tellers SET tbalance = tbalance + :delta WHERE tid = :tid;
       106.619  UPDATE pgbench_branches SET bbalance = bbalance + :delta WHERE bid = :bid;
        43.373  INSERT INTO pgbench_history (tid, bid, aid, delta, mtime) VALUES (:tid, :bid, :aid, :delta, CURRENT_TIMESTAMP);
       166.045  END;
avg-cpu:  %user   %nice %system %iowait  %steal   %idle
           0,42    0,00    0,23   10,99    0,00   88,36

Device:         rrqm/s   wrqm/s     r/s     w/s    rkB/s    wkB/s avgrq-sz avgqu-sz   await r_await w_await  svctm  %util
sdb               0,00     2,32    2,97  123,26    25,36  1002,62    16,29    13,88  109,94   21,82  112,06   4,55  57,41
sda               0,00     2,32   24,33  123,26   207,46  1002,62    16,40    14,68   99,48   39,19  111,38   5,69  84,01
md0               0,00     0,00    0,03    0,00     0,14     0,00     8,00     0,00    0,00    0,00    0,00   0,00   0,00
md1               0,00     0,00    0,00    0,00     0,00     0,00     0,00     0,00    0,00    0,00    0,00   0,00   0,00
md2               0,00     0,00   27,26  125,02   232,69  1001,38    16,21     0,00    0,00    0,00    0,00   0,00   0,00
md3               0,00     0,00    0,00    0,01     0,00     0,04     8,00     0,00    0,00    0,00    0,00   0,00   0,00

Control File Changes
--- /usr/local/oldpgsql/2007-07-01-REL8_3_0~1189/before.controldata	2016-08-15 11:13:18.758782677 +0200
+++ /usr/local/oldpgsql/2007-07-01-REL8_3_0~1189/after.controldata	2016-08-15 11:29:52.589346424 +0200
@@ -5,4 +5,4 @@
-pg_control last modified:             Mon Aug 15 09:13:18 2016
-Latest checkpoint location:           0/7DAB0480
-Prior checkpoint location:            0/7DAB0438
-Latest checkpoint's REDO location:    0/7DAB0480
+pg_control last modified:             Mon Aug 15 09:29:52 2016
+Latest checkpoint location:           0/9945C660
+Prior checkpoint location:            0/9945C618
+Latest checkpoint's REDO location:    0/9945C660
@@ -10,2 +10,2 @@
-Latest checkpoint's NextXID:          0/652998
-Latest checkpoint's NextOID:          16474
+Latest checkpoint's NextXID:          0/682581
+Latest checkpoint's NextOID:          24666
@@ -14 +14 @@
-Time of latest checkpoint:            Mon Aug 15 09:13:18 2016
+Time of latest checkpoint:            Mon Aug 15 09:29:51 2016
size after pgbench of pgbench_tellers: 392
size after pgbench of pgbench_branches: 264
size after pgbench of pgbench_accounts: 807140
size after pgbench of pgbench_branches_pkey: 40
size after pgbench of pgbench_tellers_pkey: 152
size after pgbench of pgbench_accounts_pkey: 658092
size after pgbench of pgbench_history: 2816
total size after pgbench: 1468896
End Time: 2016-08-15 09:29:52+00:00
========================================================================
========================================================================
Testing 2007-07-01-REL8_3_0~1189
Start Time: 2016-08-19 01:28:53+00:00
Shared Buffers:  260000
size before pgbench of pgbench_tellers: 392
size before pgbench of pgbench_branches: 264
size before pgbench of pgbench_accounts: 807140
size before pgbench of pgbench_branches_pkey: 40
size before pgbench of pgbench_tellers_pkey: 152
size before pgbench of pgbench_accounts_pkey: 658092
size before pgbench of pgbench_history: 2816
total size before pgbench: 1468896
Linux 4.6.0-1-amd64 (Debian-83-jessie-64-minimal) 	19.08.16 	_x86_64_	(8 CPU)

starting vacuum...end.
transaction type: <builtin: TPC-B (sort of)>
scaling factor: 300
query mode: simple
number of clients: 32
number of threads: 4
duration: 900 s
number of transactions actually processed: 32276
latency average: 892.304 ms
tps = 35.844296 (including connections establishing)
tps = 35.844356 (excluding connections establishing)
script statistics:
 - statement latencies in milliseconds:
         0.002  \set aid random(1, 100000 * :scale)
         0.001  \set bid random(1, 1 * :scale)
         0.001  \set tid random(1, 10 * :scale)
         0.001  \set delta random(-5000, 5000)
         0.156  BEGIN;
       462.553  UPDATE pgbench_accounts SET abalance = abalance + :delta WHERE aid = :aid;
         0.423  SELECT abalance FROM pgbench_accounts WHERE aid = :aid;
       158.206  UPDATE pgbench_tellers SET tbalance = tbalance + :delta WHERE tid = :tid;
        86.598  UPDATE pgbench_branches SET bbalance = bbalance + :delta WHERE bid = :bid;
        31.607  INSERT INTO pgbench_history (tid, bid, aid, delta, mtime) VALUES (:tid, :bid, :aid, :delta, CURRENT_TIMESTAMP);
       153.550  END;
avg-cpu:  %user   %nice %system %iowait  %steal   %idle
           0,45    0,00    0,27   22,66    0,00   76,62

Device:         rrqm/s   wrqm/s     r/s     w/s    rkB/s    wkB/s avgrq-sz avgqu-sz   await r_await w_await  svctm  %util
sdb               0,00     3,32    4,32  137,87    37,47  1130,03    16,42    20,19  142,00   25,61  145,64   4,47  63,56
sda               0,03     3,31   25,19  137,88   215,78  1130,03    16,51    16,25   99,66   44,07  109,82   5,25  85,56
md0               0,00     0,00    0,14    0,03     0,57     0,12     8,00     0,00    0,00    0,00    0,00   0,00   0,00
md1               0,00     0,00    0,00    0,00     0,00     0,00     0,00     0,00    0,00    0,00    0,00   0,00   0,00
md2               0,00     0,00   29,40  140,78   252,68  1129,08    16,24     0,00    0,00    0,00    0,00   0,00   0,00
md3               0,00     0,00    0,00    0,01     0,00     0,04     8,00     0,00    0,00    0,00    0,00   0,00   0,00

Control File Changes
--- /usr/local/oldpgsql/2007-07-01-REL8_3_0~1189/before.controldata	2016-08-19 03:29:54.071254809 +0200
+++ /usr/local/oldpgsql/2007-07-01-REL8_3_0~1189/after.controldata	2016-08-19 03:46:41.312542460 +0200
@@ -5,4 +5,4 @@
-pg_control last modified:             Fri Aug 19 01:29:53 2016
-Latest checkpoint location:           0/9945C6F0
-Prior checkpoint location:            0/9945C6A8
-Latest checkpoint's REDO location:    0/9945C6F0
+pg_control last modified:             Fri Aug 19 01:46:41 2016
+Latest checkpoint location:           0/B7925CB8
+Prior checkpoint location:            0/B7925C70
+Latest checkpoint's REDO location:    0/B7925CB8
@@ -10,2 +10,2 @@
-Latest checkpoint's NextXID:          0/682619
-Latest checkpoint's NextOID:          16475
+Latest checkpoint's NextXID:          0/715156
+Latest checkpoint's NextOID:          24667
@@ -14 +14 @@
-Time of latest checkpoint:            Fri Aug 19 01:29:53 2016
+Time of latest checkpoint:            Fri Aug 19 01:46:39 2016
size after pgbench of pgbench_tellers: 392
size after pgbench of pgbench_branches: 264
size after pgbench of pgbench_accounts: 811492
size after pgbench of pgbench_branches_pkey: 40
size after pgbench of pgbench_tellers_pkey: 152
size after pgbench of pgbench_accounts_pkey: 658092
size after pgbench of pgbench_history: 2856
total size after pgbench: 1473288
End Time: 2016-08-19 01:46:41+00:00
========================================================================
========================================================================
Testing 2007-07-01-REL8_3_0~1189
Start Time: 2016-08-21 21:52:15+00:00
Shared Buffers:  260000
size before pgbench of pgbench_tellers: 392
size before pgbench of pgbench_branches: 264
size before pgbench of pgbench_accounts: 811492
size before pgbench of pgbench_branches_pkey: 40
size before pgbench of pgbench_tellers_pkey: 152
size before pgbench of pgbench_accounts_pkey: 658092
size before pgbench of pgbench_history: 2856
total size before pgbench: 1473288
Linux 4.6.0-1-amd64 (Debian-83-jessie-64-minimal) 	21.08.16 	_x86_64_	(8 CPU)

starting vacuum...end.
transaction type: <builtin: TPC-B (sort of)>
scaling factor: 300
query mode: simple
number of clients: 32
number of threads: 4
duration: 900 s
number of transactions actually processed: 28494
latency average: 1010.739 ms
tps = 31.652865 (including connections establishing)
tps = 31.652910 (excluding connections establishing)
script statistics:
 - statement latencies in milliseconds:
         0.002  \set aid random(1, 100000 * :scale)
         0.001  \set bid random(1, 1 * :scale)
         0.001  \set tid random(1, 10 * :scale)
         0.001  \set delta random(-5000, 5000)
         0.148  BEGIN;
       507.718  UPDATE pgbench_accounts SET abalance = abalance + :delta WHERE aid = :aid;
         0.462  SELECT abalance FROM pgbench_accounts WHERE aid = :aid;
       188.876  UPDATE pgbench_tellers SET tbalance = tbalance + :delta WHERE tid = :tid;
       102.665  UPDATE pgbench_branches SET bbalance = bbalance + :delta WHERE bid = :bid;
        40.745  INSERT INTO pgbench_history (tid, bid, aid, delta, mtime) VALUES (:tid, :bid, :aid, :delta, CURRENT_TIMESTAMP);
       170.823  END;
avg-cpu:  %user   %nice %system %iowait  %steal   %idle
           0,40    0,00    0,26   21,72    0,00   77,62

Device:         rrqm/s   wrqm/s     r/s     w/s    rkB/s    wkB/s avgrq-sz avgqu-sz   await r_await w_await  svctm  %util
sdb               0,01     2,90    3,89  122,66    33,46   989,36    16,16    14,50  114,38   25,97  117,18   5,00  63,22
sda               0,03     2,91   22,87  122,55   193,18   988,50    16,25    19,46  133,26   41,95  150,30   5,75  83,67
md0               0,00     0,00    0,22    0,04     0,89     0,15     8,00     0,00    0,00    0,00    0,00   0,00   0,00
md1               0,00     0,00    0,00    0,00     0,00     0,00     0,00     0,00    0,00    0,00    0,00   0,00   0,00
md2               0,00     0,00   26,54  125,61   225,59   992,74    16,02     0,00    0,00    0,00    0,00   0,00   0,00
md3               0,00     0,00    0,04    0,01     0,16     0,05     8,52     0,00    0,00    0,00    0,00   0,00   0,00

Control File Changes
--- /usr/local/oldpgsql/2007-07-01-REL8_3_0~1189/before.controldata	2016-08-21 23:53:24.406818195 +0200
+++ /usr/local/oldpgsql/2007-07-01-REL8_3_0~1189/after.controldata	2016-08-22 00:09:46.647709460 +0200
@@ -5,4 +5,4 @@
-pg_control last modified:             Sun Aug 21 21:53:24 2016
-Latest checkpoint location:           0/B7925D48
-Prior checkpoint location:            0/B7925D00
-Latest checkpoint's REDO location:    0/B7925D48
+pg_control last modified:             Sun Aug 21 22:09:46 2016
+Latest checkpoint location:           0/D27CC778
+Prior checkpoint location:            0/D27CC730
+Latest checkpoint's REDO location:    0/D27CC778
@@ -10,2 +10,2 @@
-Latest checkpoint's NextXID:          0/715196
-Latest checkpoint's NextOID:          16476
+Latest checkpoint's NextXID:          0/743948
+Latest checkpoint's NextOID:          24668
@@ -14 +14 @@
-Time of latest checkpoint:            Sun Aug 21 21:53:23 2016
+Time of latest checkpoint:            Sun Aug 21 22:09:45 2016
size after pgbench of pgbench_tellers: 392
size after pgbench of pgbench_branches: 264
size after pgbench of pgbench_accounts: 815332
size after pgbench of pgbench_branches_pkey: 40
size after pgbench of pgbench_tellers_pkey: 152
size after pgbench of pgbench_accounts_pkey: 658092
size after pgbench of pgbench_history: 2824
total size after pgbench: 1477096
End Time: 2016-08-21 22:09:46+00:00
========================================================================
