NOTICE:  table "pgbench_tellers" does not exist, skipping
ERROR:  syntax error at or near "("
LINE 1: ...t null,bid int,tbalance int,filler char(84)) with (fillfacto...
                                                             ^
ERROR:  relation "pgbench_branches" does not exist
Perhaps you need to do initialization ("pgbench -i") in database "stark"
Initializing pgbench scale factor 300 on 2006-05-26-REL8_2_0~1296...
NOTICE:  table "pgbench_tellers" does not exist, skipping
ERROR:  syntax error at or near "("
LINE 1: ...t null,bid int,tbalance int,filler char(84)) with (fillfacto...
                                                             ^
ERROR:  relation "pgbench_branches" does not exist
Perhaps you need to do initialization ("pgbench -i") in database "stark"
Initializing pgbench scale factor 300 on 2006-05-26-REL8_2_0~1296...
ERROR:  table "pgbench_tellers" does not exist
(ignoring this error and continuing anyway)
ERROR:  table "pgbench_accounts" does not exist
(ignoring this error and continuing anyway)
ERROR:  table "pgbench_branches" does not exist
(ignoring this error and continuing anyway)
creating tables...
100000 of 30000000 tuples (0%) done (elapsed 4.29 s, remaining 1283.76 s)
200000 of 30000000 tuples (0%) done (elapsed 8.98 s, remaining 1338.06 s)
300000 of 30000000 tuples (1%) done (elapsed 13.87 s, remaining 1372.81 s)
400000 of 30000000 tuples (1%) done (elapsed 18.36 s, remaining 1358.65 s)
500000 of 30000000 tuples (1%) done (elapsed 23.40 s, remaining 1380.71 s)
600000 of 30000000 tuples (2%) done (elapsed 29.12 s, remaining 1426.76 s)
700000 of 30000000 tuples (2%) done (elapsed 33.98 s, remaining 1422.14 s)
800000 of 30000000 tuples (2%) done (elapsed 38.93 s, remaining 1421.13 s)
900000 of 30000000 tuples (3%) done (elapsed 43.38 s, remaining 1402.71 s)
1000000 of 30000000 tuples (3%) done (elapsed 47.63 s, remaining 1381.37 s)
1100000 of 30000000 tuples (3%) done (elapsed 52.00 s, remaining 1366.05 s)
1200000 of 30000000 tuples (4%) done (elapsed 56.84 s, remaining 1364.04 s)
1300000 of 30000000 tuples (4%) done (elapsed 62.16 s, remaining 1372.22 s)
1400000 of 30000000 tuples (4%) done (elapsed 66.49 s, remaining 1358.30 s)
1500000 of 30000000 tuples (5%) done (elapsed 70.79 s, remaining 1344.93 s)
1600000 of 30000000 tuples (5%) done (elapsed 75.55 s, remaining 1341.08 s)
1700000 of 30000000 tuples (5%) done (elapsed 80.11 s, remaining 1333.57 s)
1800000 of 30000000 tuples (6%) done (elapsed 84.43 s, remaining 1322.77 s)
1900000 of 30000000 tuples (6%) done (elapsed 88.73 s, remaining 1312.25 s)
2000000 of 30000000 tuples (6%) done (elapsed 94.53 s, remaining 1323.48 s)
2100000 of 30000000 tuples (7%) done (elapsed 99.92 s, remaining 1327.45 s)
2200000 of 30000000 tuples (7%) done (elapsed 104.21 s, remaining 1316.81 s)
2300000 of 30000000 tuples (7%) done (elapsed 108.56 s, remaining 1307.45 s)
2400000 of 30000000 tuples (8%) done (elapsed 112.76 s, remaining 1296.79 s)
2500000 of 30000000 tuples (8%) done (elapsed 117.53 s, remaining 1292.86 s)
2600000 of 30000000 tuples (8%) done (elapsed 123.74 s, remaining 1303.99 s)
2700000 of 30000000 tuples (9%) done (elapsed 128.34 s, remaining 1297.64 s)
2800000 of 30000000 tuples (9%) done (elapsed 132.73 s, remaining 1289.34 s)
2900000 of 30000000 tuples (9%) done (elapsed 137.08 s, remaining 1280.94 s)
3000000 of 30000000 tuples (10%) done (elapsed 141.49 s, remaining 1273.45 s)
3100000 of 30000000 tuples (10%) done (elapsed 146.28 s, remaining 1269.33 s)
3200000 of 30000000 tuples (10%) done (elapsed 150.58 s, remaining 1261.14 s)
3300000 of 30000000 tuples (11%) done (elapsed 156.20 s, remaining 1263.83 s)
3400000 of 30000000 tuples (11%) done (elapsed 161.93 s, remaining 1266.86 s)
3500000 of 30000000 tuples (11%) done (elapsed 166.25 s, remaining 1258.74 s)
3600000 of 30000000 tuples (12%) done (elapsed 170.93 s, remaining 1253.50 s)
3700000 of 30000000 tuples (12%) done (elapsed 175.34 s, remaining 1246.33 s)
3800000 of 30000000 tuples (12%) done (elapsed 179.78 s, remaining 1239.54 s)
3900000 of 30000000 tuples (13%) done (elapsed 184.75 s, remaining 1236.38 s)
4000000 of 30000000 tuples (13%) done (elapsed 189.08 s, remaining 1229.03 s)
4100000 of 30000000 tuples (13%) done (elapsed 193.94 s, remaining 1225.11 s)
4200000 of 30000000 tuples (14%) done (elapsed 198.35 s, remaining 1218.42 s)
4300000 of 30000000 tuples (14%) done (elapsed 202.78 s, remaining 1211.95 s)
4400000 of 30000000 tuples (14%) done (elapsed 207.18 s, remaining 1205.40 s)
4500000 of 30000000 tuples (15%) done (elapsed 211.90 s, remaining 1200.79 s)
4600000 of 30000000 tuples (15%) done (elapsed 217.14 s, remaining 1199.01 s)
4700000 of 30000000 tuples (15%) done (elapsed 221.25 s, remaining 1190.97 s)
4800000 of 30000000 tuples (16%) done (elapsed 225.65 s, remaining 1184.68 s)
4900000 of 30000000 tuples (16%) done (elapsed 230.05 s, remaining 1178.44 s)
5000000 of 30000000 tuples (16%) done (elapsed 234.69 s, remaining 1173.44 s)
5100000 of 30000000 tuples (17%) done (elapsed 239.11 s, remaining 1167.44 s)
5200000 of 30000000 tuples (17%) done (elapsed 244.66 s, remaining 1166.84 s)
5300000 of 30000000 tuples (17%) done (elapsed 249.12 s, remaining 1160.97 s)
5400000 of 30000000 tuples (18%) done (elapsed 253.42 s, remaining 1154.46 s)
5500000 of 30000000 tuples (18%) done (elapsed 258.14 s, remaining 1149.90 s)
5600000 of 30000000 tuples (18%) done (elapsed 262.51 s, remaining 1143.80 s)
5700000 of 30000000 tuples (19%) done (elapsed 266.92 s, remaining 1137.93 s)
5800000 of 30000000 tuples (19%) done (elapsed 271.21 s, remaining 1131.61 s)
5900000 of 30000000 tuples (19%) done (elapsed 276.96 s, remaining 1131.30 s)
6000000 of 30000000 tuples (20%) done (elapsed 281.67 s, remaining 1126.67 s)
6100000 of 30000000 tuples (20%) done (elapsed 286.05 s, remaining 1120.74 s)
6200000 of 30000000 tuples (20%) done (elapsed 290.45 s, remaining 1114.97 s)
6300000 of 30000000 tuples (21%) done (elapsed 295.01 s, remaining 1109.80 s)
6400000 of 30000000 tuples (21%) done (elapsed 299.32 s, remaining 1103.73 s)
6500000 of 30000000 tuples (21%) done (elapsed 304.13 s, remaining 1099.55 s)
6600000 of 30000000 tuples (22%) done (elapsed 308.45 s, remaining 1093.59 s)
6700000 of 30000000 tuples (22%) done (elapsed 315.33 s, remaining 1096.59 s)
6800000 of 30000000 tuples (22%) done (elapsed 319.63 s, remaining 1090.52 s)
6900000 of 30000000 tuples (23%) done (elapsed 323.87 s, remaining 1084.26 s)
7000000 of 30000000 tuples (23%) done (elapsed 328.43 s, remaining 1079.13 s)
7100000 of 30000000 tuples (23%) done (elapsed 332.62 s, remaining 1072.81 s)
7200000 of 30000000 tuples (24%) done (elapsed 336.77 s, remaining 1066.43 s)
7300000 of 30000000 tuples (24%) done (elapsed 341.73 s, remaining 1062.65 s)
7400000 of 30000000 tuples (24%) done (elapsed 346.39 s, remaining 1057.89 s)
7500000 of 30000000 tuples (25%) done (elapsed 350.62 s, remaining 1051.87 s)
7600000 of 30000000 tuples (25%) done (elapsed 354.96 s, remaining 1046.19 s)
7700000 of 30000000 tuples (25%) done (elapsed 359.38 s, remaining 1040.79 s)
7800000 of 30000000 tuples (26%) done (elapsed 363.70 s, remaining 1035.13 s)
7900000 of 30000000 tuples (26%) done (elapsed 368.66 s, remaining 1031.31 s)
8000000 of 30000000 tuples (26%) done (elapsed 373.63 s, remaining 1027.49 s)
8100000 of 30000000 tuples (27%) done (elapsed 378.01 s, remaining 1022.02 s)
8200000 of 30000000 tuples (27%) done (elapsed 382.27 s, remaining 1016.28 s)
8300000 of 30000000 tuples (27%) done (elapsed 387.17 s, remaining 1012.23 s)
8400000 of 30000000 tuples (28%) done (elapsed 391.86 s, remaining 1007.63 s)
8500000 of 30000000 tuples (28%) done (elapsed 396.43 s, remaining 1002.74 s)
8600000 of 30000000 tuples (28%) done (elapsed 400.61 s, remaining 996.88 s)
8700000 of 30000000 tuples (29%) done (elapsed 405.59 s, remaining 993.00 s)
8800000 of 30000000 tuples (29%) done (elapsed 409.90 s, remaining 987.49 s)
8900000 of 30000000 tuples (29%) done (elapsed 414.56 s, remaining 982.83 s)
9000000 of 30000000 tuples (30%) done (elapsed 420.17 s, remaining 980.40 s)
9100000 of 30000000 tuples (30%) done (elapsed 424.72 s, remaining 975.45 s)
9200000 of 30000000 tuples (30%) done (elapsed 428.90 s, remaining 969.69 s)
9300000 of 30000000 tuples (31%) done (elapsed 433.12 s, remaining 964.03 s)
9400000 of 30000000 tuples (31%) done (elapsed 437.96 s, remaining 959.78 s)
9500000 of 30000000 tuples (31%) done (elapsed 442.23 s, remaining 954.28 s)
9600000 of 30000000 tuples (32%) done (elapsed 446.65 s, remaining 949.14 s)
9700000 of 30000000 tuples (32%) done (elapsed 452.41 s, remaining 946.81 s)
9800000 of 30000000 tuples (32%) done (elapsed 456.75 s, remaining 941.47 s)
9900000 of 30000000 tuples (33%) done (elapsed 461.86 s, remaining 937.72 s)
10000000 of 30000000 tuples (33%) done (elapsed 466.20 s, remaining 932.39 s)
10100000 of 30000000 tuples (33%) done (elapsed 471.72 s, remaining 929.43 s)
10200000 of 30000000 tuples (34%) done (elapsed 476.19 s, remaining 924.36 s)
10300000 of 30000000 tuples (34%) done (elapsed 480.50 s, remaining 919.01 s)
10400000 of 30000000 tuples (34%) done (elapsed 484.89 s, remaining 913.84 s)
10500000 of 30000000 tuples (35%) done (elapsed 489.07 s, remaining 908.28 s)
10600000 of 30000000 tuples (35%) done (elapsed 493.49 s, remaining 903.18 s)
10700000 of 30000000 tuples (35%) done (elapsed 497.67 s, remaining 897.67 s)
10800000 of 30000000 tuples (36%) done (elapsed 501.75 s, remaining 892.00 s)
10900000 of 30000000 tuples (36%) done (elapsed 506.36 s, remaining 887.28 s)
11000000 of 30000000 tuples (36%) done (elapsed 511.18 s, remaining 882.95 s)
11100000 of 30000000 tuples (37%) done (elapsed 515.58 s, remaining 877.88 s)
11200000 of 30000000 tuples (37%) done (elapsed 519.68 s, remaining 872.32 s)
11300000 of 30000000 tuples (37%) done (elapsed 524.22 s, remaining 867.52 s)
11400000 of 30000000 tuples (38%) done (elapsed 528.32 s, remaining 862.00 s)
11500000 of 30000000 tuples (38%) done (elapsed 532.80 s, remaining 857.12 s)
11600000 of 30000000 tuples (38%) done (elapsed 536.97 s, remaining 851.75 s)
11700000 of 30000000 tuples (39%) done (elapsed 542.92 s, remaining 849.18 s)
11800000 of 30000000 tuples (39%) done (elapsed 546.97 s, remaining 843.64 s)
11900000 of 30000000 tuples (39%) done (elapsed 551.36 s, remaining 838.62 s)
12000000 of 30000000 tuples (40%) done (elapsed 555.55 s, remaining 833.33 s)
12100000 of 30000000 tuples (40%) done (elapsed 560.14 s, remaining 828.63 s)
12200000 of 30000000 tuples (40%) done (elapsed 564.41 s, remaining 823.48 s)
12300000 of 30000000 tuples (41%) done (elapsed 568.91 s, remaining 818.67 s)
12400000 of 30000000 tuples (41%) done (elapsed 573.07 s, remaining 813.39 s)
12500000 of 30000000 tuples (41%) done (elapsed 579.02 s, remaining 810.63 s)
12600000 of 30000000 tuples (42%) done (elapsed 583.27 s, remaining 805.47 s)
12700000 of 30000000 tuples (42%) done (elapsed 587.85 s, remaining 800.77 s)
12800000 of 30000000 tuples (42%) done (elapsed 592.08 s, remaining 795.60 s)
12900000 of 30000000 tuples (43%) done (elapsed 596.58 s, remaining 790.82 s)
13000000 of 30000000 tuples (43%) done (elapsed 600.69 s, remaining 785.51 s)
13100000 of 30000000 tuples (43%) done (elapsed 605.13 s, remaining 780.67 s)
13200000 of 30000000 tuples (44%) done (elapsed 610.57 s, remaining 777.08 s)
13300000 of 30000000 tuples (44%) done (elapsed 615.05 s, remaining 772.28 s)
13400000 of 30000000 tuples (44%) done (elapsed 620.40 s, remaining 768.55 s)
13500000 of 30000000 tuples (45%) done (elapsed 624.89 s, remaining 763.75 s)
13600000 of 30000000 tuples (45%) done (elapsed 628.99 s, remaining 758.49 s)
13700000 of 30000000 tuples (45%) done (elapsed 633.38 s, remaining 753.58 s)
13800000 of 30000000 tuples (46%) done (elapsed 637.99 s, remaining 748.94 s)
13900000 of 30000000 tuples (46%) done (elapsed 642.42 s, remaining 744.10 s)
14000000 of 30000000 tuples (46%) done (elapsed 646.60 s, remaining 738.97 s)
14100000 of 30000000 tuples (47%) done (elapsed 651.08 s, remaining 734.19 s)
14200000 of 30000000 tuples (47%) done (elapsed 655.10 s, remaining 728.91 s)
14300000 of 30000000 tuples (47%) done (elapsed 659.54 s, remaining 724.11 s)
14400000 of 30000000 tuples (48%) done (elapsed 663.70 s, remaining 719.01 s)
14500000 of 30000000 tuples (48%) done (elapsed 669.19 s, remaining 715.34 s)
14600000 of 30000000 tuples (48%) done (elapsed 673.73 s, remaining 710.65 s)
14700000 of 30000000 tuples (49%) done (elapsed 678.23 s, remaining 705.91 s)
14800000 of 30000000 tuples (49%) done (elapsed 682.60 s, remaining 701.05 s)
14900000 of 30000000 tuples (49%) done (elapsed 687.00 s, remaining 696.22 s)
15000000 of 30000000 tuples (50%) done (elapsed 691.27 s, remaining 691.27 s)
15100000 of 30000000 tuples (50%) done (elapsed 695.80 s, remaining 686.58 s)
15200000 of 30000000 tuples (50%) done (elapsed 701.51 s, remaining 683.05 s)
15300000 of 30000000 tuples (51%) done (elapsed 705.94 s, remaining 678.26 s)
15400000 of 30000000 tuples (51%) done (elapsed 710.14 s, remaining 673.25 s)
15500000 of 30000000 tuples (51%) done (elapsed 714.65 s, remaining 668.54 s)
15600000 of 30000000 tuples (52%) done (elapsed 718.90 s, remaining 663.60 s)
15700000 of 30000000 tuples (52%) done (elapsed 723.59 s, remaining 659.06 s)
15800000 of 30000000 tuples (52%) done (elapsed 727.67 s, remaining 653.98 s)
15900000 of 30000000 tuples (53%) done (elapsed 732.92 s, remaining 649.95 s)
16000000 of 30000000 tuples (53%) done (elapsed 737.96 s, remaining 645.71 s)
16100000 of 30000000 tuples (53%) done (elapsed 742.34 s, remaining 640.90 s)
16200000 of 30000000 tuples (54%) done (elapsed 746.59 s, remaining 635.98 s)
16300000 of 30000000 tuples (54%) done (elapsed 750.99 s, remaining 631.20 s)
16400000 of 30000000 tuples (54%) done (elapsed 755.18 s, remaining 626.25 s)
16500000 of 30000000 tuples (55%) done (elapsed 760.00 s, remaining 621.82 s)
16600000 of 30000000 tuples (55%) done (elapsed 765.28 s, remaining 617.76 s)
16700000 of 30000000 tuples (55%) done (elapsed 769.75 s, remaining 613.03 s)
16800000 of 30000000 tuples (56%) done (elapsed 774.84 s, remaining 608.81 s)
16900000 of 30000000 tuples (56%) done (elapsed 779.33 s, remaining 604.09 s)
17000000 of 30000000 tuples (56%) done (elapsed 783.47 s, remaining 599.13 s)
17100000 of 30000000 tuples (57%) done (elapsed 787.64 s, remaining 594.19 s)
17200000 of 30000000 tuples (57%) done (elapsed 792.33 s, remaining 589.64 s)
17300000 of 30000000 tuples (57%) done (elapsed 797.02 s, remaining 585.09 s)
17400000 of 30000000 tuples (58%) done (elapsed 801.57 s, remaining 580.45 s)
17500000 of 30000000 tuples (58%) done (elapsed 805.73 s, remaining 575.52 s)
17600000 of 30000000 tuples (58%) done (elapsed 810.20 s, remaining 570.83 s)
17700000 of 30000000 tuples (59%) done (elapsed 814.32 s, remaining 565.88 s)
17800000 of 30000000 tuples (59%) done (elapsed 818.70 s, remaining 561.13 s)
17900000 of 30000000 tuples (59%) done (elapsed 822.79 s, remaining 556.19 s)
18000000 of 30000000 tuples (60%) done (elapsed 827.27 s, remaining 551.51 s)
18100000 of 30000000 tuples (60%) done (elapsed 832.57 s, remaining 547.38 s)
18200000 of 30000000 tuples (60%) done (elapsed 837.00 s, remaining 542.67 s)
18300000 of 30000000 tuples (61%) done (elapsed 841.29 s, remaining 537.87 s)
18400000 of 30000000 tuples (61%) done (elapsed 845.74 s, remaining 533.19 s)
18500000 of 30000000 tuples (61%) done (elapsed 849.92 s, remaining 528.33 s)
18600000 of 30000000 tuples (62%) done (elapsed 854.45 s, remaining 523.70 s)
18700000 of 30000000 tuples (62%) done (elapsed 858.71 s, remaining 518.90 s)
18800000 of 30000000 tuples (62%) done (elapsed 864.41 s, remaining 514.97 s)
18900000 of 30000000 tuples (63%) done (elapsed 868.43 s, remaining 510.03 s)
19000000 of 30000000 tuples (63%) done (elapsed 873.27 s, remaining 505.58 s)
19100000 of 30000000 tuples (63%) done (elapsed 877.41 s, remaining 500.72 s)
19200000 of 30000000 tuples (64%) done (elapsed 882.14 s, remaining 496.21 s)
19300000 of 30000000 tuples (64%) done (elapsed 886.35 s, remaining 491.40 s)
19400000 of 30000000 tuples (64%) done (elapsed 890.81 s, remaining 486.73 s)
19500000 of 30000000 tuples (65%) done (elapsed 896.33 s, remaining 482.64 s)
19600000 of 30000000 tuples (65%) done (elapsed 900.78 s, remaining 477.97 s)
19700000 of 30000000 tuples (65%) done (elapsed 904.87 s, remaining 473.10 s)
19800000 of 30000000 tuples (66%) done (elapsed 909.39 s, remaining 468.48 s)
19900000 of 30000000 tuples (66%) done (elapsed 913.62 s, remaining 463.70 s)
20000000 of 30000000 tuples (66%) done (elapsed 918.02 s, remaining 459.01 s)
20100000 of 30000000 tuples (67%) done (elapsed 923.79 s, remaining 455.00 s)
20200000 of 30000000 tuples (67%) done (elapsed 928.30 s, remaining 450.36 s)
20300000 of 30000000 tuples (67%) done (elapsed 932.39 s, remaining 445.52 s)
20400000 of 30000000 tuples (68%) done (elapsed 937.00 s, remaining 440.94 s)
20500000 of 30000000 tuples (68%) done (elapsed 941.09 s, remaining 436.11 s)
20600000 of 30000000 tuples (68%) done (elapsed 945.83 s, remaining 431.59 s)
20700000 of 30000000 tuples (69%) done (elapsed 950.23 s, remaining 426.91 s)
20800000 of 30000000 tuples (69%) done (elapsed 955.49 s, remaining 422.62 s)
20900000 of 30000000 tuples (69%) done (elapsed 959.67 s, remaining 417.85 s)
21000000 of 30000000 tuples (70%) done (elapsed 964.37 s, remaining 413.30 s)
21100000 of 30000000 tuples (70%) done (elapsed 968.49 s, remaining 408.51 s)
21200000 of 30000000 tuples (70%) done (elapsed 972.82 s, remaining 403.81 s)
21300000 of 30000000 tuples (71%) done (elapsed 977.09 s, remaining 399.09 s)
21400000 of 30000000 tuples (71%) done (elapsed 981.90 s, remaining 394.60 s)
21500000 of 30000000 tuples (71%) done (elapsed 987.08 s, remaining 390.24 s)
21600000 of 30000000 tuples (72%) done (elapsed 991.61 s, remaining 385.63 s)
21700000 of 30000000 tuples (72%) done (elapsed 995.75 s, remaining 380.86 s)
21800000 of 30000000 tuples (72%) done (elapsed 1000.34 s, remaining 376.27 s)
21900000 of 30000000 tuples (73%) done (elapsed 1004.49 s, remaining 371.52 s)
22000000 of 30000000 tuples (73%) done (elapsed 1008.89 s, remaining 366.87 s)
22100000 of 30000000 tuples (73%) done (elapsed 1013.07 s, remaining 362.14 s)
22200000 of 30000000 tuples (74%) done (elapsed 1018.82 s, remaining 357.97 s)
22300000 of 30000000 tuples (74%) done (elapsed 1023.25 s, remaining 353.32 s)
22400000 of 30000000 tuples (74%) done (elapsed 1027.72 s, remaining 348.69 s)
22500000 of 30000000 tuples (75%) done (elapsed 1031.85 s, remaining 343.95 s)
22600000 of 30000000 tuples (75%) done (elapsed 1036.52 s, remaining 339.39 s)
22700000 of 30000000 tuples (75%) done (elapsed 1040.62 s, remaining 334.65 s)
22800000 of 30000000 tuples (76%) done (elapsed 1046.74 s, remaining 330.55 s)
22900000 of 30000000 tuples (76%) done (elapsed 1050.93 s, remaining 325.83 s)
23000000 of 30000000 tuples (76%) done (elapsed 1055.43 s, remaining 321.22 s)
23100000 of 30000000 tuples (77%) done (elapsed 1059.64 s, remaining 316.51 s)
23200000 of 30000000 tuples (77%) done (elapsed 1063.75 s, remaining 311.79 s)
23300000 of 30000000 tuples (77%) done (elapsed 1068.29 s, remaining 307.19 s)
23400000 of 30000000 tuples (78%) done (elapsed 1072.39 s, remaining 302.47 s)
23500000 of 30000000 tuples (78%) done (elapsed 1078.48 s, remaining 298.30 s)
23600000 of 30000000 tuples (78%) done (elapsed 1082.72 s, remaining 293.62 s)
23700000 of 30000000 tuples (79%) done (elapsed 1087.23 s, remaining 289.01 s)
23800000 of 30000000 tuples (79%) done (elapsed 1091.35 s, remaining 284.30 s)
23900000 of 30000000 tuples (79%) done (elapsed 1095.89 s, remaining 279.70 s)
24000000 of 30000000 tuples (80%) done (elapsed 1099.99 s, remaining 275.00 s)
24100000 of 30000000 tuples (80%) done (elapsed 1104.48 s, remaining 270.39 s)
24200000 of 30000000 tuples (80%) done (elapsed 1108.56 s, remaining 265.69 s)
24300000 of 30000000 tuples (81%) done (elapsed 1113.90 s, remaining 261.29 s)
24400000 of 30000000 tuples (81%) done (elapsed 1118.04 s, remaining 256.60 s)
24500000 of 30000000 tuples (81%) done (elapsed 1122.59 s, remaining 252.01 s)
24600000 of 30000000 tuples (82%) done (elapsed 1126.71 s, remaining 247.33 s)
24700000 of 30000000 tuples (82%) done (elapsed 1131.14 s, remaining 242.71 s)
24800000 of 30000000 tuples (82%) done (elapsed 1135.31 s, remaining 238.05 s)
24900000 of 30000000 tuples (83%) done (elapsed 1139.77 s, remaining 233.45 s)
25000000 of 30000000 tuples (83%) done (elapsed 1144.17 s, remaining 228.83 s)
25100000 of 30000000 tuples (83%) done (elapsed 1149.92 s, remaining 224.49 s)
25200000 of 30000000 tuples (84%) done (elapsed 1153.99 s, remaining 219.81 s)
25300000 of 30000000 tuples (84%) done (elapsed 1158.60 s, remaining 215.23 s)
25400000 of 30000000 tuples (84%) done (elapsed 1162.68 s, remaining 210.56 s)
25500000 of 30000000 tuples (85%) done (elapsed 1167.35 s, remaining 206.00 s)
25600000 of 30000000 tuples (85%) done (elapsed 1171.51 s, remaining 201.35 s)
25700000 of 30000000 tuples (85%) done (elapsed 1176.02 s, remaining 196.77 s)
25800000 of 30000000 tuples (86%) done (elapsed 1181.43 s, remaining 192.33 s)
25900000 of 30000000 tuples (86%) done (elapsed 1185.81 s, remaining 187.72 s)
26000000 of 30000000 tuples (86%) done (elapsed 1189.90 s, remaining 183.06 s)
26100000 of 30000000 tuples (87%) done (elapsed 1194.47 s, remaining 178.48 s)
26200000 of 30000000 tuples (87%) done (elapsed 1198.63 s, remaining 173.85 s)
26300000 of 30000000 tuples (87%) done (elapsed 1203.03 s, remaining 169.25 s)
26400000 of 30000000 tuples (88%) done (elapsed 1207.19 s, remaining 164.62 s)
26500000 of 30000000 tuples (88%) done (elapsed 1213.18 s, remaining 160.23 s)
26600000 of 30000000 tuples (88%) done (elapsed 1217.29 s, remaining 155.59 s)
26700000 of 30000000 tuples (89%) done (elapsed 1221.77 s, remaining 151.01 s)
26800000 of 30000000 tuples (89%) done (elapsed 1227.27 s, remaining 146.54 s)
26900000 of 30000000 tuples (89%) done (elapsed 1231.97 s, remaining 141.97 s)
27000000 of 30000000 tuples (90%) done (elapsed 1236.14 s, remaining 137.35 s)
27100000 of 30000000 tuples (90%) done (elapsed 1240.98 s, remaining 132.80 s)
27200000 of 30000000 tuples (90%) done (elapsed 1245.75 s, remaining 128.24 s)
27300000 of 30000000 tuples (91%) done (elapsed 1250.52 s, remaining 123.68 s)
27400000 of 30000000 tuples (91%) done (elapsed 1254.74 s, remaining 119.06 s)
27500000 of 30000000 tuples (91%) done (elapsed 1259.13 s, remaining 114.47 s)
27600000 of 30000000 tuples (92%) done (elapsed 1263.32 s, remaining 109.85 s)
27700000 of 30000000 tuples (92%) done (elapsed 1267.76 s, remaining 105.27 s)
27800000 of 30000000 tuples (92%) done (elapsed 1272.82 s, remaining 100.73 s)
27900000 of 30000000 tuples (93%) done (elapsed 1277.30 s, remaining 96.14 s)
28000000 of 30000000 tuples (93%) done (elapsed 1281.58 s, remaining 91.54 s)
28100000 of 30000000 tuples (93%) done (elapsed 1285.97 s, remaining 86.95 s)
28200000 of 30000000 tuples (94%) done (elapsed 1290.04 s, remaining 82.34 s)
28300000 of 30000000 tuples (94%) done (elapsed 1294.43 s, remaining 77.76 s)
28400000 of 30000000 tuples (94%) done (elapsed 1298.62 s, remaining 73.16 s)
28500000 of 30000000 tuples (95%) done (elapsed 1304.57 s, remaining 68.66 s)
28600000 of 30000000 tuples (95%) done (elapsed 1308.72 s, remaining 64.06 s)
28700000 of 30000000 tuples (95%) done (elapsed 1313.46 s, remaining 59.49 s)
28800000 of 30000000 tuples (96%) done (elapsed 1318.04 s, remaining 54.92 s)
28900000 of 30000000 tuples (96%) done (elapsed 1322.51 s, remaining 50.34 s)
29000000 of 30000000 tuples (96%) done (elapsed 1326.73 s, remaining 45.75 s)
29100000 of 30000000 tuples (97%) done (elapsed 1332.39 s, remaining 41.21 s)
29200000 of 30000000 tuples (97%) done (elapsed 1336.60 s, remaining 36.62 s)
29300000 of 30000000 tuples (97%) done (elapsed 1341.03 s, remaining 32.04 s)
29400000 of 30000000 tuples (98%) done (elapsed 1345.39 s, remaining 27.46 s)
29500000 of 30000000 tuples (98%) done (elapsed 1349.47 s, remaining 22.87 s)
29600000 of 30000000 tuples (98%) done (elapsed 1354.26 s, remaining 18.30 s)
29700000 of 30000000 tuples (99%) done (elapsed 1358.45 s, remaining 13.72 s)
29800000 of 30000000 tuples (99%) done (elapsed 1364.81 s, remaining 9.16 s)
29900000 of 30000000 tuples (99%) done (elapsed 1369.01 s, remaining 4.58 s)
30000000 of 30000000 tuples (100%) done (elapsed 1373.56 s, remaining 0.00 s)
vacuum...
set primary keys...
NOTICE:  ALTER TABLE / ADD PRIMARY KEY will create implicit index "pgbench_branches_pkey" for table "pgbench_branches"
NOTICE:  ALTER TABLE / ADD PRIMARY KEY will create implicit index "pgbench_tellers_pkey" for table "pgbench_tellers"
NOTICE:  ALTER TABLE / ADD PRIMARY KEY will create implicit index "pgbench_accounts_pkey" for table "pgbench_accounts"
done.
starting vacuum...end.
transaction type: <builtin: TPC-B (sort of)>
scaling factor: 300
query mode: simple
number of clients: 32
number of threads: 4
duration: 60 s
number of transactions actually processed: 3227
latency average: 594.980 ms
tps = 53.489909 (including connections establishing)
tps = 53.491261 (excluding connections establishing)
script statistics:
 - statement latencies in milliseconds:
         0.003  \set aid random(1, 100000 * :scale)
         0.001  \set bid random(1, 1 * :scale)
         0.001  \set tid random(1, 10 * :scale)
         0.001  \set delta random(-5000, 5000)
         0.112  BEGIN;
       236.099  UPDATE pgbench_accounts SET abalance = abalance + :delta WHERE aid = :aid;
         1.847  SELECT abalance FROM pgbench_accounts WHERE aid = :aid;
       138.791  UPDATE pgbench_tellers SET tbalance = tbalance + :delta WHERE tid = :tid;
        84.531  UPDATE pgbench_branches SET bbalance = bbalance + :delta WHERE bid = :bid;
        37.241  INSERT INTO pgbench_history (tid, bid, aid, delta, mtime) VALUES (:tid, :bid, :aid, :delta, CURRENT_TIMESTAMP);
        99.095  END;
starting vacuum...end.
transaction type: <builtin: TPC-B (sort of)>
scaling factor: 300
query mode: simple
number of clients: 32
number of threads: 4
duration: 300 s
number of transactions actually processed: 15814
latency average: 607.057 ms
tps = 51.673414 (including connections establishing)
tps = 51.673671 (excluding connections establishing)
script statistics:
 - statement latencies in milliseconds:
         0.003  \set aid random(1, 100000 * :scale)
         0.001  \set bid random(1, 1 * :scale)
         0.001  \set tid random(1, 10 * :scale)
         0.001  \set delta random(-5000, 5000)
         0.106  BEGIN;
       221.492  UPDATE pgbench_accounts SET abalance = abalance + :delta WHERE aid = :aid;
         0.250  SELECT abalance FROM pgbench_accounts WHERE aid = :aid;
       131.373  UPDATE pgbench_tellers SET tbalance = tbalance + :delta WHERE tid = :tid;
        94.122  UPDATE pgbench_branches SET bbalance = bbalance + :delta WHERE bid = :bid;
        55.934  INSERT INTO pgbench_history (tid, bid, aid, delta, mtime) VALUES (:tid, :bid, :aid, :delta, CURRENT_TIMESTAMP);
       113.244  END;
starting vacuum...end.
transaction type: <builtin: TPC-B (sort of)>
scaling factor: 300
query mode: simple
number of clients: 32
number of threads: 4
duration: 900 s
number of transactions actually processed: 33877
latency average: 850.134 ms
tps = 37.618017 (including connections establishing)
tps = 37.618080 (excluding connections establishing)
script statistics:
 - statement latencies in milliseconds:
         0.002  \set aid random(1, 100000 * :scale)
         0.001  \set bid random(1, 1 * :scale)
         0.001  \set tid random(1, 10 * :scale)
         0.001  \set delta random(-5000, 5000)
         0.129  BEGIN;
       446.705  UPDATE pgbench_accounts SET abalance = abalance + :delta WHERE aid = :aid;
         0.383  SELECT abalance FROM pgbench_accounts WHERE aid = :aid;
       148.776  UPDATE pgbench_tellers SET tbalance = tbalance + :delta WHERE tid = :tid;
        75.860  UPDATE pgbench_branches SET bbalance = bbalance + :delta WHERE bid = :bid;
        38.886  INSERT INTO pgbench_history (tid, bid, aid, delta, mtime) VALUES (:tid, :bid, :aid, :delta, CURRENT_TIMESTAMP);
       139.923  END;
========================================================================
Testing 2006-05-26-REL8_2_0~1296
Start Time: 2016-07-30 16:01:01+00:00
Linux 3.16.0-4-amd64 (Debian-83-jessie-64-minimal) 	30.07.16 	_x86_64_	(8 CPU)

starting vacuum...end.
transaction type: <builtin: TPC-B (sort of)>
scaling factor: 300
query mode: simple
number of clients: 32
number of threads: 4
duration: 900 s
number of transactions actually processed: 30699
latency average: 938.141 ms
tps = 34.094745 (including connections establishing)
tps = 34.094799 (excluding connections establishing)
script statistics:
 - statement latencies in milliseconds:
         0.003  \set aid random(1, 100000 * :scale)
         0.001  \set bid random(1, 1 * :scale)
         0.001  \set tid random(1, 10 * :scale)
         0.001  \set delta random(-5000, 5000)
         0.112  BEGIN;
       408.724  UPDATE pgbench_accounts SET abalance = abalance + :delta WHERE aid = :aid;
         0.411  SELECT abalance FROM pgbench_accounts WHERE aid = :aid;
       181.967  UPDATE pgbench_tellers SET tbalance = tbalance + :delta WHERE tid = :tid;
       113.354  UPDATE pgbench_branches SET bbalance = bbalance + :delta WHERE bid = :bid;
        66.459  INSERT INTO pgbench_history (tid, bid, aid, delta, mtime) VALUES (:tid, :bid, :aid, :delta, CURRENT_TIMESTAMP);
       167.823  END;
avg-cpu:  %user   %nice %system %iowait  %steal   %idle
           0,41    0,00    0,23    8,70    0,00   90,66

Device:         rrqm/s   wrqm/s     r/s     w/s    rkB/s    wkB/s avgrq-sz avgqu-sz   await r_await w_await  svctm  %util
sdb               0,00     1,14    5,20  154,34    44,27  1269,25    16,47    21,70  135,99   20,50  139,88   4,16  66,38
sda               0,07     1,13   23,06  154,35   199,57  1269,25    16,56    12,00   67,66   23,20   74,30   4,37  77,60
md0               0,00     0,00    0,09    0,00     0,38     0,00     8,00     0,00    0,00    0,00    0,00   0,00   0,00
md1               0,00     0,00    0,00    0,00     0,00     0,00     0,00     0,00    0,00    0,00    0,00   0,00   0,00
md2               0,00     0,00   28,24  154,71   243,44  1267,32    16,52     0,00    0,00    0,00    0,00   0,00   0,00
md3               0,00     0,00    0,00    0,01     0,00     0,04     8,00     0,00    0,00    0,00    0,00   0,00   0,00

End Time: 2016-07-30 16:16:31+00:00
========================================================================
========================================================================
Testing 2006-05-26-REL8_2_0~1296
Start Time: 2016-08-08 10:27:27+00:00
Shared Buffers:  260000
Linux 3.16.0-4-amd64 (Debian-83-jessie-64-minimal) 	08.08.16 	_x86_64_	(8 CPU)

starting vacuum...end.
transaction type: <builtin: TPC-B (sort of)>
scaling factor: 300
query mode: simple
number of clients: 32
number of threads: 4
duration: 900 s
number of transactions actually processed: 31937
latency average: 901.775 ms
tps = 35.105415 (including connections establishing)
tps = 35.105468 (excluding connections establishing)
script statistics:
 - statement latencies in milliseconds:
         0.003  \set aid random(1, 100000 * :scale)
         0.001  \set bid random(1, 1 * :scale)
         0.001  \set tid random(1, 10 * :scale)
         0.001  \set delta random(-5000, 5000)
         0.104  BEGIN;
       389.909  UPDATE pgbench_accounts SET abalance = abalance + :delta WHERE aid = :aid;
         0.319  SELECT abalance FROM pgbench_accounts WHERE aid = :aid;
       174.151  UPDATE pgbench_tellers SET tbalance = tbalance + :delta WHERE tid = :tid;
       114.644  UPDATE pgbench_branches SET bbalance = bbalance + :delta WHERE bid = :bid;
        65.585  INSERT INTO pgbench_history (tid, bid, aid, delta, mtime) VALUES (:tid, :bid, :aid, :delta, CURRENT_TIMESTAMP);
       163.703  END;
avg-cpu:  %user   %nice %system %iowait  %steal   %idle
           0,44    0,00    0,25    8,71    0,00   90,60

Device:         rrqm/s   wrqm/s     r/s     w/s    rkB/s    wkB/s avgrq-sz avgqu-sz   await r_await w_await  svctm  %util
sdb               0,09     0,98    5,25  159,10    46,21  1316,68    16,59    15,14   90,49   17,53   92,90   4,06  66,74
sda               0,23     0,98   24,71  159,06   213,00  1316,33    16,64    18,84  100,92   22,56  113,10   4,55  83,70
md0               0,00     0,00    0,46    0,00     1,85     0,00     8,00     0,00    0,00    0,00    0,00   0,00   0,00
md1               0,00     0,00    0,00    0,00     0,00     0,00     0,00     0,00    0,00    0,00    0,00   0,00   0,00
md2               0,00     0,00   29,78  161,11   257,13  1328,85    16,62     0,00    0,00    0,00    0,00   0,00   0,00
md3               0,00     0,00    0,04    0,02     0,19     0,06     8,91     0,00    0,00    0,00    0,00   0,00   0,00

Control File Changes
--- /usr/local/oldpgsql/2006-05-26-REL8_2_0~1296/before.controldata	2016-08-08 12:27:27.547599974 +0200
+++ /usr/local/oldpgsql/2006-05-26-REL8_2_0~1296/after.controldata	2016-08-08 12:43:06.188169106 +0200
@@ -2,19 +2,19 @@
 Catalog version number:               200605241
 Database system identifier:           6255670239457630960
 Database cluster state:               in production
-pg_control last modified:             пн, 08-сер-2016 12:27:27 +0200
+pg_control last modified:             пн, 08-сер-2016 12:43:06 +0200
 Current log file ID:                  1
-Next log file segment:                124
-Latest checkpoint location:           1/7B799A88
-Prior checkpoint location:            1/7B799A38
-Latest checkpoint's REDO location:    1/7B799A88
+Next log file segment:                154
+Latest checkpoint location:           1/99DF9120
+Prior checkpoint location:            1/99DF90D0
+Latest checkpoint's REDO location:    1/99DF9120
 Latest checkpoint's UNDO location:    0/0
 Latest checkpoint's TimeLineID:       1
-Latest checkpoint's NextXID:          85558
-Latest checkpoint's NextOID:          16421
+Latest checkpoint's NextXID:          117538
+Latest checkpoint's NextOID:          24613
 Latest checkpoint's NextMultiXactId:  1
 Latest checkpoint's NextMultiOffset:  0
-Time of latest checkpoint:            пн, 08-сер-2016 12:27:26 +0200
+Time of latest checkpoint:            пн, 08-сер-2016 12:43:04 +0200
 Maximum data alignment:               8
 Database block size:                  8192
 Blocks per segment of large relation: 131072
End Time: 2016-08-08 10:43:06+00:00
========================================================================
========================================================================
Testing 2006-05-26-REL8_2_0~1296
Start Time: 2016-08-09 05:33:45+00:00
Shared Buffers:  260000
size before pgbench of pgbench_branches: 1632
size before pgbench of pgbench_branches_pkey: 980
size before pgbench of pgbench_tellers: 1948
size before pgbench of pgbench_tellers_pkey: 1056
size before pgbench of pgbench_accounts: 1008764
size before pgbench of pgbench_accounts_pkey: 658092
size before pgbench of pgbench_history: 2056
total size before pgbench: 1674528
Linux 3.16.0-4-amd64 (Debian-83-jessie-64-minimal) 	09.08.16 	_x86_64_	(8 CPU)

starting vacuum...end.
transaction type: <builtin: select only>
scaling factor: 300
query mode: simple
number of clients: 32
number of threads: 4
duration: 60 s
number of transactions actually processed: 67721
latency average: 28.352 ms
tps = 1126.596482 (including connections establishing)
tps = 1126.623443 (excluding connections establishing)
script statistics:
 - statement latencies in milliseconds:
         0.002  \set aid random(1, 100000 * :scale)
        28.367  SELECT abalance FROM pgbench_accounts WHERE aid = :aid;
avg-cpu:  %user   %nice %system %iowait  %steal   %idle
           1,05    0,00    0,65   25,49    0,00   72,82

Device:         rrqm/s   wrqm/s     r/s     w/s    rkB/s    wkB/s avgrq-sz avgqu-sz   await r_await w_await  svctm  %util
sdb               0,00     0,49  264,31    2,24  2445,78    73,33    18,90    16,17   60,65   45,55 1839,84   2,58  68,90
sda               0,00     0,50  268,84    2,23  2488,18    73,33    18,90    34,81  128,39   39,95 10774,03   2,55  69,16
md0               0,00     0,00    0,00    0,00     0,00     0,00     0,00     0,00    0,00    0,00    0,00   0,00   0,00
md1               0,00     0,00    0,00    0,00     0,00     0,00     0,00     0,00    0,00    0,00    0,00   0,00   0,00
md2               0,00     0,00  533,16    1,88  4933,96    71,20    18,71     0,00    0,00    0,00    0,00   0,00   0,00
md3               0,00     0,00    0,00    0,10     0,00     0,40     8,00     0,00    0,00    0,00    0,00   0,00   0,00

Control File Changes
--- /usr/local/oldpgsql/2006-05-26-REL8_2_0~1296/before.controldata	2016-08-09 07:35:13.767156079 +0200
+++ /usr/local/oldpgsql/2006-05-26-REL8_2_0~1296/after.controldata	2016-08-09 07:36:46.950521962 +0200
@@ -5 +5 @@
-pg_control last modified:             Tue Aug  9 05:35:13 2016
+pg_control last modified:             Tue Aug  9 05:36:46 2016
@@ -8,3 +8,3 @@
-Latest checkpoint location:           1/99DF91C0
-Prior checkpoint location:            1/99DF9170
-Latest checkpoint's REDO location:    1/99DF91C0
+Latest checkpoint location:           1/99E8AC18
+Prior checkpoint location:            1/99DF91C0
+Latest checkpoint's REDO location:    1/99E8AC18
@@ -13,2 +13,2 @@
-Latest checkpoint's NextXID:          117570
-Latest checkpoint's NextOID:          16422
+Latest checkpoint's NextXID:          185334
+Latest checkpoint's NextOID:          24614
@@ -17 +17 @@
-Time of latest checkpoint:            Tue Aug  9 05:35:13 2016
+Time of latest checkpoint:            Tue Aug  9 05:36:43 2016
size after pgbench of pgbench_branches: 1632
size after pgbench of pgbench_branches_pkey: 980
size after pgbench of pgbench_tellers: 1948
size after pgbench of pgbench_tellers_pkey: 1056
size after pgbench of pgbench_accounts: 1008764
size after pgbench of pgbench_accounts_pkey: 658092
size after pgbench of pgbench_history: 0
total size after pgbench: 1672472
End Time: 2016-08-09 05:36:47+00:00
========================================================================
========================================================================
Testing 2006-05-26-REL8_2_0~1296
Start Time: 2016-08-09 16:20:48+00:00
Shared Buffers:  260000
size before pgbench of pgbench_branches: 1632
size before pgbench of pgbench_branches_pkey: 980
size before pgbench of pgbench_tellers: 1948
size before pgbench of pgbench_tellers_pkey: 1056
size before pgbench of pgbench_accounts: 1008764
size before pgbench of pgbench_accounts_pkey: 658092
size before pgbench of pgbench_history: 0
total size before pgbench: 1672472
Linux 3.16.0-4-amd64 (Debian-83-jessie-64-minimal) 	09.08.16 	_x86_64_	(8 CPU)

starting vacuum...end.
transaction type: <builtin: select only>
scaling factor: 300
query mode: simple
number of clients: 32
number of threads: 4
duration: 60 s
number of transactions actually processed: 69435
latency average: 27.652 ms
tps = 1155.163448 (including connections establishing)
tps = 1155.203125 (excluding connections establishing)
script statistics:
 - statement latencies in milliseconds:
         0.002  \set aid random(1, 100000 * :scale)
        27.681  SELECT abalance FROM pgbench_accounts WHERE aid = :aid;
avg-cpu:  %user   %nice %system %iowait  %steal   %idle
           1,09    0,00    0,65   24,73    0,00   73,53

Device:         rrqm/s   wrqm/s     r/s     w/s    rkB/s    wkB/s avgrq-sz avgqu-sz   await r_await w_await  svctm  %util
sdb               0,03     0,48  269,70    4,36  2506,44    29,67    18,51    23,83   86,97   43,65 2769,26   2,48  67,83
sda               0,56     0,48  271,91    4,36  2523,29    29,67    18,48    22,71   82,20   40,84 2664,43   2,47  68,30
md0               0,00     0,00    0,81    0,00     3,24     0,00     8,00     0,00    0,00    0,00    0,00   0,00   0,00
md1               0,00     0,00    0,00    0,00     0,00     0,00     0,00     0,00    0,00    0,00    0,00   0,00   0,00
md2               0,00     0,00  541,40    3,92  5026,49    27,42    18,54     0,00    0,00    0,00    0,00   0,00   0,00
md3               0,00     0,00    0,00    0,10     0,00     0,40     8,00     0,00    0,00    0,00    0,00   0,00   0,00

Control File Changes
--- /usr/local/oldpgsql/2006-05-26-REL8_2_0~1296/before.controldata	2016-08-09 18:21:28.452234524 +0200
+++ /usr/local/oldpgsql/2006-05-26-REL8_2_0~1296/after.controldata	2016-08-09 18:22:58.796501628 +0200
@@ -5 +5 @@
-pg_control last modified:             Tue Aug  9 16:21:28 2016
+pg_control last modified:             Tue Aug  9 16:22:58 2016
@@ -8,3 +8,3 @@
-Latest checkpoint location:           1/99E8ACB8
-Prior checkpoint location:            1/99E8AC68
-Latest checkpoint's REDO location:    1/99E8ACB8
+Latest checkpoint location:           1/99E8D268
+Prior checkpoint location:            1/99E8ACB8
+Latest checkpoint's REDO location:    1/99E8D268
@@ -13,2 +13,2 @@
-Latest checkpoint's NextXID:          185368
-Latest checkpoint's NextOID:          16423
+Latest checkpoint's NextXID:          254846
+Latest checkpoint's NextOID:          24615
@@ -17 +17 @@
-Time of latest checkpoint:            Tue Aug  9 16:21:28 2016
+Time of latest checkpoint:            Tue Aug  9 16:22:58 2016
size after pgbench of pgbench_branches: 1632
size after pgbench of pgbench_branches_pkey: 980
size after pgbench of pgbench_tellers: 1948
size after pgbench of pgbench_tellers_pkey: 1056
size after pgbench of pgbench_accounts: 1008764
size after pgbench of pgbench_accounts_pkey: 658092
size after pgbench of pgbench_history: 0
total size after pgbench: 1672472
End Time: 2016-08-09 16:22:58+00:00
========================================================================
========================================================================
Testing 2006-05-26-REL8_2_0~1296
Start Time: 2016-08-10 14:30:05+00:00
Shared Buffers:  260000
size before pgbench of pgbench_branches: 1632
size before pgbench of pgbench_branches_pkey: 980
size before pgbench of pgbench_tellers: 1948
size before pgbench of pgbench_tellers_pkey: 1056
size before pgbench of pgbench_accounts: 1008764
size before pgbench of pgbench_accounts_pkey: 658092
size before pgbench of pgbench_history: 0
total size before pgbench: 1672472
Linux 3.16.0-4-amd64 (Debian-83-jessie-64-minimal) 	10.08.16 	_x86_64_	(8 CPU)

starting vacuum...end.
transaction type: <builtin: select only>
scaling factor: 300
query mode: simple
number of clients: 32
number of threads: 4
duration: 60 s
number of transactions actually processed: 64841
latency average: 29.611 ms
tps = 1078.788944 (including connections establishing)
tps = 1078.812159 (excluding connections establishing)
script statistics:
 - statement latencies in milliseconds:
         0.002  \set aid random(1, 100000 * :scale)
        29.646  SELECT abalance FROM pgbench_accounts WHERE aid = :aid;
avg-cpu:  %user   %nice %system %iowait  %steal   %idle
           1,09    0,00    0,64   24,79    0,00   73,48

Device:         rrqm/s   wrqm/s     r/s     w/s    rkB/s    wkB/s avgrq-sz avgqu-sz   await r_await w_await  svctm  %util
sdb               0,01     0,40  258,37    3,14  2389,51    18,00    18,41    20,18   77,17   47,13 2545,60   2,58  67,41
sda               0,07     0,40  258,49    3,14  2401,82    18,00    18,50    19,27   73,63   43,05 2587,53   2,58  67,56
md0               0,00     0,00    0,37    0,01     1,47     0,04     8,00     0,00    0,00    0,00    0,00   0,00   0,00
md1               0,00     0,00    0,00    0,00     0,00     0,00     0,00     0,00    0,00    0,00    0,00   0,00   0,00
md2               0,00     0,00  516,58    2,37  4789,87    15,24    18,52     0,00    0,00    0,00    0,00   0,00   0,00
md3               0,00     0,00    0,00    0,10     0,00     0,40     8,00     0,00    0,00    0,00    0,00   0,00   0,00

Control File Changes
--- /usr/local/oldpgsql/2006-05-26-REL8_2_0~1296/before.controldata	2016-08-10 16:30:45.920123675 +0200
+++ /usr/local/oldpgsql/2006-05-26-REL8_2_0~1296/after.controldata	2016-08-10 16:32:16.659716204 +0200
@@ -5 +5 @@
-pg_control last modified:             Wed Aug 10 14:30:45 2016
+pg_control last modified:             Wed Aug 10 14:32:16 2016
@@ -8,3 +8,3 @@
-Latest checkpoint location:           1/99E8D308
-Prior checkpoint location:            1/99E8D2B8
-Latest checkpoint's REDO location:    1/99E8D308
+Latest checkpoint location:           1/99E8F9C0
+Prior checkpoint location:            1/99E8D308
+Latest checkpoint's REDO location:    1/99E8F9C0
@@ -13,2 +13,2 @@
-Latest checkpoint's NextXID:          254880
-Latest checkpoint's NextOID:          16424
+Latest checkpoint's NextXID:          319764
+Latest checkpoint's NextOID:          24616
@@ -17 +17 @@
-Time of latest checkpoint:            Wed Aug 10 14:30:45 2016
+Time of latest checkpoint:            Wed Aug 10 14:32:15 2016
size after pgbench of pgbench_branches: 1632
size after pgbench of pgbench_branches_pkey: 980
size after pgbench of pgbench_tellers: 1948
size after pgbench of pgbench_tellers_pkey: 1056
size after pgbench of pgbench_accounts: 1008764
size after pgbench of pgbench_accounts_pkey: 658092
size after pgbench of pgbench_history: 0
total size after pgbench: 1672472
End Time: 2016-08-10 14:32:16+00:00
========================================================================
========================================================================
Testing 2006-05-26-REL8_2_0~1296
Start Time: 2016-08-11 02:29:39+00:00
Shared Buffers:  260000
size before pgbench of pgbench_branches: 1632
size before pgbench of pgbench_branches_pkey: 980
size before pgbench of pgbench_tellers: 1948
size before pgbench of pgbench_tellers_pkey: 1056
size before pgbench of pgbench_accounts: 1008764
size before pgbench of pgbench_accounts_pkey: 658092
size before pgbench of pgbench_history: 0
total size before pgbench: 1672472
Linux 3.16.0-4-amd64 (Debian-83-jessie-64-minimal) 	11.08.16 	_x86_64_	(8 CPU)

starting vacuum...end.
transaction type: <builtin: select only>
scaling factor: 300
query mode: simple
number of clients: 32
number of threads: 4
duration: 60 s
number of transactions actually processed: 63427
latency average: 30.271 ms
tps = 1055.674211 (including connections establishing)
tps = 1055.698837 (excluding connections establishing)
script statistics:
 - statement latencies in milliseconds:
         0.002  \set aid random(1, 100000 * :scale)
        30.284  SELECT abalance FROM pgbench_accounts WHERE aid = :aid;
avg-cpu:  %user   %nice %system %iowait  %steal   %idle
           1,02    0,00    0,63   23,84    0,00   74,51

Device:         rrqm/s   wrqm/s     r/s     w/s    rkB/s    wkB/s avgrq-sz avgqu-sz   await r_await w_await  svctm  %util
sdb               0,00     0,43  251,84    2,74  2329,24    15,41    18,42    17,93   70,41   44,15 2479,72   2,64  67,27
sda               0,04     0,43  259,19    2,74  2405,60    15,41    18,49    20,43   78,00   46,74 3030,85   2,58  67,48
md0               0,00     0,00    0,21    0,00     0,84     0,00     8,00     0,00    0,00    0,00    0,00   0,00   0,00
md1               0,00     0,00    0,00    0,00     0,00     0,00     0,00     0,00    0,00    0,00    0,00   0,00   0,00
md2               0,00     0,00  510,87    2,02  4733,73    12,71    18,51     0,00    0,00    0,00    0,00   0,00   0,00
md3               0,00     0,00    0,00    0,10     0,00     0,40     8,00     0,00    0,00    0,00    0,00   0,00   0,00

Control File Changes
--- /usr/local/oldpgsql/2006-05-26-REL8_2_0~1296/before.controldata	2016-08-11 04:30:19.408680699 +0200
+++ /usr/local/oldpgsql/2006-05-26-REL8_2_0~1296/after.controldata	2016-08-11 04:31:50.364838708 +0200
@@ -5 +5 @@
-pg_control last modified:             Thu Aug 11 02:30:19 2016
+pg_control last modified:             Thu Aug 11 02:31:50 2016
@@ -8,3 +8,3 @@
-Latest checkpoint location:           1/99E8FA60
-Prior checkpoint location:            1/99E8FA10
-Latest checkpoint's REDO location:    1/99E8FA60
+Latest checkpoint location:           1/99E92238
+Prior checkpoint location:            1/99E8FA60
+Latest checkpoint's REDO location:    1/99E92238
@@ -13,2 +13,2 @@
-Latest checkpoint's NextXID:          319798
-Latest checkpoint's NextOID:          16425
+Latest checkpoint's NextXID:          383268
+Latest checkpoint's NextOID:          24617
@@ -17 +17 @@
-Time of latest checkpoint:            Thu Aug 11 02:30:19 2016
+Time of latest checkpoint:            Thu Aug 11 02:31:49 2016
size after pgbench of pgbench_branches: 1632
size after pgbench of pgbench_branches_pkey: 980
size after pgbench of pgbench_tellers: 1948
size after pgbench of pgbench_tellers_pkey: 1056
size after pgbench of pgbench_accounts: 1008764
size after pgbench of pgbench_accounts_pkey: 658092
size after pgbench of pgbench_history: 0
total size after pgbench: 1672472
End Time: 2016-08-11 02:31:50+00:00
========================================================================
========================================================================
Testing 2006-05-26-REL8_2_0~1296
Start Time: 2016-08-11 22:38:18+00:00
Shared Buffers:  260000
size before pgbench of pgbench_branches: 1632
size before pgbench of pgbench_branches_pkey: 980
size before pgbench of pgbench_tellers: 1948
size before pgbench of pgbench_tellers_pkey: 1056
size before pgbench of pgbench_accounts: 1008764
size before pgbench of pgbench_accounts_pkey: 658092
size before pgbench of pgbench_history: 0
total size before pgbench: 1672472
Linux 3.16.0-4-amd64 (Debian-83-jessie-64-minimal) 	12.08.16 	_x86_64_	(8 CPU)

starting vacuum...end.
transaction type: <builtin: select only>
scaling factor: 300
query mode: simple
number of clients: 32
number of threads: 4
duration: 60 s
number of transactions actually processed: 65208
latency average: 29.444 ms
tps = 1082.641196 (including connections establishing)
tps = 1082.667707 (excluding connections establishing)
script statistics:
 - statement latencies in milliseconds:
         0.002  \set aid random(1, 100000 * :scale)
        29.478  SELECT abalance FROM pgbench_accounts WHERE aid = :aid;
avg-cpu:  %user   %nice %system %iowait  %steal   %idle
           1,09    0,00    0,64   23,72    0,00   74,55

Device:         rrqm/s   wrqm/s     r/s     w/s    rkB/s    wkB/s avgrq-sz avgqu-sz   await r_await w_await  svctm  %util
sdb               0,04     0,39  257,72    3,00  2382,49    17,01    18,41    27,65  106,03   47,56 5128,70   2,60  67,82
sda               0,23     0,39  260,96    3,00  2419,38    17,01    18,46    15,68   59,38   41,68 1599,05   2,57  67,94
md0               0,00     0,00    0,53    0,01     2,13     0,04     8,00     0,00    0,00    0,00    0,00   0,00   0,00
md1               0,00     0,00    0,00    0,00     0,00     0,00     0,00     0,00    0,00    0,00    0,00   0,00   0,00
md2               0,00     0,00  518,42    2,20  4799,73    14,18    18,49     0,00    0,00    0,00    0,00   0,00   0,00
md3               0,00     0,00    0,00    0,10     0,00     0,40     8,00     0,00    0,00    0,00    0,00   0,00   0,00

Control File Changes
--- /usr/local/oldpgsql/2006-05-26-REL8_2_0~1296/before.controldata	2016-08-12 00:38:59.225523510 +0200
+++ /usr/local/oldpgsql/2006-05-26-REL8_2_0~1296/after.controldata	2016-08-12 00:40:30.061694630 +0200
@@ -5 +5 @@
-pg_control last modified:             Thu Aug 11 22:38:59 2016
+pg_control last modified:             Thu Aug 11 22:40:29 2016
@@ -8,3 +8,3 @@
-Latest checkpoint location:           1/99E922D8
-Prior checkpoint location:            1/99E92288
-Latest checkpoint's REDO location:    1/99E922D8
+Latest checkpoint location:           1/99E94BB0
+Prior checkpoint location:            1/99E922D8
+Latest checkpoint's REDO location:    1/99E94BB0
@@ -13,2 +13,2 @@
-Latest checkpoint's NextXID:          383302
-Latest checkpoint's NextOID:          16426
+Latest checkpoint's NextXID:          448553
+Latest checkpoint's NextOID:          24618
@@ -17 +17 @@
-Time of latest checkpoint:            Thu Aug 11 22:38:58 2016
+Time of latest checkpoint:            Thu Aug 11 22:40:29 2016
size after pgbench of pgbench_branches: 1632
size after pgbench of pgbench_branches_pkey: 980
size after pgbench of pgbench_tellers: 1948
size after pgbench of pgbench_tellers_pkey: 1056
size after pgbench of pgbench_accounts: 1008764
size after pgbench of pgbench_accounts_pkey: 658092
size after pgbench of pgbench_history: 0
total size after pgbench: 1672472
End Time: 2016-08-11 22:40:30+00:00
========================================================================
========================================================================
Testing 2006-05-26-REL8_2_0~1296
Start Time: 2016-08-12 03:51:05+00:00
Shared Buffers:  260000
size before pgbench of pgbench_branches: 1632
size before pgbench of pgbench_branches_pkey: 980
size before pgbench of pgbench_tellers: 1948
size before pgbench of pgbench_tellers_pkey: 1056
size before pgbench of pgbench_accounts: 1008764
size before pgbench of pgbench_accounts_pkey: 658092
size before pgbench of pgbench_history: 0
total size before pgbench: 1672472
Linux 3.16.0-4-amd64 (Debian-83-jessie-64-minimal) 	12.08.16 	_x86_64_	(8 CPU)

starting vacuum...end.
transaction type: <builtin: select only>
scaling factor: 300
query mode: simple
number of clients: 64
number of threads: 4
duration: 60 s
number of transactions actually processed: 68209
latency average: 56.298 ms
tps = 1132.850538 (including connections establishing)
tps = 1132.876841 (excluding connections establishing)
script statistics:
 - statement latencies in milliseconds:
         0.002  \set aid random(1, 100000 * :scale)
        56.365  SELECT abalance FROM pgbench_accounts WHERE aid = :aid;
avg-cpu:  %user   %nice %system %iowait  %steal   %idle
           1,15    0,00    0,73   31,68    0,00   66,45

Device:         rrqm/s   wrqm/s     r/s     w/s    rkB/s    wkB/s avgrq-sz avgqu-sz   await r_await w_await  svctm  %util
sdb               0,07     0,52  265,50    3,20  2462,53    18,48    18,47    55,30  205,80   91,19 9714,62   2,52  67,80
sda               1,01     0,52  270,71    3,20  2520,84    18,48    18,54    53,88  196,71   84,51 9688,61   2,48  67,87
md0               0,00     0,00    2,49    0,01     9,96     0,04     8,00     0,00    0,00    0,00    0,00   0,00   0,00
md1               0,00     0,00    0,00    0,00     0,00     0,00     0,00     0,00    0,00    0,00    0,00   0,00   0,00
md2               0,00     0,00  534,94    2,51  4973,42    15,69    18,57     0,00    0,00    0,00    0,00   0,00   0,00
md3               0,00     0,00    0,00    0,10     0,00     0,40     8,00     0,00    0,00    0,00    0,00   0,00   0,00

Control File Changes
--- /usr/local/oldpgsql/2006-05-26-REL8_2_0~1296/before.controldata	2016-08-12 05:51:45.144293753 +0200
+++ /usr/local/oldpgsql/2006-05-26-REL8_2_0~1296/after.controldata	2016-08-12 05:53:15.884666690 +0200
@@ -5 +5 @@
-pg_control last modified:             Fri Aug 12 03:51:45 2016
+pg_control last modified:             Fri Aug 12 03:53:15 2016
@@ -8,3 +8,3 @@
-Latest checkpoint location:           1/99E94C50
-Prior checkpoint location:            1/99E94C00
-Latest checkpoint's REDO location:    1/99E94C50
+Latest checkpoint location:           1/99E97630
+Prior checkpoint location:            1/99E94C50
+Latest checkpoint's REDO location:    1/99E97630
@@ -13,2 +13,2 @@
-Latest checkpoint's NextXID:          448587
-Latest checkpoint's NextOID:          16427
+Latest checkpoint's NextXID:          516871
+Latest checkpoint's NextOID:          24619
@@ -17 +17 @@
-Time of latest checkpoint:            Fri Aug 12 03:51:44 2016
+Time of latest checkpoint:            Fri Aug 12 03:53:15 2016
size after pgbench of pgbench_branches: 1632
size after pgbench of pgbench_branches_pkey: 980
size after pgbench of pgbench_tellers: 1948
size after pgbench of pgbench_tellers_pkey: 1056
size after pgbench of pgbench_accounts: 1008764
size after pgbench of pgbench_accounts_pkey: 658092
size after pgbench of pgbench_history: 0
total size after pgbench: 1672472
End Time: 2016-08-12 03:53:15+00:00
========================================================================
========================================================================
Testing 2006-05-26-REL8_2_0~1296
Start Time: 2016-08-12 20:39:38+00:00
Shared Buffers:  260000
size before pgbench of pgbench_branches: 1632
size before pgbench of pgbench_branches_pkey: 980
size before pgbench of pgbench_tellers: 1948
size before pgbench of pgbench_tellers_pkey: 1056
size before pgbench of pgbench_accounts: 1008764
size before pgbench of pgbench_accounts_pkey: 658092
size before pgbench of pgbench_history: 0
total size before pgbench: 1672472
+ /usr/local/pgsql/bin/pgbench -T 60 -S -c 64 -j 4 -r
Linux 3.16.0-4-amd64 (Debian-83-jessie-64-minimal) 	12.08.16 	_x86_64_	(8 CPU)

starting vacuum...end.
transaction type: <builtin: select only>
scaling factor: 300
query mode: simple
number of clients: 64
number of threads: 4
duration: 60 s
number of transactions actually processed: 70709
latency average: 54.307 ms
tps = 1175.049018 (including connections establishing)
tps = 1175.076907 (excluding connections establishing)
script statistics:
 - statement latencies in milliseconds:
         0.002  \set aid random(1, 100000 * :scale)
        54.367  SELECT abalance FROM pgbench_accounts WHERE aid = :aid;
avg-cpu:  %user   %nice %system %iowait  %steal   %idle
           1,17    0,00    0,71   32,17    0,00   65,95

Device:         rrqm/s   wrqm/s     r/s     w/s    rkB/s    wkB/s avgrq-sz avgqu-sz   await r_await w_await  svctm  %util
sdb               0,23     0,36  274,22    2,67  2565,60    16,11    18,65    66,10  238,73   94,18 15102,47   2,43  67,32
sda               1,36     0,36  276,10    2,67  2564,00    16,11    18,51    64,19  230,25   77,50 16045,93   2,41  67,26
md0               0,00     0,00    2,59    0,00    10,36     0,00     8,00     0,00    0,00    0,00    0,00   0,00   0,00
md1               0,00     0,00    0,00    0,00     0,00     0,00     0,00     0,00    0,00    0,00    0,00   0,00   0,00
md2               0,00     0,00  549,41    2,12  5119,24    13,91    18,61     0,00    0,00    0,00    0,00   0,00   0,00
md3               0,00     0,00    0,00    0,10     0,00     0,40     8,00     0,00    0,00    0,00    0,00   0,00   0,00

Control File Changes
--- /usr/local/oldpgsql/2006-05-26-REL8_2_0~1296/before.controldata	2016-08-12 22:40:18.478342958 +0200
+++ /usr/local/oldpgsql/2006-05-26-REL8_2_0~1296/after.controldata	2016-08-12 22:41:49.422512529 +0200
@@ -5 +5 @@
-pg_control last modified:             Fri Aug 12 20:40:18 2016
+pg_control last modified:             Fri Aug 12 20:41:49 2016
@@ -8,3 +8,3 @@
-Latest checkpoint location:           1/99E976D0
-Prior checkpoint location:            1/99E97680
-Latest checkpoint's REDO location:    1/99E976D0
+Latest checkpoint location:           1/99E9A1D8
+Prior checkpoint location:            1/99E976D0
+Latest checkpoint's REDO location:    1/99E9A1D8
@@ -13,2 +13,2 @@
-Latest checkpoint's NextXID:          516905
-Latest checkpoint's NextOID:          16428
+Latest checkpoint's NextXID:          587689
+Latest checkpoint's NextOID:          24620
@@ -17 +17 @@
-Time of latest checkpoint:            Fri Aug 12 20:40:18 2016
+Time of latest checkpoint:            Fri Aug 12 20:41:48 2016
size after pgbench of pgbench_branches: 1632
size after pgbench of pgbench_branches_pkey: 980
size after pgbench of pgbench_tellers: 1948
size after pgbench of pgbench_tellers_pkey: 1056
size after pgbench of pgbench_accounts: 1008764
size after pgbench of pgbench_accounts_pkey: 658092
size after pgbench of pgbench_history: 0
total size after pgbench: 1672472
End Time: 2016-08-12 20:41:49+00:00
========================================================================
========================================================================
Testing 2006-05-26-REL8_2_0~1296
Start Time: 2016-08-13 02:43:58+00:00
Shared Buffers:  260000
size before pgbench of pgbench_branches: 1632
size before pgbench of pgbench_branches_pkey: 980
size before pgbench of pgbench_tellers: 1948
size before pgbench of pgbench_tellers_pkey: 1056
size before pgbench of pgbench_accounts: 1008764
size before pgbench of pgbench_accounts_pkey: 658092
size before pgbench of pgbench_history: 0
total size before pgbench: 1672472
Linux 3.16.0-4-amd64 (Debian-83-jessie-64-minimal) 	13.08.16 	_x86_64_	(8 CPU)

starting vacuum...end.
transaction type: <builtin: select only>
scaling factor: 300
query mode: simple
number of clients: 48
number of threads: 4
duration: 60 s
number of transactions actually processed: 72687
latency average: 39.622 ms
tps = 1209.230799 (including connections establishing)
tps = 1209.258189 (excluding connections establishing)
script statistics:
 - statement latencies in milliseconds:
         0.002  \set aid random(1, 100000 * :scale)
        39.630  SELECT abalance FROM pgbench_accounts WHERE aid = :aid;
avg-cpu:  %user   %nice %system %iowait  %steal   %idle
           1,16    0,00    0,72   28,57    0,00   69,55

Device:         rrqm/s   wrqm/s     r/s     w/s    rkB/s    wkB/s avgrq-sz avgqu-sz   await r_await w_await  svctm  %util
sdb               0,03     0,62  279,46    4,24  2628,62    27,81    18,73    30,37  107,05   73,23 2333,43   2,40  68,20
sda               0,72     0,62  279,90    4,24  2636,36    27,81    18,75    17,61   61,96   52,14  709,71   2,41  68,52
md0               0,00     0,00    1,86    0,01     7,42     0,04     8,00     0,00    0,00    0,00    0,00   0,00   0,00
md1               0,00     0,00    0,00    0,00     0,00     0,00     0,00     0,00    0,00    0,00    0,00   0,00   0,00
md2               0,00     0,00  558,27    3,77  5257,56    25,11    18,80     0,00    0,00    0,00    0,00   0,00   0,00
md3               0,00     0,00    0,00    0,11     0,00     0,44     8,00     0,00    0,00    0,00    0,00   0,00   0,00

Control File Changes
--- /usr/local/oldpgsql/2006-05-26-REL8_2_0~1296/before.controldata	2016-08-13 04:44:39.276860720 +0200
+++ /usr/local/oldpgsql/2006-05-26-REL8_2_0~1296/after.controldata	2016-08-13 04:46:09.749030821 +0200
@@ -5 +5 @@
-pg_control last modified:             Sat Aug 13 02:44:39 2016
+pg_control last modified:             Sat Aug 13 02:46:09 2016
@@ -8,3 +8,3 @@
-Latest checkpoint location:           1/99E9A278
-Prior checkpoint location:            1/99E9A228
-Latest checkpoint's REDO location:    1/99E9A278
+Latest checkpoint location:           1/99E9CE98
+Prior checkpoint location:            1/99E9A278
+Latest checkpoint's REDO location:    1/99E9CE98
@@ -13,2 +13,2 @@
-Latest checkpoint's NextXID:          587723
-Latest checkpoint's NextOID:          16429
+Latest checkpoint's NextXID:          660469
+Latest checkpoint's NextOID:          24621
@@ -17 +17 @@
-Time of latest checkpoint:            Sat Aug 13 02:44:38 2016
+Time of latest checkpoint:            Sat Aug 13 02:46:09 2016
size after pgbench of pgbench_branches: 1632
size after pgbench of pgbench_branches_pkey: 980
size after pgbench of pgbench_tellers: 1948
size after pgbench of pgbench_tellers_pkey: 1056
size after pgbench of pgbench_accounts: 1008764
size after pgbench of pgbench_accounts_pkey: 658092
size after pgbench of pgbench_history: 0
total size after pgbench: 1672472
End Time: 2016-08-13 02:46:09+00:00
========================================================================
========================================================================
Testing 2006-05-26-REL8_2_0~1296
Start Time: 2016-08-13 09:55:36+00:00
Shared Buffers:  260000
size before pgbench of pgbench_branches: 1632
size before pgbench of pgbench_branches_pkey: 980
size before pgbench of pgbench_tellers: 1948
size before pgbench of pgbench_tellers_pkey: 1056
size before pgbench of pgbench_accounts: 1008764
size before pgbench of pgbench_accounts_pkey: 658092
size before pgbench of pgbench_history: 0
total size before pgbench: 1672472
Linux 3.16.0-4-amd64 (Debian-83-jessie-64-minimal) 	13.08.16 	_x86_64_	(8 CPU)

starting vacuum...end.
transaction type: <builtin: select only>
scaling factor: 300
query mode: simple
number of clients: 48
number of threads: 4
duration: 60 s
number of transactions actually processed: 74302
latency average: 38.761 ms
tps = 1235.354789 (including connections establishing)
tps = 1235.383562 (excluding connections establishing)
script statistics:
 - statement latencies in milliseconds:
         0.002  \set aid random(1, 100000 * :scale)
        38.801  SELECT abalance FROM pgbench_accounts WHERE aid = :aid;
avg-cpu:  %user   %nice %system %iowait  %steal   %idle
           1,24    0,00    0,74   31,03    0,00   66,99

Device:         rrqm/s   wrqm/s     r/s     w/s    rkB/s    wkB/s avgrq-sz avgqu-sz   await r_await w_await  svctm  %util
sdb               0,00     0,46  279,90    5,13  2625,07    32,92    18,65    29,12  102,16   59,83 2410,13   2,42  68,84
sda               0,00     0,46  285,34    5,13  2672,00    32,92    18,62    20,77   71,49   62,13  591,38   2,37  68,97
md0               0,00     0,00    0,00    0,01     0,00     0,04     8,00     0,00    0,00    0,00    0,00   0,00   0,00
md1               0,00     0,00    0,00    0,00     0,00     0,00     0,00     0,00    0,00    0,00    0,00   0,00   0,00
md2               0,00     0,00  565,29    4,18  5297,07    29,73    18,71     0,00    0,00    0,00    0,00   0,00   0,00
md3               0,00     0,00    0,00    0,11     0,00     0,44     8,00     0,00    0,00    0,00    0,00   0,00   0,00

Control File Changes
--- /usr/local/oldpgsql/2006-05-26-REL8_2_0~1296/before.controldata	2016-08-13 11:56:17.425388645 +0200
+++ /usr/local/oldpgsql/2006-05-26-REL8_2_0~1296/after.controldata	2016-08-13 11:57:47.793592611 +0200
@@ -5 +5 @@
-pg_control last modified:             Sat Aug 13 09:56:17 2016
+pg_control last modified:             Sat Aug 13 09:57:47 2016
@@ -8,3 +8,3 @@
-Latest checkpoint location:           1/99E9CF38
-Prior checkpoint location:            1/99E9CEE8
-Latest checkpoint's REDO location:    1/99E9CF38
+Latest checkpoint location:           1/99E9FC38
+Prior checkpoint location:            1/99E9CF38
+Latest checkpoint's REDO location:    1/99E9FC38
@@ -13,2 +13,2 @@
-Latest checkpoint's NextXID:          660503
-Latest checkpoint's NextOID:          16430
+Latest checkpoint's NextXID:          734864
+Latest checkpoint's NextOID:          24622
@@ -17 +17 @@
-Time of latest checkpoint:            Sat Aug 13 09:56:17 2016
+Time of latest checkpoint:            Sat Aug 13 09:57:47 2016
size after pgbench of pgbench_branches: 1632
size after pgbench of pgbench_branches_pkey: 980
size after pgbench of pgbench_tellers: 1948
size after pgbench of pgbench_tellers_pkey: 1056
size after pgbench of pgbench_accounts: 1008764
size after pgbench of pgbench_accounts_pkey: 658092
size after pgbench of pgbench_history: 0
total size after pgbench: 1672472
End Time: 2016-08-13 09:57:47+00:00
========================================================================
========================================================================
Testing 2006-05-26-REL8_2_0~1296
Start Time: 2016-08-13 23:12:03+00:00
Shared Buffers:  260000
size before pgbench of pgbench_branches: 1632
size before pgbench of pgbench_branches_pkey: 980
size before pgbench of pgbench_tellers: 1948
size before pgbench of pgbench_tellers_pkey: 1056
size before pgbench of pgbench_accounts: 1008764
size before pgbench of pgbench_accounts_pkey: 658092
size before pgbench of pgbench_history: 0
total size before pgbench: 1672472
Linux 3.16.0-4-amd64 (Debian-83-jessie-64-minimal) 	14.08.16 	_x86_64_	(8 CPU)

starting vacuum...end.
transaction type: <builtin: TPC-B (sort of)>
scaling factor: 300
query mode: simple
number of clients: 32
number of threads: 4
duration: 900 s
number of transactions actually processed: 33625
latency average: 856.506 ms
tps = 37.339451 (including connections establishing)
tps = 37.339508 (excluding connections establishing)
script statistics:
 - statement latencies in milliseconds:
         0.003  \set aid random(1, 100000 * :scale)
         0.001  \set bid random(1, 1 * :scale)
         0.001  \set tid random(1, 10 * :scale)
         0.001  \set delta random(-5000, 5000)
         0.104  BEGIN;
       369.157  UPDATE pgbench_accounts SET abalance = abalance + :delta WHERE aid = :aid;
         0.346  SELECT abalance FROM pgbench_accounts WHERE aid = :aid;
       162.077  UPDATE pgbench_tellers SET tbalance = tbalance + :delta WHERE tid = :tid;
       107.277  UPDATE pgbench_branches SET bbalance = bbalance + :delta WHERE bid = :bid;
        62.614  INSERT INTO pgbench_history (tid, bid, aid, delta, mtime) VALUES (:tid, :bid, :aid, :delta, CURRENT_TIMESTAMP);
       155.570  END;
avg-cpu:  %user   %nice %system %iowait  %steal   %idle
           0,46    0,00    0,26    9,07    0,00   90,21

Device:         rrqm/s   wrqm/s     r/s     w/s    rkB/s    wkB/s avgrq-sz avgqu-sz   await r_await w_await  svctm  %util
sdb               0,00     1,05    5,28  167,09    45,29  1371,70    16,44    14,78   85,75   16,89   87,93   3,70  63,74
sda               0,05     1,05   25,22  166,96   218,45  1370,59    16,54    20,21  104,95   23,13  117,31   4,50  86,54
md0               0,00     0,00    0,16    0,00     0,65     0,00     8,00     0,00    0,00    0,00    0,00   0,00   0,00
md1               0,00     0,00    0,00    0,00     0,00     0,00     0,00     0,00    0,00    0,00    0,00   0,00   0,00
md2               0,00     0,00   30,39  168,67   263,09  1379,99    16,51     0,00    0,00    0,00    0,00   0,00   0,00
md3               0,00     0,00    0,00    0,01     0,00     0,04     8,00     0,00    0,00    0,00    0,00   0,00   0,00

Control File Changes
--- /usr/local/oldpgsql/2006-05-26-REL8_2_0~1296/before.controldata	2016-08-14 01:12:43.945909796 +0200
+++ /usr/local/oldpgsql/2006-05-26-REL8_2_0~1296/after.controldata	2016-08-14 01:28:19.791288012 +0200
@@ -5 +5 @@
-pg_control last modified:             Sat Aug 13 23:12:43 2016
+pg_control last modified:             Sat Aug 13 23:28:19 2016
@@ -7,4 +7,4 @@
-Next log file segment:                154
-Latest checkpoint location:           1/99E9FCD8
-Prior checkpoint location:            1/99E9FC88
-Latest checkpoint's REDO location:    1/99E9FCD8
+Next log file segment:                186
+Latest checkpoint location:           1/B9C4DE30
+Prior checkpoint location:            1/B9C4DDE0
+Latest checkpoint's REDO location:    1/B9C4DE30
@@ -13,2 +13,2 @@
-Latest checkpoint's NextXID:          734898
-Latest checkpoint's NextOID:          16431
+Latest checkpoint's NextXID:          768566
+Latest checkpoint's NextOID:          24623
@@ -17 +17 @@
-Time of latest checkpoint:            Sat Aug 13 23:12:43 2016
+Time of latest checkpoint:            Sat Aug 13 23:28:19 2016
size after pgbench of pgbench_branches: 1632
size after pgbench of pgbench_branches_pkey: 980
size after pgbench of pgbench_tellers: 1948
size after pgbench of pgbench_tellers_pkey: 1056
size after pgbench of pgbench_accounts: 1013548
size after pgbench of pgbench_accounts_pkey: 658092
size after pgbench of pgbench_history: 2056
total size after pgbench: 1679312
End Time: 2016-08-13 23:28:19+00:00
========================================================================
========================================================================
Testing 2006-05-26-REL8_2_0~1296
Start Time: 2016-08-19 01:11:57+00:00
Shared Buffers:  260000
size before pgbench of pgbench_branches: 1632
size before pgbench of pgbench_branches_pkey: 980
size before pgbench of pgbench_tellers: 1948
size before pgbench of pgbench_tellers_pkey: 1056
size before pgbench of pgbench_accounts: 1013548
size before pgbench of pgbench_accounts_pkey: 658092
size before pgbench of pgbench_history: 2056
total size before pgbench: 1679312
Linux 4.6.0-1-amd64 (Debian-83-jessie-64-minimal) 	19.08.16 	_x86_64_	(8 CPU)

starting vacuum...end.
transaction type: <builtin: TPC-B (sort of)>
scaling factor: 300
query mode: simple
number of clients: 32
number of threads: 4
duration: 900 s
number of transactions actually processed: 35569
latency average: 809.694 ms
tps = 39.218250 (including connections establishing)
tps = 39.218307 (excluding connections establishing)
script statistics:
 - statement latencies in milliseconds:
         0.002  \set aid random(1, 100000 * :scale)
         0.001  \set bid random(1, 1 * :scale)
         0.001  \set tid random(1, 10 * :scale)
         0.001  \set delta random(-5000, 5000)
         0.108  BEGIN;
       366.243  UPDATE pgbench_accounts SET abalance = abalance + :delta WHERE aid = :aid;
         0.385  SELECT abalance FROM pgbench_accounts WHERE aid = :aid;
       151.790  UPDATE pgbench_tellers SET tbalance = tbalance + :delta WHERE tid = :tid;
        96.334  UPDATE pgbench_branches SET bbalance = bbalance + :delta WHERE bid = :bid;
        56.762  INSERT INTO pgbench_history (tid, bid, aid, delta, mtime) VALUES (:tid, :bid, :aid, :delta, CURRENT_TIMESTAMP);
       143.119  END;
avg-cpu:  %user   %nice %system %iowait  %steal   %idle
           0,45    0,00    0,30   20,31    0,00   78,94

Device:         rrqm/s   wrqm/s     r/s     w/s    rkB/s    wkB/s avgrq-sz avgqu-sz   await r_await w_await  svctm  %util
sdb               0,02     1,50    6,70  171,94    57,73  1429,24    16,65    18,06  101,03   18,82  104,23   3,75  66,92
sda               0,09     1,50   25,73  171,85   224,92  1428,53    16,74    17,84   90,09   24,35   99,93   4,14  81,79
md0               0,00     0,00    0,56    0,00     2,23     0,00     8,00     0,00    0,00    0,00    0,00   0,00   0,00
md1               0,00     0,00    0,00    0,00     0,00     0,00     0,00     0,00    0,00    0,00    0,00   0,00   0,00
md2               0,00     0,00   31,95  173,31   280,26  1429,79    16,66     0,00    0,00    0,00    0,00   0,00   0,00
md3               0,00     0,00    0,04    0,02     0,16     0,11     8,53     0,00    0,00    0,00    0,00   0,00   0,00

Control File Changes
--- /usr/local/oldpgsql/2006-05-26-REL8_2_0~1296/before.controldata	2016-08-19 03:13:08.782425852 +0200
+++ /usr/local/oldpgsql/2006-05-26-REL8_2_0~1296/after.controldata	2016-08-19 03:28:51.131431077 +0200
@@ -5 +5 @@
-pg_control last modified:             Fri Aug 19 01:13:08 2016
+pg_control last modified:             Fri Aug 19 01:28:51 2016
@@ -7,4 +7,4 @@
-Next log file segment:                186
-Latest checkpoint location:           1/B9C4DED0
-Prior checkpoint location:            1/B9C4DE80
-Latest checkpoint's REDO location:    1/B9C4DED0
+Next log file segment:                220
+Latest checkpoint location:           1/DB80FAF0
+Prior checkpoint location:            1/DB80FAA0
+Latest checkpoint's REDO location:    1/DB80FAF0
@@ -13,2 +13,2 @@
-Latest checkpoint's NextXID:          768600
-Latest checkpoint's NextOID:          16432
+Latest checkpoint's NextXID:          804212
+Latest checkpoint's NextOID:          24624
@@ -17 +17 @@
-Time of latest checkpoint:            Fri Aug 19 01:13:08 2016
+Time of latest checkpoint:            Fri Aug 19 01:28:48 2016
size after pgbench of pgbench_branches: 1632
size after pgbench of pgbench_branches_pkey: 980
size after pgbench of pgbench_tellers: 2204
size after pgbench of pgbench_tellers_pkey: 1076
size after pgbench of pgbench_accounts: 1018604
size after pgbench of pgbench_accounts_pkey: 658092
size after pgbench of pgbench_history: 2304
total size after pgbench: 1684892
End Time: 2016-08-19 01:28:51+00:00
========================================================================
========================================================================
Testing 2006-05-26-REL8_2_0~1296
Start Time: 2016-08-19 20:01:28+00:00
Shared Buffers:  260000
size before pgbench of pgbench_branches: 1632
size before pgbench of pgbench_branches_pkey: 980
size before pgbench of pgbench_tellers: 2204
size before pgbench of pgbench_tellers_pkey: 1076
size before pgbench of pgbench_accounts: 1018604
size before pgbench of pgbench_accounts_pkey: 658092
size before pgbench of pgbench_history: 2304
total size before pgbench: 1684892
Linux 4.6.0-1-amd64 (Debian-83-jessie-64-minimal) 	19.08.16 	_x86_64_	(8 CPU)

starting vacuum...end.
transaction type: <builtin: TPC-B (sort of)>
scaling factor: 300
query mode: simple
number of clients: 32
number of threads: 4
duration: 900 s
number of transactions actually processed: 29113
latency average: 989.249 ms
tps = 32.037808 (including connections establishing)
tps = 32.037855 (excluding connections establishing)
script statistics:
 - statement latencies in milliseconds:
         0.002  \set aid random(1, 100000 * :scale)
         0.001  \set bid random(1, 1 * :scale)
         0.001  \set tid random(1, 10 * :scale)
         0.001  \set delta random(-5000, 5000)
         0.119  BEGIN;
       445.358  UPDATE pgbench_accounts SET abalance = abalance + :delta WHERE aid = :aid;
         0.430  SELECT abalance FROM pgbench_accounts WHERE aid = :aid;
       190.755  UPDATE pgbench_tellers SET tbalance = tbalance + :delta WHERE tid = :tid;
       120.868  UPDATE pgbench_branches SET bbalance = bbalance + :delta WHERE bid = :bid;
        68.267  INSERT INTO pgbench_history (tid, bid, aid, delta, mtime) VALUES (:tid, :bid, :aid, :delta, CURRENT_TIMESTAMP);
       170.635  END;
avg-cpu:  %user   %nice %system %iowait  %steal   %idle
           0,39    0,00    0,25   20,45    0,00   78,91

Device:         rrqm/s   wrqm/s     r/s     w/s    rkB/s    wkB/s avgrq-sz avgqu-sz   await r_await w_await  svctm  %util
sdb               0,01     1,02    5,72  143,98    48,59  1189,07    16,53    19,48  130,09   20,43  134,45   4,51  67,46
sda               0,03     1,02   21,46  143,84   185,12  1187,91    16,61    24,56  148,34   25,53  166,66   5,02  82,91
md0               0,00     0,00    0,11    0,00     0,45     0,00     8,00     0,00    0,00    0,00    0,00   0,00   0,00
md1               0,00     0,00    0,00    0,00     0,00     0,00     0,00     0,00    0,00    0,00    0,00   0,00   0,00
md2               0,00     0,00   27,10  146,47   233,26  1202,46    16,54     0,00    0,00    0,00    0,00   0,00   0,00
md3               0,00     0,00    0,00    0,01     0,00     0,04     8,00     0,00    0,00    0,00    0,00   0,00   0,00

Control File Changes
--- /usr/local/oldpgsql/2006-05-26-REL8_2_0~1296/before.controldata	2016-08-19 22:02:43.358014337 +0200
+++ /usr/local/oldpgsql/2006-05-26-REL8_2_0~1296/after.controldata	2016-08-19 22:18:19.441983678 +0200
@@ -5 +5 @@
-pg_control last modified:             Fri Aug 19 20:02:43 2016
+pg_control last modified:             Fri Aug 19 20:18:19 2016
@@ -7,4 +7,4 @@
-Next log file segment:                220
-Latest checkpoint location:           1/DB80FB90
-Prior checkpoint location:            1/DB80FB40
-Latest checkpoint's REDO location:    1/DB80FB90
+Next log file segment:                248
+Latest checkpoint location:           1/F76614D0
+Prior checkpoint location:            1/F7661480
+Latest checkpoint's REDO location:    1/F76614D0
@@ -13,2 +13,2 @@
-Latest checkpoint's NextXID:          804246
-Latest checkpoint's NextOID:          16433
+Latest checkpoint's NextXID:          833402
+Latest checkpoint's NextOID:          24625
@@ -17 +17 @@
-Time of latest checkpoint:            Fri Aug 19 20:02:42 2016
+Time of latest checkpoint:            Fri Aug 19 20:18:17 2016
size after pgbench of pgbench_branches: 1632
size after pgbench of pgbench_branches_pkey: 980
size after pgbench of pgbench_tellers: 2204
size after pgbench of pgbench_tellers_pkey: 1076
size after pgbench of pgbench_accounts: 1022700
size after pgbench of pgbench_accounts_pkey: 658092
size after pgbench of pgbench_history: 1800
total size after pgbench: 1688484
End Time: 2016-08-19 20:18:19+00:00
========================================================================
