creating tables...
100000 of 30000000 tuples (0%) done (elapsed 0.06 s, remaining 18.06 s)
200000 of 30000000 tuples (0%) done (elapsed 0.12 s, remaining 17.44 s)
300000 of 30000000 tuples (1%) done (elapsed 0.18 s, remaining 17.46 s)
400000 of 30000000 tuples (1%) done (elapsed 0.23 s, remaining 17.07 s)
500000 of 30000000 tuples (1%) done (elapsed 0.29 s, remaining 17.11 s)
600000 of 30000000 tuples (2%) done (elapsed 0.34 s, remaining 16.87 s)
700000 of 30000000 tuples (2%) done (elapsed 0.40 s, remaining 16.69 s)
800000 of 30000000 tuples (2%) done (elapsed 0.46 s, remaining 16.72 s)
900000 of 30000000 tuples (3%) done (elapsed 0.51 s, remaining 16.56 s)
1000000 of 30000000 tuples (3%) done (elapsed 0.57 s, remaining 16.53 s)
1100000 of 30000000 tuples (3%) done (elapsed 0.63 s, remaining 16.58 s)
1200000 of 30000000 tuples (4%) done (elapsed 0.69 s, remaining 16.49 s)
1300000 of 30000000 tuples (4%) done (elapsed 0.74 s, remaining 16.41 s)
1400000 of 30000000 tuples (4%) done (elapsed 0.80 s, remaining 16.42 s)
1500000 of 30000000 tuples (5%) done (elapsed 0.86 s, remaining 16.34 s)
1600000 of 30000000 tuples (5%) done (elapsed 0.92 s, remaining 16.25 s)
1700000 of 30000000 tuples (5%) done (elapsed 0.98 s, remaining 16.26 s)
1800000 of 30000000 tuples (6%) done (elapsed 1.03 s, remaining 16.18 s)
1900000 of 30000000 tuples (6%) done (elapsed 1.09 s, remaining 16.10 s)
2000000 of 30000000 tuples (6%) done (elapsed 1.15 s, remaining 16.09 s)
2100000 of 30000000 tuples (7%) done (elapsed 1.21 s, remaining 16.01 s)
2200000 of 30000000 tuples (7%) done (elapsed 1.27 s, remaining 16.00 s)
2300000 of 30000000 tuples (7%) done (elapsed 1.32 s, remaining 15.92 s)
2400000 of 30000000 tuples (8%) done (elapsed 1.38 s, remaining 15.84 s)
2500000 of 30000000 tuples (8%) done (elapsed 1.44 s, remaining 15.82 s)
2600000 of 30000000 tuples (8%) done (elapsed 1.49 s, remaining 15.75 s)
2700000 of 30000000 tuples (9%) done (elapsed 1.55 s, remaining 15.67 s)
2800000 of 30000000 tuples (9%) done (elapsed 1.61 s, remaining 15.65 s)
2900000 of 30000000 tuples (9%) done (elapsed 1.67 s, remaining 15.57 s)
3000000 of 30000000 tuples (10%) done (elapsed 1.72 s, remaining 15.50 s)
3100000 of 30000000 tuples (10%) done (elapsed 1.78 s, remaining 15.47 s)
3200000 of 30000000 tuples (10%) done (elapsed 1.84 s, remaining 15.40 s)
3300000 of 30000000 tuples (11%) done (elapsed 1.90 s, remaining 15.37 s)
3400000 of 30000000 tuples (11%) done (elapsed 1.96 s, remaining 15.30 s)
3500000 of 30000000 tuples (11%) done (elapsed 2.01 s, remaining 15.23 s)
3600000 of 30000000 tuples (12%) done (elapsed 2.07 s, remaining 15.19 s)
3700000 of 30000000 tuples (12%) done (elapsed 2.13 s, remaining 15.12 s)
3800000 of 30000000 tuples (12%) done (elapsed 2.18 s, remaining 15.06 s)
3900000 of 30000000 tuples (13%) done (elapsed 2.24 s, remaining 15.02 s)
4000000 of 30000000 tuples (13%) done (elapsed 2.30 s, remaining 14.95 s)
4100000 of 30000000 tuples (13%) done (elapsed 2.36 s, remaining 14.88 s)
4200000 of 30000000 tuples (14%) done (elapsed 2.42 s, remaining 14.85 s)
4300000 of 30000000 tuples (14%) done (elapsed 2.47 s, remaining 14.78 s)
4400000 of 30000000 tuples (14%) done (elapsed 2.53 s, remaining 14.71 s)
4500000 of 30000000 tuples (15%) done (elapsed 2.59 s, remaining 14.67 s)
4600000 of 30000000 tuples (15%) done (elapsed 2.64 s, remaining 14.60 s)
4700000 of 30000000 tuples (15%) done (elapsed 2.71 s, remaining 14.56 s)
4800000 of 30000000 tuples (16%) done (elapsed 2.76 s, remaining 14.49 s)
4900000 of 30000000 tuples (16%) done (elapsed 2.82 s, remaining 14.43 s)
5000000 of 30000000 tuples (16%) done (elapsed 2.88 s, remaining 14.38 s)
5100000 of 30000000 tuples (17%) done (elapsed 2.93 s, remaining 14.32 s)
5200000 of 30000000 tuples (17%) done (elapsed 2.99 s, remaining 14.25 s)
5300000 of 30000000 tuples (17%) done (elapsed 3.05 s, remaining 14.21 s)
5400000 of 30000000 tuples (18%) done (elapsed 3.11 s, remaining 14.15 s)
5500000 of 30000000 tuples (18%) done (elapsed 3.16 s, remaining 14.09 s)
5600000 of 30000000 tuples (18%) done (elapsed 3.22 s, remaining 14.04 s)
5700000 of 30000000 tuples (19%) done (elapsed 3.28 s, remaining 13.98 s)
5800000 of 30000000 tuples (19%) done (elapsed 3.34 s, remaining 13.93 s)
5900000 of 30000000 tuples (19%) done (elapsed 3.40 s, remaining 13.87 s)
6000000 of 30000000 tuples (20%) done (elapsed 3.45 s, remaining 13.81 s)
6100000 of 30000000 tuples (20%) done (elapsed 3.51 s, remaining 13.77 s)
6200000 of 30000000 tuples (20%) done (elapsed 3.57 s, remaining 13.70 s)
6300000 of 30000000 tuples (21%) done (elapsed 3.63 s, remaining 13.64 s)
6400000 of 30000000 tuples (21%) done (elapsed 3.69 s, remaining 13.59 s)
6500000 of 30000000 tuples (21%) done (elapsed 3.74 s, remaining 13.53 s)
6600000 of 30000000 tuples (22%) done (elapsed 3.80 s, remaining 13.47 s)
6700000 of 30000000 tuples (22%) done (elapsed 3.86 s, remaining 13.42 s)
6800000 of 30000000 tuples (22%) done (elapsed 3.91 s, remaining 13.36 s)
6900000 of 30000000 tuples (23%) done (elapsed 3.98 s, remaining 13.31 s)
7000000 of 30000000 tuples (23%) done (elapsed 4.03 s, remaining 13.25 s)
7100000 of 30000000 tuples (23%) done (elapsed 4.09 s, remaining 13.18 s)
7200000 of 30000000 tuples (24%) done (elapsed 4.15 s, remaining 13.14 s)
7300000 of 30000000 tuples (24%) done (elapsed 4.20 s, remaining 13.07 s)
7400000 of 30000000 tuples (24%) done (elapsed 4.26 s, remaining 13.01 s)
7500000 of 30000000 tuples (25%) done (elapsed 4.32 s, remaining 12.96 s)
7600000 of 30000000 tuples (25%) done (elapsed 4.38 s, remaining 12.90 s)
7700000 of 30000000 tuples (25%) done (elapsed 4.43 s, remaining 12.84 s)
7800000 of 30000000 tuples (26%) done (elapsed 4.49 s, remaining 12.79 s)
7900000 of 30000000 tuples (26%) done (elapsed 4.55 s, remaining 12.73 s)
8000000 of 30000000 tuples (26%) done (elapsed 4.61 s, remaining 12.68 s)
8100000 of 30000000 tuples (27%) done (elapsed 4.67 s, remaining 12.62 s)
8200000 of 30000000 tuples (27%) done (elapsed 4.72 s, remaining 12.56 s)
8300000 of 30000000 tuples (27%) done (elapsed 4.78 s, remaining 12.51 s)
8400000 of 30000000 tuples (28%) done (elapsed 4.84 s, remaining 12.45 s)
8500000 of 30000000 tuples (28%) done (elapsed 4.90 s, remaining 12.39 s)
8600000 of 30000000 tuples (28%) done (elapsed 4.96 s, remaining 12.34 s)
8700000 of 30000000 tuples (29%) done (elapsed 5.01 s, remaining 12.27 s)
8800000 of 30000000 tuples (29%) done (elapsed 5.07 s, remaining 12.21 s)
8900000 of 30000000 tuples (29%) done (elapsed 5.13 s, remaining 12.16 s)
9000000 of 30000000 tuples (30%) done (elapsed 5.19 s, remaining 12.10 s)
9100000 of 30000000 tuples (30%) done (elapsed 5.24 s, remaining 12.04 s)
9200000 of 30000000 tuples (30%) done (elapsed 5.30 s, remaining 11.99 s)
9300000 of 30000000 tuples (31%) done (elapsed 5.36 s, remaining 11.93 s)
9400000 of 30000000 tuples (31%) done (elapsed 5.42 s, remaining 11.88 s)
9500000 of 30000000 tuples (31%) done (elapsed 5.48 s, remaining 11.82 s)
9600000 of 30000000 tuples (32%) done (elapsed 5.53 s, remaining 11.76 s)
9700000 of 30000000 tuples (32%) done (elapsed 5.59 s, remaining 11.71 s)
9800000 of 30000000 tuples (32%) done (elapsed 5.65 s, remaining 11.65 s)
9900000 of 30000000 tuples (33%) done (elapsed 5.71 s, remaining 11.59 s)
10000000 of 30000000 tuples (33%) done (elapsed 5.77 s, remaining 11.54 s)
10100000 of 30000000 tuples (33%) done (elapsed 5.83 s, remaining 11.48 s)
10200000 of 30000000 tuples (34%) done (elapsed 5.88 s, remaining 11.42 s)
10300000 of 30000000 tuples (34%) done (elapsed 5.94 s, remaining 11.36 s)
10400000 of 30000000 tuples (34%) done (elapsed 6.00 s, remaining 11.31 s)
10500000 of 30000000 tuples (35%) done (elapsed 6.06 s, remaining 11.26 s)
10600000 of 30000000 tuples (35%) done (elapsed 6.12 s, remaining 11.20 s)
10700000 of 30000000 tuples (35%) done (elapsed 6.18 s, remaining 11.14 s)
10800000 of 30000000 tuples (36%) done (elapsed 6.23 s, remaining 11.08 s)
10900000 of 30000000 tuples (36%) done (elapsed 6.29 s, remaining 11.03 s)
11000000 of 30000000 tuples (36%) done (elapsed 6.35 s, remaining 10.98 s)
11100000 of 30000000 tuples (37%) done (elapsed 6.41 s, remaining 10.92 s)
11200000 of 30000000 tuples (37%) done (elapsed 6.47 s, remaining 10.86 s)
11300000 of 30000000 tuples (37%) done (elapsed 6.53 s, remaining 10.80 s)
11400000 of 30000000 tuples (38%) done (elapsed 6.58 s, remaining 10.74 s)
11500000 of 30000000 tuples (38%) done (elapsed 6.64 s, remaining 10.69 s)
11600000 of 30000000 tuples (38%) done (elapsed 6.70 s, remaining 10.63 s)
11700000 of 30000000 tuples (39%) done (elapsed 6.76 s, remaining 10.58 s)
11800000 of 30000000 tuples (39%) done (elapsed 6.82 s, remaining 10.52 s)
11900000 of 30000000 tuples (39%) done (elapsed 6.88 s, remaining 10.46 s)
12000000 of 30000000 tuples (40%) done (elapsed 6.93 s, remaining 10.40 s)
12100000 of 30000000 tuples (40%) done (elapsed 6.99 s, remaining 10.34 s)
12200000 of 30000000 tuples (40%) done (elapsed 7.05 s, remaining 10.29 s)
12300000 of 30000000 tuples (41%) done (elapsed 7.11 s, remaining 10.23 s)
12400000 of 30000000 tuples (41%) done (elapsed 7.17 s, remaining 10.18 s)
12500000 of 30000000 tuples (41%) done (elapsed 7.23 s, remaining 10.12 s)
12600000 of 30000000 tuples (42%) done (elapsed 7.29 s, remaining 10.06 s)
12700000 of 30000000 tuples (42%) done (elapsed 7.34 s, remaining 10.00 s)
12800000 of 30000000 tuples (42%) done (elapsed 7.40 s, remaining 9.95 s)
12900000 of 30000000 tuples (43%) done (elapsed 7.46 s, remaining 9.89 s)
13000000 of 30000000 tuples (43%) done (elapsed 7.52 s, remaining 9.83 s)
13100000 of 30000000 tuples (43%) done (elapsed 7.58 s, remaining 9.78 s)
13200000 of 30000000 tuples (44%) done (elapsed 7.64 s, remaining 9.72 s)
13300000 of 30000000 tuples (44%) done (elapsed 7.69 s, remaining 9.66 s)
13400000 of 30000000 tuples (44%) done (elapsed 7.76 s, remaining 9.61 s)
13500000 of 30000000 tuples (45%) done (elapsed 7.81 s, remaining 9.55 s)
13600000 of 30000000 tuples (45%) done (elapsed 7.87 s, remaining 9.49 s)
13700000 of 30000000 tuples (45%) done (elapsed 7.93 s, remaining 9.43 s)
13800000 of 30000000 tuples (46%) done (elapsed 7.99 s, remaining 9.38 s)
13900000 of 30000000 tuples (46%) done (elapsed 8.05 s, remaining 9.32 s)
14000000 of 30000000 tuples (46%) done (elapsed 8.11 s, remaining 9.26 s)
14100000 of 30000000 tuples (47%) done (elapsed 8.16 s, remaining 9.21 s)
14200000 of 30000000 tuples (47%) done (elapsed 8.22 s, remaining 9.15 s)
14300000 of 30000000 tuples (47%) done (elapsed 8.28 s, remaining 9.09 s)
14400000 of 30000000 tuples (48%) done (elapsed 8.34 s, remaining 9.03 s)
14500000 of 30000000 tuples (48%) done (elapsed 8.40 s, remaining 8.98 s)
14600000 of 30000000 tuples (48%) done (elapsed 8.46 s, remaining 8.92 s)
14700000 of 30000000 tuples (49%) done (elapsed 8.52 s, remaining 8.86 s)
14800000 of 30000000 tuples (49%) done (elapsed 8.57 s, remaining 8.81 s)
14900000 of 30000000 tuples (49%) done (elapsed 8.63 s, remaining 8.75 s)
15000000 of 30000000 tuples (50%) done (elapsed 8.69 s, remaining 8.69 s)
15100000 of 30000000 tuples (50%) done (elapsed 8.75 s, remaining 8.63 s)
15200000 of 30000000 tuples (50%) done (elapsed 8.81 s, remaining 8.58 s)
15300000 of 30000000 tuples (51%) done (elapsed 8.87 s, remaining 8.52 s)
15400000 of 30000000 tuples (51%) done (elapsed 8.93 s, remaining 8.46 s)
15500000 of 30000000 tuples (51%) done (elapsed 8.98 s, remaining 8.40 s)
15600000 of 30000000 tuples (52%) done (elapsed 9.04 s, remaining 8.35 s)
15700000 of 30000000 tuples (52%) done (elapsed 9.10 s, remaining 8.29 s)
15800000 of 30000000 tuples (52%) done (elapsed 9.16 s, remaining 8.23 s)
15900000 of 30000000 tuples (53%) done (elapsed 9.22 s, remaining 8.18 s)
16000000 of 30000000 tuples (53%) done (elapsed 9.28 s, remaining 8.12 s)
16100000 of 30000000 tuples (53%) done (elapsed 9.33 s, remaining 8.06 s)
16200000 of 30000000 tuples (54%) done (elapsed 9.50 s, remaining 8.10 s)
16300000 of 30000000 tuples (54%) done (elapsed 9.59 s, remaining 8.06 s)
16400000 of 30000000 tuples (54%) done (elapsed 9.66 s, remaining 8.01 s)
16500000 of 30000000 tuples (55%) done (elapsed 9.72 s, remaining 7.95 s)
16600000 of 30000000 tuples (55%) done (elapsed 9.78 s, remaining 7.89 s)
16700000 of 30000000 tuples (55%) done (elapsed 9.84 s, remaining 7.83 s)
16800000 of 30000000 tuples (56%) done (elapsed 9.90 s, remaining 7.78 s)
16900000 of 30000000 tuples (56%) done (elapsed 9.95 s, remaining 7.72 s)
17000000 of 30000000 tuples (56%) done (elapsed 10.01 s, remaining 7.66 s)
17100000 of 30000000 tuples (57%) done (elapsed 10.07 s, remaining 7.60 s)
17200000 of 30000000 tuples (57%) done (elapsed 10.13 s, remaining 7.54 s)
17300000 of 30000000 tuples (57%) done (elapsed 10.19 s, remaining 7.48 s)
17400000 of 30000000 tuples (58%) done (elapsed 10.25 s, remaining 7.42 s)
17500000 of 30000000 tuples (58%) done (elapsed 10.30 s, remaining 7.36 s)
17600000 of 30000000 tuples (58%) done (elapsed 10.36 s, remaining 7.30 s)
17700000 of 30000000 tuples (59%) done (elapsed 10.42 s, remaining 7.24 s)
17800000 of 30000000 tuples (59%) done (elapsed 10.48 s, remaining 7.18 s)
17900000 of 30000000 tuples (59%) done (elapsed 10.54 s, remaining 7.12 s)
18000000 of 30000000 tuples (60%) done (elapsed 10.60 s, remaining 7.06 s)
18100000 of 30000000 tuples (60%) done (elapsed 10.65 s, remaining 7.00 s)
18200000 of 30000000 tuples (60%) done (elapsed 10.71 s, remaining 6.94 s)
18300000 of 30000000 tuples (61%) done (elapsed 10.77 s, remaining 6.89 s)
18400000 of 30000000 tuples (61%) done (elapsed 10.83 s, remaining 6.83 s)
18500000 of 30000000 tuples (61%) done (elapsed 10.89 s, remaining 6.77 s)
18600000 of 30000000 tuples (62%) done (elapsed 10.94 s, remaining 6.71 s)
18700000 of 30000000 tuples (62%) done (elapsed 11.00 s, remaining 6.65 s)
18800000 of 30000000 tuples (62%) done (elapsed 11.06 s, remaining 6.59 s)
18900000 of 30000000 tuples (63%) done (elapsed 11.12 s, remaining 6.53 s)
19000000 of 30000000 tuples (63%) done (elapsed 11.18 s, remaining 6.47 s)
19100000 of 30000000 tuples (63%) done (elapsed 11.24 s, remaining 6.41 s)
19200000 of 30000000 tuples (64%) done (elapsed 11.29 s, remaining 6.35 s)
19300000 of 30000000 tuples (64%) done (elapsed 11.35 s, remaining 6.29 s)
19400000 of 30000000 tuples (64%) done (elapsed 11.41 s, remaining 6.23 s)
19500000 of 30000000 tuples (65%) done (elapsed 11.47 s, remaining 6.17 s)
19600000 of 30000000 tuples (65%) done (elapsed 11.53 s, remaining 6.12 s)
19700000 of 30000000 tuples (65%) done (elapsed 11.59 s, remaining 6.06 s)
19800000 of 30000000 tuples (66%) done (elapsed 11.64 s, remaining 6.00 s)
19900000 of 30000000 tuples (66%) done (elapsed 11.70 s, remaining 5.94 s)
20000000 of 30000000 tuples (66%) done (elapsed 11.76 s, remaining 5.88 s)
20100000 of 30000000 tuples (67%) done (elapsed 11.82 s, remaining 5.82 s)
20200000 of 30000000 tuples (67%) done (elapsed 11.88 s, remaining 5.76 s)
20300000 of 30000000 tuples (67%) done (elapsed 11.94 s, remaining 5.70 s)
20400000 of 30000000 tuples (68%) done (elapsed 11.99 s, remaining 5.64 s)
20500000 of 30000000 tuples (68%) done (elapsed 12.05 s, remaining 5.58 s)
20600000 of 30000000 tuples (68%) done (elapsed 12.11 s, remaining 5.53 s)
20700000 of 30000000 tuples (69%) done (elapsed 12.17 s, remaining 5.47 s)
20800000 of 30000000 tuples (69%) done (elapsed 12.22 s, remaining 5.41 s)
20900000 of 30000000 tuples (69%) done (elapsed 12.28 s, remaining 5.35 s)
21000000 of 30000000 tuples (70%) done (elapsed 12.34 s, remaining 5.29 s)
21100000 of 30000000 tuples (70%) done (elapsed 12.40 s, remaining 5.23 s)
21200000 of 30000000 tuples (70%) done (elapsed 12.46 s, remaining 5.17 s)
21300000 of 30000000 tuples (71%) done (elapsed 12.52 s, remaining 5.11 s)
21400000 of 30000000 tuples (71%) done (elapsed 12.58 s, remaining 5.05 s)
21500000 of 30000000 tuples (71%) done (elapsed 12.63 s, remaining 4.99 s)
21600000 of 30000000 tuples (72%) done (elapsed 12.69 s, remaining 4.94 s)
21700000 of 30000000 tuples (72%) done (elapsed 12.75 s, remaining 4.88 s)
21800000 of 30000000 tuples (72%) done (elapsed 12.81 s, remaining 4.82 s)
21900000 of 30000000 tuples (73%) done (elapsed 12.87 s, remaining 4.76 s)
22000000 of 30000000 tuples (73%) done (elapsed 12.93 s, remaining 4.70 s)
22100000 of 30000000 tuples (73%) done (elapsed 12.98 s, remaining 4.64 s)
22200000 of 30000000 tuples (74%) done (elapsed 13.05 s, remaining 4.58 s)
22300000 of 30000000 tuples (74%) done (elapsed 13.10 s, remaining 4.52 s)
22400000 of 30000000 tuples (74%) done (elapsed 13.16 s, remaining 4.47 s)
22500000 of 30000000 tuples (75%) done (elapsed 13.22 s, remaining 4.41 s)
22600000 of 30000000 tuples (75%) done (elapsed 13.28 s, remaining 4.35 s)
22700000 of 30000000 tuples (75%) done (elapsed 13.33 s, remaining 4.29 s)
22800000 of 30000000 tuples (76%) done (elapsed 13.40 s, remaining 4.23 s)
22900000 of 30000000 tuples (76%) done (elapsed 13.45 s, remaining 4.17 s)
23000000 of 30000000 tuples (76%) done (elapsed 13.51 s, remaining 4.11 s)
23100000 of 30000000 tuples (77%) done (elapsed 13.57 s, remaining 4.05 s)
23200000 of 30000000 tuples (77%) done (elapsed 13.63 s, remaining 3.99 s)
23300000 of 30000000 tuples (77%) done (elapsed 13.68 s, remaining 3.93 s)
23400000 of 30000000 tuples (78%) done (elapsed 13.75 s, remaining 3.88 s)
23500000 of 30000000 tuples (78%) done (elapsed 13.80 s, remaining 3.82 s)
23600000 of 30000000 tuples (78%) done (elapsed 13.86 s, remaining 3.76 s)
23700000 of 30000000 tuples (79%) done (elapsed 13.92 s, remaining 3.70 s)
23800000 of 30000000 tuples (79%) done (elapsed 13.98 s, remaining 3.64 s)
23900000 of 30000000 tuples (79%) done (elapsed 14.04 s, remaining 3.58 s)
24000000 of 30000000 tuples (80%) done (elapsed 14.10 s, remaining 3.52 s)
24100000 of 30000000 tuples (80%) done (elapsed 14.16 s, remaining 3.47 s)
24200000 of 30000000 tuples (80%) done (elapsed 14.21 s, remaining 3.41 s)
24300000 of 30000000 tuples (81%) done (elapsed 14.28 s, remaining 3.35 s)
24400000 of 30000000 tuples (81%) done (elapsed 14.34 s, remaining 3.29 s)
24500000 of 30000000 tuples (81%) done (elapsed 14.52 s, remaining 3.26 s)
24600000 of 30000000 tuples (82%) done (elapsed 14.61 s, remaining 3.21 s)
24700000 of 30000000 tuples (82%) done (elapsed 14.67 s, remaining 3.15 s)
24800000 of 30000000 tuples (82%) done (elapsed 14.74 s, remaining 3.09 s)
24900000 of 30000000 tuples (83%) done (elapsed 14.80 s, remaining 3.03 s)
25000000 of 30000000 tuples (83%) done (elapsed 14.85 s, remaining 2.97 s)
25100000 of 30000000 tuples (83%) done (elapsed 14.91 s, remaining 2.91 s)
25200000 of 30000000 tuples (84%) done (elapsed 14.97 s, remaining 2.85 s)
25300000 of 30000000 tuples (84%) done (elapsed 15.03 s, remaining 2.79 s)
25400000 of 30000000 tuples (84%) done (elapsed 15.09 s, remaining 2.73 s)
25500000 of 30000000 tuples (85%) done (elapsed 15.15 s, remaining 2.67 s)
25600000 of 30000000 tuples (85%) done (elapsed 15.21 s, remaining 2.61 s)
25700000 of 30000000 tuples (85%) done (elapsed 15.27 s, remaining 2.55 s)
25800000 of 30000000 tuples (86%) done (elapsed 15.33 s, remaining 2.50 s)
25900000 of 30000000 tuples (86%) done (elapsed 15.39 s, remaining 2.44 s)
26000000 of 30000000 tuples (86%) done (elapsed 15.44 s, remaining 2.38 s)
26100000 of 30000000 tuples (87%) done (elapsed 15.51 s, remaining 2.32 s)
26200000 of 30000000 tuples (87%) done (elapsed 15.56 s, remaining 2.26 s)
26300000 of 30000000 tuples (87%) done (elapsed 15.62 s, remaining 2.20 s)
26400000 of 30000000 tuples (88%) done (elapsed 15.69 s, remaining 2.14 s)
26500000 of 30000000 tuples (88%) done (elapsed 15.74 s, remaining 2.08 s)
26600000 of 30000000 tuples (88%) done (elapsed 15.80 s, remaining 2.02 s)
26700000 of 30000000 tuples (89%) done (elapsed 15.86 s, remaining 1.96 s)
26800000 of 30000000 tuples (89%) done (elapsed 15.92 s, remaining 1.90 s)
26900000 of 30000000 tuples (89%) done (elapsed 15.98 s, remaining 1.84 s)
27000000 of 30000000 tuples (90%) done (elapsed 16.04 s, remaining 1.78 s)
27100000 of 30000000 tuples (90%) done (elapsed 16.10 s, remaining 1.72 s)
27200000 of 30000000 tuples (90%) done (elapsed 16.15 s, remaining 1.66 s)
27300000 of 30000000 tuples (91%) done (elapsed 16.22 s, remaining 1.60 s)
27400000 of 30000000 tuples (91%) done (elapsed 16.28 s, remaining 1.54 s)
27500000 of 30000000 tuples (91%) done (elapsed 16.33 s, remaining 1.48 s)
27600000 of 30000000 tuples (92%) done (elapsed 16.40 s, remaining 1.43 s)
27700000 of 30000000 tuples (92%) done (elapsed 16.45 s, remaining 1.37 s)
27800000 of 30000000 tuples (92%) done (elapsed 16.51 s, remaining 1.31 s)
27900000 of 30000000 tuples (93%) done (elapsed 16.57 s, remaining 1.25 s)
28000000 of 30000000 tuples (93%) done (elapsed 16.63 s, remaining 1.19 s)
28100000 of 30000000 tuples (93%) done (elapsed 16.69 s, remaining 1.13 s)
28200000 of 30000000 tuples (94%) done (elapsed 16.75 s, remaining 1.07 s)
28300000 of 30000000 tuples (94%) done (elapsed 16.81 s, remaining 1.01 s)
28400000 of 30000000 tuples (94%) done (elapsed 16.87 s, remaining 0.95 s)
28500000 of 30000000 tuples (95%) done (elapsed 16.93 s, remaining 0.89 s)
28600000 of 30000000 tuples (95%) done (elapsed 16.99 s, remaining 0.83 s)
28700000 of 30000000 tuples (95%) done (elapsed 17.04 s, remaining 0.77 s)
28800000 of 30000000 tuples (96%) done (elapsed 17.11 s, remaining 0.71 s)
28900000 of 30000000 tuples (96%) done (elapsed 17.16 s, remaining 0.65 s)
29000000 of 30000000 tuples (96%) done (elapsed 17.22 s, remaining 0.59 s)
29100000 of 30000000 tuples (97%) done (elapsed 17.28 s, remaining 0.53 s)
29200000 of 30000000 tuples (97%) done (elapsed 17.34 s, remaining 0.48 s)
29300000 of 30000000 tuples (97%) done (elapsed 17.40 s, remaining 0.42 s)
29400000 of 30000000 tuples (98%) done (elapsed 17.46 s, remaining 0.36 s)
29500000 of 30000000 tuples (98%) done (elapsed 17.52 s, remaining 0.30 s)
29600000 of 30000000 tuples (98%) done (elapsed 17.58 s, remaining 0.24 s)
29700000 of 30000000 tuples (99%) done (elapsed 17.64 s, remaining 0.18 s)
29800000 of 30000000 tuples (99%) done (elapsed 17.70 s, remaining 0.12 s)
29900000 of 30000000 tuples (99%) done (elapsed 17.76 s, remaining 0.06 s)
30000000 of 30000000 tuples (100%) done (elapsed 17.82 s, remaining 0.00 s)
vacuum...
set primary keys...
done.
starting vacuum...end.
transaction type: <builtin: TPC-B (sort of)>
scaling factor: 300
query mode: simple
number of clients: 32
number of threads: 4
duration: 60 s
number of transactions actually processed: 11438
latency average: 167.862 ms
tps = 183.147990 (including connections establishing)
tps = 183.153753 (excluding connections establishing)
script statistics:
 - statement latencies in milliseconds:
         0.001  \set aid random(1, 100000 * :scale)
         0.001  \set bid random(1, 1 * :scale)
         0.001  \set tid random(1, 10 * :scale)
         0.000  \set delta random(-5000, 5000)
         0.260  BEGIN;
         0.591  UPDATE pgbench_accounts SET abalance = abalance + :delta WHERE aid = :aid;
         0.323  SELECT abalance FROM pgbench_accounts WHERE aid = :aid;
         1.151  UPDATE pgbench_tellers SET tbalance = tbalance + :delta WHERE tid = :tid;
         7.444  UPDATE pgbench_branches SET bbalance = bbalance + :delta WHERE bid = :bid;
         0.241  INSERT INTO pgbench_history (tid, bid, aid, delta, mtime) VALUES (:tid, :bid, :aid, :delta, CURRENT_TIMESTAMP);
       162.223  END;
starting vacuum...end.
transaction type: <builtin: TPC-B (sort of)>
scaling factor: 300
query mode: simple
number of clients: 32
number of threads: 4
duration: 60 s
number of transactions actually processed: 8273
latency average: 232.080 ms
tps = 137.543566 (including connections establishing)
tps = 137.548034 (excluding connections establishing)
script statistics:
 - statement latencies in milliseconds:
         0.002  \set aid random(1, 100000 * :scale)
         0.001  \set bid random(1, 1 * :scale)
         0.001  \set tid random(1, 10 * :scale)
         0.001  \set delta random(-5000, 5000)
         0.171  BEGIN;
        98.569  UPDATE pgbench_accounts SET abalance = abalance + :delta WHERE aid = :aid;
         0.160  SELECT abalance FROM pgbench_accounts WHERE aid = :aid;
         1.399  UPDATE pgbench_tellers SET tbalance = tbalance + :delta WHERE tid = :tid;
         4.358  UPDATE pgbench_branches SET bbalance = bbalance + :delta WHERE bid = :bid;
         0.261  INSERT INTO pgbench_history (tid, bid, aid, delta, mtime) VALUES (:tid, :bid, :aid, :delta, CURRENT_TIMESTAMP);
       127.922  END;
starting vacuum...end.
transaction type: <builtin: TPC-B (sort of)>
scaling factor: 300
query mode: simple
number of clients: 32
number of threads: 4
duration: 60 s
number of transactions actually processed: 8413
latency average: 228.218 ms
tps = 139.742875 (including connections establishing)
tps = 139.747852 (excluding connections establishing)
script statistics:
 - statement latencies in milliseconds:
         0.002  \set aid random(1, 100000 * :scale)
         0.001  \set bid random(1, 1 * :scale)
         0.001  \set tid random(1, 10 * :scale)
         0.001  \set delta random(-5000, 5000)
         0.165  BEGIN;
        90.231  UPDATE pgbench_accounts SET abalance = abalance + :delta WHERE aid = :aid;
         0.161  SELECT abalance FROM pgbench_accounts WHERE aid = :aid;
         0.673  UPDATE pgbench_tellers SET tbalance = tbalance + :delta WHERE tid = :tid;
         5.489  UPDATE pgbench_branches SET bbalance = bbalance + :delta WHERE bid = :bid;
         0.133  INSERT INTO pgbench_history (tid, bid, aid, delta, mtime) VALUES (:tid, :bid, :aid, :delta, CURRENT_TIMESTAMP);
       132.488  END;
starting vacuum...end.
transaction type: <builtin: TPC-B (sort of)>
scaling factor: 300
query mode: simple
number of clients: 32
number of threads: 4
duration: 900 s
number of transactions actually processed: 85135
latency average: 338.286 ms
tps = 94.581223 (including connections establishing)
tps = 94.581450 (excluding connections establishing)
script statistics:
 - statement latencies in milliseconds:
         0.002  \set aid random(1, 100000 * :scale)
         0.001  \set bid random(1, 1 * :scale)
         0.001  \set tid random(1, 10 * :scale)
         0.001  \set delta random(-5000, 5000)
         0.167  BEGIN;
       111.098  UPDATE pgbench_accounts SET abalance = abalance + :delta WHERE aid = :aid;
         0.159  SELECT abalance FROM pgbench_accounts WHERE aid = :aid;
         0.929  UPDATE pgbench_tellers SET tbalance = tbalance + :delta WHERE tid = :tid;
         8.861  UPDATE pgbench_branches SET bbalance = bbalance + :delta WHERE bid = :bid;
         0.169  INSERT INTO pgbench_history (tid, bid, aid, delta, mtime) VALUES (:tid, :bid, :aid, :delta, CURRENT_TIMESTAMP);
       217.711  END;
========================================================================
Testing 2014-12-31-REL9_5_0~1569
Start Time: 2016-08-01 00:51:08+00:00
Linux 3.16.0-4-amd64 (Debian-83-jessie-64-minimal) 	01.08.16 	_x86_64_	(8 CPU)

starting vacuum...end.
transaction type: <builtin: TPC-B (sort of)>
scaling factor: 300
query mode: simple
number of clients: 32
number of threads: 4
duration: 900 s
number of transactions actually processed: 89769
latency average: 320.823 ms
tps = 99.724068 (including connections establishing)
tps = 99.724307 (excluding connections establishing)
script statistics:
 - statement latencies in milliseconds:
         0.002  \set aid random(1, 100000 * :scale)
         0.001  \set bid random(1, 1 * :scale)
         0.001  \set tid random(1, 10 * :scale)
         0.001  \set delta random(-5000, 5000)
         0.223  BEGIN;
        40.123  UPDATE pgbench_accounts SET abalance = abalance + :delta WHERE aid = :aid;
         0.189  SELECT abalance FROM pgbench_accounts WHERE aid = :aid;
         1.595  UPDATE pgbench_tellers SET tbalance = tbalance + :delta WHERE tid = :tid;
        13.206  UPDATE pgbench_branches SET bbalance = bbalance + :delta WHERE bid = :bid;
         0.150  INSERT INTO pgbench_history (tid, bid, aid, delta, mtime) VALUES (:tid, :bid, :aid, :delta, CURRENT_TIMESTAMP);
       266.309  END;
avg-cpu:  %user   %nice %system %iowait  %steal   %idle
           1,09    0,00    0,37   33,48    0,00   65,06

Device:         rrqm/s   wrqm/s     r/s     w/s    rkB/s    wkB/s avgrq-sz avgqu-sz   await r_await w_await  svctm  %util
sdb               0,00     2,18   17,44  156,37   191,84  2519,42    31,20    75,11  432,03   90,03  470,17   4,54  78,87
sda               0,04     2,18   44,76  156,26   498,55  2518,55    30,02    84,56  420,11   66,09  521,51   4,54  91,23
md0               0,00     0,00    0,12    0,00     0,47     0,00     8,00     0,00    0,00    0,00    0,00   0,00   0,00
md1               0,00     0,00    0,00    0,00     0,00     0,00     0,00     0,00    0,00    0,00    0,00   0,00   0,00
md2               0,00     0,00   62,12  158,35   689,92  2521,97    29,14     0,00    0,00    0,00    0,00   0,00   0,00
md3               0,00     0,00    0,00    0,01     0,00     0,04     8,00     0,00    0,00    0,00    0,00   0,00   0,00

End Time: 2016-08-01 01:06:38+00:00
========================================================================
========================================================================
Testing 2014-12-31-REL9_5_0~1569
Start Time: 2016-08-05 20:19:58+00:00
Shared Buffers:  260000
Linux 3.16.0-4-amd64 (Debian-83-jessie-64-minimal) 	05.08.16 	_x86_64_	(8 CPU)

starting vacuum...end.
transaction type: <builtin: TPC-B (sort of)>
scaling factor: 300
query mode: simple
number of clients: 32
number of threads: 4
duration: 900 s
number of transactions actually processed: 200025
latency average: 143.982 ms
tps = 222.154225 (including connections establishing)
tps = 222.154728 (excluding connections establishing)
script statistics:
 - statement latencies in milliseconds:
         0.002  \set aid random(1, 100000 * :scale)
         0.001  \set bid random(1, 1 * :scale)
         0.001  \set tid random(1, 10 * :scale)
         0.001  \set delta random(-5000, 5000)
         0.211  BEGIN;
         7.098  UPDATE pgbench_accounts SET abalance = abalance + :delta WHERE aid = :aid;
         0.269  SELECT abalance FROM pgbench_accounts WHERE aid = :aid;
         1.021  UPDATE pgbench_tellers SET tbalance = tbalance + :delta WHERE tid = :tid;
         6.851  UPDATE pgbench_branches SET bbalance = bbalance + :delta WHERE bid = :bid;
         0.186  INSERT INTO pgbench_history (tid, bid, aid, delta, mtime) VALUES (:tid, :bid, :aid, :delta, CURRENT_TIMESTAMP);
       129.119  END;
avg-cpu:  %user   %nice %system %iowait  %steal   %idle
           2,27    0,00    0,68   17,05    0,00   80,00

Device:         rrqm/s   wrqm/s     r/s     w/s    rkB/s    wkB/s avgrq-sz avgqu-sz   await r_await w_await  svctm  %util
sdb               0,00     2,18   11,62  260,32   135,60  5125,00    38,69    50,62  186,06   42,85  192,45   2,48  67,51
sda               0,01     2,17   48,28  260,31   591,73  5124,85    37,05    60,50  195,98   37,47  225,38   2,90  89,45
md0               0,00     0,00    0,15    0,00     0,60     0,01     8,00     0,00    0,00    0,00    0,00   0,00   0,00
md1               0,00     0,00    0,00    0,00     0,00     0,00     0,00     0,00    0,00    0,00    0,00   0,00   0,00
md2               0,00     0,00   59,75  262,00   726,73  5125,23    36,38     0,00    0,00    0,00    0,00   0,00   0,00
md3               0,00     0,00    0,00    0,01     0,00     0,04     8,00     0,00    0,00    0,00    0,00   0,00   0,00

End Time: 2016-08-05 20:35:28+00:00
========================================================================
========================================================================
Testing 2014-12-31-REL9_5_0~1569
Start Time: 2016-08-06 14:28:36+00:00
Shared Buffers:  260000
Linux 3.16.0-4-amd64 (Debian-83-jessie-64-minimal) 	06.08.16 	_x86_64_	(8 CPU)

starting vacuum...end.
transaction type: <builtin: TPC-B (sort of)>
scaling factor: 300
query mode: simple
number of clients: 32
number of threads: 4
duration: 900 s
number of transactions actually processed: 263358
latency average: 109.357 ms
tps = 292.457671 (including connections establishing)
tps = 292.458441 (excluding connections establishing)
script statistics:
 - statement latencies in milliseconds:
         0.002  \set aid random(1, 100000 * :scale)
         0.001  \set bid random(1, 1 * :scale)
         0.001  \set tid random(1, 10 * :scale)
         0.001  \set delta random(-5000, 5000)
         0.226  BEGIN;
         1.240  UPDATE pgbench_accounts SET abalance = abalance + :delta WHERE aid = :aid;
         0.321  SELECT abalance FROM pgbench_accounts WHERE aid = :aid;
         0.859  UPDATE pgbench_tellers SET tbalance = tbalance + :delta WHERE tid = :tid;
         5.597  UPDATE pgbench_branches SET bbalance = bbalance + :delta WHERE bid = :bid;
         0.212  INSERT INTO pgbench_history (tid, bid, aid, delta, mtime) VALUES (:tid, :bid, :aid, :delta, CURRENT_TIMESTAMP);
       101.604  END;
avg-cpu:  %user   %nice %system %iowait  %steal   %idle
           2,75    0,00    0,74   10,22    0,00   86,28

Device:         rrqm/s   wrqm/s     r/s     w/s    rkB/s    wkB/s avgrq-sz avgqu-sz   await r_await w_await  svctm  %util
sdb               0,00     2,21    1,56  306,58    16,95  5501,73    35,82    73,45  238,29   48,06  239,25   2,44  75,11
sda               0,06     2,19   10,82  306,71   119,44  5502,72    35,41    54,47  171,53   30,82  176,50   2,62  83,29
md0               0,00     0,00    0,17    0,00     0,66     0,00     8,00     0,00    0,00    0,00    0,00   0,00   0,00
md1               0,00     0,00    0,00    0,00     0,00     0,00     0,00     0,00    0,00    0,00    0,00   0,00   0,00
md2               0,00     0,00   12,28  308,30   135,73  5502,65    35,18     0,00    0,00    0,00    0,00   0,00   0,00
md3               0,00     0,00    0,00    0,01     0,00     0,04     8,00     0,00    0,00    0,00    0,00   0,00   0,00

Control File Changes
--- /usr/local/oldpgsql/2014-12-31-REL9_5_0~1569/before.controldata	2016-08-06 16:28:36.450095445 +0200
+++ /usr/local/oldpgsql/2014-12-31-REL9_5_0~1569/after.controldata	2016-08-06 16:45:30.534222996 +0200
@@ -2,16 +2,16 @@
 Catalog version number:               201412301
 Database system identifier:           6255520916933765805
 Database cluster state:               in production
-pg_control last modified:             сб, 06-сер-2016 16:28:36 +0200
-Latest checkpoint location:           2/BA491B0
-Prior checkpoint location:            2/B586CD8
-Latest checkpoint's REDO location:    2/BA491B0
-Latest checkpoint's REDO WAL file:    00000001000000020000000B
+pg_control last modified:             сб, 06-сер-2016 16:45:30 +0200
+Latest checkpoint location:           2/B09EEA88
+Prior checkpoint location:            2/B09EEA18
+Latest checkpoint's REDO location:    2/B09EEA88
+Latest checkpoint's REDO WAL file:    0000000100000002000000B0
 Latest checkpoint's TimeLineID:       1
 Latest checkpoint's PrevTimeLineID:   1
 Latest checkpoint's full_page_writes: on
-Latest checkpoint's NextXID:          0/430057
-Latest checkpoint's NextOID:          16465
+Latest checkpoint's NextXID:          0/693455
+Latest checkpoint's NextOID:          24657
 Latest checkpoint's NextMultiXactId:  1
 Latest checkpoint's NextMultiOffset:  0
 Latest checkpoint's oldestXID:        701
@@ -20,7 +20,7 @@
 Latest checkpoint's oldestMultiXid:   1
 Latest checkpoint's oldestMulti's DB: 16384
 Latest checkpoint's oldestCommitTs:   0
-Time of latest checkpoint:            сб, 06-сер-2016 16:28:35 +0200
+Time of latest checkpoint:            сб, 06-сер-2016 16:44:48 +0200
 Fake LSN counter for unlogged rels:   0/1
 Minimum recovery ending location:     0/0
 Min recovery ending loc's timeline:   0
End Time: 2016-08-06 14:45:30+00:00
========================================================================
========================================================================
Testing 2014-12-31-REL9_5_0~1569
Start Time: 2016-08-09 00:32:49+00:00
Shared Buffers:  260000
size before pgbench of pgbench_tellers: 8
size before pgbench of pgbench_branches: 8
size before pgbench of pgbench_accounts: 64
size before pgbench of pgbench_branches_pkey: 32
size before pgbench of pgbench_tellers_pkey: 152
size before pgbench of pgbench_accounts_pkey: 658092
size before pgbench of pgbench_history: 24
total size before pgbench: 658380
Linux 3.16.0-4-amd64 (Debian-83-jessie-64-minimal) 	09.08.16 	_x86_64_	(8 CPU)

starting vacuum...end.
transaction type: <builtin: select only>
scaling factor: 300
query mode: simple
number of clients: 32
number of threads: 4
duration: 60 s
number of transactions actually processed: 5581074
latency average: 0.344 ms
tps = 92997.967436 (including connections establishing)
tps = 93001.500687 (excluding connections establishing)
script statistics:
 - statement latencies in milliseconds:
         0.001  \set aid random(1, 100000 * :scale)
         0.344  SELECT abalance FROM pgbench_accounts WHERE aid = :aid;
avg-cpu:  %user   %nice %system %iowait  %steal   %idle
          55,24    0,00   10,42    1,26    0,00   33,08

Device:         rrqm/s   wrqm/s     r/s     w/s    rkB/s    wkB/s avgrq-sz avgqu-sz   await r_await w_await  svctm  %util
sdb               0,00     1,68   16,92    3,03   162,40    17,25    18,01     1,19   59,60   62,47   43,56   6,78  13,53
sda               0,00     1,68   18,80    3,03   175,56    17,25    17,66     1,02   46,86   48,32   37,82   6,15  13,42
md0               0,00     0,00    0,00    0,00     0,00     0,00     0,00     0,00    0,00    0,00    0,00   0,00   0,00
md1               0,00     0,00    0,00    0,00     0,00     0,00     0,00     0,00    0,00    0,00    0,00   0,00   0,00
md2               0,00     0,00   35,72    3,09   337,96    13,60    18,12     0,00    0,00    0,00    0,00   0,00   0,00
md3               0,00     0,00    0,00    0,10     0,00     0,40     8,00     0,00    0,00    0,00    0,00   0,00   0,00

Control File Changes
--- /usr/local/oldpgsql/2014-12-31-REL9_5_0~1569/before.controldata	2016-08-09 02:35:58.691564008 +0200
+++ /usr/local/oldpgsql/2014-12-31-REL9_5_0~1569/after.controldata	2016-08-09 02:37:29.175697149 +0200
@@ -5,4 +5,4 @@
-pg_control last modified:             Tue Aug  9 00:35:58 2016
-Latest checkpoint location:           3/127DC570
-Prior checkpoint location:            3/127DC500
-Latest checkpoint's REDO location:    3/127DC570
+pg_control last modified:             Tue Aug  9 00:37:29 2016
+Latest checkpoint location:           3/127E0230
+Prior checkpoint location:            3/127DC570
+Latest checkpoint's REDO location:    3/127E0230
@@ -13,2 +13,2 @@
-Latest checkpoint's NextXID:          0/693455
-Latest checkpoint's NextOID:          16466
+Latest checkpoint's NextXID:          0/693456
+Latest checkpoint's NextOID:          24658
@@ -23 +23 @@
-Time of latest checkpoint:            Tue Aug  9 00:35:58 2016
+Time of latest checkpoint:            Tue Aug  9 00:37:28 2016
size after pgbench of pgbench_tellers: 8
size after pgbench of pgbench_branches: 8
size after pgbench of pgbench_accounts: 64
size after pgbench of pgbench_branches_pkey: 32
size after pgbench of pgbench_tellers_pkey: 152
size after pgbench of pgbench_accounts_pkey: 658092
size after pgbench of pgbench_history: 0
total size after pgbench: 658356
End Time: 2016-08-09 00:37:29+00:00
========================================================================
========================================================================
Testing 2014-12-31-REL9_5_0~1569
Start Time: 2016-08-09 15:48:30+00:00
Shared Buffers:  260000
size before pgbench of pgbench_tellers: 8
size before pgbench of pgbench_branches: 8
size before pgbench of pgbench_accounts: 64
size before pgbench of pgbench_branches_pkey: 32
size before pgbench of pgbench_tellers_pkey: 152
size before pgbench of pgbench_accounts_pkey: 658092
size before pgbench of pgbench_history: 0
total size before pgbench: 658356
Linux 3.16.0-4-amd64 (Debian-83-jessie-64-minimal) 	09.08.16 	_x86_64_	(8 CPU)

starting vacuum...end.
transaction type: <builtin: select only>
scaling factor: 300
query mode: simple
number of clients: 32
number of threads: 4
duration: 60 s
number of transactions actually processed: 5561250
latency average: 0.345 ms
tps = 92664.509935 (including connections establishing)
tps = 92667.805823 (excluding connections establishing)
script statistics:
 - statement latencies in milliseconds:
         0.001  \set aid random(1, 100000 * :scale)
         0.345  SELECT abalance FROM pgbench_accounts WHERE aid = :aid;
avg-cpu:  %user   %nice %system %iowait  %steal   %idle
          55,46    0,00   10,43    0,97    0,00   33,14

Device:         rrqm/s   wrqm/s     r/s     w/s    rkB/s    wkB/s avgrq-sz avgqu-sz   await r_await w_await  svctm  %util
sdb               0,00     0,94   14,68    2,41   137,87    11,83    17,52     0,69   40,60   44,76   15,24   5,24   8,96
sda               0,08     0,94   16,89    2,41   159,24    11,83    17,73     0,79   41,09   44,97   13,88   5,36  10,35
md0               0,00     0,00    0,12    0,00     0,49     0,00     8,00     0,00    0,00    0,00    0,00   0,00   0,00
md1               0,00     0,00    0,00    0,00     0,00     0,00     0,00     0,00    0,00    0,00    0,00   0,00   0,00
md2               0,00     0,00   31,54    1,87   296,62     8,53    18,27     0,00    0,00    0,00    0,00   0,00   0,00
md3               0,00     0,00    0,00    0,10     0,00     0,40     8,00     0,00    0,00    0,00    0,00   0,00   0,00

Control File Changes
--- /usr/local/oldpgsql/2014-12-31-REL9_5_0~1569/before.controldata	2016-08-09 17:49:44.330131216 +0200
+++ /usr/local/oldpgsql/2014-12-31-REL9_5_0~1569/after.controldata	2016-08-09 17:51:14.778482489 +0200
@@ -5,4 +5,4 @@
-pg_control last modified:             Tue Aug  9 15:49:44 2016
-Latest checkpoint location:           3/127E0310
-Prior checkpoint location:            3/127E02A0
-Latest checkpoint's REDO location:    3/127E0310
+pg_control last modified:             Tue Aug  9 15:51:14 2016
+Latest checkpoint location:           3/127E4100
+Prior checkpoint location:            3/127E0310
+Latest checkpoint's REDO location:    3/127E4100
@@ -13,2 +13,2 @@
-Latest checkpoint's NextXID:          0/693456
-Latest checkpoint's NextOID:          16467
+Latest checkpoint's NextXID:          0/693457
+Latest checkpoint's NextOID:          24659
@@ -23 +23 @@
-Time of latest checkpoint:            Tue Aug  9 15:49:43 2016
+Time of latest checkpoint:            Tue Aug  9 15:51:14 2016
size after pgbench of pgbench_tellers: 8
size after pgbench of pgbench_branches: 8
size after pgbench of pgbench_accounts: 64
size after pgbench of pgbench_branches_pkey: 32
size after pgbench of pgbench_tellers_pkey: 152
size after pgbench of pgbench_accounts_pkey: 658092
size after pgbench of pgbench_history: 0
total size after pgbench: 658356
End Time: 2016-08-09 15:51:14+00:00
========================================================================
========================================================================
Testing 2014-12-31-REL9_5_0~1569
Start Time: 2016-08-10 13:29:52+00:00
Shared Buffers:  260000
size before pgbench of pgbench_tellers: 8
size before pgbench of pgbench_branches: 8
size before pgbench of pgbench_accounts: 64
size before pgbench of pgbench_branches_pkey: 32
size before pgbench of pgbench_tellers_pkey: 152
size before pgbench of pgbench_accounts_pkey: 658092
size before pgbench of pgbench_history: 0
total size before pgbench: 658356
Linux 3.16.0-4-amd64 (Debian-83-jessie-64-minimal) 	10.08.16 	_x86_64_	(8 CPU)

starting vacuum...end.
transaction type: <builtin: select only>
scaling factor: 300
query mode: simple
number of clients: 32
number of threads: 4
duration: 60 s
number of transactions actually processed: 5603034
latency average: 0.343 ms
tps = 93348.035685 (including connections establishing)
tps = 93351.557867 (excluding connections establishing)
script statistics:
 - statement latencies in milliseconds:
         0.001  \set aid random(1, 100000 * :scale)
         0.343  SELECT abalance FROM pgbench_accounts WHERE aid = :aid;
avg-cpu:  %user   %nice %system %iowait  %steal   %idle
          55,65    0,00   10,45    0,82    0,00   33,09

Device:         rrqm/s   wrqm/s     r/s     w/s    rkB/s    wkB/s avgrq-sz avgqu-sz   await r_await w_await  svctm  %util
sdb               0,00     1,10   13,69    2,90   132,53    13,86    17,65     0,48   28,77   32,39   11,68   5,25   8,72
sda               0,02     1,10   17,27    2,90   164,58    13,86    17,70     1,04   51,63   57,44   17,07   5,16  10,41
md0               0,00     0,00    0,06    0,00     0,22     0,00     8,00     0,00    0,00    0,00    0,00   0,00   0,00
md1               0,00     0,00    0,00    0,00     0,00     0,00     0,00     0,00    0,00    0,00    0,00   0,00   0,00
md2               0,00     0,00   30,92    2,29   296,89    10,18    18,49     0,00    0,00    0,00    0,00   0,00   0,00
md3               0,00     0,00    0,00    0,10     0,00     0,40     8,00     0,00    0,00    0,00    0,00   0,00   0,00

Control File Changes
--- /usr/local/oldpgsql/2014-12-31-REL9_5_0~1569/before.controldata	2016-08-10 15:31:04.953928332 +0200
+++ /usr/local/oldpgsql/2014-12-31-REL9_5_0~1569/after.controldata	2016-08-10 15:32:35.397868923 +0200
@@ -5,4 +5,4 @@
-pg_control last modified:             Wed Aug 10 13:31:04 2016
-Latest checkpoint location:           3/127E41E0
-Prior checkpoint location:            3/127E4170
-Latest checkpoint's REDO location:    3/127E41E0
+pg_control last modified:             Wed Aug 10 13:32:35 2016
+Latest checkpoint location:           3/127E7DD0
+Prior checkpoint location:            3/127E41E0
+Latest checkpoint's REDO location:    3/127E7DD0
@@ -13,2 +13,2 @@
-Latest checkpoint's NextXID:          0/693457
-Latest checkpoint's NextOID:          16468
+Latest checkpoint's NextXID:          0/693458
+Latest checkpoint's NextOID:          24660
@@ -23 +23 @@
-Time of latest checkpoint:            Wed Aug 10 13:31:04 2016
+Time of latest checkpoint:            Wed Aug 10 13:32:34 2016
size after pgbench of pgbench_tellers: 8
size after pgbench of pgbench_branches: 8
size after pgbench of pgbench_accounts: 64
size after pgbench of pgbench_branches_pkey: 32
size after pgbench of pgbench_tellers_pkey: 152
size after pgbench of pgbench_accounts_pkey: 658092
size after pgbench of pgbench_history: 0
total size after pgbench: 658356
End Time: 2016-08-10 13:32:35+00:00
========================================================================
========================================================================
Testing 2014-12-31-REL9_5_0~1569
Start Time: 2016-08-11 00:07:38+00:00
Shared Buffers:  260000
size before pgbench of pgbench_tellers: 8
size before pgbench of pgbench_branches: 8
size before pgbench of pgbench_accounts: 64
size before pgbench of pgbench_branches_pkey: 32
size before pgbench of pgbench_tellers_pkey: 152
size before pgbench of pgbench_accounts_pkey: 658092
size before pgbench of pgbench_history: 0
total size before pgbench: 658356
Linux 3.16.0-4-amd64 (Debian-83-jessie-64-minimal) 	11.08.16 	_x86_64_	(8 CPU)

starting vacuum...end.
transaction type: <builtin: select only>
scaling factor: 300
query mode: simple
number of clients: 32
number of threads: 4
duration: 60 s
number of transactions actually processed: 5577725
latency average: 0.344 ms
tps = 92934.007970 (including connections establishing)
tps = 92938.118465 (excluding connections establishing)
script statistics:
 - statement latencies in milliseconds:
         0.001  \set aid random(1, 100000 * :scale)
         0.344  SELECT abalance FROM pgbench_accounts WHERE aid = :aid;
avg-cpu:  %user   %nice %system %iowait  %steal   %idle
          55,20    0,00   10,46    1,12    0,00   33,22

Device:         rrqm/s   wrqm/s     r/s     w/s    rkB/s    wkB/s avgrq-sz avgqu-sz   await r_await w_await  svctm  %util
sdb               0,00     1,01   15,48    2,31   149,33    11,83    18,12     1,25   70,30   78,85   13,02   4,64   8,26
sda               0,00     1,01   15,47    2,31   147,29    11,83    17,90     0,53   29,54   32,00   13,12   5,47   9,73
md0               0,00     0,00    0,00    0,00     0,00     0,00     0,00     0,00    0,00    0,00    0,00   0,00   0,00
md1               0,00     0,00    0,00    0,00     0,00     0,00     0,00     0,00    0,00    0,00    0,00   0,00   0,00
md2               0,00     0,00   30,96    1,91   296,62     8,71    18,58     0,00    0,00    0,00    0,00   0,00   0,00
md3               0,00     0,00    0,00    0,11     0,00     0,44     8,00     0,00    0,00    0,00    0,00   0,00   0,00

Control File Changes
--- /usr/local/oldpgsql/2014-12-31-REL9_5_0~1569/before.controldata	2016-08-11 02:08:50.843200150 +0200
+++ /usr/local/oldpgsql/2014-12-31-REL9_5_0~1569/after.controldata	2016-08-11 02:10:21.087365911 +0200
@@ -5,4 +5,4 @@
-pg_control last modified:             Thu Aug 11 00:08:50 2016
-Latest checkpoint location:           3/127E7EB0
-Prior checkpoint location:            3/127E7E40
-Latest checkpoint's REDO location:    3/127E7EB0
+pg_control last modified:             Thu Aug 11 00:10:21 2016
+Latest checkpoint location:           3/127EBBA8
+Prior checkpoint location:            3/127E7EB0
+Latest checkpoint's REDO location:    3/127EBBA8
@@ -13,2 +13,2 @@
-Latest checkpoint's NextXID:          0/693458
-Latest checkpoint's NextOID:          16469
+Latest checkpoint's NextXID:          0/693459
+Latest checkpoint's NextOID:          24661
@@ -23 +23 @@
-Time of latest checkpoint:            Thu Aug 11 00:08:50 2016
+Time of latest checkpoint:            Thu Aug 11 00:10:20 2016
size after pgbench of pgbench_tellers: 8
size after pgbench of pgbench_branches: 8
size after pgbench of pgbench_accounts: 64
size after pgbench of pgbench_branches_pkey: 32
size after pgbench of pgbench_tellers_pkey: 152
size after pgbench of pgbench_accounts_pkey: 658092
size after pgbench of pgbench_history: 0
total size after pgbench: 658356
End Time: 2016-08-11 00:10:21+00:00
========================================================================
========================================================================
Testing 2014-12-31-REL9_5_0~1569
Start Time: 2016-08-11 20:12:13+00:00
Shared Buffers:  260000
size before pgbench of pgbench_tellers: 8
size before pgbench of pgbench_branches: 8
size before pgbench of pgbench_accounts: 64
size before pgbench of pgbench_branches_pkey: 32
size before pgbench of pgbench_tellers_pkey: 152
size before pgbench of pgbench_accounts_pkey: 658092
size before pgbench of pgbench_history: 0
total size before pgbench: 658356
Linux 3.16.0-4-amd64 (Debian-83-jessie-64-minimal) 	11.08.16 	_x86_64_	(8 CPU)

starting vacuum...end.
transaction type: <builtin: select only>
scaling factor: 300
query mode: simple
number of clients: 32
number of threads: 4
duration: 60 s
number of transactions actually processed: 5549506
latency average: 0.346 ms
tps = 92467.709651 (including connections establishing)
tps = 92472.403186 (excluding connections establishing)
script statistics:
 - statement latencies in milliseconds:
         0.001  \set aid random(1, 100000 * :scale)
         0.346  SELECT abalance FROM pgbench_accounts WHERE aid = :aid;
avg-cpu:  %user   %nice %system %iowait  %steal   %idle
          55,38    0,00   10,29    1,19    0,00   33,14

Device:         rrqm/s   wrqm/s     r/s     w/s    rkB/s    wkB/s avgrq-sz avgqu-sz   await r_await w_await  svctm  %util
sdb               0,00     1,09   13,76    2,42   133,42    12,47    18,04     0,56   34,37   37,58   16,17   5,73   9,26
sda               0,00     1,09   17,27    2,42   163,20    12,47    17,84     1,24   62,77   69,84   12,37   5,01   9,86
md0               0,00     0,00    0,00    0,00     0,00     0,00     0,00     0,00    0,00    0,00    0,00   0,00   0,00
md1               0,00     0,00    0,00    0,00     0,00     0,00     0,00     0,00    0,00    0,00    0,00   0,00   0,00
md2               0,00     0,00   31,02    2,03   296,62     9,20    18,50     0,00    0,00    0,00    0,00   0,00   0,00
md3               0,00     0,00    0,00    0,10     0,00     0,40     8,00     0,00    0,00    0,00    0,00   0,00   0,00

Control File Changes
--- /usr/local/oldpgsql/2014-12-31-REL9_5_0~1569/before.controldata	2016-08-11 22:13:26.465687386 +0200
+++ /usr/local/oldpgsql/2014-12-31-REL9_5_0~1569/after.controldata	2016-08-11 22:14:56.810095961 +0200
@@ -5,4 +5,4 @@
-pg_control last modified:             Thu Aug 11 20:13:26 2016
-Latest checkpoint location:           3/127EBC88
-Prior checkpoint location:            3/127EBC18
-Latest checkpoint's REDO location:    3/127EBC88
+pg_control last modified:             Thu Aug 11 20:14:56 2016
+Latest checkpoint location:           3/127EFA78
+Prior checkpoint location:            3/127EBC88
+Latest checkpoint's REDO location:    3/127EFA78
@@ -13,2 +13,2 @@
-Latest checkpoint's NextXID:          0/693459
-Latest checkpoint's NextOID:          16470
+Latest checkpoint's NextXID:          0/693460
+Latest checkpoint's NextOID:          24662
@@ -23 +23 @@
-Time of latest checkpoint:            Thu Aug 11 20:13:26 2016
+Time of latest checkpoint:            Thu Aug 11 20:14:56 2016
size after pgbench of pgbench_tellers: 8
size after pgbench of pgbench_branches: 8
size after pgbench of pgbench_accounts: 64
size after pgbench of pgbench_branches_pkey: 32
size after pgbench of pgbench_tellers_pkey: 152
size after pgbench of pgbench_accounts_pkey: 658092
size after pgbench of pgbench_history: 0
total size after pgbench: 658356
End Time: 2016-08-11 20:14:56+00:00
========================================================================
========================================================================
Testing 2014-12-31-REL9_5_0~1569
Start Time: 2016-08-12 19:48:26+00:00
Shared Buffers:  260000
size before pgbench of pgbench_tellers: 8
size before pgbench of pgbench_branches: 8
size before pgbench of pgbench_accounts: 64
size before pgbench of pgbench_branches_pkey: 32
size before pgbench of pgbench_tellers_pkey: 152
size before pgbench of pgbench_accounts_pkey: 658092
size before pgbench of pgbench_history: 0
total size before pgbench: 658356
+ /usr/local/pgsql/bin/pgbench -T 60 -S -c 64 -j 4 -r
Linux 3.16.0-4-amd64 (Debian-83-jessie-64-minimal) 	12.08.16 	_x86_64_	(8 CPU)

starting vacuum...end.
transaction type: <builtin: select only>
scaling factor: 300
query mode: simple
number of clients: 64
number of threads: 4
duration: 60 s
number of transactions actually processed: 5164707
latency average: 0.744 ms
tps = 85978.853529 (including connections establishing)
tps = 85982.711363 (excluding connections establishing)
script statistics:
 - statement latencies in milliseconds:
         0.001  \set aid random(1, 100000 * :scale)
         0.743  SELECT abalance FROM pgbench_accounts WHERE aid = :aid;
avg-cpu:  %user   %nice %system %iowait  %steal   %idle
          54,43    0,00   10,67    1,27    0,00   33,63

Device:         rrqm/s   wrqm/s     r/s     w/s    rkB/s    wkB/s avgrq-sz avgqu-sz   await r_await w_await  svctm  %util
sdb               0,00     1,02   14,28    2,50   136,89    12,37    17,79     1,23   73,49   84,01   13,44   5,32   8,92
sda               0,00     1,02   16,60    2,50   159,73    12,37    18,02     2,20  115,00  129,00   22,03   5,50  10,50
md0               0,00     0,00    0,00    0,00     0,00     0,00     0,00     0,00    0,00    0,00    0,00   0,00   0,00
md1               0,00     0,00    0,00    0,00     0,00     0,00     0,00     0,00    0,00    0,00    0,00   0,00   0,00
md2               0,00     0,00   30,96    1,88   296,62     8,58    18,59     0,00    0,00    0,00    0,00   0,00   0,00
md3               0,00     0,00    0,00    0,20     0,00     0,80     8,00     0,00    0,00    0,00    0,00   0,00   0,00

Control File Changes
--- /usr/local/oldpgsql/2014-12-31-REL9_5_0~1569/before.controldata	2016-08-12 21:49:39.032230896 +0200
+++ /usr/local/oldpgsql/2014-12-31-REL9_5_0~1569/after.controldata	2016-08-12 21:51:09.408455093 +0200
@@ -5,4 +5,4 @@
-pg_control last modified:             Fri Aug 12 19:49:38 2016
-Latest checkpoint location:           3/127EFB58
-Prior checkpoint location:            3/127EFAE8
-Latest checkpoint's REDO location:    3/127EFB58
+pg_control last modified:             Fri Aug 12 19:51:09 2016
+Latest checkpoint location:           3/127F3A78
+Prior checkpoint location:            3/127EFB58
+Latest checkpoint's REDO location:    3/127F3A78
@@ -13,2 +13,2 @@
-Latest checkpoint's NextXID:          0/693460
-Latest checkpoint's NextOID:          16471
+Latest checkpoint's NextXID:          0/693461
+Latest checkpoint's NextOID:          24663
@@ -23 +23 @@
-Time of latest checkpoint:            Fri Aug 12 19:49:38 2016
+Time of latest checkpoint:            Fri Aug 12 19:51:09 2016
size after pgbench of pgbench_tellers: 8
size after pgbench of pgbench_branches: 8
size after pgbench of pgbench_accounts: 64
size after pgbench of pgbench_branches_pkey: 32
size after pgbench of pgbench_tellers_pkey: 152
size after pgbench of pgbench_accounts_pkey: 658092
size after pgbench of pgbench_history: 0
total size after pgbench: 658356
End Time: 2016-08-12 19:51:09+00:00
========================================================================
========================================================================
Testing 2014-12-31-REL9_5_0~1569
Start Time: 2016-08-13 05:06:07+00:00
Shared Buffers:  260000
size before pgbench of pgbench_tellers: 8
size before pgbench of pgbench_branches: 8
size before pgbench of pgbench_accounts: 64
size before pgbench of pgbench_branches_pkey: 32
size before pgbench of pgbench_tellers_pkey: 152
size before pgbench of pgbench_accounts_pkey: 658092
size before pgbench of pgbench_history: 0
total size before pgbench: 658356
Linux 3.16.0-4-amd64 (Debian-83-jessie-64-minimal) 	13.08.16 	_x86_64_	(8 CPU)

starting vacuum...end.
transaction type: <builtin: select only>
scaling factor: 300
query mode: simple
number of clients: 48
number of threads: 4
duration: 60 s
number of transactions actually processed: 5568648
latency average: 0.517 ms
tps = 92754.326528 (including connections establishing)
tps = 92757.924376 (excluding connections establishing)
script statistics:
 - statement latencies in milliseconds:
         0.001  \set aid random(1, 100000 * :scale)
         0.519  SELECT abalance FROM pgbench_accounts WHERE aid = :aid;
avg-cpu:  %user   %nice %system %iowait  %steal   %idle
          55,14    0,00   10,33    0,99    0,00   33,54

Device:         rrqm/s   wrqm/s     r/s     w/s    rkB/s    wkB/s avgrq-sz avgqu-sz   await r_await w_await  svctm  %util
sdb               0,00     1,08   14,67    2,37   137,87    12,32    17,63     1,55   90,90  103,28   14,12   5,06   8,62
sda               0,00     1,08   16,50    2,37   158,80    12,32    18,14     0,99   52,30   57,82   13,82   5,27   9,94
md0               0,00     0,00    0,01    0,00     0,04     0,00     8,00     0,00    0,00    0,00    0,00   0,00   0,00
md1               0,00     0,00    0,00    0,00     0,00     0,00     0,00     0,00    0,00    0,00    0,00   0,00   0,00
md2               0,00     0,00   31,18    2,01   296,62     9,11    18,42     0,00    0,00    0,00    0,00   0,00   0,00
md3               0,00     0,00    0,00    0,10     0,00     0,40     8,00     0,00    0,00    0,00    0,00   0,00   0,00

Control File Changes
--- /usr/local/oldpgsql/2014-12-31-REL9_5_0~1569/before.controldata	2016-08-13 07:07:19.391065691 +0200
+++ /usr/local/oldpgsql/2014-12-31-REL9_5_0~1569/after.controldata	2016-08-13 07:08:49.739329563 +0200
@@ -5,4 +5,4 @@
-pg_control last modified:             Sat Aug 13 05:07:19 2016
-Latest checkpoint location:           3/127F3B58
-Prior checkpoint location:            3/127F3AE8
-Latest checkpoint's REDO location:    3/127F3B58
+pg_control last modified:             Sat Aug 13 05:08:49 2016
+Latest checkpoint location:           3/127F7890
+Prior checkpoint location:            3/127F3B58
+Latest checkpoint's REDO location:    3/127F7890
@@ -13,2 +13,2 @@
-Latest checkpoint's NextXID:          0/693461
-Latest checkpoint's NextOID:          16472
+Latest checkpoint's NextXID:          0/693462
+Latest checkpoint's NextOID:          24664
@@ -23 +23 @@
-Time of latest checkpoint:            Sat Aug 13 05:07:18 2016
+Time of latest checkpoint:            Sat Aug 13 05:08:49 2016
size after pgbench of pgbench_tellers: 8
size after pgbench of pgbench_branches: 8
size after pgbench of pgbench_accounts: 64
size after pgbench of pgbench_branches_pkey: 32
size after pgbench of pgbench_tellers_pkey: 152
size after pgbench of pgbench_accounts_pkey: 658092
size after pgbench of pgbench_history: 0
total size after pgbench: 658356
End Time: 2016-08-13 05:08:49+00:00
========================================================================
========================================================================
Testing 2014-12-31-REL9_5_0~1569
Start Time: 2016-08-13 07:38:22+00:00
Shared Buffers:  260000
size before pgbench of pgbench_tellers: 8
size before pgbench of pgbench_branches: 8
size before pgbench of pgbench_accounts: 64
size before pgbench of pgbench_branches_pkey: 32
size before pgbench of pgbench_tellers_pkey: 152
size before pgbench of pgbench_accounts_pkey: 658092
size before pgbench of pgbench_history: 0
total size before pgbench: 658356
Linux 3.16.0-4-amd64 (Debian-83-jessie-64-minimal) 	13.08.16 	_x86_64_	(8 CPU)

starting vacuum...end.
transaction type: <builtin: select only>
scaling factor: 300
query mode: simple
number of clients: 48
number of threads: 4
duration: 60 s
number of transactions actually processed: 5533262
latency average: 0.520 ms
tps = 92178.251870 (including connections establishing)
tps = 92182.135033 (excluding connections establishing)
script statistics:
 - statement latencies in milliseconds:
         0.001  \set aid random(1, 100000 * :scale)
         0.522  SELECT abalance FROM pgbench_accounts WHERE aid = :aid;
avg-cpu:  %user   %nice %system %iowait  %steal   %idle
          54,97    0,00   10,44    1,04    0,00   33,56

Device:         rrqm/s   wrqm/s     r/s     w/s    rkB/s    wkB/s avgrq-sz avgqu-sz   await r_await w_await  svctm  %util
sdb               0,00     1,00   14,32    2,36   136,71    11,88    17,82     0,74   44,42   49,51   13,49   5,08   8,48
sda               0,00     1,00   16,66    2,36   159,91    11,88    18,07     1,50   79,09   88,21   14,57   5,32  10,12
md0               0,00     0,00    0,00    0,00     0,00     0,00     0,00     0,00    0,00    0,00    0,00   0,00   0,00
md1               0,00     0,00    0,00    0,00     0,00     0,00     0,00     0,00    0,00    0,00    0,00   0,00   0,00
md2               0,00     0,00   30,98    1,89   296,62     8,62    18,57     0,00    0,00    0,00    0,00   0,00   0,00
md3               0,00     0,00    0,00    0,11     0,00     0,44     8,00     0,00    0,00    0,00    0,00   0,00   0,00

Control File Changes
--- /usr/local/oldpgsql/2014-12-31-REL9_5_0~1569/before.controldata	2016-08-13 09:39:35.402773283 +0200
+++ /usr/local/oldpgsql/2014-12-31-REL9_5_0~1569/after.controldata	2016-08-13 09:41:05.646952297 +0200
@@ -5,4 +5,4 @@
-pg_control last modified:             Sat Aug 13 07:39:35 2016
-Latest checkpoint location:           3/127F7970
-Prior checkpoint location:            3/127F7900
-Latest checkpoint's REDO location:    3/127F7970
+pg_control last modified:             Sat Aug 13 07:41:05 2016
+Latest checkpoint location:           3/127FB798
+Prior checkpoint location:            3/127F7970
+Latest checkpoint's REDO location:    3/127FB798
@@ -13,2 +13,2 @@
-Latest checkpoint's NextXID:          0/693462
-Latest checkpoint's NextOID:          16473
+Latest checkpoint's NextXID:          0/693463
+Latest checkpoint's NextOID:          24665
@@ -23 +23 @@
-Time of latest checkpoint:            Sat Aug 13 07:39:34 2016
+Time of latest checkpoint:            Sat Aug 13 07:41:05 2016
size after pgbench of pgbench_tellers: 8
size after pgbench of pgbench_branches: 8
size after pgbench of pgbench_accounts: 64
size after pgbench of pgbench_branches_pkey: 32
size after pgbench of pgbench_tellers_pkey: 152
size after pgbench of pgbench_accounts_pkey: 658092
size after pgbench of pgbench_history: 0
total size after pgbench: 658356
End Time: 2016-08-13 07:41:05+00:00
========================================================================
========================================================================
Testing 2014-12-31-REL9_5_0~1569
Start Time: 2016-08-14 04:38:58+00:00
Shared Buffers:  260000
size before pgbench of pgbench_tellers: 8
size before pgbench of pgbench_branches: 8
size before pgbench of pgbench_accounts: 64
size before pgbench of pgbench_branches_pkey: 32
size before pgbench of pgbench_tellers_pkey: 152
size before pgbench of pgbench_accounts_pkey: 658092
size before pgbench of pgbench_history: 0
total size before pgbench: 658356
Linux 3.16.0-4-amd64 (Debian-83-jessie-64-minimal) 	14.08.16 	_x86_64_	(8 CPU)

starting vacuum...end.
transaction type: <builtin: TPC-B (sort of)>
scaling factor: 300
query mode: simple
number of clients: 32
number of threads: 4
duration: 900 s
number of transactions actually processed: 369046
latency average: 78.039 ms
tps = 409.864086 (including connections establishing)
tps = 409.865069 (excluding connections establishing)
script statistics:
 - statement latencies in milliseconds:
         0.001  \set aid random(1, 100000 * :scale)
         0.001  \set bid random(1, 1 * :scale)
         0.001  \set tid random(1, 10 * :scale)
         0.001  \set delta random(-5000, 5000)
         0.251  BEGIN;
         0.586  UPDATE pgbench_accounts SET abalance = abalance + :delta WHERE aid = :aid;
         0.339  SELECT abalance FROM pgbench_accounts WHERE aid = :aid;
         0.735  UPDATE pgbench_tellers SET tbalance = tbalance + :delta WHERE tid = :tid;
         4.148  UPDATE pgbench_branches SET bbalance = bbalance + :delta WHERE bid = :bid;
         0.207  INSERT INTO pgbench_history (tid, bid, aid, delta, mtime) VALUES (:tid, :bid, :aid, :delta, CURRENT_TIMESTAMP);
        72.419  END;
avg-cpu:  %user   %nice %system %iowait  %steal   %idle
           3,58    0,00    0,95   10,29    0,00   85,18

Device:         rrqm/s   wrqm/s     r/s     w/s    rkB/s    wkB/s avgrq-sz avgqu-sz   await r_await w_await  svctm  %util
sdb               0,00     2,61    0,28  424,08     2,40  7441,19    35,08    74,61  174,13   39,50  174,22   1,86  78,76
sda               0,07     2,59    2,38  424,40    22,87  7443,55    34,99    59,58  139,60   24,46  140,25   1,91  81,71
md0               0,00     0,00    0,19    0,00     0,74     0,00     8,00     0,00    0,00    0,00    0,00   0,00   0,00
md1               0,00     0,00    0,00    0,00     0,00     0,00     0,00     0,00    0,00    0,00    0,00   0,00   0,00
md2               0,00     0,00    2,56  426,58    24,53  7445,33    34,81     0,00    0,00    0,00    0,00   0,00   0,00
md3               0,00     0,00    0,00    0,01     0,00     0,04     8,00     0,00    0,00    0,00    0,00   0,00   0,00

Control File Changes
--- /usr/local/oldpgsql/2014-12-31-REL9_5_0~1569/before.controldata	2016-08-14 06:40:11.910229303 +0200
+++ /usr/local/oldpgsql/2014-12-31-REL9_5_0~1569/after.controldata	2016-08-14 06:56:29.611520542 +0200
@@ -5,5 +5,5 @@
-pg_control last modified:             Sun Aug 14 04:40:11 2016
-Latest checkpoint location:           3/127FB878
-Prior checkpoint location:            3/127FB808
-Latest checkpoint's REDO location:    3/127FB878
-Latest checkpoint's REDO WAL file:    000000010000000300000012
+pg_control last modified:             Sun Aug 14 04:56:29 2016
+Latest checkpoint location:           3/E0D19B58
+Prior checkpoint location:            3/E0D19AE8
+Latest checkpoint's REDO location:    3/E0D19B58
+Latest checkpoint's REDO WAL file:    0000000100000003000000E0
@@ -13,2 +13,2 @@
-Latest checkpoint's NextXID:          0/693463
-Latest checkpoint's NextOID:          16474
+Latest checkpoint's NextXID:          0/1062550
+Latest checkpoint's NextOID:          24666
@@ -23 +23 @@
-Time of latest checkpoint:            Sun Aug 14 04:40:11 2016
+Time of latest checkpoint:            Sun Aug 14 04:55:50 2016
size after pgbench of pgbench_tellers: 8
size after pgbench of pgbench_branches: 8
size after pgbench of pgbench_accounts: 64
size after pgbench of pgbench_branches_pkey: 32
size after pgbench of pgbench_tellers_pkey: 152
size after pgbench of pgbench_accounts_pkey: 658092
size after pgbench of pgbench_history: 24
total size after pgbench: 658380
End Time: 2016-08-14 04:56:29+00:00
========================================================================
========================================================================
Testing 2014-12-31-REL9_5_0~1569
Start Time: 2016-08-16 16:37:30+00:00
Shared Buffers:  260000
size before pgbench of pgbench_tellers: 8
size before pgbench of pgbench_branches: 8
size before pgbench of pgbench_accounts: 64
size before pgbench of pgbench_branches_pkey: 32
size before pgbench of pgbench_tellers_pkey: 152
size before pgbench of pgbench_accounts_pkey: 658092
size before pgbench of pgbench_history: 24
total size before pgbench: 658380
Linux 4.6.0-1-amd64 (Debian-83-jessie-64-minimal) 	16.08.16 	_x86_64_	(8 CPU)

starting vacuum...end.
transaction type: <builtin: TPC-B (sort of)>
scaling factor: 300
query mode: simple
number of clients: 32
number of threads: 4
duration: 900 s
number of transactions actually processed: 279498
latency average: 103.042 ms
tps = 310.515457 (including connections establishing)
tps = 310.516207 (excluding connections establishing)
script statistics:
 - statement latencies in milliseconds:
         0.002  \set aid random(1, 100000 * :scale)
         0.001  \set bid random(1, 1 * :scale)
         0.001  \set tid random(1, 10 * :scale)
         0.001  \set delta random(-5000, 5000)
         0.309  BEGIN;
         0.645  UPDATE pgbench_accounts SET abalance = abalance + :delta WHERE aid = :aid;
         0.434  SELECT abalance FROM pgbench_accounts WHERE aid = :aid;
         1.161  UPDATE pgbench_tellers SET tbalance = tbalance + :delta WHERE tid = :tid;
         5.634  UPDATE pgbench_branches SET bbalance = bbalance + :delta WHERE bid = :bid;
         0.264  INSERT INTO pgbench_history (tid, bid, aid, delta, mtime) VALUES (:tid, :bid, :aid, :delta, CURRENT_TIMESTAMP);
        95.372  END;
avg-cpu:  %user   %nice %system %iowait  %steal   %idle
           3,24    0,00    0,90   22,41    0,00   73,45

Device:         rrqm/s   wrqm/s     r/s     w/s    rkB/s    wkB/s avgrq-sz avgqu-sz   await r_await w_await  svctm  %util
sdb               0,00     2,55    0,06  293,51     0,57  4924,04    33,55    55,87  190,30   36,34  190,33   2,49  73,11
sda               0,03     2,54    0,51  293,52     4,34  4924,04    33,52    57,56  195,75   29,28  196,04   2,60  76,52
md0               0,00     0,00    0,09    0,00     0,37     0,00     8,00     0,00    0,00    0,00    0,00   0,00   0,00
md1               0,00     0,00    0,00    0,00     0,00     0,00     0,00     0,00    0,00    0,00    0,00   0,00   0,00
md2               0,00     0,00    0,51  295,56     4,53  4922,78    33,29     0,00    0,00    0,00    0,00   0,00   0,00
md3               0,00     0,00    0,00    0,01     0,00     0,04     8,00     0,00    0,00    0,00    0,00   0,00   0,00

Control File Changes
--- /usr/local/oldpgsql/2014-12-31-REL9_5_0~1569/before.controldata	2016-08-16 18:40:22.728198565 +0200
+++ /usr/local/oldpgsql/2014-12-31-REL9_5_0~1569/after.controldata	2016-08-16 18:56:52.177807983 +0200
@@ -5,5 +5,5 @@
-pg_control last modified:             Tue Aug 16 16:40:22 2016
-Latest checkpoint location:           4/5DA6A540
-Prior checkpoint location:            4/52EACE20
-Latest checkpoint's REDO location:    4/5DA6A540
-Latest checkpoint's REDO WAL file:    00000001000000040000005D
+pg_control last modified:             Tue Aug 16 16:56:51 2016
+Latest checkpoint location:           4/EEEDD330
+Prior checkpoint location:            4/EEE15038
+Latest checkpoint's REDO location:    4/EEEDD330
+Latest checkpoint's REDO WAL file:    0000000100000004000000EE
@@ -13,2 +13,2 @@
-Latest checkpoint's NextXID:          0/1062550
-Latest checkpoint's NextOID:          16475
+Latest checkpoint's NextXID:          0/1342087
+Latest checkpoint's NextOID:          24667
@@ -23 +23 @@
-Time of latest checkpoint:            Tue Aug 16 16:40:22 2016
+Time of latest checkpoint:            Tue Aug 16 16:55:52 2016
size after pgbench of pgbench_tellers: 8
size after pgbench of pgbench_branches: 8
size after pgbench of pgbench_accounts: 64
size after pgbench of pgbench_branches_pkey: 32
size after pgbench of pgbench_tellers_pkey: 152
size after pgbench of pgbench_accounts_pkey: 658092
size after pgbench of pgbench_history: 24
total size after pgbench: 658380
End Time: 2016-08-16 16:56:52+00:00
========================================================================
========================================================================
Testing 2014-12-31-REL9_5_0~1569
Start Time: 2016-08-20 10:52:03+00:00
Shared Buffers:  260000
size before pgbench of pgbench_tellers: 8
size before pgbench of pgbench_branches: 8
size before pgbench of pgbench_accounts: 64
size before pgbench of pgbench_branches_pkey: 32
size before pgbench of pgbench_tellers_pkey: 152
size before pgbench of pgbench_accounts_pkey: 658092
size before pgbench of pgbench_history: 24
total size before pgbench: 658380
Linux 4.6.0-1-amd64 (Debian-83-jessie-64-minimal) 	20.08.16 	_x86_64_	(8 CPU)

starting vacuum...end.
transaction type: <builtin: TPC-B (sort of)>
scaling factor: 300
query mode: simple
number of clients: 32
number of threads: 4
duration: 900 s
number of transactions actually processed: 350905
latency average: 82.073 ms
tps = 384.117260 (including connections establishing)
tps = 384.118185 (excluding connections establishing)
script statistics:
 - statement latencies in milliseconds:
         0.002  \set aid random(1, 100000 * :scale)
         0.001  \set bid random(1, 1 * :scale)
         0.001  \set tid random(1, 10 * :scale)
         0.001  \set delta random(-5000, 5000)
         0.319  BEGIN;
         0.626  UPDATE pgbench_accounts SET abalance = abalance + :delta WHERE aid = :aid;
         0.442  SELECT abalance FROM pgbench_accounts WHERE aid = :aid;
         0.812  UPDATE pgbench_tellers SET tbalance = tbalance + :delta WHERE tid = :tid;
         4.340  UPDATE pgbench_branches SET bbalance = bbalance + :delta WHERE bid = :bid;
         0.266  INSERT INTO pgbench_history (tid, bid, aid, delta, mtime) VALUES (:tid, :bid, :aid, :delta, CURRENT_TIMESTAMP);
        77.023  END;
avg-cpu:  %user   %nice %system %iowait  %steal   %idle
           4,02    0,00    1,07   20,20    0,00   74,71

Device:         rrqm/s   wrqm/s     r/s     w/s    rkB/s    wkB/s avgrq-sz avgqu-sz   await r_await w_await  svctm  %util
sdb               0,00     2,81    0,03  359,42     0,32  6214,93    34,58    59,65  165,94   33,23  165,95   2,25  80,73
sda               0,01     2,81    0,26  359,43     2,17  6214,93    34,57    49,33  137,14   20,46  137,22   2,14  76,93
md0               0,00     0,00    0,08    0,00     0,33     0,00     8,00     0,00    0,00    0,00    0,00   0,00   0,00
md1               0,00     0,00    0,00    0,00     0,00     0,00     0,00     0,00    0,00    0,00    0,00   0,00   0,00
md2               0,00     0,00    0,22  361,71     2,16  6213,60    34,35     0,00    0,00    0,00    0,00   0,00   0,00
md3               0,00     0,00    0,00    0,01     0,00     0,04     8,00     0,00    0,00    0,00    0,00   0,00   0,00

Control File Changes
--- /usr/local/oldpgsql/2014-12-31-REL9_5_0~1569/before.controldata	2016-08-20 12:54:40.427472390 +0200
+++ /usr/local/oldpgsql/2014-12-31-REL9_5_0~1569/after.controldata	2016-08-20 13:10:55.531281076 +0200
@@ -5,5 +5,5 @@
-pg_control last modified:             Sat Aug 20 10:54:40 2016
-Latest checkpoint location:           5/556C0D68
-Prior checkpoint location:            5/556C0CF8
-Latest checkpoint's REDO location:    5/556C0D68
-Latest checkpoint's REDO WAL file:    000000010000000500000055
+pg_control last modified:             Sat Aug 20 11:10:55 2016
+Latest checkpoint location:           6/4A3E8D0
+Prior checkpoint location:            6/4A3E860
+Latest checkpoint's REDO location:    6/4A3E8D0
+Latest checkpoint's REDO WAL file:    000000010000000600000004
@@ -13,2 +13,2 @@
-Latest checkpoint's NextXID:          0/1342087
-Latest checkpoint's NextOID:          16476
+Latest checkpoint's NextXID:          0/1693032
+Latest checkpoint's NextOID:          24668
@@ -23 +23 @@
-Time of latest checkpoint:            Sat Aug 20 10:54:39 2016
+Time of latest checkpoint:            Sat Aug 20 11:10:15 2016
size after pgbench of pgbench_tellers: 8
size after pgbench of pgbench_branches: 8
size after pgbench of pgbench_accounts: 64
size after pgbench of pgbench_branches_pkey: 32
size after pgbench of pgbench_tellers_pkey: 152
size after pgbench of pgbench_accounts_pkey: 658092
size after pgbench of pgbench_history: 24
total size after pgbench: 658380
End Time: 2016-08-20 11:10:55+00:00
========================================================================
