creating tables...
100000 of 30000000 tuples (0%) done (elapsed 0.08 s, remaining 23.51 s)
200000 of 30000000 tuples (0%) done (elapsed 0.15 s, remaining 22.63 s)
300000 of 30000000 tuples (1%) done (elapsed 0.21 s, remaining 20.76 s)
400000 of 30000000 tuples (1%) done (elapsed 0.27 s, remaining 19.99 s)
500000 of 30000000 tuples (1%) done (elapsed 0.33 s, remaining 19.19 s)
600000 of 30000000 tuples (2%) done (elapsed 0.39 s, remaining 18.89 s)
700000 of 30000000 tuples (2%) done (elapsed 0.45 s, remaining 18.66 s)
800000 of 30000000 tuples (2%) done (elapsed 0.50 s, remaining 18.29 s)
900000 of 30000000 tuples (3%) done (elapsed 0.56 s, remaining 18.16 s)
1000000 of 30000000 tuples (3%) done (elapsed 0.62 s, remaining 17.99 s)
1100000 of 30000000 tuples (3%) done (elapsed 0.68 s, remaining 17.81 s)
1200000 of 30000000 tuples (4%) done (elapsed 0.74 s, remaining 17.76 s)
1300000 of 30000000 tuples (4%) done (elapsed 0.80 s, remaining 17.71 s)
1400000 of 30000000 tuples (4%) done (elapsed 0.86 s, remaining 17.56 s)
1500000 of 30000000 tuples (5%) done (elapsed 0.92 s, remaining 17.52 s)
1600000 of 30000000 tuples (5%) done (elapsed 0.98 s, remaining 17.39 s)
1700000 of 30000000 tuples (5%) done (elapsed 1.04 s, remaining 17.34 s)
1800000 of 30000000 tuples (6%) done (elapsed 1.10 s, remaining 17.22 s)
1900000 of 30000000 tuples (6%) done (elapsed 1.16 s, remaining 17.18 s)
2000000 of 30000000 tuples (6%) done (elapsed 1.22 s, remaining 17.06 s)
2100000 of 30000000 tuples (7%) done (elapsed 1.28 s, remaining 17.01 s)
2200000 of 30000000 tuples (7%) done (elapsed 1.34 s, remaining 16.91 s)
2300000 of 30000000 tuples (7%) done (elapsed 1.40 s, remaining 16.86 s)
2400000 of 30000000 tuples (8%) done (elapsed 1.46 s, remaining 16.76 s)
2500000 of 30000000 tuples (8%) done (elapsed 1.52 s, remaining 16.71 s)
2600000 of 30000000 tuples (8%) done (elapsed 1.58 s, remaining 16.62 s)
2700000 of 30000000 tuples (9%) done (elapsed 1.64 s, remaining 16.57 s)
2800000 of 30000000 tuples (9%) done (elapsed 1.70 s, remaining 16.48 s)
2900000 of 30000000 tuples (9%) done (elapsed 1.76 s, remaining 16.43 s)
3000000 of 30000000 tuples (10%) done (elapsed 1.82 s, remaining 16.34 s)
3100000 of 30000000 tuples (10%) done (elapsed 1.88 s, remaining 16.30 s)
3200000 of 30000000 tuples (10%) done (elapsed 1.94 s, remaining 16.21 s)
3300000 of 30000000 tuples (11%) done (elapsed 2.00 s, remaining 16.17 s)
3400000 of 30000000 tuples (11%) done (elapsed 2.06 s, remaining 16.08 s)
3500000 of 30000000 tuples (11%) done (elapsed 2.12 s, remaining 16.03 s)
3600000 of 30000000 tuples (12%) done (elapsed 2.18 s, remaining 15.95 s)
3700000 of 30000000 tuples (12%) done (elapsed 2.24 s, remaining 15.90 s)
3800000 of 30000000 tuples (12%) done (elapsed 2.30 s, remaining 15.82 s)
3900000 of 30000000 tuples (13%) done (elapsed 2.36 s, remaining 15.78 s)
4000000 of 30000000 tuples (13%) done (elapsed 2.42 s, remaining 15.70 s)
4100000 of 30000000 tuples (13%) done (elapsed 2.47 s, remaining 15.62 s)
4200000 of 30000000 tuples (14%) done (elapsed 2.54 s, remaining 15.58 s)
4300000 of 30000000 tuples (14%) done (elapsed 2.59 s, remaining 15.50 s)
4400000 of 30000000 tuples (14%) done (elapsed 2.66 s, remaining 15.45 s)
4500000 of 30000000 tuples (15%) done (elapsed 2.71 s, remaining 15.37 s)
4600000 of 30000000 tuples (15%) done (elapsed 2.77 s, remaining 15.30 s)
4700000 of 30000000 tuples (15%) done (elapsed 2.83 s, remaining 15.25 s)
4800000 of 30000000 tuples (16%) done (elapsed 2.89 s, remaining 15.18 s)
4900000 of 30000000 tuples (16%) done (elapsed 2.95 s, remaining 15.13 s)
5000000 of 30000000 tuples (16%) done (elapsed 3.01 s, remaining 15.05 s)
5100000 of 30000000 tuples (17%) done (elapsed 3.07 s, remaining 15.00 s)
5200000 of 30000000 tuples (17%) done (elapsed 3.13 s, remaining 14.93 s)
5300000 of 30000000 tuples (17%) done (elapsed 3.19 s, remaining 14.88 s)
5400000 of 30000000 tuples (18%) done (elapsed 3.25 s, remaining 14.81 s)
5500000 of 30000000 tuples (18%) done (elapsed 3.31 s, remaining 14.76 s)
5600000 of 30000000 tuples (18%) done (elapsed 3.37 s, remaining 14.68 s)
5700000 of 30000000 tuples (19%) done (elapsed 3.43 s, remaining 14.63 s)
5800000 of 30000000 tuples (19%) done (elapsed 3.49 s, remaining 14.58 s)
5900000 of 30000000 tuples (19%) done (elapsed 3.55 s, remaining 14.51 s)
6000000 of 30000000 tuples (20%) done (elapsed 3.61 s, remaining 14.46 s)
6100000 of 30000000 tuples (20%) done (elapsed 3.67 s, remaining 14.39 s)
6200000 of 30000000 tuples (20%) done (elapsed 3.73 s, remaining 14.33 s)
6300000 of 30000000 tuples (21%) done (elapsed 3.79 s, remaining 14.26 s)
6400000 of 30000000 tuples (21%) done (elapsed 3.85 s, remaining 14.21 s)
6500000 of 30000000 tuples (21%) done (elapsed 3.91 s, remaining 14.14 s)
6600000 of 30000000 tuples (22%) done (elapsed 3.97 s, remaining 14.09 s)
6700000 of 30000000 tuples (22%) done (elapsed 4.03 s, remaining 14.02 s)
6800000 of 30000000 tuples (22%) done (elapsed 4.09 s, remaining 13.97 s)
6900000 of 30000000 tuples (23%) done (elapsed 4.15 s, remaining 13.90 s)
7000000 of 30000000 tuples (23%) done (elapsed 4.21 s, remaining 13.84 s)
7100000 of 30000000 tuples (23%) done (elapsed 4.27 s, remaining 13.77 s)
7200000 of 30000000 tuples (24%) done (elapsed 4.33 s, remaining 13.72 s)
7300000 of 30000000 tuples (24%) done (elapsed 4.39 s, remaining 13.65 s)
7400000 of 30000000 tuples (24%) done (elapsed 4.45 s, remaining 13.60 s)
7500000 of 30000000 tuples (25%) done (elapsed 4.51 s, remaining 13.53 s)
7600000 of 30000000 tuples (25%) done (elapsed 4.57 s, remaining 13.48 s)
7700000 of 30000000 tuples (25%) done (elapsed 4.63 s, remaining 13.41 s)
7800000 of 30000000 tuples (26%) done (elapsed 4.69 s, remaining 13.36 s)
7900000 of 30000000 tuples (26%) done (elapsed 4.75 s, remaining 13.29 s)
8000000 of 30000000 tuples (26%) done (elapsed 4.81 s, remaining 13.24 s)
8100000 of 30000000 tuples (27%) done (elapsed 4.87 s, remaining 13.17 s)
8200000 of 30000000 tuples (27%) done (elapsed 4.93 s, remaining 13.11 s)
8300000 of 30000000 tuples (27%) done (elapsed 4.99 s, remaining 13.05 s)
8400000 of 30000000 tuples (28%) done (elapsed 5.05 s, remaining 12.99 s)
8500000 of 30000000 tuples (28%) done (elapsed 5.11 s, remaining 12.92 s)
8600000 of 30000000 tuples (28%) done (elapsed 5.17 s, remaining 12.87 s)
8700000 of 30000000 tuples (29%) done (elapsed 5.23 s, remaining 12.80 s)
8800000 of 30000000 tuples (29%) done (elapsed 5.29 s, remaining 12.75 s)
8900000 of 30000000 tuples (29%) done (elapsed 5.35 s, remaining 12.68 s)
9000000 of 30000000 tuples (30%) done (elapsed 5.41 s, remaining 12.63 s)
9100000 of 30000000 tuples (30%) done (elapsed 5.47 s, remaining 12.56 s)
9200000 of 30000000 tuples (30%) done (elapsed 5.53 s, remaining 12.51 s)
9300000 of 30000000 tuples (31%) done (elapsed 5.59 s, remaining 12.44 s)
9400000 of 30000000 tuples (31%) done (elapsed 5.65 s, remaining 12.38 s)
9500000 of 30000000 tuples (31%) done (elapsed 5.71 s, remaining 12.33 s)
9600000 of 30000000 tuples (32%) done (elapsed 5.77 s, remaining 12.26 s)
9700000 of 30000000 tuples (32%) done (elapsed 5.83 s, remaining 12.21 s)
9800000 of 30000000 tuples (32%) done (elapsed 5.89 s, remaining 12.14 s)
9900000 of 30000000 tuples (33%) done (elapsed 5.95 s, remaining 12.08 s)
10000000 of 30000000 tuples (33%) done (elapsed 6.01 s, remaining 12.02 s)
10100000 of 30000000 tuples (33%) done (elapsed 6.07 s, remaining 11.96 s)
10200000 of 30000000 tuples (34%) done (elapsed 6.13 s, remaining 11.90 s)
10300000 of 30000000 tuples (34%) done (elapsed 6.19 s, remaining 11.85 s)
10400000 of 30000000 tuples (34%) done (elapsed 6.25 s, remaining 11.79 s)
10500000 of 30000000 tuples (35%) done (elapsed 6.31 s, remaining 11.73 s)
10600000 of 30000000 tuples (35%) done (elapsed 6.37 s, remaining 11.66 s)
10700000 of 30000000 tuples (35%) done (elapsed 6.44 s, remaining 11.61 s)
10800000 of 30000000 tuples (36%) done (elapsed 6.50 s, remaining 11.55 s)
10900000 of 30000000 tuples (36%) done (elapsed 6.56 s, remaining 11.49 s)
11000000 of 30000000 tuples (36%) done (elapsed 6.62 s, remaining 11.43 s)
11100000 of 30000000 tuples (37%) done (elapsed 6.68 s, remaining 11.37 s)
11200000 of 30000000 tuples (37%) done (elapsed 6.74 s, remaining 11.31 s)
11300000 of 30000000 tuples (37%) done (elapsed 6.80 s, remaining 11.25 s)
11400000 of 30000000 tuples (38%) done (elapsed 6.86 s, remaining 11.19 s)
11500000 of 30000000 tuples (38%) done (elapsed 6.92 s, remaining 11.13 s)
11600000 of 30000000 tuples (38%) done (elapsed 6.98 s, remaining 11.07 s)
11700000 of 30000000 tuples (39%) done (elapsed 7.04 s, remaining 11.01 s)
11800000 of 30000000 tuples (39%) done (elapsed 7.10 s, remaining 10.95 s)
11900000 of 30000000 tuples (39%) done (elapsed 7.16 s, remaining 10.90 s)
12000000 of 30000000 tuples (40%) done (elapsed 7.22 s, remaining 10.83 s)
12100000 of 30000000 tuples (40%) done (elapsed 7.28 s, remaining 10.77 s)
12200000 of 30000000 tuples (40%) done (elapsed 7.34 s, remaining 10.71 s)
12300000 of 30000000 tuples (41%) done (elapsed 7.41 s, remaining 10.66 s)
12400000 of 30000000 tuples (41%) done (elapsed 7.47 s, remaining 10.60 s)
12500000 of 30000000 tuples (41%) done (elapsed 7.53 s, remaining 10.54 s)
12600000 of 30000000 tuples (42%) done (elapsed 7.59 s, remaining 10.47 s)
12700000 of 30000000 tuples (42%) done (elapsed 7.65 s, remaining 10.42 s)
12800000 of 30000000 tuples (42%) done (elapsed 7.71 s, remaining 10.36 s)
12900000 of 30000000 tuples (43%) done (elapsed 7.77 s, remaining 10.30 s)
13000000 of 30000000 tuples (43%) done (elapsed 7.83 s, remaining 10.24 s)
13100000 of 30000000 tuples (43%) done (elapsed 7.89 s, remaining 10.18 s)
13200000 of 30000000 tuples (44%) done (elapsed 7.95 s, remaining 10.12 s)
13300000 of 30000000 tuples (44%) done (elapsed 8.01 s, remaining 10.06 s)
13400000 of 30000000 tuples (44%) done (elapsed 8.08 s, remaining 10.00 s)
13500000 of 30000000 tuples (45%) done (elapsed 8.14 s, remaining 9.94 s)
13600000 of 30000000 tuples (45%) done (elapsed 8.19 s, remaining 9.88 s)
13700000 of 30000000 tuples (45%) done (elapsed 8.25 s, remaining 9.82 s)
13800000 of 30000000 tuples (46%) done (elapsed 8.32 s, remaining 9.76 s)
13900000 of 30000000 tuples (46%) done (elapsed 8.38 s, remaining 9.70 s)
14000000 of 30000000 tuples (46%) done (elapsed 8.44 s, remaining 9.64 s)
14100000 of 30000000 tuples (47%) done (elapsed 8.50 s, remaining 9.58 s)
14200000 of 30000000 tuples (47%) done (elapsed 8.56 s, remaining 9.53 s)
14300000 of 30000000 tuples (47%) done (elapsed 8.62 s, remaining 9.46 s)
14400000 of 30000000 tuples (48%) done (elapsed 8.68 s, remaining 9.40 s)
14500000 of 30000000 tuples (48%) done (elapsed 8.74 s, remaining 9.34 s)
14600000 of 30000000 tuples (48%) done (elapsed 8.80 s, remaining 9.29 s)
14700000 of 30000000 tuples (49%) done (elapsed 8.86 s, remaining 9.22 s)
14800000 of 30000000 tuples (49%) done (elapsed 8.92 s, remaining 9.16 s)
14900000 of 30000000 tuples (49%) done (elapsed 8.98 s, remaining 9.10 s)
15000000 of 30000000 tuples (50%) done (elapsed 9.05 s, remaining 9.05 s)
15100000 of 30000000 tuples (50%) done (elapsed 9.11 s, remaining 8.98 s)
15200000 of 30000000 tuples (50%) done (elapsed 9.17 s, remaining 8.92 s)
15300000 of 30000000 tuples (51%) done (elapsed 9.22 s, remaining 8.86 s)
15400000 of 30000000 tuples (51%) done (elapsed 9.29 s, remaining 8.81 s)
15500000 of 30000000 tuples (51%) done (elapsed 9.35 s, remaining 8.74 s)
15600000 of 30000000 tuples (52%) done (elapsed 9.41 s, remaining 8.68 s)
15700000 of 30000000 tuples (52%) done (elapsed 9.53 s, remaining 8.68 s)
15800000 of 30000000 tuples (52%) done (elapsed 9.61 s, remaining 8.63 s)
15900000 of 30000000 tuples (53%) done (elapsed 9.67 s, remaining 8.57 s)
16000000 of 30000000 tuples (53%) done (elapsed 9.73 s, remaining 8.51 s)
16100000 of 30000000 tuples (53%) done (elapsed 9.79 s, remaining 8.45 s)
16200000 of 30000000 tuples (54%) done (elapsed 9.85 s, remaining 8.39 s)
16300000 of 30000000 tuples (54%) done (elapsed 9.91 s, remaining 8.33 s)
16400000 of 30000000 tuples (54%) done (elapsed 9.97 s, remaining 8.27 s)
16500000 of 30000000 tuples (55%) done (elapsed 10.03 s, remaining 8.21 s)
16600000 of 30000000 tuples (55%) done (elapsed 10.09 s, remaining 8.15 s)
16700000 of 30000000 tuples (55%) done (elapsed 10.15 s, remaining 8.09 s)
16800000 of 30000000 tuples (56%) done (elapsed 10.21 s, remaining 8.02 s)
16900000 of 30000000 tuples (56%) done (elapsed 10.28 s, remaining 7.96 s)
17000000 of 30000000 tuples (56%) done (elapsed 10.34 s, remaining 7.90 s)
17100000 of 30000000 tuples (57%) done (elapsed 10.39 s, remaining 7.84 s)
17200000 of 30000000 tuples (57%) done (elapsed 10.45 s, remaining 7.78 s)
17300000 of 30000000 tuples (57%) done (elapsed 10.52 s, remaining 7.72 s)
17400000 of 30000000 tuples (58%) done (elapsed 10.58 s, remaining 7.66 s)
17500000 of 30000000 tuples (58%) done (elapsed 10.64 s, remaining 7.60 s)
17600000 of 30000000 tuples (58%) done (elapsed 10.70 s, remaining 7.54 s)
17700000 of 30000000 tuples (59%) done (elapsed 10.76 s, remaining 7.48 s)
17800000 of 30000000 tuples (59%) done (elapsed 10.82 s, remaining 7.42 s)
17900000 of 30000000 tuples (59%) done (elapsed 10.88 s, remaining 7.35 s)
18000000 of 30000000 tuples (60%) done (elapsed 10.94 s, remaining 7.29 s)
18100000 of 30000000 tuples (60%) done (elapsed 11.00 s, remaining 7.24 s)
18200000 of 30000000 tuples (60%) done (elapsed 11.06 s, remaining 7.17 s)
18300000 of 30000000 tuples (61%) done (elapsed 11.12 s, remaining 7.11 s)
18400000 of 30000000 tuples (61%) done (elapsed 11.18 s, remaining 7.05 s)
18500000 of 30000000 tuples (61%) done (elapsed 11.25 s, remaining 6.99 s)
18600000 of 30000000 tuples (62%) done (elapsed 11.31 s, remaining 6.93 s)
18700000 of 30000000 tuples (62%) done (elapsed 11.37 s, remaining 6.87 s)
18800000 of 30000000 tuples (62%) done (elapsed 11.43 s, remaining 6.81 s)
18900000 of 30000000 tuples (63%) done (elapsed 11.49 s, remaining 6.75 s)
19000000 of 30000000 tuples (63%) done (elapsed 11.55 s, remaining 6.69 s)
19100000 of 30000000 tuples (63%) done (elapsed 11.61 s, remaining 6.63 s)
19200000 of 30000000 tuples (64%) done (elapsed 11.67 s, remaining 6.57 s)
19300000 of 30000000 tuples (64%) done (elapsed 11.73 s, remaining 6.51 s)
19400000 of 30000000 tuples (64%) done (elapsed 11.79 s, remaining 6.44 s)
19500000 of 30000000 tuples (65%) done (elapsed 11.85 s, remaining 6.38 s)
19600000 of 30000000 tuples (65%) done (elapsed 11.92 s, remaining 6.32 s)
19700000 of 30000000 tuples (65%) done (elapsed 11.98 s, remaining 6.26 s)
19800000 of 30000000 tuples (66%) done (elapsed 12.04 s, remaining 6.20 s)
19900000 of 30000000 tuples (66%) done (elapsed 12.10 s, remaining 6.14 s)
20000000 of 30000000 tuples (66%) done (elapsed 12.16 s, remaining 6.08 s)
20100000 of 30000000 tuples (67%) done (elapsed 12.22 s, remaining 6.02 s)
20200000 of 30000000 tuples (67%) done (elapsed 12.28 s, remaining 5.96 s)
20300000 of 30000000 tuples (67%) done (elapsed 12.34 s, remaining 5.90 s)
20400000 of 30000000 tuples (68%) done (elapsed 12.40 s, remaining 5.84 s)
20500000 of 30000000 tuples (68%) done (elapsed 12.46 s, remaining 5.78 s)
20600000 of 30000000 tuples (68%) done (elapsed 12.52 s, remaining 5.71 s)
20700000 of 30000000 tuples (69%) done (elapsed 12.58 s, remaining 5.65 s)
20800000 of 30000000 tuples (69%) done (elapsed 12.65 s, remaining 5.59 s)
20900000 of 30000000 tuples (69%) done (elapsed 12.71 s, remaining 5.53 s)
21000000 of 30000000 tuples (70%) done (elapsed 12.77 s, remaining 5.47 s)
21100000 of 30000000 tuples (70%) done (elapsed 12.83 s, remaining 5.41 s)
21200000 of 30000000 tuples (70%) done (elapsed 12.89 s, remaining 5.35 s)
21300000 of 30000000 tuples (71%) done (elapsed 12.95 s, remaining 5.29 s)
21400000 of 30000000 tuples (71%) done (elapsed 13.01 s, remaining 5.23 s)
21500000 of 30000000 tuples (71%) done (elapsed 13.07 s, remaining 5.17 s)
21600000 of 30000000 tuples (72%) done (elapsed 13.13 s, remaining 5.11 s)
21700000 of 30000000 tuples (72%) done (elapsed 13.19 s, remaining 5.05 s)
21800000 of 30000000 tuples (72%) done (elapsed 13.25 s, remaining 4.98 s)
21900000 of 30000000 tuples (73%) done (elapsed 13.32 s, remaining 4.93 s)
22000000 of 30000000 tuples (73%) done (elapsed 13.38 s, remaining 4.86 s)
22100000 of 30000000 tuples (73%) done (elapsed 13.43 s, remaining 4.80 s)
22200000 of 30000000 tuples (74%) done (elapsed 13.49 s, remaining 4.74 s)
22300000 of 30000000 tuples (74%) done (elapsed 13.56 s, remaining 4.68 s)
22400000 of 30000000 tuples (74%) done (elapsed 13.62 s, remaining 4.62 s)
22500000 of 30000000 tuples (75%) done (elapsed 13.68 s, remaining 4.56 s)
22600000 of 30000000 tuples (75%) done (elapsed 13.74 s, remaining 4.50 s)
22700000 of 30000000 tuples (75%) done (elapsed 13.80 s, remaining 4.44 s)
22800000 of 30000000 tuples (76%) done (elapsed 13.86 s, remaining 4.38 s)
22900000 of 30000000 tuples (76%) done (elapsed 13.92 s, remaining 4.32 s)
23000000 of 30000000 tuples (76%) done (elapsed 13.98 s, remaining 4.25 s)
23100000 of 30000000 tuples (77%) done (elapsed 14.04 s, remaining 4.19 s)
23200000 of 30000000 tuples (77%) done (elapsed 14.10 s, remaining 4.13 s)
23300000 of 30000000 tuples (77%) done (elapsed 14.16 s, remaining 4.07 s)
23400000 of 30000000 tuples (78%) done (elapsed 14.22 s, remaining 4.01 s)
23500000 of 30000000 tuples (78%) done (elapsed 14.28 s, remaining 3.95 s)
23600000 of 30000000 tuples (78%) done (elapsed 14.34 s, remaining 3.89 s)
23700000 of 30000000 tuples (79%) done (elapsed 14.40 s, remaining 3.83 s)
23800000 of 30000000 tuples (79%) done (elapsed 14.46 s, remaining 3.77 s)
23900000 of 30000000 tuples (79%) done (elapsed 14.53 s, remaining 3.71 s)
24000000 of 30000000 tuples (80%) done (elapsed 14.59 s, remaining 3.65 s)
24100000 of 30000000 tuples (80%) done (elapsed 14.65 s, remaining 3.59 s)
24200000 of 30000000 tuples (80%) done (elapsed 14.71 s, remaining 3.52 s)
24300000 of 30000000 tuples (81%) done (elapsed 14.77 s, remaining 3.46 s)
24400000 of 30000000 tuples (81%) done (elapsed 14.83 s, remaining 3.40 s)
24500000 of 30000000 tuples (81%) done (elapsed 14.89 s, remaining 3.34 s)
24600000 of 30000000 tuples (82%) done (elapsed 14.95 s, remaining 3.28 s)
24700000 of 30000000 tuples (82%) done (elapsed 15.01 s, remaining 3.22 s)
24800000 of 30000000 tuples (82%) done (elapsed 15.07 s, remaining 3.16 s)
24900000 of 30000000 tuples (83%) done (elapsed 15.13 s, remaining 3.10 s)
25000000 of 30000000 tuples (83%) done (elapsed 15.19 s, remaining 3.04 s)
25100000 of 30000000 tuples (83%) done (elapsed 15.26 s, remaining 2.98 s)
25200000 of 30000000 tuples (84%) done (elapsed 15.32 s, remaining 2.92 s)
25300000 of 30000000 tuples (84%) done (elapsed 15.38 s, remaining 2.86 s)
25400000 of 30000000 tuples (84%) done (elapsed 15.44 s, remaining 2.80 s)
25500000 of 30000000 tuples (85%) done (elapsed 15.50 s, remaining 2.74 s)
25600000 of 30000000 tuples (85%) done (elapsed 15.56 s, remaining 2.67 s)
25700000 of 30000000 tuples (85%) done (elapsed 15.62 s, remaining 2.61 s)
25800000 of 30000000 tuples (86%) done (elapsed 15.69 s, remaining 2.55 s)
25900000 of 30000000 tuples (86%) done (elapsed 15.75 s, remaining 2.49 s)
26000000 of 30000000 tuples (86%) done (elapsed 15.81 s, remaining 2.43 s)
26100000 of 30000000 tuples (87%) done (elapsed 15.87 s, remaining 2.37 s)
26200000 of 30000000 tuples (87%) done (elapsed 15.93 s, remaining 2.31 s)
26300000 of 30000000 tuples (87%) done (elapsed 15.99 s, remaining 2.25 s)
26400000 of 30000000 tuples (88%) done (elapsed 16.05 s, remaining 2.19 s)
26500000 of 30000000 tuples (88%) done (elapsed 16.11 s, remaining 2.13 s)
26600000 of 30000000 tuples (88%) done (elapsed 16.17 s, remaining 2.07 s)
26700000 of 30000000 tuples (89%) done (elapsed 16.23 s, remaining 2.01 s)
26800000 of 30000000 tuples (89%) done (elapsed 16.29 s, remaining 1.95 s)
26900000 of 30000000 tuples (89%) done (elapsed 16.35 s, remaining 1.88 s)
27000000 of 30000000 tuples (90%) done (elapsed 16.42 s, remaining 1.82 s)
27100000 of 30000000 tuples (90%) done (elapsed 16.48 s, remaining 1.76 s)
27200000 of 30000000 tuples (90%) done (elapsed 16.54 s, remaining 1.70 s)
27300000 of 30000000 tuples (91%) done (elapsed 16.60 s, remaining 1.64 s)
27400000 of 30000000 tuples (91%) done (elapsed 16.66 s, remaining 1.58 s)
27500000 of 30000000 tuples (91%) done (elapsed 16.72 s, remaining 1.52 s)
27600000 of 30000000 tuples (92%) done (elapsed 16.78 s, remaining 1.46 s)
27700000 of 30000000 tuples (92%) done (elapsed 16.84 s, remaining 1.40 s)
27800000 of 30000000 tuples (92%) done (elapsed 16.90 s, remaining 1.34 s)
27900000 of 30000000 tuples (93%) done (elapsed 16.96 s, remaining 1.28 s)
28000000 of 30000000 tuples (93%) done (elapsed 17.02 s, remaining 1.22 s)
28100000 of 30000000 tuples (93%) done (elapsed 17.08 s, remaining 1.16 s)
28200000 of 30000000 tuples (94%) done (elapsed 17.15 s, remaining 1.09 s)
28300000 of 30000000 tuples (94%) done (elapsed 17.21 s, remaining 1.03 s)
28400000 of 30000000 tuples (94%) done (elapsed 17.27 s, remaining 0.97 s)
28500000 of 30000000 tuples (95%) done (elapsed 17.33 s, remaining 0.91 s)
28600000 of 30000000 tuples (95%) done (elapsed 17.39 s, remaining 0.85 s)
28700000 of 30000000 tuples (95%) done (elapsed 17.46 s, remaining 0.79 s)
28800000 of 30000000 tuples (96%) done (elapsed 17.52 s, remaining 0.73 s)
28900000 of 30000000 tuples (96%) done (elapsed 17.58 s, remaining 0.67 s)
29000000 of 30000000 tuples (96%) done (elapsed 17.64 s, remaining 0.61 s)
29100000 of 30000000 tuples (97%) done (elapsed 17.70 s, remaining 0.55 s)
29200000 of 30000000 tuples (97%) done (elapsed 17.76 s, remaining 0.49 s)
29300000 of 30000000 tuples (97%) done (elapsed 17.83 s, remaining 0.43 s)
29400000 of 30000000 tuples (98%) done (elapsed 17.89 s, remaining 0.37 s)
29500000 of 30000000 tuples (98%) done (elapsed 17.95 s, remaining 0.30 s)
29600000 of 30000000 tuples (98%) done (elapsed 18.01 s, remaining 0.24 s)
29700000 of 30000000 tuples (99%) done (elapsed 18.07 s, remaining 0.18 s)
29800000 of 30000000 tuples (99%) done (elapsed 18.13 s, remaining 0.12 s)
29900000 of 30000000 tuples (99%) done (elapsed 18.19 s, remaining 0.06 s)
30000000 of 30000000 tuples (100%) done (elapsed 18.25 s, remaining 0.00 s)
vacuum...
set primary keys...
NOTICE:  ALTER TABLE / ADD PRIMARY KEY will create implicit index "pgbench_branches_pkey" for table "pgbench_branches"
NOTICE:  ALTER TABLE / ADD PRIMARY KEY will create implicit index "pgbench_tellers_pkey" for table "pgbench_tellers"
NOTICE:  ALTER TABLE / ADD PRIMARY KEY will create implicit index "pgbench_accounts_pkey" for table "pgbench_accounts"
done.
starting vacuum...end.
transaction type: <builtin: TPC-B (sort of)>
scaling factor: 300
query mode: simple
number of clients: 32
number of threads: 4
duration: 60 s
number of transactions actually processed: 10283
latency average: 186.716 ms
tps = 171.319956 (including connections establishing)
tps = 171.325334 (excluding connections establishing)
script statistics:
 - statement latencies in milliseconds:
         0.002  \set aid random(1, 100000 * :scale)
         0.001  \set bid random(1, 1 * :scale)
         0.000  \set tid random(1, 10 * :scale)
         0.000  \set delta random(-5000, 5000)
         0.296  BEGIN;
         0.698  UPDATE pgbench_accounts SET abalance = abalance + :delta WHERE aid = :aid;
         0.344  SELECT abalance FROM pgbench_accounts WHERE aid = :aid;
         1.062  UPDATE pgbench_tellers SET tbalance = tbalance + :delta WHERE tid = :tid;
        10.147  UPDATE pgbench_branches SET bbalance = bbalance + :delta WHERE bid = :bid;
         0.224  INSERT INTO pgbench_history (tid, bid, aid, delta, mtime) VALUES (:tid, :bid, :aid, :delta, CURRENT_TIMESTAMP);
       174.710  END;
starting vacuum...end.
transaction type: <builtin: TPC-B (sort of)>
scaling factor: 300
query mode: simple
number of clients: 32
number of threads: 4
duration: 60 s
number of transactions actually processed: 8055
latency average: 238.361 ms
tps = 134.042705 (including connections establishing)
tps = 134.047033 (excluding connections establishing)
script statistics:
 - statement latencies in milliseconds:
         0.002  \set aid random(1, 100000 * :scale)
         0.001  \set bid random(1, 1 * :scale)
         0.001  \set tid random(1, 10 * :scale)
         0.001  \set delta random(-5000, 5000)
         0.164  BEGIN;
        98.020  UPDATE pgbench_accounts SET abalance = abalance + :delta WHERE aid = :aid;
         0.164  SELECT abalance FROM pgbench_accounts WHERE aid = :aid;
         0.921  UPDATE pgbench_tellers SET tbalance = tbalance + :delta WHERE tid = :tid;
         4.431  UPDATE pgbench_branches SET bbalance = bbalance + :delta WHERE bid = :bid;
         0.328  INSERT INTO pgbench_history (tid, bid, aid, delta, mtime) VALUES (:tid, :bid, :aid, :delta, CURRENT_TIMESTAMP);
       134.975  END;
starting vacuum...end.
transaction type: <builtin: TPC-B (sort of)>
scaling factor: 300
query mode: simple
number of clients: 32
number of threads: 4
duration: 60 s
number of transactions actually processed: 8021
latency average: 239.372 ms
tps = 133.110523 (including connections establishing)
tps = 133.115117 (excluding connections establishing)
script statistics:
 - statement latencies in milliseconds:
         0.002  \set aid random(1, 100000 * :scale)
         0.001  \set bid random(1, 1 * :scale)
         0.001  \set tid random(1, 10 * :scale)
         0.001  \set delta random(-5000, 5000)
         0.160  BEGIN;
        95.150  UPDATE pgbench_accounts SET abalance = abalance + :delta WHERE aid = :aid;
         0.160  SELECT abalance FROM pgbench_accounts WHERE aid = :aid;
         0.761  UPDATE pgbench_tellers SET tbalance = tbalance + :delta WHERE tid = :tid;
         6.216  UPDATE pgbench_branches SET bbalance = bbalance + :delta WHERE bid = :bid;
         0.371  INSERT INTO pgbench_history (tid, bid, aid, delta, mtime) VALUES (:tid, :bid, :aid, :delta, CURRENT_TIMESTAMP);
       137.554  END;
starting vacuum...end.
transaction type: <builtin: TPC-B (sort of)>
scaling factor: 300
query mode: simple
number of clients: 32
number of threads: 4
duration: 900 s
number of transactions actually processed: 69958
latency average: 411.676 ms
tps = 77.706679 (including connections establishing)
tps = 77.706845 (excluding connections establishing)
script statistics:
 - statement latencies in milliseconds:
         0.002  \set aid random(1, 100000 * :scale)
         0.001  \set bid random(1, 1 * :scale)
         0.001  \set tid random(1, 10 * :scale)
         0.001  \set delta random(-5000, 5000)
         0.164  BEGIN;
       125.091  UPDATE pgbench_accounts SET abalance = abalance + :delta WHERE aid = :aid;
         0.162  SELECT abalance FROM pgbench_accounts WHERE aid = :aid;
         1.325  UPDATE pgbench_tellers SET tbalance = tbalance + :delta WHERE tid = :tid;
        11.715  UPDATE pgbench_branches SET bbalance = bbalance + :delta WHERE bid = :bid;
         0.215  INSERT INTO pgbench_history (tid, bid, aid, delta, mtime) VALUES (:tid, :bid, :aid, :delta, CURRENT_TIMESTAMP);
       273.771  END;
========================================================================
Testing 2015-10-05-REL9_2_14
Start Time: 2016-08-01 02:06:32+00:00
Linux 3.16.0-4-amd64 (Debian-83-jessie-64-minimal) 	01.08.16 	_x86_64_	(8 CPU)

starting vacuum...end.
transaction type: <builtin: TPC-B (sort of)>
scaling factor: 300
query mode: simple
number of clients: 32
number of threads: 4
duration: 900 s
number of transactions actually processed: 93289
latency average: 308.718 ms
tps = 103.607900 (including connections establishing)
tps = 103.608119 (excluding connections establishing)
script statistics:
 - statement latencies in milliseconds:
         0.002  \set aid random(1, 100000 * :scale)
         0.001  \set bid random(1, 1 * :scale)
         0.001  \set tid random(1, 10 * :scale)
         0.001  \set delta random(-5000, 5000)
         0.216  BEGIN;
        45.300  UPDATE pgbench_accounts SET abalance = abalance + :delta WHERE aid = :aid;
         0.180  SELECT abalance FROM pgbench_accounts WHERE aid = :aid;
         1.580  UPDATE pgbench_tellers SET tbalance = tbalance + :delta WHERE tid = :tid;
        12.107  UPDATE pgbench_branches SET bbalance = bbalance + :delta WHERE bid = :bid;
         0.233  INSERT INTO pgbench_history (tid, bid, aid, delta, mtime) VALUES (:tid, :bid, :aid, :delta, CURRENT_TIMESTAMP);
       249.666  END;
avg-cpu:  %user   %nice %system %iowait  %steal   %idle
           1,09    0,00    0,39   37,21    0,00   61,31

Device:         rrqm/s   wrqm/s     r/s     w/s    rkB/s    wkB/s avgrq-sz avgqu-sz   await r_await w_await  svctm  %util
sdb               0,00     1,77   22,20  160,58   228,61  2764,41    32,75    83,19  454,52   85,41  505,55   4,19  76,54
sda               0,01     1,76   46,94  160,56   490,38  2764,27    31,37    81,65  392,93   66,37  488,40   4,15  86,11
md0               0,00     0,00    0,08    0,00     0,31     0,00     8,00     0,00    0,00    0,00    0,00   0,00   0,00
md1               0,00     0,00    0,00    0,00     0,00     0,00     0,00     0,00    0,00    0,00    0,00   0,00   0,00
md2               0,00     0,00   69,07  162,04   718,68  2765,66    30,15     0,00    0,00    0,00    0,00   0,00   0,00
md3               0,00     0,00    0,00    0,01     0,00     0,04     8,00     0,00    0,00    0,00    0,00   0,00   0,00

End Time: 2016-08-01 02:22:02+00:00
========================================================================
========================================================================
Testing 2015-10-05-REL9_2_14
Start Time: 2016-08-05 01:19:07+00:00
Shared Buffers:  1048576
Linux 3.16.0-4-amd64 (Debian-83-jessie-64-minimal) 	05.08.16 	_x86_64_	(8 CPU)

starting vacuum...end.
transaction type: <builtin: TPC-B (sort of)>
scaling factor: 300
query mode: simple
number of clients: 32
number of threads: 4
duration: 900 s
number of transactions actually processed: 197953
latency average: 145.489 ms
tps = 219.836686 (including connections establishing)
tps = 219.837164 (excluding connections establishing)
script statistics:
 - statement latencies in milliseconds:
         0.002  \set aid random(1, 100000 * :scale)
         0.001  \set bid random(1, 1 * :scale)
         0.001  \set tid random(1, 10 * :scale)
         0.001  \set delta random(-5000, 5000)
         0.222  BEGIN;
         8.301  UPDATE pgbench_accounts SET abalance = abalance + :delta WHERE aid = :aid;
         0.261  SELECT abalance FROM pgbench_accounts WHERE aid = :aid;
         0.935  UPDATE pgbench_tellers SET tbalance = tbalance + :delta WHERE tid = :tid;
         6.794  UPDATE pgbench_branches SET bbalance = bbalance + :delta WHERE bid = :bid;
         0.174  INSERT INTO pgbench_history (tid, bid, aid, delta, mtime) VALUES (:tid, :bid, :aid, :delta, CURRENT_TIMESTAMP);
       129.294  END;
avg-cpu:  %user   %nice %system %iowait  %steal   %idle
           2,24    0,00    0,71   18,31    0,00   78,74

Device:         rrqm/s   wrqm/s     r/s     w/s    rkB/s    wkB/s avgrq-sz avgqu-sz   await r_await w_await  svctm  %util
sdb               0,00     1,79   12,59  262,82   144,46  5202,69    38,83    57,31  207,62   43,06  215,51   2,45  67,40
sda               0,01     1,78   56,40  262,87   685,78  5203,11    36,89    50,50  157,82   36,43  183,87   2,82  89,96
md0               0,00     0,00    0,27    0,00     1,07     0,00     8,00     0,00    0,00    0,00    0,00   0,00   0,00
md1               0,00     0,00    0,00    0,00     0,00     0,00     0,00     0,00    0,00    0,00    0,00   0,00   0,00
md2               0,00     0,00   68,74  267,22   829,17  5235,72    36,10     0,00    0,00    0,00    0,00   0,00   0,00
md3               0,00     0,00    0,00    0,01     0,00     0,04     8,00     0,00    0,00    0,00    0,00   0,00   0,00

End Time: 2016-08-05 01:34:37+00:00
========================================================================
========================================================================
Testing 2015-10-05-REL9_2_14
Start Time: 2016-08-06 13:15:28+00:00
Shared Buffers:  260000
Linux 3.16.0-4-amd64 (Debian-83-jessie-64-minimal) 	06.08.16 	_x86_64_	(8 CPU)

starting vacuum...end.
transaction type: <builtin: TPC-B (sort of)>
scaling factor: 300
query mode: simple
number of clients: 32
number of threads: 4
duration: 900 s
number of transactions actually processed: 223994
latency average: 128.575 ms
tps = 248.488638 (including connections establishing)
tps = 248.489203 (excluding connections establishing)
script statistics:
 - statement latencies in milliseconds:
         0.001  \set aid random(1, 100000 * :scale)
         0.001  \set bid random(1, 1 * :scale)
         0.001  \set tid random(1, 10 * :scale)
         0.001  \set delta random(-5000, 5000)
         0.278  BEGIN;
         1.587  UPDATE pgbench_accounts SET abalance = abalance + :delta WHERE aid = :aid;
         0.362  SELECT abalance FROM pgbench_accounts WHERE aid = :aid;
         0.983  UPDATE pgbench_tellers SET tbalance = tbalance + :delta WHERE tid = :tid;
         6.543  UPDATE pgbench_branches SET bbalance = bbalance + :delta WHERE bid = :bid;
         0.231  INSERT INTO pgbench_history (tid, bid, aid, delta, mtime) VALUES (:tid, :bid, :aid, :delta, CURRENT_TIMESTAMP);
       119.400  END;
avg-cpu:  %user   %nice %system %iowait  %steal   %idle
           2,40    0,00    0,66   10,85    0,00   86,10

Device:         rrqm/s   wrqm/s     r/s     w/s    rkB/s    wkB/s avgrq-sz avgqu-sz   await r_await w_await  svctm  %util
sdb               0,00     1,77    2,15  283,73    24,43  4927,72    34,64    75,62  264,51   57,13  266,08   2,61  74,64
sda               0,02     1,76   11,57  283,74   130,55  4927,72    34,26    55,31  187,28   31,64  193,62   2,67  78,76
md0               0,00     0,00    0,03    0,00     0,12     0,00     8,00     0,00    0,00    0,00    0,00   0,00   0,00
md1               0,00     0,00    0,00    0,00     0,00     0,00     0,00     0,00    0,00    0,00    0,00   0,00   0,00
md2               0,00     0,00   13,70  284,59   154,82  4925,45    34,06     0,00    0,00    0,00    0,00   0,00   0,00
md3               0,00     0,00    0,00    0,01     0,00     0,04     8,00     0,00    0,00    0,00    0,00   0,00   0,00

Control File Changes
--- /usr/local/oldpgsql/2015-10-05-REL9_2_14/before.controldata	2016-08-06 15:15:28.570776474 +0200
+++ /usr/local/oldpgsql/2015-10-05-REL9_2_14/after.controldata	2016-08-06 15:31:43.967050182 +0200
@@ -2,20 +2,20 @@
 Catalog version number:               201204301
 Database system identifier:           6255481196471381825
 Database cluster state:               in production
-pg_control last modified:             сб, 06-сер-2016 15:15:28 +0200
-Latest checkpoint location:           1/FABDAD08
-Prior checkpoint location:            1/FABDACA8
-Latest checkpoint's REDO location:    1/FABDAD08
+pg_control last modified:             сб, 06-сер-2016 15:31:43 +0200
+Latest checkpoint location:           2/8B67D628
+Prior checkpoint location:            2/8B67D5C8
+Latest checkpoint's REDO location:    2/8B67D628
 Latest checkpoint's TimeLineID:       1
 Latest checkpoint's full_page_writes: on
-Latest checkpoint's NextXID:          0/412744
-Latest checkpoint's NextOID:          16465
+Latest checkpoint's NextXID:          0/636778
+Latest checkpoint's NextOID:          24657
 Latest checkpoint's NextMultiXactId:  1
 Latest checkpoint's NextMultiOffset:  0
 Latest checkpoint's oldestXID:        698
 Latest checkpoint's oldestXID's DB:   1
 Latest checkpoint's oldestActiveXID:  0
-Time of latest checkpoint:            сб, 06-сер-2016 15:15:28 +0200
+Time of latest checkpoint:            сб, 06-сер-2016 15:30:58 +0200
 Minimum recovery ending location:     0/0
 Backup start location:                0/0
 Backup end location:                  0/0
End Time: 2016-08-06 13:31:43+00:00
========================================================================
========================================================================
Testing 2015-10-05-REL9_2_14
Start Time: 2016-08-09 09:10:58+00:00
Shared Buffers:  260000
size before pgbench of pgbench_history: 24
size before pgbench of pgbench_tellers: 8
size before pgbench of pgbench_branches: 8
size before pgbench of pgbench_accounts: 64
size before pgbench of pgbench_branches_pkey: 32
size before pgbench of pgbench_tellers_pkey: 152
size before pgbench of pgbench_accounts_pkey: 658092
total size before pgbench: 658380
Linux 3.16.0-4-amd64 (Debian-83-jessie-64-minimal) 	09.08.16 	_x86_64_	(8 CPU)

starting vacuum...end.
transaction type: <builtin: select only>
scaling factor: 300
query mode: simple
number of clients: 32
number of threads: 4
duration: 60 s
number of transactions actually processed: 5249772
latency average: 0.366 ms
tps = 87438.401759 (including connections establishing)
tps = 87442.184503 (excluding connections establishing)
script statistics:
 - statement latencies in milliseconds:
         0.001  \set aid random(1, 100000 * :scale)
         0.365  SELECT abalance FROM pgbench_accounts WHERE aid = :aid;
avg-cpu:  %user   %nice %system %iowait  %steal   %idle
          52,57    0,00   10,98    3,03    0,00   33,42

Device:         rrqm/s   wrqm/s     r/s     w/s    rkB/s    wkB/s avgrq-sz avgqu-sz   await r_await w_await  svctm  %util
sdb               0,26     1,16   22,96    2,67   224,22    16,73    18,81     2,73  106,36  114,45   36,68   4,98  12,76
sda               1,34     1,16   26,99    2,67   260,27    16,73    18,68     1,34   45,28   46,54   32,43   4,70  13,94
md0               0,00     0,00    3,31    0,00    13,24     0,00     8,00     0,00    0,00    0,00    0,00   0,00   0,00
md1               0,00     0,00    0,00    0,00     0,00     0,00     0,00     0,00    0,00    0,00    0,00   0,00   0,00
md2               0,00     0,00   48,23    2,26   471,24    13,24    19,19     0,00    0,00    0,00    0,00   0,00   0,00
md3               0,00     0,00    0,00    0,10     0,00     0,40     8,00     0,00    0,00    0,00    0,00   0,00   0,00

Control File Changes
--- /usr/local/oldpgsql/2015-10-05-REL9_2_14/before.controldata	2016-08-09 11:13:35.670430566 +0200
+++ /usr/local/oldpgsql/2015-10-05-REL9_2_14/after.controldata	2016-08-09 11:15:05.942745621 +0200
@@ -5,4 +5,4 @@
-pg_control last modified:             Tue Aug  9 09:13:35 2016
-Latest checkpoint location:           2/E1FE44E0
-Prior checkpoint location:            2/DE8998B8
-Latest checkpoint's REDO location:    2/E1FE44E0
+pg_control last modified:             Tue Aug  9 09:15:05 2016
+Latest checkpoint location:           2/E1FEA700
+Prior checkpoint location:            2/E1FE44E0
+Latest checkpoint's REDO location:    2/E1FEA700
@@ -11,2 +11,2 @@
-Latest checkpoint's NextXID:          0/636778
-Latest checkpoint's NextOID:          16466
+Latest checkpoint's NextXID:          0/636779
+Latest checkpoint's NextOID:          24658
@@ -18 +18 @@
-Time of latest checkpoint:            Tue Aug  9 09:13:34 2016
+Time of latest checkpoint:            Tue Aug  9 09:15:05 2016
size after pgbench of pgbench_history: 0
size after pgbench of pgbench_tellers: 8
size after pgbench of pgbench_branches: 8
size after pgbench of pgbench_accounts: 64
size after pgbench of pgbench_branches_pkey: 32
size after pgbench of pgbench_tellers_pkey: 152
size after pgbench of pgbench_accounts_pkey: 658092
total size after pgbench: 658356
End Time: 2016-08-09 09:15:06+00:00
========================================================================
========================================================================
Testing 2015-10-05-REL9_2_14
Start Time: 2016-08-10 03:39:33+00:00
Shared Buffers:  260000
size before pgbench of pgbench_history: 0
size before pgbench of pgbench_tellers: 8
size before pgbench of pgbench_branches: 8
size before pgbench of pgbench_accounts: 64
size before pgbench of pgbench_branches_pkey: 32
size before pgbench of pgbench_tellers_pkey: 152
size before pgbench of pgbench_accounts_pkey: 658092
total size before pgbench: 658356
Linux 3.16.0-4-amd64 (Debian-83-jessie-64-minimal) 	10.08.16 	_x86_64_	(8 CPU)

starting vacuum...end.
transaction type: <builtin: select only>
scaling factor: 300
query mode: simple
number of clients: 32
number of threads: 4
duration: 60 s
number of transactions actually processed: 5303873
latency average: 0.362 ms
tps = 88289.330130 (including connections establishing)
tps = 88292.226096 (excluding connections establishing)
script statistics:
 - statement latencies in milliseconds:
         0.001  \set aid random(1, 100000 * :scale)
         0.362  SELECT abalance FROM pgbench_accounts WHERE aid = :aid;
avg-cpu:  %user   %nice %system %iowait  %steal   %idle
          53,62    0,00   10,94    1,90    0,00   33,54

Device:         rrqm/s   wrqm/s     r/s     w/s    rkB/s    wkB/s avgrq-sz avgqu-sz   await r_await w_await  svctm  %util
sdb               0,00     0,81   20,00    2,14   191,51    12,76    18,45     0,97   44,01   46,71   18,84   4,75  10,52
sda               0,18     0,81   25,26    2,14   249,56    12,76    19,15     1,85   67,61   71,76   18,76   4,35  11,92
md0               0,00     0,00    0,27    0,00     1,07     0,00     8,00     0,00    0,00    0,00    0,00   0,00   0,00
md1               0,00     0,00    0,00    0,00     0,00     0,00     0,00     0,00    0,00    0,00    0,00   0,00   0,00
md2               0,00     0,00   45,21    1,49   440,00     9,47    19,25     0,00    0,00    0,00    0,00   0,00   0,00
md3               0,00     0,00    0,00    0,10     0,00     0,40     8,00     0,00    0,00    0,00    0,00   0,00   0,00

Control File Changes
--- /usr/local/oldpgsql/2015-10-05-REL9_2_14/before.controldata	2016-08-10 05:40:46.277748614 +0200
+++ /usr/local/oldpgsql/2015-10-05-REL9_2_14/after.controldata	2016-08-10 05:42:16.721909944 +0200
@@ -5,4 +5,4 @@
-pg_control last modified:             Wed Aug 10 03:40:46 2016
-Latest checkpoint location:           2/E1FEA7C0
-Prior checkpoint location:            2/E1FEA760
-Latest checkpoint's REDO location:    2/E1FEA7C0
+pg_control last modified:             Wed Aug 10 03:42:16 2016
+Latest checkpoint location:           2/E1FEBDA8
+Prior checkpoint location:            2/E1FEA7C0
+Latest checkpoint's REDO location:    2/E1FEBDA8
@@ -11,2 +11,2 @@
-Latest checkpoint's NextXID:          0/636779
-Latest checkpoint's NextOID:          16467
+Latest checkpoint's NextXID:          0/636780
+Latest checkpoint's NextOID:          24659
@@ -18 +18 @@
-Time of latest checkpoint:            Wed Aug 10 03:40:45 2016
+Time of latest checkpoint:            Wed Aug 10 03:42:16 2016
size after pgbench of pgbench_tellers: 8
size after pgbench of pgbench_branches: 8
size after pgbench of pgbench_accounts: 64
size after pgbench of pgbench_branches_pkey: 32
size after pgbench of pgbench_tellers_pkey: 152
size after pgbench of pgbench_accounts_pkey: 658092
size after pgbench of pgbench_history: 0
total size after pgbench: 658356
End Time: 2016-08-10 03:42:16+00:00
========================================================================
========================================================================
Testing 2015-10-05-REL9_2_14
Start Time: 2016-08-11 03:45:10+00:00
Shared Buffers:  260000
size before pgbench of pgbench_tellers: 8
size before pgbench of pgbench_branches: 8
size before pgbench of pgbench_accounts: 64
size before pgbench of pgbench_branches_pkey: 32
size before pgbench of pgbench_tellers_pkey: 152
size before pgbench of pgbench_accounts_pkey: 658092
size before pgbench of pgbench_history: 0
total size before pgbench: 658356
Linux 3.16.0-4-amd64 (Debian-83-jessie-64-minimal) 	11.08.16 	_x86_64_	(8 CPU)

starting vacuum...end.
transaction type: <builtin: select only>
scaling factor: 300
query mode: simple
number of clients: 32
number of threads: 4
duration: 60 s
number of transactions actually processed: 5353700
latency average: 0.359 ms
tps = 89190.850878 (including connections establishing)
tps = 89195.209670 (excluding connections establishing)
script statistics:
 - statement latencies in milliseconds:
         0.001  \set aid random(1, 100000 * :scale)
         0.359  SELECT abalance FROM pgbench_accounts WHERE aid = :aid;
avg-cpu:  %user   %nice %system %iowait  %steal   %idle
          53,65    0,00   10,99    1,79    0,00   33,57

Device:         rrqm/s   wrqm/s     r/s     w/s    rkB/s    wkB/s avgrq-sz avgqu-sz   await r_await w_await  svctm  %util
sdb               0,00     0,87   19,19    2,52   188,40    14,26    18,67     0,76   35,22   37,73   16,14   4,99  10,83
sda               0,14     0,87   25,87    2,52   252,49    14,26    18,79     2,08   73,23   78,85   15,63   4,21  11,96
md0               0,00     0,00    0,21    0,00     0,84     0,00     8,00     0,00    0,00    0,00    0,00   0,00   0,00
md1               0,00     0,00    0,00    0,00     0,00     0,00     0,00     0,00    0,00    0,00    0,00   0,00   0,00
md2               0,00     0,00   44,99    1,77   440,04    10,67    19,28     0,00    0,00    0,00    0,00   0,00   0,00
md3               0,00     0,00    0,00    0,10     0,00     0,40     8,00     0,00    0,00    0,00    0,00   0,00   0,00

Control File Changes
--- /usr/local/oldpgsql/2015-10-05-REL9_2_14/before.controldata	2016-08-11 05:46:23.265476626 +0200
+++ /usr/local/oldpgsql/2015-10-05-REL9_2_14/after.controldata	2016-08-11 05:47:53.713655183 +0200
@@ -5,4 +5,4 @@
-pg_control last modified:             Thu Aug 11 03:46:23 2016
-Latest checkpoint location:           2/E1FEBE68
-Prior checkpoint location:            2/E1FEBE08
-Latest checkpoint's REDO location:    2/E1FEBE68
+pg_control last modified:             Thu Aug 11 03:47:53 2016
+Latest checkpoint location:           2/E1FED510
+Prior checkpoint location:            2/E1FEBE68
+Latest checkpoint's REDO location:    2/E1FED510
@@ -11,2 +11,2 @@
-Latest checkpoint's NextXID:          0/636780
-Latest checkpoint's NextOID:          16468
+Latest checkpoint's NextXID:          0/636781
+Latest checkpoint's NextOID:          24660
@@ -18 +18 @@
-Time of latest checkpoint:            Thu Aug 11 03:46:22 2016
+Time of latest checkpoint:            Thu Aug 11 03:47:53 2016
size after pgbench of pgbench_tellers: 8
size after pgbench of pgbench_branches: 8
size after pgbench of pgbench_accounts: 64
size after pgbench of pgbench_branches_pkey: 32
size after pgbench of pgbench_tellers_pkey: 152
size after pgbench of pgbench_accounts_pkey: 658092
size after pgbench of pgbench_history: 0
total size after pgbench: 658356
End Time: 2016-08-11 03:47:53+00:00
========================================================================
========================================================================
Testing 2015-10-05-REL9_2_14
Start Time: 2016-08-11 20:09:28+00:00
Shared Buffers:  260000
size before pgbench of pgbench_tellers: 8
size before pgbench of pgbench_branches: 8
size before pgbench of pgbench_accounts: 64
size before pgbench of pgbench_branches_pkey: 32
size before pgbench of pgbench_tellers_pkey: 152
size before pgbench of pgbench_accounts_pkey: 658092
size before pgbench of pgbench_history: 0
total size before pgbench: 658356
Linux 3.16.0-4-amd64 (Debian-83-jessie-64-minimal) 	11.08.16 	_x86_64_	(8 CPU)

starting vacuum...end.
transaction type: <builtin: select only>
scaling factor: 300
query mode: simple
number of clients: 32
number of threads: 4
duration: 60 s
number of transactions actually processed: 5338032
latency average: 0.360 ms
tps = 88946.880085 (including connections establishing)
tps = 88950.430666 (excluding connections establishing)
script statistics:
 - statement latencies in milliseconds:
         0.001  \set aid random(1, 100000 * :scale)
         0.360  SELECT abalance FROM pgbench_accounts WHERE aid = :aid;
avg-cpu:  %user   %nice %system %iowait  %steal   %idle
          53,79    0,00   11,09    1,47    0,00   33,65

Device:         rrqm/s   wrqm/s     r/s     w/s    rkB/s    wkB/s avgrq-sz avgqu-sz   await r_await w_await  svctm  %util
sdb               0,86     0,79   21,53    2,14   211,42    12,77    18,94     1,30   54,73   58,18   20,06   4,58  10,84
sda               0,89     0,79   25,01    2,14   266,53    12,77    20,57     1,33   49,03   51,68   18,16   4,46  12,12
md0               0,00     0,00    2,72    0,00    10,89     0,00     8,00     0,00    0,00    0,00    0,00   0,00   0,00
md1               0,00     0,00    0,00    0,00     0,00     0,00     0,00     0,00    0,00    0,00    0,00   0,00   0,00
md2               0,00     0,00   45,57    1,48   467,07     9,51    20,26     0,00    0,00    0,00    0,00   0,00   0,00
md3               0,00     0,00    0,00    0,10     0,00     0,40     8,00     0,00    0,00    0,00    0,00   0,00   0,00

Control File Changes
--- /usr/local/oldpgsql/2015-10-05-REL9_2_14/before.controldata	2016-08-11 22:10:40.568879309 +0200
+++ /usr/local/oldpgsql/2015-10-05-REL9_2_14/after.controldata	2016-08-11 22:12:11.017330188 +0200
@@ -5,4 +5,4 @@
-pg_control last modified:             Thu Aug 11 20:10:40 2016
-Latest checkpoint location:           2/E1FED5D0
-Prior checkpoint location:            2/E1FED570
-Latest checkpoint's REDO location:    2/E1FED5D0
+pg_control last modified:             Thu Aug 11 20:12:10 2016
+Latest checkpoint location:           2/E1FEED20
+Prior checkpoint location:            2/E1FED5D0
+Latest checkpoint's REDO location:    2/E1FEED20
@@ -11,2 +11,2 @@
-Latest checkpoint's NextXID:          0/636781
-Latest checkpoint's NextOID:          16469
+Latest checkpoint's NextXID:          0/636782
+Latest checkpoint's NextOID:          24661
@@ -18 +18 @@
-Time of latest checkpoint:            Thu Aug 11 20:10:40 2016
+Time of latest checkpoint:            Thu Aug 11 20:12:10 2016
size after pgbench of pgbench_tellers: 8
size after pgbench of pgbench_branches: 8
size after pgbench of pgbench_accounts: 64
size after pgbench of pgbench_branches_pkey: 32
size after pgbench of pgbench_tellers_pkey: 152
size after pgbench of pgbench_accounts_pkey: 658092
size after pgbench of pgbench_history: 0
total size after pgbench: 658356
End Time: 2016-08-11 20:12:11+00:00
========================================================================
========================================================================
Testing 2015-10-05-REL9_2_14
Start Time: 2016-08-12 04:17:55+00:00
Shared Buffers:  260000
size before pgbench of pgbench_tellers: 8
size before pgbench of pgbench_branches: 8
size before pgbench of pgbench_accounts: 64
size before pgbench of pgbench_branches_pkey: 32
size before pgbench of pgbench_tellers_pkey: 152
size before pgbench of pgbench_accounts_pkey: 658092
size before pgbench of pgbench_history: 0
total size before pgbench: 658356
Linux 3.16.0-4-amd64 (Debian-83-jessie-64-minimal) 	12.08.16 	_x86_64_	(8 CPU)

starting vacuum...end.
transaction type: <builtin: select only>
scaling factor: 300
query mode: simple
number of clients: 64
number of threads: 4
duration: 60 s
number of transactions actually processed: 5003967
latency average: 0.767 ms
tps = 83333.856533 (including connections establishing)
tps = 83336.903570 (excluding connections establishing)
script statistics:
 - statement latencies in milliseconds:
         0.001  \set aid random(1, 100000 * :scale)
         0.769  SELECT abalance FROM pgbench_accounts WHERE aid = :aid;
avg-cpu:  %user   %nice %system %iowait  %steal   %idle
          52,31    0,00   11,21    2,13    0,00   34,36

Device:         rrqm/s   wrqm/s     r/s     w/s    rkB/s    wkB/s avgrq-sz avgqu-sz   await r_await w_await  svctm  %util
sdb               0,08     0,87   19,60    2,18   191,87    13,17    18,83     1,79   82,34   89,03   22,12   5,00  10,88
sda               0,22     0,87   25,92    2,18   250,71    13,17    18,78     3,88  138,03  147,59   24,24   4,28  12,02
md0               0,00     0,00    0,46    0,00     1,82     0,00     8,00     0,00    0,00    0,00    0,00   0,00   0,00
md1               0,00     0,00    0,00    0,00     0,00     0,00     0,00     0,00    0,00    0,00    0,00   0,00   0,00
md2               0,00     0,00   45,39    1,58   440,76     9,91    19,19     0,00    0,00    0,00    0,00   0,00   0,00
md3               0,00     0,00    0,00    0,11     0,00     0,44     8,00     0,00    0,00    0,00    0,00   0,00   0,00

Control File Changes
--- /usr/local/oldpgsql/2015-10-05-REL9_2_14/before.controldata	2016-08-12 06:19:09.595225564 +0200
+++ /usr/local/oldpgsql/2015-10-05-REL9_2_14/after.controldata	2016-08-12 06:20:39.871191299 +0200
@@ -5,4 +5,4 @@
-pg_control last modified:             Fri Aug 12 04:19:09 2016
-Latest checkpoint location:           2/E1FEEDE0
-Prior checkpoint location:            2/E1FEED80
-Latest checkpoint's REDO location:    2/E1FEEDE0
+pg_control last modified:             Fri Aug 12 04:20:39 2016
+Latest checkpoint location:           2/E1FF05D8
+Prior checkpoint location:            2/E1FEEDE0
+Latest checkpoint's REDO location:    2/E1FF05D8
@@ -11,2 +11,2 @@
-Latest checkpoint's NextXID:          0/636782
-Latest checkpoint's NextOID:          16470
+Latest checkpoint's NextXID:          0/636783
+Latest checkpoint's NextOID:          24662
@@ -18 +18 @@
-Time of latest checkpoint:            Fri Aug 12 04:19:09 2016
+Time of latest checkpoint:            Fri Aug 12 04:20:39 2016
size after pgbench of pgbench_tellers: 8
size after pgbench of pgbench_branches: 8
size after pgbench of pgbench_accounts: 64
size after pgbench of pgbench_branches_pkey: 32
size after pgbench of pgbench_tellers_pkey: 152
size after pgbench of pgbench_accounts_pkey: 658092
size after pgbench of pgbench_history: 0
total size after pgbench: 658356
End Time: 2016-08-12 04:20:39+00:00
========================================================================
========================================================================
Testing 2015-10-05-REL9_2_14
Start Time: 2016-08-12 21:42:57+00:00
Shared Buffers:  260000
size before pgbench of pgbench_tellers: 8
size before pgbench of pgbench_branches: 8
size before pgbench of pgbench_accounts: 64
size before pgbench of pgbench_branches_pkey: 32
size before pgbench of pgbench_tellers_pkey: 152
size before pgbench of pgbench_accounts_pkey: 658092
size before pgbench of pgbench_history: 0
total size before pgbench: 658356
+ /usr/local/pgsql/bin/pgbench -T 60 -S -c 64 -j 4 -r
Linux 3.16.0-4-amd64 (Debian-83-jessie-64-minimal) 	12.08.16 	_x86_64_	(8 CPU)

starting vacuum...end.
transaction type: <builtin: select only>
scaling factor: 300
query mode: simple
number of clients: 64
number of threads: 4
duration: 60 s
number of transactions actually processed: 4948866
latency average: 0.776 ms
tps = 82400.779840 (including connections establishing)
tps = 82403.699986 (excluding connections establishing)
script statistics:
 - statement latencies in milliseconds:
         0.001  \set aid random(1, 100000 * :scale)
         0.779  SELECT abalance FROM pgbench_accounts WHERE aid = :aid;
avg-cpu:  %user   %nice %system %iowait  %steal   %idle
          52,70    0,00   10,90    2,37    0,00   34,02

Device:         rrqm/s   wrqm/s     r/s     w/s    rkB/s    wkB/s avgrq-sz avgqu-sz   await r_await w_await  svctm  %util
sdb               0,28     0,87   24,12    2,30   235,96    13,44    18,88     4,59  173,86  188,56   19,75   4,30  11,36
sda               2,17     0,87   23,26    2,30   224,76    13,44    18,64     1,09   42,48   44,15   25,64   5,28  13,49
md0               0,00     0,00    4,64    0,00    18,58     0,00     8,00     0,00    0,00    0,00    0,00   0,00   0,00
md1               0,00     0,00    0,00    0,00     0,00     0,00     0,00     0,00    0,00    0,00    0,00   0,00   0,00
md2               0,00     0,00   45,27    1,63   442,13    10,04    19,28     0,00    0,00    0,00    0,00   0,00   0,00
md3               0,00     0,00    0,00    0,10     0,00     0,40     8,00     0,00    0,00    0,00    0,00   0,00   0,00

Control File Changes
--- /usr/local/oldpgsql/2015-10-05-REL9_2_14/before.controldata	2016-08-12 23:44:10.610259487 +0200
+++ /usr/local/oldpgsql/2015-10-05-REL9_2_14/after.controldata	2016-08-12 23:45:41.066478435 +0200
@@ -5,4 +5,4 @@
-pg_control last modified:             Fri Aug 12 21:44:10 2016
-Latest checkpoint location:           2/E1FF0698
-Prior checkpoint location:            2/E1FF0638
-Latest checkpoint's REDO location:    2/E1FF0698
+pg_control last modified:             Fri Aug 12 21:45:40 2016
+Latest checkpoint location:           2/E1FF1F20
+Prior checkpoint location:            2/E1FF0698
+Latest checkpoint's REDO location:    2/E1FF1F20
@@ -11,2 +11,2 @@
-Latest checkpoint's NextXID:          0/636783
-Latest checkpoint's NextOID:          16471
+Latest checkpoint's NextXID:          0/636784
+Latest checkpoint's NextOID:          24663
@@ -18 +18 @@
-Time of latest checkpoint:            Fri Aug 12 21:44:09 2016
+Time of latest checkpoint:            Fri Aug 12 21:45:40 2016
size after pgbench of pgbench_tellers: 8
size after pgbench of pgbench_branches: 8
size after pgbench of pgbench_accounts: 64
size after pgbench of pgbench_branches_pkey: 32
size after pgbench of pgbench_tellers_pkey: 152
size after pgbench of pgbench_accounts_pkey: 658092
size after pgbench of pgbench_history: 0
total size after pgbench: 658356
End Time: 2016-08-12 21:45:41+00:00
========================================================================
========================================================================
Testing 2015-10-05-REL9_2_14
Start Time: 2016-08-13 06:44:18+00:00
Shared Buffers:  260000
size before pgbench of pgbench_tellers: 8
size before pgbench of pgbench_branches: 8
size before pgbench of pgbench_accounts: 64
size before pgbench of pgbench_branches_pkey: 32
size before pgbench of pgbench_tellers_pkey: 152
size before pgbench of pgbench_accounts_pkey: 658092
size before pgbench of pgbench_history: 0
total size before pgbench: 658356
Linux 3.16.0-4-amd64 (Debian-83-jessie-64-minimal) 	13.08.16 	_x86_64_	(8 CPU)

starting vacuum...end.
transaction type: <builtin: select only>
scaling factor: 300
query mode: simple
number of clients: 48
number of threads: 4
duration: 60 s
number of transactions actually processed: 5281121
latency average: 0.545 ms
tps = 87967.602013 (including connections establishing)
tps = 87970.778601 (excluding connections establishing)
script statistics:
 - statement latencies in milliseconds:
         0.001  \set aid random(1, 100000 * :scale)
         0.549  SELECT abalance FROM pgbench_accounts WHERE aid = :aid;
avg-cpu:  %user   %nice %system %iowait  %steal   %idle
          53,11    0,00   10,94    2,10    0,00   33,85

Device:         rrqm/s   wrqm/s     r/s     w/s    rkB/s    wkB/s avgrq-sz avgqu-sz   await r_await w_await  svctm  %util
sdb               0,16     0,84   23,07    2,26   228,31    13,13    19,07     2,42   95,69  102,32   27,90   4,27  10,80
sda               0,56     0,84   22,42    2,26   217,11    13,13    18,66     2,04   82,55   88,55   22,90   5,03  12,41
md0               0,00     0,00    1,29    0,01     5,16     0,04     8,00     0,00    0,00    0,00    0,00   0,00   0,00
md1               0,00     0,00    0,00    0,00     0,00     0,00     0,00     0,00    0,00    0,00    0,00   0,00   0,00
md2               0,00     0,00   44,94    1,54   440,27     9,69    19,36     0,00    0,00    0,00    0,00   0,00   0,00
md3               0,00     0,00    0,00    0,10     0,00     0,40     8,00     0,00    0,00    0,00    0,00   0,00   0,00

Control File Changes
--- /usr/local/oldpgsql/2015-10-05-REL9_2_14/before.controldata	2016-08-13 08:45:31.347601783 +0200
+++ /usr/local/oldpgsql/2015-10-05-REL9_2_14/after.controldata	2016-08-13 08:47:01.683776668 +0200
@@ -5,4 +5,4 @@
-pg_control last modified:             Sat Aug 13 06:45:31 2016
-Latest checkpoint location:           2/E1FF1FE0
-Prior checkpoint location:            2/E1FF1F80
-Latest checkpoint's REDO location:    2/E1FF1FE0
+pg_control last modified:             Sat Aug 13 06:47:01 2016
+Latest checkpoint location:           2/E1FF3928
+Prior checkpoint location:            2/E1FF1FE0
+Latest checkpoint's REDO location:    2/E1FF3928
@@ -11,2 +11,2 @@
-Latest checkpoint's NextXID:          0/636784
-Latest checkpoint's NextOID:          16472
+Latest checkpoint's NextXID:          0/636785
+Latest checkpoint's NextOID:          24664
@@ -18 +18 @@
-Time of latest checkpoint:            Sat Aug 13 06:45:30 2016
+Time of latest checkpoint:            Sat Aug 13 06:47:01 2016
size after pgbench of pgbench_tellers: 8
size after pgbench of pgbench_branches: 8
size after pgbench of pgbench_accounts: 64
size after pgbench of pgbench_branches_pkey: 32
size after pgbench of pgbench_tellers_pkey: 152
size after pgbench of pgbench_accounts_pkey: 658092
size after pgbench of pgbench_history: 0
total size after pgbench: 658356
End Time: 2016-08-13 06:47:01+00:00
========================================================================
========================================================================
Testing 2015-10-05-REL9_2_14
Start Time: 2016-08-13 13:25:45+00:00
Shared Buffers:  260000
size before pgbench of pgbench_tellers: 8
size before pgbench of pgbench_branches: 8
size before pgbench of pgbench_accounts: 64
size before pgbench of pgbench_branches_pkey: 32
size before pgbench of pgbench_tellers_pkey: 152
size before pgbench of pgbench_accounts_pkey: 658092
size before pgbench of pgbench_history: 0
total size before pgbench: 658356
Linux 3.16.0-4-amd64 (Debian-83-jessie-64-minimal) 	13.08.16 	_x86_64_	(8 CPU)

starting vacuum...end.
transaction type: <builtin: select only>
scaling factor: 300
query mode: simple
number of clients: 48
number of threads: 4
duration: 60 s
number of transactions actually processed: 5239787
latency average: 0.550 ms
tps = 87240.247214 (including connections establishing)
tps = 87243.824659 (excluding connections establishing)
script statistics:
 - statement latencies in milliseconds:
         0.001  \set aid random(1, 100000 * :scale)
         0.552  SELECT abalance FROM pgbench_accounts WHERE aid = :aid;
avg-cpu:  %user   %nice %system %iowait  %steal   %idle
          52,99    0,00   10,99    2,06    0,00   33,97

Device:         rrqm/s   wrqm/s     r/s     w/s    rkB/s    wkB/s avgrq-sz avgqu-sz   await r_await w_await  svctm  %util
sdb               0,03     0,80   23,44    2,20   230,84    12,82    19,00     3,15  122,76  132,38   20,16   4,30  11,02
sda               0,14     0,80   21,42    2,20   210,09    12,82    18,87     1,25   53,00   56,76   16,40   5,13  12,11
md0               0,00     0,00    0,23    0,00     0,93     0,00     8,00     0,00    0,00    0,00    0,00   0,00   0,00
md1               0,00     0,00    0,00    0,00     0,00     0,00     0,00     0,00    0,00    0,00    0,00   0,00   0,00
md2               0,00     0,00   44,84    1,46   440,00     9,42    19,41     0,00    0,00    0,00    0,00   0,00   0,00
md3               0,00     0,00    0,00    0,10     0,00     0,40     8,00     0,00    0,00    0,00    0,00   0,00   0,00

Control File Changes
--- /usr/local/oldpgsql/2015-10-05-REL9_2_14/before.controldata	2016-08-13 15:26:59.451251937 +0200
+++ /usr/local/oldpgsql/2015-10-05-REL9_2_14/after.controldata	2016-08-13 15:28:29.790998151 +0200
@@ -5,4 +5,4 @@
-pg_control last modified:             Sat Aug 13 13:26:59 2016
-Latest checkpoint location:           2/E1FF39E8
-Prior checkpoint location:            2/E1FF3988
-Latest checkpoint's REDO location:    2/E1FF39E8
+pg_control last modified:             Sat Aug 13 13:28:29 2016
+Latest checkpoint location:           2/E1FF53D8
+Prior checkpoint location:            2/E1FF39E8
+Latest checkpoint's REDO location:    2/E1FF53D8
@@ -11,2 +11,2 @@
-Latest checkpoint's NextXID:          0/636785
-Latest checkpoint's NextOID:          16473
+Latest checkpoint's NextXID:          0/636786
+Latest checkpoint's NextOID:          24665
@@ -18 +18 @@
-Time of latest checkpoint:            Sat Aug 13 13:26:58 2016
+Time of latest checkpoint:            Sat Aug 13 13:28:29 2016
size after pgbench of pgbench_tellers: 8
size after pgbench of pgbench_branches: 8
size after pgbench of pgbench_accounts: 64
size after pgbench of pgbench_branches_pkey: 32
size after pgbench of pgbench_tellers_pkey: 152
size after pgbench of pgbench_accounts_pkey: 658092
size after pgbench of pgbench_history: 0
total size after pgbench: 658356
End Time: 2016-08-13 13:28:29+00:00
========================================================================
========================================================================
Testing 2015-10-05-REL9_2_14
Start Time: 2016-08-14 13:59:59+00:00
Shared Buffers:  260000
size before pgbench of pgbench_tellers: 8
size before pgbench of pgbench_branches: 8
size before pgbench of pgbench_accounts: 64
size before pgbench of pgbench_branches_pkey: 32
size before pgbench of pgbench_tellers_pkey: 152
size before pgbench of pgbench_accounts_pkey: 658092
size before pgbench of pgbench_history: 0
total size before pgbench: 658356
Linux 3.16.0-4-amd64 (Debian-83-jessie-64-minimal) 	14.08.16 	_x86_64_	(8 CPU)

starting vacuum...end.
transaction type: <builtin: TPC-B (sort of)>
scaling factor: 300
query mode: simple
number of clients: 32
number of threads: 4
duration: 900 s
number of transactions actually processed: 349949
latency average: 82.298 ms
tps = 388.518195 (including connections establishing)
tps = 388.519073 (excluding connections establishing)
script statistics:
 - statement latencies in milliseconds:
         0.001  \set aid random(1, 100000 * :scale)
         0.001  \set bid random(1, 1 * :scale)
         0.001  \set tid random(1, 10 * :scale)
         0.000  \set delta random(-5000, 5000)
         0.308  BEGIN;
         0.688  UPDATE pgbench_accounts SET abalance = abalance + :delta WHERE aid = :aid;
         0.388  SELECT abalance FROM pgbench_accounts WHERE aid = :aid;
         0.809  UPDATE pgbench_tellers SET tbalance = tbalance + :delta WHERE tid = :tid;
         4.413  UPDATE pgbench_branches SET bbalance = bbalance + :delta WHERE bid = :bid;
         0.236  INSERT INTO pgbench_history (tid, bid, aid, delta, mtime) VALUES (:tid, :bid, :aid, :delta, CURRENT_TIMESTAMP);
        75.899  END;
avg-cpu:  %user   %nice %system %iowait  %steal   %idle
           3,47    0,00    0,93    9,75    0,00   85,85

Device:         rrqm/s   wrqm/s     r/s     w/s    rkB/s    wkB/s avgrq-sz avgqu-sz   await r_await w_await  svctm  %util
sdb               0,01     2,12    0,39  418,70     4,03  7333,79    35,02    75,83  180,94   40,58  181,08   1,87  78,26
sda               0,01     2,10    3,40  418,72    33,31  7333,79    34,91    60,85  144,16   23,02  145,14   1,93  81,60
md0               0,00     0,00    0,08    0,00     0,34     0,00     8,00     0,00    0,00    0,00    0,00   0,00   0,00
md1               0,00     0,00    0,00    0,00     0,00     0,00     0,00     0,00    0,00    0,00    0,00   0,00   0,00
md2               0,00     0,00    3,73  419,91    37,01  7331,50    34,79     0,00    0,00    0,00    0,00   0,00   0,00
md3               0,00     0,00    0,00    0,01     0,00     0,04     8,00     0,00    0,00    0,00    0,00   0,00   0,00

Control File Changes
--- /usr/local/oldpgsql/2015-10-05-REL9_2_14/before.controldata	2016-08-14 16:01:14.048139422 +0200
+++ /usr/local/oldpgsql/2015-10-05-REL9_2_14/after.controldata	2016-08-14 16:17:29.946504596 +0200
@@ -5,4 +5,4 @@
-pg_control last modified:             Sun Aug 14 14:01:13 2016
-Latest checkpoint location:           2/E1FF5498
-Prior checkpoint location:            2/E1FF5438
-Latest checkpoint's REDO location:    2/E1FF5498
+pg_control last modified:             Sun Aug 14 14:17:29 2016
+Latest checkpoint location:           3/AC89C220
+Prior checkpoint location:            3/AC89C1C0
+Latest checkpoint's REDO location:    3/AC89C220
@@ -11,2 +11,2 @@
-Latest checkpoint's NextXID:          0/636786
-Latest checkpoint's NextOID:          16474
+Latest checkpoint's NextXID:          0/986779
+Latest checkpoint's NextOID:          24666
@@ -18 +18 @@
-Time of latest checkpoint:            Sun Aug 14 14:01:13 2016
+Time of latest checkpoint:            Sun Aug 14 14:16:44 2016
size after pgbench of pgbench_tellers: 8
size after pgbench of pgbench_branches: 8
size after pgbench of pgbench_accounts: 64
size after pgbench of pgbench_branches_pkey: 32
size after pgbench of pgbench_tellers_pkey: 152
size after pgbench of pgbench_accounts_pkey: 658092
size after pgbench of pgbench_history: 24
total size after pgbench: 658380
End Time: 2016-08-14 14:17:30+00:00
========================================================================
========================================================================
Testing 2015-10-05-REL9_2_14
Start Time: 2016-08-15 23:54:53+00:00
Shared Buffers:  260000
size before pgbench of pgbench_tellers: 8
size before pgbench of pgbench_branches: 8
size before pgbench of pgbench_accounts: 64
size before pgbench of pgbench_branches_pkey: 32
size before pgbench of pgbench_tellers_pkey: 152
size before pgbench of pgbench_accounts_pkey: 658092
size before pgbench of pgbench_history: 24
total size before pgbench: 658380
Linux 4.6.0-1-amd64 (Debian-83-jessie-64-minimal) 	16.08.16 	_x86_64_	(8 CPU)

starting vacuum...end.
transaction type: <builtin: TPC-B (sort of)>
scaling factor: 300
query mode: simple
number of clients: 32
number of threads: 4
duration: 900 s
number of transactions actually processed: 313847
latency average: 91.764 ms
tps = 348.703014 (including connections establishing)
tps = 348.703827 (excluding connections establishing)
script statistics:
 - statement latencies in milliseconds:
         0.002  \set aid random(1, 100000 * :scale)
         0.001  \set bid random(1, 1 * :scale)
         0.001  \set tid random(1, 10 * :scale)
         0.001  \set delta random(-5000, 5000)
         0.391  BEGIN;
         0.755  UPDATE pgbench_accounts SET abalance = abalance + :delta WHERE aid = :aid;
         0.514  SELECT abalance FROM pgbench_accounts WHERE aid = :aid;
         0.918  UPDATE pgbench_tellers SET tbalance = tbalance + :delta WHERE tid = :tid;
         5.113  UPDATE pgbench_branches SET bbalance = bbalance + :delta WHERE bid = :bid;
         0.307  INSERT INTO pgbench_history (tid, bid, aid, delta, mtime) VALUES (:tid, :bid, :aid, :delta, CURRENT_TIMESTAMP);
        84.053  END;
avg-cpu:  %user   %nice %system %iowait  %steal   %idle
           3,67    0,00    0,96   20,23    0,00   75,14

Device:         rrqm/s   wrqm/s     r/s     w/s    rkB/s    wkB/s avgrq-sz avgqu-sz   await r_await w_await  svctm  %util
sdb               0,00     4,78    0,08  304,64     0,69  5371,71    35,26    64,08  210,20   37,72  210,24   2,61  79,42
sda               0,04     4,72    0,79  304,76     6,95  5372,27    35,21    43,96  143,84   22,59  144,16   2,50  76,42
md0               0,00     0,00    0,11    0,00     0,45     0,01     8,00     0,00    0,00    0,00    0,00   0,00   0,00
md1               0,00     0,00    0,00    0,00     0,00     0,00     0,00     0,00    0,00    0,00    0,00   0,00   0,00
md2               0,00     0,00    0,80  325,39     7,18  5507,84    33,81     0,00    0,00    0,00    0,00   0,00   0,00
md3               0,00     0,00    0,00    0,01     0,00     0,04     8,00     0,00    0,00    0,00    0,00   0,00   0,00

Control File Changes
--- /usr/local/oldpgsql/2015-10-05-REL9_2_14/before.controldata	2016-08-16 01:57:48.399678394 +0200
+++ /usr/local/oldpgsql/2015-10-05-REL9_2_14/after.controldata	2016-08-16 02:15:16.738325272 +0200
@@ -5,4 +5,4 @@
-pg_control last modified:             Mon Aug 15 23:57:48 2016
-Latest checkpoint location:           4/2637E758
-Prior checkpoint location:            4/20FB2818
-Latest checkpoint's REDO location:    4/2637E758
+pg_control last modified:             Tue Aug 16 00:15:16 2016
+Latest checkpoint location:           4/CC40DCC0
+Prior checkpoint location:            4/CC40DC60
+Latest checkpoint's REDO location:    4/CC40DCC0
@@ -11,2 +11,2 @@
-Latest checkpoint's NextXID:          0/986779
-Latest checkpoint's NextOID:          16475
+Latest checkpoint's NextXID:          0/1300668
+Latest checkpoint's NextOID:          24667
@@ -18 +18 @@
-Time of latest checkpoint:            Mon Aug 15 23:57:47 2016
+Time of latest checkpoint:            Tue Aug 16 00:14:31 2016
size after pgbench of pgbench_tellers: 8
size after pgbench of pgbench_branches: 8
size after pgbench of pgbench_accounts: 64
size after pgbench of pgbench_branches_pkey: 32
size after pgbench of pgbench_tellers_pkey: 152
size after pgbench of pgbench_accounts_pkey: 658092
size after pgbench of pgbench_history: 24
total size after pgbench: 658380
End Time: 2016-08-16 00:15:16+00:00
========================================================================
========================================================================
Testing 2015-10-05-REL9_2_14
Start Time: 2016-08-21 21:33:21+00:00
Shared Buffers:  260000
size before pgbench of pgbench_tellers: 8
size before pgbench of pgbench_branches: 8
size before pgbench of pgbench_accounts: 64
size before pgbench of pgbench_branches_pkey: 32
size before pgbench of pgbench_tellers_pkey: 152
size before pgbench of pgbench_accounts_pkey: 658092
size before pgbench of pgbench_history: 24
total size before pgbench: 658380
Linux 4.6.0-1-amd64 (Debian-83-jessie-64-minimal) 	21.08.16 	_x86_64_	(8 CPU)

starting vacuum...end.
transaction type: <builtin: TPC-B (sort of)>
scaling factor: 300
query mode: simple
number of clients: 32
number of threads: 4
duration: 900 s
number of transactions actually processed: 351642
latency average: 81.901 ms
tps = 386.661645 (including connections establishing)
tps = 386.662495 (excluding connections establishing)
script statistics:
 - statement latencies in milliseconds:
         0.002  \set aid random(1, 100000 * :scale)
         0.001  \set bid random(1, 1 * :scale)
         0.001  \set tid random(1, 10 * :scale)
         0.001  \set delta random(-5000, 5000)
         0.390  BEGIN;
         0.717  UPDATE pgbench_accounts SET abalance = abalance + :delta WHERE aid = :aid;
         0.517  SELECT abalance FROM pgbench_accounts WHERE aid = :aid;
         0.991  UPDATE pgbench_tellers SET tbalance = tbalance + :delta WHERE tid = :tid;
         4.609  UPDATE pgbench_branches SET bbalance = bbalance + :delta WHERE bid = :bid;
         0.310  INSERT INTO pgbench_history (tid, bid, aid, delta, mtime) VALUES (:tid, :bid, :aid, :delta, CURRENT_TIMESTAMP);
        75.733  END;
avg-cpu:  %user   %nice %system %iowait  %steal   %idle
           4,10    0,00    1,07   18,26    0,00   76,57

Device:         rrqm/s   wrqm/s     r/s     w/s    rkB/s    wkB/s avgrq-sz avgqu-sz   await r_await w_await  svctm  %util
sdb               0,01     8,30    0,05  357,20     0,58  6067,95    33,97    59,41  166,31   33,81  166,33   2,15  76,79
sda               0,04     8,23    0,25  357,27     2,56  6067,95    33,96    53,81  150,52   24,69  150,61   2,16  77,35
md0               0,00     0,00    0,09    0,00     0,36     0,00     8,00     0,00    0,00    0,00    0,00   0,00   0,00
md1               0,00     0,00    0,00    0,00     0,00     0,00     0,00     0,00    0,00    0,00    0,00   0,00   0,00
md2               0,00     0,00    0,25  364,97     2,78  6066,63    33,24     0,00    0,00    0,00    0,00   0,00   0,00
md3               0,00     0,00    0,00    0,01     0,00     0,04     8,00     0,00    0,00    0,00    0,00   0,00   0,00

Control File Changes
--- /usr/local/oldpgsql/2015-10-05-REL9_2_14/before.controldata	2016-08-21 23:36:04.224700646 +0200
+++ /usr/local/oldpgsql/2015-10-05-REL9_2_14/after.controldata	2016-08-21 23:52:12.710671526 +0200
@@ -5,4 +5,4 @@
-pg_control last modified:             Sun Aug 21 21:36:04 2016
-Latest checkpoint location:           5/3D1622F0
-Prior checkpoint location:            5/3D162290
-Latest checkpoint's REDO location:    5/3D1622F0
+pg_control last modified:             Sun Aug 21 21:52:12 2016
+Latest checkpoint location:           5/EEE1F750
+Prior checkpoint location:            5/EEDE14A8
+Latest checkpoint's REDO location:    5/EEDE1508
@@ -11,2 +11,2 @@
-Latest checkpoint's NextXID:          0/1300668
-Latest checkpoint's NextOID:          16476
+Latest checkpoint's NextXID:          0/1652351
+Latest checkpoint's NextOID:          24668
@@ -18 +18 @@
-Time of latest checkpoint:            Sun Aug 21 21:36:03 2016
+Time of latest checkpoint:            Sun Aug 21 21:51:34 2016
size after pgbench of pgbench_tellers: 8
size after pgbench of pgbench_branches: 8
size after pgbench of pgbench_accounts: 64
size after pgbench of pgbench_branches_pkey: 32
size after pgbench of pgbench_tellers_pkey: 152
size after pgbench of pgbench_accounts_pkey: 658092
size after pgbench of pgbench_history: 24
total size after pgbench: 658380
End Time: 2016-08-21 21:52:12+00:00
========================================================================
