ERROR:  table "pgbench_history" does not exist
(ignoring this error and continuing anyway)
ERROR:  table "pgbench_tellers" does not exist
(ignoring this error and continuing anyway)
ERROR:  table "pgbench_accounts" does not exist
(ignoring this error and continuing anyway)
ERROR:  table "pgbench_branches" does not exist
(ignoring this error and continuing anyway)
creating tables...
100000 of 30000000 tuples (0%) done (elapsed 17.12 s, remaining 5119.60 s)
200000 of 30000000 tuples (0%) done (elapsed 36.64 s, remaining 5458.84 s)
300000 of 30000000 tuples (1%) done (elapsed 54.87 s, remaining 5432.40 s)
400000 of 30000000 tuples (1%) done (elapsed 71.94 s, remaining 5323.25 s)
500000 of 30000000 tuples (1%) done (elapsed 88.81 s, remaining 5239.89 s)
600000 of 30000000 tuples (2%) done (elapsed 106.66 s, remaining 5226.50 s)
700000 of 30000000 tuples (2%) done (elapsed 123.63 s, remaining 5174.77 s)
800000 of 30000000 tuples (2%) done (elapsed 142.13 s, remaining 5187.85 s)
900000 of 30000000 tuples (3%) done (elapsed 159.49 s, remaining 5156.94 s)
1000000 of 30000000 tuples (3%) done (elapsed 175.71 s, remaining 5095.64 s)
1100000 of 30000000 tuples (3%) done (elapsed 192.82 s, remaining 5065.82 s)
1200000 of 30000000 tuples (4%) done (elapsed 210.63 s, remaining 5055.14 s)
1300000 of 30000000 tuples (4%) done (elapsed 228.15 s, remaining 5036.82 s)
1400000 of 30000000 tuples (4%) done (elapsed 244.61 s, remaining 4997.01 s)
1500000 of 30000000 tuples (5%) done (elapsed 261.32 s, remaining 4965.01 s)
1600000 of 30000000 tuples (5%) done (elapsed 279.40 s, remaining 4959.44 s)
1700000 of 30000000 tuples (5%) done (elapsed 296.01 s, remaining 4927.69 s)
1800000 of 30000000 tuples (6%) done (elapsed 312.78 s, remaining 4900.26 s)
1900000 of 30000000 tuples (6%) done (elapsed 330.12 s, remaining 4882.26 s)
2000000 of 30000000 tuples (6%) done (elapsed 346.40 s, remaining 4849.54 s)
2100000 of 30000000 tuples (7%) done (elapsed 364.49 s, remaining 4842.45 s)
2200000 of 30000000 tuples (7%) done (elapsed 381.22 s, remaining 4817.27 s)
2300000 of 30000000 tuples (7%) done (elapsed 397.63 s, remaining 4788.91 s)
2400000 of 30000000 tuples (8%) done (elapsed 414.13 s, remaining 4762.50 s)
2500000 of 30000000 tuples (8%) done (elapsed 431.22 s, remaining 4743.47 s)
2600000 of 30000000 tuples (8%) done (elapsed 448.93 s, remaining 4731.07 s)
2700000 of 30000000 tuples (9%) done (elapsed 466.19 s, remaining 4713.66 s)
2800000 of 30000000 tuples (9%) done (elapsed 483.49 s, remaining 4696.72 s)
2900000 of 30000000 tuples (9%) done (elapsed 500.00 s, remaining 4672.38 s)
3000000 of 30000000 tuples (10%) done (elapsed 516.96 s, remaining 4652.64 s)
3100000 of 30000000 tuples (10%) done (elapsed 535.71 s, remaining 4648.61 s)
3200000 of 30000000 tuples (10%) done (elapsed 552.67 s, remaining 4628.59 s)
3300000 of 30000000 tuples (11%) done (elapsed 569.40 s, remaining 4606.94 s)
3400000 of 30000000 tuples (11%) done (elapsed 586.22 s, remaining 4586.34 s)
3500000 of 30000000 tuples (11%) done (elapsed 603.51 s, remaining 4569.47 s)
3600000 of 30000000 tuples (12%) done (elapsed 622.13 s, remaining 4562.27 s)
3700000 of 30000000 tuples (12%) done (elapsed 639.08 s, remaining 4542.64 s)
3800000 of 30000000 tuples (12%) done (elapsed 655.98 s, remaining 4522.83 s)
3900000 of 30000000 tuples (13%) done (elapsed 672.63 s, remaining 4501.45 s)
4000000 of 30000000 tuples (13%) done (elapsed 689.24 s, remaining 4480.09 s)
4100000 of 30000000 tuples (13%) done (elapsed 707.51 s, remaining 4469.40 s)
4200000 of 30000000 tuples (14%) done (elapsed 724.80 s, remaining 4452.32 s)
4300000 of 30000000 tuples (14%) done (elapsed 741.25 s, remaining 4430.25 s)
4400000 of 30000000 tuples (14%) done (elapsed 758.40 s, remaining 4412.53 s)
4500000 of 30000000 tuples (15%) done (elapsed 776.16 s, remaining 4398.25 s)
4600000 of 30000000 tuples (15%) done (elapsed 792.86 s, remaining 4377.96 s)
4700000 of 30000000 tuples (15%) done (elapsed 809.86 s, remaining 4359.45 s)
4800000 of 30000000 tuples (16%) done (elapsed 827.14 s, remaining 4342.46 s)
4900000 of 30000000 tuples (16%) done (elapsed 843.93 s, remaining 4322.97 s)
5000000 of 30000000 tuples (16%) done (elapsed 862.41 s, remaining 4312.03 s)
5100000 of 30000000 tuples (17%) done (elapsed 878.70 s, remaining 4290.11 s)
5200000 of 30000000 tuples (17%) done (elapsed 895.79 s, remaining 4272.25 s)
5300000 of 30000000 tuples (17%) done (elapsed 913.47 s, remaining 4257.11 s)
5400000 of 30000000 tuples (18%) done (elapsed 930.97 s, remaining 4241.10 s)
5500000 of 30000000 tuples (18%) done (elapsed 948.84 s, remaining 4226.63 s)
5600000 of 30000000 tuples (18%) done (elapsed 966.43 s, remaining 4210.86 s)
5700000 of 30000000 tuples (19%) done (elapsed 983.00 s, remaining 4190.68 s)
5800000 of 30000000 tuples (19%) done (elapsed 999.63 s, remaining 4170.89 s)
5900000 of 30000000 tuples (19%) done (elapsed 1016.75 s, remaining 4153.19 s)
6000000 of 30000000 tuples (20%) done (elapsed 1035.02 s, remaining 4140.07 s)
6100000 of 30000000 tuples (20%) done (elapsed 1052.31 s, remaining 4122.97 s)
6200000 of 30000000 tuples (20%) done (elapsed 1069.08 s, remaining 4103.88 s)
6300000 of 30000000 tuples (21%) done (elapsed 1086.62 s, remaining 4087.78 s)
6400000 of 30000000 tuples (21%) done (elapsed 1103.26 s, remaining 4068.28 s)
6500000 of 30000000 tuples (21%) done (elapsed 1121.55 s, remaining 4054.84 s)
6600000 of 30000000 tuples (22%) done (elapsed 1138.84 s, remaining 4037.69 s)
6700000 of 30000000 tuples (22%) done (elapsed 1155.39 s, remaining 4018.00 s)
6800000 of 30000000 tuples (22%) done (elapsed 1171.93 s, remaining 3998.35 s)
6900000 of 30000000 tuples (23%) done (elapsed 1190.02 s, remaining 3983.99 s)
7000000 of 30000000 tuples (23%) done (elapsed 1208.08 s, remaining 3969.40 s)
7100000 of 30000000 tuples (23%) done (elapsed 1225.23 s, remaining 3951.79 s)
7200000 of 30000000 tuples (24%) done (elapsed 1242.63 s, remaining 3934.98 s)
7300000 of 30000000 tuples (24%) done (elapsed 1259.19 s, remaining 3915.56 s)
7400000 of 30000000 tuples (24%) done (elapsed 1277.48 s, remaining 3901.48 s)
7500000 of 30000000 tuples (25%) done (elapsed 1294.61 s, remaining 3883.83 s)
7600000 of 30000000 tuples (25%) done (elapsed 1311.61 s, remaining 3865.79 s)
7700000 of 30000000 tuples (25%) done (elapsed 1328.46 s, remaining 3847.35 s)
7800000 of 30000000 tuples (26%) done (elapsed 1345.92 s, remaining 3830.70 s)
7900000 of 30000000 tuples (26%) done (elapsed 1365.03 s, remaining 3818.62 s)
8000000 of 30000000 tuples (26%) done (elapsed 1381.99 s, remaining 3800.46 s)
8100000 of 30000000 tuples (27%) done (elapsed 1398.92 s, remaining 3782.28 s)
8200000 of 30000000 tuples (27%) done (elapsed 1415.96 s, remaining 3764.38 s)
8300000 of 30000000 tuples (27%) done (elapsed 1432.61 s, remaining 3745.50 s)
8400000 of 30000000 tuples (28%) done (elapsed 1451.11 s, remaining 3731.43 s)
8500000 of 30000000 tuples (28%) done (elapsed 1468.09 s, remaining 3713.40 s)
8600000 of 30000000 tuples (28%) done (elapsed 1485.33 s, remaining 3696.05 s)
8700000 of 30000000 tuples (29%) done (elapsed 1502.88 s, remaining 3679.46 s)
8800000 of 30000000 tuples (29%) done (elapsed 1519.90 s, remaining 3661.57 s)
8900000 of 30000000 tuples (29%) done (elapsed 1538.39 s, remaining 3647.19 s)
9000000 of 30000000 tuples (30%) done (elapsed 1554.94 s, remaining 3628.19 s)
9100000 of 30000000 tuples (30%) done (elapsed 1572.34 s, remaining 3611.20 s)
9200000 of 30000000 tuples (30%) done (elapsed 1589.11 s, remaining 3592.78 s)
9300000 of 30000000 tuples (31%) done (elapsed 1606.02 s, remaining 3574.68 s)
9400000 of 30000000 tuples (31%) done (elapsed 1624.50 s, remaining 3560.08 s)
9500000 of 30000000 tuples (31%) done (elapsed 1641.27 s, remaining 3541.68 s)
9600000 of 30000000 tuples (32%) done (elapsed 1658.28 s, remaining 3523.84 s)
9700000 of 30000000 tuples (32%) done (elapsed 1675.33 s, remaining 3506.11 s)
9800000 of 30000000 tuples (32%) done (elapsed 1692.07 s, remaining 3487.73 s)
9900000 of 30000000 tuples (33%) done (elapsed 1710.30 s, remaining 3472.43 s)
10000000 of 30000000 tuples (33%) done (elapsed 1728.06 s, remaining 3456.12 s)
10100000 of 30000000 tuples (33%) done (elapsed 1744.58 s, remaining 3437.35 s)
10200000 of 30000000 tuples (34%) done (elapsed 1762.23 s, remaining 3420.81 s)
10300000 of 30000000 tuples (34%) done (elapsed 1779.23 s, remaining 3402.98 s)
10400000 of 30000000 tuples (34%) done (elapsed 1796.99 s, remaining 3386.64 s)
10500000 of 30000000 tuples (35%) done (elapsed 1813.72 s, remaining 3368.33 s)
10600000 of 30000000 tuples (35%) done (elapsed 1831.64 s, remaining 3352.25 s)
10700000 of 30000000 tuples (35%) done (elapsed 1848.21 s, remaining 3333.68 s)
10800000 of 30000000 tuples (36%) done (elapsed 1864.58 s, remaining 3314.80 s)
10900000 of 30000000 tuples (36%) done (elapsed 1882.61 s, remaining 3298.89 s)
11000000 of 30000000 tuples (36%) done (elapsed 1899.49 s, remaining 3280.94 s)
11100000 of 30000000 tuples (37%) done (elapsed 1917.01 s, remaining 3264.10 s)
11200000 of 30000000 tuples (37%) done (elapsed 1933.63 s, remaining 3245.73 s)
11300000 of 30000000 tuples (37%) done (elapsed 1951.37 s, remaining 3229.25 s)
11400000 of 30000000 tuples (38%) done (elapsed 1967.71 s, remaining 3210.47 s)
11500000 of 30000000 tuples (38%) done (elapsed 1985.80 s, remaining 3194.56 s)
11600000 of 30000000 tuples (38%) done (elapsed 2003.31 s, remaining 3177.66 s)
11700000 of 30000000 tuples (39%) done (elapsed 2020.86 s, remaining 3160.83 s)
11800000 of 30000000 tuples (39%) done (elapsed 2037.20 s, remaining 3142.13 s)
11900000 of 30000000 tuples (39%) done (elapsed 2055.32 s, remaining 3126.15 s)
12000000 of 30000000 tuples (40%) done (elapsed 2071.59 s, remaining 3107.38 s)
12100000 of 30000000 tuples (40%) done (elapsed 2089.18 s, remaining 3090.61 s)
12200000 of 30000000 tuples (40%) done (elapsed 2106.00 s, remaining 3072.69 s)
12300000 of 30000000 tuples (41%) done (elapsed 2123.61 s, remaining 3055.93 s)
12400000 of 30000000 tuples (41%) done (elapsed 2140.04 s, remaining 3037.48 s)
12500000 of 30000000 tuples (41%) done (elapsed 2159.29 s, remaining 3023.00 s)
12600000 of 30000000 tuples (42%) done (elapsed 2175.57 s, remaining 3004.35 s)
12700000 of 30000000 tuples (42%) done (elapsed 2193.73 s, remaining 2988.31 s)
12800000 of 30000000 tuples (42%) done (elapsed 2209.99 s, remaining 2969.68 s)
12900000 of 30000000 tuples (43%) done (elapsed 2228.06 s, remaining 2953.47 s)
13000000 of 30000000 tuples (43%) done (elapsed 2244.50 s, remaining 2935.11 s)
13100000 of 30000000 tuples (43%) done (elapsed 2262.56 s, remaining 2918.87 s)
13200000 of 30000000 tuples (44%) done (elapsed 2279.36 s, remaining 2901.00 s)
13300000 of 30000000 tuples (44%) done (elapsed 2297.26 s, remaining 2884.53 s)
13400000 of 30000000 tuples (44%) done (elapsed 2313.58 s, remaining 2866.07 s)
13500000 of 30000000 tuples (45%) done (elapsed 2331.58 s, remaining 2849.71 s)
13600000 of 30000000 tuples (45%) done (elapsed 2347.82 s, remaining 2831.20 s)
13700000 of 30000000 tuples (45%) done (elapsed 2365.79 s, remaining 2814.77 s)
13800000 of 30000000 tuples (46%) done (elapsed 2383.18 s, remaining 2797.64 s)
13900000 of 30000000 tuples (46%) done (elapsed 2400.85 s, remaining 2780.84 s)
14000000 of 30000000 tuples (46%) done (elapsed 2417.95 s, remaining 2763.37 s)
14100000 of 30000000 tuples (47%) done (elapsed 2436.33 s, remaining 2747.35 s)
14200000 of 30000000 tuples (47%) done (elapsed 2452.83 s, remaining 2729.21 s)
14300000 of 30000000 tuples (47%) done (elapsed 2470.87 s, remaining 2712.78 s)
14400000 of 30000000 tuples (48%) done (elapsed 2487.57 s, remaining 2694.87 s)
14500000 of 30000000 tuples (48%) done (elapsed 2505.21 s, remaining 2677.98 s)
14600000 of 30000000 tuples (48%) done (elapsed 2521.73 s, remaining 2659.91 s)
14700000 of 30000000 tuples (49%) done (elapsed 2539.62 s, remaining 2643.27 s)
14800000 of 30000000 tuples (49%) done (elapsed 2556.11 s, remaining 2625.20 s)
14900000 of 30000000 tuples (49%) done (elapsed 2573.56 s, remaining 2608.10 s)
15000000 of 30000000 tuples (50%) done (elapsed 2590.33 s, remaining 2590.33 s)
15100000 of 30000000 tuples (50%) done (elapsed 2607.87 s, remaining 2573.33 s)
15200000 of 30000000 tuples (50%) done (elapsed 2625.43 s, remaining 2556.34 s)
15300000 of 30000000 tuples (51%) done (elapsed 2642.78 s, remaining 2539.14 s)
15400000 of 30000000 tuples (51%) done (elapsed 2660.06 s, remaining 2521.87 s)
15500000 of 30000000 tuples (51%) done (elapsed 2677.71 s, remaining 2504.95 s)
15600000 of 30000000 tuples (52%) done (elapsed 2694.58 s, remaining 2487.31 s)
15700000 of 30000000 tuples (52%) done (elapsed 2712.44 s, remaining 2470.56 s)
15800000 of 30000000 tuples (52%) done (elapsed 2728.84 s, remaining 2452.50 s)
15900000 of 30000000 tuples (53%) done (elapsed 2746.53 s, remaining 2435.60 s)
16000000 of 30000000 tuples (53%) done (elapsed 2763.38 s, remaining 2417.96 s)
16100000 of 30000000 tuples (53%) done (elapsed 2781.35 s, remaining 2401.29 s)
16200000 of 30000000 tuples (54%) done (elapsed 2797.56 s, remaining 2383.11 s)
16300000 of 30000000 tuples (54%) done (elapsed 2815.56 s, remaining 2366.45 s)
16400000 of 30000000 tuples (54%) done (elapsed 2831.96 s, remaining 2348.45 s)
16500000 of 30000000 tuples (55%) done (elapsed 2849.38 s, remaining 2331.31 s)
16600000 of 30000000 tuples (55%) done (elapsed 2867.26 s, remaining 2314.53 s)
16700000 of 30000000 tuples (55%) done (elapsed 2884.95 s, remaining 2297.59 s)
16800000 of 30000000 tuples (56%) done (elapsed 2901.12 s, remaining 2279.45 s)
16900000 of 30000000 tuples (56%) done (elapsed 2919.67 s, remaining 2263.17 s)
17000000 of 30000000 tuples (56%) done (elapsed 2935.92 s, remaining 2245.12 s)
17100000 of 30000000 tuples (57%) done (elapsed 2952.75 s, remaining 2227.51 s)
17200000 of 30000000 tuples (57%) done (elapsed 2970.96 s, remaining 2210.94 s)
17300000 of 30000000 tuples (57%) done (elapsed 2987.27 s, remaining 2192.97 s)
17400000 of 30000000 tuples (58%) done (elapsed 3004.74 s, remaining 2175.85 s)
17500000 of 30000000 tuples (58%) done (elapsed 3021.19 s, remaining 2157.99 s)
17600000 of 30000000 tuples (58%) done (elapsed 3039.00 s, remaining 2141.12 s)
17700000 of 30000000 tuples (59%) done (elapsed 3055.26 s, remaining 2123.15 s)
17800000 of 30000000 tuples (59%) done (elapsed 3072.81 s, remaining 2106.08 s)
17900000 of 30000000 tuples (59%) done (elapsed 3089.44 s, remaining 2088.39 s)
18000000 of 30000000 tuples (60%) done (elapsed 3107.17 s, remaining 2071.45 s)
18100000 of 30000000 tuples (60%) done (elapsed 3124.24 s, remaining 2054.06 s)
18200000 of 30000000 tuples (60%) done (elapsed 3142.25 s, remaining 2037.28 s)
18300000 of 30000000 tuples (61%) done (elapsed 3158.72 s, remaining 2019.51 s)
18400000 of 30000000 tuples (61%) done (elapsed 3176.37 s, remaining 2002.49 s)
18500000 of 30000000 tuples (61%) done (elapsed 3193.26 s, remaining 1985.00 s)
18600000 of 30000000 tuples (62%) done (elapsed 3211.23 s, remaining 1968.17 s)
18700000 of 30000000 tuples (62%) done (elapsed 3227.84 s, remaining 1950.51 s)
18800000 of 30000000 tuples (62%) done (elapsed 3245.55 s, remaining 1933.52 s)
18900000 of 30000000 tuples (63%) done (elapsed 3261.94 s, remaining 1915.74 s)
19000000 of 30000000 tuples (63%) done (elapsed 3279.46 s, remaining 1898.63 s)
19100000 of 30000000 tuples (63%) done (elapsed 3296.19 s, remaining 1881.07 s)
19200000 of 30000000 tuples (64%) done (elapsed 3314.18 s, remaining 1864.23 s)
19300000 of 30000000 tuples (64%) done (elapsed 3330.22 s, remaining 1846.29 s)
19400000 of 30000000 tuples (64%) done (elapsed 3348.94 s, remaining 1829.83 s)
19500000 of 30000000 tuples (65%) done (elapsed 3365.31 s, remaining 1812.09 s)
19600000 of 30000000 tuples (65%) done (elapsed 3383.65 s, remaining 1795.41 s)
19700000 of 30000000 tuples (65%) done (elapsed 3400.62 s, remaining 1777.99 s)
19800000 of 30000000 tuples (66%) done (elapsed 3418.06 s, remaining 1760.82 s)
19900000 of 30000000 tuples (66%) done (elapsed 3434.10 s, remaining 1742.94 s)
20000000 of 30000000 tuples (66%) done (elapsed 3452.19 s, remaining 1726.09 s)
20100000 of 30000000 tuples (67%) done (elapsed 3468.74 s, remaining 1708.48 s)
20200000 of 30000000 tuples (67%) done (elapsed 3486.38 s, remaining 1691.41 s)
20300000 of 30000000 tuples (67%) done (elapsed 3502.56 s, remaining 1673.64 s)
20400000 of 30000000 tuples (68%) done (elapsed 3520.69 s, remaining 1656.80 s)
20500000 of 30000000 tuples (68%) done (elapsed 3537.30 s, remaining 1639.24 s)
20600000 of 30000000 tuples (68%) done (elapsed 3554.84 s, remaining 1622.11 s)
20700000 of 30000000 tuples (69%) done (elapsed 3571.86 s, remaining 1604.75 s)
20800000 of 30000000 tuples (69%) done (elapsed 3589.37 s, remaining 1587.61 s)
20900000 of 30000000 tuples (69%) done (elapsed 3605.87 s, remaining 1570.02 s)
21000000 of 30000000 tuples (70%) done (elapsed 3624.13 s, remaining 1553.20 s)
21100000 of 30000000 tuples (70%) done (elapsed 3640.47 s, remaining 1535.55 s)
21200000 of 30000000 tuples (70%) done (elapsed 3658.10 s, remaining 1518.46 s)
21300000 of 30000000 tuples (71%) done (elapsed 3675.06 s, remaining 1501.08 s)
21400000 of 30000000 tuples (71%) done (elapsed 3692.78 s, remaining 1484.01 s)
21500000 of 30000000 tuples (71%) done (elapsed 3709.48 s, remaining 1466.54 s)
21600000 of 30000000 tuples (72%) done (elapsed 3727.50 s, remaining 1449.58 s)
21700000 of 30000000 tuples (72%) done (elapsed 3744.65 s, remaining 1432.28 s)
21800000 of 30000000 tuples (72%) done (elapsed 3761.95 s, remaining 1415.05 s)
21900000 of 30000000 tuples (73%) done (elapsed 3779.44 s, remaining 1397.87 s)
22000000 of 30000000 tuples (73%) done (elapsed 3795.65 s, remaining 1380.24 s)
22100000 of 30000000 tuples (73%) done (elapsed 3813.53 s, remaining 1363.21 s)
22200000 of 30000000 tuples (74%) done (elapsed 3829.68 s, remaining 1345.56 s)
22300000 of 30000000 tuples (74%) done (elapsed 3848.91 s, remaining 1329.00 s)
22400000 of 30000000 tuples (74%) done (elapsed 3865.02 s, remaining 1311.35 s)
22500000 of 30000000 tuples (75%) done (elapsed 3882.76 s, remaining 1294.25 s)
22600000 of 30000000 tuples (75%) done (elapsed 3899.58 s, remaining 1276.85 s)
22700000 of 30000000 tuples (75%) done (elapsed 3917.02 s, remaining 1259.66 s)
22800000 of 30000000 tuples (76%) done (elapsed 3933.94 s, remaining 1242.30 s)
22900000 of 30000000 tuples (76%) done (elapsed 3951.61 s, remaining 1225.17 s)
23000000 of 30000000 tuples (76%) done (elapsed 3968.26 s, remaining 1207.73 s)
23100000 of 30000000 tuples (77%) done (elapsed 3985.66 s, remaining 1190.52 s)
23200000 of 30000000 tuples (77%) done (elapsed 4003.27 s, remaining 1173.37 s)
23300000 of 30000000 tuples (77%) done (elapsed 4020.52 s, remaining 1156.12 s)
23400000 of 30000000 tuples (78%) done (elapsed 4037.31 s, remaining 1138.73 s)
23500000 of 30000000 tuples (78%) done (elapsed 4055.34 s, remaining 1121.69 s)
23600000 of 30000000 tuples (78%) done (elapsed 4072.62 s, remaining 1104.44 s)
23700000 of 30000000 tuples (79%) done (elapsed 4090.34 s, remaining 1087.31 s)
23800000 of 30000000 tuples (79%) done (elapsed 4107.37 s, remaining 1069.99 s)
23900000 of 30000000 tuples (79%) done (elapsed 4125.00 s, remaining 1052.82 s)
24000000 of 30000000 tuples (80%) done (elapsed 4141.39 s, remaining 1035.35 s)
24100000 of 30000000 tuples (80%) done (elapsed 4159.42 s, remaining 1018.28 s)
24200000 of 30000000 tuples (80%) done (elapsed 4176.15 s, remaining 1000.90 s)
24300000 of 30000000 tuples (81%) done (elapsed 4194.13 s, remaining 983.81 s)
24400000 of 30000000 tuples (81%) done (elapsed 4211.00 s, remaining 966.46 s)
24500000 of 30000000 tuples (81%) done (elapsed 4228.84 s, remaining 949.33 s)
24600000 of 30000000 tuples (82%) done (elapsed 4245.10 s, remaining 931.85 s)
24700000 of 30000000 tuples (82%) done (elapsed 4262.67 s, remaining 914.66 s)
24800000 of 30000000 tuples (82%) done (elapsed 4279.56 s, remaining 897.33 s)
24900000 of 30000000 tuples (83%) done (elapsed 4297.12 s, remaining 880.13 s)
25000000 of 30000000 tuples (83%) done (elapsed 4313.43 s, remaining 862.69 s)
25100000 of 30000000 tuples (83%) done (elapsed 4331.74 s, remaining 845.64 s)
25200000 of 30000000 tuples (84%) done (elapsed 4348.00 s, remaining 828.19 s)
25300000 of 30000000 tuples (84%) done (elapsed 4365.78 s, remaining 811.03 s)
25400000 of 30000000 tuples (84%) done (elapsed 4382.26 s, remaining 793.64 s)
25500000 of 30000000 tuples (85%) done (elapsed 4400.08 s, remaining 776.48 s)
25600000 of 30000000 tuples (85%) done (elapsed 4416.43 s, remaining 759.07 s)
25700000 of 30000000 tuples (85%) done (elapsed 4434.64 s, remaining 741.98 s)
25800000 of 30000000 tuples (86%) done (elapsed 4450.78 s, remaining 724.55 s)
25900000 of 30000000 tuples (86%) done (elapsed 4468.79 s, remaining 707.41 s)
26000000 of 30000000 tuples (86%) done (elapsed 4485.37 s, remaining 690.06 s)
26100000 of 30000000 tuples (87%) done (elapsed 4503.05 s, remaining 672.87 s)
26200000 of 30000000 tuples (87%) done (elapsed 4519.32 s, remaining 655.47 s)
26300000 of 30000000 tuples (87%) done (elapsed 4538.21 s, remaining 638.46 s)
26400000 of 30000000 tuples (88%) done (elapsed 4554.66 s, remaining 621.09 s)
26500000 of 30000000 tuples (88%) done (elapsed 4572.61 s, remaining 603.93 s)
26600000 of 30000000 tuples (88%) done (elapsed 4589.29 s, remaining 586.60 s)
26700000 of 30000000 tuples (89%) done (elapsed 4607.06 s, remaining 569.41 s)
26800000 of 30000000 tuples (89%) done (elapsed 4623.21 s, remaining 552.03 s)
26900000 of 30000000 tuples (89%) done (elapsed 4641.62 s, remaining 534.91 s)
27000000 of 30000000 tuples (90%) done (elapsed 4658.10 s, remaining 517.57 s)
27100000 of 30000000 tuples (90%) done (elapsed 4675.80 s, remaining 500.36 s)
27200000 of 30000000 tuples (90%) done (elapsed 4692.84 s, remaining 483.09 s)
27300000 of 30000000 tuples (91%) done (elapsed 4711.39 s, remaining 465.96 s)
27400000 of 30000000 tuples (91%) done (elapsed 4727.96 s, remaining 448.64 s)
27500000 of 30000000 tuples (91%) done (elapsed 4745.82 s, remaining 431.44 s)
27600000 of 30000000 tuples (92%) done (elapsed 4762.48 s, remaining 414.13 s)
27700000 of 30000000 tuples (92%) done (elapsed 4779.82 s, remaining 396.88 s)
27800000 of 30000000 tuples (92%) done (elapsed 4798.18 s, remaining 379.71 s)
27900000 of 30000000 tuples (93%) done (elapsed 4816.11 s, remaining 362.50 s)
28000000 of 30000000 tuples (93%) done (elapsed 4832.33 s, remaining 345.17 s)
28100000 of 30000000 tuples (93%) done (elapsed 4849.61 s, remaining 327.91 s)
28200000 of 30000000 tuples (94%) done (elapsed 4867.66 s, remaining 310.70 s)
28300000 of 30000000 tuples (94%) done (elapsed 4884.32 s, remaining 293.40 s)
28400000 of 30000000 tuples (94%) done (elapsed 4901.72 s, remaining 276.15 s)
28500000 of 30000000 tuples (95%) done (elapsed 4918.64 s, remaining 258.88 s)
28600000 of 30000000 tuples (95%) done (elapsed 4936.45 s, remaining 241.64 s)
28700000 of 30000000 tuples (95%) done (elapsed 4953.28 s, remaining 224.36 s)
28800000 of 30000000 tuples (96%) done (elapsed 4973.07 s, remaining 207.21 s)
28900000 of 30000000 tuples (96%) done (elapsed 4989.44 s, remaining 189.91 s)
29000000 of 30000000 tuples (96%) done (elapsed 5007.68 s, remaining 172.68 s)
29100000 of 30000000 tuples (97%) done (elapsed 5024.33 s, remaining 155.39 s)
29200000 of 30000000 tuples (97%) done (elapsed 5042.00 s, remaining 138.14 s)
29300000 of 30000000 tuples (97%) done (elapsed 5058.44 s, remaining 120.85 s)
29400000 of 30000000 tuples (98%) done (elapsed 5076.47 s, remaining 103.60 s)
29500000 of 30000000 tuples (98%) done (elapsed 5093.27 s, remaining 86.33 s)
29600000 of 30000000 tuples (98%) done (elapsed 5110.70 s, remaining 69.06 s)
29700000 of 30000000 tuples (99%) done (elapsed 5126.97 s, remaining 51.79 s)
29800000 of 30000000 tuples (99%) done (elapsed 5145.15 s, remaining 34.53 s)
29900000 of 30000000 tuples (99%) done (elapsed 5161.70 s, remaining 17.26 s)
30000000 of 30000000 tuples (100%) done (elapsed 5179.54 s, remaining 0.00 s)
vacuum...
set primary keys...
NOTICE:  ALTER TABLE / ADD PRIMARY KEY will create implicit index "pgbench_branches_pkey" for table "pgbench_branches"
NOTICE:  ALTER TABLE / ADD PRIMARY KEY will create implicit index "pgbench_tellers_pkey" for table "pgbench_tellers"
NOTICE:  ALTER TABLE / ADD PRIMARY KEY will create implicit index "pgbench_accounts_pkey" for table "pgbench_accounts"
done.
starting vacuum...end.
transaction type: <builtin: TPC-B (sort of)>
scaling factor: 300
query mode: simple
number of clients: 32
number of threads: 4
duration: 60 s
number of transactions actually processed: 1800
latency average: 1066.667 ms
tps = 29.830240 (including connections establishing)
tps = 29.832432 (excluding connections establishing)
script statistics:
 - statement latencies in milliseconds:
         0.003  \set aid random(1, 100000 * :scale)
         0.001  \set bid random(1, 1 * :scale)
         0.001  \set tid random(1, 10 * :scale)
         0.001  \set delta random(-5000, 5000)
         0.136  BEGIN;
       376.082  UPDATE pgbench_accounts SET abalance = abalance + :delta WHERE aid = :aid;
         9.527  SELECT abalance FROM pgbench_accounts WHERE aid = :aid;
       236.995  UPDATE pgbench_tellers SET tbalance = tbalance + :delta WHERE tid = :tid;
       221.240  UPDATE pgbench_branches SET bbalance = bbalance + :delta WHERE bid = :bid;
        79.975  INSERT INTO pgbench_history (tid, bid, aid, delta, mtime) VALUES (:tid, :bid, :aid, :delta, CURRENT_TIMESTAMP);
       147.286  END;
starting vacuum...end.
transaction type: <builtin: TPC-B (sort of)>
scaling factor: 300
query mode: simple
number of clients: 32
number of threads: 4
duration: 60 s
number of transactions actually processed: 1176
latency average: 1632.653 ms
tps = 19.435883 (including connections establishing)
tps = 19.437232 (excluding connections establishing)
script statistics:
 - statement latencies in milliseconds:
         0.003  \set aid random(1, 100000 * :scale)
         0.001  \set bid random(1, 1 * :scale)
         0.001  \set tid random(1, 10 * :scale)
         0.001  \set delta random(-5000, 5000)
         0.320  BEGIN;
       653.918  UPDATE pgbench_accounts SET abalance = abalance + :delta WHERE aid = :aid;
        16.753  SELECT abalance FROM pgbench_accounts WHERE aid = :aid;
       310.477  UPDATE pgbench_tellers SET tbalance = tbalance + :delta WHERE tid = :tid;
       285.991  UPDATE pgbench_branches SET bbalance = bbalance + :delta WHERE bid = :bid;
       127.161  INSERT INTO pgbench_history (tid, bid, aid, delta, mtime) VALUES (:tid, :bid, :aid, :delta, CURRENT_TIMESTAMP);
       248.907  END;
starting vacuum...end.
transaction type: <builtin: TPC-B (sort of)>
scaling factor: 300
query mode: simple
number of clients: 32
number of threads: 4
duration: 900 s
number of transactions actually processed: 21159
latency average: 1361.123 ms
tps = 22.998345 (including connections establishing)
tps = 22.998475 (excluding connections establishing)
script statistics:
 - statement latencies in milliseconds:
         0.003  \set aid random(1, 100000 * :scale)
         0.001  \set bid random(1, 1 * :scale)
         0.001  \set tid random(1, 10 * :scale)
         0.001  \set delta random(-5000, 5000)
         0.168  BEGIN;
       678.519  UPDATE pgbench_accounts SET abalance = abalance + :delta WHERE aid = :aid;
         0.592  SELECT abalance FROM pgbench_accounts WHERE aid = :aid;
       267.601  UPDATE pgbench_tellers SET tbalance = tbalance + :delta WHERE tid = :tid;
       152.419  UPDATE pgbench_branches SET bbalance = bbalance + :delta WHERE bid = :bid;
        68.272  INSERT INTO pgbench_history (tid, bid, aid, delta, mtime) VALUES (:tid, :bid, :aid, :delta, CURRENT_TIMESTAMP);
       204.373  END;
========================================================================
Testing 2004-10-02-REL8_0_0~839
Start Time: 2016-07-31 02:56:00+00:00
Linux 3.16.0-4-amd64 (Debian-83-jessie-64-minimal) 	31.07.16 	_x86_64_	(8 CPU)

starting vacuum...end.
transaction type: <builtin: TPC-B (sort of)>
scaling factor: 300
query mode: simple
number of clients: 32
number of threads: 4
duration: 900 s
number of transactions actually processed: 18843
latency average: 1528.419 ms
tps = 20.915318 (including connections establishing)
tps = 20.915428 (excluding connections establishing)
script statistics:
 - statement latencies in milliseconds:
         0.003  \set aid random(1, 100000 * :scale)
         0.001  \set bid random(1, 1 * :scale)
         0.001  \set tid random(1, 10 * :scale)
         0.001  \set delta random(-5000, 5000)
         0.183  BEGIN;
       657.018  UPDATE pgbench_accounts SET abalance = abalance + :delta WHERE aid = :aid;
         1.277  SELECT abalance FROM pgbench_accounts WHERE aid = :aid;
       313.893  UPDATE pgbench_tellers SET tbalance = tbalance + :delta WHERE tid = :tid;
       211.040  UPDATE pgbench_branches SET bbalance = bbalance + :delta WHERE bid = :bid;
       107.098  INSERT INTO pgbench_history (tid, bid, aid, delta, mtime) VALUES (:tid, :bid, :aid, :delta, CURRENT_TIMESTAMP);
       239.476  END;
avg-cpu:  %user   %nice %system %iowait  %steal   %idle
           0,37    0,00    0,21    7,29    0,00   92,12

Device:         rrqm/s   wrqm/s     r/s     w/s    rkB/s    wkB/s avgrq-sz avgqu-sz   await r_await w_await  svctm  %util
sdb               0,00     1,38    3,17  154,96    26,16   880,39    11,47    17,63  111,47   27,17  113,19   4,27  67,48
sda               0,00     1,37   15,44  154,97   128,14   880,39    11,84     8,50   49,85   30,12   51,82   4,48  76,33
md0               0,00     0,00    0,02    0,00     0,09     0,00     8,00     0,00    0,00    0,00    0,00   0,00   0,00
md1               0,00     0,00    0,00    0,00     0,00     0,00     0,00     0,00    0,00    0,00    0,00   0,00   0,00
md2               0,00     0,00   18,59  155,79   154,21   879,02    11,85     0,00    0,00    0,00    0,00   0,00   0,00
md3               0,00     0,00    0,00    0,01     0,00     0,04     8,00     0,00    0,00    0,00    0,00   0,00   0,00

End Time: 2016-07-31 03:11:30+00:00
========================================================================
========================================================================
Testing 2004-10-02-REL8_0_0~839
Start Time: 2016-08-07 02:05:19+00:00
Shared Buffers:  260000
Linux 3.16.0-4-amd64 (Debian-83-jessie-64-minimal) 	07.08.16 	_x86_64_	(8 CPU)

starting vacuum...end.
transaction type: <builtin: TPC-B (sort of)>
scaling factor: 300
query mode: simple
number of clients: 32
number of threads: 4
duration: 900 s
number of transactions actually processed: 19240
latency average: 1496.881 ms
tps = 20.966636 (including connections establishing)
tps = 20.966926 (excluding connections establishing)
script statistics:
 - statement latencies in milliseconds:
         0.003  \set aid random(1, 100000 * :scale)
         0.001  \set bid random(1, 1 * :scale)
         0.001  \set tid random(1, 10 * :scale)
         0.001  \set delta random(-5000, 5000)
         0.116  BEGIN;
       648.171  UPDATE pgbench_accounts SET abalance = abalance + :delta WHERE aid = :aid;
         0.900  SELECT abalance FROM pgbench_accounts WHERE aid = :aid;
       316.717  UPDATE pgbench_tellers SET tbalance = tbalance + :delta WHERE tid = :tid;
       220.792  UPDATE pgbench_branches SET bbalance = bbalance + :delta WHERE bid = :bid;
        99.109  INSERT INTO pgbench_history (tid, bid, aid, delta, mtime) VALUES (:tid, :bid, :aid, :delta, CURRENT_TIMESTAMP);
       237.785  END;
avg-cpu:  %user   %nice %system %iowait  %steal   %idle
           0,63    0,00    0,24    6,98    0,00   92,15

Device:         rrqm/s   wrqm/s     r/s     w/s    rkB/s    wkB/s avgrq-sz avgqu-sz   await r_await w_await  svctm  %util
sdb               0,00     1,33    1,97  161,62    15,97   914,32    11,37    11,43   69,88   24,12   70,44   3,70  60,58
sda               0,01     1,32   17,01  161,63   141,04   914,32    11,82    11,07   62,00   28,75   65,50   4,75  84,90
md0               0,00     0,00    0,03    0,00     0,13     0,00     8,00     0,00    0,00    0,00    0,00   0,00   0,00
md1               0,00     0,00    0,00    0,00     0,00     0,00     0,00     0,00    0,00    0,00    0,00   0,00   0,00
md2               0,00     0,00   18,96  162,38   156,88   912,88    11,80     0,00    0,00    0,00    0,00   0,00   0,00
md3               0,00     0,00    0,00    0,01     0,00     0,03     8,00     0,00    0,00    0,00    0,00   0,00   0,00

Control File Changes
--- /usr/local/oldpgsql/2004-10-02-REL8_0_0~839/before.controldata	2016-08-07 04:05:19.674134976 +0200
+++ /usr/local/oldpgsql/2004-10-02-REL8_0_0~839/after.controldata	2016-08-07 04:20:50.905378740 +0200
@@ -2,17 +2,17 @@
 Catalog version number:               200408031
 Database system identifier:           6255395563413421055
 Database cluster state:               in production
-pg_control last modified:             нд, 07-сер-2016 04:05:19 +0200
+pg_control last modified:             нд, 07-сер-2016 04:20:50 +0200
 Current log file ID:                  1
-Next log file segment:                90
-Latest checkpoint location:           1/5929A8C8
-Prior checkpoint location:            1/5929A880
-Latest checkpoint's REDO location:    1/5929A8C8
+Next log file segment:                110
+Latest checkpoint location:           1/6D2981F8
+Prior checkpoint location:            1/6D25C7B0
+Latest checkpoint's REDO location:    1/6D2981F8
 Latest checkpoint's UNDO location:    0/0
 Latest checkpoint's TimeLineID:       1
-Latest checkpoint's NextXID:          44891
-Latest checkpoint's NextOID:          31549213
-Time of latest checkpoint:            нд, 07-сер-2016 04:05:19 +0200
+Latest checkpoint's NextXID:          64174
+Latest checkpoint's NextOID:          31573789
+Time of latest checkpoint:            нд, 07-сер-2016 04:20:49 +0200
 Database block size:                  8192
 Blocks per segment of large relation: 131072
 Bytes per WAL segment:                16777216
End Time: 2016-08-07 02:20:50+00:00
========================================================================
========================================================================
Testing 2004-10-02-REL8_0_0~839
Start Time: 2016-08-09 04:45:11+00:00
Shared Buffers:  260000
size before pgbench of pgbench_branches_pkey: 648
size before pgbench of pgbench_branches: 1088
size before pgbench of pgbench_tellers_pkey: 632
size before pgbench of pgbench_tellers: 1440
size before pgbench of pgbench_accounts_pkey: 658092
size before pgbench of pgbench_accounts: 1001388
size before pgbench of pgbench_history: 1288
total size before pgbench: 1664576
Linux 3.16.0-4-amd64 (Debian-83-jessie-64-minimal) 	09.08.16 	_x86_64_	(8 CPU)

starting vacuum...end.
transaction type: <builtin: select only>
scaling factor: 300
query mode: simple
number of clients: 32
number of threads: 4
duration: 60 s
number of transactions actually processed: 45157
latency average: 42.518 ms
tps = 750.539424 (including connections establishing)
tps = 750.697835 (excluding connections establishing)
script statistics:
 - statement latencies in milliseconds:
         0.002  \set aid random(1, 100000 * :scale)
        42.528  SELECT abalance FROM pgbench_accounts WHERE aid = :aid;
avg-cpu:  %user   %nice %system %iowait  %steal   %idle
           3,36    0,00    0,41   29,32    0,00   66,91

Device:         rrqm/s   wrqm/s     r/s     w/s    rkB/s    wkB/s avgrq-sz avgqu-sz   await r_await w_await  svctm  %util
sdb               0,00     1,00  196,52   19,48  1738,53   121,03    17,22    12,11   56,09   53,05   86,79   3,90  84,28
sda               0,03     1,00  201,03   19,48  1769,33   121,03    17,15    13,29   60,26   55,78  106,49   4,30  94,75
md0               0,00     0,00    0,04    0,00     0,18     0,00     8,00     0,00    0,00    0,00    0,00   0,00   0,00
md1               0,00     0,00    0,00    0,00     0,00     0,00     0,00     0,00    0,00    0,00    0,00   0,00   0,00
md2               0,00     0,00  397,56   19,33  3507,24   118,49    17,39     0,00    0,00    0,00    0,00   0,00   0,00
md3               0,00     0,00    0,00    0,07     0,00     0,27     8,00     0,00    0,00    0,00    0,00   0,00   0,00

Control File Changes
--- /usr/local/oldpgsql/2004-10-02-REL8_0_0~839/before.controldata	2016-08-09 06:46:42.453198667 +0200
+++ /usr/local/oldpgsql/2004-10-02-REL8_0_0~839/after.controldata	2016-08-09 06:48:13.137376038 +0200
@@ -5 +5 @@
-pg_control last modified:             Tue Aug  9 04:46:42 2016
+pg_control last modified:             Tue Aug  9 04:48:12 2016
@@ -8,3 +8,3 @@
-Latest checkpoint location:           1/6D298288
-Prior checkpoint location:            1/6D298240
-Latest checkpoint's REDO location:    1/6D298288
+Latest checkpoint location:           1/6D637070
+Prior checkpoint location:            1/6D298288
+Latest checkpoint's REDO location:    1/6D637070
@@ -13,3 +13,3 @@
-Latest checkpoint's NextXID:          64206
-Latest checkpoint's NextOID:          31568454
-Time of latest checkpoint:            Tue Aug  9 04:46:41 2016
+Latest checkpoint's NextXID:          109406
+Latest checkpoint's NextOID:          31576646
+Time of latest checkpoint:            Tue Aug  9 04:48:12 2016
size after pgbench of pgbench_branches_pkey: 648
size after pgbench of pgbench_branches: 1088
size after pgbench of pgbench_tellers_pkey: 632
size after pgbench of pgbench_tellers: 1440
size after pgbench of pgbench_accounts_pkey: 658092
size after pgbench of pgbench_accounts: 1001388
size after pgbench of pgbench_history: 0
total size after pgbench: 1663288
End Time: 2016-08-09 04:48:13+00:00
========================================================================
========================================================================
Testing 2004-10-02-REL8_0_0~839
Start Time: 2016-08-09 13:04:32+00:00
Shared Buffers:  260000
size before pgbench of pgbench_branches_pkey: 648
size before pgbench of pgbench_branches: 1088
size before pgbench of pgbench_tellers_pkey: 632
size before pgbench of pgbench_tellers: 1440
size before pgbench of pgbench_accounts_pkey: 658092
size before pgbench of pgbench_accounts: 1001388
size before pgbench of pgbench_history: 0
total size before pgbench: 1663288
Linux 3.16.0-4-amd64 (Debian-83-jessie-64-minimal) 	09.08.16 	_x86_64_	(8 CPU)

starting vacuum...end.
transaction type: <builtin: select only>
scaling factor: 300
query mode: simple
number of clients: 32
number of threads: 4
duration: 60 s
number of transactions actually processed: 47035
latency average: 40.821 ms
tps = 782.636104 (including connections establishing)
tps = 782.791207 (excluding connections establishing)
script statistics:
 - statement latencies in milliseconds:
         0.002  \set aid random(1, 100000 * :scale)
        40.742  SELECT abalance FROM pgbench_accounts WHERE aid = :aid;
avg-cpu:  %user   %nice %system %iowait  %steal   %idle
           3,45    0,00    0,45   29,67    0,00   66,42

Device:         rrqm/s   wrqm/s     r/s     w/s    rkB/s    wkB/s avgrq-sz avgqu-sz   await r_await w_await  svctm  %util
sdb               0,00     0,78  201,98    2,33  1783,51    25,42    17,71    12,20   59,72   56,11  372,51   3,30  67,44
sda               0,00     0,78  209,33    2,33  1858,84    25,42    17,80    11,17   52,79   49,99  303,96   3,19  67,57
md0               0,00     0,00    0,01    0,00     0,04     0,00     8,00     0,00    0,00    0,00    0,00   0,00   0,00
md1               0,00     0,00    0,00    0,00     0,00     0,00     0,00     0,00    0,00    0,00    0,00   0,00   0,00
md2               0,00     0,00  411,31    1,78  3642,31    22,27    17,74     0,00    0,00    0,00    0,00   0,00   0,00
md3               0,00     0,00    0,00    0,10     0,00     0,40     8,00     0,00    0,00    0,00    0,00   0,00   0,00

Control File Changes
--- /usr/local/oldpgsql/2004-10-02-REL8_0_0~839/before.controldata	2016-08-09 15:05:15.642595922 +0200
+++ /usr/local/oldpgsql/2004-10-02-REL8_0_0~839/after.controldata	2016-08-09 15:06:45.886779041 +0200
@@ -5 +5 @@
-pg_control last modified:             Tue Aug  9 13:05:15 2016
+pg_control last modified:             Tue Aug  9 13:06:45 2016
@@ -8,3 +8,3 @@
-Latest checkpoint location:           1/6D637100
-Prior checkpoint location:            1/6D6370B8
-Latest checkpoint's REDO location:    1/6D637100
+Latest checkpoint location:           1/6D63D348
+Prior checkpoint location:            1/6D637100
+Latest checkpoint's REDO location:    1/6D63D348
@@ -13,3 +13,3 @@
-Latest checkpoint's NextXID:          109440
-Latest checkpoint's NextOID:          31568455
-Time of latest checkpoint:            Tue Aug  9 13:05:15 2016
+Latest checkpoint's NextXID:          156518
+Latest checkpoint's NextOID:          31576647
+Time of latest checkpoint:            Tue Aug  9 13:06:45 2016
size after pgbench of pgbench_branches_pkey: 648
size after pgbench of pgbench_branches: 1088
size after pgbench of pgbench_tellers_pkey: 632
size after pgbench of pgbench_tellers: 1440
size after pgbench of pgbench_accounts_pkey: 658092
size after pgbench of pgbench_accounts: 1001388
size after pgbench of pgbench_history: 0
total size after pgbench: 1663288
End Time: 2016-08-09 13:06:45+00:00
========================================================================
========================================================================
Testing 2004-10-02-REL8_0_0~839
Start Time: 2016-08-10 03:59:43+00:00
Shared Buffers:  260000
size before pgbench of pgbench_branches_pkey: 648
size before pgbench of pgbench_branches: 1088
size before pgbench of pgbench_tellers_pkey: 632
size before pgbench of pgbench_tellers: 1440
size before pgbench of pgbench_accounts_pkey: 658092
size before pgbench of pgbench_accounts: 1001388
size before pgbench of pgbench_history: 0
total size before pgbench: 1663288
Linux 3.16.0-4-amd64 (Debian-83-jessie-64-minimal) 	10.08.16 	_x86_64_	(8 CPU)

starting vacuum...end.
transaction type: <builtin: select only>
scaling factor: 300
query mode: simple
number of clients: 32
number of threads: 4
duration: 60 s
number of transactions actually processed: 46375
latency average: 41.402 ms
tps = 771.553152 (including connections establishing)
tps = 771.713924 (excluding connections establishing)
script statistics:
 - statement latencies in milliseconds:
         0.002  \set aid random(1, 100000 * :scale)
        41.380  SELECT abalance FROM pgbench_accounts WHERE aid = :aid;
avg-cpu:  %user   %nice %system %iowait  %steal   %idle
           3,44    0,00    0,42   30,36    0,00   65,78

Device:         rrqm/s   wrqm/s     r/s     w/s    rkB/s    wkB/s avgrq-sz avgqu-sz   await r_await w_await  svctm  %util
sdb               0,00     0,67  201,40    2,32  1787,78    24,82    17,79    12,78   62,76   52,41  959,79   3,30  67,18
sda               0,00     0,67  204,11    2,32  1812,58    24,82    17,80    11,77   56,98   54,93  237,40   3,26  67,25
md0               0,00     0,00    0,00    0,00     0,00     0,00     0,00     0,00    0,00    0,00    0,00   0,00   0,00
md1               0,00     0,00    0,00    0,00     0,00     0,00     0,00     0,00    0,00    0,00    0,00   0,00   0,00
md2               0,00     0,00  405,51    1,64  3599,96    21,73    17,79     0,00    0,00    0,00    0,00   0,00   0,00
md3               0,00     0,00    0,00    0,10     0,00     0,40     8,00     0,00    0,00    0,00    0,00   0,00   0,00

Control File Changes
--- /usr/local/oldpgsql/2004-10-02-REL8_0_0~839/before.controldata	2016-08-10 06:00:26.279937827 +0200
+++ /usr/local/oldpgsql/2004-10-02-REL8_0_0~839/after.controldata	2016-08-10 06:01:56.548108975 +0200
@@ -5 +5 @@
-pg_control last modified:             Wed Aug 10 04:00:26 2016
+pg_control last modified:             Wed Aug 10 04:01:56 2016
@@ -8,3 +8,3 @@
-Latest checkpoint location:           1/6D63D3D8
-Prior checkpoint location:            1/6D63D390
-Latest checkpoint's REDO location:    1/6D63D3D8
+Latest checkpoint location:           1/6D643648
+Prior checkpoint location:            1/6D63D3D8
+Latest checkpoint's REDO location:    1/6D643648
@@ -13,3 +13,3 @@
-Latest checkpoint's NextXID:          156552
-Latest checkpoint's NextOID:          31568456
-Time of latest checkpoint:            Wed Aug 10 04:00:25 2016
+Latest checkpoint's NextXID:          202970
+Latest checkpoint's NextOID:          31576648
+Time of latest checkpoint:            Wed Aug 10 04:01:56 2016
size after pgbench of pgbench_branches_pkey: 648
size after pgbench of pgbench_branches: 1088
size after pgbench of pgbench_tellers_pkey: 632
size after pgbench of pgbench_tellers: 1440
size after pgbench of pgbench_accounts_pkey: 658092
size after pgbench of pgbench_accounts: 1001388
size after pgbench of pgbench_history: 0
total size after pgbench: 1663288
End Time: 2016-08-10 04:01:56+00:00
========================================================================
========================================================================
Testing 2004-10-02-REL8_0_0~839
Start Time: 2016-08-11 03:11:03+00:00
Shared Buffers:  260000
size before pgbench of pgbench_branches_pkey: 648
size before pgbench of pgbench_branches: 1088
size before pgbench of pgbench_tellers_pkey: 632
size before pgbench of pgbench_tellers: 1440
size before pgbench of pgbench_accounts_pkey: 658092
size before pgbench of pgbench_accounts: 1001388
size before pgbench of pgbench_history: 0
total size before pgbench: 1663288
Linux 3.16.0-4-amd64 (Debian-83-jessie-64-minimal) 	11.08.16 	_x86_64_	(8 CPU)

starting vacuum...end.
transaction type: <builtin: select only>
scaling factor: 300
query mode: simple
number of clients: 32
number of threads: 4
duration: 60 s
number of transactions actually processed: 46102
latency average: 41.647 ms
tps = 766.827784 (including connections establishing)
tps = 766.998743 (excluding connections establishing)
script statistics:
 - statement latencies in milliseconds:
         0.002  \set aid random(1, 100000 * :scale)
        41.627  SELECT abalance FROM pgbench_accounts WHERE aid = :aid;
avg-cpu:  %user   %nice %system %iowait  %steal   %idle
           3,42    0,00    0,40   29,69    0,00   66,49

Device:         rrqm/s   wrqm/s     r/s     w/s    rkB/s    wkB/s avgrq-sz avgqu-sz   await r_await w_await  svctm  %util
sdb               0,01     0,72  199,19    2,29  1769,33    24,86    17,81    12,31   61,12   53,23  747,42   3,34  67,31
sda               0,01     0,72  203,34    2,29  1800,76    24,86    17,76    11,96   58,16   55,25  316,47   3,28  67,54
md0               0,00     0,00    0,09    0,00     0,36     0,00     8,00     0,00    0,00    0,00    0,00   0,00   0,00
md1               0,00     0,00    0,00    0,00     0,00     0,00     0,00     0,00    0,00    0,00    0,00   0,00   0,00
md2               0,00     0,00  402,48    1,63  3569,73    21,69    17,77     0,00    0,00    0,00    0,00   0,00   0,00
md3               0,00     0,00    0,00    0,10     0,00     0,40     8,00     0,00    0,00    0,00    0,00   0,00   0,00

Control File Changes
--- /usr/local/oldpgsql/2004-10-02-REL8_0_0~839/before.controldata	2016-08-11 05:11:46.849395469 +0200
+++ /usr/local/oldpgsql/2004-10-02-REL8_0_0~839/after.controldata	2016-08-11 05:13:17.101570566 +0200
@@ -5 +5 @@
-pg_control last modified:             Thu Aug 11 03:11:46 2016
+pg_control last modified:             Thu Aug 11 03:13:17 2016
@@ -8,3 +8,3 @@
-Latest checkpoint location:           1/6D6436D8
-Prior checkpoint location:            1/6D643690
-Latest checkpoint's REDO location:    1/6D6436D8
+Latest checkpoint location:           1/6D649920
+Prior checkpoint location:            1/6D6436D8
+Latest checkpoint's REDO location:    1/6D649920
@@ -13,3 +13,3 @@
-Latest checkpoint's NextXID:          203004
-Latest checkpoint's NextOID:          31568457
-Time of latest checkpoint:            Thu Aug 11 03:11:46 2016
+Latest checkpoint's NextXID:          249149
+Latest checkpoint's NextOID:          31576649
+Time of latest checkpoint:            Thu Aug 11 03:13:16 2016
size after pgbench of pgbench_branches_pkey: 648
size after pgbench of pgbench_branches: 1088
size after pgbench of pgbench_tellers_pkey: 632
size after pgbench of pgbench_tellers: 1440
size after pgbench of pgbench_accounts_pkey: 658092
size after pgbench of pgbench_accounts: 1001388
size after pgbench of pgbench_history: 0
total size after pgbench: 1663288
End Time: 2016-08-11 03:13:17+00:00
========================================================================
========================================================================
Testing 2004-10-02-REL8_0_0~839
Start Time: 2016-08-11 20:22:48+00:00
Shared Buffers:  260000
size before pgbench of pgbench_branches_pkey: 648
size before pgbench of pgbench_branches: 1088
size before pgbench of pgbench_tellers_pkey: 632
size before pgbench of pgbench_tellers: 1440
size before pgbench of pgbench_accounts_pkey: 658092
size before pgbench of pgbench_accounts: 1001388
size before pgbench of pgbench_history: 0
total size before pgbench: 1663288
Linux 3.16.0-4-amd64 (Debian-83-jessie-64-minimal) 	11.08.16 	_x86_64_	(8 CPU)

starting vacuum...end.
transaction type: <builtin: select only>
scaling factor: 300
query mode: simple
number of clients: 32
number of threads: 4
duration: 60 s
number of transactions actually processed: 45348
latency average: 42.339 ms
tps = 754.006006 (including connections establishing)
tps = 754.143522 (excluding connections establishing)
script statistics:
 - statement latencies in milliseconds:
         0.002  \set aid random(1, 100000 * :scale)
        42.326  SELECT abalance FROM pgbench_accounts WHERE aid = :aid;
avg-cpu:  %user   %nice %system %iowait  %steal   %idle
           3,42    0,00    0,43   31,48    0,00   64,66

Device:         rrqm/s   wrqm/s     r/s     w/s    rkB/s    wkB/s avgrq-sz avgqu-sz   await r_await w_await  svctm  %util
sdb               0,70     1,09  196,06    2,72  1741,24    27,83    17,80    11,84   59,58   54,94  393,91   3,40  67,65
sda               1,14     1,09  205,49    2,72  1814,71    27,83    17,70    14,48   69,52   56,03 1088,24   3,24  67,48
md0               0,00     0,00    3,81    0,00    15,24     0,00     8,00     0,00    0,00    0,00    0,00   0,00   0,00
md1               0,00     0,00    0,00    0,00     0,00     0,00     0,00     0,00    0,00    0,00    0,00   0,00   0,00
md2               0,00     0,00  399,66    2,37  3540,62    24,49    17,74     0,00    0,00    0,00    0,00   0,00   0,00
md3               0,00     0,00    0,00    0,10     0,00     0,40     8,00     0,00    0,00    0,00    0,00   0,00   0,00

Control File Changes
--- /usr/local/oldpgsql/2004-10-02-REL8_0_0~839/before.controldata	2016-08-11 22:23:31.640160883 +0200
+++ /usr/local/oldpgsql/2004-10-02-REL8_0_0~839/after.controldata	2016-08-11 22:25:02.020493907 +0200
@@ -5 +5 @@
-pg_control last modified:             Thu Aug 11 20:23:31 2016
+pg_control last modified:             Thu Aug 11 20:25:01 2016
@@ -8,3 +8,3 @@
-Latest checkpoint location:           1/6D6499B0
-Prior checkpoint location:            1/6D649968
-Latest checkpoint's REDO location:    1/6D6499B0
+Latest checkpoint location:           1/6D64FBF8
+Prior checkpoint location:            1/6D6499B0
+Latest checkpoint's REDO location:    1/6D64FBF8
@@ -13,3 +13,3 @@
-Latest checkpoint's NextXID:          249183
-Latest checkpoint's NextOID:          31568458
-Time of latest checkpoint:            Thu Aug 11 20:23:31 2016
+Latest checkpoint's NextXID:          294574
+Latest checkpoint's NextOID:          31576650
+Time of latest checkpoint:            Thu Aug 11 20:25:01 2016
size after pgbench of pgbench_branches_pkey: 648
size after pgbench of pgbench_branches: 1088
size after pgbench of pgbench_tellers_pkey: 632
size after pgbench of pgbench_tellers: 1440
size after pgbench of pgbench_accounts_pkey: 658092
size after pgbench of pgbench_accounts: 1001388
size after pgbench of pgbench_history: 0
total size after pgbench: 1663288
End Time: 2016-08-11 20:25:02+00:00
========================================================================
========================================================================
Testing 2004-10-02-REL8_0_0~839
Start Time: 2016-08-12 18:24:27+00:00
Shared Buffers:  260000
size before pgbench of pgbench_branches_pkey: 648
size before pgbench of pgbench_branches: 1088
size before pgbench of pgbench_tellers_pkey: 632
size before pgbench of pgbench_tellers: 1440
size before pgbench of pgbench_accounts_pkey: 658092
size before pgbench of pgbench_accounts: 1001388
size before pgbench of pgbench_history: 0
total size before pgbench: 1663288
+ /usr/local/pgsql/bin/pgbench -T 60 -S -c 64 -j 4 -r
Linux 3.16.0-4-amd64 (Debian-83-jessie-64-minimal) 	12.08.16 	_x86_64_	(8 CPU)

starting vacuum...end.
transaction type: <builtin: select only>
scaling factor: 300
query mode: simple
number of clients: 64
number of threads: 4
duration: 60 s
number of transactions actually processed: 48055
latency average: 79.908 ms
tps = 799.186016 (including connections establishing)
tps = 799.366308 (excluding connections establishing)
script statistics:
 - statement latencies in milliseconds:
         0.002  \set aid random(1, 100000 * :scale)
        79.736  SELECT abalance FROM pgbench_accounts WHERE aid = :aid;
avg-cpu:  %user   %nice %system %iowait  %steal   %idle
           3,45    0,00    0,49   29,94    0,00   66,12

Device:         rrqm/s   wrqm/s     r/s     w/s    rkB/s    wkB/s avgrq-sz avgqu-sz   await r_await w_await  svctm  %util
sdb               0,00     0,80  206,88    2,27  1846,71    25,74    17,91    23,91  114,31  107,76  712,04   3,21  67,22
sda               0,00     0,80  209,39    2,26  1859,38    25,69    17,81    24,30  114,79  102,26 1278,01   3,19  67,43
md0               0,00     0,00    0,01    0,00     0,04     0,00     8,00     0,00    0,00    0,00    0,00   0,00   0,00
md1               0,00     0,00    0,00    0,00     0,00     0,00     0,00     0,00    0,00    0,00    0,00   0,00   0,00
md2               0,00     0,00  416,34    1,86  3706,04    22,98    17,83     0,00    0,00    0,00    0,00   0,00   0,00
md3               0,00     0,00    0,00    0,10     0,00     0,40     8,00     0,00    0,00    0,00    0,00   0,00   0,00

Control File Changes
--- /usr/local/oldpgsql/2004-10-02-REL8_0_0~839/before.controldata	2016-08-12 20:25:10.789833419 +0200
+++ /usr/local/oldpgsql/2004-10-02-REL8_0_0~839/after.controldata	2016-08-12 20:26:41.046287751 +0200
@@ -5 +5 @@
-pg_control last modified:             Fri Aug 12 18:25:10 2016
+pg_control last modified:             Fri Aug 12 18:26:40 2016
@@ -8,3 +8,3 @@
-Latest checkpoint location:           1/6D64FC88
-Prior checkpoint location:            1/6D64FC40
-Latest checkpoint's REDO location:    1/6D64FC88
+Latest checkpoint location:           1/6D655EF8
+Prior checkpoint location:            1/6D64FC88
+Latest checkpoint's REDO location:    1/6D655EF8
@@ -13,3 +13,3 @@
-Latest checkpoint's NextXID:          294608
-Latest checkpoint's NextOID:          31568459
-Time of latest checkpoint:            Fri Aug 12 18:25:10 2016
+Latest checkpoint's NextXID:          342738
+Latest checkpoint's NextOID:          31576651
+Time of latest checkpoint:            Fri Aug 12 18:26:40 2016
size after pgbench of pgbench_branches_pkey: 648
size after pgbench of pgbench_branches: 1088
size after pgbench of pgbench_tellers_pkey: 632
size after pgbench of pgbench_tellers: 1440
size after pgbench of pgbench_accounts_pkey: 658092
size after pgbench of pgbench_accounts: 1001388
size after pgbench of pgbench_history: 0
total size after pgbench: 1663288
End Time: 2016-08-12 18:26:41+00:00
========================================================================
========================================================================
Testing 2004-10-02-REL8_0_0~839
Start Time: 2016-08-13 02:28:19+00:00
Shared Buffers:  260000
size before pgbench of pgbench_branches_pkey: 648
size before pgbench of pgbench_branches: 1088
size before pgbench of pgbench_tellers_pkey: 632
size before pgbench of pgbench_tellers: 1440
size before pgbench of pgbench_accounts_pkey: 658092
size before pgbench of pgbench_accounts: 1001388
size before pgbench of pgbench_history: 0
total size before pgbench: 1663288
Linux 3.16.0-4-amd64 (Debian-83-jessie-64-minimal) 	13.08.16 	_x86_64_	(8 CPU)

starting vacuum...end.
transaction type: <builtin: select only>
scaling factor: 300
query mode: simple
number of clients: 48
number of threads: 4
duration: 60 s
number of transactions actually processed: 48251
latency average: 59.688 ms
tps = 802.116400 (including connections establishing)
tps = 802.318649 (excluding connections establishing)
script statistics:
 - statement latencies in milliseconds:
         0.002  \set aid random(1, 100000 * :scale)
        59.592  SELECT abalance FROM pgbench_accounts WHERE aid = :aid;
avg-cpu:  %user   %nice %system %iowait  %steal   %idle
           3,46    0,00    0,45   30,22    0,00   65,87

Device:         rrqm/s   wrqm/s     r/s     w/s    rkB/s    wkB/s avgrq-sz avgqu-sz   await r_await w_await  svctm  %util
sdb               0,00     0,73  214,10    2,23  1911,07    24,81    17,90    21,82  100,89   93,16  841,19   3,11  67,36
sda               0,00     0,72  203,82    2,24  1818,71    24,81    17,89    13,77   66,81   62,43  464,55   3,26  67,12
md0               0,00     0,00    0,00    0,00     0,00     0,00     0,00     0,00    0,00    0,00    0,00   0,00   0,00
md1               0,00     0,00    0,00    0,00     0,00     0,00     0,00     0,00    0,00    0,00    0,00   0,00   0,00
md2               0,00     0,00  417,98    1,64  3729,78    21,78    17,88     0,00    0,00    0,00    0,00   0,00   0,00
md3               0,00     0,00    0,00    0,10     0,00     0,40     8,00     0,00    0,00    0,00    0,00   0,00   0,00

Control File Changes
--- /usr/local/oldpgsql/2004-10-02-REL8_0_0~839/before.controldata	2016-08-13 04:29:02.746880731 +0200
+++ /usr/local/oldpgsql/2004-10-02-REL8_0_0~839/after.controldata	2016-08-13 04:30:32.995072747 +0200
@@ -5 +5 @@
-pg_control last modified:             Sat Aug 13 02:29:02 2016
+pg_control last modified:             Sat Aug 13 02:30:32 2016
@@ -8,3 +8,3 @@
-Latest checkpoint location:           1/6D655F88
-Prior checkpoint location:            1/6D655F40
-Latest checkpoint's REDO location:    1/6D655F88
+Latest checkpoint location:           1/6D65C1E8
+Prior checkpoint location:            1/6D655F88
+Latest checkpoint's REDO location:    1/6D65C1E8
@@ -13,3 +13,3 @@
-Latest checkpoint's NextXID:          342772
-Latest checkpoint's NextOID:          31568460
-Time of latest checkpoint:            Sat Aug 13 02:29:02 2016
+Latest checkpoint's NextXID:          391082
+Latest checkpoint's NextOID:          31576652
+Time of latest checkpoint:            Sat Aug 13 02:30:32 2016
size after pgbench of pgbench_branches_pkey: 648
size after pgbench of pgbench_branches: 1088
size after pgbench of pgbench_tellers_pkey: 632
size after pgbench of pgbench_tellers: 1440
size after pgbench of pgbench_accounts_pkey: 658092
size after pgbench of pgbench_accounts: 1001388
size after pgbench of pgbench_history: 0
total size after pgbench: 1663288
End Time: 2016-08-13 02:30:33+00:00
========================================================================
========================================================================
Testing 2004-10-02-REL8_0_0~839
Start Time: 2016-08-13 10:52:39+00:00
Shared Buffers:  260000
size before pgbench of pgbench_branches_pkey: 648
size before pgbench of pgbench_branches: 1088
size before pgbench of pgbench_tellers_pkey: 632
size before pgbench of pgbench_tellers: 1440
size before pgbench of pgbench_accounts_pkey: 658092
size before pgbench of pgbench_accounts: 1001388
size before pgbench of pgbench_history: 0
total size before pgbench: 1663288
Linux 3.16.0-4-amd64 (Debian-83-jessie-64-minimal) 	13.08.16 	_x86_64_	(8 CPU)

starting vacuum...end.
transaction type: <builtin: select only>
scaling factor: 300
query mode: simple
number of clients: 48
number of threads: 4
duration: 60 s
number of transactions actually processed: 47043
latency average: 61.221 ms
tps = 782.358541 (including connections establishing)
tps = 782.526240 (excluding connections establishing)
script statistics:
 - statement latencies in milliseconds:
         0.002  \set aid random(1, 100000 * :scale)
        61.127  SELECT abalance FROM pgbench_accounts WHERE aid = :aid;
avg-cpu:  %user   %nice %system %iowait  %steal   %idle
           3,41    0,00    0,49   28,77    0,00   67,33

Device:         rrqm/s   wrqm/s     r/s     w/s    rkB/s    wkB/s avgrq-sz avgqu-sz   await r_await w_await  svctm  %util
sdb               0,00     0,72  200,34    2,28  1779,51    25,12    17,81    15,89   78,41   73,85  479,18   3,31  67,02
sda               0,04     0,72  210,51    2,28  1876,27    25,12    17,87    19,72   92,66   85,24  777,97   3,17  67,40
md0               0,00     0,00    0,20    0,00     0,80     0,00     8,00     0,00    0,00    0,00    0,00   0,00   0,00
md1               0,00     0,00    0,00    0,00     0,00     0,00     0,00     0,00    0,00    0,00    0,00   0,00   0,00
md2               0,00     0,00  410,74    1,64  3654,98    22,00    17,83     0,00    0,00    0,00    0,00   0,00   0,00
md3               0,00     0,00    0,00    0,10     0,00     0,40     8,00     0,00    0,00    0,00    0,00   0,00   0,00

Control File Changes
--- /usr/local/oldpgsql/2004-10-02-REL8_0_0~839/before.controldata	2016-08-13 12:53:23.318108301 +0200
+++ /usr/local/oldpgsql/2004-10-02-REL8_0_0~839/after.controldata	2016-08-13 12:54:53.558464602 +0200
@@ -5 +5 @@
-pg_control last modified:             Sat Aug 13 10:53:23 2016
+pg_control last modified:             Sat Aug 13 10:54:53 2016
@@ -8,3 +8,3 @@
-Latest checkpoint location:           1/6D65C278
-Prior checkpoint location:            1/6D65C230
-Latest checkpoint's REDO location:    1/6D65C278
+Latest checkpoint location:           1/6D6624E8
+Prior checkpoint location:            1/6D65C278
+Latest checkpoint's REDO location:    1/6D6624E8
@@ -13,3 +13,3 @@
-Latest checkpoint's NextXID:          391116
-Latest checkpoint's NextOID:          31568461
-Time of latest checkpoint:            Sat Aug 13 10:53:22 2016
+Latest checkpoint's NextXID:          438218
+Latest checkpoint's NextOID:          31576653
+Time of latest checkpoint:            Sat Aug 13 10:54:53 2016
size after pgbench of pgbench_branches_pkey: 648
size after pgbench of pgbench_branches: 1088
size after pgbench of pgbench_tellers_pkey: 632
size after pgbench of pgbench_tellers: 1440
size after pgbench of pgbench_accounts_pkey: 658092
size after pgbench of pgbench_accounts: 1001388
size after pgbench of pgbench_history: 0
total size after pgbench: 1663288
End Time: 2016-08-13 10:54:53+00:00
========================================================================
========================================================================
Testing 2004-10-02-REL8_0_0~839
Start Time: 2016-08-15 15:15:57+00:00
Shared Buffers:  260000
size before pgbench of pgbench_branches_pkey: 648
size before pgbench of pgbench_branches: 1088
size before pgbench of pgbench_tellers_pkey: 632
size before pgbench of pgbench_tellers: 1440
size before pgbench of pgbench_accounts_pkey: 658092
size before pgbench of pgbench_accounts: 1001388
size before pgbench of pgbench_history: 0
total size before pgbench: 1663288
Linux 3.16.0-4-amd64 (Debian-83-jessie-64-minimal) 	15.08.16 	_x86_64_	(8 CPU)

starting vacuum...end.
transaction type: <builtin: TPC-B (sort of)>
scaling factor: 300
query mode: simple
number of clients: 32
number of threads: 4
duration: 900 s
number of transactions actually processed: 19576
latency average: 1471.189 ms
tps = 21.659303 (including connections establishing)
tps = 21.659583 (excluding connections establishing)
script statistics:
 - statement latencies in milliseconds:
         0.003  \set aid random(1, 100000 * :scale)
         0.001  \set bid random(1, 1 * :scale)
         0.001  \set tid random(1, 10 * :scale)
         0.001  \set delta random(-5000, 5000)
         0.116  BEGIN;
       629.622  UPDATE pgbench_accounts SET abalance = abalance + :delta WHERE aid = :aid;
         1.103  SELECT abalance FROM pgbench_accounts WHERE aid = :aid;
       315.538  UPDATE pgbench_tellers SET tbalance = tbalance + :delta WHERE tid = :tid;
       205.968  UPDATE pgbench_branches SET bbalance = bbalance + :delta WHERE bid = :bid;
        90.481  INSERT INTO pgbench_history (tid, bid, aid, delta, mtime) VALUES (:tid, :bid, :aid, :delta, CURRENT_TIMESTAMP);
       230.372  END;
avg-cpu:  %user   %nice %system %iowait  %steal   %idle
           0,64    0,00    0,24    6,67    0,00   92,46

Device:         rrqm/s   wrqm/s     r/s     w/s    rkB/s    wkB/s avgrq-sz avgqu-sz   await r_await w_await  svctm  %util
sdb               0,00     1,42    2,42  162,14    19,69   921,83    11,44     9,40   57,13   25,78   57,59   3,57  58,75
sda               0,04     1,41   17,04  162,14   141,50   921,83    11,87     7,42   41,40   28,19   42,79   4,69  84,12
md0               0,00     0,00    0,10    0,00     0,40     0,00     8,00     0,00    0,00    0,00    0,00   0,00   0,00
md1               0,00     0,00    0,00    0,00     0,00     0,00     0,00     0,00    0,00    0,00    0,00   0,00   0,00
md2               0,00     0,00   19,39  162,94   160,79   920,27    11,86     0,00    0,00    0,00    0,00   0,00   0,00
md3               0,00     0,00    0,00    0,01     0,00     0,04     8,00     0,00    0,00    0,00    0,00   0,00   0,00

Control File Changes
--- /usr/local/oldpgsql/2004-10-02-REL8_0_0~839/before.controldata	2016-08-15 17:16:40.774040951 +0200
+++ /usr/local/oldpgsql/2004-10-02-REL8_0_0~839/after.controldata	2016-08-15 17:32:11.324049951 +0200
@@ -5 +5 @@
-pg_control last modified:             Mon Aug 15 15:16:40 2016
+pg_control last modified:             Mon Aug 15 15:32:11 2016
@@ -7,4 +7,4 @@
-Next log file segment:                110
-Latest checkpoint location:           1/6D662578
-Prior checkpoint location:            1/6D662530
-Latest checkpoint's REDO location:    1/6D662578
+Next log file segment:                130
+Latest checkpoint location:           1/81B31038
+Prior checkpoint location:            1/81B30FF0
+Latest checkpoint's REDO location:    1/81B31038
@@ -13,3 +13,3 @@
-Latest checkpoint's NextXID:          438252
-Latest checkpoint's NextOID:          31568462
-Time of latest checkpoint:            Mon Aug 15 15:16:40 2016
+Latest checkpoint's NextXID:          457871
+Latest checkpoint's NextOID:          31593038
+Time of latest checkpoint:            Mon Aug 15 15:32:10 2016
size after pgbench of pgbench_branches_pkey: 648
size after pgbench of pgbench_branches: 1088
size after pgbench of pgbench_tellers_pkey: 632
size after pgbench of pgbench_tellers: 1440
size after pgbench of pgbench_accounts_pkey: 658092
size after pgbench of pgbench_accounts: 1004204
size after pgbench of pgbench_history: 1288
total size after pgbench: 1667392
End Time: 2016-08-15 15:32:11+00:00
========================================================================
========================================================================
Testing 2004-10-02-REL8_0_0~839
Start Time: 2016-08-19 00:55:03+00:00
Shared Buffers:  260000
size before pgbench of pgbench_branches_pkey: 648
size before pgbench of pgbench_branches: 1088
size before pgbench of pgbench_tellers_pkey: 632
size before pgbench of pgbench_tellers: 1440
size before pgbench of pgbench_accounts_pkey: 658092
size before pgbench of pgbench_accounts: 1004204
size before pgbench of pgbench_history: 1288
total size before pgbench: 1667392
Linux 4.6.0-1-amd64 (Debian-83-jessie-64-minimal) 	19.08.16 	_x86_64_	(8 CPU)

starting vacuum...end.
avg-cpu:  %user   %nice %system %iowait  %steal   %idle
           0,67    0,00    0,27   18,76    0,00   80,30

Device:         rrqm/s   wrqm/s     r/s     w/s    rkB/s    wkB/s avgrq-sz avgqu-sz   await r_await w_await  svctm  %util
sdb               0,00     2,83    2,44  171,59    20,32   977,63    11,47    13,50   76,99   22,62   77,76   3,41  59,33
sda               0,02     2,83   18,06  171,73   149,68   978,74    11,89     9,60   50,61   29,64   52,81   4,56  86,49
md0               0,00     0,00    0,08    0,00     0,34     0,00     8,00     0,00    0,00    0,00    0,00   0,00   0,00
md1               0,00     0,00    0,00    0,00     0,00     0,00     0,00     0,00    0,00    0,00    0,00   0,00   0,00
md2               0,00     0,00   20,44  174,36   169,62   978,70    11,79     0,00    0,00    0,00    0,00   0,00   0,00
md3               0,00     0,00    0,00    0,01     0,00     0,03     8,00     0,00    0,00    0,00    0,00   0,00   0,00

transaction type: <builtin: TPC-B (sort of)>
scaling factor: 300
query mode: simple
number of clients: 32
number of threads: 4
duration: 900 s
number of transactions actually processed: 20963
latency average: 1373.849 ms
tps = 22.676639 (including connections establishing)
tps = 22.676959 (excluding connections establishing)
script statistics:
 - statement latencies in milliseconds:
         0.003  \set aid random(1, 100000 * :scale)
         0.001  \set bid random(1, 1 * :scale)
         0.001  \set tid random(1, 10 * :scale)
         0.001  \set delta random(-5000, 5000)
         0.143  BEGIN;
       603.053  UPDATE pgbench_accounts SET abalance = abalance + :delta WHERE aid = :aid;
         0.776  SELECT abalance FROM pgbench_accounts WHERE aid = :aid;
       288.905  UPDATE pgbench_tellers SET tbalance = tbalance + :delta WHERE tid = :tid;
       191.816  UPDATE pgbench_branches SET bbalance = bbalance + :delta WHERE bid = :bid;
        92.898  INSERT INTO pgbench_history (tid, bid, aid, delta, mtime) VALUES (:tid, :bid, :aid, :delta, CURRENT_TIMESTAMP);
       229.854  END;
Control File Changes
--- /usr/local/oldpgsql/2004-10-02-REL8_0_0~839/before.controldata	2016-08-19 02:56:18.748961771 +0200
+++ /usr/local/oldpgsql/2004-10-02-REL8_0_0~839/after.controldata	2016-08-19 03:11:54.206719541 +0200
@@ -5 +5 @@
-pg_control last modified:             Fri Aug 19 00:56:18 2016
+pg_control last modified:             Fri Aug 19 01:11:54 2016
@@ -7,4 +7,4 @@
-Next log file segment:                130
-Latest checkpoint location:           1/81B310C8
-Prior checkpoint location:            1/81B31080
-Latest checkpoint's REDO location:    1/81B310C8
+Next log file segment:                152
+Latest checkpoint location:           1/975E4DA8
+Prior checkpoint location:            1/975A52C0
+Latest checkpoint's REDO location:    1/975E4DA8
@@ -13,3 +13,3 @@
-Latest checkpoint's NextXID:          457905
-Latest checkpoint's NextOID:          31588039
-Time of latest checkpoint:            Fri Aug 19 00:56:18 2016
+Latest checkpoint's NextXID:          478911
+Latest checkpoint's NextOID:          31612615
+Time of latest checkpoint:            Fri Aug 19 01:11:52 2016
size after pgbench of pgbench_branches_pkey: 680
size after pgbench of pgbench_branches: 1088
size after pgbench of pgbench_tellers_pkey: 664
size after pgbench of pgbench_tellers: 1440
size after pgbench of pgbench_accounts_pkey: 658092
size after pgbench of pgbench_accounts: 1007276
size after pgbench of pgbench_history: 1288
total size after pgbench: 1670528
End Time: 2016-08-19 01:11:54+00:00
========================================================================
========================================================================
Testing 2004-10-02-REL8_0_0~839
Start Time: 2016-08-21 01:09:42+00:00
Shared Buffers:  260000
size before pgbench of pgbench_branches_pkey: 680
size before pgbench of pgbench_branches: 1088
size before pgbench of pgbench_tellers_pkey: 664
size before pgbench of pgbench_tellers: 1440
size before pgbench of pgbench_accounts_pkey: 658092
size before pgbench of pgbench_accounts: 1007276
size before pgbench of pgbench_history: 1288
total size before pgbench: 1670528
Linux 4.6.0-1-amd64 (Debian-83-jessie-64-minimal) 	21.08.16 	_x86_64_	(8 CPU)

starting vacuum...end.
transaction type: <builtin: TPC-B (sort of)>
scaling factor: 300
query mode: simple
number of clients: 32
number of threads: 4
duration: 900 s
number of transactions actually processed: 16977
latency average: 1696.413 ms
tps = 18.795794 (including connections establishing)
tps = 18.796020 (excluding connections establishing)
script statistics:
 - statement latencies in milliseconds:
         0.003  \set aid random(1, 100000 * :scale)
         0.001  \set bid random(1, 1 * :scale)
         0.001  \set tid random(1, 10 * :scale)
         0.001  \set delta random(-5000, 5000)
         0.147  BEGIN;
       710.831  UPDATE pgbench_accounts SET abalance = abalance + :delta WHERE aid = :aid;
         1.672  SELECT abalance FROM pgbench_accounts WHERE aid = :aid;
       347.712  UPDATE pgbench_tellers SET tbalance = tbalance + :delta WHERE tid = :tid;
       258.534  UPDATE pgbench_branches SET bbalance = bbalance + :delta WHERE bid = :bid;
       117.853  INSERT INTO pgbench_history (tid, bid, aid, delta, mtime) VALUES (:tid, :bid, :aid, :delta, CURRENT_TIMESTAMP);
       264.803  END;
avg-cpu:  %user   %nice %system %iowait  %steal   %idle
           0,57    0,00    0,22   18,03    0,00   81,18

Device:         rrqm/s   wrqm/s     r/s     w/s    rkB/s    wkB/s avgrq-sz avgqu-sz   await r_await w_await  svctm  %util
sdb               0,03     2,17    1,97  141,76    16,19   821,02    11,65     9,66   67,21   24,14   67,81   4,16  59,85
sda               0,05     2,16   15,14  141,76   124,38   821,02    12,05    13,47   85,85   31,31   91,68   5,21  81,76
md0               0,00     0,00    0,08    0,00     0,33     0,00     8,00     0,00    0,00    0,00    0,00   0,00   0,00
md1               0,00     0,00    0,00    0,00     0,00     0,00     0,00     0,00    0,00    0,00    0,00   0,00   0,00
md2               0,00     0,00   17,11  143,62   140,24   820,27    11,95     0,00    0,00    0,00    0,00   0,00   0,00
md3               0,00     0,00    0,00    0,01     0,00     0,04     8,00     0,00    0,00    0,00    0,00   0,00   0,00

Control File Changes
--- /usr/local/oldpgsql/2004-10-02-REL8_0_0~839/before.controldata	2016-08-21 03:11:24.368171171 +0200
+++ /usr/local/oldpgsql/2004-10-02-REL8_0_0~839/after.controldata	2016-08-21 03:26:55.382552833 +0200
@@ -5 +5 @@
-pg_control last modified:             Sun Aug 21 01:11:24 2016
+pg_control last modified:             Sun Aug 21 01:26:55 2016
@@ -7,4 +7,4 @@
-Next log file segment:                152
-Latest checkpoint location:           1/975E4E38
-Prior checkpoint location:            1/975E4DF0
-Latest checkpoint's REDO location:    1/975E4E38
+Next log file segment:                170
+Latest checkpoint location:           1/A92EFE90
+Prior checkpoint location:            1/A92AC408
+Latest checkpoint's REDO location:    1/A92EFE90
@@ -13,3 +13,3 @@
-Latest checkpoint's NextXID:          478945
-Latest checkpoint's NextOID:          31609003
-Time of latest checkpoint:            Sun Aug 21 01:11:23 2016
+Latest checkpoint's NextXID:          495965
+Latest checkpoint's NextOID:          31633579
+Time of latest checkpoint:            Sun Aug 21 01:26:54 2016
size after pgbench of pgbench_branches_pkey: 680
size after pgbench of pgbench_branches: 1088
size after pgbench of pgbench_tellers_pkey: 664
size after pgbench of pgbench_tellers: 1440
size after pgbench of pgbench_accounts_pkey: 658092
size after pgbench of pgbench_accounts: 1009804
size after pgbench of pgbench_history: 1032
total size after pgbench: 1672800
End Time: 2016-08-21 01:26:55+00:00
========================================================================
