creating tables...
100000 of 30000000 tuples (0%) done (elapsed 0.07 s, remaining 21.78 s)
200000 of 30000000 tuples (0%) done (elapsed 0.14 s, remaining 21.00 s)
300000 of 30000000 tuples (1%) done (elapsed 0.21 s, remaining 20.61 s)
400000 of 30000000 tuples (1%) done (elapsed 0.28 s, remaining 20.39 s)
500000 of 30000000 tuples (1%) done (elapsed 0.34 s, remaining 20.26 s)
600000 of 30000000 tuples (2%) done (elapsed 0.41 s, remaining 20.12 s)
700000 of 30000000 tuples (2%) done (elapsed 0.48 s, remaining 19.99 s)
800000 of 30000000 tuples (2%) done (elapsed 0.54 s, remaining 19.66 s)
900000 of 30000000 tuples (3%) done (elapsed 0.61 s, remaining 19.58 s)
1000000 of 30000000 tuples (3%) done (elapsed 0.68 s, remaining 19.66 s)
1100000 of 30000000 tuples (3%) done (elapsed 0.75 s, remaining 19.64 s)
1200000 of 30000000 tuples (4%) done (elapsed 0.82 s, remaining 19.62 s)
1300000 of 30000000 tuples (4%) done (elapsed 0.89 s, remaining 19.60 s)
1400000 of 30000000 tuples (4%) done (elapsed 0.96 s, remaining 19.56 s)
1500000 of 30000000 tuples (5%) done (elapsed 1.03 s, remaining 19.52 s)
1600000 of 30000000 tuples (5%) done (elapsed 1.10 s, remaining 19.48 s)
1700000 of 30000000 tuples (5%) done (elapsed 1.17 s, remaining 19.43 s)
1800000 of 30000000 tuples (6%) done (elapsed 1.24 s, remaining 19.39 s)
1900000 of 30000000 tuples (6%) done (elapsed 1.30 s, remaining 19.26 s)
2000000 of 30000000 tuples (6%) done (elapsed 1.37 s, remaining 19.20 s)
2100000 of 30000000 tuples (7%) done (elapsed 1.44 s, remaining 19.15 s)
2200000 of 30000000 tuples (7%) done (elapsed 1.51 s, remaining 19.09 s)
2300000 of 30000000 tuples (7%) done (elapsed 1.58 s, remaining 19.03 s)
2400000 of 30000000 tuples (8%) done (elapsed 1.65 s, remaining 18.97 s)
2500000 of 30000000 tuples (8%) done (elapsed 1.72 s, remaining 18.92 s)
2600000 of 30000000 tuples (8%) done (elapsed 1.79 s, remaining 18.86 s)
2700000 of 30000000 tuples (9%) done (elapsed 1.86 s, remaining 18.80 s)
2800000 of 30000000 tuples (9%) done (elapsed 1.93 s, remaining 18.73 s)
2900000 of 30000000 tuples (9%) done (elapsed 2.00 s, remaining 18.67 s)
3000000 of 30000000 tuples (10%) done (elapsed 2.07 s, remaining 18.61 s)
3100000 of 30000000 tuples (10%) done (elapsed 2.14 s, remaining 18.55 s)
3200000 of 30000000 tuples (10%) done (elapsed 2.21 s, remaining 18.49 s)
3300000 of 30000000 tuples (11%) done (elapsed 2.28 s, remaining 18.42 s)
3400000 of 30000000 tuples (11%) done (elapsed 2.34 s, remaining 18.31 s)
3500000 of 30000000 tuples (11%) done (elapsed 2.41 s, remaining 18.25 s)
3600000 of 30000000 tuples (12%) done (elapsed 2.48 s, remaining 18.19 s)
3700000 of 30000000 tuples (12%) done (elapsed 2.55 s, remaining 18.12 s)
3800000 of 30000000 tuples (12%) done (elapsed 2.62 s, remaining 18.06 s)
3900000 of 30000000 tuples (13%) done (elapsed 2.69 s, remaining 17.99 s)
4000000 of 30000000 tuples (13%) done (elapsed 2.76 s, remaining 17.93 s)
4100000 of 30000000 tuples (13%) done (elapsed 2.83 s, remaining 17.86 s)
4200000 of 30000000 tuples (14%) done (elapsed 2.90 s, remaining 17.80 s)
4300000 of 30000000 tuples (14%) done (elapsed 2.97 s, remaining 17.73 s)
4400000 of 30000000 tuples (14%) done (elapsed 3.04 s, remaining 17.67 s)
4500000 of 30000000 tuples (15%) done (elapsed 3.11 s, remaining 17.60 s)
4600000 of 30000000 tuples (15%) done (elapsed 3.18 s, remaining 17.54 s)
4700000 of 30000000 tuples (15%) done (elapsed 3.25 s, remaining 17.47 s)
4800000 of 30000000 tuples (16%) done (elapsed 3.31 s, remaining 17.38 s)
4900000 of 30000000 tuples (16%) done (elapsed 3.38 s, remaining 17.31 s)
5000000 of 30000000 tuples (16%) done (elapsed 3.45 s, remaining 17.25 s)
5100000 of 30000000 tuples (17%) done (elapsed 3.52 s, remaining 17.18 s)
5200000 of 30000000 tuples (17%) done (elapsed 3.59 s, remaining 17.12 s)
5300000 of 30000000 tuples (17%) done (elapsed 3.66 s, remaining 17.05 s)
5400000 of 30000000 tuples (18%) done (elapsed 3.73 s, remaining 16.99 s)
5500000 of 30000000 tuples (18%) done (elapsed 3.80 s, remaining 16.92 s)
5600000 of 30000000 tuples (18%) done (elapsed 3.87 s, remaining 16.85 s)
5700000 of 30000000 tuples (19%) done (elapsed 3.94 s, remaining 16.79 s)
5800000 of 30000000 tuples (19%) done (elapsed 4.01 s, remaining 16.72 s)
5900000 of 30000000 tuples (19%) done (elapsed 4.08 s, remaining 16.65 s)
6000000 of 30000000 tuples (20%) done (elapsed 4.15 s, remaining 16.58 s)
6100000 of 30000000 tuples (20%) done (elapsed 4.21 s, remaining 16.50 s)
6200000 of 30000000 tuples (20%) done (elapsed 4.28 s, remaining 16.43 s)
6300000 of 30000000 tuples (21%) done (elapsed 4.35 s, remaining 16.36 s)
6400000 of 30000000 tuples (21%) done (elapsed 4.42 s, remaining 16.30 s)
6500000 of 30000000 tuples (21%) done (elapsed 4.49 s, remaining 16.23 s)
6600000 of 30000000 tuples (22%) done (elapsed 4.56 s, remaining 16.16 s)
6700000 of 30000000 tuples (22%) done (elapsed 4.63 s, remaining 16.10 s)
6800000 of 30000000 tuples (22%) done (elapsed 4.70 s, remaining 16.03 s)
6900000 of 30000000 tuples (23%) done (elapsed 4.77 s, remaining 15.97 s)
7000000 of 30000000 tuples (23%) done (elapsed 4.84 s, remaining 15.90 s)
7100000 of 30000000 tuples (23%) done (elapsed 4.91 s, remaining 15.83 s)
7200000 of 30000000 tuples (24%) done (elapsed 4.98 s, remaining 15.76 s)
7300000 of 30000000 tuples (24%) done (elapsed 5.05 s, remaining 15.69 s)
7400000 of 30000000 tuples (24%) done (elapsed 5.12 s, remaining 15.63 s)
7500000 of 30000000 tuples (25%) done (elapsed 5.19 s, remaining 15.56 s)
7600000 of 30000000 tuples (25%) done (elapsed 5.25 s, remaining 15.48 s)
7700000 of 30000000 tuples (25%) done (elapsed 5.32 s, remaining 15.41 s)
7800000 of 30000000 tuples (26%) done (elapsed 5.39 s, remaining 15.34 s)
7900000 of 30000000 tuples (26%) done (elapsed 5.46 s, remaining 15.27 s)
8000000 of 30000000 tuples (26%) done (elapsed 5.53 s, remaining 15.21 s)
8100000 of 30000000 tuples (27%) done (elapsed 5.60 s, remaining 15.14 s)
8200000 of 30000000 tuples (27%) done (elapsed 5.67 s, remaining 15.07 s)
8300000 of 30000000 tuples (27%) done (elapsed 5.74 s, remaining 15.01 s)
8400000 of 30000000 tuples (28%) done (elapsed 5.81 s, remaining 14.94 s)
8500000 of 30000000 tuples (28%) done (elapsed 5.88 s, remaining 14.87 s)
8600000 of 30000000 tuples (28%) done (elapsed 5.95 s, remaining 14.80 s)
8700000 of 30000000 tuples (29%) done (elapsed 6.02 s, remaining 14.73 s)
8800000 of 30000000 tuples (29%) done (elapsed 6.09 s, remaining 14.67 s)
8900000 of 30000000 tuples (29%) done (elapsed 6.16 s, remaining 14.60 s)
9000000 of 30000000 tuples (30%) done (elapsed 6.22 s, remaining 14.52 s)
9100000 of 30000000 tuples (30%) done (elapsed 6.29 s, remaining 14.45 s)
9200000 of 30000000 tuples (30%) done (elapsed 6.36 s, remaining 14.38 s)
9300000 of 30000000 tuples (31%) done (elapsed 6.43 s, remaining 14.32 s)
9400000 of 30000000 tuples (31%) done (elapsed 6.50 s, remaining 14.25 s)
9500000 of 30000000 tuples (31%) done (elapsed 6.57 s, remaining 14.18 s)
9600000 of 30000000 tuples (32%) done (elapsed 6.64 s, remaining 14.11 s)
9700000 of 30000000 tuples (32%) done (elapsed 6.71 s, remaining 14.05 s)
9800000 of 30000000 tuples (32%) done (elapsed 6.78 s, remaining 13.98 s)
9900000 of 30000000 tuples (33%) done (elapsed 6.85 s, remaining 13.91 s)
10000000 of 30000000 tuples (33%) done (elapsed 6.92 s, remaining 13.84 s)
10100000 of 30000000 tuples (33%) done (elapsed 6.99 s, remaining 13.77 s)
10200000 of 30000000 tuples (34%) done (elapsed 7.06 s, remaining 13.70 s)
10300000 of 30000000 tuples (34%) done (elapsed 7.13 s, remaining 13.64 s)
10400000 of 30000000 tuples (34%) done (elapsed 7.20 s, remaining 13.57 s)
10500000 of 30000000 tuples (35%) done (elapsed 7.27 s, remaining 13.50 s)
10600000 of 30000000 tuples (35%) done (elapsed 7.34 s, remaining 13.43 s)
10700000 of 30000000 tuples (35%) done (elapsed 7.41 s, remaining 13.36 s)
10800000 of 30000000 tuples (36%) done (elapsed 7.48 s, remaining 13.29 s)
10900000 of 30000000 tuples (36%) done (elapsed 7.55 s, remaining 13.23 s)
11000000 of 30000000 tuples (36%) done (elapsed 7.62 s, remaining 13.16 s)
11100000 of 30000000 tuples (37%) done (elapsed 7.69 s, remaining 13.09 s)
11200000 of 30000000 tuples (37%) done (elapsed 7.76 s, remaining 13.02 s)
11300000 of 30000000 tuples (37%) done (elapsed 7.83 s, remaining 12.96 s)
11400000 of 30000000 tuples (38%) done (elapsed 7.90 s, remaining 12.89 s)
11500000 of 30000000 tuples (38%) done (elapsed 7.97 s, remaining 12.82 s)
11600000 of 30000000 tuples (38%) done (elapsed 8.04 s, remaining 12.75 s)
11700000 of 30000000 tuples (39%) done (elapsed 8.11 s, remaining 12.68 s)
11800000 of 30000000 tuples (39%) done (elapsed 8.18 s, remaining 12.61 s)
11900000 of 30000000 tuples (39%) done (elapsed 8.25 s, remaining 12.54 s)
12000000 of 30000000 tuples (40%) done (elapsed 8.32 s, remaining 12.48 s)
12100000 of 30000000 tuples (40%) done (elapsed 8.39 s, remaining 12.41 s)
12200000 of 30000000 tuples (40%) done (elapsed 8.45 s, remaining 12.33 s)
12300000 of 30000000 tuples (41%) done (elapsed 8.52 s, remaining 12.27 s)
12400000 of 30000000 tuples (41%) done (elapsed 8.59 s, remaining 12.20 s)
12500000 of 30000000 tuples (41%) done (elapsed 8.67 s, remaining 12.13 s)
12600000 of 30000000 tuples (42%) done (elapsed 8.74 s, remaining 12.06 s)
12700000 of 30000000 tuples (42%) done (elapsed 8.81 s, remaining 12.00 s)
12800000 of 30000000 tuples (42%) done (elapsed 8.87 s, remaining 11.92 s)
12900000 of 30000000 tuples (43%) done (elapsed 8.94 s, remaining 11.85 s)
13000000 of 30000000 tuples (43%) done (elapsed 9.01 s, remaining 11.79 s)
13100000 of 30000000 tuples (43%) done (elapsed 9.08 s, remaining 11.72 s)
13200000 of 30000000 tuples (44%) done (elapsed 9.15 s, remaining 11.65 s)
13300000 of 30000000 tuples (44%) done (elapsed 9.22 s, remaining 11.58 s)
13400000 of 30000000 tuples (44%) done (elapsed 9.30 s, remaining 11.52 s)
13500000 of 30000000 tuples (45%) done (elapsed 9.41 s, remaining 11.50 s)
13600000 of 30000000 tuples (45%) done (elapsed 9.49 s, remaining 11.45 s)
13700000 of 30000000 tuples (45%) done (elapsed 9.56 s, remaining 11.38 s)
13800000 of 30000000 tuples (46%) done (elapsed 9.64 s, remaining 11.31 s)
13900000 of 30000000 tuples (46%) done (elapsed 9.71 s, remaining 11.24 s)
14000000 of 30000000 tuples (46%) done (elapsed 9.78 s, remaining 11.17 s)
14100000 of 30000000 tuples (47%) done (elapsed 9.85 s, remaining 11.10 s)
14200000 of 30000000 tuples (47%) done (elapsed 9.92 s, remaining 11.04 s)
14300000 of 30000000 tuples (47%) done (elapsed 9.99 s, remaining 10.97 s)
14400000 of 30000000 tuples (48%) done (elapsed 10.05 s, remaining 10.89 s)
14500000 of 30000000 tuples (48%) done (elapsed 10.13 s, remaining 10.82 s)
14600000 of 30000000 tuples (48%) done (elapsed 10.20 s, remaining 10.75 s)
14700000 of 30000000 tuples (49%) done (elapsed 10.27 s, remaining 10.69 s)
14800000 of 30000000 tuples (49%) done (elapsed 10.34 s, remaining 10.62 s)
14900000 of 30000000 tuples (49%) done (elapsed 10.41 s, remaining 10.55 s)
15000000 of 30000000 tuples (50%) done (elapsed 10.48 s, remaining 10.48 s)
15100000 of 30000000 tuples (50%) done (elapsed 10.54 s, remaining 10.40 s)
15200000 of 30000000 tuples (50%) done (elapsed 10.61 s, remaining 10.34 s)
15300000 of 30000000 tuples (51%) done (elapsed 10.69 s, remaining 10.27 s)
15400000 of 30000000 tuples (51%) done (elapsed 10.76 s, remaining 10.20 s)
15500000 of 30000000 tuples (51%) done (elapsed 10.83 s, remaining 10.13 s)
15600000 of 30000000 tuples (52%) done (elapsed 10.90 s, remaining 10.06 s)
15700000 of 30000000 tuples (52%) done (elapsed 10.97 s, remaining 9.99 s)
15800000 of 30000000 tuples (52%) done (elapsed 11.03 s, remaining 9.92 s)
15900000 of 30000000 tuples (53%) done (elapsed 11.11 s, remaining 9.85 s)
16000000 of 30000000 tuples (53%) done (elapsed 11.18 s, remaining 9.78 s)
16100000 of 30000000 tuples (53%) done (elapsed 11.25 s, remaining 9.71 s)
16200000 of 30000000 tuples (54%) done (elapsed 11.32 s, remaining 9.64 s)
16300000 of 30000000 tuples (54%) done (elapsed 11.38 s, remaining 9.57 s)
16400000 of 30000000 tuples (54%) done (elapsed 11.45 s, remaining 9.50 s)
16500000 of 30000000 tuples (55%) done (elapsed 11.53 s, remaining 9.43 s)
16600000 of 30000000 tuples (55%) done (elapsed 11.60 s, remaining 9.36 s)
16700000 of 30000000 tuples (55%) done (elapsed 11.67 s, remaining 9.29 s)
16800000 of 30000000 tuples (56%) done (elapsed 11.74 s, remaining 9.23 s)
16900000 of 30000000 tuples (56%) done (elapsed 11.81 s, remaining 9.16 s)
17000000 of 30000000 tuples (56%) done (elapsed 11.88 s, remaining 9.09 s)
17100000 of 30000000 tuples (57%) done (elapsed 11.95 s, remaining 9.01 s)
17200000 of 30000000 tuples (57%) done (elapsed 12.02 s, remaining 8.95 s)
17300000 of 30000000 tuples (57%) done (elapsed 12.09 s, remaining 8.88 s)
17400000 of 30000000 tuples (58%) done (elapsed 12.16 s, remaining 8.81 s)
17500000 of 30000000 tuples (58%) done (elapsed 12.23 s, remaining 8.74 s)
17600000 of 30000000 tuples (58%) done (elapsed 12.30 s, remaining 8.67 s)
17700000 of 30000000 tuples (59%) done (elapsed 12.37 s, remaining 8.60 s)
17800000 of 30000000 tuples (59%) done (elapsed 12.44 s, remaining 8.53 s)
17900000 of 30000000 tuples (59%) done (elapsed 12.51 s, remaining 8.46 s)
18000000 of 30000000 tuples (60%) done (elapsed 12.58 s, remaining 8.39 s)
18100000 of 30000000 tuples (60%) done (elapsed 12.65 s, remaining 8.32 s)
18200000 of 30000000 tuples (60%) done (elapsed 12.72 s, remaining 8.25 s)
18300000 of 30000000 tuples (61%) done (elapsed 12.79 s, remaining 8.18 s)
18400000 of 30000000 tuples (61%) done (elapsed 12.86 s, remaining 8.11 s)
18500000 of 30000000 tuples (61%) done (elapsed 12.93 s, remaining 8.04 s)
18600000 of 30000000 tuples (62%) done (elapsed 13.00 s, remaining 7.97 s)
18700000 of 30000000 tuples (62%) done (elapsed 13.07 s, remaining 7.90 s)
18800000 of 30000000 tuples (62%) done (elapsed 13.14 s, remaining 7.83 s)
18900000 of 30000000 tuples (63%) done (elapsed 13.21 s, remaining 7.76 s)
19000000 of 30000000 tuples (63%) done (elapsed 13.28 s, remaining 7.69 s)
19100000 of 30000000 tuples (63%) done (elapsed 13.35 s, remaining 7.62 s)
19200000 of 30000000 tuples (64%) done (elapsed 13.42 s, remaining 7.55 s)
19300000 of 30000000 tuples (64%) done (elapsed 13.49 s, remaining 7.48 s)
19400000 of 30000000 tuples (64%) done (elapsed 13.56 s, remaining 7.41 s)
19500000 of 30000000 tuples (65%) done (elapsed 13.63 s, remaining 7.34 s)
19600000 of 30000000 tuples (65%) done (elapsed 13.70 s, remaining 7.27 s)
19700000 of 30000000 tuples (65%) done (elapsed 13.77 s, remaining 7.20 s)
19800000 of 30000000 tuples (66%) done (elapsed 13.84 s, remaining 7.13 s)
19900000 of 30000000 tuples (66%) done (elapsed 13.91 s, remaining 7.06 s)
20000000 of 30000000 tuples (66%) done (elapsed 13.98 s, remaining 6.99 s)
20100000 of 30000000 tuples (67%) done (elapsed 14.05 s, remaining 6.92 s)
20200000 of 30000000 tuples (67%) done (elapsed 14.12 s, remaining 6.85 s)
20300000 of 30000000 tuples (67%) done (elapsed 14.19 s, remaining 6.78 s)
20400000 of 30000000 tuples (68%) done (elapsed 14.26 s, remaining 6.71 s)
20500000 of 30000000 tuples (68%) done (elapsed 14.33 s, remaining 6.64 s)
20600000 of 30000000 tuples (68%) done (elapsed 14.44 s, remaining 6.59 s)
20700000 of 30000000 tuples (69%) done (elapsed 14.51 s, remaining 6.52 s)
20800000 of 30000000 tuples (69%) done (elapsed 14.58 s, remaining 6.45 s)
20900000 of 30000000 tuples (69%) done (elapsed 14.65 s, remaining 6.38 s)
21000000 of 30000000 tuples (70%) done (elapsed 14.72 s, remaining 6.31 s)
21100000 of 30000000 tuples (70%) done (elapsed 14.79 s, remaining 6.24 s)
21200000 of 30000000 tuples (70%) done (elapsed 14.86 s, remaining 6.17 s)
21300000 of 30000000 tuples (71%) done (elapsed 14.93 s, remaining 6.10 s)
21400000 of 30000000 tuples (71%) done (elapsed 15.00 s, remaining 6.03 s)
21500000 of 30000000 tuples (71%) done (elapsed 15.07 s, remaining 5.96 s)
21600000 of 30000000 tuples (72%) done (elapsed 15.14 s, remaining 5.89 s)
21700000 of 30000000 tuples (72%) done (elapsed 15.21 s, remaining 5.82 s)
21800000 of 30000000 tuples (72%) done (elapsed 15.28 s, remaining 5.75 s)
21900000 of 30000000 tuples (73%) done (elapsed 15.35 s, remaining 5.68 s)
22000000 of 30000000 tuples (73%) done (elapsed 15.42 s, remaining 5.61 s)
22100000 of 30000000 tuples (73%) done (elapsed 15.49 s, remaining 5.54 s)
22200000 of 30000000 tuples (74%) done (elapsed 15.56 s, remaining 5.47 s)
22300000 of 30000000 tuples (74%) done (elapsed 15.63 s, remaining 5.40 s)
22400000 of 30000000 tuples (74%) done (elapsed 15.70 s, remaining 5.33 s)
22500000 of 30000000 tuples (75%) done (elapsed 15.77 s, remaining 5.26 s)
22600000 of 30000000 tuples (75%) done (elapsed 15.84 s, remaining 5.19 s)
22700000 of 30000000 tuples (75%) done (elapsed 15.91 s, remaining 5.12 s)
22800000 of 30000000 tuples (76%) done (elapsed 15.98 s, remaining 5.05 s)
22900000 of 30000000 tuples (76%) done (elapsed 16.05 s, remaining 4.98 s)
23000000 of 30000000 tuples (76%) done (elapsed 16.12 s, remaining 4.91 s)
23100000 of 30000000 tuples (77%) done (elapsed 16.19 s, remaining 4.84 s)
23200000 of 30000000 tuples (77%) done (elapsed 16.26 s, remaining 4.77 s)
23300000 of 30000000 tuples (77%) done (elapsed 16.33 s, remaining 4.70 s)
23400000 of 30000000 tuples (78%) done (elapsed 16.40 s, remaining 4.63 s)
23500000 of 30000000 tuples (78%) done (elapsed 16.47 s, remaining 4.56 s)
23600000 of 30000000 tuples (78%) done (elapsed 16.54 s, remaining 4.48 s)
23700000 of 30000000 tuples (79%) done (elapsed 16.61 s, remaining 4.41 s)
23800000 of 30000000 tuples (79%) done (elapsed 16.68 s, remaining 4.34 s)
23900000 of 30000000 tuples (79%) done (elapsed 16.75 s, remaining 4.28 s)
24000000 of 30000000 tuples (80%) done (elapsed 16.82 s, remaining 4.21 s)
24100000 of 30000000 tuples (80%) done (elapsed 16.89 s, remaining 4.13 s)
24200000 of 30000000 tuples (80%) done (elapsed 16.96 s, remaining 4.06 s)
24300000 of 30000000 tuples (81%) done (elapsed 17.03 s, remaining 3.99 s)
24400000 of 30000000 tuples (81%) done (elapsed 17.10 s, remaining 3.93 s)
24500000 of 30000000 tuples (81%) done (elapsed 17.17 s, remaining 3.86 s)
24600000 of 30000000 tuples (82%) done (elapsed 17.24 s, remaining 3.79 s)
24700000 of 30000000 tuples (82%) done (elapsed 17.31 s, remaining 3.71 s)
24800000 of 30000000 tuples (82%) done (elapsed 17.38 s, remaining 3.64 s)
24900000 of 30000000 tuples (83%) done (elapsed 17.45 s, remaining 3.57 s)
25000000 of 30000000 tuples (83%) done (elapsed 17.53 s, remaining 3.51 s)
25100000 of 30000000 tuples (83%) done (elapsed 17.59 s, remaining 3.43 s)
25200000 of 30000000 tuples (84%) done (elapsed 17.66 s, remaining 3.36 s)
25300000 of 30000000 tuples (84%) done (elapsed 17.73 s, remaining 3.29 s)
25400000 of 30000000 tuples (84%) done (elapsed 17.81 s, remaining 3.22 s)
25500000 of 30000000 tuples (85%) done (elapsed 17.88 s, remaining 3.15 s)
25600000 of 30000000 tuples (85%) done (elapsed 17.95 s, remaining 3.08 s)
25700000 of 30000000 tuples (85%) done (elapsed 18.02 s, remaining 3.02 s)
25800000 of 30000000 tuples (86%) done (elapsed 18.09 s, remaining 2.94 s)
25900000 of 30000000 tuples (86%) done (elapsed 18.16 s, remaining 2.87 s)
26000000 of 30000000 tuples (86%) done (elapsed 18.23 s, remaining 2.80 s)
26100000 of 30000000 tuples (87%) done (elapsed 18.30 s, remaining 2.73 s)
26200000 of 30000000 tuples (87%) done (elapsed 18.37 s, remaining 2.66 s)
26300000 of 30000000 tuples (87%) done (elapsed 18.44 s, remaining 2.59 s)
26400000 of 30000000 tuples (88%) done (elapsed 18.51 s, remaining 2.52 s)
26500000 of 30000000 tuples (88%) done (elapsed 18.58 s, remaining 2.45 s)
26600000 of 30000000 tuples (88%) done (elapsed 18.65 s, remaining 2.38 s)
26700000 of 30000000 tuples (89%) done (elapsed 18.72 s, remaining 2.31 s)
26800000 of 30000000 tuples (89%) done (elapsed 18.79 s, remaining 2.24 s)
26900000 of 30000000 tuples (89%) done (elapsed 18.87 s, remaining 2.17 s)
27000000 of 30000000 tuples (90%) done (elapsed 18.94 s, remaining 2.10 s)
27100000 of 30000000 tuples (90%) done (elapsed 19.01 s, remaining 2.03 s)
27200000 of 30000000 tuples (90%) done (elapsed 19.08 s, remaining 1.96 s)
27300000 of 30000000 tuples (91%) done (elapsed 19.15 s, remaining 1.89 s)
27400000 of 30000000 tuples (91%) done (elapsed 19.22 s, remaining 1.82 s)
27500000 of 30000000 tuples (91%) done (elapsed 19.29 s, remaining 1.75 s)
27600000 of 30000000 tuples (92%) done (elapsed 19.37 s, remaining 1.68 s)
27700000 of 30000000 tuples (92%) done (elapsed 19.44 s, remaining 1.61 s)
27800000 of 30000000 tuples (92%) done (elapsed 19.51 s, remaining 1.54 s)
27900000 of 30000000 tuples (93%) done (elapsed 19.58 s, remaining 1.47 s)
28000000 of 30000000 tuples (93%) done (elapsed 19.66 s, remaining 1.40 s)
28100000 of 30000000 tuples (93%) done (elapsed 19.73 s, remaining 1.33 s)
28200000 of 30000000 tuples (94%) done (elapsed 19.79 s, remaining 1.26 s)
28300000 of 30000000 tuples (94%) done (elapsed 19.87 s, remaining 1.19 s)
28400000 of 30000000 tuples (94%) done (elapsed 19.94 s, remaining 1.12 s)
28500000 of 30000000 tuples (95%) done (elapsed 20.01 s, remaining 1.05 s)
28600000 of 30000000 tuples (95%) done (elapsed 20.08 s, remaining 0.98 s)
28700000 of 30000000 tuples (95%) done (elapsed 20.16 s, remaining 0.91 s)
28800000 of 30000000 tuples (96%) done (elapsed 20.23 s, remaining 0.84 s)
28900000 of 30000000 tuples (96%) done (elapsed 20.30 s, remaining 0.77 s)
29000000 of 30000000 tuples (96%) done (elapsed 20.36 s, remaining 0.70 s)
29100000 of 30000000 tuples (97%) done (elapsed 20.44 s, remaining 0.63 s)
29200000 of 30000000 tuples (97%) done (elapsed 20.51 s, remaining 0.56 s)
29300000 of 30000000 tuples (97%) done (elapsed 20.58 s, remaining 0.49 s)
29400000 of 30000000 tuples (98%) done (elapsed 20.65 s, remaining 0.42 s)
29500000 of 30000000 tuples (98%) done (elapsed 20.72 s, remaining 0.35 s)
29600000 of 30000000 tuples (98%) done (elapsed 20.80 s, remaining 0.28 s)
29700000 of 30000000 tuples (99%) done (elapsed 20.87 s, remaining 0.21 s)
29800000 of 30000000 tuples (99%) done (elapsed 20.94 s, remaining 0.14 s)
29900000 of 30000000 tuples (99%) done (elapsed 21.00 s, remaining 0.07 s)
30000000 of 30000000 tuples (100%) done (elapsed 21.08 s, remaining 0.00 s)
vacuum...
set primary keys...
NOTICE:  ALTER TABLE / ADD PRIMARY KEY will create implicit index "pgbench_branches_pkey" for table "pgbench_branches"
NOTICE:  ALTER TABLE / ADD PRIMARY KEY will create implicit index "pgbench_tellers_pkey" for table "pgbench_tellers"
NOTICE:  ALTER TABLE / ADD PRIMARY KEY will create implicit index "pgbench_accounts_pkey" for table "pgbench_accounts"
done.
starting vacuum...end.
transaction type: <builtin: TPC-B (sort of)>
scaling factor: 300
query mode: simple
number of clients: 32
number of threads: 4
duration: 60 s
number of transactions actually processed: 11879
latency average: 161.630 ms
tps = 193.494358 (including connections establishing)
tps = 193.507856 (excluding connections establishing)
script statistics:
 - statement latencies in milliseconds:
         0.002  \set aid random(1, 100000 * :scale)
         0.001  \set bid random(1, 1 * :scale)
         0.001  \set tid random(1, 10 * :scale)
         0.000  \set delta random(-5000, 5000)
         0.154  BEGIN;
         0.617  UPDATE pgbench_accounts SET abalance = abalance + :delta WHERE aid = :aid;
         0.244  SELECT abalance FROM pgbench_accounts WHERE aid = :aid;
         1.068  UPDATE pgbench_tellers SET tbalance = tbalance + :delta WHERE tid = :tid;
         8.034  UPDATE pgbench_branches SET bbalance = bbalance + :delta WHERE bid = :bid;
         0.192  INSERT INTO pgbench_history (tid, bid, aid, delta, mtime) VALUES (:tid, :bid, :aid, :delta, CURRENT_TIMESTAMP);
       153.069  END;
pgbenchall: line 166: /usr/local/bin/pgbench: No such file or directory
starting vacuum...end.
transaction type: <builtin: TPC-B (sort of)>
scaling factor: 300
query mode: simple
number of clients: 32
number of threads: 4
duration: 60 s
number of transactions actually processed: 8128
latency average: 236.220 ms
tps = 135.234006 (including connections establishing)
tps = 135.238207 (excluding connections establishing)
script statistics:
 - statement latencies in milliseconds:
         0.002  \set aid random(1, 100000 * :scale)
         0.001  \set bid random(1, 1 * :scale)
         0.001  \set tid random(1, 10 * :scale)
         0.001  \set delta random(-5000, 5000)
         0.126  BEGIN;
        95.091  UPDATE pgbench_accounts SET abalance = abalance + :delta WHERE aid = :aid;
         0.156  SELECT abalance FROM pgbench_accounts WHERE aid = :aid;
         0.751  UPDATE pgbench_tellers SET tbalance = tbalance + :delta WHERE tid = :tid;
         4.511  UPDATE pgbench_branches SET bbalance = bbalance + :delta WHERE bid = :bid;
         0.372  INSERT INTO pgbench_history (tid, bid, aid, delta, mtime) VALUES (:tid, :bid, :aid, :delta, CURRENT_TIMESTAMP);
       135.588  END;
starting vacuum...end.
transaction type: <builtin: TPC-B (sort of)>
scaling factor: 300
query mode: simple
number of clients: 32
number of threads: 4
duration: 60 s
number of transactions actually processed: 8622
latency average: 222.686 ms
tps = 143.410888 (including connections establishing)
tps = 143.415524 (excluding connections establishing)
script statistics:
 - statement latencies in milliseconds:
         0.002  \set aid random(1, 100000 * :scale)
         0.001  \set bid random(1, 1 * :scale)
         0.001  \set tid random(1, 10 * :scale)
         0.001  \set delta random(-5000, 5000)
         0.134  BEGIN;
        84.097  UPDATE pgbench_accounts SET abalance = abalance + :delta WHERE aid = :aid;
         0.156  SELECT abalance FROM pgbench_accounts WHERE aid = :aid;
         0.667  UPDATE pgbench_tellers SET tbalance = tbalance + :delta WHERE tid = :tid;
         4.610  UPDATE pgbench_branches SET bbalance = bbalance + :delta WHERE bid = :bid;
         0.270  INSERT INTO pgbench_history (tid, bid, aid, delta, mtime) VALUES (:tid, :bid, :aid, :delta, CURRENT_TIMESTAMP);
       133.195  END;
starting vacuum...end.
transaction type: <builtin: TPC-B (sort of)>
scaling factor: 300
query mode: simple
number of clients: 32
number of threads: 4
duration: 900 s
number of transactions actually processed: 78834
latency average: 365.325 ms
tps = 87.559910 (including connections establishing)
tps = 87.560102 (excluding connections establishing)
script statistics:
 - statement latencies in milliseconds:
         0.002  \set aid random(1, 100000 * :scale)
         0.001  \set bid random(1, 1 * :scale)
         0.001  \set tid random(1, 10 * :scale)
         0.001  \set delta random(-5000, 5000)
         0.136  BEGIN;
       102.842  UPDATE pgbench_accounts SET abalance = abalance + :delta WHERE aid = :aid;
         0.159  SELECT abalance FROM pgbench_accounts WHERE aid = :aid;
         1.425  UPDATE pgbench_tellers SET tbalance = tbalance + :delta WHERE tid = :tid;
        10.192  UPDATE pgbench_branches SET bbalance = bbalance + :delta WHERE bid = :bid;
         0.143  INSERT INTO pgbench_history (tid, bid, aid, delta, mtime) VALUES (:tid, :bid, :aid, :delta, CURRENT_TIMESTAMP);
       250.766  END;
starting vacuum...end.
transaction type: <builtin: TPC-B (sort of)>
scaling factor: 300
query mode: simple
number of clients: 32
number of threads: 4
duration: 900 s
number of transactions actually processed: 68422
latency average: 420.917 ms
tps = 75.947207 (including connections establishing)
tps = 75.947367 (excluding connections establishing)
script statistics:
 - statement latencies in milliseconds:
         0.002  \set aid random(1, 100000 * :scale)
         0.001  \set bid random(1, 1 * :scale)
         0.001  \set tid random(1, 10 * :scale)
         0.001  \set delta random(-5000, 5000)
         0.133  BEGIN;
       119.566  UPDATE pgbench_accounts SET abalance = abalance + :delta WHERE aid = :aid;
         0.159  SELECT abalance FROM pgbench_accounts WHERE aid = :aid;
         1.262  UPDATE pgbench_tellers SET tbalance = tbalance + :delta WHERE tid = :tid;
        11.899  UPDATE pgbench_branches SET bbalance = bbalance + :delta WHERE bid = :bid;
         0.146  INSERT INTO pgbench_history (tid, bid, aid, delta, mtime) VALUES (:tid, :bid, :aid, :delta, CURRENT_TIMESTAMP);
       288.534  END;
========================================================================
Testing 2011-11-04-REL9_2_0~1226
Start Time: 2016-08-01 05:40:16+00:00
Linux 3.16.0-4-amd64 (Debian-83-jessie-64-minimal) 	01.08.16 	_x86_64_	(8 CPU)

starting vacuum...end.
transaction type: <builtin: TPC-B (sort of)>
scaling factor: 300
query mode: simple
number of clients: 32
number of threads: 4
duration: 900 s
number of transactions actually processed: 88911
latency average: 323.919 ms
tps = 98.772257 (including connections establishing)
tps = 98.772477 (excluding connections establishing)
script statistics:
 - statement latencies in milliseconds:
         0.002  \set aid random(1, 100000 * :scale)
         0.001  \set bid random(1, 1 * :scale)
         0.001  \set tid random(1, 10 * :scale)
         0.001  \set delta random(-5000, 5000)
         0.197  BEGIN;
        17.440  UPDATE pgbench_accounts SET abalance = abalance + :delta WHERE aid = :aid;
         0.237  SELECT abalance FROM pgbench_accounts WHERE aid = :aid;
         1.777  UPDATE pgbench_tellers SET tbalance = tbalance + :delta WHERE tid = :tid;
        14.950  UPDATE pgbench_branches SET bbalance = bbalance + :delta WHERE bid = :bid;
         0.174  INSERT INTO pgbench_history (tid, bid, aid, delta, mtime) VALUES (:tid, :bid, :aid, :delta, CURRENT_TIMESTAMP);
       289.619  END;
avg-cpu:  %user   %nice %system %iowait  %steal   %idle
           1,06    0,00    0,35   20,58    0,00   78,01

Device:         rrqm/s   wrqm/s     r/s     w/s    rkB/s    wkB/s avgrq-sz avgqu-sz   await r_await w_await  svctm  %util
sdb               0,00     1,70   13,20  155,15   159,71  2437,93    30,86    69,67  413,72   64,27  443,46   4,86  81,74
sda               0,00     1,70   27,27  155,06   336,36  2437,20    30,42    75,93  415,87   54,17  479,49   4,95  90,33
md0               0,00     0,00    0,09    0,00     0,38     0,00     8,00     0,00    0,00    0,00    0,00   0,00   0,00
md1               0,00     0,00    0,00    0,00     0,00     0,00     0,00     0,00    0,00    0,00    0,00   0,00   0,00
md2               0,00     0,00   40,39  156,33   495,69  2438,07    29,83     0,00    0,00    0,00    0,00   0,00   0,00
md3               0,00     0,00    0,00    0,01     0,00     0,04     8,00     0,00    0,00    0,00    0,00   0,00   0,00

End Time: 2016-08-01 05:55:46+00:00
========================================================================
========================================================================
Testing 2011-11-04-REL9_2_0~1226
Start Time: 2016-08-05 11:52:44+00:00
Shared Buffers:  1048576
Linux 3.16.0-4-amd64 (Debian-83-jessie-64-minimal) 	05.08.16 	_x86_64_	(8 CPU)

starting vacuum...end.
transaction type: <builtin: TPC-B (sort of)>
scaling factor: 300
query mode: simple
number of clients: 32
number of threads: 4
duration: 900 s
number of transactions actually processed: 236950
latency average: 121.545 ms
tps = 263.259795 (including connections establishing)
tps = 263.260353 (excluding connections establishing)
script statistics:
 - statement latencies in milliseconds:
         0.002  \set aid random(1, 100000 * :scale)
         0.001  \set bid random(1, 1 * :scale)
         0.001  \set tid random(1, 10 * :scale)
         0.001  \set delta random(-5000, 5000)
         0.164  BEGIN;
         2.373  UPDATE pgbench_accounts SET abalance = abalance + :delta WHERE aid = :aid;
         0.261  SELECT abalance FROM pgbench_accounts WHERE aid = :aid;
         0.928  UPDATE pgbench_tellers SET tbalance = tbalance + :delta WHERE tid = :tid;
         5.996  UPDATE pgbench_branches SET bbalance = bbalance + :delta WHERE bid = :bid;
         0.172  INSERT INTO pgbench_history (tid, bid, aid, delta, mtime) VALUES (:tid, :bid, :aid, :delta, CURRENT_TIMESTAMP);
       111.903  END;
avg-cpu:  %user   %nice %system %iowait  %steal   %idle
           2,42    0,00    0,71   10,73    0,00   86,15

Device:         rrqm/s   wrqm/s     r/s     w/s    rkB/s    wkB/s avgrq-sz avgqu-sz   await r_await w_await  svctm  %util
sdb               0,00     1,73    8,43  281,40   101,05  5503,05    38,67    64,78  223,52   26,87  229,41   2,47  71,53
sda               0,00     1,72   29,65  281,40   356,24  5503,05    37,67    53,60  172,31   23,87  187,95   2,77  86,25
md0               0,00     0,00    0,08    0,00     0,31     0,00     8,00     0,00    0,00    0,00    0,00   0,00   0,00
md1               0,00     0,00    0,00    0,00     0,00     0,00     0,00     0,00    0,00    0,00    0,00   0,00   0,00
md2               0,00     0,00   38,01  282,29   456,98  5500,99    37,20     0,00    0,00    0,00    0,00   0,00   0,00
md3               0,00     0,00    0,00    0,01     0,00     0,04     8,00     0,00    0,00    0,00    0,00   0,00   0,00

End Time: 2016-08-05 12:08:14+00:00
========================================================================
========================================================================
Testing 2011-11-04-REL9_2_0~1226
Start Time: 2016-08-07 12:05:44+00:00
Shared Buffers:  260000
Linux 3.16.0-4-amd64 (Debian-83-jessie-64-minimal) 	07.08.16 	_x86_64_	(8 CPU)

starting vacuum...end.
transaction type: <builtin: TPC-B (sort of)>
scaling factor: 300
query mode: simple
number of clients: 32
number of threads: 4
duration: 900 s
number of transactions actually processed: 276673
latency average: 104.094 ms
tps = 307.191590 (including connections establishing)
tps = 307.192274 (excluding connections establishing)
script statistics:
 - statement latencies in milliseconds:
         0.002  \set aid random(1, 100000 * :scale)
         0.001  \set bid random(1, 1 * :scale)
         0.001  \set tid random(1, 10 * :scale)
         0.001  \set delta random(-5000, 5000)
         0.166  BEGIN;
         0.712  UPDATE pgbench_accounts SET abalance = abalance + :delta WHERE aid = :aid;
         0.288  SELECT abalance FROM pgbench_accounts WHERE aid = :aid;
         0.798  UPDATE pgbench_tellers SET tbalance = tbalance + :delta WHERE tid = :tid;
         5.421  UPDATE pgbench_branches SET bbalance = bbalance + :delta WHERE bid = :bid;
         0.188  INSERT INTO pgbench_history (tid, bid, aid, delta, mtime) VALUES (:tid, :bid, :aid, :delta, CURRENT_TIMESTAMP);
        96.733  END;
avg-cpu:  %user   %nice %system %iowait  %steal   %idle
           2,89    0,00    0,80    9,34    0,00   86,96

Device:         rrqm/s   wrqm/s     r/s     w/s    rkB/s    wkB/s avgrq-sz avgqu-sz   await r_await w_await  svctm  %util
sdb               0,12     1,81    1,64  325,19    18,23  5636,54    34,60    66,77  204,18   29,42  205,06   2,41  78,79
sda               0,12     1,80    5,88  325,27    66,56  5637,17    34,45    58,61  176,98   18,92  179,84   2,46  81,46
md0               0,00     0,00    0,48    0,00     1,92     0,00     8,00     0,00    0,00    0,00    0,00   0,00   0,00
md1               0,00     0,00    0,00    0,00     0,00     0,00     0,00     0,00    0,00    0,00    0,00   0,00   0,00
md2               0,00     0,00    7,17  326,61    81,78  5638,82    34,28     0,00    0,00    0,00    0,00   0,00   0,00
md3               0,00     0,00    0,11    0,02     1,09     0,09    17,90     0,00    0,00    0,00    0,00   0,00   0,00

Control File Changes
--- /usr/local/oldpgsql/2011-11-04-REL9_2_0~1226/before.controldata	2016-08-07 14:05:44.829478632 +0200
+++ /usr/local/oldpgsql/2011-11-04-REL9_2_0~1226/after.controldata	2016-08-07 14:23:12.397755271 +0200
@@ -2,19 +2,19 @@
 Catalog version number:               201111111
 Database system identifier:           6255546527219919471
 Database cluster state:               in production
-pg_control last modified:             нд, 07-сер-2016 14:05:44 +0200
-Latest checkpoint location:           2/7284EDA8
-Prior checkpoint location:            2/67A11E28
-Latest checkpoint's REDO location:    2/7284EDA8
+pg_control last modified:             нд, 07-сер-2016 14:23:12 +0200
+Latest checkpoint location:           3/1AB31D88
+Prior checkpoint location:            3/1AB31D30
+Latest checkpoint's REDO location:    3/1AB31D88
 Latest checkpoint's TimeLineID:       1
-Latest checkpoint's NextXID:          0/525118
-Latest checkpoint's NextOID:          16466
+Latest checkpoint's NextXID:          0/801833
+Latest checkpoint's NextOID:          24658
 Latest checkpoint's NextMultiXactId:  1
 Latest checkpoint's NextMultiOffset:  0
 Latest checkpoint's oldestXID:        698
 Latest checkpoint's oldestXID's DB:   1
 Latest checkpoint's oldestActiveXID:  0
-Time of latest checkpoint:            нд, 07-сер-2016 14:05:44 +0200
+Time of latest checkpoint:            нд, 07-сер-2016 14:22:16 +0200
 Minimum recovery ending location:     0/0
 Backup start location:                0/0
 End-of-backup record required:        no
End Time: 2016-08-07 12:23:12+00:00
========================================================================
========================================================================
Testing 2011-11-04-REL9_2_0~1226
Start Time: 2016-08-09 03:23:00+00:00
Shared Buffers:  260000
size before pgbench of pgbench_history: 24
size before pgbench of pgbench_tellers: 8
size before pgbench of pgbench_branches: 8
size before pgbench of pgbench_accounts: 64
size before pgbench of pgbench_branches_pkey: 32
size before pgbench of pgbench_tellers_pkey: 152
size before pgbench of pgbench_accounts_pkey: 658092
total size before pgbench: 658380
Linux 3.16.0-4-amd64 (Debian-83-jessie-64-minimal) 	09.08.16 	_x86_64_	(8 CPU)

starting vacuum...end.
transaction type: <builtin: select only>
scaling factor: 300
query mode: simple
number of clients: 32
number of threads: 4
duration: 60 s
number of transactions actually processed: 5623840
latency average: 0.341 ms
tps = 93693.292412 (including connections establishing)
tps = 93696.452431 (excluding connections establishing)
script statistics:
 - statement latencies in milliseconds:
         0.001  \set aid random(1, 100000 * :scale)
         0.342  SELECT abalance FROM pgbench_accounts WHERE aid = :aid;
avg-cpu:  %user   %nice %system %iowait  %steal   %idle
          54,68    0,00   11,53    0,54    0,00   33,25

Device:         rrqm/s   wrqm/s     r/s     w/s    rkB/s    wkB/s avgrq-sz avgqu-sz   await r_await w_await  svctm  %util
sdb               0,00     1,37    9,10    2,38    82,49    22,27    18,25     0,63   54,55   60,64   31,21   7,51   8,62
sda               0,00     1,37   10,68    2,38    99,38    22,27    18,64     0,40   30,98   32,47   24,26   7,51   9,81
md0               0,00     0,00    0,00    0,00     0,00     0,00     0,00     0,00    0,00    0,00    0,00   0,00   0,00
md1               0,00     0,00    0,00    0,00     0,00     0,00     0,00     0,00    0,00    0,00    0,00   0,00   0,00
md2               0,00     0,00   19,78    2,42   181,87    19,24    18,12     0,00    0,00    0,00    0,00   0,00   0,00
md3               0,00     0,00    0,00    0,11     0,00     0,44     8,00     0,00    0,00    0,00    0,00   0,00   0,00

Control File Changes
--- /usr/local/oldpgsql/2011-11-04-REL9_2_0~1226/before.controldata	2016-08-09 05:25:48.858542409 +0200
+++ /usr/local/oldpgsql/2011-11-04-REL9_2_0~1226/after.controldata	2016-08-09 05:27:19.334901332 +0200
@@ -5,4 +5,4 @@
-pg_control last modified:             Tue Aug  9 03:25:48 2016
-Latest checkpoint location:           3/80897E50
-Prior checkpoint location:            3/80897DF8
-Latest checkpoint's REDO location:    3/80897E50
+pg_control last modified:             Tue Aug  9 03:27:19 2016
+Latest checkpoint location:           3/808C75C0
+Prior checkpoint location:            3/80897E50
+Latest checkpoint's REDO location:    3/808C75C0
@@ -10,2 +10,2 @@
-Latest checkpoint's NextXID:          0/801833
-Latest checkpoint's NextOID:          16467
+Latest checkpoint's NextXID:          0/801834
+Latest checkpoint's NextOID:          24659
@@ -17 +17 @@
-Time of latest checkpoint:            Tue Aug  9 03:25:48 2016
+Time of latest checkpoint:            Tue Aug  9 03:27:18 2016
size after pgbench of pgbench_history: 0
size after pgbench of pgbench_tellers: 8
size after pgbench of pgbench_branches: 8
size after pgbench of pgbench_accounts: 64
size after pgbench of pgbench_branches_pkey: 32
size after pgbench of pgbench_tellers_pkey: 152
size after pgbench of pgbench_accounts_pkey: 658092
total size after pgbench: 658356
End Time: 2016-08-09 03:27:19+00:00
========================================================================
========================================================================
Testing 2011-11-04-REL9_2_0~1226
Start Time: 2016-08-09 14:08:19+00:00
Shared Buffers:  260000
size before pgbench of pgbench_history: 0
size before pgbench of pgbench_tellers: 8
size before pgbench of pgbench_branches: 8
size before pgbench of pgbench_accounts: 64
size before pgbench of pgbench_branches_pkey: 32
size before pgbench of pgbench_tellers_pkey: 152
size before pgbench of pgbench_accounts_pkey: 658092
total size before pgbench: 658356
Linux 3.16.0-4-amd64 (Debian-83-jessie-64-minimal) 	09.08.16 	_x86_64_	(8 CPU)

starting vacuum...end.
transaction type: <builtin: select only>
scaling factor: 300
query mode: simple
number of clients: 32
number of threads: 4
duration: 60 s
number of transactions actually processed: 5634928
latency average: 0.341 ms
tps = 93879.936240 (including connections establishing)
tps = 93883.219394 (excluding connections establishing)
script statistics:
 - statement latencies in milliseconds:
         0.001  \set aid random(1, 100000 * :scale)
         0.341  SELECT abalance FROM pgbench_accounts WHERE aid = :aid;
avg-cpu:  %user   %nice %system %iowait  %steal   %idle
          54,86    0,00   11,53    0,35    0,00   33,26

Device:         rrqm/s   wrqm/s     r/s     w/s    rkB/s    wkB/s avgrq-sz avgqu-sz   await r_await w_await  svctm  %util
sdb               0,00     0,67    7,79    2,17    72,89    12,14    17,08     0,35   35,00   39,63   18,32   6,84   6,81
sda               0,07     0,68   10,06    2,16    92,40    12,14    17,12     0,44   36,20   39,69   19,94   7,02   8,57
md0               0,00     0,00    0,12    0,02     0,49     0,09     8,00     0,00    0,00    0,00    0,00   0,00   0,00
md1               0,00     0,00    0,00    0,00     0,00     0,00     0,00     0,00    0,00    0,00    0,00   0,00   0,00
md2               0,00     0,00   17,81    1,30   164,80     8,80    18,17     0,00    0,00    0,00    0,00   0,00   0,00
md3               0,00     0,00    0,00    0,10     0,00     0,40     8,00     0,00    0,00    0,00    0,00   0,00   0,00

Control File Changes
--- /usr/local/oldpgsql/2011-11-04-REL9_2_0~1226/before.controldata	2016-08-09 16:09:34.479054928 +0200
+++ /usr/local/oldpgsql/2011-11-04-REL9_2_0~1226/after.controldata	2016-08-09 16:11:04.823236578 +0200
@@ -5,4 +5,4 @@
-pg_control last modified:             Tue Aug  9 14:09:34 2016
-Latest checkpoint location:           3/808C7670
-Prior checkpoint location:            3/808C7618
-Latest checkpoint's REDO location:    3/808C7670
+pg_control last modified:             Tue Aug  9 14:11:04 2016
+Latest checkpoint location:           3/808C9678
+Prior checkpoint location:            3/808C7670
+Latest checkpoint's REDO location:    3/808C9678
@@ -10,2 +10,2 @@
-Latest checkpoint's NextXID:          0/801834
-Latest checkpoint's NextOID:          16468
+Latest checkpoint's NextXID:          0/801835
+Latest checkpoint's NextOID:          24660
@@ -17 +17 @@
-Time of latest checkpoint:            Tue Aug  9 14:09:34 2016
+Time of latest checkpoint:            Tue Aug  9 14:11:04 2016
size after pgbench of pgbench_history: 0
size after pgbench of pgbench_tellers: 8
size after pgbench of pgbench_branches: 8
size after pgbench of pgbench_accounts: 64
size after pgbench of pgbench_branches_pkey: 32
size after pgbench of pgbench_tellers_pkey: 152
size after pgbench of pgbench_accounts_pkey: 658092
total size after pgbench: 658356
End Time: 2016-08-09 14:11:04+00:00
========================================================================
========================================================================
Testing 2011-11-04-REL9_2_0~1226
Start Time: 2016-08-10 14:51:28+00:00
Shared Buffers:  260000
size before pgbench of pgbench_history: 0
size before pgbench of pgbench_tellers: 8
size before pgbench of pgbench_branches: 8
size before pgbench of pgbench_accounts: 64
size before pgbench of pgbench_branches_pkey: 32
size before pgbench of pgbench_tellers_pkey: 152
size before pgbench of pgbench_accounts_pkey: 658092
total size before pgbench: 658356
Linux 3.16.0-4-amd64 (Debian-83-jessie-64-minimal) 	10.08.16 	_x86_64_	(8 CPU)

starting vacuum...end.
transaction type: <builtin: select only>
scaling factor: 300
query mode: simple
number of clients: 32
number of threads: 4
duration: 60 s
number of transactions actually processed: 5585304
latency average: 0.344 ms
tps = 93049.409196 (including connections establishing)
tps = 93052.799792 (excluding connections establishing)
script statistics:
 - statement latencies in milliseconds:
         0.001  \set aid random(1, 100000 * :scale)
         0.344  SELECT abalance FROM pgbench_accounts WHERE aid = :aid;
avg-cpu:  %user   %nice %system %iowait  %steal   %idle
          54,86    0,00   11,45    0,48    0,00   33,22

Device:         rrqm/s   wrqm/s     r/s     w/s    rkB/s    wkB/s avgrq-sz avgqu-sz   await r_await w_await  svctm  %util
sdb               0,03     0,79    8,14    2,09    76,40    12,44    17,36     0,52   51,10   60,47   14,57   6,74   6,89
sda               0,61     0,80    9,94    2,08    92,40    12,44    17,44     0,41   33,80   37,73   14,99   6,89   8,29
md0               0,00     0,00    1,00    0,00     4,00     0,00     8,00     0,00    0,00    0,00    0,00   0,00   0,00
md1               0,00     0,00    0,00    0,00     0,00     0,00     0,00     0,00    0,00    0,00    0,00   0,00   0,00
md2               0,00     0,00   17,74    1,38   164,80     9,11    18,19     0,00    0,00    0,00    0,00   0,00   0,00
md3               0,00     0,00    0,00    0,10     0,00     0,40     8,00     0,00    0,00    0,00    0,00   0,00   0,00

Control File Changes
--- /usr/local/oldpgsql/2011-11-04-REL9_2_0~1226/before.controldata	2016-08-10 16:52:42.930593123 +0200
+++ /usr/local/oldpgsql/2011-11-04-REL9_2_0~1226/after.controldata	2016-08-10 16:54:13.366644049 +0200
@@ -5,4 +5,4 @@
-pg_control last modified:             Wed Aug 10 14:52:42 2016
-Latest checkpoint location:           3/808C9728
-Prior checkpoint location:            3/808C96D0
-Latest checkpoint's REDO location:    3/808C9728
+pg_control last modified:             Wed Aug 10 14:54:13 2016
+Latest checkpoint location:           3/808CB730
+Prior checkpoint location:            3/808C9728
+Latest checkpoint's REDO location:    3/808CB730
@@ -10,2 +10,2 @@
-Latest checkpoint's NextXID:          0/801835
-Latest checkpoint's NextOID:          16469
+Latest checkpoint's NextXID:          0/801836
+Latest checkpoint's NextOID:          24661
@@ -17 +17 @@
-Time of latest checkpoint:            Wed Aug 10 14:52:42 2016
+Time of latest checkpoint:            Wed Aug 10 14:54:12 2016
size after pgbench of pgbench_history: 0
size after pgbench of pgbench_tellers: 8
size after pgbench of pgbench_branches: 8
size after pgbench of pgbench_accounts: 64
size after pgbench of pgbench_branches_pkey: 32
size after pgbench of pgbench_tellers_pkey: 152
size after pgbench of pgbench_accounts_pkey: 658092
total size after pgbench: 658356
End Time: 2016-08-10 14:54:13+00:00
========================================================================
========================================================================
Testing 2011-11-04-REL9_2_0~1226
Start Time: 2016-08-10 23:48:04+00:00
Shared Buffers:  260000
size before pgbench of pgbench_history: 0
size before pgbench of pgbench_tellers: 8
size before pgbench of pgbench_branches: 8
size before pgbench of pgbench_accounts: 64
size before pgbench of pgbench_branches_pkey: 32
size before pgbench of pgbench_tellers_pkey: 152
size before pgbench of pgbench_accounts_pkey: 658092
total size before pgbench: 658356
Linux 3.16.0-4-amd64 (Debian-83-jessie-64-minimal) 	11.08.16 	_x86_64_	(8 CPU)

starting vacuum...end.
transaction type: <builtin: select only>
scaling factor: 300
query mode: simple
number of clients: 32
number of threads: 4
duration: 60 s
number of transactions actually processed: 5617190
latency average: 0.342 ms
tps = 93591.938256 (including connections establishing)
tps = 93595.330953 (excluding connections establishing)
script statistics:
 - statement latencies in milliseconds:
         0.001  \set aid random(1, 100000 * :scale)
         0.342  SELECT abalance FROM pgbench_accounts WHERE aid = :aid;
avg-cpu:  %user   %nice %system %iowait  %steal   %idle
          54,77    0,00   11,50    0,48    0,00   33,25

Device:         rrqm/s   wrqm/s     r/s     w/s    rkB/s    wkB/s avgrq-sz avgqu-sz   await r_await w_await  svctm  %util
sdb               0,00     0,66    8,39    2,27    77,60    12,57    16,92     0,59   55,46   65,49   18,33   6,83   7,28
sda               0,04     0,66    9,27    2,27    87,47    12,57    17,35     0,22   18,99   19,32   17,63   7,18   8,28
md0               0,00     0,00    0,07    0,00     0,27     0,00     8,00     0,00    0,00    0,00    0,00   0,00   0,00
md1               0,00     0,00    0,00    0,00     0,00     0,00     0,00     0,00    0,00    0,00    0,00   0,00   0,00
md2               0,00     0,00   17,66    1,40   164,80     9,20    18,26     0,00    0,00    0,00    0,00   0,00   0,00
md3               0,00     0,00    0,00    0,11     0,00     0,44     8,00     0,00    0,00    0,00    0,00   0,00   0,00

Control File Changes
--- /usr/local/oldpgsql/2011-11-04-REL9_2_0~1226/before.controldata	2016-08-11 01:49:18.425234747 +0200
+++ /usr/local/oldpgsql/2011-11-04-REL9_2_0~1226/after.controldata	2016-08-11 01:50:48.765360810 +0200
@@ -5,4 +5,4 @@
-pg_control last modified:             Wed Aug 10 23:49:18 2016
-Latest checkpoint location:           3/808CB7E0
-Prior checkpoint location:            3/808CB788
-Latest checkpoint's REDO location:    3/808CB7E0
+pg_control last modified:             Wed Aug 10 23:50:48 2016
+Latest checkpoint location:           3/808CD7E8
+Prior checkpoint location:            3/808CB7E0
+Latest checkpoint's REDO location:    3/808CD7E8
@@ -10,2 +10,2 @@
-Latest checkpoint's NextXID:          0/801836
-Latest checkpoint's NextOID:          16470
+Latest checkpoint's NextXID:          0/801837
+Latest checkpoint's NextOID:          24662
@@ -17 +17 @@
-Time of latest checkpoint:            Wed Aug 10 23:49:18 2016
+Time of latest checkpoint:            Wed Aug 10 23:50:48 2016
size after pgbench of pgbench_history: 0
size after pgbench of pgbench_tellers: 8
size after pgbench of pgbench_branches: 8
size after pgbench of pgbench_accounts: 64
size after pgbench of pgbench_branches_pkey: 32
size after pgbench of pgbench_tellers_pkey: 152
size after pgbench of pgbench_accounts_pkey: 658092
total size after pgbench: 658356
End Time: 2016-08-10 23:50:48+00:00
========================================================================
========================================================================
Testing 2011-11-04-REL9_2_0~1226
Start Time: 2016-08-11 23:56:03+00:00
Shared Buffers:  260000
size before pgbench of pgbench_history: 0
size before pgbench of pgbench_tellers: 8
size before pgbench of pgbench_branches: 8
size before pgbench of pgbench_accounts: 64
size before pgbench of pgbench_branches_pkey: 32
size before pgbench of pgbench_tellers_pkey: 152
size before pgbench of pgbench_accounts_pkey: 658092
total size before pgbench: 658356
Linux 3.16.0-4-amd64 (Debian-83-jessie-64-minimal) 	12.08.16 	_x86_64_	(8 CPU)

starting vacuum...end.
transaction type: <builtin: select only>
scaling factor: 300
query mode: simple
number of clients: 32
number of threads: 4
duration: 60 s
number of transactions actually processed: 5613978
latency average: 0.342 ms
tps = 93541.301087 (including connections establishing)
tps = 93544.711245 (excluding connections establishing)
script statistics:
 - statement latencies in milliseconds:
         0.001  \set aid random(1, 100000 * :scale)
         0.342  SELECT abalance FROM pgbench_accounts WHERE aid = :aid;
avg-cpu:  %user   %nice %system %iowait  %steal   %idle
          54,78    0,00   11,50    0,47    0,00   33,24

Device:         rrqm/s   wrqm/s     r/s     w/s    rkB/s    wkB/s avgrq-sz avgqu-sz   await r_await w_await  svctm  %util
sdb               0,00     0,76    8,11    2,23    76,04    12,79    17,18     0,31   29,95   33,70   16,30   6,99   7,23
sda               0,46     0,76   10,07    2,23    92,98    12,79    17,20     0,46   37,17   42,21   14,43   6,96   8,56
md0               0,00     0,00    0,72    0,00     2,89     0,00     8,00     0,00    0,00    0,00    0,00   0,00   0,00
md1               0,00     0,00    0,00    0,00     0,00     0,00     0,00     0,00    0,00    0,00    0,00   0,00   0,00
md2               0,00     0,00   17,90    1,46   165,87     9,42    18,11     0,00    0,00    0,00    0,00   0,00   0,00
md3               0,00     0,00    0,00    0,10     0,00     0,40     8,00     0,00    0,00    0,00    0,00   0,00   0,00

Control File Changes
--- /usr/local/oldpgsql/2011-11-04-REL9_2_0~1226/before.controldata	2016-08-12 01:57:18.371240535 +0200
+++ /usr/local/oldpgsql/2011-11-04-REL9_2_0~1226/after.controldata	2016-08-12 01:58:48.731507411 +0200
@@ -5,4 +5,4 @@
-pg_control last modified:             Thu Aug 11 23:57:18 2016
-Latest checkpoint location:           3/808CD898
-Prior checkpoint location:            3/808CD840
-Latest checkpoint's REDO location:    3/808CD898
+pg_control last modified:             Thu Aug 11 23:58:48 2016
+Latest checkpoint location:           3/808CF8A0
+Prior checkpoint location:            3/808CD898
+Latest checkpoint's REDO location:    3/808CF8A0
@@ -10,2 +10,2 @@
-Latest checkpoint's NextXID:          0/801837
-Latest checkpoint's NextOID:          16471
+Latest checkpoint's NextXID:          0/801838
+Latest checkpoint's NextOID:          24663
@@ -17 +17 @@
-Time of latest checkpoint:            Thu Aug 11 23:57:17 2016
+Time of latest checkpoint:            Thu Aug 11 23:58:48 2016
size after pgbench of pgbench_history: 0
size after pgbench of pgbench_tellers: 8
size after pgbench of pgbench_branches: 8
size after pgbench of pgbench_accounts: 64
size after pgbench of pgbench_branches_pkey: 32
size after pgbench of pgbench_tellers_pkey: 152
size after pgbench of pgbench_accounts_pkey: 658092
total size after pgbench: 658356
End Time: 2016-08-11 23:58:48+00:00
========================================================================
========================================================================
Testing 2011-11-04-REL9_2_0~1226
Start Time: 2016-08-12 02:56:54+00:00
Shared Buffers:  260000
size before pgbench of pgbench_history: 0
size before pgbench of pgbench_tellers: 8
size before pgbench of pgbench_branches: 8
size before pgbench of pgbench_accounts: 64
size before pgbench of pgbench_branches_pkey: 32
size before pgbench of pgbench_tellers_pkey: 152
size before pgbench of pgbench_accounts_pkey: 658092
total size before pgbench: 658356
Linux 3.16.0-4-amd64 (Debian-83-jessie-64-minimal) 	12.08.16 	_x86_64_	(8 CPU)

starting vacuum...end.
transaction type: <builtin: select only>
scaling factor: 300
query mode: simple
number of clients: 64
number of threads: 4
duration: 60 s
number of transactions actually processed: 5201053
latency average: 0.738 ms
tps = 86612.270740 (including connections establishing)
tps = 86615.412699 (excluding connections establishing)
script statistics:
 - statement latencies in milliseconds:
         0.001  \set aid random(1, 100000 * :scale)
         0.740  SELECT abalance FROM pgbench_accounts WHERE aid = :aid;
avg-cpu:  %user   %nice %system %iowait  %steal   %idle
          53,42    0,00   11,67    0,66    0,00   34,25

Device:         rrqm/s   wrqm/s     r/s     w/s    rkB/s    wkB/s avgrq-sz avgqu-sz   await r_await w_await  svctm  %util
sdb               0,14     0,71    8,00    2,13    74,53    12,37    17,15     1,05  103,82  126,82   17,60   7,79   7,89
sda               1,44     0,71   10,66    2,13   100,40    12,37    17,64     0,69   54,07   61,33   17,79   7,09   9,07
md0               0,00     0,00    2,42    0,02     9,69     0,09     8,00     0,00    0,00    0,00    0,00   0,00   0,00
md1               0,00     0,00    0,00    0,00     0,00     0,00     0,00     0,00    0,00    0,00    0,00   0,00   0,00
md2               0,00     0,00   17,82    1,37   165,24     9,07    18,17     0,00    0,00    0,00    0,00   0,00   0,00
md3               0,00     0,00    0,00    0,10     0,00     0,40     8,00     0,00    0,00    0,00    0,00   0,00   0,00

Control File Changes
--- /usr/local/oldpgsql/2011-11-04-REL9_2_0~1226/before.controldata	2016-08-12 04:58:07.806037339 +0200
+++ /usr/local/oldpgsql/2011-11-04-REL9_2_0~1226/after.controldata	2016-08-12 04:59:38.150221396 +0200
@@ -5,4 +5,4 @@
-pg_control last modified:             Fri Aug 12 02:58:07 2016
-Latest checkpoint location:           3/808CF950
-Prior checkpoint location:            3/808CF8F8
-Latest checkpoint's REDO location:    3/808CF950
+pg_control last modified:             Fri Aug 12 02:59:38 2016
+Latest checkpoint location:           3/808D1958
+Prior checkpoint location:            3/808CF950
+Latest checkpoint's REDO location:    3/808D1958
@@ -10,2 +10,2 @@
-Latest checkpoint's NextXID:          0/801838
-Latest checkpoint's NextOID:          16472
+Latest checkpoint's NextXID:          0/801839
+Latest checkpoint's NextOID:          24664
@@ -17 +17 @@
-Time of latest checkpoint:            Fri Aug 12 02:58:07 2016
+Time of latest checkpoint:            Fri Aug 12 02:59:37 2016
size after pgbench of pgbench_history: 0
size after pgbench of pgbench_tellers: 8
size after pgbench of pgbench_branches: 8
size after pgbench of pgbench_accounts: 64
size after pgbench of pgbench_branches_pkey: 32
size after pgbench of pgbench_tellers_pkey: 152
size after pgbench of pgbench_accounts_pkey: 658092
total size after pgbench: 658356
End Time: 2016-08-12 02:59:38+00:00
========================================================================
========================================================================
Testing 2011-11-04-REL9_2_0~1226
Start Time: 2016-08-12 19:27:44+00:00
Shared Buffers:  260000
size before pgbench of pgbench_history: 0
size before pgbench of pgbench_tellers: 8
size before pgbench of pgbench_branches: 8
size before pgbench of pgbench_accounts: 64
size before pgbench of pgbench_branches_pkey: 32
size before pgbench of pgbench_tellers_pkey: 152
size before pgbench of pgbench_accounts_pkey: 658092
total size before pgbench: 658356
+ /usr/local/pgsql/bin/pgbench -T 60 -S -c 64 -j 4 -r
Linux 3.16.0-4-amd64 (Debian-83-jessie-64-minimal) 	12.08.16 	_x86_64_	(8 CPU)

starting vacuum...end.
transaction type: <builtin: select only>
scaling factor: 300
query mode: simple
number of clients: 64
number of threads: 4
duration: 60 s
number of transactions actually processed: 5159044
latency average: 0.744 ms
tps = 85928.171823 (including connections establishing)
tps = 85931.305516 (excluding connections establishing)
script statistics:
 - statement latencies in milliseconds:
         0.001  \set aid random(1, 100000 * :scale)
         0.746  SELECT abalance FROM pgbench_accounts WHERE aid = :aid;
avg-cpu:  %user   %nice %system %iowait  %steal   %idle
          53,57    0,00   11,49    0,63    0,00   34,32

Device:         rrqm/s   wrqm/s     r/s     w/s    rkB/s    wkB/s avgrq-sz avgqu-sz   await r_await w_await  svctm  %util
sdb               0,00     0,66    8,06    2,24    75,29    12,33    17,01     1,62  157,69  195,30   22,71   7,24   7,46
sda               0,00     0,64    9,71    2,26    89,51    12,33    17,02     0,79   65,82   76,11   21,54   7,23   8,65
md0               0,00     0,00    0,00    0,06     0,00     0,22     8,00     0,00    0,00    0,00    0,00   0,00   0,00
md1               0,00     0,00    0,00    0,00     0,00     0,00     0,00     0,00    0,00    0,00    0,00   0,00   0,00
md2               0,00     0,00   17,78    1,31   164,80     8,84    18,19     0,00    0,00    0,00    0,00   0,00   0,00
md3               0,00     0,00    0,00    0,10     0,00     0,40     8,00     0,00    0,00    0,00    0,00   0,00   0,00

Control File Changes
--- /usr/local/oldpgsql/2011-11-04-REL9_2_0~1226/before.controldata	2016-08-12 21:28:58.569249042 +0200
+++ /usr/local/oldpgsql/2011-11-04-REL9_2_0~1226/after.controldata	2016-08-12 21:30:28.905453466 +0200
@@ -5,4 +5,4 @@
-pg_control last modified:             Fri Aug 12 19:28:58 2016
-Latest checkpoint location:           3/808D1A08
-Prior checkpoint location:            3/808D19B0
-Latest checkpoint's REDO location:    3/808D1A08
+pg_control last modified:             Fri Aug 12 19:30:28 2016
+Latest checkpoint location:           3/808D3A10
+Prior checkpoint location:            3/808D1A08
+Latest checkpoint's REDO location:    3/808D3A10
@@ -10,2 +10,2 @@
-Latest checkpoint's NextXID:          0/801839
-Latest checkpoint's NextOID:          16473
+Latest checkpoint's NextXID:          0/801840
+Latest checkpoint's NextOID:          24665
@@ -17 +17 @@
-Time of latest checkpoint:            Fri Aug 12 19:28:57 2016
+Time of latest checkpoint:            Fri Aug 12 19:30:28 2016
size after pgbench of pgbench_history: 0
size after pgbench of pgbench_tellers: 8
size after pgbench of pgbench_branches: 8
size after pgbench of pgbench_accounts: 64
size after pgbench of pgbench_branches_pkey: 32
size after pgbench of pgbench_tellers_pkey: 152
size after pgbench of pgbench_accounts_pkey: 658092
total size after pgbench: 658356
End Time: 2016-08-12 19:30:28+00:00
========================================================================
========================================================================
Testing 2011-11-04-REL9_2_0~1226
Start Time: 2016-08-13 04:39:49+00:00
Shared Buffers:  260000
size before pgbench of pgbench_history: 0
size before pgbench of pgbench_tellers: 8
size before pgbench of pgbench_branches: 8
size before pgbench of pgbench_accounts: 64
size before pgbench of pgbench_branches_pkey: 32
size before pgbench of pgbench_tellers_pkey: 152
size before pgbench of pgbench_accounts_pkey: 658092
total size before pgbench: 658356
Linux 3.16.0-4-amd64 (Debian-83-jessie-64-minimal) 	13.08.16 	_x86_64_	(8 CPU)

starting vacuum...end.
transaction type: <builtin: select only>
scaling factor: 300
query mode: simple
number of clients: 48
number of threads: 4
duration: 60 s
number of transactions actually processed: 5542418
latency average: 0.520 ms
tps = 92311.572263 (including connections establishing)
tps = 92314.976301 (excluding connections establishing)
script statistics:
 - statement latencies in milliseconds:
         0.001  \set aid random(1, 100000 * :scale)
         0.523  SELECT abalance FROM pgbench_accounts WHERE aid = :aid;
avg-cpu:  %user   %nice %system %iowait  %steal   %idle
          54,35    0,00   11,47    0,42    0,00   33,76

Device:         rrqm/s   wrqm/s     r/s     w/s    rkB/s    wkB/s avgrq-sz avgqu-sz   await r_await w_await  svctm  %util
sdb               0,00     0,71    7,34    2,37    69,78    13,00    17,05     0,53   54,92   68,35   13,22   6,88   6,68
sda               0,02     0,71   10,28    2,37    95,16    13,00    17,11     0,89   70,63   83,62   14,18   6,64   8,40
md0               0,00     0,00    0,03    0,01     0,13     0,04     8,00     0,00    0,00    0,00    0,00   0,00   0,00
md1               0,00     0,00    0,00    0,00     0,00     0,00     0,00     0,00    0,00    0,00    0,00   0,00   0,00
md2               0,00     0,00   17,63    1,47   164,80     9,47    18,25     0,00    0,00    0,00    0,00   0,00   0,00
md3               0,00     0,00    0,00    0,10     0,00     0,40     8,00     0,00    0,00    0,00    0,00   0,00   0,00

Control File Changes
--- /usr/local/oldpgsql/2011-11-04-REL9_2_0~1226/before.controldata	2016-08-13 06:41:04.334197189 +0200
+++ /usr/local/oldpgsql/2011-11-04-REL9_2_0~1226/after.controldata	2016-08-13 06:42:34.678511369 +0200
@@ -5,4 +5,4 @@
-pg_control last modified:             Sat Aug 13 04:41:04 2016
-Latest checkpoint location:           3/808D3AC0
-Prior checkpoint location:            3/808D3A68
-Latest checkpoint's REDO location:    3/808D3AC0
+pg_control last modified:             Sat Aug 13 04:42:34 2016
+Latest checkpoint location:           3/808D5AC8
+Prior checkpoint location:            3/808D3AC0
+Latest checkpoint's REDO location:    3/808D5AC8
@@ -10,2 +10,2 @@
-Latest checkpoint's NextXID:          0/801840
-Latest checkpoint's NextOID:          16474
+Latest checkpoint's NextXID:          0/801841
+Latest checkpoint's NextOID:          24666
@@ -17 +17 @@
-Time of latest checkpoint:            Sat Aug 13 04:41:04 2016
+Time of latest checkpoint:            Sat Aug 13 04:42:34 2016
size after pgbench of pgbench_history: 0
size after pgbench of pgbench_tellers: 8
size after pgbench of pgbench_branches: 8
size after pgbench of pgbench_accounts: 64
size after pgbench of pgbench_branches_pkey: 32
size after pgbench of pgbench_tellers_pkey: 152
size after pgbench of pgbench_accounts_pkey: 658092
total size after pgbench: 658356
End Time: 2016-08-13 04:42:34+00:00
========================================================================
========================================================================
Testing 2011-11-04-REL9_2_0~1226
Start Time: 2016-08-13 11:55:16+00:00
Shared Buffers:  260000
size before pgbench of pgbench_history: 0
size before pgbench of pgbench_tellers: 8
size before pgbench of pgbench_branches: 8
size before pgbench of pgbench_accounts: 64
size before pgbench of pgbench_branches_pkey: 32
size before pgbench of pgbench_tellers_pkey: 152
size before pgbench of pgbench_accounts_pkey: 658092
total size before pgbench: 658356
Linux 3.16.0-4-amd64 (Debian-83-jessie-64-minimal) 	13.08.16 	_x86_64_	(8 CPU)

starting vacuum...end.
transaction type: <builtin: select only>
scaling factor: 300
query mode: simple
number of clients: 48
number of threads: 4
duration: 60 s
number of transactions actually processed: 5558647
latency average: 0.518 ms
tps = 92602.002819 (including connections establishing)
tps = 92605.311858 (excluding connections establishing)
script statistics:
 - statement latencies in milliseconds:
         0.001  \set aid random(1, 100000 * :scale)
         0.520  SELECT abalance FROM pgbench_accounts WHERE aid = :aid;
avg-cpu:  %user   %nice %system %iowait  %steal   %idle
          54,41    0,00   11,50    0,32    0,00   33,76

Device:         rrqm/s   wrqm/s     r/s     w/s    rkB/s    wkB/s avgrq-sz avgqu-sz   await r_await w_await  svctm  %util
sdb               0,00     0,66    8,23    2,12    74,76    12,07    16,77     0,69   66,65   80,47   13,03   6,42   6,65
sda               0,03     0,66    9,77    2,12    90,27    12,07    17,22     0,57   47,58   54,76   14,53   6,94   8,25
md0               0,00     0,00    0,06    0,00     0,22     0,00     8,00     0,00    0,00    0,00    0,00   0,00   0,00
md1               0,00     0,00    0,00    0,00     0,00     0,00     0,00     0,00    0,00    0,00    0,00   0,00   0,00
md2               0,00     0,00   17,98    1,30   164,80     8,80    18,01     0,00    0,00    0,00    0,00   0,00   0,00
md3               0,00     0,00    0,00    0,10     0,00     0,40     8,00     0,00    0,00    0,00    0,00   0,00   0,00

Control File Changes
--- /usr/local/oldpgsql/2011-11-04-REL9_2_0~1226/before.controldata	2016-08-13 13:56:31.446193399 +0200
+++ /usr/local/oldpgsql/2011-11-04-REL9_2_0~1226/after.controldata	2016-08-13 13:58:01.790396788 +0200
@@ -5,4 +5,4 @@
-pg_control last modified:             Sat Aug 13 11:56:31 2016
-Latest checkpoint location:           3/808D5B78
-Prior checkpoint location:            3/808D5B20
-Latest checkpoint's REDO location:    3/808D5B78
+pg_control last modified:             Sat Aug 13 11:58:01 2016
+Latest checkpoint location:           3/808D7B80
+Prior checkpoint location:            3/808D5B78
+Latest checkpoint's REDO location:    3/808D7B80
@@ -10,2 +10,2 @@
-Latest checkpoint's NextXID:          0/801841
-Latest checkpoint's NextOID:          16475
+Latest checkpoint's NextXID:          0/801842
+Latest checkpoint's NextOID:          24667
@@ -17 +17 @@
-Time of latest checkpoint:            Sat Aug 13 11:56:31 2016
+Time of latest checkpoint:            Sat Aug 13 11:58:01 2016
size after pgbench of pgbench_history: 0
size after pgbench of pgbench_tellers: 8
size after pgbench of pgbench_branches: 8
size after pgbench of pgbench_accounts: 64
size after pgbench of pgbench_branches_pkey: 32
size after pgbench of pgbench_tellers_pkey: 152
size after pgbench of pgbench_accounts_pkey: 658092
total size after pgbench: 658356
End Time: 2016-08-13 11:58:01+00:00
========================================================================
========================================================================
Testing 2011-11-04-REL9_2_0~1226
Start Time: 2016-08-14 19:59:16+00:00
Shared Buffers:  260000
size before pgbench of pgbench_history: 0
size before pgbench of pgbench_tellers: 8
size before pgbench of pgbench_branches: 8
size before pgbench of pgbench_accounts: 64
size before pgbench of pgbench_branches_pkey: 32
size before pgbench of pgbench_tellers_pkey: 152
size before pgbench of pgbench_accounts_pkey: 658092
total size before pgbench: 658356
Linux 3.16.0-4-amd64 (Debian-83-jessie-64-minimal) 	14.08.16 	_x86_64_	(8 CPU)

starting vacuum...end.
transaction type: <builtin: TPC-B (sort of)>
scaling factor: 300
query mode: simple
number of clients: 32
number of threads: 4
duration: 900 s
number of transactions actually processed: 312128
latency average: 92.270 ms
tps = 346.742785 (including connections establishing)
tps = 346.743578 (excluding connections establishing)
script statistics:
 - statement latencies in milliseconds:
         0.002  \set aid random(1, 100000 * :scale)
         0.001  \set bid random(1, 1 * :scale)
         0.001  \set tid random(1, 10 * :scale)
         0.001  \set delta random(-5000, 5000)
         0.164  BEGIN;
         0.484  UPDATE pgbench_accounts SET abalance = abalance + :delta WHERE aid = :aid;
         0.291  SELECT abalance FROM pgbench_accounts WHERE aid = :aid;
         0.768  UPDATE pgbench_tellers SET tbalance = tbalance + :delta WHERE tid = :tid;
         4.815  UPDATE pgbench_branches SET bbalance = bbalance + :delta WHERE bid = :bid;
         0.187  INSERT INTO pgbench_history (tid, bid, aid, delta, mtime) VALUES (:tid, :bid, :aid, :delta, CURRENT_TIMESTAMP);
        85.765  END;
avg-cpu:  %user   %nice %system %iowait  %steal   %idle
           3,20    0,00    0,90    9,26    0,00   86,63

Device:         rrqm/s   wrqm/s     r/s     w/s    rkB/s    wkB/s avgrq-sz avgqu-sz   await r_await w_await  svctm  %util
sdb               0,00     1,92    0,18  346,61     1,86  6126,09    35,34    66,23  190,85   29,61  190,94   2,31  79,96
sda               0,02     1,91    1,26  346,60    11,51  6125,93    35,29    59,22  170,08   20,11  170,62   2,24  78,05
md0               0,00     0,00    0,12    0,00     0,47     0,00     8,00     0,00    0,00    0,00    0,00   0,00   0,00
md1               0,00     0,00    0,00    0,00     0,00     0,00     0,00     0,00    0,00    0,00    0,00   0,00   0,00
md2               0,00     0,00    1,35  347,83    12,86  6125,75    35,16     0,00    0,00    0,00    0,00   0,00   0,00
md3               0,00     0,00    0,00    0,01     0,00     0,04     8,00     0,00    0,00    0,00    0,00   0,00   0,00

Control File Changes
--- /usr/local/oldpgsql/2011-11-04-REL9_2_0~1226/before.controldata	2016-08-14 22:00:32.851976729 +0200
+++ /usr/local/oldpgsql/2011-11-04-REL9_2_0~1226/after.controldata	2016-08-14 22:17:31.726018946 +0200
@@ -5,4 +5,4 @@
-pg_control last modified:             Sun Aug 14 20:00:32 2016
-Latest checkpoint location:           3/808D7C30
-Prior checkpoint location:            3/808D7BD8
-Latest checkpoint's REDO location:    3/808D7C30
+pg_control last modified:             Sun Aug 14 20:17:31 2016
+Latest checkpoint location:           4/2DD12120
+Prior checkpoint location:            4/2DD120C8
+Latest checkpoint's REDO location:    4/2DD12120
@@ -10,2 +10,2 @@
-Latest checkpoint's NextXID:          0/801842
-Latest checkpoint's NextOID:          16476
+Latest checkpoint's NextXID:          0/1114013
+Latest checkpoint's NextOID:          24668
@@ -17 +17 @@
-Time of latest checkpoint:            Sun Aug 14 20:00:32 2016
+Time of latest checkpoint:            Sun Aug 14 20:16:44 2016
size after pgbench of pgbench_history: 24
size after pgbench of pgbench_tellers: 8
size after pgbench of pgbench_branches: 8
size after pgbench of pgbench_accounts: 64
size after pgbench of pgbench_branches_pkey: 32
size after pgbench of pgbench_tellers_pkey: 152
size after pgbench of pgbench_accounts_pkey: 658092
total size after pgbench: 658380
End Time: 2016-08-14 20:17:31+00:00
========================================================================
========================================================================
Testing 2011-11-04-REL9_2_0~1226
Start Time: 2016-08-15 21:40:29+00:00
Shared Buffers:  260000
size before pgbench of pgbench_history: 24
size before pgbench of pgbench_tellers: 8
size before pgbench of pgbench_branches: 8
size before pgbench of pgbench_accounts: 64
size before pgbench of pgbench_branches_pkey: 32
size before pgbench of pgbench_tellers_pkey: 152
size before pgbench of pgbench_accounts_pkey: 658092
total size before pgbench: 658380
Linux 4.6.0-1-amd64 (Debian-83-jessie-64-minimal) 	15.08.16 	_x86_64_	(8 CPU)

starting vacuum...end.
transaction type: <builtin: TPC-B (sort of)>
scaling factor: 300
query mode: simple
number of clients: 32
number of threads: 4
duration: 900 s
number of transactions actually processed: 297141
latency average: 96.924 ms
tps = 330.138510 (including connections establishing)
tps = 330.139190 (excluding connections establishing)
script statistics:
 - statement latencies in milliseconds:
         0.002  \set aid random(1, 100000 * :scale)
         0.001  \set bid random(1, 1 * :scale)
         0.001  \set tid random(1, 10 * :scale)
         0.001  \set delta random(-5000, 5000)
         0.203  BEGIN;
         0.516  UPDATE pgbench_accounts SET abalance = abalance + :delta WHERE aid = :aid;
         0.348  SELECT abalance FROM pgbench_accounts WHERE aid = :aid;
         0.799  UPDATE pgbench_tellers SET tbalance = tbalance + :delta WHERE tid = :tid;
         4.963  UPDATE pgbench_branches SET bbalance = bbalance + :delta WHERE bid = :bid;
         0.231  INSERT INTO pgbench_history (tid, bid, aid, delta, mtime) VALUES (:tid, :bid, :aid, :delta, CURRENT_TIMESTAMP);
        90.077  END;
avg-cpu:  %user   %nice %system %iowait  %steal   %idle
           3,37    0,00    0,93   20,41    0,00   75,28

Device:         rrqm/s   wrqm/s     r/s     w/s    rkB/s    wkB/s avgrq-sz avgqu-sz   await r_await w_await  svctm  %util
sdb               0,01     2,17    0,08  295,50     0,66  5099,07    34,51    64,51  218,24   20,66  218,30   2,65  78,45
sda               0,01     2,17    0,41  295,50     3,59  5099,07    34,49    49,29  166,56   19,42  166,77   2,62  77,51
md0               0,00     0,00    0,08    0,00     0,32     0,00     8,00     0,00    0,00    0,00    0,00   0,00   0,00
md1               0,00     0,00    0,00    0,00     0,00     0,00     0,00     0,00    0,00    0,00    0,00   0,00   0,00
md2               0,00     0,00    0,43  297,20     3,93  5097,89    34,28     0,00    0,00    0,00    0,00   0,00   0,00
md3               0,00     0,00    0,00    0,01     0,00     0,04     8,00     0,00    0,00    0,00    0,00   0,00   0,00

Control File Changes
--- /usr/local/oldpgsql/2011-11-04-REL9_2_0~1226/before.controldata	2016-08-15 23:43:26.414250729 +0200
+++ /usr/local/oldpgsql/2011-11-04-REL9_2_0~1226/after.controldata	2016-08-15 23:59:36.705802518 +0200
@@ -5,4 +5,4 @@
-pg_control last modified:             Mon Aug 15 21:43:26 2016
-Latest checkpoint location:           4/9D36B2B8
-Prior checkpoint location:            4/9D36B260
-Latest checkpoint's REDO location:    4/9D36B2B8
+pg_control last modified:             Mon Aug 15 21:59:36 2016
+Latest checkpoint location:           5/3835F140
+Prior checkpoint location:            5/2DB87150
+Latest checkpoint's REDO location:    5/3835F140
@@ -10,2 +10,2 @@
-Latest checkpoint's NextXID:          0/1114013
-Latest checkpoint's NextOID:          16477
+Latest checkpoint's NextXID:          0/1411196
+Latest checkpoint's NextOID:          24669
@@ -17 +17 @@
-Time of latest checkpoint:            Mon Aug 15 21:43:25 2016
+Time of latest checkpoint:            Mon Aug 15 21:58:56 2016
size after pgbench of pgbench_history: 24
size after pgbench of pgbench_tellers: 8
size after pgbench of pgbench_branches: 8
size after pgbench of pgbench_accounts: 64
size after pgbench of pgbench_branches_pkey: 32
size after pgbench of pgbench_tellers_pkey: 152
size after pgbench of pgbench_accounts_pkey: 658092
total size after pgbench: 658380
End Time: 2016-08-15 21:59:36+00:00
========================================================================
========================================================================
Testing 2011-11-04-REL9_2_0~1226
Start Time: 2016-08-21 08:23:37+00:00
Shared Buffers:  260000
size before pgbench of pgbench_history: 24
size before pgbench of pgbench_tellers: 8
size before pgbench of pgbench_branches: 8
size before pgbench of pgbench_accounts: 64
size before pgbench of pgbench_branches_pkey: 32
size before pgbench of pgbench_tellers_pkey: 152
size before pgbench of pgbench_accounts_pkey: 658092
total size before pgbench: 658380
Linux 4.6.0-1-amd64 (Debian-83-jessie-64-minimal) 	21.08.16 	_x86_64_	(8 CPU)

starting vacuum...end.
transaction type: <builtin: TPC-B (sort of)>
scaling factor: 300
query mode: simple
number of clients: 32
number of threads: 4
duration: 900 s
number of transactions actually processed: 297756
latency average: 96.723 ms
tps = 330.813974 (including connections establishing)
tps = 330.814667 (excluding connections establishing)
script statistics:
 - statement latencies in milliseconds:
         0.002  \set aid random(1, 100000 * :scale)
         0.001  \set bid random(1, 1 * :scale)
         0.001  \set tid random(1, 10 * :scale)
         0.001  \set delta random(-5000, 5000)
         0.203  BEGIN;
         0.509  UPDATE pgbench_accounts SET abalance = abalance + :delta WHERE aid = :aid;
         0.351  SELECT abalance FROM pgbench_accounts WHERE aid = :aid;
         0.750  UPDATE pgbench_tellers SET tbalance = tbalance + :delta WHERE tid = :tid;
         5.115  UPDATE pgbench_branches SET bbalance = bbalance + :delta WHERE bid = :bid;
         0.215  INSERT INTO pgbench_history (tid, bid, aid, delta, mtime) VALUES (:tid, :bid, :aid, :delta, CURRENT_TIMESTAMP);
        89.848  END;
avg-cpu:  %user   %nice %system %iowait  %steal   %idle
           3,36    0,00    0,96   19,60    0,00   76,08

Device:         rrqm/s   wrqm/s     r/s     w/s    rkB/s    wkB/s avgrq-sz avgqu-sz   await r_await w_await  svctm  %util
sdb               0,00     4,99    0,02  295,18     0,18  5068,10    34,34    66,79  226,23   58,89  226,24   2,72  80,17
sda               0,01     4,99    0,19  295,19     1,72  5068,10    34,33    45,61  154,41   21,48  154,50   2,43  71,86
md0               0,00     0,00    0,02    0,00     0,09     0,01     8,00     0,00    0,00    0,00    0,00   0,00   0,00
md1               0,00     0,00    0,00    0,00     0,00     0,00     0,00     0,00    0,00    0,00    0,00   0,00   0,00
md2               0,00     0,00    0,19  299,71     1,82  5066,93    33,80     0,00    0,00    0,00    0,00   0,00   0,00
md3               0,00     0,00    0,00    0,01     0,00     0,04     8,00     0,00    0,00    0,00    0,00   0,00   0,00

Control File Changes
--- /usr/local/oldpgsql/2011-11-04-REL9_2_0~1226/before.controldata	2016-08-21 10:26:18.538584421 +0200
+++ /usr/local/oldpgsql/2011-11-04-REL9_2_0~1226/after.controldata	2016-08-21 10:44:40.500892487 +0200
@@ -5,4 +5,4 @@
-pg_control last modified:             Sun Aug 21 08:26:18 2016
-Latest checkpoint location:           5/A3A51408
-Prior checkpoint location:            5/A3A513B0
-Latest checkpoint's REDO location:    5/A3A51408
+pg_control last modified:             Sun Aug 21 08:44:40 2016
+Latest checkpoint location:           6/39D76438
+Prior checkpoint location:            6/3501A048
+Latest checkpoint's REDO location:    6/39D372B0
@@ -10,2 +10,2 @@
-Latest checkpoint's NextXID:          0/1411196
-Latest checkpoint's NextOID:          16478
+Latest checkpoint's NextXID:          0/1708991
+Latest checkpoint's NextOID:          24670
@@ -17 +17 @@
-Time of latest checkpoint:            Sun Aug 21 08:26:17 2016
+Time of latest checkpoint:            Sun Aug 21 08:41:48 2016
size after pgbench of pgbench_history: 24
size after pgbench of pgbench_tellers: 8
size after pgbench of pgbench_branches: 8
size after pgbench of pgbench_accounts: 64
size after pgbench of pgbench_branches_pkey: 32
size after pgbench of pgbench_tellers_pkey: 152
size after pgbench of pgbench_accounts_pkey: 658092
total size after pgbench: 658380
End Time: 2016-08-21 08:44:40+00:00
========================================================================
