creating tables...
100000 of 30000000 tuples (0%) done (elapsed 0.06 s, remaining 17.51 s)
200000 of 30000000 tuples (0%) done (elapsed 0.12 s, remaining 17.95 s)
300000 of 30000000 tuples (1%) done (elapsed 0.18 s, remaining 17.40 s)
400000 of 30000000 tuples (1%) done (elapsed 0.24 s, remaining 17.48 s)
500000 of 30000000 tuples (1%) done (elapsed 0.30 s, remaining 17.49 s)
600000 of 30000000 tuples (2%) done (elapsed 0.35 s, remaining 17.22 s)
700000 of 30000000 tuples (2%) done (elapsed 0.41 s, remaining 17.22 s)
800000 of 30000000 tuples (2%) done (elapsed 0.47 s, remaining 17.02 s)
900000 of 30000000 tuples (3%) done (elapsed 0.53 s, remaining 17.03 s)
1000000 of 30000000 tuples (3%) done (elapsed 0.59 s, remaining 16.98 s)
1100000 of 30000000 tuples (3%) done (elapsed 0.65 s, remaining 16.99 s)
1200000 of 30000000 tuples (4%) done (elapsed 0.70 s, remaining 16.89 s)
1300000 of 30000000 tuples (4%) done (elapsed 0.76 s, remaining 16.89 s)
1400000 of 30000000 tuples (4%) done (elapsed 0.82 s, remaining 16.78 s)
1500000 of 30000000 tuples (5%) done (elapsed 0.88 s, remaining 16.78 s)
1600000 of 30000000 tuples (5%) done (elapsed 0.94 s, remaining 16.68 s)
1700000 of 30000000 tuples (5%) done (elapsed 1.00 s, remaining 16.66 s)
1800000 of 30000000 tuples (6%) done (elapsed 1.06 s, remaining 16.57 s)
1900000 of 30000000 tuples (6%) done (elapsed 1.12 s, remaining 16.55 s)
2000000 of 30000000 tuples (6%) done (elapsed 1.18 s, remaining 16.46 s)
2100000 of 30000000 tuples (7%) done (elapsed 1.24 s, remaining 16.43 s)
2200000 of 30000000 tuples (7%) done (elapsed 1.30 s, remaining 16.41 s)
2300000 of 30000000 tuples (7%) done (elapsed 1.36 s, remaining 16.32 s)
2400000 of 30000000 tuples (8%) done (elapsed 1.42 s, remaining 16.29 s)
2500000 of 30000000 tuples (8%) done (elapsed 1.47 s, remaining 16.21 s)
2600000 of 30000000 tuples (8%) done (elapsed 1.53 s, remaining 16.17 s)
2700000 of 30000000 tuples (9%) done (elapsed 1.59 s, remaining 16.09 s)
2800000 of 30000000 tuples (9%) done (elapsed 1.65 s, remaining 16.05 s)
2900000 of 30000000 tuples (9%) done (elapsed 1.71 s, remaining 15.97 s)
3000000 of 30000000 tuples (10%) done (elapsed 1.77 s, remaining 15.93 s)
3100000 of 30000000 tuples (10%) done (elapsed 1.83 s, remaining 15.90 s)
3200000 of 30000000 tuples (10%) done (elapsed 1.89 s, remaining 15.82 s)
3300000 of 30000000 tuples (11%) done (elapsed 1.95 s, remaining 15.78 s)
3400000 of 30000000 tuples (11%) done (elapsed 2.01 s, remaining 15.71 s)
3500000 of 30000000 tuples (11%) done (elapsed 2.06 s, remaining 15.63 s)
3600000 of 30000000 tuples (12%) done (elapsed 2.13 s, remaining 15.59 s)
3700000 of 30000000 tuples (12%) done (elapsed 2.18 s, remaining 15.52 s)
3800000 of 30000000 tuples (12%) done (elapsed 2.25 s, remaining 15.48 s)
3900000 of 30000000 tuples (13%) done (elapsed 2.30 s, remaining 15.41 s)
4000000 of 30000000 tuples (13%) done (elapsed 2.36 s, remaining 15.34 s)
4100000 of 30000000 tuples (13%) done (elapsed 2.42 s, remaining 15.30 s)
4200000 of 30000000 tuples (14%) done (elapsed 2.48 s, remaining 15.22 s)
4300000 of 30000000 tuples (14%) done (elapsed 2.54 s, remaining 15.18 s)
4400000 of 30000000 tuples (14%) done (elapsed 2.60 s, remaining 15.11 s)
4500000 of 30000000 tuples (15%) done (elapsed 2.65 s, remaining 15.04 s)
4600000 of 30000000 tuples (15%) done (elapsed 2.72 s, remaining 15.00 s)
4700000 of 30000000 tuples (15%) done (elapsed 2.77 s, remaining 14.92 s)
4800000 of 30000000 tuples (16%) done (elapsed 2.83 s, remaining 14.88 s)
4900000 of 30000000 tuples (16%) done (elapsed 2.89 s, remaining 14.81 s)
5000000 of 30000000 tuples (16%) done (elapsed 2.95 s, remaining 14.74 s)
5100000 of 30000000 tuples (17%) done (elapsed 3.01 s, remaining 14.70 s)
5200000 of 30000000 tuples (17%) done (elapsed 3.07 s, remaining 14.63 s)
5300000 of 30000000 tuples (17%) done (elapsed 3.12 s, remaining 14.56 s)
5400000 of 30000000 tuples (18%) done (elapsed 3.19 s, remaining 14.51 s)
5500000 of 30000000 tuples (18%) done (elapsed 3.24 s, remaining 14.45 s)
5600000 of 30000000 tuples (18%) done (elapsed 3.30 s, remaining 14.38 s)
5700000 of 30000000 tuples (19%) done (elapsed 3.36 s, remaining 14.33 s)
5800000 of 30000000 tuples (19%) done (elapsed 3.42 s, remaining 14.27 s)
5900000 of 30000000 tuples (19%) done (elapsed 3.48 s, remaining 14.22 s)
6000000 of 30000000 tuples (20%) done (elapsed 3.54 s, remaining 14.15 s)
6100000 of 30000000 tuples (20%) done (elapsed 3.60 s, remaining 14.10 s)
6200000 of 30000000 tuples (20%) done (elapsed 3.66 s, remaining 14.04 s)
6300000 of 30000000 tuples (21%) done (elapsed 3.71 s, remaining 13.97 s)
6400000 of 30000000 tuples (21%) done (elapsed 3.78 s, remaining 13.92 s)
6500000 of 30000000 tuples (21%) done (elapsed 3.83 s, remaining 13.86 s)
6600000 of 30000000 tuples (22%) done (elapsed 3.89 s, remaining 13.81 s)
6700000 of 30000000 tuples (22%) done (elapsed 3.95 s, remaining 13.74 s)
6800000 of 30000000 tuples (22%) done (elapsed 4.01 s, remaining 13.67 s)
6900000 of 30000000 tuples (23%) done (elapsed 4.07 s, remaining 13.63 s)
7000000 of 30000000 tuples (23%) done (elapsed 4.13 s, remaining 13.56 s)
7100000 of 30000000 tuples (23%) done (elapsed 4.19 s, remaining 13.51 s)
7200000 of 30000000 tuples (24%) done (elapsed 4.25 s, remaining 13.44 s)
7300000 of 30000000 tuples (24%) done (elapsed 4.31 s, remaining 13.39 s)
7400000 of 30000000 tuples (24%) done (elapsed 4.36 s, remaining 13.33 s)
7500000 of 30000000 tuples (25%) done (elapsed 4.43 s, remaining 13.28 s)
7600000 of 30000000 tuples (25%) done (elapsed 4.48 s, remaining 13.21 s)
7700000 of 30000000 tuples (25%) done (elapsed 4.54 s, remaining 13.16 s)
7800000 of 30000000 tuples (26%) done (elapsed 4.60 s, remaining 13.10 s)
7900000 of 30000000 tuples (26%) done (elapsed 4.66 s, remaining 13.03 s)
8000000 of 30000000 tuples (26%) done (elapsed 4.72 s, remaining 12.98 s)
8100000 of 30000000 tuples (27%) done (elapsed 4.78 s, remaining 12.92 s)
8200000 of 30000000 tuples (27%) done (elapsed 4.84 s, remaining 12.86 s)
8300000 of 30000000 tuples (27%) done (elapsed 4.90 s, remaining 12.80 s)
8400000 of 30000000 tuples (28%) done (elapsed 4.96 s, remaining 12.75 s)
8500000 of 30000000 tuples (28%) done (elapsed 5.01 s, remaining 12.68 s)
8600000 of 30000000 tuples (28%) done (elapsed 5.08 s, remaining 12.63 s)
8700000 of 30000000 tuples (29%) done (elapsed 5.13 s, remaining 12.57 s)
8800000 of 30000000 tuples (29%) done (elapsed 5.19 s, remaining 12.51 s)
8900000 of 30000000 tuples (29%) done (elapsed 5.25 s, remaining 12.45 s)
9000000 of 30000000 tuples (30%) done (elapsed 5.31 s, remaining 12.40 s)
9100000 of 30000000 tuples (30%) done (elapsed 5.37 s, remaining 12.33 s)
9200000 of 30000000 tuples (30%) done (elapsed 5.43 s, remaining 12.28 s)
9300000 of 30000000 tuples (31%) done (elapsed 5.49 s, remaining 12.22 s)
9400000 of 30000000 tuples (31%) done (elapsed 5.55 s, remaining 12.16 s)
9500000 of 30000000 tuples (31%) done (elapsed 5.61 s, remaining 12.10 s)
9600000 of 30000000 tuples (32%) done (elapsed 5.67 s, remaining 12.05 s)
9700000 of 30000000 tuples (32%) done (elapsed 5.73 s, remaining 11.98 s)
9800000 of 30000000 tuples (32%) done (elapsed 5.79 s, remaining 11.93 s)
9900000 of 30000000 tuples (33%) done (elapsed 5.84 s, remaining 11.87 s)
10000000 of 30000000 tuples (33%) done (elapsed 5.90 s, remaining 11.81 s)
10100000 of 30000000 tuples (33%) done (elapsed 5.96 s, remaining 11.75 s)
10200000 of 30000000 tuples (34%) done (elapsed 6.02 s, remaining 11.69 s)
10300000 of 30000000 tuples (34%) done (elapsed 6.08 s, remaining 11.63 s)
10400000 of 30000000 tuples (34%) done (elapsed 6.14 s, remaining 11.58 s)
10500000 of 30000000 tuples (35%) done (elapsed 6.20 s, remaining 11.52 s)
10600000 of 30000000 tuples (35%) done (elapsed 6.26 s, remaining 11.46 s)
10700000 of 30000000 tuples (35%) done (elapsed 6.32 s, remaining 11.40 s)
10800000 of 30000000 tuples (36%) done (elapsed 6.38 s, remaining 11.34 s)
10900000 of 30000000 tuples (36%) done (elapsed 6.44 s, remaining 11.28 s)
11000000 of 30000000 tuples (36%) done (elapsed 6.50 s, remaining 11.23 s)
11100000 of 30000000 tuples (37%) done (elapsed 6.56 s, remaining 11.17 s)
11200000 of 30000000 tuples (37%) done (elapsed 6.62 s, remaining 11.11 s)
11300000 of 30000000 tuples (37%) done (elapsed 6.68 s, remaining 11.05 s)
11400000 of 30000000 tuples (38%) done (elapsed 6.74 s, remaining 11.00 s)
11500000 of 30000000 tuples (38%) done (elapsed 6.80 s, remaining 10.94 s)
11600000 of 30000000 tuples (38%) done (elapsed 6.86 s, remaining 10.88 s)
11700000 of 30000000 tuples (39%) done (elapsed 6.92 s, remaining 10.82 s)
11800000 of 30000000 tuples (39%) done (elapsed 6.98 s, remaining 10.76 s)
11900000 of 30000000 tuples (39%) done (elapsed 7.04 s, remaining 10.70 s)
12000000 of 30000000 tuples (40%) done (elapsed 7.09 s, remaining 10.64 s)
12100000 of 30000000 tuples (40%) done (elapsed 7.16 s, remaining 10.59 s)
12200000 of 30000000 tuples (40%) done (elapsed 7.22 s, remaining 10.53 s)
12300000 of 30000000 tuples (41%) done (elapsed 7.27 s, remaining 10.47 s)
12400000 of 30000000 tuples (41%) done (elapsed 7.33 s, remaining 10.41 s)
12500000 of 30000000 tuples (41%) done (elapsed 7.40 s, remaining 10.35 s)
12600000 of 30000000 tuples (42%) done (elapsed 7.45 s, remaining 10.29 s)
12700000 of 30000000 tuples (42%) done (elapsed 7.51 s, remaining 10.23 s)
12800000 of 30000000 tuples (42%) done (elapsed 7.57 s, remaining 10.17 s)
12900000 of 30000000 tuples (43%) done (elapsed 7.63 s, remaining 10.12 s)
13000000 of 30000000 tuples (43%) done (elapsed 7.69 s, remaining 10.06 s)
13100000 of 30000000 tuples (43%) done (elapsed 7.75 s, remaining 10.00 s)
13200000 of 30000000 tuples (44%) done (elapsed 7.81 s, remaining 9.94 s)
13300000 of 30000000 tuples (44%) done (elapsed 7.87 s, remaining 9.88 s)
13400000 of 30000000 tuples (44%) done (elapsed 7.93 s, remaining 9.82 s)
13500000 of 30000000 tuples (45%) done (elapsed 7.99 s, remaining 9.76 s)
13600000 of 30000000 tuples (45%) done (elapsed 8.05 s, remaining 9.70 s)
13700000 of 30000000 tuples (45%) done (elapsed 8.11 s, remaining 9.65 s)
13800000 of 30000000 tuples (46%) done (elapsed 8.17 s, remaining 9.59 s)
13900000 of 30000000 tuples (46%) done (elapsed 8.23 s, remaining 9.53 s)
14000000 of 30000000 tuples (46%) done (elapsed 8.28 s, remaining 9.47 s)
14100000 of 30000000 tuples (47%) done (elapsed 8.35 s, remaining 9.41 s)
14200000 of 30000000 tuples (47%) done (elapsed 8.41 s, remaining 9.35 s)
14300000 of 30000000 tuples (47%) done (elapsed 8.46 s, remaining 9.29 s)
14400000 of 30000000 tuples (48%) done (elapsed 8.52 s, remaining 9.23 s)
14500000 of 30000000 tuples (48%) done (elapsed 8.59 s, remaining 9.18 s)
14600000 of 30000000 tuples (48%) done (elapsed 8.64 s, remaining 9.12 s)
14700000 of 30000000 tuples (49%) done (elapsed 8.70 s, remaining 9.06 s)
14800000 of 30000000 tuples (49%) done (elapsed 8.76 s, remaining 9.00 s)
14900000 of 30000000 tuples (49%) done (elapsed 8.82 s, remaining 8.94 s)
15000000 of 30000000 tuples (50%) done (elapsed 8.88 s, remaining 8.88 s)
15100000 of 30000000 tuples (50%) done (elapsed 8.94 s, remaining 8.82 s)
15200000 of 30000000 tuples (50%) done (elapsed 9.00 s, remaining 8.77 s)
15300000 of 30000000 tuples (51%) done (elapsed 9.06 s, remaining 8.71 s)
15400000 of 30000000 tuples (51%) done (elapsed 9.12 s, remaining 8.65 s)
15500000 of 30000000 tuples (51%) done (elapsed 9.18 s, remaining 8.59 s)
15600000 of 30000000 tuples (52%) done (elapsed 9.24 s, remaining 8.53 s)
15700000 of 30000000 tuples (52%) done (elapsed 9.30 s, remaining 8.47 s)
15800000 of 30000000 tuples (52%) done (elapsed 9.36 s, remaining 8.41 s)
15900000 of 30000000 tuples (53%) done (elapsed 9.42 s, remaining 8.36 s)
16000000 of 30000000 tuples (53%) done (elapsed 9.48 s, remaining 8.30 s)
16100000 of 30000000 tuples (53%) done (elapsed 9.54 s, remaining 8.24 s)
16200000 of 30000000 tuples (54%) done (elapsed 9.60 s, remaining 8.18 s)
16300000 of 30000000 tuples (54%) done (elapsed 9.66 s, remaining 8.12 s)
16400000 of 30000000 tuples (54%) done (elapsed 9.72 s, remaining 8.06 s)
16500000 of 30000000 tuples (55%) done (elapsed 9.78 s, remaining 8.00 s)
16600000 of 30000000 tuples (55%) done (elapsed 9.84 s, remaining 7.94 s)
16700000 of 30000000 tuples (55%) done (elapsed 9.90 s, remaining 7.88 s)
16800000 of 30000000 tuples (56%) done (elapsed 9.96 s, remaining 7.82 s)
16900000 of 30000000 tuples (56%) done (elapsed 10.02 s, remaining 7.76 s)
17000000 of 30000000 tuples (56%) done (elapsed 10.08 s, remaining 7.71 s)
17100000 of 30000000 tuples (57%) done (elapsed 10.14 s, remaining 7.65 s)
17200000 of 30000000 tuples (57%) done (elapsed 10.20 s, remaining 7.59 s)
17300000 of 30000000 tuples (57%) done (elapsed 10.26 s, remaining 7.53 s)
17400000 of 30000000 tuples (58%) done (elapsed 10.32 s, remaining 7.47 s)
17500000 of 30000000 tuples (58%) done (elapsed 10.38 s, remaining 7.41 s)
17600000 of 30000000 tuples (58%) done (elapsed 10.44 s, remaining 7.35 s)
17700000 of 30000000 tuples (59%) done (elapsed 10.50 s, remaining 7.29 s)
17800000 of 30000000 tuples (59%) done (elapsed 10.56 s, remaining 7.24 s)
17900000 of 30000000 tuples (59%) done (elapsed 10.62 s, remaining 7.18 s)
18000000 of 30000000 tuples (60%) done (elapsed 10.68 s, remaining 7.12 s)
18100000 of 30000000 tuples (60%) done (elapsed 10.73 s, remaining 7.06 s)
18200000 of 30000000 tuples (60%) done (elapsed 10.80 s, remaining 7.00 s)
18300000 of 30000000 tuples (61%) done (elapsed 10.86 s, remaining 6.94 s)
18400000 of 30000000 tuples (61%) done (elapsed 10.91 s, remaining 6.88 s)
18500000 of 30000000 tuples (61%) done (elapsed 10.97 s, remaining 6.82 s)
18600000 of 30000000 tuples (62%) done (elapsed 11.03 s, remaining 6.76 s)
18700000 of 30000000 tuples (62%) done (elapsed 11.09 s, remaining 6.70 s)
18800000 of 30000000 tuples (62%) done (elapsed 11.15 s, remaining 6.64 s)
18900000 of 30000000 tuples (63%) done (elapsed 11.21 s, remaining 6.58 s)
19000000 of 30000000 tuples (63%) done (elapsed 11.27 s, remaining 6.53 s)
19100000 of 30000000 tuples (63%) done (elapsed 11.33 s, remaining 6.47 s)
19200000 of 30000000 tuples (64%) done (elapsed 11.39 s, remaining 6.41 s)
19300000 of 30000000 tuples (64%) done (elapsed 11.45 s, remaining 6.35 s)
19400000 of 30000000 tuples (64%) done (elapsed 11.51 s, remaining 6.29 s)
19500000 of 30000000 tuples (65%) done (elapsed 11.57 s, remaining 6.23 s)
19600000 of 30000000 tuples (65%) done (elapsed 11.63 s, remaining 6.17 s)
19700000 of 30000000 tuples (65%) done (elapsed 11.69 s, remaining 6.11 s)
19800000 of 30000000 tuples (66%) done (elapsed 11.75 s, remaining 6.05 s)
19900000 of 30000000 tuples (66%) done (elapsed 11.81 s, remaining 5.99 s)
20000000 of 30000000 tuples (66%) done (elapsed 11.86 s, remaining 5.93 s)
20100000 of 30000000 tuples (67%) done (elapsed 11.92 s, remaining 5.87 s)
20200000 of 30000000 tuples (67%) done (elapsed 11.99 s, remaining 5.81 s)
20300000 of 30000000 tuples (67%) done (elapsed 12.04 s, remaining 5.76 s)
20400000 of 30000000 tuples (68%) done (elapsed 12.10 s, remaining 5.70 s)
20500000 of 30000000 tuples (68%) done (elapsed 12.16 s, remaining 5.64 s)
20600000 of 30000000 tuples (68%) done (elapsed 12.22 s, remaining 5.58 s)
20700000 of 30000000 tuples (69%) done (elapsed 12.28 s, remaining 5.52 s)
20800000 of 30000000 tuples (69%) done (elapsed 12.34 s, remaining 5.46 s)
20900000 of 30000000 tuples (69%) done (elapsed 12.40 s, remaining 5.40 s)
21000000 of 30000000 tuples (70%) done (elapsed 12.46 s, remaining 5.34 s)
21100000 of 30000000 tuples (70%) done (elapsed 12.52 s, remaining 5.28 s)
21200000 of 30000000 tuples (70%) done (elapsed 12.58 s, remaining 5.22 s)
21300000 of 30000000 tuples (71%) done (elapsed 12.64 s, remaining 5.16 s)
21400000 of 30000000 tuples (71%) done (elapsed 12.70 s, remaining 5.10 s)
21500000 of 30000000 tuples (71%) done (elapsed 12.76 s, remaining 5.04 s)
21600000 of 30000000 tuples (72%) done (elapsed 12.82 s, remaining 4.98 s)
21700000 of 30000000 tuples (72%) done (elapsed 12.87 s, remaining 4.92 s)
21800000 of 30000000 tuples (72%) done (elapsed 12.94 s, remaining 4.87 s)
21900000 of 30000000 tuples (73%) done (elapsed 13.00 s, remaining 4.81 s)
22000000 of 30000000 tuples (73%) done (elapsed 13.05 s, remaining 4.75 s)
22100000 of 30000000 tuples (73%) done (elapsed 13.12 s, remaining 4.69 s)
22200000 of 30000000 tuples (74%) done (elapsed 13.18 s, remaining 4.63 s)
22300000 of 30000000 tuples (74%) done (elapsed 13.23 s, remaining 4.57 s)
22400000 of 30000000 tuples (74%) done (elapsed 13.29 s, remaining 4.51 s)
22500000 of 30000000 tuples (75%) done (elapsed 13.36 s, remaining 4.45 s)
22600000 of 30000000 tuples (75%) done (elapsed 13.41 s, remaining 4.39 s)
22700000 of 30000000 tuples (75%) done (elapsed 13.47 s, remaining 4.33 s)
22800000 of 30000000 tuples (76%) done (elapsed 13.53 s, remaining 4.27 s)
22900000 of 30000000 tuples (76%) done (elapsed 13.59 s, remaining 4.21 s)
23000000 of 30000000 tuples (76%) done (elapsed 13.65 s, remaining 4.16 s)
23100000 of 30000000 tuples (77%) done (elapsed 13.71 s, remaining 4.10 s)
23200000 of 30000000 tuples (77%) done (elapsed 13.77 s, remaining 4.04 s)
23300000 of 30000000 tuples (77%) done (elapsed 13.83 s, remaining 3.98 s)
23400000 of 30000000 tuples (78%) done (elapsed 13.89 s, remaining 3.92 s)
23500000 of 30000000 tuples (78%) done (elapsed 13.95 s, remaining 3.86 s)
23600000 of 30000000 tuples (78%) done (elapsed 14.01 s, remaining 3.80 s)
23700000 of 30000000 tuples (79%) done (elapsed 14.07 s, remaining 3.74 s)
23800000 of 30000000 tuples (79%) done (elapsed 14.13 s, remaining 3.68 s)
23900000 of 30000000 tuples (79%) done (elapsed 14.19 s, remaining 3.62 s)
24000000 of 30000000 tuples (80%) done (elapsed 14.25 s, remaining 3.56 s)
24100000 of 30000000 tuples (80%) done (elapsed 14.69 s, remaining 3.60 s)
24200000 of 30000000 tuples (80%) done (elapsed 14.77 s, remaining 3.54 s)
24300000 of 30000000 tuples (81%) done (elapsed 14.83 s, remaining 3.48 s)
24400000 of 30000000 tuples (81%) done (elapsed 14.89 s, remaining 3.42 s)
24500000 of 30000000 tuples (81%) done (elapsed 14.95 s, remaining 3.36 s)
24600000 of 30000000 tuples (82%) done (elapsed 15.01 s, remaining 3.30 s)
24700000 of 30000000 tuples (82%) done (elapsed 15.07 s, remaining 3.23 s)
24800000 of 30000000 tuples (82%) done (elapsed 15.13 s, remaining 3.17 s)
24900000 of 30000000 tuples (83%) done (elapsed 15.19 s, remaining 3.11 s)
25000000 of 30000000 tuples (83%) done (elapsed 15.25 s, remaining 3.05 s)
25100000 of 30000000 tuples (83%) done (elapsed 15.31 s, remaining 2.99 s)
25200000 of 30000000 tuples (84%) done (elapsed 15.37 s, remaining 2.93 s)
25300000 of 30000000 tuples (84%) done (elapsed 15.43 s, remaining 2.87 s)
25400000 of 30000000 tuples (84%) done (elapsed 15.49 s, remaining 2.81 s)
25500000 of 30000000 tuples (85%) done (elapsed 15.55 s, remaining 2.74 s)
25600000 of 30000000 tuples (85%) done (elapsed 15.61 s, remaining 2.68 s)
25700000 of 30000000 tuples (85%) done (elapsed 15.67 s, remaining 2.62 s)
25800000 of 30000000 tuples (86%) done (elapsed 15.73 s, remaining 2.56 s)
25900000 of 30000000 tuples (86%) done (elapsed 15.79 s, remaining 2.50 s)
26000000 of 30000000 tuples (86%) done (elapsed 15.85 s, remaining 2.44 s)
26100000 of 30000000 tuples (87%) done (elapsed 15.91 s, remaining 2.38 s)
26200000 of 30000000 tuples (87%) done (elapsed 15.97 s, remaining 2.32 s)
26300000 of 30000000 tuples (87%) done (elapsed 16.03 s, remaining 2.25 s)
26400000 of 30000000 tuples (88%) done (elapsed 16.09 s, remaining 2.19 s)
26500000 of 30000000 tuples (88%) done (elapsed 16.15 s, remaining 2.13 s)
26600000 of 30000000 tuples (88%) done (elapsed 16.21 s, remaining 2.07 s)
26700000 of 30000000 tuples (89%) done (elapsed 16.27 s, remaining 2.01 s)
26800000 of 30000000 tuples (89%) done (elapsed 16.33 s, remaining 1.95 s)
26900000 of 30000000 tuples (89%) done (elapsed 16.39 s, remaining 1.89 s)
27000000 of 30000000 tuples (90%) done (elapsed 16.45 s, remaining 1.83 s)
27100000 of 30000000 tuples (90%) done (elapsed 16.51 s, remaining 1.77 s)
27200000 of 30000000 tuples (90%) done (elapsed 16.76 s, remaining 1.73 s)
27300000 of 30000000 tuples (91%) done (elapsed 16.85 s, remaining 1.67 s)
27400000 of 30000000 tuples (91%) done (elapsed 16.92 s, remaining 1.61 s)
27500000 of 30000000 tuples (91%) done (elapsed 16.98 s, remaining 1.54 s)
27600000 of 30000000 tuples (92%) done (elapsed 17.04 s, remaining 1.48 s)
27700000 of 30000000 tuples (92%) done (elapsed 17.10 s, remaining 1.42 s)
27800000 of 30000000 tuples (92%) done (elapsed 17.16 s, remaining 1.36 s)
27900000 of 30000000 tuples (93%) done (elapsed 17.22 s, remaining 1.30 s)
28000000 of 30000000 tuples (93%) done (elapsed 17.28 s, remaining 1.23 s)
28100000 of 30000000 tuples (93%) done (elapsed 17.34 s, remaining 1.17 s)
28200000 of 30000000 tuples (94%) done (elapsed 17.40 s, remaining 1.11 s)
28300000 of 30000000 tuples (94%) done (elapsed 17.46 s, remaining 1.05 s)
28400000 of 30000000 tuples (94%) done (elapsed 17.52 s, remaining 0.99 s)
28500000 of 30000000 tuples (95%) done (elapsed 17.59 s, remaining 0.93 s)
28600000 of 30000000 tuples (95%) done (elapsed 17.64 s, remaining 0.86 s)
28700000 of 30000000 tuples (95%) done (elapsed 17.70 s, remaining 0.80 s)
28800000 of 30000000 tuples (96%) done (elapsed 17.76 s, remaining 0.74 s)
28900000 of 30000000 tuples (96%) done (elapsed 17.82 s, remaining 0.68 s)
29000000 of 30000000 tuples (96%) done (elapsed 17.88 s, remaining 0.62 s)
29100000 of 30000000 tuples (97%) done (elapsed 17.95 s, remaining 0.56 s)
29200000 of 30000000 tuples (97%) done (elapsed 18.00 s, remaining 0.49 s)
29300000 of 30000000 tuples (97%) done (elapsed 18.06 s, remaining 0.43 s)
29400000 of 30000000 tuples (98%) done (elapsed 18.12 s, remaining 0.37 s)
29500000 of 30000000 tuples (98%) done (elapsed 18.19 s, remaining 0.31 s)
29600000 of 30000000 tuples (98%) done (elapsed 18.24 s, remaining 0.25 s)
29700000 of 30000000 tuples (99%) done (elapsed 18.30 s, remaining 0.18 s)
29800000 of 30000000 tuples (99%) done (elapsed 18.36 s, remaining 0.12 s)
29900000 of 30000000 tuples (99%) done (elapsed 18.42 s, remaining 0.06 s)
30000000 of 30000000 tuples (100%) done (elapsed 18.48 s, remaining 0.00 s)
vacuum...
set primary keys...
done.
starting vacuum...end.
transaction type: <builtin: TPC-B (sort of)>
scaling factor: 300
query mode: simple
number of clients: 32
number of threads: 4
duration: 60 s
number of transactions actually processed: 12266
latency average: 156.530 ms
tps = 202.013548 (including connections establishing)
tps = 202.019971 (excluding connections establishing)
script statistics:
 - statement latencies in milliseconds:
         0.002  \set aid random(1, 100000 * :scale)
         0.001  \set bid random(1, 1 * :scale)
         0.000  \set tid random(1, 10 * :scale)
         0.000  \set delta random(-5000, 5000)
         0.299  BEGIN;
         0.637  UPDATE pgbench_accounts SET abalance = abalance + :delta WHERE aid = :aid;
         0.361  SELECT abalance FROM pgbench_accounts WHERE aid = :aid;
         1.337  UPDATE pgbench_tellers SET tbalance = tbalance + :delta WHERE tid = :tid;
         8.215  UPDATE pgbench_branches SET bbalance = bbalance + :delta WHERE bid = :bid;
         0.219  INSERT INTO pgbench_history (tid, bid, aid, delta, mtime) VALUES (:tid, :bid, :aid, :delta, CURRENT_TIMESTAMP);
       146.915  END;
starting vacuum...end.
transaction type: <builtin: TPC-B (sort of)>
scaling factor: 300
query mode: simple
number of clients: 32
number of threads: 4
duration: 60 s
number of transactions actually processed: 7793
latency average: 246.375 ms
tps = 129.364964 (including connections establishing)
tps = 129.369599 (excluding connections establishing)
script statistics:
 - statement latencies in milliseconds:
         0.002  \set aid random(1, 100000 * :scale)
         0.001  \set bid random(1, 1 * :scale)
         0.001  \set tid random(1, 10 * :scale)
         0.001  \set delta random(-5000, 5000)
         0.159  BEGIN;
       105.342  UPDATE pgbench_accounts SET abalance = abalance + :delta WHERE aid = :aid;
         0.160  SELECT abalance FROM pgbench_accounts WHERE aid = :aid;
         0.667  UPDATE pgbench_tellers SET tbalance = tbalance + :delta WHERE tid = :tid;
         5.085  UPDATE pgbench_branches SET bbalance = bbalance + :delta WHERE bid = :bid;
         0.154  INSERT INTO pgbench_history (tid, bid, aid, delta, mtime) VALUES (:tid, :bid, :aid, :delta, CURRENT_TIMESTAMP);
       136.101  END;
starting vacuum...end.
transaction type: <builtin: TPC-B (sort of)>
scaling factor: 300
query mode: simple
number of clients: 32
number of threads: 4
duration: 60 s
number of transactions actually processed: 7965
latency average: 241.055 ms
tps = 132.447329 (including connections establishing)
tps = 132.451687 (excluding connections establishing)
script statistics:
 - statement latencies in milliseconds:
         0.002  \set aid random(1, 100000 * :scale)
         0.001  \set bid random(1, 1 * :scale)
         0.001  \set tid random(1, 10 * :scale)
         0.001  \set delta random(-5000, 5000)
         0.163  BEGIN;
        97.298  UPDATE pgbench_accounts SET abalance = abalance + :delta WHERE aid = :aid;
         0.159  SELECT abalance FROM pgbench_accounts WHERE aid = :aid;
         0.613  UPDATE pgbench_tellers SET tbalance = tbalance + :delta WHERE tid = :tid;
         5.008  UPDATE pgbench_branches SET bbalance = bbalance + :delta WHERE bid = :bid;
         0.131  INSERT INTO pgbench_history (tid, bid, aid, delta, mtime) VALUES (:tid, :bid, :aid, :delta, CURRENT_TIMESTAMP);
       138.293  END;
starting vacuum...end.
transaction type: <builtin: TPC-B (sort of)>
scaling factor: 300
query mode: simple
number of clients: 32
number of threads: 4
duration: 900 s
number of transactions actually processed: 79747
latency average: 361.142 ms
tps = 88.555048 (including connections establishing)
tps = 88.555246 (excluding connections establishing)
script statistics:
 - statement latencies in milliseconds:
         0.002  \set aid random(1, 100000 * :scale)
         0.001  \set bid random(1, 1 * :scale)
         0.001  \set tid random(1, 10 * :scale)
         0.001  \set delta random(-5000, 5000)
         0.162  BEGIN;
       118.091  UPDATE pgbench_accounts SET abalance = abalance + :delta WHERE aid = :aid;
         0.158  SELECT abalance FROM pgbench_accounts WHERE aid = :aid;
         1.190  UPDATE pgbench_tellers SET tbalance = tbalance + :delta WHERE tid = :tid;
         9.329  UPDATE pgbench_branches SET bbalance = bbalance + :delta WHERE bid = :bid;
         0.130  INSERT INTO pgbench_history (tid, bid, aid, delta, mtime) VALUES (:tid, :bid, :aid, :delta, CURRENT_TIMESTAMP);
       232.723  END;
========================================================================
Testing 2013-02-13-REL9_3_0~589
Start Time: 2016-07-31 03:59:48+00:00
Linux 3.16.0-4-amd64 (Debian-83-jessie-64-minimal) 	31.07.16 	_x86_64_	(8 CPU)

starting vacuum...end.
transaction type: <builtin: TPC-B (sort of)>
scaling factor: 300
query mode: simple
number of clients: 32
number of threads: 4
duration: 900 s
number of transactions actually processed: 77683
latency average: 370.737 ms
tps = 86.116006 (including connections establishing)
tps = 86.116199 (excluding connections establishing)
script statistics:
 - statement latencies in milliseconds:
         0.002  \set aid random(1, 100000 * :scale)
         0.001  \set bid random(1, 1 * :scale)
         0.001  \set tid random(1, 10 * :scale)
         0.001  \set delta random(-5000, 5000)
         0.209  BEGIN;
        49.990  UPDATE pgbench_accounts SET abalance = abalance + :delta WHERE aid = :aid;
         0.183  SELECT abalance FROM pgbench_accounts WHERE aid = :aid;
         1.602  UPDATE pgbench_tellers SET tbalance = tbalance + :delta WHERE tid = :tid;
        14.780  UPDATE pgbench_branches SET bbalance = bbalance + :delta WHERE bid = :bid;
         0.155  INSERT INTO pgbench_history (tid, bid, aid, delta, mtime) VALUES (:tid, :bid, :aid, :delta, CURRENT_TIMESTAMP);
       304.579  END;
avg-cpu:  %user   %nice %system %iowait  %steal   %idle
           0,92    0,00    0,32   34,63    0,00   64,13

Device:         rrqm/s   wrqm/s     r/s     w/s    rkB/s    wkB/s avgrq-sz avgqu-sz   await r_await w_await  svctm  %util
sdb               0,00     1,73   16,47  138,25   177,06  2211,63    30,88    74,44  479,81  101,91  524,82   5,09  78,70
sda               0,01     1,73   39,61  138,36   426,90  2212,55    29,66    87,63  492,19   76,73  611,12   5,10  90,75
md0               0,00     0,00    0,12    0,00     0,47     0,00     8,00     0,00    0,00    0,00    0,00   0,00   0,00
md1               0,00     0,00    0,00    0,00     0,00     0,00     0,00     0,00    0,00    0,00    0,00   0,00   0,00
md2               0,00     0,00   55,98  139,58   603,49  2212,44    28,80     0,00    0,00    0,00    0,00   0,00   0,00
md3               0,00     0,00    0,00    0,01     0,00     0,04     8,00     0,00    0,00    0,00    0,00   0,00   0,00

End Time: 2016-07-31 04:15:18+00:00
========================================================================
========================================================================
Testing 2013-02-13-REL9_3_0~589
Start Time: 2016-08-06 15:05:58+00:00
Shared Buffers:  260000
Linux 3.16.0-4-amd64 (Debian-83-jessie-64-minimal) 	06.08.16 	_x86_64_	(8 CPU)

starting vacuum...end.
transaction type: <builtin: TPC-B (sort of)>
scaling factor: 300
query mode: simple
number of clients: 32
number of threads: 4
duration: 900 s
number of transactions actually processed: 180177
latency average: 159.843 ms
tps = 200.178118 (including connections establishing)
tps = 200.178584 (excluding connections establishing)
script statistics:
 - statement latencies in milliseconds:
         0.002  \set aid random(1, 100000 * :scale)
         0.001  \set bid random(1, 1 * :scale)
         0.001  \set tid random(1, 10 * :scale)
         0.001  \set delta random(-5000, 5000)
         0.220  BEGIN;
         9.975  UPDATE pgbench_accounts SET abalance = abalance + :delta WHERE aid = :aid;
         0.256  SELECT abalance FROM pgbench_accounts WHERE aid = :aid;
         1.071  UPDATE pgbench_tellers SET tbalance = tbalance + :delta WHERE tid = :tid;
         7.613  UPDATE pgbench_branches SET bbalance = bbalance + :delta WHERE bid = :bid;
         0.170  INSERT INTO pgbench_history (tid, bid, aid, delta, mtime) VALUES (:tid, :bid, :aid, :delta, CURRENT_TIMESTAMP);
       140.974  END;
avg-cpu:  %user   %nice %system %iowait  %steal   %idle
           2,04    0,00    0,63   19,71    0,00   77,63

Device:         rrqm/s   wrqm/s     r/s     w/s    rkB/s    wkB/s avgrq-sz avgqu-sz   await r_await w_await  svctm  %util
sdb               0,00     1,85   13,30  212,73   156,06  4564,26    41,77    61,93  273,94   52,19  287,80   3,03  68,58
sda               0,01     1,84   52,32  212,67   640,92  4563,65    39,28    47,96  180,87   39,57  215,63   3,24  85,96
md0               0,00     0,00    0,02    0,00     0,09     0,00     8,00     0,00    0,00    0,00    0,00   0,00   0,00
md1               0,00     0,00    0,00    0,00     0,00     0,00     0,00     0,00    0,00    0,00    0,00   0,00   0,00
md2               0,00     0,00   65,61  214,22   796,90  4565,35    38,32     0,00    0,00    0,00    0,00   0,00   0,00
md3               0,00     0,00    0,00    0,01     0,00     0,04     8,00     0,00    0,00    0,00    0,00   0,00   0,00

Control File Changes
--- /usr/local/oldpgsql/2013-02-13-REL9_3_0~589/before.controldata	2016-08-06 17:05:58.711310899 +0200
+++ /usr/local/oldpgsql/2013-02-13-REL9_3_0~589/after.controldata	2016-08-06 17:22:28.248454050 +0200
@@ -2,16 +2,16 @@
 Catalog version number:               201302131
 Database system identifier:           6255627895374773871
 Database cluster state:               in production
-pg_control last modified:             сб, 06-сер-2016 17:05:58 +0200
-Latest checkpoint location:           1/1AB9B160
-Prior checkpoint location:            1/1AB9B0F8
-Latest checkpoint's REDO location:    1/1AB9B160
-Latest checkpoint's REDO WAL file:    00000001000000010000001A
+pg_control last modified:             сб, 06-сер-2016 17:22:28 +0200
+Latest checkpoint location:           1/9CE01378
+Prior checkpoint location:            1/9CE01310
+Latest checkpoint's REDO location:    1/9CE01378
+Latest checkpoint's REDO WAL file:    00000001000000010000009C
 Latest checkpoint's TimeLineID:       1
 Latest checkpoint's PrevTimeLineID:   1
 Latest checkpoint's full_page_writes: on
-Latest checkpoint's NextXID:          0/211612
-Latest checkpoint's NextOID:          16464
+Latest checkpoint's NextXID:          0/391833
+Latest checkpoint's NextOID:          24656
 Latest checkpoint's NextMultiXactId:  1
 Latest checkpoint's NextMultiOffset:  0
 Latest checkpoint's oldestXID:        699
@@ -19,7 +19,7 @@
 Latest checkpoint's oldestActiveXID:  0
 Latest checkpoint's oldestMultiXid:   1
 Latest checkpoint's oldestMulti's DB: 1
-Time of latest checkpoint:            сб, 06-сер-2016 17:05:56 +0200
+Time of latest checkpoint:            сб, 06-сер-2016 17:22:03 +0200
 Fake LSN counter for unlogged rels:   0/1
 Min recovery ending location:         0/0
 Min recovery ending loc's timeline:   0
End Time: 2016-08-06 15:22:28+00:00
========================================================================
========================================================================
Testing 2013-02-13-REL9_3_0~589
Start Time: 2016-08-09 02:40:38+00:00
Shared Buffers:  260000
size before pgbench of pgbench_accounts_pkey: 658092
size before pgbench of pgbench_tellers: 8
size before pgbench of pgbench_branches: 8
size before pgbench of pgbench_accounts: 64
size before pgbench of pgbench_branches_pkey: 32
size before pgbench of pgbench_tellers_pkey: 152
size before pgbench of pgbench_history: 24
total size before pgbench: 658380
Linux 3.16.0-4-amd64 (Debian-83-jessie-64-minimal) 	09.08.16 	_x86_64_	(8 CPU)

starting vacuum...end.
transaction type: <builtin: select only>
scaling factor: 300
query mode: simple
number of clients: 32
number of threads: 4
duration: 60 s
number of transactions actually processed: 3818346
latency average: 0.503 ms
tps = 63616.111258 (including connections establishing)
tps = 63618.407086 (excluding connections establishing)
script statistics:
 - statement latencies in milliseconds:
         0.001  \set aid random(1, 100000 * :scale)
         0.505  SELECT abalance FROM pgbench_accounts WHERE aid = :aid;
avg-cpu:  %user   %nice %system %iowait  %steal   %idle
          36,34    0,00    7,54   18,33    0,00   37,78

Device:         rrqm/s   wrqm/s     r/s     w/s    rkB/s    wkB/s avgrq-sz avgqu-sz   await r_await w_await  svctm  %util
sdb               0,00     0,99  114,24    2,32  1253,87    14,12    21,76     9,41   80,68   79,43  142,28   3,03  35,29
sda               0,00     0,99  117,57    2,32  1283,96    14,12    21,65     9,89   82,50   78,58  281,00   3,06  36,69
md0               0,00     0,00    0,00    0,00     0,00     0,00     0,00     0,00    0,00    0,00    0,00   0,00   0,00
md1               0,00     0,00    0,00    0,00     0,00     0,00     0,00     0,00    0,00    0,00    0,00   0,00   0,00
md2               0,00     0,00  231,88    1,93  2537,82    10,98    21,80     0,00    0,00    0,00    0,00   0,00   0,00
md3               0,00     0,00    0,00    0,10     0,00     0,40     8,00     0,00    0,00    0,00    0,00   0,00   0,00

Control File Changes
--- /usr/local/oldpgsql/2013-02-13-REL9_3_0~589/before.controldata	2016-08-09 04:43:00.285551040 +0200
+++ /usr/local/oldpgsql/2013-02-13-REL9_3_0~589/after.controldata	2016-08-09 04:44:31.165718697 +0200
@@ -5,4 +5,4 @@
-pg_control last modified:             Tue Aug  9 02:43:00 2016
-Latest checkpoint location:           1/E553DE08
-Prior checkpoint location:            1/E553DDA0
-Latest checkpoint's REDO location:    1/E553DE08
+pg_control last modified:             Tue Aug  9 02:44:30 2016
+Latest checkpoint location:           1/E553FA40
+Prior checkpoint location:            1/E553DE08
+Latest checkpoint's REDO location:    1/E553FA40
@@ -13,2 +13,2 @@
-Latest checkpoint's NextXID:          0/391833
-Latest checkpoint's NextOID:          16465
+Latest checkpoint's NextXID:          0/391834
+Latest checkpoint's NextOID:          24657
@@ -22 +22 @@
-Time of latest checkpoint:            Tue Aug  9 02:42:59 2016
+Time of latest checkpoint:            Tue Aug  9 02:44:30 2016
size after pgbench of pgbench_accounts_pkey: 658092
size after pgbench of pgbench_tellers: 8
size after pgbench of pgbench_branches: 8
size after pgbench of pgbench_accounts: 64
size after pgbench of pgbench_branches_pkey: 32
size after pgbench of pgbench_tellers_pkey: 152
size after pgbench of pgbench_history: 0
total size after pgbench: 658356
End Time: 2016-08-09 02:44:31+00:00
========================================================================
========================================================================
Testing 2013-02-13-REL9_3_0~589
Start Time: 2016-08-09 16:28:10+00:00
Shared Buffers:  260000
size before pgbench of pgbench_accounts_pkey: 658092
size before pgbench of pgbench_tellers: 8
size before pgbench of pgbench_branches: 8
size before pgbench of pgbench_accounts: 64
size before pgbench of pgbench_branches_pkey: 32
size before pgbench of pgbench_tellers_pkey: 152
size before pgbench of pgbench_history: 0
total size before pgbench: 658356
Linux 3.16.0-4-amd64 (Debian-83-jessie-64-minimal) 	09.08.16 	_x86_64_	(8 CPU)

starting vacuum...end.
transaction type: <builtin: select only>
scaling factor: 300
query mode: simple
number of clients: 32
number of threads: 4
duration: 60 s
number of transactions actually processed: 3946377
latency average: 0.487 ms
tps = 65743.686389 (including connections establishing)
tps = 65746.661711 (excluding connections establishing)
script statistics:
 - statement latencies in milliseconds:
         0.001  \set aid random(1, 100000 * :scale)
         0.489  SELECT abalance FROM pgbench_accounts WHERE aid = :aid;
avg-cpu:  %user   %nice %system %iowait  %steal   %idle
          37,90    0,00    7,71   17,12    0,00   37,27

Device:         rrqm/s   wrqm/s     r/s     w/s    rkB/s    wkB/s avgrq-sz avgqu-sz   await r_await w_await  svctm  %util
sdb               0,00     0,68  107,71    1,86  1185,42    10,93    21,84     6,23   56,83   55,95  107,62   2,87  31,44
sda               0,01     0,68  117,89    1,86  1313,07    10,93    22,11    11,59   96,82   95,84  158,61   2,72  32,62
md0               0,00     0,00    0,02    0,00     0,09     0,00     8,00     0,00    0,00    0,00    0,00   0,00   0,00
md1               0,00     0,00    0,00    0,00     0,00     0,00     0,00     0,00    0,00    0,00    0,00   0,00   0,00
md2               0,00     0,00  225,67    1,24  2498,40     7,96    22,09     0,00    0,00    0,00    0,00   0,00   0,00
md3               0,00     0,00    0,00    0,10     0,00     0,40     8,00     0,00    0,00    0,00    0,00   0,00   0,00

Control File Changes
--- /usr/local/oldpgsql/2013-02-13-REL9_3_0~589/before.controldata	2016-08-09 18:29:17.165617161 +0200
+++ /usr/local/oldpgsql/2013-02-13-REL9_3_0~589/after.controldata	2016-08-09 18:30:47.513883015 +0200
@@ -5,4 +5,4 @@
-pg_control last modified:             Tue Aug  9 16:29:17 2016
-Latest checkpoint location:           1/E553FB10
-Prior checkpoint location:            1/E553FAA8
-Latest checkpoint's REDO location:    1/E553FB10
+pg_control last modified:             Tue Aug  9 16:30:47 2016
+Latest checkpoint location:           1/E55417F0
+Prior checkpoint location:            1/E553FB10
+Latest checkpoint's REDO location:    1/E55417F0
@@ -13,2 +13,2 @@
-Latest checkpoint's NextXID:          0/391834
-Latest checkpoint's NextOID:          16466
+Latest checkpoint's NextXID:          0/391835
+Latest checkpoint's NextOID:          24658
@@ -22 +22 @@
-Time of latest checkpoint:            Tue Aug  9 16:29:16 2016
+Time of latest checkpoint:            Tue Aug  9 16:30:47 2016
size after pgbench of pgbench_accounts_pkey: 658092
size after pgbench of pgbench_tellers: 8
size after pgbench of pgbench_branches: 8
size after pgbench of pgbench_accounts: 64
size after pgbench of pgbench_branches_pkey: 32
size after pgbench of pgbench_tellers_pkey: 152
size after pgbench of pgbench_history: 0
total size after pgbench: 658356
End Time: 2016-08-09 16:30:47+00:00
========================================================================
========================================================================
Testing 2013-02-13-REL9_3_0~589
Start Time: 2016-08-10 05:16:44+00:00
Shared Buffers:  260000
size before pgbench of pgbench_accounts_pkey: 658092
size before pgbench of pgbench_tellers: 8
size before pgbench of pgbench_branches: 8
size before pgbench of pgbench_accounts: 64
size before pgbench of pgbench_branches_pkey: 32
size before pgbench of pgbench_tellers_pkey: 152
size before pgbench of pgbench_history: 0
total size before pgbench: 658356
Linux 3.16.0-4-amd64 (Debian-83-jessie-64-minimal) 	10.08.16 	_x86_64_	(8 CPU)

starting vacuum...end.
transaction type: <builtin: select only>
scaling factor: 300
query mode: simple
number of clients: 32
number of threads: 4
duration: 60 s
number of transactions actually processed: 3879254
latency average: 0.495 ms
tps = 64648.281382 (including connections establishing)
tps = 64650.820174 (excluding connections establishing)
script statistics:
 - statement latencies in milliseconds:
         0.001  \set aid random(1, 100000 * :scale)
         0.497  SELECT abalance FROM pgbench_accounts WHERE aid = :aid;
avg-cpu:  %user   %nice %system %iowait  %steal   %idle
          37,02    0,00    7,58   17,22    0,00   38,18

Device:         rrqm/s   wrqm/s     r/s     w/s    rkB/s    wkB/s avgrq-sz avgqu-sz   await r_await w_await  svctm  %util
sdb               0,00     0,76  113,30    1,98  1246,40    11,53    21,82     8,98   77,88   77,89   77,78   2,80  32,29
sda               0,00     0,76  112,94    1,98  1252,00    11,53    21,99     9,30   80,88   81,60   39,93   2,91  33,43
md0               0,00     0,00    0,00    0,00     0,00     0,00     0,00     0,00    0,00    0,00    0,00   0,00   0,00
md1               0,00     0,00    0,00    0,00     0,00     0,00     0,00     0,00    0,00    0,00    0,00   0,00   0,00
md2               0,00     0,00  226,30    1,37  2498,40     8,44    22,02     0,00    0,00    0,00    0,00   0,00   0,00
md3               0,00     0,00    0,00    0,10     0,00     0,40     8,00     0,00    0,00    0,00    0,00   0,00   0,00

Control File Changes
--- /usr/local/oldpgsql/2013-02-13-REL9_3_0~589/before.controldata	2016-08-10 07:17:51.990293304 +0200
+++ /usr/local/oldpgsql/2013-02-13-REL9_3_0~589/after.controldata	2016-08-10 07:19:22.238443453 +0200
@@ -5,4 +5,4 @@
-pg_control last modified:             Wed Aug 10 05:17:51 2016
-Latest checkpoint location:           1/E55418C0
-Prior checkpoint location:            1/E5541858
-Latest checkpoint's REDO location:    1/E55418C0
+pg_control last modified:             Wed Aug 10 05:19:22 2016
+Latest checkpoint location:           1/E5543648
+Prior checkpoint location:            1/E55418C0
+Latest checkpoint's REDO location:    1/E5543648
@@ -13,2 +13,2 @@
-Latest checkpoint's NextXID:          0/391835
-Latest checkpoint's NextOID:          16467
+Latest checkpoint's NextXID:          0/391836
+Latest checkpoint's NextOID:          24659
@@ -22 +22 @@
-Time of latest checkpoint:            Wed Aug 10 05:17:51 2016
+Time of latest checkpoint:            Wed Aug 10 05:19:22 2016
size after pgbench of pgbench_accounts_pkey: 658092
size after pgbench of pgbench_tellers: 8
size after pgbench of pgbench_branches: 8
size after pgbench of pgbench_accounts: 64
size after pgbench of pgbench_branches_pkey: 32
size after pgbench of pgbench_tellers_pkey: 152
size after pgbench of pgbench_history: 0
total size after pgbench: 658356
End Time: 2016-08-10 05:19:22+00:00
========================================================================
========================================================================
Testing 2013-02-13-REL9_3_0~589
Start Time: 2016-08-11 02:19:52+00:00
Shared Buffers:  260000
size before pgbench of pgbench_accounts_pkey: 658092
size before pgbench of pgbench_tellers: 8
size before pgbench of pgbench_branches: 8
size before pgbench of pgbench_accounts: 64
size before pgbench of pgbench_branches_pkey: 32
size before pgbench of pgbench_tellers_pkey: 152
size before pgbench of pgbench_history: 0
total size before pgbench: 658356
Linux 3.16.0-4-amd64 (Debian-83-jessie-64-minimal) 	11.08.16 	_x86_64_	(8 CPU)

starting vacuum...end.
transaction type: <builtin: select only>
scaling factor: 300
query mode: simple
number of clients: 32
number of threads: 4
duration: 60 s
number of transactions actually processed: 3794568
latency average: 0.506 ms
tps = 63224.695608 (including connections establishing)
tps = 63227.192894 (excluding connections establishing)
script statistics:
 - statement latencies in milliseconds:
         0.001  \set aid random(1, 100000 * :scale)
         0.509  SELECT abalance FROM pgbench_accounts WHERE aid = :aid;
avg-cpu:  %user   %nice %system %iowait  %steal   %idle
          36,11    0,00    7,44   18,37    0,00   38,08

Device:         rrqm/s   wrqm/s     r/s     w/s    rkB/s    wkB/s avgrq-sz avgqu-sz   await r_await w_await  svctm  %util
sdb               0,01     0,64  114,09    1,99  1252,09    11,08    21,76    10,10   87,01   86,38  123,22   2,87  33,26
sda               0,02     0,64  114,17    1,99  1246,49    11,08    21,65     8,98   77,27   77,84   44,34   2,97  34,48
md0               0,00     0,00    0,04    0,00     0,18     0,00     8,00     0,00    0,00    0,00    0,00   0,00   0,00
md1               0,00     0,00    0,00    0,00     0,00     0,00     0,00     0,00    0,00    0,00    0,00   0,00   0,00
md2               0,00     0,00  228,28    1,22  2498,40     7,87    21,84     0,00    0,00    0,00    0,00   0,00   0,00
md3               0,00     0,00    0,00    0,10     0,00     0,40     8,00     0,00    0,00    0,00    0,00   0,00   0,00

Control File Changes
--- /usr/local/oldpgsql/2013-02-13-REL9_3_0~589/before.controldata	2016-08-11 04:20:58.703865814 +0200
+++ /usr/local/oldpgsql/2013-02-13-REL9_3_0~589/after.controldata	2016-08-11 04:22:29.051970807 +0200
@@ -5,4 +5,4 @@
-pg_control last modified:             Thu Aug 11 02:20:58 2016
-Latest checkpoint location:           1/E5543718
-Prior checkpoint location:            1/E55436B0
-Latest checkpoint's REDO location:    1/E5543718
+pg_control last modified:             Thu Aug 11 02:22:28 2016
+Latest checkpoint location:           1/E5545548
+Prior checkpoint location:            1/E5543718
+Latest checkpoint's REDO location:    1/E5545548
@@ -13,2 +13,2 @@
-Latest checkpoint's NextXID:          0/391836
-Latest checkpoint's NextOID:          16468
+Latest checkpoint's NextXID:          0/391837
+Latest checkpoint's NextOID:          24660
@@ -22 +22 @@
-Time of latest checkpoint:            Thu Aug 11 02:20:58 2016
+Time of latest checkpoint:            Thu Aug 11 02:22:28 2016
size after pgbench of pgbench_accounts_pkey: 658092
size after pgbench of pgbench_tellers: 8
size after pgbench of pgbench_branches: 8
size after pgbench of pgbench_accounts: 64
size after pgbench of pgbench_branches_pkey: 32
size after pgbench of pgbench_tellers_pkey: 152
size after pgbench of pgbench_history: 0
total size after pgbench: 658356
End Time: 2016-08-11 02:22:29+00:00
========================================================================
========================================================================
Testing 2013-02-13-REL9_3_0~589
Start Time: 2016-08-11 19:42:08+00:00
Shared Buffers:  260000
size before pgbench of pgbench_accounts_pkey: 658092
size before pgbench of pgbench_tellers: 8
size before pgbench of pgbench_branches: 8
size before pgbench of pgbench_accounts: 64
size before pgbench of pgbench_branches_pkey: 32
size before pgbench of pgbench_tellers_pkey: 152
size before pgbench of pgbench_history: 0
total size before pgbench: 658356
Linux 3.16.0-4-amd64 (Debian-83-jessie-64-minimal) 	11.08.16 	_x86_64_	(8 CPU)

starting vacuum...end.
transaction type: <builtin: select only>
scaling factor: 300
query mode: simple
number of clients: 32
number of threads: 4
duration: 60 s
number of transactions actually processed: 3880036
latency average: 0.495 ms
tps = 64644.338397 (including connections establishing)
tps = 64647.213909 (excluding connections establishing)
script statistics:
 - statement latencies in milliseconds:
         0.001  \set aid random(1, 100000 * :scale)
         0.497  SELECT abalance FROM pgbench_accounts WHERE aid = :aid;
avg-cpu:  %user   %nice %system %iowait  %steal   %idle
          36,88    0,00    7,80   18,36    0,00   36,96

Device:         rrqm/s   wrqm/s     r/s     w/s    rkB/s    wkB/s avgrq-sz avgqu-sz   await r_await w_await  svctm  %util
sdb               0,07     0,74  114,32    2,26  1259,77    12,38    21,83    10,91   93,58   87,24  414,66   2,81  32,81
sda               1,33     0,74  112,98    2,26  1261,19    12,38    22,10     8,42   73,06   71,99  126,64   2,95  34,02
md0               0,00     0,00    2,48    0,00     9,91     0,00     8,00     0,00    0,00    0,00    0,00   0,00   0,00
md1               0,00     0,00    0,00    0,00     0,00     0,00     0,00     0,00    0,00    0,00    0,00   0,00   0,00
md2               0,00     0,00  226,22    1,52  2511,05     9,07    22,13     0,00    0,00    0,00    0,00   0,00   0,00
md3               0,00     0,00    0,00    0,10     0,00     0,40     8,00     0,00    0,00    0,00    0,00   0,00   0,00

Control File Changes
--- /usr/local/oldpgsql/2013-02-13-REL9_3_0~589/before.controldata	2016-08-11 21:43:14.849381993 +0200
+++ /usr/local/oldpgsql/2013-02-13-REL9_3_0~589/after.controldata	2016-08-11 21:44:45.197642370 +0200
@@ -5,4 +5,4 @@
-pg_control last modified:             Thu Aug 11 19:43:14 2016
-Latest checkpoint location:           1/E5545618
-Prior checkpoint location:            1/E55455B0
-Latest checkpoint's REDO location:    1/E5545618
+pg_control last modified:             Thu Aug 11 19:44:45 2016
+Latest checkpoint location:           1/E5547540
+Prior checkpoint location:            1/E5545618
+Latest checkpoint's REDO location:    1/E5547540
@@ -13,2 +13,2 @@
-Latest checkpoint's NextXID:          0/391837
-Latest checkpoint's NextOID:          16469
+Latest checkpoint's NextXID:          0/391838
+Latest checkpoint's NextOID:          24661
@@ -22 +22 @@
-Time of latest checkpoint:            Thu Aug 11 19:43:14 2016
+Time of latest checkpoint:            Thu Aug 11 19:44:44 2016
size after pgbench of pgbench_accounts_pkey: 658092
size after pgbench of pgbench_tellers: 8
size after pgbench of pgbench_branches: 8
size after pgbench of pgbench_accounts: 64
size after pgbench of pgbench_branches_pkey: 32
size after pgbench of pgbench_tellers_pkey: 152
size after pgbench of pgbench_history: 0
total size after pgbench: 658356
End Time: 2016-08-11 19:44:45+00:00
========================================================================
========================================================================
Testing 2013-02-13-REL9_3_0~589
Start Time: 2016-08-12 02:36:59+00:00
Shared Buffers:  260000
size before pgbench of pgbench_accounts_pkey: 658092
size before pgbench of pgbench_tellers: 8
size before pgbench of pgbench_branches: 8
size before pgbench of pgbench_accounts: 64
size before pgbench of pgbench_branches_pkey: 32
size before pgbench of pgbench_tellers_pkey: 152
size before pgbench of pgbench_history: 0
total size before pgbench: 658356
Linux 3.16.0-4-amd64 (Debian-83-jessie-64-minimal) 	12.08.16 	_x86_64_	(8 CPU)

starting vacuum...end.
transaction type: <builtin: select only>
scaling factor: 300
query mode: simple
number of clients: 64
number of threads: 4
duration: 60 s
number of transactions actually processed: 3544230
latency average: 1.083 ms
tps = 58956.034893 (including connections establishing)
tps = 58958.432962 (excluding connections establishing)
script statistics:
 - statement latencies in milliseconds:
         0.001  \set aid random(1, 100000 * :scale)
         1.088  SELECT abalance FROM pgbench_accounts WHERE aid = :aid;
avg-cpu:  %user   %nice %system %iowait  %steal   %idle
          36,03    0,00    7,99   19,62    0,00   36,37

Device:         rrqm/s   wrqm/s     r/s     w/s    rkB/s    wkB/s avgrq-sz avgqu-sz   await r_await w_await  svctm  %util
sdb               0,00     0,76  111,32    2,39  1204,67    12,92    21,42    13,76  121,00  112,89  499,18   2,97  33,73
sda               0,21     0,76  119,04    2,39  1296,93    12,92    21,57    22,11  182,10  182,35  169,71   2,91  35,38
md0               0,00     0,00    0,74    0,00     2,98     0,00     8,00     0,00    0,00    0,00    0,00   0,00   0,00
md1               0,00     0,00    0,00    0,00     0,00     0,00     0,00     0,00    0,00    0,00    0,00   0,00   0,00
md2               0,00     0,00  229,93    1,67  2498,62     9,64    21,66     0,00    0,00    0,00    0,00   0,00   0,00
md3               0,00     0,00    0,00    0,11     0,00     0,44     8,00     0,00    0,00    0,00    0,00   0,00   0,00

Control File Changes
--- /usr/local/oldpgsql/2013-02-13-REL9_3_0~589/before.controldata	2016-08-12 04:38:06.859645172 +0200
+++ /usr/local/oldpgsql/2013-02-13-REL9_3_0~589/after.controldata	2016-08-12 04:39:37.207815585 +0200
@@ -5,4 +5,4 @@
-pg_control last modified:             Fri Aug 12 02:38:06 2016
-Latest checkpoint location:           1/E5547610
-Prior checkpoint location:            1/E55475A8
-Latest checkpoint's REDO location:    1/E5547610
+pg_control last modified:             Fri Aug 12 02:39:37 2016
+Latest checkpoint location:           1/E5548F00
+Prior checkpoint location:            1/E5547610
+Latest checkpoint's REDO location:    1/E5548F00
@@ -13,2 +13,2 @@
-Latest checkpoint's NextXID:          0/391838
-Latest checkpoint's NextOID:          16470
+Latest checkpoint's NextXID:          0/391839
+Latest checkpoint's NextOID:          24662
@@ -22 +22 @@
-Time of latest checkpoint:            Fri Aug 12 02:38:06 2016
+Time of latest checkpoint:            Fri Aug 12 02:39:36 2016
size after pgbench of pgbench_accounts_pkey: 658092
size after pgbench of pgbench_history: 0
size after pgbench of pgbench_tellers: 8
size after pgbench of pgbench_branches: 8
size after pgbench of pgbench_accounts: 64
size after pgbench of pgbench_branches_pkey: 32
size after pgbench of pgbench_tellers_pkey: 152
total size after pgbench: 658356
End Time: 2016-08-12 02:39:37+00:00
========================================================================
========================================================================
Testing 2013-02-13-REL9_3_0~589
Start Time: 2016-08-13 00:02:32+00:00
Shared Buffers:  260000
size before pgbench of pgbench_accounts_pkey: 658092
size before pgbench of pgbench_history: 0
size before pgbench of pgbench_tellers: 8
size before pgbench of pgbench_branches: 8
size before pgbench of pgbench_accounts: 64
size before pgbench of pgbench_branches_pkey: 32
size before pgbench of pgbench_tellers_pkey: 152
total size before pgbench: 658356
+ /usr/local/pgsql/bin/pgbench -T 60 -S -c 64 -j 4 -r
Linux 3.16.0-4-amd64 (Debian-83-jessie-64-minimal) 	13.08.16 	_x86_64_	(8 CPU)

starting vacuum...end.
transaction type: <builtin: select only>
scaling factor: 300
query mode: simple
number of clients: 64
number of threads: 4
duration: 60 s
number of transactions actually processed: 3665809
latency average: 1.048 ms
tps = 61000.069540 (including connections establishing)
tps = 61001.915796 (excluding connections establishing)
script statistics:
 - statement latencies in milliseconds:
         0.001  \set aid random(1, 100000 * :scale)
         1.052  SELECT abalance FROM pgbench_accounts WHERE aid = :aid;
avg-cpu:  %user   %nice %system %iowait  %steal   %idle
          36,42    0,00    8,29   17,99    0,00   37,29

Device:         rrqm/s   wrqm/s     r/s     w/s    rkB/s    wkB/s avgrq-sz avgqu-sz   await r_await w_await  svctm  %util
sdb               0,14     0,86  115,46    1,91  1260,71    11,76    21,68    21,17  180,41  179,42  239,95   2,76  32,37
sda               1,17     0,86  115,86    1,91  1253,78    11,76    21,49    13,88  117,82  117,29  149,98   2,90  34,11
md0               0,00     0,00    3,00    0,00    12,00     0,00     8,00     0,00    0,00    0,00    0,00   0,00   0,00
md1               0,00     0,00    0,00    0,00     0,00     0,00     0,00     0,00    0,00    0,00    0,00   0,00   0,00
md2               0,00     0,00  229,79    1,47  2502,49     8,84    21,72     0,00    0,00    0,00    0,00   0,00   0,00
md3               0,00     0,00    0,00    0,10     0,00     0,40     8,00     0,00    0,00    0,00    0,00   0,00   0,00

Control File Changes
--- /usr/local/oldpgsql/2013-02-13-REL9_3_0~589/before.controldata	2016-08-13 02:03:39.508154530 +0200
+++ /usr/local/oldpgsql/2013-02-13-REL9_3_0~589/after.controldata	2016-08-13 02:05:09.760312509 +0200
@@ -5,4 +5,4 @@
-pg_control last modified:             Sat Aug 13 00:03:39 2016
-Latest checkpoint location:           1/E5548FD0
-Prior checkpoint location:            1/E5548F68
-Latest checkpoint's REDO location:    1/E5548FD0
+pg_control last modified:             Sat Aug 13 00:05:09 2016
+Latest checkpoint location:           1/E554A968
+Prior checkpoint location:            1/E5548FD0
+Latest checkpoint's REDO location:    1/E554A968
@@ -13,2 +13,2 @@
-Latest checkpoint's NextXID:          0/391839
-Latest checkpoint's NextOID:          16471
+Latest checkpoint's NextXID:          0/391840
+Latest checkpoint's NextOID:          24663
@@ -22 +22 @@
-Time of latest checkpoint:            Sat Aug 13 00:03:39 2016
+Time of latest checkpoint:            Sat Aug 13 00:05:09 2016
size after pgbench of pgbench_accounts_pkey: 658092
size after pgbench of pgbench_tellers: 8
size after pgbench of pgbench_branches: 8
size after pgbench of pgbench_accounts: 64
size after pgbench of pgbench_branches_pkey: 32
size after pgbench of pgbench_tellers_pkey: 152
size after pgbench of pgbench_history: 0
total size after pgbench: 658356
End Time: 2016-08-13 00:05:09+00:00
========================================================================
========================================================================
Testing 2013-02-13-REL9_3_0~589
Start Time: 2016-08-13 01:40:21+00:00
Shared Buffers:  260000
size before pgbench of pgbench_accounts_pkey: 658092
size before pgbench of pgbench_tellers: 8
size before pgbench of pgbench_branches: 8
size before pgbench of pgbench_accounts: 64
size before pgbench of pgbench_branches_pkey: 32
size before pgbench of pgbench_tellers_pkey: 152
size before pgbench of pgbench_history: 0
total size before pgbench: 658356
Linux 3.16.0-4-amd64 (Debian-83-jessie-64-minimal) 	13.08.16 	_x86_64_	(8 CPU)

starting vacuum...end.
transaction type: <builtin: select only>
scaling factor: 300
query mode: simple
number of clients: 48
number of threads: 4
duration: 60 s
number of transactions actually processed: 3785225
latency average: 0.761 ms
tps = 62963.484963 (including connections establishing)
tps = 62965.700003 (excluding connections establishing)
script statistics:
 - statement latencies in milliseconds:
         0.001  \set aid random(1, 100000 * :scale)
         0.767  SELECT abalance FROM pgbench_accounts WHERE aid = :aid;
avg-cpu:  %user   %nice %system %iowait  %steal   %idle
          36,32    0,00    7,76   18,33    0,00   37,60

Device:         rrqm/s   wrqm/s     r/s     w/s    rkB/s    wkB/s avgrq-sz avgqu-sz   await r_await w_await  svctm  %util
sdb               0,00     0,76  115,27    1,92  1277,96    11,37    22,00    17,30  147,64  141,41  521,34   2,79  32,65
sda               0,14     0,76  112,21    1,92  1222,89    11,37    21,63    11,41   99,90   98,22  198,22   2,97  33,93
md0               0,00     0,00    0,20    0,06     0,80     0,22     8,00     0,00    0,00    0,00    0,00   0,00   0,00
md1               0,00     0,00    0,00    0,00     0,00     0,00     0,00     0,00    0,00    0,00    0,00   0,00   0,00
md2               0,00     0,00  227,47    1,29  2498,40     7,82    21,91     0,00    0,00    0,00    0,00   0,00   0,00
md3               0,00     0,00    0,00    0,10     0,00     0,40     8,00     0,00    0,00    0,00    0,00   0,00   0,00

Control File Changes
--- /usr/local/oldpgsql/2013-02-13-REL9_3_0~589/before.controldata	2016-08-13 03:41:28.828770742 +0200
+++ /usr/local/oldpgsql/2013-02-13-REL9_3_0~589/after.controldata	2016-08-13 03:42:59.096971072 +0200
@@ -5,4 +5,4 @@
-pg_control last modified:             Sat Aug 13 01:41:28 2016
-Latest checkpoint location:           1/E554AA38
-Prior checkpoint location:            1/E554A9D0
-Latest checkpoint's REDO location:    1/E554AA38
+pg_control last modified:             Sat Aug 13 01:42:59 2016
+Latest checkpoint location:           1/E554C478
+Prior checkpoint location:            1/E554AA38
+Latest checkpoint's REDO location:    1/E554C478
@@ -13,2 +13,2 @@
-Latest checkpoint's NextXID:          0/391840
-Latest checkpoint's NextOID:          16472
+Latest checkpoint's NextXID:          0/391841
+Latest checkpoint's NextOID:          24664
@@ -22 +22 @@
-Time of latest checkpoint:            Sat Aug 13 01:41:28 2016
+Time of latest checkpoint:            Sat Aug 13 01:42:58 2016
size after pgbench of pgbench_accounts_pkey: 658092
size after pgbench of pgbench_tellers: 8
size after pgbench of pgbench_branches: 8
size after pgbench of pgbench_accounts: 64
size after pgbench of pgbench_branches_pkey: 32
size after pgbench of pgbench_tellers_pkey: 152
size after pgbench of pgbench_history: 0
total size after pgbench: 658356
End Time: 2016-08-13 01:42:59+00:00
========================================================================
========================================================================
Testing 2013-02-13-REL9_3_0~589
Start Time: 2016-08-13 08:57:51+00:00
Shared Buffers:  260000
size before pgbench of pgbench_accounts_pkey: 658092
size before pgbench of pgbench_tellers: 8
size before pgbench of pgbench_branches: 8
size before pgbench of pgbench_accounts: 64
size before pgbench of pgbench_branches_pkey: 32
size before pgbench of pgbench_tellers_pkey: 152
size before pgbench of pgbench_history: 0
total size before pgbench: 658356
Linux 3.16.0-4-amd64 (Debian-83-jessie-64-minimal) 	13.08.16 	_x86_64_	(8 CPU)

starting vacuum...end.
transaction type: <builtin: select only>
scaling factor: 300
query mode: simple
number of clients: 48
number of threads: 4
duration: 60 s
number of transactions actually processed: 3791446
latency average: 0.760 ms
tps = 63147.251895 (including connections establishing)
tps = 63149.565391 (excluding connections establishing)
script statistics:
 - statement latencies in milliseconds:
         0.001  \set aid random(1, 100000 * :scale)
         0.763  SELECT abalance FROM pgbench_accounts WHERE aid = :aid;
avg-cpu:  %user   %nice %system %iowait  %steal   %idle
          36,43    0,00    7,92   19,41    0,00   36,23

Device:         rrqm/s   wrqm/s     r/s     w/s    rkB/s    wkB/s avgrq-sz avgqu-sz   await r_await w_await  svctm  %util
sdb               0,01     0,71  112,26    2,39  1248,93    12,66    22,01    15,71  137,01  133,34  309,49   2,85  32,64
sda               1,34     0,71  114,20    2,39  1260,93    12,66    21,85    13,23  113,50  112,22  174,27   2,94  34,25
md0               0,00     0,00    2,47    0,00     9,87     0,00     8,00     0,00    0,00    0,00    0,00   0,00   0,00
md1               0,00     0,00    0,00    0,00     0,00     0,00     0,00     0,00    0,00    0,00    0,00   0,00   0,00
md2               0,00     0,00  225,44    1,56  2500,00     9,20    22,11     0,00    0,00    0,00    0,00   0,00   0,00
md3               0,00     0,00    0,00    0,10     0,00     0,40     8,00     0,00    0,00    0,00    0,00   0,00   0,00

Control File Changes
--- /usr/local/oldpgsql/2013-02-13-REL9_3_0~589/before.controldata	2016-08-13 10:58:58.662064027 +0200
+++ /usr/local/oldpgsql/2013-02-13-REL9_3_0~589/after.controldata	2016-08-13 11:00:28.906210463 +0200
@@ -5,4 +5,4 @@
-pg_control last modified:             Sat Aug 13 08:58:58 2016
-Latest checkpoint location:           1/E554C548
-Prior checkpoint location:            1/E554C4E0
-Latest checkpoint's REDO location:    1/E554C548
+pg_control last modified:             Sat Aug 13 09:00:28 2016
+Latest checkpoint location:           1/E554E030
+Prior checkpoint location:            1/E554C548
+Latest checkpoint's REDO location:    1/E554E030
@@ -13,2 +13,2 @@
-Latest checkpoint's NextXID:          0/391841
-Latest checkpoint's NextOID:          16473
+Latest checkpoint's NextXID:          0/391842
+Latest checkpoint's NextOID:          24665
@@ -22 +22 @@
-Time of latest checkpoint:            Sat Aug 13 08:58:58 2016
+Time of latest checkpoint:            Sat Aug 13 09:00:28 2016
size after pgbench of pgbench_accounts_pkey: 658092
size after pgbench of pgbench_tellers: 8
size after pgbench of pgbench_branches: 8
size after pgbench of pgbench_accounts: 64
size after pgbench of pgbench_branches_pkey: 32
size after pgbench of pgbench_tellers_pkey: 152
size after pgbench of pgbench_history: 0
total size after pgbench: 658356
End Time: 2016-08-13 09:00:28+00:00
========================================================================
========================================================================
Testing 2013-02-13-REL9_3_0~589
Start Time: 2016-08-13 14:55:38+00:00
Shared Buffers:  260000
size before pgbench of pgbench_accounts_pkey: 658092
size before pgbench of pgbench_tellers: 8
size before pgbench of pgbench_branches: 8
size before pgbench of pgbench_accounts: 64
size before pgbench of pgbench_branches_pkey: 32
size before pgbench of pgbench_tellers_pkey: 152
size before pgbench of pgbench_history: 0
total size before pgbench: 658356
Linux 3.16.0-4-amd64 (Debian-83-jessie-64-minimal) 	13.08.16 	_x86_64_	(8 CPU)

starting vacuum...end.
transaction type: <builtin: select only>
scaling factor: 300
query mode: simple
number of clients: 48
number of threads: 4
duration: 60 s
number of transactions actually processed: 3867183
latency average: 0.745 ms
tps = 64412.208366 (including connections establishing)
tps = 64414.558678 (excluding connections establishing)
script statistics:
 - statement latencies in milliseconds:
         0.001  \set aid random(1, 100000 * :scale)
         0.751  SELECT abalance FROM pgbench_accounts WHERE aid = :aid;
avg-cpu:  %user   %nice %system %iowait  %steal   %idle
          37,13    0,00    7,93   18,34    0,00   36,61

Device:         rrqm/s   wrqm/s     r/s     w/s    rkB/s    wkB/s avgrq-sz avgqu-sz   await r_await w_await  svctm  %util
sdb               0,01     0,72  112,98    2,48  1256,80    12,97    22,00    17,48  151,44  139,88  678,17   2,79  32,20
sda               0,41     0,72  113,36    2,48  1255,29    12,97    21,90    11,43   98,66   96,69  188,91   2,93  33,88
md0               0,00     0,00    1,00    0,00     4,00     0,00     8,00     0,00    0,00    0,00    0,00   0,00   0,00
md1               0,00     0,00    0,00    0,00     0,00     0,00     0,00     0,00    0,00    0,00    0,00   0,00   0,00
md2               0,00     0,00  225,83    1,67  2508,09     9,56    22,13     0,00    0,00    0,00    0,00   0,00   0,00
md3               0,00     0,00    0,00    0,10     0,00     0,40     8,00     0,00    0,00    0,00    0,00   0,00   0,00

Control File Changes
--- /usr/local/oldpgsql/2013-02-13-REL9_3_0~589/before.controldata	2016-08-13 16:56:45.319662541 +0200
+++ /usr/local/oldpgsql/2013-02-13-REL9_3_0~589/after.controldata	2016-08-13 16:58:15.667475085 +0200
@@ -5,4 +5,4 @@
-pg_control last modified:             Sat Aug 13 14:56:45 2016
-Latest checkpoint location:           1/E554E100
-Prior checkpoint location:            1/E554E098
-Latest checkpoint's REDO location:    1/E554E100
+pg_control last modified:             Sat Aug 13 14:58:15 2016
+Latest checkpoint location:           1/E554FC78
+Prior checkpoint location:            1/E554E100
+Latest checkpoint's REDO location:    1/E554FC78
@@ -13,2 +13,2 @@
-Latest checkpoint's NextXID:          0/391842
-Latest checkpoint's NextOID:          16474
+Latest checkpoint's NextXID:          0/391843
+Latest checkpoint's NextOID:          24666
@@ -22 +22 @@
-Time of latest checkpoint:            Sat Aug 13 14:56:44 2016
+Time of latest checkpoint:            Sat Aug 13 14:58:15 2016
size after pgbench of pgbench_accounts_pkey: 658092
size after pgbench of pgbench_tellers: 8
size after pgbench of pgbench_branches: 8
size after pgbench of pgbench_accounts: 64
size after pgbench of pgbench_branches_pkey: 32
size after pgbench of pgbench_tellers_pkey: 152
size after pgbench of pgbench_history: 0
total size after pgbench: 658356
End Time: 2016-08-13 14:58:15+00:00
========================================================================
========================================================================
Testing 2013-02-13-REL9_3_0~589
Start Time: 2016-08-15 03:11:57+00:00
Shared Buffers:  260000
size before pgbench of pgbench_accounts_pkey: 658092
size before pgbench of pgbench_tellers: 8
size before pgbench of pgbench_branches: 8
size before pgbench of pgbench_accounts: 64
size before pgbench of pgbench_branches_pkey: 32
size before pgbench of pgbench_tellers_pkey: 152
size before pgbench of pgbench_history: 0
total size before pgbench: 658356
Linux 3.16.0-4-amd64 (Debian-83-jessie-64-minimal) 	15.08.16 	_x86_64_	(8 CPU)

starting vacuum...end.
transaction type: <builtin: TPC-B (sort of)>
scaling factor: 300
query mode: simple
number of clients: 32
number of threads: 4
duration: 900 s
number of transactions actually processed: 253953
latency average: 113.407 ms
tps = 282.124498 (including connections establishing)
tps = 282.125192 (excluding connections establishing)
script statistics:
 - statement latencies in milliseconds:
         0.002  \set aid random(1, 100000 * :scale)
         0.001  \set bid random(1, 1 * :scale)
         0.001  \set tid random(1, 10 * :scale)
         0.001  \set delta random(-5000, 5000)
         0.261  BEGIN;
         1.501  UPDATE pgbench_accounts SET abalance = abalance + :delta WHERE aid = :aid;
         0.344  SELECT abalance FROM pgbench_accounts WHERE aid = :aid;
         0.911  UPDATE pgbench_tellers SET tbalance = tbalance + :delta WHERE tid = :tid;
         5.776  UPDATE pgbench_branches SET bbalance = bbalance + :delta WHERE bid = :bid;
         0.209  INSERT INTO pgbench_history (tid, bid, aid, delta, mtime) VALUES (:tid, :bid, :aid, :delta, CURRENT_TIMESTAMP);
       104.855  END;
avg-cpu:  %user   %nice %system %iowait  %steal   %idle
           2,65    0,00    0,75   10,16    0,00   86,45

Device:         rrqm/s   wrqm/s     r/s     w/s    rkB/s    wkB/s avgrq-sz avgqu-sz   await r_await w_await  svctm  %util
sdb               0,00     1,91    2,13  291,67    23,53  5591,51    38,22    71,76  244,12   47,76  245,55   2,54  74,57
sda               0,02     1,89   14,58  291,69   167,24  5591,56    37,61    55,98  182,67   30,33  190,28   2,70  82,72
md0               0,00     0,00    0,09    0,00     0,36     0,00     8,00     0,00    0,00    0,00    0,00   0,00   0,00
md1               0,00     0,00    0,00    0,00     0,00     0,00     0,00     0,00    0,00    0,00    0,00   0,00   0,00
md2               0,00     0,00   16,65  292,95   190,41  5591,49    37,35     0,00    0,00    0,00    0,00   0,00   0,00
md3               0,00     0,00    0,00    0,01     0,00     0,04     8,00     0,00    0,00    0,00    0,00   0,00   0,00

Control File Changes
--- /usr/local/oldpgsql/2013-02-13-REL9_3_0~589/before.controldata	2016-08-15 05:13:03.612707523 +0200
+++ /usr/local/oldpgsql/2013-02-13-REL9_3_0~589/after.controldata	2016-08-15 05:29:39.722771610 +0200
@@ -5,5 +5,5 @@
-pg_control last modified:             Mon Aug 15 03:13:03 2016
-Latest checkpoint location:           1/E554FD48
-Prior checkpoint location:            1/E554FCE0
-Latest checkpoint's REDO location:    1/E554FD48
-Latest checkpoint's REDO WAL file:    0000000100000001000000E5
+pg_control last modified:             Mon Aug 15 03:29:39 2016
+Latest checkpoint location:           2/8908BCC0
+Prior checkpoint location:            2/8908BC58
+Latest checkpoint's REDO location:    2/8908BCC0
+Latest checkpoint's REDO WAL file:    000000010000000200000089
@@ -13,2 +13,2 @@
-Latest checkpoint's NextXID:          0/391843
-Latest checkpoint's NextOID:          16475
+Latest checkpoint's NextXID:          0/645840
+Latest checkpoint's NextOID:          24667
@@ -22 +22 @@
-Time of latest checkpoint:            Mon Aug 15 03:13:03 2016
+Time of latest checkpoint:            Mon Aug 15 03:29:08 2016
size after pgbench of pgbench_accounts_pkey: 658092
size after pgbench of pgbench_tellers: 8
size after pgbench of pgbench_branches: 8
size after pgbench of pgbench_accounts: 64
size after pgbench of pgbench_branches_pkey: 32
size after pgbench of pgbench_tellers_pkey: 152
size after pgbench of pgbench_history: 24
total size after pgbench: 658380
End Time: 2016-08-15 03:29:39+00:00
========================================================================
========================================================================
Testing 2013-02-13-REL9_3_0~589
Start Time: 2016-08-16 08:56:38+00:00
Shared Buffers:  260000
size before pgbench of pgbench_accounts_pkey: 658092
size before pgbench of pgbench_tellers: 8
size before pgbench of pgbench_branches: 8
size before pgbench of pgbench_accounts: 64
size before pgbench of pgbench_branches_pkey: 32
size before pgbench of pgbench_tellers_pkey: 152
size before pgbench of pgbench_history: 24
total size before pgbench: 658380
Linux 4.6.0-1-amd64 (Debian-83-jessie-64-minimal) 	16.08.16 	_x86_64_	(8 CPU)

starting vacuum...end.
transaction type: <builtin: TPC-B (sort of)>
scaling factor: 300
query mode: simple
number of clients: 32
number of threads: 4
duration: 900 s
number of transactions actually processed: 306316
latency average: 94.021 ms
tps = 340.284420 (including connections establishing)
tps = 340.285208 (excluding connections establishing)
script statistics:
 - statement latencies in milliseconds:
         0.002  \set aid random(1, 100000 * :scale)
         0.001  \set bid random(1, 1 * :scale)
         0.001  \set tid random(1, 10 * :scale)
         0.001  \set delta random(-5000, 5000)
         0.370  BEGIN;
         0.856  UPDATE pgbench_accounts SET abalance = abalance + :delta WHERE aid = :aid;
         0.495  SELECT abalance FROM pgbench_accounts WHERE aid = :aid;
         0.888  UPDATE pgbench_tellers SET tbalance = tbalance + :delta WHERE tid = :tid;
         5.261  UPDATE pgbench_branches SET bbalance = bbalance + :delta WHERE bid = :bid;
         0.299  INSERT INTO pgbench_history (tid, bid, aid, delta, mtime) VALUES (:tid, :bid, :aid, :delta, CURRENT_TIMESTAMP);
        86.381  END;
avg-cpu:  %user   %nice %system %iowait  %steal   %idle
           3,60    0,00    1,01   19,45    0,00   75,94

Device:         rrqm/s   wrqm/s     r/s     w/s    rkB/s    wkB/s avgrq-sz avgqu-sz   await r_await w_await  svctm  %util
sdb               0,00    10,35    0,34  353,30     3,68  6050,08    34,24    56,43  159,57   55,85  159,67   2,13  75,41
sda               0,04    10,30    3,11  353,19    30,78  6048,85    34,13    52,53  147,20   28,44  148,25   2,22  79,18
md0               0,00     0,00    0,15    0,00     0,58     0,00     8,00     0,00    0,00    0,00    0,00   0,00   0,00
md1               0,00     0,00    0,00    0,00     0,00     0,00     0,00     0,00    0,00    0,00    0,00   0,00   0,00
md2               0,00     0,00    3,35  363,30    33,87  6050,45    33,19     0,00    0,00    0,00    0,00   0,00   0,00
md3               0,00     0,00    0,00    0,01     0,00     0,04     8,00     0,00    0,00    0,00    0,00   0,00   0,00

Control File Changes
--- /usr/local/oldpgsql/2013-02-13-REL9_3_0~589/before.controldata	2016-08-16 10:59:37.613335483 +0200
+++ /usr/local/oldpgsql/2013-02-13-REL9_3_0~589/after.controldata	2016-08-16 11:16:04.866813800 +0200
@@ -5,5 +5,5 @@
-pg_control last modified:             Tue Aug 16 08:59:37 2016
-Latest checkpoint location:           2/E86D4F10
-Prior checkpoint location:            2/E86D4EA8
-Latest checkpoint's REDO location:    2/E86D4F10
-Latest checkpoint's REDO WAL file:    0000000100000002000000E8
+pg_control last modified:             Tue Aug 16 09:16:04 2016
+Latest checkpoint location:           3/99DF9240
+Prior checkpoint location:            3/99DF1378
+Latest checkpoint's REDO location:    3/99DF13E0
+Latest checkpoint's REDO WAL file:    000000010000000300000099
@@ -13,2 +13,2 @@
-Latest checkpoint's NextXID:          0/645840
-Latest checkpoint's NextOID:          16476
+Latest checkpoint's NextXID:          0/952198
+Latest checkpoint's NextOID:          24668
@@ -22 +22 @@
-Time of latest checkpoint:            Tue Aug 16 08:59:36 2016
+Time of latest checkpoint:            Tue Aug 16 09:15:10 2016
size after pgbench of pgbench_accounts_pkey: 658092
size after pgbench of pgbench_tellers: 8
size after pgbench of pgbench_branches: 8
size after pgbench of pgbench_accounts: 64
size after pgbench of pgbench_branches_pkey: 32
size after pgbench of pgbench_tellers_pkey: 152
size after pgbench of pgbench_history: 24
total size after pgbench: 658380
End Time: 2016-08-16 09:16:04+00:00
========================================================================
========================================================================
Testing 2013-02-13-REL9_3_0~589
Start Time: 2016-08-22 03:41:34+00:00
Shared Buffers:  260000
size before pgbench of pgbench_accounts_pkey: 658092
size before pgbench of pgbench_tellers: 8
size before pgbench of pgbench_branches: 8
size before pgbench of pgbench_accounts: 64
size before pgbench of pgbench_branches_pkey: 32
size before pgbench of pgbench_tellers_pkey: 152
size before pgbench of pgbench_history: 24
total size before pgbench: 658380
Linux 4.6.0-1-amd64 (Debian-83-jessie-64-minimal) 	22.08.16 	_x86_64_	(8 CPU)

starting vacuum...end.
transaction type: <builtin: TPC-B (sort of)>
scaling factor: 300
query mode: simple
number of clients: 32
number of threads: 4
duration: 900 s
number of transactions actually processed: 319991
latency average: 90.003 ms
tps = 355.255979 (including connections establishing)
tps = 355.256877 (excluding connections establishing)
script statistics:
 - statement latencies in milliseconds:
         0.002  \set aid random(1, 100000 * :scale)
         0.001  \set bid random(1, 1 * :scale)
         0.001  \set tid random(1, 10 * :scale)
         0.001  \set delta random(-5000, 5000)
         0.382  BEGIN;
         0.736  UPDATE pgbench_accounts SET abalance = abalance + :delta WHERE aid = :aid;
         0.508  SELECT abalance FROM pgbench_accounts WHERE aid = :aid;
         0.895  UPDATE pgbench_tellers SET tbalance = tbalance + :delta WHERE tid = :tid;
         5.157  UPDATE pgbench_branches SET bbalance = bbalance + :delta WHERE bid = :bid;
         0.304  INSERT INTO pgbench_history (tid, bid, aid, delta, mtime) VALUES (:tid, :bid, :aid, :delta, CURRENT_TIMESTAMP);
        82.643  END;
avg-cpu:  %user   %nice %system %iowait  %steal   %idle
           3,73    0,00    1,00   20,12    0,00   75,16

Device:         rrqm/s   wrqm/s     r/s     w/s    rkB/s    wkB/s avgrq-sz avgqu-sz   await r_await w_await  svctm  %util
sdb               0,00     2,42    0,08  337,62     0,73  5842,03    34,60    59,70  176,68   42,00  176,71   2,30  77,84
sda               0,03     2,41    0,82  337,61     7,56  5841,88    34,57    59,64  176,09   23,85  176,46   2,37  80,20
md0               0,00     0,00    0,08    0,00     0,34     0,00     8,00     0,00    0,00    0,00    0,00   0,00   0,00
md1               0,00     0,00    0,00    0,00     0,00     0,00     0,00     0,00    0,00    0,00    0,00   0,00   0,00
md2               0,00     0,00    0,85  342,64     7,93  5866,68    34,21     0,00    0,00    0,00    0,00   0,00   0,00
md3               0,00     0,00    0,00    0,01     0,00     0,04     8,00     0,00    0,00    0,00    0,00   0,00   0,00

Control File Changes
--- /usr/local/oldpgsql/2013-02-13-REL9_3_0~589/before.controldata	2016-08-22 05:44:18.503353370 +0200
+++ /usr/local/oldpgsql/2013-02-13-REL9_3_0~589/after.controldata	2016-08-22 06:01:38.962982833 +0200
@@ -5,5 +5,5 @@
-pg_control last modified:             Mon Aug 22 03:44:18 2016
-Latest checkpoint location:           4/7BBB858
-Prior checkpoint location:            4/7BBB7F0
-Latest checkpoint's REDO location:    4/7BBB858
-Latest checkpoint's REDO WAL file:    000000010000000400000007
+pg_control last modified:             Mon Aug 22 04:01:38 2016
+Latest checkpoint location:           4/B2DDB6A8
+Prior checkpoint location:            4/B2DDB640
+Latest checkpoint's REDO location:    4/B2DDB6A8
+Latest checkpoint's REDO WAL file:    0000000100000004000000B2
@@ -13,2 +13,2 @@
-Latest checkpoint's NextXID:          0/952199
-Latest checkpoint's NextOID:          16477
+Latest checkpoint's NextXID:          0/1272233
+Latest checkpoint's NextOID:          24669
@@ -22 +22 @@
-Time of latest checkpoint:            Mon Aug 22 03:44:17 2016
+Time of latest checkpoint:            Mon Aug 22 04:00:41 2016
size after pgbench of pgbench_accounts_pkey: 658092
size after pgbench of pgbench_tellers: 8
size after pgbench of pgbench_branches: 8
size after pgbench of pgbench_accounts: 64
size after pgbench of pgbench_branches_pkey: 32
size after pgbench of pgbench_tellers_pkey: 152
size after pgbench of pgbench_history: 24
total size after pgbench: 658380
End Time: 2016-08-22 04:01:39+00:00
========================================================================
