creating tables...
100000 of 30000000 tuples (0%) done (elapsed 0.06 s, remaining 18.57 s)
200000 of 30000000 tuples (0%) done (elapsed 0.13 s, remaining 18.83 s)
300000 of 30000000 tuples (1%) done (elapsed 0.18 s, remaining 18.00 s)
400000 of 30000000 tuples (1%) done (elapsed 0.24 s, remaining 17.96 s)
500000 of 30000000 tuples (1%) done (elapsed 0.30 s, remaining 17.90 s)
600000 of 30000000 tuples (2%) done (elapsed 0.36 s, remaining 17.84 s)
700000 of 30000000 tuples (2%) done (elapsed 0.42 s, remaining 17.56 s)
800000 of 30000000 tuples (2%) done (elapsed 0.48 s, remaining 17.52 s)
900000 of 30000000 tuples (3%) done (elapsed 0.54 s, remaining 17.48 s)
1000000 of 30000000 tuples (3%) done (elapsed 0.60 s, remaining 17.40 s)
1100000 of 30000000 tuples (3%) done (elapsed 0.66 s, remaining 17.30 s)
1200000 of 30000000 tuples (4%) done (elapsed 0.72 s, remaining 17.31 s)
1300000 of 30000000 tuples (4%) done (elapsed 0.78 s, remaining 17.30 s)
1400000 of 30000000 tuples (4%) done (elapsed 0.84 s, remaining 17.20 s)
1500000 of 30000000 tuples (5%) done (elapsed 0.90 s, remaining 17.19 s)
1600000 of 30000000 tuples (5%) done (elapsed 0.96 s, remaining 17.09 s)
1700000 of 30000000 tuples (5%) done (elapsed 1.03 s, remaining 17.07 s)
1800000 of 30000000 tuples (6%) done (elapsed 1.09 s, remaining 17.05 s)
1900000 of 30000000 tuples (6%) done (elapsed 1.15 s, remaining 16.95 s)
2000000 of 30000000 tuples (6%) done (elapsed 1.21 s, remaining 16.93 s)
2100000 of 30000000 tuples (7%) done (elapsed 1.27 s, remaining 16.83 s)
2200000 of 30000000 tuples (7%) done (elapsed 1.33 s, remaining 16.81 s)
2300000 of 30000000 tuples (7%) done (elapsed 1.39 s, remaining 16.71 s)
2400000 of 30000000 tuples (8%) done (elapsed 1.45 s, remaining 16.68 s)
2500000 of 30000000 tuples (8%) done (elapsed 1.51 s, remaining 16.65 s)
2600000 of 30000000 tuples (8%) done (elapsed 1.57 s, remaining 16.56 s)
2700000 of 30000000 tuples (9%) done (elapsed 1.63 s, remaining 16.53 s)
2800000 of 30000000 tuples (9%) done (elapsed 1.70 s, remaining 16.49 s)
2900000 of 30000000 tuples (9%) done (elapsed 1.76 s, remaining 16.40 s)
3000000 of 30000000 tuples (10%) done (elapsed 1.82 s, remaining 16.36 s)
3100000 of 30000000 tuples (10%) done (elapsed 1.88 s, remaining 16.28 s)
3200000 of 30000000 tuples (10%) done (elapsed 1.94 s, remaining 16.24 s)
3300000 of 30000000 tuples (11%) done (elapsed 2.00 s, remaining 16.20 s)
3400000 of 30000000 tuples (11%) done (elapsed 2.06 s, remaining 16.12 s)
3500000 of 30000000 tuples (11%) done (elapsed 2.12 s, remaining 16.07 s)
3600000 of 30000000 tuples (12%) done (elapsed 2.18 s, remaining 15.99 s)
3700000 of 30000000 tuples (12%) done (elapsed 2.24 s, remaining 15.95 s)
3800000 of 30000000 tuples (12%) done (elapsed 2.31 s, remaining 15.90 s)
3900000 of 30000000 tuples (13%) done (elapsed 2.36 s, remaining 15.82 s)
4000000 of 30000000 tuples (13%) done (elapsed 2.43 s, remaining 15.78 s)
4100000 of 30000000 tuples (13%) done (elapsed 2.49 s, remaining 15.70 s)
4200000 of 30000000 tuples (14%) done (elapsed 2.55 s, remaining 15.65 s)
4300000 of 30000000 tuples (14%) done (elapsed 2.61 s, remaining 15.60 s)
4400000 of 30000000 tuples (14%) done (elapsed 2.67 s, remaining 15.53 s)
4500000 of 30000000 tuples (15%) done (elapsed 2.73 s, remaining 15.48 s)
4600000 of 30000000 tuples (15%) done (elapsed 2.79 s, remaining 15.40 s)
4700000 of 30000000 tuples (15%) done (elapsed 2.85 s, remaining 15.35 s)
4800000 of 30000000 tuples (16%) done (elapsed 2.91 s, remaining 15.30 s)
4900000 of 30000000 tuples (16%) done (elapsed 2.97 s, remaining 15.23 s)
5000000 of 30000000 tuples (16%) done (elapsed 3.04 s, remaining 15.18 s)
5100000 of 30000000 tuples (17%) done (elapsed 3.09 s, remaining 15.10 s)
5200000 of 30000000 tuples (17%) done (elapsed 3.16 s, remaining 15.05 s)
5300000 of 30000000 tuples (17%) done (elapsed 3.21 s, remaining 14.98 s)
5400000 of 30000000 tuples (18%) done (elapsed 3.28 s, remaining 14.93 s)
5500000 of 30000000 tuples (18%) done (elapsed 3.34 s, remaining 14.88 s)
5600000 of 30000000 tuples (18%) done (elapsed 3.40 s, remaining 14.80 s)
5700000 of 30000000 tuples (19%) done (elapsed 3.46 s, remaining 14.75 s)
5800000 of 30000000 tuples (19%) done (elapsed 3.52 s, remaining 14.68 s)
5900000 of 30000000 tuples (19%) done (elapsed 3.58 s, remaining 14.63 s)
6000000 of 30000000 tuples (20%) done (elapsed 3.64 s, remaining 14.58 s)
6100000 of 30000000 tuples (20%) done (elapsed 3.70 s, remaining 14.50 s)
6200000 of 30000000 tuples (20%) done (elapsed 3.76 s, remaining 14.45 s)
6300000 of 30000000 tuples (21%) done (elapsed 3.82 s, remaining 14.38 s)
6400000 of 30000000 tuples (21%) done (elapsed 3.89 s, remaining 14.33 s)
6500000 of 30000000 tuples (21%) done (elapsed 3.95 s, remaining 14.27 s)
6600000 of 30000000 tuples (22%) done (elapsed 4.01 s, remaining 14.20 s)
6700000 of 30000000 tuples (22%) done (elapsed 4.07 s, remaining 14.14 s)
6800000 of 30000000 tuples (22%) done (elapsed 4.13 s, remaining 14.07 s)
6900000 of 30000000 tuples (23%) done (elapsed 4.19 s, remaining 14.02 s)
7000000 of 30000000 tuples (23%) done (elapsed 4.25 s, remaining 13.96 s)
7100000 of 30000000 tuples (23%) done (elapsed 4.31 s, remaining 13.90 s)
7200000 of 30000000 tuples (24%) done (elapsed 4.37 s, remaining 13.84 s)
7300000 of 30000000 tuples (24%) done (elapsed 4.43 s, remaining 13.77 s)
7400000 of 30000000 tuples (24%) done (elapsed 4.49 s, remaining 13.72 s)
7500000 of 30000000 tuples (25%) done (elapsed 4.55 s, remaining 13.66 s)
7600000 of 30000000 tuples (25%) done (elapsed 4.61 s, remaining 13.59 s)
7700000 of 30000000 tuples (25%) done (elapsed 4.67 s, remaining 13.54 s)
7800000 of 30000000 tuples (26%) done (elapsed 4.73 s, remaining 13.47 s)
7900000 of 30000000 tuples (26%) done (elapsed 4.79 s, remaining 13.41 s)
8000000 of 30000000 tuples (26%) done (elapsed 4.85 s, remaining 13.34 s)
8100000 of 30000000 tuples (27%) done (elapsed 4.91 s, remaining 13.29 s)
8200000 of 30000000 tuples (27%) done (elapsed 4.98 s, remaining 13.23 s)
8300000 of 30000000 tuples (27%) done (elapsed 5.03 s, remaining 13.16 s)
8400000 of 30000000 tuples (28%) done (elapsed 5.10 s, remaining 13.11 s)
8500000 of 30000000 tuples (28%) done (elapsed 5.15 s, remaining 13.04 s)
8600000 of 30000000 tuples (28%) done (elapsed 5.22 s, remaining 12.98 s)
8700000 of 30000000 tuples (29%) done (elapsed 5.28 s, remaining 12.93 s)
8800000 of 30000000 tuples (29%) done (elapsed 5.34 s, remaining 12.86 s)
8900000 of 30000000 tuples (29%) done (elapsed 5.40 s, remaining 12.81 s)
9000000 of 30000000 tuples (30%) done (elapsed 5.46 s, remaining 12.74 s)
9100000 of 30000000 tuples (30%) done (elapsed 5.52 s, remaining 12.68 s)
9200000 of 30000000 tuples (30%) done (elapsed 5.58 s, remaining 12.62 s)
9300000 of 30000000 tuples (31%) done (elapsed 5.64 s, remaining 12.56 s)
9400000 of 30000000 tuples (31%) done (elapsed 5.70 s, remaining 12.50 s)
9500000 of 30000000 tuples (31%) done (elapsed 5.76 s, remaining 12.43 s)
9600000 of 30000000 tuples (32%) done (elapsed 5.82 s, remaining 12.38 s)
9700000 of 30000000 tuples (32%) done (elapsed 5.89 s, remaining 12.32 s)
9800000 of 30000000 tuples (32%) done (elapsed 5.94 s, remaining 12.25 s)
9900000 of 30000000 tuples (33%) done (elapsed 6.01 s, remaining 12.19 s)
10000000 of 30000000 tuples (33%) done (elapsed 6.07 s, remaining 12.13 s)
10100000 of 30000000 tuples (33%) done (elapsed 6.13 s, remaining 12.07 s)
10200000 of 30000000 tuples (34%) done (elapsed 6.19 s, remaining 12.01 s)
10300000 of 30000000 tuples (34%) done (elapsed 6.25 s, remaining 11.95 s)
10400000 of 30000000 tuples (34%) done (elapsed 6.31 s, remaining 11.89 s)
10500000 of 30000000 tuples (35%) done (elapsed 6.37 s, remaining 11.83 s)
10600000 of 30000000 tuples (35%) done (elapsed 6.43 s, remaining 11.77 s)
10700000 of 30000000 tuples (35%) done (elapsed 6.49 s, remaining 11.71 s)
10800000 of 30000000 tuples (36%) done (elapsed 6.55 s, remaining 11.65 s)
10900000 of 30000000 tuples (36%) done (elapsed 6.61 s, remaining 11.59 s)
11000000 of 30000000 tuples (36%) done (elapsed 6.68 s, remaining 11.53 s)
11100000 of 30000000 tuples (37%) done (elapsed 6.74 s, remaining 11.47 s)
11200000 of 30000000 tuples (37%) done (elapsed 6.80 s, remaining 11.41 s)
11300000 of 30000000 tuples (37%) done (elapsed 6.86 s, remaining 11.36 s)
11400000 of 30000000 tuples (38%) done (elapsed 6.92 s, remaining 11.29 s)
11500000 of 30000000 tuples (38%) done (elapsed 6.98 s, remaining 11.23 s)
11600000 of 30000000 tuples (38%) done (elapsed 7.04 s, remaining 11.17 s)
11700000 of 30000000 tuples (39%) done (elapsed 7.11 s, remaining 11.12 s)
11800000 of 30000000 tuples (39%) done (elapsed 7.17 s, remaining 11.05 s)
11900000 of 30000000 tuples (39%) done (elapsed 7.23 s, remaining 10.99 s)
12000000 of 30000000 tuples (40%) done (elapsed 7.29 s, remaining 10.94 s)
12100000 of 30000000 tuples (40%) done (elapsed 7.35 s, remaining 10.87 s)
12200000 of 30000000 tuples (40%) done (elapsed 7.41 s, remaining 10.81 s)
12300000 of 30000000 tuples (41%) done (elapsed 7.47 s, remaining 10.75 s)
12400000 of 30000000 tuples (41%) done (elapsed 7.53 s, remaining 10.69 s)
12500000 of 30000000 tuples (41%) done (elapsed 7.59 s, remaining 10.63 s)
12600000 of 30000000 tuples (42%) done (elapsed 7.65 s, remaining 10.57 s)
12700000 of 30000000 tuples (42%) done (elapsed 7.71 s, remaining 10.51 s)
12800000 of 30000000 tuples (42%) done (elapsed 7.78 s, remaining 10.45 s)
12900000 of 30000000 tuples (43%) done (elapsed 7.84 s, remaining 10.39 s)
13000000 of 30000000 tuples (43%) done (elapsed 7.90 s, remaining 10.33 s)
13100000 of 30000000 tuples (43%) done (elapsed 7.96 s, remaining 10.27 s)
13200000 of 30000000 tuples (44%) done (elapsed 8.02 s, remaining 10.21 s)
13300000 of 30000000 tuples (44%) done (elapsed 8.08 s, remaining 10.15 s)
13400000 of 30000000 tuples (44%) done (elapsed 8.14 s, remaining 10.08 s)
13500000 of 30000000 tuples (45%) done (elapsed 8.20 s, remaining 10.02 s)
13600000 of 30000000 tuples (45%) done (elapsed 8.26 s, remaining 9.97 s)
13700000 of 30000000 tuples (45%) done (elapsed 8.32 s, remaining 9.90 s)
13800000 of 30000000 tuples (46%) done (elapsed 8.38 s, remaining 9.84 s)
13900000 of 30000000 tuples (46%) done (elapsed 8.44 s, remaining 9.78 s)
14000000 of 30000000 tuples (46%) done (elapsed 8.51 s, remaining 9.72 s)
14100000 of 30000000 tuples (47%) done (elapsed 8.57 s, remaining 9.66 s)
14200000 of 30000000 tuples (47%) done (elapsed 8.63 s, remaining 9.60 s)
14300000 of 30000000 tuples (47%) done (elapsed 8.69 s, remaining 9.54 s)
14400000 of 30000000 tuples (48%) done (elapsed 8.75 s, remaining 9.48 s)
14500000 of 30000000 tuples (48%) done (elapsed 8.81 s, remaining 9.42 s)
14600000 of 30000000 tuples (48%) done (elapsed 8.87 s, remaining 9.36 s)
14700000 of 30000000 tuples (49%) done (elapsed 8.94 s, remaining 9.30 s)
14800000 of 30000000 tuples (49%) done (elapsed 9.00 s, remaining 9.24 s)
14900000 of 30000000 tuples (49%) done (elapsed 9.06 s, remaining 9.18 s)
15000000 of 30000000 tuples (50%) done (elapsed 9.12 s, remaining 9.12 s)
15100000 of 30000000 tuples (50%) done (elapsed 9.18 s, remaining 9.06 s)
15200000 of 30000000 tuples (50%) done (elapsed 9.24 s, remaining 9.00 s)
15300000 of 30000000 tuples (51%) done (elapsed 9.30 s, remaining 8.94 s)
15400000 of 30000000 tuples (51%) done (elapsed 9.36 s, remaining 8.88 s)
15500000 of 30000000 tuples (51%) done (elapsed 9.44 s, remaining 8.83 s)
15600000 of 30000000 tuples (52%) done (elapsed 9.50 s, remaining 8.77 s)
15700000 of 30000000 tuples (52%) done (elapsed 9.56 s, remaining 8.71 s)
15800000 of 30000000 tuples (52%) done (elapsed 9.62 s, remaining 8.65 s)
15900000 of 30000000 tuples (53%) done (elapsed 9.68 s, remaining 8.59 s)
16000000 of 30000000 tuples (53%) done (elapsed 9.74 s, remaining 8.53 s)
16100000 of 30000000 tuples (53%) done (elapsed 9.81 s, remaining 8.47 s)
16200000 of 30000000 tuples (54%) done (elapsed 9.87 s, remaining 8.41 s)
16300000 of 30000000 tuples (54%) done (elapsed 9.93 s, remaining 8.34 s)
16400000 of 30000000 tuples (54%) done (elapsed 9.99 s, remaining 8.28 s)
16500000 of 30000000 tuples (55%) done (elapsed 10.05 s, remaining 8.22 s)
16600000 of 30000000 tuples (55%) done (elapsed 10.11 s, remaining 8.16 s)
16700000 of 30000000 tuples (55%) done (elapsed 10.17 s, remaining 8.10 s)
16800000 of 30000000 tuples (56%) done (elapsed 10.23 s, remaining 8.04 s)
16900000 of 30000000 tuples (56%) done (elapsed 10.30 s, remaining 7.98 s)
17000000 of 30000000 tuples (56%) done (elapsed 10.36 s, remaining 7.92 s)
17100000 of 30000000 tuples (57%) done (elapsed 10.42 s, remaining 7.86 s)
17200000 of 30000000 tuples (57%) done (elapsed 10.48 s, remaining 7.80 s)
17300000 of 30000000 tuples (57%) done (elapsed 10.54 s, remaining 7.74 s)
17400000 of 30000000 tuples (58%) done (elapsed 10.60 s, remaining 7.68 s)
17500000 of 30000000 tuples (58%) done (elapsed 10.66 s, remaining 7.61 s)
17600000 of 30000000 tuples (58%) done (elapsed 10.72 s, remaining 7.56 s)
17700000 of 30000000 tuples (59%) done (elapsed 10.78 s, remaining 7.49 s)
17800000 of 30000000 tuples (59%) done (elapsed 10.84 s, remaining 7.43 s)
17900000 of 30000000 tuples (59%) done (elapsed 10.90 s, remaining 7.37 s)
18000000 of 30000000 tuples (60%) done (elapsed 10.97 s, remaining 7.31 s)
18100000 of 30000000 tuples (60%) done (elapsed 11.03 s, remaining 7.25 s)
18200000 of 30000000 tuples (60%) done (elapsed 11.09 s, remaining 7.19 s)
18300000 of 30000000 tuples (61%) done (elapsed 11.15 s, remaining 7.13 s)
18400000 of 30000000 tuples (61%) done (elapsed 11.21 s, remaining 7.07 s)
18500000 of 30000000 tuples (61%) done (elapsed 11.27 s, remaining 7.01 s)
18600000 of 30000000 tuples (62%) done (elapsed 11.33 s, remaining 6.95 s)
18700000 of 30000000 tuples (62%) done (elapsed 11.40 s, remaining 6.89 s)
18800000 of 30000000 tuples (62%) done (elapsed 11.46 s, remaining 6.83 s)
18900000 of 30000000 tuples (63%) done (elapsed 11.52 s, remaining 6.76 s)
19000000 of 30000000 tuples (63%) done (elapsed 11.58 s, remaining 6.70 s)
19100000 of 30000000 tuples (63%) done (elapsed 11.64 s, remaining 6.64 s)
19200000 of 30000000 tuples (64%) done (elapsed 11.70 s, remaining 6.58 s)
19300000 of 30000000 tuples (64%) done (elapsed 11.76 s, remaining 6.52 s)
19400000 of 30000000 tuples (64%) done (elapsed 11.82 s, remaining 6.46 s)
19500000 of 30000000 tuples (65%) done (elapsed 11.89 s, remaining 6.40 s)
19600000 of 30000000 tuples (65%) done (elapsed 11.95 s, remaining 6.34 s)
19700000 of 30000000 tuples (65%) done (elapsed 12.01 s, remaining 6.28 s)
19800000 of 30000000 tuples (66%) done (elapsed 12.07 s, remaining 6.22 s)
19900000 of 30000000 tuples (66%) done (elapsed 12.13 s, remaining 6.16 s)
20000000 of 30000000 tuples (66%) done (elapsed 12.19 s, remaining 6.10 s)
20100000 of 30000000 tuples (67%) done (elapsed 12.25 s, remaining 6.03 s)
20200000 of 30000000 tuples (67%) done (elapsed 12.32 s, remaining 5.97 s)
20300000 of 30000000 tuples (67%) done (elapsed 12.38 s, remaining 5.91 s)
20400000 of 30000000 tuples (68%) done (elapsed 12.44 s, remaining 5.85 s)
20500000 of 30000000 tuples (68%) done (elapsed 12.50 s, remaining 5.79 s)
20600000 of 30000000 tuples (68%) done (elapsed 12.56 s, remaining 5.73 s)
20700000 of 30000000 tuples (69%) done (elapsed 12.62 s, remaining 5.67 s)
20800000 of 30000000 tuples (69%) done (elapsed 12.68 s, remaining 5.61 s)
20900000 of 30000000 tuples (69%) done (elapsed 12.74 s, remaining 5.55 s)
21000000 of 30000000 tuples (70%) done (elapsed 12.81 s, remaining 5.49 s)
21100000 of 30000000 tuples (70%) done (elapsed 12.87 s, remaining 5.43 s)
21200000 of 30000000 tuples (70%) done (elapsed 12.93 s, remaining 5.37 s)
21300000 of 30000000 tuples (71%) done (elapsed 12.99 s, remaining 5.30 s)
21400000 of 30000000 tuples (71%) done (elapsed 13.05 s, remaining 5.24 s)
21500000 of 30000000 tuples (71%) done (elapsed 13.11 s, remaining 5.18 s)
21600000 of 30000000 tuples (72%) done (elapsed 13.17 s, remaining 5.12 s)
21700000 of 30000000 tuples (72%) done (elapsed 13.23 s, remaining 5.06 s)
21800000 of 30000000 tuples (72%) done (elapsed 13.30 s, remaining 5.00 s)
21900000 of 30000000 tuples (73%) done (elapsed 13.36 s, remaining 4.94 s)
22000000 of 30000000 tuples (73%) done (elapsed 13.42 s, remaining 4.88 s)
22100000 of 30000000 tuples (73%) done (elapsed 13.48 s, remaining 4.82 s)
22200000 of 30000000 tuples (74%) done (elapsed 13.54 s, remaining 4.76 s)
22300000 of 30000000 tuples (74%) done (elapsed 13.60 s, remaining 4.70 s)
22400000 of 30000000 tuples (74%) done (elapsed 13.66 s, remaining 4.64 s)
22500000 of 30000000 tuples (75%) done (elapsed 13.73 s, remaining 4.58 s)
22600000 of 30000000 tuples (75%) done (elapsed 13.79 s, remaining 4.51 s)
22700000 of 30000000 tuples (75%) done (elapsed 13.85 s, remaining 4.45 s)
22800000 of 30000000 tuples (76%) done (elapsed 13.91 s, remaining 4.39 s)
22900000 of 30000000 tuples (76%) done (elapsed 13.97 s, remaining 4.33 s)
23000000 of 30000000 tuples (76%) done (elapsed 14.03 s, remaining 4.27 s)
23100000 of 30000000 tuples (77%) done (elapsed 14.09 s, remaining 4.21 s)
23200000 of 30000000 tuples (77%) done (elapsed 14.15 s, remaining 4.15 s)
23300000 of 30000000 tuples (77%) done (elapsed 14.22 s, remaining 4.09 s)
23400000 of 30000000 tuples (78%) done (elapsed 14.28 s, remaining 4.03 s)
23500000 of 30000000 tuples (78%) done (elapsed 14.34 s, remaining 3.97 s)
23600000 of 30000000 tuples (78%) done (elapsed 14.45 s, remaining 3.92 s)
23700000 of 30000000 tuples (79%) done (elapsed 14.51 s, remaining 3.86 s)
23800000 of 30000000 tuples (79%) done (elapsed 14.57 s, remaining 3.80 s)
23900000 of 30000000 tuples (79%) done (elapsed 14.64 s, remaining 3.74 s)
24000000 of 30000000 tuples (80%) done (elapsed 14.91 s, remaining 3.73 s)
24100000 of 30000000 tuples (80%) done (elapsed 15.03 s, remaining 3.68 s)
24200000 of 30000000 tuples (80%) done (elapsed 15.12 s, remaining 3.62 s)
24300000 of 30000000 tuples (81%) done (elapsed 15.19 s, remaining 3.56 s)
24400000 of 30000000 tuples (81%) done (elapsed 15.28 s, remaining 3.51 s)
24500000 of 30000000 tuples (81%) done (elapsed 15.35 s, remaining 3.45 s)
24600000 of 30000000 tuples (82%) done (elapsed 15.43 s, remaining 3.39 s)
24700000 of 30000000 tuples (82%) done (elapsed 15.51 s, remaining 3.33 s)
24800000 of 30000000 tuples (82%) done (elapsed 15.59 s, remaining 3.27 s)
24900000 of 30000000 tuples (83%) done (elapsed 15.67 s, remaining 3.21 s)
25000000 of 30000000 tuples (83%) done (elapsed 15.75 s, remaining 3.15 s)
25100000 of 30000000 tuples (83%) done (elapsed 15.83 s, remaining 3.09 s)
25200000 of 30000000 tuples (84%) done (elapsed 15.91 s, remaining 3.03 s)
25300000 of 30000000 tuples (84%) done (elapsed 15.98 s, remaining 2.97 s)
25400000 of 30000000 tuples (84%) done (elapsed 16.07 s, remaining 2.91 s)
25500000 of 30000000 tuples (85%) done (elapsed 16.14 s, remaining 2.85 s)
25600000 of 30000000 tuples (85%) done (elapsed 16.22 s, remaining 2.79 s)
25700000 of 30000000 tuples (85%) done (elapsed 16.30 s, remaining 2.73 s)
25800000 of 30000000 tuples (86%) done (elapsed 16.38 s, remaining 2.67 s)
25900000 of 30000000 tuples (86%) done (elapsed 16.46 s, remaining 2.61 s)
26000000 of 30000000 tuples (86%) done (elapsed 16.53 s, remaining 2.54 s)
26100000 of 30000000 tuples (87%) done (elapsed 16.62 s, remaining 2.48 s)
26200000 of 30000000 tuples (87%) done (elapsed 16.70 s, remaining 2.42 s)
26300000 of 30000000 tuples (87%) done (elapsed 16.77 s, remaining 2.36 s)
26400000 of 30000000 tuples (88%) done (elapsed 16.85 s, remaining 2.30 s)
26500000 of 30000000 tuples (88%) done (elapsed 16.93 s, remaining 2.24 s)
26600000 of 30000000 tuples (88%) done (elapsed 17.01 s, remaining 2.17 s)
26700000 of 30000000 tuples (89%) done (elapsed 17.09 s, remaining 2.11 s)
26800000 of 30000000 tuples (89%) done (elapsed 17.17 s, remaining 2.05 s)
26900000 of 30000000 tuples (89%) done (elapsed 17.25 s, remaining 1.99 s)
27000000 of 30000000 tuples (90%) done (elapsed 17.33 s, remaining 1.93 s)
27100000 of 30000000 tuples (90%) done (elapsed 17.41 s, remaining 1.86 s)
27200000 of 30000000 tuples (90%) done (elapsed 17.49 s, remaining 1.80 s)
27300000 of 30000000 tuples (91%) done (elapsed 17.56 s, remaining 1.74 s)
27400000 of 30000000 tuples (91%) done (elapsed 17.64 s, remaining 1.67 s)
27500000 of 30000000 tuples (91%) done (elapsed 17.72 s, remaining 1.61 s)
27600000 of 30000000 tuples (92%) done (elapsed 17.80 s, remaining 1.55 s)
27700000 of 30000000 tuples (92%) done (elapsed 17.88 s, remaining 1.48 s)
27800000 of 30000000 tuples (92%) done (elapsed 17.96 s, remaining 1.42 s)
27900000 of 30000000 tuples (93%) done (elapsed 18.02 s, remaining 1.36 s)
28000000 of 30000000 tuples (93%) done (elapsed 18.08 s, remaining 1.29 s)
28100000 of 30000000 tuples (93%) done (elapsed 18.15 s, remaining 1.23 s)
28200000 of 30000000 tuples (94%) done (elapsed 18.21 s, remaining 1.16 s)
28300000 of 30000000 tuples (94%) done (elapsed 18.27 s, remaining 1.10 s)
28400000 of 30000000 tuples (94%) done (elapsed 18.34 s, remaining 1.03 s)
28500000 of 30000000 tuples (95%) done (elapsed 18.40 s, remaining 0.97 s)
28600000 of 30000000 tuples (95%) done (elapsed 18.46 s, remaining 0.90 s)
28700000 of 30000000 tuples (95%) done (elapsed 18.52 s, remaining 0.84 s)
28800000 of 30000000 tuples (96%) done (elapsed 18.59 s, remaining 0.77 s)
28900000 of 30000000 tuples (96%) done (elapsed 18.65 s, remaining 0.71 s)
29000000 of 30000000 tuples (96%) done (elapsed 18.72 s, remaining 0.65 s)
29100000 of 30000000 tuples (97%) done (elapsed 18.78 s, remaining 0.58 s)
29200000 of 30000000 tuples (97%) done (elapsed 18.84 s, remaining 0.52 s)
29300000 of 30000000 tuples (97%) done (elapsed 18.90 s, remaining 0.45 s)
29400000 of 30000000 tuples (98%) done (elapsed 18.96 s, remaining 0.39 s)
29500000 of 30000000 tuples (98%) done (elapsed 19.03 s, remaining 0.32 s)
29600000 of 30000000 tuples (98%) done (elapsed 19.09 s, remaining 0.26 s)
29700000 of 30000000 tuples (99%) done (elapsed 19.15 s, remaining 0.19 s)
29800000 of 30000000 tuples (99%) done (elapsed 19.21 s, remaining 0.13 s)
29900000 of 30000000 tuples (99%) done (elapsed 19.27 s, remaining 0.06 s)
30000000 of 30000000 tuples (100%) done (elapsed 19.49 s, remaining 0.00 s)
vacuum...
set primary keys...
NOTICE:  ALTER TABLE / ADD PRIMARY KEY will create implicit index "pgbench_branches_pkey" for table "pgbench_branches"
NOTICE:  ALTER TABLE / ADD PRIMARY KEY will create implicit index "pgbench_tellers_pkey" for table "pgbench_tellers"
NOTICE:  ALTER TABLE / ADD PRIMARY KEY will create implicit index "pgbench_accounts_pkey" for table "pgbench_accounts"
done.
starting vacuum...end.
transaction type: <builtin: TPC-B (sort of)>
scaling factor: 300
query mode: simple
number of clients: 32
number of threads: 4
duration: 60 s
number of transactions actually processed: 8801
latency average: 218.157 ms
tps = 143.968225 (including connections establishing)
tps = 143.973140 (excluding connections establishing)
script statistics:
 - statement latencies in milliseconds:
         0.002  \set aid random(1, 100000 * :scale)
         0.001  \set bid random(1, 1 * :scale)
         0.001  \set tid random(1, 10 * :scale)
         0.001  \set delta random(-5000, 5000)
         0.335  BEGIN;
         0.871  UPDATE pgbench_accounts SET abalance = abalance + :delta WHERE aid = :aid;
         0.373  SELECT abalance FROM pgbench_accounts WHERE aid = :aid;
         1.809  UPDATE pgbench_tellers SET tbalance = tbalance + :delta WHERE tid = :tid;
        11.571  UPDATE pgbench_branches SET bbalance = bbalance + :delta WHERE bid = :bid;
         0.331  INSERT INTO pgbench_history (tid, bid, aid, delta, mtime) VALUES (:tid, :bid, :aid, :delta, CURRENT_TIMESTAMP);
       205.439  END;
starting vacuum...end.
transaction type: <builtin: TPC-B (sort of)>
scaling factor: 300
query mode: simple
number of clients: 32
number of threads: 4
duration: 60 s
number of transactions actually processed: 7404
latency average: 259.319 ms
tps = 123.069767 (including connections establishing)
tps = 123.073832 (excluding connections establishing)
script statistics:
 - statement latencies in milliseconds:
         0.002  \set aid random(1, 100000 * :scale)
         0.001  \set bid random(1, 1 * :scale)
         0.001  \set tid random(1, 10 * :scale)
         0.001  \set delta random(-5000, 5000)
         0.161  BEGIN;
       112.511  UPDATE pgbench_accounts SET abalance = abalance + :delta WHERE aid = :aid;
         0.159  SELECT abalance FROM pgbench_accounts WHERE aid = :aid;
         0.884  UPDATE pgbench_tellers SET tbalance = tbalance + :delta WHERE tid = :tid;
         5.320  UPDATE pgbench_branches SET bbalance = bbalance + :delta WHERE bid = :bid;
         0.408  INSERT INTO pgbench_history (tid, bid, aid, delta, mtime) VALUES (:tid, :bid, :aid, :delta, CURRENT_TIMESTAMP);
       140.540  END;
starting vacuum...end.
transaction type: <builtin: TPC-B (sort of)>
scaling factor: 300
query mode: simple
number of clients: 32
number of threads: 4
duration: 60 s
number of transactions actually processed: 7898
latency average: 243.100 ms
tps = 131.165181 (including connections establishing)
tps = 131.169056 (excluding connections establishing)
script statistics:
 - statement latencies in milliseconds:
         0.002  \set aid random(1, 100000 * :scale)
         0.001  \set bid random(1, 1 * :scale)
         0.001  \set tid random(1, 10 * :scale)
         0.001  \set delta random(-5000, 5000)
         0.157  BEGIN;
        99.952  UPDATE pgbench_accounts SET abalance = abalance + :delta WHERE aid = :aid;
         0.157  SELECT abalance FROM pgbench_accounts WHERE aid = :aid;
         0.645  UPDATE pgbench_tellers SET tbalance = tbalance + :delta WHERE tid = :tid;
         4.975  UPDATE pgbench_branches SET bbalance = bbalance + :delta WHERE bid = :bid;
         0.130  INSERT INTO pgbench_history (tid, bid, aid, delta, mtime) VALUES (:tid, :bid, :aid, :delta, CURRENT_TIMESTAMP);
       138.157  END;
starting vacuum...end.
transaction type: <builtin: TPC-B (sort of)>
scaling factor: 300
query mode: simple
number of clients: 32
number of threads: 4
duration: 60 s
number of transactions actually processed: 8055
latency average: 238.361 ms
tps = 133.758726 (including connections establishing)
tps = 133.762891 (excluding connections establishing)
script statistics:
 - statement latencies in milliseconds:
         0.002  \set aid random(1, 100000 * :scale)
         0.001  \set bid random(1, 1 * :scale)
         0.001  \set tid random(1, 10 * :scale)
         0.001  \set delta random(-5000, 5000)
         0.160  BEGIN;
        94.036  UPDATE pgbench_accounts SET abalance = abalance + :delta WHERE aid = :aid;
         0.158  SELECT abalance FROM pgbench_accounts WHERE aid = :aid;
         0.658  UPDATE pgbench_tellers SET tbalance = tbalance + :delta WHERE tid = :tid;
         5.274  UPDATE pgbench_branches SET bbalance = bbalance + :delta WHERE bid = :bid;
         0.131  INSERT INTO pgbench_history (tid, bid, aid, delta, mtime) VALUES (:tid, :bid, :aid, :delta, CURRENT_TIMESTAMP);
       138.936  END;
starting vacuum...end.
transaction type: <builtin: TPC-B (sort of)>
scaling factor: 300
query mode: simple
number of clients: 32
number of threads: 4
duration: 900 s
number of transactions actually processed: 67347
latency average: 427.636 ms
tps = 74.784222 (including connections establishing)
tps = 74.784380 (excluding connections establishing)
script statistics:
 - statement latencies in milliseconds:
         0.002  \set aid random(1, 100000 * :scale)
         0.001  \set bid random(1, 1 * :scale)
         0.001  \set tid random(1, 10 * :scale)
         0.001  \set delta random(-5000, 5000)
         0.165  BEGIN;
       134.897  UPDATE pgbench_accounts SET abalance = abalance + :delta WHERE aid = :aid;
         0.158  SELECT abalance FROM pgbench_accounts WHERE aid = :aid;
         1.430  UPDATE pgbench_tellers SET tbalance = tbalance + :delta WHERE tid = :tid;
        11.196  UPDATE pgbench_branches SET bbalance = bbalance + :delta WHERE bid = :bid;
         0.174  INSERT INTO pgbench_history (tid, bid, aid, delta, mtime) VALUES (:tid, :bid, :aid, :delta, CURRENT_TIMESTAMP);
       280.381  END;
========================================================================
Testing 2012-05-17-REL9_2_0~309
Start Time: 2016-07-31 04:18:18+00:00
Linux 3.16.0-4-amd64 (Debian-83-jessie-64-minimal) 	31.07.16 	_x86_64_	(8 CPU)

starting vacuum...end.
transaction type: <builtin: TPC-B (sort of)>
scaling factor: 300
query mode: simple
number of clients: 32
number of threads: 4
duration: 900 s
number of transactions actually processed: 88650
latency average: 324.873 ms
tps = 98.483012 (including connections establishing)
tps = 98.483238 (excluding connections establishing)
script statistics:
 - statement latencies in milliseconds:
         0.002  \set aid random(1, 100000 * :scale)
         0.001  \set bid random(1, 1 * :scale)
         0.001  \set tid random(1, 10 * :scale)
         0.001  \set delta random(-5000, 5000)
         0.210  BEGIN;
        46.589  UPDATE pgbench_accounts SET abalance = abalance + :delta WHERE aid = :aid;
         0.179  SELECT abalance FROM pgbench_accounts WHERE aid = :aid;
         1.678  UPDATE pgbench_tellers SET tbalance = tbalance + :delta WHERE tid = :tid;
        12.539  UPDATE pgbench_branches SET bbalance = bbalance + :delta WHERE bid = :bid;
         0.170  INSERT INTO pgbench_history (tid, bid, aid, delta, mtime) VALUES (:tid, :bid, :aid, :delta, CURRENT_TIMESTAMP);
       264.167  END;
avg-cpu:  %user   %nice %system %iowait  %steal   %idle
           1,06    0,00    0,37   36,82    0,00   61,75

Device:         rrqm/s   wrqm/s     r/s     w/s    rkB/s    wkB/s avgrq-sz avgqu-sz   await r_await w_await  svctm  %util
sdb               0,00     2,19   26,30  153,82   274,82  2704,38    33,08    89,65  497,49   85,21  567,98   4,56  82,19
sda               0,01     2,19   39,47  153,76   420,33  2703,78    32,34    62,33  322,12   69,31  387,01   4,20  81,11
md0               0,00     0,00    0,10    0,00     0,40     0,00     8,00     0,00    0,00    0,00    0,00   0,00   0,00
md1               0,00     0,00    0,00    0,00     0,00     0,00     0,00     0,00    0,00    0,00    0,00   0,00   0,00
md2               0,00     0,00   65,68  155,59   694,74  2704,74    30,73     0,00    0,00    0,00    0,00   0,00   0,00
md3               0,00     0,00    0,00    0,01     0,00     0,04     8,00     0,00    0,00    0,00    0,00   0,00   0,00

End Time: 2016-07-31 04:33:48+00:00
========================================================================
========================================================================
Testing 2012-05-17-REL9_2_0~309
Start Time: 2016-08-07 05:05:51+00:00
Shared Buffers:  260000
Linux 3.16.0-4-amd64 (Debian-83-jessie-64-minimal) 	07.08.16 	_x86_64_	(8 CPU)

starting vacuum...end.
transaction type: <builtin: TPC-B (sort of)>
scaling factor: 300
query mode: simple
number of clients: 32
number of threads: 4
duration: 900 s
number of transactions actually processed: 188793
latency average: 152.548 ms
tps = 209.686887 (including connections establishing)
tps = 209.687324 (excluding connections establishing)
script statistics:
 - statement latencies in milliseconds:
         0.002  \set aid random(1, 100000 * :scale)
         0.001  \set bid random(1, 1 * :scale)
         0.001  \set tid random(1, 10 * :scale)
         0.001  \set delta random(-5000, 5000)
         0.223  BEGIN;
         9.109  UPDATE pgbench_accounts SET abalance = abalance + :delta WHERE aid = :aid;
         0.257  SELECT abalance FROM pgbench_accounts WHERE aid = :aid;
         0.995  UPDATE pgbench_tellers SET tbalance = tbalance + :delta WHERE tid = :tid;
         7.166  UPDATE pgbench_branches SET bbalance = bbalance + :delta WHERE bid = :bid;
         0.174  INSERT INTO pgbench_history (tid, bid, aid, delta, mtime) VALUES (:tid, :bid, :aid, :delta, CURRENT_TIMESTAMP);
       135.186  END;
avg-cpu:  %user   %nice %system %iowait  %steal   %idle
           2,14    0,00    0,66   19,06    0,00   78,15

Device:         rrqm/s   wrqm/s     r/s     w/s    rkB/s    wkB/s avgrq-sz avgqu-sz   await r_await w_await  svctm  %util
sdb               0,00     2,09   16,44  232,18   200,14  4822,05    40,40    62,27  250,34   45,42  264,84   2,87  71,30
sda               0,01     2,08   48,48  232,25   588,80  4822,55    38,55    50,40  179,51   39,78  208,67   3,17  88,98
md0               0,00     0,00    0,05    0,00     0,22     0,00     8,00     0,00    0,00    0,00    0,00   0,00   0,00
md1               0,00     0,00    0,00    0,00     0,00     0,00     0,00     0,00    0,00    0,00    0,00   0,00   0,00
md2               0,00     0,00   64,87  233,71   788,72  4821,64    37,58     0,00    0,00    0,00    0,00   0,00   0,00
md3               0,00     0,00    0,00    0,01     0,00     0,04     8,00     0,00    0,00    0,00    0,00   0,00   0,00

Control File Changes
--- /usr/local/oldpgsql/2012-05-17-REL9_2_0~309/before.controldata	2016-08-07 07:05:51.926785886 +0200
+++ /usr/local/oldpgsql/2012-05-17-REL9_2_0~309/after.controldata	2016-08-07 07:22:52.572355350 +0200
@@ -2,20 +2,20 @@
 Catalog version number:               201204301
 Database system identifier:           6255486741274162286
 Database cluster state:               in production
-pg_control last modified:             нд, 07-сер-2016 07:05:51 +0200
-Latest checkpoint location:           1/1FC267F0
-Prior checkpoint location:            1/1FC26790
-Latest checkpoint's REDO location:    1/1FC267F0
+pg_control last modified:             нд, 07-сер-2016 07:22:52 +0200
+Latest checkpoint location:           1/A790F978
+Prior checkpoint location:            1/A790F918
+Latest checkpoint's REDO location:    1/A790F978
 Latest checkpoint's TimeLineID:       1
 Latest checkpoint's full_page_writes: on
-Latest checkpoint's NextXID:          0/215016
-Latest checkpoint's NextOID:          16465
+Latest checkpoint's NextXID:          0/403854
+Latest checkpoint's NextOID:          24657
 Latest checkpoint's NextMultiXactId:  1
 Latest checkpoint's NextMultiOffset:  0
 Latest checkpoint's oldestXID:        698
 Latest checkpoint's oldestXID's DB:   1
 Latest checkpoint's oldestActiveXID:  0
-Time of latest checkpoint:            нд, 07-сер-2016 07:05:45 +0200
+Time of latest checkpoint:            нд, 07-сер-2016 07:22:06 +0200
 Minimum recovery ending location:     0/0
 Backup start location:                0/0
 Backup end location:                  0/0
End Time: 2016-08-07 05:22:52+00:00
========================================================================
========================================================================
Testing 2012-05-17-REL9_2_0~309
Start Time: 2016-08-09 00:25:15+00:00
Shared Buffers:  260000
size before pgbench of pgbench_history: 24
size before pgbench of pgbench_tellers: 8
size before pgbench of pgbench_branches: 8
size before pgbench of pgbench_accounts: 64
size before pgbench of pgbench_branches_pkey: 32
size before pgbench of pgbench_tellers_pkey: 152
size before pgbench of pgbench_accounts_pkey: 658092
total size before pgbench: 658380
Linux 3.16.0-4-amd64 (Debian-83-jessie-64-minimal) 	09.08.16 	_x86_64_	(8 CPU)

starting vacuum...end.
transaction type: <builtin: select only>
scaling factor: 300
query mode: simple
number of clients: 32
number of threads: 4
duration: 60 s
number of transactions actually processed: 3472342
latency average: 0.553 ms
tps = 57841.391637 (including connections establishing)
tps = 57843.195199 (excluding connections establishing)
script statistics:
 - statement latencies in milliseconds:
         0.001  \set aid random(1, 100000 * :scale)
         0.555  SELECT abalance FROM pgbench_accounts WHERE aid = :aid;
avg-cpu:  %user   %nice %system %iowait  %steal   %idle
          33,04    0,00    7,40   19,77    0,00   39,78

Device:         rrqm/s   wrqm/s     r/s     w/s    rkB/s    wkB/s avgrq-sz avgqu-sz   await r_await w_await  svctm  %util
sdb               0,18     1,22  104,66    2,24  1139,20    14,46    21,58    10,74  100,46   93,79  411,39   3,49  37,32
sda               0,01     1,22  103,97    2,24  1146,76    14,46    21,87    11,06  104,09  101,45  226,69   3,74  39,71
md0               0,00     0,00    0,28    0,00     1,11     0,00     8,00     0,00    0,00    0,00    0,00   0,00   0,00
md1               0,00     0,00    0,00    0,00     0,00     0,00     0,00     0,00    0,00    0,00    0,00   0,00   0,00
md2               0,00     0,00  208,54    2,11  2284,58    11,38    21,80     0,00    0,00    0,00    0,00   0,00   0,00
md3               0,00     0,00    0,00    0,10     0,00     0,40     8,00     0,00    0,00    0,00    0,00   0,00   0,00

Control File Changes
--- /usr/local/oldpgsql/2012-05-17-REL9_2_0~309/before.controldata	2016-08-09 02:27:56.127020947 +0200
+++ /usr/local/oldpgsql/2012-05-17-REL9_2_0~309/after.controldata	2016-08-09 02:29:26.619093706 +0200
@@ -5,4 +5,4 @@
-pg_control last modified:             Tue Aug  9 00:27:55 2016
-Latest checkpoint location:           1/F2E41608
-Prior checkpoint location:            1/F2E415A8
-Latest checkpoint's REDO location:    1/F2E41608
+pg_control last modified:             Tue Aug  9 00:29:26 2016
+Latest checkpoint location:           1/F2E42B60
+Prior checkpoint location:            1/F2E41608
+Latest checkpoint's REDO location:    1/F2E42B60
@@ -11,2 +11,2 @@
-Latest checkpoint's NextXID:          0/403854
-Latest checkpoint's NextOID:          16466
+Latest checkpoint's NextXID:          0/403855
+Latest checkpoint's NextOID:          24658
@@ -18 +18 @@
-Time of latest checkpoint:            Tue Aug  9 00:27:55 2016
+Time of latest checkpoint:            Tue Aug  9 00:29:26 2016
size after pgbench of pgbench_history: 0
size after pgbench of pgbench_tellers: 8
size after pgbench of pgbench_branches: 8
size after pgbench of pgbench_accounts: 64
size after pgbench of pgbench_branches_pkey: 32
size after pgbench of pgbench_tellers_pkey: 152
size after pgbench of pgbench_accounts_pkey: 658092
total size after pgbench: 658356
End Time: 2016-08-09 00:29:26+00:00
========================================================================
========================================================================
Testing 2012-05-17-REL9_2_0~309
Start Time: 2016-08-09 14:36:58+00:00
Shared Buffers:  260000
size before pgbench of pgbench_history: 0
size before pgbench of pgbench_tellers: 8
size before pgbench of pgbench_branches: 8
size before pgbench of pgbench_accounts: 64
size before pgbench of pgbench_branches_pkey: 32
size before pgbench of pgbench_tellers_pkey: 152
size before pgbench of pgbench_accounts_pkey: 658092
total size before pgbench: 658356
Linux 3.16.0-4-amd64 (Debian-83-jessie-64-minimal) 	09.08.16 	_x86_64_	(8 CPU)

starting vacuum...end.
transaction type: <builtin: select only>
scaling factor: 300
query mode: simple
number of clients: 32
number of threads: 4
duration: 60 s
number of transactions actually processed: 3548983
latency average: 0.541 ms
tps = 59127.782230 (including connections establishing)
tps = 59129.994935 (excluding connections establishing)
script statistics:
 - statement latencies in milliseconds:
         0.001  \set aid random(1, 100000 * :scale)
         0.544  SELECT abalance FROM pgbench_accounts WHERE aid = :aid;
avg-cpu:  %user   %nice %system %iowait  %steal   %idle
          33,56    0,00    7,60   18,74    0,00   40,10

Device:         rrqm/s   wrqm/s     r/s     w/s    rkB/s    wkB/s avgrq-sz avgqu-sz   await r_await w_await  svctm  %util
sdb               0,00     0,87   99,94    2,01  1090,40    12,69    21,64     9,34   91,62   89,83  180,95   3,52  35,92
sda               0,00     0,87  105,07    2,01  1143,20    12,69    21,59    12,40  115,82  111,20  357,24   3,47  37,19
md0               0,00     0,00    0,00    0,00     0,00     0,00     0,00     0,00    0,00    0,00    0,00   0,00   0,00
md1               0,00     0,00    0,00    0,00     0,00     0,00     0,00     0,00    0,00    0,00    0,00   0,00   0,00
md2               0,00     0,00  205,02    1,49  2233,33     9,56    21,72     0,00    0,00    0,00    0,00   0,00   0,00
md3               0,00     0,00    0,00    0,10     0,00     0,40     8,00     0,00    0,00    0,00    0,00   0,00   0,00

Control File Changes
--- /usr/local/oldpgsql/2012-05-17-REL9_2_0~309/before.controldata	2016-08-09 16:38:10.430498533 +0200
+++ /usr/local/oldpgsql/2012-05-17-REL9_2_0~309/after.controldata	2016-08-09 16:39:40.790676512 +0200
@@ -5,4 +5,4 @@
-pg_control last modified:             Tue Aug  9 14:38:10 2016
-Latest checkpoint location:           1/F2E42C20
-Prior checkpoint location:            1/F2E42BC0
-Latest checkpoint's REDO location:    1/F2E42C20
+pg_control last modified:             Tue Aug  9 14:39:40 2016
+Latest checkpoint location:           1/F2E44220
+Prior checkpoint location:            1/F2E42C20
+Latest checkpoint's REDO location:    1/F2E44220
@@ -11,2 +11,2 @@
-Latest checkpoint's NextXID:          0/403855
-Latest checkpoint's NextOID:          16467
+Latest checkpoint's NextXID:          0/403856
+Latest checkpoint's NextOID:          24659
@@ -18 +18 @@
-Time of latest checkpoint:            Tue Aug  9 14:38:10 2016
+Time of latest checkpoint:            Tue Aug  9 14:39:40 2016
size after pgbench of pgbench_tellers: 8
size after pgbench of pgbench_branches: 8
size after pgbench of pgbench_accounts: 64
size after pgbench of pgbench_branches_pkey: 32
size after pgbench of pgbench_tellers_pkey: 152
size after pgbench of pgbench_accounts_pkey: 658092
size after pgbench of pgbench_history: 0
total size after pgbench: 658356
End Time: 2016-08-09 14:39:40+00:00
========================================================================
========================================================================
Testing 2012-05-17-REL9_2_0~309
Start Time: 2016-08-10 12:40:13+00:00
Shared Buffers:  260000
size before pgbench of pgbench_tellers: 8
size before pgbench of pgbench_branches: 8
size before pgbench of pgbench_accounts: 64
size before pgbench of pgbench_branches_pkey: 32
size before pgbench of pgbench_tellers_pkey: 152
size before pgbench of pgbench_accounts_pkey: 658092
size before pgbench of pgbench_history: 0
total size before pgbench: 658356
starting vacuum...Linux 3.16.0-4-amd64 (Debian-83-jessie-64-minimal) 	10.08.16 	_x86_64_	(8 CPU)

end.
transaction type: <builtin: select only>
scaling factor: 300
query mode: simple
number of clients: 32
number of threads: 4
duration: 60 s
number of transactions actually processed: 3663583
latency average: 0.524 ms
tps = 61044.789181 (including connections establishing)
tps = 61046.892463 (excluding connections establishing)
script statistics:
 - statement latencies in milliseconds:
         0.001  \set aid random(1, 100000 * :scale)
         0.527  SELECT abalance FROM pgbench_accounts WHERE aid = :aid;
avg-cpu:  %user   %nice %system %iowait  %steal   %idle
          34,72    0,00    7,80   18,14    0,00   39,34

Device:         rrqm/s   wrqm/s     r/s     w/s    rkB/s    wkB/s avgrq-sz avgqu-sz   await r_await w_await  svctm  %util
sdb               0,03     0,81   99,51    2,16  1094,76    12,94    21,79     9,33   91,76   87,69  279,90   3,41  34,66
sda               0,12     0,81  104,17    2,16  1139,47    12,94    21,68    12,09  113,75  101,44  708,70   3,37  35,88
md0               0,00     0,00    0,32    0,00     1,29     0,00     8,00     0,00    0,00    0,00    0,00   0,00   0,00
md1               0,00     0,00    0,00    0,00     0,00     0,00     0,00     0,00    0,00    0,00    0,00   0,00   0,00
md2               0,00     0,00  203,60    1,57  2232,93     9,47    21,86     0,00    0,00    0,00    0,00   0,00   0,00
md3               0,00     0,00    0,00    0,11     0,00     0,44     8,00     0,00    0,00    0,00    0,00   0,00   0,00

Control File Changes
--- /usr/local/oldpgsql/2012-05-17-REL9_2_0~309/before.controldata	2016-08-10 14:41:25.083436974 +0200
+++ /usr/local/oldpgsql/2012-05-17-REL9_2_0~309/after.controldata	2016-08-10 14:42:55.356534570 +0200
@@ -5,4 +5,4 @@
-pg_control last modified:             Wed Aug 10 12:41:24 2016
-Latest checkpoint location:           1/F2E442E0
-Prior checkpoint location:            1/F2E44280
-Latest checkpoint's REDO location:    1/F2E442E0
+pg_control last modified:             Wed Aug 10 12:42:55 2016
+Latest checkpoint location:           1/F2E45970
+Prior checkpoint location:            1/F2E442E0
+Latest checkpoint's REDO location:    1/F2E45970
@@ -11,2 +11,2 @@
-Latest checkpoint's NextXID:          0/403856
-Latest checkpoint's NextOID:          16468
+Latest checkpoint's NextXID:          0/403857
+Latest checkpoint's NextOID:          24660
@@ -18 +18 @@
-Time of latest checkpoint:            Wed Aug 10 12:41:24 2016
+Time of latest checkpoint:            Wed Aug 10 12:42:55 2016
size after pgbench of pgbench_tellers: 8
size after pgbench of pgbench_branches: 8
size after pgbench of pgbench_accounts: 64
size after pgbench of pgbench_branches_pkey: 32
size after pgbench of pgbench_tellers_pkey: 152
size after pgbench of pgbench_accounts_pkey: 658092
size after pgbench of pgbench_history: 0
total size after pgbench: 658356
End Time: 2016-08-10 12:42:55+00:00
========================================================================
========================================================================
Testing 2012-05-17-REL9_2_0~309
Start Time: 2016-08-11 01:08:17+00:00
Shared Buffers:  260000
size before pgbench of pgbench_tellers: 8
size before pgbench of pgbench_branches: 8
size before pgbench of pgbench_accounts: 64
size before pgbench of pgbench_branches_pkey: 32
size before pgbench of pgbench_tellers_pkey: 152
size before pgbench of pgbench_accounts_pkey: 658092
size before pgbench of pgbench_history: 0
total size before pgbench: 658356
Linux 3.16.0-4-amd64 (Debian-83-jessie-64-minimal) 	11.08.16 	_x86_64_	(8 CPU)

starting vacuum...end.
transaction type: <builtin: select only>
scaling factor: 300
query mode: simple
number of clients: 32
number of threads: 4
duration: 60 s
number of transactions actually processed: 3549331
latency average: 0.541 ms
tps = 59138.704519 (including connections establishing)
tps = 59140.821466 (excluding connections establishing)
script statistics:
 - statement latencies in milliseconds:
         0.001  \set aid random(1, 100000 * :scale)
         0.545  SELECT abalance FROM pgbench_accounts WHERE aid = :aid;
avg-cpu:  %user   %nice %system %iowait  %steal   %idle
          33,67    0,00    7,68   18,32    0,00   40,32

Device:         rrqm/s   wrqm/s     r/s     w/s    rkB/s    wkB/s avgrq-sz avgqu-sz   await r_await w_await  svctm  %util
sdb               0,18     0,81  100,90    2,09  1101,38    12,66    21,63     9,58   93,05   93,68   62,57   3,52  36,28
sda               0,73     0,81  103,29    2,09  1136,40    12,66    21,81    10,79  102,43  103,85   32,30   3,54  37,28
md0               0,00     0,00    1,21    0,00     4,84     0,00     8,00     0,00    0,00    0,00    0,00   0,00   0,00
md1               0,00     0,00    0,00    0,00     0,00     0,00     0,00     0,00    0,00    0,00    0,00   0,00   0,00
md2               0,00     0,00  203,92    1,46  2232,93     9,42    21,84     0,00    0,00    0,00    0,00   0,00   0,00
md3               0,00     0,00    0,00    0,10     0,00     0,40     8,00     0,00    0,00    0,00    0,00   0,00   0,00

Control File Changes
--- /usr/local/oldpgsql/2012-05-17-REL9_2_0~309/before.controldata	2016-08-11 03:09:30.014505198 +0200
+++ /usr/local/oldpgsql/2012-05-17-REL9_2_0~309/after.controldata	2016-08-11 03:11:00.354685497 +0200
@@ -5,4 +5,4 @@
-pg_control last modified:             Thu Aug 11 01:09:29 2016
-Latest checkpoint location:           1/F2E45A30
-Prior checkpoint location:            1/F2E459D0
-Latest checkpoint's REDO location:    1/F2E45A30
+pg_control last modified:             Thu Aug 11 01:11:00 2016
+Latest checkpoint location:           1/F2E47180
+Prior checkpoint location:            1/F2E45A30
+Latest checkpoint's REDO location:    1/F2E47180
@@ -11,2 +11,2 @@
-Latest checkpoint's NextXID:          0/403857
-Latest checkpoint's NextOID:          16469
+Latest checkpoint's NextXID:          0/403858
+Latest checkpoint's NextOID:          24661
@@ -18 +18 @@
-Time of latest checkpoint:            Thu Aug 11 01:09:29 2016
+Time of latest checkpoint:            Thu Aug 11 01:11:00 2016
size after pgbench of pgbench_tellers: 8
size after pgbench of pgbench_branches: 8
size after pgbench of pgbench_accounts: 64
size after pgbench of pgbench_branches_pkey: 32
size after pgbench of pgbench_tellers_pkey: 152
size after pgbench of pgbench_accounts_pkey: 658092
size after pgbench of pgbench_history: 0
total size after pgbench: 658356
End Time: 2016-08-11 01:11:00+00:00
========================================================================
========================================================================
Testing 2012-05-17-REL9_2_0~309
Start Time: 2016-08-11 20:29:31+00:00
Shared Buffers:  260000
size before pgbench of pgbench_tellers: 8
size before pgbench of pgbench_branches: 8
size before pgbench of pgbench_accounts: 64
size before pgbench of pgbench_branches_pkey: 32
size before pgbench of pgbench_tellers_pkey: 152
size before pgbench of pgbench_accounts_pkey: 658092
size before pgbench of pgbench_history: 0
total size before pgbench: 658356
Linux 3.16.0-4-amd64 (Debian-83-jessie-64-minimal) 	11.08.16 	_x86_64_	(8 CPU)

starting vacuum...end.
transaction type: <builtin: select only>
scaling factor: 300
query mode: simple
number of clients: 32
number of threads: 4
duration: 60 s
number of transactions actually processed: 3549374
latency average: 0.541 ms
tps = 59150.050181 (including connections establishing)
tps = 59152.133752 (excluding connections establishing)
script statistics:
 - statement latencies in milliseconds:
         0.001  \set aid random(1, 100000 * :scale)
         0.544  SELECT abalance FROM pgbench_accounts WHERE aid = :aid;
avg-cpu:  %user   %nice %system %iowait  %steal   %idle
          33,67    0,00    7,56   18,92    0,00   39,84

Device:         rrqm/s   wrqm/s     r/s     w/s    rkB/s    wkB/s avgrq-sz avgqu-sz   await r_await w_await  svctm  %util
sdb               0,04     0,86   98,23    2,11  1066,76    12,92    21,52     8,18   81,50   81,77   68,99   3,60  36,10
sda               0,08     0,86  105,12    2,11  1167,42    12,92    22,01    12,85  119,82  121,07   57,96   3,49  37,37
md0               0,00     0,00    0,24    0,00     0,98     0,00     8,00     0,00    0,00    0,00    0,00   0,00   0,00
md1               0,00     0,00    0,00    0,00     0,00     0,00     0,00     0,00    0,00    0,00    0,00   0,00   0,00
md2               0,00     0,00  203,30    1,52  2233,20     9,69    21,90     0,00    0,00    0,00    0,00   0,00   0,00
md3               0,00     0,00    0,00    0,10     0,00     0,40     8,00     0,00    0,00    0,00    0,00   0,00   0,00

Control File Changes
--- /usr/local/oldpgsql/2012-05-17-REL9_2_0~309/before.controldata	2016-08-11 22:30:43.929711619 +0200
+++ /usr/local/oldpgsql/2012-05-17-REL9_2_0~309/after.controldata	2016-08-11 22:32:14.270025382 +0200
@@ -5,4 +5,4 @@
-pg_control last modified:             Thu Aug 11 20:30:43 2016
-Latest checkpoint location:           1/F2E47240
-Prior checkpoint location:            1/F2E471E0
-Latest checkpoint's REDO location:    1/F2E47240
+pg_control last modified:             Thu Aug 11 20:32:14 2016
+Latest checkpoint location:           1/F2E48A38
+Prior checkpoint location:            1/F2E47240
+Latest checkpoint's REDO location:    1/F2E48A38
@@ -11,2 +11,2 @@
-Latest checkpoint's NextXID:          0/403858
-Latest checkpoint's NextOID:          16470
+Latest checkpoint's NextXID:          0/403859
+Latest checkpoint's NextOID:          24662
@@ -18 +18 @@
-Time of latest checkpoint:            Thu Aug 11 20:30:43 2016
+Time of latest checkpoint:            Thu Aug 11 20:32:13 2016
size after pgbench of pgbench_tellers: 8
size after pgbench of pgbench_branches: 8
size after pgbench of pgbench_accounts: 64
size after pgbench of pgbench_branches_pkey: 32
size after pgbench of pgbench_tellers_pkey: 152
size after pgbench of pgbench_accounts_pkey: 658092
size after pgbench of pgbench_history: 0
total size after pgbench: 658356
End Time: 2016-08-11 20:32:14+00:00
========================================================================
========================================================================
Testing 2012-05-17-REL9_2_0~309
Start Time: 2016-08-12 04:10:09+00:00
Shared Buffers:  260000
size before pgbench of pgbench_tellers: 8
size before pgbench of pgbench_branches: 8
size before pgbench of pgbench_accounts: 64
size before pgbench of pgbench_branches_pkey: 32
size before pgbench of pgbench_tellers_pkey: 152
size before pgbench of pgbench_accounts_pkey: 658092
size before pgbench of pgbench_history: 0
total size before pgbench: 658356
Linux 3.16.0-4-amd64 (Debian-83-jessie-64-minimal) 	12.08.16 	_x86_64_	(8 CPU)

starting vacuum...end.
transaction type: <builtin: select only>
scaling factor: 300
query mode: simple
number of clients: 64
number of threads: 4
duration: 60 s
number of transactions actually processed: 3294257
latency average: 1.166 ms
tps = 54849.010157 (including connections establishing)
tps = 54850.825904 (excluding connections establishing)
script statistics:
 - statement latencies in milliseconds:
         0.001  \set aid random(1, 100000 * :scale)
         1.171  SELECT abalance FROM pgbench_accounts WHERE aid = :aid;
avg-cpu:  %user   %nice %system %iowait  %steal   %idle
          32,89    0,00    7,85   20,79    0,00   38,47

Device:         rrqm/s   wrqm/s     r/s     w/s    rkB/s    wkB/s avgrq-sz avgqu-sz   await r_await w_await  svctm  %util
sdb               0,03     0,91  108,81    1,82  1185,16    11,81    21,64    28,68  259,18  257,92  334,56   3,34  36,92
sda               0,19     0,91   98,16    1,82  1049,24    11,81    21,23    10,86  108,60  107,81  151,12   3,86  38,61
md0               0,00     0,00    0,39    0,01     1,56     0,04     8,00     0,00    0,00    0,00    0,00   0,00   0,00
md1               0,00     0,00    0,00    0,00     0,00     0,00     0,00     0,00    0,00    0,00    0,00   0,00   0,00
md2               0,00     0,00  207,03    1,51  2232,84     9,02    21,50     0,00    0,00    0,00    0,00   0,00   0,00
md3               0,00     0,00    0,00    0,11     0,00     0,44     8,00     0,00    0,00    0,00    0,00   0,00   0,00

Control File Changes
--- /usr/local/oldpgsql/2012-05-17-REL9_2_0~309/before.controldata	2016-08-12 06:11:20.371835938 +0200
+++ /usr/local/oldpgsql/2012-05-17-REL9_2_0~309/after.controldata	2016-08-12 06:12:50.711642633 +0200
@@ -5,4 +5,4 @@
-pg_control last modified:             Fri Aug 12 04:11:20 2016
-Latest checkpoint location:           1/F2E48AF8
-Prior checkpoint location:            1/F2E48A98
-Latest checkpoint's REDO location:    1/F2E48AF8
+pg_control last modified:             Fri Aug 12 04:12:50 2016
+Latest checkpoint location:           1/F2E4A398
+Prior checkpoint location:            1/F2E48AF8
+Latest checkpoint's REDO location:    1/F2E4A398
@@ -11,2 +11,2 @@
-Latest checkpoint's NextXID:          0/403859
-Latest checkpoint's NextOID:          16471
+Latest checkpoint's NextXID:          0/403860
+Latest checkpoint's NextOID:          24663
@@ -18 +18 @@
-Time of latest checkpoint:            Fri Aug 12 04:11:19 2016
+Time of latest checkpoint:            Fri Aug 12 04:12:50 2016
size after pgbench of pgbench_tellers: 8
size after pgbench of pgbench_branches: 8
size after pgbench of pgbench_accounts: 64
size after pgbench of pgbench_branches_pkey: 32
size after pgbench of pgbench_tellers_pkey: 152
size after pgbench of pgbench_accounts_pkey: 658092
size after pgbench of pgbench_history: 0
total size after pgbench: 658356
End Time: 2016-08-12 04:12:50+00:00
========================================================================
========================================================================
Testing 2012-05-17-REL9_2_0~309
Start Time: 2016-08-12 20:52:11+00:00
Shared Buffers:  260000
size before pgbench of pgbench_tellers: 8
size before pgbench of pgbench_branches: 8
size before pgbench of pgbench_accounts: 64
size before pgbench of pgbench_branches_pkey: 32
size before pgbench of pgbench_tellers_pkey: 152
size before pgbench of pgbench_accounts_pkey: 658092
size before pgbench of pgbench_history: 0
total size before pgbench: 658356
+ /usr/local/pgsql/bin/pgbench -T 60 -S -c 64 -j 4 -r
Linux 3.16.0-4-amd64 (Debian-83-jessie-64-minimal) 	12.08.16 	_x86_64_	(8 CPU)

starting vacuum...end.
transaction type: <builtin: select only>
scaling factor: 300
query mode: simple
number of clients: 64
number of threads: 4
duration: 60 s
number of transactions actually processed: 3363868
latency average: 1.142 ms
tps = 56008.630729 (including connections establishing)
tps = 56010.470997 (excluding connections establishing)
script statistics:
 - statement latencies in milliseconds:
         0.001  \set aid random(1, 100000 * :scale)
         1.147  SELECT abalance FROM pgbench_accounts WHERE aid = :aid;
avg-cpu:  %user   %nice %system %iowait  %steal   %idle
          33,36    0,00    7,86   21,92    0,00   36,86

Device:         rrqm/s   wrqm/s     r/s     w/s    rkB/s    wkB/s avgrq-sz avgqu-sz   await r_await w_await  svctm  %util
sdb               0,86     0,79  100,70    2,01  1102,49    12,32    21,71    13,39  130,32  129,69  161,83   3,48  35,76
sda               0,54     0,79  104,70    2,01  1146,67    12,32    21,72    27,39  256,68  249,49  631,29   3,51  37,51
md0               0,00     0,00    2,58    0,00    10,31     0,00     8,00     0,00    0,00    0,00    0,00   0,00   0,00
md1               0,00     0,00    0,00    0,00     0,00     0,00     0,00     0,00    0,00    0,00    0,00   0,00   0,00
md2               0,00     0,00  204,37    1,43  2238,84     9,24    21,85     0,00    0,00    0,00    0,00   0,00   0,00
md3               0,00     0,00    0,00    0,10     0,00     0,40     8,00     0,00    0,00    0,00    0,00   0,00   0,00

Control File Changes
--- /usr/local/oldpgsql/2012-05-17-REL9_2_0~309/before.controldata	2016-08-12 22:53:23.519917670 +0200
+++ /usr/local/oldpgsql/2012-05-17-REL9_2_0~309/after.controldata	2016-08-12 22:54:53.772108569 +0200
@@ -5,4 +5,4 @@
-pg_control last modified:             Fri Aug 12 20:53:23 2016
-Latest checkpoint location:           1/F2E4A458
-Prior checkpoint location:            1/F2E4A3F8
-Latest checkpoint's REDO location:    1/F2E4A458
+pg_control last modified:             Fri Aug 12 20:54:53 2016
+Latest checkpoint location:           1/F2E4BD88
+Prior checkpoint location:            1/F2E4A458
+Latest checkpoint's REDO location:    1/F2E4BD88
@@ -11,2 +11,2 @@
-Latest checkpoint's NextXID:          0/403860
-Latest checkpoint's NextOID:          16472
+Latest checkpoint's NextXID:          0/403861
+Latest checkpoint's NextOID:          24664
@@ -18 +18 @@
-Time of latest checkpoint:            Fri Aug 12 20:53:22 2016
+Time of latest checkpoint:            Fri Aug 12 20:54:53 2016
size after pgbench of pgbench_tellers: 8
size after pgbench of pgbench_branches: 8
size after pgbench of pgbench_accounts: 64
size after pgbench of pgbench_branches_pkey: 32
size after pgbench of pgbench_tellers_pkey: 152
size after pgbench of pgbench_accounts_pkey: 658092
size after pgbench of pgbench_history: 0
total size after pgbench: 658356
End Time: 2016-08-12 20:54:53+00:00
========================================================================
========================================================================
Testing 2012-05-17-REL9_2_0~309
Start Time: 2016-08-13 05:26:03+00:00
Shared Buffers:  260000
size before pgbench of pgbench_tellers: 8
size before pgbench of pgbench_branches: 8
size before pgbench of pgbench_accounts: 64
size before pgbench of pgbench_branches_pkey: 32
size before pgbench of pgbench_tellers_pkey: 152
size before pgbench of pgbench_accounts_pkey: 658092
size before pgbench of pgbench_history: 0
total size before pgbench: 658356
Linux 3.16.0-4-amd64 (Debian-83-jessie-64-minimal) 	13.08.16 	_x86_64_	(8 CPU)

starting vacuum...end.
transaction type: <builtin: select only>
scaling factor: 300
query mode: simple
number of clients: 48
number of threads: 4
duration: 60 s
number of transactions actually processed: 3559165
latency average: 0.809 ms
tps = 59291.617792 (including connections establishing)
tps = 59293.646125 (excluding connections establishing)
script statistics:
 - statement latencies in milliseconds:
         0.001  \set aid random(1, 100000 * :scale)
         0.817  SELECT abalance FROM pgbench_accounts WHERE aid = :aid;
avg-cpu:  %user   %nice %system %iowait  %steal   %idle
          33,91    0,00    7,76   20,59    0,00   37,74

Device:         rrqm/s   wrqm/s     r/s     w/s    rkB/s    wkB/s avgrq-sz avgqu-sz   await r_await w_await  svctm  %util
sdb               0,02     0,81  102,41    2,31  1129,33    13,44    21,82    17,56  167,70  160,21  499,58   3,40  35,62
sda               0,14     0,82  100,91    2,30  1104,76    13,44    21,67    14,48  140,30  134,84  379,65   3,55  36,66
md0               0,00     0,00    0,29    0,00     1,16     0,00     8,00     0,00    0,00    0,00    0,00   0,00   0,00
md1               0,00     0,00    0,00    0,00     0,00     0,00     0,00     0,00    0,00    0,00    0,00   0,00   0,00
md2               0,00     0,00  203,33    1,61  2232,93    10,04    21,89     0,00    0,00    0,00    0,00   0,00   0,00
md3               0,00     0,00    0,00    0,10     0,00     0,40     8,00     0,00    0,00    0,00    0,00   0,00   0,00

Control File Changes
--- /usr/local/oldpgsql/2012-05-17-REL9_2_0~309/before.controldata	2016-08-13 07:27:14.901095954 +0200
+++ /usr/local/oldpgsql/2012-05-17-REL9_2_0~309/after.controldata	2016-08-13 07:28:45.140291722 +0200
@@ -5,4 +5,4 @@
-pg_control last modified:             Sat Aug 13 05:27:14 2016
-Latest checkpoint location:           1/F2E4BE48
-Prior checkpoint location:            1/F2E4BDE8
-Latest checkpoint's REDO location:    1/F2E4BE48
+pg_control last modified:             Sat Aug 13 05:28:45 2016
+Latest checkpoint location:           1/F2E4D838
+Prior checkpoint location:            1/F2E4BE48
+Latest checkpoint's REDO location:    1/F2E4D838
@@ -11,2 +11,2 @@
-Latest checkpoint's NextXID:          0/403861
-Latest checkpoint's NextOID:          16473
+Latest checkpoint's NextXID:          0/403862
+Latest checkpoint's NextOID:          24665
@@ -18 +18 @@
-Time of latest checkpoint:            Sat Aug 13 05:27:14 2016
+Time of latest checkpoint:            Sat Aug 13 05:28:44 2016
size after pgbench of pgbench_tellers: 8
size after pgbench of pgbench_branches: 8
size after pgbench of pgbench_accounts: 64
size after pgbench of pgbench_branches_pkey: 32
size after pgbench of pgbench_tellers_pkey: 152
size after pgbench of pgbench_accounts_pkey: 658092
size after pgbench of pgbench_history: 0
total size after pgbench: 658356
End Time: 2016-08-13 05:28:45+00:00
========================================================================
========================================================================
Testing 2012-05-17-REL9_2_0~309
Start Time: 2016-08-13 13:49:34+00:00
Shared Buffers:  260000
size before pgbench of pgbench_tellers: 8
size before pgbench of pgbench_branches: 8
size before pgbench of pgbench_accounts: 64
size before pgbench of pgbench_branches_pkey: 32
size before pgbench of pgbench_tellers_pkey: 152
size before pgbench of pgbench_accounts_pkey: 658092
size before pgbench of pgbench_history: 0
total size before pgbench: 658356
Linux 3.16.0-4-amd64 (Debian-83-jessie-64-minimal) 	13.08.16 	_x86_64_	(8 CPU)

starting vacuum...end.
transaction type: <builtin: select only>
scaling factor: 300
query mode: simple
number of clients: 48
number of threads: 4
duration: 60 s
number of transactions actually processed: 3552549
latency average: 0.811 ms
tps = 59180.360727 (including connections establishing)
tps = 59182.425354 (excluding connections establishing)
script statistics:
 - statement latencies in milliseconds:
         0.001  \set aid random(1, 100000 * :scale)
         0.819  SELECT abalance FROM pgbench_accounts WHERE aid = :aid;
avg-cpu:  %user   %nice %system %iowait  %steal   %idle
          33,72    0,00    7,81   20,08    0,00   38,40

Device:         rrqm/s   wrqm/s     r/s     w/s    rkB/s    wkB/s avgrq-sz avgqu-sz   await r_await w_await  svctm  %util
sdb               0,02     0,81  101,89    1,93  1134,58    12,26    22,09    18,12  174,54  172,55  279,82   3,43  35,60
sda               0,03     0,81  101,86    1,93  1098,71    12,26    21,41    13,66  131,59  127,38  353,82   3,56  36,93
md0               0,00     0,00    0,09    0,00     0,36     0,00     8,00     0,00    0,00    0,00    0,00   0,00   0,00
md1               0,00     0,00    0,00    0,00     0,00     0,00     0,00     0,00    0,00    0,00    0,00   0,00   0,00
md2               0,00     0,00  203,74    1,39  2232,93     9,16    21,86     0,00    0,00    0,00    0,00   0,00   0,00
md3               0,00     0,00    0,00    0,10     0,00     0,40     8,00     0,00    0,00    0,00    0,00   0,00   0,00

Control File Changes
--- /usr/local/oldpgsql/2012-05-17-REL9_2_0~309/before.controldata	2016-08-13 15:50:46.147908759 +0200
+++ /usr/local/oldpgsql/2012-05-17-REL9_2_0~309/after.controldata	2016-08-13 15:52:16.487717114 +0200
@@ -5,4 +5,4 @@
-pg_control last modified:             Sat Aug 13 13:50:45 2016
-Latest checkpoint location:           1/F2E4D8F8
-Prior checkpoint location:            1/F2E4D898
-Latest checkpoint's REDO location:    1/F2E4D8F8
+pg_control last modified:             Sat Aug 13 13:52:16 2016
+Latest checkpoint location:           1/F2E4F390
+Prior checkpoint location:            1/F2E4D8F8
+Latest checkpoint's REDO location:    1/F2E4F390
@@ -11,2 +11,2 @@
-Latest checkpoint's NextXID:          0/403862
-Latest checkpoint's NextOID:          16474
+Latest checkpoint's NextXID:          0/403863
+Latest checkpoint's NextOID:          24666
@@ -18 +18 @@
-Time of latest checkpoint:            Sat Aug 13 13:50:45 2016
+Time of latest checkpoint:            Sat Aug 13 13:52:16 2016
size after pgbench of pgbench_tellers: 8
size after pgbench of pgbench_branches: 8
size after pgbench of pgbench_accounts: 64
size after pgbench of pgbench_branches_pkey: 32
size after pgbench of pgbench_tellers_pkey: 152
size after pgbench of pgbench_accounts_pkey: 658092
size after pgbench of pgbench_history: 0
total size after pgbench: 658356
End Time: 2016-08-13 13:52:16+00:00
========================================================================
========================================================================
Testing 2012-05-17-REL9_2_0~309
Start Time: 2016-08-15 13:48:56+00:00
Shared Buffers:  260000
size before pgbench of pgbench_tellers: 8
size before pgbench of pgbench_branches: 8
size before pgbench of pgbench_accounts: 64
size before pgbench of pgbench_branches_pkey: 32
size before pgbench of pgbench_tellers_pkey: 152
size before pgbench of pgbench_accounts_pkey: 658092
size before pgbench of pgbench_history: 0
total size before pgbench: 658356
Linux 3.16.0-4-amd64 (Debian-83-jessie-64-minimal) 	15.08.16 	_x86_64_	(8 CPU)

starting vacuum...end.
transaction type: <builtin: TPC-B (sort of)>
scaling factor: 300
query mode: simple
number of clients: 32
number of threads: 4
duration: 900 s
number of transactions actually processed: 275364
latency average: 104.589 ms
tps = 304.867030 (including connections establishing)
tps = 304.867710 (excluding connections establishing)
script statistics:
 - statement latencies in milliseconds:
         0.001  \set aid random(1, 100000 * :scale)
         0.001  \set bid random(1, 1 * :scale)
         0.001  \set tid random(1, 10 * :scale)
         0.001  \set delta random(-5000, 5000)
         0.262  BEGIN;
         1.323  UPDATE pgbench_accounts SET abalance = abalance + :delta WHERE aid = :aid;
         0.343  SELECT abalance FROM pgbench_accounts WHERE aid = :aid;
         0.913  UPDATE pgbench_tellers SET tbalance = tbalance + :delta WHERE tid = :tid;
         5.564  UPDATE pgbench_branches SET bbalance = bbalance + :delta WHERE bid = :bid;
         0.215  INSERT INTO pgbench_history (tid, bid, aid, delta, mtime) VALUES (:tid, :bid, :aid, :delta, CURRENT_TIMESTAMP);
        96.735  END;
avg-cpu:  %user   %nice %system %iowait  %steal   %idle
           2,80    0,00    0,79   10,40    0,00   86,01

Device:         rrqm/s   wrqm/s     r/s     w/s    rkB/s    wkB/s avgrq-sz avgqu-sz   await r_await w_await  svctm  %util
sdb               0,00     2,33    2,03  349,28    23,26  6315,01    36,08    70,33  200,19   38,10  201,14   2,13  74,99
sda               0,07     2,32   13,71  349,29   152,81  6315,01    35,64    66,63  183,55   28,93  189,62   2,40  87,17
md0               0,00     0,00    0,21    0,00     0,83     0,00     8,00     0,00    0,00    0,00    0,00   0,00   0,00
md1               0,00     0,00    0,00    0,00     0,00     0,00     0,00     0,00    0,00    0,00    0,00   0,00   0,00
md2               0,00     0,00   15,62  350,64   175,24  6312,56    35,43     0,00    0,00    0,00    0,00   0,00   0,00
md3               0,00     0,00    0,00    0,01     0,00     0,04     8,00     0,00    0,00    0,00    0,00   0,00   0,00

Control File Changes
--- /usr/local/oldpgsql/2012-05-17-REL9_2_0~309/before.controldata	2016-08-15 15:50:09.167229712 +0200
+++ /usr/local/oldpgsql/2012-05-17-REL9_2_0~309/after.controldata	2016-08-15 16:06:21.688864879 +0200
@@ -5,4 +5,4 @@
-pg_control last modified:             Mon Aug 15 13:50:09 2016
-Latest checkpoint location:           1/F2E4F450
-Prior checkpoint location:            1/F2E4F3F0
-Latest checkpoint's REDO location:    1/F2E4F450
+pg_control last modified:             Mon Aug 15 14:06:21 2016
+Latest checkpoint location:           2/A33CF668
+Prior checkpoint location:            2/A33CF608
+Latest checkpoint's REDO location:    2/A33CF668
@@ -11,2 +11,2 @@
-Latest checkpoint's NextXID:          0/403863
-Latest checkpoint's NextOID:          16475
+Latest checkpoint's NextXID:          0/679268
+Latest checkpoint's NextOID:          24667
@@ -18 +18 @@
-Time of latest checkpoint:            Mon Aug 15 13:50:08 2016
+Time of latest checkpoint:            Mon Aug 15 14:05:39 2016
size after pgbench of pgbench_tellers: 8
size after pgbench of pgbench_branches: 8
size after pgbench of pgbench_accounts: 64
size after pgbench of pgbench_branches_pkey: 32
size after pgbench of pgbench_tellers_pkey: 152
size after pgbench of pgbench_accounts_pkey: 658092
size after pgbench of pgbench_history: 24
total size after pgbench: 658380
End Time: 2016-08-15 14:06:21+00:00
========================================================================
========================================================================
Testing 2012-05-17-REL9_2_0~309
Start Time: 2016-08-19 09:35:01+00:00
Shared Buffers:  260000
size before pgbench of pgbench_tellers: 8
size before pgbench of pgbench_branches: 8
size before pgbench of pgbench_accounts: 64
size before pgbench of pgbench_branches_pkey: 32
size before pgbench of pgbench_tellers_pkey: 152
size before pgbench of pgbench_accounts_pkey: 658092
size before pgbench of pgbench_history: 24
total size before pgbench: 658380
Linux 4.6.0-1-amd64 (Debian-83-jessie-64-minimal) 	19.08.16 	_x86_64_	(8 CPU)

starting vacuum...end.
transaction type: <builtin: TPC-B (sort of)>
scaling factor: 300
query mode: simple
number of clients: 32
number of threads: 4
duration: 900 s
number of transactions actually processed: 337449
latency average: 85.346 ms
tps = 374.926783 (including connections establishing)
tps = 374.927662 (excluding connections establishing)
script statistics:
 - statement latencies in milliseconds:
         0.002  \set aid random(1, 100000 * :scale)
         0.001  \set bid random(1, 1 * :scale)
         0.001  \set tid random(1, 10 * :scale)
         0.001  \set delta random(-5000, 5000)
         0.358  BEGIN;
         0.783  UPDATE pgbench_accounts SET abalance = abalance + :delta WHERE aid = :aid;
         0.468  SELECT abalance FROM pgbench_accounts WHERE aid = :aid;
         0.859  UPDATE pgbench_tellers SET tbalance = tbalance + :delta WHERE tid = :tid;
         4.501  UPDATE pgbench_branches SET bbalance = bbalance + :delta WHERE bid = :bid;
         0.282  INSERT INTO pgbench_history (tid, bid, aid, delta, mtime) VALUES (:tid, :bid, :aid, :delta, CURRENT_TIMESTAMP);
        78.633  END;
avg-cpu:  %user   %nice %system %iowait  %steal   %idle
           3,82    0,00    1,04   20,43    0,00   74,71

Device:         rrqm/s   wrqm/s     r/s     w/s    rkB/s    wkB/s avgrq-sz avgqu-sz   await r_await w_await  svctm  %util
sdb               0,00     2,55    0,27  363,37     2,96  6594,91    36,29    62,14  170,90   44,29  170,99   2,17  78,82
sda               0,07     2,55    2,88  363,23    27,42  6593,77    36,17    54,32  148,27   24,84  149,25   2,23  81,57
md0               0,00     0,00    0,25    0,00     1,02     0,00     8,00     0,00    0,00    0,00    0,00   0,00   0,00
md1               0,00     0,00    0,00    0,00     0,00     0,00     0,00     0,00    0,00    0,00    0,00   0,00   0,00
md2               0,00     0,00    2,96  366,10    29,33  6599,47    35,92     0,00    0,00    0,00    0,00   0,00   0,00
md3               0,00     0,00    0,00    0,01     0,00     0,05     8,00     0,00    0,00    0,00    0,00   0,00   0,00

Control File Changes
--- /usr/local/oldpgsql/2012-05-17-REL9_2_0~309/before.controldata	2016-08-19 11:37:38.728259174 +0200
+++ /usr/local/oldpgsql/2012-05-17-REL9_2_0~309/after.controldata	2016-08-19 11:53:51.044142446 +0200
@@ -5,4 +5,4 @@
-pg_control last modified:             Fri Aug 19 09:37:38 2016
-Latest checkpoint location:           3/9839378
-Prior checkpoint location:            3/9839318
-Latest checkpoint's REDO location:    3/9839378
+pg_control last modified:             Fri Aug 19 09:53:50 2016
+Latest checkpoint location:           3/C909A3F8
+Prior checkpoint location:            3/C909A398
+Latest checkpoint's REDO location:    3/C909A3F8
@@ -11,2 +11,2 @@
-Latest checkpoint's NextXID:          0/679268
-Latest checkpoint's NextOID:          16476
+Latest checkpoint's NextXID:          0/1016760
+Latest checkpoint's NextOID:          24668
@@ -18 +18 @@
-Time of latest checkpoint:            Fri Aug 19 09:37:38 2016
+Time of latest checkpoint:            Fri Aug 19 09:53:50 2016
size after pgbench of pgbench_tellers: 8
size after pgbench of pgbench_branches: 8
size after pgbench of pgbench_accounts: 64
size after pgbench of pgbench_branches_pkey: 32
size after pgbench of pgbench_tellers_pkey: 152
size after pgbench of pgbench_accounts_pkey: 658092
size after pgbench of pgbench_history: 24
total size after pgbench: 658380
End Time: 2016-08-19 09:53:51+00:00
========================================================================
========================================================================
Testing 2012-05-17-REL9_2_0~309
Start Time: 2016-08-21 05:53:57+00:00
Shared Buffers:  260000
size before pgbench of pgbench_tellers: 8
size before pgbench of pgbench_branches: 8
size before pgbench of pgbench_accounts: 64
size before pgbench of pgbench_branches_pkey: 32
size before pgbench of pgbench_tellers_pkey: 152
size before pgbench of pgbench_accounts_pkey: 658092
size before pgbench of pgbench_history: 24
total size before pgbench: 658380
Linux 4.6.0-1-amd64 (Debian-83-jessie-64-minimal) 	21.08.16 	_x86_64_	(8 CPU)

starting vacuum...end.
transaction type: <builtin: TPC-B (sort of)>
scaling factor: 300
query mode: simple
number of clients: 32
number of threads: 4
duration: 900 s
number of transactions actually processed: 268641
latency average: 107.206 ms
tps = 297.592238 (including connections establishing)
tps = 297.592880 (excluding connections establishing)
script statistics:
 - statement latencies in milliseconds:
         0.002  \set aid random(1, 100000 * :scale)
         0.001  \set bid random(1, 1 * :scale)
         0.001  \set tid random(1, 10 * :scale)
         0.001  \set delta random(-5000, 5000)
         0.397  BEGIN;
         0.766  UPDATE pgbench_accounts SET abalance = abalance + :delta WHERE aid = :aid;
         0.520  SELECT abalance FROM pgbench_accounts WHERE aid = :aid;
         0.992  UPDATE pgbench_tellers SET tbalance = tbalance + :delta WHERE tid = :tid;
         6.372  UPDATE pgbench_branches SET bbalance = bbalance + :delta WHERE bid = :bid;
         0.312  INSERT INTO pgbench_history (tid, bid, aid, delta, mtime) VALUES (:tid, :bid, :aid, :delta, CURRENT_TIMESTAMP);
        98.571  END;
avg-cpu:  %user   %nice %system %iowait  %steal   %idle
           3,19    0,00    0,86   21,82    0,00   74,13

Device:         rrqm/s   wrqm/s     r/s     w/s    rkB/s    wkB/s avgrq-sz avgqu-sz   await r_await w_await  svctm  %util
sdb               0,00     2,42    0,06  290,41     0,73  4843,86    33,36    60,58  208,54   36,07  208,58   2,68  77,81
sda               0,03     2,42    0,60  290,42     5,58  4843,86    33,33    52,25  179,56   25,77  179,88   2,61  75,84
md0               0,00     0,00    0,05    0,00     0,21     0,00     8,00     0,00    0,00    0,00    0,00   0,00   0,00
md1               0,00     0,00    0,00    0,00     0,00     0,00     0,00     0,00    0,00    0,00    0,00   0,00   0,00
md2               0,00     0,00    0,64  292,35     6,10  4842,62    33,10     0,00    0,00    0,00    0,00   0,00   0,00
md3               0,00     0,00    0,00    0,01     0,00     0,04     8,00     0,00    0,00    0,00    0,00   0,00   0,00

Control File Changes
--- /usr/local/oldpgsql/2012-05-17-REL9_2_0~309/before.controldata	2016-08-21 07:57:08.532043639 +0200
+++ /usr/local/oldpgsql/2012-05-17-REL9_2_0~309/after.controldata	2016-08-21 08:13:30.977898830 +0200
@@ -5,4 +5,4 @@
-pg_control last modified:             Sun Aug 21 05:57:08 2016
-Latest checkpoint location:           4/3F9CDF40
-Prior checkpoint location:            4/3F69BAE8
-Latest checkpoint's REDO location:    4/3F9CDF40
+pg_control last modified:             Sun Aug 21 06:13:30 2016
+Latest checkpoint location:           4/CDC1B6C0
+Prior checkpoint location:            4/CDC16340
+Latest checkpoint's REDO location:    4/CDC1B6C0
@@ -11,2 +11,2 @@
-Latest checkpoint's NextXID:          0/1016760
-Latest checkpoint's NextOID:          16477
+Latest checkpoint's NextXID:          0/1285444
+Latest checkpoint's NextOID:          24669
@@ -18 +18 @@
-Time of latest checkpoint:            Sun Aug 21 05:57:07 2016
+Time of latest checkpoint:            Sun Aug 21 06:12:38 2016
size after pgbench of pgbench_tellers: 8
size after pgbench of pgbench_branches: 8
size after pgbench of pgbench_accounts: 64
size after pgbench of pgbench_branches_pkey: 32
size after pgbench of pgbench_tellers_pkey: 152
size after pgbench of pgbench_accounts_pkey: 658092
size after pgbench of pgbench_history: 24
total size after pgbench: 658380
End Time: 2016-08-21 06:13:31+00:00
========================================================================
