creating tables...
100000 of 30000000 tuples (0%) done (elapsed 0.15 s, remaining 44.31 s)
200000 of 30000000 tuples (0%) done (elapsed 0.26 s, remaining 38.45 s)
300000 of 30000000 tuples (1%) done (elapsed 0.35 s, remaining 34.60 s)
400000 of 30000000 tuples (1%) done (elapsed 0.44 s, remaining 32.55 s)
500000 of 30000000 tuples (1%) done (elapsed 0.53 s, remaining 31.29 s)
600000 of 30000000 tuples (2%) done (elapsed 0.62 s, remaining 30.42 s)
700000 of 30000000 tuples (2%) done (elapsed 0.71 s, remaining 29.77 s)
800000 of 30000000 tuples (2%) done (elapsed 0.80 s, remaining 29.27 s)
900000 of 30000000 tuples (3%) done (elapsed 0.89 s, remaining 28.85 s)
1000000 of 30000000 tuples (3%) done (elapsed 0.99 s, remaining 28.66 s)
1100000 of 30000000 tuples (3%) done (elapsed 1.15 s, remaining 30.17 s)
1200000 of 30000000 tuples (4%) done (elapsed 1.24 s, remaining 29.85 s)
1300000 of 30000000 tuples (4%) done (elapsed 1.34 s, remaining 29.52 s)
1400000 of 30000000 tuples (4%) done (elapsed 1.43 s, remaining 29.22 s)
1500000 of 30000000 tuples (5%) done (elapsed 1.52 s, remaining 28.95 s)
1600000 of 30000000 tuples (5%) done (elapsed 1.62 s, remaining 28.69 s)
1700000 of 30000000 tuples (5%) done (elapsed 1.72 s, remaining 28.56 s)
1800000 of 30000000 tuples (6%) done (elapsed 1.81 s, remaining 28.34 s)
1900000 of 30000000 tuples (6%) done (elapsed 1.90 s, remaining 28.13 s)
2000000 of 30000000 tuples (6%) done (elapsed 2.00 s, remaining 27.94 s)
2100000 of 30000000 tuples (7%) done (elapsed 2.09 s, remaining 27.75 s)
2200000 of 30000000 tuples (7%) done (elapsed 2.18 s, remaining 27.57 s)
2300000 of 30000000 tuples (7%) done (elapsed 2.27 s, remaining 27.40 s)
2400000 of 30000000 tuples (8%) done (elapsed 2.37 s, remaining 27.23 s)
2500000 of 30000000 tuples (8%) done (elapsed 2.46 s, remaining 27.07 s)
2600000 of 30000000 tuples (8%) done (elapsed 2.55 s, remaining 26.92 s)
2700000 of 30000000 tuples (9%) done (elapsed 2.65 s, remaining 26.76 s)
2800000 of 30000000 tuples (9%) done (elapsed 2.74 s, remaining 26.62 s)
2900000 of 30000000 tuples (9%) done (elapsed 2.84 s, remaining 26.53 s)
3000000 of 30000000 tuples (10%) done (elapsed 2.93 s, remaining 26.39 s)
3100000 of 30000000 tuples (10%) done (elapsed 3.03 s, remaining 26.26 s)
3200000 of 30000000 tuples (10%) done (elapsed 3.12 s, remaining 26.12 s)
3300000 of 30000000 tuples (11%) done (elapsed 3.21 s, remaining 25.99 s)
3400000 of 30000000 tuples (11%) done (elapsed 3.31 s, remaining 25.86 s)
3500000 of 30000000 tuples (11%) done (elapsed 3.40 s, remaining 25.73 s)
3600000 of 30000000 tuples (12%) done (elapsed 3.49 s, remaining 25.60 s)
3700000 of 30000000 tuples (12%) done (elapsed 3.58 s, remaining 25.48 s)
3800000 of 30000000 tuples (12%) done (elapsed 3.68 s, remaining 25.35 s)
3900000 of 30000000 tuples (13%) done (elapsed 3.77 s, remaining 25.23 s)
4000000 of 30000000 tuples (13%) done (elapsed 3.86 s, remaining 25.11 s)
4100000 of 30000000 tuples (13%) done (elapsed 3.96 s, remaining 25.03 s)
4200000 of 30000000 tuples (14%) done (elapsed 4.06 s, remaining 24.91 s)
4300000 of 30000000 tuples (14%) done (elapsed 4.15 s, remaining 24.79 s)
4400000 of 30000000 tuples (14%) done (elapsed 4.24 s, remaining 24.68 s)
4500000 of 30000000 tuples (15%) done (elapsed 4.33 s, remaining 24.56 s)
4600000 of 30000000 tuples (15%) done (elapsed 4.43 s, remaining 24.45 s)
4700000 of 30000000 tuples (15%) done (elapsed 4.52 s, remaining 24.34 s)
4800000 of 30000000 tuples (16%) done (elapsed 4.61 s, remaining 24.23 s)
4900000 of 30000000 tuples (16%) done (elapsed 4.71 s, remaining 24.12 s)
5000000 of 30000000 tuples (16%) done (elapsed 4.80 s, remaining 24.01 s)
5100000 of 30000000 tuples (17%) done (elapsed 4.89 s, remaining 23.90 s)
5200000 of 30000000 tuples (17%) done (elapsed 4.99 s, remaining 23.79 s)
5300000 of 30000000 tuples (17%) done (elapsed 5.09 s, remaining 23.71 s)
5400000 of 30000000 tuples (18%) done (elapsed 5.18 s, remaining 23.60 s)
5500000 of 30000000 tuples (18%) done (elapsed 5.27 s, remaining 23.49 s)
5600000 of 30000000 tuples (18%) done (elapsed 5.37 s, remaining 23.38 s)
5700000 of 30000000 tuples (19%) done (elapsed 5.46 s, remaining 23.28 s)
5800000 of 30000000 tuples (19%) done (elapsed 5.55 s, remaining 23.17 s)
5900000 of 30000000 tuples (19%) done (elapsed 5.65 s, remaining 23.07 s)
6000000 of 30000000 tuples (20%) done (elapsed 5.74 s, remaining 22.96 s)
6100000 of 30000000 tuples (20%) done (elapsed 5.83 s, remaining 22.86 s)
6200000 of 30000000 tuples (20%) done (elapsed 5.93 s, remaining 22.75 s)
6300000 of 30000000 tuples (21%) done (elapsed 6.02 s, remaining 22.65 s)
6400000 of 30000000 tuples (21%) done (elapsed 6.11 s, remaining 22.55 s)
6500000 of 30000000 tuples (21%) done (elapsed 6.21 s, remaining 22.46 s)
6600000 of 30000000 tuples (22%) done (elapsed 6.31 s, remaining 22.36 s)
6700000 of 30000000 tuples (22%) done (elapsed 6.40 s, remaining 22.26 s)
6800000 of 30000000 tuples (22%) done (elapsed 6.49 s, remaining 22.15 s)
6900000 of 30000000 tuples (23%) done (elapsed 6.59 s, remaining 22.05 s)
7000000 of 30000000 tuples (23%) done (elapsed 6.68 s, remaining 21.95 s)
7100000 of 30000000 tuples (23%) done (elapsed 6.77 s, remaining 21.85 s)
7200000 of 30000000 tuples (24%) done (elapsed 6.87 s, remaining 21.75 s)
7300000 of 30000000 tuples (24%) done (elapsed 6.96 s, remaining 21.64 s)
7400000 of 30000000 tuples (24%) done (elapsed 7.05 s, remaining 21.54 s)
7500000 of 30000000 tuples (25%) done (elapsed 7.15 s, remaining 21.44 s)
7600000 of 30000000 tuples (25%) done (elapsed 7.24 s, remaining 21.34 s)
7700000 of 30000000 tuples (25%) done (elapsed 7.34 s, remaining 21.26 s)
7800000 of 30000000 tuples (26%) done (elapsed 7.43 s, remaining 21.16 s)
7900000 of 30000000 tuples (26%) done (elapsed 7.53 s, remaining 21.05 s)
8000000 of 30000000 tuples (26%) done (elapsed 7.62 s, remaining 20.96 s)
8100000 of 30000000 tuples (27%) done (elapsed 7.71 s, remaining 20.85 s)
8200000 of 30000000 tuples (27%) done (elapsed 7.81 s, remaining 20.75 s)
8300000 of 30000000 tuples (27%) done (elapsed 7.90 s, remaining 20.65 s)
8400000 of 30000000 tuples (28%) done (elapsed 7.99 s, remaining 20.55 s)
8500000 of 30000000 tuples (28%) done (elapsed 8.09 s, remaining 20.45 s)
8600000 of 30000000 tuples (28%) done (elapsed 8.18 s, remaining 20.35 s)
8700000 of 30000000 tuples (29%) done (elapsed 8.27 s, remaining 20.25 s)
8800000 of 30000000 tuples (29%) done (elapsed 8.37 s, remaining 20.15 s)
8900000 of 30000000 tuples (29%) done (elapsed 8.46 s, remaining 20.07 s)
9000000 of 30000000 tuples (30%) done (elapsed 8.56 s, remaining 19.97 s)
9100000 of 30000000 tuples (30%) done (elapsed 8.65 s, remaining 19.87 s)
9200000 of 30000000 tuples (30%) done (elapsed 8.74 s, remaining 19.77 s)
9300000 of 30000000 tuples (31%) done (elapsed 8.84 s, remaining 19.67 s)
9400000 of 30000000 tuples (31%) done (elapsed 8.93 s, remaining 19.57 s)
9500000 of 30000000 tuples (31%) done (elapsed 9.20 s, remaining 19.84 s)
9600000 of 30000000 tuples (32%) done (elapsed 9.30 s, remaining 19.77 s)
9700000 of 30000000 tuples (32%) done (elapsed 9.40 s, remaining 19.67 s)
9800000 of 30000000 tuples (32%) done (elapsed 9.49 s, remaining 19.56 s)
9900000 of 30000000 tuples (33%) done (elapsed 9.58 s, remaining 19.46 s)
10000000 of 30000000 tuples (33%) done (elapsed 9.68 s, remaining 19.36 s)
10100000 of 30000000 tuples (33%) done (elapsed 9.78 s, remaining 19.26 s)
10200000 of 30000000 tuples (34%) done (elapsed 9.87 s, remaining 19.16 s)
10300000 of 30000000 tuples (34%) done (elapsed 9.96 s, remaining 19.05 s)
10400000 of 30000000 tuples (34%) done (elapsed 10.06 s, remaining 18.96 s)
10500000 of 30000000 tuples (35%) done (elapsed 10.16 s, remaining 18.86 s)
10600000 of 30000000 tuples (35%) done (elapsed 10.25 s, remaining 18.76 s)
10700000 of 30000000 tuples (35%) done (elapsed 10.34 s, remaining 18.66 s)
10800000 of 30000000 tuples (36%) done (elapsed 10.44 s, remaining 18.56 s)
10900000 of 30000000 tuples (36%) done (elapsed 10.53 s, remaining 18.45 s)
11000000 of 30000000 tuples (36%) done (elapsed 10.63 s, remaining 18.35 s)
11100000 of 30000000 tuples (37%) done (elapsed 10.72 s, remaining 18.25 s)
11200000 of 30000000 tuples (37%) done (elapsed 10.81 s, remaining 18.15 s)
11300000 of 30000000 tuples (37%) done (elapsed 10.91 s, remaining 18.06 s)
11400000 of 30000000 tuples (38%) done (elapsed 11.01 s, remaining 17.96 s)
11500000 of 30000000 tuples (38%) done (elapsed 11.10 s, remaining 17.86 s)
11600000 of 30000000 tuples (38%) done (elapsed 11.19 s, remaining 17.76 s)
11700000 of 30000000 tuples (39%) done (elapsed 11.29 s, remaining 17.66 s)
11800000 of 30000000 tuples (39%) done (elapsed 11.38 s, remaining 17.56 s)
11900000 of 30000000 tuples (39%) done (elapsed 11.48 s, remaining 17.46 s)
12000000 of 30000000 tuples (40%) done (elapsed 11.57 s, remaining 17.36 s)
12100000 of 30000000 tuples (40%) done (elapsed 11.67 s, remaining 17.26 s)
12200000 of 30000000 tuples (40%) done (elapsed 11.76 s, remaining 17.16 s)
12300000 of 30000000 tuples (41%) done (elapsed 11.86 s, remaining 17.07 s)
12400000 of 30000000 tuples (41%) done (elapsed 11.95 s, remaining 16.96 s)
12500000 of 30000000 tuples (41%) done (elapsed 12.05 s, remaining 16.87 s)
12600000 of 30000000 tuples (42%) done (elapsed 12.14 s, remaining 16.77 s)
12700000 of 30000000 tuples (42%) done (elapsed 12.23 s, remaining 16.67 s)
12800000 of 30000000 tuples (42%) done (elapsed 12.33 s, remaining 16.57 s)
12900000 of 30000000 tuples (43%) done (elapsed 12.42 s, remaining 16.47 s)
13000000 of 30000000 tuples (43%) done (elapsed 12.52 s, remaining 16.37 s)
13100000 of 30000000 tuples (43%) done (elapsed 12.61 s, remaining 16.27 s)
13200000 of 30000000 tuples (44%) done (elapsed 12.71 s, remaining 16.18 s)
13300000 of 30000000 tuples (44%) done (elapsed 12.80 s, remaining 16.08 s)
13400000 of 30000000 tuples (44%) done (elapsed 12.90 s, remaining 15.98 s)
13500000 of 30000000 tuples (45%) done (elapsed 12.99 s, remaining 15.88 s)
13600000 of 30000000 tuples (45%) done (elapsed 13.09 s, remaining 15.78 s)
13700000 of 30000000 tuples (45%) done (elapsed 13.18 s, remaining 15.68 s)
13800000 of 30000000 tuples (46%) done (elapsed 13.27 s, remaining 15.58 s)
13900000 of 30000000 tuples (46%) done (elapsed 13.37 s, remaining 15.48 s)
14000000 of 30000000 tuples (46%) done (elapsed 13.46 s, remaining 15.39 s)
14100000 of 30000000 tuples (47%) done (elapsed 13.56 s, remaining 15.29 s)
14200000 of 30000000 tuples (47%) done (elapsed 13.66 s, remaining 15.19 s)
14300000 of 30000000 tuples (47%) done (elapsed 13.75 s, remaining 15.10 s)
14400000 of 30000000 tuples (48%) done (elapsed 13.84 s, remaining 15.00 s)
14500000 of 30000000 tuples (48%) done (elapsed 13.94 s, remaining 14.90 s)
14600000 of 30000000 tuples (48%) done (elapsed 14.03 s, remaining 14.80 s)
14700000 of 30000000 tuples (49%) done (elapsed 14.13 s, remaining 14.70 s)
14800000 of 30000000 tuples (49%) done (elapsed 14.22 s, remaining 14.60 s)
14900000 of 30000000 tuples (49%) done (elapsed 14.31 s, remaining 14.51 s)
15000000 of 30000000 tuples (50%) done (elapsed 14.41 s, remaining 14.41 s)
15100000 of 30000000 tuples (50%) done (elapsed 14.51 s, remaining 14.32 s)
15200000 of 30000000 tuples (50%) done (elapsed 14.60 s, remaining 14.22 s)
15300000 of 30000000 tuples (51%) done (elapsed 14.70 s, remaining 14.12 s)
15400000 of 30000000 tuples (51%) done (elapsed 14.79 s, remaining 14.02 s)
15500000 of 30000000 tuples (51%) done (elapsed 14.88 s, remaining 13.92 s)
15600000 of 30000000 tuples (52%) done (elapsed 14.98 s, remaining 13.82 s)
15700000 of 30000000 tuples (52%) done (elapsed 15.07 s, remaining 13.73 s)
15800000 of 30000000 tuples (52%) done (elapsed 15.16 s, remaining 13.63 s)
15900000 of 30000000 tuples (53%) done (elapsed 15.26 s, remaining 13.53 s)
16000000 of 30000000 tuples (53%) done (elapsed 15.35 s, remaining 13.43 s)
16100000 of 30000000 tuples (53%) done (elapsed 15.45 s, remaining 13.34 s)
16200000 of 30000000 tuples (54%) done (elapsed 15.55 s, remaining 13.24 s)
16300000 of 30000000 tuples (54%) done (elapsed 15.64 s, remaining 13.15 s)
16400000 of 30000000 tuples (54%) done (elapsed 15.73 s, remaining 13.05 s)
16500000 of 30000000 tuples (55%) done (elapsed 15.83 s, remaining 12.95 s)
16600000 of 30000000 tuples (55%) done (elapsed 15.92 s, remaining 12.85 s)
16700000 of 30000000 tuples (55%) done (elapsed 16.02 s, remaining 12.75 s)
16800000 of 30000000 tuples (56%) done (elapsed 16.11 s, remaining 12.66 s)
16900000 of 30000000 tuples (56%) done (elapsed 16.20 s, remaining 12.56 s)
17000000 of 30000000 tuples (56%) done (elapsed 16.30 s, remaining 12.46 s)
17100000 of 30000000 tuples (57%) done (elapsed 16.39 s, remaining 12.37 s)
17200000 of 30000000 tuples (57%) done (elapsed 16.49 s, remaining 12.27 s)
17300000 of 30000000 tuples (57%) done (elapsed 16.58 s, remaining 12.17 s)
17400000 of 30000000 tuples (58%) done (elapsed 16.68 s, remaining 12.08 s)
17500000 of 30000000 tuples (58%) done (elapsed 16.77 s, remaining 11.98 s)
17600000 of 30000000 tuples (58%) done (elapsed 16.87 s, remaining 11.88 s)
17700000 of 30000000 tuples (59%) done (elapsed 16.96 s, remaining 11.79 s)
17800000 of 30000000 tuples (59%) done (elapsed 17.06 s, remaining 11.69 s)
17900000 of 30000000 tuples (59%) done (elapsed 17.15 s, remaining 11.59 s)
18000000 of 30000000 tuples (60%) done (elapsed 17.24 s, remaining 11.50 s)
18100000 of 30000000 tuples (60%) done (elapsed 17.34 s, remaining 11.40 s)
18200000 of 30000000 tuples (60%) done (elapsed 17.43 s, remaining 11.30 s)
18300000 of 30000000 tuples (61%) done (elapsed 17.53 s, remaining 11.20 s)
18400000 of 30000000 tuples (61%) done (elapsed 17.62 s, remaining 11.11 s)
18500000 of 30000000 tuples (61%) done (elapsed 17.72 s, remaining 11.01 s)
18600000 of 30000000 tuples (62%) done (elapsed 17.81 s, remaining 10.92 s)
18700000 of 30000000 tuples (62%) done (elapsed 17.91 s, remaining 10.82 s)
18800000 of 30000000 tuples (62%) done (elapsed 18.00 s, remaining 10.72 s)
18900000 of 30000000 tuples (63%) done (elapsed 18.09 s, remaining 10.63 s)
19000000 of 30000000 tuples (63%) done (elapsed 18.19 s, remaining 10.53 s)
19100000 of 30000000 tuples (63%) done (elapsed 18.28 s, remaining 10.43 s)
19200000 of 30000000 tuples (64%) done (elapsed 18.38 s, remaining 10.34 s)
19300000 of 30000000 tuples (64%) done (elapsed 18.48 s, remaining 10.24 s)
19400000 of 30000000 tuples (64%) done (elapsed 18.57 s, remaining 10.15 s)
19500000 of 30000000 tuples (65%) done (elapsed 18.66 s, remaining 10.05 s)
19600000 of 30000000 tuples (65%) done (elapsed 18.76 s, remaining 9.95 s)
19700000 of 30000000 tuples (65%) done (elapsed 18.85 s, remaining 9.86 s)
19800000 of 30000000 tuples (66%) done (elapsed 18.95 s, remaining 9.76 s)
19900000 of 30000000 tuples (66%) done (elapsed 19.03 s, remaining 9.66 s)
20000000 of 30000000 tuples (66%) done (elapsed 19.10 s, remaining 9.55 s)
20100000 of 30000000 tuples (67%) done (elapsed 19.18 s, remaining 9.45 s)
20200000 of 30000000 tuples (67%) done (elapsed 19.26 s, remaining 9.34 s)
20300000 of 30000000 tuples (67%) done (elapsed 19.34 s, remaining 9.24 s)
20400000 of 30000000 tuples (68%) done (elapsed 19.41 s, remaining 9.13 s)
20500000 of 30000000 tuples (68%) done (elapsed 19.49 s, remaining 9.03 s)
20600000 of 30000000 tuples (68%) done (elapsed 19.56 s, remaining 8.93 s)
20700000 of 30000000 tuples (69%) done (elapsed 19.64 s, remaining 8.82 s)
20800000 of 30000000 tuples (69%) done (elapsed 19.71 s, remaining 8.72 s)
20900000 of 30000000 tuples (69%) done (elapsed 19.79 s, remaining 8.62 s)
21000000 of 30000000 tuples (70%) done (elapsed 19.87 s, remaining 8.52 s)
21100000 of 30000000 tuples (70%) done (elapsed 19.94 s, remaining 8.41 s)
21200000 of 30000000 tuples (70%) done (elapsed 20.02 s, remaining 8.31 s)
21300000 of 30000000 tuples (71%) done (elapsed 20.09 s, remaining 8.21 s)
21400000 of 30000000 tuples (71%) done (elapsed 20.17 s, remaining 8.11 s)
21500000 of 30000000 tuples (71%) done (elapsed 20.25 s, remaining 8.01 s)
21600000 of 30000000 tuples (72%) done (elapsed 20.32 s, remaining 7.90 s)
21700000 of 30000000 tuples (72%) done (elapsed 20.40 s, remaining 7.80 s)
21800000 of 30000000 tuples (72%) done (elapsed 20.48 s, remaining 7.70 s)
21900000 of 30000000 tuples (73%) done (elapsed 20.55 s, remaining 7.60 s)
22000000 of 30000000 tuples (73%) done (elapsed 20.63 s, remaining 7.50 s)
22100000 of 30000000 tuples (73%) done (elapsed 20.70 s, remaining 7.40 s)
22200000 of 30000000 tuples (74%) done (elapsed 20.78 s, remaining 7.30 s)
22300000 of 30000000 tuples (74%) done (elapsed 20.86 s, remaining 7.20 s)
22400000 of 30000000 tuples (74%) done (elapsed 20.93 s, remaining 7.10 s)
22500000 of 30000000 tuples (75%) done (elapsed 21.01 s, remaining 7.00 s)
22600000 of 30000000 tuples (75%) done (elapsed 21.08 s, remaining 6.90 s)
22700000 of 30000000 tuples (75%) done (elapsed 21.16 s, remaining 6.80 s)
22800000 of 30000000 tuples (76%) done (elapsed 21.23 s, remaining 6.71 s)
22900000 of 30000000 tuples (76%) done (elapsed 21.31 s, remaining 6.61 s)
23000000 of 30000000 tuples (76%) done (elapsed 21.39 s, remaining 6.51 s)
23100000 of 30000000 tuples (77%) done (elapsed 21.46 s, remaining 6.41 s)
23200000 of 30000000 tuples (77%) done (elapsed 21.54 s, remaining 6.31 s)
23300000 of 30000000 tuples (77%) done (elapsed 21.61 s, remaining 6.21 s)
23400000 of 30000000 tuples (78%) done (elapsed 21.69 s, remaining 6.12 s)
23500000 of 30000000 tuples (78%) done (elapsed 21.77 s, remaining 6.02 s)
23600000 of 30000000 tuples (78%) done (elapsed 21.84 s, remaining 5.92 s)
23700000 of 30000000 tuples (79%) done (elapsed 21.92 s, remaining 5.83 s)
23800000 of 30000000 tuples (79%) done (elapsed 22.00 s, remaining 5.73 s)
23900000 of 30000000 tuples (79%) done (elapsed 22.07 s, remaining 5.63 s)
24000000 of 30000000 tuples (80%) done (elapsed 22.15 s, remaining 5.54 s)
24100000 of 30000000 tuples (80%) done (elapsed 22.22 s, remaining 5.44 s)
24200000 of 30000000 tuples (80%) done (elapsed 22.30 s, remaining 5.35 s)
24300000 of 30000000 tuples (81%) done (elapsed 22.38 s, remaining 5.25 s)
24400000 of 30000000 tuples (81%) done (elapsed 22.46 s, remaining 5.15 s)
24500000 of 30000000 tuples (81%) done (elapsed 22.53 s, remaining 5.06 s)
24600000 of 30000000 tuples (82%) done (elapsed 22.61 s, remaining 4.96 s)
24700000 of 30000000 tuples (82%) done (elapsed 22.69 s, remaining 4.87 s)
24800000 of 30000000 tuples (82%) done (elapsed 22.77 s, remaining 4.77 s)
24900000 of 30000000 tuples (83%) done (elapsed 22.85 s, remaining 4.68 s)
25000000 of 30000000 tuples (83%) done (elapsed 23.01 s, remaining 4.60 s)
25100000 of 30000000 tuples (83%) done (elapsed 23.10 s, remaining 4.51 s)
25200000 of 30000000 tuples (84%) done (elapsed 23.18 s, remaining 4.42 s)
25300000 of 30000000 tuples (84%) done (elapsed 23.26 s, remaining 4.32 s)
25400000 of 30000000 tuples (84%) done (elapsed 23.33 s, remaining 4.23 s)
25500000 of 30000000 tuples (85%) done (elapsed 23.41 s, remaining 4.13 s)
25600000 of 30000000 tuples (85%) done (elapsed 23.48 s, remaining 4.04 s)
25700000 of 30000000 tuples (85%) done (elapsed 23.56 s, remaining 3.94 s)
25800000 of 30000000 tuples (86%) done (elapsed 23.64 s, remaining 3.85 s)
25900000 of 30000000 tuples (86%) done (elapsed 23.71 s, remaining 3.75 s)
26000000 of 30000000 tuples (86%) done (elapsed 23.79 s, remaining 3.66 s)
26100000 of 30000000 tuples (87%) done (elapsed 23.86 s, remaining 3.57 s)
26200000 of 30000000 tuples (87%) done (elapsed 23.94 s, remaining 3.47 s)
26300000 of 30000000 tuples (87%) done (elapsed 24.31 s, remaining 3.42 s)
26400000 of 30000000 tuples (88%) done (elapsed 24.41 s, remaining 3.33 s)
26500000 of 30000000 tuples (88%) done (elapsed 24.49 s, remaining 3.23 s)
26600000 of 30000000 tuples (88%) done (elapsed 24.57 s, remaining 3.14 s)
26700000 of 30000000 tuples (89%) done (elapsed 24.64 s, remaining 3.05 s)
26800000 of 30000000 tuples (89%) done (elapsed 24.72 s, remaining 2.95 s)
26900000 of 30000000 tuples (89%) done (elapsed 24.95 s, remaining 2.88 s)
27000000 of 30000000 tuples (90%) done (elapsed 25.03 s, remaining 2.78 s)
27100000 of 30000000 tuples (90%) done (elapsed 25.10 s, remaining 2.69 s)
27200000 of 30000000 tuples (90%) done (elapsed 25.18 s, remaining 2.59 s)
27300000 of 30000000 tuples (91%) done (elapsed 25.26 s, remaining 2.50 s)
27400000 of 30000000 tuples (91%) done (elapsed 25.33 s, remaining 2.40 s)
27500000 of 30000000 tuples (91%) done (elapsed 25.41 s, remaining 2.31 s)
27600000 of 30000000 tuples (92%) done (elapsed 25.48 s, remaining 2.22 s)
27700000 of 30000000 tuples (92%) done (elapsed 25.57 s, remaining 2.12 s)
27800000 of 30000000 tuples (92%) done (elapsed 25.82 s, remaining 2.04 s)
27900000 of 30000000 tuples (93%) done (elapsed 25.92 s, remaining 1.95 s)
28000000 of 30000000 tuples (93%) done (elapsed 26.00 s, remaining 1.86 s)
28100000 of 30000000 tuples (93%) done (elapsed 26.07 s, remaining 1.76 s)
28200000 of 30000000 tuples (94%) done (elapsed 26.15 s, remaining 1.67 s)
28300000 of 30000000 tuples (94%) done (elapsed 26.22 s, remaining 1.58 s)
28400000 of 30000000 tuples (94%) done (elapsed 26.31 s, remaining 1.48 s)
28500000 of 30000000 tuples (95%) done (elapsed 26.38 s, remaining 1.39 s)
28600000 of 30000000 tuples (95%) done (elapsed 26.46 s, remaining 1.30 s)
28700000 of 30000000 tuples (95%) done (elapsed 26.53 s, remaining 1.20 s)
28800000 of 30000000 tuples (96%) done (elapsed 26.61 s, remaining 1.11 s)
28900000 of 30000000 tuples (96%) done (elapsed 26.69 s, remaining 1.02 s)
29000000 of 30000000 tuples (96%) done (elapsed 26.76 s, remaining 0.92 s)
29100000 of 30000000 tuples (97%) done (elapsed 26.84 s, remaining 0.83 s)
29200000 of 30000000 tuples (97%) done (elapsed 26.92 s, remaining 0.74 s)
29300000 of 30000000 tuples (97%) done (elapsed 26.99 s, remaining 0.64 s)
29400000 of 30000000 tuples (98%) done (elapsed 27.07 s, remaining 0.55 s)
29500000 of 30000000 tuples (98%) done (elapsed 27.15 s, remaining 0.46 s)
29600000 of 30000000 tuples (98%) done (elapsed 27.56 s, remaining 0.37 s)
29700000 of 30000000 tuples (99%) done (elapsed 27.68 s, remaining 0.28 s)
29800000 of 30000000 tuples (99%) done (elapsed 27.76 s, remaining 0.19 s)
29900000 of 30000000 tuples (99%) done (elapsed 27.84 s, remaining 0.09 s)
30000000 of 30000000 tuples (100%) done (elapsed 27.92 s, remaining 0.00 s)
vacuum...
set primary keys...
NOTICE:  ALTER TABLE / ADD PRIMARY KEY will create implicit index "pgbench_branches_pkey" for table "pgbench_branches"
NOTICE:  ALTER TABLE / ADD PRIMARY KEY will create implicit index "pgbench_tellers_pkey" for table "pgbench_tellers"
NOTICE:  ALTER TABLE / ADD PRIMARY KEY will create implicit index "pgbench_accounts_pkey" for table "pgbench_accounts"
done.
starting vacuum...end.
transaction type: <builtin: TPC-B (sort of)>
scaling factor: 300
query mode: simple
number of clients: 32
number of threads: 4
duration: 60 s
number of transactions actually processed: 2648
latency average: 725.076 ms
tps = 43.921265 (including connections establishing)
tps = 43.922837 (excluding connections establishing)
script statistics:
 - statement latencies in milliseconds:
         0.003  \set aid random(1, 100000 * :scale)
         0.001  \set bid random(1, 1 * :scale)
         0.001  \set tid random(1, 10 * :scale)
         0.001  \set delta random(-5000, 5000)
         0.112  BEGIN;
       282.901  UPDATE pgbench_accounts SET abalance = abalance + :delta WHERE aid = :aid;
         3.413  SELECT abalance FROM pgbench_accounts WHERE aid = :aid;
       157.581  UPDATE pgbench_tellers SET tbalance = tbalance + :delta WHERE tid = :tid;
        98.692  UPDATE pgbench_branches SET bbalance = bbalance + :delta WHERE bid = :bid;
        67.387  INSERT INTO pgbench_history (tid, bid, aid, delta, mtime) VALUES (:tid, :bid, :aid, :delta, CURRENT_TIMESTAMP);
       117.279  END;
starting vacuum...end.
transaction type: <builtin: TPC-B (sort of)>
scaling factor: 300
query mode: simple
number of clients: 32
number of threads: 4
duration: 60 s
number of transactions actually processed: 1856
latency average: 1034.483 ms
tps = 30.852200 (including connections establishing)
tps = 30.853384 (excluding connections establishing)
script statistics:
 - statement latencies in milliseconds:
         0.003  \set aid random(1, 100000 * :scale)
         0.001  \set bid random(1, 1 * :scale)
         0.001  \set tid random(1, 10 * :scale)
         0.001  \set delta random(-5000, 5000)
         0.118  BEGIN;
       582.180  UPDATE pgbench_accounts SET abalance = abalance + :delta WHERE aid = :aid;
         5.219  SELECT abalance FROM pgbench_accounts WHERE aid = :aid;
       160.838  UPDATE pgbench_tellers SET tbalance = tbalance + :delta WHERE tid = :tid;
        73.884  UPDATE pgbench_branches SET bbalance = bbalance + :delta WHERE bid = :bid;
        45.833  INSERT INTO pgbench_history (tid, bid, aid, delta, mtime) VALUES (:tid, :bid, :aid, :delta, CURRENT_TIMESTAMP);
       168.956  END;
starting vacuum...end.
transaction type: <builtin: TPC-B (sort of)>
scaling factor: 300
query mode: simple
number of clients: 32
number of threads: 4
duration: 60 s
number of transactions actually processed: 1519
latency average: 1263.989 ms
tps = 25.075093 (including connections establishing)
tps = 25.075743 (excluding connections establishing)
script statistics:
 - statement latencies in milliseconds:
         0.003  \set aid random(1, 100000 * :scale)
         0.001  \set bid random(1, 1 * :scale)
         0.001  \set tid random(1, 10 * :scale)
         0.001  \set delta random(-5000, 5000)
         0.126  BEGIN;
       679.732  UPDATE pgbench_accounts SET abalance = abalance + :delta WHERE aid = :aid;
         0.310  SELECT abalance FROM pgbench_accounts WHERE aid = :aid;
       222.029  UPDATE pgbench_tellers SET tbalance = tbalance + :delta WHERE tid = :tid;
       102.862  UPDATE pgbench_branches SET bbalance = bbalance + :delta WHERE bid = :bid;
        71.148  INSERT INTO pgbench_history (tid, bid, aid, delta, mtime) VALUES (:tid, :bid, :aid, :delta, CURRENT_TIMESTAMP);
       199.635  END;
starting vacuum...end.
transaction type: <builtin: TPC-B (sort of)>
scaling factor: 300
query mode: simple
number of clients: 32
number of threads: 4
duration: 900 s
number of transactions actually processed: 24786
latency average: 1161.946 ms
tps = 27.398751 (including connections establishing)
tps = 27.398803 (excluding connections establishing)
script statistics:
 - statement latencies in milliseconds:
         0.003  \set aid random(1, 100000 * :scale)
         0.001  \set bid random(1, 1 * :scale)
         0.001  \set tid random(1, 10 * :scale)
         0.001  \set delta random(-5000, 5000)
         0.138  BEGIN;
       606.798  UPDATE pgbench_accounts SET abalance = abalance + :delta WHERE aid = :aid;
         0.708  SELECT abalance FROM pgbench_accounts WHERE aid = :aid;
       186.360  UPDATE pgbench_tellers SET tbalance = tbalance + :delta WHERE tid = :tid;
       104.228  UPDATE pgbench_branches SET bbalance = bbalance + :delta WHERE bid = :bid;
        70.758  INSERT INTO pgbench_history (tid, bid, aid, delta, mtime) VALUES (:tid, :bid, :aid, :delta, CURRENT_TIMESTAMP);
       196.986  END;
========================================================================
Testing 2008-07-01-REL8_4_0~1498
Start Time: 2016-07-31 16:05:43+00:00
Linux 3.16.0-4-amd64 (Debian-83-jessie-64-minimal) 	31.07.16 	_x86_64_	(8 CPU)

starting vacuum...end.
transaction type: <builtin: TPC-B (sort of)>
scaling factor: 300
query mode: simple
number of clients: 32
number of threads: 4
duration: 900 s
number of transactions actually processed: 25034
latency average: 1150.435 ms
tps = 27.655215 (including connections establishing)
tps = 27.655262 (excluding connections establishing)
script statistics:
 - statement latencies in milliseconds:
         0.003  \set aid random(1, 100000 * :scale)
         0.001  \set bid random(1, 1 * :scale)
         0.001  \set tid random(1, 10 * :scale)
         0.001  \set delta random(-5000, 5000)
         0.129  BEGIN;
       526.505  UPDATE pgbench_accounts SET abalance = abalance + :delta WHERE aid = :aid;
         0.907  SELECT abalance FROM pgbench_accounts WHERE aid = :aid;
       201.411  UPDATE pgbench_tellers SET tbalance = tbalance + :delta WHERE tid = :tid;
       131.329  UPDATE pgbench_branches SET bbalance = bbalance + :delta WHERE bid = :bid;
        87.263  INSERT INTO pgbench_history (tid, bid, aid, delta, mtime) VALUES (:tid, :bid, :aid, :delta, CURRENT_TIMESTAMP);
       209.145  END;
avg-cpu:  %user   %nice %system %iowait  %steal   %idle
           0,35    0,00    0,21    9,34    0,00   90,09

Device:         rrqm/s   wrqm/s     r/s     w/s    rkB/s    wkB/s avgrq-sz avgqu-sz   await r_await w_await  svctm  %util
sdb               0,00     2,90    4,24  134,36    35,53   973,86    14,57    16,02  114,40   25,91  117,20   4,53  62,85
sda               0,04     2,90   19,54  134,50   165,40   975,11    14,81    16,81  109,14   30,62  120,54   5,41  83,28
md0               0,00     0,00    0,05    0,00     0,20     0,00     8,00     0,00    0,00    0,00    0,00   0,00   0,00
md1               0,00     0,00    0,00    0,00     0,00     0,00     0,00     0,00    0,00    0,00    0,00   0,00   0,00
md2               0,00     0,00   23,78  136,96   200,73   974,15    14,62     0,00    0,00    0,00    0,00   0,00   0,00
md3               0,00     0,00    0,00    0,01     0,00     0,04     8,00     0,00    0,00    0,00    0,00   0,00   0,00

End Time: 2016-07-31 16:21:13+00:00
========================================================================
========================================================================
Testing 2008-07-01-REL8_4_0~1498
Start Time: 2016-08-05 05:17:46+00:00
Shared Buffers:  1048576
Linux 3.16.0-4-amd64 (Debian-83-jessie-64-minimal) 	05.08.16 	_x86_64_	(8 CPU)

starting vacuum...end.
transaction type: <builtin: TPC-B (sort of)>
scaling factor: 300
query mode: simple
number of clients: 32
number of threads: 4
duration: 900 s
number of transactions actually processed: 27725
latency average: 1038.774 ms
tps = 30.712115 (including connections establishing)
tps = 30.712168 (excluding connections establishing)
script statistics:
 - statement latencies in milliseconds:
         0.003  \set aid random(1, 100000 * :scale)
         0.001  \set bid random(1, 1 * :scale)
         0.001  \set tid random(1, 10 * :scale)
         0.001  \set delta random(-5000, 5000)
         0.131  BEGIN;
       494.440  UPDATE pgbench_accounts SET abalance = abalance + :delta WHERE aid = :aid;
         0.600  SELECT abalance FROM pgbench_accounts WHERE aid = :aid;
       180.414  UPDATE pgbench_tellers SET tbalance = tbalance + :delta WHERE tid = :tid;
       110.064  UPDATE pgbench_branches SET bbalance = bbalance + :delta WHERE bid = :bid;
        69.003  INSERT INTO pgbench_history (tid, bid, aid, delta, mtime) VALUES (:tid, :bid, :aid, :delta, CURRENT_TIMESTAMP);
       186.646  END;
avg-cpu:  %user   %nice %system %iowait  %steal   %idle
           0,40    0,00    0,25    9,32    0,00   90,03

Device:         rrqm/s   wrqm/s     r/s     w/s    rkB/s    wkB/s avgrq-sz avgqu-sz   await r_await w_await  svctm  %util
sdb               0,00     2,95    4,05  138,90    34,19  1082,54    15,62    13,08   91,48   24,32   93,44   4,20  59,99
sda               0,00     2,95   21,82  138,90   183,98  1082,54    15,76    15,15   94,25   32,00  104,03   5,26  84,57
md0               0,00     0,00    0,02    0,02     0,09     0,09     8,00     0,00    0,00    0,00    0,00   0,00   0,00
md1               0,00     0,00    0,00    0,00     0,00     0,00     0,00     0,00    0,00    0,00    0,00   0,00   0,00
md2               0,00     0,00   25,85  141,29   218,09  1081,26    15,55     0,00    0,00    0,00    0,00   0,00   0,00
md3               0,00     0,00    0,00    0,01     0,00     0,04     8,00     0,00    0,00    0,00    0,00   0,00   0,00

End Time: 2016-08-05 05:33:16+00:00
========================================================================
========================================================================
Testing 2008-07-01-REL8_4_0~1498
Start Time: 2016-08-07 12:45:49+00:00
Shared Buffers:  260000
Linux 3.16.0-4-amd64 (Debian-83-jessie-64-minimal) 	07.08.16 	_x86_64_	(8 CPU)

starting vacuum...end.
transaction type: <builtin: TPC-B (sort of)>
scaling factor: 300
query mode: simple
number of clients: 32
number of threads: 4
duration: 900 s
number of transactions actually processed: 25680
latency average: 1121.495 ms
tps = 28.528658 (including connections establishing)
tps = 28.528707 (excluding connections establishing)
script statistics:
 - statement latencies in milliseconds:
         0.003  \set aid random(1, 100000 * :scale)
         0.001  \set bid random(1, 1 * :scale)
         0.001  \set tid random(1, 10 * :scale)
         0.001  \set delta random(-5000, 5000)
         0.136  BEGIN;
       543.022  UPDATE pgbench_accounts SET abalance = abalance + :delta WHERE aid = :aid;
         0.908  SELECT abalance FROM pgbench_accounts WHERE aid = :aid;
       203.575  UPDATE pgbench_tellers SET tbalance = tbalance + :delta WHERE tid = :tid;
       111.388  UPDATE pgbench_branches SET bbalance = bbalance + :delta WHERE bid = :bid;
        69.141  INSERT INTO pgbench_history (tid, bid, aid, delta, mtime) VALUES (:tid, :bid, :aid, :delta, CURRENT_TIMESTAMP);
       193.578  END;
avg-cpu:  %user   %nice %system %iowait  %steal   %idle
           0,35    0,00    0,22    9,13    0,00   90,30

Device:         rrqm/s   wrqm/s     r/s     w/s    rkB/s    wkB/s avgrq-sz avgqu-sz   await r_await w_await  svctm  %util
sdb               0,00     3,26    4,36  124,72    36,65   886,05    14,30    14,40  111,01   27,87  113,91   4,97  64,18
sda               0,04     3,27   20,04  124,87   169,05   887,30    14,58    16,38  113,02   32,87  125,88   5,59  80,97
md0               0,00     0,00    0,12    0,47     0,50     1,88     8,00     0,00    0,00    0,00    0,00   0,00   0,00
md1               0,00     0,00    0,00    0,00     0,00     0,00     0,00     0,00    0,00    0,00    0,00   0,00   0,00
md2               0,00     0,00   24,30  127,07   205,20   884,31    14,39     0,00    0,00    0,00    0,00   0,00   0,00
md3               0,00     0,00    0,00    0,01     0,00     0,04     8,00     0,00    0,00    0,00    0,00   0,00   0,00

Control File Changes
--- /usr/local/oldpgsql/2008-07-01-REL8_4_0~1498/before.controldata	2016-08-07 14:45:49.616756963 +0200
+++ /usr/local/oldpgsql/2008-07-01-REL8_4_0~1498/after.controldata	2016-08-07 15:02:00.200445672 +0200
@@ -2,16 +2,16 @@
 Catalog version number:               200806241
 Database system identifier:           6255432306858648559
 Database cluster state:               in production
-pg_control last modified:             нд, 07-сер-2016 14:45:49 +0200
-Latest checkpoint location:           0/8A54E820
-Prior checkpoint location:            0/7D6D4F40
-Latest checkpoint's REDO location:    0/8A54E820
+pg_control last modified:             нд, 07-сер-2016 15:02:00 +0200
+Latest checkpoint location:           0/A09474E8
+Prior checkpoint location:            0/A09474A0
+Latest checkpoint's REDO location:    0/A09474E8
 Latest checkpoint's TimeLineID:       1
-Latest checkpoint's NextXID:          0/89363
-Latest checkpoint's NextOID:          16465
+Latest checkpoint's NextXID:          0/115083
+Latest checkpoint's NextOID:          24657
 Latest checkpoint's NextMultiXactId:  1
 Latest checkpoint's NextMultiOffset:  0
-Time of latest checkpoint:            нд, 07-сер-2016 14:45:18 +0200
+Time of latest checkpoint:            нд, 07-сер-2016 15:01:50 +0200
 Minimum recovery ending location:     0/0
 Maximum data alignment:               8
 Database block size:                  8192
End Time: 2016-08-07 13:02:00+00:00
========================================================================
========================================================================
Testing 2008-07-01-REL8_4_0~1498
Start Time: 2016-08-09 03:34:44+00:00
Shared Buffers:  260000
size before pgbench of pgbench_branches: 256
size before pgbench of pgbench_accounts: 802356
size before pgbench of pgbench_branches_pkey: 32
size before pgbench of pgbench_tellers_pkey: 88
size before pgbench of pgbench_tellers: 360
size before pgbench of pgbench_accounts_pkey: 658092
size before pgbench of pgbench_history: 3080
total size before pgbench: 1464264
Linux 3.16.0-4-amd64 (Debian-83-jessie-64-minimal) 	09.08.16 	_x86_64_	(8 CPU)

starting vacuum...end.
transaction type: <builtin: select only>
scaling factor: 300
query mode: simple
number of clients: 32
number of threads: 4
duration: 60 s
number of transactions actually processed: 69512
latency average: 27.621 ms
tps = 1155.829232 (including connections establishing)
tps = 1155.861230 (excluding connections establishing)
script statistics:
 - statement latencies in milliseconds:
         0.002  \set aid random(1, 100000 * :scale)
        27.664  SELECT abalance FROM pgbench_accounts WHERE aid = :aid;
avg-cpu:  %user   %nice %system %iowait  %steal   %idle
           1,12    0,00    0,72   27,67    0,00   70,49

Device:         rrqm/s   wrqm/s     r/s     w/s    rkB/s    wkB/s avgrq-sz avgqu-sz   await r_await w_await  svctm  %util
sdb               0,04     4,60  266,91    2,07  2479,73    27,73    18,64    14,82   55,10   38,27 2229,57   2,53  67,99
sda               0,61     4,60  276,40    2,07  2564,44    27,73    18,62    21,40   76,85   49,55 3728,17   2,46  68,38
md0               0,00     0,00    1,77    3,76     7,07    15,02     8,00     0,00    0,00    0,00    0,00   0,00   0,00
md1               0,00     0,00    0,00    0,00     0,00     0,00     0,00     0,00    0,00    0,00    0,00   0,00   0,00
md2               0,00     0,00  542,22    1,92  5037,11    10,36    18,55     0,00    0,00    0,00    0,00   0,00   0,00
md3               0,00     0,00    0,00    0,10     0,00     0,40     8,00     0,00    0,00    0,00    0,00   0,00   0,00

Control File Changes
--- /usr/local/oldpgsql/2008-07-01-REL8_4_0~1498/before.controldata	2016-08-09 05:40:04.548978364 +0200
+++ /usr/local/oldpgsql/2008-07-01-REL8_4_0~1498/after.controldata	2016-08-09 05:41:36.193255985 +0200
@@ -5,4 +5,4 @@
-pg_control last modified:             Tue Aug  9 03:40:04 2016
-Latest checkpoint location:           0/AC92E7F8
-Prior checkpoint location:            0/A0947530
-Latest checkpoint's REDO location:    0/AC92E7F8
+pg_control last modified:             Tue Aug  9 03:41:36 2016
+Latest checkpoint location:           0/AC952DC0
+Prior checkpoint location:            0/AC92E7F8
+Latest checkpoint's REDO location:    0/AC952DC0
@@ -10,2 +10,2 @@
-Latest checkpoint's NextXID:          0/115083
-Latest checkpoint's NextOID:          16466
+Latest checkpoint's NextXID:          0/115084
+Latest checkpoint's NextOID:          24658
@@ -14 +14 @@
-Time of latest checkpoint:            Tue Aug  9 03:39:32 2016
+Time of latest checkpoint:            Tue Aug  9 03:41:34 2016
size after pgbench of pgbench_branches: 256
size after pgbench of pgbench_accounts: 802356
size after pgbench of pgbench_branches_pkey: 32
size after pgbench of pgbench_tellers_pkey: 88
size after pgbench of pgbench_tellers: 360
size after pgbench of pgbench_accounts_pkey: 658092
size after pgbench of pgbench_history: 0
total size after pgbench: 1461184
End Time: 2016-08-09 03:41:36+00:00
========================================================================
========================================================================
Testing 2008-07-01-REL8_4_0~1498
Start Time: 2016-08-09 13:19:07+00:00
Shared Buffers:  260000
size before pgbench of pgbench_branches: 256
size before pgbench of pgbench_accounts: 802356
size before pgbench of pgbench_branches_pkey: 32
size before pgbench of pgbench_tellers_pkey: 88
size before pgbench of pgbench_tellers: 360
size before pgbench of pgbench_accounts_pkey: 658092
size before pgbench of pgbench_history: 0
total size before pgbench: 1461184
Linux 3.16.0-4-amd64 (Debian-83-jessie-64-minimal) 	09.08.16 	_x86_64_	(8 CPU)

starting vacuum...end.
transaction type: <builtin: select only>
scaling factor: 300
query mode: simple
number of clients: 32
number of threads: 4
duration: 60 s
number of transactions actually processed: 71007
latency average: 27.040 ms
tps = 1180.447061 (including connections establishing)
tps = 1180.489296 (excluding connections establishing)
script statistics:
 - statement latencies in milliseconds:
         0.002  \set aid random(1, 100000 * :scale)
        27.074  SELECT abalance FROM pgbench_accounts WHERE aid = :aid;
avg-cpu:  %user   %nice %system %iowait  %steal   %idle
           1,17    0,00    0,68   27,99    0,00   70,17

Device:         rrqm/s   wrqm/s     r/s     w/s    rkB/s    wkB/s avgrq-sz avgqu-sz   await r_await w_await  svctm  %util
sdb               0,00     3,38  275,83    1,54  2579,38    21,88    18,76    16,67   60,10   40,33 3591,37   2,44  67,78
sda               0,16     3,37  274,34    1,56  2553,82    21,88    18,67    13,94   50,52   45,93  859,71   2,45  67,65
md0               0,00     0,00    0,17    2,56     0,67    10,22     8,00     0,00    0,00    0,00    0,00   0,00   0,00
md1               0,00     0,00    0,00    0,00     0,00     0,00     0,00     0,00    0,00    0,00    0,00   0,00   0,00
md2               0,00     0,00  550,18    1,38  5132,53     9,29    18,64     0,00    0,00    0,00    0,00   0,00   0,00
md3               0,00     0,00    0,00    0,10     0,00     0,40     8,00     0,00    0,00    0,00    0,00   0,00   0,00

Control File Changes
--- /usr/local/oldpgsql/2008-07-01-REL8_4_0~1498/before.controldata	2016-08-09 15:19:45.288365205 +0200
+++ /usr/local/oldpgsql/2008-07-01-REL8_4_0~1498/after.controldata	2016-08-09 15:21:16.536551191 +0200
@@ -5,4 +5,4 @@
-pg_control last modified:             Tue Aug  9 13:19:45 2016
-Latest checkpoint location:           0/AC952E50
-Prior checkpoint location:            0/AC952E08
-Latest checkpoint's REDO location:    0/AC952E50
+pg_control last modified:             Tue Aug  9 13:21:16 2016
+Latest checkpoint location:           0/AC954AB0
+Prior checkpoint location:            0/AC952E50
+Latest checkpoint's REDO location:    0/AC954AB0
@@ -10,2 +10,2 @@
-Latest checkpoint's NextXID:          0/115084
-Latest checkpoint's NextOID:          16467
+Latest checkpoint's NextXID:          0/115085
+Latest checkpoint's NextOID:          24659
@@ -14 +14 @@
-Time of latest checkpoint:            Tue Aug  9 13:19:44 2016
+Time of latest checkpoint:            Tue Aug  9 13:21:15 2016
size after pgbench of pgbench_branches: 256
size after pgbench of pgbench_accounts: 802356
size after pgbench of pgbench_branches_pkey: 32
size after pgbench of pgbench_tellers_pkey: 88
size after pgbench of pgbench_tellers: 360
size after pgbench of pgbench_accounts_pkey: 658092
size after pgbench of pgbench_history: 0
total size after pgbench: 1461184
End Time: 2016-08-09 13:21:16+00:00
========================================================================
========================================================================
Testing 2008-07-01-REL8_4_0~1498
Start Time: 2016-08-10 05:11:31+00:00
Shared Buffers:  260000
size before pgbench of pgbench_branches: 256
size before pgbench of pgbench_accounts: 802356
size before pgbench of pgbench_branches_pkey: 32
size before pgbench of pgbench_tellers_pkey: 88
size before pgbench of pgbench_tellers: 360
size before pgbench of pgbench_accounts_pkey: 658092
size before pgbench of pgbench_history: 0
total size before pgbench: 1461184
Linux 3.16.0-4-amd64 (Debian-83-jessie-64-minimal) 	10.08.16 	_x86_64_	(8 CPU)

starting vacuum...end.
transaction type: <builtin: select only>
scaling factor: 300
query mode: simple
number of clients: 32
number of threads: 4
duration: 60 s
number of transactions actually processed: 71318
latency average: 26.922 ms
tps = 1186.893762 (including connections establishing)
tps = 1186.925422 (excluding connections establishing)
script statistics:
 - statement latencies in milliseconds:
         0.002  \set aid random(1, 100000 * :scale)
        26.943  SELECT abalance FROM pgbench_accounts WHERE aid = :aid;
avg-cpu:  %user   %nice %system %iowait  %steal   %idle
           1,18    0,00    0,72   28,12    0,00   69,97

Device:         rrqm/s   wrqm/s     r/s     w/s    rkB/s    wkB/s avgrq-sz avgqu-sz   await r_await w_await  svctm  %util
sdb               0,00     4,43  273,90    1,88  2555,20    27,13    18,73    14,76   53,50   39,11 2152,33   2,47  68,08
sda               0,09     4,43  277,46    1,88  2586,89    27,13    18,72    15,16   54,27   47,41 1068,66   2,43  67,92
md0               0,00     0,00    0,10    3,42     0,40    13,69     8,00     0,00    0,00    0,00    0,00   0,00   0,00
md1               0,00     0,00    0,00    0,00     0,00     0,00     0,00     0,00    0,00    0,00    0,00   0,00   0,00
md2               0,00     0,00  551,36    1,77  5141,69    10,84    18,63     0,00    0,00    0,00    0,00   0,00   0,00
md3               0,00     0,00    0,00    0,11     0,00     0,44     8,00     0,00    0,00    0,00    0,00   0,00   0,00

Control File Changes
--- /usr/local/oldpgsql/2008-07-01-REL8_4_0~1498/before.controldata	2016-08-10 07:12:09.333608702 +0200
+++ /usr/local/oldpgsql/2008-07-01-REL8_4_0~1498/after.controldata	2016-08-10 07:13:40.281793263 +0200
@@ -5,4 +5,4 @@
-pg_control last modified:             Wed Aug 10 05:12:09 2016
-Latest checkpoint location:           0/AC954B40
-Prior checkpoint location:            0/AC954AF8
-Latest checkpoint's REDO location:    0/AC954B40
+pg_control last modified:             Wed Aug 10 05:13:40 2016
+Latest checkpoint location:           0/AC956840
+Prior checkpoint location:            0/AC954B40
+Latest checkpoint's REDO location:    0/AC956840
@@ -10,2 +10,2 @@
-Latest checkpoint's NextXID:          0/115085
-Latest checkpoint's NextOID:          16468
+Latest checkpoint's NextXID:          0/115086
+Latest checkpoint's NextOID:          24660
@@ -14 +14 @@
-Time of latest checkpoint:            Wed Aug 10 05:12:08 2016
+Time of latest checkpoint:            Wed Aug 10 05:13:39 2016
size after pgbench of pgbench_branches: 256
size after pgbench of pgbench_accounts: 802356
size after pgbench of pgbench_branches_pkey: 32
size after pgbench of pgbench_tellers_pkey: 88
size after pgbench of pgbench_tellers: 360
size after pgbench of pgbench_accounts_pkey: 658092
size after pgbench of pgbench_history: 0
total size after pgbench: 1461184
End Time: 2016-08-10 05:13:40+00:00
========================================================================
========================================================================
Testing 2008-07-01-REL8_4_0~1498
Start Time: 2016-08-11 04:01:37+00:00
Shared Buffers:  260000
size before pgbench of pgbench_branches: 256
size before pgbench of pgbench_accounts: 802356
size before pgbench of pgbench_branches_pkey: 32
size before pgbench of pgbench_tellers_pkey: 88
size before pgbench of pgbench_tellers: 360
size before pgbench of pgbench_accounts_pkey: 658092
size before pgbench of pgbench_history: 0
total size before pgbench: 1461184
Linux 3.16.0-4-amd64 (Debian-83-jessie-64-minimal) 	11.08.16 	_x86_64_	(8 CPU)

starting vacuum...end.
transaction type: <builtin: select only>
scaling factor: 300
query mode: simple
number of clients: 32
number of threads: 4
duration: 60 s
number of transactions actually processed: 72588
latency average: 26.451 ms
tps = 1208.378705 (including connections establishing)
tps = 1208.411822 (excluding connections establishing)
script statistics:
 - statement latencies in milliseconds:
         0.002  \set aid random(1, 100000 * :scale)
        26.473  SELECT abalance FROM pgbench_accounts WHERE aid = :aid;
avg-cpu:  %user   %nice %system %iowait  %steal   %idle
           1,19    0,00    0,77   28,57    0,00   69,47

Device:         rrqm/s   wrqm/s     r/s     w/s    rkB/s    wkB/s avgrq-sz avgqu-sz   await r_await w_await  svctm  %util
sdb               0,06     3,89  276,97    1,39  2571,51    22,48    18,64    15,19   54,56   41,29 2701,28   2,43  67,61
sda               0,99     3,91  281,31    1,37  2626,36    22,48    18,74    18,60   65,80   44,00 4553,56   2,41  68,10
md0               0,00     0,00    2,39    3,22     9,56    12,89     8,00     0,00    0,00    0,00    0,00   0,00   0,00
md1               0,00     0,00    0,00    0,00     0,00     0,00     0,00     0,00    0,00    0,00    0,00   0,00   0,00
md2               0,00     0,00  556,94    1,20  5188,31     7,47    18,62     0,00    0,00    0,00    0,00   0,00   0,00
md3               0,00     0,00    0,00    0,10     0,00     0,40     8,00     0,00    0,00    0,00    0,00   0,00   0,00

Control File Changes
--- /usr/local/oldpgsql/2008-07-01-REL8_4_0~1498/before.controldata	2016-08-11 06:02:14.615354862 +0200
+++ /usr/local/oldpgsql/2008-07-01-REL8_4_0~1498/after.controldata	2016-08-11 06:03:45.911774122 +0200
@@ -5,4 +5,4 @@
-pg_control last modified:             Thu Aug 11 04:02:14 2016
-Latest checkpoint location:           0/AC9568D0
-Prior checkpoint location:            0/AC956888
-Latest checkpoint's REDO location:    0/AC9568D0
+pg_control last modified:             Thu Aug 11 04:03:45 2016
+Latest checkpoint location:           0/AC958678
+Prior checkpoint location:            0/AC9568D0
+Latest checkpoint's REDO location:    0/AC958678
@@ -10,2 +10,2 @@
-Latest checkpoint's NextXID:          0/115086
-Latest checkpoint's NextOID:          16469
+Latest checkpoint's NextXID:          0/115087
+Latest checkpoint's NextOID:          24661
@@ -14 +14 @@
-Time of latest checkpoint:            Thu Aug 11 04:02:14 2016
+Time of latest checkpoint:            Thu Aug 11 04:03:44 2016
size after pgbench of pgbench_branches: 256
size after pgbench of pgbench_accounts: 802356
size after pgbench of pgbench_branches_pkey: 32
size after pgbench of pgbench_tellers_pkey: 88
size after pgbench of pgbench_tellers: 360
size after pgbench of pgbench_accounts_pkey: 658092
size after pgbench of pgbench_history: 0
total size after pgbench: 1461184
End Time: 2016-08-11 04:03:45+00:00
========================================================================
========================================================================
Testing 2008-07-01-REL8_4_0~1498
Start Time: 2016-08-11 19:32:46+00:00
Shared Buffers:  260000
size before pgbench of pgbench_branches: 256
size before pgbench of pgbench_accounts: 802356
size before pgbench of pgbench_branches_pkey: 32
size before pgbench of pgbench_tellers_pkey: 88
size before pgbench of pgbench_tellers: 360
size before pgbench of pgbench_accounts_pkey: 658092
size before pgbench of pgbench_history: 0
total size before pgbench: 1461184
Linux 3.16.0-4-amd64 (Debian-83-jessie-64-minimal) 	11.08.16 	_x86_64_	(8 CPU)

starting vacuum...end.
transaction type: <builtin: select only>
scaling factor: 300
query mode: simple
number of clients: 32
number of threads: 4
duration: 60 s
number of transactions actually processed: 74249
latency average: 25.859 ms
tps = 1235.375166 (including connections establishing)
tps = 1235.409191 (excluding connections establishing)
script statistics:
 - statement latencies in milliseconds:
         0.002  \set aid random(1, 100000 * :scale)
        25.875  SELECT abalance FROM pgbench_accounts WHERE aid = :aid;
avg-cpu:  %user   %nice %system %iowait  %steal   %idle
           1,19    0,00    0,71   26,75    0,00   71,35

Device:         rrqm/s   wrqm/s     r/s     w/s    rkB/s    wkB/s avgrq-sz avgqu-sz   await r_await w_await  svctm  %util
sdb               0,28     3,97  284,14    1,31  2666,58    22,63    18,84    22,61   78,98   41,73 8152,64   2,38  67,90
sda               1,11     3,96  284,06    1,32  2691,02    22,63    19,02    16,63   58,06   43,90 3101,08   2,38  68,01
md0               0,00     0,00    2,61    3,06    10,44    12,22     8,00     0,00    0,00    0,00    0,00   0,00   0,00
md1               0,00     0,00    0,00    0,00     0,00     0,00     0,00     0,00    0,00    0,00    0,00   0,00   0,00
md2               0,00     0,00  566,98    1,43  5347,16     8,40    18,84     0,00    0,00    0,00    0,00   0,00   0,00
md3               0,00     0,00    0,00    0,10     0,00     0,40     8,00     0,00    0,00    0,00    0,00   0,00   0,00

Control File Changes
--- /usr/local/oldpgsql/2008-07-01-REL8_4_0~1498/before.controldata	2016-08-11 21:33:24.779404356 +0200
+++ /usr/local/oldpgsql/2008-07-01-REL8_4_0~1498/after.controldata	2016-08-11 21:34:56.023755608 +0200
@@ -5,4 +5,4 @@
-pg_control last modified:             Thu Aug 11 19:33:24 2016
-Latest checkpoint location:           0/AC958708
-Prior checkpoint location:            0/AC9586C0
-Latest checkpoint's REDO location:    0/AC958708
+pg_control last modified:             Thu Aug 11 19:34:55 2016
+Latest checkpoint location:           0/AC95A5A8
+Prior checkpoint location:            0/AC958708
+Latest checkpoint's REDO location:    0/AC95A5A8
@@ -10,2 +10,2 @@
-Latest checkpoint's NextXID:          0/115087
-Latest checkpoint's NextOID:          16470
+Latest checkpoint's NextXID:          0/115088
+Latest checkpoint's NextOID:          24662
@@ -14 +14 @@
-Time of latest checkpoint:            Thu Aug 11 19:33:24 2016
+Time of latest checkpoint:            Thu Aug 11 19:34:54 2016
size after pgbench of pgbench_branches: 256
size after pgbench of pgbench_accounts: 802356
size after pgbench of pgbench_branches_pkey: 32
size after pgbench of pgbench_tellers_pkey: 88
size after pgbench of pgbench_tellers: 360
size after pgbench of pgbench_accounts_pkey: 658092
size after pgbench of pgbench_history: 0
total size after pgbench: 1461184
End Time: 2016-08-11 19:34:56+00:00
========================================================================
========================================================================
Testing 2008-07-01-REL8_4_0~1498
Start Time: 2016-08-12 04:25:15+00:00
Shared Buffers:  260000
size before pgbench of pgbench_branches: 256
size before pgbench of pgbench_accounts: 802356
size before pgbench of pgbench_branches_pkey: 32
size before pgbench of pgbench_tellers_pkey: 88
size before pgbench of pgbench_tellers: 360
size before pgbench of pgbench_accounts_pkey: 658092
size before pgbench of pgbench_history: 0
total size before pgbench: 1461184
Linux 3.16.0-4-amd64 (Debian-83-jessie-64-minimal) 	12.08.16 	_x86_64_	(8 CPU)

starting vacuum...end.
transaction type: <builtin: select only>
scaling factor: 300
query mode: simple
number of clients: 64
number of threads: 4
duration: 60 s
number of transactions actually processed: 74826
latency average: 51.319 ms
tps = 1243.644430 (including connections establishing)
tps = 1243.673328 (excluding connections establishing)
script statistics:
 - statement latencies in milliseconds:
         0.002  \set aid random(1, 100000 * :scale)
        51.385  SELECT abalance FROM pgbench_accounts WHERE aid = :aid;
avg-cpu:  %user   %nice %system %iowait  %steal   %idle
           1,21    0,00    0,81   33,02    0,00   64,96

Device:         rrqm/s   wrqm/s     r/s     w/s    rkB/s    wkB/s avgrq-sz avgqu-sz   await r_await w_await  svctm  %util
sdb               0,02     3,57  285,30    1,71  2682,76    22,87    18,85    28,36   98,80   87,41 1998,13   2,37  67,88
sda               0,89     3,57  283,07    1,71  2660,89    22,87    18,85    26,54   93,18   80,09 2258,00   2,38  67,81
md0               0,00     0,00    1,23    2,78     4,93    11,11     8,00     0,00    0,00    0,00    0,00   0,00   0,00
md1               0,00     0,00    0,00    0,00     0,00     0,00     0,00     0,00    0,00    0,00    0,00   0,00   0,00
md2               0,00     0,00  568,12    1,46  5338,71     9,29    18,78     0,00    0,00    0,00    0,00   0,00   0,00
md3               0,00     0,00    0,00    0,10     0,00     0,40     8,00     0,00    0,00    0,00    0,00   0,00   0,00

Control File Changes
--- /usr/local/oldpgsql/2008-07-01-REL8_4_0~1498/before.controldata	2016-08-12 06:25:53.227188964 +0200
+++ /usr/local/oldpgsql/2008-07-01-REL8_4_0~1498/after.controldata	2016-08-12 06:27:24.471212832 +0200
@@ -5,4 +5,4 @@
-pg_control last modified:             Fri Aug 12 04:25:53 2016
-Latest checkpoint location:           0/AC95A638
-Prior checkpoint location:            0/AC95A5F0
-Latest checkpoint's REDO location:    0/AC95A638
+pg_control last modified:             Fri Aug 12 04:27:24 2016
+Latest checkpoint location:           0/AC95BBF0
+Prior checkpoint location:            0/AC95A638
+Latest checkpoint's REDO location:    0/AC95BBF0
@@ -10,2 +10,2 @@
-Latest checkpoint's NextXID:          0/115088
-Latest checkpoint's NextOID:          16471
+Latest checkpoint's NextXID:          0/115089
+Latest checkpoint's NextOID:          24663
@@ -14 +14 @@
-Time of latest checkpoint:            Fri Aug 12 04:25:52 2016
+Time of latest checkpoint:            Fri Aug 12 04:27:23 2016
size after pgbench of pgbench_branches: 256
size after pgbench of pgbench_accounts: 802356
size after pgbench of pgbench_branches_pkey: 32
size after pgbench of pgbench_tellers_pkey: 88
size after pgbench of pgbench_tellers: 360
size after pgbench of pgbench_accounts_pkey: 658092
size after pgbench of pgbench_history: 0
total size after pgbench: 1461184
End Time: 2016-08-12 04:27:24+00:00
========================================================================
========================================================================
Testing 2008-07-01-REL8_4_0~1498
Start Time: 2016-08-13 00:11:58+00:00
Shared Buffers:  260000
size before pgbench of pgbench_branches: 256
size before pgbench of pgbench_accounts: 802356
size before pgbench of pgbench_branches_pkey: 32
size before pgbench of pgbench_tellers_pkey: 88
size before pgbench of pgbench_tellers: 360
size before pgbench of pgbench_accounts_pkey: 658092
size before pgbench of pgbench_history: 0
total size before pgbench: 1461184
Linux 3.16.0-4-amd64 (Debian-83-jessie-64-minimal) 	13.08.16 	_x86_64_	(8 CPU)

+ /usr/local/pgsql/bin/pgbench -T 60 -S -c 64 -j 4 -r
starting vacuum...end.
transaction type: <builtin: select only>
scaling factor: 300
query mode: simple
number of clients: 64
number of threads: 4
duration: 60 s
number of transactions actually processed: 76884
latency average: 49.945 ms
tps = 1275.765073 (including connections establishing)
tps = 1275.795779 (excluding connections establishing)
script statistics:
 - statement latencies in milliseconds:
         0.002  \set aid random(1, 100000 * :scale)
        49.998  SELECT abalance FROM pgbench_accounts WHERE aid = :aid;
avg-cpu:  %user   %nice %system %iowait  %steal   %idle
           1,28    0,00    0,84   34,89    0,00   62,99

Device:         rrqm/s   wrqm/s     r/s     w/s    rkB/s    wkB/s avgrq-sz avgqu-sz   await r_await w_await  svctm  %util
sdb               0,02     4,10  287,91    1,41  2686,89    23,16    18,73    31,56  109,07   82,66 5498,20   2,34  67,71
sda               0,07     4,10  290,34    1,41  2715,07    23,16    18,77    28,37   97,22   82,43 3140,85   2,32  67,74
md0               0,00     0,00    0,13    3,17     0,53    12,67     8,00     0,00    0,00    0,00    0,00   0,00   0,00
md1               0,00     0,00    0,00    0,00     0,00     0,00     0,00     0,00    0,00    0,00    0,00   0,00   0,00
md2               0,00     0,00  578,31    1,48  5401,42     8,36    18,66     0,00    0,00    0,00    0,00   0,00   0,00
md3               0,00     0,00    0,00    0,10     0,00     0,40     8,00     0,00    0,00    0,00    0,00   0,00   0,00

Control File Changes
--- /usr/local/oldpgsql/2008-07-01-REL8_4_0~1498/before.controldata	2016-08-13 02:12:36.637148982 +0200
+++ /usr/local/oldpgsql/2008-07-01-REL8_4_0~1498/after.controldata	2016-08-13 02:14:07.893327150 +0200
@@ -5,4 +5,4 @@
-pg_control last modified:             Sat Aug 13 00:12:36 2016
-Latest checkpoint location:           0/AC95BC80
-Prior checkpoint location:            0/AC95BC38
-Latest checkpoint's REDO location:    0/AC95BC80
+pg_control last modified:             Sat Aug 13 00:14:07 2016
+Latest checkpoint location:           0/AC95D2E8
+Prior checkpoint location:            0/AC95BC80
+Latest checkpoint's REDO location:    0/AC95D2E8
@@ -10,2 +10,2 @@
-Latest checkpoint's NextXID:          0/115089
-Latest checkpoint's NextOID:          16472
+Latest checkpoint's NextXID:          0/115090
+Latest checkpoint's NextOID:          24664
@@ -14 +14 @@
-Time of latest checkpoint:            Sat Aug 13 00:12:36 2016
+Time of latest checkpoint:            Sat Aug 13 00:14:06 2016
size after pgbench of pgbench_branches: 256
size after pgbench of pgbench_accounts: 802356
size after pgbench of pgbench_branches_pkey: 32
size after pgbench of pgbench_tellers_pkey: 88
size after pgbench of pgbench_tellers: 360
size after pgbench of pgbench_accounts_pkey: 658092
size after pgbench of pgbench_history: 0
total size after pgbench: 1461184
End Time: 2016-08-13 00:14:07+00:00
========================================================================
========================================================================
Testing 2008-07-01-REL8_4_0~1498
Start Time: 2016-08-13 04:59:22+00:00
Shared Buffers:  260000
size before pgbench of pgbench_branches: 256
size before pgbench of pgbench_accounts: 802356
size before pgbench of pgbench_branches_pkey: 32
size before pgbench of pgbench_tellers_pkey: 88
size before pgbench of pgbench_tellers: 360
size before pgbench of pgbench_accounts_pkey: 658092
size before pgbench of pgbench_history: 0
total size before pgbench: 1461184
Linux 3.16.0-4-amd64 (Debian-83-jessie-64-minimal) 	13.08.16 	_x86_64_	(8 CPU)

starting vacuum...end.
transaction type: <builtin: select only>
scaling factor: 300
query mode: simple
number of clients: 48
number of threads: 4
duration: 60 s
number of transactions actually processed: 74456
latency average: 38.681 ms
tps = 1234.983184 (including connections establishing)
tps = 1235.014276 (excluding connections establishing)
script statistics:
 - statement latencies in milliseconds:
         0.002  \set aid random(1, 100000 * :scale)
        38.721  SELECT abalance FROM pgbench_accounts WHERE aid = :aid;
avg-cpu:  %user   %nice %system %iowait  %steal   %idle
           1,25    0,00    0,79   31,49    0,00   66,46

Device:         rrqm/s   wrqm/s     r/s     w/s    rkB/s    wkB/s avgrq-sz avgqu-sz   await r_await w_await  svctm  %util
sdb               0,00     5,16  280,50    1,52  2627,96    28,33    18,84    23,61   83,70   61,06 4256,09   2,40  67,66
sda               0,53     5,18  286,19    1,50  2686,09    28,33    18,87    28,97  100,68   65,82 6753,16   2,35  67,69
md0               0,00     0,00    0,88    4,54     3,51    18,18     8,00     0,00    0,00    0,00    0,00   0,00   0,00
md1               0,00     0,00    0,00    0,00     0,00     0,00     0,00     0,00    0,00    0,00    0,00   0,00   0,00
md2               0,00     0,00  566,37    1,22  5310,53     8,00    18,74     0,00    0,00    0,00    0,00   0,00   0,00
md3               0,00     0,00    0,00    0,10     0,00     0,40     8,00     0,00    0,00    0,00    0,00   0,00   0,00

Control File Changes
--- /usr/local/oldpgsql/2008-07-01-REL8_4_0~1498/before.controldata	2016-08-13 07:00:00.497775360 +0200
+++ /usr/local/oldpgsql/2008-07-01-REL8_4_0~1498/after.controldata	2016-08-13 07:01:31.654044914 +0200
@@ -5,4 +5,4 @@
-pg_control last modified:             Sat Aug 13 05:00:00 2016
-Latest checkpoint location:           0/AC95D378
-Prior checkpoint location:            0/AC95D330
-Latest checkpoint's REDO location:    0/AC95D378
+pg_control last modified:             Sat Aug 13 05:01:31 2016
+Latest checkpoint location:           0/AC95EA80
+Prior checkpoint location:            0/AC95D378
+Latest checkpoint's REDO location:    0/AC95EA80
@@ -10,2 +10,2 @@
-Latest checkpoint's NextXID:          0/115090
-Latest checkpoint's NextOID:          16473
+Latest checkpoint's NextXID:          0/115091
+Latest checkpoint's NextOID:          24665
@@ -14 +14 @@
-Time of latest checkpoint:            Sat Aug 13 05:00:00 2016
+Time of latest checkpoint:            Sat Aug 13 05:01:30 2016
size after pgbench of pgbench_branches: 256
size after pgbench of pgbench_accounts: 802356
size after pgbench of pgbench_branches_pkey: 32
size after pgbench of pgbench_tellers_pkey: 88
size after pgbench of pgbench_tellers: 360
size after pgbench of pgbench_accounts_pkey: 658092
size after pgbench of pgbench_history: 0
total size after pgbench: 1461184
End Time: 2016-08-13 05:01:31+00:00
========================================================================
========================================================================
Testing 2008-07-01-REL8_4_0~1498
Start Time: 2016-08-13 11:35:43+00:00
Shared Buffers:  260000
size before pgbench of pgbench_branches: 256
size before pgbench of pgbench_accounts: 802356
size before pgbench of pgbench_branches_pkey: 32
size before pgbench of pgbench_tellers_pkey: 88
size before pgbench of pgbench_tellers: 360
size before pgbench of pgbench_accounts_pkey: 658092
size before pgbench of pgbench_history: 0
total size before pgbench: 1461184
Linux 3.16.0-4-amd64 (Debian-83-jessie-64-minimal) 	13.08.16 	_x86_64_	(8 CPU)

starting vacuum...end.
transaction type: <builtin: select only>
scaling factor: 300
query mode: simple
number of clients: 48
number of threads: 4
duration: 60 s
number of transactions actually processed: 76730
latency average: 37.534 ms
tps = 1273.690426 (including connections establishing)
tps = 1273.722978 (excluding connections establishing)
script statistics:
 - statement latencies in milliseconds:
         0.002  \set aid random(1, 100000 * :scale)
        37.564  SELECT abalance FROM pgbench_accounts WHERE aid = :aid;
avg-cpu:  %user   %nice %system %iowait  %steal   %idle
           1,24    0,00    0,79   34,41    0,00   63,56

Device:         rrqm/s   wrqm/s     r/s     w/s    rkB/s    wkB/s avgrq-sz avgqu-sz   await r_await w_await  svctm  %util
sdb               0,03     4,21  290,43    1,43  2728,18    23,83    18,86    30,18  103,41   65,11 7862,64   2,32  67,74
sda               0,33     4,19  287,38    1,46  2697,64    23,83    18,84    21,38   74,03   60,11 2822,17   2,34  67,69
md0               0,00     0,00    0,79    3,58     3,16    14,31     8,00     0,00    0,00    0,00    0,00   0,00   0,00
md1               0,00     0,00    0,00    0,00     0,00     0,00     0,00     0,00    0,00    0,00    0,00   0,00   0,00
md2               0,00     0,00  577,42    1,18  5422,67     7,38    18,77     0,00    0,00    0,00    0,00   0,00   0,00
md3               0,00     0,00    0,00    0,10     0,00     0,40     8,00     0,00    0,00    0,00    0,00   0,00   0,00

Control File Changes
--- /usr/local/oldpgsql/2008-07-01-REL8_4_0~1498/before.controldata	2016-08-13 13:36:21.491545042 +0200
+++ /usr/local/oldpgsql/2008-07-01-REL8_4_0~1498/after.controldata	2016-08-13 13:37:52.755730462 +0200
@@ -5,4 +5,4 @@
-pg_control last modified:             Sat Aug 13 11:36:21 2016
-Latest checkpoint location:           0/AC95EB10
-Prior checkpoint location:            0/AC95EAC8
-Latest checkpoint's REDO location:    0/AC95EB10
+pg_control last modified:             Sat Aug 13 11:37:52 2016
+Latest checkpoint location:           0/AC9602B8
+Prior checkpoint location:            0/AC95EB10
+Latest checkpoint's REDO location:    0/AC9602B8
@@ -10,2 +10,2 @@
-Latest checkpoint's NextXID:          0/115091
-Latest checkpoint's NextOID:          16474
+Latest checkpoint's NextXID:          0/115092
+Latest checkpoint's NextOID:          24666
@@ -14 +14 @@
-Time of latest checkpoint:            Sat Aug 13 11:36:21 2016
+Time of latest checkpoint:            Sat Aug 13 11:37:51 2016
size after pgbench of pgbench_branches: 256
size after pgbench of pgbench_accounts: 802356
size after pgbench of pgbench_branches_pkey: 32
size after pgbench of pgbench_tellers_pkey: 88
size after pgbench of pgbench_tellers: 360
size after pgbench of pgbench_accounts_pkey: 658092
size after pgbench of pgbench_history: 0
total size after pgbench: 1461184
End Time: 2016-08-13 11:37:52+00:00
========================================================================
========================================================================
Testing 2008-07-01-REL8_4_0~1498
Start Time: 2016-08-15 10:21:26+00:00
Shared Buffers:  260000
size before pgbench of pgbench_branches: 256
size before pgbench of pgbench_accounts: 802356
size before pgbench of pgbench_branches_pkey: 32
size before pgbench of pgbench_tellers_pkey: 88
size before pgbench of pgbench_tellers: 360
size before pgbench of pgbench_accounts_pkey: 658092
size before pgbench of pgbench_history: 0
total size before pgbench: 1461184
Linux 3.16.0-4-amd64 (Debian-83-jessie-64-minimal) 	15.08.16 	_x86_64_	(8 CPU)

starting vacuum...end.
transaction type: <builtin: TPC-B (sort of)>
scaling factor: 300
query mode: simple
number of clients: 32
number of threads: 4
duration: 900 s
number of transactions actually processed: 26619
latency average: 1081.934 ms
tps = 29.564618 (including connections establishing)
tps = 29.564669 (excluding connections establishing)
script statistics:
 - statement latencies in milliseconds:
         0.003  \set aid random(1, 100000 * :scale)
         0.001  \set bid random(1, 1 * :scale)
         0.001  \set tid random(1, 10 * :scale)
         0.001  \set delta random(-5000, 5000)
         0.130  BEGIN;
       485.296  UPDATE pgbench_accounts SET abalance = abalance + :delta WHERE aid = :aid;
         0.745  SELECT abalance FROM pgbench_accounts WHERE aid = :aid;
       193.859  UPDATE pgbench_tellers SET tbalance = tbalance + :delta WHERE tid = :tid;
       120.774  UPDATE pgbench_branches SET bbalance = bbalance + :delta WHERE bid = :bid;
        77.169  INSERT INTO pgbench_history (tid, bid, aid, delta, mtime) VALUES (:tid, :bid, :aid, :delta, CURRENT_TIMESTAMP);
       204.840  END;
avg-cpu:  %user   %nice %system %iowait  %steal   %idle
           0,37    0,00    0,23    9,37    0,00   90,03

Device:         rrqm/s   wrqm/s     r/s     w/s    rkB/s    wkB/s avgrq-sz avgqu-sz   await r_await w_await  svctm  %util
sdb               0,00     2,61    4,38  124,99    37,19   897,90    14,46    14,25  110,17   24,78  113,17   4,64  60,07
sda               0,07     2,62   20,91  124,99   178,25   897,90    14,75    15,31  104,91   32,42  117,03   5,81  84,72
md0               0,00     0,00    0,24    0,09     0,95     0,36     8,00     0,00    0,00    0,00    0,00   0,00   0,00
md1               0,00     0,00    0,00    0,00     0,00     0,00     0,00     0,00    0,00    0,00    0,00   0,00   0,00
md2               0,00     0,00   25,12  126,94   214,49   896,25    14,61     0,00    0,00    0,00    0,00   0,00   0,00
md3               0,00     0,00    0,00    0,01     0,00     0,04     8,00     0,00    0,00    0,00    0,00   0,00   0,00

Control File Changes
--- /usr/local/oldpgsql/2008-07-01-REL8_4_0~1498/before.controldata	2016-08-15 12:22:05.769857560 +0200
+++ /usr/local/oldpgsql/2008-07-01-REL8_4_0~1498/after.controldata	2016-08-15 12:38:26.384215215 +0200
@@ -5,4 +5,4 @@
-pg_control last modified:             Mon Aug 15 10:22:05 2016
-Latest checkpoint location:           0/AC960348
-Prior checkpoint location:            0/AC960300
-Latest checkpoint's REDO location:    0/AC960348
+pg_control last modified:             Mon Aug 15 10:38:26 2016
+Latest checkpoint location:           0/C3231EF8
+Prior checkpoint location:            0/C3231EB0
+Latest checkpoint's REDO location:    0/C3231EF8
@@ -10,2 +10,2 @@
-Latest checkpoint's NextXID:          0/115092
-Latest checkpoint's NextOID:          16475
+Latest checkpoint's NextXID:          0/141751
+Latest checkpoint's NextOID:          24667
@@ -14 +14 @@
-Time of latest checkpoint:            Mon Aug 15 10:22:05 2016
+Time of latest checkpoint:            Mon Aug 15 10:38:25 2016
size after pgbench of pgbench_branches: 256
size after pgbench of pgbench_accounts: 805204
size after pgbench of pgbench_branches_pkey: 32
size after pgbench of pgbench_tellers_pkey: 88
size after pgbench of pgbench_tellers: 360
size after pgbench of pgbench_accounts_pkey: 658092
size after pgbench of pgbench_history: 3080
total size after pgbench: 1467112
End Time: 2016-08-15 10:38:26+00:00
========================================================================
========================================================================
Testing 2008-07-01-REL8_4_0~1498
Start Time: 2016-08-16 04:17:52+00:00
Shared Buffers:  260000
size before pgbench of pgbench_branches: 256
size before pgbench of pgbench_accounts: 805204
size before pgbench of pgbench_branches_pkey: 32
size before pgbench of pgbench_tellers_pkey: 88
size before pgbench of pgbench_tellers: 360
size before pgbench of pgbench_accounts_pkey: 658092
size before pgbench of pgbench_history: 3080
total size before pgbench: 1467112
Linux 4.6.0-1-amd64 (Debian-83-jessie-64-minimal) 	16.08.16 	_x86_64_	(8 CPU)

starting vacuum...end.
transaction type: <builtin: TPC-B (sort of)>
scaling factor: 300
query mode: simple
number of clients: 32
number of threads: 4
duration: 900 s
number of transactions actually processed: 25684
latency average: 1121.321 ms
tps = 28.532386 (including connections establishing)
tps = 28.532436 (excluding connections establishing)
script statistics:
 - statement latencies in milliseconds:
         0.003  \set aid random(1, 100000 * :scale)
         0.001  \set bid random(1, 1 * :scale)
         0.001  \set tid random(1, 10 * :scale)
         0.001  \set delta random(-5000, 5000)
         0.130  BEGIN;
       526.321  UPDATE pgbench_accounts SET abalance = abalance + :delta WHERE aid = :aid;
         0.733  SELECT abalance FROM pgbench_accounts WHERE aid = :aid;
       204.914  UPDATE pgbench_tellers SET tbalance = tbalance + :delta WHERE tid = :tid;
       116.009  UPDATE pgbench_branches SET bbalance = bbalance + :delta WHERE bid = :bid;
        67.463  INSERT INTO pgbench_history (tid, bid, aid, delta, mtime) VALUES (:tid, :bid, :aid, :delta, CURRENT_TIMESTAMP);
       206.056  END;
avg-cpu:  %user   %nice %system %iowait  %steal   %idle
           0,35    0,00    0,24   20,31    0,00   79,10

Device:         rrqm/s   wrqm/s     r/s     w/s    rkB/s    wkB/s avgrq-sz avgqu-sz   await r_await w_await  svctm  %util
sdb               0,00     2,74    4,80  116,26    40,02   824,25    14,28    18,19  150,26   25,93  155,39   5,27  63,74
sda               0,03     2,73   19,56  116,14   164,53   823,15    14,56    14,02  103,04   35,20  114,47   6,02  81,63
md0               0,00     0,00    0,11    0,01     0,43     0,03     8,00     0,00    0,00    0,00    0,00   0,00   0,00
md1               0,00     0,00    0,00    0,00     0,00     0,00     0,00     0,00    0,00    0,00    0,00   0,00   0,00
md2               0,00     0,00   24,28  120,62   204,12   840,14    14,41     0,00    0,00    0,00    0,00   0,00   0,00
md3               0,00     0,00    0,00    0,01     0,00     0,04     8,00     0,00    0,00    0,00    0,00   0,00   0,00

Control File Changes
--- /usr/local/oldpgsql/2008-07-01-REL8_4_0~1498/before.controldata	2016-08-16 06:23:50.093365605 +0200
+++ /usr/local/oldpgsql/2008-07-01-REL8_4_0~1498/after.controldata	2016-08-16 06:39:58.739343935 +0200
@@ -5,4 +5,4 @@
-pg_control last modified:             Tue Aug 16 04:23:49 2016
-Latest checkpoint location:           0/CF8F4A30
-Prior checkpoint location:            0/CF8F49E8
-Latest checkpoint's REDO location:    0/CF8F4A30
+pg_control last modified:             Tue Aug 16 04:39:58 2016
+Latest checkpoint location:           0/E4E89548
+Prior checkpoint location:            0/E4E89500
+Latest checkpoint's REDO location:    0/E4E89548
@@ -10,2 +10,2 @@
-Latest checkpoint's NextXID:          0/141751
-Latest checkpoint's NextOID:          16476
+Latest checkpoint's NextXID:          0/167477
+Latest checkpoint's NextOID:          24668
@@ -14 +14 @@
-Time of latest checkpoint:            Tue Aug 16 04:23:48 2016
+Time of latest checkpoint:            Tue Aug 16 04:39:57 2016
size after pgbench of pgbench_branches: 256
size after pgbench of pgbench_accounts: 807796
size after pgbench of pgbench_branches_pkey: 32
size after pgbench of pgbench_tellers_pkey: 88
size after pgbench of pgbench_tellers: 360
size after pgbench of pgbench_accounts_pkey: 658092
size after pgbench of pgbench_history: 3048
total size after pgbench: 1469672
End Time: 2016-08-16 04:39:58+00:00
========================================================================
========================================================================
Testing 2008-07-01-REL8_4_0~1498
Start Time: 2016-08-20 23:12:44+00:00
Shared Buffers:  260000
size before pgbench of pgbench_branches: 256
size before pgbench of pgbench_accounts: 807796
size before pgbench of pgbench_branches_pkey: 32
size before pgbench of pgbench_tellers_pkey: 88
size before pgbench of pgbench_tellers: 360
size before pgbench of pgbench_accounts_pkey: 658092
size before pgbench of pgbench_history: 3048
total size before pgbench: 1469672
Linux 4.6.0-1-amd64 (Debian-83-jessie-64-minimal) 	21.08.16 	_x86_64_	(8 CPU)

starting vacuum...end.
transaction type: <builtin: TPC-B (sort of)>
scaling factor: 300
query mode: simple
number of clients: 32
number of threads: 4
duration: 900 s
number of transactions actually processed: 27401
latency average: 1051.057 ms
tps = 30.435508 (including connections establishing)
tps = 30.435560 (excluding connections establishing)
script statistics:
 - statement latencies in milliseconds:
         0.002  \set aid random(1, 100000 * :scale)
         0.001  \set bid random(1, 1 * :scale)
         0.001  \set tid random(1, 10 * :scale)
         0.001  \set delta random(-5000, 5000)
         0.128  BEGIN;
       486.178  UPDATE pgbench_accounts SET abalance = abalance + :delta WHERE aid = :aid;
         0.678  SELECT abalance FROM pgbench_accounts WHERE aid = :aid;
       194.783  UPDATE pgbench_tellers SET tbalance = tbalance + :delta WHERE tid = :tid;
       108.755  UPDATE pgbench_branches SET bbalance = bbalance + :delta WHERE bid = :bid;
        65.211  INSERT INTO pgbench_history (tid, bid, aid, delta, mtime) VALUES (:tid, :bid, :aid, :delta, CURRENT_TIMESTAMP);
       196.320  END;
avg-cpu:  %user   %nice %system %iowait  %steal   %idle
           0,38    0,00    0,27   20,52    0,00   78,83

Device:         rrqm/s   wrqm/s     r/s     w/s    rkB/s    wkB/s avgrq-sz avgqu-sz   await r_await w_await  svctm  %util
sdb               0,00     3,65    5,36  126,58    45,09   918,25    14,60    19,05  144,37   25,76  149,39   5,02  66,27
sda               0,02     3,64   20,33  126,59   172,48   918,25    14,85    12,17   82,83   32,50   90,91   5,39  79,17
md0               0,00     0,00    0,04    0,61     0,17     2,45     8,00     0,00    0,00    0,00    0,00   0,00   0,00
md1               0,00     0,00    0,00    0,00     0,00     0,00     0,00     0,00    0,00    0,00    0,00   0,00   0,00
md2               0,00     0,00   25,66  129,23   217,40   914,95    14,62     0,00    0,00    0,00    0,00   0,00   0,00
md3               0,00     0,00    0,00    0,01     0,00     0,04     8,00     0,00    0,00    0,00    0,00   0,00   0,00

Control File Changes
--- /usr/local/oldpgsql/2008-07-01-REL8_4_0~1498/before.controldata	2016-08-21 01:18:12.275938146 +0200
+++ /usr/local/oldpgsql/2008-07-01-REL8_4_0~1498/after.controldata	2016-08-21 01:34:40.294963034 +0200
@@ -5,4 +5,4 @@
-pg_control last modified:             Sat Aug 20 23:18:12 2016
-Latest checkpoint location:           0/F0E5F6B0
-Prior checkpoint location:            0/E4E89590
-Latest checkpoint's REDO location:    0/F0E5F6B0
+pg_control last modified:             Sat Aug 20 23:34:40 2016
+Latest checkpoint location:           1/835DCD8
+Prior checkpoint location:            1/835DC90
+Latest checkpoint's REDO location:    1/835DCD8
@@ -10,2 +10,2 @@
-Latest checkpoint's NextXID:          0/167477
-Latest checkpoint's NextOID:          16477
+Latest checkpoint's NextXID:          0/194919
+Latest checkpoint's NextOID:          24669
@@ -14 +14 @@
-Time of latest checkpoint:            Sat Aug 20 23:17:42 2016
+Time of latest checkpoint:            Sat Aug 20 23:34:21 2016
size after pgbench of pgbench_branches: 256
size after pgbench of pgbench_accounts: 810412
size after pgbench of pgbench_branches_pkey: 32
size after pgbench of pgbench_tellers_pkey: 88
size after pgbench of pgbench_tellers: 360
size after pgbench of pgbench_accounts_pkey: 658092
size after pgbench of pgbench_history: 3080
total size after pgbench: 1472320
End Time: 2016-08-20 23:34:40+00:00
========================================================================
