ERROR:  syntax error at or near "("
LINE 1: ...t null,bid int,tbalance int,filler char(84)) with (fillfacto...
                                                             ^
starting vacuum...ERROR:  relation "pgbench_tellers" does not exist
(ignoring this error and continuing anyway)
end.
client 24 aborted in state 7: ERROR:  relation "pgbench_tellers" does not exist
client 2 aborted in state 7: ERROR:  relation "pgbench_tellers" does not exist
client 1 aborted in state 7: ERROR:  relation "pgbench_tellers" does not exist
client 28 aborted in state 7: ERROR:  relation "pgbench_tellers" does not exist
client 12 aborted in state 7: ERROR:  relation "pgbench_tellers" does not exist
client 18 aborted in state 7: ERROR:  relation "pgbench_tellers" does not exist
client 26 aborted in state 7: ERROR:  relation "pgbench_tellers" does not exist
client 11 aborted in state 7: ERROR:  relation "pgbench_tellers" does not exist
client 19 aborted in state 7: ERROR:  relation "pgbench_tellers" does not exist
client 30 aborted in state 7: ERROR:  relation "pgbench_tellers" does not exist
client 8 aborted in state 7: ERROR:  relation "pgbench_tellers" does not exist
client 6 aborted in state 7: ERROR:  relation "pgbench_tellers" does not exist
client 10 aborted in state 7: ERROR:  relation "pgbench_tellers" does not exist
client 5 aborted in state 7: ERROR:  relation "pgbench_tellers" does not exist
client 14 aborted in state 7: ERROR:  relation "pgbench_tellers" does not exist
client 31 aborted in state 7: ERROR:  relation "pgbench_tellers" does not exist
client 9 aborted in state 7: ERROR:  relation "pgbench_tellers" does not exist
client 7 aborted in state 7: ERROR:  relation "pgbench_tellers" does not exist
client 3 aborted in state 7: ERROR:  relation "pgbench_tellers" does not exist
client 21 aborted in state 7: ERROR:  relation "pgbench_tellers" does not exist
client 27 aborted in state 7: ERROR:  relation "pgbench_tellers" does not exist
client 22 aborted in state 7: ERROR:  relation "pgbench_tellers" does not exist
client 0 aborted in state 7: ERROR:  relation "pgbench_tellers" does not exist
client 23 aborted in state 7: ERROR:  relation "pgbench_tellers" does not exist
client 20 aborted in state 7: ERROR:  relation "pgbench_tellers" does not exist
client 29 aborted in state 7: ERROR:  relation "pgbench_tellers" does not exist
client 17 aborted in state 7: ERROR:  relation "pgbench_tellers" does not exist
client 4 aborted in state 7: ERROR:  relation "pgbench_tellers" does not exist
client 15 aborted in state 7: ERROR:  relation "pgbench_tellers" does not exist
client 16 aborted in state 7: ERROR:  relation "pgbench_tellers" does not exist
client 13 aborted in state 7: ERROR:  relation "pgbench_tellers" does not exist
client 25 aborted in state 7: ERROR:  relation "pgbench_tellers" does not exist
transaction type: <builtin: TPC-B (sort of)>
scaling factor: 300
query mode: simple
number of clients: 32
number of threads: 4
duration: 60 s
number of transactions actually processed: 0
starting vacuum...ERROR:  relation "pgbench_tellers" does not exist
(ignoring this error and continuing anyway)
end.
client 0 aborted in state 7: ERROR:  relation "pgbench_tellers" does not exist
client 30 aborted in state 7: ERROR:  relation "pgbench_tellers" does not exist
client 29 aborted in state 7: ERROR:  relation "pgbench_tellers" does not exist
client 17 aborted in state 7: ERROR:  relation "pgbench_tellers" does not exist
client 8 aborted in state 7: ERROR:  relation "pgbench_tellers" does not exist
client 24 aborted in state 7: ERROR:  relation "pgbench_tellers" does not exist
client 19 aborted in state 7: ERROR:  relation "pgbench_tellers" does not exist
client 12 aborted in state 7: ERROR:  relation "pgbench_tellers" does not exist
client 31 aborted in state 7: ERROR:  relation "pgbench_tellers" does not exist
client 5 aborted in state 7: ERROR:  relation "pgbench_tellers" does not exist
client 11 aborted in state 7: ERROR:  relation "pgbench_tellers" does not exist
client 6 aborted in state 7: ERROR:  relation "pgbench_tellers" does not exist
client 7 aborted in state 7: ERROR:  relation "pgbench_tellers" does not exist
client 15 aborted in state 7: ERROR:  relation "pgbench_tellers" does not exist
client 22 aborted in state 7: ERROR:  relation "pgbench_tellers" does not exist
client 18 aborted in state 7: ERROR:  relation "pgbench_tellers" does not exist
client 26 aborted in state 7: ERROR:  relation "pgbench_tellers" does not exist
client 20 aborted in state 7: ERROR:  relation "pgbench_tellers" does not exist
client 3 aborted in state 7: ERROR:  relation "pgbench_tellers" does not exist
client 28 aborted in state 7: ERROR:  relation "pgbench_tellers" does not exist
client 1 aborted in state 7: ERROR:  relation "pgbench_tellers" does not exist
client 9 aborted in state 7: ERROR:  relation "pgbench_tellers" does not exist
client 25 aborted in state 7: ERROR:  relation "pgbench_tellers" does not exist
client 13 aborted in state 7: ERROR:  relation "pgbench_tellers" does not exist
client 16 aborted in state 7: ERROR:  relation "pgbench_tellers" does not exist
client 2 aborted in state 7: ERROR:  relation "pgbench_tellers" does not exist
client 10 aborted in state 7: ERROR:  relation "pgbench_tellers" does not exist
client 14 aborted in state 7: ERROR:  relation "pgbench_tellers" does not exist
client 21 aborted in state 7: ERROR:  relation "pgbench_tellers" does not exist
client 23 aborted in state 7: ERROR:  relation "pgbench_tellers" does not exist
client 4 aborted in state 7: ERROR:  relation "pgbench_tellers" does not exist
client 27 aborted in state 7: ERROR:  relation "pgbench_tellers" does not exist
transaction type: <builtin: TPC-B (sort of)>
scaling factor: 300
query mode: simple
number of clients: 32
number of threads: 4
duration: 60 s
number of transactions actually processed: 0
starting vacuum...ERROR:  relation "pgbench_tellers" does not exist
(ignoring this error and continuing anyway)
end.
client 18 aborted in state 7: ERROR:  relation "pgbench_tellers" does not exist
client 26 aborted in state 7: ERROR:  relation "pgbench_tellers" does not exist
client 19 aborted in state 7: ERROR:  relation "pgbench_tellers" does not exist
client 11 aborted in state 7: ERROR:  relation "pgbench_tellers" does not exist
client 6 aborted in state 7: ERROR:  relation "pgbench_tellers" does not exist
client 23 aborted in state 7: ERROR:  relation "pgbench_tellers" does not exist
client 13 aborted in state 7: ERROR:  relation "pgbench_tellers" does not exist
client 7 aborted in state 7: ERROR:  relation "pgbench_tellers" does not exist
client 20 aborted in state 7: ERROR:  relation "pgbench_tellers" does not exist
client 10 aborted in state 7: ERROR:  relation "pgbench_tellers" does not exist
client 21 aborted in state 7: ERROR:  relation "pgbench_tellers" does not exist
client 5 aborted in state 7: ERROR:  relation "pgbench_tellers" does not exist
client 25 aborted in state 7: ERROR:  relation "pgbench_tellers" does not exist
client 14 aborted in state 7: ERROR:  relation "pgbench_tellers" does not exist
client 16 aborted in state 7: ERROR:  relation "pgbench_tellers" does not exist
client 28 aborted in state 7: ERROR:  relation "pgbench_tellers" does not exist
client 17 aborted in state 7: ERROR:  relation "pgbench_tellers" does not exist
client 27 aborted in state 7: ERROR:  relation "pgbench_tellers" does not exist
client 1 aborted in state 7: ERROR:  relation "pgbench_tellers" does not exist
client 12 aborted in state 7: ERROR:  relation "pgbench_tellers" does not exist
client 2 aborted in state 7: ERROR:  relation "pgbench_tellers" does not exist
client 30 aborted in state 7: ERROR:  relation "pgbench_tellers" does not exist
client 0 aborted in state 7: ERROR:  relation "pgbench_tellers" does not exist
client 24 aborted in state 7: ERROR:  relation "pgbench_tellers" does not exist
client 4 aborted in state 7: ERROR:  relation "pgbench_tellers" does not exist
client 9 aborted in state 7: ERROR:  relation "pgbench_tellers" does not exist
client 3 aborted in state 7: ERROR:  relation "pgbench_tellers" does not exist
client 15 aborted in state 7: ERROR:  relation "pgbench_tellers" does not exist
client 22 aborted in state 7: ERROR:  relation "pgbench_tellers" does not exist
client 8 aborted in state 7: ERROR:  relation "pgbench_tellers" does not exist
client 29 aborted in state 7: ERROR:  relation "pgbench_tellers" does not exist
client 31 aborted in state 7: ERROR:  relation "pgbench_tellers" does not exist
transaction type: <builtin: TPC-B (sort of)>
scaling factor: 300
query mode: simple
number of clients: 32
number of threads: 4
duration: 900 s
number of transactions actually processed: 0
starting vacuum...ERROR:  relation "pgbench_tellers" does not exist
(ignoring this error and continuing anyway)
end.
client 20 aborted in state 7: ERROR:  relation "pgbench_tellers" does not exist
client 19 aborted in state 7: ERROR:  relation "pgbench_tellers" does not exist
client 4 aborted in state 7: ERROR:  relation "pgbench_tellers" does not exist
client 21 aborted in state 7: ERROR:  relation "pgbench_tellers" does not exist
client 25 aborted in state 7: ERROR:  relation "pgbench_tellers" does not exist
client 31 aborted in state 7: ERROR:  relation "pgbench_tellers" does not exist
client 28 aborted in state 7: ERROR:  relation "pgbench_tellers" does not exist
client 26 aborted in state 7: ERROR:  relation "pgbench_tellers" does not exist
client 10 aborted in state 7: ERROR:  relation "pgbench_tellers" does not exist
client 23 aborted in state 7: ERROR:  relation "pgbench_tellers" does not exist
client 27 aborted in state 7: ERROR:  relation "pgbench_tellers" does not exist
client 17 aborted in state 7: ERROR:  relation "pgbench_tellers" does not exist
client 5 aborted in state 7: ERROR:  relation "pgbench_tellers" does not exist
client 9 aborted in state 7: ERROR:  relation "pgbench_tellers" does not exist
client 3 aborted in state 7: ERROR:  relation "pgbench_tellers" does not exist
client 8 aborted in state 7: ERROR:  relation "pgbench_tellers" does not exist
client 24 aborted in state 7: ERROR:  relation "pgbench_tellers" does not exist
client 30 aborted in state 7: ERROR:  relation "pgbench_tellers" does not exist
client 11 aborted in state 7: ERROR:  relation "pgbench_tellers" does not exist
client 22 aborted in state 7: ERROR:  relation "pgbench_tellers" does not exist
client 16 aborted in state 7: ERROR:  relation "pgbench_tellers" does not exist
client 29 aborted in state 7: ERROR:  relation "pgbench_tellers" does not exist
client 0 aborted in state 7: ERROR:  relation "pgbench_tellers" does not exist
client 14 aborted in state 7: ERROR:  relation "pgbench_tellers" does not exist
client 15 aborted in state 7: ERROR:  relation "pgbench_tellers" does not exist
client 18 aborted in state 7: ERROR:  relation "pgbench_tellers" does not exist
client 12 aborted in state 7: ERROR:  relation "pgbench_tellers" does not exist
client 1 aborted in state 7: ERROR:  relation "pgbench_tellers" does not exist
client 6 aborted in state 7: ERROR:  relation "pgbench_tellers" does not exist
client 13 aborted in state 7: ERROR:  relation "pgbench_tellers" does not exist
client 2 aborted in state 7: ERROR:  relation "pgbench_tellers" does not exist
client 7 aborted in state 7: ERROR:  relation "pgbench_tellers" does not exist
transaction type: <builtin: TPC-B (sort of)>
scaling factor: 300
query mode: simple
number of clients: 32
number of threads: 4
duration: 900 s
number of transactions actually processed: 0
starting vacuum...ERROR:  relation "pgbench_tellers" does not exist
(ignoring this error and continuing anyway)
end.
client 12 aborted in state 7: ERROR:  relation "pgbench_tellers" does not exist
client 21 aborted in state 7: ERROR:  relation "pgbench_tellers" does not exist
client 13 aborted in state 7: ERROR:  relation "pgbench_tellers" does not exist
client 15 aborted in state 7: ERROR:  relation "pgbench_tellers" does not exist
client 16 aborted in state 7: ERROR:  relation "pgbench_tellers" does not exist
client 27 aborted in state 7: ERROR:  relation "pgbench_tellers" does not exist
client 1 aborted in state 7: ERROR:  relation "pgbench_tellers" does not exist
client 18 aborted in state 7: ERROR:  relation "pgbench_tellers" does not exist
client 5 aborted in state 7: ERROR:  relation "pgbench_tellers" does not exist
client 20 aborted in state 7: ERROR:  relation "pgbench_tellers" does not exist
client 10 aborted in state 7: ERROR:  relation "pgbench_tellers" does not exist
client 28 aborted in state 7: ERROR:  relation "pgbench_tellers" does not exist
client 9 aborted in state 7: ERROR:  relation "pgbench_tellers" does not exist
client 11 aborted in state 7: ERROR:  relation "pgbench_tellers" does not exist
client 22 aborted in state 7: ERROR:  relation "pgbench_tellers" does not exist
client 26 aborted in state 7: ERROR:  relation "pgbench_tellers" does not exist
client 8 aborted in state 7: ERROR:  relation "pgbench_tellers" does not exist
client 19 aborted in state 7: ERROR:  relation "pgbench_tellers" does not exist
client 31 aborted in state 7: ERROR:  relation "pgbench_tellers" does not exist
client 23 aborted in state 7: ERROR:  relation "pgbench_tellers" does not exist
client 24 aborted in state 7: ERROR:  relation "pgbench_tellers" does not exist
client 2 aborted in state 7: ERROR:  relation "pgbench_tellers" does not exist
client 4 aborted in state 7: ERROR:  relation "pgbench_tellers" does not exist
client 3 aborted in state 7: ERROR:  relation "pgbench_tellers" does not exist
client 6 aborted in state 7: ERROR:  relation "pgbench_tellers" does not exist
client 14 aborted in state 7: ERROR:  relation "pgbench_tellers" does not exist
client 30 aborted in state 7: ERROR:  relation "pgbench_tellers" does not exist
client 29 aborted in state 7: ERROR:  relation "pgbench_tellers" does not exist
client 0 aborted in state 7: ERROR:  relation "pgbench_tellers" does not exist
client 25 aborted in state 7: ERROR:  relation "pgbench_tellers" does not exist
client 17 aborted in state 7: ERROR:  relation "pgbench_tellers" does not exist
client 7 aborted in state 7: ERROR:  relation "pgbench_tellers" does not exist
transaction type: <builtin: TPC-B (sort of)>
scaling factor: 300
query mode: simple
number of clients: 32
number of threads: 4
duration: 900 s
number of transactions actually processed: 0
Initializing pgbench scale factor 300 on 2005-12-07-REL8_2_0~2170...
ERROR:  table "pgbench_tellers" does not exist
(ignoring this error and continuing anyway)
creating tables...
100000 of 30000000 tuples (0%) done (elapsed 7.09 s, remaining 2119.86 s)
200000 of 30000000 tuples (0%) done (elapsed 12.93 s, remaining 1927.10 s)
300000 of 30000000 tuples (1%) done (elapsed 17.29 s, remaining 1712.12 s)
400000 of 30000000 tuples (1%) done (elapsed 21.65 s, remaining 1602.24 s)
500000 of 30000000 tuples (1%) done (elapsed 26.39 s, remaining 1557.27 s)
600000 of 30000000 tuples (2%) done (elapsed 31.89 s, remaining 1562.70 s)
700000 of 30000000 tuples (2%) done (elapsed 36.92 s, remaining 1545.23 s)
800000 of 30000000 tuples (2%) done (elapsed 41.35 s, remaining 1509.34 s)
900000 of 30000000 tuples (3%) done (elapsed 46.45 s, remaining 1501.74 s)
1000000 of 30000000 tuples (3%) done (elapsed 50.85 s, remaining 1474.60 s)
1100000 of 30000000 tuples (3%) done (elapsed 55.21 s, remaining 1450.65 s)
1200000 of 30000000 tuples (4%) done (elapsed 59.96 s, remaining 1439.05 s)
1300000 of 30000000 tuples (4%) done (elapsed 65.29 s, remaining 1441.50 s)
1400000 of 30000000 tuples (4%) done (elapsed 70.34 s, remaining 1437.02 s)
1500000 of 30000000 tuples (5%) done (elapsed 77.04 s, remaining 1463.83 s)
1600000 of 30000000 tuples (5%) done (elapsed 83.26 s, remaining 1477.95 s)
1700000 of 30000000 tuples (5%) done (elapsed 87.67 s, remaining 1459.45 s)
1800000 of 30000000 tuples (6%) done (elapsed 91.97 s, remaining 1440.82 s)
1900000 of 30000000 tuples (6%) done (elapsed 96.48 s, remaining 1426.94 s)
2000000 of 30000000 tuples (6%) done (elapsed 101.32 s, remaining 1418.48 s)
2100000 of 30000000 tuples (7%) done (elapsed 107.58 s, remaining 1429.25 s)
2200000 of 30000000 tuples (7%) done (elapsed 112.00 s, remaining 1415.33 s)
2300000 of 30000000 tuples (7%) done (elapsed 116.35 s, remaining 1401.30 s)
2400000 of 30000000 tuples (8%) done (elapsed 120.65 s, remaining 1387.49 s)
2500000 of 30000000 tuples (8%) done (elapsed 124.97 s, remaining 1374.72 s)
2600000 of 30000000 tuples (8%) done (elapsed 130.04 s, remaining 1370.40 s)
2700000 of 30000000 tuples (9%) done (elapsed 134.88 s, remaining 1363.75 s)
2800000 of 30000000 tuples (9%) done (elapsed 139.23 s, remaining 1352.53 s)
2900000 of 30000000 tuples (9%) done (elapsed 145.33 s, remaining 1358.08 s)
3000000 of 30000000 tuples (10%) done (elapsed 149.82 s, remaining 1348.38 s)
3100000 of 30000000 tuples (10%) done (elapsed 154.46 s, remaining 1340.28 s)
3200000 of 30000000 tuples (10%) done (elapsed 158.55 s, remaining 1327.86 s)
3300000 of 30000000 tuples (11%) done (elapsed 162.85 s, remaining 1317.58 s)
3400000 of 30000000 tuples (11%) done (elapsed 169.33 s, remaining 1324.74 s)
3500000 of 30000000 tuples (11%) done (elapsed 173.84 s, remaining 1316.25 s)
3600000 of 30000000 tuples (12%) done (elapsed 178.83 s, remaining 1311.43 s)
3700000 of 30000000 tuples (12%) done (elapsed 183.14 s, remaining 1301.79 s)
3800000 of 30000000 tuples (12%) done (elapsed 187.61 s, remaining 1293.49 s)
3900000 of 30000000 tuples (13%) done (elapsed 191.89 s, remaining 1284.22 s)
4000000 of 30000000 tuples (13%) done (elapsed 196.26 s, remaining 1275.66 s)
4100000 of 30000000 tuples (13%) done (elapsed 201.73 s, remaining 1274.35 s)
4200000 of 30000000 tuples (14%) done (elapsed 206.60 s, remaining 1269.14 s)
4300000 of 30000000 tuples (14%) done (elapsed 210.89 s, remaining 1260.45 s)
4400000 of 30000000 tuples (14%) done (elapsed 216.33 s, remaining 1258.63 s)
4500000 of 30000000 tuples (15%) done (elapsed 221.00 s, remaining 1252.33 s)
4600000 of 30000000 tuples (15%) done (elapsed 225.38 s, remaining 1244.52 s)
4700000 of 30000000 tuples (15%) done (elapsed 229.69 s, remaining 1236.40 s)
4800000 of 30000000 tuples (16%) done (elapsed 234.83 s, remaining 1232.86 s)
4900000 of 30000000 tuples (16%) done (elapsed 240.78 s, remaining 1233.38 s)
5000000 of 30000000 tuples (16%) done (elapsed 245.41 s, remaining 1227.04 s)
5100000 of 30000000 tuples (17%) done (elapsed 249.94 s, remaining 1220.31 s)
5200000 of 30000000 tuples (17%) done (elapsed 254.49 s, remaining 1213.70 s)
5300000 of 30000000 tuples (17%) done (elapsed 258.84 s, remaining 1206.31 s)
5400000 of 30000000 tuples (18%) done (elapsed 263.14 s, remaining 1198.77 s)
5500000 of 30000000 tuples (18%) done (elapsed 269.73 s, remaining 1201.54 s)
5600000 of 30000000 tuples (18%) done (elapsed 273.86 s, remaining 1193.23 s)
5700000 of 30000000 tuples (19%) done (elapsed 278.14 s, remaining 1185.74 s)
5800000 of 30000000 tuples (19%) done (elapsed 282.43 s, remaining 1178.40 s)
5900000 of 30000000 tuples (19%) done (elapsed 287.05 s, remaining 1172.52 s)
6000000 of 30000000 tuples (20%) done (elapsed 291.84 s, remaining 1167.36 s)
6100000 of 30000000 tuples (20%) done (elapsed 296.13 s, remaining 1160.24 s)
6200000 of 30000000 tuples (20%) done (elapsed 302.58 s, remaining 1161.50 s)
6300000 of 30000000 tuples (21%) done (elapsed 307.03 s, remaining 1155.02 s)
6400000 of 30000000 tuples (21%) done (elapsed 311.32 s, remaining 1147.98 s)
6500000 of 30000000 tuples (21%) done (elapsed 316.00 s, remaining 1142.47 s)
6600000 of 30000000 tuples (22%) done (elapsed 320.38 s, remaining 1135.89 s)
6700000 of 30000000 tuples (22%) done (elapsed 326.31 s, remaining 1134.78 s)
6800000 of 30000000 tuples (22%) done (elapsed 331.54 s, remaining 1131.14 s)
6900000 of 30000000 tuples (23%) done (elapsed 336.16 s, remaining 1125.40 s)
7000000 of 30000000 tuples (23%) done (elapsed 340.66 s, remaining 1119.31 s)
7100000 of 30000000 tuples (23%) done (elapsed 344.91 s, remaining 1112.45 s)
7200000 of 30000000 tuples (24%) done (elapsed 349.06 s, remaining 1105.36 s)
7300000 of 30000000 tuples (24%) done (elapsed 353.23 s, remaining 1098.41 s)
7400000 of 30000000 tuples (24%) done (elapsed 357.95 s, remaining 1093.21 s)
7500000 of 30000000 tuples (25%) done (elapsed 362.79 s, remaining 1088.37 s)
7600000 of 30000000 tuples (25%) done (elapsed 367.89 s, remaining 1084.32 s)
7700000 of 30000000 tuples (25%) done (elapsed 372.08 s, remaining 1077.59 s)
7800000 of 30000000 tuples (26%) done (elapsed 376.18 s, remaining 1070.66 s)
7900000 of 30000000 tuples (26%) done (elapsed 380.88 s, remaining 1065.51 s)
8000000 of 30000000 tuples (26%) done (elapsed 385.56 s, remaining 1060.30 s)
8100000 of 30000000 tuples (27%) done (elapsed 389.73 s, remaining 1053.71 s)
8200000 of 30000000 tuples (27%) done (elapsed 394.07 s, remaining 1047.66 s)
8300000 of 30000000 tuples (27%) done (elapsed 400.04 s, remaining 1045.90 s)
8400000 of 30000000 tuples (28%) done (elapsed 405.30 s, remaining 1042.20 s)
8500000 of 30000000 tuples (28%) done (elapsed 409.47 s, remaining 1035.71 s)
8600000 of 30000000 tuples (28%) done (elapsed 413.74 s, remaining 1029.53 s)
8700000 of 30000000 tuples (29%) done (elapsed 417.92 s, remaining 1023.19 s)
8800000 of 30000000 tuples (29%) done (elapsed 422.35 s, remaining 1017.48 s)
8900000 of 30000000 tuples (29%) done (elapsed 427.22 s, remaining 1012.84 s)
9000000 of 30000000 tuples (30%) done (elapsed 433.23 s, remaining 1010.87 s)
9100000 of 30000000 tuples (30%) done (elapsed 440.79 s, remaining 1012.37 s)
9200000 of 30000000 tuples (30%) done (elapsed 445.33 s, remaining 1006.83 s)
9300000 of 30000000 tuples (31%) done (elapsed 449.54 s, remaining 1000.60 s)
9400000 of 30000000 tuples (31%) done (elapsed 454.05 s, remaining 995.04 s)
9500000 of 30000000 tuples (31%) done (elapsed 458.28 s, remaining 988.91 s)
9600000 of 30000000 tuples (32%) done (elapsed 462.46 s, remaining 982.72 s)
9700000 of 30000000 tuples (32%) done (elapsed 469.05 s, remaining 981.63 s)
9800000 of 30000000 tuples (32%) done (elapsed 473.27 s, remaining 975.51 s)
9900000 of 30000000 tuples (33%) done (elapsed 477.77 s, remaining 970.03 s)
10000000 of 30000000 tuples (33%) done (elapsed 483.25 s, remaining 966.49 s)
10100000 of 30000000 tuples (33%) done (elapsed 487.40 s, remaining 960.32 s)
10200000 of 30000000 tuples (34%) done (elapsed 491.89 s, remaining 954.85 s)
10300000 of 30000000 tuples (34%) done (elapsed 495.99 s, remaining 948.64 s)
10400000 of 30000000 tuples (34%) done (elapsed 501.51 s, remaining 945.15 s)
10500000 of 30000000 tuples (35%) done (elapsed 505.69 s, remaining 939.13 s)
10600000 of 30000000 tuples (35%) done (elapsed 510.08 s, remaining 933.54 s)
10700000 of 30000000 tuples (35%) done (elapsed 514.16 s, remaining 927.41 s)
10800000 of 30000000 tuples (36%) done (elapsed 518.25 s, remaining 921.33 s)
10900000 of 30000000 tuples (36%) done (elapsed 522.63 s, remaining 915.81 s)
11000000 of 30000000 tuples (36%) done (elapsed 526.86 s, remaining 910.03 s)
11100000 of 30000000 tuples (37%) done (elapsed 532.69 s, remaining 907.02 s)
11200000 of 30000000 tuples (37%) done (elapsed 537.34 s, remaining 901.96 s)
11300000 of 30000000 tuples (37%) done (elapsed 541.77 s, remaining 896.55 s)
11400000 of 30000000 tuples (38%) done (elapsed 545.85 s, remaining 890.60 s)
11500000 of 30000000 tuples (38%) done (elapsed 550.22 s, remaining 885.14 s)
11600000 of 30000000 tuples (38%) done (elapsed 554.30 s, remaining 879.24 s)
11700000 of 30000000 tuples (39%) done (elapsed 558.84 s, remaining 874.09 s)
11800000 of 30000000 tuples (39%) done (elapsed 563.00 s, remaining 868.35 s)
11900000 of 30000000 tuples (39%) done (elapsed 569.47 s, remaining 866.16 s)
12000000 of 30000000 tuples (40%) done (elapsed 573.60 s, remaining 860.39 s)
12100000 of 30000000 tuples (40%) done (elapsed 578.12 s, remaining 855.24 s)
12200000 of 30000000 tuples (40%) done (elapsed 582.20 s, remaining 849.44 s)
12300000 of 30000000 tuples (41%) done (elapsed 586.58 s, remaining 844.11 s)
12400000 of 30000000 tuples (41%) done (elapsed 590.67 s, remaining 838.36 s)
12500000 of 30000000 tuples (41%) done (elapsed 596.33 s, remaining 834.86 s)
12600000 of 30000000 tuples (42%) done (elapsed 601.26 s, remaining 830.31 s)
12700000 of 30000000 tuples (42%) done (elapsed 605.77 s, remaining 825.18 s)
12800000 of 30000000 tuples (42%) done (elapsed 609.89 s, remaining 819.54 s)
12900000 of 30000000 tuples (43%) done (elapsed 614.27 s, remaining 814.27 s)
13000000 of 30000000 tuples (43%) done (elapsed 618.36 s, remaining 808.62 s)
13100000 of 30000000 tuples (43%) done (elapsed 622.86 s, remaining 803.54 s)
13200000 of 30000000 tuples (44%) done (elapsed 628.24 s, remaining 799.57 s)
13300000 of 30000000 tuples (44%) done (elapsed 633.39 s, remaining 795.30 s)
13400000 of 30000000 tuples (44%) done (elapsed 638.68 s, remaining 791.20 s)
13500000 of 30000000 tuples (45%) done (elapsed 643.35 s, remaining 786.31 s)
13600000 of 30000000 tuples (45%) done (elapsed 647.43 s, remaining 780.72 s)
13700000 of 30000000 tuples (45%) done (elapsed 651.80 s, remaining 775.51 s)
13800000 of 30000000 tuples (46%) done (elapsed 656.29 s, remaining 770.43 s)
13900000 of 30000000 tuples (46%) done (elapsed 660.81 s, remaining 765.40 s)
14000000 of 30000000 tuples (46%) done (elapsed 665.01 s, remaining 760.01 s)
14100000 of 30000000 tuples (47%) done (elapsed 670.29 s, remaining 755.85 s)
14200000 of 30000000 tuples (47%) done (elapsed 674.42 s, remaining 750.41 s)
14300000 of 30000000 tuples (47%) done (elapsed 678.92 s, remaining 745.38 s)
14400000 of 30000000 tuples (48%) done (elapsed 683.01 s, remaining 739.93 s)
14500000 of 30000000 tuples (48%) done (elapsed 688.28 s, remaining 735.74 s)
14600000 of 30000000 tuples (48%) done (elapsed 692.36 s, remaining 730.30 s)
14700000 of 30000000 tuples (49%) done (elapsed 696.95 s, remaining 725.39 s)
14800000 of 30000000 tuples (49%) done (elapsed 701.79 s, remaining 720.76 s)
14900000 of 30000000 tuples (49%) done (elapsed 706.30 s, remaining 715.78 s)
15000000 of 30000000 tuples (50%) done (elapsed 710.33 s, remaining 710.33 s)
15100000 of 30000000 tuples (50%) done (elapsed 714.90 s, remaining 705.43 s)
15200000 of 30000000 tuples (50%) done (elapsed 720.54 s, remaining 701.58 s)
15300000 of 30000000 tuples (51%) done (elapsed 724.93 s, remaining 696.50 s)
15400000 of 30000000 tuples (51%) done (elapsed 729.08 s, remaining 691.21 s)
15500000 of 30000000 tuples (51%) done (elapsed 734.24 s, remaining 686.87 s)
15600000 of 30000000 tuples (52%) done (elapsed 738.79 s, remaining 681.96 s)
15700000 of 30000000 tuples (52%) done (elapsed 743.20 s, remaining 676.93 s)
15800000 of 30000000 tuples (52%) done (elapsed 748.22 s, remaining 672.45 s)
15900000 of 30000000 tuples (53%) done (elapsed 753.23 s, remaining 667.96 s)
16000000 of 30000000 tuples (53%) done (elapsed 757.31 s, remaining 662.65 s)
16100000 of 30000000 tuples (53%) done (elapsed 761.69 s, remaining 657.61 s)
16200000 of 30000000 tuples (54%) done (elapsed 766.12 s, remaining 652.62 s)
16300000 of 30000000 tuples (54%) done (elapsed 771.20 s, remaining 648.18 s)
16400000 of 30000000 tuples (54%) done (elapsed 775.34 s, remaining 642.96 s)
16500000 of 30000000 tuples (55%) done (elapsed 780.06 s, remaining 638.23 s)
16600000 of 30000000 tuples (55%) done (elapsed 785.27 s, remaining 633.89 s)
16700000 of 30000000 tuples (55%) done (elapsed 790.70 s, remaining 629.72 s)
16800000 of 30000000 tuples (56%) done (elapsed 794.86 s, remaining 624.53 s)
16900000 of 30000000 tuples (56%) done (elapsed 799.45 s, remaining 619.69 s)
17000000 of 30000000 tuples (56%) done (elapsed 804.45 s, remaining 615.17 s)
17100000 of 30000000 tuples (57%) done (elapsed 808.58 s, remaining 609.98 s)
17200000 of 30000000 tuples (57%) done (elapsed 813.02 s, remaining 605.04 s)
17300000 of 30000000 tuples (57%) done (elapsed 817.75 s, remaining 600.31 s)
17400000 of 30000000 tuples (58%) done (elapsed 822.24 s, remaining 595.41 s)
17500000 of 30000000 tuples (58%) done (elapsed 826.32 s, remaining 590.23 s)
17600000 of 30000000 tuples (58%) done (elapsed 830.82 s, remaining 585.35 s)
17700000 of 30000000 tuples (59%) done (elapsed 835.90 s, remaining 580.88 s)
17800000 of 30000000 tuples (59%) done (elapsed 840.44 s, remaining 576.03 s)
17900000 of 30000000 tuples (59%) done (elapsed 845.34 s, remaining 571.43 s)
18000000 of 30000000 tuples (60%) done (elapsed 849.88 s, remaining 566.59 s)
18100000 of 30000000 tuples (60%) done (elapsed 854.02 s, remaining 561.48 s)
18200000 of 30000000 tuples (60%) done (elapsed 858.55 s, remaining 556.64 s)
18300000 of 30000000 tuples (61%) done (elapsed 862.63 s, remaining 551.52 s)
18400000 of 30000000 tuples (61%) done (elapsed 867.80 s, remaining 547.09 s)
18500000 of 30000000 tuples (61%) done (elapsed 872.41 s, remaining 542.31 s)
18600000 of 30000000 tuples (62%) done (elapsed 878.06 s, remaining 538.16 s)
18700000 of 30000000 tuples (62%) done (elapsed 882.15 s, remaining 533.06 s)
18800000 of 30000000 tuples (62%) done (elapsed 886.63 s, remaining 528.20 s)
18900000 of 30000000 tuples (63%) done (elapsed 890.71 s, remaining 523.12 s)
19000000 of 30000000 tuples (63%) done (elapsed 895.10 s, remaining 518.22 s)
19100000 of 30000000 tuples (63%) done (elapsed 899.17 s, remaining 513.14 s)
19200000 of 30000000 tuples (64%) done (elapsed 904.44 s, remaining 508.75 s)
19300000 of 30000000 tuples (64%) done (elapsed 909.97 s, remaining 504.49 s)
19400000 of 30000000 tuples (64%) done (elapsed 914.35 s, remaining 499.59 s)
19500000 of 30000000 tuples (65%) done (elapsed 918.42 s, remaining 494.53 s)
19600000 of 30000000 tuples (65%) done (elapsed 922.99 s, remaining 489.75 s)
19700000 of 30000000 tuples (65%) done (elapsed 927.01 s, remaining 484.68 s)
19800000 of 30000000 tuples (66%) done (elapsed 931.49 s, remaining 479.86 s)
19900000 of 30000000 tuples (66%) done (elapsed 937.58 s, remaining 475.86 s)
20000000 of 30000000 tuples (66%) done (elapsed 941.97 s, remaining 470.99 s)
20100000 of 30000000 tuples (67%) done (elapsed 947.12 s, remaining 466.49 s)
20200000 of 30000000 tuples (67%) done (elapsed 951.57 s, remaining 461.65 s)
20300000 of 30000000 tuples (67%) done (elapsed 955.76 s, remaining 456.69 s)
20400000 of 30000000 tuples (68%) done (elapsed 960.55 s, remaining 452.02 s)
20500000 of 30000000 tuples (68%) done (elapsed 964.62 s, remaining 447.02 s)
20600000 of 30000000 tuples (68%) done (elapsed 970.23 s, remaining 442.73 s)
20700000 of 30000000 tuples (69%) done (elapsed 974.62 s, remaining 437.87 s)
20800000 of 30000000 tuples (69%) done (elapsed 979.26 s, remaining 433.13 s)
20900000 of 30000000 tuples (69%) done (elapsed 983.54 s, remaining 428.24 s)
21000000 of 30000000 tuples (70%) done (elapsed 987.97 s, remaining 423.41 s)
21100000 of 30000000 tuples (70%) done (elapsed 992.20 s, remaining 418.51 s)
21200000 of 30000000 tuples (70%) done (elapsed 996.66 s, remaining 413.71 s)
21300000 of 30000000 tuples (71%) done (elapsed 1000.74 s, remaining 408.75 s)
21400000 of 30000000 tuples (71%) done (elapsed 1006.89 s, remaining 404.64 s)
21500000 of 30000000 tuples (71%) done (elapsed 1011.29 s, remaining 399.81 s)
21600000 of 30000000 tuples (72%) done (elapsed 1015.67 s, remaining 394.98 s)
21700000 of 30000000 tuples (72%) done (elapsed 1019.91 s, remaining 390.10 s)
21800000 of 30000000 tuples (72%) done (elapsed 1024.29 s, remaining 385.28 s)
21900000 of 30000000 tuples (73%) done (elapsed 1028.46 s, remaining 380.39 s)
22000000 of 30000000 tuples (73%) done (elapsed 1034.48 s, remaining 376.18 s)
22100000 of 30000000 tuples (73%) done (elapsed 1039.22 s, remaining 371.49 s)
22200000 of 30000000 tuples (74%) done (elapsed 1044.18 s, remaining 366.87 s)
22300000 of 30000000 tuples (74%) done (elapsed 1049.11 s, remaining 362.25 s)
22400000 of 30000000 tuples (74%) done (elapsed 1053.57 s, remaining 357.46 s)
22500000 of 30000000 tuples (75%) done (elapsed 1057.67 s, remaining 352.56 s)
22600000 of 30000000 tuples (75%) done (elapsed 1062.11 s, remaining 347.77 s)
22700000 of 30000000 tuples (75%) done (elapsed 1067.37 s, remaining 343.25 s)
22800000 of 30000000 tuples (76%) done (elapsed 1072.40 s, remaining 338.65 s)
22900000 of 30000000 tuples (76%) done (elapsed 1076.72 s, remaining 333.83 s)
23000000 of 30000000 tuples (76%) done (elapsed 1081.33 s, remaining 329.10 s)
23100000 of 30000000 tuples (77%) done (elapsed 1085.43 s, remaining 324.22 s)
23200000 of 30000000 tuples (77%) done (elapsed 1089.52 s, remaining 319.34 s)
23300000 of 30000000 tuples (77%) done (elapsed 1094.69 s, remaining 314.78 s)
23400000 of 30000000 tuples (78%) done (elapsed 1100.11 s, remaining 310.29 s)
23500000 of 30000000 tuples (78%) done (elapsed 1105.40 s, remaining 305.75 s)
23600000 of 30000000 tuples (78%) done (elapsed 1109.51 s, remaining 300.88 s)
23700000 of 30000000 tuples (79%) done (elapsed 1113.91 s, remaining 296.10 s)
23800000 of 30000000 tuples (79%) done (elapsed 1118.07 s, remaining 291.26 s)
23900000 of 30000000 tuples (79%) done (elapsed 1122.47 s, remaining 286.49 s)
24000000 of 30000000 tuples (80%) done (elapsed 1126.53 s, remaining 281.63 s)
24100000 of 30000000 tuples (80%) done (elapsed 1130.93 s, remaining 276.87 s)
24200000 of 30000000 tuples (80%) done (elapsed 1136.28 s, remaining 272.33 s)
24300000 of 30000000 tuples (81%) done (elapsed 1140.87 s, remaining 267.61 s)
24400000 of 30000000 tuples (81%) done (elapsed 1145.08 s, remaining 262.80 s)
24500000 of 30000000 tuples (81%) done (elapsed 1149.53 s, remaining 258.06 s)
24600000 of 30000000 tuples (82%) done (elapsed 1153.62 s, remaining 253.23 s)
24700000 of 30000000 tuples (82%) done (elapsed 1158.00 s, remaining 248.48 s)
24800000 of 30000000 tuples (82%) done (elapsed 1162.12 s, remaining 243.67 s)
24900000 of 30000000 tuples (83%) done (elapsed 1167.77 s, remaining 239.18 s)
25000000 of 30000000 tuples (83%) done (elapsed 1172.65 s, remaining 234.53 s)
25100000 of 30000000 tuples (83%) done (elapsed 1177.07 s, remaining 229.79 s)
25200000 of 30000000 tuples (84%) done (elapsed 1181.32 s, remaining 225.01 s)
25300000 of 30000000 tuples (84%) done (elapsed 1185.70 s, remaining 220.27 s)
25400000 of 30000000 tuples (84%) done (elapsed 1189.78 s, remaining 215.47 s)
25500000 of 30000000 tuples (85%) done (elapsed 1194.25 s, remaining 210.75 s)
25600000 of 30000000 tuples (85%) done (elapsed 1199.67 s, remaining 206.19 s)
25700000 of 30000000 tuples (85%) done (elapsed 1204.83 s, remaining 201.59 s)
25800000 of 30000000 tuples (86%) done (elapsed 1209.03 s, remaining 196.82 s)
25900000 of 30000000 tuples (86%) done (elapsed 1213.58 s, remaining 192.11 s)
26000000 of 30000000 tuples (86%) done (elapsed 1217.82 s, remaining 187.36 s)
26100000 of 30000000 tuples (87%) done (elapsed 1222.25 s, remaining 182.63 s)
26200000 of 30000000 tuples (87%) done (elapsed 1227.54 s, remaining 178.04 s)
26300000 of 30000000 tuples (87%) done (elapsed 1231.96 s, remaining 173.32 s)
26400000 of 30000000 tuples (88%) done (elapsed 1236.45 s, remaining 168.61 s)
26500000 of 30000000 tuples (88%) done (elapsed 1241.24 s, remaining 163.94 s)
26600000 of 30000000 tuples (88%) done (elapsed 1245.53 s, remaining 159.20 s)
26700000 of 30000000 tuples (89%) done (elapsed 1249.91 s, remaining 154.48 s)
26800000 of 30000000 tuples (89%) done (elapsed 1255.47 s, remaining 149.91 s)
26900000 of 30000000 tuples (89%) done (elapsed 1260.04 s, remaining 145.21 s)
27000000 of 30000000 tuples (90%) done (elapsed 1264.12 s, remaining 140.46 s)
27100000 of 30000000 tuples (90%) done (elapsed 1268.50 s, remaining 135.74 s)
27200000 of 30000000 tuples (90%) done (elapsed 1273.41 s, remaining 131.09 s)
27300000 of 30000000 tuples (91%) done (elapsed 1278.04 s, remaining 126.40 s)
27400000 of 30000000 tuples (91%) done (elapsed 1282.12 s, remaining 121.66 s)
27500000 of 30000000 tuples (91%) done (elapsed 1286.52 s, remaining 116.96 s)
27600000 of 30000000 tuples (92%) done (elapsed 1292.23 s, remaining 112.37 s)
27700000 of 30000000 tuples (92%) done (elapsed 1296.63 s, remaining 107.66 s)
27800000 of 30000000 tuples (92%) done (elapsed 1300.73 s, remaining 102.94 s)
27900000 of 30000000 tuples (93%) done (elapsed 1305.83 s, remaining 98.29 s)
28000000 of 30000000 tuples (93%) done (elapsed 1310.13 s, remaining 93.58 s)
28100000 of 30000000 tuples (93%) done (elapsed 1314.67 s, remaining 88.89 s)
28200000 of 30000000 tuples (94%) done (elapsed 1319.76 s, remaining 84.24 s)
28300000 of 30000000 tuples (94%) done (elapsed 1324.22 s, remaining 79.55 s)
28400000 of 30000000 tuples (94%) done (elapsed 1328.31 s, remaining 74.83 s)
28500000 of 30000000 tuples (95%) done (elapsed 1332.69 s, remaining 70.14 s)
28600000 of 30000000 tuples (95%) done (elapsed 1337.04 s, remaining 65.45 s)
28700000 of 30000000 tuples (95%) done (elapsed 1342.04 s, remaining 60.79 s)
28800000 of 30000000 tuples (96%) done (elapsed 1346.24 s, remaining 56.09 s)
28900000 of 30000000 tuples (96%) done (elapsed 1353.13 s, remaining 51.50 s)
29000000 of 30000000 tuples (96%) done (elapsed 1357.26 s, remaining 46.80 s)
29100000 of 30000000 tuples (97%) done (elapsed 1361.68 s, remaining 42.11 s)
29200000 of 30000000 tuples (97%) done (elapsed 1365.77 s, remaining 37.42 s)
29300000 of 30000000 tuples (97%) done (elapsed 1371.38 s, remaining 32.76 s)
29400000 of 30000000 tuples (98%) done (elapsed 1375.53 s, remaining 28.07 s)
29500000 of 30000000 tuples (98%) done (elapsed 1381.12 s, remaining 23.41 s)
29600000 of 30000000 tuples (98%) done (elapsed 1385.64 s, remaining 18.72 s)
29700000 of 30000000 tuples (99%) done (elapsed 1390.35 s, remaining 14.04 s)
29800000 of 30000000 tuples (99%) done (elapsed 1394.75 s, remaining 9.36 s)
29900000 of 30000000 tuples (99%) done (elapsed 1398.91 s, remaining 4.68 s)
30000000 of 30000000 tuples (100%) done (elapsed 1403.38 s, remaining 0.00 s)
vacuum...
set primary keys...
NOTICE:  ALTER TABLE / ADD PRIMARY KEY will create implicit index "pgbench_branches_pkey" for table "pgbench_branches"
NOTICE:  ALTER TABLE / ADD PRIMARY KEY will create implicit index "pgbench_tellers_pkey" for table "pgbench_tellers"
NOTICE:  ALTER TABLE / ADD PRIMARY KEY will create implicit index "pgbench_accounts_pkey" for table "pgbench_accounts"
done.
starting vacuum...end.
transaction type: <builtin: TPC-B (sort of)>
scaling factor: 300
query mode: simple
number of clients: 32
number of threads: 4
duration: 900 s
number of transactions actually processed: 38126
latency average: 755.390 ms
tps = 42.343166 (including connections establishing)
tps = 42.343237 (excluding connections establishing)
script statistics:
 - statement latencies in milliseconds:
         0.003  \set aid random(1, 100000 * :scale)
         0.001  \set bid random(1, 1 * :scale)
         0.001  \set tid random(1, 10 * :scale)
         0.001  \set delta random(-5000, 5000)
         0.111  BEGIN;
       270.569  UPDATE pgbench_accounts SET abalance = abalance + :delta WHERE aid = :aid;
         0.363  SELECT abalance FROM pgbench_accounts WHERE aid = :aid;
       168.492  UPDATE pgbench_tellers SET tbalance = tbalance + :delta WHERE tid = :tid;
       115.116  UPDATE pgbench_branches SET bbalance = bbalance + :delta WHERE bid = :bid;
        69.908  INSERT INTO pgbench_history (tid, bid, aid, delta, mtime) VALUES (:tid, :bid, :aid, :delta, CURRENT_TIMESTAMP);
       131.608  END;
starting vacuum...end.
transaction type: <builtin: TPC-B (sort of)>
scaling factor: 300
query mode: simple
number of clients: 32
number of threads: 4
duration: 900 s
number of transactions actually processed: 24873
latency average: 1157.882 ms
tps = 27.621021 (including connections establishing)
tps = 27.621068 (excluding connections establishing)
script statistics:
 - statement latencies in milliseconds:
         0.003  \set aid random(1, 100000 * :scale)
         0.001  \set bid random(1, 1 * :scale)
         0.001  \set tid random(1, 10 * :scale)
         0.001  \set delta random(-5000, 5000)
         0.118  BEGIN;
       470.115  UPDATE pgbench_accounts SET abalance = abalance + :delta WHERE aid = :aid;
         0.746  SELECT abalance FROM pgbench_accounts WHERE aid = :aid;
       227.200  UPDATE pgbench_tellers SET tbalance = tbalance + :delta WHERE tid = :tid;
       159.241  UPDATE pgbench_branches SET bbalance = bbalance + :delta WHERE bid = :bid;
        93.709  INSERT INTO pgbench_history (tid, bid, aid, delta, mtime) VALUES (:tid, :bid, :aid, :delta, CURRENT_TIMESTAMP);
       207.337  END;
========================================================================
Testing 2005-12-07-REL8_2_0~2170
Start Time: 2016-07-31 05:29:33+00:00
Linux 3.16.0-4-amd64 (Debian-83-jessie-64-minimal) 	31.07.16 	_x86_64_	(8 CPU)

starting vacuum...end.
transaction type: <builtin: TPC-B (sort of)>
scaling factor: 300
query mode: simple
number of clients: 32
number of threads: 4
duration: 900 s
number of transactions actually processed: 22704
latency average: 1268.499 ms
tps = 25.217149 (including connections establishing)
tps = 25.217195 (excluding connections establishing)
script statistics:
 - statement latencies in milliseconds:
         0.003  \set aid random(1, 100000 * :scale)
         0.001  \set bid random(1, 1 * :scale)
         0.001  \set tid random(1, 10 * :scale)
         0.001  \set delta random(-5000, 5000)
         0.122  BEGIN;
       574.773  UPDATE pgbench_accounts SET abalance = abalance + :delta WHERE aid = :aid;
         0.427  SELECT abalance FROM pgbench_accounts WHERE aid = :aid;
       236.303  UPDATE pgbench_tellers SET tbalance = tbalance + :delta WHERE tid = :tid;
       145.824  UPDATE pgbench_branches SET bbalance = bbalance + :delta WHERE bid = :bid;
        91.132  INSERT INTO pgbench_history (tid, bid, aid, delta, mtime) VALUES (:tid, :bid, :aid, :delta, CURRENT_TIMESTAMP);
       220.521  END;
avg-cpu:  %user   %nice %system %iowait  %steal   %idle
           0,32    0,00    0,18   10,22    0,00   89,28

Device:         rrqm/s   wrqm/s     r/s     w/s    rkB/s    wkB/s avgrq-sz avgqu-sz   await r_await w_await  svctm  %util
sdb               0,00     1,09    4,71  116,63    39,33   948,10    16,28    25,56  210,64   34,11  217,77   5,46  66,24
sda               0,01     1,08   17,41  116,64   145,64   948,10    16,32    13,63  101,71   34,84  111,69   5,86  78,50
md0               0,00     0,00    0,09    0,00     0,36     0,00     8,00     0,00    0,00    0,00    0,00   0,00   0,00
md1               0,00     0,00    0,00    0,00     0,00     0,00     0,00     0,00    0,00    0,00    0,00   0,00   0,00
md2               0,00     0,00   22,03  116,94   184,58   946,15    16,27     0,00    0,00    0,00    0,00   0,00   0,00
md3               0,00     0,00    0,00    0,01     0,00     0,04     8,00     0,00    0,00    0,00    0,00   0,00   0,00

End Time: 2016-07-31 05:45:03+00:00
========================================================================
========================================================================
Testing 2005-12-07-REL8_2_0~2170
Start Time: 2016-08-06 14:10:37+00:00
Shared Buffers:  260000
Linux 3.16.0-4-amd64 (Debian-83-jessie-64-minimal) 	06.08.16 	_x86_64_	(8 CPU)

starting vacuum...end.
transaction type: <builtin: TPC-B (sort of)>
scaling factor: 300
query mode: simple
number of clients: 32
number of threads: 4
duration: 900 s
number of transactions actually processed: 25894
latency average: 1112.227 ms
tps = 28.440903 (including connections establishing)
tps = 28.440950 (excluding connections establishing)
script statistics:
 - statement latencies in milliseconds:
         0.003  \set aid random(1, 100000 * :scale)
         0.001  \set bid random(1, 1 * :scale)
         0.001  \set tid random(1, 10 * :scale)
         0.001  \set delta random(-5000, 5000)
         0.105  BEGIN;
       493.549  UPDATE pgbench_accounts SET abalance = abalance + :delta WHERE aid = :aid;
         0.522  SELECT abalance FROM pgbench_accounts WHERE aid = :aid;
       200.730  UPDATE pgbench_tellers SET tbalance = tbalance + :delta WHERE tid = :tid;
       139.937  UPDATE pgbench_branches SET bbalance = bbalance + :delta WHERE bid = :bid;
        79.424  INSERT INTO pgbench_history (tid, bid, aid, delta, mtime) VALUES (:tid, :bid, :aid, :delta, CURRENT_TIMESTAMP);
       207.980  END;
avg-cpu:  %user   %nice %system %iowait  %steal   %idle
           0,35    0,00    0,20   10,30    0,00   89,15

Device:         rrqm/s   wrqm/s     r/s     w/s    rkB/s    wkB/s avgrq-sz avgqu-sz   await r_await w_await  svctm  %util
sdb               0,01     1,05    4,54  132,51    38,10  1082,40    16,35    16,31  116,80   24,63  119,95   4,28  58,62
sda               0,04     1,05   20,29  132,54   170,56  1082,66    16,40    18,10  117,16   34,13  129,87   5,75  87,91
md0               0,00     0,00    0,17    0,00     0,69     0,00     8,00     0,00    0,00    0,00    0,00   0,00   0,00
md1               0,00     0,00    0,00    0,00     0,00     0,00     0,00     0,00    0,00    0,00    0,00   0,00   0,00
md2               0,00     0,00   24,70  134,04   207,97  1089,60    16,35     0,00    0,00    0,00    0,00   0,00   0,00
md3               0,00     0,00    0,00    0,01     0,00     0,04     8,00     0,00    0,00    0,00    0,00   0,00   0,00

Control File Changes
--- /usr/local/oldpgsql/2005-12-07-REL8_2_0~2170/before.controldata	2016-08-06 16:10:37.049802644 +0200
+++ /usr/local/oldpgsql/2005-12-07-REL8_2_0~2170/after.controldata	2016-08-06 16:26:13.789391225 +0200
@@ -2,19 +2,19 @@
 Catalog version number:               200511171
 Database system identifier:           6255751899670970239
 Database cluster state:               in production
-pg_control last modified:             сб, 06-сер-2016 16:10:36 +0200
+pg_control last modified:             сб, 06-сер-2016 16:26:13 +0200
 Current log file ID:                  2
-Next log file segment:                162
-Latest checkpoint location:           2/A16CD938
-Prior checkpoint location:            2/A16CD8E8
-Latest checkpoint's REDO location:    2/A16CD938
+Next log file segment:                187
+Latest checkpoint location:           2/BA4AADB8
+Prior checkpoint location:            2/BA4AAD68
+Latest checkpoint's REDO location:    2/BA4AADB8
 Latest checkpoint's UNDO location:    0/0
 Latest checkpoint's TimeLineID:       1
-Latest checkpoint's NextXID:          91154
-Latest checkpoint's NextOID:          16439
+Latest checkpoint's NextXID:          117091
+Latest checkpoint's NextOID:          24631
 Latest checkpoint's NextMultiXactId:  1
 Latest checkpoint's NextMultiOffset:  0
-Time of latest checkpoint:            сб, 06-сер-2016 16:10:36 +0200
+Time of latest checkpoint:            сб, 06-сер-2016 16:26:11 +0200
 Maximum data alignment:               8
 Database block size:                  8192
 Blocks per segment of large relation: 131072
End Time: 2016-08-06 14:26:13+00:00
========================================================================
========================================================================
Testing 2005-12-07-REL8_2_0~2170
Start Time: 2016-08-09 02:12:41+00:00
Shared Buffers:  260000
size before pgbench of pgbench_branches_pkey: 1076
size before pgbench of pgbench_branches: 1816
size before pgbench of pgbench_tellers_pkey: 1080
size before pgbench of pgbench_tellers: 2208
size before pgbench of pgbench_accounts_pkey: 658092
size before pgbench of pgbench_accounts: 1008116
size before pgbench of pgbench_history: 1560
total size before pgbench: 1673948
Linux 3.16.0-4-amd64 (Debian-83-jessie-64-minimal) 	09.08.16 	_x86_64_	(8 CPU)

starting vacuum...end.
transaction type: <builtin: select only>
scaling factor: 300
query mode: simple
number of clients: 32
number of threads: 4
duration: 60 s
number of transactions actually processed: 64650
latency average: 29.698 ms
tps = 1076.174780 (including connections establishing)
tps = 1076.202871 (excluding connections establishing)
script statistics:
 - statement latencies in milliseconds:
         0.002  \set aid random(1, 100000 * :scale)
        29.717  SELECT abalance FROM pgbench_accounts WHERE aid = :aid;
avg-cpu:  %user   %nice %system %iowait  %steal   %idle
           1,06    0,00    0,63   28,99    0,00   69,32

Device:         rrqm/s   wrqm/s     r/s     w/s    rkB/s    wkB/s avgrq-sz avgqu-sz   await r_await w_await  svctm  %util
sdb               0,67     0,62  256,92    2,44  2356,18    70,47    18,71    16,71   64,42   36,23 3027,95   2,68  69,51
sda               1,20     0,62  262,23    2,44  2407,82    70,47    18,73    46,39  175,27   49,65 13651,69   2,64  69,86
md0               0,00     0,00    3,38    0,01    13,51     0,04     8,00     0,00    0,00    0,00    0,00   0,00   0,00
md1               0,00     0,00    0,00    0,00     0,00     0,00     0,00     0,00    0,00    0,00    0,00   0,00   0,00
md2               0,00     0,00  517,64    2,16  4750,49    68,22    18,54     0,00    0,00    0,00    0,00   0,00   0,00
md3               0,00     0,00    0,00    0,10     0,00     0,40     8,00     0,00    0,00    0,00    0,00   0,00   0,00

Control File Changes
--- /usr/local/oldpgsql/2005-12-07-REL8_2_0~2170/before.controldata	2016-08-09 04:14:15.182437428 +0200
+++ /usr/local/oldpgsql/2005-12-07-REL8_2_0~2170/after.controldata	2016-08-09 04:15:46.050587729 +0200
@@ -5 +5 @@
-pg_control last modified:             Tue Aug  9 02:14:14 2016
+pg_control last modified:             Tue Aug  9 02:15:45 2016
@@ -8,3 +8,3 @@
-Latest checkpoint location:           2/BA4AAE58
-Prior checkpoint location:            2/BA4AAE08
-Latest checkpoint's REDO location:    2/BA4AAE58
+Latest checkpoint location:           2/BA535A38
+Prior checkpoint location:            2/BA4AAE58
+Latest checkpoint's REDO location:    2/BA535A38
@@ -13,2 +13,2 @@
-Latest checkpoint's NextXID:          117123
-Latest checkpoint's NextOID:          16440
+Latest checkpoint's NextXID:          181816
+Latest checkpoint's NextOID:          24632
@@ -17 +17 @@
-Time of latest checkpoint:            Tue Aug  9 02:14:14 2016
+Time of latest checkpoint:            Tue Aug  9 02:15:45 2016
size after pgbench of pgbench_branches_pkey: 1076
size after pgbench of pgbench_branches: 1816
size after pgbench of pgbench_tellers_pkey: 1080
size after pgbench of pgbench_tellers: 2208
size after pgbench of pgbench_accounts_pkey: 658092
size after pgbench of pgbench_accounts: 1008116
size after pgbench of pgbench_history: 0
total size after pgbench: 1672388
End Time: 2016-08-09 02:15:46+00:00
========================================================================
========================================================================
Testing 2005-12-07-REL8_2_0~2170
Start Time: 2016-08-10 07:46:18+00:00
Shared Buffers:  260000
size before pgbench of pgbench_branches_pkey: 1076
size before pgbench of pgbench_branches: 1816
size before pgbench of pgbench_tellers_pkey: 1080
size before pgbench of pgbench_tellers: 2208
size before pgbench of pgbench_accounts_pkey: 658092
size before pgbench of pgbench_accounts: 1008116
size before pgbench of pgbench_history: 0
total size before pgbench: 1672388
Linux 3.16.0-4-amd64 (Debian-83-jessie-64-minimal) 	10.08.16 	_x86_64_	(8 CPU)

starting vacuum...end.
transaction type: <builtin: select only>
scaling factor: 300
query mode: simple
number of clients: 32
number of threads: 4
duration: 60 s
number of transactions actually processed: 69987
latency average: 27.434 ms
tps = 1164.424716 (including connections establishing)
tps = 1164.455568 (excluding connections establishing)
script statistics:
 - statement latencies in milliseconds:
         0.002  \set aid random(1, 100000 * :scale)
        27.464  SELECT abalance FROM pgbench_accounts WHERE aid = :aid;
avg-cpu:  %user   %nice %system %iowait  %steal   %idle
           1,14    0,00    0,64   26,01    0,00   72,22

Device:         rrqm/s   wrqm/s     r/s     w/s    rkB/s    wkB/s avgrq-sz avgqu-sz   await r_await w_await  svctm  %util
sdb               0,00     0,53  269,50    1,53  2516,09    30,89    18,79    12,47   46,02   35,11 1963,42   2,48  67,22
sda               0,03     0,53  277,67    1,52  2577,33    30,89    18,68    23,05   82,57   50,39 5953,78   2,42  67,51
md0               0,00     0,00    0,04    0,01     0,18     0,04     8,00     0,00    0,00    0,00    0,00   0,00   0,00
md1               0,00     0,00    0,00    0,00     0,00     0,00     0,00     0,00    0,00    0,00    0,00   0,00   0,00
md2               0,00     0,00  547,16    1,23  5092,80    28,76    18,68     0,00    0,00    0,00    0,00   0,00   0,00
md3               0,00     0,00    0,00    0,10     0,00     0,40     8,00     0,00    0,00    0,00    0,00   0,00   0,00

Control File Changes
--- /usr/local/oldpgsql/2005-12-07-REL8_2_0~2170/before.controldata	2016-08-10 09:46:58.783883558 +0200
+++ /usr/local/oldpgsql/2005-12-07-REL8_2_0~2170/after.controldata	2016-08-10 09:48:29.156077636 +0200
@@ -5 +5 @@
-pg_control last modified:             Wed Aug 10 07:46:58 2016
+pg_control last modified:             Wed Aug 10 07:48:29 2016
@@ -8,3 +8,3 @@
-Latest checkpoint location:           2/BA535AD8
-Prior checkpoint location:            2/BA535A88
-Latest checkpoint's REDO location:    2/BA535AD8
+Latest checkpoint location:           2/BA5390E0
+Prior checkpoint location:            2/BA535AD8
+Latest checkpoint's REDO location:    2/BA5390E0
@@ -13,2 +13,2 @@
-Latest checkpoint's NextXID:          181850
-Latest checkpoint's NextOID:          16441
+Latest checkpoint's NextXID:          251880
+Latest checkpoint's NextOID:          24633
@@ -17 +17 @@
-Time of latest checkpoint:            Wed Aug 10 07:46:58 2016
+Time of latest checkpoint:            Wed Aug 10 07:48:28 2016
size after pgbench of pgbench_branches_pkey: 1076
size after pgbench of pgbench_branches: 1816
size after pgbench of pgbench_tellers_pkey: 1080
size after pgbench of pgbench_tellers: 2208
size after pgbench of pgbench_accounts_pkey: 658092
size after pgbench of pgbench_accounts: 1008116
size after pgbench of pgbench_history: 0
total size after pgbench: 1672388
End Time: 2016-08-10 07:48:29+00:00
========================================================================
========================================================================
Testing 2005-12-07-REL8_2_0~2170
Start Time: 2016-08-11 00:21:57+00:00
Shared Buffers:  260000
size before pgbench of pgbench_branches_pkey: 1076
size before pgbench of pgbench_branches: 1816
size before pgbench of pgbench_tellers_pkey: 1080
size before pgbench of pgbench_tellers: 2208
size before pgbench of pgbench_accounts_pkey: 658092
size before pgbench of pgbench_accounts: 1008116
size before pgbench of pgbench_history: 0
total size before pgbench: 1672388
Linux 3.16.0-4-amd64 (Debian-83-jessie-64-minimal) 	11.08.16 	_x86_64_	(8 CPU)

starting vacuum...end.
transaction type: <builtin: select only>
scaling factor: 300
query mode: simple
number of clients: 32
number of threads: 4
duration: 60 s
number of transactions actually processed: 65934
latency average: 29.120 ms
tps = 1097.273128 (including connections establishing)
tps = 1097.301350 (excluding connections establishing)
script statistics:
 - statement latencies in milliseconds:
         0.002  \set aid random(1, 100000 * :scale)
        29.129  SELECT abalance FROM pgbench_accounts WHERE aid = :aid;
avg-cpu:  %user   %nice %system %iowait  %steal   %idle
           1,08    0,00    0,64   25,28    0,00   73,00

Device:         rrqm/s   wrqm/s     r/s     w/s    rkB/s    wkB/s avgrq-sz avgqu-sz   await r_await w_await  svctm  %util
sdb               0,00     0,50  262,06    1,78  2416,13    31,38    18,55    13,41   50,83   39,21 1762,42   2,55  67,39
sda               0,01     0,50  263,02    1,78  2429,87    31,38    18,59    15,46   58,38   49,01 1444,22   2,51  66,57
md0               0,00     0,00    0,02    0,01     0,09     0,04     8,00     0,00    0,00    0,00    0,00   0,00   0,00
md1               0,00     0,00    0,00    0,00     0,00     0,00     0,00     0,00    0,00    0,00    0,00   0,00   0,00
md2               0,00     0,00  525,06    1,30  4845,51    28,93    18,52     0,00    0,00    0,00    0,00   0,00   0,00
md3               0,00     0,00    0,00    0,10     0,00     0,40     8,00     0,00    0,00    0,00    0,00   0,00   0,00

Control File Changes
--- /usr/local/oldpgsql/2005-12-07-REL8_2_0~2170/before.controldata	2016-08-11 02:22:36.664735812 +0200
+++ /usr/local/oldpgsql/2005-12-07-REL8_2_0~2170/after.controldata	2016-08-11 02:24:07.032905392 +0200
@@ -5 +5 @@
-pg_control last modified:             Thu Aug 11 00:22:36 2016
+pg_control last modified:             Thu Aug 11 00:24:06 2016
@@ -8,3 +8,3 @@
-Latest checkpoint location:           2/BA539180
-Prior checkpoint location:            2/BA539130
-Latest checkpoint's REDO location:    2/BA539180
+Latest checkpoint location:           2/BA53C890
+Prior checkpoint location:            2/BA539180
+Latest checkpoint's REDO location:    2/BA53C890
@@ -13,2 +13,2 @@
-Latest checkpoint's NextXID:          251914
-Latest checkpoint's NextOID:          16442
+Latest checkpoint's NextXID:          317891
+Latest checkpoint's NextOID:          24634
@@ -17 +17 @@
-Time of latest checkpoint:            Thu Aug 11 00:22:36 2016
+Time of latest checkpoint:            Thu Aug 11 00:24:06 2016
size after pgbench of pgbench_branches_pkey: 1076
size after pgbench of pgbench_branches: 1816
size after pgbench of pgbench_tellers_pkey: 1080
size after pgbench of pgbench_tellers: 2208
size after pgbench of pgbench_accounts_pkey: 658092
size after pgbench of pgbench_accounts: 1008116
size after pgbench of pgbench_history: 0
total size after pgbench: 1672388
End Time: 2016-08-11 00:24:07+00:00
========================================================================
========================================================================
Testing 2005-12-07-REL8_2_0~2170
Start Time: 2016-08-11 19:18:53+00:00
Shared Buffers:  260000
size before pgbench of pgbench_branches_pkey: 1076
size before pgbench of pgbench_branches: 1816
size before pgbench of pgbench_tellers_pkey: 1080
size before pgbench of pgbench_tellers: 2208
size before pgbench of pgbench_accounts_pkey: 658092
size before pgbench of pgbench_accounts: 1008116
size before pgbench of pgbench_history: 0
total size before pgbench: 1672388
Linux 3.16.0-4-amd64 (Debian-83-jessie-64-minimal) 	11.08.16 	_x86_64_	(8 CPU)

starting vacuum...end.
transaction type: <builtin: select only>
scaling factor: 300
query mode: simple
number of clients: 32
number of threads: 4
duration: 60 s
number of transactions actually processed: 68334
latency average: 28.097 ms
tps = 1136.820471 (including connections establishing)
tps = 1136.850933 (excluding connections establishing)
script statistics:
 - statement latencies in milliseconds:
         0.002  \set aid random(1, 100000 * :scale)
        28.113  SELECT abalance FROM pgbench_accounts WHERE aid = :aid;
avg-cpu:  %user   %nice %system %iowait  %steal   %idle
           1,08    0,00    0,61   25,34    0,00   72,96

Device:         rrqm/s   wrqm/s     r/s     w/s    rkB/s    wkB/s avgrq-sz avgqu-sz   await r_await w_await  svctm  %util
sdb               0,00     0,59  268,58    1,84  2484,44    31,96    18,61    16,20   59,91   39,89 2974,34   2,50  67,67
sda               0,01     0,59  268,22    1,84  2488,84    31,96    18,67    22,84   84,57   46,68 5594,77   2,50  67,47
md0               0,00     0,00    0,02    0,01     0,09     0,04     8,00     0,00    0,00    0,00    0,00   0,00   0,00
md1               0,00     0,00    0,00    0,00     0,00     0,00     0,00     0,00    0,00    0,00    0,00   0,00   0,00
md2               0,00     0,00  536,79    1,46  4972,76    29,56    18,59     0,00    0,00    0,00    0,00   0,00   0,00
md3               0,00     0,00    0,00    0,10     0,00     0,40     8,00     0,00    0,00    0,00    0,00   0,00   0,00

Control File Changes
--- /usr/local/oldpgsql/2005-12-07-REL8_2_0~2170/before.controldata	2016-08-11 21:19:32.984265302 +0200
+++ /usr/local/oldpgsql/2005-12-07-REL8_2_0~2170/after.controldata	2016-08-11 21:21:03.228426758 +0200
@@ -5 +5 @@
-pg_control last modified:             Thu Aug 11 19:19:32 2016
+pg_control last modified:             Thu Aug 11 19:21:03 2016
@@ -8,3 +8,3 @@
-Latest checkpoint location:           2/BA53C930
-Prior checkpoint location:            2/BA53C8E0
-Latest checkpoint's REDO location:    2/BA53C930
+Latest checkpoint location:           2/BA540148
+Prior checkpoint location:            2/BA53C930
+Latest checkpoint's REDO location:    2/BA540148
@@ -13,2 +13,2 @@
-Latest checkpoint's NextXID:          317925
-Latest checkpoint's NextOID:          16443
+Latest checkpoint's NextXID:          386302
+Latest checkpoint's NextOID:          24635
@@ -17 +17 @@
-Time of latest checkpoint:            Thu Aug 11 19:19:32 2016
+Time of latest checkpoint:            Thu Aug 11 19:21:03 2016
size after pgbench of pgbench_branches_pkey: 1076
size after pgbench of pgbench_branches: 1816
size after pgbench of pgbench_tellers_pkey: 1080
size after pgbench of pgbench_tellers: 2208
size after pgbench of pgbench_accounts_pkey: 658092
size after pgbench of pgbench_accounts: 1008116
size after pgbench of pgbench_history: 0
total size after pgbench: 1672388
End Time: 2016-08-11 19:21:03+00:00
========================================================================
========================================================================
Testing 2005-12-07-REL8_2_0~2170
Start Time: 2016-08-12 04:32:34+00:00
Shared Buffers:  260000
size before pgbench of pgbench_branches_pkey: 1076
size before pgbench of pgbench_branches: 1816
size before pgbench of pgbench_tellers_pkey: 1080
size before pgbench of pgbench_tellers: 2208
size before pgbench of pgbench_accounts_pkey: 658092
size before pgbench of pgbench_accounts: 1008116
size before pgbench of pgbench_history: 0
total size before pgbench: 1672388
Linux 3.16.0-4-amd64 (Debian-83-jessie-64-minimal) 	12.08.16 	_x86_64_	(8 CPU)

starting vacuum...end.
transaction type: <builtin: select only>
scaling factor: 300
query mode: simple
number of clients: 64
number of threads: 4
duration: 60 s
number of transactions actually processed: 72732
latency average: 52.797 ms
tps = 1206.720063 (including connections establishing)
tps = 1206.749614 (excluding connections establishing)
script statistics:
 - statement latencies in milliseconds:
         0.002  \set aid random(1, 100000 * :scale)
        52.880  SELECT abalance FROM pgbench_accounts WHERE aid = :aid;
avg-cpu:  %user   %nice %system %iowait  %steal   %idle
           1,20    0,00    0,73   31,65    0,00   66,42

Device:         rrqm/s   wrqm/s     r/s     w/s    rkB/s    wkB/s avgrq-sz avgqu-sz   await r_await w_await  svctm  %util
sdb               0,00     0,61  282,39    1,63  2643,56    31,96    18,84    33,29  117,18   91,14 4619,81   2,37  67,41
sda               0,00     0,62  275,99    1,62  2572,22    31,96    18,76    38,58  138,96   78,25 10466,00   2,43  67,60
md0               0,00     0,00    0,00    0,02     0,00     0,09     8,00     0,00    0,00    0,00    0,00   0,00   0,00
md1               0,00     0,00    0,00    0,00     0,00     0,00     0,00     0,00    0,00    0,00    0,00   0,00   0,00
md2               0,00     0,00  558,54    1,26  5215,33    29,29    18,74     0,00    0,00    0,00    0,00   0,00   0,00
md3               0,00     0,00    0,00    0,20     0,00     0,80     8,00     0,00    0,00    0,00    0,00   0,00   0,00

Control File Changes
--- /usr/local/oldpgsql/2005-12-07-REL8_2_0~2170/before.controldata	2016-08-12 06:33:14.223899216 +0200
+++ /usr/local/oldpgsql/2005-12-07-REL8_2_0~2170/after.controldata	2016-08-12 06:34:44.572417687 +0200
@@ -5 +5 @@
-pg_control last modified:             Fri Aug 12 04:33:14 2016
+pg_control last modified:             Fri Aug 12 04:34:44 2016
@@ -8,3 +8,3 @@
-Latest checkpoint location:           2/BA5401E8
-Prior checkpoint location:            2/BA540198
-Latest checkpoint's REDO location:    2/BA5401E8
+Latest checkpoint location:           2/BA543B28
+Prior checkpoint location:            2/BA5401E8
+Latest checkpoint's REDO location:    2/BA543B28
@@ -13,2 +13,2 @@
-Latest checkpoint's NextXID:          386336
-Latest checkpoint's NextOID:          16444
+Latest checkpoint's NextXID:          459143
+Latest checkpoint's NextOID:          24636
@@ -17 +17 @@
-Time of latest checkpoint:            Fri Aug 12 04:33:13 2016
+Time of latest checkpoint:            Fri Aug 12 04:34:44 2016
size after pgbench of pgbench_branches_pkey: 1076
size after pgbench of pgbench_branches: 1816
size after pgbench of pgbench_tellers_pkey: 1080
size after pgbench of pgbench_tellers: 2208
size after pgbench of pgbench_accounts_pkey: 658092
size after pgbench of pgbench_accounts: 1008116
size after pgbench of pgbench_history: 0
total size after pgbench: 1672388
End Time: 2016-08-12 04:34:44+00:00
========================================================================
========================================================================
Testing 2005-12-07-REL8_2_0~2170
Start Time: 2016-08-12 13:49:16+00:00
Shared Buffers:  260000
size before pgbench of pgbench_branches_pkey: 1076
size before pgbench of pgbench_branches: 1816
size before pgbench of pgbench_tellers_pkey: 1080
size before pgbench of pgbench_tellers: 2208
size before pgbench of pgbench_accounts_pkey: 658092
size before pgbench of pgbench_accounts: 1008116
size before pgbench of pgbench_history: 0
total size before pgbench: 1672388
Linux 3.16.0-4-amd64 (Debian-83-jessie-64-minimal) 	12.08.16 	_x86_64_	(8 CPU)

starting vacuum...end.
transaction type: <builtin: select only>
scaling factor: 300
query mode: simple
number of clients: 64
number of threads: 4
duration: 60 s
number of transactions actually processed: 76573
latency average: 50.148 ms
tps = 1272.661148 (including connections establishing)
tps = 1272.693608 (excluding connections establishing)
script statistics:
 - statement latencies in milliseconds:
         0.002  \set aid random(1, 100000 * :scale)
        50.239  SELECT abalance FROM pgbench_accounts WHERE aid = :aid;
avg-cpu:  %user   %nice %system %iowait  %steal   %idle
           1,24    0,00    0,76   33,32    0,00   64,68

Device:         rrqm/s   wrqm/s     r/s     w/s    rkB/s    wkB/s avgrq-sz avgqu-sz   await r_await w_await  svctm  %util
sdb               0,18     0,49  285,31    1,33  2666,84    30,92    18,82    33,39  116,49   63,78 11393,90   2,34  67,22
sda               1,42     0,49  293,07    1,33  2743,60    30,92    18,85    46,10  156,56  101,80 12193,17   2,29  67,51
md0               0,00     0,00    2,89    0,00    11,56     0,00     8,00     0,00    0,00    0,00    0,00   0,00   0,00
md1               0,00     0,00    0,00    0,00     0,00     0,00     0,00     0,00    0,00    0,00    0,00   0,00   0,00
md2               0,00     0,00  577,10    1,36  5398,89    29,96    18,77     0,00    0,00    0,00    0,00   0,00   0,00
md3               0,00     0,00    0,00    0,00     0,00     0,00     0,00     0,00    0,00    0,00    0,00   0,00   0,00

Control File Changes
--- /usr/local/oldpgsql/2005-12-07-REL8_2_0~2170/before.controldata	2016-08-12 15:49:55.162311756 +0200
+++ /usr/local/oldpgsql/2005-12-07-REL8_2_0~2170/after.controldata	2016-08-12 15:51:25.394525474 +0200
@@ -5 +5 @@
-pg_control last modified:             Fri Aug 12 13:49:55 2016
+pg_control last modified:             Fri Aug 12 13:51:25 2016
@@ -8,3 +8,3 @@
-Latest checkpoint location:           2/BA543BC8
-Prior checkpoint location:            2/BA543B78
-Latest checkpoint's REDO location:    2/BA543BC8
+Latest checkpoint location:           2/BA547600
+Prior checkpoint location:            2/BA543BC8
+Latest checkpoint's REDO location:    2/BA547600
@@ -13,2 +13,2 @@
-Latest checkpoint's NextXID:          459177
-Latest checkpoint's NextOID:          16445
+Latest checkpoint's NextXID:          535825
+Latest checkpoint's NextOID:          24637
@@ -17 +17 @@
-Time of latest checkpoint:            Fri Aug 12 13:49:54 2016
+Time of latest checkpoint:            Fri Aug 12 13:51:25 2016
size after pgbench of pgbench_branches_pkey: 1076
size after pgbench of pgbench_branches: 1816
size after pgbench of pgbench_tellers_pkey: 1080
size after pgbench of pgbench_tellers: 2208
size after pgbench of pgbench_accounts_pkey: 658092
size after pgbench of pgbench_accounts: 1008116
size after pgbench of pgbench_history: 0
total size after pgbench: 1672388
End Time: 2016-08-12 13:51:25+00:00
========================================================================
========================================================================
Testing 2005-12-07-REL8_2_0~2170
Start Time: 2016-08-12 20:05:07+00:00
Shared Buffers:  260000
size before pgbench of pgbench_branches_pkey: 1076
size before pgbench of pgbench_branches: 1816
size before pgbench of pgbench_tellers_pkey: 1080
size before pgbench of pgbench_tellers: 2208
size before pgbench of pgbench_accounts_pkey: 658092
size before pgbench of pgbench_accounts: 1008116
size before pgbench of pgbench_history: 0
total size before pgbench: 1672388
+ /usr/local/pgsql/bin/pgbench -T 60 -S -c 64 -j 4 -r
Linux 3.16.0-4-amd64 (Debian-83-jessie-64-minimal) 	12.08.16 	_x86_64_	(8 CPU)

starting vacuum...end.
transaction type: <builtin: select only>
scaling factor: 300
query mode: simple
number of clients: 64
number of threads: 4
duration: 60 s
number of transactions actually processed: 74976
latency average: 51.216 ms
tps = 1246.905064 (including connections establishing)
tps = 1246.933272 (excluding connections establishing)
script statistics:
 - statement latencies in milliseconds:
         0.002  \set aid random(1, 100000 * :scale)
        51.264  SELECT abalance FROM pgbench_accounts WHERE aid = :aid;
avg-cpu:  %user   %nice %system %iowait  %steal   %idle
           1,27    0,00    0,76   32,74    0,00   65,23

Device:         rrqm/s   wrqm/s     r/s     w/s    rkB/s    wkB/s avgrq-sz avgqu-sz   await r_await w_await  svctm  %util
sdb               0,00     0,62  284,07    1,69  2669,78    32,41    18,91    26,73   93,53   70,02 4048,03   2,36  67,35
sda               0,00     0,63  285,88    1,68  2670,40    32,41    18,80    36,01  125,21   97,94 4771,31   2,35  67,71
md0               0,00     0,00    0,00    0,01     0,00     0,04     8,00     0,00    0,00    0,00    0,00   0,00   0,00
md1               0,00     0,00    0,00    0,00     0,00     0,00     0,00     0,00    0,00    0,00    0,00   0,00   0,00
md2               0,00     0,00  570,03    1,29  5340,18    29,69    18,80     0,00    0,00    0,00    0,00   0,00   0,00
md3               0,00     0,00    0,00    0,19     0,00     0,76     8,00     0,00    0,00    0,00    0,00   0,00   0,00

Control File Changes
--- /usr/local/oldpgsql/2005-12-07-REL8_2_0~2170/before.controldata	2016-08-12 22:05:46.790244927 +0200
+++ /usr/local/oldpgsql/2005-12-07-REL8_2_0~2170/after.controldata	2016-08-12 22:07:17.074442564 +0200
@@ -5 +5 @@
-pg_control last modified:             Fri Aug 12 20:05:46 2016
+pg_control last modified:             Fri Aug 12 20:07:17 2016
@@ -8,3 +8,3 @@
-Latest checkpoint location:           2/BA5476A0
-Prior checkpoint location:            2/BA547650
-Latest checkpoint's REDO location:    2/BA5476A0
+Latest checkpoint location:           2/BA54B1D8
+Prior checkpoint location:            2/BA5476A0
+Latest checkpoint's REDO location:    2/BA54B1D8
@@ -13,2 +13,2 @@
-Latest checkpoint's NextXID:          535859
-Latest checkpoint's NextOID:          16446
+Latest checkpoint's NextXID:          610910
+Latest checkpoint's NextOID:          24638
@@ -17 +17 @@
-Time of latest checkpoint:            Fri Aug 12 20:05:46 2016
+Time of latest checkpoint:            Fri Aug 12 20:07:16 2016
size after pgbench of pgbench_branches_pkey: 1076
size after pgbench of pgbench_branches: 1816
size after pgbench of pgbench_tellers_pkey: 1080
size after pgbench of pgbench_tellers: 2208
size after pgbench of pgbench_accounts_pkey: 658092
size after pgbench of pgbench_accounts: 1008116
size after pgbench of pgbench_history: 0
total size after pgbench: 1672388
End Time: 2016-08-12 20:07:17+00:00
========================================================================
========================================================================
Testing 2005-12-07-REL8_2_0~2170
Start Time: 2016-08-13 05:42:43+00:00
Shared Buffers:  260000
size before pgbench of pgbench_branches_pkey: 1076
size before pgbench of pgbench_branches: 1816
size before pgbench of pgbench_tellers_pkey: 1080
size before pgbench of pgbench_tellers: 2208
size before pgbench of pgbench_accounts_pkey: 658092
size before pgbench of pgbench_accounts: 1008116
size before pgbench of pgbench_history: 0
total size before pgbench: 1672388
Linux 3.16.0-4-amd64 (Debian-83-jessie-64-minimal) 	13.08.16 	_x86_64_	(8 CPU)

starting vacuum...end.
transaction type: <builtin: select only>
scaling factor: 300
query mode: simple
number of clients: 48
number of threads: 4
duration: 60 s
number of transactions actually processed: 74706
latency average: 38.551 ms
tps = 1242.857802 (including connections establishing)
tps = 1242.890471 (excluding connections establishing)
script statistics:
 - statement latencies in milliseconds:
         0.002  \set aid random(1, 100000 * :scale)
        38.581  SELECT abalance FROM pgbench_accounts WHERE aid = :aid;
avg-cpu:  %user   %nice %system %iowait  %steal   %idle
           1,18    0,00    0,71   29,90    0,00   68,21

Device:         rrqm/s   wrqm/s     r/s     w/s    rkB/s    wkB/s avgrq-sz avgqu-sz   await r_await w_await  svctm  %util
sdb               0,00     0,47  283,02    1,44  2634,40    30,80    18,74    19,20   67,49   55,34 2447,32   2,37  67,48
sda               0,08     0,47  287,27    1,44  2681,51    30,80    18,79    36,22  125,45   69,50 11253,66   2,34  67,62
md0               0,00     0,00    0,09    0,00     0,36     0,00     8,00     0,00    0,00    0,00    0,00   0,00   0,00
md1               0,00     0,00    0,00    0,00     0,00     0,00     0,00     0,00    0,00    0,00    0,00   0,00   0,00
md2               0,00     0,00  570,30    1,13  5315,56    28,76    18,70     0,00    0,00    0,00    0,00   0,00   0,00
md3               0,00     0,00    0,00    0,11     0,00     0,44     8,00     0,00    0,00    0,00    0,00   0,00   0,00

Control File Changes
--- /usr/local/oldpgsql/2005-12-07-REL8_2_0~2170/before.controldata	2016-08-13 07:43:25.022988177 +0200
+++ /usr/local/oldpgsql/2005-12-07-REL8_2_0~2170/after.controldata	2016-08-13 07:44:55.367309356 +0200
@@ -5 +5 @@
-pg_control last modified:             Sat Aug 13 05:43:24 2016
+pg_control last modified:             Sat Aug 13 05:44:55 2016
@@ -8,3 +8,3 @@
-Latest checkpoint location:           2/BA54B278
-Prior checkpoint location:            2/BA54B228
-Latest checkpoint's REDO location:    2/BA54B278
+Latest checkpoint location:           2/BA54EEC0
+Prior checkpoint location:            2/BA54B278
+Latest checkpoint's REDO location:    2/BA54EEC0
@@ -13,2 +13,2 @@
-Latest checkpoint's NextXID:          610944
-Latest checkpoint's NextOID:          16447
+Latest checkpoint's NextXID:          685709
+Latest checkpoint's NextOID:          24639
@@ -17 +17 @@
-Time of latest checkpoint:            Sat Aug 13 05:43:24 2016
+Time of latest checkpoint:            Sat Aug 13 05:44:55 2016
size after pgbench of pgbench_branches_pkey: 1076
size after pgbench of pgbench_branches: 1816
size after pgbench of pgbench_tellers_pkey: 1080
size after pgbench of pgbench_tellers: 2208
size after pgbench of pgbench_accounts_pkey: 658092
size after pgbench of pgbench_accounts: 1008116
size after pgbench of pgbench_history: 0
total size after pgbench: 1672388
End Time: 2016-08-13 05:44:55+00:00
========================================================================
========================================================================
Testing 2005-12-07-REL8_2_0~2170
Start Time: 2016-08-13 12:44:51+00:00
Shared Buffers:  260000
size before pgbench of pgbench_branches_pkey: 1076
size before pgbench of pgbench_branches: 1816
size before pgbench of pgbench_tellers_pkey: 1080
size before pgbench of pgbench_tellers: 2208
size before pgbench of pgbench_accounts_pkey: 658092
size before pgbench of pgbench_accounts: 1008116
size before pgbench of pgbench_history: 0
total size before pgbench: 1672388
Linux 3.16.0-4-amd64 (Debian-83-jessie-64-minimal) 	13.08.16 	_x86_64_	(8 CPU)

starting vacuum...end.
transaction type: <builtin: select only>
scaling factor: 300
query mode: simple
number of clients: 48
number of threads: 4
duration: 60 s
number of transactions actually processed: 72445
latency average: 39.754 ms
tps = 1205.096454 (including connections establishing)
tps = 1205.128278 (excluding connections establishing)
script statistics:
 - statement latencies in milliseconds:
         0.002  \set aid random(1, 100000 * :scale)
        39.767  SELECT abalance FROM pgbench_accounts WHERE aid = :aid;
avg-cpu:  %user   %nice %system %iowait  %steal   %idle
           1,18    0,00    0,69   28,57    0,00   69,56

Device:         rrqm/s   wrqm/s     r/s     w/s    rkB/s    wkB/s avgrq-sz avgqu-sz   await r_await w_await  svctm  %util
sdb               0,00     0,50  277,78    1,56  2597,69    31,33    18,82    20,23   72,44   53,49 3455,86   2,40  67,18
sda               0,06     0,50  280,84    1,56  2613,11    31,33    18,73    38,39  135,91   73,58 11390,40   2,39  67,48
md0               0,00     0,00    0,23    0,00     0,93     0,00     8,00     0,00    0,00    0,00    0,00   0,00   0,00
md1               0,00     0,00    0,00    0,00     0,00     0,00     0,00     0,00    0,00    0,00    0,00   0,00   0,00
md2               0,00     0,00  558,47    1,24  5209,87    29,20    18,72     0,00    0,00    0,00    0,00   0,00   0,00
md3               0,00     0,00    0,00    0,10     0,00     0,40     8,00     0,00    0,00    0,00    0,00   0,00   0,00

Control File Changes
--- /usr/local/oldpgsql/2005-12-07-REL8_2_0~2170/before.controldata	2016-08-13 14:45:30.968346825 +0200
+++ /usr/local/oldpgsql/2005-12-07-REL8_2_0~2170/after.controldata	2016-08-13 14:47:01.208535350 +0200
@@ -5 +5 @@
-pg_control last modified:             Sat Aug 13 12:45:30 2016
+pg_control last modified:             Sat Aug 13 12:47:01 2016
@@ -8,3 +8,3 @@
-Latest checkpoint location:           2/BA54EF60
-Prior checkpoint location:            2/BA54EF10
-Latest checkpoint's REDO location:    2/BA54EF60
+Latest checkpoint location:           2/BA552CE0
+Prior checkpoint location:            2/BA54EF60
+Latest checkpoint's REDO location:    2/BA552CE0
@@ -13,2 +13,2 @@
-Latest checkpoint's NextXID:          685743
-Latest checkpoint's NextOID:          16448
+Latest checkpoint's NextXID:          758247
+Latest checkpoint's NextOID:          24640
@@ -17 +17 @@
-Time of latest checkpoint:            Sat Aug 13 12:45:30 2016
+Time of latest checkpoint:            Sat Aug 13 12:47:01 2016
size after pgbench of pgbench_branches_pkey: 1076
size after pgbench of pgbench_branches: 1816
size after pgbench of pgbench_tellers_pkey: 1080
size after pgbench of pgbench_tellers: 2208
size after pgbench of pgbench_accounts_pkey: 658092
size after pgbench of pgbench_accounts: 1008116
size after pgbench of pgbench_history: 0
total size after pgbench: 1672388
End Time: 2016-08-13 12:47:01+00:00
========================================================================
========================================================================
Testing 2005-12-07-REL8_2_0~2170
Start Time: 2016-08-15 03:29:42+00:00
Shared Buffers:  260000
size before pgbench of pgbench_branches_pkey: 1076
size before pgbench of pgbench_branches: 1816
size before pgbench of pgbench_tellers_pkey: 1080
size before pgbench of pgbench_tellers: 2208
size before pgbench of pgbench_accounts_pkey: 658092
size before pgbench of pgbench_accounts: 1008116
size before pgbench of pgbench_history: 0
total size before pgbench: 1672388
Linux 3.16.0-4-amd64 (Debian-83-jessie-64-minimal) 	15.08.16 	_x86_64_	(8 CPU)

starting vacuum...end.
transaction type: <builtin: TPC-B (sort of)>
scaling factor: 300
query mode: simple
number of clients: 32
number of threads: 4
duration: 900 s
number of transactions actually processed: 25097
latency average: 1147.548 ms
tps = 27.869515 (including connections establishing)
tps = 27.869563 (excluding connections establishing)
script statistics:
 - statement latencies in milliseconds:
         0.003  \set aid random(1, 100000 * :scale)
         0.001  \set bid random(1, 1 * :scale)
         0.001  \set tid random(1, 10 * :scale)
         0.001  \set delta random(-5000, 5000)
         0.104  BEGIN;
       509.775  UPDATE pgbench_accounts SET abalance = abalance + :delta WHERE aid = :aid;
         0.556  SELECT abalance FROM pgbench_accounts WHERE aid = :aid;
       203.189  UPDATE pgbench_tellers SET tbalance = tbalance + :delta WHERE tid = :tid;
       143.172  UPDATE pgbench_branches SET bbalance = bbalance + :delta WHERE bid = :bid;
        82.394  INSERT INTO pgbench_history (tid, bid, aid, delta, mtime) VALUES (:tid, :bid, :aid, :delta, CURRENT_TIMESTAMP);
       209.012  END;
avg-cpu:  %user   %nice %system %iowait  %steal   %idle
           0,34    0,00    0,19    9,97    0,00   89,50

Device:         rrqm/s   wrqm/s     r/s     w/s    rkB/s    wkB/s avgrq-sz avgqu-sz   await r_await w_await  svctm  %util
sdb               0,01     1,08    4,38  127,57    36,68  1049,23    16,46    14,46  107,26   25,02  110,08   4,51  59,51
sda               0,11     1,08   19,72  127,59   165,65  1049,37    16,50    17,10  115,55   33,16  128,28   5,93  87,37
md0               0,00     0,00    0,27    0,00     1,09     0,00     8,00     0,00    0,00    0,00    0,00   0,00   0,00
md1               0,00     0,00    0,00    0,00     0,00     0,00     0,00     0,00    0,00    0,00    0,00   0,00   0,00
md2               0,00     0,00   23,95  128,74   201,23  1053,75    16,44     0,00    0,00    0,00    0,00   0,00   0,00
md3               0,00     0,00    0,00    0,01     0,00     0,04     8,00     0,00    0,00    0,00    0,00   0,00   0,00

Control File Changes
--- /usr/local/oldpgsql/2005-12-07-REL8_2_0~2170/before.controldata	2016-08-15 05:30:24.286942776 +0200
+++ /usr/local/oldpgsql/2005-12-07-REL8_2_0~2170/after.controldata	2016-08-15 05:45:58.792344157 +0200
@@ -5 +5 @@
-pg_control last modified:             Mon Aug 15 03:30:24 2016
+pg_control last modified:             Mon Aug 15 03:45:58 2016
@@ -7,4 +7,4 @@
-Next log file segment:                187
-Latest checkpoint location:           2/BA552D80
-Prior checkpoint location:            2/BA552D30
-Latest checkpoint's REDO location:    2/BA552D80
+Next log file segment:                211
+Latest checkpoint location:           2/D2660250
+Prior checkpoint location:            2/D2660200
+Latest checkpoint's REDO location:    2/D2660250
@@ -13,2 +13,2 @@
-Latest checkpoint's NextXID:          758281
-Latest checkpoint's NextOID:          16449
+Latest checkpoint's NextXID:          783421
+Latest checkpoint's NextOID:          24641
@@ -17 +17 @@
-Time of latest checkpoint:            Mon Aug 15 03:30:23 2016
+Time of latest checkpoint:            Mon Aug 15 03:45:57 2016
size after pgbench of pgbench_branches_pkey: 1076
size after pgbench of pgbench_branches: 1816
size after pgbench of pgbench_tellers_pkey: 1080
size after pgbench of pgbench_tellers: 2208
size after pgbench of pgbench_accounts_pkey: 658092
size after pgbench of pgbench_accounts: 1011700
size after pgbench of pgbench_history: 1544
total size after pgbench: 1677516
End Time: 2016-08-15 03:45:58+00:00
========================================================================
========================================================================
Testing 2005-12-07-REL8_2_0~2170
Start Time: 2016-08-19 16:15:47+00:00
Shared Buffers:  260000
size before pgbench of pgbench_branches_pkey: 1076
size before pgbench of pgbench_branches: 1816
size before pgbench of pgbench_tellers_pkey: 1080
size before pgbench of pgbench_tellers: 2208
size before pgbench of pgbench_accounts_pkey: 658092
size before pgbench of pgbench_accounts: 1011700
size before pgbench of pgbench_history: 1544
total size before pgbench: 1677516
Linux 4.6.0-1-amd64 (Debian-83-jessie-64-minimal) 	19.08.16 	_x86_64_	(8 CPU)

starting vacuum...end.
transaction type: <builtin: TPC-B (sort of)>
scaling factor: 300
query mode: simple
number of clients: 32
number of threads: 4
duration: 900 s
number of transactions actually processed: 28190
latency average: 1021.639 ms
tps = 31.040526 (including connections establishing)
tps = 31.040574 (excluding connections establishing)
script statistics:
 - statement latencies in milliseconds:
         0.002  \set aid random(1, 100000 * :scale)
         0.001  \set bid random(1, 1 * :scale)
         0.001  \set tid random(1, 10 * :scale)
         0.001  \set delta random(-5000, 5000)
         0.118  BEGIN;
       485.185  UPDATE pgbench_accounts SET abalance = abalance + :delta WHERE aid = :aid;
         0.341  SELECT abalance FROM pgbench_accounts WHERE aid = :aid;
       185.966  UPDATE pgbench_tellers SET tbalance = tbalance + :delta WHERE tid = :tid;
       108.738  UPDATE pgbench_branches SET bbalance = bbalance + :delta WHERE bid = :bid;
        60.824  INSERT INTO pgbench_history (tid, bid, aid, delta, mtime) VALUES (:tid, :bid, :aid, :delta, CURRENT_TIMESTAMP);
       187.747  END;
avg-cpu:  %user   %nice %system %iowait  %steal   %idle
           0,37    0,00    0,23   21,32    0,00   78,08

Device:         rrqm/s   wrqm/s     r/s     w/s    rkB/s    wkB/s avgrq-sz avgqu-sz   await r_await w_await  svctm  %util
sdb               0,00     1,11    5,59  137,92    47,42  1122,63    16,31    19,89  138,42   27,56  142,92   4,34  62,33
sda               0,02     1,11   20,77  137,67   176,09  1120,55    16,37    16,93  105,67   35,90  116,19   5,28  83,69
md0               0,00     0,00    0,07    0,00     0,28     0,00     8,00     0,00    0,00    0,00    0,00   0,00   0,00
md1               0,00     0,00    0,00    0,00     0,00     0,00     0,00     0,00    0,00    0,00    0,00   0,00   0,00
md2               0,00     0,00   26,31  141,25   223,20  1142,63    16,30     0,00    0,00    0,00    0,00   0,00   0,00
md3               0,00     0,00    0,00    0,01     0,00     0,04     8,00     0,00    0,00    0,00    0,00   0,00   0,00

Control File Changes
--- /usr/local/oldpgsql/2005-12-07-REL8_2_0~2170/before.controldata	2016-08-19 18:17:04.211120165 +0200
+++ /usr/local/oldpgsql/2005-12-07-REL8_2_0~2170/after.controldata	2016-08-19 18:32:45.983215546 +0200
@@ -5 +5 @@
-pg_control last modified:             Fri Aug 19 16:17:04 2016
+pg_control last modified:             Fri Aug 19 16:32:45 2016
@@ -7,4 +7,4 @@
-Next log file segment:                211
-Latest checkpoint location:           2/D26602F0
-Prior checkpoint location:            2/D26602A0
-Latest checkpoint's REDO location:    2/D26602F0
+Next log file segment:                238
+Latest checkpoint location:           2/ED5D6E88
+Prior checkpoint location:            2/ED5D6E38
+Latest checkpoint's REDO location:    2/ED5D6E88
@@ -13,2 +13,2 @@
-Latest checkpoint's NextXID:          783455
-Latest checkpoint's NextOID:          16450
+Latest checkpoint's NextXID:          811688
+Latest checkpoint's NextOID:          24642
@@ -17 +17 @@
-Time of latest checkpoint:            Fri Aug 19 16:17:03 2016
+Time of latest checkpoint:            Fri Aug 19 16:32:44 2016
size after pgbench of pgbench_branches_pkey: 1076
size after pgbench of pgbench_branches: 1816
size after pgbench of pgbench_tellers_pkey: 1080
size after pgbench of pgbench_tellers: 2208
size after pgbench of pgbench_accounts_pkey: 658092
size after pgbench of pgbench_accounts: 1015772
size after pgbench of pgbench_history: 1800
total size after pgbench: 1681844
End Time: 2016-08-19 16:32:46+00:00
========================================================================
========================================================================
Testing 2005-12-07-REL8_2_0~2170
Start Time: 2016-08-21 03:33:54+00:00
Shared Buffers:  260000
size before pgbench of pgbench_branches_pkey: 1076
size before pgbench of pgbench_branches: 1816
size before pgbench of pgbench_tellers_pkey: 1080
size before pgbench of pgbench_tellers: 2208
size before pgbench of pgbench_accounts_pkey: 658092
size before pgbench of pgbench_accounts: 1015772
size before pgbench of pgbench_history: 1800
total size before pgbench: 1681844
Linux 4.6.0-1-amd64 (Debian-83-jessie-64-minimal) 	21.08.16 	_x86_64_	(8 CPU)

starting vacuum...end.
transaction type: <builtin: TPC-B (sort of)>
scaling factor: 300
query mode: simple
number of clients: 32
number of threads: 4
duration: 900 s
number of transactions actually processed: 22125
latency average: 1301.695 ms
tps = 24.436367 (including connections establishing)
tps = 24.436405 (excluding connections establishing)
script statistics:
 - statement latencies in milliseconds:
         0.002  \set aid random(1, 100000 * :scale)
         0.001  \set bid random(1, 1 * :scale)
         0.001  \set tid random(1, 10 * :scale)
         0.001  \set delta random(-5000, 5000)
         0.116  BEGIN;
       596.159  UPDATE pgbench_accounts SET abalance = abalance + :delta WHERE aid = :aid;
         1.132  SELECT abalance FROM pgbench_accounts WHERE aid = :aid;
       245.347  UPDATE pgbench_tellers SET tbalance = tbalance + :delta WHERE tid = :tid;
       150.467  UPDATE pgbench_branches SET bbalance = bbalance + :delta WHERE bid = :bid;
        86.219  INSERT INTO pgbench_history (tid, bid, aid, delta, mtime) VALUES (:tid, :bid, :aid, :delta, CURRENT_TIMESTAMP);
       228.205  END;
avg-cpu:  %user   %nice %system %iowait  %steal   %idle
           0,31    0,00    0,20   20,75    0,00   78,74

Device:         rrqm/s   wrqm/s     r/s     w/s    rkB/s    wkB/s avgrq-sz avgqu-sz   await r_await w_await  svctm  %util
sdb               0,00     0,96    4,35  112,60    36,47   921,15    16,38    20,11  171,51   27,44  177,08   5,33  62,35
sda               0,01     0,95   17,22  112,74   144,33   922,26    16,41    19,00  146,21   37,78  162,77   6,43  83,60
md0               0,00     0,00    0,02    0,00     0,07     0,00     8,00     0,00    0,00    0,00    0,00   0,00   0,00
md1               0,00     0,00    0,00    0,00     0,00     0,00     0,00     0,00    0,00    0,00    0,00   0,00   0,00
md2               0,00     0,00   21,56  114,13   180,73   927,26    16,33     0,00    0,00    0,00    0,00   0,00   0,00
md3               0,00     0,00    0,00    0,01     0,00     0,04     8,00     0,00    0,00    0,00    0,00   0,00   0,00

Control File Changes
--- /usr/local/oldpgsql/2005-12-07-REL8_2_0~2170/before.controldata	2016-08-21 05:35:20.130336942 +0200
+++ /usr/local/oldpgsql/2005-12-07-REL8_2_0~2170/after.controldata	2016-08-21 05:50:55.732275775 +0200
@@ -5,6 +5,6 @@
-pg_control last modified:             Sun Aug 21 03:35:19 2016
-Current log file ID:                  2
-Next log file segment:                238
-Latest checkpoint location:           2/ED5D6F28
-Prior checkpoint location:            2/ED5D6ED8
-Latest checkpoint's REDO location:    2/ED5D6F28
+pg_control last modified:             Sun Aug 21 03:50:55 2016
+Current log file ID:                  3
+Next log file segment:                4
+Latest checkpoint location:           3/3C29478
+Prior checkpoint location:            3/3C29428
+Latest checkpoint's REDO location:    3/3C29478
@@ -13,2 +13,2 @@
-Latest checkpoint's NextXID:          811722
-Latest checkpoint's NextOID:          16451
+Latest checkpoint's NextXID:          833890
+Latest checkpoint's NextOID:          24643
@@ -17 +17 @@
-Time of latest checkpoint:            Sun Aug 21 03:35:19 2016
+Time of latest checkpoint:            Sun Aug 21 03:50:53 2016
size after pgbench of pgbench_branches_pkey: 1076
size after pgbench of pgbench_branches: 1816
size after pgbench of pgbench_tellers_pkey: 1080
size after pgbench of pgbench_tellers: 2208
size after pgbench of pgbench_accounts_pkey: 658092
size after pgbench of pgbench_accounts: 1018876
size after pgbench of pgbench_history: 1496
total size after pgbench: 1684644
End Time: 2016-08-21 03:50:55+00:00
========================================================================
