creating tables...
100000 of 30000000 tuples (0%) done (elapsed 0.06 s, remaining 19.22 s)
200000 of 30000000 tuples (0%) done (elapsed 0.13 s, remaining 19.54 s)
300000 of 30000000 tuples (1%) done (elapsed 0.20 s, remaining 19.48 s)
400000 of 30000000 tuples (1%) done (elapsed 0.26 s, remaining 19.42 s)
500000 of 30000000 tuples (1%) done (elapsed 0.33 s, remaining 19.32 s)
600000 of 30000000 tuples (2%) done (elapsed 0.39 s, remaining 19.23 s)
700000 of 30000000 tuples (2%) done (elapsed 0.46 s, remaining 19.15 s)
800000 of 30000000 tuples (2%) done (elapsed 0.52 s, remaining 19.07 s)
900000 of 30000000 tuples (3%) done (elapsed 0.59 s, remaining 18.99 s)
1000000 of 30000000 tuples (3%) done (elapsed 0.66 s, remaining 19.05 s)
1100000 of 30000000 tuples (3%) done (elapsed 0.72 s, remaining 19.03 s)
1200000 of 30000000 tuples (4%) done (elapsed 0.79 s, remaining 18.99 s)
1300000 of 30000000 tuples (4%) done (elapsed 0.85 s, remaining 18.84 s)
1400000 of 30000000 tuples (4%) done (elapsed 0.92 s, remaining 18.81 s)
1500000 of 30000000 tuples (5%) done (elapsed 0.99 s, remaining 18.77 s)
1600000 of 30000000 tuples (5%) done (elapsed 1.06 s, remaining 18.73 s)
1700000 of 30000000 tuples (5%) done (elapsed 1.12 s, remaining 18.68 s)
1800000 of 30000000 tuples (6%) done (elapsed 1.19 s, remaining 18.63 s)
1900000 of 30000000 tuples (6%) done (elapsed 1.26 s, remaining 18.58 s)
2000000 of 30000000 tuples (6%) done (elapsed 1.32 s, remaining 18.53 s)
2100000 of 30000000 tuples (7%) done (elapsed 1.39 s, remaining 18.48 s)
2200000 of 30000000 tuples (7%) done (elapsed 1.46 s, remaining 18.42 s)
2300000 of 30000000 tuples (7%) done (elapsed 1.53 s, remaining 18.37 s)
2400000 of 30000000 tuples (8%) done (elapsed 1.59 s, remaining 18.31 s)
2500000 of 30000000 tuples (8%) done (elapsed 1.66 s, remaining 18.25 s)
2600000 of 30000000 tuples (8%) done (elapsed 1.72 s, remaining 18.14 s)
2700000 of 30000000 tuples (9%) done (elapsed 1.79 s, remaining 18.08 s)
2800000 of 30000000 tuples (9%) done (elapsed 1.86 s, remaining 18.02 s)
2900000 of 30000000 tuples (9%) done (elapsed 1.92 s, remaining 17.96 s)
3000000 of 30000000 tuples (10%) done (elapsed 1.99 s, remaining 17.90 s)
3100000 of 30000000 tuples (10%) done (elapsed 2.06 s, remaining 17.85 s)
3200000 of 30000000 tuples (10%) done (elapsed 2.12 s, remaining 17.79 s)
3300000 of 30000000 tuples (11%) done (elapsed 2.19 s, remaining 17.72 s)
3400000 of 30000000 tuples (11%) done (elapsed 2.26 s, remaining 17.66 s)
3500000 of 30000000 tuples (11%) done (elapsed 2.32 s, remaining 17.60 s)
3600000 of 30000000 tuples (12%) done (elapsed 2.39 s, remaining 17.54 s)
3700000 of 30000000 tuples (12%) done (elapsed 2.46 s, remaining 17.48 s)
3800000 of 30000000 tuples (12%) done (elapsed 2.53 s, remaining 17.41 s)
3900000 of 30000000 tuples (13%) done (elapsed 2.59 s, remaining 17.31 s)
4000000 of 30000000 tuples (13%) done (elapsed 2.65 s, remaining 17.25 s)
4100000 of 30000000 tuples (13%) done (elapsed 2.72 s, remaining 17.19 s)
4200000 of 30000000 tuples (14%) done (elapsed 2.79 s, remaining 17.12 s)
4300000 of 30000000 tuples (14%) done (elapsed 2.85 s, remaining 17.06 s)
4400000 of 30000000 tuples (14%) done (elapsed 2.92 s, remaining 17.00 s)
4500000 of 30000000 tuples (15%) done (elapsed 2.99 s, remaining 16.93 s)
4600000 of 30000000 tuples (15%) done (elapsed 3.06 s, remaining 16.87 s)
4700000 of 30000000 tuples (15%) done (elapsed 3.12 s, remaining 16.81 s)
4800000 of 30000000 tuples (16%) done (elapsed 3.19 s, remaining 16.74 s)
4900000 of 30000000 tuples (16%) done (elapsed 3.26 s, remaining 16.68 s)
5000000 of 30000000 tuples (16%) done (elapsed 3.32 s, remaining 16.61 s)
5100000 of 30000000 tuples (17%) done (elapsed 3.39 s, remaining 16.55 s)
5200000 of 30000000 tuples (17%) done (elapsed 3.45 s, remaining 16.46 s)
5300000 of 30000000 tuples (17%) done (elapsed 3.52 s, remaining 16.40 s)
5400000 of 30000000 tuples (18%) done (elapsed 3.59 s, remaining 16.33 s)
5500000 of 30000000 tuples (18%) done (elapsed 3.65 s, remaining 16.27 s)
5600000 of 30000000 tuples (18%) done (elapsed 3.72 s, remaining 16.21 s)
5700000 of 30000000 tuples (19%) done (elapsed 3.79 s, remaining 16.14 s)
5800000 of 30000000 tuples (19%) done (elapsed 3.85 s, remaining 16.08 s)
5900000 of 30000000 tuples (19%) done (elapsed 3.92 s, remaining 16.02 s)
6000000 of 30000000 tuples (20%) done (elapsed 3.99 s, remaining 15.95 s)
6100000 of 30000000 tuples (20%) done (elapsed 4.06 s, remaining 15.89 s)
6200000 of 30000000 tuples (20%) done (elapsed 4.12 s, remaining 15.82 s)
6300000 of 30000000 tuples (21%) done (elapsed 4.19 s, remaining 15.76 s)
6400000 of 30000000 tuples (21%) done (elapsed 4.25 s, remaining 15.68 s)
6500000 of 30000000 tuples (21%) done (elapsed 4.32 s, remaining 15.61 s)
6600000 of 30000000 tuples (22%) done (elapsed 4.39 s, remaining 15.55 s)
6700000 of 30000000 tuples (22%) done (elapsed 4.45 s, remaining 15.49 s)
6800000 of 30000000 tuples (22%) done (elapsed 4.52 s, remaining 15.42 s)
6900000 of 30000000 tuples (23%) done (elapsed 4.59 s, remaining 15.36 s)
7000000 of 30000000 tuples (23%) done (elapsed 4.66 s, remaining 15.30 s)
7100000 of 30000000 tuples (23%) done (elapsed 4.72 s, remaining 15.23 s)
7200000 of 30000000 tuples (24%) done (elapsed 4.79 s, remaining 15.17 s)
7300000 of 30000000 tuples (24%) done (elapsed 4.86 s, remaining 15.10 s)
7400000 of 30000000 tuples (24%) done (elapsed 4.92 s, remaining 15.04 s)
7500000 of 30000000 tuples (25%) done (elapsed 4.99 s, remaining 14.97 s)
7600000 of 30000000 tuples (25%) done (elapsed 5.06 s, remaining 14.91 s)
7700000 of 30000000 tuples (25%) done (elapsed 5.12 s, remaining 14.83 s)
7800000 of 30000000 tuples (26%) done (elapsed 5.19 s, remaining 14.76 s)
7900000 of 30000000 tuples (26%) done (elapsed 5.25 s, remaining 14.70 s)
8000000 of 30000000 tuples (26%) done (elapsed 5.32 s, remaining 14.63 s)
8100000 of 30000000 tuples (27%) done (elapsed 5.39 s, remaining 14.57 s)
8200000 of 30000000 tuples (27%) done (elapsed 5.46 s, remaining 14.50 s)
8300000 of 30000000 tuples (27%) done (elapsed 5.52 s, remaining 14.44 s)
8400000 of 30000000 tuples (28%) done (elapsed 5.59 s, remaining 14.37 s)
8500000 of 30000000 tuples (28%) done (elapsed 5.66 s, remaining 14.31 s)
8600000 of 30000000 tuples (28%) done (elapsed 5.72 s, remaining 14.24 s)
8700000 of 30000000 tuples (29%) done (elapsed 5.79 s, remaining 14.17 s)
8800000 of 30000000 tuples (29%) done (elapsed 5.85 s, remaining 14.10 s)
8900000 of 30000000 tuples (29%) done (elapsed 5.92 s, remaining 14.04 s)
9000000 of 30000000 tuples (30%) done (elapsed 5.99 s, remaining 13.97 s)
9100000 of 30000000 tuples (30%) done (elapsed 6.05 s, remaining 13.91 s)
9200000 of 30000000 tuples (30%) done (elapsed 6.12 s, remaining 13.84 s)
9300000 of 30000000 tuples (31%) done (elapsed 6.18 s, remaining 13.77 s)
9400000 of 30000000 tuples (31%) done (elapsed 6.25 s, remaining 13.70 s)
9500000 of 30000000 tuples (31%) done (elapsed 6.32 s, remaining 13.64 s)
9600000 of 30000000 tuples (32%) done (elapsed 6.39 s, remaining 13.57 s)
9700000 of 30000000 tuples (32%) done (elapsed 6.45 s, remaining 13.51 s)
9800000 of 30000000 tuples (32%) done (elapsed 6.52 s, remaining 13.44 s)
9900000 of 30000000 tuples (33%) done (elapsed 6.59 s, remaining 13.37 s)
10000000 of 30000000 tuples (33%) done (elapsed 6.65 s, remaining 13.30 s)
10100000 of 30000000 tuples (33%) done (elapsed 6.72 s, remaining 13.24 s)
10200000 of 30000000 tuples (34%) done (elapsed 6.79 s, remaining 13.18 s)
10300000 of 30000000 tuples (34%) done (elapsed 6.86 s, remaining 13.11 s)
10400000 of 30000000 tuples (34%) done (elapsed 6.92 s, remaining 13.05 s)
10500000 of 30000000 tuples (35%) done (elapsed 6.99 s, remaining 12.97 s)
10600000 of 30000000 tuples (35%) done (elapsed 7.05 s, remaining 12.91 s)
10700000 of 30000000 tuples (35%) done (elapsed 7.12 s, remaining 12.85 s)
10800000 of 30000000 tuples (36%) done (elapsed 7.19 s, remaining 12.78 s)
10900000 of 30000000 tuples (36%) done (elapsed 7.26 s, remaining 12.72 s)
11000000 of 30000000 tuples (36%) done (elapsed 7.32 s, remaining 12.65 s)
11100000 of 30000000 tuples (37%) done (elapsed 7.39 s, remaining 12.59 s)
11200000 of 30000000 tuples (37%) done (elapsed 7.46 s, remaining 12.52 s)
11300000 of 30000000 tuples (37%) done (elapsed 7.52 s, remaining 12.45 s)
11400000 of 30000000 tuples (38%) done (elapsed 7.59 s, remaining 12.39 s)
11500000 of 30000000 tuples (38%) done (elapsed 7.66 s, remaining 12.32 s)
11600000 of 30000000 tuples (38%) done (elapsed 7.73 s, remaining 12.26 s)
11700000 of 30000000 tuples (39%) done (elapsed 7.80 s, remaining 12.19 s)
11800000 of 30000000 tuples (39%) done (elapsed 7.86 s, remaining 12.13 s)
11900000 of 30000000 tuples (39%) done (elapsed 7.93 s, remaining 12.05 s)
12000000 of 30000000 tuples (40%) done (elapsed 7.99 s, remaining 11.99 s)
12100000 of 30000000 tuples (40%) done (elapsed 8.06 s, remaining 11.92 s)
12200000 of 30000000 tuples (40%) done (elapsed 8.13 s, remaining 11.86 s)
12300000 of 30000000 tuples (41%) done (elapsed 8.20 s, remaining 11.79 s)
12400000 of 30000000 tuples (41%) done (elapsed 8.26 s, remaining 11.73 s)
12500000 of 30000000 tuples (41%) done (elapsed 8.33 s, remaining 11.66 s)
12600000 of 30000000 tuples (42%) done (elapsed 8.39 s, remaining 11.59 s)
12700000 of 30000000 tuples (42%) done (elapsed 8.46 s, remaining 11.53 s)
12800000 of 30000000 tuples (42%) done (elapsed 8.53 s, remaining 11.46 s)
12900000 of 30000000 tuples (43%) done (elapsed 8.60 s, remaining 11.39 s)
13000000 of 30000000 tuples (43%) done (elapsed 8.66 s, remaining 11.33 s)
13100000 of 30000000 tuples (43%) done (elapsed 8.73 s, remaining 11.26 s)
13200000 of 30000000 tuples (44%) done (elapsed 8.79 s, remaining 11.19 s)
13300000 of 30000000 tuples (44%) done (elapsed 8.86 s, remaining 11.13 s)
13400000 of 30000000 tuples (44%) done (elapsed 8.93 s, remaining 11.06 s)
13500000 of 30000000 tuples (45%) done (elapsed 9.00 s, remaining 11.00 s)
13600000 of 30000000 tuples (45%) done (elapsed 9.06 s, remaining 10.93 s)
13700000 of 30000000 tuples (45%) done (elapsed 9.13 s, remaining 10.86 s)
13800000 of 30000000 tuples (46%) done (elapsed 9.20 s, remaining 10.79 s)
13900000 of 30000000 tuples (46%) done (elapsed 9.26 s, remaining 10.73 s)
14000000 of 30000000 tuples (46%) done (elapsed 9.33 s, remaining 10.66 s)
14100000 of 30000000 tuples (47%) done (elapsed 9.45 s, remaining 10.65 s)
14200000 of 30000000 tuples (47%) done (elapsed 9.53 s, remaining 10.61 s)
14300000 of 30000000 tuples (47%) done (elapsed 9.60 s, remaining 10.54 s)
14400000 of 30000000 tuples (48%) done (elapsed 9.67 s, remaining 10.48 s)
14500000 of 30000000 tuples (48%) done (elapsed 9.74 s, remaining 10.41 s)
14600000 of 30000000 tuples (48%) done (elapsed 9.80 s, remaining 10.34 s)
14700000 of 30000000 tuples (49%) done (elapsed 9.87 s, remaining 10.28 s)
14800000 of 30000000 tuples (49%) done (elapsed 9.94 s, remaining 10.20 s)
14900000 of 30000000 tuples (49%) done (elapsed 10.00 s, remaining 10.14 s)
15000000 of 30000000 tuples (50%) done (elapsed 10.07 s, remaining 10.07 s)
15100000 of 30000000 tuples (50%) done (elapsed 10.14 s, remaining 10.00 s)
15200000 of 30000000 tuples (50%) done (elapsed 10.21 s, remaining 9.94 s)
15300000 of 30000000 tuples (51%) done (elapsed 10.27 s, remaining 9.87 s)
15400000 of 30000000 tuples (51%) done (elapsed 10.34 s, remaining 9.80 s)
15500000 of 30000000 tuples (51%) done (elapsed 10.40 s, remaining 9.73 s)
15600000 of 30000000 tuples (52%) done (elapsed 10.47 s, remaining 9.67 s)
15700000 of 30000000 tuples (52%) done (elapsed 10.54 s, remaining 9.60 s)
15800000 of 30000000 tuples (52%) done (elapsed 10.61 s, remaining 9.53 s)
15900000 of 30000000 tuples (53%) done (elapsed 10.68 s, remaining 9.47 s)
16000000 of 30000000 tuples (53%) done (elapsed 10.74 s, remaining 9.40 s)
16100000 of 30000000 tuples (53%) done (elapsed 10.81 s, remaining 9.33 s)
16200000 of 30000000 tuples (54%) done (elapsed 10.87 s, remaining 9.26 s)
16300000 of 30000000 tuples (54%) done (elapsed 10.94 s, remaining 9.20 s)
16400000 of 30000000 tuples (54%) done (elapsed 11.01 s, remaining 9.13 s)
16500000 of 30000000 tuples (55%) done (elapsed 11.08 s, remaining 9.06 s)
16600000 of 30000000 tuples (55%) done (elapsed 11.15 s, remaining 9.00 s)
16700000 of 30000000 tuples (55%) done (elapsed 11.21 s, remaining 8.93 s)
16800000 of 30000000 tuples (56%) done (elapsed 11.28 s, remaining 8.86 s)
16900000 of 30000000 tuples (56%) done (elapsed 11.34 s, remaining 8.79 s)
17000000 of 30000000 tuples (56%) done (elapsed 11.41 s, remaining 8.73 s)
17100000 of 30000000 tuples (57%) done (elapsed 11.48 s, remaining 8.66 s)
17200000 of 30000000 tuples (57%) done (elapsed 11.55 s, remaining 8.59 s)
17300000 of 30000000 tuples (57%) done (elapsed 11.62 s, remaining 8.53 s)
17400000 of 30000000 tuples (58%) done (elapsed 11.68 s, remaining 8.46 s)
17500000 of 30000000 tuples (58%) done (elapsed 11.75 s, remaining 8.39 s)
17600000 of 30000000 tuples (58%) done (elapsed 11.81 s, remaining 8.32 s)
17700000 of 30000000 tuples (59%) done (elapsed 11.88 s, remaining 8.26 s)
17800000 of 30000000 tuples (59%) done (elapsed 11.95 s, remaining 8.19 s)
17900000 of 30000000 tuples (59%) done (elapsed 12.02 s, remaining 8.12 s)
18000000 of 30000000 tuples (60%) done (elapsed 12.08 s, remaining 8.06 s)
18100000 of 30000000 tuples (60%) done (elapsed 12.15 s, remaining 7.99 s)
18200000 of 30000000 tuples (60%) done (elapsed 12.22 s, remaining 7.92 s)
18300000 of 30000000 tuples (61%) done (elapsed 12.28 s, remaining 7.85 s)
18400000 of 30000000 tuples (61%) done (elapsed 12.35 s, remaining 7.79 s)
18500000 of 30000000 tuples (61%) done (elapsed 12.42 s, remaining 7.72 s)
18600000 of 30000000 tuples (62%) done (elapsed 12.48 s, remaining 7.65 s)
18700000 of 30000000 tuples (62%) done (elapsed 12.55 s, remaining 7.58 s)
18800000 of 30000000 tuples (62%) done (elapsed 12.62 s, remaining 7.52 s)
18900000 of 30000000 tuples (63%) done (elapsed 12.69 s, remaining 7.45 s)
19000000 of 30000000 tuples (63%) done (elapsed 12.75 s, remaining 7.38 s)
19100000 of 30000000 tuples (63%) done (elapsed 12.82 s, remaining 7.32 s)
19200000 of 30000000 tuples (64%) done (elapsed 12.89 s, remaining 7.25 s)
19300000 of 30000000 tuples (64%) done (elapsed 12.96 s, remaining 7.18 s)
19400000 of 30000000 tuples (64%) done (elapsed 13.02 s, remaining 7.11 s)
19500000 of 30000000 tuples (65%) done (elapsed 13.09 s, remaining 7.05 s)
19600000 of 30000000 tuples (65%) done (elapsed 13.16 s, remaining 6.98 s)
19700000 of 30000000 tuples (65%) done (elapsed 13.22 s, remaining 6.91 s)
19800000 of 30000000 tuples (66%) done (elapsed 13.29 s, remaining 6.85 s)
19900000 of 30000000 tuples (66%) done (elapsed 13.36 s, remaining 6.78 s)
20000000 of 30000000 tuples (66%) done (elapsed 13.43 s, remaining 6.71 s)
20100000 of 30000000 tuples (67%) done (elapsed 13.49 s, remaining 6.64 s)
20200000 of 30000000 tuples (67%) done (elapsed 13.56 s, remaining 6.58 s)
20300000 of 30000000 tuples (67%) done (elapsed 13.62 s, remaining 6.51 s)
20400000 of 30000000 tuples (68%) done (elapsed 13.69 s, remaining 6.44 s)
20500000 of 30000000 tuples (68%) done (elapsed 13.76 s, remaining 6.38 s)
20600000 of 30000000 tuples (68%) done (elapsed 13.82 s, remaining 6.31 s)
20700000 of 30000000 tuples (69%) done (elapsed 13.89 s, remaining 6.24 s)
20800000 of 30000000 tuples (69%) done (elapsed 13.96 s, remaining 6.17 s)
20900000 of 30000000 tuples (69%) done (elapsed 14.02 s, remaining 6.11 s)
21000000 of 30000000 tuples (70%) done (elapsed 14.09 s, remaining 6.04 s)
21100000 of 30000000 tuples (70%) done (elapsed 14.16 s, remaining 5.97 s)
21200000 of 30000000 tuples (70%) done (elapsed 14.23 s, remaining 5.91 s)
21300000 of 30000000 tuples (71%) done (elapsed 14.29 s, remaining 5.84 s)
21400000 of 30000000 tuples (71%) done (elapsed 14.36 s, remaining 5.77 s)
21500000 of 30000000 tuples (71%) done (elapsed 14.50 s, remaining 5.73 s)
21600000 of 30000000 tuples (72%) done (elapsed 14.58 s, remaining 5.67 s)
21700000 of 30000000 tuples (72%) done (elapsed 14.65 s, remaining 5.60 s)
21800000 of 30000000 tuples (72%) done (elapsed 14.72 s, remaining 5.54 s)
21900000 of 30000000 tuples (73%) done (elapsed 14.78 s, remaining 5.47 s)
22000000 of 30000000 tuples (73%) done (elapsed 14.85 s, remaining 5.40 s)
22100000 of 30000000 tuples (73%) done (elapsed 14.92 s, remaining 5.33 s)
22200000 of 30000000 tuples (74%) done (elapsed 14.98 s, remaining 5.26 s)
22300000 of 30000000 tuples (74%) done (elapsed 15.05 s, remaining 5.20 s)
22400000 of 30000000 tuples (74%) done (elapsed 15.12 s, remaining 5.13 s)
22500000 of 30000000 tuples (75%) done (elapsed 15.18 s, remaining 5.06 s)
22600000 of 30000000 tuples (75%) done (elapsed 15.25 s, remaining 4.99 s)
22700000 of 30000000 tuples (75%) done (elapsed 15.32 s, remaining 4.93 s)
22800000 of 30000000 tuples (76%) done (elapsed 15.39 s, remaining 4.86 s)
22900000 of 30000000 tuples (76%) done (elapsed 15.45 s, remaining 4.79 s)
23000000 of 30000000 tuples (76%) done (elapsed 15.52 s, remaining 4.72 s)
23100000 of 30000000 tuples (77%) done (elapsed 15.58 s, remaining 4.66 s)
23200000 of 30000000 tuples (77%) done (elapsed 15.65 s, remaining 4.59 s)
23300000 of 30000000 tuples (77%) done (elapsed 15.72 s, remaining 4.52 s)
23400000 of 30000000 tuples (78%) done (elapsed 15.78 s, remaining 4.45 s)
23500000 of 30000000 tuples (78%) done (elapsed 15.85 s, remaining 4.38 s)
23600000 of 30000000 tuples (78%) done (elapsed 15.92 s, remaining 4.32 s)
23700000 of 30000000 tuples (79%) done (elapsed 15.99 s, remaining 4.25 s)
23800000 of 30000000 tuples (79%) done (elapsed 16.05 s, remaining 4.18 s)
23900000 of 30000000 tuples (79%) done (elapsed 16.12 s, remaining 4.11 s)
24000000 of 30000000 tuples (80%) done (elapsed 16.19 s, remaining 4.05 s)
24100000 of 30000000 tuples (80%) done (elapsed 16.26 s, remaining 3.98 s)
24200000 of 30000000 tuples (80%) done (elapsed 16.32 s, remaining 3.91 s)
24300000 of 30000000 tuples (81%) done (elapsed 16.39 s, remaining 3.84 s)
24400000 of 30000000 tuples (81%) done (elapsed 16.46 s, remaining 3.78 s)
24500000 of 30000000 tuples (81%) done (elapsed 16.52 s, remaining 3.71 s)
24600000 of 30000000 tuples (82%) done (elapsed 16.59 s, remaining 3.64 s)
24700000 of 30000000 tuples (82%) done (elapsed 16.66 s, remaining 3.57 s)
24800000 of 30000000 tuples (82%) done (elapsed 16.72 s, remaining 3.51 s)
24900000 of 30000000 tuples (83%) done (elapsed 16.79 s, remaining 3.44 s)
25000000 of 30000000 tuples (83%) done (elapsed 16.86 s, remaining 3.37 s)
25100000 of 30000000 tuples (83%) done (elapsed 16.93 s, remaining 3.30 s)
25200000 of 30000000 tuples (84%) done (elapsed 16.99 s, remaining 3.24 s)
25300000 of 30000000 tuples (84%) done (elapsed 17.06 s, remaining 3.17 s)
25400000 of 30000000 tuples (84%) done (elapsed 17.13 s, remaining 3.10 s)
25500000 of 30000000 tuples (85%) done (elapsed 17.20 s, remaining 3.04 s)
25600000 of 30000000 tuples (85%) done (elapsed 17.27 s, remaining 2.97 s)
25700000 of 30000000 tuples (85%) done (elapsed 17.34 s, remaining 2.90 s)
25800000 of 30000000 tuples (86%) done (elapsed 17.41 s, remaining 2.83 s)
25900000 of 30000000 tuples (86%) done (elapsed 17.47 s, remaining 2.77 s)
26000000 of 30000000 tuples (86%) done (elapsed 17.54 s, remaining 2.70 s)
26100000 of 30000000 tuples (87%) done (elapsed 17.61 s, remaining 2.63 s)
26200000 of 30000000 tuples (87%) done (elapsed 17.68 s, remaining 2.56 s)
26300000 of 30000000 tuples (87%) done (elapsed 17.75 s, remaining 2.50 s)
26400000 of 30000000 tuples (88%) done (elapsed 17.82 s, remaining 2.43 s)
26500000 of 30000000 tuples (88%) done (elapsed 17.88 s, remaining 2.36 s)
26600000 of 30000000 tuples (88%) done (elapsed 17.95 s, remaining 2.29 s)
26700000 of 30000000 tuples (89%) done (elapsed 18.02 s, remaining 2.23 s)
26800000 of 30000000 tuples (89%) done (elapsed 18.09 s, remaining 2.16 s)
26900000 of 30000000 tuples (89%) done (elapsed 18.15 s, remaining 2.09 s)
27000000 of 30000000 tuples (90%) done (elapsed 18.22 s, remaining 2.02 s)
27100000 of 30000000 tuples (90%) done (elapsed 18.29 s, remaining 1.96 s)
27200000 of 30000000 tuples (90%) done (elapsed 18.35 s, remaining 1.89 s)
27300000 of 30000000 tuples (91%) done (elapsed 18.42 s, remaining 1.82 s)
27400000 of 30000000 tuples (91%) done (elapsed 18.49 s, remaining 1.75 s)
27500000 of 30000000 tuples (91%) done (elapsed 18.56 s, remaining 1.69 s)
27600000 of 30000000 tuples (92%) done (elapsed 18.63 s, remaining 1.62 s)
27700000 of 30000000 tuples (92%) done (elapsed 18.70 s, remaining 1.55 s)
27800000 of 30000000 tuples (92%) done (elapsed 18.76 s, remaining 1.48 s)
27900000 of 30000000 tuples (93%) done (elapsed 18.83 s, remaining 1.42 s)
28000000 of 30000000 tuples (93%) done (elapsed 18.90 s, remaining 1.35 s)
28100000 of 30000000 tuples (93%) done (elapsed 18.97 s, remaining 1.28 s)
28200000 of 30000000 tuples (94%) done (elapsed 19.03 s, remaining 1.21 s)
28300000 of 30000000 tuples (94%) done (elapsed 19.10 s, remaining 1.15 s)
28400000 of 30000000 tuples (94%) done (elapsed 19.17 s, remaining 1.08 s)
28500000 of 30000000 tuples (95%) done (elapsed 19.24 s, remaining 1.01 s)
28600000 of 30000000 tuples (95%) done (elapsed 19.30 s, remaining 0.94 s)
28700000 of 30000000 tuples (95%) done (elapsed 19.44 s, remaining 0.88 s)
28800000 of 30000000 tuples (96%) done (elapsed 19.54 s, remaining 0.81 s)
28900000 of 30000000 tuples (96%) done (elapsed 19.62 s, remaining 0.75 s)
29000000 of 30000000 tuples (96%) done (elapsed 19.68 s, remaining 0.68 s)
29100000 of 30000000 tuples (97%) done (elapsed 19.75 s, remaining 0.61 s)
29200000 of 30000000 tuples (97%) done (elapsed 19.82 s, remaining 0.54 s)
29300000 of 30000000 tuples (97%) done (elapsed 19.89 s, remaining 0.48 s)
29400000 of 30000000 tuples (98%) done (elapsed 19.96 s, remaining 0.41 s)
29500000 of 30000000 tuples (98%) done (elapsed 20.02 s, remaining 0.34 s)
29600000 of 30000000 tuples (98%) done (elapsed 20.09 s, remaining 0.27 s)
29700000 of 30000000 tuples (99%) done (elapsed 20.16 s, remaining 0.20 s)
29800000 of 30000000 tuples (99%) done (elapsed 20.23 s, remaining 0.14 s)
29900000 of 30000000 tuples (99%) done (elapsed 20.29 s, remaining 0.07 s)
30000000 of 30000000 tuples (100%) done (elapsed 20.36 s, remaining 0.00 s)
vacuum...
set primary keys...
NOTICE:  ALTER TABLE / ADD PRIMARY KEY will create implicit index "pgbench_branches_pkey" for table "pgbench_branches"
NOTICE:  ALTER TABLE / ADD PRIMARY KEY will create implicit index "pgbench_tellers_pkey" for table "pgbench_tellers"
NOTICE:  ALTER TABLE / ADD PRIMARY KEY will create implicit index "pgbench_accounts_pkey" for table "pgbench_accounts"
done.
starting vacuum...end.
transaction type: <builtin: TPC-B (sort of)>
scaling factor: 300
query mode: simple
number of clients: 32
number of threads: 4
duration: 60 s
number of transactions actually processed: 9110
latency average: 210.757 ms
tps = 148.230297 (including connections establishing)
tps = 148.236087 (excluding connections establishing)
script statistics:
 - statement latencies in milliseconds:
         0.001  \set aid random(1, 100000 * :scale)
         0.001  \set bid random(1, 1 * :scale)
         0.001  \set tid random(1, 10 * :scale)
         0.001  \set delta random(-5000, 5000)
         0.164  BEGIN;
         0.616  UPDATE pgbench_accounts SET abalance = abalance + :delta WHERE aid = :aid;
         0.268  SELECT abalance FROM pgbench_accounts WHERE aid = :aid;
         1.053  UPDATE pgbench_tellers SET tbalance = tbalance + :delta WHERE tid = :tid;
        10.548  UPDATE pgbench_branches SET bbalance = bbalance + :delta WHERE bid = :bid;
         0.338  INSERT INTO pgbench_history (tid, bid, aid, delta, mtime) VALUES (:tid, :bid, :aid, :delta, CURRENT_TIMESTAMP);
       200.329  END;
starting vacuum...end.
transaction type: <builtin: TPC-B (sort of)>
scaling factor: 300
query mode: simple
number of clients: 32
number of threads: 4
duration: 60 s
number of transactions actually processed: 8427
latency average: 227.839 ms
tps = 140.144427 (including connections establishing)
tps = 140.148689 (excluding connections establishing)
script statistics:
 - statement latencies in milliseconds:
         0.002  \set aid random(1, 100000 * :scale)
         0.001  \set bid random(1, 1 * :scale)
         0.001  \set tid random(1, 10 * :scale)
         0.001  \set delta random(-5000, 5000)
         0.129  BEGIN;
        88.337  UPDATE pgbench_accounts SET abalance = abalance + :delta WHERE aid = :aid;
         0.157  SELECT abalance FROM pgbench_accounts WHERE aid = :aid;
         0.887  UPDATE pgbench_tellers SET tbalance = tbalance + :delta WHERE tid = :tid;
         5.022  UPDATE pgbench_branches SET bbalance = bbalance + :delta WHERE bid = :bid;
         0.366  INSERT INTO pgbench_history (tid, bid, aid, delta, mtime) VALUES (:tid, :bid, :aid, :delta, CURRENT_TIMESTAMP);
       133.108  END;
starting vacuum...end.
transaction type: <builtin: TPC-B (sort of)>
scaling factor: 300
query mode: simple
number of clients: 32
number of threads: 4
duration: 60 s
number of transactions actually processed: 8464
latency average: 226.843 ms
tps = 140.608092 (including connections establishing)
tps = 140.612218 (excluding connections establishing)
script statistics:
 - statement latencies in milliseconds:
         0.002  \set aid random(1, 100000 * :scale)
         0.001  \set bid random(1, 1 * :scale)
         0.001  \set tid random(1, 10 * :scale)
         0.001  \set delta random(-5000, 5000)
         0.130  BEGIN;
        83.410  UPDATE pgbench_accounts SET abalance = abalance + :delta WHERE aid = :aid;
         0.156  SELECT abalance FROM pgbench_accounts WHERE aid = :aid;
         0.680  UPDATE pgbench_tellers SET tbalance = tbalance + :delta WHERE tid = :tid;
         5.172  UPDATE pgbench_branches SET bbalance = bbalance + :delta WHERE bid = :bid;
         1.209  INSERT INTO pgbench_history (tid, bid, aid, delta, mtime) VALUES (:tid, :bid, :aid, :delta, CURRENT_TIMESTAMP);
       136.829  END;
starting vacuum...end.
transaction type: <builtin: TPC-B (sort of)>
scaling factor: 300
query mode: simple
number of clients: 32
number of threads: 4
duration: 900 s
number of transactions actually processed: 86265
latency average: 333.855 ms
tps = 95.762764 (including connections establishing)
tps = 95.762975 (excluding connections establishing)
script statistics:
 - statement latencies in milliseconds:
         0.002  \set aid random(1, 100000 * :scale)
         0.001  \set bid random(1, 1 * :scale)
         0.001  \set tid random(1, 10 * :scale)
         0.001  \set delta random(-5000, 5000)
         0.131  BEGIN;
        96.251  UPDATE pgbench_accounts SET abalance = abalance + :delta WHERE aid = :aid;
         0.156  SELECT abalance FROM pgbench_accounts WHERE aid = :aid;
         1.151  UPDATE pgbench_tellers SET tbalance = tbalance + :delta WHERE tid = :tid;
         9.476  UPDATE pgbench_branches SET bbalance = bbalance + :delta WHERE bid = :bid;
         0.156  INSERT INTO pgbench_history (tid, bid, aid, delta, mtime) VALUES (:tid, :bid, :aid, :delta, CURRENT_TIMESTAMP);
       227.045  END;
========================================================================
Testing 2011-10-01-REL9_2_0~1396
Start Time: 2016-07-31 14:00:11+00:00
Linux 3.16.0-4-amd64 (Debian-83-jessie-64-minimal) 	31.07.16 	_x86_64_	(8 CPU)

starting vacuum...end.
transaction type: <builtin: TPC-B (sort of)>
scaling factor: 300
query mode: simple
number of clients: 32
number of threads: 4
duration: 900 s
number of transactions actually processed: 82874
latency average: 347.516 ms
tps = 92.056595 (including connections establishing)
tps = 92.056785 (excluding connections establishing)
script statistics:
 - statement latencies in milliseconds:
         0.002  \set aid random(1, 100000 * :scale)
         0.001  \set bid random(1, 1 * :scale)
         0.001  \set tid random(1, 10 * :scale)
         0.001  \set delta random(-5000, 5000)
         0.170  BEGIN;
        33.802  UPDATE pgbench_accounts SET abalance = abalance + :delta WHERE aid = :aid;
         0.186  SELECT abalance FROM pgbench_accounts WHERE aid = :aid;
         1.783  UPDATE pgbench_tellers SET tbalance = tbalance + :delta WHERE tid = :tid;
        14.762  UPDATE pgbench_branches SET bbalance = bbalance + :delta WHERE bid = :bid;
         0.151  INSERT INTO pgbench_history (tid, bid, aid, delta, mtime) VALUES (:tid, :bid, :aid, :delta, CURRENT_TIMESTAMP);
       296.945  END;
avg-cpu:  %user   %nice %system %iowait  %steal   %idle
           0,95    0,00    0,33   28,70    0,00   70,02

Device:         rrqm/s   wrqm/s     r/s     w/s    rkB/s    wkB/s avgrq-sz avgqu-sz   await r_await w_await  svctm  %util
sdb               0,00     2,01   17,36  150,74   164,05  2382,58    30,30    77,24  459,23   70,74  503,98   4,84  81,43
sda               0,02     2,01   41,30  150,59   387,89  2381,34    28,86    68,84  357,84   50,72  442,07   4,55  87,28
md0               0,00     0,00    0,11    0,00     0,45     0,00     8,00     0,00    0,00    0,00    0,00   0,00   0,00
md1               0,00     0,00    0,00    0,00     0,00     0,00     0,00     0,00    0,00    0,00    0,00   0,00   0,00
md2               0,00     0,00   58,57  152,04   551,49  2381,01    27,85     0,00    0,00    0,00    0,00   0,00   0,00
md3               0,00     0,00    0,00    0,01     0,00     0,04     8,00     0,00    0,00    0,00    0,00   0,00   0,00

End Time: 2016-07-31 14:15:41+00:00
========================================================================
========================================================================
Testing 2011-10-01-REL9_2_0~1396
Start Time: 2016-08-04 22:35:24+00:00
Shared Buffers:  1048576
Linux 3.16.0-4-amd64 (Debian-83-jessie-64-minimal) 	05.08.16 	_x86_64_	(8 CPU)

starting vacuum...end.
transaction type: <builtin: TPC-B (sort of)>
scaling factor: 300
query mode: simple
number of clients: 32
number of threads: 4
duration: 900 s
number of transactions actually processed: 178199
latency average: 161.617 ms
tps = 197.986062 (including connections establishing)
tps = 197.986488 (excluding connections establishing)
script statistics:
 - statement latencies in milliseconds:
         0.002  \set aid random(1, 100000 * :scale)
         0.001  \set bid random(1, 1 * :scale)
         0.001  \set tid random(1, 10 * :scale)
         0.001  \set delta random(-5000, 5000)
         0.165  BEGIN;
        10.217  UPDATE pgbench_accounts SET abalance = abalance + :delta WHERE aid = :aid;
         0.225  SELECT abalance FROM pgbench_accounts WHERE aid = :aid;
         1.005  UPDATE pgbench_tellers SET tbalance = tbalance + :delta WHERE tid = :tid;
         7.277  UPDATE pgbench_branches SET bbalance = bbalance + :delta WHERE bid = :bid;
         0.158  INSERT INTO pgbench_history (tid, bid, aid, delta, mtime) VALUES (:tid, :bid, :aid, :delta, CURRENT_TIMESTAMP);
       142.775  END;
avg-cpu:  %user   %nice %system %iowait  %steal   %idle
           1,88    0,00    0,61   19,80    0,00   77,71

Device:         rrqm/s   wrqm/s     r/s     w/s    rkB/s    wkB/s avgrq-sz avgqu-sz   await r_await w_await  svctm  %util
sdb               0,00     1,94   14,61  217,91   139,65  4435,07    39,35    55,26  237,65   29,37  251,62   2,98  69,26
sda               0,01     1,93   58,75  217,91   557,82  4435,07    36,09    52,42  189,46   31,21  232,12   3,23  89,25
md0               0,00     0,00    0,02    0,00     0,09     0,00     8,00     0,00    0,00    0,00    0,00   0,00   0,00
md1               0,00     0,00    0,00    0,00     0,00     0,00     0,00     0,00    0,00    0,00    0,00   0,00   0,00
md2               0,00     0,00   73,35  219,08   697,38  4433,16    35,09     0,00    0,00    0,00    0,00   0,00   0,00
md3               0,00     0,00    0,00    0,01     0,00     0,04     8,00     0,00    0,00    0,00    0,00   0,00   0,00

End Time: 2016-08-04 22:50:54+00:00
========================================================================
========================================================================
Testing 2011-10-01-REL9_2_0~1396
Start Time: 2016-08-06 03:27:40+00:00
Shared Buffers:  260000
Linux 3.16.0-4-amd64 (Debian-83-jessie-64-minimal) 	06.08.16 	_x86_64_	(8 CPU)

starting vacuum...end.
transaction type: <builtin: TPC-B (sort of)>
scaling factor: 300
query mode: simple
number of clients: 32
number of threads: 4
duration: 900 s
number of transactions actually processed: 155775
latency average: 184.882 ms
tps = 172.948324 (including connections establishing)
tps = 172.948681 (excluding connections establishing)
script statistics:
 - statement latencies in milliseconds:
         0.002  \set aid random(1, 100000 * :scale)
         0.001  \set bid random(1, 1 * :scale)
         0.001  \set tid random(1, 10 * :scale)
         0.001  \set delta random(-5000, 5000)
         0.165  BEGIN;
        14.668  UPDATE pgbench_accounts SET abalance = abalance + :delta WHERE aid = :aid;
         0.225  SELECT abalance FROM pgbench_accounts WHERE aid = :aid;
         1.035  UPDATE pgbench_tellers SET tbalance = tbalance + :delta WHERE tid = :tid;
         8.257  UPDATE pgbench_branches SET bbalance = bbalance + :delta WHERE bid = :bid;
         0.157  INSERT INTO pgbench_history (tid, bid, aid, delta, mtime) VALUES (:tid, :bid, :aid, :delta, CURRENT_TIMESTAMP);
       160.686  END;
avg-cpu:  %user   %nice %system %iowait  %steal   %idle
           1,67    0,00    0,54   22,90    0,00   74,90

Device:         rrqm/s   wrqm/s     r/s     w/s    rkB/s    wkB/s avgrq-sz avgqu-sz   await r_await w_await  svctm  %util
sdb               0,00     2,46   14,11  186,38   135,03  3368,09    34,95    53,92  268,79   39,90  286,11   3,57  71,57
sda               0,25     2,46   58,54  186,37   557,11  3368,08    32,05    50,10  204,38   38,74  256,41   3,66  89,76
md0               0,00     0,00    0,64    0,89     2,55     3,57     8,00     0,00    0,00    0,00    0,00   0,00   0,00
md1               0,00     0,00    0,00    0,00     0,00     0,00     0,00     0,00    0,00    0,00    0,00   0,00   0,00
md2               0,00     0,00   72,27  187,45   689,60  3364,71    31,22     0,00    0,00    0,00    0,00   0,00   0,00
md3               0,00     0,00    0,00    0,01     0,00     0,04     8,00     0,00    0,00    0,00    0,00   0,00   0,00

End Time: 2016-08-06 03:43:11+00:00
========================================================================
========================================================================
Testing 2011-10-01-REL9_2_0~1396
Start Time: 2016-08-06 18:16:00+00:00
Shared Buffers:  260000
Linux 3.16.0-4-amd64 (Debian-83-jessie-64-minimal) 	06.08.16 	_x86_64_	(8 CPU)

starting vacuum...end.
transaction type: <builtin: TPC-B (sort of)>
scaling factor: 300
query mode: simple
number of clients: 32
number of threads: 4
duration: 900 s
number of transactions actually processed: 173182
latency average: 166.299 ms
tps = 192.225938 (including connections establishing)
tps = 192.226374 (excluding connections establishing)
script statistics:
 - statement latencies in milliseconds:
         0.002  \set aid random(1, 100000 * :scale)
         0.001  \set bid random(1, 1 * :scale)
         0.001  \set tid random(1, 10 * :scale)
         0.001  \set delta random(-5000, 5000)
         0.166  BEGIN;
        11.346  UPDATE pgbench_accounts SET abalance = abalance + :delta WHERE aid = :aid;
         0.227  SELECT abalance FROM pgbench_accounts WHERE aid = :aid;
         0.994  UPDATE pgbench_tellers SET tbalance = tbalance + :delta WHERE tid = :tid;
         7.746  UPDATE pgbench_branches SET bbalance = bbalance + :delta WHERE bid = :bid;
         0.166  INSERT INTO pgbench_history (tid, bid, aid, delta, mtime) VALUES (:tid, :bid, :aid, :delta, CURRENT_TIMESTAMP);
       145.962  END;
avg-cpu:  %user   %nice %system %iowait  %steal   %idle
           1,84    0,00    0,59   20,53    0,00   77,04

Device:         rrqm/s   wrqm/s     r/s     w/s    rkB/s    wkB/s avgrq-sz avgqu-sz   await r_await w_await  svctm  %util
sdb               0,00     2,37   13,36  195,17   128,43  3632,19    36,07    59,67  286,02   32,66  303,36   3,40  70,94
sda               0,13     2,35   59,76  195,16   568,86  3632,03    32,96    41,07  161,01   34,05  199,88   3,46  88,31
md0               0,00     0,00    0,28    0,56     1,13     2,25     8,00     0,00    0,00    0,00    0,00   0,00   0,00
md1               0,00     0,00    0,00    0,00     0,00     0,00     0,00     0,00    0,00    0,00    0,00   0,00   0,00
md2               0,00     0,00   72,97  196,49   696,09  3629,94    32,11     0,00    0,00    0,00    0,00   0,00   0,00
md3               0,00     0,00    0,00    0,01     0,00     0,04     8,00     0,00    0,00    0,00    0,00   0,00   0,00

Control File Changes
--- /usr/local/oldpgsql/2011-10-01-REL9_2_0~1396/before.controldata	2016-08-06 20:16:00.706075927 +0200
+++ /usr/local/oldpgsql/2011-10-01-REL9_2_0~1396/after.controldata	2016-08-06 20:33:10.408321317 +0200
@@ -2,19 +2,19 @@
 Catalog version number:               201109071
 Database system identifier:           6255448537540066655
 Database cluster state:               in production
-pg_control last modified:             сб, 06-сер-2016 20:16:00 +0200
-Latest checkpoint location:           2/9935BB50
-Prior checkpoint location:            2/9935BAF8
-Latest checkpoint's REDO location:    2/9935BB50
+pg_control last modified:             сб, 06-сер-2016 20:33:10 +0200
+Latest checkpoint location:           3/3D9DD78
+Prior checkpoint location:            3/3D9DD20
+Latest checkpoint's REDO location:    3/3D9DD78
 Latest checkpoint's TimeLineID:       1
-Latest checkpoint's NextXID:          0/555488
-Latest checkpoint's NextOID:          16466
+Latest checkpoint's NextXID:          0/728713
+Latest checkpoint's NextOID:          24658
 Latest checkpoint's NextMultiXactId:  1
 Latest checkpoint's NextMultiOffset:  0
 Latest checkpoint's oldestXID:        696
 Latest checkpoint's oldestXID's DB:   1
 Latest checkpoint's oldestActiveXID:  0
-Time of latest checkpoint:            сб, 06-сер-2016 20:16:00 +0200
+Time of latest checkpoint:            сб, 06-сер-2016 20:32:21 +0200
 Minimum recovery ending location:     0/0
 Backup start location:                0/0
 End-of-backup record required:        no
End Time: 2016-08-06 18:33:10+00:00
========================================================================
========================================================================
Testing 2011-10-01-REL9_2_0~1396
Start Time: 2016-08-09 01:07:18+00:00
Shared Buffers:  260000
size before pgbench of pgbench_history: 24
size before pgbench of pgbench_tellers: 8
size before pgbench of pgbench_branches: 8
size before pgbench of pgbench_accounts: 64
size before pgbench of pgbench_branches_pkey: 32
size before pgbench of pgbench_tellers_pkey: 152
size before pgbench of pgbench_accounts_pkey: 658092
total size before pgbench: 658380
Linux 3.16.0-4-amd64 (Debian-83-jessie-64-minimal) 	09.08.16 	_x86_64_	(8 CPU)

starting vacuum...end.
transaction type: <builtin: select only>
scaling factor: 300
query mode: simple
number of clients: 32
number of threads: 4
duration: 60 s
number of transactions actually processed: 62300
latency average: 30.819 ms
tps = 1036.685936 (including connections establishing)
tps = 1036.719227 (excluding connections establishing)
script statistics:
 - statement latencies in milliseconds:
         0.002  \set aid random(1, 100000 * :scale)
        30.837  SELECT abalance FROM pgbench_accounts WHERE aid = :aid;
avg-cpu:  %user   %nice %system %iowait  %steal   %idle
           1,04    0,00    0,67   29,36    0,00   68,93

Device:         rrqm/s   wrqm/s     r/s     w/s    rkB/s    wkB/s avgrq-sz avgqu-sz   await r_await w_await  svctm  %util
sdb               0,06     9,38  249,73    2,13  2302,40    47,02    18,66    12,49   49,58   34,63 1799,21   2,72  68,60
sda               0,09     9,43  253,88    2,08  2342,98    47,02    18,68    20,91   81,68   52,72 3619,98   2,69  68,96
md0               0,00     0,00    0,57    8,16     2,27    32,62     8,00     0,00    0,00    0,00    0,00   0,00   0,00
md1               0,00     0,00    0,00    0,00     0,00     0,00     0,00     0,00    0,00    0,00    0,00   0,00   0,00
md2               0,00     0,00  503,19    2,27  4643,11    11,96    18,42     0,00    0,00    0,00    0,00   0,00   0,00
md3               0,00     0,00    0,00    0,10     0,00     0,40     8,00     0,00    0,00    0,00    0,00   0,00   0,00

Control File Changes
--- /usr/local/oldpgsql/2011-10-01-REL9_2_0~1396/before.controldata	2016-08-09 03:09:09.910594125 +0200
+++ /usr/local/oldpgsql/2011-10-01-REL9_2_0~1396/after.controldata	2016-08-09 03:10:46.515100855 +0200
@@ -5,4 +5,4 @@
-pg_control last modified:             Tue Aug  9 01:09:09 2016
-Latest checkpoint location:           3/49ED2C90
-Prior checkpoint location:            3/49ED2C38
-Latest checkpoint's REDO location:    3/49ED2C90
+pg_control last modified:             Tue Aug  9 01:10:46 2016
+Latest checkpoint location:           3/49ED4D28
+Prior checkpoint location:            3/49ED2C90
+Latest checkpoint's REDO location:    3/49ED4D28
@@ -10,2 +10,2 @@
-Latest checkpoint's NextXID:          0/728713
-Latest checkpoint's NextOID:          16467
+Latest checkpoint's NextXID:          0/728714
+Latest checkpoint's NextOID:          24659
@@ -17 +17 @@
-Time of latest checkpoint:            Tue Aug  9 01:09:06 2016
+Time of latest checkpoint:            Tue Aug  9 01:10:40 2016
size after pgbench of pgbench_history: 0
size after pgbench of pgbench_tellers: 8
size after pgbench of pgbench_branches: 8
size after pgbench of pgbench_accounts: 64
size after pgbench of pgbench_branches_pkey: 32
size after pgbench of pgbench_tellers_pkey: 152
size after pgbench of pgbench_accounts_pkey: 658092
total size after pgbench: 658356
End Time: 2016-08-09 01:10:46+00:00
========================================================================
========================================================================
Testing 2011-10-01-REL9_2_0~1396
Start Time: 2016-08-10 14:04:56+00:00
Shared Buffers:  260000
size before pgbench of pgbench_history: 0
size before pgbench of pgbench_tellers: 8
size before pgbench of pgbench_branches: 8
size before pgbench of pgbench_accounts: 64
size before pgbench of pgbench_branches_pkey: 32
size before pgbench of pgbench_tellers_pkey: 152
size before pgbench of pgbench_accounts_pkey: 658092
total size before pgbench: 658356
Linux 3.16.0-4-amd64 (Debian-83-jessie-64-minimal) 	10.08.16 	_x86_64_	(8 CPU)

starting vacuum...end.
transaction type: <builtin: select only>
scaling factor: 300
query mode: simple
number of clients: 32
number of threads: 4
duration: 60 s
number of transactions actually processed: 68265
latency average: 28.126 ms
tps = 1136.059638 (including connections establishing)
tps = 1136.100339 (excluding connections establishing)
script statistics:
 - statement latencies in milliseconds:
         0.002  \set aid random(1, 100000 * :scale)
        28.139  SELECT abalance FROM pgbench_accounts WHERE aid = :aid;
avg-cpu:  %user   %nice %system %iowait  %steal   %idle
           1,18    0,00    0,67   26,19    0,00   71,96

Device:         rrqm/s   wrqm/s     r/s     w/s    rkB/s    wkB/s avgrq-sz avgqu-sz   await r_await w_await  svctm  %util
sdb               0,04     4,38  268,73    1,68  2522,31    27,18    18,86    19,36   71,60   34,44 6023,68   2,49  67,28
sda               0,11     4,36  268,58    1,70  2488,49    27,18    18,62    23,03   85,19   53,81 5044,00   2,50  67,59
md0               0,00     0,00    0,18    3,29     0,71    13,16     8,00     0,00    0,00    0,00    0,00   0,00   0,00
md1               0,00     0,00    0,00    0,00     0,00     0,00     0,00     0,00    0,00    0,00    0,00   0,00   0,00
md2               0,00     0,00  537,29    1,80  5010,09    11,73    18,63     0,00    0,00    0,00    0,00   0,00   0,00
md3               0,00     0,00    0,00    0,10     0,00     0,40     8,00     0,00    0,00    0,00    0,00   0,00   0,00

Control File Changes
--- /usr/local/oldpgsql/2011-10-01-REL9_2_0~1396/before.controldata	2016-08-10 16:05:35.383016698 +0200
+++ /usr/local/oldpgsql/2011-10-01-REL9_2_0~1396/after.controldata	2016-08-10 16:07:08.623500851 +0200
@@ -5,4 +5,4 @@
-pg_control last modified:             Wed Aug 10 14:05:35 2016
-Latest checkpoint location:           3/49ED4DD8
-Prior checkpoint location:            3/49ED4D80
-Latest checkpoint's REDO location:    3/49ED4DD8
+pg_control last modified:             Wed Aug 10 14:07:08 2016
+Latest checkpoint location:           3/49ED6E70
+Prior checkpoint location:            3/49ED4DD8
+Latest checkpoint's REDO location:    3/49ED6E70
@@ -10,2 +10,2 @@
-Latest checkpoint's NextXID:          0/728714
-Latest checkpoint's NextOID:          16468
+Latest checkpoint's NextXID:          0/728715
+Latest checkpoint's NextOID:          24660
@@ -17 +17 @@
-Time of latest checkpoint:            Wed Aug 10 14:05:35 2016
+Time of latest checkpoint:            Wed Aug 10 14:07:05 2016
size after pgbench of pgbench_history: 0
size after pgbench of pgbench_tellers: 8
size after pgbench of pgbench_branches: 8
size after pgbench of pgbench_accounts: 64
size after pgbench of pgbench_branches_pkey: 32
size after pgbench of pgbench_tellers_pkey: 152
size after pgbench of pgbench_accounts_pkey: 658092
total size after pgbench: 658356
End Time: 2016-08-10 14:07:08+00:00
========================================================================
========================================================================
Testing 2011-10-01-REL9_2_0~1396
Start Time: 2016-08-11 03:25:38+00:00
Shared Buffers:  260000
size before pgbench of pgbench_history: 0
size before pgbench of pgbench_tellers: 8
size before pgbench of pgbench_branches: 8
size before pgbench of pgbench_accounts: 64
size before pgbench of pgbench_branches_pkey: 32
size before pgbench of pgbench_tellers_pkey: 152
size before pgbench of pgbench_accounts_pkey: 658092
total size before pgbench: 658356
Linux 3.16.0-4-amd64 (Debian-83-jessie-64-minimal) 	11.08.16 	_x86_64_	(8 CPU)

starting vacuum...end.
transaction type: <builtin: select only>
scaling factor: 300
query mode: simple
number of clients: 32
number of threads: 4
duration: 60 s
number of transactions actually processed: 67448
latency average: 28.466 ms
tps = 1122.387983 (including connections establishing)
tps = 1122.425652 (excluding connections establishing)
script statistics:
 - statement latencies in milliseconds:
         0.002  \set aid random(1, 100000 * :scale)
        28.493  SELECT abalance FROM pgbench_accounts WHERE aid = :aid;
avg-cpu:  %user   %nice %system %iowait  %steal   %idle
           1,12    0,00    0,69   29,00    0,00   69,19

Device:         rrqm/s   wrqm/s     r/s     w/s    rkB/s    wkB/s avgrq-sz avgqu-sz   await r_await w_await  svctm  %util
sdb               0,00     2,41  264,67    1,99  2449,82    19,83    18,52    15,94   59,79   39,62 2743,80   2,55  67,92
sda               0,12     2,41  268,29    1,99  2490,27    19,83    18,57    20,61   76,27   49,41 3699,82   2,51  67,82
md0               0,00     0,00    0,51    1,49     2,04     5,96     8,00     0,00    0,00    0,00    0,00   0,00   0,00
md1               0,00     0,00    0,00    0,00     0,00     0,00     0,00     0,00    0,00    0,00    0,00   0,00   0,00
md2               0,00     0,00  532,57    1,76  4938,04    11,24    18,53     0,00    0,00    0,00    0,00   0,00   0,00
md3               0,00     0,00    0,00    0,10     0,00     0,40     8,00     0,00    0,00    0,00    0,00   0,00   0,00

Control File Changes
--- /usr/local/oldpgsql/2011-10-01-REL9_2_0~1396/before.controldata	2016-08-11 05:26:16.815097570 +0200
+++ /usr/local/oldpgsql/2011-10-01-REL9_2_0~1396/after.controldata	2016-08-11 05:27:48.863278741 +0200
@@ -5,4 +5,4 @@
-pg_control last modified:             Thu Aug 11 03:26:16 2016
-Latest checkpoint location:           3/49ED6F20
-Prior checkpoint location:            3/49ED6EC8
-Latest checkpoint's REDO location:    3/49ED6F20
+pg_control last modified:             Thu Aug 11 03:27:48 2016
+Latest checkpoint location:           3/49ED8FB8
+Prior checkpoint location:            3/49ED6F20
+Latest checkpoint's REDO location:    3/49ED8FB8
@@ -10,2 +10,2 @@
-Latest checkpoint's NextXID:          0/728715
-Latest checkpoint's NextOID:          16469
+Latest checkpoint's NextXID:          0/728716
+Latest checkpoint's NextOID:          24661
@@ -17 +17 @@
-Time of latest checkpoint:            Thu Aug 11 03:26:16 2016
+Time of latest checkpoint:            Thu Aug 11 03:27:46 2016
size after pgbench of pgbench_history: 0
size after pgbench of pgbench_tellers: 8
size after pgbench of pgbench_branches: 8
size after pgbench of pgbench_accounts: 64
size after pgbench of pgbench_branches_pkey: 32
size after pgbench of pgbench_tellers_pkey: 152
size after pgbench of pgbench_accounts_pkey: 658092
total size after pgbench: 658356
End Time: 2016-08-11 03:27:48+00:00
========================================================================
========================================================================
Testing 2011-10-01-REL9_2_0~1396
Start Time: 2016-08-11 18:54:45+00:00
Shared Buffers:  260000
size before pgbench of pgbench_history: 0
size before pgbench of pgbench_tellers: 8
size before pgbench of pgbench_branches: 8
size before pgbench of pgbench_accounts: 64
size before pgbench of pgbench_branches_pkey: 32
size before pgbench of pgbench_tellers_pkey: 152
size before pgbench of pgbench_accounts_pkey: 658092
total size before pgbench: 658356
Linux 3.16.0-4-amd64 (Debian-83-jessie-64-minimal) 	11.08.16 	_x86_64_	(8 CPU)

starting vacuum...end.
transaction type: <builtin: select only>
scaling factor: 300
query mode: simple
number of clients: 32
number of threads: 4
duration: 60 s
number of transactions actually processed: 68434
latency average: 28.056 ms
tps = 1138.394439 (including connections establishing)
tps = 1138.428311 (excluding connections establishing)
script statistics:
 - statement latencies in milliseconds:
         0.002  \set aid random(1, 100000 * :scale)
        28.067  SELECT abalance FROM pgbench_accounts WHERE aid = :aid;
avg-cpu:  %user   %nice %system %iowait  %steal   %idle
           1,15    0,00    0,72   27,14    0,00   71,00

Device:         rrqm/s   wrqm/s     r/s     w/s    rkB/s    wkB/s avgrq-sz avgqu-sz   await r_await w_await  svctm  %util
sdb               0,00     5,19  269,40    1,90  2497,96    30,52    18,64    13,40   49,38   39,45 1457,31   2,50  67,84
sda               0,07     5,19  267,40    1,90  2483,24    30,52    18,67    18,21   67,63   48,36 2779,13   2,52  67,90
md0               0,00     0,00    0,09    4,09     0,36    16,36     8,00     0,00    0,00    0,00    0,00   0,00   0,00
md1               0,00     0,00    0,00    0,00     0,00     0,00     0,00     0,00    0,00    0,00    0,00   0,00   0,00
md2               0,00     0,00  536,78    1,93  4980,84    11,64    18,53     0,00    0,00    0,00    0,00   0,00   0,00
md3               0,00     0,00    0,00    0,10     0,00     0,40     8,00     0,00    0,00    0,00    0,00   0,00   0,00

Control File Changes
--- /usr/local/oldpgsql/2011-10-01-REL9_2_0~1396/before.controldata	2016-08-11 20:55:24.349680767 +0200
+++ /usr/local/oldpgsql/2011-10-01-REL9_2_0~1396/after.controldata	2016-08-11 20:56:56.593844382 +0200
@@ -5,4 +5,4 @@
-pg_control last modified:             Thu Aug 11 18:55:24 2016
-Latest checkpoint location:           3/49ED9068
-Prior checkpoint location:            3/49ED9010
-Latest checkpoint's REDO location:    3/49ED9068
+pg_control last modified:             Thu Aug 11 18:56:56 2016
+Latest checkpoint location:           3/49EDB100
+Prior checkpoint location:            3/49ED9068
+Latest checkpoint's REDO location:    3/49EDB100
@@ -10,2 +10,2 @@
-Latest checkpoint's NextXID:          0/728716
-Latest checkpoint's NextOID:          16470
+Latest checkpoint's NextXID:          0/728717
+Latest checkpoint's NextOID:          24662
@@ -17 +17 @@
-Time of latest checkpoint:            Thu Aug 11 18:55:23 2016
+Time of latest checkpoint:            Thu Aug 11 18:56:54 2016
size after pgbench of pgbench_history: 0
size after pgbench of pgbench_tellers: 8
size after pgbench of pgbench_branches: 8
size after pgbench of pgbench_accounts: 64
size after pgbench of pgbench_branches_pkey: 32
size after pgbench of pgbench_tellers_pkey: 152
size after pgbench of pgbench_accounts_pkey: 658092
total size after pgbench: 658356
End Time: 2016-08-11 18:56:56+00:00
========================================================================
========================================================================
Testing 2011-10-01-REL9_2_0~1396
Start Time: 2016-08-12 20:02:54+00:00
Shared Buffers:  260000
size before pgbench of pgbench_history: 0
size before pgbench of pgbench_tellers: 8
size before pgbench of pgbench_branches: 8
size before pgbench of pgbench_accounts: 64
size before pgbench of pgbench_branches_pkey: 32
size before pgbench of pgbench_tellers_pkey: 152
size before pgbench of pgbench_accounts_pkey: 658092
total size before pgbench: 658356
+ /usr/local/pgsql/bin/pgbench -T 60 -S -c 64 -j 4 -r
Linux 3.16.0-4-amd64 (Debian-83-jessie-64-minimal) 	12.08.16 	_x86_64_	(8 CPU)

starting vacuum...end.
transaction type: <builtin: select only>
scaling factor: 300
query mode: simple
number of clients: 64
number of threads: 4
duration: 60 s
number of transactions actually processed: 74624
latency average: 51.458 ms
tps = 1239.239706 (including connections establishing)
tps = 1239.280398 (excluding connections establishing)
script statistics:
 - statement latencies in milliseconds:
         0.002  \set aid random(1, 100000 * :scale)
        51.513  SELECT abalance FROM pgbench_accounts WHERE aid = :aid;
avg-cpu:  %user   %nice %system %iowait  %steal   %idle
           1,29    0,00    0,79   34,65    0,00   63,27

Device:         rrqm/s   wrqm/s     r/s     w/s    rkB/s    wkB/s avgrq-sz avgqu-sz   await r_await w_await  svctm  %util
sdb               0,19     4,52  281,79    1,48  2640,98    26,59    18,83    24,17   85,33   56,14 5652,87   2,39  67,68
sda               1,30     4,53  287,43    1,47  2680,44    26,59    18,74    44,23  153,08  109,46 8701,58   2,37  68,43
md0               0,00     0,00    3,43    3,68    13,73    14,71     8,00     0,00    0,00    0,00    0,00   0,00   0,00
md1               0,00     0,00    0,00    0,00     0,00     0,00     0,00     0,00    0,00    0,00    0,00   0,00   0,00
md2               0,00     0,00  567,34    1,48  5307,69     9,82    18,70     0,00    0,00    0,00    0,00   0,00   0,00
md3               0,00     0,00    0,00    0,10     0,00     0,40     8,00     0,00    0,00    0,00    0,00   0,00   0,00

Control File Changes
--- /usr/local/oldpgsql/2011-10-01-REL9_2_0~1396/before.controldata	2016-08-12 22:03:32.517956961 +0200
+++ /usr/local/oldpgsql/2011-10-01-REL9_2_0~1396/after.controldata	2016-08-12 22:05:04.870154199 +0200
@@ -5,4 +5,4 @@
-pg_control last modified:             Fri Aug 12 20:03:32 2016
-Latest checkpoint location:           3/49EDB1B0
-Prior checkpoint location:            3/49EDB158
-Latest checkpoint's REDO location:    3/49EDB1B0
+pg_control last modified:             Fri Aug 12 20:05:04 2016
+Latest checkpoint location:           3/49EDD248
+Prior checkpoint location:            3/49EDB1B0
+Latest checkpoint's REDO location:    3/49EDD248
@@ -10,2 +10,2 @@
-Latest checkpoint's NextXID:          0/728717
-Latest checkpoint's NextOID:          16471
+Latest checkpoint's NextXID:          0/728718
+Latest checkpoint's NextOID:          24663
@@ -17 +17 @@
-Time of latest checkpoint:            Fri Aug 12 20:03:32 2016
+Time of latest checkpoint:            Fri Aug 12 20:05:02 2016
size after pgbench of pgbench_history: 0
size after pgbench of pgbench_tellers: 8
size after pgbench of pgbench_branches: 8
size after pgbench of pgbench_accounts: 64
size after pgbench of pgbench_branches_pkey: 32
size after pgbench of pgbench_tellers_pkey: 152
size after pgbench of pgbench_accounts_pkey: 658092
total size after pgbench: 658356
End Time: 2016-08-12 20:05:04+00:00
========================================================================
========================================================================
Testing 2011-10-01-REL9_2_0~1396
Start Time: 2016-08-13 04:22:57+00:00
Shared Buffers:  260000
size before pgbench of pgbench_history: 0
size before pgbench of pgbench_tellers: 8
size before pgbench of pgbench_branches: 8
size before pgbench of pgbench_accounts: 64
size before pgbench of pgbench_branches_pkey: 32
size before pgbench of pgbench_tellers_pkey: 152
size before pgbench of pgbench_accounts_pkey: 658092
total size before pgbench: 658356
Linux 3.16.0-4-amd64 (Debian-83-jessie-64-minimal) 	13.08.16 	_x86_64_	(8 CPU)

starting vacuum...end.
transaction type: <builtin: select only>
scaling factor: 300
query mode: simple
number of clients: 48
number of threads: 4
duration: 60 s
number of transactions actually processed: 70764
latency average: 40.699 ms
tps = 1175.603076 (including connections establishing)
tps = 1175.640486 (excluding connections establishing)
script statistics:
 - statement latencies in milliseconds:
         0.002  \set aid random(1, 100000 * :scale)
        40.767  SELECT abalance FROM pgbench_accounts WHERE aid = :aid;
avg-cpu:  %user   %nice %system %iowait  %steal   %idle
           1,22    0,00    0,78   30,45    0,00   67,55

Device:         rrqm/s   wrqm/s     r/s     w/s    rkB/s    wkB/s avgrq-sz avgqu-sz   await r_await w_await  svctm  %util
sdb               0,14     0,80  273,51    1,54  2544,44    12,31    18,59    15,48   56,26   50,89 1006,85   2,46  67,62
sda               1,27     0,80  275,30    1,54  2565,56    12,31    18,62    26,91   97,19   77,41 3623,54   2,46  68,17
md0               0,00     0,00    3,18    0,01    12,71     0,04     8,00     0,00    0,00    0,00    0,00   0,00   0,00
md1               0,00     0,00    0,00    0,00     0,00     0,00     0,00     0,00    0,00    0,00    0,00   0,00   0,00
md2               0,00     0,00  547,09    1,33  5097,29     9,87    18,62     0,00    0,00    0,00    0,00   0,00   0,00
md3               0,00     0,00    0,00    0,10     0,00     0,40     8,00     0,00    0,00    0,00    0,00   0,00   0,00

Control File Changes
--- /usr/local/oldpgsql/2011-10-01-REL9_2_0~1396/before.controldata	2016-08-13 06:23:35.261659674 +0200
+++ /usr/local/oldpgsql/2011-10-01-REL9_2_0~1396/after.controldata	2016-08-13 06:25:07.517862613 +0200
@@ -5,4 +5,4 @@
-pg_control last modified:             Sat Aug 13 04:23:35 2016
-Latest checkpoint location:           3/49EDD2F8
-Prior checkpoint location:            3/49EDD2A0
-Latest checkpoint's REDO location:    3/49EDD2F8
+pg_control last modified:             Sat Aug 13 04:25:07 2016
+Latest checkpoint location:           3/49EDF390
+Prior checkpoint location:            3/49EDD2F8
+Latest checkpoint's REDO location:    3/49EDF390
@@ -10,2 +10,2 @@
-Latest checkpoint's NextXID:          0/728718
-Latest checkpoint's NextOID:          16472
+Latest checkpoint's NextXID:          0/728719
+Latest checkpoint's NextOID:          24664
@@ -17 +17 @@
-Time of latest checkpoint:            Sat Aug 13 04:23:34 2016
+Time of latest checkpoint:            Sat Aug 13 04:25:05 2016
size after pgbench of pgbench_history: 0
size after pgbench of pgbench_tellers: 8
size after pgbench of pgbench_branches: 8
size after pgbench of pgbench_accounts: 64
size after pgbench of pgbench_branches_pkey: 32
size after pgbench of pgbench_tellers_pkey: 152
size after pgbench of pgbench_accounts_pkey: 658092
total size after pgbench: 658356
End Time: 2016-08-13 04:25:07+00:00
========================================================================
========================================================================
Testing 2011-10-01-REL9_2_0~1396
Start Time: 2016-08-13 12:51:25+00:00
Shared Buffers:  260000
size before pgbench of pgbench_history: 0
size before pgbench of pgbench_tellers: 8
size before pgbench of pgbench_branches: 8
size before pgbench of pgbench_accounts: 64
size before pgbench of pgbench_branches_pkey: 32
size before pgbench of pgbench_tellers_pkey: 152
size before pgbench of pgbench_accounts_pkey: 658092
total size before pgbench: 658356
Linux 3.16.0-4-amd64 (Debian-83-jessie-64-minimal) 	13.08.16 	_x86_64_	(8 CPU)

starting vacuum...end.
transaction type: <builtin: select only>
scaling factor: 300
query mode: simple
number of clients: 48
number of threads: 4
duration: 60 s
number of transactions actually processed: 72305
latency average: 39.831 ms
tps = 1202.192421 (including connections establishing)
tps = 1202.230004 (excluding connections establishing)
script statistics:
 - statement latencies in milliseconds:
         0.002  \set aid random(1, 100000 * :scale)
        39.882  SELECT abalance FROM pgbench_accounts WHERE aid = :aid;
avg-cpu:  %user   %nice %system %iowait  %steal   %idle
           1,24    0,00    0,80   30,09    0,00   67,87

Device:         rrqm/s   wrqm/s     r/s     w/s    rkB/s    wkB/s avgrq-sz avgqu-sz   await r_await w_await  svctm  %util
sdb               0,00     3,78  280,24    1,37  2618,89    22,69    18,76    24,69   87,63   58,98 5963,06   2,39  67,35
sda               0,03     3,78  278,83    1,37  2602,22    22,69    18,74    33,60  119,92   71,40 10018,63   2,41  67,40
md0               0,00     0,00    0,23    3,19     0,93    12,76     8,00     0,00    0,00    0,00    0,00   0,00   0,00
md1               0,00     0,00    0,00    0,00     0,00     0,00     0,00     0,00    0,00    0,00    0,00   0,00   0,00
md2               0,00     0,00  558,94    1,17  5220,13     7,96    18,67     0,00    0,00    0,00    0,00   0,00   0,00
md3               0,00     0,00    0,00    0,10     0,00     0,40     8,00     0,00    0,00    0,00    0,00   0,00   0,00

Control File Changes
--- /usr/local/oldpgsql/2011-10-01-REL9_2_0~1396/before.controldata	2016-08-13 14:52:04.069175080 +0200
+++ /usr/local/oldpgsql/2011-10-01-REL9_2_0~1396/after.controldata	2016-08-13 14:53:36.313371464 +0200
@@ -5,4 +5,4 @@
-pg_control last modified:             Sat Aug 13 12:52:03 2016
-Latest checkpoint location:           3/49EDF440
-Prior checkpoint location:            3/49EDF3E8
-Latest checkpoint's REDO location:    3/49EDF440
+pg_control last modified:             Sat Aug 13 12:53:36 2016
+Latest checkpoint location:           3/49EE14D8
+Prior checkpoint location:            3/49EDF440
+Latest checkpoint's REDO location:    3/49EE14D8
@@ -10,2 +10,2 @@
-Latest checkpoint's NextXID:          0/728719
-Latest checkpoint's NextOID:          16473
+Latest checkpoint's NextXID:          0/728720
+Latest checkpoint's NextOID:          24665
@@ -17 +17 @@
-Time of latest checkpoint:            Sat Aug 13 12:52:03 2016
+Time of latest checkpoint:            Sat Aug 13 12:53:34 2016
size after pgbench of pgbench_history: 0
size after pgbench of pgbench_tellers: 8
size after pgbench of pgbench_branches: 8
size after pgbench of pgbench_accounts: 64
size after pgbench of pgbench_branches_pkey: 32
size after pgbench of pgbench_tellers_pkey: 152
size after pgbench of pgbench_accounts_pkey: 658092
total size after pgbench: 658356
End Time: 2016-08-13 12:53:36+00:00
========================================================================
========================================================================
Testing 2011-10-01-REL9_2_0~1396
Start Time: 2016-08-14 16:18:24+00:00
Shared Buffers:  260000
size before pgbench of pgbench_history: 0
size before pgbench of pgbench_tellers: 8
size before pgbench of pgbench_branches: 8
size before pgbench of pgbench_accounts: 64
size before pgbench of pgbench_branches_pkey: 32
size before pgbench of pgbench_tellers_pkey: 152
size before pgbench of pgbench_accounts_pkey: 658092
total size before pgbench: 658356
Linux 3.16.0-4-amd64 (Debian-83-jessie-64-minimal) 	14.08.16 	_x86_64_	(8 CPU)

starting vacuum...end.
transaction type: <builtin: TPC-B (sort of)>
scaling factor: 300
query mode: simple
number of clients: 32
number of threads: 4
duration: 900 s
number of transactions actually processed: 186945
latency average: 154.056 ms
tps = 207.650545 (including connections establishing)
tps = 207.651009 (excluding connections establishing)
script statistics:
 - statement latencies in milliseconds:
         0.002  \set aid random(1, 100000 * :scale)
         0.001  \set bid random(1, 1 * :scale)
         0.001  \set tid random(1, 10 * :scale)
         0.001  \set delta random(-5000, 5000)
         0.168  BEGIN;
         9.959  UPDATE pgbench_accounts SET abalance = abalance + :delta WHERE aid = :aid;
         0.235  SELECT abalance FROM pgbench_accounts WHERE aid = :aid;
         0.997  UPDATE pgbench_tellers SET tbalance = tbalance + :delta WHERE tid = :tid;
         6.929  UPDATE pgbench_branches SET bbalance = bbalance + :delta WHERE bid = :bid;
         0.170  INSERT INTO pgbench_history (tid, bid, aid, delta, mtime) VALUES (:tid, :bid, :aid, :delta, CURRENT_TIMESTAMP);
       135.903  END;
avg-cpu:  %user   %nice %system %iowait  %steal   %idle
           1,98    0,00    0,63   19,48    0,00   77,91

Device:         rrqm/s   wrqm/s     r/s     w/s    rkB/s    wkB/s avgrq-sz avgqu-sz   await r_await w_await  svctm  %util
sdb               0,01     2,17   13,95  205,84   132,29  3746,33    35,30    51,46  234,15   29,34  248,03   3,20  70,23
sda               0,03     2,16   59,71  205,70   568,84  3745,13    32,51    46,56  175,11   32,17  216,61   3,34  88,57
md0               0,00     0,00    0,13    0,30     0,52     1,20     8,00     0,00    0,00    0,00    0,00   0,00   0,00
md1               0,00     0,00    0,00    0,00     0,00     0,00     0,00     0,00    0,00    0,00    0,00   0,00   0,00
md2               0,00     0,00   73,57  207,24   700,61  3745,60    31,67     0,00    0,00    0,00    0,00   0,00   0,00
md3               0,00     0,00    0,00    0,01     0,00     0,04     8,00     0,00    0,00    0,00    0,00   0,00   0,00

Control File Changes
--- /usr/local/oldpgsql/2011-10-01-REL9_2_0~1396/before.controldata	2016-08-14 18:19:06.456178418 +0200
+++ /usr/local/oldpgsql/2011-10-01-REL9_2_0~1396/after.controldata	2016-08-14 18:36:27.006523098 +0200
@@ -5,4 +5,4 @@
-pg_control last modified:             Sun Aug 14 16:19:06 2016
-Latest checkpoint location:           3/49EE1588
-Prior checkpoint location:            3/49EE1530
-Latest checkpoint's REDO location:    3/49EE1588
+pg_control last modified:             Sun Aug 14 16:36:26 2016
+Latest checkpoint location:           3/B5448600
+Prior checkpoint location:            3/B54485A8
+Latest checkpoint's REDO location:    3/B5448600
@@ -10,2 +10,2 @@
-Latest checkpoint's NextXID:          0/728720
-Latest checkpoint's NextOID:          16474
+Latest checkpoint's NextXID:          0/915709
+Latest checkpoint's NextOID:          24666
@@ -17 +17 @@
-Time of latest checkpoint:            Sun Aug 14 16:19:05 2016
+Time of latest checkpoint:            Sun Aug 14 16:35:28 2016
size after pgbench of pgbench_history: 24
size after pgbench of pgbench_tellers: 8
size after pgbench of pgbench_branches: 8
size after pgbench of pgbench_accounts: 64
size after pgbench of pgbench_branches_pkey: 32
size after pgbench of pgbench_tellers_pkey: 152
size after pgbench of pgbench_accounts_pkey: 658092
total size after pgbench: 658380
End Time: 2016-08-14 16:36:27+00:00
========================================================================
========================================================================
Testing 2011-10-01-REL9_2_0~1396
Start Time: 2016-08-18 23:52:25+00:00
Shared Buffers:  260000
size before pgbench of pgbench_history: 24
size before pgbench of pgbench_tellers: 8
size before pgbench of pgbench_branches: 8
size before pgbench of pgbench_accounts: 64
size before pgbench of pgbench_branches_pkey: 32
size before pgbench of pgbench_tellers_pkey: 152
size before pgbench of pgbench_accounts_pkey: 658092
total size before pgbench: 658380
Linux 4.6.0-1-amd64 (Debian-83-jessie-64-minimal) 	19.08.16 	_x86_64_	(8 CPU)

starting vacuum...end.
transaction type: <builtin: TPC-B (sort of)>
scaling factor: 300
query mode: simple
number of clients: 32
number of threads: 4
duration: 900 s
number of transactions actually processed: 186238
latency average: 154.641 ms
tps = 206.828105 (including connections establishing)
tps = 206.828530 (excluding connections establishing)
script statistics:
 - statement latencies in milliseconds:
         0.001  \set aid random(1, 100000 * :scale)
         0.001  \set bid random(1, 1 * :scale)
         0.001  \set tid random(1, 10 * :scale)
         0.000  \set delta random(-5000, 5000)
         0.143  BEGIN;
         9.257  UPDATE pgbench_accounts SET abalance = abalance + :delta WHERE aid = :aid;
         0.202  SELECT abalance FROM pgbench_accounts WHERE aid = :aid;
         0.822  UPDATE pgbench_tellers SET tbalance = tbalance + :delta WHERE tid = :tid;
         7.168  UPDATE pgbench_branches SET bbalance = bbalance + :delta WHERE bid = :bid;
         0.135  INSERT INTO pgbench_history (tid, bid, aid, delta, mtime) VALUES (:tid, :bid, :aid, :delta, CURRENT_TIMESTAMP);
       137.203  END;
avg-cpu:  %user   %nice %system %iowait  %steal   %idle
           1,52    0,00    0,50   29,20    0,00   68,77

Device:         rrqm/s   wrqm/s     r/s     w/s    rkB/s    wkB/s avgrq-sz avgqu-sz   await r_await w_await  svctm  %util
sdb               0,01     2,66   12,07  181,45   115,43  3211,16    34,38    52,97  273,62   24,52  290,18   3,69  71,35
sda               0,21     2,66   61,69  181,59   586,04  3212,40    31,23    45,28  186,14   30,11  239,15   3,50  85,23
md0               0,00     0,00    0,42    0,63     1,68     2,50     8,00     0,00    0,00    0,00    0,00   0,00   0,00
md1               0,00     0,00    0,00    0,00     0,00     0,00     0,00     0,00    0,00    0,00    0,00   0,00   0,00
md2               0,00     0,00   73,56  189,21   699,80  3259,64    30,14     0,00    0,00    0,00    0,00   0,00   0,00
md3               0,00     0,00    0,00    0,01     0,00     0,04     8,00     0,00    0,00    0,00    0,00   0,00   0,00

Control File Changes
--- /usr/local/oldpgsql/2011-10-01-REL9_2_0~1396/before.controldata	2016-08-19 01:54:06.008844028 +0200
+++ /usr/local/oldpgsql/2011-10-01-REL9_2_0~1396/after.controldata	2016-08-19 02:11:09.504792852 +0200
@@ -5,4 +5,4 @@
-pg_control last modified:             Thu Aug 18 23:54:05 2016
-Latest checkpoint location:           4/10FD3F8
-Prior checkpoint location:            4/10FD3A0
-Latest checkpoint's REDO location:    4/10FD3F8
+pg_control last modified:             Fri Aug 19 00:11:09 2016
+Latest checkpoint location:           4/669F69A8
+Prior checkpoint location:            4/669F6950
+Latest checkpoint's REDO location:    4/669F69A8
@@ -10,2 +10,2 @@
-Latest checkpoint's NextXID:          0/915709
-Latest checkpoint's NextOID:          16475
+Latest checkpoint's NextXID:          0/1101992
+Latest checkpoint's NextOID:          24667
@@ -17 +17 @@
-Time of latest checkpoint:            Thu Aug 18 23:54:01 2016
+Time of latest checkpoint:            Fri Aug 19 00:10:27 2016
size after pgbench of pgbench_history: 24
size after pgbench of pgbench_tellers: 8
size after pgbench of pgbench_branches: 8
size after pgbench of pgbench_accounts: 64
size after pgbench of pgbench_branches_pkey: 32
size after pgbench of pgbench_tellers_pkey: 152
size after pgbench of pgbench_accounts_pkey: 658092
total size after pgbench: 658380
End Time: 2016-08-19 00:11:09+00:00
========================================================================
========================================================================
Testing 2011-10-01-REL9_2_0~1396
Start Time: 2016-08-20 19:38:43+00:00
Shared Buffers:  260000
size before pgbench of pgbench_history: 24
size before pgbench of pgbench_tellers: 8
size before pgbench of pgbench_branches: 8
size before pgbench of pgbench_accounts: 64
size before pgbench of pgbench_branches_pkey: 32
size before pgbench of pgbench_tellers_pkey: 152
size before pgbench of pgbench_accounts_pkey: 658092
total size before pgbench: 658380
Linux 4.6.0-1-amd64 (Debian-83-jessie-64-minimal) 	20.08.16 	_x86_64_	(8 CPU)

starting vacuum...end.
transaction type: <builtin: TPC-B (sort of)>
scaling factor: 300
query mode: simple
number of clients: 32
number of threads: 4
duration: 900 s
number of transactions actually processed: 169430
latency average: 169.982 ms
tps = 188.109658 (including connections establishing)
tps = 188.110091 (excluding connections establishing)
script statistics:
 - statement latencies in milliseconds:
         0.001  \set aid random(1, 100000 * :scale)
         0.001  \set bid random(1, 1 * :scale)
         0.001  \set tid random(1, 10 * :scale)
         0.000  \set delta random(-5000, 5000)
         0.140  BEGIN;
        12.332  UPDATE pgbench_accounts SET abalance = abalance + :delta WHERE aid = :aid;
         0.193  SELECT abalance FROM pgbench_accounts WHERE aid = :aid;
         1.242  UPDATE pgbench_tellers SET tbalance = tbalance + :delta WHERE tid = :tid;
         7.042  UPDATE pgbench_branches SET bbalance = bbalance + :delta WHERE bid = :bid;
         0.130  INSERT INTO pgbench_history (tid, bid, aid, delta, mtime) VALUES (:tid, :bid, :aid, :delta, CURRENT_TIMESTAMP);
       149.342  END;
avg-cpu:  %user   %nice %system %iowait  %steal   %idle
           1,36    0,00    0,46   31,20    0,00   66,98

Device:         rrqm/s   wrqm/s     r/s     w/s    rkB/s    wkB/s avgrq-sz avgqu-sz   await r_await w_await  svctm  %util
sdb               0,08     4,00   13,24  148,83   126,86  2737,40    35,35    47,23  291,30   32,44  314,33   4,15  67,29
sda               0,31     3,98   60,14  148,83   570,52  2737,18    31,66    39,39  188,40   37,15  249,53   4,04  84,44
md0               0,00     0,00    0,72    0,65     2,89     2,60     8,00     0,00    0,00    0,00    0,00   0,00   0,00
md1               0,00     0,00    0,00    0,00     0,00     0,00     0,00     0,00    0,00    0,00    0,00   0,00   0,00
md2               0,00     0,00   73,05  164,50   694,48  2840,51    29,76     0,00    0,00    0,00    0,00   0,00   0,00
md3               0,00     0,00    0,00    0,01     0,00     0,04     8,00     0,00    0,00    0,00    0,00   0,00   0,00

Control File Changes
--- /usr/local/oldpgsql/2011-10-01-REL9_2_0~1396/before.controldata	2016-08-20 21:40:23.359487799 +0200
+++ /usr/local/oldpgsql/2011-10-01-REL9_2_0~1396/after.controldata	2016-08-20 21:57:50.625301926 +0200
@@ -5,4 +5,4 @@
-pg_control last modified:             Sat Aug 20 19:40:23 2016
-Latest checkpoint location:           4/B10CECD0
-Prior checkpoint location:            4/B10CEC78
-Latest checkpoint's REDO location:    4/B10CECD0
+pg_control last modified:             Sat Aug 20 19:57:50 2016
+Latest checkpoint location:           5/BDC4B00
+Prior checkpoint location:            5/BDC4AA8
+Latest checkpoint's REDO location:    5/BDC4B00
@@ -10,2 +10,2 @@
-Latest checkpoint's NextXID:          0/1101992
-Latest checkpoint's NextOID:          16476
+Latest checkpoint's NextXID:          0/1271464
+Latest checkpoint's NextOID:          24668
@@ -17 +17 @@
-Time of latest checkpoint:            Sat Aug 20 19:40:21 2016
+Time of latest checkpoint:            Sat Aug 20 19:57:00 2016
size after pgbench of pgbench_history: 24
size after pgbench of pgbench_tellers: 8
size after pgbench of pgbench_branches: 8
size after pgbench of pgbench_accounts: 64
size after pgbench of pgbench_branches_pkey: 32
size after pgbench of pgbench_tellers_pkey: 152
size after pgbench of pgbench_accounts_pkey: 658092
total size after pgbench: 658380
End Time: 2016-08-20 19:57:50+00:00
========================================================================
