creating tables...
100000 of 30000000 tuples (0%) done (elapsed 0.05 s, remaining 16.29 s)
200000 of 30000000 tuples (0%) done (elapsed 0.13 s, remaining 19.80 s)
300000 of 30000000 tuples (1%) done (elapsed 0.20 s, remaining 19.42 s)
400000 of 30000000 tuples (1%) done (elapsed 0.37 s, remaining 27.42 s)
500000 of 30000000 tuples (1%) done (elapsed 0.48 s, remaining 28.53 s)
600000 of 30000000 tuples (2%) done (elapsed 0.57 s, remaining 27.74 s)
700000 of 30000000 tuples (2%) done (elapsed 0.63 s, remaining 26.34 s)
800000 of 30000000 tuples (2%) done (elapsed 0.69 s, remaining 25.29 s)
900000 of 30000000 tuples (3%) done (elapsed 0.81 s, remaining 26.08 s)
1000000 of 30000000 tuples (3%) done (elapsed 0.88 s, remaining 25.60 s)
1100000 of 30000000 tuples (3%) done (elapsed 0.95 s, remaining 24.97 s)
1200000 of 30000000 tuples (4%) done (elapsed 1.01 s, remaining 24.25 s)
1300000 of 30000000 tuples (4%) done (elapsed 1.11 s, remaining 24.55 s)
1400000 of 30000000 tuples (4%) done (elapsed 1.28 s, remaining 26.21 s)
1500000 of 30000000 tuples (5%) done (elapsed 1.36 s, remaining 25.86 s)
1600000 of 30000000 tuples (5%) done (elapsed 1.43 s, remaining 25.36 s)
1700000 of 30000000 tuples (5%) done (elapsed 1.49 s, remaining 24.89 s)
1800000 of 30000000 tuples (6%) done (elapsed 1.65 s, remaining 25.89 s)
1900000 of 30000000 tuples (6%) done (elapsed 1.75 s, remaining 25.82 s)
2000000 of 30000000 tuples (6%) done (elapsed 1.82 s, remaining 25.41 s)
2100000 of 30000000 tuples (7%) done (elapsed 1.88 s, remaining 25.00 s)
2200000 of 30000000 tuples (7%) done (elapsed 1.95 s, remaining 24.62 s)
2300000 of 30000000 tuples (7%) done (elapsed 2.08 s, remaining 25.11 s)
2400000 of 30000000 tuples (8%) done (elapsed 2.17 s, remaining 24.98 s)
2500000 of 30000000 tuples (8%) done (elapsed 2.24 s, remaining 24.67 s)
2600000 of 30000000 tuples (8%) done (elapsed 2.30 s, remaining 24.28 s)
2700000 of 30000000 tuples (9%) done (elapsed 2.37 s, remaining 23.96 s)
2800000 of 30000000 tuples (9%) done (elapsed 2.55 s, remaining 24.75 s)
2900000 of 30000000 tuples (9%) done (elapsed 2.63 s, remaining 24.61 s)
3000000 of 30000000 tuples (10%) done (elapsed 2.70 s, remaining 24.33 s)
3100000 of 30000000 tuples (10%) done (elapsed 2.77 s, remaining 24.03 s)
3200000 of 30000000 tuples (10%) done (elapsed 2.84 s, remaining 23.75 s)
3300000 of 30000000 tuples (11%) done (elapsed 3.01 s, remaining 24.37 s)
3400000 of 30000000 tuples (11%) done (elapsed 3.10 s, remaining 24.25 s)
3500000 of 30000000 tuples (11%) done (elapsed 3.17 s, remaining 24.00 s)
3600000 of 30000000 tuples (12%) done (elapsed 3.24 s, remaining 23.73 s)
3700000 of 30000000 tuples (12%) done (elapsed 3.30 s, remaining 23.48 s)
3800000 of 30000000 tuples (12%) done (elapsed 3.37 s, remaining 23.23 s)
3900000 of 30000000 tuples (13%) done (elapsed 3.43 s, remaining 22.96 s)
4000000 of 30000000 tuples (13%) done (elapsed 3.60 s, remaining 23.39 s)
4100000 of 30000000 tuples (13%) done (elapsed 3.69 s, remaining 23.28 s)
4200000 of 30000000 tuples (14%) done (elapsed 3.76 s, remaining 23.08 s)
4300000 of 30000000 tuples (14%) done (elapsed 3.82 s, remaining 22.81 s)
4400000 of 30000000 tuples (14%) done (elapsed 3.88 s, remaining 22.59 s)
4500000 of 30000000 tuples (15%) done (elapsed 4.10 s, remaining 23.25 s)
4600000 of 30000000 tuples (15%) done (elapsed 4.20 s, remaining 23.16 s)
4700000 of 30000000 tuples (15%) done (elapsed 4.27 s, remaining 22.98 s)
4800000 of 30000000 tuples (16%) done (elapsed 4.33 s, remaining 22.73 s)
4900000 of 30000000 tuples (16%) done (elapsed 4.40 s, remaining 22.55 s)
5000000 of 30000000 tuples (16%) done (elapsed 4.61 s, remaining 23.05 s)
5100000 of 30000000 tuples (17%) done (elapsed 4.70 s, remaining 22.94 s)
5200000 of 30000000 tuples (17%) done (elapsed 4.77 s, remaining 22.76 s)
5300000 of 30000000 tuples (17%) done (elapsed 4.83 s, remaining 22.52 s)
5400000 of 30000000 tuples (18%) done (elapsed 4.90 s, remaining 22.31 s)
5500000 of 30000000 tuples (18%) done (elapsed 5.14 s, remaining 22.90 s)
5600000 of 30000000 tuples (18%) done (elapsed 5.23 s, remaining 22.77 s)
5700000 of 30000000 tuples (19%) done (elapsed 5.30 s, remaining 22.59 s)
5800000 of 30000000 tuples (19%) done (elapsed 5.36 s, remaining 22.38 s)
5900000 of 30000000 tuples (19%) done (elapsed 5.43 s, remaining 22.17 s)
6000000 of 30000000 tuples (20%) done (elapsed 5.70 s, remaining 22.81 s)
6100000 of 30000000 tuples (20%) done (elapsed 5.78 s, remaining 22.66 s)
6200000 of 30000000 tuples (20%) done (elapsed 5.86 s, remaining 22.48 s)
6300000 of 30000000 tuples (21%) done (elapsed 5.92 s, remaining 22.27 s)
6400000 of 30000000 tuples (21%) done (elapsed 5.99 s, remaining 22.08 s)
6500000 of 30000000 tuples (21%) done (elapsed 6.15 s, remaining 22.23 s)
6600000 of 30000000 tuples (22%) done (elapsed 6.23 s, remaining 22.10 s)
6700000 of 30000000 tuples (22%) done (elapsed 6.30 s, remaining 21.92 s)
6800000 of 30000000 tuples (22%) done (elapsed 6.37 s, remaining 21.73 s)
6900000 of 30000000 tuples (23%) done (elapsed 6.43 s, remaining 21.54 s)
7000000 of 30000000 tuples (23%) done (elapsed 6.57 s, remaining 21.59 s)
7100000 of 30000000 tuples (23%) done (elapsed 6.65 s, remaining 21.44 s)
7200000 of 30000000 tuples (24%) done (elapsed 6.72 s, remaining 21.26 s)
7300000 of 30000000 tuples (24%) done (elapsed 6.78 s, remaining 21.09 s)
7400000 of 30000000 tuples (24%) done (elapsed 6.84 s, remaining 20.89 s)
7500000 of 30000000 tuples (25%) done (elapsed 7.05 s, remaining 21.14 s)
7600000 of 30000000 tuples (25%) done (elapsed 7.13 s, remaining 21.02 s)
7700000 of 30000000 tuples (25%) done (elapsed 7.20 s, remaining 20.85 s)
7800000 of 30000000 tuples (26%) done (elapsed 7.26 s, remaining 20.68 s)
7900000 of 30000000 tuples (26%) done (elapsed 7.33 s, remaining 20.49 s)
8000000 of 30000000 tuples (26%) done (elapsed 7.48 s, remaining 20.58 s)
8100000 of 30000000 tuples (27%) done (elapsed 7.56 s, remaining 20.45 s)
8200000 of 30000000 tuples (27%) done (elapsed 7.63 s, remaining 20.28 s)
8300000 of 30000000 tuples (27%) done (elapsed 7.69 s, remaining 20.10 s)
8400000 of 30000000 tuples (28%) done (elapsed 7.75 s, remaining 19.94 s)
8500000 of 30000000 tuples (28%) done (elapsed 7.89 s, remaining 19.95 s)
8600000 of 30000000 tuples (28%) done (elapsed 7.97 s, remaining 19.83 s)
8700000 of 30000000 tuples (29%) done (elapsed 8.03 s, remaining 19.67 s)
8800000 of 30000000 tuples (29%) done (elapsed 8.09 s, remaining 19.50 s)
8900000 of 30000000 tuples (29%) done (elapsed 8.16 s, remaining 19.34 s)
9000000 of 30000000 tuples (30%) done (elapsed 8.28 s, remaining 19.32 s)
9100000 of 30000000 tuples (30%) done (elapsed 8.35 s, remaining 19.18 s)
9200000 of 30000000 tuples (30%) done (elapsed 8.41 s, remaining 19.02 s)
9300000 of 30000000 tuples (31%) done (elapsed 8.48 s, remaining 18.87 s)
9400000 of 30000000 tuples (31%) done (elapsed 8.54 s, remaining 18.72 s)
9500000 of 30000000 tuples (31%) done (elapsed 8.71 s, remaining 18.80 s)
9600000 of 30000000 tuples (32%) done (elapsed 8.80 s, remaining 18.69 s)
9700000 of 30000000 tuples (32%) done (elapsed 8.86 s, remaining 18.54 s)
9800000 of 30000000 tuples (32%) done (elapsed 8.93 s, remaining 18.40 s)
9900000 of 30000000 tuples (33%) done (elapsed 8.99 s, remaining 18.25 s)
10000000 of 30000000 tuples (33%) done (elapsed 9.12 s, remaining 18.24 s)
10100000 of 30000000 tuples (33%) done (elapsed 9.19 s, remaining 18.11 s)
10200000 of 30000000 tuples (34%) done (elapsed 9.26 s, remaining 17.97 s)
10300000 of 30000000 tuples (34%) done (elapsed 9.32 s, remaining 17.83 s)
10400000 of 30000000 tuples (34%) done (elapsed 9.42 s, remaining 17.75 s)
10500000 of 30000000 tuples (35%) done (elapsed 9.61 s, remaining 17.85 s)
10600000 of 30000000 tuples (35%) done (elapsed 9.68 s, remaining 17.72 s)
10700000 of 30000000 tuples (35%) done (elapsed 9.75 s, remaining 17.59 s)
10800000 of 30000000 tuples (36%) done (elapsed 9.82 s, remaining 17.46 s)
10900000 of 30000000 tuples (36%) done (elapsed 9.88 s, remaining 17.31 s)
11000000 of 30000000 tuples (36%) done (elapsed 10.10 s, remaining 17.44 s)
11100000 of 30000000 tuples (37%) done (elapsed 10.18 s, remaining 17.33 s)
11200000 of 30000000 tuples (37%) done (elapsed 10.25 s, remaining 17.21 s)
11300000 of 30000000 tuples (37%) done (elapsed 10.32 s, remaining 17.08 s)
11400000 of 30000000 tuples (38%) done (elapsed 10.38 s, remaining 16.94 s)
11500000 of 30000000 tuples (38%) done (elapsed 10.54 s, remaining 16.96 s)
11600000 of 30000000 tuples (38%) done (elapsed 10.62 s, remaining 16.84 s)
11700000 of 30000000 tuples (39%) done (elapsed 10.68 s, remaining 16.71 s)
11800000 of 30000000 tuples (39%) done (elapsed 10.75 s, remaining 16.58 s)
11900000 of 30000000 tuples (39%) done (elapsed 10.81 s, remaining 16.44 s)
12000000 of 30000000 tuples (40%) done (elapsed 10.98 s, remaining 16.48 s)
12100000 of 30000000 tuples (40%) done (elapsed 11.06 s, remaining 16.37 s)
12200000 of 30000000 tuples (40%) done (elapsed 11.13 s, remaining 16.24 s)
12300000 of 30000000 tuples (41%) done (elapsed 11.19 s, remaining 16.11 s)
12400000 of 30000000 tuples (41%) done (elapsed 11.26 s, remaining 15.98 s)
12500000 of 30000000 tuples (41%) done (elapsed 11.41 s, remaining 15.97 s)
12600000 of 30000000 tuples (42%) done (elapsed 11.48 s, remaining 15.85 s)
12700000 of 30000000 tuples (42%) done (elapsed 11.55 s, remaining 15.73 s)
12800000 of 30000000 tuples (42%) done (elapsed 11.61 s, remaining 15.60 s)
12900000 of 30000000 tuples (43%) done (elapsed 11.67 s, remaining 15.48 s)
13000000 of 30000000 tuples (43%) done (elapsed 11.86 s, remaining 15.51 s)
13100000 of 30000000 tuples (43%) done (elapsed 11.95 s, remaining 15.41 s)
13200000 of 30000000 tuples (44%) done (elapsed 12.01 s, remaining 15.29 s)
13300000 of 30000000 tuples (44%) done (elapsed 12.08 s, remaining 15.17 s)
13400000 of 30000000 tuples (44%) done (elapsed 12.14 s, remaining 15.04 s)
13500000 of 30000000 tuples (45%) done (elapsed 12.26 s, remaining 14.98 s)
13600000 of 30000000 tuples (45%) done (elapsed 12.32 s, remaining 14.86 s)
13700000 of 30000000 tuples (45%) done (elapsed 12.39 s, remaining 14.74 s)
13800000 of 30000000 tuples (46%) done (elapsed 12.45 s, remaining 14.62 s)
13900000 of 30000000 tuples (46%) done (elapsed 12.52 s, remaining 14.50 s)
14000000 of 30000000 tuples (46%) done (elapsed 12.66 s, remaining 14.47 s)
14100000 of 30000000 tuples (47%) done (elapsed 12.74 s, remaining 14.37 s)
14200000 of 30000000 tuples (47%) done (elapsed 12.81 s, remaining 14.25 s)
14300000 of 30000000 tuples (47%) done (elapsed 12.87 s, remaining 14.13 s)
14400000 of 30000000 tuples (48%) done (elapsed 12.94 s, remaining 14.02 s)
14500000 of 30000000 tuples (48%) done (elapsed 13.06 s, remaining 13.97 s)
14600000 of 30000000 tuples (48%) done (elapsed 13.14 s, remaining 13.87 s)
14700000 of 30000000 tuples (49%) done (elapsed 13.21 s, remaining 13.75 s)
14800000 of 30000000 tuples (49%) done (elapsed 13.28 s, remaining 13.63 s)
14900000 of 30000000 tuples (49%) done (elapsed 13.34 s, remaining 13.52 s)
15000000 of 30000000 tuples (50%) done (elapsed 13.52 s, remaining 13.52 s)
15100000 of 30000000 tuples (50%) done (elapsed 13.60 s, remaining 13.42 s)
15200000 of 30000000 tuples (50%) done (elapsed 13.67 s, remaining 13.31 s)
15300000 of 30000000 tuples (51%) done (elapsed 13.73 s, remaining 13.19 s)
15400000 of 30000000 tuples (51%) done (elapsed 13.79 s, remaining 13.08 s)
15500000 of 30000000 tuples (51%) done (elapsed 13.94 s, remaining 13.04 s)
15600000 of 30000000 tuples (52%) done (elapsed 14.02 s, remaining 12.95 s)
15700000 of 30000000 tuples (52%) done (elapsed 14.10 s, remaining 12.84 s)
15800000 of 30000000 tuples (52%) done (elapsed 14.16 s, remaining 12.73 s)
15900000 of 30000000 tuples (53%) done (elapsed 14.23 s, remaining 12.62 s)
16000000 of 30000000 tuples (53%) done (elapsed 14.39 s, remaining 12.59 s)
16100000 of 30000000 tuples (53%) done (elapsed 14.47 s, remaining 12.49 s)
16200000 of 30000000 tuples (54%) done (elapsed 14.54 s, remaining 12.39 s)
16300000 of 30000000 tuples (54%) done (elapsed 14.60 s, remaining 12.27 s)
16400000 of 30000000 tuples (54%) done (elapsed 14.67 s, remaining 12.17 s)
16500000 of 30000000 tuples (55%) done (elapsed 14.89 s, remaining 12.18 s)
16600000 of 30000000 tuples (55%) done (elapsed 14.97 s, remaining 12.08 s)
16700000 of 30000000 tuples (55%) done (elapsed 15.03 s, remaining 11.97 s)
16800000 of 30000000 tuples (56%) done (elapsed 15.10 s, remaining 11.86 s)
16900000 of 30000000 tuples (56%) done (elapsed 15.16 s, remaining 11.75 s)
17000000 of 30000000 tuples (56%) done (elapsed 15.31 s, remaining 11.71 s)
17100000 of 30000000 tuples (57%) done (elapsed 15.39 s, remaining 11.61 s)
17200000 of 30000000 tuples (57%) done (elapsed 15.46 s, remaining 11.51 s)
17300000 of 30000000 tuples (57%) done (elapsed 15.52 s, remaining 11.40 s)
17400000 of 30000000 tuples (58%) done (elapsed 15.59 s, remaining 11.29 s)
17500000 of 30000000 tuples (58%) done (elapsed 15.72 s, remaining 11.23 s)
17600000 of 30000000 tuples (58%) done (elapsed 15.80 s, remaining 11.13 s)
17700000 of 30000000 tuples (59%) done (elapsed 15.87 s, remaining 11.03 s)
17800000 of 30000000 tuples (59%) done (elapsed 15.94 s, remaining 10.92 s)
17900000 of 30000000 tuples (59%) done (elapsed 16.00 s, remaining 10.81 s)
18000000 of 30000000 tuples (60%) done (elapsed 16.17 s, remaining 10.78 s)
18100000 of 30000000 tuples (60%) done (elapsed 16.25 s, remaining 10.68 s)
18200000 of 30000000 tuples (60%) done (elapsed 16.32 s, remaining 10.58 s)
18300000 of 30000000 tuples (61%) done (elapsed 16.38 s, remaining 10.47 s)
18400000 of 30000000 tuples (61%) done (elapsed 16.45 s, remaining 10.37 s)
18500000 of 30000000 tuples (61%) done (elapsed 16.63 s, remaining 10.34 s)
18600000 of 30000000 tuples (62%) done (elapsed 16.73 s, remaining 10.25 s)
18700000 of 30000000 tuples (62%) done (elapsed 16.80 s, remaining 10.15 s)
18800000 of 30000000 tuples (62%) done (elapsed 16.87 s, remaining 10.05 s)
18900000 of 30000000 tuples (63%) done (elapsed 16.93 s, remaining 9.94 s)
19000000 of 30000000 tuples (63%) done (elapsed 17.13 s, remaining 9.92 s)
19100000 of 30000000 tuples (63%) done (elapsed 17.22 s, remaining 9.83 s)
19200000 of 30000000 tuples (64%) done (elapsed 17.29 s, remaining 9.73 s)
19300000 of 30000000 tuples (64%) done (elapsed 17.35 s, remaining 9.62 s)
19400000 of 30000000 tuples (64%) done (elapsed 17.42 s, remaining 9.52 s)
19500000 of 30000000 tuples (65%) done (elapsed 17.65 s, remaining 9.50 s)
19600000 of 30000000 tuples (65%) done (elapsed 17.73 s, remaining 9.41 s)
19700000 of 30000000 tuples (65%) done (elapsed 17.80 s, remaining 9.31 s)
19800000 of 30000000 tuples (66%) done (elapsed 17.87 s, remaining 9.20 s)
19900000 of 30000000 tuples (66%) done (elapsed 17.93 s, remaining 9.10 s)
20000000 of 30000000 tuples (66%) done (elapsed 18.12 s, remaining 9.06 s)
20100000 of 30000000 tuples (67%) done (elapsed 18.20 s, remaining 8.97 s)
20200000 of 30000000 tuples (67%) done (elapsed 18.27 s, remaining 8.87 s)
20300000 of 30000000 tuples (67%) done (elapsed 18.33 s, remaining 8.76 s)
20400000 of 30000000 tuples (68%) done (elapsed 18.40 s, remaining 8.66 s)
20500000 of 30000000 tuples (68%) done (elapsed 18.53 s, remaining 8.59 s)
20600000 of 30000000 tuples (68%) done (elapsed 18.60 s, remaining 8.49 s)
20700000 of 30000000 tuples (69%) done (elapsed 18.67 s, remaining 8.39 s)
20800000 of 30000000 tuples (69%) done (elapsed 18.73 s, remaining 8.29 s)
20900000 of 30000000 tuples (69%) done (elapsed 18.80 s, remaining 8.19 s)
21000000 of 30000000 tuples (70%) done (elapsed 19.00 s, remaining 8.14 s)
21100000 of 30000000 tuples (70%) done (elapsed 19.09 s, remaining 8.05 s)
21200000 of 30000000 tuples (70%) done (elapsed 19.17 s, remaining 7.96 s)
21300000 of 30000000 tuples (71%) done (elapsed 19.23 s, remaining 7.85 s)
21400000 of 30000000 tuples (71%) done (elapsed 19.30 s, remaining 7.75 s)
21500000 of 30000000 tuples (71%) done (elapsed 19.48 s, remaining 7.70 s)
21600000 of 30000000 tuples (72%) done (elapsed 19.56 s, remaining 7.61 s)
21700000 of 30000000 tuples (72%) done (elapsed 19.63 s, remaining 7.51 s)
21800000 of 30000000 tuples (72%) done (elapsed 19.69 s, remaining 7.41 s)
21900000 of 30000000 tuples (73%) done (elapsed 19.76 s, remaining 7.31 s)
22000000 of 30000000 tuples (73%) done (elapsed 19.94 s, remaining 7.25 s)
22100000 of 30000000 tuples (73%) done (elapsed 20.01 s, remaining 7.15 s)
22200000 of 30000000 tuples (74%) done (elapsed 20.08 s, remaining 7.05 s)
22300000 of 30000000 tuples (74%) done (elapsed 20.15 s, remaining 6.96 s)
22400000 of 30000000 tuples (74%) done (elapsed 20.21 s, remaining 6.86 s)
22500000 of 30000000 tuples (75%) done (elapsed 20.34 s, remaining 6.78 s)
22600000 of 30000000 tuples (75%) done (elapsed 20.42 s, remaining 6.69 s)
22700000 of 30000000 tuples (75%) done (elapsed 20.49 s, remaining 6.59 s)
22800000 of 30000000 tuples (76%) done (elapsed 20.55 s, remaining 6.49 s)
22900000 of 30000000 tuples (76%) done (elapsed 20.61 s, remaining 6.39 s)
23000000 of 30000000 tuples (76%) done (elapsed 20.79 s, remaining 6.33 s)
23100000 of 30000000 tuples (77%) done (elapsed 20.86 s, remaining 6.23 s)
23200000 of 30000000 tuples (77%) done (elapsed 20.93 s, remaining 6.14 s)
23300000 of 30000000 tuples (77%) done (elapsed 21.00 s, remaining 6.04 s)
23400000 of 30000000 tuples (78%) done (elapsed 21.06 s, remaining 5.94 s)
23500000 of 30000000 tuples (78%) done (elapsed 21.24 s, remaining 5.88 s)
23600000 of 30000000 tuples (78%) done (elapsed 21.32 s, remaining 5.78 s)
23700000 of 30000000 tuples (79%) done (elapsed 21.39 s, remaining 5.68 s)
23800000 of 30000000 tuples (79%) done (elapsed 21.45 s, remaining 5.59 s)
23900000 of 30000000 tuples (79%) done (elapsed 21.52 s, remaining 5.49 s)
24000000 of 30000000 tuples (80%) done (elapsed 21.65 s, remaining 5.41 s)
24100000 of 30000000 tuples (80%) done (elapsed 21.72 s, remaining 5.32 s)
24200000 of 30000000 tuples (80%) done (elapsed 21.79 s, remaining 5.22 s)
24300000 of 30000000 tuples (81%) done (elapsed 21.85 s, remaining 5.13 s)
24400000 of 30000000 tuples (81%) done (elapsed 21.92 s, remaining 5.03 s)
24500000 of 30000000 tuples (81%) done (elapsed 22.10 s, remaining 4.96 s)
24600000 of 30000000 tuples (82%) done (elapsed 22.18 s, remaining 4.87 s)
24700000 of 30000000 tuples (82%) done (elapsed 22.25 s, remaining 4.77 s)
24800000 of 30000000 tuples (82%) done (elapsed 22.32 s, remaining 4.68 s)
24900000 of 30000000 tuples (83%) done (elapsed 22.38 s, remaining 4.58 s)
25000000 of 30000000 tuples (83%) done (elapsed 22.50 s, remaining 4.50 s)
25100000 of 30000000 tuples (83%) done (elapsed 22.57 s, remaining 4.41 s)
25200000 of 30000000 tuples (84%) done (elapsed 22.64 s, remaining 4.31 s)
25300000 of 30000000 tuples (84%) done (elapsed 22.70 s, remaining 4.22 s)
25400000 of 30000000 tuples (84%) done (elapsed 22.77 s, remaining 4.12 s)
25500000 of 30000000 tuples (85%) done (elapsed 22.96 s, remaining 4.05 s)
25600000 of 30000000 tuples (85%) done (elapsed 23.05 s, remaining 3.96 s)
25700000 of 30000000 tuples (85%) done (elapsed 23.11 s, remaining 3.87 s)
25800000 of 30000000 tuples (86%) done (elapsed 23.18 s, remaining 3.77 s)
25900000 of 30000000 tuples (86%) done (elapsed 23.24 s, remaining 3.68 s)
26000000 of 30000000 tuples (86%) done (elapsed 23.38 s, remaining 3.60 s)
26100000 of 30000000 tuples (87%) done (elapsed 23.45 s, remaining 3.50 s)
26200000 of 30000000 tuples (87%) done (elapsed 23.52 s, remaining 3.41 s)
26300000 of 30000000 tuples (87%) done (elapsed 23.58 s, remaining 3.32 s)
26400000 of 30000000 tuples (88%) done (elapsed 23.65 s, remaining 3.22 s)
26500000 of 30000000 tuples (88%) done (elapsed 23.80 s, remaining 3.14 s)
26600000 of 30000000 tuples (88%) done (elapsed 23.89 s, remaining 3.05 s)
26700000 of 30000000 tuples (89%) done (elapsed 23.96 s, remaining 2.96 s)
26800000 of 30000000 tuples (89%) done (elapsed 24.03 s, remaining 2.87 s)
26900000 of 30000000 tuples (89%) done (elapsed 24.09 s, remaining 2.78 s)
27000000 of 30000000 tuples (90%) done (elapsed 24.25 s, remaining 2.69 s)
27100000 of 30000000 tuples (90%) done (elapsed 24.33 s, remaining 2.60 s)
27200000 of 30000000 tuples (90%) done (elapsed 24.40 s, remaining 2.51 s)
27300000 of 30000000 tuples (91%) done (elapsed 24.47 s, remaining 2.42 s)
27400000 of 30000000 tuples (91%) done (elapsed 24.54 s, remaining 2.33 s)
27500000 of 30000000 tuples (91%) done (elapsed 24.71 s, remaining 2.25 s)
27600000 of 30000000 tuples (92%) done (elapsed 24.79 s, remaining 2.16 s)
27700000 of 30000000 tuples (92%) done (elapsed 24.86 s, remaining 2.06 s)
27800000 of 30000000 tuples (92%) done (elapsed 24.93 s, remaining 1.97 s)
27900000 of 30000000 tuples (93%) done (elapsed 24.99 s, remaining 1.88 s)
28000000 of 30000000 tuples (93%) done (elapsed 25.15 s, remaining 1.80 s)
28100000 of 30000000 tuples (93%) done (elapsed 25.23 s, remaining 1.71 s)
28200000 of 30000000 tuples (94%) done (elapsed 25.30 s, remaining 1.61 s)
28300000 of 30000000 tuples (94%) done (elapsed 25.37 s, remaining 1.52 s)
28400000 of 30000000 tuples (94%) done (elapsed 25.43 s, remaining 1.43 s)
28500000 of 30000000 tuples (95%) done (elapsed 25.57 s, remaining 1.35 s)
28600000 of 30000000 tuples (95%) done (elapsed 25.64 s, remaining 1.26 s)
28700000 of 30000000 tuples (95%) done (elapsed 25.71 s, remaining 1.16 s)
28800000 of 30000000 tuples (96%) done (elapsed 25.77 s, remaining 1.07 s)
28900000 of 30000000 tuples (96%) done (elapsed 25.84 s, remaining 0.98 s)
29000000 of 30000000 tuples (96%) done (elapsed 26.04 s, remaining 0.90 s)
29100000 of 30000000 tuples (97%) done (elapsed 26.13 s, remaining 0.81 s)
29200000 of 30000000 tuples (97%) done (elapsed 26.20 s, remaining 0.72 s)
29300000 of 30000000 tuples (97%) done (elapsed 26.26 s, remaining 0.63 s)
29400000 of 30000000 tuples (98%) done (elapsed 26.33 s, remaining 0.54 s)
29500000 of 30000000 tuples (98%) done (elapsed 26.45 s, remaining 0.45 s)
29600000 of 30000000 tuples (98%) done (elapsed 26.53 s, remaining 0.36 s)
29700000 of 30000000 tuples (99%) done (elapsed 26.59 s, remaining 0.27 s)
29800000 of 30000000 tuples (99%) done (elapsed 26.65 s, remaining 0.18 s)
29900000 of 30000000 tuples (99%) done (elapsed 26.72 s, remaining 0.09 s)
30000000 of 30000000 tuples (100%) done (elapsed 26.87 s, remaining 0.00 s)
vacuum...
set primary keys...
done.
starting vacuum...end.
transaction type: <builtin: TPC-B (sort of)>
scaling factor: 300
query mode: simple
number of clients: 32
number of threads: 4
duration: 60 s
number of transactions actually processed: 12294
latency average: 156.174 ms
tps = 204.667552 (including connections establishing)
tps = 204.675034 (excluding connections establishing)
script statistics:
 - statement latencies in milliseconds:
         0.001  \set aid random(1, 100000 * :scale)
         0.001  \set bid random(1, 1 * :scale)
         0.001  \set tid random(1, 10 * :scale)
         0.000  \set delta random(-5000, 5000)
         0.264  BEGIN;
         2.988  UPDATE pgbench_accounts SET abalance = abalance + :delta WHERE aid = :aid;
         0.330  SELECT abalance FROM pgbench_accounts WHERE aid = :aid;
         1.389  UPDATE pgbench_tellers SET tbalance = tbalance + :delta WHERE tid = :tid;
         7.356  UPDATE pgbench_branches SET bbalance = bbalance + :delta WHERE bid = :bid;
         0.221  INSERT INTO pgbench_history (tid, bid, aid, delta, mtime) VALUES (:tid, :bid, :aid, :delta, CURRENT_TIMESTAMP);
       143.774  END;
starting vacuum...end.
transaction type: <builtin: TPC-B (sort of)>
scaling factor: 300
query mode: simple
number of clients: 32
number of threads: 4
duration: 60 s
number of transactions actually processed: 8039
latency average: 238.836 ms
tps = 133.207508 (including connections establishing)
tps = 133.212290 (excluding connections establishing)
script statistics:
 - statement latencies in milliseconds:
         0.002  \set aid random(1, 100000 * :scale)
         0.001  \set bid random(1, 1 * :scale)
         0.001  \set tid random(1, 10 * :scale)
         0.001  \set delta random(-5000, 5000)
         0.159  BEGIN;
       102.837  UPDATE pgbench_accounts SET abalance = abalance + :delta WHERE aid = :aid;
         0.193  SELECT abalance FROM pgbench_accounts WHERE aid = :aid;
         0.685  UPDATE pgbench_tellers SET tbalance = tbalance + :delta WHERE tid = :tid;
         4.926  UPDATE pgbench_branches SET bbalance = bbalance + :delta WHERE bid = :bid;
         0.162  INSERT INTO pgbench_history (tid, bid, aid, delta, mtime) VALUES (:tid, :bid, :aid, :delta, CURRENT_TIMESTAMP);
       131.066  END;
starting vacuum...end.
transaction type: <builtin: TPC-B (sort of)>
scaling factor: 300
query mode: simple
number of clients: 32
number of threads: 4
duration: 900 s
number of transactions actually processed: 48704
latency average: 591.327 ms
tps = 54.046932 (including connections establishing)
tps = 54.047080 (excluding connections establishing)
script statistics:
 - statement latencies in milliseconds:
         0.002  \set aid random(1, 100000 * :scale)
         0.001  \set bid random(1, 1 * :scale)
         0.001  \set tid random(1, 10 * :scale)
         0.001  \set delta random(-5000, 5000)
         0.155  BEGIN;
       184.013  UPDATE pgbench_accounts SET abalance = abalance + :delta WHERE aid = :aid;
         0.188  SELECT abalance FROM pgbench_accounts WHERE aid = :aid;
         2.228  UPDATE pgbench_tellers SET tbalance = tbalance + :delta WHERE tid = :tid;
        15.672  UPDATE pgbench_branches SET bbalance = bbalance + :delta WHERE bid = :bid;
         0.188  INSERT INTO pgbench_history (tid, bid, aid, delta, mtime) VALUES (:tid, :bid, :aid, :delta, CURRENT_TIMESTAMP);
       390.558  END;
starting vacuum...end.
transaction type: <builtin: TPC-B (sort of)>
scaling factor: 300
query mode: simple
number of clients: 32
number of threads: 4
duration: 900 s
number of transactions actually processed: 48876
latency average: 589.246 ms
tps = 53.823186 (including connections establishing)
tps = 53.823306 (excluding connections establishing)
script statistics:
 - statement latencies in milliseconds:
         0.002  \set aid random(1, 100000 * :scale)
         0.001  \set bid random(1, 1 * :scale)
         0.001  \set tid random(1, 10 * :scale)
         0.001  \set delta random(-5000, 5000)
         0.156  BEGIN;
       190.476  UPDATE pgbench_accounts SET abalance = abalance + :delta WHERE aid = :aid;
         0.188  SELECT abalance FROM pgbench_accounts WHERE aid = :aid;
         2.210  UPDATE pgbench_tellers SET tbalance = tbalance + :delta WHERE tid = :tid;
        15.070  UPDATE pgbench_branches SET bbalance = bbalance + :delta WHERE bid = :bid;
         0.580  INSERT INTO pgbench_history (tid, bid, aid, delta, mtime) VALUES (:tid, :bid, :aid, :delta, CURRENT_TIMESTAMP);
       383.637  END;
========================================================================
Testing 2016-03-21-REL9_5_ALPHA1-1352-gb283096
Start Time: 2016-07-31 18:19:41+00:00
Linux 3.16.0-4-amd64 (Debian-83-jessie-64-minimal) 	31.07.16 	_x86_64_	(8 CPU)

starting vacuum...end.
transaction type: <builtin: TPC-B (sort of)>
scaling factor: 300
query mode: simple
number of clients: 32
number of threads: 4
duration: 900 s
number of transactions actually processed: 60402
latency average: 476.805 ms
tps = 66.670476 (including connections establishing)
tps = 66.670623 (excluding connections establishing)
script statistics:
 - statement latencies in milliseconds:
         0.002  \set aid random(1, 100000 * :scale)
         0.001  \set bid random(1, 1 * :scale)
         0.001  \set tid random(1, 10 * :scale)
         0.001  \set delta random(-5000, 5000)
         0.188  BEGIN;
        56.717  UPDATE pgbench_accounts SET abalance = abalance + :delta WHERE aid = :aid;
         0.201  SELECT abalance FROM pgbench_accounts WHERE aid = :aid;
         2.320  UPDATE pgbench_tellers SET tbalance = tbalance + :delta WHERE tid = :tid;
        20.093  UPDATE pgbench_branches SET bbalance = bbalance + :delta WHERE bid = :bid;
         0.277  INSERT INTO pgbench_history (tid, bid, aid, delta, mtime) VALUES (:tid, :bid, :aid, :delta, CURRENT_TIMESTAMP);
       399.596  END;
avg-cpu:  %user   %nice %system %iowait  %steal   %idle
           0,71    0,00    0,26   27,59    0,00   71,44

Device:         rrqm/s   wrqm/s     r/s     w/s    rkB/s    wkB/s avgrq-sz avgqu-sz   await r_await w_await  svctm  %util
sdb               0,00     2,06   12,44  109,83   134,89  1727,53    30,46    32,92  268,19  115,04  285,54   6,85  83,79
sda               0,01     2,05   29,89  109,81   327,69  1727,31    29,42    32,58  231,92   88,11  271,06   6,50  90,76
md0               0,00     0,00    0,12    0,00     0,46     0,00     8,00     0,00    0,00    0,00    0,00   0,00   0,00
md1               0,00     0,00    0,00    0,00     0,00     0,00     0,00     0,00    0,00    0,00    0,00   0,00   0,00
md2               0,00     0,00   42,23  111,14   462,12  1726,46    28,54     0,00    0,00    0,00    0,00   0,00   0,00
md3               0,00     0,00    0,00    0,01     0,00     0,04     8,00     0,00    0,00    0,00    0,00   0,00   0,00

End Time: 2016-07-31 18:35:11+00:00
========================================================================
========================================================================
Testing 2016-03-21-REL9_5_ALPHA1-1352-gb283096
Start Time: 2016-08-05 20:38:56+00:00
Shared Buffers:  260000
Linux 3.16.0-4-amd64 (Debian-83-jessie-64-minimal) 	05.08.16 	_x86_64_	(8 CPU)

starting vacuum...end.
transaction type: <builtin: TPC-B (sort of)>
scaling factor: 300
query mode: simple
number of clients: 32
number of threads: 4
duration: 900 s
number of transactions actually processed: 210942
latency average: 136.530 ms
tps = 234.299194 (including connections establishing)
tps = 234.299837 (excluding connections establishing)
script statistics:
 - statement latencies in milliseconds:
         0.002  \set aid random(1, 100000 * :scale)
         0.001  \set bid random(1, 1 * :scale)
         0.001  \set tid random(1, 10 * :scale)
         0.001  \set delta random(-5000, 5000)
         0.174  BEGIN;
         8.861  UPDATE pgbench_accounts SET abalance = abalance + :delta WHERE aid = :aid;
         0.223  SELECT abalance FROM pgbench_accounts WHERE aid = :aid;
         0.902  UPDATE pgbench_tellers SET tbalance = tbalance + :delta WHERE tid = :tid;
         6.224  UPDATE pgbench_branches SET bbalance = bbalance + :delta WHERE bid = :bid;
         0.161  INSERT INTO pgbench_history (tid, bid, aid, delta, mtime) VALUES (:tid, :bid, :aid, :delta, CURRENT_TIMESTAMP);
       120.674  END;
avg-cpu:  %user   %nice %system %iowait  %steal   %idle
           2,06    0,00    0,67   16,22    0,00   81,05

Device:         rrqm/s   wrqm/s     r/s     w/s    rkB/s    wkB/s avgrq-sz avgqu-sz   await r_await w_await  svctm  %util
sdb               0,02     3,01   20,68  294,37   247,17  5461,34    36,24    11,31   35,89   40,29   35,58   2,12  66,64
sda               0,01     3,11   57,40  294,28   689,59  5461,34    34,98    15,13   43,02   37,03   44,18   2,50  87,88
md0               0,00     0,00    0,05    0,00     0,22     0,00     8,00     0,00    0,00    0,00    0,00   0,00   0,00
md1               0,00     0,00    0,00    0,00     0,00     0,00     0,00     0,00    0,00    0,00    0,00   0,00   0,00
md2               0,00     0,00   78,01  296,31   936,40  5458,64    34,17     0,00    0,00    0,00    0,00   0,00   0,00
md3               0,00     0,00    0,00    0,01     0,00     0,04     8,00     0,00    0,00    0,00    0,00   0,00   0,00

End Time: 2016-08-05 20:54:26+00:00
========================================================================
========================================================================
Testing 2016-03-21-REL9_5_ALPHA1-1352-gb283096
Start Time: 2016-08-06 17:57:47+00:00
Shared Buffers:  260000
Linux 3.16.0-4-amd64 (Debian-83-jessie-64-minimal) 	06.08.16 	_x86_64_	(8 CPU)

starting vacuum...end.
transaction type: <builtin: TPC-B (sort of)>
scaling factor: 300
query mode: simple
number of clients: 32
number of threads: 4
duration: 900 s
number of transactions actually processed: 311005
latency average: 92.603 ms
tps = 345.522012 (including connections establishing)
tps = 345.522892 (excluding connections establishing)
script statistics:
 - statement latencies in milliseconds:
         0.001  \set aid random(1, 100000 * :scale)
         0.001  \set bid random(1, 1 * :scale)
         0.001  \set tid random(1, 10 * :scale)
         0.001  \set delta random(-5000, 5000)
         0.193  BEGIN;
         1.040  UPDATE pgbench_accounts SET abalance = abalance + :delta WHERE aid = :aid;
         0.281  SELECT abalance FROM pgbench_accounts WHERE aid = :aid;
         0.748  UPDATE pgbench_tellers SET tbalance = tbalance + :delta WHERE tid = :tid;
         4.835  UPDATE pgbench_branches SET bbalance = bbalance + :delta WHERE bid = :bid;
         0.181  INSERT INTO pgbench_history (tid, bid, aid, delta, mtime) VALUES (:tid, :bid, :aid, :delta, CURRENT_TIMESTAMP);
        85.712  END;
avg-cpu:  %user   %nice %system %iowait  %steal   %idle
           2,82    0,00    0,81    3,36    0,00   93,02

Device:         rrqm/s   wrqm/s     r/s     w/s    rkB/s    wkB/s avgrq-sz avgqu-sz   await r_await w_await  svctm  %util
sdb               0,00     3,36    2,30  387,14    25,59  6719,82    34,64    15,20   39,04   43,32   39,01   1,85  72,13
sda               0,00     3,40   12,70  387,10   140,73  6719,82    34,32    16,23   40,59   28,01   41,00   1,99  79,69
md0               0,00     0,00    0,05    0,00     0,21     0,00     8,00     0,00    0,00    0,00    0,00   0,00   0,00
md1               0,00     0,00    0,00    0,00     0,00     0,00     0,00     0,00    0,00    0,00    0,00   0,00   0,00
md2               0,00     0,00   14,95  389,30   166,10  6716,83    34,05     0,00    0,00    0,00    0,00   0,00   0,00
md3               0,00     0,00    0,00    0,01     0,00     0,04     8,00     0,00    0,00    0,00    0,00   0,00   0,00

Control File Changes
--- /usr/local/oldpgsql/2016-03-21-REL9_5_ALPHA1-1352-gb283096/before.controldata	2016-08-06 19:57:47.323370631 +0200
+++ /usr/local/oldpgsql/2016-03-21-REL9_5_ALPHA1-1352-gb283096/after.controldata	2016-08-06 20:14:13.009773831 +0200
@@ -2,16 +2,16 @@
 Catalog version number:               201603211
 Database system identifier:           6271972012645526182
 Database cluster state:               in production
-pg_control last modified:             сб, 06-сер-2016 19:57:46 +0200
-Latest checkpoint location:           1/F7A7BC90
-Prior checkpoint location:            1/F7A7BC20
-Latest checkpoint's REDO location:    1/F7A7BC90
-Latest checkpoint's REDO WAL file:    0000000100000001000000F7
+pg_control last modified:             сб, 06-сер-2016 20:14:11 +0200
+Latest checkpoint location:           2/BC347EF0
+Prior checkpoint location:            2/B2972EF0
+Latest checkpoint's REDO location:    2/BC347EF0
+Latest checkpoint's REDO WAL file:    0000000100000002000000BC
 Latest checkpoint's TimeLineID:       1
 Latest checkpoint's PrevTimeLineID:   1
 Latest checkpoint's full_page_writes: on
-Latest checkpoint's NextXID:          0:416544
-Latest checkpoint's NextOID:          16465
+Latest checkpoint's NextXID:          0:727594
+Latest checkpoint's NextOID:          24657
 Latest checkpoint's NextMultiXactId:  1
 Latest checkpoint's NextMultiOffset:  0
 Latest checkpoint's oldestXID:        564
@@ -21,7 +21,7 @@
 Latest checkpoint's oldestMulti's DB: 16384
 Latest checkpoint's oldestCommitTsXid:0
 Latest checkpoint's newestCommitTsXid:0
-Time of latest checkpoint:            сб, 06-сер-2016 19:57:46 +0200
+Time of latest checkpoint:            сб, 06-сер-2016 20:13:17 +0200
 Fake LSN counter for unlogged rels:   0/1
 Minimum recovery ending location:     0/0
 Min recovery ending loc's timeline:   0
End Time: 2016-08-06 18:14:13+00:00
========================================================================
========================================================================
Testing 2016-03-21-REL9_5_ALPHA1-1352-gb283096
Start Time: 2016-08-09 04:28:11+00:00
Shared Buffers:  260000
size before pgbench of pgbench_tellers: 8
size before pgbench of pgbench_branches: 8
size before pgbench of pgbench_accounts: 128
size before pgbench of pgbench_branches_pkey: 32
size before pgbench of pgbench_tellers_pkey: 152
size before pgbench of pgbench_accounts_pkey: 658092
size before pgbench of pgbench_history: 24
total size before pgbench: 658444
Linux 3.16.0-4-amd64 (Debian-83-jessie-64-minimal) 	09.08.16 	_x86_64_	(8 CPU)

starting vacuum...end.
transaction type: <builtin: select only>
scaling factor: 300
query mode: simple
number of clients: 32
number of threads: 4
duration: 60 s
number of transactions actually processed: 5297058
latency average: 0.362 ms
tps = 88261.393226 (including connections establishing)
tps = 88264.279685 (excluding connections establishing)
script statistics:
 - statement latencies in milliseconds:
         0.001  \set aid random(1, 100000 * :scale)
         0.363  SELECT abalance FROM pgbench_accounts WHERE aid = :aid;
avg-cpu:  %user   %nice %system %iowait  %steal   %idle
          55,11    0,00   10,55    1,26    0,00   33,08

Device:         rrqm/s   wrqm/s     r/s     w/s    rkB/s    wkB/s avgrq-sz avgqu-sz   await r_await w_await  svctm  %util
sdb               0,00     1,24   14,34    2,99   135,87    14,89    17,40     0,89   51,44   58,54   17,40   5,85  10,13
sda               0,02     1,24   17,38    2,99   161,29    14,89    17,30     1,01   49,53   53,44   26,83   6,61  13,47
md0               0,00     0,00    0,06    0,00     0,22     0,00     8,00     0,00    0,00    0,00    0,00   0,00   0,00
md1               0,00     0,00    0,00    0,00     0,00     0,00     0,00     0,00    0,00    0,00    0,00   0,00   0,00
md2               0,00     0,00   31,69    2,62   296,93    11,33    17,97     0,00    0,00    0,00    0,00   0,00   0,00
md3               0,00     0,00    0,00    0,10     0,00     0,40     8,00     0,00    0,00    0,00    0,00   0,00   0,00

Control File Changes
--- /usr/local/oldpgsql/2016-03-21-REL9_5_ALPHA1-1352-gb283096/before.controldata	2016-08-09 06:31:13.899545311 +0200
+++ /usr/local/oldpgsql/2016-03-21-REL9_5_ALPHA1-1352-gb283096/after.controldata	2016-08-09 06:32:44.499683480 +0200
@@ -5,4 +5,4 @@
-pg_control last modified:             Tue Aug  9 04:31:11 2016
-Latest checkpoint location:           3/2AC425B8
-Prior checkpoint location:            3/2AC42548
-Latest checkpoint's REDO location:    3/2AC425B8
+pg_control last modified:             Tue Aug  9 04:32:44 2016
+Latest checkpoint location:           3/2AC464D8
+Prior checkpoint location:            3/2AC425B8
+Latest checkpoint's REDO location:    3/2AC464D8
@@ -13,2 +13,2 @@
-Latest checkpoint's NextXID:          0:727594
-Latest checkpoint's NextOID:          16466
+Latest checkpoint's NextXID:          0:727595
+Latest checkpoint's NextOID:          24658
@@ -24 +24 @@
-Time of latest checkpoint:            Tue Aug  9 04:31:11 2016
+Time of latest checkpoint:            Tue Aug  9 04:32:43 2016
size after pgbench of pgbench_tellers: 8
size after pgbench of pgbench_branches: 8
size after pgbench of pgbench_accounts: 128
size after pgbench of pgbench_branches_pkey: 32
size after pgbench of pgbench_tellers_pkey: 152
size after pgbench of pgbench_accounts_pkey: 658092
size after pgbench of pgbench_history: 0
total size after pgbench: 658420
End Time: 2016-08-09 04:32:44+00:00
========================================================================
========================================================================
Testing 2016-03-21-REL9_5_ALPHA1-1352-gb283096
Start Time: 2016-08-09 13:06:48+00:00
Shared Buffers:  260000
size before pgbench of pgbench_tellers: 8
size before pgbench of pgbench_branches: 8
size before pgbench of pgbench_accounts: 128
size before pgbench of pgbench_branches_pkey: 32
size before pgbench of pgbench_tellers_pkey: 152
size before pgbench of pgbench_accounts_pkey: 658092
size before pgbench of pgbench_history: 0
total size before pgbench: 658420
Linux 3.16.0-4-amd64 (Debian-83-jessie-64-minimal) 	09.08.16 	_x86_64_	(8 CPU)

starting vacuum...end.
transaction type: <builtin: select only>
scaling factor: 300
query mode: simple
number of clients: 32
number of threads: 4
duration: 60 s
number of transactions actually processed: 5303310
latency average: 0.362 ms
tps = 88379.112665 (including connections establishing)
tps = 88383.034752 (excluding connections establishing)
script statistics:
 - statement latencies in milliseconds:
         0.001  \set aid random(1, 100000 * :scale)
         0.362  SELECT abalance FROM pgbench_accounts WHERE aid = :aid;
avg-cpu:  %user   %nice %system %iowait  %steal   %idle
          55,48    0,00   10,59    0,84    0,00   33,08

Device:         rrqm/s   wrqm/s     r/s     w/s    rkB/s    wkB/s avgrq-sz avgqu-sz   await r_await w_await  svctm  %util
sdb               0,00     0,94   12,91    2,46   124,18    12,04    17,73     0,64   41,63   45,29   22,35   5,68   8,73
sda               0,00     0,94   14,91    2,46   146,00    12,04    18,20     0,83   47,95   52,55   20,00   5,61   9,74
md0               0,00     0,00    0,00    0,00     0,00     0,00     0,00     0,00    0,00    0,00    0,00   0,00   0,00
md1               0,00     0,00    0,00    0,00     0,00     0,00     0,00     0,00    0,00    0,00    0,00   0,00   0,00
md2               0,00     0,00   27,82    1,90   269,78     8,67    18,74     0,00    0,00    0,00    0,00   0,00   0,00
md3               0,00     0,00    0,00    0,10     0,00     0,40     8,00     0,00    0,00    0,00    0,00   0,00   0,00

Control File Changes
--- /usr/local/oldpgsql/2016-03-21-REL9_5_ALPHA1-1352-gb283096/before.controldata	2016-08-09 15:08:07.242944279 +0200
+++ /usr/local/oldpgsql/2016-03-21-REL9_5_ALPHA1-1352-gb283096/after.controldata	2016-08-09 15:09:37.519127751 +0200
@@ -5,4 +5,4 @@
-pg_control last modified:             Tue Aug  9 13:08:07 2016
-Latest checkpoint location:           3/2AC465B8
-Prior checkpoint location:            3/2AC46548
-Latest checkpoint's REDO location:    3/2AC465B8
+pg_control last modified:             Tue Aug  9 13:09:37 2016
+Latest checkpoint location:           3/2AC4A5C8
+Prior checkpoint location:            3/2AC465B8
+Latest checkpoint's REDO location:    3/2AC4A5C8
@@ -13,2 +13,2 @@
-Latest checkpoint's NextXID:          0:727595
-Latest checkpoint's NextOID:          16467
+Latest checkpoint's NextXID:          0:727596
+Latest checkpoint's NextOID:          24659
@@ -24 +24 @@
-Time of latest checkpoint:            Tue Aug  9 13:08:06 2016
+Time of latest checkpoint:            Tue Aug  9 13:09:37 2016
size after pgbench of pgbench_tellers: 8
size after pgbench of pgbench_branches: 8
size after pgbench of pgbench_accounts: 128
size after pgbench of pgbench_branches_pkey: 32
size after pgbench of pgbench_tellers_pkey: 152
size after pgbench of pgbench_accounts_pkey: 658092
size after pgbench of pgbench_history: 0
total size after pgbench: 658420
End Time: 2016-08-09 13:09:37+00:00
========================================================================
========================================================================
Testing 2016-03-21-REL9_5_ALPHA1-1352-gb283096
Start Time: 2016-08-10 14:24:57+00:00
Shared Buffers:  260000
size before pgbench of pgbench_tellers: 8
size before pgbench of pgbench_branches: 8
size before pgbench of pgbench_accounts: 128
size before pgbench of pgbench_branches_pkey: 32
size before pgbench of pgbench_tellers_pkey: 152
size before pgbench of pgbench_accounts_pkey: 658092
size before pgbench of pgbench_history: 0
total size before pgbench: 658420
Linux 3.16.0-4-amd64 (Debian-83-jessie-64-minimal) 	10.08.16 	_x86_64_	(8 CPU)

starting vacuum...end.
transaction type: <builtin: select only>
scaling factor: 300
query mode: simple
number of clients: 32
number of threads: 4
duration: 60 s
number of transactions actually processed: 5283004
latency average: 0.363 ms
tps = 88035.342756 (including connections establishing)
tps = 88040.248803 (excluding connections establishing)
script statistics:
 - statement latencies in milliseconds:
         0.001  \set aid random(1, 100000 * :scale)
         0.364  SELECT abalance FROM pgbench_accounts WHERE aid = :aid;
avg-cpu:  %user   %nice %system %iowait  %steal   %idle
          55,28    0,00   10,59    1,01    0,00   33,12

Device:         rrqm/s   wrqm/s     r/s     w/s    rkB/s    wkB/s avgrq-sz avgqu-sz   await r_await w_await  svctm  %util
sdb               0,02     1,06   13,08    2,74   123,56    13,43    17,32     1,01   63,68   68,69   39,79   5,78   9,14
sda               0,08     1,06   15,42    2,74   147,47    13,43    17,71     0,74   40,91   39,50   48,81   5,91  10,74
md0               0,00     0,00    0,31    0,00     1,24     0,00     8,00     0,00    0,00    0,00    0,00   0,00   0,00
md1               0,00     0,00    0,00    0,00     0,00     0,00     0,00     0,00    0,00    0,00    0,00   0,00   0,00
md2               0,00     0,00   28,31    2,19   269,78     9,82    18,33     0,00    0,00    0,00    0,00   0,00   0,00
md3               0,00     0,00    0,00    0,10     0,00     0,40     8,00     0,00    0,00    0,00    0,00   0,00   0,00

Control File Changes
--- /usr/local/oldpgsql/2016-03-21-REL9_5_ALPHA1-1352-gb283096/before.controldata	2016-08-10 16:26:17.581967153 +0200
+++ /usr/local/oldpgsql/2016-03-21-REL9_5_ALPHA1-1352-gb283096/after.controldata	2016-08-10 16:27:47.833220928 +0200
@@ -5,4 +5,4 @@
-pg_control last modified:             Wed Aug 10 14:26:17 2016
-Latest checkpoint location:           3/2AC4A6A8
-Prior checkpoint location:            3/2AC4A638
-Latest checkpoint's REDO location:    3/2AC4A6A8
+pg_control last modified:             Wed Aug 10 14:27:47 2016
+Latest checkpoint location:           3/2AC4E7B0
+Prior checkpoint location:            3/2AC4A6A8
+Latest checkpoint's REDO location:    3/2AC4E7B0
@@ -13,2 +13,2 @@
-Latest checkpoint's NextXID:          0:727596
-Latest checkpoint's NextOID:          16468
+Latest checkpoint's NextXID:          0:727597
+Latest checkpoint's NextOID:          24660
@@ -24 +24 @@
-Time of latest checkpoint:            Wed Aug 10 14:26:17 2016
+Time of latest checkpoint:            Wed Aug 10 14:27:47 2016
size after pgbench of pgbench_tellers: 8
size after pgbench of pgbench_branches: 8
size after pgbench of pgbench_accounts: 128
size after pgbench of pgbench_branches_pkey: 32
size after pgbench of pgbench_tellers_pkey: 152
size after pgbench of pgbench_accounts_pkey: 658092
size after pgbench of pgbench_history: 0
total size after pgbench: 658420
End Time: 2016-08-10 14:27:47+00:00
========================================================================
========================================================================
Testing 2016-03-21-REL9_5_ALPHA1-1352-gb283096
Start Time: 2016-08-11 04:46:13+00:00
Shared Buffers:  260000
size before pgbench of pgbench_tellers: 8
size before pgbench of pgbench_branches: 8
size before pgbench of pgbench_accounts: 128
size before pgbench of pgbench_branches_pkey: 32
size before pgbench of pgbench_tellers_pkey: 152
size before pgbench of pgbench_accounts_pkey: 658092
size before pgbench of pgbench_history: 0
total size before pgbench: 658420
Linux 3.16.0-4-amd64 (Debian-83-jessie-64-minimal) 	11.08.16 	_x86_64_	(8 CPU)

starting vacuum...end.
transaction type: <builtin: select only>
scaling factor: 300
query mode: simple
number of clients: 32
number of threads: 4
duration: 60 s
number of transactions actually processed: 5325233
latency average: 0.361 ms
tps = 88726.617644 (including connections establishing)
tps = 88730.467271 (excluding connections establishing)
script statistics:
 - statement latencies in milliseconds:
         0.001  \set aid random(1, 100000 * :scale)
         0.362  SELECT abalance FROM pgbench_accounts WHERE aid = :aid;
avg-cpu:  %user   %nice %system %iowait  %steal   %idle
          55,45    0,00   10,64    0,84    0,00   33,07

Device:         rrqm/s   wrqm/s     r/s     w/s    rkB/s    wkB/s avgrq-sz avgqu-sz   await r_await w_await  svctm  %util
sdb               0,00     0,93   12,87    2,44   125,69    12,00    17,99     0,71   46,43   51,39   20,33   5,61   8,60
sda               0,60     0,93   15,41    2,44   146,62    12,00    17,77     0,74   41,42   44,91   19,42   5,69  10,16
md0               0,00     0,00    0,77    0,00     3,07     0,00     8,00     0,00    0,00    0,00    0,00   0,00   0,00
md1               0,00     0,00    0,00    0,00     0,00     0,00     0,00     0,00    0,00    0,00    0,00   0,00   0,00
md2               0,00     0,00   28,11    1,91   269,24     8,71    18,52     0,00    0,00    0,00    0,00   0,00   0,00
md3               0,00     0,00    0,00    0,10     0,00     0,40     8,00     0,00    0,00    0,00    0,00   0,00   0,00

Control File Changes
--- /usr/local/oldpgsql/2016-03-21-REL9_5_ALPHA1-1352-gb283096/before.controldata	2016-08-11 06:47:32.389771259 +0200
+++ /usr/local/oldpgsql/2016-03-21-REL9_5_ALPHA1-1352-gb283096/after.controldata	2016-08-11 06:49:02.729576562 +0200
@@ -5,4 +5,4 @@
-pg_control last modified:             Thu Aug 11 04:47:32 2016
-Latest checkpoint location:           3/2AC4E890
-Prior checkpoint location:            3/2AC4E820
-Latest checkpoint's REDO location:    3/2AC4E890
+pg_control last modified:             Thu Aug 11 04:49:02 2016
+Latest checkpoint location:           3/2AC52A88
+Prior checkpoint location:            3/2AC4E890
+Latest checkpoint's REDO location:    3/2AC52A88
@@ -13,2 +13,2 @@
-Latest checkpoint's NextXID:          0:727597
-Latest checkpoint's NextOID:          16469
+Latest checkpoint's NextXID:          0:727598
+Latest checkpoint's NextOID:          24661
@@ -24 +24 @@
-Time of latest checkpoint:            Thu Aug 11 04:47:31 2016
+Time of latest checkpoint:            Thu Aug 11 04:49:02 2016
size after pgbench of pgbench_tellers: 8
size after pgbench of pgbench_branches: 8
size after pgbench of pgbench_accounts: 128
size after pgbench of pgbench_branches_pkey: 32
size after pgbench of pgbench_tellers_pkey: 152
size after pgbench of pgbench_accounts_pkey: 658092
size after pgbench of pgbench_history: 0
total size after pgbench: 658420
End Time: 2016-08-11 04:49:02+00:00
========================================================================
========================================================================
Testing 2016-03-21-REL9_5_ALPHA1-1352-gb283096
Start Time: 2016-08-11 23:28:17+00:00
Shared Buffers:  260000
size before pgbench of pgbench_tellers: 8
size before pgbench of pgbench_branches: 8
size before pgbench of pgbench_accounts: 128
size before pgbench of pgbench_branches_pkey: 32
size before pgbench of pgbench_tellers_pkey: 152
size before pgbench of pgbench_accounts_pkey: 658092
size before pgbench of pgbench_history: 0
total size before pgbench: 658420
Linux 3.16.0-4-amd64 (Debian-83-jessie-64-minimal) 	12.08.16 	_x86_64_	(8 CPU)

starting vacuum...end.
transaction type: <builtin: select only>
scaling factor: 300
query mode: simple
number of clients: 32
number of threads: 4
duration: 60 s
number of transactions actually processed: 5308850
latency average: 0.362 ms
tps = 88447.546099 (including connections establishing)
tps = 88450.856279 (excluding connections establishing)
script statistics:
 - statement latencies in milliseconds:
         0.001  \set aid random(1, 100000 * :scale)
         0.363  SELECT abalance FROM pgbench_accounts WHERE aid = :aid;
avg-cpu:  %user   %nice %system %iowait  %steal   %idle
          55,57    0,00   10,35    0,88    0,00   33,20

Device:         rrqm/s   wrqm/s     r/s     w/s    rkB/s    wkB/s avgrq-sz avgqu-sz   await r_await w_await  svctm  %util
sdb               0,00     1,08   13,68    2,57   129,73    13,00    17,57     1,04   63,82   70,99   25,63   5,49   8,92
sda               0,00     1,08   14,73    2,57   140,98    13,00    17,80     0,63   36,26   38,37   24,12   5,69   9,84
md0               0,00     0,00    0,00    0,00     0,00     0,00     0,00     0,00    0,00    0,00    0,00   0,00   0,00
md1               0,00     0,00    0,00    0,00     0,00     0,00     0,00     0,00    0,00    0,00    0,00   0,00   0,00
md2               0,00     0,00   28,43    2,13   270,71     9,60    18,34     0,00    0,00    0,00    0,00   0,00   0,00
md3               0,00     0,00    0,00    0,10     0,00     0,40     8,00     0,00    0,00    0,00    0,00   0,00   0,00

Control File Changes
--- /usr/local/oldpgsql/2016-03-21-REL9_5_ALPHA1-1352-gb283096/before.controldata	2016-08-12 01:29:36.068123177 +0200
+++ /usr/local/oldpgsql/2016-03-21-REL9_5_ALPHA1-1352-gb283096/after.controldata	2016-08-12 01:31:06.420293684 +0200
@@ -5,4 +5,4 @@
-pg_control last modified:             Thu Aug 11 23:29:35 2016
-Latest checkpoint location:           3/2AC52B68
-Prior checkpoint location:            3/2AC52AF8
-Latest checkpoint's REDO location:    3/2AC52B68
+pg_control last modified:             Thu Aug 11 23:31:06 2016
+Latest checkpoint location:           3/2AC56E58
+Prior checkpoint location:            3/2AC52B68
+Latest checkpoint's REDO location:    3/2AC56E58
@@ -13,2 +13,2 @@
-Latest checkpoint's NextXID:          0:727598
-Latest checkpoint's NextOID:          16470
+Latest checkpoint's NextXID:          0:727599
+Latest checkpoint's NextOID:          24662
@@ -24 +24 @@
-Time of latest checkpoint:            Thu Aug 11 23:29:35 2016
+Time of latest checkpoint:            Thu Aug 11 23:31:06 2016
size after pgbench of pgbench_tellers: 8
size after pgbench of pgbench_branches: 8
size after pgbench of pgbench_accounts: 128
size after pgbench of pgbench_branches_pkey: 32
size after pgbench of pgbench_tellers_pkey: 152
size after pgbench of pgbench_accounts_pkey: 658092
size after pgbench of pgbench_history: 0
total size after pgbench: 658420
End Time: 2016-08-11 23:31:06+00:00
========================================================================
========================================================================
Testing 2016-03-21-REL9_5_ALPHA1-1352-gb283096
Start Time: 2016-08-12 04:37:02+00:00
Shared Buffers:  260000
size before pgbench of pgbench_tellers: 8
size before pgbench of pgbench_branches: 8
size before pgbench of pgbench_accounts: 128
size before pgbench of pgbench_branches_pkey: 32
size before pgbench of pgbench_tellers_pkey: 152
size before pgbench of pgbench_accounts_pkey: 658092
size before pgbench of pgbench_history: 0
total size before pgbench: 658420
Linux 3.16.0-4-amd64 (Debian-83-jessie-64-minimal) 	12.08.16 	_x86_64_	(8 CPU)

starting vacuum...end.
transaction type: <builtin: select only>
scaling factor: 300
query mode: simple
number of clients: 64
number of threads: 4
duration: 60 s
number of transactions actually processed: 5036451
latency average: 0.762 ms
tps = 83863.009752 (including connections establishing)
tps = 83866.305434 (excluding connections establishing)
script statistics:
 - statement latencies in milliseconds:
         0.001  \set aid random(1, 100000 * :scale)
         0.765  SELECT abalance FROM pgbench_accounts WHERE aid = :aid;
avg-cpu:  %user   %nice %system %iowait  %steal   %idle
          54,74    0,00   10,57    1,13    0,00   33,56

Device:         rrqm/s   wrqm/s     r/s     w/s    rkB/s    wkB/s avgrq-sz avgqu-sz   await r_await w_await  svctm  %util
sdb               0,00     0,90   13,99    2,94   133,56    13,34    17,35     2,55  150,62  176,27   28,77   5,61   9,50
sda               0,00     0,90   14,36    2,94   136,09    13,34    17,27     1,36   78,69   89,26   27,17   6,15  10,63
md0               0,00     0,00    0,00    0,00     0,00     0,00     0,00     0,00    0,00    0,00    0,00   0,00   0,00
md1               0,00     0,00    0,00    0,00     0,00     0,00     0,00     0,00    0,00    0,00    0,00   0,00   0,00
md2               0,00     0,00   28,36    2,14   269,24     9,60    18,28     0,00    0,00    0,00    0,00   0,00   0,00
md3               0,00     0,00    0,00    0,10     0,00     0,40     8,00     0,00    0,00    0,00    0,00   0,00   0,00

Control File Changes
--- /usr/local/oldpgsql/2016-03-21-REL9_5_ALPHA1-1352-gb283096/before.controldata	2016-08-12 06:38:20.901424818 +0200
+++ /usr/local/oldpgsql/2016-03-21-REL9_5_ALPHA1-1352-gb283096/after.controldata	2016-08-12 06:39:51.277769977 +0200
@@ -5,4 +5,4 @@
-pg_control last modified:             Fri Aug 12 04:38:20 2016
-Latest checkpoint location:           3/2AC56F38
-Prior checkpoint location:            3/2AC56EC8
-Latest checkpoint's REDO location:    3/2AC56F38
+pg_control last modified:             Fri Aug 12 04:39:51 2016
+Latest checkpoint location:           3/2AC5B318
+Prior checkpoint location:            3/2AC56F38
+Latest checkpoint's REDO location:    3/2AC5B318
@@ -13,2 +13,2 @@
-Latest checkpoint's NextXID:          0:727599
-Latest checkpoint's NextOID:          16471
+Latest checkpoint's NextXID:          0:727600
+Latest checkpoint's NextOID:          24663
@@ -24 +24 @@
-Time of latest checkpoint:            Fri Aug 12 04:38:20 2016
+Time of latest checkpoint:            Fri Aug 12 04:39:50 2016
size after pgbench of pgbench_tellers: 8
size after pgbench of pgbench_branches: 8
size after pgbench of pgbench_accounts: 128
size after pgbench of pgbench_branches_pkey: 32
size after pgbench of pgbench_tellers_pkey: 152
size after pgbench of pgbench_accounts_pkey: 658092
size after pgbench of pgbench_history: 0
total size after pgbench: 658420
End Time: 2016-08-12 04:39:51+00:00
========================================================================
========================================================================
Testing 2016-03-21-REL9_5_ALPHA1-1352-gb283096
Start Time: 2016-08-12 21:26:42+00:00
Shared Buffers:  260000
size before pgbench of pgbench_tellers: 8
size before pgbench of pgbench_branches: 8
size before pgbench of pgbench_accounts: 128
size before pgbench of pgbench_branches_pkey: 32
size before pgbench of pgbench_tellers_pkey: 152
size before pgbench of pgbench_accounts_pkey: 658092
size before pgbench of pgbench_history: 0
total size before pgbench: 658420
+ /usr/local/pgsql/bin/pgbench -T 60 -S -c 64 -j 4 -r
Linux 3.16.0-4-amd64 (Debian-83-jessie-64-minimal) 	12.08.16 	_x86_64_	(8 CPU)

starting vacuum...end.
transaction type: <builtin: select only>
scaling factor: 300
query mode: simple
number of clients: 64
number of threads: 4
duration: 60 s
number of transactions actually processed: 5011089
latency average: 0.766 ms
tps = 83437.627127 (including connections establishing)
tps = 83442.458911 (excluding connections establishing)
script statistics:
 - statement latencies in milliseconds:
         0.001  \set aid random(1, 100000 * :scale)
         0.770  SELECT abalance FROM pgbench_accounts WHERE aid = :aid;
avg-cpu:  %user   %nice %system %iowait  %steal   %idle
          54,68    0,00   10,51    1,26    0,00   33,55

Device:         rrqm/s   wrqm/s     r/s     w/s    rkB/s    wkB/s avgrq-sz avgqu-sz   await r_await w_await  svctm  %util
sdb               0,00     1,00   12,96    2,50   121,91    12,35    17,37     1,62  104,72  121,06   20,00   5,78   8,93
sda               0,00     1,00   15,52    2,50   148,80    12,35    17,88     1,87  103,94  115,95   29,37   5,76  10,38
md0               0,00     0,00    0,00    0,00     0,00     0,00     0,00     0,00    0,00    0,00    0,00   0,00   0,00
md1               0,00     0,00    0,00    0,00     0,00     0,00     0,00     0,00    0,00    0,00    0,00   0,00   0,00
md2               0,00     0,00   28,48    2,01   270,71     9,02    18,35     0,00    0,00    0,00    0,00   0,00   0,00
md3               0,00     0,00    0,00    0,10     0,00     0,40     8,00     0,00    0,00    0,00    0,00   0,00   0,00

Control File Changes
--- /usr/local/oldpgsql/2016-03-21-REL9_5_ALPHA1-1352-gb283096/before.controldata	2016-08-12 23:28:01.847989468 +0200
+++ /usr/local/oldpgsql/2016-03-21-REL9_5_ALPHA1-1352-gb283096/after.controldata	2016-08-12 23:29:32.088176691 +0200
@@ -5,4 +5,4 @@
-pg_control last modified:             Fri Aug 12 21:28:01 2016
-Latest checkpoint location:           3/2AC5B3F8
-Prior checkpoint location:            3/2AC5B388
-Latest checkpoint's REDO location:    3/2AC5B3F8
+pg_control last modified:             Fri Aug 12 21:29:31 2016
+Latest checkpoint location:           3/2AC5F8D0
+Prior checkpoint location:            3/2AC5B3F8
+Latest checkpoint's REDO location:    3/2AC5F8D0
@@ -13,2 +13,2 @@
-Latest checkpoint's NextXID:          0:727600
-Latest checkpoint's NextOID:          16472
+Latest checkpoint's NextXID:          0:727601
+Latest checkpoint's NextOID:          24664
@@ -24 +24 @@
-Time of latest checkpoint:            Fri Aug 12 21:28:01 2016
+Time of latest checkpoint:            Fri Aug 12 21:29:31 2016
size after pgbench of pgbench_tellers: 8
size after pgbench of pgbench_branches: 8
size after pgbench of pgbench_accounts: 128
size after pgbench of pgbench_branches_pkey: 32
size after pgbench of pgbench_tellers_pkey: 152
size after pgbench of pgbench_accounts_pkey: 658092
size after pgbench of pgbench_history: 0
total size after pgbench: 658420
End Time: 2016-08-12 21:29:32+00:00
========================================================================
========================================================================
Testing 2016-03-21-REL9_5_ALPHA1-1352-gb283096
Start Time: 2016-08-13 01:45:14+00:00
Shared Buffers:  260000
size before pgbench of pgbench_tellers: 8
size before pgbench of pgbench_branches: 8
size before pgbench of pgbench_accounts: 128
size before pgbench of pgbench_branches_pkey: 32
size before pgbench of pgbench_tellers_pkey: 152
size before pgbench of pgbench_accounts_pkey: 658092
size before pgbench of pgbench_history: 0
total size before pgbench: 658420
Linux 3.16.0-4-amd64 (Debian-83-jessie-64-minimal) 	13.08.16 	_x86_64_	(8 CPU)

starting vacuum...end.
transaction type: <builtin: select only>
scaling factor: 300
query mode: simple
number of clients: 48
number of threads: 4
duration: 60 s
number of transactions actually processed: 5361741
latency average: 0.537 ms
tps = 89326.711620 (including connections establishing)
tps = 89330.380952 (excluding connections establishing)
script statistics:
 - statement latencies in milliseconds:
         0.001  \set aid random(1, 100000 * :scale)
         0.538  SELECT abalance FROM pgbench_accounts WHERE aid = :aid;
avg-cpu:  %user   %nice %system %iowait  %steal   %idle
          55,31    0,00   10,32    0,94    0,00   33,43

Device:         rrqm/s   wrqm/s     r/s     w/s    rkB/s    wkB/s avgrq-sz avgqu-sz   await r_await w_await  svctm  %util
sdb               0,00     1,01   12,23    3,06   117,96    14,17    17,28     1,12   73,22   84,19   29,34   5,65   8,63
sda               0,00     1,01   15,92    3,06   151,29    14,17    17,44     1,11   58,54   61,64   42,39   5,42  10,28
md0               0,00     0,00    0,00    0,00     0,00     0,00     0,00     0,00    0,00    0,00    0,00   0,00   0,00
md1               0,00     0,00    0,00    0,00     0,00     0,00     0,00     0,00    0,00    0,00    0,00   0,00   0,00
md2               0,00     0,00   28,21    2,36   269,24    10,44    18,30     0,00    0,00    0,00    0,00   0,00   0,00
md3               0,00     0,00    0,00    0,10     0,00     0,40     8,00     0,00    0,00    0,00    0,00   0,00   0,00

Control File Changes
--- /usr/local/oldpgsql/2016-03-21-REL9_5_ALPHA1-1352-gb283096/before.controldata	2016-08-13 03:46:34.009446352 +0200
+++ /usr/local/oldpgsql/2016-03-21-REL9_5_ALPHA1-1352-gb283096/after.controldata	2016-08-13 03:48:04.249645256 +0200
@@ -5,4 +5,4 @@
-pg_control last modified:             Sat Aug 13 01:46:33 2016
-Latest checkpoint location:           3/2AC5F9B0
-Prior checkpoint location:            3/2AC5F940
-Latest checkpoint's REDO location:    3/2AC5F9B0
+pg_control last modified:             Sat Aug 13 01:48:04 2016
+Latest checkpoint location:           3/2AC63F80
+Prior checkpoint location:            3/2AC5F9B0
+Latest checkpoint's REDO location:    3/2AC63F80
@@ -13,2 +13,2 @@
-Latest checkpoint's NextXID:          0:727601
-Latest checkpoint's NextOID:          16473
+Latest checkpoint's NextXID:          0:727602
+Latest checkpoint's NextOID:          24665
@@ -24 +24 @@
-Time of latest checkpoint:            Sat Aug 13 01:46:33 2016
+Time of latest checkpoint:            Sat Aug 13 01:48:04 2016
size after pgbench of pgbench_tellers: 8
size after pgbench of pgbench_branches: 8
size after pgbench of pgbench_accounts: 128
size after pgbench of pgbench_branches_pkey: 32
size after pgbench of pgbench_tellers_pkey: 152
size after pgbench of pgbench_accounts_pkey: 658092
size after pgbench of pgbench_history: 0
total size after pgbench: 658420
End Time: 2016-08-13 01:48:04+00:00
========================================================================
========================================================================
Testing 2016-03-21-REL9_5_ALPHA1-1352-gb283096
Start Time: 2016-08-13 13:18:02+00:00
Shared Buffers:  260000
size before pgbench of pgbench_tellers: 8
size before pgbench of pgbench_branches: 8
size before pgbench of pgbench_accounts: 128
size before pgbench of pgbench_branches_pkey: 32
size before pgbench of pgbench_tellers_pkey: 152
size before pgbench of pgbench_accounts_pkey: 658092
size before pgbench of pgbench_history: 0
total size before pgbench: 658420
Linux 3.16.0-4-amd64 (Debian-83-jessie-64-minimal) 	13.08.16 	_x86_64_	(8 CPU)

starting vacuum...end.
transaction type: <builtin: select only>
scaling factor: 300
query mode: simple
number of clients: 48
number of threads: 4
duration: 60 s
number of transactions actually processed: 5241324
latency average: 0.549 ms
tps = 87313.434253 (including connections establishing)
tps = 87316.967103 (excluding connections establishing)
script statistics:
 - statement latencies in milliseconds:
         0.001  \set aid random(1, 100000 * :scale)
         0.553  SELECT abalance FROM pgbench_accounts WHERE aid = :aid;
avg-cpu:  %user   %nice %system %iowait  %steal   %idle
          55,23    0,00   10,17    1,24    0,00   33,36

Device:         rrqm/s   wrqm/s     r/s     w/s    rkB/s    wkB/s avgrq-sz avgqu-sz   await r_await w_await  svctm  %util
sdb               0,00     0,87   14,82    2,41   141,11    11,58    17,72     2,06  119,80  134,75   27,85   5,19   8,94
sda               0,00     0,87   13,66    2,41   129,60    11,58    17,57     0,56   34,69   37,85   16,81   6,19   9,95
md0               0,00     0,00    0,00    0,00     0,00     0,00     0,00     0,00    0,00    0,00    0,00   0,00   0,00
md1               0,00     0,00    0,00    0,00     0,00     0,00     0,00     0,00    0,00    0,00    0,00   0,00   0,00
md2               0,00     0,00   28,54    1,80   270,71     8,27    18,39     0,00    0,00    0,00    0,00   0,00   0,00
md3               0,00     0,00    0,00    0,10     0,00     0,40     8,00     0,00    0,00    0,00    0,00   0,00   0,00

Control File Changes
--- /usr/local/oldpgsql/2016-03-21-REL9_5_ALPHA1-1352-gb283096/before.controldata	2016-08-13 15:19:21.580789848 +0200
+++ /usr/local/oldpgsql/2016-03-21-REL9_5_ALPHA1-1352-gb283096/after.controldata	2016-08-13 15:20:51.836441849 +0200
@@ -5,4 +5,4 @@
-pg_control last modified:             Sat Aug 13 13:19:21 2016
-Latest checkpoint location:           3/2AC64078
-Prior checkpoint location:            3/2AC63FF0
-Latest checkpoint's REDO location:    3/2AC64078
+pg_control last modified:             Sat Aug 13 13:20:51 2016
+Latest checkpoint location:           3/2AC68740
+Prior checkpoint location:            3/2AC64078
+Latest checkpoint's REDO location:    3/2AC68740
@@ -13,2 +13,2 @@
-Latest checkpoint's NextXID:          0:727602
-Latest checkpoint's NextOID:          16474
+Latest checkpoint's NextXID:          0:727603
+Latest checkpoint's NextOID:          24666
@@ -24 +24 @@
-Time of latest checkpoint:            Sat Aug 13 13:19:21 2016
+Time of latest checkpoint:            Sat Aug 13 13:20:51 2016
size after pgbench of pgbench_tellers: 8
size after pgbench of pgbench_branches: 8
size after pgbench of pgbench_accounts: 128
size after pgbench of pgbench_branches_pkey: 32
size after pgbench of pgbench_tellers_pkey: 152
size after pgbench of pgbench_accounts_pkey: 658092
size after pgbench of pgbench_history: 0
total size after pgbench: 658420
End Time: 2016-08-13 13:20:51+00:00
========================================================================
========================================================================
Testing 2016-03-21-REL9_5_ALPHA1-1352-gb283096
Start Time: 2016-08-14 18:50:00+00:00
Shared Buffers:  260000
size before pgbench of pgbench_tellers: 8
size before pgbench of pgbench_branches: 8
size before pgbench of pgbench_accounts: 128
size before pgbench of pgbench_branches_pkey: 32
size before pgbench of pgbench_tellers_pkey: 152
size before pgbench of pgbench_accounts_pkey: 658092
size before pgbench of pgbench_history: 0
total size before pgbench: 658420
Linux 3.16.0-4-amd64 (Debian-83-jessie-64-minimal) 	14.08.16 	_x86_64_	(8 CPU)

starting vacuum...end.
transaction type: <builtin: TPC-B (sort of)>
scaling factor: 300
query mode: simple
number of clients: 32
number of threads: 4
duration: 900 s
number of transactions actually processed: 367341
latency average: 78.401 ms
tps = 408.008675 (including connections establishing)
tps = 408.009740 (excluding connections establishing)
script statistics:
 - statement latencies in milliseconds:
         0.001  \set aid random(1, 100000 * :scale)
         0.001  \set bid random(1, 1 * :scale)
         0.001  \set tid random(1, 10 * :scale)
         0.001  \set delta random(-5000, 5000)
         0.229  BEGIN;
         0.503  UPDATE pgbench_accounts SET abalance = abalance + :delta WHERE aid = :aid;
         0.318  SELECT abalance FROM pgbench_accounts WHERE aid = :aid;
         0.696  UPDATE pgbench_tellers SET tbalance = tbalance + :delta WHERE tid = :tid;
         4.124  UPDATE pgbench_branches SET bbalance = bbalance + :delta WHERE bid = :bid;
         0.202  INSERT INTO pgbench_history (tid, bid, aid, delta, mtime) VALUES (:tid, :bid, :aid, :delta, CURRENT_TIMESTAMP);
        72.873  END;
avg-cpu:  %user   %nice %system %iowait  %steal   %idle
           3,32    0,00    0,93    2,07    0,00   93,69

Device:         rrqm/s   wrqm/s     r/s     w/s    rkB/s    wkB/s avgrq-sz avgqu-sz   await r_await w_await  svctm  %util
sdb               0,00     3,48    0,29  427,84     3,06  7205,41    33,67    15,79   36,89   43,38   36,89   1,77  75,57
sda               0,07     3,50    2,17  427,81    20,51  7205,41    33,61    16,41   38,17   24,02   38,25   1,82  78,37
md0               0,00     0,00    0,19    0,00     0,78     0,00     8,00     0,00    0,00    0,00    0,00   0,00   0,00
md1               0,00     0,00    0,00    0,00     0,00     0,00     0,00     0,00    0,00    0,00    0,00   0,00   0,00
md2               0,00     0,00    2,35  430,02    22,79  7202,18    33,42     0,00    0,00    0,00    0,00   0,00   0,00
md3               0,00     0,00    0,00    0,01     0,00     0,04     8,00     0,00    0,00    0,00    0,00   0,00   0,00

Control File Changes
--- /usr/local/oldpgsql/2016-03-21-REL9_5_ALPHA1-1352-gb283096/before.controldata	2016-08-14 20:51:22.106201012 +0200
+++ /usr/local/oldpgsql/2016-03-21-REL9_5_ALPHA1-1352-gb283096/after.controldata	2016-08-14 21:08:20.051765809 +0200
@@ -5,5 +5,5 @@
-pg_control last modified:             Sun Aug 14 18:51:21 2016
-Latest checkpoint location:           3/2AC68820
-Prior checkpoint location:            3/2AC687B0
-Latest checkpoint's REDO location:    3/2AC68820
-Latest checkpoint's REDO WAL file:    00000001000000030000002A
+pg_control last modified:             Sun Aug 14 19:08:18 2016
+Latest checkpoint location:           3/F8F0E540
+Prior checkpoint location:            3/F8F0E4D0
+Latest checkpoint's REDO location:    3/F8F0E540
+Latest checkpoint's REDO WAL file:    0000000100000003000000F8
@@ -13,2 +13,2 @@
-Latest checkpoint's NextXID:          0:727603
-Latest checkpoint's NextOID:          16475
+Latest checkpoint's NextXID:          0:1094988
+Latest checkpoint's NextOID:          24667
@@ -24 +24 @@
-Time of latest checkpoint:            Sun Aug 14 18:51:21 2016
+Time of latest checkpoint:            Sun Aug 14 19:07:19 2016
size after pgbench of pgbench_tellers: 8
size after pgbench of pgbench_branches: 8
size after pgbench of pgbench_accounts: 128
size after pgbench of pgbench_branches_pkey: 32
size after pgbench of pgbench_tellers_pkey: 152
size after pgbench of pgbench_accounts_pkey: 658092
size after pgbench of pgbench_history: 24
total size after pgbench: 658444
End Time: 2016-08-14 19:08:20+00:00
========================================================================
========================================================================
Testing 2016-03-21-REL9_5_ALPHA1-1352-gb283096
Start Time: 2016-08-16 07:19:40+00:00
Shared Buffers:  260000
size before pgbench of pgbench_tellers: 8
size before pgbench of pgbench_branches: 8
size before pgbench of pgbench_accounts: 128
size before pgbench of pgbench_branches_pkey: 32
size before pgbench of pgbench_tellers_pkey: 152
size before pgbench of pgbench_accounts_pkey: 658092
size before pgbench of pgbench_history: 24
total size before pgbench: 658444
Linux 4.6.0-1-amd64 (Debian-83-jessie-64-minimal) 	16.08.16 	_x86_64_	(8 CPU)

starting vacuum...end.
transaction type: <builtin: TPC-B (sort of)>
scaling factor: 300
query mode: simple
number of clients: 32
number of threads: 4
duration: 900 s
number of transactions actually processed: 325852
latency average: 88.384 ms
tps = 361.951365 (including connections establishing)
tps = 361.952164 (excluding connections establishing)
script statistics:
 - statement latencies in milliseconds:
         0.002  \set aid random(1, 100000 * :scale)
         0.001  \set bid random(1, 1 * :scale)
         0.001  \set tid random(1, 10 * :scale)
         0.001  \set delta random(-5000, 5000)
         0.339  BEGIN;
         0.628  UPDATE pgbench_accounts SET abalance = abalance + :delta WHERE aid = :aid;
         0.476  SELECT abalance FROM pgbench_accounts WHERE aid = :aid;
         0.932  UPDATE pgbench_tellers SET tbalance = tbalance + :delta WHERE tid = :tid;
         4.741  UPDATE pgbench_branches SET bbalance = bbalance + :delta WHERE bid = :bid;
         0.302  INSERT INTO pgbench_history (tid, bid, aid, delta, mtime) VALUES (:tid, :bid, :aid, :delta, CURRENT_TIMESTAMP);
        81.633  END;
avg-cpu:  %user   %nice %system %iowait  %steal   %idle
           4,07    0,00    1,13   11,32    0,00   83,48

Device:         rrqm/s   wrqm/s     r/s     w/s    rkB/s    wkB/s avgrq-sz avgqu-sz   await r_await w_await  svctm  %util
sdb               0,00     3,19    0,07  338,93     0,67  5775,73    34,08    15,38   45,36   32,12   45,36   2,20  74,48
sda               0,02     3,16    0,44  338,96     3,77  5775,73    34,06    15,16   44,67   23,73   44,69   2,20  74,61
md0               0,00     0,00    0,08    0,00     0,33     0,00     8,00     0,00    0,00    0,00    0,00   0,00   0,00
md1               0,00     0,00    0,00    0,00     0,00     0,00     0,00     0,00    0,00    0,00    0,00   0,00   0,00
md2               0,00     0,00    0,45  341,01     4,09  5772,97    33,84     0,00    0,00    0,00    0,00   0,00   0,00
md3               0,00     0,00    0,00    0,01     0,00     0,04     8,00     0,00    0,00    0,00    0,00   0,00   0,00

Control File Changes
--- /usr/local/oldpgsql/2016-03-21-REL9_5_ALPHA1-1352-gb283096/before.controldata	2016-08-16 09:23:06.098532897 +0200
+++ /usr/local/oldpgsql/2016-03-21-REL9_5_ALPHA1-1352-gb283096/after.controldata	2016-08-16 09:39:19.452407196 +0200
@@ -5,5 +5,5 @@
-pg_control last modified:             Tue Aug 16 07:23:04 2016
-Latest checkpoint location:           4/75BB5728
-Prior checkpoint location:            4/75BB56B8
-Latest checkpoint's REDO location:    4/75BB5728
-Latest checkpoint's REDO WAL file:    000000010000000400000075
+pg_control last modified:             Tue Aug 16 07:39:18 2016
+Latest checkpoint location:           5/1FB72128
+Prior checkpoint location:            5/17946970
+Latest checkpoint's REDO location:    5/1FB72128
+Latest checkpoint's REDO WAL file:    00000001000000050000001F
@@ -13,2 +13,2 @@
-Latest checkpoint's NextXID:          0:1094988
-Latest checkpoint's NextOID:          16476
+Latest checkpoint's NextXID:          0:1420885
+Latest checkpoint's NextOID:          24668
@@ -24 +24 @@
-Time of latest checkpoint:            Tue Aug 16 07:23:04 2016
+Time of latest checkpoint:            Tue Aug 16 07:38:36 2016
size after pgbench of pgbench_tellers: 8
size after pgbench of pgbench_branches: 8
size after pgbench of pgbench_accounts: 128
size after pgbench of pgbench_branches_pkey: 32
size after pgbench of pgbench_tellers_pkey: 152
size after pgbench of pgbench_accounts_pkey: 658092
size after pgbench of pgbench_history: 24
total size after pgbench: 658444
End Time: 2016-08-16 07:39:19+00:00
========================================================================
========================================================================
Testing 2016-03-21-REL9_5_ALPHA1-1352-gb283096
Start Time: 2016-08-19 22:13:20+00:00
Shared Buffers:  260000
size before pgbench of pgbench_tellers: 8
size before pgbench of pgbench_branches: 8
size before pgbench of pgbench_accounts: 128
size before pgbench of pgbench_branches_pkey: 32
size before pgbench of pgbench_tellers_pkey: 152
size before pgbench of pgbench_accounts_pkey: 658092
size before pgbench of pgbench_history: 24
total size before pgbench: 658444
Linux 4.6.0-1-amd64 (Debian-83-jessie-64-minimal) 	20.08.16 	_x86_64_	(8 CPU)

starting vacuum...end.
transaction type: <builtin: TPC-B (sort of)>
scaling factor: 300
query mode: simple
number of clients: 32
number of threads: 4
duration: 900 s
number of transactions actually processed: 358328
latency average: 80.373 ms
tps = 398.083885 (including connections establishing)
tps = 398.084809 (excluding connections establishing)
script statistics:
 - statement latencies in milliseconds:
         0.002  \set aid random(1, 100000 * :scale)
         0.001  \set bid random(1, 1 * :scale)
         0.001  \set tid random(1, 10 * :scale)
         0.001  \set delta random(-5000, 5000)
         0.347  BEGIN;
         0.615  UPDATE pgbench_accounts SET abalance = abalance + :delta WHERE aid = :aid;
         0.475  SELECT abalance FROM pgbench_accounts WHERE aid = :aid;
         0.873  UPDATE pgbench_tellers SET tbalance = tbalance + :delta WHERE tid = :tid;
         4.336  UPDATE pgbench_branches SET bbalance = bbalance + :delta WHERE bid = :bid;
         0.302  INSERT INTO pgbench_history (tid, bid, aid, delta, mtime) VALUES (:tid, :bid, :aid, :delta, CURRENT_TIMESTAMP);
        73.790  END;
avg-cpu:  %user   %nice %system %iowait  %steal   %idle
           4,37    0,00    1,20   11,12    0,00   83,31

Device:         rrqm/s   wrqm/s     r/s     w/s    rkB/s    wkB/s avgrq-sz avgqu-sz   await r_await w_await  svctm  %util
sdb               0,00     3,20    0,03  362,79     0,44  6147,32    33,89    16,35   45,06   28,46   45,06   2,08  75,43
sda               0,02     3,17    0,15  362,82     1,21  6147,32    33,88    15,28   42,09   19,04   42,10   2,07  74,95
md0               0,00     0,00    0,09    0,00     0,35     0,00     8,00     0,00    0,00    0,00    0,00   0,00   0,00
md1               0,00     0,00    0,00    0,00     0,00     0,00     0,00     0,00    0,00    0,00    0,00   0,00   0,00
md2               0,00     0,00    0,12  364,84     1,30  6144,46    33,68     0,00    0,00    0,00    0,00   0,00   0,00
md3               0,00     0,00    0,00    0,01     0,00     0,04     8,00     0,00    0,00    0,00    0,00   0,00   0,00

Control File Changes
--- /usr/local/oldpgsql/2016-03-21-REL9_5_ALPHA1-1352-gb283096/before.controldata	2016-08-20 00:16:45.706962345 +0200
+++ /usr/local/oldpgsql/2016-03-21-REL9_5_ALPHA1-1352-gb283096/after.controldata	2016-08-20 00:33:12.018071221 +0200
@@ -5,5 +5,5 @@
-pg_control last modified:             Fri Aug 19 22:16:44 2016
-Latest checkpoint location:           5/92792188
-Prior checkpoint location:            5/92792118
-Latest checkpoint's REDO location:    5/92792188
-Latest checkpoint's REDO WAL file:    000000010000000500000092
+pg_control last modified:             Fri Aug 19 22:33:11 2016
+Latest checkpoint location:           6/463E9E00
+Prior checkpoint location:            6/463E9D90
+Latest checkpoint's REDO location:    6/463E9E00
+Latest checkpoint's REDO WAL file:    000000010000000600000046
@@ -13,2 +13,2 @@
-Latest checkpoint's NextXID:          0:1420885
-Latest checkpoint's NextOID:          16477
+Latest checkpoint's NextXID:          0:1779257
+Latest checkpoint's NextOID:          24669
@@ -24 +24 @@
-Time of latest checkpoint:            Fri Aug 19 22:16:44 2016
+Time of latest checkpoint:            Fri Aug 19 22:32:39 2016
size after pgbench of pgbench_tellers: 8
size after pgbench of pgbench_branches: 8
size after pgbench of pgbench_accounts: 128
size after pgbench of pgbench_branches_pkey: 32
size after pgbench of pgbench_tellers_pkey: 152
size after pgbench of pgbench_accounts_pkey: 658092
size after pgbench of pgbench_history: 24
total size after pgbench: 658444
End Time: 2016-08-19 22:33:12+00:00
========================================================================
