ERROR:  table "pgbench_history" does not exist
(ignoring this error and continuing anyway)
ERROR:  table "pgbench_tellers" does not exist
(ignoring this error and continuing anyway)
ERROR:  table "pgbench_accounts" does not exist
(ignoring this error and continuing anyway)
ERROR:  table "pgbench_branches" does not exist
(ignoring this error and continuing anyway)
creating tables...
100000 of 30000000 tuples (0%) done (elapsed 16.00 s, remaining 4782.76 s)
200000 of 30000000 tuples (0%) done (elapsed 34.99 s, remaining 5213.04 s)
300000 of 30000000 tuples (1%) done (elapsed 54.05 s, remaining 5350.88 s)
400000 of 30000000 tuples (1%) done (elapsed 74.17 s, remaining 5488.67 s)
500000 of 30000000 tuples (1%) done (elapsed 98.01 s, remaining 5782.42 s)
600000 of 30000000 tuples (2%) done (elapsed 121.99 s, remaining 5977.56 s)
700000 of 30000000 tuples (2%) done (elapsed 137.68 s, remaining 5762.90 s)
800000 of 30000000 tuples (2%) done (elapsed 157.35 s, remaining 5743.46 s)
900000 of 30000000 tuples (3%) done (elapsed 174.59 s, remaining 5644.98 s)
1000000 of 30000000 tuples (3%) done (elapsed 191.70 s, remaining 5559.17 s)
1100000 of 30000000 tuples (3%) done (elapsed 212.85 s, remaining 5592.13 s)
1200000 of 30000000 tuples (4%) done (elapsed 232.81 s, remaining 5587.41 s)
1300000 of 30000000 tuples (4%) done (elapsed 251.02 s, remaining 5541.64 s)
1400000 of 30000000 tuples (4%) done (elapsed 270.74 s, remaining 5530.86 s)
1500000 of 30000000 tuples (5%) done (elapsed 287.48 s, remaining 5462.15 s)
1600000 of 30000000 tuples (5%) done (elapsed 304.58 s, remaining 5406.25 s)
1700000 of 30000000 tuples (5%) done (elapsed 323.84 s, remaining 5390.91 s)
1800000 of 30000000 tuples (6%) done (elapsed 340.63 s, remaining 5336.48 s)
1900000 of 30000000 tuples (6%) done (elapsed 357.72 s, remaining 5290.56 s)
2000000 of 30000000 tuples (6%) done (elapsed 376.02 s, remaining 5264.25 s)
2100000 of 30000000 tuples (7%) done (elapsed 395.59 s, remaining 5255.68 s)
2200000 of 30000000 tuples (7%) done (elapsed 412.21 s, remaining 5208.85 s)
2300000 of 30000000 tuples (7%) done (elapsed 430.50 s, remaining 5184.67 s)
2400000 of 30000000 tuples (8%) done (elapsed 451.43 s, remaining 5191.41 s)
2500000 of 30000000 tuples (8%) done (elapsed 468.15 s, remaining 5149.62 s)
2600000 of 30000000 tuples (8%) done (elapsed 486.16 s, remaining 5123.41 s)
2700000 of 30000000 tuples (9%) done (elapsed 504.78 s, remaining 5103.93 s)
2800000 of 30000000 tuples (9%) done (elapsed 521.83 s, remaining 5069.20 s)
2900000 of 30000000 tuples (9%) done (elapsed 539.49 s, remaining 5041.41 s)
3000000 of 30000000 tuples (10%) done (elapsed 559.36 s, remaining 5034.26 s)
3100000 of 30000000 tuples (10%) done (elapsed 576.14 s, remaining 4999.39 s)
3200000 of 30000000 tuples (10%) done (elapsed 593.13 s, remaining 4967.47 s)
3300000 of 30000000 tuples (11%) done (elapsed 614.93 s, remaining 4975.31 s)
3400000 of 30000000 tuples (11%) done (elapsed 631.77 s, remaining 4942.69 s)
3500000 of 30000000 tuples (11%) done (elapsed 649.03 s, remaining 4914.12 s)
3600000 of 30000000 tuples (12%) done (elapsed 668.90 s, remaining 4905.24 s)
3700000 of 30000000 tuples (12%) done (elapsed 685.92 s, remaining 4875.61 s)
3800000 of 30000000 tuples (12%) done (elapsed 703.60 s, remaining 4851.13 s)
3900000 of 30000000 tuples (13%) done (elapsed 722.38 s, remaining 4834.36 s)
4000000 of 30000000 tuples (13%) done (elapsed 739.11 s, remaining 4804.19 s)
4100000 of 30000000 tuples (13%) done (elapsed 756.26 s, remaining 4777.37 s)
4200000 of 30000000 tuples (14%) done (elapsed 775.13 s, remaining 4761.51 s)
4300000 of 30000000 tuples (14%) done (elapsed 793.93 s, remaining 4745.10 s)
4400000 of 30000000 tuples (14%) done (elapsed 810.84 s, remaining 4717.61 s)
4500000 of 30000000 tuples (15%) done (elapsed 830.62 s, remaining 4706.86 s)
4600000 of 30000000 tuples (15%) done (elapsed 849.04 s, remaining 4688.18 s)
4700000 of 30000000 tuples (15%) done (elapsed 865.84 s, remaining 4660.79 s)
4800000 of 30000000 tuples (16%) done (elapsed 884.74 s, remaining 4644.90 s)
4900000 of 30000000 tuples (16%) done (elapsed 901.88 s, remaining 4619.84 s)
5000000 of 30000000 tuples (16%) done (elapsed 918.56 s, remaining 4592.81 s)
5100000 of 30000000 tuples (17%) done (elapsed 936.53 s, remaining 4572.45 s)
5200000 of 30000000 tuples (17%) done (elapsed 955.45 s, remaining 4556.75 s)
5300000 of 30000000 tuples (17%) done (elapsed 972.08 s, remaining 4530.25 s)
5400000 of 30000000 tuples (18%) done (elapsed 989.39 s, remaining 4507.23 s)
5500000 of 30000000 tuples (18%) done (elapsed 1009.37 s, remaining 4496.28 s)
5600000 of 30000000 tuples (18%) done (elapsed 1026.25 s, remaining 4471.54 s)
5700000 of 30000000 tuples (19%) done (elapsed 1043.69 s, remaining 4449.43 s)
5800000 of 30000000 tuples (19%) done (elapsed 1062.92 s, remaining 4434.94 s)
5900000 of 30000000 tuples (19%) done (elapsed 1079.79 s, remaining 4410.68 s)
6000000 of 30000000 tuples (20%) done (elapsed 1097.05 s, remaining 4388.19 s)
6100000 of 30000000 tuples (20%) done (elapsed 1119.16 s, remaining 4384.89 s)
6200000 of 30000000 tuples (20%) done (elapsed 1135.99 s, remaining 4360.75 s)
6300000 of 30000000 tuples (21%) done (elapsed 1153.11 s, remaining 4337.88 s)
6400000 of 30000000 tuples (21%) done (elapsed 1173.00 s, remaining 4325.43 s)
6500000 of 30000000 tuples (21%) done (elapsed 1190.48 s, remaining 4304.05 s)
6600000 of 30000000 tuples (22%) done (elapsed 1207.45 s, remaining 4280.98 s)
6700000 of 30000000 tuples (22%) done (elapsed 1227.74 s, remaining 4269.61 s)
6800000 of 30000000 tuples (22%) done (elapsed 1244.61 s, remaining 4246.33 s)
6900000 of 30000000 tuples (23%) done (elapsed 1261.61 s, remaining 4223.65 s)
7000000 of 30000000 tuples (23%) done (elapsed 1280.37 s, remaining 4206.94 s)
7100000 of 30000000 tuples (23%) done (elapsed 1297.23 s, remaining 4184.03 s)
7200000 of 30000000 tuples (24%) done (elapsed 1314.24 s, remaining 4161.76 s)
7300000 of 30000000 tuples (24%) done (elapsed 1332.56 s, remaining 4143.70 s)
7400000 of 30000000 tuples (24%) done (elapsed 1349.51 s, remaining 4121.48 s)
7500000 of 30000000 tuples (25%) done (elapsed 1366.23 s, remaining 4098.68 s)
7600000 of 30000000 tuples (25%) done (elapsed 1384.35 s, remaining 4080.20 s)
7700000 of 30000000 tuples (25%) done (elapsed 1401.48 s, remaining 4058.84 s)
7800000 of 30000000 tuples (26%) done (elapsed 1418.08 s, remaining 4036.06 s)
7900000 of 30000000 tuples (26%) done (elapsed 1435.25 s, remaining 4015.08 s)
8000000 of 30000000 tuples (26%) done (elapsed 1454.07 s, remaining 3998.68 s)
8100000 of 30000000 tuples (27%) done (elapsed 1470.66 s, remaining 3976.24 s)
8200000 of 30000000 tuples (27%) done (elapsed 1487.86 s, remaining 3955.52 s)
8300000 of 30000000 tuples (27%) done (elapsed 1506.74 s, remaining 3939.31 s)
8400000 of 30000000 tuples (28%) done (elapsed 1523.58 s, remaining 3917.79 s)
8500000 of 30000000 tuples (28%) done (elapsed 1540.86 s, remaining 3897.48 s)
8600000 of 30000000 tuples (28%) done (elapsed 1559.50 s, remaining 3880.63 s)
8700000 of 30000000 tuples (29%) done (elapsed 1576.28 s, remaining 3859.16 s)
8800000 of 30000000 tuples (29%) done (elapsed 1593.29 s, remaining 3838.38 s)
8900000 of 30000000 tuples (29%) done (elapsed 1613.93 s, remaining 3826.28 s)
9000000 of 30000000 tuples (30%) done (elapsed 1630.83 s, remaining 3805.27 s)
9100000 of 30000000 tuples (30%) done (elapsed 1647.99 s, remaining 3784.95 s)
9200000 of 30000000 tuples (30%) done (elapsed 1666.91 s, remaining 3768.66 s)
9300000 of 30000000 tuples (31%) done (elapsed 1683.87 s, remaining 3747.96 s)
9400000 of 30000000 tuples (31%) done (elapsed 1701.25 s, remaining 3728.27 s)
9500000 of 30000000 tuples (31%) done (elapsed 1719.86 s, remaining 3711.27 s)
9600000 of 30000000 tuples (32%) done (elapsed 1737.37 s, remaining 3691.91 s)
9700000 of 30000000 tuples (32%) done (elapsed 1754.17 s, remaining 3671.10 s)
9800000 of 30000000 tuples (32%) done (elapsed 1772.41 s, remaining 3653.33 s)
9900000 of 30000000 tuples (33%) done (elapsed 1792.63 s, remaining 3639.59 s)
10000000 of 30000000 tuples (33%) done (elapsed 1808.58 s, remaining 3617.17 s)
10100000 of 30000000 tuples (33%) done (elapsed 1827.60 s, remaining 3600.92 s)
10200000 of 30000000 tuples (34%) done (elapsed 1846.07 s, remaining 3583.55 s)
10300000 of 30000000 tuples (34%) done (elapsed 1862.58 s, remaining 3562.41 s)
10400000 of 30000000 tuples (34%) done (elapsed 1879.31 s, remaining 3541.77 s)
10500000 of 30000000 tuples (35%) done (elapsed 1899.52 s, remaining 3527.69 s)
10600000 of 30000000 tuples (35%) done (elapsed 1916.20 s, remaining 3507.00 s)
10700000 of 30000000 tuples (35%) done (elapsed 1932.97 s, remaining 3486.58 s)
10800000 of 30000000 tuples (36%) done (elapsed 1955.18 s, remaining 3475.88 s)
10900000 of 30000000 tuples (36%) done (elapsed 1971.80 s, remaining 3455.18 s)
11000000 of 30000000 tuples (36%) done (elapsed 1988.89 s, remaining 3435.35 s)
11100000 of 30000000 tuples (37%) done (elapsed 2007.76 s, remaining 3418.62 s)
11200000 of 30000000 tuples (37%) done (elapsed 2025.49 s, remaining 3399.93 s)
11300000 of 30000000 tuples (37%) done (elapsed 2042.44 s, remaining 3379.97 s)
11400000 of 30000000 tuples (38%) done (elapsed 2061.01 s, remaining 3362.71 s)
11500000 of 30000000 tuples (38%) done (elapsed 2078.90 s, remaining 3344.31 s)
11600000 of 30000000 tuples (38%) done (elapsed 2095.73 s, remaining 3324.26 s)
11700000 of 30000000 tuples (39%) done (elapsed 2114.86 s, remaining 3307.87 s)
11800000 of 30000000 tuples (39%) done (elapsed 2131.11 s, remaining 3286.96 s)
11900000 of 30000000 tuples (39%) done (elapsed 2149.61 s, remaining 3269.57 s)
12000000 of 30000000 tuples (40%) done (elapsed 2167.87 s, remaining 3251.80 s)
12100000 of 30000000 tuples (40%) done (elapsed 2185.32 s, remaining 3232.82 s)
12200000 of 30000000 tuples (40%) done (elapsed 2201.93 s, remaining 3212.65 s)
12300000 of 30000000 tuples (41%) done (elapsed 2220.43 s, remaining 3195.26 s)
12400000 of 30000000 tuples (41%) done (elapsed 2239.06 s, remaining 3178.02 s)
12500000 of 30000000 tuples (41%) done (elapsed 2255.37 s, remaining 3157.52 s)
12600000 of 30000000 tuples (42%) done (elapsed 2273.60 s, remaining 3139.74 s)
12700000 of 30000000 tuples (42%) done (elapsed 2292.06 s, remaining 3122.26 s)
12800000 of 30000000 tuples (42%) done (elapsed 2308.46 s, remaining 3101.99 s)
12900000 of 30000000 tuples (43%) done (elapsed 2325.15 s, remaining 3082.18 s)
13000000 of 30000000 tuples (43%) done (elapsed 2345.65 s, remaining 3067.39 s)
13100000 of 30000000 tuples (43%) done (elapsed 2362.37 s, remaining 3047.64 s)
13200000 of 30000000 tuples (44%) done (elapsed 2379.38 s, remaining 3028.31 s)
13300000 of 30000000 tuples (44%) done (elapsed 2401.09 s, remaining 3014.91 s)
13400000 of 30000000 tuples (44%) done (elapsed 2417.24 s, remaining 2994.49 s)
13500000 of 30000000 tuples (45%) done (elapsed 2433.43 s, remaining 2974.19 s)
13600000 of 30000000 tuples (45%) done (elapsed 2452.18 s, remaining 2957.04 s)
13700000 of 30000000 tuples (45%) done (elapsed 2470.01 s, remaining 2938.77 s)
13800000 of 30000000 tuples (46%) done (elapsed 2486.62 s, remaining 2919.07 s)
13900000 of 30000000 tuples (46%) done (elapsed 2505.97 s, remaining 2902.59 s)
14000000 of 30000000 tuples (46%) done (elapsed 2523.96 s, remaining 2884.53 s)
14100000 of 30000000 tuples (47%) done (elapsed 2540.42 s, remaining 2864.73 s)
14200000 of 30000000 tuples (47%) done (elapsed 2558.36 s, remaining 2846.63 s)
14300000 of 30000000 tuples (47%) done (elapsed 2576.19 s, remaining 2828.40 s)
14400000 of 30000000 tuples (48%) done (elapsed 2594.10 s, remaining 2810.28 s)
14500000 of 30000000 tuples (48%) done (elapsed 2611.44 s, remaining 2791.54 s)
14600000 of 30000000 tuples (48%) done (elapsed 2630.02 s, remaining 2774.13 s)
14700000 of 30000000 tuples (49%) done (elapsed 2646.40 s, remaining 2754.42 s)
14800000 of 30000000 tuples (49%) done (elapsed 2665.31 s, remaining 2737.35 s)
14900000 of 30000000 tuples (49%) done (elapsed 2684.40 s, remaining 2720.43 s)
15000000 of 30000000 tuples (50%) done (elapsed 2700.85 s, remaining 2700.85 s)
15100000 of 30000000 tuples (50%) done (elapsed 2719.40 s, remaining 2683.38 s)
15200000 of 30000000 tuples (50%) done (elapsed 2740.43 s, remaining 2668.31 s)
15300000 of 30000000 tuples (51%) done (elapsed 2756.73 s, remaining 2648.63 s)
15400000 of 30000000 tuples (51%) done (elapsed 2773.52 s, remaining 2629.44 s)
15500000 of 30000000 tuples (51%) done (elapsed 2795.14 s, remaining 2614.81 s)
15600000 of 30000000 tuples (52%) done (elapsed 2811.47 s, remaining 2595.20 s)
15700000 of 30000000 tuples (52%) done (elapsed 2828.27 s, remaining 2576.07 s)
15800000 of 30000000 tuples (52%) done (elapsed 2849.98 s, remaining 2561.37 s)
15900000 of 30000000 tuples (53%) done (elapsed 2866.31 s, remaining 2541.82 s)
16000000 of 30000000 tuples (53%) done (elapsed 2882.93 s, remaining 2522.57 s)
16100000 of 30000000 tuples (53%) done (elapsed 2901.42 s, remaining 2504.96 s)
16200000 of 30000000 tuples (54%) done (elapsed 2921.72 s, remaining 2488.87 s)
16300000 of 30000000 tuples (54%) done (elapsed 2938.04 s, remaining 2469.39 s)
16400000 of 30000000 tuples (54%) done (elapsed 2955.98 s, remaining 2451.30 s)
16500000 of 30000000 tuples (55%) done (elapsed 2974.76 s, remaining 2433.90 s)
16600000 of 30000000 tuples (55%) done (elapsed 2992.59 s, remaining 2415.70 s)
16700000 of 30000000 tuples (55%) done (elapsed 3011.21 s, remaining 2398.15 s)
16800000 of 30000000 tuples (56%) done (elapsed 3027.67 s, remaining 2378.88 s)
16900000 of 30000000 tuples (56%) done (elapsed 3046.17 s, remaining 2361.23 s)
17000000 of 30000000 tuples (56%) done (elapsed 3062.84 s, remaining 2342.18 s)
17100000 of 30000000 tuples (57%) done (elapsed 3083.68 s, remaining 2326.29 s)
17200000 of 30000000 tuples (57%) done (elapsed 3100.13 s, remaining 2307.07 s)
17300000 of 30000000 tuples (57%) done (elapsed 3118.34 s, remaining 2289.19 s)
17400000 of 30000000 tuples (58%) done (elapsed 3138.18 s, remaining 2272.47 s)
17500000 of 30000000 tuples (58%) done (elapsed 3154.43 s, remaining 2253.16 s)
17600000 of 30000000 tuples (58%) done (elapsed 3172.68 s, remaining 2235.30 s)
17700000 of 30000000 tuples (59%) done (elapsed 3190.52 s, remaining 2217.14 s)
17800000 of 30000000 tuples (59%) done (elapsed 3206.94 s, remaining 2198.01 s)
17900000 of 30000000 tuples (59%) done (elapsed 3223.78 s, remaining 2179.20 s)
18000000 of 30000000 tuples (60%) done (elapsed 3244.21 s, remaining 2162.81 s)
18100000 of 30000000 tuples (60%) done (elapsed 3260.53 s, remaining 2143.66 s)
18200000 of 30000000 tuples (60%) done (elapsed 3277.00 s, remaining 2124.65 s)
18300000 of 30000000 tuples (61%) done (elapsed 3298.33 s, remaining 2108.77 s)
18400000 of 30000000 tuples (61%) done (elapsed 3315.29 s, remaining 2090.07 s)
18500000 of 30000000 tuples (61%) done (elapsed 3331.85 s, remaining 2071.15 s)
18600000 of 30000000 tuples (62%) done (elapsed 3350.34 s, remaining 2053.44 s)
18700000 of 30000000 tuples (62%) done (elapsed 3368.14 s, remaining 2035.29 s)
18800000 of 30000000 tuples (62%) done (elapsed 3385.31 s, remaining 2016.78 s)
18900000 of 30000000 tuples (63%) done (elapsed 3403.04 s, remaining 1998.61 s)
19000000 of 30000000 tuples (63%) done (elapsed 3421.47 s, remaining 1980.85 s)
19100000 of 30000000 tuples (63%) done (elapsed 3439.44 s, remaining 1962.82 s)
19200000 of 30000000 tuples (64%) done (elapsed 3457.03 s, remaining 1944.58 s)
19300000 of 30000000 tuples (64%) done (elapsed 3476.61 s, remaining 1927.45 s)
19400000 of 30000000 tuples (64%) done (elapsed 3494.64 s, remaining 1909.44 s)
19500000 of 30000000 tuples (65%) done (elapsed 3511.46 s, remaining 1890.79 s)
19600000 of 30000000 tuples (65%) done (elapsed 3529.96 s, remaining 1873.04 s)
19700000 of 30000000 tuples (65%) done (elapsed 3546.57 s, remaining 1854.30 s)
19800000 of 30000000 tuples (66%) done (elapsed 3565.23 s, remaining 1836.63 s)
19900000 of 30000000 tuples (66%) done (elapsed 3584.99 s, remaining 1819.52 s)
20000000 of 30000000 tuples (66%) done (elapsed 3601.76 s, remaining 1800.88 s)
20100000 of 30000000 tuples (67%) done (elapsed 3620.30 s, remaining 1783.13 s)
20200000 of 30000000 tuples (67%) done (elapsed 3640.44 s, remaining 1766.15 s)
20300000 of 30000000 tuples (67%) done (elapsed 3657.22 s, remaining 1747.54 s)
20400000 of 30000000 tuples (68%) done (elapsed 3673.84 s, remaining 1728.87 s)
20500000 of 30000000 tuples (68%) done (elapsed 3693.04 s, remaining 1711.41 s)
20600000 of 30000000 tuples (68%) done (elapsed 3709.48 s, remaining 1692.68 s)
20700000 of 30000000 tuples (69%) done (elapsed 3726.22 s, remaining 1674.10 s)
20800000 of 30000000 tuples (69%) done (elapsed 3746.52 s, remaining 1657.12 s)
20900000 of 30000000 tuples (69%) done (elapsed 3763.19 s, remaining 1638.52 s)
21000000 of 30000000 tuples (70%) done (elapsed 3779.95 s, remaining 1619.98 s)
21100000 of 30000000 tuples (70%) done (elapsed 3798.17 s, remaining 1602.07 s)
21200000 of 30000000 tuples (70%) done (elapsed 3815.97 s, remaining 1583.99 s)
21300000 of 30000000 tuples (71%) done (elapsed 3833.22 s, remaining 1565.68 s)
21400000 of 30000000 tuples (71%) done (elapsed 3851.56 s, remaining 1547.82 s)
21500000 of 30000000 tuples (71%) done (elapsed 3868.42 s, remaining 1529.37 s)
21600000 of 30000000 tuples (72%) done (elapsed 3886.52 s, remaining 1511.42 s)
21700000 of 30000000 tuples (72%) done (elapsed 3903.91 s, remaining 1493.20 s)
21800000 of 30000000 tuples (72%) done (elapsed 3923.37 s, remaining 1475.76 s)
21900000 of 30000000 tuples (73%) done (elapsed 3941.34 s, remaining 1457.75 s)
22000000 of 30000000 tuples (73%) done (elapsed 3958.36 s, remaining 1439.40 s)
22100000 of 30000000 tuples (73%) done (elapsed 3977.53 s, remaining 1421.83 s)
22200000 of 30000000 tuples (74%) done (elapsed 3993.87 s, remaining 1403.25 s)
22300000 of 30000000 tuples (74%) done (elapsed 4012.40 s, remaining 1385.45 s)
22400000 of 30000000 tuples (74%) done (elapsed 4030.95 s, remaining 1367.64 s)
22500000 of 30000000 tuples (75%) done (elapsed 4047.81 s, remaining 1349.27 s)
22600000 of 30000000 tuples (75%) done (elapsed 4066.84 s, remaining 1331.62 s)
22700000 of 30000000 tuples (75%) done (elapsed 4086.05 s, remaining 1314.02 s)
22800000 of 30000000 tuples (76%) done (elapsed 4102.38 s, remaining 1295.49 s)
22900000 of 30000000 tuples (76%) done (elapsed 4119.29 s, remaining 1277.16 s)
23000000 of 30000000 tuples (76%) done (elapsed 4140.85 s, remaining 1260.26 s)
23100000 of 30000000 tuples (77%) done (elapsed 4157.32 s, remaining 1241.80 s)
23200000 of 30000000 tuples (77%) done (elapsed 4173.94 s, remaining 1223.40 s)
23300000 of 30000000 tuples (77%) done (elapsed 4193.92 s, remaining 1205.98 s)
23400000 of 30000000 tuples (78%) done (elapsed 4210.27 s, remaining 1187.51 s)
23500000 of 30000000 tuples (78%) done (elapsed 4227.61 s, remaining 1169.34 s)
23600000 of 30000000 tuples (78%) done (elapsed 4245.19 s, remaining 1151.24 s)
23700000 of 30000000 tuples (79%) done (elapsed 4264.87 s, remaining 1133.70 s)
23800000 of 30000000 tuples (79%) done (elapsed 4281.61 s, remaining 1115.38 s)
23900000 of 30000000 tuples (79%) done (elapsed 4299.34 s, remaining 1097.32 s)
24000000 of 30000000 tuples (80%) done (elapsed 4318.32 s, remaining 1079.58 s)
24100000 of 30000000 tuples (80%) done (elapsed 4336.24 s, remaining 1061.57 s)
24200000 of 30000000 tuples (80%) done (elapsed 4353.28 s, remaining 1043.35 s)
24300000 of 30000000 tuples (81%) done (elapsed 4371.99 s, remaining 1025.53 s)
24400000 of 30000000 tuples (81%) done (elapsed 4390.03 s, remaining 1007.55 s)
24500000 of 30000000 tuples (81%) done (elapsed 4406.85 s, remaining 989.29 s)
24600000 of 30000000 tuples (82%) done (elapsed 4427.00 s, remaining 971.78 s)
24700000 of 30000000 tuples (82%) done (elapsed 4443.31 s, remaining 953.42 s)
24800000 of 30000000 tuples (82%) done (elapsed 4461.93 s, remaining 935.57 s)
24900000 of 30000000 tuples (83%) done (elapsed 4481.28 s, remaining 917.85 s)
25000000 of 30000000 tuples (83%) done (elapsed 4497.79 s, remaining 899.56 s)
25100000 of 30000000 tuples (83%) done (elapsed 4516.31 s, remaining 881.67 s)
25200000 of 30000000 tuples (84%) done (elapsed 4534.12 s, remaining 863.64 s)
25300000 of 30000000 tuples (84%) done (elapsed 4550.43 s, remaining 845.34 s)
25400000 of 30000000 tuples (84%) done (elapsed 4569.35 s, remaining 827.52 s)
25500000 of 30000000 tuples (85%) done (elapsed 4589.92 s, remaining 809.99 s)
25600000 of 30000000 tuples (85%) done (elapsed 4606.26 s, remaining 791.70 s)
25700000 of 30000000 tuples (85%) done (elapsed 4624.91 s, remaining 773.82 s)
25800000 of 30000000 tuples (86%) done (elapsed 4641.25 s, remaining 755.55 s)
25900000 of 30000000 tuples (86%) done (elapsed 4659.89 s, remaining 737.67 s)
26000000 of 30000000 tuples (86%) done (elapsed 4677.41 s, remaining 719.60 s)
26100000 of 30000000 tuples (87%) done (elapsed 4698.84 s, remaining 702.13 s)
26200000 of 30000000 tuples (87%) done (elapsed 4716.99 s, remaining 684.14 s)
26300000 of 30000000 tuples (87%) done (elapsed 4734.29 s, remaining 666.04 s)
26400000 of 30000000 tuples (88%) done (elapsed 4752.09 s, remaining 648.01 s)
26500000 of 30000000 tuples (88%) done (elapsed 4768.68 s, remaining 629.83 s)
26600000 of 30000000 tuples (88%) done (elapsed 4787.56 s, remaining 611.94 s)
26700000 of 30000000 tuples (89%) done (elapsed 4805.81 s, remaining 593.98 s)
26800000 of 30000000 tuples (89%) done (elapsed 4822.29 s, remaining 575.80 s)
26900000 of 30000000 tuples (89%) done (elapsed 4840.80 s, remaining 557.86 s)
27000000 of 30000000 tuples (90%) done (elapsed 4862.16 s, remaining 540.24 s)
27100000 of 30000000 tuples (90%) done (elapsed 4878.26 s, remaining 522.03 s)
27200000 of 30000000 tuples (90%) done (elapsed 4895.17 s, remaining 503.91 s)
27300000 of 30000000 tuples (91%) done (elapsed 4915.56 s, remaining 486.15 s)
27400000 of 30000000 tuples (91%) done (elapsed 4931.93 s, remaining 467.99 s)
27500000 of 30000000 tuples (91%) done (elapsed 4948.72 s, remaining 449.88 s)
27600000 of 30000000 tuples (92%) done (elapsed 4969.74 s, remaining 432.15 s)
27700000 of 30000000 tuples (92%) done (elapsed 4986.24 s, remaining 414.02 s)
27800000 of 30000000 tuples (92%) done (elapsed 5003.71 s, remaining 395.98 s)
27900000 of 30000000 tuples (93%) done (elapsed 5022.06 s, remaining 378.00 s)
28000000 of 30000000 tuples (93%) done (elapsed 5039.88 s, remaining 359.99 s)
28100000 of 30000000 tuples (93%) done (elapsed 5056.75 s, remaining 341.92 s)
28200000 of 30000000 tuples (94%) done (elapsed 5075.31 s, remaining 323.96 s)
28300000 of 30000000 tuples (94%) done (elapsed 5092.35 s, remaining 305.90 s)
28400000 of 30000000 tuples (94%) done (elapsed 5110.27 s, remaining 287.90 s)
28500000 of 30000000 tuples (95%) done (elapsed 5128.21 s, remaining 269.91 s)
28600000 of 30000000 tuples (95%) done (elapsed 5147.24 s, remaining 251.96 s)
28700000 of 30000000 tuples (95%) done (elapsed 5165.13 s, remaining 233.96 s)
28800000 of 30000000 tuples (96%) done (elapsed 5182.66 s, remaining 215.94 s)
28900000 of 30000000 tuples (96%) done (elapsed 5200.76 s, remaining 197.95 s)
29000000 of 30000000 tuples (96%) done (elapsed 5217.00 s, remaining 179.90 s)
29100000 of 30000000 tuples (97%) done (elapsed 5235.33 s, remaining 161.92 s)
29200000 of 30000000 tuples (97%) done (elapsed 5255.26 s, remaining 143.98 s)
29300000 of 30000000 tuples (97%) done (elapsed 5271.55 s, remaining 125.94 s)
29400000 of 30000000 tuples (98%) done (elapsed 5290.13 s, remaining 107.96 s)
29500000 of 30000000 tuples (98%) done (elapsed 5310.98 s, remaining 90.02 s)
29600000 of 30000000 tuples (98%) done (elapsed 5327.29 s, remaining 71.99 s)
29700000 of 30000000 tuples (99%) done (elapsed 5344.39 s, remaining 53.98 s)
29800000 of 30000000 tuples (99%) done (elapsed 5365.19 s, remaining 36.01 s)
29900000 of 30000000 tuples (99%) done (elapsed 5381.47 s, remaining 18.00 s)
30000000 of 30000000 tuples (100%) done (elapsed 5398.20 s, remaining 0.00 s)
vacuum...
set primary keys...
NOTICE:  ALTER TABLE / ADD PRIMARY KEY will create implicit index 'pgbench_branches_pkey' for table 'pgbench_branches'
NOTICE:  ALTER TABLE / ADD PRIMARY KEY will create implicit index 'pgbench_tellers_pkey' for table 'pgbench_tellers'
NOTICE:  ALTER TABLE / ADD PRIMARY KEY will create implicit index 'pgbench_accounts_pkey' for table 'pgbench_accounts'
done.
starting vacuum...end.
transaction type: <builtin: TPC-B (sort of)>
scaling factor: 300
query mode: simple
number of clients: 32
number of threads: 4
duration: 60 s
number of transactions actually processed: 1681
latency average: 1142.177 ms
tps = 27.861149 (including connections establishing)
tps = 27.862472 (excluding connections establishing)
script statistics:
 - statement latencies in milliseconds:
         0.003  \set aid random(1, 100000 * :scale)
         0.001  \set bid random(1, 1 * :scale)
         0.001  \set tid random(1, 10 * :scale)
         0.001  \set delta random(-5000, 5000)
         0.109  BEGIN;
       359.651  UPDATE pgbench_accounts SET abalance = abalance + :delta WHERE aid = :aid;
        15.843  SELECT abalance FROM pgbench_accounts WHERE aid = :aid;
       253.733  UPDATE pgbench_tellers SET tbalance = tbalance + :delta WHERE tid = :tid;
       227.590  UPDATE pgbench_branches SET bbalance = bbalance + :delta WHERE bid = :bid;
       115.447  INSERT INTO pgbench_history (tid, bid, aid, delta, mtime) VALUES (:tid, :bid, :aid, :delta, CURRENT_TIMESTAMP);
       176.075  END;
starting vacuum...end.
transaction type: <builtin: TPC-B (sort of)>
scaling factor: 300
query mode: simple
number of clients: 32
number of threads: 4
duration: 60 s
number of transactions actually processed: 1552
latency average: 1237.113 ms
tps = 25.590753 (including connections establishing)
tps = 25.592020 (excluding connections establishing)
script statistics:
 - statement latencies in milliseconds:
         0.002  \set aid random(1, 100000 * :scale)
         0.001  \set bid random(1, 1 * :scale)
         0.001  \set tid random(1, 10 * :scale)
         0.001  \set delta random(-5000, 5000)
         0.123  BEGIN;
       621.998  UPDATE pgbench_accounts SET abalance = abalance + :delta WHERE aid = :aid;
         0.825  SELECT abalance FROM pgbench_accounts WHERE aid = :aid;
       236.759  UPDATE pgbench_tellers SET tbalance = tbalance + :delta WHERE tid = :tid;
       129.238  UPDATE pgbench_branches SET bbalance = bbalance + :delta WHERE bid = :bid;
        90.670  INSERT INTO pgbench_history (tid, bid, aid, delta, mtime) VALUES (:tid, :bid, :aid, :delta, CURRENT_TIMESTAMP);
       164.874  END;
starting vacuum...end.
transaction type: <builtin: TPC-B (sort of)>
scaling factor: 300
query mode: simple
number of clients: 32
number of threads: 4
duration: 900 s
number of transactions actually processed: 22581
latency average: 1275.409 ms
tps = 24.987029 (including connections establishing)
tps = 24.987128 (excluding connections establishing)
script statistics:
 - statement latencies in milliseconds:
         0.003  \set aid random(1, 100000 * :scale)
         0.001  \set bid random(1, 1 * :scale)
         0.001  \set tid random(1, 10 * :scale)
         0.001  \set delta random(-5000, 5000)
         0.153  BEGIN;
       674.946  UPDATE pgbench_accounts SET abalance = abalance + :delta WHERE aid = :aid;
         3.170  SELECT abalance FROM pgbench_accounts WHERE aid = :aid;
       250.847  UPDATE pgbench_tellers SET tbalance = tbalance + :delta WHERE tid = :tid;
       118.889  UPDATE pgbench_branches SET bbalance = bbalance + :delta WHERE bid = :bid;
        63.587  INSERT INTO pgbench_history (tid, bid, aid, delta, mtime) VALUES (:tid, :bid, :aid, :delta, CURRENT_TIMESTAMP);
       170.002  END;
starting vacuum...end.
transaction type: <builtin: TPC-B (sort of)>
scaling factor: 300
query mode: simple
number of clients: 32
number of threads: 4
duration: 900 s
number of transactions actually processed: 20753
latency average: 1387.751 ms
tps = 23.047694 (including connections establishing)
tps = 23.047770 (excluding connections establishing)
script statistics:
 - statement latencies in milliseconds:
         0.003  \set aid random(1, 100000 * :scale)
         0.001  \set bid random(1, 1 * :scale)
         0.001  \set tid random(1, 10 * :scale)
         0.001  \set delta random(-5000, 5000)
         0.171  BEGIN;
       732.080  UPDATE pgbench_accounts SET abalance = abalance + :delta WHERE aid = :aid;
         3.031  SELECT abalance FROM pgbench_accounts WHERE aid = :aid;
       268.853  UPDATE pgbench_tellers SET tbalance = tbalance + :delta WHERE tid = :tid;
       127.924  UPDATE pgbench_branches SET bbalance = bbalance + :delta WHERE bid = :bid;
        72.390  INSERT INTO pgbench_history (tid, bid, aid, delta, mtime) VALUES (:tid, :bid, :aid, :delta, CURRENT_TIMESTAMP);
       182.561  END;
========================================================================
Testing 2003-01-02-REL7_4~2136
Start Time: 2016-07-30 06:34:23+00:00
Linux 3.16.0-4-amd64 (Debian-83-jessie-64-minimal) 	30.07.16 	_x86_64_	(8 CPU)

starting vacuum...end.
transaction type: <builtin: TPC-B (sort of)>
scaling factor: 300
query mode: simple
number of clients: 32
number of threads: 4
duration: 900 s
number of transactions actually processed: 18026
latency average: 1597.692 ms
tps = 20.021641 (including connections establishing)
tps = 20.021720 (excluding connections establishing)
script statistics:
 - statement latencies in milliseconds:
         0.003  \set aid random(1, 100000 * :scale)
         0.001  \set bid random(1, 1 * :scale)
         0.001  \set tid random(1, 10 * :scale)
         0.001  \set delta random(-5000, 5000)
         0.134  BEGIN;
       661.392  UPDATE pgbench_accounts SET abalance = abalance + :delta WHERE aid = :aid;
         5.650  SELECT abalance FROM pgbench_accounts WHERE aid = :aid;
       343.363  UPDATE pgbench_tellers SET tbalance = tbalance + :delta WHERE tid = :tid;
       224.201  UPDATE pgbench_branches SET bbalance = bbalance + :delta WHERE bid = :bid;
       146.911  INSERT INTO pgbench_history (tid, bid, aid, delta, mtime) VALUES (:tid, :bid, :aid, :delta, CURRENT_TIMESTAMP);
       217.419  END;
avg-cpu:  %user   %nice %system %iowait  %steal   %idle
           0,28    0,00    0,21    6,04    0,00   93,46

Device:         rrqm/s   wrqm/s     r/s     w/s    rkB/s    wkB/s avgrq-sz avgqu-sz   await r_await w_await  svctm  %util
sdb               0,00     0,85    3,49  147,90    28,62   761,26    10,43    15,05   99,39   30,00  101,03   4,49  67,94
sda               0,00     0,85   14,57  147,90   119,66   761,26    10,84     9,84   60,57   28,52   63,72   4,83  78,47
md0               0,00     0,00    0,05    0,00     0,18     0,00     8,00     0,00    0,00    0,00    0,00   0,00   0,00
md1               0,00     0,00    0,00    0,00     0,00     0,00     0,00     0,00    0,00    0,00    0,00   0,00   0,00
md2               0,00     0,00   18,02  148,33   148,10   760,22    10,92     0,00    0,00    0,00    0,00   0,00   0,00
md3               0,00     0,00    0,00    0,01     0,00     0,04     5,54     0,00    0,00    0,00    0,00   0,00   0,00

End Time: 2016-07-30 06:49:53+00:00
========================================================================
========================================================================
Testing 2003-01-02-REL7_4~2136
Start Time: 2016-08-07 02:22:11+00:00
Shared Buffers:  260000
Linux 3.16.0-4-amd64 (Debian-83-jessie-64-minimal) 	07.08.16 	_x86_64_	(8 CPU)

starting vacuum...end.
transaction type: <builtin: TPC-B (sort of)>
scaling factor: 300
query mode: simple
number of clients: 32
number of threads: 4
duration: 900 s
number of transactions actually processed: 24493
latency average: 1175.846 ms
tps = 27.211700 (including connections establishing)
tps = 27.211997 (excluding connections establishing)
script statistics:
 - statement latencies in milliseconds:
         0.003  \set aid random(1, 100000 * :scale)
         0.001  \set bid random(1, 1 * :scale)
         0.001  \set tid random(1, 10 * :scale)
         0.001  \set delta random(-5000, 5000)
         0.106  BEGIN;
       535.474  UPDATE pgbench_accounts SET abalance = abalance + :delta WHERE aid = :aid;
         1.580  SELECT abalance FROM pgbench_accounts WHERE aid = :aid;
       237.553  UPDATE pgbench_tellers SET tbalance = tbalance + :delta WHERE tid = :tid;
       143.534  UPDATE pgbench_branches SET bbalance = bbalance + :delta WHERE bid = :bid;
        83.401  INSERT INTO pgbench_history (tid, bid, aid, delta, mtime) VALUES (:tid, :bid, :aid, :delta, CURRENT_TIMESTAMP);
       174.639  END;
avg-cpu:  %user   %nice %system %iowait  %steal   %idle
           0,58    0,00    0,27    6,40    0,00   92,74

Device:         rrqm/s   wrqm/s     r/s     w/s    rkB/s    wkB/s avgrq-sz avgqu-sz   await r_await w_await  svctm  %util
sdb               0,00     0,80    4,22  176,66    34,81   879,14    10,11     6,69   36,97   20,94   37,35   3,17  57,42
sda               0,11     0,80   19,45  176,66   163,46   879,14    10,63     7,52   38,36   25,57   39,77   4,39  86,07
md0               0,00     0,00    0,23    0,00     0,93     0,00     8,00     0,00    0,00    0,00    0,00   0,00   0,00
md1               0,00     0,00    0,00    0,00     0,00     0,00     0,00     0,00    0,00    0,00    0,00   0,00   0,00
md2               0,00     0,00   23,54  177,09   197,34   878,24    10,72     0,00    0,00    0,00    0,00   0,00   0,00
md3               0,00     0,00    0,00    0,01     0,00     0,04     5,54     0,00    0,00    0,00    0,00   0,00   0,00

Control File Changes
--- /usr/local/oldpgsql/2003-01-02-REL7_4~2136/before.controldata	2016-08-07 04:22:11.473594268 +0200
+++ /usr/local/oldpgsql/2003-01-02-REL7_4~2136/after.controldata	2016-08-07 04:38:16.306455333 +0200
@@ -3,15 +3,15 @@
 Database cluster state:               in production
 pg_control last modified:             
 Current log file ID:                  1
-Next log file segment:                112
-Latest checkpoint location:           1/6F1EBD10
-Prior checkpoint location:            1/6F1EBCC8
-Latest checkpoint's REDO location:    1/6F1EBD10
+Next log file segment:                137
+Latest checkpoint location:           1/886075A8
+Prior checkpoint location:            1/81117908
+Latest checkpoint's REDO location:    1/886075A8
 Latest checkpoint's UNDO location:    0/0
-Latest checkpoint's StartUpID:        29
-Latest checkpoint's NextXID:          66855
-Latest checkpoint's NextOID:          31570643
-Time of latest checkpoint:            òmçU
+Latest checkpoint's StartUpID:        30
+Latest checkpoint's NextXID:          91503
+Latest checkpoint's NextOID:          31595219
+Time of latest checkpoint:            ò=N
 Database block size:                  8192
 Blocks per segment of large relation: 131072
 Maximum length of identifiers:        64
End Time: 2016-08-07 02:38:16+00:00
========================================================================
========================================================================
Testing 2003-01-02-REL7_4~2136
Start Time: 2016-08-09 05:51:07+00:00
Shared Buffers:  260000
size before pgbench of pgbench_branches_pkey: 764
size before pgbench of pgbench_branches: 3504
size before pgbench of pgbench_tellers_pkey: 840
size before pgbench of pgbench_tellers: 3296
size before pgbench of pgbench_accounts_pkey: 658092
size before pgbench of pgbench_accounts: 1005164
size before pgbench of pgbench_history: 1544
total size before pgbench: 1673204
Linux 3.16.0-4-amd64 (Debian-83-jessie-64-minimal) 	09.08.16 	_x86_64_	(8 CPU)

starting vacuum...end.
transaction type: <builtin: select only>
scaling factor: 300
query mode: simple
number of clients: 32
number of threads: 4
duration: 60 s
number of transactions actually processed: 70145
latency average: 27.372 ms
tps = 1167.855411 (including connections establishing)
tps = 1168.064538 (excluding connections establishing)
script statistics:
 - statement latencies in milliseconds:
         0.001  \set aid random(1, 100000 * :scale)
        27.339  SELECT abalance FROM pgbench_accounts WHERE aid = :aid;
avg-cpu:  %user   %nice %system %iowait  %steal   %idle
           4,25    0,00    0,56   32,71    0,00   62,48

Device:         rrqm/s   wrqm/s     r/s     w/s    rkB/s    wkB/s avgrq-sz avgqu-sz   await r_await w_await  svctm  %util
sdb               0,00     0,83  273,07   23,53  2533,64    96,52    17,74    17,60   59,33   40,92  272,91   2,72  80,66
sda               0,00     0,83  275,51   23,53  2561,91    96,52    17,78    15,23   50,91   43,97  132,16   2,63  78,64
md0               0,00     0,00    0,01    0,00     0,04     0,00     8,00     0,00    0,00    0,00    0,00   0,00   0,00
md1               0,00     0,00    0,00    0,00     0,00     0,00     0,00     0,00    0,00    0,00    0,00   0,00   0,00
md2               0,00     0,00  548,59   23,58  5095,51    94,44    18,14     0,00    0,00    0,00    0,00   0,00   0,00
md3               0,00     0,00    0,00    0,10     0,00     0,40     8,00     0,00    0,00    0,00    0,00   0,00   0,00

Control File Changes
--- /usr/local/oldpgsql/2003-01-02-REL7_4~2136/before.controldata	2016-08-09 07:52:39.196632889 +0200
+++ /usr/local/oldpgsql/2003-01-02-REL7_4~2136/after.controldata	2016-08-09 07:54:12.624665673 +0200
@@ -4 +4 @@
-pg_control last modified:             Tue Aug  9 05:51:07 2016
+pg_control last modified:             Tue Aug  9 05:54:12 2016
@@ -7,3 +7,3 @@
-Latest checkpoint location:           1/886075F0
-Prior checkpoint location:            1/886075A8
-Latest checkpoint's REDO location:    1/886075F0
+Latest checkpoint location:           1/88DCD4C8
+Prior checkpoint location:            1/886075F0
+Latest checkpoint's REDO location:    1/88DCD4C8
@@ -11,4 +11,4 @@
-Latest checkpoint's StartUpID:        30
-Latest checkpoint's NextXID:          91503
-Latest checkpoint's NextOID:          31595138
-Time of latest checkpoint:            Sun Aug  7 02:38:17 2016
+Latest checkpoint's StartUpID:        31
+Latest checkpoint's NextXID:          161806
+Latest checkpoint's NextOID:          31603330
+Time of latest checkpoint:            Tue Aug  9 05:54:09 2016
size after pgbench of pgbench_branches_pkey: 764
size after pgbench of pgbench_branches: 3504
size after pgbench of pgbench_tellers_pkey: 840
size after pgbench of pgbench_tellers: 3296
size after pgbench of pgbench_accounts_pkey: 658092
size after pgbench of pgbench_accounts: 1005164
size after pgbench of pgbench_history: 0
total size after pgbench: 1671660
End Time: 2016-08-09 05:54:12+00:00
========================================================================
========================================================================
Testing 2003-01-02-REL7_4~2136
Start Time: 2016-08-09 16:57:40+00:00
Shared Buffers:  260000
size before pgbench of pgbench_branches_pkey: 764
size before pgbench of pgbench_branches: 3504
size before pgbench of pgbench_tellers_pkey: 840
size before pgbench of pgbench_tellers: 3296
size before pgbench of pgbench_accounts_pkey: 658092
size before pgbench of pgbench_accounts: 1005164
size before pgbench of pgbench_history: 0
total size before pgbench: 1671660
Linux 3.16.0-4-amd64 (Debian-83-jessie-64-minimal) 	09.08.16 	_x86_64_	(8 CPU)

starting vacuum...end.
transaction type: <builtin: select only>
scaling factor: 300
query mode: simple
number of clients: 32
number of threads: 4
duration: 60 s
number of transactions actually processed: 70298
latency average: 27.312 ms
tps = 1169.559685 (including connections establishing)
tps = 1169.762578 (excluding connections establishing)
script statistics:
 - statement latencies in milliseconds:
         0.001  \set aid random(1, 100000 * :scale)
        27.286  SELECT abalance FROM pgbench_accounts WHERE aid = :aid;
avg-cpu:  %user   %nice %system %iowait  %steal   %idle
           4,22    0,00    0,53   30,52    0,00   64,74

Device:         rrqm/s   wrqm/s     r/s     w/s    rkB/s    wkB/s avgrq-sz avgqu-sz   await r_await w_await  svctm  %util
sdb               0,00     0,50  272,81    1,86  2532,27     8,23    18,50    13,01   47,35   39,59 1188,46   2,44  66,97
sda               0,11     0,51  273,61    1,84  2535,78     8,23    18,47    14,15   51,39   46,37  794,70   2,45  67,43
md0               0,00     0,00    0,13    0,00     0,53     0,00     8,00     0,00    0,00    0,00    0,00   0,00   0,00
md1               0,00     0,00    0,00    0,00     0,00     0,00     0,00     0,00    0,00    0,00    0,00   0,00   0,00
md2               0,00     0,00  546,39    1,42  5067,07     5,87    18,52     0,00    0,00    0,00    0,00   0,00   0,00
md3               0,00     0,00    0,00    0,10     0,00     0,40     8,00     0,00    0,00    0,00    0,00   0,00   0,00

Control File Changes
--- /usr/local/oldpgsql/2003-01-02-REL7_4~2136/before.controldata	2016-08-09 18:58:24.582635619 +0200
+++ /usr/local/oldpgsql/2003-01-02-REL7_4~2136/after.controldata	2016-08-09 18:59:57.370899115 +0200
@@ -4 +4 @@
-pg_control last modified:             Tue Aug  9 16:57:40 2016
+pg_control last modified:             Tue Aug  9 16:59:57 2016
@@ -7,3 +7,3 @@
-Latest checkpoint location:           1/88DCD510
-Prior checkpoint location:            1/88DCD4C8
-Latest checkpoint's REDO location:    1/88DCD510
+Latest checkpoint location:           1/88DED258
+Prior checkpoint location:            1/88DCD510
+Latest checkpoint's REDO location:    1/88DED258
@@ -11,4 +11,4 @@
-Latest checkpoint's StartUpID:        31
-Latest checkpoint's NextXID:          161809
-Latest checkpoint's NextOID:          31595140
-Time of latest checkpoint:            Tue Aug  9 05:54:14 2016
+Latest checkpoint's StartUpID:        32
+Latest checkpoint's NextXID:          232265
+Latest checkpoint's NextOID:          31603332
+Time of latest checkpoint:            Tue Aug  9 16:59:54 2016
size after pgbench of pgbench_branches_pkey: 764
size after pgbench of pgbench_branches: 3504
size after pgbench of pgbench_tellers_pkey: 840
size after pgbench of pgbench_tellers: 3296
size after pgbench of pgbench_accounts_pkey: 658092
size after pgbench of pgbench_accounts: 1005164
size after pgbench of pgbench_history: 0
total size after pgbench: 1671660
End Time: 2016-08-09 16:59:57+00:00
========================================================================
========================================================================
Testing 2003-01-02-REL7_4~2136
Start Time: 2016-08-10 14:09:25+00:00
Shared Buffers:  260000
size before pgbench of pgbench_branches_pkey: 764
size before pgbench of pgbench_branches: 3504
size before pgbench of pgbench_tellers_pkey: 840
size before pgbench of pgbench_tellers: 3296
size before pgbench of pgbench_accounts_pkey: 658092
size before pgbench of pgbench_accounts: 1005164
size before pgbench of pgbench_history: 0
total size before pgbench: 1671660
Linux 3.16.0-4-amd64 (Debian-83-jessie-64-minimal) 	10.08.16 	_x86_64_	(8 CPU)

starting vacuum...end.
transaction type: <builtin: select only>
scaling factor: 300
query mode: simple
number of clients: 32
number of threads: 4
duration: 60 s
number of transactions actually processed: 73254
latency average: 26.210 ms
tps = 1213.730052 (including connections establishing)
tps = 1213.930736 (excluding connections establishing)
script statistics:
 - statement latencies in milliseconds:
         0.001  \set aid random(1, 100000 * :scale)
        26.200  SELECT abalance FROM pgbench_accounts WHERE aid = :aid;
avg-cpu:  %user   %nice %system %iowait  %steal   %idle
           4,34    0,00    0,55   35,27    0,00   59,84

Device:         rrqm/s   wrqm/s     r/s     w/s    rkB/s    wkB/s avgrq-sz avgqu-sz   await r_await w_await  svctm  %util
sdb               0,00     0,61  276,48    1,57  2572,98     8,09    18,57    13,11   47,15   38,99 1486,10   2,43  67,47
sda               0,01     0,61  282,34    1,57  2645,16     8,09    18,69    17,96   63,25   43,66 3594,89   2,38  67,69
md0               0,00     0,00    0,02    0,00     0,09     0,00     8,00     0,00    0,00    0,00    0,00   0,00   0,00
md1               0,00     0,00    0,00    0,00     0,00     0,00     0,00     0,00    0,00    0,00    0,00   0,00   0,00
md2               0,00     0,00  558,81    1,49  5217,64     6,22    18,65     0,00    0,00    0,00    0,00   0,00   0,00
md3               0,00     0,00    0,00    0,10     0,00     0,40     8,00     0,00    0,00    0,00    0,00   0,00   0,00

Control File Changes
--- /usr/local/oldpgsql/2003-01-02-REL7_4~2136/before.controldata	2016-08-10 16:10:09.784372690 +0200
+++ /usr/local/oldpgsql/2003-01-02-REL7_4~2136/after.controldata	2016-08-10 16:11:42.716791553 +0200
@@ -4 +4 @@
-pg_control last modified:             Wed Aug 10 14:09:25 2016
+pg_control last modified:             Wed Aug 10 14:11:42 2016
@@ -7,3 +7,3 @@
-Latest checkpoint location:           1/88DED2A0
-Prior checkpoint location:            1/88DED258
-Latest checkpoint's REDO location:    1/88DED2A0
+Latest checkpoint location:           1/88E14900
+Prior checkpoint location:            1/88DED2A0
+Latest checkpoint's REDO location:    1/88E14900
@@ -11,4 +11,4 @@
-Latest checkpoint's StartUpID:        32
-Latest checkpoint's NextXID:          232268
-Latest checkpoint's NextOID:          31595142
-Time of latest checkpoint:            Tue Aug  9 16:59:58 2016
+Latest checkpoint's StartUpID:        33
+Latest checkpoint's NextXID:          305680
+Latest checkpoint's NextOID:          31603334
+Time of latest checkpoint:            Wed Aug 10 14:11:39 2016
size after pgbench of pgbench_branches_pkey: 764
size after pgbench of pgbench_branches: 3504
size after pgbench of pgbench_tellers_pkey: 840
size after pgbench of pgbench_tellers: 3296
size after pgbench of pgbench_accounts_pkey: 658092
size after pgbench of pgbench_accounts: 1005164
size after pgbench of pgbench_history: 0
total size after pgbench: 1671660
End Time: 2016-08-10 14:11:42+00:00
========================================================================
========================================================================
Testing 2003-01-02-REL7_4~2136
Start Time: 2016-08-11 02:49:47+00:00
Shared Buffers:  260000
size before pgbench of pgbench_branches_pkey: 764
size before pgbench of pgbench_branches: 3504
size before pgbench of pgbench_tellers_pkey: 840
size before pgbench of pgbench_tellers: 3296
size before pgbench of pgbench_accounts_pkey: 658092
size before pgbench of pgbench_accounts: 1005164
size before pgbench of pgbench_history: 0
total size before pgbench: 1671660
Linux 3.16.0-4-amd64 (Debian-83-jessie-64-minimal) 	11.08.16 	_x86_64_	(8 CPU)

starting vacuum...end.
transaction type: <builtin: select only>
scaling factor: 300
query mode: simple
number of clients: 32
number of threads: 4
duration: 60 s
number of transactions actually processed: 70347
latency average: 27.293 ms
tps = 1170.822557 (including connections establishing)
tps = 1171.019252 (excluding connections establishing)
script statistics:
 - statement latencies in milliseconds:
         0.001  \set aid random(1, 100000 * :scale)
        27.281  SELECT abalance FROM pgbench_accounts WHERE aid = :aid;
avg-cpu:  %user   %nice %system %iowait  %steal   %idle
           4,32    0,00    0,54   34,61    0,00   60,52

Device:         rrqm/s   wrqm/s     r/s     w/s    rkB/s    wkB/s avgrq-sz avgqu-sz   await r_await w_await  svctm  %util
sdb               0,03     0,60  273,06    2,14  2541,42     9,46    18,54    21,05   76,49   43,06 4332,68   2,47  67,86
sda               0,52     0,60  273,60    2,14  2542,98     9,46    18,51    13,45   48,76   44,79  555,75   2,47  68,00
md0               0,00     0,00    1,26    0,00     5,02     0,00     8,00     0,00    0,00    0,00    0,00   0,00   0,00
md1               0,00     0,00    0,00    0,00     0,00     0,00     0,00     0,00    0,00    0,00    0,00   0,00   0,00
md2               0,00     0,00  545,97    1,71  5078,93     6,93    18,57     0,00    0,00    0,00    0,00   0,00   0,00
md3               0,00     0,00    0,00    0,10     0,00     0,40     8,00     0,00    0,00    0,00    0,00   0,00   0,00

Control File Changes
--- /usr/local/oldpgsql/2003-01-02-REL7_4~2136/before.controldata	2016-08-11 04:50:32.658990211 +0200
+++ /usr/local/oldpgsql/2003-01-02-REL7_4~2136/after.controldata	2016-08-11 04:52:05.623178253 +0200
@@ -4 +4 @@
-pg_control last modified:             Thu Aug 11 02:49:47 2016
+pg_control last modified:             Thu Aug 11 02:52:05 2016
@@ -7,3 +7,3 @@
-Latest checkpoint location:           1/88E14948
-Prior checkpoint location:            1/88E14900
-Latest checkpoint's REDO location:    1/88E14948
+Latest checkpoint location:           1/88E36698
+Prior checkpoint location:            1/88E14948
+Latest checkpoint's REDO location:    1/88E36698
@@ -11,4 +11,4 @@
-Latest checkpoint's StartUpID:        33
-Latest checkpoint's NextXID:          305683
-Latest checkpoint's NextOID:          31595144
-Time of latest checkpoint:            Wed Aug 10 14:11:44 2016
+Latest checkpoint's StartUpID:        34
+Latest checkpoint's NextXID:          376188
+Latest checkpoint's NextOID:          31603336
+Time of latest checkpoint:            Thu Aug 11 02:52:02 2016
size after pgbench of pgbench_branches_pkey: 764
size after pgbench of pgbench_branches: 3504
size after pgbench of pgbench_tellers_pkey: 840
size after pgbench of pgbench_tellers: 3296
size after pgbench of pgbench_accounts_pkey: 658092
size after pgbench of pgbench_accounts: 1005164
size after pgbench of pgbench_history: 0
total size after pgbench: 1671660
End Time: 2016-08-11 02:52:05+00:00
========================================================================
========================================================================
Testing 2003-01-02-REL7_4~2136
Start Time: 2016-08-11 21:44:51+00:00
Shared Buffers:  260000
size before pgbench of pgbench_branches_pkey: 764
size before pgbench of pgbench_branches: 3504
size before pgbench of pgbench_tellers_pkey: 840
size before pgbench of pgbench_tellers: 3296
size before pgbench of pgbench_accounts_pkey: 658092
size before pgbench of pgbench_accounts: 1005164
size before pgbench of pgbench_history: 0
total size before pgbench: 1671660
Linux 3.16.0-4-amd64 (Debian-83-jessie-64-minimal) 	11.08.16 	_x86_64_	(8 CPU)

starting vacuum...end.
transaction type: <builtin: select only>
scaling factor: 300
query mode: simple
number of clients: 32
number of threads: 4
duration: 60 s
number of transactions actually processed: 73123
latency average: 26.257 ms
tps = 1210.347858 (including connections establishing)
tps = 1210.541727 (excluding connections establishing)
script statistics:
 - statement latencies in milliseconds:
         0.001  \set aid random(1, 100000 * :scale)
        26.242  SELECT abalance FROM pgbench_accounts WHERE aid = :aid;
avg-cpu:  %user   %nice %system %iowait  %steal   %idle
           4,26    0,00    0,53   30,65    0,00   64,56

Device:         rrqm/s   wrqm/s     r/s     w/s    rkB/s    wkB/s avgrq-sz avgqu-sz   await r_await w_await  svctm  %util
sdb               0,00     0,57  279,83    1,46  2605,33     7,41    18,58    20,14   71,59   43,41 5489,74   2,41  67,70
sda               0,51     0,56  275,73    1,47  2565,56     7,41    18,56    12,14   43,81   41,21  532,76   2,44  67,56
md0               0,00     0,00    0,74    0,00     2,98     0,00     8,00     0,00    0,00    0,00    0,00   0,00   0,00
md1               0,00     0,00    0,00    0,00     0,00     0,00     0,00     0,00    0,00    0,00    0,00   0,00   0,00
md2               0,00     0,00  555,34    1,36  5167,47     5,56    18,58     0,00    0,00    0,00    0,00   0,00   0,00
md3               0,00     0,00    0,00    0,10     0,00     0,40     8,00     0,00    0,00    0,00    0,00   0,00   0,00

Control File Changes
--- /usr/local/oldpgsql/2003-01-02-REL7_4~2136/before.controldata	2016-08-11 23:45:37.787464378 +0200
+++ /usr/local/oldpgsql/2003-01-02-REL7_4~2136/after.controldata	2016-08-11 23:47:10.840223612 +0200
@@ -4 +4 @@
-pg_control last modified:             Thu Aug 11 21:44:52 2016
+pg_control last modified:             Thu Aug 11 21:47:10 2016
@@ -7,3 +7,3 @@
-Latest checkpoint location:           1/88E366E0
-Prior checkpoint location:            1/88E36698
-Latest checkpoint's REDO location:    1/88E366E0
+Latest checkpoint location:           1/88E56400
+Prior checkpoint location:            1/88E366E0
+Latest checkpoint's REDO location:    1/88E56400
@@ -11,4 +11,4 @@
-Latest checkpoint's StartUpID:        34
-Latest checkpoint's NextXID:          376191
-Latest checkpoint's NextOID:          31595146
-Time of latest checkpoint:            Thu Aug 11 02:52:07 2016
+Latest checkpoint's StartUpID:        35
+Latest checkpoint's NextXID:          449472
+Latest checkpoint's NextOID:          31603338
+Time of latest checkpoint:            Thu Aug 11 21:47:07 2016
size after pgbench of pgbench_branches_pkey: 764
size after pgbench of pgbench_branches: 3504
size after pgbench of pgbench_tellers_pkey: 840
size after pgbench of pgbench_tellers: 3296
size after pgbench of pgbench_accounts_pkey: 658092
size after pgbench of pgbench_accounts: 1005164
size after pgbench of pgbench_history: 0
total size after pgbench: 1671660
End Time: 2016-08-11 21:47:10+00:00
========================================================================
========================================================================
Testing 2003-01-02-REL7_4~2136
Start Time: 2016-08-12 20:00:31+00:00
Shared Buffers:  260000
size before pgbench of pgbench_branches_pkey: 764
size before pgbench of pgbench_branches: 3504
size before pgbench of pgbench_tellers_pkey: 840
size before pgbench of pgbench_tellers: 3296
size before pgbench of pgbench_accounts_pkey: 658092
size before pgbench of pgbench_accounts: 1005164
size before pgbench of pgbench_history: 0
total size before pgbench: 1671660
+ /usr/local/pgsql/bin/pgbench -T 60 -S -c 64 -j 4 -r
Linux 3.16.0-4-amd64 (Debian-83-jessie-64-minimal) 	12.08.16 	_x86_64_	(8 CPU)

starting vacuum...end.
connection to database "" failed:
FATAL:  Sorry, too many clients already
connection to database "" failed:
FATAL:  Sorry, too many clients already
transaction type: <builtin: select only>
scaling factor: 300
query mode: simple
number of clients: 64
number of threads: 4
duration: 60 s
number of transactions actually processed: 69633
latency average: 55.146 ms
tps = 1158.596201 (including connections establishing)
tps = 1158.682104 (excluding connections establishing)
script statistics:
 - statement latencies in milliseconds:
         0.001  \set aid random(1, 100000 * :scale)
        27.525  SELECT abalance FROM pgbench_accounts WHERE aid = :aid;
avg-cpu:  %user   %nice %system %iowait  %steal   %idle
           4,10    0,00    0,56   30,68    0,00   64,66

Device:         rrqm/s   wrqm/s     r/s     w/s    rkB/s    wkB/s avgrq-sz avgqu-sz   await r_await w_await  svctm  %util
sdb               0,00     0,51  270,38    1,87  2497,11     8,08    18,40    15,77   57,92   43,21 2187,90   2,48  67,40
sda               0,06     0,51  271,96    1,87  2506,71     8,08    18,37    18,58   67,85   41,74 3872,12   2,47  67,55
md0               0,00     0,00    0,12    0,00     0,49     0,00     8,00     0,00    0,00    0,00    0,00   0,00   0,00
md1               0,00     0,00    0,00    0,00     0,00     0,00     0,00     0,00    0,00    0,00    0,00   0,00   0,00
md2               0,00     0,00  542,30    1,40  5003,33     5,73    18,43     0,00    0,00    0,00    0,00   0,00   0,00
md3               0,00     0,00    0,00    0,10     0,00     0,40     8,00     0,00    0,00    0,00    0,00   0,00   0,00

Control File Changes
--- /usr/local/oldpgsql/2003-01-02-REL7_4~2136/before.controldata	2016-08-12 22:01:16.749675652 +0200
+++ /usr/local/oldpgsql/2003-01-02-REL7_4~2136/after.controldata	2016-08-12 22:02:49.657866870 +0200
@@ -4 +4 @@
-pg_control last modified:             Fri Aug 12 20:00:32 2016
+pg_control last modified:             Fri Aug 12 20:02:49 2016
@@ -7,3 +7,3 @@
-Latest checkpoint location:           1/88E56448
-Prior checkpoint location:            1/88E56400
-Latest checkpoint's REDO location:    1/88E56448
+Latest checkpoint location:           1/88E76178
+Prior checkpoint location:            1/88E56448
+Latest checkpoint's REDO location:    1/88E76178
@@ -11,4 +11,4 @@
-Latest checkpoint's StartUpID:        35
-Latest checkpoint's NextXID:          449475
-Latest checkpoint's NextOID:          31595148
-Time of latest checkpoint:            Thu Aug 11 21:47:12 2016
+Latest checkpoint's StartUpID:        36
+Latest checkpoint's NextXID:          519320
+Latest checkpoint's NextOID:          31603340
+Time of latest checkpoint:            Fri Aug 12 20:02:46 2016
size after pgbench of pgbench_branches_pkey: 764
size after pgbench of pgbench_branches: 3504
size after pgbench of pgbench_tellers_pkey: 840
size after pgbench of pgbench_tellers: 3296
size after pgbench of pgbench_accounts_pkey: 658092
size after pgbench of pgbench_accounts: 1005164
size after pgbench of pgbench_history: 0
total size after pgbench: 1671660
End Time: 2016-08-12 20:02:49+00:00
========================================================================
========================================================================
Testing 2003-01-02-REL7_4~2136
Start Time: 2016-08-13 04:51:59+00:00
Shared Buffers:  260000
size before pgbench of pgbench_branches_pkey: 764
size before pgbench of pgbench_branches: 3504
size before pgbench of pgbench_tellers_pkey: 840
size before pgbench of pgbench_tellers: 3296
size before pgbench of pgbench_accounts_pkey: 658092
size before pgbench of pgbench_accounts: 1005164
size before pgbench of pgbench_history: 0
total size before pgbench: 1671660
Linux 3.16.0-4-amd64 (Debian-83-jessie-64-minimal) 	13.08.16 	_x86_64_	(8 CPU)

starting vacuum...end.
connection to database "" failed:
FATAL:  Sorry, too many clients already
connection to database "" failed:
FATAL:  Sorry, too many clients already
connection to database "" failed:
FATAL:  Sorry, too many clients already
connection to database "" failed:
FATAL:  Sorry, too many clients already
transaction type: <builtin: select only>
scaling factor: 300
query mode: simple
number of clients: 48
number of threads: 4
duration: 60 s
number of transactions actually processed: 0
avg-cpu:  %user   %nice %system %iowait  %steal   %idle
           0,03    0,00    0,03    0,03    0,00   99,90

Device:         rrqm/s   wrqm/s     r/s     w/s    rkB/s    wkB/s avgrq-sz avgqu-sz   await r_await w_await  svctm  %util
sdb               0,00     0,36    0,07    1,51     0,58     6,15     8,53     0,01    9,21    4,00    9,44   8,42   1,33
sda               0,03     0,36    0,36    1,51     4,04     6,15    10,92     0,02    8,71    4,25    9,76   7,81   1,46
md0               0,00     0,00    0,06    0,00     0,22     0,00     8,00     0,00    0,00    0,00    0,00   0,00   0,00
md1               0,00     0,00    0,00    0,00     0,00     0,00     0,00     0,00    0,00    0,00    0,00   0,00   0,00
md2               0,00     0,00    0,40    1,03     4,40     4,13    11,91     0,00    0,00    0,00    0,00   0,00   0,00
md3               0,00     0,00    0,00    0,07     0,00     0,27     8,00     0,00    0,00    0,00    0,00   0,00   0,00

Control File Changes
--- /usr/local/oldpgsql/2003-01-02-REL7_4~2136/before.controldata	2016-08-13 06:52:44.208499625 +0200
+++ /usr/local/oldpgsql/2003-01-02-REL7_4~2136/after.controldata	2016-08-13 06:54:16.936747390 +0200
@@ -4 +4 @@
-pg_control last modified:             Sat Aug 13 04:51:59 2016
+pg_control last modified:             Sat Aug 13 04:54:16 2016
@@ -7,3 +7,3 @@
-Latest checkpoint location:           1/88E761C0
-Prior checkpoint location:            1/88E76178
-Latest checkpoint's REDO location:    1/88E761C0
+Latest checkpoint location:           1/88E95E78
+Prior checkpoint location:            1/88E761C0
+Latest checkpoint's REDO location:    1/88E95E78
@@ -11,4 +11,4 @@
-Latest checkpoint's StartUpID:        36
-Latest checkpoint's NextXID:          519323
-Latest checkpoint's NextOID:          31595150
-Time of latest checkpoint:            Fri Aug 12 20:02:51 2016
+Latest checkpoint's StartUpID:        37
+Latest checkpoint's NextXID:          519481
+Latest checkpoint's NextOID:          31603342
+Time of latest checkpoint:            Sat Aug 13 04:54:14 2016
size after pgbench of pgbench_branches_pkey: 764
size after pgbench of pgbench_branches: 3504
size after pgbench of pgbench_tellers_pkey: 840
size after pgbench of pgbench_tellers: 3296
size after pgbench of pgbench_accounts_pkey: 658092
size after pgbench of pgbench_accounts: 1005164
size after pgbench of pgbench_history: 0
total size after pgbench: 1671660
End Time: 2016-08-13 04:54:17+00:00
========================================================================
========================================================================
Testing 2003-01-02-REL7_4~2136
Start Time: 2016-08-13 08:55:29+00:00
Shared Buffers:  260000
size before pgbench of pgbench_branches_pkey: 764
size before pgbench of pgbench_branches: 3504
size before pgbench of pgbench_tellers_pkey: 840
size before pgbench of pgbench_tellers: 3296
size before pgbench of pgbench_accounts_pkey: 658092
size before pgbench of pgbench_accounts: 1005164
size before pgbench of pgbench_history: 0
total size before pgbench: 1671660
Linux 3.16.0-4-amd64 (Debian-83-jessie-64-minimal) 	13.08.16 	_x86_64_	(8 CPU)

starting vacuum...end.
connection to database "" failed:
FATAL:  Sorry, too many clients already
connection to database "" failed:
FATAL:  Sorry, too many clients already
transaction type: <builtin: select only>
scaling factor: 300
query mode: simple
number of clients: 48
number of threads: 4
duration: 60 s
number of transactions actually processed: 62749
latency average: 45.897 ms
tps = 1044.787516 (including connections establishing)
tps = 1044.876241 (excluding connections establishing)
script statistics:
 - statement latencies in milliseconds:
         0.001  \set aid random(1, 100000 * :scale)
        22.905  SELECT abalance FROM pgbench_accounts WHERE aid = :aid;
avg-cpu:  %user   %nice %system %iowait  %steal   %idle
           4,13    0,00    0,55   31,61    0,00   63,71

Device:         rrqm/s   wrqm/s     r/s     w/s    rkB/s    wkB/s avgrq-sz avgqu-sz   await r_await w_await  svctm  %util
sdb               0,00     0,58  251,21    2,03  2305,02     9,06    18,28     9,80   38,68   31,92  874,69   2,66  67,25
sda               0,00     0,57  254,21    2,04  2336,58     9,06    18,31    16,07   62,71   35,16 3488,67   2,63  67,48
md0               0,00     0,00    0,00    0,00     0,00     0,00     0,00     0,00    0,00    0,00    0,00   0,00   0,00
md1               0,00     0,00    0,00    0,00     0,00     0,00     0,00     0,00    0,00    0,00    0,00   0,00   0,00
md2               0,00     0,00  505,42    1,57  4641,60     6,36    18,34     0,00    0,00    0,00    0,00   0,00   0,00
md3               0,00     0,00    0,00    0,20     0,00     0,80     8,00     0,00    0,00    0,00    0,00   0,00   0,00

Control File Changes
--- /usr/local/oldpgsql/2003-01-02-REL7_4~2136/before.controldata	2016-08-13 10:56:14.353684555 +0200
+++ /usr/local/oldpgsql/2003-01-02-REL7_4~2136/after.controldata	2016-08-13 10:57:47.129881778 +0200
@@ -4 +4 @@
-pg_control last modified:             Sat Aug 13 08:55:29 2016
+pg_control last modified:             Sat Aug 13 08:57:47 2016
@@ -7,3 +7,3 @@
-Latest checkpoint location:           1/88E95EC0
-Prior checkpoint location:            1/88E95E78
-Latest checkpoint's REDO location:    1/88E95EC0
+Latest checkpoint location:           1/88EB9B18
+Prior checkpoint location:            1/88E95EC0
+Latest checkpoint's REDO location:    1/88EB9B18
@@ -11,4 +11,4 @@
-Latest checkpoint's StartUpID:        37
-Latest checkpoint's NextXID:          519484
-Latest checkpoint's NextOID:          31595152
-Time of latest checkpoint:            Sat Aug 13 04:54:18 2016
+Latest checkpoint's StartUpID:        38
+Latest checkpoint's NextXID:          582418
+Latest checkpoint's NextOID:          31603344
+Time of latest checkpoint:            Sat Aug 13 08:57:44 2016
size after pgbench of pgbench_branches_pkey: 764
size after pgbench of pgbench_branches: 3504
size after pgbench of pgbench_tellers_pkey: 840
size after pgbench of pgbench_tellers: 3296
size after pgbench of pgbench_accounts_pkey: 658092
size after pgbench of pgbench_accounts: 1005164
size after pgbench of pgbench_history: 0
total size after pgbench: 1671660
End Time: 2016-08-13 08:57:47+00:00
========================================================================
========================================================================
Testing 2003-01-02-REL7_4~2136
Start Time: 2016-08-15 08:38:41+00:00
Shared Buffers:  260000
size before pgbench of pgbench_branches_pkey: 764
size before pgbench of pgbench_branches: 3504
size before pgbench of pgbench_tellers_pkey: 840
size before pgbench of pgbench_tellers: 3296
size before pgbench of pgbench_accounts_pkey: 658092
size before pgbench of pgbench_accounts: 1005164
size before pgbench of pgbench_history: 0
total size before pgbench: 1671660
Linux 3.16.0-4-amd64 (Debian-83-jessie-64-minimal) 	15.08.16 	_x86_64_	(8 CPU)

starting vacuum...end.
transaction type: <builtin: TPC-B (sort of)>
scaling factor: 300
query mode: simple
number of clients: 32
number of threads: 4
duration: 900 s
number of transactions actually processed: 24125
latency average: 1193.782 ms
tps = 26.785249 (including connections establishing)
tps = 26.785550 (excluding connections establishing)
script statistics:
 - statement latencies in milliseconds:
         0.003  \set aid random(1, 100000 * :scale)
         0.001  \set bid random(1, 1 * :scale)
         0.001  \set tid random(1, 10 * :scale)
         0.001  \set delta random(-5000, 5000)
         0.107  BEGIN;
       535.867  UPDATE pgbench_accounts SET abalance = abalance + :delta WHERE aid = :aid;
         2.383  SELECT abalance FROM pgbench_accounts WHERE aid = :aid;
       250.480  UPDATE pgbench_tellers SET tbalance = tbalance + :delta WHERE tid = :tid;
       145.246  UPDATE pgbench_branches SET bbalance = bbalance + :delta WHERE bid = :bid;
        80.944  INSERT INTO pgbench_history (tid, bid, aid, delta, mtime) VALUES (:tid, :bid, :aid, :delta, CURRENT_TIMESTAMP);
       179.781  END;
avg-cpu:  %user   %nice %system %iowait  %steal   %idle
           0,57    0,00    0,27    6,45    0,00   92,71

Device:         rrqm/s   wrqm/s     r/s     w/s    rkB/s    wkB/s avgrq-sz avgqu-sz   await r_await w_await  svctm  %util
sdb               0,00     0,80    4,36  177,43    36,48   899,97    10,30     7,60   41,82   20,54   42,34   3,19  58,01
sda               0,02     0,80   18,83  177,43   157,60   899,97    10,78     8,19   41,72   25,45   43,45   4,36  85,62
md0               0,00     0,00    0,14    0,00     0,58     0,00     8,00     0,00    0,00    0,00    0,00   0,00   0,00
md1               0,00     0,00    0,00    0,00     0,00     0,00     0,00     0,00    0,00    0,00    0,00   0,00   0,00
md2               0,00     0,00   23,07  177,85   193,51   899,05    10,88     0,00    0,00    0,00    0,00   0,00   0,00
md3               0,00     0,00    0,00    0,02     0,00     0,04     5,71     0,00    0,00    0,00    0,00   0,00   0,00

Control File Changes
--- /usr/local/oldpgsql/2003-01-02-REL7_4~2136/before.controldata	2016-08-15 10:39:26.585314752 +0200
+++ /usr/local/oldpgsql/2003-01-02-REL7_4~2136/after.controldata	2016-08-15 10:55:18.472137236 +0200
@@ -4 +4 @@
-pg_control last modified:             Mon Aug 15 08:38:41 2016
+pg_control last modified:             Mon Aug 15 08:55:18 2016
@@ -6,4 +6,4 @@
-Next log file segment:                137
-Latest checkpoint location:           1/88EB9B60
-Prior checkpoint location:            1/88EB9B18
-Latest checkpoint's REDO location:    1/88EB9B60
+Next log file segment:                162
+Latest checkpoint location:           1/A1B5C660
+Prior checkpoint location:            1/9C807A38
+Latest checkpoint's REDO location:    1/A1B5C660
@@ -11,4 +11,4 @@
-Latest checkpoint's StartUpID:        38
-Latest checkpoint's NextXID:          582421
-Latest checkpoint's NextOID:          31595154
-Time of latest checkpoint:            Sat Aug 13 08:57:48 2016
+Latest checkpoint's StartUpID:        39
+Latest checkpoint's NextXID:          606704
+Latest checkpoint's NextOID:          31619730
+Time of latest checkpoint:            Mon Aug 15 08:54:56 2016
size after pgbench of pgbench_branches_pkey: 804
size after pgbench of pgbench_branches: 4384
size after pgbench of pgbench_tellers_pkey: 896
size after pgbench of pgbench_tellers: 4064
size after pgbench of pgbench_accounts_pkey: 658092
size after pgbench of pgbench_accounts: 1008588
size after pgbench of pgbench_history: 1544
total size after pgbench: 1678372
End Time: 2016-08-15 08:55:18+00:00
========================================================================
========================================================================
Testing 2003-01-02-REL7_4~2136
Start Time: 2016-08-19 05:32:29+00:00
Shared Buffers:  260000
size before pgbench of pgbench_branches_pkey: 804
size before pgbench of pgbench_branches: 4384
size before pgbench of pgbench_tellers_pkey: 896
size before pgbench of pgbench_tellers: 4064
size before pgbench of pgbench_accounts_pkey: 658092
size before pgbench of pgbench_accounts: 1008588
size before pgbench of pgbench_history: 1544
total size before pgbench: 1678372
Linux 4.6.0-1-amd64 (Debian-83-jessie-64-minimal) 	19.08.16 	_x86_64_	(8 CPU)

starting vacuum...end.
transaction type: <builtin: TPC-B (sort of)>
scaling factor: 300
query mode: simple
number of clients: 32
number of threads: 4
duration: 900 s
number of transactions actually processed: 22893
latency average: 1258.026 ms
tps = 25.421458 (including connections establishing)
tps = 25.421753 (excluding connections establishing)
script statistics:
 - statement latencies in milliseconds:
         0.003  \set aid random(1, 100000 * :scale)
         0.001  \set bid random(1, 1 * :scale)
         0.001  \set tid random(1, 10 * :scale)
         0.001  \set delta random(-5000, 5000)
         0.113  BEGIN;
       525.915  UPDATE pgbench_accounts SET abalance = abalance + :delta WHERE aid = :aid;
         1.998  SELECT abalance FROM pgbench_accounts WHERE aid = :aid;
       256.587  UPDATE pgbench_tellers SET tbalance = tbalance + :delta WHERE tid = :tid;
       177.272  UPDATE pgbench_branches SET bbalance = bbalance + :delta WHERE bid = :bid;
       107.456  INSERT INTO pgbench_history (tid, bid, aid, delta, mtime) VALUES (:tid, :bid, :aid, :delta, CURRENT_TIMESTAMP);
       189.066  END;
avg-cpu:  %user   %nice %system %iowait  %steal   %idle
           0,53    0,00    0,28   17,97    0,00   81,21

Device:         rrqm/s   wrqm/s     r/s     w/s    rkB/s    wkB/s avgrq-sz avgqu-sz   await r_await w_await  svctm  %util
sdb               0,01     1,06    2,78  172,46    23,05   856,71    10,04     8,21   46,83   19,32   47,28   3,40  59,64
sda               0,02     1,06   19,39  172,46   161,85   856,71    10,62     4,44   23,13   25,46   22,87   4,45  85,35
md0               0,00     0,00    0,08    0,00     0,33     0,00     8,00     0,00    0,00    0,00    0,00   0,00   0,00
md1               0,00     0,00    0,00    0,00     0,00     0,00     0,00     0,00    0,00    0,00    0,00   0,00   0,00
md2               0,00     0,00   22,11  173,25   184,57   856,08    10,65     0,00    0,00    0,00    0,00   0,00   0,00
md3               0,00     0,00    0,00    0,02     0,00     0,04     5,71     0,00    0,00    0,00    0,00   0,00   0,00

Control File Changes
--- /usr/local/oldpgsql/2003-01-02-REL7_4~2136/before.controldata	2016-08-19 07:33:42.167922201 +0200
+++ /usr/local/oldpgsql/2003-01-02-REL7_4~2136/after.controldata	2016-08-19 07:50:02.767417603 +0200
@@ -4 +4 @@
-pg_control last modified:             Fri Aug 19 05:32:30 2016
+pg_control last modified:             Fri Aug 19 05:50:02 2016
@@ -6,4 +6,4 @@
-Next log file segment:                162
-Latest checkpoint location:           1/A1B5C6A8
-Prior checkpoint location:            1/A1B5C660
-Latest checkpoint's REDO location:    1/A1B5C6A8
+Next log file segment:                186
+Latest checkpoint location:           1/B99F7660
+Prior checkpoint location:            1/B32BC030
+Latest checkpoint's REDO location:    1/B99F7660
@@ -11,4 +11,4 @@
-Latest checkpoint's StartUpID:        39
-Latest checkpoint's NextXID:          606707
-Latest checkpoint's NextOID:          31619281
-Time of latest checkpoint:            Mon Aug 15 08:55:19 2016
+Latest checkpoint's StartUpID:        40
+Latest checkpoint's NextXID:          629758
+Latest checkpoint's NextOID:          31643857
+Time of latest checkpoint:            Fri Aug 19 05:49:12 2016
size after pgbench of pgbench_branches_pkey: 804
size after pgbench of pgbench_branches: 5208
size after pgbench of pgbench_tellers_pkey: 896
size after pgbench of pgbench_tellers: 4552
size after pgbench of pgbench_accounts_pkey: 658092
size after pgbench of pgbench_accounts: 1011916
size after pgbench of pgbench_history: 1544
total size after pgbench: 1683012
End Time: 2016-08-19 05:50:02+00:00
========================================================================
========================================================================
Testing 2003-01-02-REL7_4~2136
Start Time: 2016-08-20 12:46:56+00:00
Shared Buffers:  260000
size before pgbench of pgbench_branches_pkey: 804
size before pgbench of pgbench_branches: 5208
size before pgbench of pgbench_tellers_pkey: 896
size before pgbench of pgbench_tellers: 4552
size before pgbench of pgbench_accounts_pkey: 658092
size before pgbench of pgbench_accounts: 1011916
size before pgbench of pgbench_history: 1544
total size before pgbench: 1683012
Linux 4.6.0-1-amd64 (Debian-83-jessie-64-minimal) 	20.08.16 	_x86_64_	(8 CPU)

starting vacuum...end.
transaction type: <builtin: TPC-B (sort of)>
scaling factor: 300
query mode: simple
number of clients: 32
number of threads: 4
duration: 900 s
number of transactions actually processed: 19860
latency average: 1450.151 ms
tps = 22.050550 (including connections establishing)
tps = 22.050813 (excluding connections establishing)
script statistics:
 - statement latencies in milliseconds:
         0.003  \set aid random(1, 100000 * :scale)
         0.001  \set bid random(1, 1 * :scale)
         0.001  \set tid random(1, 10 * :scale)
         0.001  \set delta random(-5000, 5000)
         0.107  BEGIN;
       669.493  UPDATE pgbench_accounts SET abalance = abalance + :delta WHERE aid = :aid;
         2.397  SELECT abalance FROM pgbench_accounts WHERE aid = :aid;
       284.227  UPDATE pgbench_tellers SET tbalance = tbalance + :delta WHERE tid = :tid;
       187.035  UPDATE pgbench_branches SET bbalance = bbalance + :delta WHERE bid = :bid;
       102.076  INSERT INTO pgbench_history (tid, bid, aid, delta, mtime) VALUES (:tid, :bid, :aid, :delta, CURRENT_TIMESTAMP);
       206.553  END;
avg-cpu:  %user   %nice %system %iowait  %steal   %idle
           0,46    0,00    0,25   18,27    0,00   81,02

Device:         rrqm/s   wrqm/s     r/s     w/s    rkB/s    wkB/s avgrq-sz avgqu-sz   await r_await w_await  svctm  %util
sdb               0,00     0,65    2,51  149,98    20,50   749,14    10,09     4,95   32,49   20,02   32,69   3,42  52,20
sda               0,02     0,65   17,17  149,98   142,27   749,14    10,67    15,08   90,21   26,78   97,48   5,09  85,13
md0               0,00     0,00    0,07    0,00     0,27     0,00     8,00     0,00    0,00    0,00    0,00   0,00   0,00
md1               0,00     0,00    0,00    0,00     0,00     0,00     0,00     0,00    0,00    0,00    0,00   0,00   0,00
md2               0,00     0,00   19,64  150,39   162,50   748,57    10,72     0,00    0,00    0,00    0,00   0,00   0,00
md3               0,00     0,00    0,00    0,01     0,00     0,04     5,54     0,00    0,00    0,00    0,00   0,00   0,00

Control File Changes
--- /usr/local/oldpgsql/2003-01-02-REL7_4~2136/before.controldata	2016-08-20 14:48:17.838976015 +0200
+++ /usr/local/oldpgsql/2003-01-02-REL7_4~2136/after.controldata	2016-08-20 15:04:13.454048663 +0200
@@ -4 +4 @@
-pg_control last modified:             Sat Aug 20 12:46:56 2016
+pg_control last modified:             Sat Aug 20 13:04:13 2016
@@ -6,4 +6,4 @@
-Next log file segment:                186
-Latest checkpoint location:           1/B99F76A8
-Prior checkpoint location:            1/B99F7660
-Latest checkpoint's REDO location:    1/B99F76A8
+Next log file segment:                207
+Latest checkpoint location:           1/CEB00C10
+Prior checkpoint location:            1/C915E048
+Latest checkpoint's REDO location:    1/CEB00C10
@@ -11,4 +11,4 @@
-Latest checkpoint's StartUpID:        40
-Latest checkpoint's NextXID:          629761
-Latest checkpoint's NextOID:          31642176
-Time of latest checkpoint:            Fri Aug 19 05:50:04 2016
+Latest checkpoint's StartUpID:        41
+Latest checkpoint's NextXID:          649779
+Latest checkpoint's NextOID:          31666752
+Time of latest checkpoint:            Sat Aug 20 13:03:47 2016
size after pgbench of pgbench_branches_pkey: 804
size after pgbench of pgbench_branches: 5868
size after pgbench of pgbench_tellers_pkey: 896
size after pgbench of pgbench_tellers: 4832
size after pgbench of pgbench_accounts_pkey: 658092
size after pgbench of pgbench_accounts: 1014732
size after pgbench of pgbench_history: 1288
total size after pgbench: 1686512
End Time: 2016-08-20 13:04:13+00:00
========================================================================
