creating tables...
100000 of 30000000 tuples (0%) done (elapsed 4.07 s, remaining 1215.85 s)
200000 of 30000000 tuples (0%) done (elapsed 8.48 s, remaining 1263.87 s)
300000 of 30000000 tuples (1%) done (elapsed 15.51 s, remaining 1535.36 s)
400000 of 30000000 tuples (1%) done (elapsed 21.42 s, remaining 1585.04 s)
500000 of 30000000 tuples (1%) done (elapsed 27.58 s, remaining 1627.25 s)
600000 of 30000000 tuples (2%) done (elapsed 34.57 s, remaining 1693.74 s)
700000 of 30000000 tuples (2%) done (elapsed 40.49 s, remaining 1694.65 s)
800000 of 30000000 tuples (2%) done (elapsed 45.73 s, remaining 1669.04 s)
900000 of 30000000 tuples (3%) done (elapsed 50.78 s, remaining 1641.88 s)
1000000 of 30000000 tuples (3%) done (elapsed 54.88 s, remaining 1591.64 s)
1100000 of 30000000 tuples (3%) done (elapsed 59.13 s, remaining 1553.62 s)
1200000 of 30000000 tuples (4%) done (elapsed 64.25 s, remaining 1541.92 s)
1300000 of 30000000 tuples (4%) done (elapsed 68.49 s, remaining 1511.96 s)
1400000 of 30000000 tuples (4%) done (elapsed 72.65 s, remaining 1484.11 s)
1500000 of 30000000 tuples (5%) done (elapsed 77.22 s, remaining 1467.19 s)
1600000 of 30000000 tuples (5%) done (elapsed 83.45 s, remaining 1481.25 s)
1700000 of 30000000 tuples (5%) done (elapsed 87.56 s, remaining 1457.54 s)
1800000 of 30000000 tuples (6%) done (elapsed 92.01 s, remaining 1441.47 s)
1900000 of 30000000 tuples (6%) done (elapsed 96.89 s, remaining 1433.01 s)
2000000 of 30000000 tuples (6%) done (elapsed 101.23 s, remaining 1417.24 s)
2100000 of 30000000 tuples (7%) done (elapsed 105.76 s, remaining 1405.14 s)
2200000 of 30000000 tuples (7%) done (elapsed 110.35 s, remaining 1394.43 s)
2300000 of 30000000 tuples (7%) done (elapsed 114.65 s, remaining 1380.73 s)
2400000 of 30000000 tuples (8%) done (elapsed 118.79 s, remaining 1366.11 s)
2500000 of 30000000 tuples (8%) done (elapsed 123.70 s, remaining 1360.73 s)
2600000 of 30000000 tuples (8%) done (elapsed 128.21 s, remaining 1351.09 s)
2700000 of 30000000 tuples (9%) done (elapsed 132.56 s, remaining 1340.34 s)
2800000 of 30000000 tuples (9%) done (elapsed 137.22 s, remaining 1333.03 s)
2900000 of 30000000 tuples (9%) done (elapsed 141.40 s, remaining 1321.40 s)
3000000 of 30000000 tuples (10%) done (elapsed 145.65 s, remaining 1310.87 s)
3100000 of 30000000 tuples (10%) done (elapsed 150.60 s, remaining 1306.86 s)
3200000 of 30000000 tuples (10%) done (elapsed 154.86 s, remaining 1296.95 s)
3300000 of 30000000 tuples (11%) done (elapsed 159.56 s, remaining 1291.00 s)
3400000 of 30000000 tuples (11%) done (elapsed 164.11 s, remaining 1283.95 s)
3500000 of 30000000 tuples (11%) done (elapsed 168.26 s, remaining 1273.95 s)
3600000 of 30000000 tuples (12%) done (elapsed 172.80 s, remaining 1267.21 s)
3700000 of 30000000 tuples (12%) done (elapsed 177.39 s, remaining 1260.88 s)
3800000 of 30000000 tuples (12%) done (elapsed 181.55 s, remaining 1251.73 s)
3900000 of 30000000 tuples (13%) done (elapsed 185.65 s, remaining 1242.43 s)
4000000 of 30000000 tuples (13%) done (elapsed 190.09 s, remaining 1235.58 s)
4100000 of 30000000 tuples (13%) done (elapsed 195.37 s, remaining 1234.17 s)
4200000 of 30000000 tuples (14%) done (elapsed 199.65 s, remaining 1226.41 s)
4300000 of 30000000 tuples (14%) done (elapsed 203.85 s, remaining 1218.37 s)
4400000 of 30000000 tuples (14%) done (elapsed 208.53 s, remaining 1213.28 s)
4500000 of 30000000 tuples (15%) done (elapsed 213.34 s, remaining 1208.94 s)
4600000 of 30000000 tuples (15%) done (elapsed 217.54 s, remaining 1201.20 s)
4700000 of 30000000 tuples (15%) done (elapsed 222.69 s, remaining 1198.72 s)
4800000 of 30000000 tuples (16%) done (elapsed 227.12 s, remaining 1192.39 s)
4900000 of 30000000 tuples (16%) done (elapsed 231.56 s, remaining 1186.18 s)
5000000 of 30000000 tuples (16%) done (elapsed 236.55 s, remaining 1182.74 s)
5100000 of 30000000 tuples (17%) done (elapsed 240.84 s, remaining 1175.88 s)
5200000 of 30000000 tuples (17%) done (elapsed 245.12 s, remaining 1169.05 s)
5300000 of 30000000 tuples (17%) done (elapsed 250.06 s, remaining 1165.37 s)
5400000 of 30000000 tuples (18%) done (elapsed 254.49 s, remaining 1159.33 s)
5500000 of 30000000 tuples (18%) done (elapsed 259.44 s, remaining 1155.67 s)
5600000 of 30000000 tuples (18%) done (elapsed 264.76 s, remaining 1153.61 s)
5700000 of 30000000 tuples (19%) done (elapsed 268.94 s, remaining 1146.51 s)
5800000 of 30000000 tuples (19%) done (elapsed 273.21 s, remaining 1139.95 s)
5900000 of 30000000 tuples (19%) done (elapsed 277.94 s, remaining 1135.33 s)
6000000 of 30000000 tuples (20%) done (elapsed 282.68 s, remaining 1130.74 s)
6100000 of 30000000 tuples (20%) done (elapsed 287.39 s, remaining 1126.01 s)
6200000 of 30000000 tuples (20%) done (elapsed 291.62 s, remaining 1119.43 s)
6300000 of 30000000 tuples (21%) done (elapsed 296.35 s, remaining 1114.84 s)
6400000 of 30000000 tuples (21%) done (elapsed 300.74 s, remaining 1108.99 s)
6500000 of 30000000 tuples (21%) done (elapsed 305.34 s, remaining 1103.91 s)
6600000 of 30000000 tuples (22%) done (elapsed 310.22 s, remaining 1099.88 s)
6700000 of 30000000 tuples (22%) done (elapsed 314.77 s, remaining 1094.63 s)
6800000 of 30000000 tuples (22%) done (elapsed 319.09 s, remaining 1088.65 s)
6900000 of 30000000 tuples (23%) done (elapsed 323.69 s, remaining 1083.66 s)
7000000 of 30000000 tuples (23%) done (elapsed 328.16 s, remaining 1078.26 s)
7100000 of 30000000 tuples (23%) done (elapsed 333.04 s, remaining 1074.17 s)
7200000 of 30000000 tuples (24%) done (elapsed 338.14 s, remaining 1070.79 s)
7300000 of 30000000 tuples (24%) done (elapsed 342.42 s, remaining 1064.80 s)
7400000 of 30000000 tuples (24%) done (elapsed 347.17 s, remaining 1060.28 s)
7500000 of 30000000 tuples (25%) done (elapsed 352.13 s, remaining 1056.40 s)
7600000 of 30000000 tuples (25%) done (elapsed 356.50 s, remaining 1050.73 s)
7700000 of 30000000 tuples (25%) done (elapsed 361.26 s, remaining 1046.24 s)
7800000 of 30000000 tuples (26%) done (elapsed 367.32 s, remaining 1045.45 s)
7900000 of 30000000 tuples (26%) done (elapsed 372.55 s, remaining 1042.19 s)
8000000 of 30000000 tuples (26%) done (elapsed 376.89 s, remaining 1036.46 s)
8100000 of 30000000 tuples (27%) done (elapsed 382.33 s, remaining 1033.71 s)
8200000 of 30000000 tuples (27%) done (elapsed 386.58 s, remaining 1027.75 s)
8300000 of 30000000 tuples (27%) done (elapsed 390.99 s, remaining 1022.23 s)
8400000 of 30000000 tuples (28%) done (elapsed 396.53 s, remaining 1019.64 s)
8500000 of 30000000 tuples (28%) done (elapsed 400.72 s, remaining 1013.57 s)
8600000 of 30000000 tuples (28%) done (elapsed 405.05 s, remaining 1007.92 s)
8700000 of 30000000 tuples (29%) done (elapsed 409.40 s, remaining 1002.32 s)
8800000 of 30000000 tuples (29%) done (elapsed 414.40 s, remaining 998.33 s)
8900000 of 30000000 tuples (29%) done (elapsed 419.02 s, remaining 993.40 s)
9000000 of 30000000 tuples (30%) done (elapsed 423.58 s, remaining 988.35 s)
9100000 of 30000000 tuples (30%) done (elapsed 428.18 s, remaining 983.40 s)
9200000 of 30000000 tuples (30%) done (elapsed 432.68 s, remaining 978.24 s)
9300000 of 30000000 tuples (31%) done (elapsed 437.06 s, remaining 972.82 s)
9400000 of 30000000 tuples (31%) done (elapsed 442.06 s, remaining 968.78 s)
9500000 of 30000000 tuples (31%) done (elapsed 446.30 s, remaining 963.07 s)
9600000 of 30000000 tuples (32%) done (elapsed 450.79 s, remaining 957.92 s)
9700000 of 30000000 tuples (32%) done (elapsed 455.84 s, remaining 953.97 s)
9800000 of 30000000 tuples (32%) done (elapsed 460.12 s, remaining 948.40 s)
9900000 of 30000000 tuples (33%) done (elapsed 464.80 s, remaining 943.69 s)
10000000 of 30000000 tuples (33%) done (elapsed 469.53 s, remaining 939.06 s)
10100000 of 30000000 tuples (33%) done (elapsed 473.75 s, remaining 933.42 s)
10200000 of 30000000 tuples (34%) done (elapsed 478.28 s, remaining 928.42 s)
10300000 of 30000000 tuples (34%) done (elapsed 482.95 s, remaining 923.71 s)
10400000 of 30000000 tuples (34%) done (elapsed 487.43 s, remaining 918.62 s)
10500000 of 30000000 tuples (35%) done (elapsed 491.80 s, remaining 913.35 s)
10600000 of 30000000 tuples (35%) done (elapsed 496.76 s, remaining 909.16 s)
10700000 of 30000000 tuples (35%) done (elapsed 501.07 s, remaining 903.80 s)
10800000 of 30000000 tuples (36%) done (elapsed 505.15 s, remaining 898.05 s)
10900000 of 30000000 tuples (36%) done (elapsed 510.27 s, remaining 894.14 s)
11000000 of 30000000 tuples (36%) done (elapsed 514.61 s, remaining 888.88 s)
11100000 of 30000000 tuples (37%) done (elapsed 519.30 s, remaining 884.21 s)
11200000 of 30000000 tuples (37%) done (elapsed 523.45 s, remaining 878.65 s)
11300000 of 30000000 tuples (37%) done (elapsed 528.58 s, remaining 874.73 s)
11400000 of 30000000 tuples (38%) done (elapsed 532.95 s, remaining 869.55 s)
11500000 of 30000000 tuples (38%) done (elapsed 537.33 s, remaining 864.39 s)
11600000 of 30000000 tuples (38%) done (elapsed 542.11 s, remaining 859.90 s)
11700000 of 30000000 tuples (39%) done (elapsed 546.71 s, remaining 855.12 s)
11800000 of 30000000 tuples (39%) done (elapsed 551.04 s, remaining 849.91 s)
11900000 of 30000000 tuples (39%) done (elapsed 555.95 s, remaining 845.61 s)
12000000 of 30000000 tuples (40%) done (elapsed 560.19 s, remaining 840.29 s)
12100000 of 30000000 tuples (40%) done (elapsed 564.63 s, remaining 835.27 s)
12200000 of 30000000 tuples (40%) done (elapsed 569.54 s, remaining 830.97 s)
12300000 of 30000000 tuples (41%) done (elapsed 574.04 s, remaining 826.06 s)
12400000 of 30000000 tuples (41%) done (elapsed 578.77 s, remaining 821.47 s)
12500000 of 30000000 tuples (41%) done (elapsed 583.70 s, remaining 817.17 s)
12600000 of 30000000 tuples (42%) done (elapsed 587.86 s, remaining 811.80 s)
12700000 of 30000000 tuples (42%) done (elapsed 592.31 s, remaining 806.85 s)
12800000 of 30000000 tuples (42%) done (elapsed 597.06 s, remaining 802.30 s)
12900000 of 30000000 tuples (43%) done (elapsed 601.56 s, remaining 797.42 s)
13000000 of 30000000 tuples (43%) done (elapsed 605.96 s, remaining 792.40 s)
13100000 of 30000000 tuples (43%) done (elapsed 611.44 s, remaining 788.81 s)
13200000 of 30000000 tuples (44%) done (elapsed 615.78 s, remaining 783.72 s)
13300000 of 30000000 tuples (44%) done (elapsed 620.21 s, remaining 778.76 s)
13400000 of 30000000 tuples (44%) done (elapsed 624.25 s, remaining 773.33 s)
13500000 of 30000000 tuples (45%) done (elapsed 629.17 s, remaining 768.99 s)
13600000 of 30000000 tuples (45%) done (elapsed 633.30 s, remaining 763.69 s)
13700000 of 30000000 tuples (45%) done (elapsed 637.99 s, remaining 759.07 s)
13800000 of 30000000 tuples (46%) done (elapsed 642.78 s, remaining 754.57 s)
13900000 of 30000000 tuples (46%) done (elapsed 647.15 s, remaining 749.57 s)
14000000 of 30000000 tuples (46%) done (elapsed 651.35 s, remaining 744.40 s)
14100000 of 30000000 tuples (47%) done (elapsed 656.55 s, remaining 740.37 s)
14200000 of 30000000 tuples (47%) done (elapsed 660.65 s, remaining 735.09 s)
14300000 of 30000000 tuples (47%) done (elapsed 665.21 s, remaining 730.34 s)
14400000 of 30000000 tuples (48%) done (elapsed 670.03 s, remaining 725.87 s)
14500000 of 30000000 tuples (48%) done (elapsed 674.63 s, remaining 721.15 s)
14600000 of 30000000 tuples (48%) done (elapsed 679.06 s, remaining 716.26 s)
14700000 of 30000000 tuples (49%) done (elapsed 684.03 s, remaining 711.95 s)
14800000 of 30000000 tuples (49%) done (elapsed 688.26 s, remaining 706.86 s)
14900000 of 30000000 tuples (49%) done (elapsed 692.64 s, remaining 701.94 s)
15000000 of 30000000 tuples (50%) done (elapsed 697.41 s, remaining 697.41 s)
15100000 of 30000000 tuples (50%) done (elapsed 702.18 s, remaining 692.88 s)
15200000 of 30000000 tuples (50%) done (elapsed 706.38 s, remaining 687.79 s)
15300000 of 30000000 tuples (51%) done (elapsed 711.79 s, remaining 683.88 s)
15400000 of 30000000 tuples (51%) done (elapsed 716.26 s, remaining 679.05 s)
15500000 of 30000000 tuples (51%) done (elapsed 720.72 s, remaining 674.22 s)
15600000 of 30000000 tuples (52%) done (elapsed 725.43 s, remaining 669.63 s)
15700000 of 30000000 tuples (52%) done (elapsed 730.12 s, remaining 665.01 s)
15800000 of 30000000 tuples (52%) done (elapsed 734.32 s, remaining 659.96 s)
15900000 of 30000000 tuples (53%) done (elapsed 739.17 s, remaining 655.49 s)
16000000 of 30000000 tuples (53%) done (elapsed 744.29 s, remaining 651.25 s)
16100000 of 30000000 tuples (53%) done (elapsed 748.94 s, remaining 646.60 s)
16200000 of 30000000 tuples (54%) done (elapsed 753.11 s, remaining 641.54 s)
16300000 of 30000000 tuples (54%) done (elapsed 758.48 s, remaining 637.49 s)
16400000 of 30000000 tuples (54%) done (elapsed 762.89 s, remaining 632.64 s)
16500000 of 30000000 tuples (55%) done (elapsed 767.67 s, remaining 628.09 s)
16600000 of 30000000 tuples (55%) done (elapsed 773.01 s, remaining 623.99 s)
16700000 of 30000000 tuples (55%) done (elapsed 777.44 s, remaining 619.16 s)
16800000 of 30000000 tuples (56%) done (elapsed 781.98 s, remaining 614.41 s)
16900000 of 30000000 tuples (56%) done (elapsed 787.19 s, remaining 610.19 s)
17000000 of 30000000 tuples (56%) done (elapsed 791.37 s, remaining 605.16 s)
17100000 of 30000000 tuples (57%) done (elapsed 795.81 s, remaining 600.35 s)
17200000 of 30000000 tuples (57%) done (elapsed 800.69 s, remaining 595.86 s)
17300000 of 30000000 tuples (57%) done (elapsed 805.09 s, remaining 591.02 s)
17400000 of 30000000 tuples (58%) done (elapsed 809.70 s, remaining 586.34 s)
17500000 of 30000000 tuples (58%) done (elapsed 814.43 s, remaining 581.74 s)
17600000 of 30000000 tuples (58%) done (elapsed 818.95 s, remaining 576.99 s)
17700000 of 30000000 tuples (59%) done (elapsed 823.03 s, remaining 571.94 s)
17800000 of 30000000 tuples (59%) done (elapsed 828.02 s, remaining 567.52 s)
17900000 of 30000000 tuples (59%) done (elapsed 832.28 s, remaining 562.60 s)
18000000 of 30000000 tuples (60%) done (elapsed 836.79 s, remaining 557.86 s)
18100000 of 30000000 tuples (60%) done (elapsed 840.82 s, remaining 552.80 s)
18200000 of 30000000 tuples (60%) done (elapsed 845.77 s, remaining 548.36 s)
18300000 of 30000000 tuples (61%) done (elapsed 850.18 s, remaining 543.56 s)
18400000 of 30000000 tuples (61%) done (elapsed 854.63 s, remaining 538.79 s)
18500000 of 30000000 tuples (61%) done (elapsed 859.42 s, remaining 534.24 s)
18600000 of 30000000 tuples (62%) done (elapsed 864.21 s, remaining 529.67 s)
18700000 of 30000000 tuples (62%) done (elapsed 868.36 s, remaining 524.73 s)
18800000 of 30000000 tuples (62%) done (elapsed 873.47 s, remaining 520.36 s)
18900000 of 30000000 tuples (63%) done (elapsed 877.67 s, remaining 515.46 s)
19000000 of 30000000 tuples (63%) done (elapsed 882.15 s, remaining 510.72 s)
19100000 of 30000000 tuples (63%) done (elapsed 886.78 s, remaining 506.07 s)
19200000 of 30000000 tuples (64%) done (elapsed 891.44 s, remaining 501.43 s)
19300000 of 30000000 tuples (64%) done (elapsed 896.40 s, remaining 496.97 s)
19400000 of 30000000 tuples (64%) done (elapsed 901.33 s, remaining 492.48 s)
19500000 of 30000000 tuples (65%) done (elapsed 905.53 s, remaining 487.59 s)
19600000 of 30000000 tuples (65%) done (elapsed 910.09 s, remaining 482.91 s)
19700000 of 30000000 tuples (65%) done (elapsed 914.96 s, remaining 478.38 s)
19800000 of 30000000 tuples (66%) done (elapsed 919.48 s, remaining 473.67 s)
19900000 of 30000000 tuples (66%) done (elapsed 923.69 s, remaining 468.81 s)
20000000 of 30000000 tuples (66%) done (elapsed 928.85 s, remaining 464.43 s)
20100000 of 30000000 tuples (67%) done (elapsed 933.18 s, remaining 459.63 s)
20200000 of 30000000 tuples (67%) done (elapsed 937.55 s, remaining 454.85 s)
20300000 of 30000000 tuples (67%) done (elapsed 941.66 s, remaining 449.96 s)
20400000 of 30000000 tuples (68%) done (elapsed 946.70 s, remaining 445.51 s)
20500000 of 30000000 tuples (68%) done (elapsed 951.02 s, remaining 440.71 s)
20600000 of 30000000 tuples (68%) done (elapsed 955.60 s, remaining 436.05 s)
20700000 of 30000000 tuples (69%) done (elapsed 960.29 s, remaining 431.44 s)
20800000 of 30000000 tuples (69%) done (elapsed 964.95 s, remaining 426.81 s)
20900000 of 30000000 tuples (69%) done (elapsed 969.48 s, remaining 422.12 s)
21000000 of 30000000 tuples (70%) done (elapsed 974.28 s, remaining 417.55 s)
21100000 of 30000000 tuples (70%) done (elapsed 978.82 s, remaining 412.87 s)
21200000 of 30000000 tuples (70%) done (elapsed 983.52 s, remaining 408.25 s)
21300000 of 30000000 tuples (71%) done (elapsed 988.10 s, remaining 403.59 s)
21400000 of 30000000 tuples (71%) done (elapsed 993.10 s, remaining 399.10 s)
21500000 of 30000000 tuples (71%) done (elapsed 997.44 s, remaining 394.34 s)
21600000 of 30000000 tuples (72%) done (elapsed 1002.27 s, remaining 389.77 s)
21700000 of 30000000 tuples (72%) done (elapsed 1006.48 s, remaining 384.97 s)
21800000 of 30000000 tuples (72%) done (elapsed 1010.96 s, remaining 380.27 s)
21900000 of 30000000 tuples (73%) done (elapsed 1015.79 s, remaining 375.70 s)
22000000 of 30000000 tuples (73%) done (elapsed 1020.33 s, remaining 371.03 s)
22100000 of 30000000 tuples (73%) done (elapsed 1024.88 s, remaining 366.36 s)
22200000 of 30000000 tuples (74%) done (elapsed 1029.84 s, remaining 361.84 s)
22300000 of 30000000 tuples (74%) done (elapsed 1033.94 s, remaining 357.01 s)
22400000 of 30000000 tuples (74%) done (elapsed 1038.57 s, remaining 352.37 s)
22500000 of 30000000 tuples (75%) done (elapsed 1043.39 s, remaining 347.80 s)
22600000 of 30000000 tuples (75%) done (elapsed 1047.87 s, remaining 343.11 s)
22700000 of 30000000 tuples (75%) done (elapsed 1051.89 s, remaining 338.27 s)
22800000 of 30000000 tuples (76%) done (elapsed 1057.12 s, remaining 333.83 s)
22900000 of 30000000 tuples (76%) done (elapsed 1062.01 s, remaining 329.27 s)
23000000 of 30000000 tuples (76%) done (elapsed 1066.97 s, remaining 324.73 s)
23100000 of 30000000 tuples (77%) done (elapsed 1071.24 s, remaining 319.98 s)
23200000 of 30000000 tuples (77%) done (elapsed 1076.14 s, remaining 315.42 s)
23300000 of 30000000 tuples (77%) done (elapsed 1080.75 s, remaining 310.77 s)
23400000 of 30000000 tuples (78%) done (elapsed 1085.17 s, remaining 306.07 s)
23500000 of 30000000 tuples (78%) done (elapsed 1090.28 s, remaining 301.57 s)
23600000 of 30000000 tuples (78%) done (elapsed 1094.68 s, remaining 296.86 s)
23700000 of 30000000 tuples (79%) done (elapsed 1099.51 s, remaining 292.27 s)
23800000 of 30000000 tuples (79%) done (elapsed 1104.35 s, remaining 287.69 s)
23900000 of 30000000 tuples (79%) done (elapsed 1108.86 s, remaining 283.01 s)
24000000 of 30000000 tuples (80%) done (elapsed 1112.92 s, remaining 278.23 s)
24100000 of 30000000 tuples (80%) done (elapsed 1117.98 s, remaining 273.70 s)
24200000 of 30000000 tuples (80%) done (elapsed 1122.24 s, remaining 268.97 s)
24300000 of 30000000 tuples (81%) done (elapsed 1126.95 s, remaining 264.35 s)
24400000 of 30000000 tuples (81%) done (elapsed 1131.83 s, remaining 259.76 s)
24500000 of 30000000 tuples (81%) done (elapsed 1136.46 s, remaining 255.12 s)
24600000 of 30000000 tuples (82%) done (elapsed 1140.76 s, remaining 250.41 s)
24700000 of 30000000 tuples (82%) done (elapsed 1146.40 s, remaining 245.99 s)
24800000 of 30000000 tuples (82%) done (elapsed 1150.89 s, remaining 241.32 s)
24900000 of 30000000 tuples (83%) done (elapsed 1155.99 s, remaining 236.77 s)
25000000 of 30000000 tuples (83%) done (elapsed 1160.53 s, remaining 232.11 s)
25100000 of 30000000 tuples (83%) done (elapsed 1165.66 s, remaining 227.56 s)
25200000 of 30000000 tuples (84%) done (elapsed 1169.91 s, remaining 222.84 s)
25300000 of 30000000 tuples (84%) done (elapsed 1174.81 s, remaining 218.24 s)
25400000 of 30000000 tuples (84%) done (elapsed 1179.89 s, remaining 213.68 s)
25500000 of 30000000 tuples (85%) done (elapsed 1184.74 s, remaining 209.07 s)
25600000 of 30000000 tuples (85%) done (elapsed 1189.06 s, remaining 204.37 s)
25700000 of 30000000 tuples (85%) done (elapsed 1194.13 s, remaining 199.80 s)
25800000 of 30000000 tuples (86%) done (elapsed 1198.61 s, remaining 195.12 s)
25900000 of 30000000 tuples (86%) done (elapsed 1203.47 s, remaining 190.51 s)
26000000 of 30000000 tuples (86%) done (elapsed 1207.99 s, remaining 185.85 s)
26100000 of 30000000 tuples (87%) done (elapsed 1212.52 s, remaining 181.18 s)
26200000 of 30000000 tuples (87%) done (elapsed 1217.35 s, remaining 176.56 s)
26300000 of 30000000 tuples (87%) done (elapsed 1222.61 s, remaining 172.00 s)
26400000 of 30000000 tuples (88%) done (elapsed 1227.15 s, remaining 167.34 s)
26500000 of 30000000 tuples (88%) done (elapsed 1231.76 s, remaining 162.69 s)
26600000 of 30000000 tuples (88%) done (elapsed 1236.54 s, remaining 158.05 s)
26700000 of 30000000 tuples (89%) done (elapsed 1241.25 s, remaining 153.41 s)
26800000 of 30000000 tuples (89%) done (elapsed 1245.55 s, remaining 148.72 s)
26900000 of 30000000 tuples (89%) done (elapsed 1250.82 s, remaining 144.15 s)
27000000 of 30000000 tuples (90%) done (elapsed 1255.04 s, remaining 139.45 s)
27100000 of 30000000 tuples (90%) done (elapsed 1259.82 s, remaining 134.81 s)
27200000 of 30000000 tuples (90%) done (elapsed 1264.54 s, remaining 130.17 s)
27300000 of 30000000 tuples (91%) done (elapsed 1268.95 s, remaining 125.50 s)
27400000 of 30000000 tuples (91%) done (elapsed 1273.04 s, remaining 120.80 s)
27500000 of 30000000 tuples (91%) done (elapsed 1278.37 s, remaining 116.22 s)
27600000 of 30000000 tuples (92%) done (elapsed 1283.10 s, remaining 111.57 s)
27700000 of 30000000 tuples (92%) done (elapsed 1287.74 s, remaining 106.92 s)
27800000 of 30000000 tuples (92%) done (elapsed 1291.93 s, remaining 102.24 s)
27900000 of 30000000 tuples (93%) done (elapsed 1297.16 s, remaining 97.64 s)
28000000 of 30000000 tuples (93%) done (elapsed 1301.28 s, remaining 92.95 s)
28100000 of 30000000 tuples (93%) done (elapsed 1305.86 s, remaining 88.30 s)
28200000 of 30000000 tuples (94%) done (elapsed 1310.48 s, remaining 83.65 s)
28300000 of 30000000 tuples (94%) done (elapsed 1314.87 s, remaining 78.99 s)
28400000 of 30000000 tuples (94%) done (elapsed 1319.12 s, remaining 74.32 s)
28500000 of 30000000 tuples (95%) done (elapsed 1324.46 s, remaining 69.71 s)
28600000 of 30000000 tuples (95%) done (elapsed 1328.59 s, remaining 65.04 s)
28700000 of 30000000 tuples (95%) done (elapsed 1333.25 s, remaining 60.39 s)
28800000 of 30000000 tuples (96%) done (elapsed 1338.07 s, remaining 55.75 s)
28900000 of 30000000 tuples (96%) done (elapsed 1342.72 s, remaining 51.11 s)
29000000 of 30000000 tuples (96%) done (elapsed 1347.02 s, remaining 46.45 s)
29100000 of 30000000 tuples (97%) done (elapsed 1352.12 s, remaining 41.82 s)
29200000 of 30000000 tuples (97%) done (elapsed 1356.43 s, remaining 37.16 s)
29300000 of 30000000 tuples (97%) done (elapsed 1360.91 s, remaining 32.51 s)
29400000 of 30000000 tuples (98%) done (elapsed 1365.58 s, remaining 27.87 s)
29500000 of 30000000 tuples (98%) done (elapsed 1369.98 s, remaining 23.22 s)
29600000 of 30000000 tuples (98%) done (elapsed 1374.41 s, remaining 18.57 s)
29700000 of 30000000 tuples (99%) done (elapsed 1378.51 s, remaining 13.92 s)
29800000 of 30000000 tuples (99%) done (elapsed 1383.47 s, remaining 9.29 s)
29900000 of 30000000 tuples (99%) done (elapsed 1387.58 s, remaining 4.64 s)
30000000 of 30000000 tuples (100%) done (elapsed 1392.18 s, remaining 0.00 s)
vacuum...
set primary keys...
NOTICE:  ALTER TABLE / ADD PRIMARY KEY will create implicit index "pgbench_branches_pkey" for table "pgbench_branches"
NOTICE:  ALTER TABLE / ADD PRIMARY KEY will create implicit index "pgbench_tellers_pkey" for table "pgbench_tellers"
NOTICE:  ALTER TABLE / ADD PRIMARY KEY will create implicit index "pgbench_accounts_pkey" for table "pgbench_accounts"
done.
starting vacuum...end.
transaction type: <builtin: TPC-B (sort of)>
scaling factor: 300
query mode: simple
number of clients: 32
number of threads: 4
duration: 60 s
number of transactions actually processed: 3252
latency average: 590.406 ms
tps = 50.381941 (including connections establishing)
tps = 50.383530 (excluding connections establishing)
script statistics:
 - statement latencies in milliseconds:
         0.002  \set aid random(1, 100000 * :scale)
         0.001  \set bid random(1, 1 * :scale)
         0.001  \set tid random(1, 10 * :scale)
         0.001  \set delta random(-5000, 5000)
         0.109  BEGIN;
       248.855  UPDATE pgbench_accounts SET abalance = abalance + :delta WHERE aid = :aid;
         2.749  SELECT abalance FROM pgbench_accounts WHERE aid = :aid;
       143.460  UPDATE pgbench_tellers SET tbalance = tbalance + :delta WHERE tid = :tid;
        97.020  UPDATE pgbench_branches SET bbalance = bbalance + :delta WHERE bid = :bid;
        33.902  INSERT INTO pgbench_history (tid, bid, aid, delta, mtime) VALUES (:tid, :bid, :aid, :delta, CURRENT_TIMESTAMP);
       101.041  END;
starting vacuum...end.
transaction type: <builtin: TPC-B (sort of)>
scaling factor: 300
query mode: simple
number of clients: 32
number of threads: 4
duration: 60 s
number of transactions actually processed: 2357
latency average: 814.595 ms
tps = 38.837960 (including connections establishing)
tps = 38.838905 (excluding connections establishing)
script statistics:
 - statement latencies in milliseconds:
         0.003  \set aid random(1, 100000 * :scale)
         0.001  \set bid random(1, 1 * :scale)
         0.001  \set tid random(1, 10 * :scale)
         0.001  \set delta random(-5000, 5000)
         0.118  BEGIN;
       442.648  UPDATE pgbench_accounts SET abalance = abalance + :delta WHERE aid = :aid;
         0.729  SELECT abalance FROM pgbench_accounts WHERE aid = :aid;
       134.559  UPDATE pgbench_tellers SET tbalance = tbalance + :delta WHERE tid = :tid;
        71.065  UPDATE pgbench_branches SET bbalance = bbalance + :delta WHERE bid = :bid;
        33.199  INSERT INTO pgbench_history (tid, bid, aid, delta, mtime) VALUES (:tid, :bid, :aid, :delta, CURRENT_TIMESTAMP);
       139.704  END;
starting vacuum...end.
transaction type: <builtin: TPC-B (sort of)>
scaling factor: 300
query mode: simple
number of clients: 32
number of threads: 4
duration: 900 s
number of transactions actually processed: 32696
latency average: 880.842 ms
tps = 35.721780 (including connections establishing)
tps = 35.721833 (excluding connections establishing)
script statistics:
 - statement latencies in milliseconds:
         0.002  \set aid random(1, 100000 * :scale)
         0.001  \set bid random(1, 1 * :scale)
         0.001  \set tid random(1, 10 * :scale)
         0.001  \set delta random(-5000, 5000)
         0.126  BEGIN;
       498.955  UPDATE pgbench_accounts SET abalance = abalance + :delta WHERE aid = :aid;
         0.426  SELECT abalance FROM pgbench_accounts WHERE aid = :aid;
       153.346  UPDATE pgbench_tellers SET tbalance = tbalance + :delta WHERE tid = :tid;
        76.373  UPDATE pgbench_branches SET bbalance = bbalance + :delta WHERE bid = :bid;
        29.222  INSERT INTO pgbench_history (tid, bid, aid, delta, mtime) VALUES (:tid, :bid, :aid, :delta, CURRENT_TIMESTAMP);
       136.759  END;
========================================================================
Testing 2006-10-02-REL8_2_0~332
Start Time: 2016-07-30 09:13:57+00:00
starting vacuum...Linux 3.16.0-4-amd64 (Debian-83-jessie-64-minimal) 	30.07.16 	_x86_64_	(8 CPU)

end.
transaction type: <builtin: TPC-B (sort of)>
scaling factor: 300
query mode: simple
number of clients: 32
number of threads: 4
duration: 900 s
number of transactions actually processed: 30788
latency average: 935.429 ms
tps = 34.185767 (including connections establishing)
tps = 34.185822 (excluding connections establishing)
script statistics:
 - statement latencies in milliseconds:
         0.002  \set aid random(1, 100000 * :scale)
         0.001  \set bid random(1, 1 * :scale)
         0.001  \set tid random(1, 10 * :scale)
         0.001  \set delta random(-5000, 5000)
         0.118  BEGIN;
       428.029  UPDATE pgbench_accounts SET abalance = abalance + :delta WHERE aid = :aid;
         0.452  SELECT abalance FROM pgbench_accounts WHERE aid = :aid;
       173.148  UPDATE pgbench_tellers SET tbalance = tbalance + :delta WHERE tid = :tid;
       117.051  UPDATE pgbench_branches SET bbalance = bbalance + :delta WHERE bid = :bid;
        47.419  INSERT INTO pgbench_history (tid, bid, aid, delta, mtime) VALUES (:tid, :bid, :aid, :delta, CURRENT_TIMESTAMP);
       170.173  END;
avg-cpu:  %user   %nice %system %iowait  %steal   %idle
           0,41    0,00    0,23    9,87    0,00   89,50

Device:         rrqm/s   wrqm/s     r/s     w/s    rkB/s    wkB/s avgrq-sz avgqu-sz   await r_await w_await  svctm  %util
sdb               0,01     0,86    5,40  150,61    45,63  1222,19    16,25    21,97  140,84   22,05  145,09   4,20  65,56
sda               0,04     0,85   22,89  150,61   195,96  1222,19    16,35    13,20   76,06   29,54   83,14   4,57  79,31
md0               0,00     0,00    0,09    0,00     0,38     0,00     8,00     0,00    0,00    0,00    0,00   0,00   0,00
md1               0,00     0,00    0,00    0,00     0,00     0,00     0,00     0,00    0,00    0,00    0,00   0,00   0,00
md2               0,00     0,00   28,25  150,71   241,20  1220,29    16,33     0,00    0,00    0,00    0,00   0,00   0,00
md3               0,00     0,00    0,00    0,01     0,00     0,04     8,00     0,00    0,00    0,00    0,00   0,00   0,00

End Time: 2016-07-30 09:29:27+00:00
========================================================================
========================================================================
Testing 2006-10-02-REL8_2_0~332
Start Time: 2016-08-08 13:10:37+00:00
Shared Buffers:  260000
Linux 3.16.0-4-amd64 (Debian-83-jessie-64-minimal) 	08.08.16 	_x86_64_	(8 CPU)

starting vacuum...end.
transaction type: <builtin: TPC-B (sort of)>
scaling factor: 300
query mode: simple
number of clients: 32
number of threads: 4
duration: 900 s
number of transactions actually processed: 32602
latency average: 883.381 ms
tps = 35.951885 (including connections establishing)
tps = 35.951945 (excluding connections establishing)
script statistics:
 - statement latencies in milliseconds:
         0.002  \set aid random(1, 100000 * :scale)
         0.001  \set bid random(1, 1 * :scale)
         0.001  \set tid random(1, 10 * :scale)
         0.001  \set delta random(-5000, 5000)
         0.115  BEGIN;
       418.589  UPDATE pgbench_accounts SET abalance = abalance + :delta WHERE aid = :aid;
         0.416  SELECT abalance FROM pgbench_accounts WHERE aid = :aid;
       164.627  UPDATE pgbench_tellers SET tbalance = tbalance + :delta WHERE tid = :tid;
       106.578  UPDATE pgbench_branches SET bbalance = bbalance + :delta WHERE bid = :bid;
        43.528  INSERT INTO pgbench_history (tid, bid, aid, delta, mtime) VALUES (:tid, :bid, :aid, :delta, CURRENT_TIMESTAMP);
       154.431  END;
avg-cpu:  %user   %nice %system %iowait  %steal   %idle
           0,43    0,00    0,23   10,14    0,00   89,20

Device:         rrqm/s   wrqm/s     r/s     w/s    rkB/s    wkB/s avgrq-sz avgqu-sz   await r_await w_await  svctm  %util
sdb               0,00     0,83    5,42  147,57    46,32  1204,34    16,35    18,93  118,95   19,52  122,60   4,14  63,29
sda               0,06     0,83   24,27  147,85   208,80  1206,56    16,45    15,61   90,67   30,13  100,60   4,85  83,49
md0               0,00     0,00    0,14    0,00     0,55     0,00     8,00     0,00    0,00    0,00    0,00   0,00   0,00
md1               0,00     0,00    0,00    0,00     0,00     0,00     0,00     0,00    0,00    0,00    0,00   0,00   0,00
md2               0,00     0,00   29,62  149,08   254,58  1214,34    16,44     0,00    0,00    0,00    0,00   0,00   0,00
md3               0,00     0,00    0,00    0,01     0,00     0,04     8,00     0,00    0,00    0,00    0,00   0,00   0,00

Control File Changes
--- /usr/local/oldpgsql/2006-10-02-REL8_2_0~332/before.controldata	2016-08-08 15:10:37.317658564 +0200
+++ /usr/local/oldpgsql/2006-10-02-REL8_2_0~332/after.controldata	2016-08-08 15:26:26.364161960 +0200
@@ -2,19 +2,19 @@
 Catalog version number:               200609181
 Database system identifier:           6255532572871147455
 Database cluster state:               in production
-pg_control last modified:             пн, 08-сер-2016 15:10:37 +0200
+pg_control last modified:             пн, 08-сер-2016 15:26:26 +0200
 Current log file ID:                  3
-Next log file segment:                182
-Latest checkpoint location:           3/B59D99A8
-Prior checkpoint location:            3/B59D9958
-Latest checkpoint's REDO location:    3/B59D99A8
+Next log file segment:                213
+Latest checkpoint location:           3/D4817DE0
+Prior checkpoint location:            3/D4817D90
+Latest checkpoint's REDO location:    3/D4817DE0
 Latest checkpoint's UNDO location:    0/0
 Latest checkpoint's TimeLineID:       1
-Latest checkpoint's NextXID:          0/78366
-Latest checkpoint's NextOID:          16447
+Latest checkpoint's NextXID:          0/111011
+Latest checkpoint's NextOID:          24639
 Latest checkpoint's NextMultiXactId:  1
 Latest checkpoint's NextMultiOffset:  0
-Time of latest checkpoint:            пн, 08-сер-2016 15:10:36 +0200
+Time of latest checkpoint:            пн, 08-сер-2016 15:26:24 +0200
 Minimum recovery ending location:     0/0
 Maximum data alignment:               8
 Database block size:                  8192
End Time: 2016-08-08 13:26:26+00:00
========================================================================
========================================================================
Testing 2006-10-02-REL8_2_0~332
Start Time: 2016-08-08 22:48:17+00:00
Shared Buffers:  260000
size before pgbench of pgbench_tellers: 1944
size before pgbench of pgbench_branches: 1576
size before pgbench of pgbench_accounts: 1006804
size before pgbench of pgbench_branches_pkey: 40
size before pgbench of pgbench_tellers_pkey: 160
size before pgbench of pgbench_accounts_pkey: 658092
size before pgbench of pgbench_history: 2056
total size before pgbench: 1670672
Linux 3.16.0-4-amd64 (Debian-83-jessie-64-minimal) 	09.08.16 	_x86_64_	(8 CPU)

starting vacuum...end.
transaction type: <builtin: select only>
scaling factor: 300
query mode: simple
number of clients: 32
number of threads: 4
duration: 60 s
number of transactions actually processed: 38115
latency average: 50.374 ms
tps = 634.264839 (including connections establishing)
tps = 634.280712 (excluding connections establishing)
script statistics:
 - statement latencies in milliseconds:
         0.002  \set aid random(1, 100000 * :scale)
        50.401  SELECT abalance FROM pgbench_accounts WHERE aid = :aid;
avg-cpu:  %user   %nice %system %iowait  %steal   %idle
           0,62    0,00    0,40   21,49    0,00   77,49

Device:         rrqm/s   wrqm/s     r/s     w/s    rkB/s    wkB/s avgrq-sz avgqu-sz   await r_await w_await  svctm  %util
sdb               0,03     0,67  172,20   10,02  1512,31    92,05    17,61    11,30   62,03   58,18  128,12   4,36  79,50
sda               1,09     0,67  177,97   10,02  1575,87    92,05    17,74    15,23   81,01   67,51  320,77   4,17  78,34
md0               0,00     0,00    2,40    0,00     9,60     0,00     8,00     0,00    0,00    0,00    0,00   0,00   0,00
md1               0,00     0,00    0,00    0,00     0,00     0,00     0,00     0,00    0,00    0,00    0,00   0,00   0,00
md2               0,00     0,00  348,89    9,27  3078,58    88,80    17,69     0,00    0,00    0,00    0,00   0,00   0,00
md3               0,00     0,00    0,00    0,10     0,00     0,40     8,00     0,00    0,00    0,00    0,00   0,00   0,00

Control File Changes
--- /usr/local/oldpgsql/2006-10-02-REL8_2_0~332/before.controldata	2016-08-09 00:49:53.929053305 +0200
+++ /usr/local/oldpgsql/2006-10-02-REL8_2_0~332/after.controldata	2016-08-09 00:51:24.717291201 +0200
@@ -5 +5 @@
-pg_control last modified:             Mon Aug  8 22:49:53 2016
+pg_control last modified:             Mon Aug  8 22:51:24 2016
@@ -8,3 +8,3 @@
-Latest checkpoint location:           3/D4817E80
-Prior checkpoint location:            3/D4817E30
-Latest checkpoint's REDO location:    3/D4817E80
+Latest checkpoint location:           3/D48A6260
+Prior checkpoint location:            3/D4817E80
+Latest checkpoint's REDO location:    3/D48A6260
@@ -13,2 +13,2 @@
-Latest checkpoint's NextXID:          0/111043
-Latest checkpoint's NextOID:          16448
+Latest checkpoint's NextXID:          0/149201
+Latest checkpoint's NextOID:          24640
@@ -17 +17 @@
-Time of latest checkpoint:            Mon Aug  8 22:49:53 2016
+Time of latest checkpoint:            Mon Aug  8 22:51:24 2016
size after pgbench of pgbench_tellers: 1944
size after pgbench of pgbench_branches: 1576
size after pgbench of pgbench_accounts: 1006804
size after pgbench of pgbench_branches_pkey: 40
size after pgbench of pgbench_tellers_pkey: 160
size after pgbench of pgbench_accounts_pkey: 658092
size after pgbench of pgbench_history: 0
total size after pgbench: 1668616
End Time: 2016-08-08 22:51:24+00:00
========================================================================
========================================================================
Testing 2006-10-02-REL8_2_0~332
Start Time: 2016-08-10 14:11:47+00:00
Shared Buffers:  260000
size before pgbench of pgbench_tellers: 1944
size before pgbench of pgbench_branches: 1576
size before pgbench of pgbench_accounts: 1006804
size before pgbench of pgbench_branches_pkey: 40
size before pgbench of pgbench_tellers_pkey: 160
size before pgbench of pgbench_accounts_pkey: 658092
size before pgbench of pgbench_history: 0
total size before pgbench: 1668616
Linux 3.16.0-4-amd64 (Debian-83-jessie-64-minimal) 	10.08.16 	_x86_64_	(8 CPU)

starting vacuum...end.
transaction type: <builtin: select only>
scaling factor: 300
query mode: simple
number of clients: 32
number of threads: 4
duration: 60 s
number of transactions actually processed: 42866
latency average: 44.791 ms
tps = 713.256686 (including connections establishing)
tps = 713.273254 (excluding connections establishing)
script statistics:
 - statement latencies in milliseconds:
         0.002  \set aid random(1, 100000 * :scale)
        44.802  SELECT abalance FROM pgbench_accounts WHERE aid = :aid;
avg-cpu:  %user   %nice %system %iowait  %steal   %idle
           0,73    0,00    0,46   22,34    0,00   76,48

Device:         rrqm/s   wrqm/s     r/s     w/s    rkB/s    wkB/s avgrq-sz avgqu-sz   await r_await w_await  svctm  %util
sdb               0,00     0,53  193,03    2,66  1695,73    14,96    17,48    11,27   57,57   50,87  544,55   3,44  67,34
sda               0,00     0,53  189,71    2,66  1665,64    14,96    17,47    16,83   87,50   62,95 1840,95   3,51  67,57
md0               0,00     0,00    0,00    0,00     0,00     0,00     0,00     0,00    0,00    0,00    0,00   0,00   0,00
md1               0,00     0,00    0,00    0,00     0,00     0,00     0,00     0,00    0,00    0,00    0,00   0,00   0,00
md2               0,00     0,00  382,74    2,08  3361,38    12,22    17,53     0,00    0,00    0,00    0,00   0,00   0,00
md3               0,00     0,00    0,00    0,10     0,00     0,40     8,00     0,00    0,00    0,00    0,00   0,00   0,00

Control File Changes
--- /usr/local/oldpgsql/2006-10-02-REL8_2_0~332/before.controldata	2016-08-10 16:12:29.200995507 +0200
+++ /usr/local/oldpgsql/2006-10-02-REL8_2_0~332/after.controldata	2016-08-10 16:13:59.841383715 +0200
@@ -5 +5 @@
-pg_control last modified:             Wed Aug 10 14:12:29 2016
+pg_control last modified:             Wed Aug 10 14:13:59 2016
@@ -8,3 +8,3 @@
-Latest checkpoint location:           3/D48A6300
-Prior checkpoint location:            3/D48A62B0
-Latest checkpoint's REDO location:    3/D48A6300
+Latest checkpoint location:           3/D48AB3E0
+Prior checkpoint location:            3/D48A6300
+Latest checkpoint's REDO location:    3/D48AB3E0
@@ -13,2 +13,2 @@
-Latest checkpoint's NextXID:          0/149235
-Latest checkpoint's NextOID:          16449
+Latest checkpoint's NextXID:          0/192144
+Latest checkpoint's NextOID:          24641
@@ -17 +17 @@
-Time of latest checkpoint:            Wed Aug 10 14:12:28 2016
+Time of latest checkpoint:            Wed Aug 10 14:13:59 2016
size after pgbench of pgbench_tellers: 1944
size after pgbench of pgbench_branches: 1576
size after pgbench of pgbench_accounts: 1006804
size after pgbench of pgbench_branches_pkey: 40
size after pgbench of pgbench_tellers_pkey: 160
size after pgbench of pgbench_accounts_pkey: 658092
size after pgbench of pgbench_history: 0
total size after pgbench: 1668616
End Time: 2016-08-10 14:13:59+00:00
========================================================================
========================================================================
Testing 2006-10-02-REL8_2_0~332
Start Time: 2016-08-11 04:51:48+00:00
Shared Buffers:  260000
size before pgbench of pgbench_tellers: 1944
size before pgbench of pgbench_branches: 1576
size before pgbench of pgbench_accounts: 1006804
size before pgbench of pgbench_branches_pkey: 40
size before pgbench of pgbench_tellers_pkey: 160
size before pgbench of pgbench_accounts_pkey: 658092
size before pgbench of pgbench_history: 0
total size before pgbench: 1668616
Linux 3.16.0-4-amd64 (Debian-83-jessie-64-minimal) 	11.08.16 	_x86_64_	(8 CPU)

starting vacuum...end.
transaction type: <builtin: select only>
scaling factor: 300
query mode: simple
number of clients: 32
number of threads: 4
duration: 60 s
number of transactions actually processed: 42807
latency average: 44.852 ms
tps = 711.865778 (including connections establishing)
tps = 711.885514 (excluding connections establishing)
script statistics:
 - statement latencies in milliseconds:
         0.002  \set aid random(1, 100000 * :scale)
        44.868  SELECT abalance FROM pgbench_accounts WHERE aid = :aid;
avg-cpu:  %user   %nice %system %iowait  %steal   %idle
           0,72    0,00    0,47   21,31    0,00   77,50

Device:         rrqm/s   wrqm/s     r/s     w/s    rkB/s    wkB/s avgrq-sz avgqu-sz   await r_await w_await  svctm  %util
sdb               0,00     0,43  191,10    2,21  1700,27    11,38    17,71    14,91   77,15   52,76 2185,09   3,48  67,31
sda               0,00     0,43  190,19    2,21  1676,62    11,38    17,55    14,20   73,79   61,82 1103,84   3,50  67,40
md0               0,00     0,00    0,00    0,00     0,00     0,00     0,00     0,00    0,00    0,00    0,00   0,00   0,00
md1               0,00     0,00    0,00    0,00     0,00     0,00     0,00     0,00    0,00    0,00    0,00   0,00   0,00
md2               0,00     0,00  381,29    1,56  3376,62     8,76    17,69     0,00    0,00    0,00    0,00   0,00   0,00
md3               0,00     0,00    0,00    0,10     0,00     0,40     8,00     0,00    0,00    0,00    0,00   0,00   0,00

Control File Changes
--- /usr/local/oldpgsql/2006-10-02-REL8_2_0~332/before.controldata	2016-08-11 06:52:29.397290633 +0200
+++ /usr/local/oldpgsql/2006-10-02-REL8_2_0~332/after.controldata	2016-08-11 06:54:00.061219576 +0200
@@ -5 +5 @@
-pg_control last modified:             Thu Aug 11 04:52:29 2016
+pg_control last modified:             Thu Aug 11 04:53:59 2016
@@ -8,3 +8,3 @@
-Latest checkpoint location:           3/D48AB480
-Prior checkpoint location:            3/D48AB430
-Latest checkpoint's REDO location:    3/D48AB480
+Latest checkpoint location:           3/D48B06B8
+Prior checkpoint location:            3/D48AB480
+Latest checkpoint's REDO location:    3/D48B06B8
@@ -13,2 +13,2 @@
-Latest checkpoint's NextXID:          0/192178
-Latest checkpoint's NextOID:          16450
+Latest checkpoint's NextXID:          0/235028
+Latest checkpoint's NextOID:          24642
@@ -17 +17 @@
-Time of latest checkpoint:            Thu Aug 11 04:52:28 2016
+Time of latest checkpoint:            Thu Aug 11 04:53:59 2016
size after pgbench of pgbench_tellers: 1944
size after pgbench of pgbench_branches: 1576
size after pgbench of pgbench_accounts: 1006804
size after pgbench of pgbench_branches_pkey: 40
size after pgbench of pgbench_tellers_pkey: 160
size after pgbench of pgbench_accounts_pkey: 658092
size after pgbench of pgbench_history: 0
total size after pgbench: 1668616
End Time: 2016-08-11 04:54:00+00:00
========================================================================
========================================================================
Testing 2006-10-02-REL8_2_0~332
Start Time: 2016-08-11 22:14:06+00:00
Shared Buffers:  260000
size before pgbench of pgbench_tellers: 1944
size before pgbench of pgbench_branches: 1576
size before pgbench of pgbench_accounts: 1006804
size before pgbench of pgbench_branches_pkey: 40
size before pgbench of pgbench_tellers_pkey: 160
size before pgbench of pgbench_accounts_pkey: 658092
size before pgbench of pgbench_history: 0
total size before pgbench: 1668616
Linux 3.16.0-4-amd64 (Debian-83-jessie-64-minimal) 	12.08.16 	_x86_64_	(8 CPU)

starting vacuum...end.
transaction type: <builtin: select only>
scaling factor: 300
query mode: simple
number of clients: 32
number of threads: 4
duration: 60 s
number of transactions actually processed: 41443
latency average: 46.329 ms
tps = 689.371473 (including connections establishing)
tps = 689.387887 (excluding connections establishing)
script statistics:
 - statement latencies in milliseconds:
         0.002  \set aid random(1, 100000 * :scale)
        46.361  SELECT abalance FROM pgbench_accounts WHERE aid = :aid;
avg-cpu:  %user   %nice %system %iowait  %steal   %idle
           0,70    0,00    0,44   20,96    0,00   77,89

Device:         rrqm/s   wrqm/s     r/s     w/s    rkB/s    wkB/s avgrq-sz avgqu-sz   await r_await w_await  svctm  %util
sdb               0,19     0,78  187,33    2,66  1656,44    13,94    17,58    10,73   56,46   51,86  381,17   3,55  67,44
sda               2,29     0,79  188,14    2,64  1659,33    13,94    17,54    16,19   84,87   65,84 1438,52   3,56  67,95
md0               0,00     0,00    4,83    0,00    19,33     0,00     8,00     0,00    0,00    0,00    0,00   0,00   0,00
md1               0,00     0,00    0,00    0,00     0,00     0,00     0,00     0,00    0,00    0,00    0,00   0,00   0,00
md2               0,00     0,00  373,12    2,11  3296,44    10,84    17,63     0,00    0,00    0,00    0,00   0,00   0,00
md3               0,00     0,00    0,00    0,10     0,00     0,40     8,00     0,00    0,00    0,00    0,00   0,00   0,00

Control File Changes
--- /usr/local/oldpgsql/2006-10-02-REL8_2_0~332/before.controldata	2016-08-12 00:14:48.629216975 +0200
+++ /usr/local/oldpgsql/2006-10-02-REL8_2_0~332/after.controldata	2016-08-12 00:16:19.369414742 +0200
@@ -5 +5 @@
-pg_control last modified:             Thu Aug 11 22:14:48 2016
+pg_control last modified:             Thu Aug 11 22:16:19 2016
@@ -8,3 +8,3 @@
-Latest checkpoint location:           3/D48B0758
-Prior checkpoint location:            3/D48B0708
-Latest checkpoint's REDO location:    3/D48B0758
+Latest checkpoint location:           3/D48B5A70
+Prior checkpoint location:            3/D48B0758
+Latest checkpoint's REDO location:    3/D48B5A70
@@ -13,2 +13,2 @@
-Latest checkpoint's NextXID:          0/235062
-Latest checkpoint's NextOID:          16451
+Latest checkpoint's NextXID:          0/276548
+Latest checkpoint's NextOID:          24643
@@ -17 +17 @@
-Time of latest checkpoint:            Thu Aug 11 22:14:48 2016
+Time of latest checkpoint:            Thu Aug 11 22:16:18 2016
size after pgbench of pgbench_tellers: 1944
size after pgbench of pgbench_branches: 1576
size after pgbench of pgbench_accounts: 1006804
size after pgbench of pgbench_branches_pkey: 40
size after pgbench of pgbench_tellers_pkey: 160
size after pgbench of pgbench_accounts_pkey: 658092
size after pgbench of pgbench_history: 0
total size after pgbench: 1668616
End Time: 2016-08-11 22:16:19+00:00
========================================================================
========================================================================
Testing 2006-10-02-REL8_2_0~332
Start Time: 2016-08-12 05:10:30+00:00
Shared Buffers:  260000
size before pgbench of pgbench_tellers: 1944
size before pgbench of pgbench_branches: 1576
size before pgbench of pgbench_accounts: 1006804
size before pgbench of pgbench_branches_pkey: 40
size before pgbench of pgbench_tellers_pkey: 160
size before pgbench of pgbench_accounts_pkey: 658092
size before pgbench of pgbench_history: 0
total size before pgbench: 1668616
Linux 3.16.0-4-amd64 (Debian-83-jessie-64-minimal) 	12.08.16 	_x86_64_	(8 CPU)

starting vacuum...end.
transaction type: <builtin: select only>
scaling factor: 300
query mode: simple
number of clients: 64
number of threads: 4
duration: 60 s
number of transactions actually processed: 47538
latency average: 80.777 ms
tps = 790.987304 (including connections establishing)
tps = 791.005627 (excluding connections establishing)
script statistics:
 - statement latencies in milliseconds:
         0.002  \set aid random(1, 100000 * :scale)
        80.812  SELECT abalance FROM pgbench_accounts WHERE aid = :aid;
avg-cpu:  %user   %nice %system %iowait  %steal   %idle
           0,83    0,00    0,54   30,11    0,00   68,52

Device:         rrqm/s   wrqm/s     r/s     w/s    rkB/s    wkB/s avgrq-sz avgqu-sz   await r_await w_await  svctm  %util
sdb               0,00     0,40  203,70    2,42  1826,36    13,36    17,85    26,95  130,73   92,60 3337,43   3,26  67,28
sda               0,00     0,40  208,86    2,42  1883,16    13,36    17,95    37,41  177,06  122,03 4922,24   3,19  67,50
md0               0,00     0,00    0,07    0,00     0,27     0,00     8,00     0,00    0,00    0,00    0,00   0,00   0,00
md1               0,00     0,00    0,00    0,00     0,00     0,00     0,00     0,00    0,00    0,00    0,00   0,00   0,00
md2               0,00     0,00  412,57    1,78  3709,24    10,76    17,96     0,00    0,00    0,00    0,00   0,00   0,00
md3               0,00     0,00    0,00    0,10     0,00     0,40     8,00     0,00    0,00    0,00    0,00   0,00   0,00

Control File Changes
--- /usr/local/oldpgsql/2006-10-02-REL8_2_0~332/before.controldata	2016-08-12 07:11:11.102448458 +0200
+++ /usr/local/oldpgsql/2006-10-02-REL8_2_0~332/after.controldata	2016-08-12 07:12:41.850755760 +0200
@@ -5 +5 @@
-pg_control last modified:             Fri Aug 12 05:11:11 2016
+pg_control last modified:             Fri Aug 12 05:12:41 2016
@@ -8,3 +8,3 @@
-Latest checkpoint location:           3/D48B5B10
-Prior checkpoint location:            3/D48B5AC0
-Latest checkpoint's REDO location:    3/D48B5B10
+Latest checkpoint location:           3/D48BAFA8
+Prior checkpoint location:            3/D48B5B10
+Latest checkpoint's REDO location:    3/D48BAFA8
@@ -13,2 +13,2 @@
-Latest checkpoint's NextXID:          0/276582
-Latest checkpoint's NextOID:          16452
+Latest checkpoint's NextXID:          0/324195
+Latest checkpoint's NextOID:          24644
@@ -17 +17 @@
-Time of latest checkpoint:            Fri Aug 12 05:11:10 2016
+Time of latest checkpoint:            Fri Aug 12 05:12:41 2016
size after pgbench of pgbench_tellers: 1944
size after pgbench of pgbench_branches: 1576
size after pgbench of pgbench_accounts: 1006804
size after pgbench of pgbench_branches_pkey: 40
size after pgbench of pgbench_tellers_pkey: 160
size after pgbench of pgbench_accounts_pkey: 658092
size after pgbench of pgbench_history: 0
total size after pgbench: 1668616
End Time: 2016-08-12 05:12:41+00:00
========================================================================
========================================================================
Testing 2006-10-02-REL8_2_0~332
Start Time: 2016-08-12 19:41:42+00:00
Shared Buffers:  260000
size before pgbench of pgbench_tellers: 1944
size before pgbench of pgbench_branches: 1576
size before pgbench of pgbench_accounts: 1006804
size before pgbench of pgbench_branches_pkey: 40
size before pgbench of pgbench_tellers_pkey: 160
size before pgbench of pgbench_accounts_pkey: 658092
size before pgbench of pgbench_history: 0
total size before pgbench: 1668616
+ /usr/local/pgsql/bin/pgbench -T 60 -S -c 64 -j 4 -r
Linux 3.16.0-4-amd64 (Debian-83-jessie-64-minimal) 	12.08.16 	_x86_64_	(8 CPU)

starting vacuum...end.
transaction type: <builtin: select only>
scaling factor: 300
query mode: simple
number of clients: 64
number of threads: 4
duration: 60 s
number of transactions actually processed: 48062
latency average: 79.897 ms
tps = 799.462470 (including connections establishing)
tps = 799.483493 (excluding connections establishing)
script statistics:
 - statement latencies in milliseconds:
         0.002  \set aid random(1, 100000 * :scale)
        79.883  SELECT abalance FROM pgbench_accounts WHERE aid = :aid;
avg-cpu:  %user   %nice %system %iowait  %steal   %idle
           0,86    0,00    0,54   30,03    0,00   68,57

Device:         rrqm/s   wrqm/s     r/s     w/s    rkB/s    wkB/s avgrq-sz avgqu-sz   await r_await w_await  svctm  %util
sdb               0,00     0,47  208,38    3,19  1852,71    19,19    17,70    23,71  112,05   97,60 1055,97   3,19  67,51
sda               0,00     0,47  208,08    3,19  1860,13    19,19    17,79    29,76  140,84  113,13 1948,98   3,21  67,88
md0               0,00     0,00    0,00    0,00     0,00     0,00     0,00     0,00    0,00    0,00    0,00   0,00   0,00
md1               0,00     0,00    0,00    0,00     0,00     0,00     0,00     0,00    0,00    0,00    0,00   0,00   0,00
md2               0,00     0,00  416,51    2,59  3712,84    16,62    17,80     0,00    0,00    0,00    0,00   0,00   0,00
md3               0,00     0,00    0,00    0,10     0,00     0,40     8,00     0,00    0,00    0,00    0,00   0,00   0,00

Control File Changes
--- /usr/local/oldpgsql/2006-10-02-REL8_2_0~332/before.controldata	2016-08-12 21:42:23.723157681 +0200
+++ /usr/local/oldpgsql/2006-10-02-REL8_2_0~332/after.controldata	2016-08-12 21:43:54.303379811 +0200
@@ -5 +5 @@
-pg_control last modified:             Fri Aug 12 19:42:23 2016
+pg_control last modified:             Fri Aug 12 19:43:54 2016
@@ -8,3 +8,3 @@
-Latest checkpoint location:           3/D48BB048
-Prior checkpoint location:            3/D48BAFF8
-Latest checkpoint's REDO location:    3/D48BB048
+Latest checkpoint location:           3/D48C0620
+Prior checkpoint location:            3/D48BB048
+Latest checkpoint's REDO location:    3/D48C0620
@@ -13,2 +13,2 @@
-Latest checkpoint's NextXID:          0/324229
-Latest checkpoint's NextOID:          16453
+Latest checkpoint's NextXID:          0/372366
+Latest checkpoint's NextOID:          24645
@@ -17 +17 @@
-Time of latest checkpoint:            Fri Aug 12 19:42:23 2016
+Time of latest checkpoint:            Fri Aug 12 19:43:53 2016
size after pgbench of pgbench_tellers: 1944
size after pgbench of pgbench_branches: 1576
size after pgbench of pgbench_accounts: 1006804
size after pgbench of pgbench_branches_pkey: 40
size after pgbench of pgbench_tellers_pkey: 160
size after pgbench of pgbench_accounts_pkey: 658092
size after pgbench of pgbench_history: 0
total size after pgbench: 1668616
End Time: 2016-08-12 19:43:54+00:00
========================================================================
========================================================================
Testing 2006-10-02-REL8_2_0~332
Start Time: 2016-08-13 07:06:20+00:00
Shared Buffers:  260000
size before pgbench of pgbench_tellers: 1944
size before pgbench of pgbench_branches: 1576
size before pgbench of pgbench_accounts: 1006804
size before pgbench of pgbench_branches_pkey: 40
size before pgbench of pgbench_tellers_pkey: 160
size before pgbench of pgbench_accounts_pkey: 658092
size before pgbench of pgbench_history: 0
total size before pgbench: 1668616
Linux 3.16.0-4-amd64 (Debian-83-jessie-64-minimal) 	13.08.16 	_x86_64_	(8 CPU)

starting vacuum...end.
transaction type: <builtin: select only>
scaling factor: 300
query mode: simple
number of clients: 48
number of threads: 4
duration: 60 s
number of transactions actually processed: 46491
latency average: 61.947 ms
tps = 773.231125 (including connections establishing)
tps = 773.251024 (excluding connections establishing)
script statistics:
 - statement latencies in milliseconds:
         0.002  \set aid random(1, 100000 * :scale)
        61.983  SELECT abalance FROM pgbench_accounts WHERE aid = :aid;
avg-cpu:  %user   %nice %system %iowait  %steal   %idle
           0,80    0,00    0,52   26,84    0,00   71,84

Device:         rrqm/s   wrqm/s     r/s     w/s    rkB/s    wkB/s avgrq-sz avgqu-sz   await r_await w_await  svctm  %util
sdb               0,01     0,51  198,81    2,26  1771,91    12,31    17,75    15,07   74,92   67,92  691,80   3,34  67,18
sda               0,00     0,51  204,60    2,26  1822,44    12,31    17,74    24,67  119,28   94,96 2325,79   3,26  67,47
md0               0,00     0,00    0,00    0,00     0,00     0,00     0,00     0,00    0,00    0,00    0,00   0,00   0,00
md1               0,00     0,00    0,00    0,00     0,00     0,00     0,00     0,00    0,00    0,00    0,00   0,00   0,00
md2               0,00     0,00  403,46    1,73  3594,36     9,78    17,79     0,00    0,00    0,00    0,00   0,00   0,00
md3               0,00     0,00    0,00    0,10     0,00     0,40     8,00     0,00    0,00    0,00    0,00   0,00   0,00

Control File Changes
--- /usr/local/oldpgsql/2006-10-02-REL8_2_0~332/before.controldata	2016-08-13 09:07:02.122785222 +0200
+++ /usr/local/oldpgsql/2006-10-02-REL8_2_0~332/after.controldata	2016-08-13 09:08:32.866984331 +0200
@@ -5 +5 @@
-pg_control last modified:             Sat Aug 13 07:07:02 2016
+pg_control last modified:             Sat Aug 13 07:08:32 2016
@@ -8,3 +8,3 @@
-Latest checkpoint location:           3/D48C06C0
-Prior checkpoint location:            3/D48C0670
-Latest checkpoint's REDO location:    3/D48C06C0
+Latest checkpoint location:           3/D48C5D78
+Prior checkpoint location:            3/D48C06C0
+Latest checkpoint's REDO location:    3/D48C5D78
@@ -13,2 +13,2 @@
-Latest checkpoint's NextXID:          0/372400
-Latest checkpoint's NextOID:          16454
+Latest checkpoint's NextXID:          0/418950
+Latest checkpoint's NextOID:          24646
@@ -17 +17 @@
-Time of latest checkpoint:            Sat Aug 13 07:07:01 2016
+Time of latest checkpoint:            Sat Aug 13 07:08:32 2016
size after pgbench of pgbench_tellers: 1944
size after pgbench of pgbench_branches: 1576
size after pgbench of pgbench_accounts: 1006804
size after pgbench of pgbench_branches_pkey: 40
size after pgbench of pgbench_tellers_pkey: 160
size after pgbench of pgbench_accounts_pkey: 658092
size after pgbench of pgbench_history: 0
total size after pgbench: 1668616
End Time: 2016-08-13 07:08:32+00:00
========================================================================
========================================================================
Testing 2006-10-02-REL8_2_0~332
Start Time: 2016-08-13 13:23:32+00:00
Shared Buffers:  260000
size before pgbench of pgbench_tellers: 1944
size before pgbench of pgbench_branches: 1576
size before pgbench of pgbench_accounts: 1006804
size before pgbench of pgbench_branches_pkey: 40
size before pgbench of pgbench_tellers_pkey: 160
size before pgbench of pgbench_accounts_pkey: 658092
size before pgbench of pgbench_history: 0
total size before pgbench: 1668616
Linux 3.16.0-4-amd64 (Debian-83-jessie-64-minimal) 	13.08.16 	_x86_64_	(8 CPU)

starting vacuum...end.
transaction type: <builtin: select only>
scaling factor: 300
query mode: simple
number of clients: 48
number of threads: 4
duration: 60 s
number of transactions actually processed: 46019
latency average: 62.583 ms
tps = 765.016934 (including connections establishing)
tps = 765.034436 (excluding connections establishing)
script statistics:
 - statement latencies in milliseconds:
         0.002  \set aid random(1, 100000 * :scale)
        62.633  SELECT abalance FROM pgbench_accounts WHERE aid = :aid;
avg-cpu:  %user   %nice %system %iowait  %steal   %idle
           0,80    0,00    0,52   26,99    0,00   71,69

Device:         rrqm/s   wrqm/s     r/s     w/s    rkB/s    wkB/s avgrq-sz avgqu-sz   await r_await w_await  svctm  %util
sdb               0,01     0,53  201,66    2,93  1790,13    16,41    17,66    21,79  106,49   76,76 2150,70   3,30  67,51
sda               1,01     0,53  202,79    2,93  1808,09    16,41    17,74    23,73  115,35   87,27 2056,44   3,29  67,65
md0               0,00     0,00    1,99    0,00     7,96     0,00     8,00     0,00    0,00    0,00    0,00   0,00   0,00
md1               0,00     0,00    0,00    0,00     0,00     0,00     0,00     0,00    0,00    0,00    0,00   0,00   0,00
md2               0,00     0,00  403,56    2,36  3590,27    13,78    17,76     0,00    0,00    0,00    0,00   0,00   0,00
md3               0,00     0,00    0,00    0,10     0,00     0,40     8,00     0,00    0,00    0,00    0,00   0,00   0,00

Control File Changes
--- /usr/local/oldpgsql/2006-10-02-REL8_2_0~332/before.controldata	2016-08-13 15:24:12.743754379 +0200
+++ /usr/local/oldpgsql/2006-10-02-REL8_2_0~332/after.controldata	2016-08-13 15:25:43.487474617 +0200
@@ -5 +5 @@
-pg_control last modified:             Sat Aug 13 13:24:12 2016
+pg_control last modified:             Sat Aug 13 13:25:43 2016
@@ -8,3 +8,3 @@
-Latest checkpoint location:           3/D48C5E18
-Prior checkpoint location:            3/D48C5DC8
-Latest checkpoint's REDO location:    3/D48C5E18
+Latest checkpoint location:           3/D48CB620
+Prior checkpoint location:            3/D48C5E18
+Latest checkpoint's REDO location:    3/D48CB620
@@ -13,2 +13,2 @@
-Latest checkpoint's NextXID:          0/418984
-Latest checkpoint's NextOID:          16455
+Latest checkpoint's NextXID:          0/465062
+Latest checkpoint's NextOID:          24647
@@ -17 +17 @@
-Time of latest checkpoint:            Sat Aug 13 13:24:12 2016
+Time of latest checkpoint:            Sat Aug 13 13:25:42 2016
size after pgbench of pgbench_tellers: 1944
size after pgbench of pgbench_branches: 1576
size after pgbench of pgbench_accounts: 1006804
size after pgbench of pgbench_branches_pkey: 40
size after pgbench of pgbench_tellers_pkey: 160
size after pgbench of pgbench_accounts_pkey: 658092
size after pgbench of pgbench_history: 0
total size after pgbench: 1668616
End Time: 2016-08-13 13:25:43+00:00
========================================================================
========================================================================
Testing 2006-10-02-REL8_2_0~332
Start Time: 2016-08-14 11:29:24+00:00
Shared Buffers:  260000
size before pgbench of pgbench_tellers: 1944
size before pgbench of pgbench_branches: 1576
size before pgbench of pgbench_accounts: 1006804
size before pgbench of pgbench_branches_pkey: 40
size before pgbench of pgbench_tellers_pkey: 160
size before pgbench of pgbench_accounts_pkey: 658092
size before pgbench of pgbench_history: 0
total size before pgbench: 1668616
Linux 3.16.0-4-amd64 (Debian-83-jessie-64-minimal) 	14.08.16 	_x86_64_	(8 CPU)

starting vacuum...end.
transaction type: <builtin: TPC-B (sort of)>
scaling factor: 300
query mode: simple
number of clients: 32
number of threads: 4
duration: 900 s
number of transactions actually processed: 30656
latency average: 939.457 ms
tps = 34.049943 (including connections establishing)
tps = 34.049994 (excluding connections establishing)
script statistics:
 - statement latencies in milliseconds:
         0.003  \set aid random(1, 100000 * :scale)
         0.001  \set bid random(1, 1 * :scale)
         0.001  \set tid random(1, 10 * :scale)
         0.001  \set delta random(-5000, 5000)
         0.104  BEGIN;
       431.696  UPDATE pgbench_accounts SET abalance = abalance + :delta WHERE aid = :aid;
         0.491  SELECT abalance FROM pgbench_accounts WHERE aid = :aid;
       169.924  UPDATE pgbench_tellers SET tbalance = tbalance + :delta WHERE tid = :tid;
       120.179  UPDATE pgbench_branches SET bbalance = bbalance + :delta WHERE bid = :bid;
        49.882  INSERT INTO pgbench_history (tid, bid, aid, delta, mtime) VALUES (:tid, :bid, :aid, :delta, CURRENT_TIMESTAMP);
       167.717  END;
avg-cpu:  %user   %nice %system %iowait  %steal   %idle
           0,42    0,00    0,23    9,88    0,00   89,47

Device:         rrqm/s   wrqm/s     r/s     w/s    rkB/s    wkB/s avgrq-sz avgqu-sz   await r_await w_await  svctm  %util
sdb               0,00     0,85    4,85  142,52    41,29  1167,42    16,40    18,58  119,22   20,02  122,60   4,27  62,99
sda               0,01     0,84   23,40  142,82   200,37  1169,85    16,49    14,81   89,09   30,22   98,74   4,96  82,48
md0               0,00     0,00    0,10    0,00     0,40     0,00     8,00     0,00    0,00    0,00    0,00   0,00   0,00
md1               0,00     0,00    0,00    0,00     0,00     0,00     0,00     0,00    0,00    0,00    0,00   0,00   0,00
md2               0,00     0,00   28,17  143,24   241,23  1170,22    16,47     0,00    0,00    0,00    0,00   0,00   0,00
md3               0,00     0,00    0,00    0,01     0,00     0,04     8,00     0,00    0,00    0,00    0,00   0,00   0,00

Control File Changes
--- /usr/local/oldpgsql/2006-10-02-REL8_2_0~332/before.controldata	2016-08-14 13:30:07.659267310 +0200
+++ /usr/local/oldpgsql/2006-10-02-REL8_2_0~332/after.controldata	2016-08-14 13:45:46.089768604 +0200
@@ -5 +5 @@
-pg_control last modified:             Sun Aug 14 11:30:07 2016
+pg_control last modified:             Sun Aug 14 11:45:45 2016
@@ -7,4 +7,4 @@
-Next log file segment:                213
-Latest checkpoint location:           3/D48CB6C0
-Prior checkpoint location:            3/D48CB670
-Latest checkpoint's REDO location:    3/D48CB6C0
+Next log file segment:                242
+Latest checkpoint location:           3/F1AAE628
+Prior checkpoint location:            3/F1AAE5D8
+Latest checkpoint's REDO location:    3/F1AAE628
@@ -13,2 +13,2 @@
-Latest checkpoint's NextXID:          0/465096
-Latest checkpoint's NextOID:          16456
+Latest checkpoint's NextXID:          0/495795
+Latest checkpoint's NextOID:          24648
@@ -17 +17 @@
-Time of latest checkpoint:            Sun Aug 14 11:30:07 2016
+Time of latest checkpoint:            Sun Aug 14 11:45:45 2016
size after pgbench of pgbench_tellers: 1944
size after pgbench of pgbench_branches: 1576
size after pgbench of pgbench_accounts: 1011156
size after pgbench of pgbench_branches_pkey: 40
size after pgbench of pgbench_tellers_pkey: 160
size after pgbench of pgbench_accounts_pkey: 658092
size after pgbench of pgbench_history: 1928
total size after pgbench: 1674896
End Time: 2016-08-14 11:45:46+00:00
========================================================================
========================================================================
Testing 2006-10-02-REL8_2_0~332
Start Time: 2016-08-18 16:55:42+00:00
Shared Buffers:  260000
size before pgbench of pgbench_tellers: 1944
size before pgbench of pgbench_branches: 1576
size before pgbench of pgbench_accounts: 1011156
size before pgbench of pgbench_branches_pkey: 40
size before pgbench of pgbench_tellers_pkey: 160
size before pgbench of pgbench_accounts_pkey: 658092
size before pgbench of pgbench_history: 1928
total size before pgbench: 1674896
Linux 4.6.0-1-amd64 (Debian-83-jessie-64-minimal) 	18.08.16 	_x86_64_	(8 CPU)

starting vacuum...end.
transaction type: <builtin: TPC-B (sort of)>
scaling factor: 300
query mode: simple
number of clients: 32
number of threads: 4
duration: 900 s
number of transactions actually processed: 35434
latency average: 812.779 ms
tps = 39.359100 (including connections establishing)
tps = 39.359163 (excluding connections establishing)
script statistics:
 - statement latencies in milliseconds:
         0.002  \set aid random(1, 100000 * :scale)
         0.001  \set bid random(1, 1 * :scale)
         0.001  \set tid random(1, 10 * :scale)
         0.001  \set delta random(-5000, 5000)
         0.116  BEGIN;
       399.299  UPDATE pgbench_accounts SET abalance = abalance + :delta WHERE aid = :aid;
         0.354  SELECT abalance FROM pgbench_accounts WHERE aid = :aid;
       148.627  UPDATE pgbench_tellers SET tbalance = tbalance + :delta WHERE tid = :tid;
        88.314  UPDATE pgbench_branches SET bbalance = bbalance + :delta WHERE bid = :bid;
        37.063  INSERT INTO pgbench_history (tid, bid, aid, delta, mtime) VALUES (:tid, :bid, :aid, :delta, CURRENT_TIMESTAMP);
       139.948  END;
avg-cpu:  %user   %nice %system %iowait  %steal   %idle
           0,45    0,00    0,28   21,80    0,00   77,46

Device:         rrqm/s   wrqm/s     r/s     w/s    rkB/s    wkB/s avgrq-sz avgqu-sz   await r_await w_await  svctm  %util
sdb               0,00     3,09    6,67  156,87    57,20  1341,43    17,10    25,55  151,30   21,90  156,80   3,98  65,10
sda               0,01     3,08   25,08  157,02   216,95  1342,65    17,13    15,52   84,97   33,84   93,14   4,47  81,35
md0               0,00     0,00    0,06    0,00     0,25     0,00     8,00     0,00    0,00    0,00    0,00   0,00   0,00
md1               0,00     0,00    0,00    0,00     0,00     0,00     0,00     0,00    0,00    0,00    0,00   0,00   0,00
md2               0,00     0,00   31,71  169,22   273,91  1423,19    16,89     0,00    0,00    0,00    0,00   0,00   0,00
md3               0,00     0,00    0,00    0,01     0,00     0,04     8,00     0,00    0,00    0,00    0,00   0,00   0,00

Control File Changes
--- /usr/local/oldpgsql/2006-10-02-REL8_2_0~332/before.controldata	2016-08-18 18:57:06.303410826 +0200
+++ /usr/local/oldpgsql/2006-10-02-REL8_2_0~332/after.controldata	2016-08-18 19:12:53.069508962 +0200
@@ -5,6 +5,6 @@
-pg_control last modified:             Thu Aug 18 16:57:06 2016
-Current log file ID:                  3
-Next log file segment:                242
-Latest checkpoint location:           3/F1AAE6C8
-Prior checkpoint location:            3/F1AAE678
-Latest checkpoint's REDO location:    3/F1AAE6C8
+pg_control last modified:             Thu Aug 18 17:12:53 2016
+Current log file ID:                  4
+Next log file segment:                21
+Latest checkpoint location:           4/141C4928
+Prior checkpoint location:            4/141C48D8
+Latest checkpoint's REDO location:    4/141C4928
@@ -13,2 +13,2 @@
-Latest checkpoint's NextXID:          0/495829
-Latest checkpoint's NextOID:          16457
+Latest checkpoint's NextXID:          0/531306
+Latest checkpoint's NextOID:          24649
@@ -17 +17 @@
-Time of latest checkpoint:            Thu Aug 18 16:57:05 2016
+Time of latest checkpoint:            Thu Aug 18 17:12:51 2016
size after pgbench of pgbench_tellers: 2200
size after pgbench of pgbench_branches: 1576
size after pgbench of pgbench_accounts: 1016148
size after pgbench of pgbench_branches_pkey: 40
size after pgbench of pgbench_tellers_pkey: 160
size after pgbench of pgbench_accounts_pkey: 658092
size after pgbench of pgbench_history: 2280
total size after pgbench: 1680496
End Time: 2016-08-18 17:12:53+00:00
========================================================================
========================================================================
Testing 2006-10-02-REL8_2_0~332
Start Time: 2016-08-19 23:50:13+00:00
Shared Buffers:  260000
size before pgbench of pgbench_tellers: 2200
size before pgbench of pgbench_branches: 1576
size before pgbench of pgbench_accounts: 1016148
size before pgbench of pgbench_branches_pkey: 40
size before pgbench of pgbench_tellers_pkey: 160
size before pgbench of pgbench_accounts_pkey: 658092
size before pgbench of pgbench_history: 2280
total size before pgbench: 1680496
Linux 4.6.0-1-amd64 (Debian-83-jessie-64-minimal) 	20.08.16 	_x86_64_	(8 CPU)

starting vacuum...end.
transaction type: <builtin: TPC-B (sort of)>
scaling factor: 300
query mode: simple
number of clients: 32
number of threads: 4
duration: 900 s
number of transactions actually processed: 27840
latency average: 1034.483 ms
tps = 30.635508 (including connections establishing)
tps = 30.635556 (excluding connections establishing)
script statistics:
 - statement latencies in milliseconds:
         0.002  \set aid random(1, 100000 * :scale)
         0.001  \set bid random(1, 1 * :scale)
         0.001  \set tid random(1, 10 * :scale)
         0.001  \set delta random(-5000, 5000)
         0.122  BEGIN;
       502.389  UPDATE pgbench_accounts SET abalance = abalance + :delta WHERE aid = :aid;
         0.484  SELECT abalance FROM pgbench_accounts WHERE aid = :aid;
       194.930  UPDATE pgbench_tellers SET tbalance = tbalance + :delta WHERE tid = :tid;
       118.163  UPDATE pgbench_branches SET bbalance = bbalance + :delta WHERE bid = :bid;
        52.023  INSERT INTO pgbench_history (tid, bid, aid, delta, mtime) VALUES (:tid, :bid, :aid, :delta, CURRENT_TIMESTAMP);
       174.247  END;
avg-cpu:  %user   %nice %system %iowait  %steal   %idle
           0,37    0,00    0,24   21,21    0,00   78,19

Device:         rrqm/s   wrqm/s     r/s     w/s    rkB/s    wkB/s avgrq-sz avgqu-sz   await r_await w_await  svctm  %util
sdb               0,01     0,87    5,65  135,71    47,61  1097,50    16,20    15,46  109,39   21,75  113,04   4,41  62,30
sda               0,02     0,87   20,31  135,58   172,12  1096,28    16,27    24,01  153,99   34,33  171,91   5,32  83,00
md0               0,00     0,00    0,08    0,00     0,32     0,00     8,00     0,00    0,00    0,00    0,00   0,00   0,00
md1               0,00     0,00    0,00    0,00     0,00     0,00     0,00     0,00    0,00    0,00    0,00   0,00   0,00
md2               0,00     0,00   25,90  136,73   219,42  1100,46    16,23     0,00    0,00    0,00    0,00   0,00   0,00
md3               0,00     0,00    0,00    0,01     0,00     0,04     8,00     0,00    0,00    0,00    0,00   0,00   0,00

Control File Changes
--- /usr/local/oldpgsql/2006-10-02-REL8_2_0~332/before.controldata	2016-08-20 01:51:29.054350177 +0200
+++ /usr/local/oldpgsql/2006-10-02-REL8_2_0~332/after.controldata	2016-08-20 02:07:01.864345979 +0200
@@ -5 +5 @@
-pg_control last modified:             Fri Aug 19 23:51:29 2016
+pg_control last modified:             Sat Aug 20 00:07:01 2016
@@ -7,4 +7,4 @@
-Next log file segment:                21
-Latest checkpoint location:           4/141C49C8
-Prior checkpoint location:            4/141C4978
-Latest checkpoint's REDO location:    4/141C49C8
+Next log file segment:                47
+Latest checkpoint location:           4/2EAD8060
+Prior checkpoint location:            4/2EAD8010
+Latest checkpoint's REDO location:    4/2EAD8060
@@ -13,2 +13,2 @@
-Latest checkpoint's NextXID:          0/531340
-Latest checkpoint's NextOID:          16458
+Latest checkpoint's NextXID:          0/559223
+Latest checkpoint's NextOID:          24650
@@ -17 +17 @@
-Time of latest checkpoint:            Fri Aug 19 23:51:28 2016
+Time of latest checkpoint:            Sat Aug 20 00:07:00 2016
size after pgbench of pgbench_tellers: 2200
size after pgbench of pgbench_branches: 1576
size after pgbench of pgbench_accounts: 1020116
size after pgbench of pgbench_branches_pkey: 40
size after pgbench of pgbench_tellers_pkey: 160
size after pgbench of pgbench_accounts_pkey: 658092
size after pgbench of pgbench_history: 1800
total size after pgbench: 1683984
End Time: 2016-08-20 00:07:01+00:00
========================================================================
