creating tables...
100000 of 30000000 tuples (0%) done (elapsed 0.08 s, remaining 23.64 s)
200000 of 30000000 tuples (0%) done (elapsed 0.15 s, remaining 22.95 s)
300000 of 30000000 tuples (1%) done (elapsed 0.22 s, remaining 21.65 s)
400000 of 30000000 tuples (1%) done (elapsed 0.28 s, remaining 20.87 s)
500000 of 30000000 tuples (1%) done (elapsed 0.35 s, remaining 20.38 s)
600000 of 30000000 tuples (2%) done (elapsed 0.41 s, remaining 20.07 s)
700000 of 30000000 tuples (2%) done (elapsed 0.47 s, remaining 19.82 s)
800000 of 30000000 tuples (2%) done (elapsed 0.54 s, remaining 19.64 s)
900000 of 30000000 tuples (3%) done (elapsed 0.60 s, remaining 19.48 s)
1000000 of 30000000 tuples (3%) done (elapsed 0.67 s, remaining 19.51 s)
1100000 of 30000000 tuples (3%) done (elapsed 0.75 s, remaining 19.72 s)
1200000 of 30000000 tuples (4%) done (elapsed 0.82 s, remaining 19.67 s)
1300000 of 30000000 tuples (4%) done (elapsed 0.89 s, remaining 19.62 s)
1400000 of 30000000 tuples (4%) done (elapsed 0.96 s, remaining 19.57 s)
1500000 of 30000000 tuples (5%) done (elapsed 1.02 s, remaining 19.40 s)
1600000 of 30000000 tuples (5%) done (elapsed 1.09 s, remaining 19.35 s)
1700000 of 30000000 tuples (5%) done (elapsed 1.16 s, remaining 19.31 s)
1800000 of 30000000 tuples (6%) done (elapsed 1.23 s, remaining 19.25 s)
1900000 of 30000000 tuples (6%) done (elapsed 1.30 s, remaining 19.20 s)
2000000 of 30000000 tuples (6%) done (elapsed 1.37 s, remaining 19.15 s)
2100000 of 30000000 tuples (7%) done (elapsed 1.44 s, remaining 19.08 s)
2200000 of 30000000 tuples (7%) done (elapsed 1.51 s, remaining 19.02 s)
2300000 of 30000000 tuples (7%) done (elapsed 1.57 s, remaining 18.96 s)
2400000 of 30000000 tuples (8%) done (elapsed 1.64 s, remaining 18.90 s)
2500000 of 30000000 tuples (8%) done (elapsed 1.71 s, remaining 18.84 s)
2600000 of 30000000 tuples (8%) done (elapsed 1.78 s, remaining 18.78 s)
2700000 of 30000000 tuples (9%) done (elapsed 1.85 s, remaining 18.71 s)
2800000 of 30000000 tuples (9%) done (elapsed 1.92 s, remaining 18.65 s)
2900000 of 30000000 tuples (9%) done (elapsed 1.98 s, remaining 18.53 s)
3000000 of 30000000 tuples (10%) done (elapsed 2.05 s, remaining 18.47 s)
3100000 of 30000000 tuples (10%) done (elapsed 2.12 s, remaining 18.41 s)
3200000 of 30000000 tuples (10%) done (elapsed 2.19 s, remaining 18.35 s)
3300000 of 30000000 tuples (11%) done (elapsed 2.26 s, remaining 18.28 s)
3400000 of 30000000 tuples (11%) done (elapsed 2.33 s, remaining 18.22 s)
3500000 of 30000000 tuples (11%) done (elapsed 2.40 s, remaining 18.15 s)
3600000 of 30000000 tuples (12%) done (elapsed 2.47 s, remaining 18.09 s)
3700000 of 30000000 tuples (12%) done (elapsed 2.54 s, remaining 18.02 s)
3800000 of 30000000 tuples (12%) done (elapsed 2.60 s, remaining 17.96 s)
3900000 of 30000000 tuples (13%) done (elapsed 2.67 s, remaining 17.89 s)
4000000 of 30000000 tuples (13%) done (elapsed 2.74 s, remaining 17.83 s)
4100000 of 30000000 tuples (13%) done (elapsed 2.81 s, remaining 17.76 s)
4200000 of 30000000 tuples (14%) done (elapsed 2.88 s, remaining 17.66 s)
4300000 of 30000000 tuples (14%) done (elapsed 2.94 s, remaining 17.60 s)
4400000 of 30000000 tuples (14%) done (elapsed 3.01 s, remaining 17.53 s)
4500000 of 30000000 tuples (15%) done (elapsed 3.08 s, remaining 17.47 s)
4600000 of 30000000 tuples (15%) done (elapsed 3.15 s, remaining 17.40 s)
4700000 of 30000000 tuples (15%) done (elapsed 3.22 s, remaining 17.33 s)
4800000 of 30000000 tuples (16%) done (elapsed 3.29 s, remaining 17.27 s)
4900000 of 30000000 tuples (16%) done (elapsed 3.36 s, remaining 17.20 s)
5000000 of 30000000 tuples (16%) done (elapsed 3.43 s, remaining 17.14 s)
5100000 of 30000000 tuples (17%) done (elapsed 3.50 s, remaining 17.07 s)
5200000 of 30000000 tuples (17%) done (elapsed 3.57 s, remaining 17.01 s)
5300000 of 30000000 tuples (17%) done (elapsed 3.64 s, remaining 16.94 s)
5400000 of 30000000 tuples (18%) done (elapsed 3.70 s, remaining 16.85 s)
5500000 of 30000000 tuples (18%) done (elapsed 3.77 s, remaining 16.79 s)
5600000 of 30000000 tuples (18%) done (elapsed 3.84 s, remaining 16.72 s)
5700000 of 30000000 tuples (19%) done (elapsed 3.91 s, remaining 16.66 s)
5800000 of 30000000 tuples (19%) done (elapsed 3.98 s, remaining 16.59 s)
5900000 of 30000000 tuples (19%) done (elapsed 4.04 s, remaining 16.52 s)
6000000 of 30000000 tuples (20%) done (elapsed 4.11 s, remaining 16.46 s)
6100000 of 30000000 tuples (20%) done (elapsed 4.18 s, remaining 16.39 s)
6200000 of 30000000 tuples (20%) done (elapsed 4.25 s, remaining 16.32 s)
6300000 of 30000000 tuples (21%) done (elapsed 4.32 s, remaining 16.26 s)
6400000 of 30000000 tuples (21%) done (elapsed 4.39 s, remaining 16.19 s)
6500000 of 30000000 tuples (21%) done (elapsed 4.45 s, remaining 16.10 s)
6600000 of 30000000 tuples (22%) done (elapsed 4.52 s, remaining 16.04 s)
6700000 of 30000000 tuples (22%) done (elapsed 4.59 s, remaining 15.97 s)
6800000 of 30000000 tuples (22%) done (elapsed 4.66 s, remaining 15.90 s)
6900000 of 30000000 tuples (23%) done (elapsed 4.73 s, remaining 15.83 s)
7000000 of 30000000 tuples (23%) done (elapsed 4.80 s, remaining 15.77 s)
7100000 of 30000000 tuples (23%) done (elapsed 4.87 s, remaining 15.70 s)
7200000 of 30000000 tuples (24%) done (elapsed 4.94 s, remaining 15.63 s)
7300000 of 30000000 tuples (24%) done (elapsed 5.01 s, remaining 15.57 s)
7400000 of 30000000 tuples (24%) done (elapsed 5.08 s, remaining 15.50 s)
7500000 of 30000000 tuples (25%) done (elapsed 5.14 s, remaining 15.43 s)
7600000 of 30000000 tuples (25%) done (elapsed 5.21 s, remaining 15.37 s)
7700000 of 30000000 tuples (25%) done (elapsed 5.28 s, remaining 15.28 s)
7800000 of 30000000 tuples (26%) done (elapsed 5.35 s, remaining 15.21 s)
7900000 of 30000000 tuples (26%) done (elapsed 5.41 s, remaining 15.15 s)
8000000 of 30000000 tuples (26%) done (elapsed 5.48 s, remaining 15.08 s)
8100000 of 30000000 tuples (27%) done (elapsed 5.55 s, remaining 15.01 s)
8200000 of 30000000 tuples (27%) done (elapsed 5.62 s, remaining 14.95 s)
8300000 of 30000000 tuples (27%) done (elapsed 5.69 s, remaining 14.88 s)
8400000 of 30000000 tuples (28%) done (elapsed 5.76 s, remaining 14.81 s)
8500000 of 30000000 tuples (28%) done (elapsed 5.83 s, remaining 14.74 s)
8600000 of 30000000 tuples (28%) done (elapsed 5.90 s, remaining 14.67 s)
8700000 of 30000000 tuples (29%) done (elapsed 5.97 s, remaining 14.60 s)
8800000 of 30000000 tuples (29%) done (elapsed 6.03 s, remaining 14.54 s)
8900000 of 30000000 tuples (29%) done (elapsed 6.10 s, remaining 14.46 s)
9000000 of 30000000 tuples (30%) done (elapsed 6.17 s, remaining 14.39 s)
9100000 of 30000000 tuples (30%) done (elapsed 6.24 s, remaining 14.32 s)
9200000 of 30000000 tuples (30%) done (elapsed 6.30 s, remaining 14.25 s)
9300000 of 30000000 tuples (31%) done (elapsed 6.37 s, remaining 14.19 s)
9400000 of 30000000 tuples (31%) done (elapsed 6.44 s, remaining 14.12 s)
9500000 of 30000000 tuples (31%) done (elapsed 6.51 s, remaining 14.05 s)
9600000 of 30000000 tuples (32%) done (elapsed 6.58 s, remaining 13.98 s)
9700000 of 30000000 tuples (32%) done (elapsed 6.65 s, remaining 13.91 s)
9800000 of 30000000 tuples (32%) done (elapsed 6.72 s, remaining 13.84 s)
9900000 of 30000000 tuples (33%) done (elapsed 6.79 s, remaining 13.78 s)
10000000 of 30000000 tuples (33%) done (elapsed 6.85 s, remaining 13.70 s)
10100000 of 30000000 tuples (33%) done (elapsed 6.92 s, remaining 13.64 s)
10200000 of 30000000 tuples (34%) done (elapsed 6.99 s, remaining 13.57 s)
10300000 of 30000000 tuples (34%) done (elapsed 7.06 s, remaining 13.50 s)
10400000 of 30000000 tuples (34%) done (elapsed 7.12 s, remaining 13.42 s)
10500000 of 30000000 tuples (35%) done (elapsed 7.19 s, remaining 13.36 s)
10600000 of 30000000 tuples (35%) done (elapsed 7.26 s, remaining 13.29 s)
10700000 of 30000000 tuples (35%) done (elapsed 7.33 s, remaining 13.22 s)
10800000 of 30000000 tuples (36%) done (elapsed 7.39 s, remaining 13.14 s)
10900000 of 30000000 tuples (36%) done (elapsed 7.46 s, remaining 13.07 s)
11000000 of 30000000 tuples (36%) done (elapsed 7.53 s, remaining 13.01 s)
11100000 of 30000000 tuples (37%) done (elapsed 7.60 s, remaining 12.94 s)
11200000 of 30000000 tuples (37%) done (elapsed 7.66 s, remaining 12.87 s)
11300000 of 30000000 tuples (37%) done (elapsed 7.73 s, remaining 12.80 s)
11400000 of 30000000 tuples (38%) done (elapsed 7.80 s, remaining 12.73 s)
11500000 of 30000000 tuples (38%) done (elapsed 7.87 s, remaining 12.66 s)
11600000 of 30000000 tuples (38%) done (elapsed 7.94 s, remaining 12.59 s)
11700000 of 30000000 tuples (39%) done (elapsed 8.01 s, remaining 12.52 s)
11800000 of 30000000 tuples (39%) done (elapsed 8.07 s, remaining 12.45 s)
11900000 of 30000000 tuples (39%) done (elapsed 8.14 s, remaining 12.38 s)
12000000 of 30000000 tuples (40%) done (elapsed 8.21 s, remaining 12.32 s)
12100000 of 30000000 tuples (40%) done (elapsed 8.28 s, remaining 12.25 s)
12200000 of 30000000 tuples (40%) done (elapsed 8.35 s, remaining 12.18 s)
12300000 of 30000000 tuples (41%) done (elapsed 8.41 s, remaining 12.11 s)
12400000 of 30000000 tuples (41%) done (elapsed 8.48 s, remaining 12.04 s)
12500000 of 30000000 tuples (41%) done (elapsed 8.55 s, remaining 11.97 s)
12600000 of 30000000 tuples (42%) done (elapsed 8.62 s, remaining 11.90 s)
12700000 of 30000000 tuples (42%) done (elapsed 8.69 s, remaining 11.83 s)
12800000 of 30000000 tuples (42%) done (elapsed 8.75 s, remaining 11.76 s)
12900000 of 30000000 tuples (43%) done (elapsed 8.82 s, remaining 11.70 s)
13000000 of 30000000 tuples (43%) done (elapsed 8.89 s, remaining 11.63 s)
13100000 of 30000000 tuples (43%) done (elapsed 8.96 s, remaining 11.56 s)
13200000 of 30000000 tuples (44%) done (elapsed 9.03 s, remaining 11.49 s)
13300000 of 30000000 tuples (44%) done (elapsed 9.10 s, remaining 11.42 s)
13400000 of 30000000 tuples (44%) done (elapsed 9.17 s, remaining 11.35 s)
13500000 of 30000000 tuples (45%) done (elapsed 9.23 s, remaining 11.28 s)
13600000 of 30000000 tuples (45%) done (elapsed 9.30 s, remaining 11.21 s)
13700000 of 30000000 tuples (45%) done (elapsed 9.37 s, remaining 11.14 s)
13800000 of 30000000 tuples (46%) done (elapsed 9.44 s, remaining 11.08 s)
13900000 of 30000000 tuples (46%) done (elapsed 9.51 s, remaining 11.01 s)
14000000 of 30000000 tuples (46%) done (elapsed 9.57 s, remaining 10.94 s)
14100000 of 30000000 tuples (47%) done (elapsed 9.64 s, remaining 10.87 s)
14200000 of 30000000 tuples (47%) done (elapsed 9.71 s, remaining 10.80 s)
14300000 of 30000000 tuples (47%) done (elapsed 9.77 s, remaining 10.73 s)
14400000 of 30000000 tuples (48%) done (elapsed 9.84 s, remaining 10.66 s)
14500000 of 30000000 tuples (48%) done (elapsed 9.91 s, remaining 10.60 s)
14600000 of 30000000 tuples (48%) done (elapsed 9.98 s, remaining 10.53 s)
14700000 of 30000000 tuples (49%) done (elapsed 10.05 s, remaining 10.46 s)
14800000 of 30000000 tuples (49%) done (elapsed 10.11 s, remaining 10.39 s)
14900000 of 30000000 tuples (49%) done (elapsed 10.18 s, remaining 10.32 s)
15000000 of 30000000 tuples (50%) done (elapsed 10.25 s, remaining 10.25 s)
15100000 of 30000000 tuples (50%) done (elapsed 10.32 s, remaining 10.18 s)
15200000 of 30000000 tuples (50%) done (elapsed 10.39 s, remaining 10.12 s)
15300000 of 30000000 tuples (51%) done (elapsed 10.46 s, remaining 10.05 s)
15400000 of 30000000 tuples (51%) done (elapsed 10.53 s, remaining 9.98 s)
15500000 of 30000000 tuples (51%) done (elapsed 10.60 s, remaining 9.91 s)
15600000 of 30000000 tuples (52%) done (elapsed 10.66 s, remaining 9.84 s)
15700000 of 30000000 tuples (52%) done (elapsed 10.73 s, remaining 9.77 s)
15800000 of 30000000 tuples (52%) done (elapsed 10.80 s, remaining 9.70 s)
15900000 of 30000000 tuples (53%) done (elapsed 10.87 s, remaining 9.64 s)
16000000 of 30000000 tuples (53%) done (elapsed 10.93 s, remaining 9.57 s)
16100000 of 30000000 tuples (53%) done (elapsed 11.00 s, remaining 9.50 s)
16200000 of 30000000 tuples (54%) done (elapsed 11.07 s, remaining 9.43 s)
16300000 of 30000000 tuples (54%) done (elapsed 11.14 s, remaining 9.36 s)
16400000 of 30000000 tuples (54%) done (elapsed 11.20 s, remaining 9.29 s)
16500000 of 30000000 tuples (55%) done (elapsed 11.27 s, remaining 9.22 s)
16600000 of 30000000 tuples (55%) done (elapsed 11.34 s, remaining 9.15 s)
16700000 of 30000000 tuples (55%) done (elapsed 11.41 s, remaining 9.09 s)
16800000 of 30000000 tuples (56%) done (elapsed 11.48 s, remaining 9.02 s)
16900000 of 30000000 tuples (56%) done (elapsed 11.54 s, remaining 8.95 s)
17000000 of 30000000 tuples (56%) done (elapsed 11.61 s, remaining 8.88 s)
17100000 of 30000000 tuples (57%) done (elapsed 11.68 s, remaining 8.81 s)
17200000 of 30000000 tuples (57%) done (elapsed 11.75 s, remaining 8.74 s)
17300000 of 30000000 tuples (57%) done (elapsed 11.82 s, remaining 8.67 s)
17400000 of 30000000 tuples (58%) done (elapsed 11.88 s, remaining 8.61 s)
17500000 of 30000000 tuples (58%) done (elapsed 11.95 s, remaining 8.54 s)
17600000 of 30000000 tuples (58%) done (elapsed 12.02 s, remaining 8.47 s)
17700000 of 30000000 tuples (59%) done (elapsed 12.08 s, remaining 8.40 s)
17800000 of 30000000 tuples (59%) done (elapsed 12.15 s, remaining 8.33 s)
17900000 of 30000000 tuples (59%) done (elapsed 12.22 s, remaining 8.26 s)
18000000 of 30000000 tuples (60%) done (elapsed 12.29 s, remaining 8.19 s)
18100000 of 30000000 tuples (60%) done (elapsed 12.36 s, remaining 8.13 s)
18200000 of 30000000 tuples (60%) done (elapsed 12.43 s, remaining 8.06 s)
18300000 of 30000000 tuples (61%) done (elapsed 12.49 s, remaining 7.99 s)
18400000 of 30000000 tuples (61%) done (elapsed 12.56 s, remaining 7.92 s)
18500000 of 30000000 tuples (61%) done (elapsed 12.63 s, remaining 7.85 s)
18600000 of 30000000 tuples (62%) done (elapsed 12.70 s, remaining 7.78 s)
18700000 of 30000000 tuples (62%) done (elapsed 12.77 s, remaining 7.71 s)
18800000 of 30000000 tuples (62%) done (elapsed 12.83 s, remaining 7.65 s)
18900000 of 30000000 tuples (63%) done (elapsed 12.93 s, remaining 7.59 s)
19000000 of 30000000 tuples (63%) done (elapsed 12.99 s, remaining 7.52 s)
19100000 of 30000000 tuples (63%) done (elapsed 13.06 s, remaining 7.45 s)
19200000 of 30000000 tuples (64%) done (elapsed 13.13 s, remaining 7.38 s)
19300000 of 30000000 tuples (64%) done (elapsed 13.20 s, remaining 7.32 s)
19400000 of 30000000 tuples (64%) done (elapsed 13.27 s, remaining 7.25 s)
19500000 of 30000000 tuples (65%) done (elapsed 13.33 s, remaining 7.18 s)
19600000 of 30000000 tuples (65%) done (elapsed 13.40 s, remaining 7.11 s)
19700000 of 30000000 tuples (65%) done (elapsed 13.47 s, remaining 7.04 s)
19800000 of 30000000 tuples (66%) done (elapsed 13.53 s, remaining 6.97 s)
19900000 of 30000000 tuples (66%) done (elapsed 13.60 s, remaining 6.90 s)
20000000 of 30000000 tuples (66%) done (elapsed 13.67 s, remaining 6.84 s)
20100000 of 30000000 tuples (67%) done (elapsed 13.74 s, remaining 6.77 s)
20200000 of 30000000 tuples (67%) done (elapsed 13.81 s, remaining 6.70 s)
20300000 of 30000000 tuples (67%) done (elapsed 13.87 s, remaining 6.63 s)
20400000 of 30000000 tuples (68%) done (elapsed 13.94 s, remaining 6.56 s)
20500000 of 30000000 tuples (68%) done (elapsed 14.01 s, remaining 6.49 s)
20600000 of 30000000 tuples (68%) done (elapsed 14.08 s, remaining 6.42 s)
20700000 of 30000000 tuples (69%) done (elapsed 14.15 s, remaining 6.36 s)
20800000 of 30000000 tuples (69%) done (elapsed 14.21 s, remaining 6.29 s)
20900000 of 30000000 tuples (69%) done (elapsed 14.28 s, remaining 6.22 s)
21000000 of 30000000 tuples (70%) done (elapsed 14.35 s, remaining 6.15 s)
21100000 of 30000000 tuples (70%) done (elapsed 14.42 s, remaining 6.08 s)
21200000 of 30000000 tuples (70%) done (elapsed 14.49 s, remaining 6.01 s)
21300000 of 30000000 tuples (71%) done (elapsed 14.56 s, remaining 5.95 s)
21400000 of 30000000 tuples (71%) done (elapsed 14.62 s, remaining 5.88 s)
21500000 of 30000000 tuples (71%) done (elapsed 14.69 s, remaining 5.81 s)
21600000 of 30000000 tuples (72%) done (elapsed 14.76 s, remaining 5.74 s)
21700000 of 30000000 tuples (72%) done (elapsed 14.83 s, remaining 5.67 s)
21800000 of 30000000 tuples (72%) done (elapsed 14.90 s, remaining 5.60 s)
21900000 of 30000000 tuples (73%) done (elapsed 14.96 s, remaining 5.53 s)
22000000 of 30000000 tuples (73%) done (elapsed 15.03 s, remaining 5.47 s)
22100000 of 30000000 tuples (73%) done (elapsed 15.10 s, remaining 5.40 s)
22200000 of 30000000 tuples (74%) done (elapsed 15.17 s, remaining 5.33 s)
22300000 of 30000000 tuples (74%) done (elapsed 15.24 s, remaining 5.26 s)
22400000 of 30000000 tuples (74%) done (elapsed 15.31 s, remaining 5.19 s)
22500000 of 30000000 tuples (75%) done (elapsed 15.37 s, remaining 5.12 s)
22600000 of 30000000 tuples (75%) done (elapsed 15.44 s, remaining 5.06 s)
22700000 of 30000000 tuples (75%) done (elapsed 15.51 s, remaining 4.99 s)
22800000 of 30000000 tuples (76%) done (elapsed 15.58 s, remaining 4.92 s)
22900000 of 30000000 tuples (76%) done (elapsed 15.65 s, remaining 4.85 s)
23000000 of 30000000 tuples (76%) done (elapsed 15.71 s, remaining 4.78 s)
23100000 of 30000000 tuples (77%) done (elapsed 15.78 s, remaining 4.71 s)
23200000 of 30000000 tuples (77%) done (elapsed 15.85 s, remaining 4.64 s)
23300000 of 30000000 tuples (77%) done (elapsed 15.92 s, remaining 4.58 s)
23400000 of 30000000 tuples (78%) done (elapsed 15.99 s, remaining 4.51 s)
23500000 of 30000000 tuples (78%) done (elapsed 16.05 s, remaining 4.44 s)
23600000 of 30000000 tuples (78%) done (elapsed 16.12 s, remaining 4.37 s)
23700000 of 30000000 tuples (79%) done (elapsed 16.19 s, remaining 4.30 s)
23800000 of 30000000 tuples (79%) done (elapsed 16.26 s, remaining 4.23 s)
23900000 of 30000000 tuples (79%) done (elapsed 16.33 s, remaining 4.17 s)
24000000 of 30000000 tuples (80%) done (elapsed 16.40 s, remaining 4.10 s)
24100000 of 30000000 tuples (80%) done (elapsed 16.46 s, remaining 4.03 s)
24200000 of 30000000 tuples (80%) done (elapsed 16.53 s, remaining 3.96 s)
24300000 of 30000000 tuples (81%) done (elapsed 16.60 s, remaining 3.89 s)
24400000 of 30000000 tuples (81%) done (elapsed 16.67 s, remaining 3.82 s)
24500000 of 30000000 tuples (81%) done (elapsed 16.73 s, remaining 3.76 s)
24600000 of 30000000 tuples (82%) done (elapsed 16.80 s, remaining 3.69 s)
24700000 of 30000000 tuples (82%) done (elapsed 16.87 s, remaining 3.62 s)
24800000 of 30000000 tuples (82%) done (elapsed 16.94 s, remaining 3.55 s)
24900000 of 30000000 tuples (83%) done (elapsed 17.01 s, remaining 3.48 s)
25000000 of 30000000 tuples (83%) done (elapsed 17.37 s, remaining 3.47 s)
25100000 of 30000000 tuples (83%) done (elapsed 17.46 s, remaining 3.41 s)
25200000 of 30000000 tuples (84%) done (elapsed 17.53 s, remaining 3.34 s)
25300000 of 30000000 tuples (84%) done (elapsed 17.60 s, remaining 3.27 s)
25400000 of 30000000 tuples (84%) done (elapsed 17.67 s, remaining 3.20 s)
25500000 of 30000000 tuples (85%) done (elapsed 17.74 s, remaining 3.13 s)
25600000 of 30000000 tuples (85%) done (elapsed 18.02 s, remaining 3.10 s)
25700000 of 30000000 tuples (85%) done (elapsed 18.12 s, remaining 3.03 s)
25800000 of 30000000 tuples (86%) done (elapsed 18.21 s, remaining 2.96 s)
25900000 of 30000000 tuples (86%) done (elapsed 18.28 s, remaining 2.89 s)
26000000 of 30000000 tuples (86%) done (elapsed 18.34 s, remaining 2.82 s)
26100000 of 30000000 tuples (87%) done (elapsed 18.41 s, remaining 2.75 s)
26200000 of 30000000 tuples (87%) done (elapsed 18.48 s, remaining 2.68 s)
26300000 of 30000000 tuples (87%) done (elapsed 18.55 s, remaining 2.61 s)
26400000 of 30000000 tuples (88%) done (elapsed 18.62 s, remaining 2.54 s)
26500000 of 30000000 tuples (88%) done (elapsed 18.69 s, remaining 2.47 s)
26600000 of 30000000 tuples (88%) done (elapsed 18.76 s, remaining 2.40 s)
26700000 of 30000000 tuples (89%) done (elapsed 18.82 s, remaining 2.33 s)
26800000 of 30000000 tuples (89%) done (elapsed 18.89 s, remaining 2.26 s)
26900000 of 30000000 tuples (89%) done (elapsed 18.96 s, remaining 2.19 s)
27000000 of 30000000 tuples (90%) done (elapsed 19.03 s, remaining 2.11 s)
27100000 of 30000000 tuples (90%) done (elapsed 19.10 s, remaining 2.04 s)
27200000 of 30000000 tuples (90%) done (elapsed 19.17 s, remaining 1.97 s)
27300000 of 30000000 tuples (91%) done (elapsed 19.24 s, remaining 1.90 s)
27400000 of 30000000 tuples (91%) done (elapsed 19.30 s, remaining 1.83 s)
27500000 of 30000000 tuples (91%) done (elapsed 19.37 s, remaining 1.76 s)
27600000 of 30000000 tuples (92%) done (elapsed 19.44 s, remaining 1.69 s)
27700000 of 30000000 tuples (92%) done (elapsed 19.51 s, remaining 1.62 s)
27800000 of 30000000 tuples (92%) done (elapsed 19.58 s, remaining 1.55 s)
27900000 of 30000000 tuples (93%) done (elapsed 19.84 s, remaining 1.49 s)
28000000 of 30000000 tuples (93%) done (elapsed 19.92 s, remaining 1.42 s)
28100000 of 30000000 tuples (93%) done (elapsed 19.99 s, remaining 1.35 s)
28200000 of 30000000 tuples (94%) done (elapsed 20.06 s, remaining 1.28 s)
28300000 of 30000000 tuples (94%) done (elapsed 20.13 s, remaining 1.21 s)
28400000 of 30000000 tuples (94%) done (elapsed 20.20 s, remaining 1.14 s)
28500000 of 30000000 tuples (95%) done (elapsed 20.27 s, remaining 1.07 s)
28600000 of 30000000 tuples (95%) done (elapsed 20.34 s, remaining 1.00 s)
28700000 of 30000000 tuples (95%) done (elapsed 20.40 s, remaining 0.92 s)
28800000 of 30000000 tuples (96%) done (elapsed 20.47 s, remaining 0.85 s)
28900000 of 30000000 tuples (96%) done (elapsed 20.54 s, remaining 0.78 s)
29000000 of 30000000 tuples (96%) done (elapsed 20.61 s, remaining 0.71 s)
29100000 of 30000000 tuples (97%) done (elapsed 20.68 s, remaining 0.64 s)
29200000 of 30000000 tuples (97%) done (elapsed 20.75 s, remaining 0.57 s)
29300000 of 30000000 tuples (97%) done (elapsed 20.82 s, remaining 0.50 s)
29400000 of 30000000 tuples (98%) done (elapsed 20.88 s, remaining 0.43 s)
29500000 of 30000000 tuples (98%) done (elapsed 20.95 s, remaining 0.36 s)
29600000 of 30000000 tuples (98%) done (elapsed 21.02 s, remaining 0.28 s)
29700000 of 30000000 tuples (99%) done (elapsed 21.32 s, remaining 0.22 s)
29800000 of 30000000 tuples (99%) done (elapsed 21.40 s, remaining 0.14 s)
29900000 of 30000000 tuples (99%) done (elapsed 21.47 s, remaining 0.07 s)
30000000 of 30000000 tuples (100%) done (elapsed 21.54 s, remaining 0.00 s)
vacuum...
set primary keys...
NOTICE:  ALTER TABLE / ADD PRIMARY KEY will create implicit index "pgbench_branches_pkey" for table "pgbench_branches"
NOTICE:  ALTER TABLE / ADD PRIMARY KEY will create implicit index "pgbench_tellers_pkey" for table "pgbench_tellers"
NOTICE:  ALTER TABLE / ADD PRIMARY KEY will create implicit index "pgbench_accounts_pkey" for table "pgbench_accounts"
done.
starting vacuum...end.
transaction type: <builtin: TPC-B (sort of)>
scaling factor: 300
query mode: simple
number of clients: 32
number of threads: 4
duration: 60 s
number of transactions actually processed: 2543
latency average: 755.014 ms
tps = 42.306372 (including connections establishing)
tps = 42.307926 (excluding connections establishing)
script statistics:
 - statement latencies in milliseconds:
         0.003  \set aid random(1, 100000 * :scale)
         0.001  \set bid random(1, 1 * :scale)
         0.001  \set tid random(1, 10 * :scale)
         0.001  \set delta random(-5000, 5000)
         0.108  BEGIN;
       299.540  UPDATE pgbench_accounts SET abalance = abalance + :delta WHERE aid = :aid;
         3.739  SELECT abalance FROM pgbench_accounts WHERE aid = :aid;
       162.994  UPDATE pgbench_tellers SET tbalance = tbalance + :delta WHERE tid = :tid;
       102.200  UPDATE pgbench_branches SET bbalance = bbalance + :delta WHERE bid = :bid;
        67.779  INSERT INTO pgbench_history (tid, bid, aid, delta, mtime) VALUES (:tid, :bid, :aid, :delta, CURRENT_TIMESTAMP);
       120.055  END;
starting vacuum...end.
transaction type: <builtin: TPC-B (sort of)>
scaling factor: 300
query mode: simple
number of clients: 32
number of threads: 4
duration: 60 s
number of transactions actually processed: 1546
latency average: 1241.915 ms
tps = 25.321290 (including connections establishing)
tps = 25.322239 (excluding connections establishing)
script statistics:
 - statement latencies in milliseconds:
         0.002  \set aid random(1, 100000 * :scale)
         0.001  \set bid random(1, 1 * :scale)
         0.001  \set tid random(1, 10 * :scale)
         0.001  \set delta random(-5000, 5000)
         0.140  BEGIN;
       745.647  UPDATE pgbench_accounts SET abalance = abalance + :delta WHERE aid = :aid;
         7.992  SELECT abalance FROM pgbench_accounts WHERE aid = :aid;
       176.414  UPDATE pgbench_tellers SET tbalance = tbalance + :delta WHERE tid = :tid;
        77.284  UPDATE pgbench_branches SET bbalance = bbalance + :delta WHERE bid = :bid;
        31.144  INSERT INTO pgbench_history (tid, bid, aid, delta, mtime) VALUES (:tid, :bid, :aid, :delta, CURRENT_TIMESTAMP);
       220.310  END;
starting vacuum...end.
transaction type: <builtin: TPC-B (sort of)>
scaling factor: 300
query mode: simple
number of clients: 32
number of threads: 4
duration: 60 s
number of transactions actually processed: 1522
latency average: 1261.498 ms
tps = 25.309764 (including connections establishing)
tps = 25.310425 (excluding connections establishing)
script statistics:
 - statement latencies in milliseconds:
         0.003  \set aid random(1, 100000 * :scale)
         0.001  \set bid random(1, 1 * :scale)
         0.001  \set tid random(1, 10 * :scale)
         0.001  \set delta random(-5000, 5000)
         0.121  BEGIN;
       605.940  UPDATE pgbench_accounts SET abalance = abalance + :delta WHERE aid = :aid;
         1.040  SELECT abalance FROM pgbench_accounts WHERE aid = :aid;
       198.138  UPDATE pgbench_tellers SET tbalance = tbalance + :delta WHERE tid = :tid;
       127.993  UPDATE pgbench_branches SET bbalance = bbalance + :delta WHERE bid = :bid;
       102.363  INSERT INTO pgbench_history (tid, bid, aid, delta, mtime) VALUES (:tid, :bid, :aid, :delta, CURRENT_TIMESTAMP);
       228.586  END;
starting vacuum...end.
transaction type: <builtin: TPC-B (sort of)>
scaling factor: 300
query mode: simple
number of clients: 32
number of threads: 4
duration: 60 s
number of transactions actually processed: 1683
latency average: 1140.820 ms
tps = 27.888341 (including connections establishing)
tps = 27.889070 (excluding connections establishing)
script statistics:
 - statement latencies in milliseconds:
         0.003  \set aid random(1, 100000 * :scale)
         0.001  \set bid random(1, 1 * :scale)
         0.001  \set tid random(1, 10 * :scale)
         0.001  \set delta random(-5000, 5000)
         0.131  BEGIN;
       602.846  UPDATE pgbench_accounts SET abalance = abalance + :delta WHERE aid = :aid;
         0.495  SELECT abalance FROM pgbench_accounts WHERE aid = :aid;
       171.171  UPDATE pgbench_tellers SET tbalance = tbalance + :delta WHERE tid = :tid;
        99.363  UPDATE pgbench_branches SET bbalance = bbalance + :delta WHERE bid = :bid;
        66.706  INSERT INTO pgbench_history (tid, bid, aid, delta, mtime) VALUES (:tid, :bid, :aid, :delta, CURRENT_TIMESTAMP);
       206.235  END;
starting vacuum...end.
transaction type: <builtin: TPC-B (sort of)>
scaling factor: 300
query mode: simple
number of clients: 32
number of threads: 4
duration: 300 s
number of transactions actually processed: 9017
latency average: 1064.656 ms
tps = 29.796116 (including connections establishing)
tps = 29.796285 (excluding connections establishing)
script statistics:
 - statement latencies in milliseconds:
         0.002  \set aid random(1, 100000 * :scale)
         0.001  \set bid random(1, 1 * :scale)
         0.001  \set tid random(1, 10 * :scale)
         0.001  \set delta random(-5000, 5000)
         0.141  BEGIN;
       585.281  UPDATE pgbench_accounts SET abalance = abalance + :delta WHERE aid = :aid;
         0.271  SELECT abalance FROM pgbench_accounts WHERE aid = :aid;
       155.788  UPDATE pgbench_tellers SET tbalance = tbalance + :delta WHERE tid = :tid;
        82.045  UPDATE pgbench_branches SET bbalance = bbalance + :delta WHERE bid = :bid;
        58.673  INSERT INTO pgbench_history (tid, bid, aid, delta, mtime) VALUES (:tid, :bid, :aid, :delta, CURRENT_TIMESTAMP);
       191.099  END;
starting vacuum...end.
transaction type: <builtin: TPC-B (sort of)>
scaling factor: 300
query mode: simple
number of clients: 32
number of threads: 4
duration: 900 s
number of transactions actually processed: 23676
latency average: 1216.422 ms
tps = 26.290518 (including connections establishing)
tps = 26.290566 (excluding connections establishing)
script statistics:
 - statement latencies in milliseconds:
         0.003  \set aid random(1, 100000 * :scale)
         0.001  \set bid random(1, 1 * :scale)
         0.001  \set tid random(1, 10 * :scale)
         0.001  \set delta random(-5000, 5000)
         0.140  BEGIN;
       650.163  UPDATE pgbench_accounts SET abalance = abalance + :delta WHERE aid = :aid;
         0.820  SELECT abalance FROM pgbench_accounts WHERE aid = :aid;
       188.204  UPDATE pgbench_tellers SET tbalance = tbalance + :delta WHERE tid = :tid;
       104.788  UPDATE pgbench_branches SET bbalance = bbalance + :delta WHERE bid = :bid;
        66.795  INSERT INTO pgbench_history (tid, bid, aid, delta, mtime) VALUES (:tid, :bid, :aid, :delta, CURRENT_TIMESTAMP);
       206.613  END;
starting vacuum...end.
starting vacuum...end.
transaction type: <builtin: TPC-B (sort of)>
scaling factor: 300
query mode: simple
number of clients: 32
number of threads: 4
duration: 900 s
number of transactions actually processed: 20599
latency average: 1398.126 ms
tps = 22.870772 (including connections establishing)
tps = 22.870813 (excluding connections establishing)
script statistics:
 - statement latencies in milliseconds:
         0.003  \set aid random(1, 100000 * :scale)
         0.001  \set bid random(1, 1 * :scale)
         0.001  \set tid random(1, 10 * :scale)
         0.001  \set delta random(-5000, 5000)
         0.137  BEGIN;
       726.470  UPDATE pgbench_accounts SET abalance = abalance + :delta WHERE aid = :aid;
         0.926  SELECT abalance FROM pgbench_accounts WHERE aid = :aid;
       226.355  UPDATE pgbench_tellers SET tbalance = tbalance + :delta WHERE tid = :tid;
       127.226  UPDATE pgbench_branches SET bbalance = bbalance + :delta WHERE bid = :bid;
        76.345  INSERT INTO pgbench_history (tid, bid, aid, delta, mtime) VALUES (:tid, :bid, :aid, :delta, CURRENT_TIMESTAMP);
       242.480  END;
========================================================================
Testing 2007-10-02-REL8_3_0~732
Start Time: 2016-08-01 07:19:17+00:00
Linux 3.16.0-4-amd64 (Debian-83-jessie-64-minimal) 	01.08.16 	_x86_64_	(8 CPU)

starting vacuum...end.
transaction type: <builtin: TPC-B (sort of)>
scaling factor: 300
query mode: simple
number of clients: 32
number of threads: 4
duration: 900 s
number of transactions actually processed: 20408
latency average: 1411.211 ms
tps = 22.669989 (including connections establishing)
tps = 22.670031 (excluding connections establishing)
script statistics:
 - statement latencies in milliseconds:
         0.003  \set aid random(1, 100000 * :scale)
         0.001  \set bid random(1, 1 * :scale)
         0.001  \set tid random(1, 10 * :scale)
         0.001  \set delta random(-5000, 5000)
         0.137  BEGIN;
       662.372  UPDATE pgbench_accounts SET abalance = abalance + :delta WHERE aid = :aid;
         0.827  SELECT abalance FROM pgbench_accounts WHERE aid = :aid;
       242.282  UPDATE pgbench_tellers SET tbalance = tbalance + :delta WHERE tid = :tid;
       148.690  UPDATE pgbench_branches SET bbalance = bbalance + :delta WHERE bid = :bid;
       100.703  INSERT INTO pgbench_history (tid, bid, aid, delta, mtime) VALUES (:tid, :bid, :aid, :delta, CURRENT_TIMESTAMP);
       256.273  END;
avg-cpu:  %user   %nice %system %iowait  %steal   %idle
           0,30    0,00    0,18    9,41    0,00   90,12

Device:         rrqm/s   wrqm/s     r/s     w/s    rkB/s    wkB/s avgrq-sz avgqu-sz   await r_await w_await  svctm  %util
sdb               0,00     2,32    1,93  102,37    16,05   744,60    14,59    13,73  131,62   26,34  133,60   5,59  58,30
sda               0,01     2,32   18,05  102,37   149,78   744,60    14,86    15,97  132,60   38,73  149,15   6,78  81,67
md0               0,00     0,00    0,08    0,00     0,32     0,00     8,00     0,00    0,00    0,00    0,00   0,00   0,00
md1               0,00     0,00    0,00    0,00     0,00     0,00     0,00     0,00    0,00    0,00    0,00   0,00   0,00
md2               0,00     0,00   19,91  104,13   165,51   743,31    14,65     0,00    0,00    0,00    0,00   0,00   0,00
md3               0,00     0,00    0,00    0,01     0,00     0,04     8,00     0,00    0,00    0,00    0,00   0,00   0,00

End Time: 2016-08-01 07:34:47+00:00
========================================================================
========================================================================
Testing 2007-10-02-REL8_3_0~732
Start Time: 2016-08-06 16:42:22+00:00
Shared Buffers:  260000
Linux 3.16.0-4-amd64 (Debian-83-jessie-64-minimal) 	06.08.16 	_x86_64_	(8 CPU)

starting vacuum...end.
transaction type: <builtin: TPC-B (sort of)>
scaling factor: 300
query mode: simple
number of clients: 32
number of threads: 4
duration: 900 s
number of transactions actually processed: 25095
latency average: 1147.639 ms
tps = 27.873324 (including connections establishing)
tps = 27.873372 (excluding connections establishing)
script statistics:
 - statement latencies in milliseconds:
         0.003  \set aid random(1, 100000 * :scale)
         0.001  \set bid random(1, 1 * :scale)
         0.001  \set tid random(1, 10 * :scale)
         0.001  \set delta random(-5000, 5000)
         0.133  BEGIN;
       539.109  UPDATE pgbench_accounts SET abalance = abalance + :delta WHERE aid = :aid;
         0.703  SELECT abalance FROM pgbench_accounts WHERE aid = :aid;
       193.150  UPDATE pgbench_tellers SET tbalance = tbalance + :delta WHERE tid = :tid;
       122.626  UPDATE pgbench_branches SET bbalance = bbalance + :delta WHERE bid = :bid;
        76.863  INSERT INTO pgbench_history (tid, bid, aid, delta, mtime) VALUES (:tid, :bid, :aid, :delta, CURRENT_TIMESTAMP);
       215.815  END;
avg-cpu:  %user   %nice %system %iowait  %steal   %idle
           0,36    0,00    0,22   10,19    0,00   89,24

Device:         rrqm/s   wrqm/s     r/s     w/s    rkB/s    wkB/s avgrq-sz avgqu-sz   await r_await w_await  svctm  %util
sdb               0,00     2,38    2,39  124,06    19,95   881,27    14,25    14,83  117,31   24,43  119,10   4,55  57,59
sda               0,01     2,38   21,48  124,06   180,37   881,27    14,59    17,09  117,40   37,26  131,27   5,89  85,73
md0               0,00     0,00    0,08    0,00     0,30     0,00     8,00     0,00    0,00    0,00    0,00   0,00   0,00
md1               0,00     0,00    0,00    0,00     0,00     0,00     0,00     0,00    0,00    0,00    0,00   0,00   0,00
md2               0,00     0,00   23,80  125,98   200,02   880,22    14,42     0,00    0,00    0,00    0,00   0,00   0,00
md3               0,00     0,00    0,00    0,01     0,00     0,04     8,00     0,00    0,00    0,00    0,00   0,00   0,00

Control File Changes
--- /usr/local/oldpgsql/2007-10-02-REL8_3_0~732/before.controldata	2016-08-06 18:42:22.492591828 +0200
+++ /usr/local/oldpgsql/2007-10-02-REL8_3_0~732/after.controldata	2016-08-06 18:59:12.016894942 +0200
@@ -2,16 +2,16 @@
 Catalog version number:               200709301
 Database system identifier:           6255541502107334622
 Database cluster state:               in production
-pg_control last modified:             сб, 06-сер-2016 18:42:22 +0200
-Latest checkpoint location:           0/87885890
-Prior checkpoint location:            0/7DF12358
-Latest checkpoint's REDO location:    0/87885890
+pg_control last modified:             сб, 06-сер-2016 18:59:11 +0200
+Latest checkpoint location:           0/9D58DB10
+Prior checkpoint location:            0/9D58DAC8
+Latest checkpoint's REDO location:    0/9D58DB10
 Latest checkpoint's TimeLineID:       1
-Latest checkpoint's NextXID:          0/87787
-Latest checkpoint's NextOID:          16468
+Latest checkpoint's NextXID:          0/112923
+Latest checkpoint's NextOID:          24660
 Latest checkpoint's NextMultiXactId:  1
 Latest checkpoint's NextMultiOffset:  0
-Time of latest checkpoint:            сб, 06-сер-2016 18:41:57 +0200
+Time of latest checkpoint:            сб, 06-сер-2016 18:58:57 +0200
 Minimum recovery ending location:     0/0
 Maximum data alignment:               8
 Database block size:                  8192
End Time: 2016-08-06 16:59:12+00:00
========================================================================
========================================================================
Testing 2007-10-02-REL8_3_0~732
Start Time: 2016-08-08 23:29:24+00:00
Shared Buffers:  260000
size before pgbench of pgbench_accounts: 802420
size before pgbench of pgbench_branches_pkey: 32
size before pgbench of pgbench_tellers_pkey: 88
size before pgbench of pgbench_accounts_pkey: 658092
size before pgbench of pgbench_tellers: 360
size before pgbench of pgbench_branches: 256
size before pgbench of pgbench_history: 3080
total size before pgbench: 1464328
Linux 3.16.0-4-amd64 (Debian-83-jessie-64-minimal) 	09.08.16 	_x86_64_	(8 CPU)

starting vacuum...end.
transaction type: <builtin: select only>
scaling factor: 300
query mode: simple
number of clients: 32
number of threads: 4
duration: 60 s
number of transactions actually processed: 68428
latency average: 28.059 ms
tps = 1139.068441 (including connections establishing)
tps = 1139.098882 (excluding connections establishing)
script statistics:
 - statement latencies in milliseconds:
         0.002  \set aid random(1, 100000 * :scale)
        28.085  SELECT abalance FROM pgbench_accounts WHERE aid = :aid;
avg-cpu:  %user   %nice %system %iowait  %steal   %idle
           1,12    0,00    0,69   32,39    0,00   65,79

Device:         rrqm/s   wrqm/s     r/s     w/s    rkB/s    wkB/s avgrq-sz avgqu-sz   await r_await w_await  svctm  %util
sdb               0,00     3,89  264,36    1,50  2478,40    21,31    18,81     9,86   37,10   35,87  254,64   2,55  67,79
sda               0,10     3,90  270,56    1,49  2508,31    21,31    18,60    31,05  114,14   48,96 11959,34   2,51  68,27
md0               0,00     0,00    0,12    3,26     0,49    13,02     8,00     0,00    0,00    0,00    0,00   0,00   0,00
md1               0,00     0,00    0,00    0,00     0,00     0,00     0,00     0,00    0,00    0,00    0,00   0,00   0,00
md2               0,00     0,00  534,89    1,29  4986,22     6,27    18,62     0,00    0,00    0,00    0,00   0,00   0,00
md3               0,00     0,00    0,00    0,10     0,00     0,40     8,00     0,00    0,00    0,00    0,00   0,00   0,00

Control File Changes
--- /usr/local/oldpgsql/2007-10-02-REL8_3_0~732/before.controldata	2016-08-09 01:35:21.877409081 +0200
+++ /usr/local/oldpgsql/2007-10-02-REL8_3_0~732/after.controldata	2016-08-09 01:36:53.346109711 +0200
@@ -5,4 +5,4 @@
-pg_control last modified:             Mon Aug  8 23:35:21 2016
-Latest checkpoint location:           0/A9134370
-Prior checkpoint location:            0/A9134328
-Latest checkpoint's REDO location:    0/A9134370
+pg_control last modified:             Mon Aug  8 23:36:53 2016
+Latest checkpoint location:           0/A9135ED0
+Prior checkpoint location:            0/A9134370
+Latest checkpoint's REDO location:    0/A9135ED0
@@ -10,2 +10,2 @@
-Latest checkpoint's NextXID:          0/112923
-Latest checkpoint's NextOID:          16469
+Latest checkpoint's NextXID:          0/112924
+Latest checkpoint's NextOID:          24661
@@ -14 +14 @@
-Time of latest checkpoint:            Mon Aug  8 23:35:20 2016
+Time of latest checkpoint:            Mon Aug  8 23:36:51 2016
size after pgbench of pgbench_accounts: 802420
size after pgbench of pgbench_branches_pkey: 32
size after pgbench of pgbench_tellers_pkey: 88
size after pgbench of pgbench_accounts_pkey: 658092
size after pgbench of pgbench_tellers: 360
size after pgbench of pgbench_branches: 256
size after pgbench of pgbench_history: 0
total size after pgbench: 1461248
End Time: 2016-08-08 23:36:53+00:00
========================================================================
========================================================================
Testing 2007-10-02-REL8_3_0~732
Start Time: 2016-08-09 13:33:00+00:00
Shared Buffers:  260000
size before pgbench of pgbench_accounts: 802420
size before pgbench of pgbench_branches_pkey: 32
size before pgbench of pgbench_tellers_pkey: 88
size before pgbench of pgbench_accounts_pkey: 658092
size before pgbench of pgbench_tellers: 360
size before pgbench of pgbench_branches: 256
size before pgbench of pgbench_history: 0
total size before pgbench: 1461248
Linux 3.16.0-4-amd64 (Debian-83-jessie-64-minimal) 	09.08.16 	_x86_64_	(8 CPU)

starting vacuum...end.
transaction type: <builtin: select only>
scaling factor: 300
query mode: simple
number of clients: 32
number of threads: 4
duration: 60 s
number of transactions actually processed: 68494
latency average: 28.032 ms
tps = 1140.108202 (including connections establishing)
tps = 1140.153804 (excluding connections establishing)
script statistics:
 - statement latencies in milliseconds:
         0.002  \set aid random(1, 100000 * :scale)
        28.037  SELECT abalance FROM pgbench_accounts WHERE aid = :aid;
avg-cpu:  %user   %nice %system %iowait  %steal   %idle
           1,13    0,00    0,70   26,20    0,00   71,96

Device:         rrqm/s   wrqm/s     r/s     w/s    rkB/s    wkB/s avgrq-sz avgqu-sz   await r_await w_await  svctm  %util
sdb               0,24     3,98  265,88    1,59  2455,02    24,52    18,54    10,97   41,02   36,51  796,31   2,53  67,72
sda               1,64     4,02  272,02    1,54  2520,22    24,52    18,60    21,25   77,67   50,31 4897,27   2,49  68,15
md0               0,00     0,00    3,57    3,21    14,27    12,84     8,00     0,00    0,00    0,00    0,00   0,00   0,00
md1               0,00     0,00    0,00    0,00     0,00     0,00     0,00     0,00    0,00    0,00    0,00   0,00   0,00
md2               0,00     0,00  536,22    1,42  4960,98     9,47    18,49     0,00    0,00    0,00    0,00   0,00   0,00
md3               0,00     0,00    0,00    0,10     0,00     0,40     8,00     0,00    0,00    0,00    0,00   0,00   0,00

Control File Changes
--- /usr/local/oldpgsql/2007-10-02-REL8_3_0~732/before.controldata	2016-08-09 15:33:38.286523891 +0200
+++ /usr/local/oldpgsql/2007-10-02-REL8_3_0~732/after.controldata	2016-08-09 15:35:10.030741129 +0200
@@ -5,4 +5,4 @@
-pg_control last modified:             Tue Aug  9 13:33:38 2016
-Latest checkpoint location:           0/A9135F60
-Prior checkpoint location:            0/A9135F18
-Latest checkpoint's REDO location:    0/A9135F60
+pg_control last modified:             Tue Aug  9 13:35:09 2016
+Latest checkpoint location:           0/A9137B70
+Prior checkpoint location:            0/A9135F60
+Latest checkpoint's REDO location:    0/A9137B70
@@ -10,2 +10,2 @@
-Latest checkpoint's NextXID:          0/112924
-Latest checkpoint's NextOID:          16470
+Latest checkpoint's NextXID:          0/112925
+Latest checkpoint's NextOID:          24662
@@ -14 +14 @@
-Time of latest checkpoint:            Tue Aug  9 13:33:37 2016
+Time of latest checkpoint:            Tue Aug  9 13:35:08 2016
size after pgbench of pgbench_accounts: 802420
size after pgbench of pgbench_branches_pkey: 32
size after pgbench of pgbench_tellers_pkey: 88
size after pgbench of pgbench_accounts_pkey: 658092
size after pgbench of pgbench_tellers: 360
size after pgbench of pgbench_branches: 256
size after pgbench of pgbench_history: 0
total size after pgbench: 1461248
End Time: 2016-08-09 13:35:10+00:00
========================================================================
========================================================================
Testing 2007-10-02-REL8_3_0~732
Start Time: 2016-08-10 04:44:41+00:00
Shared Buffers:  260000
size before pgbench of pgbench_accounts: 802420
size before pgbench of pgbench_branches_pkey: 32
size before pgbench of pgbench_tellers_pkey: 88
size before pgbench of pgbench_accounts_pkey: 658092
size before pgbench of pgbench_tellers: 360
size before pgbench of pgbench_branches: 256
size before pgbench of pgbench_history: 0
total size before pgbench: 1461248
Linux 3.16.0-4-amd64 (Debian-83-jessie-64-minimal) 	10.08.16 	_x86_64_	(8 CPU)

starting vacuum...end.
transaction type: <builtin: select only>
scaling factor: 300
query mode: simple
number of clients: 32
number of threads: 4
duration: 60 s
number of transactions actually processed: 66055
latency average: 29.067 ms
tps = 1099.236630 (including connections establishing)
tps = 1099.268749 (excluding connections establishing)
script statistics:
 - statement latencies in milliseconds:
         0.002  \set aid random(1, 100000 * :scale)
        29.089  SELECT abalance FROM pgbench_accounts WHERE aid = :aid;
avg-cpu:  %user   %nice %system %iowait  %steal   %idle
           1,12    0,00    0,66   29,28    0,00   68,95

Device:         rrqm/s   wrqm/s     r/s     w/s    rkB/s    wkB/s avgrq-sz avgqu-sz   await r_await w_await  svctm  %util
sdb               0,00     3,81  257,63    1,86  2382,04    25,00    18,55    10,72   41,30   35,81  803,88   2,60  67,54
sda               0,11     3,80  266,40    1,87  2465,60    25,00    18,57    16,12   60,10   53,49 1003,36   2,53  67,80
md0               0,00     0,00    0,13    2,81     0,53    11,24     8,00     0,00    0,00    0,00    0,00   0,00   0,00
md1               0,00     0,00    0,00    0,00     0,00     0,00     0,00     0,00    0,00    0,00    0,00   0,00   0,00
md2               0,00     0,00  524,01    1,72  4847,11    11,11    18,48     0,00    0,00    0,00    0,00   0,00   0,00
md3               0,00     0,00    0,00    0,10     0,00     0,40     8,00     0,00    0,00    0,00    0,00   0,00   0,00

Control File Changes
--- /usr/local/oldpgsql/2007-10-02-REL8_3_0~732/before.controldata	2016-08-10 06:45:19.486537956 +0200
+++ /usr/local/oldpgsql/2007-10-02-REL8_3_0~732/after.controldata	2016-08-10 06:46:50.722686285 +0200
@@ -5,4 +5,4 @@
-pg_control last modified:             Wed Aug 10 04:45:19 2016
-Latest checkpoint location:           0/A9137C00
-Prior checkpoint location:            0/A9137BB8
-Latest checkpoint's REDO location:    0/A9137C00
+pg_control last modified:             Wed Aug 10 04:46:50 2016
+Latest checkpoint location:           0/A91398B8
+Prior checkpoint location:            0/A9137C00
+Latest checkpoint's REDO location:    0/A91398B8
@@ -10,2 +10,2 @@
-Latest checkpoint's NextXID:          0/112925
-Latest checkpoint's NextOID:          16471
+Latest checkpoint's NextXID:          0/112926
+Latest checkpoint's NextOID:          24663
@@ -14 +14 @@
-Time of latest checkpoint:            Wed Aug 10 04:45:19 2016
+Time of latest checkpoint:            Wed Aug 10 04:46:49 2016
size after pgbench of pgbench_accounts: 802420
size after pgbench of pgbench_branches_pkey: 32
size after pgbench of pgbench_tellers_pkey: 88
size after pgbench of pgbench_accounts_pkey: 658092
size after pgbench of pgbench_tellers: 360
size after pgbench of pgbench_branches: 256
size after pgbench of pgbench_history: 0
total size after pgbench: 1461248
End Time: 2016-08-10 04:46:50+00:00
========================================================================
========================================================================
Testing 2007-10-02-REL8_3_0~732
Start Time: 2016-08-11 00:26:21+00:00
Shared Buffers:  260000
size before pgbench of pgbench_accounts: 802420
size before pgbench of pgbench_branches_pkey: 32
size before pgbench of pgbench_tellers_pkey: 88
size before pgbench of pgbench_accounts_pkey: 658092
size before pgbench of pgbench_tellers: 360
size before pgbench of pgbench_branches: 256
size before pgbench of pgbench_history: 0
total size before pgbench: 1461248
Linux 3.16.0-4-amd64 (Debian-83-jessie-64-minimal) 	11.08.16 	_x86_64_	(8 CPU)

starting vacuum...end.
transaction type: <builtin: select only>
scaling factor: 300
query mode: simple
number of clients: 32
number of threads: 4
duration: 60 s
number of transactions actually processed: 66565
latency average: 28.844 ms
tps = 1107.474526 (including connections establishing)
tps = 1107.505271 (excluding connections establishing)
script statistics:
 - statement latencies in milliseconds:
         0.002  \set aid random(1, 100000 * :scale)
        28.857  SELECT abalance FROM pgbench_accounts WHERE aid = :aid;
avg-cpu:  %user   %nice %system %iowait  %steal   %idle
           1,10    0,00    0,69   25,35    0,00   72,86

Device:         rrqm/s   wrqm/s     r/s     w/s    rkB/s    wkB/s avgrq-sz avgqu-sz   await r_await w_await  svctm  %util
sdb               0,00     3,52  265,21    1,97  2458,04    24,24    18,58    13,68   51,21   43,63 1073,51   2,53  67,47
sda               0,11     3,57  260,33    1,92  2395,24    24,24    18,45    17,95   68,43   45,38 3189,80   2,58  67,54
md0               0,00     0,00    0,12    2,76     0,49    11,02     8,00     0,00    0,00    0,00    0,00   0,00   0,00
md1               0,00     0,00    0,00    0,00     0,00     0,00     0,00     0,00    0,00    0,00    0,00   0,00   0,00
md2               0,00     0,00  525,54    1,63  4852,80    10,76    18,45     0,00    0,00    0,00    0,00   0,00   0,00
md3               0,00     0,00    0,00    0,10     0,00     0,40     8,00     0,00    0,00    0,00    0,00   0,00   0,00

Control File Changes
--- /usr/local/oldpgsql/2007-10-02-REL8_3_0~732/before.controldata	2016-08-11 02:26:59.793229960 +0200
+++ /usr/local/oldpgsql/2007-10-02-REL8_3_0~732/after.controldata	2016-08-11 02:28:30.957401389 +0200
@@ -5,4 +5,4 @@
-pg_control last modified:             Thu Aug 11 00:26:59 2016
-Latest checkpoint location:           0/A9139948
-Prior checkpoint location:            0/A9139900
-Latest checkpoint's REDO location:    0/A9139948
+pg_control last modified:             Thu Aug 11 00:28:30 2016
+Latest checkpoint location:           0/A913B6A8
+Prior checkpoint location:            0/A9139948
+Latest checkpoint's REDO location:    0/A913B6A8
@@ -10,2 +10,2 @@
-Latest checkpoint's NextXID:          0/112926
-Latest checkpoint's NextOID:          16472
+Latest checkpoint's NextXID:          0/112927
+Latest checkpoint's NextOID:          24664
@@ -14 +14 @@
-Time of latest checkpoint:            Thu Aug 11 00:26:59 2016
+Time of latest checkpoint:            Thu Aug 11 00:28:29 2016
size after pgbench of pgbench_accounts: 802420
size after pgbench of pgbench_branches_pkey: 32
size after pgbench of pgbench_tellers_pkey: 88
size after pgbench of pgbench_accounts_pkey: 658092
size after pgbench of pgbench_tellers: 360
size after pgbench of pgbench_branches: 256
size after pgbench of pgbench_history: 0
total size after pgbench: 1461248
End Time: 2016-08-11 00:28:31+00:00
========================================================================
========================================================================
Testing 2007-10-02-REL8_3_0~732
Start Time: 2016-08-12 00:16:48+00:00
Shared Buffers:  260000
size before pgbench of pgbench_accounts: 802420
size before pgbench of pgbench_branches_pkey: 32
size before pgbench of pgbench_tellers_pkey: 88
size before pgbench of pgbench_accounts_pkey: 658092
size before pgbench of pgbench_tellers: 360
size before pgbench of pgbench_branches: 256
size before pgbench of pgbench_history: 0
total size before pgbench: 1461248
Linux 3.16.0-4-amd64 (Debian-83-jessie-64-minimal) 	12.08.16 	_x86_64_	(8 CPU)

starting vacuum...end.
transaction type: <builtin: select only>
scaling factor: 300
query mode: simple
number of clients: 32
number of threads: 4
duration: 60 s
number of transactions actually processed: 66654
latency average: 28.805 ms
tps = 1108.830811 (including connections establishing)
tps = 1108.860563 (excluding connections establishing)
script statistics:
 - statement latencies in milliseconds:
         0.002  \set aid random(1, 100000 * :scale)
        28.823  SELECT abalance FROM pgbench_accounts WHERE aid = :aid;
avg-cpu:  %user   %nice %system %iowait  %steal   %idle
           1,10    0,00    0,69   26,63    0,00   71,58

Device:         rrqm/s   wrqm/s     r/s     w/s    rkB/s    wkB/s avgrq-sz avgqu-sz   await r_await w_await  svctm  %util
sdb               0,00     4,04  264,53    1,77  2441,56    25,09    18,53    13,03   48,92   44,10  771,12   2,55  67,84
sda               0,03     4,04  261,70    1,77  2417,29    25,09    18,54    16,79   63,74   45,33 2791,67   2,57  67,63
md0               0,00     0,00    0,09    2,99     0,36    11,96     8,00     0,00    0,00    0,00    0,00   0,00   0,00
md1               0,00     0,00    0,00    0,00     0,00     0,00     0,00     0,00    0,00    0,00    0,00   0,00   0,00
md2               0,00     0,00  526,20    1,72  4858,49    10,67    18,45     0,00    0,00    0,00    0,00   0,00   0,00
md3               0,00     0,00    0,00    0,10     0,00     0,40     8,00     0,00    0,00    0,00    0,00   0,00   0,00

Control File Changes
--- /usr/local/oldpgsql/2007-10-02-REL8_3_0~732/before.controldata	2016-08-12 02:17:26.644398385 +0200
+++ /usr/local/oldpgsql/2007-10-02-REL8_3_0~732/after.controldata	2016-08-12 02:18:57.784675260 +0200
@@ -5,4 +5,4 @@
-pg_control last modified:             Fri Aug 12 00:17:26 2016
-Latest checkpoint location:           0/A913B738
-Prior checkpoint location:            0/A913B6F0
-Latest checkpoint's REDO location:    0/A913B738
+pg_control last modified:             Fri Aug 12 00:18:57 2016
+Latest checkpoint location:           0/A913D538
+Prior checkpoint location:            0/A913B738
+Latest checkpoint's REDO location:    0/A913D538
@@ -10,2 +10,2 @@
-Latest checkpoint's NextXID:          0/112927
-Latest checkpoint's NextOID:          16473
+Latest checkpoint's NextXID:          0/112928
+Latest checkpoint's NextOID:          24665
@@ -14 +14 @@
-Time of latest checkpoint:            Fri Aug 12 00:17:26 2016
+Time of latest checkpoint:            Fri Aug 12 00:18:56 2016
size after pgbench of pgbench_accounts: 802420
size after pgbench of pgbench_branches_pkey: 32
size after pgbench of pgbench_tellers_pkey: 88
size after pgbench of pgbench_accounts_pkey: 658092
size after pgbench of pgbench_tellers: 360
size after pgbench of pgbench_branches: 256
size after pgbench of pgbench_history: 0
total size after pgbench: 1461248
End Time: 2016-08-12 00:18:57+00:00
========================================================================
========================================================================
Testing 2007-10-02-REL8_3_0~732
Start Time: 2016-08-12 13:53:46+00:00
Shared Buffers:  260000
size before pgbench of pgbench_accounts: 802420
size before pgbench of pgbench_branches_pkey: 32
size before pgbench of pgbench_tellers_pkey: 88
size before pgbench of pgbench_accounts_pkey: 658092
size before pgbench of pgbench_tellers: 360
size before pgbench of pgbench_branches: 256
size before pgbench of pgbench_history: 0
total size before pgbench: 1461248
Linux 3.16.0-4-amd64 (Debian-83-jessie-64-minimal) 	12.08.16 	_x86_64_	(8 CPU)

starting vacuum...end.
transaction type: <builtin: select only>
scaling factor: 300
query mode: simple
number of clients: 64
number of threads: 4
duration: 60 s
number of transactions actually processed: 74249
latency average: 51.718 ms
tps = 1235.083956 (including connections establishing)
tps = 1235.115387 (excluding connections establishing)
script statistics:
 - statement latencies in milliseconds:
         0.002  \set aid random(1, 100000 * :scale)
        51.791  SELECT abalance FROM pgbench_accounts WHERE aid = :aid;
avg-cpu:  %user   %nice %system %iowait  %steal   %idle
           1,25    0,00    0,77   32,58    0,00   65,39

Device:         rrqm/s   wrqm/s     r/s     w/s    rkB/s    wkB/s avgrq-sz avgqu-sz   await r_await w_await  svctm  %util
sdb               0,71     4,92  278,64    1,03  2605,87    25,68    18,82    19,58   70,00   66,16 1104,86   2,42  67,57
sda               1,89     4,97  291,06    0,99  2732,22    25,68    18,89    39,42  134,98   98,68 10820,36   2,33  67,92
md0               0,00     0,00    4,40    4,32    17,60    17,29     8,00     0,00    0,00    0,00    0,00   0,00   0,00
md1               0,00     0,00    0,00    0,00     0,00     0,00     0,00     0,00    0,00    0,00    0,00   0,00   0,00
md2               0,00     0,00  567,97    1,17  5320,49     7,56    18,72     0,00    0,00    0,00    0,00   0,00   0,00
md3               0,00     0,00    0,00    0,00     0,00     0,00     0,00     0,00    0,00    0,00    0,00   0,00   0,00

Control File Changes
--- /usr/local/oldpgsql/2007-10-02-REL8_3_0~732/before.controldata	2016-08-12 15:54:23.962941942 +0200
+++ /usr/local/oldpgsql/2007-10-02-REL8_3_0~732/after.controldata	2016-08-12 15:55:55.323152395 +0200
@@ -5,4 +5,4 @@
-pg_control last modified:             Fri Aug 12 13:54:23 2016
-Latest checkpoint location:           0/A913D5C8
-Prior checkpoint location:            0/A913D580
-Latest checkpoint's REDO location:    0/A913D5C8
+pg_control last modified:             Fri Aug 12 13:55:55 2016
+Latest checkpoint location:           0/A913F4C8
+Prior checkpoint location:            0/A913D5C8
+Latest checkpoint's REDO location:    0/A913F4C8
@@ -10,2 +10,2 @@
-Latest checkpoint's NextXID:          0/112928
-Latest checkpoint's NextOID:          16474
+Latest checkpoint's NextXID:          0/112929
+Latest checkpoint's NextOID:          24666
@@ -14 +14 @@
-Time of latest checkpoint:            Fri Aug 12 13:54:23 2016
+Time of latest checkpoint:            Fri Aug 12 13:55:54 2016
size after pgbench of pgbench_accounts: 802420
size after pgbench of pgbench_branches_pkey: 32
size after pgbench of pgbench_tellers_pkey: 88
size after pgbench of pgbench_accounts_pkey: 658092
size after pgbench of pgbench_tellers: 360
size after pgbench of pgbench_branches: 256
size after pgbench of pgbench_history: 0
total size after pgbench: 1461248
End Time: 2016-08-12 13:55:55+00:00
========================================================================
========================================================================
Testing 2007-10-02-REL8_3_0~732
Start Time: 2016-08-12 23:12:15+00:00
Shared Buffers:  260000
size before pgbench of pgbench_accounts: 802420
size before pgbench of pgbench_branches_pkey: 32
size before pgbench of pgbench_tellers_pkey: 88
size before pgbench of pgbench_accounts_pkey: 658092
size before pgbench of pgbench_tellers: 360
size before pgbench of pgbench_branches: 256
size before pgbench of pgbench_history: 0
total size before pgbench: 1461248
Linux 3.16.0-4-amd64 (Debian-83-jessie-64-minimal) 	13.08.16 	_x86_64_	(8 CPU)

+ /usr/local/pgsql/bin/pgbench -T 60 -S -c 64 -j 4 -r
starting vacuum...end.
transaction type: <builtin: select only>
scaling factor: 300
query mode: simple
number of clients: 64
number of threads: 4
duration: 60 s
number of transactions actually processed: 75969
latency average: 50.547 ms
tps = 1261.623379 (including connections establishing)
tps = 1261.654934 (excluding connections establishing)
script statistics:
 - statement latencies in milliseconds:
         0.002  \set aid random(1, 100000 * :scale)
        50.648  SELECT abalance FROM pgbench_accounts WHERE aid = :aid;
avg-cpu:  %user   %nice %system %iowait  %steal   %idle
           1,32    0,00    0,82   34,87    0,00   62,99

Device:         rrqm/s   wrqm/s     r/s     w/s    rkB/s    wkB/s avgrq-sz avgqu-sz   await r_await w_await  svctm  %util
sdb               0,01     4,79  287,01    1,56  2706,18    26,65    18,94    37,89  131,27   80,13 9567,54   2,34  67,65
sda               0,07     4,78  282,58    1,57  2650,40    26,65    18,84    30,30  106,64   87,74 3515,06   2,38  67,64
md0               0,00     0,00    0,10    4,23     0,40    16,93     8,00     0,00    0,00    0,00    0,00   0,00   0,00
md1               0,00     0,00    0,00    0,00     0,00     0,00     0,00     0,00    0,00    0,00    0,00   0,00   0,00
md2               0,00     0,00  569,64    1,24  5356,18     7,64    18,79     0,00    0,00    0,00    0,00   0,00   0,00
md3               0,00     0,00    0,00    0,10     0,00     0,40     8,00     0,00    0,00    0,00    0,00   0,00   0,00

Control File Changes
--- /usr/local/oldpgsql/2007-10-02-REL8_3_0~732/before.controldata	2016-08-13 01:12:54.081567897 +0200
+++ /usr/local/oldpgsql/2007-10-02-REL8_3_0~732/after.controldata	2016-08-13 01:14:25.333757661 +0200
@@ -5,4 +5,4 @@
-pg_control last modified:             Fri Aug 12 23:12:53 2016
-Latest checkpoint location:           0/A913F558
-Prior checkpoint location:            0/A913F510
-Latest checkpoint's REDO location:    0/A913F558
+pg_control last modified:             Fri Aug 12 23:14:25 2016
+Latest checkpoint location:           0/A9140A70
+Prior checkpoint location:            0/A913F558
+Latest checkpoint's REDO location:    0/A9140A70
@@ -10,2 +10,2 @@
-Latest checkpoint's NextXID:          0/112929
-Latest checkpoint's NextOID:          16475
+Latest checkpoint's NextXID:          0/112930
+Latest checkpoint's NextOID:          24667
@@ -14 +14 @@
-Time of latest checkpoint:            Fri Aug 12 23:12:53 2016
+Time of latest checkpoint:            Fri Aug 12 23:14:24 2016
size after pgbench of pgbench_accounts: 802420
size after pgbench of pgbench_branches_pkey: 32
size after pgbench of pgbench_tellers_pkey: 88
size after pgbench of pgbench_accounts_pkey: 658092
size after pgbench of pgbench_tellers: 360
size after pgbench of pgbench_branches: 256
size after pgbench of pgbench_history: 0
total size after pgbench: 1461248
End Time: 2016-08-12 23:14:25+00:00
========================================================================
========================================================================
Testing 2007-10-02-REL8_3_0~732
Start Time: 2016-08-13 07:11:25+00:00
Shared Buffers:  260000
size before pgbench of pgbench_accounts: 802420
size before pgbench of pgbench_branches_pkey: 32
size before pgbench of pgbench_tellers_pkey: 88
size before pgbench of pgbench_accounts_pkey: 658092
size before pgbench of pgbench_tellers: 360
size before pgbench of pgbench_branches: 256
size before pgbench of pgbench_history: 0
total size before pgbench: 1461248
Linux 3.16.0-4-amd64 (Debian-83-jessie-64-minimal) 	13.08.16 	_x86_64_	(8 CPU)

starting vacuum...end.
transaction type: <builtin: select only>
scaling factor: 300
query mode: simple
number of clients: 48
number of threads: 4
duration: 60 s
number of transactions actually processed: 73318
latency average: 39.281 ms
tps = 1219.600641 (including connections establishing)
tps = 1219.636195 (excluding connections establishing)
script statistics:
 - statement latencies in milliseconds:
         0.002  \set aid random(1, 100000 * :scale)
        39.312  SELECT abalance FROM pgbench_accounts WHERE aid = :aid;
avg-cpu:  %user   %nice %system %iowait  %steal   %idle
           1,25    0,00    0,76   34,93    0,00   63,06

Device:         rrqm/s   wrqm/s     r/s     w/s    rkB/s    wkB/s avgrq-sz avgqu-sz   await r_await w_await  svctm  %util
sdb               0,00     4,22  276,13    1,32  2581,78    23,78    18,78    27,53   99,21   55,06 9321,01   2,43  67,52
sda               0,14     4,21  284,42    1,33  2654,71    23,78    18,75    24,13   84,43   71,29 2887,37   2,37  67,75
md0               0,00     0,00    0,17    3,42     0,67    13,69     8,00     0,00    0,00    0,00    0,00   0,00   0,00
md1               0,00     0,00    0,00    0,00     0,00     0,00     0,00     0,00    0,00    0,00    0,00   0,00   0,00
md2               0,00     0,00  560,60    1,29  5235,82     8,04    18,67     0,00    0,00    0,00    0,00   0,00   0,00
md3               0,00     0,00    0,00    0,10     0,00     0,40     8,00     0,00    0,00    0,00    0,00   0,00   0,00

Control File Changes
--- /usr/local/oldpgsql/2007-10-02-REL8_3_0~732/before.controldata	2016-08-13 09:12:03.319434932 +0200
+++ /usr/local/oldpgsql/2007-10-02-REL8_3_0~732/after.controldata	2016-08-13 09:13:34.471626347 +0200
@@ -5,4 +5,4 @@
-pg_control last modified:             Sat Aug 13 07:12:03 2016
-Latest checkpoint location:           0/A9140B00
-Prior checkpoint location:            0/A9140AB8
-Latest checkpoint's REDO location:    0/A9140B00
+pg_control last modified:             Sat Aug 13 07:13:34 2016
+Latest checkpoint location:           0/A91420B8
+Prior checkpoint location:            0/A9140B00
+Latest checkpoint's REDO location:    0/A91420B8
@@ -10,2 +10,2 @@
-Latest checkpoint's NextXID:          0/112930
-Latest checkpoint's NextOID:          16476
+Latest checkpoint's NextXID:          0/112931
+Latest checkpoint's NextOID:          24668
@@ -14 +14 @@
-Time of latest checkpoint:            Sat Aug 13 07:12:02 2016
+Time of latest checkpoint:            Sat Aug 13 07:13:33 2016
size after pgbench of pgbench_accounts: 802420
size after pgbench of pgbench_branches_pkey: 32
size after pgbench of pgbench_tellers_pkey: 88
size after pgbench of pgbench_accounts_pkey: 658092
size after pgbench of pgbench_tellers: 360
size after pgbench of pgbench_branches: 256
size after pgbench of pgbench_history: 0
total size after pgbench: 1461248
End Time: 2016-08-13 07:13:34+00:00
========================================================================
========================================================================
Testing 2007-10-02-REL8_3_0~732
Start Time: 2016-08-13 12:23:13+00:00
Shared Buffers:  260000
size before pgbench of pgbench_accounts: 802420
size before pgbench of pgbench_branches_pkey: 32
size before pgbench of pgbench_tellers_pkey: 88
size before pgbench of pgbench_accounts_pkey: 658092
size before pgbench of pgbench_tellers: 360
size before pgbench of pgbench_branches: 256
size before pgbench of pgbench_history: 0
total size before pgbench: 1461248
Linux 3.16.0-4-amd64 (Debian-83-jessie-64-minimal) 	13.08.16 	_x86_64_	(8 CPU)

starting vacuum...end.
transaction type: <builtin: select only>
scaling factor: 300
query mode: simple
number of clients: 48
number of threads: 4
duration: 60 s
number of transactions actually processed: 71444
latency average: 40.311 ms
tps = 1188.314045 (including connections establishing)
tps = 1188.348002 (excluding connections establishing)
script statistics:
 - statement latencies in milliseconds:
         0.002  \set aid random(1, 100000 * :scale)
        40.357  SELECT abalance FROM pgbench_accounts WHERE aid = :aid;
avg-cpu:  %user   %nice %system %iowait  %steal   %idle
           1,17    0,00    0,79   32,60    0,00   65,44

Device:         rrqm/s   wrqm/s     r/s     w/s    rkB/s    wkB/s avgrq-sz avgqu-sz   await r_await w_await  svctm  %util
sdb               1,83     3,56  274,36    1,54  2564,80    21,47    18,75    19,46   70,54   62,89 1429,76   2,46  67,77
sda               1,52     3,58  279,09    1,52  2623,73    21,47    18,85    27,63   98,44   67,60 5753,87   2,43  68,20
md0               0,00     0,00    4,62    2,84    18,49    11,38     8,00     0,00    0,00    0,00    0,00   0,00   0,00
md1               0,00     0,00    0,00    0,00     0,00     0,00     0,00     0,00    0,00    0,00    0,00   0,00   0,00
md2               0,00     0,00  552,28    1,27  5170,04     7,64    18,71     0,00    0,00    0,00    0,00   0,00   0,00
md3               0,00     0,00    0,00    0,12     0,00     0,49     8,00     0,00    0,00    0,00    0,00   0,00   0,00

Control File Changes
--- /usr/local/oldpgsql/2007-10-02-REL8_3_0~732/before.controldata	2016-08-13 14:23:51.185991183 +0200
+++ /usr/local/oldpgsql/2007-10-02-REL8_3_0~732/after.controldata	2016-08-13 14:25:22.346131644 +0200
@@ -5,4 +5,4 @@
-pg_control last modified:             Sat Aug 13 12:23:51 2016
-Latest checkpoint location:           0/A9142148
-Prior checkpoint location:            0/A9142100
-Latest checkpoint's REDO location:    0/A9142148
+pg_control last modified:             Sat Aug 13 12:25:22 2016
+Latest checkpoint location:           0/A9143788
+Prior checkpoint location:            0/A9142148
+Latest checkpoint's REDO location:    0/A9143788
@@ -10,2 +10,2 @@
-Latest checkpoint's NextXID:          0/112931
-Latest checkpoint's NextOID:          16477
+Latest checkpoint's NextXID:          0/112932
+Latest checkpoint's NextOID:          24669
@@ -14 +14 @@
-Time of latest checkpoint:            Sat Aug 13 12:23:50 2016
+Time of latest checkpoint:            Sat Aug 13 12:25:21 2016
size after pgbench of pgbench_accounts: 802420
size after pgbench of pgbench_branches_pkey: 32
size after pgbench of pgbench_tellers_pkey: 88
size after pgbench of pgbench_accounts_pkey: 658092
size after pgbench of pgbench_tellers: 360
size after pgbench of pgbench_branches: 256
size after pgbench of pgbench_history: 0
total size after pgbench: 1461248
End Time: 2016-08-13 12:25:22+00:00
========================================================================
========================================================================
Testing 2007-10-02-REL8_3_0~732
Start Time: 2016-08-14 18:16:08+00:00
Shared Buffers:  260000
size before pgbench of pgbench_accounts: 802420
size before pgbench of pgbench_branches_pkey: 32
size before pgbench of pgbench_tellers_pkey: 88
size before pgbench of pgbench_accounts_pkey: 658092
size before pgbench of pgbench_tellers: 360
size before pgbench of pgbench_branches: 256
size before pgbench of pgbench_history: 0
total size before pgbench: 1461248
Linux 3.16.0-4-amd64 (Debian-83-jessie-64-minimal) 	14.08.16 	_x86_64_	(8 CPU)

starting vacuum...end.
transaction type: <builtin: TPC-B (sort of)>
scaling factor: 300
query mode: simple
number of clients: 32
number of threads: 4
duration: 900 s
number of transactions actually processed: 26229
latency average: 1098.021 ms
tps = 29.131027 (including connections establishing)
tps = 29.131082 (excluding connections establishing)
script statistics:
 - statement latencies in milliseconds:
         0.003  \set aid random(1, 100000 * :scale)
         0.001  \set bid random(1, 1 * :scale)
         0.001  \set tid random(1, 10 * :scale)
         0.001  \set delta random(-5000, 5000)
         0.139  BEGIN;
       513.777  UPDATE pgbench_accounts SET abalance = abalance + :delta WHERE aid = :aid;
         0.868  SELECT abalance FROM pgbench_accounts WHERE aid = :aid;
       187.464  UPDATE pgbench_tellers SET tbalance = tbalance + :delta WHERE tid = :tid;
       114.879  UPDATE pgbench_branches SET bbalance = bbalance + :delta WHERE bid = :bid;
        69.834  INSERT INTO pgbench_history (tid, bid, aid, delta, mtime) VALUES (:tid, :bid, :aid, :delta, CURRENT_TIMESTAMP);
       211.956  END;
avg-cpu:  %user   %nice %system %iowait  %steal   %idle
           0,38    0,00    0,22   10,10    0,00   89,30

Device:         rrqm/s   wrqm/s     r/s     w/s    rkB/s    wkB/s avgrq-sz avgqu-sz   await r_await w_await  svctm  %util
sdb               0,00     2,59    2,47  125,36    20,67   880,66    14,10    11,68   90,94   25,19   92,24   4,33  55,41
sda               0,00     2,60   22,45  125,41   190,27   881,09    14,49    14,33   96,79   37,02  107,49   5,79  85,56
md0               0,00     0,00    0,07    0,11     0,27     0,43     8,00     0,00    0,00    0,00    0,00   0,00   0,00
md1               0,00     0,00    0,00    0,00     0,00     0,00     0,00     0,00    0,00    0,00    0,00   0,00   0,00
md2               0,00     0,00   24,85  127,39   210,67   879,92    14,33     0,00    0,00    0,00    0,00   0,00   0,00
md3               0,00     0,00    0,00    0,01     0,00     0,04     8,00     0,00    0,00    0,00    0,00   0,00   0,00

Control File Changes
--- /usr/local/oldpgsql/2007-10-02-REL8_3_0~732/before.controldata	2016-08-14 20:16:47.495366937 +0200
+++ /usr/local/oldpgsql/2007-10-02-REL8_3_0~732/after.controldata	2016-08-14 20:33:11.949839563 +0200
@@ -5,4 +5,4 @@
-pg_control last modified:             Sun Aug 14 18:16:47 2016
-Latest checkpoint location:           0/A9143818
-Prior checkpoint location:            0/A91437D0
-Latest checkpoint's REDO location:    0/A9143818
+pg_control last modified:             Sun Aug 14 18:33:11 2016
+Latest checkpoint location:           0/BF6C30B8
+Prior checkpoint location:            0/BF6C3070
+Latest checkpoint's REDO location:    0/BF6C30B8
@@ -10,2 +10,2 @@
-Latest checkpoint's NextXID:          0/112932
-Latest checkpoint's NextOID:          16478
+Latest checkpoint's NextXID:          0/139203
+Latest checkpoint's NextOID:          24670
@@ -14 +14 @@
-Time of latest checkpoint:            Sun Aug 14 18:16:47 2016
+Time of latest checkpoint:            Sun Aug 14 18:33:10 2016
size after pgbench of pgbench_accounts: 805252
size after pgbench of pgbench_branches_pkey: 32
size after pgbench of pgbench_tellers_pkey: 88
size after pgbench of pgbench_accounts_pkey: 658092
size after pgbench of pgbench_tellers: 360
size after pgbench of pgbench_branches: 256
size after pgbench of pgbench_history: 3080
total size after pgbench: 1467160
End Time: 2016-08-14 18:33:12+00:00
========================================================================
========================================================================
Testing 2007-10-02-REL8_3_0~732
Start Time: 2016-08-15 21:59:39+00:00
Shared Buffers:  260000
size before pgbench of pgbench_accounts: 805252
size before pgbench of pgbench_branches_pkey: 32
size before pgbench of pgbench_tellers_pkey: 88
size before pgbench of pgbench_accounts_pkey: 658092
size before pgbench of pgbench_tellers: 360
size before pgbench of pgbench_branches: 256
size before pgbench of pgbench_history: 3080
total size before pgbench: 1467160
Linux 4.6.0-1-amd64 (Debian-83-jessie-64-minimal) 	16.08.16 	_x86_64_	(8 CPU)

starting vacuum...end.
transaction type: <builtin: TPC-B (sort of)>
scaling factor: 300
query mode: simple
number of clients: 32
number of threads: 4
duration: 900 s
number of transactions actually processed: 24744
latency average: 1163.919 ms
tps = 27.480336 (including connections establishing)
tps = 27.480391 (excluding connections establishing)
script statistics:
 - statement latencies in milliseconds:
         0.003  \set aid random(1, 100000 * :scale)
         0.001  \set bid random(1, 1 * :scale)
         0.001  \set tid random(1, 10 * :scale)
         0.001  \set delta random(-5000, 5000)
         0.132  BEGIN;
       537.498  UPDATE pgbench_accounts SET abalance = abalance + :delta WHERE aid = :aid;
         1.154  SELECT abalance FROM pgbench_accounts WHERE aid = :aid;
       214.504  UPDATE pgbench_tellers SET tbalance = tbalance + :delta WHERE tid = :tid;
       122.709  UPDATE pgbench_branches SET bbalance = bbalance + :delta WHERE bid = :bid;
        77.567  INSERT INTO pgbench_history (tid, bid, aid, delta, mtime) VALUES (:tid, :bid, :aid, :delta, CURRENT_TIMESTAMP);
       211.276  END;
avg-cpu:  %user   %nice %system %iowait  %steal   %idle
           0,35    0,00    0,24   20,43    0,00   78,99

Device:         rrqm/s   wrqm/s     r/s     w/s    rkB/s    wkB/s avgrq-sz avgqu-sz   await r_await w_await  svctm  %util
sdb               0,00     2,71    3,44  113,88    28,40   820,94    14,48    16,22  138,26   25,49  141,67   5,25  61,56
sda               0,01     2,71   20,08  113,73   168,24   819,71    14,77    13,99  104,27   37,55  116,04   6,09  81,50
md0               0,00     0,00    0,05    0,01     0,22     0,02     8,00     0,00    0,00    0,00    0,00   0,00   0,00
md1               0,00     0,00    0,00    0,00     0,00     0,00     0,00     0,00    0,00    0,00    0,00   0,00   0,00
md2               0,00     0,00   23,47  116,26   196,42   820,48    14,55     0,00    0,00    0,00    0,00   0,00   0,00
md3               0,00     0,00    0,00    0,01     0,00     0,04     8,00     0,00    0,00    0,00    0,00   0,00   0,00

Control File Changes
--- /usr/local/oldpgsql/2007-10-02-REL8_3_0~732/before.controldata	2016-08-16 00:05:31.850301863 +0200
+++ /usr/local/oldpgsql/2007-10-02-REL8_3_0~732/after.controldata	2016-08-16 00:21:37.636089729 +0200
@@ -5,4 +5,4 @@
-pg_control last modified:             Mon Aug 15 22:05:31 2016
-Latest checkpoint location:           0/CBAC6E98
-Prior checkpoint location:            0/CBAC6E50
-Latest checkpoint's REDO location:    0/CBAC6E98
+pg_control last modified:             Mon Aug 15 22:21:37 2016
+Latest checkpoint location:           0/E04EF818
+Prior checkpoint location:            0/E04EF7D0
+Latest checkpoint's REDO location:    0/E04EF818
@@ -10,2 +10,2 @@
-Latest checkpoint's NextXID:          0/139203
-Latest checkpoint's NextOID:          16479
+Latest checkpoint's NextXID:          0/163990
+Latest checkpoint's NextOID:          24671
@@ -14 +14 @@
-Time of latest checkpoint:            Mon Aug 15 22:05:30 2016
+Time of latest checkpoint:            Mon Aug 15 22:21:36 2016
size after pgbench of pgbench_accounts: 807796
size after pgbench of pgbench_branches_pkey: 32
size after pgbench of pgbench_tellers_pkey: 88
size after pgbench of pgbench_accounts_pkey: 658092
size after pgbench of pgbench_tellers: 360
size after pgbench of pgbench_branches: 256
size after pgbench of pgbench_history: 3312
total size after pgbench: 1469936
End Time: 2016-08-15 22:21:37+00:00
========================================================================
========================================================================
Testing 2007-10-02-REL8_3_0~732
Start Time: 2016-08-19 17:43:15+00:00
Shared Buffers:  260000
size before pgbench of pgbench_accounts: 807796
size before pgbench of pgbench_branches_pkey: 32
size before pgbench of pgbench_tellers_pkey: 88
size before pgbench of pgbench_accounts_pkey: 658092
size before pgbench of pgbench_tellers: 360
size before pgbench of pgbench_branches: 256
size before pgbench of pgbench_history: 3312
total size before pgbench: 1469936
Linux 4.6.0-1-amd64 (Debian-83-jessie-64-minimal) 	19.08.16 	_x86_64_	(8 CPU)

starting vacuum...end.
transaction type: <builtin: TPC-B (sort of)>
scaling factor: 300
query mode: simple
number of clients: 32
number of threads: 4
duration: 900 s
number of transactions actually processed: 26447
latency average: 1088.970 ms
tps = 29.318850 (including connections establishing)
tps = 29.318900 (excluding connections establishing)
script statistics:
 - statement latencies in milliseconds:
         0.002  \set aid random(1, 100000 * :scale)
         0.001  \set bid random(1, 1 * :scale)
         0.001  \set tid random(1, 10 * :scale)
         0.001  \set delta random(-5000, 5000)
         0.129  BEGIN;
       504.638  UPDATE pgbench_accounts SET abalance = abalance + :delta WHERE aid = :aid;
         1.060  SELECT abalance FROM pgbench_accounts WHERE aid = :aid;
       188.911  UPDATE pgbench_tellers SET tbalance = tbalance + :delta WHERE tid = :tid;
       114.887  UPDATE pgbench_branches SET bbalance = bbalance + :delta WHERE bid = :bid;
        67.722  INSERT INTO pgbench_history (tid, bid, aid, delta, mtime) VALUES (:tid, :bid, :aid, :delta, CURRENT_TIMESTAMP);
       213.878  END;
avg-cpu:  %user   %nice %system %iowait  %steal   %idle
           0,37    0,00    0,24   20,85    0,00   78,54

Device:         rrqm/s   wrqm/s     r/s     w/s    rkB/s    wkB/s avgrq-sz avgqu-sz   await r_await w_await  svctm  %util
sdb               0,00     2,66    3,77  124,30    31,74   878,14    14,21    14,88  115,66   24,30  118,43   4,78  61,21
sda               0,16     2,67   21,29  124,25   180,05   877,81    14,54    17,22  117,85   37,93  131,54   5,80  84,41
md0               0,00     0,00    0,26    0,00     1,05     0,00     8,00     0,00    0,00    0,00    0,00   0,00   0,00
md1               0,00     0,00    0,00    0,00     0,00     0,00     0,00     0,00    0,00    0,00    0,00   0,00   0,00
md2               0,00     0,00   24,95  127,50   210,73   884,57    14,37     0,00    0,00    0,00    0,00   0,00   0,00
md3               0,00     0,00    0,00    0,01     0,00     0,04     8,00     0,00    0,00    0,00    0,00   0,00   0,00

Control File Changes
--- /usr/local/oldpgsql/2007-10-02-REL8_3_0~732/before.controldata	2016-08-19 19:48:25.366590753 +0200
+++ /usr/local/oldpgsql/2007-10-02-REL8_3_0~732/after.controldata	2016-08-19 20:04:58.865177825 +0200
@@ -5,4 +5,4 @@
-pg_control last modified:             Fri Aug 19 17:48:25 2016
-Latest checkpoint location:           0/EBDC8F58
-Prior checkpoint location:            0/E04EF860
-Latest checkpoint's REDO location:    0/EBDC8F58
+pg_control last modified:             Fri Aug 19 18:04:58 2016
+Latest checkpoint location:           1/28DDF98
+Prior checkpoint location:            1/28DDF50
+Latest checkpoint's REDO location:    1/28DDF98
@@ -10,2 +10,2 @@
-Latest checkpoint's NextXID:          0/163990
-Latest checkpoint's NextOID:          16480
+Latest checkpoint's NextXID:          0/190478
+Latest checkpoint's NextOID:          24672
@@ -14 +14 @@
-Time of latest checkpoint:            Fri Aug 19 17:47:55 2016
+Time of latest checkpoint:            Fri Aug 19 18:04:44 2016
size after pgbench of pgbench_accounts: 810364
size after pgbench of pgbench_branches_pkey: 32
size after pgbench of pgbench_tellers_pkey: 88
size after pgbench of pgbench_accounts_pkey: 658092
size after pgbench of pgbench_tellers: 360
size after pgbench of pgbench_branches: 256
size after pgbench of pgbench_history: 3064
total size after pgbench: 1472256
End Time: 2016-08-19 18:04:58+00:00
========================================================================
