ERROR:  syntax error at or near "("
LINE 1: ...t null,bid int,tbalance int,filler char(84)) with (fillfacto...
                                                             ^
starting vacuum...ERROR:  relation "pgbench_tellers" does not exist
(ignoring this error and continuing anyway)
end.
client 3 aborted in state 7: ERROR:  relation "pgbench_tellers" does not exist
client 28 aborted in state 7: ERROR:  relation "pgbench_tellers" does not exist
client 13 aborted in state 7: ERROR:  relation "pgbench_tellers" does not exist
client 26 aborted in state 7: ERROR:  relation "pgbench_tellers" does not exist
client 14 aborted in state 7: ERROR:  relation "pgbench_tellers" does not exist
client 15 aborted in state 7: ERROR:  relation "pgbench_tellers" does not exist
client 11 aborted in state 7: ERROR:  relation "pgbench_tellers" does not exist
client 1 aborted in state 7: ERROR:  relation "pgbench_tellers" does not exist
client 27 aborted in state 7: ERROR:  relation "pgbench_tellers" does not exist
client 6 aborted in state 7: ERROR:  relation "pgbench_tellers" does not exist
client 8 aborted in state 7: ERROR:  relation "pgbench_tellers" does not exist
client 2 aborted in state 7: ERROR:  relation "pgbench_tellers" does not exist
client 25 aborted in state 7: ERROR:  relation "pgbench_tellers" does not exist
client 29 aborted in state 7: ERROR:  relation "pgbench_tellers" does not exist
client 30 aborted in state 7: ERROR:  relation "pgbench_tellers" does not exist
client 12 aborted in state 7: ERROR:  relation "pgbench_tellers" does not exist
client 24 aborted in state 7: ERROR:  relation "pgbench_tellers" does not exist
client 23 aborted in state 7: ERROR:  relation "pgbench_tellers" does not exist
client 18 aborted in state 7: ERROR:  relation "pgbench_tellers" does not exist
client 16 aborted in state 7: ERROR:  relation "pgbench_tellers" does not exist
client 21 aborted in state 7: ERROR:  relation "pgbench_tellers" does not exist
client 17 aborted in state 7: ERROR:  relation "pgbench_tellers" does not exist
client 20 aborted in state 7: ERROR:  relation "pgbench_tellers" does not exist
client 22 aborted in state 7: ERROR:  relation "pgbench_tellers" does not exist
client 10 aborted in state 7: ERROR:  relation "pgbench_tellers" does not exist
client 4 aborted in state 7: ERROR:  relation "pgbench_tellers" does not exist
client 9 aborted in state 7: ERROR:  relation "pgbench_tellers" does not exist
client 5 aborted in state 7: ERROR:  relation "pgbench_tellers" does not exist
client 0 aborted in state 7: ERROR:  relation "pgbench_tellers" does not exist
client 19 aborted in state 7: ERROR:  relation "pgbench_tellers" does not exist
client 7 aborted in state 7: ERROR:  relation "pgbench_tellers" does not exist
client 31 aborted in state 7: ERROR:  relation "pgbench_tellers" does not exist
transaction type: <builtin: TPC-B (sort of)>
scaling factor: 300
query mode: simple
number of clients: 32
number of threads: 4
duration: 60 s
number of transactions actually processed: 0
starting vacuum...ERROR:  relation "pgbench_tellers" does not exist
(ignoring this error and continuing anyway)
end.
client 1 aborted in state 7: ERROR:  relation "pgbench_tellers" does not exist
client 28 aborted in state 7: ERROR:  relation "pgbench_tellers" does not exist
client 31 aborted in state 7: ERROR:  relation "pgbench_tellers" does not exist
client 9 aborted in state 7: ERROR:  relation "pgbench_tellers" does not exist
client 3 aborted in state 7: ERROR:  relation "pgbench_tellers" does not exist
client 30 aborted in state 7: ERROR:  relation "pgbench_tellers" does not exist
client 20 aborted in state 7: ERROR:  relation "pgbench_tellers" does not exist
client 14 aborted in state 7: ERROR:  relation "pgbench_tellers" does not exist
client 5 aborted in state 7: ERROR:  relation "pgbench_tellers" does not exist
client 21 aborted in state 7: ERROR:  relation "pgbench_tellers" does not exist
client 16 aborted in state 7: ERROR:  relation "pgbench_tellers" does not exist
client 0 aborted in state 7: ERROR:  relation "pgbench_tellers" does not exist
client 6 aborted in state 7: ERROR:  relation "pgbench_tellers" does not exist
client 4 aborted in state 7: ERROR:  relation "pgbench_tellers" does not exist
client 19 aborted in state 7: ERROR:  relation "pgbench_tellers" does not exist
client 25 aborted in state 7: ERROR:  relation "pgbench_tellers" does not exist
client 23 aborted in state 7: ERROR:  relation "pgbench_tellers" does not exist
client 22 aborted in state 7: ERROR:  relation "pgbench_tellers" does not exist
client 2 aborted in state 7: ERROR:  relation "pgbench_tellers" does not exist
client 8 aborted in state 7: ERROR:  relation "pgbench_tellers" does not exist
client 27 aborted in state 7: ERROR:  relation "pgbench_tellers" does not exist
client 10 aborted in state 7: ERROR:  relation "pgbench_tellers" does not exist
client 12 aborted in state 7: ERROR:  relation "pgbench_tellers" does not exist
client 13 aborted in state 7: ERROR:  relation "pgbench_tellers" does not exist
client 15 aborted in state 7: ERROR:  relation "pgbench_tellers" does not exist
client 11 aborted in state 7: ERROR:  relation "pgbench_tellers" does not exist
client 18 aborted in state 7: ERROR:  relation "pgbench_tellers" does not exist
client 17 aborted in state 7: ERROR:  relation "pgbench_tellers" does not exist
client 29 aborted in state 7: ERROR:  relation "pgbench_tellers" does not exist
client 24 aborted in state 7: ERROR:  relation "pgbench_tellers" does not exist
client 26 aborted in state 7: ERROR:  relation "pgbench_tellers" does not exist
client 7 aborted in state 7: ERROR:  relation "pgbench_tellers" does not exist
transaction type: <builtin: TPC-B (sort of)>
scaling factor: 300
query mode: simple
number of clients: 32
number of threads: 4
duration: 60 s
number of transactions actually processed: 0
starting vacuum...ERROR:  relation "pgbench_tellers" does not exist
(ignoring this error and continuing anyway)
end.
client 25 aborted in state 7: ERROR:  relation "pgbench_tellers" does not exist
client 23 aborted in state 7: ERROR:  relation "pgbench_tellers" does not exist
client 4 aborted in state 7: ERROR:  relation "pgbench_tellers" does not exist
client 14 aborted in state 7: ERROR:  relation "pgbench_tellers" does not exist
client 22 aborted in state 7: ERROR:  relation "pgbench_tellers" does not exist
client 24 aborted in state 7: ERROR:  relation "pgbench_tellers" does not exist
client 3 aborted in state 7: ERROR:  relation "pgbench_tellers" does not exist
client 7 aborted in state 7: ERROR:  relation "pgbench_tellers" does not exist
client 18 aborted in state 7: ERROR:  relation "pgbench_tellers" does not exist
client 27 aborted in state 7: ERROR:  relation "pgbench_tellers" does not exist
client 9 aborted in state 7: ERROR:  relation "pgbench_tellers" does not exist
client 5 aborted in state 7: ERROR:  relation "pgbench_tellers" does not exist
client 26 aborted in state 7: ERROR:  relation "pgbench_tellers" does not exist
client 1 aborted in state 7: ERROR:  relation "pgbench_tellers" does not exist
client 29 aborted in state 7: ERROR:  relation "pgbench_tellers" does not exist
client 10 aborted in state 7: ERROR:  relation "pgbench_tellers" does not exist
client 11 aborted in state 7: ERROR:  relation "pgbench_tellers" does not exist
client 8 aborted in state 7: ERROR:  relation "pgbench_tellers" does not exist
client 6 aborted in state 7: ERROR:  relation "pgbench_tellers" does not exist
client 13 aborted in state 7: ERROR:  relation "pgbench_tellers" does not exist
client 20 aborted in state 7: ERROR:  relation "pgbench_tellers" does not exist
client 28 aborted in state 7: ERROR:  relation "pgbench_tellers" does not exist
client 19 aborted in state 7: ERROR:  relation "pgbench_tellers" does not exist
client 0 aborted in state 7: ERROR:  relation "pgbench_tellers" does not exist
client 15 aborted in state 7: ERROR:  relation "pgbench_tellers" does not exist
client 21 aborted in state 7: ERROR:  relation "pgbench_tellers" does not exist
client 12 aborted in state 7: ERROR:  relation "pgbench_tellers" does not exist
client 17 aborted in state 7: ERROR:  relation "pgbench_tellers" does not exist
client 31 aborted in state 7: ERROR:  relation "pgbench_tellers" does not exist
client 2 aborted in state 7: ERROR:  relation "pgbench_tellers" does not exist
client 30 aborted in state 7: ERROR:  relation "pgbench_tellers" does not exist
client 16 aborted in state 7: ERROR:  relation "pgbench_tellers" does not exist
transaction type: <builtin: TPC-B (sort of)>
scaling factor: 300
query mode: simple
number of clients: 32
number of threads: 4
duration: 60 s
number of transactions actually processed: 0
starting vacuum...ERROR:  relation "pgbench_tellers" does not exist
(ignoring this error and continuing anyway)
end.
client 25 aborted in state 7: ERROR:  relation "pgbench_tellers" does not exist
client 9 aborted in state 7: ERROR:  relation "pgbench_tellers" does not exist
client 31 aborted in state 7: ERROR:  relation "pgbench_tellers" does not exist
client 18 aborted in state 7: ERROR:  relation "pgbench_tellers" does not exist
client 28 aborted in state 7: ERROR:  relation "pgbench_tellers" does not exist
client 20 aborted in state 7: ERROR:  relation "pgbench_tellers" does not exist
client 15 aborted in state 7: ERROR:  relation "pgbench_tellers" does not exist
client 2 aborted in state 7: ERROR:  relation "pgbench_tellers" does not exist
client 19 aborted in state 7: ERROR:  relation "pgbench_tellers" does not exist
client 22 aborted in state 7: ERROR:  relation "pgbench_tellers" does not exist
client 24 aborted in state 7: ERROR:  relation "pgbench_tellers" does not exist
client 12 aborted in state 7: ERROR:  relation "pgbench_tellers" does not exist
client 17 aborted in state 7: ERROR:  relation "pgbench_tellers" does not exist
client 8 aborted in state 7: ERROR:  relation "pgbench_tellers" does not exist
client 1 aborted in state 7: ERROR:  relation "pgbench_tellers" does not exist
client 29 aborted in state 7: ERROR:  relation "pgbench_tellers" does not exist
client 16 aborted in state 7: ERROR:  relation "pgbench_tellers" does not exist
client 0 aborted in state 7: ERROR:  relation "pgbench_tellers" does not exist
client 13 aborted in state 7: ERROR:  relation "pgbench_tellers" does not exist
client 5 aborted in state 7: ERROR:  relation "pgbench_tellers" does not exist
client 26 aborted in state 7: ERROR:  relation "pgbench_tellers" does not exist
client 10 aborted in state 7: ERROR:  relation "pgbench_tellers" does not exist
client 6 aborted in state 7: ERROR:  relation "pgbench_tellers" does not exist
client 23 aborted in state 7: ERROR:  relation "pgbench_tellers" does not exist
client 3 aborted in state 7: ERROR:  relation "pgbench_tellers" does not exist
client 21 aborted in state 7: ERROR:  relation "pgbench_tellers" does not exist
client 7 aborted in state 7: ERROR:  relation "pgbench_tellers" does not exist
client 11 aborted in state 7: ERROR:  relation "pgbench_tellers" does not exist
client 30 aborted in state 7: ERROR:  relation "pgbench_tellers" does not exist
client 14 aborted in state 7: ERROR:  relation "pgbench_tellers" does not exist
client 27 aborted in state 7: ERROR:  relation "pgbench_tellers" does not exist
client 4 aborted in state 7: ERROR:  relation "pgbench_tellers" does not exist
transaction type: <builtin: TPC-B (sort of)>
scaling factor: 300
query mode: simple
number of clients: 32
number of threads: 4
duration: 900 s
number of transactions actually processed: 0
Initializing pgbench scale factor 300 on 2006-01-02-REL8_2_0~2042...
ERROR:  table "pgbench_tellers" does not exist
(ignoring this error and continuing anyway)
creating tables...
100000 of 30000000 tuples (0%) done (elapsed 20.66 s, remaining 6178.62 s)
200000 of 30000000 tuples (0%) done (elapsed 42.69 s, remaining 6361.16 s)
300000 of 30000000 tuples (1%) done (elapsed 51.58 s, remaining 5106.45 s)
400000 of 30000000 tuples (1%) done (elapsed 60.44 s, remaining 4472.28 s)
500000 of 30000000 tuples (1%) done (elapsed 68.59 s, remaining 4046.72 s)
600000 of 30000000 tuples (2%) done (elapsed 76.79 s, remaining 3762.92 s)
700000 of 30000000 tuples (2%) done (elapsed 85.32 s, remaining 3571.45 s)
800000 of 30000000 tuples (2%) done (elapsed 92.27 s, remaining 3367.78 s)
900000 of 30000000 tuples (3%) done (elapsed 97.96 s, remaining 3167.39 s)
1000000 of 30000000 tuples (3%) done (elapsed 102.26 s, remaining 2965.55 s)
1100000 of 30000000 tuples (3%) done (elapsed 106.58 s, remaining 2800.10 s)
1200000 of 30000000 tuples (4%) done (elapsed 111.30 s, remaining 2671.17 s)
1300000 of 30000000 tuples (4%) done (elapsed 116.97 s, remaining 2582.43 s)
1400000 of 30000000 tuples (4%) done (elapsed 122.41 s, remaining 2500.76 s)
1500000 of 30000000 tuples (5%) done (elapsed 126.84 s, remaining 2409.92 s)
1600000 of 30000000 tuples (5%) done (elapsed 132.54 s, remaining 2352.63 s)
1700000 of 30000000 tuples (5%) done (elapsed 136.87 s, remaining 2278.54 s)
1800000 of 30000000 tuples (6%) done (elapsed 141.45 s, remaining 2215.99 s)
1900000 of 30000000 tuples (6%) done (elapsed 145.97 s, remaining 2158.81 s)
2000000 of 30000000 tuples (6%) done (elapsed 152.15 s, remaining 2130.11 s)
2100000 of 30000000 tuples (7%) done (elapsed 157.09 s, remaining 2087.11 s)
2200000 of 30000000 tuples (7%) done (elapsed 161.37 s, remaining 2039.19 s)
2300000 of 30000000 tuples (7%) done (elapsed 166.61 s, remaining 2006.62 s)
2400000 of 30000000 tuples (8%) done (elapsed 171.04 s, remaining 1967.00 s)
2500000 of 30000000 tuples (8%) done (elapsed 175.39 s, remaining 1929.33 s)
2600000 of 30000000 tuples (8%) done (elapsed 181.17 s, remaining 1909.21 s)
2700000 of 30000000 tuples (9%) done (elapsed 185.80 s, remaining 1878.63 s)
2800000 of 30000000 tuples (9%) done (elapsed 191.21 s, remaining 1857.51 s)
2900000 of 30000000 tuples (9%) done (elapsed 195.56 s, remaining 1827.47 s)
3000000 of 30000000 tuples (10%) done (elapsed 200.76 s, remaining 1806.86 s)
3100000 of 30000000 tuples (10%) done (elapsed 205.44 s, remaining 1782.70 s)
3200000 of 30000000 tuples (10%) done (elapsed 209.54 s, remaining 1754.90 s)
3300000 of 30000000 tuples (11%) done (elapsed 213.81 s, remaining 1729.94 s)
3400000 of 30000000 tuples (11%) done (elapsed 219.84 s, remaining 1719.91 s)
3500000 of 30000000 tuples (11%) done (elapsed 224.51 s, remaining 1699.89 s)
3600000 of 30000000 tuples (12%) done (elapsed 229.18 s, remaining 1680.68 s)
3700000 of 30000000 tuples (12%) done (elapsed 234.40 s, remaining 1666.13 s)
3800000 of 30000000 tuples (12%) done (elapsed 238.74 s, remaining 1646.03 s)
3900000 of 30000000 tuples (13%) done (elapsed 243.09 s, remaining 1626.85 s)
4000000 of 30000000 tuples (13%) done (elapsed 247.50 s, remaining 1608.72 s)
4100000 of 30000000 tuples (13%) done (elapsed 252.82 s, remaining 1597.05 s)
4200000 of 30000000 tuples (14%) done (elapsed 257.26 s, remaining 1580.31 s)
4300000 of 30000000 tuples (14%) done (elapsed 261.59 s, remaining 1563.46 s)
4400000 of 30000000 tuples (14%) done (elapsed 266.69 s, remaining 1551.64 s)
4500000 of 30000000 tuples (15%) done (elapsed 271.35 s, remaining 1537.63 s)
4600000 of 30000000 tuples (15%) done (elapsed 275.67 s, remaining 1522.15 s)
4700000 of 30000000 tuples (15%) done (elapsed 279.95 s, remaining 1506.95 s)
4800000 of 30000000 tuples (16%) done (elapsed 284.23 s, remaining 1492.22 s)
4900000 of 30000000 tuples (16%) done (elapsed 289.73 s, remaining 1484.10 s)
5000000 of 30000000 tuples (16%) done (elapsed 294.42 s, remaining 1472.08 s)
5100000 of 30000000 tuples (17%) done (elapsed 299.49 s, remaining 1462.19 s)
5200000 of 30000000 tuples (17%) done (elapsed 303.80 s, remaining 1448.88 s)
5300000 of 30000000 tuples (17%) done (elapsed 308.22 s, remaining 1436.43 s)
5400000 of 30000000 tuples (18%) done (elapsed 312.53 s, remaining 1423.76 s)
5500000 of 30000000 tuples (18%) done (elapsed 318.34 s, remaining 1418.06 s)
5600000 of 30000000 tuples (18%) done (elapsed 322.45 s, remaining 1404.97 s)
5700000 of 30000000 tuples (19%) done (elapsed 326.76 s, remaining 1393.03 s)
5800000 of 30000000 tuples (19%) done (elapsed 331.11 s, remaining 1381.52 s)
5900000 of 30000000 tuples (19%) done (elapsed 336.23 s, remaining 1373.40 s)
6000000 of 30000000 tuples (20%) done (elapsed 340.91 s, remaining 1363.65 s)
6100000 of 30000000 tuples (20%) done (elapsed 345.33 s, remaining 1353.01 s)
6200000 of 30000000 tuples (20%) done (elapsed 350.85 s, remaining 1346.82 s)
6300000 of 30000000 tuples (21%) done (elapsed 355.30 s, remaining 1336.61 s)
6400000 of 30000000 tuples (21%) done (elapsed 359.68 s, remaining 1326.33 s)
6500000 of 30000000 tuples (21%) done (elapsed 364.32 s, remaining 1317.15 s)
6600000 of 30000000 tuples (22%) done (elapsed 369.47 s, remaining 1309.94 s)
6700000 of 30000000 tuples (22%) done (elapsed 375.16 s, remaining 1304.67 s)
6800000 of 30000000 tuples (22%) done (elapsed 379.33 s, remaining 1294.18 s)
6900000 of 30000000 tuples (23%) done (elapsed 383.73 s, remaining 1284.66 s)
7000000 of 30000000 tuples (23%) done (elapsed 388.28 s, remaining 1275.77 s)
7100000 of 30000000 tuples (23%) done (elapsed 392.44 s, remaining 1265.76 s)
7200000 of 30000000 tuples (24%) done (elapsed 396.78 s, remaining 1256.48 s)
7300000 of 30000000 tuples (24%) done (elapsed 401.76 s, remaining 1249.30 s)
7400000 of 30000000 tuples (24%) done (elapsed 406.30 s, remaining 1240.87 s)
7500000 of 30000000 tuples (25%) done (elapsed 410.47 s, remaining 1231.41 s)
7600000 of 30000000 tuples (25%) done (elapsed 415.33 s, remaining 1224.12 s)
7700000 of 30000000 tuples (25%) done (elapsed 419.51 s, remaining 1214.96 s)
7800000 of 30000000 tuples (26%) done (elapsed 423.62 s, remaining 1205.67 s)
7900000 of 30000000 tuples (26%) done (elapsed 428.25 s, remaining 1198.01 s)
8000000 of 30000000 tuples (26%) done (elapsed 433.24 s, remaining 1191.41 s)
8100000 of 30000000 tuples (27%) done (elapsed 437.42 s, remaining 1182.64 s)
8200000 of 30000000 tuples (27%) done (elapsed 441.62 s, remaining 1174.07 s)
8300000 of 30000000 tuples (27%) done (elapsed 446.39 s, remaining 1167.08 s)
8400000 of 30000000 tuples (28%) done (elapsed 451.89 s, remaining 1162.00 s)
8500000 of 30000000 tuples (28%) done (elapsed 456.22 s, remaining 1153.97 s)
8600000 of 30000000 tuples (28%) done (elapsed 460.38 s, remaining 1145.60 s)
8700000 of 30000000 tuples (29%) done (elapsed 464.56 s, remaining 1137.38 s)
8800000 of 30000000 tuples (29%) done (elapsed 469.79 s, remaining 1131.77 s)
8900000 of 30000000 tuples (29%) done (elapsed 474.33 s, remaining 1124.54 s)
9000000 of 30000000 tuples (30%) done (elapsed 478.63 s, remaining 1116.80 s)
9100000 of 30000000 tuples (30%) done (elapsed 482.85 s, remaining 1108.95 s)
9200000 of 30000000 tuples (30%) done (elapsed 488.65 s, remaining 1104.76 s)
9300000 of 30000000 tuples (31%) done (elapsed 492.93 s, remaining 1097.16 s)
9400000 of 30000000 tuples (31%) done (elapsed 497.44 s, remaining 1090.13 s)
9500000 of 30000000 tuples (31%) done (elapsed 502.39 s, remaining 1084.11 s)
9600000 of 30000000 tuples (32%) done (elapsed 506.56 s, remaining 1076.44 s)
9700000 of 30000000 tuples (32%) done (elapsed 510.73 s, remaining 1068.85 s)
9800000 of 30000000 tuples (32%) done (elapsed 516.09 s, remaining 1063.78 s)
9900000 of 30000000 tuples (33%) done (elapsed 520.83 s, remaining 1057.44 s)
10000000 of 30000000 tuples (33%) done (elapsed 526.25 s, remaining 1052.49 s)
10100000 of 30000000 tuples (33%) done (elapsed 530.34 s, remaining 1044.93 s)
10200000 of 30000000 tuples (34%) done (elapsed 535.50 s, remaining 1039.51 s)
10300000 of 30000000 tuples (34%) done (elapsed 539.55 s, remaining 1031.95 s)
10400000 of 30000000 tuples (34%) done (elapsed 543.93 s, remaining 1025.09 s)
10500000 of 30000000 tuples (35%) done (elapsed 548.02 s, remaining 1017.76 s)
10600000 of 30000000 tuples (35%) done (elapsed 553.03 s, remaining 1012.14 s)
10700000 of 30000000 tuples (35%) done (elapsed 557.39 s, remaining 1005.38 s)
10800000 of 30000000 tuples (36%) done (elapsed 561.47 s, remaining 998.16 s)
10900000 of 30000000 tuples (36%) done (elapsed 566.61 s, remaining 992.86 s)
11000000 of 30000000 tuples (36%) done (elapsed 570.89 s, remaining 986.08 s)
11100000 of 30000000 tuples (37%) done (elapsed 575.30 s, remaining 979.56 s)
11200000 of 30000000 tuples (37%) done (elapsed 579.39 s, remaining 972.56 s)
11300000 of 30000000 tuples (37%) done (elapsed 584.65 s, remaining 967.52 s)
11400000 of 30000000 tuples (38%) done (elapsed 588.80 s, remaining 960.68 s)
11500000 of 30000000 tuples (38%) done (elapsed 593.60 s, remaining 954.92 s)
11600000 of 30000000 tuples (38%) done (elapsed 597.73 s, remaining 948.13 s)
11700000 of 30000000 tuples (39%) done (elapsed 603.20 s, remaining 943.47 s)
11800000 of 30000000 tuples (39%) done (elapsed 607.30 s, remaining 936.69 s)
11900000 of 30000000 tuples (39%) done (elapsed 612.98 s, remaining 932.34 s)
12000000 of 30000000 tuples (40%) done (elapsed 617.11 s, remaining 925.66 s)
12100000 of 30000000 tuples (40%) done (elapsed 621.50 s, remaining 919.40 s)
12200000 of 30000000 tuples (40%) done (elapsed 625.59 s, remaining 912.75 s)
12300000 of 30000000 tuples (41%) done (elapsed 630.20 s, remaining 906.88 s)
12400000 of 30000000 tuples (41%) done (elapsed 635.15 s, remaining 901.50 s)
12500000 of 30000000 tuples (41%) done (elapsed 639.59 s, remaining 895.43 s)
12600000 of 30000000 tuples (42%) done (elapsed 644.76 s, remaining 890.38 s)
12700000 of 30000000 tuples (42%) done (elapsed 649.15 s, remaining 884.28 s)
12800000 of 30000000 tuples (42%) done (elapsed 653.26 s, remaining 877.82 s)
12900000 of 30000000 tuples (43%) done (elapsed 657.65 s, remaining 871.76 s)
13000000 of 30000000 tuples (43%) done (elapsed 661.74 s, remaining 865.35 s)
13100000 of 30000000 tuples (43%) done (elapsed 667.10 s, remaining 860.61 s)
13200000 of 30000000 tuples (44%) done (elapsed 671.24 s, remaining 854.30 s)
13300000 of 30000000 tuples (44%) done (elapsed 676.76 s, remaining 849.76 s)
13400000 of 30000000 tuples (44%) done (elapsed 681.94 s, remaining 844.80 s)
13500000 of 30000000 tuples (45%) done (elapsed 686.39 s, remaining 838.92 s)
13600000 of 30000000 tuples (45%) done (elapsed 690.52 s, remaining 832.68 s)
13700000 of 30000000 tuples (45%) done (elapsed 694.91 s, remaining 826.79 s)
13800000 of 30000000 tuples (46%) done (elapsed 699.15 s, remaining 820.74 s)
13900000 of 30000000 tuples (46%) done (elapsed 704.96 s, remaining 816.53 s)
14000000 of 30000000 tuples (46%) done (elapsed 709.15 s, remaining 810.45 s)
14100000 of 30000000 tuples (47%) done (elapsed 713.54 s, remaining 804.63 s)
14200000 of 30000000 tuples (47%) done (elapsed 717.63 s, remaining 798.49 s)
14300000 of 30000000 tuples (47%) done (elapsed 722.09 s, remaining 792.78 s)
14400000 of 30000000 tuples (48%) done (elapsed 726.21 s, remaining 786.73 s)
14500000 of 30000000 tuples (48%) done (elapsed 730.61 s, remaining 781.00 s)
14600000 of 30000000 tuples (48%) done (elapsed 736.64 s, remaining 777.00 s)
14700000 of 30000000 tuples (49%) done (elapsed 741.08 s, remaining 771.33 s)
14800000 of 30000000 tuples (49%) done (elapsed 745.19 s, remaining 765.33 s)
14900000 of 30000000 tuples (49%) done (elapsed 749.59 s, remaining 759.65 s)
15000000 of 30000000 tuples (50%) done (elapsed 753.61 s, remaining 753.61 s)
15100000 of 30000000 tuples (50%) done (elapsed 758.03 s, remaining 747.99 s)
15200000 of 30000000 tuples (50%) done (elapsed 762.10 s, remaining 742.04 s)
15300000 of 30000000 tuples (51%) done (elapsed 768.55 s, remaining 738.41 s)
15400000 of 30000000 tuples (51%) done (elapsed 772.83 s, remaining 732.69 s)
15500000 of 30000000 tuples (51%) done (elapsed 777.29 s, remaining 727.14 s)
15600000 of 30000000 tuples (52%) done (elapsed 781.39 s, remaining 721.28 s)
15700000 of 30000000 tuples (52%) done (elapsed 785.86 s, remaining 715.79 s)
15800000 of 30000000 tuples (52%) done (elapsed 790.00 s, remaining 710.00 s)
15900000 of 30000000 tuples (53%) done (elapsed 794.41 s, remaining 704.48 s)
16000000 of 30000000 tuples (53%) done (elapsed 799.68 s, remaining 699.72 s)
16100000 of 30000000 tuples (53%) done (elapsed 804.99 s, remaining 695.00 s)
16200000 of 30000000 tuples (54%) done (elapsed 809.12 s, remaining 689.25 s)
16300000 of 30000000 tuples (54%) done (elapsed 813.57 s, remaining 683.80 s)
16400000 of 30000000 tuples (54%) done (elapsed 818.11 s, remaining 678.43 s)
16500000 of 30000000 tuples (55%) done (elapsed 823.12 s, remaining 673.46 s)
16600000 of 30000000 tuples (55%) done (elapsed 828.79 s, remaining 669.03 s)
16700000 of 30000000 tuples (55%) done (elapsed 835.40 s, remaining 665.32 s)
16800000 of 30000000 tuples (56%) done (elapsed 839.61 s, remaining 659.69 s)
16900000 of 30000000 tuples (56%) done (elapsed 844.13 s, remaining 654.32 s)
17000000 of 30000000 tuples (56%) done (elapsed 848.19 s, remaining 648.62 s)
17100000 of 30000000 tuples (57%) done (elapsed 852.30 s, remaining 642.96 s)
17200000 of 30000000 tuples (57%) done (elapsed 856.74 s, remaining 637.57 s)
17300000 of 30000000 tuples (57%) done (elapsed 861.35 s, remaining 632.32 s)
17400000 of 30000000 tuples (58%) done (elapsed 865.75 s, remaining 626.92 s)
17500000 of 30000000 tuples (58%) done (elapsed 870.70 s, remaining 621.93 s)
17600000 of 30000000 tuples (58%) done (elapsed 875.31 s, remaining 616.70 s)
17700000 of 30000000 tuples (59%) done (elapsed 879.51 s, remaining 611.19 s)
17800000 of 30000000 tuples (59%) done (elapsed 883.96 s, remaining 605.86 s)
17900000 of 30000000 tuples (59%) done (elapsed 888.88 s, remaining 600.86 s)
18000000 of 30000000 tuples (60%) done (elapsed 893.29 s, remaining 595.53 s)
18100000 of 30000000 tuples (60%) done (elapsed 897.45 s, remaining 590.03 s)
18200000 of 30000000 tuples (60%) done (elapsed 902.62 s, remaining 585.22 s)
18300000 of 30000000 tuples (61%) done (elapsed 906.76 s, remaining 579.73 s)
18400000 of 30000000 tuples (61%) done (elapsed 911.29 s, remaining 574.51 s)
18500000 of 30000000 tuples (61%) done (elapsed 915.47 s, remaining 569.08 s)
18600000 of 30000000 tuples (62%) done (elapsed 921.16 s, remaining 564.58 s)
18700000 of 30000000 tuples (62%) done (elapsed 925.26 s, remaining 559.11 s)
18800000 of 30000000 tuples (62%) done (elapsed 929.72 s, remaining 553.87 s)
18900000 of 30000000 tuples (63%) done (elapsed 935.27 s, remaining 549.28 s)
19000000 of 30000000 tuples (63%) done (elapsed 941.29 s, remaining 544.96 s)
19100000 of 30000000 tuples (63%) done (elapsed 945.43 s, remaining 539.54 s)
19200000 of 30000000 tuples (64%) done (elapsed 951.52 s, remaining 535.23 s)
19300000 of 30000000 tuples (64%) done (elapsed 955.80 s, remaining 529.90 s)
19400000 of 30000000 tuples (64%) done (elapsed 960.20 s, remaining 524.64 s)
19500000 of 30000000 tuples (65%) done (elapsed 964.28 s, remaining 519.23 s)
19600000 of 30000000 tuples (65%) done (elapsed 969.65 s, remaining 514.51 s)
19700000 of 30000000 tuples (65%) done (elapsed 973.69 s, remaining 509.09 s)
19800000 of 30000000 tuples (66%) done (elapsed 978.11 s, remaining 503.87 s)
19900000 of 30000000 tuples (66%) done (elapsed 983.36 s, remaining 499.09 s)
20000000 of 30000000 tuples (66%) done (elapsed 987.89 s, remaining 493.94 s)
20100000 of 30000000 tuples (67%) done (elapsed 993.62 s, remaining 489.39 s)
20200000 of 30000000 tuples (67%) done (elapsed 998.01 s, remaining 484.18 s)
20300000 of 30000000 tuples (67%) done (elapsed 1002.91 s, remaining 479.22 s)
20400000 of 30000000 tuples (68%) done (elapsed 1007.79 s, remaining 474.25 s)
20500000 of 30000000 tuples (68%) done (elapsed 1012.32 s, remaining 469.12 s)
20600000 of 30000000 tuples (68%) done (elapsed 1016.85 s, remaining 464.00 s)
20700000 of 30000000 tuples (69%) done (elapsed 1021.04 s, remaining 458.73 s)
20800000 of 30000000 tuples (69%) done (elapsed 1025.43 s, remaining 453.56 s)
20900000 of 30000000 tuples (69%) done (elapsed 1029.50 s, remaining 448.25 s)
21000000 of 30000000 tuples (70%) done (elapsed 1034.29 s, remaining 443.27 s)
21100000 of 30000000 tuples (70%) done (elapsed 1038.85 s, remaining 438.19 s)
21200000 of 30000000 tuples (70%) done (elapsed 1044.59 s, remaining 433.60 s)
21300000 of 30000000 tuples (71%) done (elapsed 1048.72 s, remaining 428.35 s)
21400000 of 30000000 tuples (71%) done (elapsed 1053.18 s, remaining 423.24 s)
21500000 of 30000000 tuples (71%) done (elapsed 1057.29 s, remaining 418.00 s)
21600000 of 30000000 tuples (72%) done (elapsed 1061.68 s, remaining 412.87 s)
21700000 of 30000000 tuples (72%) done (elapsed 1065.83 s, remaining 407.67 s)
21800000 of 30000000 tuples (72%) done (elapsed 1071.92 s, remaining 403.20 s)
21900000 of 30000000 tuples (73%) done (elapsed 1076.03 s, remaining 397.99 s)
22000000 of 30000000 tuples (73%) done (elapsed 1080.46 s, remaining 392.89 s)
22100000 of 30000000 tuples (73%) done (elapsed 1084.49 s, remaining 387.67 s)
22200000 of 30000000 tuples (74%) done (elapsed 1089.05 s, remaining 382.64 s)
22300000 of 30000000 tuples (74%) done (elapsed 1094.29 s, remaining 377.85 s)
22400000 of 30000000 tuples (74%) done (elapsed 1099.48 s, remaining 373.04 s)
22500000 of 30000000 tuples (75%) done (elapsed 1105.92 s, remaining 368.64 s)
22600000 of 30000000 tuples (75%) done (elapsed 1110.32 s, remaining 363.56 s)
22700000 of 30000000 tuples (75%) done (elapsed 1114.41 s, remaining 358.38 s)
22800000 of 30000000 tuples (76%) done (elapsed 1119.09 s, remaining 353.40 s)
22900000 of 30000000 tuples (76%) done (elapsed 1123.39 s, remaining 348.30 s)
23000000 of 30000000 tuples (76%) done (elapsed 1128.00 s, remaining 343.30 s)
23100000 of 30000000 tuples (77%) done (elapsed 1132.11 s, remaining 338.16 s)
23200000 of 30000000 tuples (77%) done (elapsed 1138.03 s, remaining 333.56 s)
23300000 of 30000000 tuples (77%) done (elapsed 1142.42 s, remaining 328.51 s)
23400000 of 30000000 tuples (78%) done (elapsed 1148.26 s, remaining 323.87 s)
23500000 of 30000000 tuples (78%) done (elapsed 1153.75 s, remaining 319.12 s)
23600000 of 30000000 tuples (78%) done (elapsed 1157.83 s, remaining 313.99 s)
23700000 of 30000000 tuples (79%) done (elapsed 1162.35 s, remaining 308.98 s)
23800000 of 30000000 tuples (79%) done (elapsed 1166.47 s, remaining 303.87 s)
23900000 of 30000000 tuples (79%) done (elapsed 1171.29 s, remaining 298.95 s)
24000000 of 30000000 tuples (80%) done (elapsed 1175.39 s, remaining 293.85 s)
24100000 of 30000000 tuples (80%) done (elapsed 1179.80 s, remaining 288.83 s)
24200000 of 30000000 tuples (80%) done (elapsed 1184.84 s, remaining 283.97 s)
24300000 of 30000000 tuples (81%) done (elapsed 1189.22 s, remaining 278.95 s)
24400000 of 30000000 tuples (81%) done (elapsed 1193.37 s, remaining 273.89 s)
24500000 of 30000000 tuples (81%) done (elapsed 1197.76 s, remaining 268.89 s)
24600000 of 30000000 tuples (82%) done (elapsed 1202.19 s, remaining 263.90 s)
24700000 of 30000000 tuples (82%) done (elapsed 1206.79 s, remaining 258.95 s)
24800000 of 30000000 tuples (82%) done (elapsed 1210.90 s, remaining 253.90 s)
24900000 of 30000000 tuples (83%) done (elapsed 1215.50 s, remaining 248.96 s)
25000000 of 30000000 tuples (83%) done (elapsed 1220.78 s, remaining 244.16 s)
25100000 of 30000000 tuples (83%) done (elapsed 1225.45 s, remaining 239.23 s)
25200000 of 30000000 tuples (84%) done (elapsed 1229.54 s, remaining 234.20 s)
25300000 of 30000000 tuples (84%) done (elapsed 1233.93 s, remaining 229.23 s)
25400000 of 30000000 tuples (84%) done (elapsed 1238.72 s, remaining 224.34 s)
25500000 of 30000000 tuples (85%) done (elapsed 1243.18 s, remaining 219.39 s)
25600000 of 30000000 tuples (85%) done (elapsed 1247.33 s, remaining 214.38 s)
25700000 of 30000000 tuples (85%) done (elapsed 1253.52 s, remaining 209.73 s)
25800000 of 30000000 tuples (86%) done (elapsed 1257.60 s, remaining 204.73 s)
25900000 of 30000000 tuples (86%) done (elapsed 1262.05 s, remaining 199.78 s)
26000000 of 30000000 tuples (86%) done (elapsed 1266.13 s, remaining 194.79 s)
26100000 of 30000000 tuples (87%) done (elapsed 1270.98 s, remaining 189.92 s)
26200000 of 30000000 tuples (87%) done (elapsed 1275.11 s, remaining 184.94 s)
26300000 of 30000000 tuples (87%) done (elapsed 1279.51 s, remaining 180.01 s)
26400000 of 30000000 tuples (88%) done (elapsed 1285.16 s, remaining 175.25 s)
26500000 of 30000000 tuples (88%) done (elapsed 1289.56 s, remaining 170.32 s)
26600000 of 30000000 tuples (88%) done (elapsed 1293.82 s, remaining 165.38 s)
26700000 of 30000000 tuples (89%) done (elapsed 1298.15 s, remaining 160.45 s)
26800000 of 30000000 tuples (89%) done (elapsed 1304.40 s, remaining 155.75 s)
26900000 of 30000000 tuples (89%) done (elapsed 1308.93 s, remaining 150.84 s)
27000000 of 30000000 tuples (90%) done (elapsed 1313.38 s, remaining 145.93 s)
27100000 of 30000000 tuples (90%) done (elapsed 1317.77 s, remaining 141.02 s)
27200000 of 30000000 tuples (90%) done (elapsed 1321.85 s, remaining 136.07 s)
27300000 of 30000000 tuples (91%) done (elapsed 1326.32 s, remaining 131.17 s)
27400000 of 30000000 tuples (91%) done (elapsed 1330.59 s, remaining 126.26 s)
27500000 of 30000000 tuples (91%) done (elapsed 1335.30 s, remaining 121.39 s)
27600000 of 30000000 tuples (92%) done (elapsed 1342.80 s, remaining 116.77 s)
27700000 of 30000000 tuples (92%) done (elapsed 1347.64 s, remaining 111.90 s)
27800000 of 30000000 tuples (92%) done (elapsed 1351.72 s, remaining 106.97 s)
27900000 of 30000000 tuples (93%) done (elapsed 1356.11 s, remaining 102.07 s)
28000000 of 30000000 tuples (93%) done (elapsed 1360.21 s, remaining 97.16 s)
28100000 of 30000000 tuples (93%) done (elapsed 1364.60 s, remaining 92.27 s)
28200000 of 30000000 tuples (94%) done (elapsed 1368.70 s, remaining 87.36 s)
28300000 of 30000000 tuples (94%) done (elapsed 1374.14 s, remaining 82.55 s)
28400000 of 30000000 tuples (94%) done (elapsed 1379.43 s, remaining 77.71 s)
28500000 of 30000000 tuples (95%) done (elapsed 1383.89 s, remaining 72.84 s)
28600000 of 30000000 tuples (95%) done (elapsed 1388.13 s, remaining 67.95 s)
28700000 of 30000000 tuples (95%) done (elapsed 1392.53 s, remaining 63.08 s)
28800000 of 30000000 tuples (96%) done (elapsed 1397.11 s, remaining 58.21 s)
28900000 of 30000000 tuples (96%) done (elapsed 1401.56 s, remaining 53.35 s)
29000000 of 30000000 tuples (96%) done (elapsed 1406.02 s, remaining 48.48 s)
29100000 of 30000000 tuples (97%) done (elapsed 1414.53 s, remaining 43.75 s)
29200000 of 30000000 tuples (97%) done (elapsed 1418.75 s, remaining 38.87 s)
29300000 of 30000000 tuples (97%) done (elapsed 1423.23 s, remaining 34.00 s)
29400000 of 30000000 tuples (98%) done (elapsed 1427.55 s, remaining 29.13 s)
29500000 of 30000000 tuples (98%) done (elapsed 1431.81 s, remaining 24.27 s)
29600000 of 30000000 tuples (98%) done (elapsed 1436.21 s, remaining 19.41 s)
29700000 of 30000000 tuples (99%) done (elapsed 1442.20 s, remaining 14.57 s)
29800000 of 30000000 tuples (99%) done (elapsed 1446.71 s, remaining 9.71 s)
29900000 of 30000000 tuples (99%) done (elapsed 1451.26 s, remaining 4.85 s)
30000000 of 30000000 tuples (100%) done (elapsed 1455.74 s, remaining 0.00 s)
vacuum...
set primary keys...
NOTICE:  ALTER TABLE / ADD PRIMARY KEY will create implicit index "pgbench_branches_pkey" for table "pgbench_branches"
NOTICE:  ALTER TABLE / ADD PRIMARY KEY will create implicit index "pgbench_tellers_pkey" for table "pgbench_tellers"
NOTICE:  ALTER TABLE / ADD PRIMARY KEY will create implicit index "pgbench_accounts_pkey" for table "pgbench_accounts"
done.
starting vacuum...end.
transaction type: <builtin: TPC-B (sort of)>
scaling factor: 300
query mode: simple
number of clients: 32
number of threads: 4
duration: 900 s
number of transactions actually processed: 37630
latency average: 765.347 ms
tps = 41.796530 (including connections establishing)
tps = 41.796599 (excluding connections establishing)
script statistics:
 - statement latencies in milliseconds:
         0.003  \set aid random(1, 100000 * :scale)
         0.001  \set bid random(1, 1 * :scale)
         0.001  \set tid random(1, 10 * :scale)
         0.001  \set delta random(-5000, 5000)
         0.105  BEGIN;
       278.798  UPDATE pgbench_accounts SET abalance = abalance + :delta WHERE aid = :aid;
         0.427  SELECT abalance FROM pgbench_accounts WHERE aid = :aid;
       166.277  UPDATE pgbench_tellers SET tbalance = tbalance + :delta WHERE tid = :tid;
       115.217  UPDATE pgbench_branches SET bbalance = bbalance + :delta WHERE bid = :bid;
        70.541  INSERT INTO pgbench_history (tid, bid, aid, delta, mtime) VALUES (:tid, :bid, :aid, :delta, CURRENT_TIMESTAMP);
       134.626  END;
starting vacuum...end.
transaction type: <builtin: TPC-B (sort of)>
scaling factor: 300
query mode: simple
number of clients: 32
number of threads: 4
duration: 900 s
number of transactions actually processed: 32198
latency average: 894.465 ms
tps = 35.754402 (including connections establishing)
tps = 35.754461 (excluding connections establishing)
script statistics:
 - statement latencies in milliseconds:
         0.003  \set aid random(1, 100000 * :scale)
         0.001  \set bid random(1, 1 * :scale)
         0.001  \set tid random(1, 10 * :scale)
         0.001  \set delta random(-5000, 5000)
         0.103  BEGIN;
       317.678  UPDATE pgbench_accounts SET abalance = abalance + :delta WHERE aid = :aid;
         0.380  SELECT abalance FROM pgbench_accounts WHERE aid = :aid;
       196.816  UPDATE pgbench_tellers SET tbalance = tbalance + :delta WHERE tid = :tid;
       137.168  UPDATE pgbench_branches SET bbalance = bbalance + :delta WHERE bid = :bid;
        85.180  INSERT INTO pgbench_history (tid, bid, aid, delta, mtime) VALUES (:tid, :bid, :aid, :delta, CURRENT_TIMESTAMP);
       157.718  END;
========================================================================
Testing 2006-01-02-REL8_2_0~2042
Start Time: 2016-07-31 23:58:24+00:00
Linux 3.16.0-4-amd64 (Debian-83-jessie-64-minimal) 	01.08.16 	_x86_64_	(8 CPU)

starting vacuum...end.
transaction type: <builtin: TPC-B (sort of)>
scaling factor: 300
query mode: simple
number of clients: 32
number of threads: 4
duration: 900 s
number of transactions actually processed: 22830
latency average: 1261.498 ms
tps = 25.354518 (including connections establishing)
tps = 25.354561 (excluding connections establishing)
script statistics:
 - statement latencies in milliseconds:
         0.003  \set aid random(1, 100000 * :scale)
         0.001  \set bid random(1, 1 * :scale)
         0.001  \set tid random(1, 10 * :scale)
         0.001  \set delta random(-5000, 5000)
         0.111  BEGIN;
       557.147  UPDATE pgbench_accounts SET abalance = abalance + :delta WHERE aid = :aid;
         0.450  SELECT abalance FROM pgbench_accounts WHERE aid = :aid;
       229.697  UPDATE pgbench_tellers SET tbalance = tbalance + :delta WHERE tid = :tid;
       155.318  UPDATE pgbench_branches SET bbalance = bbalance + :delta WHERE bid = :bid;
        88.466  INSERT INTO pgbench_history (tid, bid, aid, delta, mtime) VALUES (:tid, :bid, :aid, :delta, CURRENT_TIMESTAMP);
       231.394  END;
avg-cpu:  %user   %nice %system %iowait  %steal   %idle
           0,32    0,00    0,18   10,17    0,00   89,34

Device:         rrqm/s   wrqm/s     r/s     w/s    rkB/s    wkB/s avgrq-sz avgqu-sz   await r_await w_await  svctm  %util
sdb               0,03     1,16    4,23  117,15    35,00   967,57    16,52    19,49  160,60   29,49  165,34   5,03  61,09
sda               0,18     1,16   18,52  117,15   154,70   967,57    16,54    16,20  119,39   34,83  132,76   6,12  82,99
md0               0,00     0,00    0,58    0,00     2,32     0,00     8,00     0,00    0,00    0,00    0,00   0,00   0,00
md1               0,00     0,00    0,00    0,00     0,00     0,00     0,00     0,00    0,00    0,00    0,00   0,00   0,00
md2               0,00     0,00   22,34  117,59   187,16   965,72    16,48     0,00    0,00    0,00    0,00   0,00   0,00
md3               0,00     0,00    0,04    0,02     0,17     0,12     9,22     0,00    0,00    0,00    0,00   0,00   0,00

End Time: 2016-08-01 00:13:54+00:00
========================================================================
========================================================================
Testing 2006-01-02-REL8_2_0~2042
Start Time: 2016-08-06 17:39:34+00:00
Shared Buffers:  260000
Linux 3.16.0-4-amd64 (Debian-83-jessie-64-minimal) 	06.08.16 	_x86_64_	(8 CPU)

starting vacuum...end.
transaction type: <builtin: TPC-B (sort of)>
scaling factor: 300
query mode: simple
number of clients: 32
number of threads: 4
duration: 900 s
number of transactions actually processed: 24398
latency average: 1180.425 ms
tps = 26.791227 (including connections establishing)
tps = 26.791272 (excluding connections establishing)
script statistics:
 - statement latencies in milliseconds:
         0.003  \set aid random(1, 100000 * :scale)
         0.001  \set bid random(1, 1 * :scale)
         0.001  \set tid random(1, 10 * :scale)
         0.001  \set delta random(-5000, 5000)
         0.107  BEGIN;
       506.706  UPDATE pgbench_accounts SET abalance = abalance + :delta WHERE aid = :aid;
         0.491  SELECT abalance FROM pgbench_accounts WHERE aid = :aid;
       214.539  UPDATE pgbench_tellers SET tbalance = tbalance + :delta WHERE tid = :tid;
       153.375  UPDATE pgbench_branches SET bbalance = bbalance + :delta WHERE bid = :bid;
        94.136  INSERT INTO pgbench_history (tid, bid, aid, delta, mtime) VALUES (:tid, :bid, :aid, :delta, CURRENT_TIMESTAMP);
       222.421  END;
avg-cpu:  %user   %nice %system %iowait  %steal   %idle
           0,35    0,00    0,20   10,26    0,00   89,18

Device:         rrqm/s   wrqm/s     r/s     w/s    rkB/s    wkB/s avgrq-sz avgqu-sz   await r_await w_await  svctm  %util
sdb               0,00     1,02    3,84  125,60    31,91  1033,14    16,46    19,92  153,32   24,88  157,24   4,60  59,52
sda               0,07     1,02   19,68  125,62   165,52  1034,03    16,51    14,37   98,55   33,59  108,72   5,93  86,10
md0               0,00     0,00    0,15    0,00     0,60     0,00     8,00     0,00    0,00    0,00    0,00   0,00   0,00
md1               0,00     0,00    0,00    0,00     0,00     0,00     0,00     0,00    0,00    0,00    0,00   0,00   0,00
md2               0,00     0,00   23,43  126,80   196,75  1041,18    16,48     0,00    0,00    0,00    0,00   0,00   0,00
md3               0,00     0,00    0,00    0,02     0,00     0,07     8,00     0,00    0,00    0,00    0,00   0,00   0,00

Control File Changes
--- /usr/local/oldpgsql/2006-01-02-REL8_2_0~2042/before.controldata	2016-08-06 19:39:34.652982176 +0200
+++ /usr/local/oldpgsql/2006-01-02-REL8_2_0~2042/after.controldata	2016-08-06 19:55:10.911122894 +0200
@@ -2,19 +2,19 @@
 Catalog version number:               200512271
 Database system identifier:           6255579001467594751
 Database cluster state:               in production
-pg_control last modified:             сб, 06-сер-2016 19:39:34 +0200
+pg_control last modified:             сб, 06-сер-2016 19:55:10 +0200
 Current log file ID:                  2
-Next log file segment:                168
-Latest checkpoint location:           2/A7B69CB0
-Prior checkpoint location:            2/A7B69C60
-Latest checkpoint's REDO location:    2/A7B69CB0
+Next log file segment:                192
+Latest checkpoint location:           2/BF33E880
+Prior checkpoint location:            2/BF33E830
+Latest checkpoint's REDO location:    2/BF33E880
 Latest checkpoint's UNDO location:    0/0
 Latest checkpoint's TimeLineID:       1
-Latest checkpoint's NextXID:          97945
-Latest checkpoint's NextOID:          16438
+Latest checkpoint's NextXID:          122386
+Latest checkpoint's NextOID:          24630
 Latest checkpoint's NextMultiXactId:  1
 Latest checkpoint's NextMultiOffset:  0
-Time of latest checkpoint:            сб, 06-сер-2016 19:39:33 +0200
+Time of latest checkpoint:            сб, 06-сер-2016 19:55:08 +0200
 Maximum data alignment:               8
 Database block size:                  8192
 Blocks per segment of large relation: 131072
End Time: 2016-08-06 17:55:10+00:00
========================================================================
========================================================================
Testing 2006-01-02-REL8_2_0~2042
Start Time: 2016-08-08 23:26:19+00:00
Shared Buffers:  260000
size before pgbench of pgbench_branches_pkey: 1124
size before pgbench of pgbench_branches: 1808
size before pgbench of pgbench_tellers_pkey: 1072
size before pgbench of pgbench_tellers: 2208
size before pgbench of pgbench_accounts_pkey: 658092
size before pgbench of pgbench_accounts: 1008964
size before pgbench of pgbench_history: 1544
total size before pgbench: 1674812
Linux 3.16.0-4-amd64 (Debian-83-jessie-64-minimal) 	09.08.16 	_x86_64_	(8 CPU)

starting vacuum...end.
transaction type: <builtin: select only>
scaling factor: 300
query mode: simple
number of clients: 32
number of threads: 4
duration: 60 s
number of transactions actually processed: 59508
latency average: 32.265 ms
tps = 990.237175 (including connections establishing)
tps = 990.261519 (excluding connections establishing)
script statistics:
 - statement latencies in milliseconds:
         0.002  \set aid random(1, 100000 * :scale)
        32.274  SELECT abalance FROM pgbench_accounts WHERE aid = :aid;
avg-cpu:  %user   %nice %system %iowait  %steal   %idle
           1,00    0,00    0,60   23,57    0,00   74,83

Device:         rrqm/s   wrqm/s     r/s     w/s    rkB/s    wkB/s avgrq-sz avgqu-sz   await r_await w_await  svctm  %util
sdb               0,00     0,78  242,43   13,14  2219,29   115,12    18,27    14,61   57,18   46,07  262,14   3,25  83,04
sda               0,00     0,78  247,67   13,14  2244,76   115,12    18,10    16,07   61,63   46,71  342,74   3,19  83,32
md0               0,00     0,00    0,00    0,00     0,00     0,00     0,00     0,00    0,00    0,00    0,00   0,00   0,00
md1               0,00     0,00    0,00    0,00     0,00     0,00     0,00     0,00    0,00    0,00    0,00   0,00   0,00
md2               0,00     0,00  490,11   12,96  4464,04   112,76    18,20     0,00    0,00    0,00    0,00   0,00   0,00
md3               0,00     0,00    0,00    0,10     0,00     0,40     8,00     0,00    0,00    0,00    0,00   0,00   0,00

Control File Changes
--- /usr/local/oldpgsql/2006-01-02-REL8_2_0~2042/before.controldata	2016-08-09 01:27:51.400015162 +0200
+++ /usr/local/oldpgsql/2006-01-02-REL8_2_0~2042/after.controldata	2016-08-09 01:29:22.020100988 +0200
@@ -5 +5 @@
-pg_control last modified:             Mon Aug  8 23:27:51 2016
+pg_control last modified:             Mon Aug  8 23:29:21 2016
@@ -8,3 +8,3 @@
-Latest checkpoint location:           2/BF33E920
-Prior checkpoint location:            2/BF33E8D0
-Latest checkpoint's REDO location:    2/BF33E920
+Latest checkpoint location:           2/BF3C5F50
+Prior checkpoint location:            2/BF33E920
+Latest checkpoint's REDO location:    2/BF3C5F50
@@ -13,2 +13,2 @@
-Latest checkpoint's NextXID:          122418
-Latest checkpoint's NextOID:          16439
+Latest checkpoint's NextXID:          181969
+Latest checkpoint's NextOID:          24631
@@ -17 +17 @@
-Time of latest checkpoint:            Mon Aug  8 23:27:50 2016
+Time of latest checkpoint:            Mon Aug  8 23:29:21 2016
size after pgbench of pgbench_branches_pkey: 1124
size after pgbench of pgbench_branches: 1808
size after pgbench of pgbench_tellers_pkey: 1072
size after pgbench of pgbench_tellers: 2208
size after pgbench of pgbench_accounts_pkey: 658092
size after pgbench of pgbench_accounts: 1008964
size after pgbench of pgbench_history: 0
total size after pgbench: 1673268
End Time: 2016-08-08 23:29:22+00:00
========================================================================
========================================================================
Testing 2006-01-02-REL8_2_0~2042
Start Time: 2016-08-09 14:42:32+00:00
Shared Buffers:  260000
size before pgbench of pgbench_branches_pkey: 1124
size before pgbench of pgbench_branches: 1808
size before pgbench of pgbench_tellers_pkey: 1072
size before pgbench of pgbench_tellers: 2208
size before pgbench of pgbench_accounts_pkey: 658092
size before pgbench of pgbench_accounts: 1008964
size before pgbench of pgbench_history: 0
total size before pgbench: 1673268
Linux 3.16.0-4-amd64 (Debian-83-jessie-64-minimal) 	09.08.16 	_x86_64_	(8 CPU)

starting vacuum...end.
transaction type: <builtin: select only>
scaling factor: 300
query mode: simple
number of clients: 32
number of threads: 4
duration: 60 s
number of transactions actually processed: 63915
latency average: 30.040 ms
tps = 1063.279000 (including connections establishing)
tps = 1063.318210 (excluding connections establishing)
script statistics:
 - statement latencies in milliseconds:
         0.002  \set aid random(1, 100000 * :scale)
        30.063  SELECT abalance FROM pgbench_accounts WHERE aid = :aid;
avg-cpu:  %user   %nice %system %iowait  %steal   %idle
           1,05    0,00    0,63   23,81    0,00   74,51

Device:         rrqm/s   wrqm/s     r/s     w/s    rkB/s    wkB/s avgrq-sz avgqu-sz   await r_await w_await  svctm  %util
sdb               0,00     0,54  259,21    1,84  2383,56    32,06    18,51    16,99   65,10   48,60 2383,81   2,58  67,48
sda               0,00     0,54  255,39    1,84  2338,93    32,06    18,43    13,67   53,15   41,20 1708,02   2,64  67,83
md0               0,00     0,00    0,00    0,00     0,00     0,00     0,00     0,00    0,00    0,00    0,00   0,00   0,00
md1               0,00     0,00    0,00    0,00     0,00     0,00     0,00     0,00    0,00    0,00    0,00   0,00   0,00
md2               0,00     0,00  514,61    1,31  4722,49    29,47    18,42     0,00    0,00    0,00    0,00   0,00   0,00
md3               0,00     0,00    0,00    0,10     0,00     0,40     8,00     0,00    0,00    0,00    0,00   0,00   0,00

Control File Changes
--- /usr/local/oldpgsql/2006-01-02-REL8_2_0~2042/before.controldata	2016-08-09 16:43:11.375095669 +0200
+++ /usr/local/oldpgsql/2006-01-02-REL8_2_0~2042/after.controldata	2016-08-09 16:44:41.827277162 +0200
@@ -5 +5 @@
-pg_control last modified:             Tue Aug  9 14:43:11 2016
+pg_control last modified:             Tue Aug  9 14:44:41 2016
@@ -8,3 +8,3 @@
-Latest checkpoint location:           2/BF3C6010
-Prior checkpoint location:            2/BF3C5FA0
-Latest checkpoint's REDO location:    2/BF3C6010
+Latest checkpoint location:           2/BF3C94F0
+Prior checkpoint location:            2/BF3C6010
+Latest checkpoint's REDO location:    2/BF3C94F0
@@ -13,2 +13,2 @@
-Latest checkpoint's NextXID:          182003
-Latest checkpoint's NextOID:          16440
+Latest checkpoint's NextXID:          245961
+Latest checkpoint's NextOID:          24632
@@ -17 +17 @@
-Time of latest checkpoint:            Tue Aug  9 14:43:10 2016
+Time of latest checkpoint:            Tue Aug  9 14:44:41 2016
size after pgbench of pgbench_branches_pkey: 1124
size after pgbench of pgbench_branches: 1808
size after pgbench of pgbench_tellers_pkey: 1072
size after pgbench of pgbench_tellers: 2208
size after pgbench of pgbench_accounts_pkey: 658092
size after pgbench of pgbench_accounts: 1008964
size after pgbench of pgbench_history: 0
total size after pgbench: 1673268
End Time: 2016-08-09 14:44:41+00:00
========================================================================
========================================================================
Testing 2006-01-02-REL8_2_0~2042
Start Time: 2016-08-10 07:08:19+00:00
Shared Buffers:  260000
size before pgbench of pgbench_branches_pkey: 1124
size before pgbench of pgbench_branches: 1808
size before pgbench of pgbench_tellers_pkey: 1072
size before pgbench of pgbench_tellers: 2208
size before pgbench of pgbench_accounts_pkey: 658092
size before pgbench of pgbench_accounts: 1008964
size before pgbench of pgbench_history: 0
total size before pgbench: 1673268
Linux 3.16.0-4-amd64 (Debian-83-jessie-64-minimal) 	10.08.16 	_x86_64_	(8 CPU)

starting vacuum...end.
transaction type: <builtin: select only>
scaling factor: 300
query mode: simple
number of clients: 32
number of threads: 4
duration: 60 s
number of transactions actually processed: 64347
latency average: 29.838 ms
tps = 1070.830440 (including connections establishing)
tps = 1070.857224 (excluding connections establishing)
script statistics:
 - statement latencies in milliseconds:
         0.002  \set aid random(1, 100000 * :scale)
        29.859  SELECT abalance FROM pgbench_accounts WHERE aid = :aid;
avg-cpu:  %user   %nice %system %iowait  %steal   %idle
           1,09    0,00    0,63   23,61    0,00   74,67

Device:         rrqm/s   wrqm/s     r/s     w/s    rkB/s    wkB/s avgrq-sz avgqu-sz   await r_await w_await  svctm  %util
sdb               0,00     0,47  259,11    1,90  2384,09    31,79    18,51    15,12   57,93   44,58 1879,35   2,59  67,55
sda               0,00     0,47  259,29    1,90  2398,31    31,79    18,61    17,60   67,39   45,55 3047,91   2,58  67,48
md0               0,00     0,00    0,00    0,00     0,00     0,00     0,00     0,00    0,00    0,00    0,00   0,00   0,00
md1               0,00     0,00    0,00    0,00     0,00     0,00     0,00     0,00    0,00    0,00    0,00   0,00   0,00
md2               0,00     0,00  518,40    1,19  4782,40    29,02    18,52     0,00    0,00    0,00    0,00   0,00   0,00
md3               0,00     0,00    0,00    0,11     0,00     0,44     8,00     0,00    0,00    0,00    0,00   0,00   0,00

Control File Changes
--- /usr/local/oldpgsql/2006-01-02-REL8_2_0~2042/before.controldata	2016-08-10 09:08:58.658963596 +0200
+++ /usr/local/oldpgsql/2006-01-02-REL8_2_0~2042/after.controldata	2016-08-10 09:10:29.011171364 +0200
@@ -5 +5 @@
-pg_control last modified:             Wed Aug 10 07:08:58 2016
+pg_control last modified:             Wed Aug 10 07:10:28 2016
@@ -8,3 +8,3 @@
-Latest checkpoint location:           2/BF3C9590
-Prior checkpoint location:            2/BF3C9540
-Latest checkpoint's REDO location:    2/BF3C9590
+Latest checkpoint location:           2/BF3CCB90
+Prior checkpoint location:            2/BF3C9590
+Latest checkpoint's REDO location:    2/BF3CCB90
@@ -13,2 +13,2 @@
-Latest checkpoint's NextXID:          245995
-Latest checkpoint's NextOID:          16441
+Latest checkpoint's NextXID:          310385
+Latest checkpoint's NextOID:          24633
@@ -17 +17 @@
-Time of latest checkpoint:            Wed Aug 10 07:08:58 2016
+Time of latest checkpoint:            Wed Aug 10 07:10:28 2016
size after pgbench of pgbench_branches_pkey: 1124
size after pgbench of pgbench_branches: 1808
size after pgbench of pgbench_tellers_pkey: 1072
size after pgbench of pgbench_tellers: 2208
size after pgbench of pgbench_accounts_pkey: 658092
size after pgbench of pgbench_accounts: 1008964
size after pgbench of pgbench_history: 0
total size after pgbench: 1673268
End Time: 2016-08-10 07:10:29+00:00
========================================================================
========================================================================
Testing 2006-01-02-REL8_2_0~2042
Start Time: 2016-08-11 02:15:24+00:00
Shared Buffers:  260000
size before pgbench of pgbench_branches_pkey: 1124
size before pgbench of pgbench_branches: 1808
size before pgbench of pgbench_tellers_pkey: 1072
size before pgbench of pgbench_tellers: 2208
size before pgbench of pgbench_accounts_pkey: 658092
size before pgbench of pgbench_accounts: 1008964
size before pgbench of pgbench_history: 0
total size before pgbench: 1673268
Linux 3.16.0-4-amd64 (Debian-83-jessie-64-minimal) 	11.08.16 	_x86_64_	(8 CPU)

starting vacuum...end.
transaction type: <builtin: select only>
scaling factor: 300
query mode: simple
number of clients: 32
number of threads: 4
duration: 60 s
number of transactions actually processed: 62442
latency average: 30.749 ms
tps = 1039.352237 (including connections establishing)
tps = 1039.379261 (excluding connections establishing)
script statistics:
 - statement latencies in milliseconds:
         0.002  \set aid random(1, 100000 * :scale)
        30.789  SELECT abalance FROM pgbench_accounts WHERE aid = :aid;
avg-cpu:  %user   %nice %system %iowait  %steal   %idle
           1,01    0,00    0,58   23,55    0,00   74,86

Device:         rrqm/s   wrqm/s     r/s     w/s    rkB/s    wkB/s avgrq-sz avgqu-sz   await r_await w_await  svctm  %util
sdb               0,01     0,41  255,28    1,98  2344,09    31,85    18,47    13,48   52,38   49,47  428,18   2,61  67,18
sda               0,52     0,41  248,33    1,98  2265,78    31,85    18,36    11,94   47,70   41,94  770,54   2,69  67,39
md0               0,00     0,00    0,73    0,00     2,93     0,00     8,00     0,00    0,00    0,00    0,00   0,00   0,00
md1               0,00     0,00    0,00    0,00     0,00     0,00     0,00     0,00    0,00    0,00    0,00   0,00   0,00
md2               0,00     0,00  503,40    1,17  4606,49    28,93    18,37     0,00    0,00    0,00    0,00   0,00   0,00
md3               0,00     0,00    0,00    0,10     0,00     0,40     8,00     0,00    0,00    0,00    0,00   0,00   0,00

Control File Changes
--- /usr/local/oldpgsql/2006-01-02-REL8_2_0~2042/before.controldata	2016-08-11 04:16:03.479239704 +0200
+++ /usr/local/oldpgsql/2006-01-02-REL8_2_0~2042/after.controldata	2016-08-11 04:17:33.735436183 +0200
@@ -5 +5 @@
-pg_control last modified:             Thu Aug 11 02:16:03 2016
+pg_control last modified:             Thu Aug 11 02:17:33 2016
@@ -8,3 +8,3 @@
-Latest checkpoint location:           2/BF3CCC30
-Prior checkpoint location:            2/BF3CCBE0
-Latest checkpoint's REDO location:    2/BF3CCC30
+Latest checkpoint location:           2/BF3D0340
+Prior checkpoint location:            2/BF3CCC30
+Latest checkpoint's REDO location:    2/BF3D0340
@@ -13,2 +13,2 @@
-Latest checkpoint's NextXID:          310419
-Latest checkpoint's NextOID:          16442
+Latest checkpoint's NextXID:          372904
+Latest checkpoint's NextOID:          24634
@@ -17 +17 @@
-Time of latest checkpoint:            Thu Aug 11 02:16:03 2016
+Time of latest checkpoint:            Thu Aug 11 02:17:33 2016
size after pgbench of pgbench_branches_pkey: 1124
size after pgbench of pgbench_branches: 1808
size after pgbench of pgbench_tellers_pkey: 1072
size after pgbench of pgbench_tellers: 2208
size after pgbench of pgbench_accounts_pkey: 658092
size after pgbench of pgbench_accounts: 1008964
size after pgbench of pgbench_history: 0
total size after pgbench: 1673268
End Time: 2016-08-11 02:17:33+00:00
========================================================================
========================================================================
Testing 2006-01-02-REL8_2_0~2042
Start Time: 2016-08-12 00:35:42+00:00
Shared Buffers:  260000
size before pgbench of pgbench_branches_pkey: 1124
size before pgbench of pgbench_branches: 1808
size before pgbench of pgbench_tellers_pkey: 1072
size before pgbench of pgbench_tellers: 2208
size before pgbench of pgbench_accounts_pkey: 658092
size before pgbench of pgbench_accounts: 1008964
size before pgbench of pgbench_history: 0
total size before pgbench: 1673268
Linux 3.16.0-4-amd64 (Debian-83-jessie-64-minimal) 	12.08.16 	_x86_64_	(8 CPU)

starting vacuum...end.
transaction type: <builtin: select only>
scaling factor: 300
query mode: simple
number of clients: 32
number of threads: 4
duration: 60 s
number of transactions actually processed: 67141
latency average: 28.597 ms
tps = 1117.082104 (including connections establishing)
tps = 1117.109376 (excluding connections establishing)
script statistics:
 - statement latencies in milliseconds:
         0.002  \set aid random(1, 100000 * :scale)
        28.630  SELECT abalance FROM pgbench_accounts WHERE aid = :aid;
avg-cpu:  %user   %nice %system %iowait  %steal   %idle
           1,11    0,00    0,62   24,24    0,00   74,04

Device:         rrqm/s   wrqm/s     r/s     w/s    rkB/s    wkB/s avgrq-sz avgqu-sz   await r_await w_await  svctm  %util
sdb               0,00     0,50  266,68    1,70  2457,33    31,56    18,55    35,61  132,70   46,47 13660,71   2,51  67,37
sda               0,00     0,50  261,83    1,70  2400,80    31,56    18,46    10,69   40,57   39,91  141,10   2,55  67,32
md0               0,00     0,00    0,00    0,01     0,00     0,04     8,00     0,00    0,00    0,00    0,00   0,00   0,00
md1               0,00     0,00    0,00    0,00     0,00     0,00     0,00     0,00    0,00    0,00    0,00   0,00   0,00
md2               0,00     0,00  528,52    1,27  4858,13    29,24    18,45     0,00    0,00    0,00    0,00   0,00   0,00
md3               0,00     0,00    0,00    0,10     0,00     0,40     8,00     0,00    0,00    0,00    0,00   0,00   0,00

Control File Changes
--- /usr/local/oldpgsql/2006-01-02-REL8_2_0~2042/before.controldata	2016-08-12 02:36:22.326696853 +0200
+++ /usr/local/oldpgsql/2006-01-02-REL8_2_0~2042/after.controldata	2016-08-12 02:37:52.578668968 +0200
@@ -5 +5 @@
-pg_control last modified:             Fri Aug 12 00:36:22 2016
+pg_control last modified:             Fri Aug 12 00:37:52 2016
@@ -8,3 +8,3 @@
-Latest checkpoint location:           2/BF3D03E0
-Prior checkpoint location:            2/BF3D0390
-Latest checkpoint's REDO location:    2/BF3D03E0
+Latest checkpoint location:           2/BF3D3BE0
+Prior checkpoint location:            2/BF3D03E0
+Latest checkpoint's REDO location:    2/BF3D3BE0
@@ -13,2 +13,2 @@
-Latest checkpoint's NextXID:          372938
-Latest checkpoint's NextOID:          16443
+Latest checkpoint's NextXID:          440122
+Latest checkpoint's NextOID:          24635
@@ -17 +17 @@
-Time of latest checkpoint:            Fri Aug 12 00:36:22 2016
+Time of latest checkpoint:            Fri Aug 12 00:37:52 2016
size after pgbench of pgbench_branches_pkey: 1124
size after pgbench of pgbench_branches: 1808
size after pgbench of pgbench_tellers_pkey: 1072
size after pgbench of pgbench_tellers: 2208
size after pgbench of pgbench_accounts_pkey: 658092
size after pgbench of pgbench_accounts: 1008964
size after pgbench of pgbench_history: 0
total size after pgbench: 1673268
End Time: 2016-08-12 00:37:52+00:00
========================================================================
========================================================================
Testing 2006-01-02-REL8_2_0~2042
Start Time: 2016-08-12 05:08:20+00:00
Shared Buffers:  260000
size before pgbench of pgbench_branches_pkey: 1124
size before pgbench of pgbench_branches: 1808
size before pgbench of pgbench_tellers_pkey: 1072
size before pgbench of pgbench_tellers: 2208
size before pgbench of pgbench_accounts_pkey: 658092
size before pgbench of pgbench_accounts: 1008964
size before pgbench of pgbench_history: 0
total size before pgbench: 1673268
Linux 3.16.0-4-amd64 (Debian-83-jessie-64-minimal) 	12.08.16 	_x86_64_	(8 CPU)

starting vacuum...end.
transaction type: <builtin: select only>
scaling factor: 300
query mode: simple
number of clients: 64
number of threads: 4
duration: 60 s
number of transactions actually processed: 71248
latency average: 53.896 ms
tps = 1183.806141 (including connections establishing)
tps = 1183.833471 (excluding connections establishing)
script statistics:
 - statement latencies in milliseconds:
         0.002  \set aid random(1, 100000 * :scale)
        53.926  SELECT abalance FROM pgbench_accounts WHERE aid = :aid;
avg-cpu:  %user   %nice %system %iowait  %steal   %idle
           1,21    0,00    0,70   31,17    0,00   66,92

Device:         rrqm/s   wrqm/s     r/s     w/s    rkB/s    wkB/s avgrq-sz avgqu-sz   await r_await w_await  svctm  %util
sdb               0,07     0,48  275,19    1,59  2551,73    32,03    18,67    32,45  117,24   94,84 3997,15   2,44  67,54
sda               0,40     0,48  276,84    1,59  2576,18    32,03    18,73    24,03   86,27   75,90 1893,65   2,42  67,36
md0               0,00     0,00    0,73    0,00     2,93     0,00     8,00     0,00    0,00    0,00    0,00   0,00   0,00
md1               0,00     0,00    0,00    0,00     0,00     0,00     0,00     0,00    0,00    0,00    0,00   0,00   0,00
md2               0,00     0,00  551,86    1,23  5124,98    29,87    18,64     0,00    0,00    0,00    0,00   0,00   0,00
md3               0,00     0,00    0,00    0,10     0,00     0,40     8,00     0,00    0,00    0,00    0,00   0,00   0,00

Control File Changes
--- /usr/local/oldpgsql/2006-01-02-REL8_2_0~2042/before.controldata	2016-08-12 07:08:58.173948633 +0200
+++ /usr/local/oldpgsql/2006-01-02-REL8_2_0~2042/after.controldata	2016-08-12 07:10:28.518295335 +0200
@@ -5 +5 @@
-pg_control last modified:             Fri Aug 12 05:08:58 2016
+pg_control last modified:             Fri Aug 12 05:10:28 2016
@@ -8,3 +8,3 @@
-Latest checkpoint location:           2/BF3D3C80
-Prior checkpoint location:            2/BF3D3C30
-Latest checkpoint's REDO location:    2/BF3D3C80
+Latest checkpoint location:           2/BF3D75A0
+Prior checkpoint location:            2/BF3D3C80
+Latest checkpoint's REDO location:    2/BF3D75A0
@@ -13,2 +13,2 @@
-Latest checkpoint's NextXID:          440156
-Latest checkpoint's NextOID:          16444
+Latest checkpoint's NextXID:          511479
+Latest checkpoint's NextOID:          24636
@@ -17 +17 @@
-Time of latest checkpoint:            Fri Aug 12 05:08:57 2016
+Time of latest checkpoint:            Fri Aug 12 05:10:28 2016
size after pgbench of pgbench_branches_pkey: 1124
size after pgbench of pgbench_branches: 1808
size after pgbench of pgbench_tellers_pkey: 1072
size after pgbench of pgbench_tellers: 2208
size after pgbench of pgbench_accounts_pkey: 658092
size after pgbench of pgbench_accounts: 1008964
size after pgbench of pgbench_history: 0
total size after pgbench: 1673268
End Time: 2016-08-12 05:10:28+00:00
========================================================================
========================================================================
Testing 2006-01-02-REL8_2_0~2042
Start Time: 2016-08-12 13:47:06+00:00
Shared Buffers:  260000
size before pgbench of pgbench_branches_pkey: 1124
size before pgbench of pgbench_branches: 1808
size before pgbench of pgbench_tellers_pkey: 1072
size before pgbench of pgbench_tellers: 2208
size before pgbench of pgbench_accounts_pkey: 658092
size before pgbench of pgbench_accounts: 1008964
size before pgbench of pgbench_history: 0
total size before pgbench: 1673268
Linux 3.16.0-4-amd64 (Debian-83-jessie-64-minimal) 	12.08.16 	_x86_64_	(8 CPU)

starting vacuum...end.
transaction type: <builtin: select only>
scaling factor: 300
query mode: simple
number of clients: 64
number of threads: 4
duration: 60 s
number of transactions actually processed: 72887
latency average: 52.684 ms
tps = 1211.467708 (including connections establishing)
tps = 1211.498600 (excluding connections establishing)
script statistics:
 - statement latencies in milliseconds:
         0.002  \set aid random(1, 100000 * :scale)
        52.712  SELECT abalance FROM pgbench_accounts WHERE aid = :aid;
avg-cpu:  %user   %nice %system %iowait  %steal   %idle
           1,18    0,00    0,77   29,73    0,00   68,32

Device:         rrqm/s   wrqm/s     r/s     w/s    rkB/s    wkB/s avgrq-sz avgqu-sz   await r_await w_await  svctm  %util
sdb               0,01     0,44  272,50    1,19  2524,84    30,32    18,67    26,29   96,05   75,28 4856,11   2,42  66,12
sda               0,30     0,44  288,54    1,19  2684,22    30,32    18,74    27,53   95,02   91,42  969,16   2,33  67,48
md0               0,00     0,00    0,40    0,01     1,60     0,04     8,00     0,00    0,00    0,00    0,00   0,00   0,00
md1               0,00     0,00    0,00    0,00     0,00     0,00     0,00     0,00    0,00    0,00    0,00   0,00   0,00
md2               0,00     0,00  561,04    1,17  5207,47    29,38    18,63     0,00    0,00    0,00    0,00   0,00   0,00
md3               0,00     0,00    0,00    0,00     0,00     0,00     0,00     0,00    0,00    0,00    0,00   0,00   0,00

Control File Changes
--- /usr/local/oldpgsql/2006-01-02-REL8_2_0~2042/before.controldata	2016-08-12 15:47:44.125996342 +0200
+++ /usr/local/oldpgsql/2006-01-02-REL8_2_0~2042/after.controldata	2016-08-12 15:49:14.370214197 +0200
@@ -5 +5 @@
-pg_control last modified:             Fri Aug 12 13:47:44 2016
+pg_control last modified:             Fri Aug 12 13:49:14 2016
@@ -8,3 +8,3 @@
-Latest checkpoint location:           2/BF3D7640
-Prior checkpoint location:            2/BF3D75F0
-Latest checkpoint's REDO location:    2/BF3D7640
+Latest checkpoint location:           2/BF3DB078
+Prior checkpoint location:            2/BF3D7640
+Latest checkpoint's REDO location:    2/BF3DB078
@@ -13,2 +13,2 @@
-Latest checkpoint's NextXID:          511513
-Latest checkpoint's NextOID:          16445
+Latest checkpoint's NextXID:          584475
+Latest checkpoint's NextOID:          24637
@@ -17 +17 @@
-Time of latest checkpoint:            Fri Aug 12 13:47:43 2016
+Time of latest checkpoint:            Fri Aug 12 13:49:14 2016
size after pgbench of pgbench_branches_pkey: 1124
size after pgbench of pgbench_branches: 1808
size after pgbench of pgbench_tellers_pkey: 1072
size after pgbench of pgbench_tellers: 2208
size after pgbench of pgbench_accounts_pkey: 658092
size after pgbench of pgbench_accounts: 1008964
size after pgbench of pgbench_history: 0
total size after pgbench: 1673268
End Time: 2016-08-12 13:49:14+00:00
========================================================================
========================================================================
Testing 2006-01-02-REL8_2_0~2042
Start Time: 2016-08-12 21:40:46+00:00
Shared Buffers:  260000
size before pgbench of pgbench_branches_pkey: 1124
size before pgbench of pgbench_branches: 1808
size before pgbench of pgbench_tellers_pkey: 1072
size before pgbench of pgbench_tellers: 2208
size before pgbench of pgbench_accounts_pkey: 658092
size before pgbench of pgbench_accounts: 1008964
size before pgbench of pgbench_history: 0
total size before pgbench: 1673268
+ /usr/local/pgsql/bin/pgbench -T 60 -S -c 64 -j 4 -r
Linux 3.16.0-4-amd64 (Debian-83-jessie-64-minimal) 	12.08.16 	_x86_64_	(8 CPU)

starting vacuum...end.
transaction type: <builtin: select only>
scaling factor: 300
query mode: simple
number of clients: 64
number of threads: 4
duration: 60 s
number of transactions actually processed: 69819
latency average: 54.999 ms
tps = 1160.180827 (including connections establishing)
tps = 1160.206613 (excluding connections establishing)
script statistics:
 - statement latencies in milliseconds:
         0.002  \set aid random(1, 100000 * :scale)
        55.070  SELECT abalance FROM pgbench_accounts WHERE aid = :aid;
avg-cpu:  %user   %nice %system %iowait  %steal   %idle
           1,14    0,00    0,75   31,40    0,00   66,72

Device:         rrqm/s   wrqm/s     r/s     w/s    rkB/s    wkB/s avgrq-sz avgqu-sz   await r_await w_await  svctm  %util
sdb               0,01     0,47  272,74    1,58  2537,16    31,66    18,73    31,28  114,03   95,10 3386,11   2,46  67,42
sda               0,62     0,46  274,17    1,59  2544,67    31,66    18,69    27,67  100,36   77,65 4019,47   2,41  66,52
md0               0,00     0,00    0,83    0,01     3,33     0,04     8,00     0,00    0,00    0,00    0,00   0,00   0,00
md1               0,00     0,00    0,00    0,00     0,00     0,00     0,00     0,00    0,00    0,00    0,00   0,00   0,00
md2               0,00     0,00  546,83    1,16  5078,49    29,47    18,64     0,00    0,00    0,00    0,00   0,00   0,00
md3               0,00     0,00    0,00    0,10     0,00     0,40     8,00     0,00    0,00    0,00    0,00   0,00   0,00

Control File Changes
--- /usr/local/oldpgsql/2006-01-02-REL8_2_0~2042/before.controldata	2016-08-12 23:41:25.101847304 +0200
+++ /usr/local/oldpgsql/2006-01-02-REL8_2_0~2042/after.controldata	2016-08-12 23:42:55.406074173 +0200
@@ -5 +5 @@
-pg_control last modified:             Fri Aug 12 21:41:24 2016
+pg_control last modified:             Fri Aug 12 21:42:55 2016
@@ -8,3 +8,3 @@
-Latest checkpoint location:           2/BF3DB118
-Prior checkpoint location:            2/BF3DB0C8
-Latest checkpoint's REDO location:    2/BF3DB118
+Latest checkpoint location:           2/BF3DEC58
+Prior checkpoint location:            2/BF3DB118
+Latest checkpoint's REDO location:    2/BF3DEC58
@@ -13,2 +13,2 @@
-Latest checkpoint's NextXID:          584509
-Latest checkpoint's NextOID:          16446
+Latest checkpoint's NextXID:          654403
+Latest checkpoint's NextOID:          24638
@@ -17 +17 @@
-Time of latest checkpoint:            Fri Aug 12 21:41:24 2016
+Time of latest checkpoint:            Fri Aug 12 21:42:55 2016
size after pgbench of pgbench_branches_pkey: 1124
size after pgbench of pgbench_branches: 1808
size after pgbench of pgbench_tellers_pkey: 1072
size after pgbench of pgbench_tellers: 2208
size after pgbench of pgbench_accounts_pkey: 658092
size after pgbench of pgbench_accounts: 1008964
size after pgbench of pgbench_history: 0
total size after pgbench: 1673268
End Time: 2016-08-12 21:42:55+00:00
========================================================================
========================================================================
Testing 2006-01-02-REL8_2_0~2042
Start Time: 2016-08-13 06:39:51+00:00
Shared Buffers:  260000
size before pgbench of pgbench_branches_pkey: 1124
size before pgbench of pgbench_branches: 1808
size before pgbench of pgbench_tellers_pkey: 1072
size before pgbench of pgbench_tellers: 2208
size before pgbench of pgbench_accounts_pkey: 658092
size before pgbench of pgbench_accounts: 1008964
size before pgbench of pgbench_history: 0
total size before pgbench: 1673268
Linux 3.16.0-4-amd64 (Debian-83-jessie-64-minimal) 	13.08.16 	_x86_64_	(8 CPU)

starting vacuum...end.
transaction type: <builtin: select only>
scaling factor: 300
query mode: simple
number of clients: 48
number of threads: 4
duration: 60 s
number of transactions actually processed: 71113
latency average: 40.499 ms
tps = 1180.770181 (including connections establishing)
tps = 1180.799526 (excluding connections establishing)
script statistics:
 - statement latencies in milliseconds:
         0.002  \set aid random(1, 100000 * :scale)
        40.543  SELECT abalance FROM pgbench_accounts WHERE aid = :aid;
avg-cpu:  %user   %nice %system %iowait  %steal   %idle
           1,20    0,00    0,73   28,77    0,00   69,30

Device:         rrqm/s   wrqm/s     r/s     w/s    rkB/s    wkB/s avgrq-sz avgqu-sz   await r_await w_await  svctm  %util
sdb               0,00     0,56  280,56    1,52  2611,29    31,66    18,74    31,31  111,02   71,60 7375,50   2,40  67,65
sda               0,00     0,54  272,59    1,53  2527,73    31,66    18,67    19,36   70,63   55,13 2825,91   2,44  66,99
md0               0,00     0,00    0,00    0,01     0,00     0,04     8,00     0,00    0,00    0,00    0,00   0,00   0,00
md1               0,00     0,00    0,00    0,00     0,00     0,00     0,00     0,00    0,00    0,00    0,00   0,00   0,00
md2               0,00     0,00  553,23    1,21  5139,02    29,51    18,64     0,00    0,00    0,00    0,00   0,00   0,00
md3               0,00     0,00    0,00    0,10     0,00     0,40     8,00     0,00    0,00    0,00    0,00   0,00   0,00

Control File Changes
--- /usr/local/oldpgsql/2006-01-02-REL8_2_0~2042/before.controldata	2016-08-13 08:40:30.850999564 +0200
+++ /usr/local/oldpgsql/2006-01-02-REL8_2_0~2042/after.controldata	2016-08-13 08:42:01.135184501 +0200
@@ -5 +5 @@
-pg_control last modified:             Sat Aug 13 06:40:30 2016
+pg_control last modified:             Sat Aug 13 06:42:01 2016
@@ -8,3 +8,3 @@
-Latest checkpoint location:           2/BF3DECF8
-Prior checkpoint location:            2/BF3DECA8
-Latest checkpoint's REDO location:    2/BF3DECF8
+Latest checkpoint location:           2/BF3E2968
+Prior checkpoint location:            2/BF3DECF8
+Latest checkpoint's REDO location:    2/BF3E2968
@@ -13,2 +13,2 @@
-Latest checkpoint's NextXID:          654437
-Latest checkpoint's NextOID:          16447
+Latest checkpoint's NextXID:          725609
+Latest checkpoint's NextOID:          24639
@@ -17 +17 @@
-Time of latest checkpoint:            Sat Aug 13 06:40:30 2016
+Time of latest checkpoint:            Sat Aug 13 06:42:00 2016
size after pgbench of pgbench_branches_pkey: 1124
size after pgbench of pgbench_branches: 1808
size after pgbench of pgbench_tellers_pkey: 1072
size after pgbench of pgbench_tellers: 2208
size after pgbench of pgbench_accounts_pkey: 658092
size after pgbench of pgbench_accounts: 1008964
size after pgbench of pgbench_history: 0
total size after pgbench: 1673268
End Time: 2016-08-13 06:42:01+00:00
========================================================================
========================================================================
Testing 2006-01-02-REL8_2_0~2042
Start Time: 2016-08-13 08:32:41+00:00
Shared Buffers:  260000
size before pgbench of pgbench_branches_pkey: 1124
size before pgbench of pgbench_branches: 1808
size before pgbench of pgbench_tellers_pkey: 1072
size before pgbench of pgbench_tellers: 2208
size before pgbench of pgbench_accounts_pkey: 658092
size before pgbench of pgbench_accounts: 1008964
size before pgbench of pgbench_history: 0
total size before pgbench: 1673268
Linux 3.16.0-4-amd64 (Debian-83-jessie-64-minimal) 	13.08.16 	_x86_64_	(8 CPU)

starting vacuum...end.
transaction type: <builtin: select only>
scaling factor: 300
query mode: simple
number of clients: 48
number of threads: 4
duration: 60 s
number of transactions actually processed: 70602
latency average: 40.792 ms
tps = 1174.806525 (including connections establishing)
tps = 1174.835852 (excluding connections establishing)
script statistics:
 - statement latencies in milliseconds:
         0.002  \set aid random(1, 100000 * :scale)
        40.812  SELECT abalance FROM pgbench_accounts WHERE aid = :aid;
avg-cpu:  %user   %nice %system %iowait  %steal   %idle
           1,15    0,00    0,72   28,07    0,00   70,07

Device:         rrqm/s   wrqm/s     r/s     w/s    rkB/s    wkB/s avgrq-sz avgqu-sz   await r_await w_await  svctm  %util
sdb               0,00     0,56  272,11    1,77  2521,16    32,49    18,65    25,96   94,77   70,29 3864,96   2,46  67,24
sda               0,00     0,56  276,10    1,77  2554,80    32,49    18,62    23,98   86,29   58,02 4505,64   2,44  67,94
md0               0,00     0,00    0,00    0,00     0,00     0,00     0,00     0,00    0,00    0,00    0,00   0,00   0,00
md1               0,00     0,00    0,00    0,00     0,00     0,00     0,00     0,00    0,00    0,00    0,00   0,00   0,00
md2               0,00     0,00  548,23    1,39  5075,96    30,13    18,58     0,00    0,00    0,00    0,00   0,00   0,00
md3               0,00     0,00    0,00    0,10     0,00     0,40     8,00     0,00    0,00    0,00    0,00   0,00   0,00

Control File Changes
--- /usr/local/oldpgsql/2006-01-02-REL8_2_0~2042/before.controldata	2016-08-13 10:33:19.926523630 +0200
+++ /usr/local/oldpgsql/2006-01-02-REL8_2_0~2042/after.controldata	2016-08-13 10:34:50.182730754 +0200
@@ -5 +5 @@
-pg_control last modified:             Sat Aug 13 08:33:19 2016
+pg_control last modified:             Sat Aug 13 08:34:50 2016
@@ -8,3 +8,3 @@
-Latest checkpoint location:           2/BF3E2A08
-Prior checkpoint location:            2/BF3E29B8
-Latest checkpoint's REDO location:    2/BF3E2A08
+Latest checkpoint location:           2/BF3E6760
+Prior checkpoint location:            2/BF3E2A08
+Latest checkpoint's REDO location:    2/BF3E6760
@@ -13,2 +13,2 @@
-Latest checkpoint's NextXID:          725643
-Latest checkpoint's NextOID:          16448
+Latest checkpoint's NextXID:          796304
+Latest checkpoint's NextOID:          24640
@@ -17 +17 @@
-Time of latest checkpoint:            Sat Aug 13 08:33:19 2016
+Time of latest checkpoint:            Sat Aug 13 08:34:49 2016
size after pgbench of pgbench_branches_pkey: 1124
size after pgbench of pgbench_branches: 1808
size after pgbench of pgbench_tellers_pkey: 1072
size after pgbench of pgbench_tellers: 2208
size after pgbench of pgbench_accounts_pkey: 658092
size after pgbench of pgbench_accounts: 1008964
size after pgbench of pgbench_history: 0
total size after pgbench: 1673268
End Time: 2016-08-13 08:34:50+00:00
========================================================================
========================================================================
Testing 2006-01-02-REL8_2_0~2042
Start Time: 2016-08-15 00:36:47+00:00
Shared Buffers:  260000
size before pgbench of pgbench_branches_pkey: 1124
size before pgbench of pgbench_branches: 1808
size before pgbench of pgbench_tellers_pkey: 1072
size before pgbench of pgbench_tellers: 2208
size before pgbench of pgbench_accounts_pkey: 658092
size before pgbench of pgbench_accounts: 1008964
size before pgbench of pgbench_history: 0
total size before pgbench: 1673268
Linux 3.16.0-4-amd64 (Debian-83-jessie-64-minimal) 	15.08.16 	_x86_64_	(8 CPU)

starting vacuum...end.
transaction type: <builtin: TPC-B (sort of)>
scaling factor: 300
query mode: simple
number of clients: 32
number of threads: 4
duration: 900 s
number of transactions actually processed: 27230
latency average: 1057.657 ms
tps = 30.238134 (including connections establishing)
tps = 30.238184 (excluding connections establishing)
script statistics:
 - statement latencies in milliseconds:
         0.003  \set aid random(1, 100000 * :scale)
         0.001  \set bid random(1, 1 * :scale)
         0.001  \set tid random(1, 10 * :scale)
         0.001  \set delta random(-5000, 5000)
         0.104  BEGIN;
       479.523  UPDATE pgbench_accounts SET abalance = abalance + :delta WHERE aid = :aid;
         0.402  SELECT abalance FROM pgbench_accounts WHERE aid = :aid;
       192.467  UPDATE pgbench_tellers SET tbalance = tbalance + :delta WHERE tid = :tid;
       121.764  UPDATE pgbench_branches SET bbalance = bbalance + :delta WHERE bid = :bid;
        69.829  INSERT INTO pgbench_history (tid, bid, aid, delta, mtime) VALUES (:tid, :bid, :aid, :delta, CURRENT_TIMESTAMP);
       194.432  END;
avg-cpu:  %user   %nice %system %iowait  %steal   %idle
           0,37    0,00    0,21   10,49    0,00   88,93

Device:         rrqm/s   wrqm/s     r/s     w/s    rkB/s    wkB/s avgrq-sz avgqu-sz   await r_await w_await  svctm  %util
sdb               0,03     0,97    4,72  136,56    39,85  1120,18    16,42    15,24  107,87   24,71  110,75   4,20  59,29
sda               0,06     0,97   21,25  136,56   178,96  1120,18    16,46    15,61   98,93   33,48  109,11   5,37  84,75
md0               0,00     0,00    0,34    0,00     1,35     0,00     8,00     0,00    0,00    0,00    0,00   0,00   0,00
md1               0,00     0,00    0,00    0,00     0,00     0,00     0,00     0,00    0,00    0,00    0,00   0,00   0,00
md2               0,00     0,00   25,73  136,85   217,47  1118,46    16,43     0,00    0,00    0,00    0,00   0,00   0,00
md3               0,00     0,00    0,00    0,01     0,00     0,04     8,00     0,00    0,00    0,00    0,00   0,00   0,00

Control File Changes
--- /usr/local/oldpgsql/2006-01-02-REL8_2_0~2042/before.controldata	2016-08-15 02:37:27.308387805 +0200
+++ /usr/local/oldpgsql/2006-01-02-REL8_2_0~2042/after.controldata	2016-08-15 02:52:58.366059083 +0200
@@ -5 +5 @@
-pg_control last modified:             Mon Aug 15 00:37:27 2016
+pg_control last modified:             Mon Aug 15 00:52:58 2016
@@ -7,4 +7,4 @@
-Next log file segment:                192
-Latest checkpoint location:           2/BF3E6800
-Prior checkpoint location:            2/BF3E67B0
-Latest checkpoint's REDO location:    2/BF3E6800
+Next log file segment:                218
+Latest checkpoint location:           2/D9431720
+Prior checkpoint location:            2/D94316D0
+Latest checkpoint's REDO location:    2/D9431720
@@ -13,2 +13,2 @@
-Latest checkpoint's NextXID:          796338
-Latest checkpoint's NextOID:          16449
+Latest checkpoint's NextXID:          823611
+Latest checkpoint's NextOID:          24641
@@ -17 +17 @@
-Time of latest checkpoint:            Mon Aug 15 00:37:26 2016
+Time of latest checkpoint:            Mon Aug 15 00:52:57 2016
size after pgbench of pgbench_branches_pkey: 1124
size after pgbench of pgbench_branches: 1808
size after pgbench of pgbench_tellers_pkey: 1072
size after pgbench of pgbench_tellers: 2208
size after pgbench of pgbench_accounts_pkey: 658092
size after pgbench of pgbench_accounts: 1012804
size after pgbench of pgbench_history: 1800
total size after pgbench: 1678908
End Time: 2016-08-15 00:52:58+00:00
========================================================================
========================================================================
Testing 2006-01-02-REL8_2_0~2042
Start Time: 2016-08-19 12:25:43+00:00
Shared Buffers:  260000
size before pgbench of pgbench_branches_pkey: 1124
size before pgbench of pgbench_branches: 1808
size before pgbench of pgbench_tellers_pkey: 1072
size before pgbench of pgbench_tellers: 2208
size before pgbench of pgbench_accounts_pkey: 658092
size before pgbench of pgbench_accounts: 1012804
size before pgbench of pgbench_history: 1800
total size before pgbench: 1678908
Linux 4.6.0-1-amd64 (Debian-83-jessie-64-minimal) 	19.08.16 	_x86_64_	(8 CPU)

starting vacuum...end.
transaction type: <builtin: TPC-B (sort of)>
scaling factor: 300
query mode: simple
number of clients: 32
number of threads: 4
duration: 900 s
number of transactions actually processed: 26155
latency average: 1101.128 ms
tps = 28.774338 (including connections establishing)
tps = 28.774386 (excluding connections establishing)
script statistics:
 - statement latencies in milliseconds:
         0.002  \set aid random(1, 100000 * :scale)
         0.001  \set bid random(1, 1 * :scale)
         0.001  \set tid random(1, 10 * :scale)
         0.001  \set delta random(-5000, 5000)
         0.113  BEGIN;
       497.676  UPDATE pgbench_accounts SET abalance = abalance + :delta WHERE aid = :aid;
         0.456  SELECT abalance FROM pgbench_accounts WHERE aid = :aid;
       203.217  UPDATE pgbench_tellers SET tbalance = tbalance + :delta WHERE tid = :tid;
       128.136  UPDATE pgbench_branches SET bbalance = bbalance + :delta WHERE bid = :bid;
        73.738  INSERT INTO pgbench_history (tid, bid, aid, delta, mtime) VALUES (:tid, :bid, :aid, :delta, CURRENT_TIMESTAMP);
       205.105  END;
avg-cpu:  %user   %nice %system %iowait  %steal   %idle
           0,36    0,00    0,23   21,32    0,00   78,09

Device:         rrqm/s   wrqm/s     r/s     w/s    rkB/s    wkB/s avgrq-sz avgqu-sz   await r_await w_await  svctm  %util
sdb               0,03     1,09    5,30  129,27    44,49  1051,70    16,29    19,95  148,12   26,21  153,12   4,63  62,30
sda               0,02     1,09   19,67  129,42   164,13  1052,97    16,33    16,89  113,28   34,56  125,24   5,70  85,04
md0               0,00     0,00    0,16    0,00     0,64     0,00     8,00     0,00    0,00    0,00    0,00   0,00   0,00
md1               0,00     0,00    0,00    0,00     0,00     0,00     0,00     0,00    0,00    0,00    0,00   0,00   0,00
md2               0,00     0,00   24,86  134,22   207,97  1086,62    16,28     0,00    0,00    0,00    0,00   0,00   0,00
md3               0,00     0,00    0,00    0,01     0,00     0,04     8,00     0,00    0,00    0,00    0,00   0,00   0,00

Control File Changes
--- /usr/local/oldpgsql/2006-01-02-REL8_2_0~2042/before.controldata	2016-08-19 14:27:05.781245767 +0200
+++ /usr/local/oldpgsql/2006-01-02-REL8_2_0~2042/after.controldata	2016-08-19 14:42:45.565395325 +0200
@@ -5 +5 @@
-pg_control last modified:             Fri Aug 19 12:27:05 2016
+pg_control last modified:             Fri Aug 19 12:42:45 2016
@@ -7,4 +7,4 @@
-Next log file segment:                218
-Latest checkpoint location:           2/D94317C0
-Prior checkpoint location:            2/D9431770
-Latest checkpoint's REDO location:    2/D94317C0
+Next log file segment:                243
+Latest checkpoint location:           2/F2644E38
+Prior checkpoint location:            2/F2644DE8
+Latest checkpoint's REDO location:    2/F2644E38
@@ -13,2 +13,2 @@
-Latest checkpoint's NextXID:          823645
-Latest checkpoint's NextOID:          16450
+Latest checkpoint's NextXID:          849843
+Latest checkpoint's NextOID:          24642
@@ -17 +17 @@
-Time of latest checkpoint:            Fri Aug 19 12:27:05 2016
+Time of latest checkpoint:            Fri Aug 19 12:42:43 2016
size after pgbench of pgbench_branches_pkey: 1124
size after pgbench of pgbench_branches: 1808
size after pgbench of pgbench_tellers_pkey: 1072
size after pgbench of pgbench_tellers: 2208
size after pgbench of pgbench_accounts_pkey: 658092
size after pgbench of pgbench_accounts: 1016548
size after pgbench of pgbench_history: 1640
total size after pgbench: 1682492
End Time: 2016-08-19 12:42:45+00:00
========================================================================
========================================================================
Testing 2006-01-02-REL8_2_0~2042
Start Time: 2016-08-21 22:09:49+00:00
Shared Buffers:  260000
size before pgbench of pgbench_branches_pkey: 1124
size before pgbench of pgbench_branches: 1808
size before pgbench of pgbench_tellers_pkey: 1072
size before pgbench of pgbench_tellers: 2208
size before pgbench of pgbench_accounts_pkey: 658092
size before pgbench of pgbench_accounts: 1016548
size before pgbench of pgbench_history: 1640
total size before pgbench: 1682492
Linux 4.6.0-1-amd64 (Debian-83-jessie-64-minimal) 	22.08.16 	_x86_64_	(8 CPU)

starting vacuum...end.
transaction type: <builtin: TPC-B (sort of)>
scaling factor: 300
query mode: simple
number of clients: 32
number of threads: 4
duration: 900 s
number of transactions actually processed: 24109
latency average: 1194.575 ms
tps = 26.421534 (including connections establishing)
tps = 26.421577 (excluding connections establishing)
script statistics:
 - statement latencies in milliseconds:
         0.002  \set aid random(1, 100000 * :scale)
         0.001  \set bid random(1, 1 * :scale)
         0.001  \set tid random(1, 10 * :scale)
         0.001  \set delta random(-5000, 5000)
         0.113  BEGIN;
       543.847  UPDATE pgbench_accounts SET abalance = abalance + :delta WHERE aid = :aid;
         0.467  SELECT abalance FROM pgbench_accounts WHERE aid = :aid;
       228.884  UPDATE pgbench_tellers SET tbalance = tbalance + :delta WHERE tid = :tid;
       137.396  UPDATE pgbench_branches SET bbalance = bbalance + :delta WHERE bid = :bid;
        78.673  INSERT INTO pgbench_history (tid, bid, aid, delta, mtime) VALUES (:tid, :bid, :aid, :delta, CURRENT_TIMESTAMP);
       215.578  END;
avg-cpu:  %user   %nice %system %iowait  %steal   %idle
           0,33    0,00    0,21   20,73    0,00   78,73

Device:         rrqm/s   wrqm/s     r/s     w/s    rkB/s    wkB/s avgrq-sz avgqu-sz   await r_await w_await  svctm  %util
sdb               0,04     1,08    4,86  121,85    41,54   991,43    16,30    20,29  159,76   25,89  165,10   5,08  64,40
sda               0,06     1,08   18,74  121,87   157,19   991,51    16,34    18,93  134,34   34,59  149,68   6,06  85,24
md0               0,00     0,00    0,50    0,00     2,00     0,00     8,00     0,00    0,00    0,00    0,00   0,00   0,00
md1               0,00     0,00    0,00    0,00     0,00     0,00     0,00     0,00    0,00    0,00    0,00   0,00   0,00
md2               0,00     0,00   23,20  123,97   196,71  1002,53    16,30     0,00    0,00    0,00    0,00   0,00   0,00
md3               0,00     0,00    0,00    0,02     0,02     0,08    10,11     0,00    0,00    0,00    0,00   0,00   0,00

Control File Changes
--- /usr/local/oldpgsql/2006-01-02-REL8_2_0~2042/before.controldata	2016-08-22 00:11:21.747321551 +0200
+++ /usr/local/oldpgsql/2006-01-02-REL8_2_0~2042/after.controldata	2016-08-22 00:26:59.045581306 +0200
@@ -5,6 +5,6 @@
-pg_control last modified:             Sun Aug 21 22:11:21 2016
-Current log file ID:                  2
-Next log file segment:                243
-Latest checkpoint location:           2/F2644ED8
-Prior checkpoint location:            2/F2644E88
-Latest checkpoint's REDO location:    2/F2644ED8
+pg_control last modified:             Sun Aug 21 22:26:58 2016
+Current log file ID:                  3
+Next log file segment:                11
+Latest checkpoint location:           3/AA0E918
+Prior checkpoint location:            3/AA0E8C8
+Latest checkpoint's REDO location:    3/AA0E918
@@ -13,2 +13,2 @@
-Latest checkpoint's NextXID:          849877
-Latest checkpoint's NextOID:          16451
+Latest checkpoint's NextXID:          874029
+Latest checkpoint's NextOID:          24643
@@ -17 +17 @@
-Time of latest checkpoint:            Sun Aug 21 22:11:20 2016
+Time of latest checkpoint:            Sun Aug 21 22:26:57 2016
size after pgbench of pgbench_branches_pkey: 1124
size after pgbench of pgbench_branches: 1808
size after pgbench of pgbench_tellers_pkey: 1072
size after pgbench of pgbench_tellers: 2208
size after pgbench of pgbench_accounts_pkey: 658092
size after pgbench of pgbench_accounts: 1019988
size after pgbench of pgbench_history: 1544
total size after pgbench: 1685836
End Time: 2016-08-21 22:26:59+00:00
========================================================================
